<?xml version="1.0" encoding="utf-8"?>
<TestRun id="1652cbca-c5e7-43ae-9d39-90d7c98d67f1" name="ksharma@CMP01-YKUMAR 2018-05-14 21:41:32" runUser="DOMAIN\ksharma" xmlns="http://microsoft.com/schemas/VisualStudio/TeamTest/2010">
  <Times creation="2018-05-14T21:41:33.0042310-05:00" queuing="2018-05-14T21:41:33.0042310-05:00" start="2018-05-14T21:41:33.0042310-05:00" finish="2018-05-15T03:39:25.2081681-05:00" />
  <Results>
    <UnitTestResult executionId="2c248269-982b-46fa-91be-ddb7aa1ddc7f" testId="39df8b46-7e5f-4fc4-f833-051f052c360a" testName="WishlistAssociatedWithUserAccount" computerName="CMP01-YKUMAR" duration="00:03:32.5049794" startTime="2018-05-14T21:41:34.5252310-05:00" endTime="2018-05-14T21:45:07.4562310-05:00" testType="13cdc9d9-ddb5-4fa4-a97d-d965ccfc6d4b" outcome="Passed" testListId="8c84fa94-04c1-424b-9868-57a2d4851a1d">
      <Output>
        <StdOut>Logging to custom path:\\CMP01-YKumar\AutoLog[5/14/2018 9:41:35 PM]&lt;STARTLOG&gt;&lt;WishlistAssociatedWithUserAccount&gt;Test Started: Expecting: #PASS=Undefined and #FAIL=0
Running from MTM=True, running on machine name:CMP01-YKUMAR, user name=ykumar, OS=Microsoft Windows NT 6.1.7601 Service Pack 1, Is64BitOS=True[5/14/2018 9:41:36 PM]&lt;INFO&gt;LogCPUAndMemoryUsage: Available Memory = 25446(MB), CPU Usage = 19.35013%[5/14/2018 9:41:36 PM]&lt;INFO&gt;Private Working Set for QTAgent32_40, usage=160684 (K)[5/14/2018 9:41:37 PM]&lt;INFO&gt;Path To TestConfig xml=C:\Users\ykumar\AppData\Local\VSEQT\QTAgent\26974\CMP01-YKUMAR.horizonhobby.com\Deployment\SharedCommonConfig.xml[5/14/2018 9:41:37 PM]&lt;INFO&gt;Path To TestData xml=C:\Users\ykumar\AppData\Local\VSEQT\QTAgent\26974\CMP01-YKUMAR.horizonhobby.com\Deployment\ProductPageTestData_214135.xml[5/14/2018 9:41:37 PM]&lt;INFO&gt;Path To HorizonHobbyQA Application Url=https://www-tst.horizonhobby.com[5/14/2018 9:41:37 PM]&lt;INFO&gt;HorizonHobbyQA sql connection string=Server=cmp02-ws-tst-db01:50000;Database=TST01DB;UID=wcdbuser;PWD=h0r1z0n;Connect Timeout=30[5/14/2018 9:41:37 PM]&lt;INFO&gt;Country is := US and language id is := '-1'[5/14/2018 9:41:37 PM]&lt;INFO&gt;Current browser used for test execution is = 'IE'[5/14/2018 9:42:00 PM]&lt;Info&gt;AllBrowserWindow : Locating browser window...[5/14/2018 9:42:10 PM]&lt;INFO&gt;SurveyWindow : method executing ...[5/14/2018 9:42:14 PM]&lt;INFO&gt;ContinueOnCertificationErrorClickexecuting ...[5/14/2018 9:42:14 PM]&lt;Info&gt;DEAllBrowserWindow : Locating browser window...[5/14/2018 9:42:17 PM]&lt;INFO&gt;ClickAcceptCookiesAgreement : failed executing ...[5/14/2018 9:42:21 PM]&lt;INFO&gt;UserRegistration : method executing ...[5/14/2018 9:42:21 PM]&lt;Info&gt;AllBrowserWindow : Locating browser window...[5/14/2018 9:42:49 PM]&lt;Info&gt;AllBrowserWindow : Locating browser window...[5/14/2018 9:43:13 PM]&lt;Info&gt;AllBrowserWindow : Locating browser window...[5/14/2018 9:43:23 PM]&lt;INFO&gt;SearchProductexecuting ... Searching term:= 'TRA3045X'[5/14/2018 9:43:29 PM]&lt;Info&gt;AllBrowserWindow : Locating browser window...[5/14/2018 9:43:46 PM]&lt;PASS&gt;&lt;WishlistAssociatedWithUserAccount&gt;&lt;Sign In Register not required to proceed, instead Create new wish list option appears&gt;[5/14/2018 9:43:58 PM]&lt;PASS&gt;&lt;WishlistAssociatedWithUserAccount&gt;&lt;Item added to wishlist dialog appeared with image&gt;[5/14/2018 9:44:11 PM]&lt;Info&gt;AllBrowserWindow : Locating browser window...[5/14/2018 9:44:12 PM]&lt;INFO&gt;SearchProductexecuting ... Searching term:= 'TRA3045X'[5/14/2018 9:44:20 PM]&lt;Info&gt;AllBrowserWindow : Locating browser window...[5/14/2018 9:44:34 PM]&lt;PASS&gt;&lt;WishlistAssociatedWithUserAccount&gt;&lt;Sign In Register is required to proceed&gt;[5/14/2018 9:44:35 PM]&lt;PASS&gt;&lt;WishlistAssociatedWithUserAccount&gt;&lt;No wishlists appear with the product without signing in&gt;[5/14/2018 9:44:35 PM]&lt;INFO&gt;DeleteWishlistFromDatabase : method executing[5/14/2018 9:44:35 PM]&lt;INFO&gt;DeleteWishlistFromDatabase : method executing[5/14/2018 9:45:04 PM]&lt;RESULT&gt;Test Ended:#PASS=4, #FAIL=0[5/14/2018 9:45:05 PM]&lt;INFO&gt;LogCPUAndMemoryUsage: Available Memory = 25252(MB), CPU Usage = 10.68943%[5/14/2018 9:45:05 PM]&lt;INFO&gt;Private Working Set for QTAgent32_40, usage=166476 (K)[5/14/2018 9:45:05 PM]&lt;RESULT&gt;&lt;WishlistAssociatedWithUserAccount&gt; Test PASSED</StdOut>
      </Output>
      <ResultFiles>
        <ResultFile path="CMP01-YKUMAR.horizonhobby.com\ProductPageTestData_214135.xml" />
        <ResultFile path="CMP01-YKUMAR.horizonhobby.com\SharedCommonConfig.xml" />
        <ResultFile path="CMP01-YKUMAR.horizonhobby.com\WishlistAssociatedWithUserAccount_20180514214135.log" />
        <ResultFile path="CMP01-YKUMAR.horizonhobby.com\WishlistAssociatedWithUserAccount_ResultsONLY_20180514214135.log" />
      </ResultFiles>
    </UnitTestResult>
    <UnitTestResult executionId="2a9964a9-a455-4774-be5f-bafdfcf65e94" testId="f09ffc63-6939-094e-bfd3-b209000ae3f0" testName="AddToWishlistQuickInfoWindow" computerName="CMP01-YKUMAR" duration="00:02:43.6731021" startTime="2018-05-14T21:45:07.4582310-05:00" endTime="2018-05-14T21:47:51.1392310-05:00" testType="13cdc9d9-ddb5-4fa4-a97d-d965ccfc6d4b" outcome="Passed" testListId="8c84fa94-04c1-424b-9868-57a2d4851a1d">
      <Output>
        <StdOut>Logging to custom path:\\CMP01-YKumar\AutoLog[5/14/2018 9:45:07 PM]&lt;STARTLOG&gt;&lt;AddToWishlistQuickInfoWindow&gt;Test Started: Expecting: #PASS=Undefined and #FAIL=0
Running from MTM=True, running on machine name:CMP01-YKUMAR, user name=ykumar, OS=Microsoft Windows NT 6.1.7601 Service Pack 1, Is64BitOS=True[5/14/2018 9:45:08 PM]&lt;INFO&gt;LogCPUAndMemoryUsage: Available Memory = 25346(MB), CPU Usage = 36.13662%[5/14/2018 9:45:08 PM]&lt;INFO&gt;Private Working Set for QTAgent32_40, usage=166584 (K)[5/14/2018 9:45:08 PM]&lt;INFO&gt;Path To TestConfig xml=C:\Users\ykumar\AppData\Local\VSEQT\QTAgent\26974\CMP01-YKUMAR.horizonhobby.com\Deployment\SharedCommonConfig.xml[5/14/2018 9:45:08 PM]&lt;INFO&gt;Path To TestData xml=C:\Users\ykumar\AppData\Local\VSEQT\QTAgent\26974\CMP01-YKUMAR.horizonhobby.com\Deployment\ProductPageTestData_214507.xml[5/14/2018 9:45:08 PM]&lt;INFO&gt;Path To HorizonHobbyQA Application Url=https://www-tst.horizonhobby.com[5/14/2018 9:45:08 PM]&lt;INFO&gt;HorizonHobbyQA sql connection string=Server=cmp02-ws-tst-db01:50000;Database=TST01DB;UID=wcdbuser;PWD=h0r1z0n;Connect Timeout=30[5/14/2018 9:45:08 PM]&lt;INFO&gt;Country is := US and language id is := '-1'[5/14/2018 9:45:08 PM]&lt;INFO&gt;Current browser used for test execution is = 'IE'[5/14/2018 9:45:11 PM]&lt;Info&gt;AllBrowserWindow : Locating browser window...[5/14/2018 9:45:13 PM]&lt;INFO&gt;SurveyWindow : method executing ...[5/14/2018 9:45:19 PM]&lt;INFO&gt;ContinueOnCertificationErrorClickexecuting ...[5/14/2018 9:45:19 PM]&lt;Info&gt;DEAllBrowserWindow : Locating browser window...[5/14/2018 9:45:24 PM]&lt;INFO&gt;UserRegistration : method executing ...[5/14/2018 9:45:24 PM]&lt;Info&gt;AllBrowserWindow : Locating browser window...[5/14/2018 9:45:47 PM]&lt;Info&gt;AllBrowserWindow : Locating browser window...[5/14/2018 9:46:01 PM]&lt;Info&gt;AllBrowserWindow : Locating browser window...[5/14/2018 9:46:11 PM]&lt;INFO&gt;SearchProductexecuting ... Searching term:= 'mcx'[5/14/2018 9:46:17 PM]&lt;Info&gt;AllBrowserWindow : Locating browser window...[5/14/2018 9:46:17 PM]&lt;INFO&gt;SurveyWindow : method executing ...[5/14/2018 9:46:50 PM]&lt;PASS&gt;&lt;AddToWishlistQuickInfoWindow&gt;&lt;Sign In Register not required to proceed, instead Create new wish list option appears&gt;[5/14/2018 9:47:03 PM]&lt;PASS&gt;&lt;AddToWishlistQuickInfoWindow&gt;&lt;Item added to wishlist dialog appeared with image&gt;[5/14/2018 9:47:05 PM]&lt;Info&gt;AllBrowserWindow : Locating browser window...[5/14/2018 9:47:12 PM]&lt;PASS&gt;&lt;AddToWishlistQuickInfoWindow&gt;&lt;Item added in wishlist&gt;[5/14/2018 9:47:12 PM]&lt;INFO&gt;DeleteWishlist : is executing ...[5/14/2018 9:47:19 PM]&lt;INFO&gt;DeleteWishlistFromDatabase : method executing[5/14/2018 9:47:48 PM]&lt;RESULT&gt;Test Ended:#PASS=3, #FAIL=0[5/14/2018 9:47:49 PM]&lt;INFO&gt;LogCPUAndMemoryUsage: Available Memory = 25294(MB), CPU Usage = 7.37441%[5/14/2018 9:47:49 PM]&lt;INFO&gt;Private Working Set for QTAgent32_40, usage=169184 (K)[5/14/2018 9:47:49 PM]&lt;RESULT&gt;&lt;AddToWishlistQuickInfoWindow&gt; Test PASSED</StdOut>
      </Output>
      <ResultFiles>
        <ResultFile path="CMP01-YKUMAR.horizonhobby.com\AddToWishlistQuickInfoWindow_20180514214507.log" />
        <ResultFile path="CMP01-YKUMAR.horizonhobby.com\AddToWishlistQuickInfoWindow_ResultsONLY_20180514214507.log" />
        <ResultFile path="CMP01-YKUMAR.horizonhobby.com\ProductPageTestData_214507.xml" />
        <ResultFile path="CMP01-YKUMAR.horizonhobby.com\SharedCommonConfig.xml" />
      </ResultFiles>
    </UnitTestResult>
    <UnitTestResult executionId="a15d7aba-f39e-4a96-b479-fcfbefb91386" testId="13a9ceaa-27b9-e071-75b8-0ad6bc006d10" testName="OrderConfirmationEmailSentGuestUser" computerName="CMP01-YKUMAR" duration="00:05:23.7520349" startTime="2018-05-14T21:47:51.1402310-05:00" endTime="2018-05-14T21:53:15.2522310-05:00" testType="13cdc9d9-ddb5-4fa4-a97d-d965ccfc6d4b" outcome="Passed" testListId="8c84fa94-04c1-424b-9868-57a2d4851a1d">
      <Output>
        <StdOut>Logging to custom path:\\CMP01-YKumar\AutoLog[5/14/2018 9:47:51 PM]&lt;STARTLOG&gt;&lt;OrderConfirmationEmailSentGuestUser&gt;Test Started: Expecting: #PASS=Undefined and #FAIL=0
Running from MTM=True, running on machine name:CMP01-YKUMAR, user name=ykumar, OS=Microsoft Windows NT 6.1.7601 Service Pack 1, Is64BitOS=True[5/14/2018 9:47:54 PM]&lt;INFO&gt;LogCPUAndMemoryUsage: Available Memory = 25447(MB), CPU Usage = 17.01246%[5/14/2018 9:47:54 PM]&lt;INFO&gt;Private Working Set for QTAgent32_40, usage=172340 (K)[5/14/2018 9:47:54 PM]&lt;INFO&gt;Path To TestConfig xml=C:\Users\ykumar\AppData\Local\VSEQT\QTAgent\26974\CMP01-YKUMAR.horizonhobby.com\Deployment\SharedCommonConfig.xml[5/14/2018 9:47:54 PM]&lt;INFO&gt;Path To TestData xml=C:\Users\ykumar\AppData\Local\VSEQT\QTAgent\26974\CMP01-YKUMAR.horizonhobby.com\Deployment\CheckoutCreditCard_214751.xml[5/14/2018 9:47:54 PM]&lt;INFO&gt;Path To HorizonHobbyQA Application Url=https://www-tst.horizonhobby.com[5/14/2018 9:47:54 PM]&lt;INFO&gt;HorizonHobbyQA sql connection string=Server=cmp02-ws-tst-db01:50000;Database=TST01DB;UID=wcdbuser;PWD=h0r1z0n;Connect Timeout=30[5/14/2018 9:47:54 PM]&lt;INFO&gt;Country is := US and language id is := '-1'[5/14/2018 9:47:54 PM]&lt;INFO&gt;Current browser used for test execution is = 'IE'[5/14/2018 9:48:01 PM]&lt;INFO&gt;SearchProductexecuting ... Searching term:= 'EVOG08108'[5/14/2018 9:48:07 PM]&lt;INFO&gt;SurveyWindow : method executing ...[5/14/2018 9:48:26 PM]&lt;Info&gt;AllBrowserWindow : Locating browser window...[5/14/2018 9:48:26 PM]&lt;INFO&gt;BackOrderClickexecuting ...[5/14/2018 9:48:26 PM]&lt;INFO&gt;GoToCartClickexecuting ...[5/14/2018 9:48:32 PM]&lt;INFO&gt;UpdateCartQuantity : executing ... :- 1[5/14/2018 9:48:57 PM]&lt;INFO&gt;CheckoutProcessStartShoppingCart : method executing[5/14/2018 9:48:57 PM]&lt;Info&gt;AllBrowserWindow : Locating browser window...[5/14/2018 9:49:04 PM]&lt;INFO&gt;CheckoutShoppingCartControls : method executing[5/14/2018 9:49:04 PM]&lt;Info&gt;AllBrowserWindow : Locating browser window...[5/14/2018 9:49:15 PM]&lt;Info&gt;AllBrowserWindow : Locating browser window...[5/14/2018 9:49:24 PM]&lt;Info&gt;AllBrowserWindow : Locating browser window...[5/14/2018 9:49:36 PM]&lt;INFO&gt;FillBillingAndShippingAddressexecuting ...[5/14/2018 9:49:36 PM]&lt;Info&gt;AllBrowserWindow : Locating browser window...[5/14/2018 9:49:38 PM]&lt;INFO&gt;SelectBillingCountryexecuting ...[5/14/2018 9:49:47 PM]&lt;INFO&gt;SelectBillingStateexecuting ...[5/14/2018 9:50:01 PM]&lt;INFO&gt;SelectShippingCountryexecuting ...[5/14/2018 9:50:05 PM]&lt;INFO&gt;SelectShippingStateexecuting ...[5/14/2018 9:50:11 PM]&lt;INFO&gt;GetShippingMethodRadioButtonControl : method executing[5/14/2018 9:50:11 PM]&lt;Info&gt;AllBrowserWindow : Locating browser window...[5/14/2018 9:50:28 PM]&lt;INFO&gt;ShippingMethodSelection : method executing[5/14/2018 9:50:28 PM]&lt;Info&gt;AllBrowserWindow : Locating browser window...[5/14/2018 9:50:33 PM]&lt;INFO&gt;GetAllShippingOptions : is executing ...[5/14/2018 9:50:33 PM]&lt;Info&gt;AllBrowserWindow : Locating browser window...[5/14/2018 9:50:34 PM]&lt;INFO&gt;SelectCheckoutPaymentRadiobutton : method executing[5/14/2018 9:50:34 PM]&lt;INFO&gt;CheckoutCreditCardShippingAndBillingControls : method executing[5/14/2018 9:50:34 PM]&lt;Info&gt;AllBrowserWindow : Locating browser window...[5/14/2018 9:50:44 PM]&lt;INFO&gt;FillCreditCardDetails : method executing[5/14/2018 9:50:44 PM]&lt;INFO&gt;CheckoutCreditCardShippingAndBillingControls : method executing[5/14/2018 9:50:44 PM]&lt;Info&gt;AllBrowserWindow : Locating browser window...[5/14/2018 9:50:53 PM]&lt;INFO&gt;ClickReviewOrder : method executing[5/14/2018 9:50:53 PM]&lt;INFO&gt;CheckoutCreditCardShippingAndBillingControls : method executing[5/14/2018 9:50:53 PM]&lt;Info&gt;AllBrowserWindow : Locating browser window...[5/14/2018 9:50:58 PM]&lt;Info&gt;AllBrowserWindow : Locating browser window...[5/14/2018 9:51:06 PM]&lt;INFO&gt;PlaceOrderCreditCard : method executing[5/14/2018 9:51:06 PM]&lt;INFO&gt;CheckoutCreditCardShippingAndBillingControls : method executing[5/14/2018 9:51:06 PM]&lt;Info&gt;AllBrowserWindow : Locating browser window...[5/14/2018 9:51:15 PM]&lt;INFO&gt;KeyboardSendKeys method executing...[5/14/2018 9:52:46 PM]&lt;Info&gt;AllBrowserWindow : Locating browser window...[5/14/2018 9:52:57 PM]&lt;Info&gt;AllBrowserWindow : Locating browser window...[5/14/2018 9:53:00 PM]&lt;PASS&gt;&lt;OrderConfirmationEmailSentGuestUser&gt;&lt;Email Sent Message should display the Billing Address Email id for Guest user&gt;[5/14/2018 9:53:00 PM]&lt;INFO&gt;OrderConfirmation : method executing[5/14/2018 9:53:00 PM]&lt;INFO&gt;OrderConfirmationUIControls : method executing[5/14/2018 9:53:00 PM]&lt;Info&gt;AllBrowserWindow : Locating browser window...[5/14/2018 9:53:03 PM]&lt;INFO&gt;SurveyWindow : method executing ...[5/14/2018 9:53:12 PM]&lt;PASS&gt;&lt;OrderConfirmation&gt;&lt; Validates Order Number ''True'' is generated successfully&gt;[5/14/2018 9:53:12 PM]&lt;RESULT&gt;Test Ended:#PASS=2, #FAIL=0[5/14/2018 9:53:13 PM]&lt;INFO&gt;LogCPUAndMemoryUsage: Available Memory = 24686(MB), CPU Usage = 17.90447%[5/14/2018 9:53:13 PM]&lt;INFO&gt;Private Working Set for QTAgent32_40, usage=181864 (K)[5/14/2018 9:53:13 PM]&lt;RESULT&gt;&lt;OrderConfirmationEmailSentGuestUser&gt; Test PASSED</StdOut>
      </Output>
      <ResultFiles />
    </UnitTestResult>
    <UnitTestResult executionId="77703c1a-4fc4-4239-bb4b-c96031b977f3" testId="ed0cd291-6105-7bed-a3db-826a91264a2b" testName="CheckoutGuestUserPhoneAndEmailFieldAndSaveCCToAccountValidation" computerName="CMP01-YKUMAR" duration="00:02:17.7513956" startTime="2018-05-14T21:53:15.2532310-05:00" endTime="2018-05-14T21:55:33.0122310-05:00" testType="13cdc9d9-ddb5-4fa4-a97d-d965ccfc6d4b" outcome="Passed" testListId="8c84fa94-04c1-424b-9868-57a2d4851a1d">
      <Output>
        <StdOut>Logging to custom path:\\CMP01-YKumar\AutoLog[5/14/2018 9:53:15 PM]&lt;STARTLOG&gt;&lt;CheckoutGuestUserPhoneAndEmailFieldAndSaveCCToAccountValidation&gt;Test Started: Expecting: #PASS=Undefined and #FAIL=0
Running from MTM=True, running on machine name:CMP01-YKUMAR, user name=ykumar, OS=Microsoft Windows NT 6.1.7601 Service Pack 1, Is64BitOS=True[5/14/2018 9:53:16 PM]&lt;INFO&gt;LogCPUAndMemoryUsage: Available Memory = 24728(MB), CPU Usage = 30.38379%[5/14/2018 9:53:16 PM]&lt;INFO&gt;Private Working Set for QTAgent32_40, usage=181980 (K)[5/14/2018 9:53:16 PM]&lt;INFO&gt;Path To TestConfig xml=C:\Users\ykumar\AppData\Local\VSEQT\QTAgent\26974\CMP01-YKUMAR.horizonhobby.com\Deployment\SharedCommonConfig.xml[5/14/2018 9:53:16 PM]&lt;INFO&gt;Path To TestData xml=C:\Users\ykumar\AppData\Local\VSEQT\QTAgent\26974\CMP01-YKUMAR.horizonhobby.com\Deployment\CheckoutCommonTestData_215315.xml[5/14/2018 9:53:16 PM]&lt;INFO&gt;Path To HorizonHobbyQA Application Url=https://www-tst.horizonhobby.com[5/14/2018 9:53:16 PM]&lt;INFO&gt;HorizonHobbyQA sql connection string=Server=cmp02-ws-tst-db01:50000;Database=TST01DB;UID=wcdbuser;PWD=h0r1z0n;Connect Timeout=30[5/14/2018 9:53:16 PM]&lt;INFO&gt;Country is := US and language id is := '-1'[5/14/2018 9:53:16 PM]&lt;INFO&gt;Current browser used for test execution is = 'IE'[5/14/2018 9:53:23 PM]&lt;INFO&gt;SearchProductexecuting ... Searching term:= 'EVOG620112'[5/14/2018 9:53:29 PM]&lt;Info&gt;AllBrowserWindow : Locating browser window...[5/14/2018 9:53:30 PM]&lt;INFO&gt;BackOrderClickexecuting ...[5/14/2018 9:53:31 PM]&lt;INFO&gt;GoToCartClickexecuting ...[5/14/2018 9:53:37 PM]&lt;INFO&gt;CheckoutProcessStartShoppingCart : method executing[5/14/2018 9:53:37 PM]&lt;Info&gt;AllBrowserWindow : Locating browser window...[5/14/2018 9:53:46 PM]&lt;INFO&gt;CheckoutShoppingCartControls : method executing[5/14/2018 9:53:46 PM]&lt;Info&gt;AllBrowserWindow : Locating browser window...[5/14/2018 9:54:01 PM]&lt;Info&gt;AllBrowserWindow : Locating browser window...[5/14/2018 9:54:05 PM]&lt;PASS&gt;&lt;CheckoutGuestUserPhoneAndEmailFieldAndSaveCCToAccountValidation&gt;&lt; Validates phone number in billing address section field did not allow more than 15 digits&gt;[5/14/2018 9:54:05 PM]&lt;PASS&gt;&lt;CheckoutGuestUserPhoneAndEmailFieldAndSaveCCToAccountValidation&gt;&lt; Validates only 15 digits were entered in phone number field in billing address section&gt;[5/14/2018 9:54:07 PM]&lt;PASS&gt;&lt;CheckoutGuestUserPhoneAndEmailFieldAndSaveCCToAccountValidation&gt;&lt; Validates phone number field did not allow more than 15 digits&gt;[5/14/2018 9:54:07 PM]&lt;PASS&gt;&lt;CheckoutGuestUserPhoneAndEmailFieldAndSaveCCToAccountValidation&gt;&lt; Validates only 15 digits were entered&gt;[5/14/2018 9:54:09 PM]&lt;PASS&gt;&lt;CheckoutGuestUserPhoneAndEmailFieldAndSaveCCToAccountValidation&gt;&lt;Validate email address field does not allow more than 32 characters in billing address section&gt;[5/14/2018 9:54:09 PM]&lt;PASS&gt;&lt;CheckoutGuestUserPhoneAndEmailFieldAndSaveCCToAccountValidation&gt;&lt; Validates only 32 digits were entered in email address field in billing address section&gt;[5/14/2018 9:54:11 PM]&lt;PASS&gt;&lt;CheckoutGuestUserPhoneAndEmailFieldAndSaveCCToAccountValidation&gt;&lt;Validate email address field does not allow more than 32 characters in shipping address section&gt;[5/14/2018 9:54:11 PM]&lt;PASS&gt;&lt;CheckoutGuestUserPhoneAndEmailFieldAndSaveCCToAccountValidation&gt;&lt; Validates only 32 digits were entered in email address field in shipping address section&gt;[5/14/2018 9:54:11 PM]&lt;INFO&gt;FillBillingAndShippingAddressexecuting ...[5/14/2018 9:54:11 PM]&lt;Info&gt;AllBrowserWindow : Locating browser window...[5/14/2018 9:54:13 PM]&lt;INFO&gt;SelectBillingCountryexecuting ...[5/14/2018 9:54:19 PM]&lt;INFO&gt;SelectBillingStateexecuting ...[5/14/2018 9:54:24 PM]&lt;INFO&gt;SelectShippingCountryexecuting ...[5/14/2018 9:54:28 PM]&lt;INFO&gt;SelectShippingStateexecuting ...[5/14/2018 9:54:34 PM]&lt;Info&gt;AllBrowserWindow : Locating browser window...[5/14/2018 9:54:40 PM]&lt;INFO&gt;SelectCheckoutPaymentRadiobutton : method executing[5/14/2018 9:54:40 PM]&lt;INFO&gt;CheckoutCreditCardShippingAndBillingControls : method executing[5/14/2018 9:54:40 PM]&lt;Info&gt;AllBrowserWindow : Locating browser window...[5/14/2018 9:54:55 PM]&lt;PASS&gt;&lt;CheckoutGuestUserPhoneAndEmailFieldAndSaveCCToAccountValidation&gt;&lt;Validate that Save this card to my account checkbox doesn't exists for Guest User&gt;[5/14/2018 9:55:03 PM]&lt;PASS&gt;&lt;CheckoutGuestUserPhoneAndEmailFieldAndSaveCCToAccountValidation&gt;&lt; Validates phone number in billing address section field did not allow more than 15 digits&gt;[5/14/2018 9:55:03 PM]&lt;PASS&gt;&lt;CheckoutGuestUserPhoneAndEmailFieldAndSaveCCToAccountValidation&gt;&lt; Validates only 15 digits were entered in phone number field in billing address section&gt;[5/14/2018 9:55:05 PM]&lt;PASS&gt;&lt;CheckoutGuestUserPhoneAndEmailFieldAndSaveCCToAccountValidation&gt;&lt;Validate email address field does not allow more than 32 characters in shipping address section&gt;[5/14/2018 9:55:05 PM]&lt;PASS&gt;&lt;CheckoutGuestUserPhoneAndEmailFieldAndSaveCCToAccountValidation&gt;&lt; Validates only 32 digits were entered in email address field in shipping address section&gt;[5/14/2018 9:55:08 PM]&lt;INFO&gt;SelectCheckoutPaymentRadiobutton : method executing[5/14/2018 9:55:08 PM]&lt;INFO&gt;CheckoutCreditCardShippingAndBillingControls : method executing[5/14/2018 9:55:08 PM]&lt;Info&gt;AllBrowserWindow : Locating browser window...[5/14/2018 9:55:27 PM]&lt;PASS&gt;&lt;CheckoutGuestUserPhoneAndEmailFieldAndSaveCCToAccountValidation&gt;&lt; Validates phone number in billing address section field did not allow more than 15 digits&gt;[5/14/2018 9:55:27 PM]&lt;PASS&gt;&lt;CheckoutGuestUserPhoneAndEmailFieldAndSaveCCToAccountValidation&gt;&lt; Validates only 15 digits were entered in phone number field in billing address section&gt;[5/14/2018 9:55:29 PM]&lt;PASS&gt;&lt;CheckoutGuestUserPhoneAndEmailFieldAndSaveCCToAccountValidation&gt;&lt;Validate email address field does not allow more than 32 characters in shipping address section&gt;[5/14/2018 9:55:29 PM]&lt;PASS&gt;&lt;CheckoutGuestUserPhoneAndEmailFieldAndSaveCCToAccountValidation&gt;&lt; Validates only 32 digits were entered in email address field in shipping address section&gt;[5/14/2018 9:55:29 PM]&lt;RESULT&gt;Test Ended:#PASS=17, #FAIL=0[5/14/2018 9:55:30 PM]&lt;INFO&gt;LogCPUAndMemoryUsage: Available Memory = 24696(MB), CPU Usage = 14.78445%[5/14/2018 9:55:30 PM]&lt;INFO&gt;Private Working Set for QTAgent32_40, usage=181880 (K)[5/14/2018 9:55:30 PM]&lt;RESULT&gt;&lt;CheckoutGuestUserPhoneAndEmailFieldAndSaveCCToAccountValidation&gt; Test PASSED</StdOut>
      </Output>
      <ResultFiles />
    </UnitTestResult>
    <UnitTestResult executionId="413544e4-8230-4c6e-9348-bd2ccecd4e66" testId="2c13f11c-4c3b-b325-ad09-0cb39bb944c1" testName="ShoppingCartProductAndOrderDiscount" computerName="CMP01-YKUMAR" duration="00:02:37.4193166" startTime="2018-05-14T21:55:33.0122310-05:00" endTime="2018-05-14T21:58:10.7742310-05:00" testType="13cdc9d9-ddb5-4fa4-a97d-d965ccfc6d4b" outcome="Failed" testListId="8c84fa94-04c1-424b-9868-57a2d4851a1d">
      <Output>
        <StdOut>Logging to custom path:\\CMP01-YKumar\AutoLogAssert.Fail failed. 
#Other errors=3
[Error details below]
&lt;ERROR&gt;[5/14/2018 9:57:52 PM]&lt;ERROR&gt;BackOrderClick : failed executing ...The playback failed to find the control with the given search properties. Additional Details: 
TechnologyName:  'Web'
ControlType:  'Hyperlink'
TagName:  'A'
Id:  'add2CartBtn'
 Failed to find any control that matched the search condition Id='add2CartBtn' &amp;&amp; ControlType='Hyperlink'
&lt;ERROR&gt;[5/14/2018 9:58:05 PM]&lt;ERROR&gt;MouseClick Exception:Microsoft.VisualStudio.TestTools.UITest.Extension.UITestControlNotFoundException: The playback failed to find the control with the given search properties. Additional Details: 
TechnologyName:  'Web'
ControlType:  'Hyperlink'
TagName:  'A'
Id:  'GotoCartButton1'
Class:  'button'
InnerText:  'Go to Cart'
 Failed to find any control that matched the search condition Id='GotoCartButton1' &amp;&amp; ControlType='Hyperlink' &amp;&amp; Class='button' &amp;&amp; InnerText='Go to Cart' ---&gt; System.Runtime.InteropServices.COMException: Error HRESULT E_FAIL has been returned from a call to a COM component.
   at Microsoft.VisualStudio.TestTools.UITest.Playback.Engine.IScreenElement.FindAllDescendants(String bstrQueryId, Object&amp; pvarResKeys, Int32 cResKeys, Int32 nMaxDepth)
   at Microsoft.VisualStudio.TestTools.UITest.Playback.ScreenElement.FindAllScreenElement(String queryId, Int32 depth, Boolean singleQueryId, Boolean throwException, Boolean resetSkipStep)
   at Microsoft.VisualStudio.TestTools.UITest.Playback.ScreenElement.FindScreenElement(String queryId, Int32 depth, Boolean resetSkipStep)
   at Microsoft.VisualStudio.TestTools.UITesting.UITestControl.FindFirstDescendant(String queryId, Int32 maxDepth, Int32&amp; timeLeft)
   --- End of inner exception stack trace ---
   at Microsoft.VisualStudio.TestTools.UITesting.Playback.MapControlNotFoundException(COMException ex, IPlaybackContext context)
   at Microsoft.VisualStudio.TestTools.UITesting.Playback.MapAndThrowComException(COMException innerException, IPlaybackContext context)
   at Microsoft.VisualStudio.TestTools.UITesting.Playback.MapAndThrowException(SystemException exception, IPlaybackContext context)
   at Microsoft.VisualStudio.TestTools.UITesting.Playback.MapAndThrowException(SystemException exception, String queryId)
   at Microsoft.VisualStudio.TestTools.UITesting.UITestControl.FindFirstDescendant(String queryId, Int32 maxDepth, Int32&amp; timeLeft)
   at Microsoft.VisualStudio.TestTools.UITesting.SearchHelper.GetUITestControlRecursive(Boolean useCache, Boolean alwaysSearch, ISearchArgument searchArg, IList`1 windowTitles, Int32&amp; timeLeft)
   at Microsoft.VisualStudio.TestTools.UITesting.SearchHelper.GetElement(Boolean useCache, ISearchArgument searchArg)
   at Microsoft.VisualStudio.TestTools.UITesting.SearchHelper.Search(ISearchArgument searchArg)
   at Microsoft.VisualStudio.TestTools.UITesting.UITestControl.FindInternal()
   at Microsoft.VisualStudio.TestTools.UITesting.UITestControl.&lt;Find&gt;b__3a()
   at Microsoft.VisualStudio.TestTools.UITesting.CodedUITestMethodInvoker.InvokeMethod[T](Func`1 function, UITestControl control, Boolean firePlaybackErrorEvent, Boolean logAsAction)
   at Microsoft.VisualStudio.TestTools.UITesting.UITestControl.Find()
   at Microsoft.VisualStudio.TestTools.UITesting.UITestControl.GetPropertyPrivate(String propertyName)
   at Microsoft.VisualStudio.TestTools.UITesting.UITestControl.GetPropertyOfType[T](String propertyName)
   at Microsoft.VisualStudio.TestTools.UITesting.UITestControl.get_Name()
   at TestAuto.LoggingAndSharedGenericMethods.MouseClick(UITestControl uiMenuItemTestControl) in c:\Builds\1\WebSphere\QATestAutomation\src\CodedUITest\SourceCode\Common\Logging\SharedMethods_Generic.cs:line 790
&lt;ERROR&gt;[5/14/2018 9:58:07 PM]&lt;ERROR&gt;ShoppingCartProductAndOrderDiscount : failed executing ...The playback failed to find the control with the given search properties. Additional Details: 
TechnologyName:  'Web'
ControlType:  'Cell'
TagName:  'TD'
Id:  'WC_SingleShipmentOrderTotalsSummary_td_3'
 Failed to find any control that matched the search condition Id='WC_SingleShipmentOrderTotalsSummary_td_3' &amp;&amp; ControlType='Cell'   at TestAuto.LoggingAndSharedGenericMethods.EndTest() in c:\Builds\1\WebSphere\QATestAutomation\src\CodedUITest\SourceCode\Common\Logging\Logging.cs:line 1628
   at TestAuto.CartDisplayTest.TestCleanup() in c:\Builds\1\WebSphere\QATestAutomation\src\CodedUITest\SourceCode\HHobby\CartDisplay\CartDisplay.cs:line 5472
[5/14/2018 9:55:33 PM]&lt;STARTLOG&gt;&lt;ShoppingCartProductAndOrderDiscount&gt;Test Started: Expecting: #PASS=Undefined and #FAIL=0
Running from MTM=True, running on machine name:CMP01-YKUMAR, user name=ykumar, OS=Microsoft Windows NT 6.1.7601 Service Pack 1, Is64BitOS=True[5/14/2018 9:55:35 PM]&lt;INFO&gt;LogCPUAndMemoryUsage: Available Memory = 24950(MB), CPU Usage = 25.77875%[5/14/2018 9:55:35 PM]&lt;INFO&gt;Private Working Set for QTAgent32_40, usage=184904 (K)[5/14/2018 9:55:36 PM]&lt;INFO&gt;Path To TestConfig xml=C:\Users\ykumar\AppData\Local\VSEQT\QTAgent\26974\CMP01-YKUMAR.horizonhobby.com\Deployment\SharedCommonConfig.xml[5/14/2018 9:55:36 PM]&lt;INFO&gt;Path To TestData xml=C:\Users\ykumar\AppData\Local\VSEQT\QTAgent\26974\CMP01-YKUMAR.horizonhobby.com\Deployment\CartDisplayTestData_215533.xml[5/14/2018 9:55:36 PM]&lt;INFO&gt;Path To HorizonHobbyQA Application Url=https://www-tst.horizonhobby.com[5/14/2018 9:55:36 PM]&lt;INFO&gt;HorizonHobbyQA sql connection string=Server=cmp02-ws-tst-db01:50000;Database=TST01DB;UID=wcdbuser;PWD=h0r1z0n;Connect Timeout=30[5/14/2018 9:55:36 PM]&lt;INFO&gt;Country is := US and language id is := '-1'[5/14/2018 9:55:36 PM]&lt;INFO&gt;Current browser used for test execution is = 'IE'[5/14/2018 9:55:43 PM]&lt;INFO&gt;SearchProductexecuting ... Searching term:= 'EFL2951T'[5/14/2018 9:55:49 PM]&lt;Info&gt;AllBrowserWindow : Locating browser window...[5/14/2018 9:56:12 PM]&lt;Info&gt;AllBrowserWindow : Locating browser window...[5/14/2018 9:57:44 PM]&lt;INFO&gt;SurveyWindow : method executing ...[5/14/2018 9:57:46 PM]&lt;INFO&gt;BackOrderClickexecuting ...Assert.Fail failed. [5/14/2018 9:57:52 PM]&lt;ERROR&gt;BackOrderClick : failed executing ...The playback failed to find the control with the given search properties. Additional Details: 
TechnologyName:  'Web'
ControlType:  'Hyperlink'
TagName:  'A'
Id:  'add2CartBtn'
 Failed to find any control that matched the search condition Id='add2CartBtn' &amp;&amp; ControlType='Hyperlink', 
    StackTrace:
    BackOrderClick(),SharedProductPage.cs,Line Number:498
    BackOrderClick(),SharedProductPage.cs,Line Number:505
    ShoppingCartProductAndOrderDiscount(),CartDisplay.cs,Line Number:3256[5/14/2018 9:57:52 PM]&lt;CaptureImage&gt;\\CMP01-YKumar\AutoLog\CMP01-YKUMAR\ShoppingCartProductAndOrderDiscount_20180514215752.png[5/14/2018 9:57:52 PM]&lt;INFO&gt;GoToCartClickexecuting ...Assert.Fail failed. [5/14/2018 9:58:05 PM]&lt;ERROR&gt;MouseClick Exception:Microsoft.VisualStudio.TestTools.UITest.Extension.UITestControlNotFoundException: The playback failed to find the control with the given search properties. Additional Details: 
TechnologyName:  'Web'
ControlType:  'Hyperlink'
TagName:  'A'
Id:  'GotoCartButton1'
Class:  'button'
InnerText:  'Go to Cart'
 Failed to find any control that matched the search condition Id='GotoCartButton1' &amp;&amp; ControlType='Hyperlink' &amp;&amp; Class='button' &amp;&amp; InnerText='Go to Cart' ---&gt; System.Runtime.InteropServices.COMException: Error HRESULT E_FAIL has been returned from a call to a COM component.
   at Microsoft.VisualStudio.TestTools.UITest.Playback.Engine.IScreenElement.FindAllDescendants(String bstrQueryId, Object&amp; pvarResKeys, Int32 cResKeys, Int32 nMaxDepth)
   at Microsoft.VisualStudio.TestTools.UITest.Playback.ScreenElement.FindAllScreenElement(String queryId, Int32 depth, Boolean singleQueryId, Boolean throwException, Boolean resetSkipStep)
   at Microsoft.VisualStudio.TestTools.UITest.Playback.ScreenElement.FindScreenElement(String queryId, Int32 depth, Boolean resetSkipStep)
   at Microsoft.VisualStudio.TestTools.UITesting.UITestControl.FindFirstDescendant(String queryId, Int32 maxDepth, Int32&amp; timeLeft)
   --- End of inner exception stack trace ---
   at Microsoft.VisualStudio.TestTools.UITesting.Playback.MapControlNotFoundException(COMException ex, IPlaybackContext context)
   at Microsoft.VisualStudio.TestTools.UITesting.Playback.MapAndThrowComException(COMException innerException, IPlaybackContext context)
   at Microsoft.VisualStudio.TestTools.UITesting.Playback.MapAndThrowException(SystemException exception, IPlaybackContext context)
   at Microsoft.VisualStudio.TestTools.UITesting.Playback.MapAndThrowException(SystemException exception, String queryId)
   at Microsoft.VisualStudio.TestTools.UITesting.UITestControl.FindFirstDescendant(String queryId, Int32 maxDepth, Int32&amp; timeLeft)
   at Microsoft.VisualStudio.TestTools.UITesting.SearchHelper.GetUITestControlRecursive(Boolean useCache, Boolean alwaysSearch, ISearchArgument searchArg, IList`1 windowTitles, Int32&amp; timeLeft)
   at Microsoft.VisualStudio.TestTools.UITesting.SearchHelper.GetElement(Boolean useCache, ISearchArgument searchArg)
   at Microsoft.VisualStudio.TestTools.UITesting.SearchHelper.Search(ISearchArgument searchArg)
   at Microsoft.VisualStudio.TestTools.UITesting.UITestControl.FindInternal()
   at Microsoft.VisualStudio.TestTools.UITesting.UITestControl.&lt;Find&gt;b__3a()
   at Microsoft.VisualStudio.TestTools.UITesting.CodedUITestMethodInvoker.InvokeMethod[T](Func`1 function, UITestControl control, Boolean firePlaybackErrorEvent, Boolean logAsAction)
   at Microsoft.VisualStudio.TestTools.UITesting.UITestControl.Find()
   at Microsoft.VisualStudio.TestTools.UITesting.UITestControl.GetPropertyPrivate(String propertyName)
   at Microsoft.VisualStudio.TestTools.UITesting.UITestControl.GetPropertyOfType[T](String propertyName)
   at Microsoft.VisualStudio.TestTools.UITesting.UITestControl.get_Name()
   at TestAuto.LoggingAndSharedGenericMethods.MouseClick(UITestControl uiMenuItemTestControl) in c:\Builds\1\WebSphere\QATestAutomation\src\CodedUITest\SourceCode\Common\Logging\SharedMethods_Generic.cs:line 790, 
    StackTrace:
    MouseClick(),SharedMethods_Generic.cs,Line Number:822
    GoToCartClick(),SharedCartPopUp.cs,Line Number:101
    ShoppingCartProductAndOrderDiscount(),CartDisplay.cs,Line Number:3259[5/14/2018 9:58:05 PM]&lt;CaptureImage&gt;\\CMP01-YKumar\AutoLog\CMP01-YKUMAR\ShoppingCartProductAndOrderDiscount_20180514215805.pngAssert.Fail failed. [5/14/2018 9:58:07 PM]&lt;ERROR&gt;ShoppingCartProductAndOrderDiscount : failed executing ...The playback failed to find the control with the given search properties. Additional Details: 
TechnologyName:  'Web'
ControlType:  'Cell'
TagName:  'TD'
Id:  'WC_SingleShipmentOrderTotalsSummary_td_3'
 Failed to find any control that matched the search condition Id='WC_SingleShipmentOrderTotalsSummary_td_3' &amp;&amp; ControlType='Cell', 
    StackTrace:
    ShoppingCartProductAndOrderDiscount(),CartDisplay.cs,Line Number:3309[5/14/2018 9:58:07 PM]&lt;CaptureImage&gt;\\CMP01-YKumar\AutoLog\CMP01-YKUMAR\ShoppingCartProductAndOrderDiscount_20180514215807.png[5/14/2018 9:58:07 PM]&lt;RESULT&gt;Test Ended:#PASS=0, #FAIL=0,#Other errors=3[5/14/2018 9:58:08 PM]&lt;INFO&gt;LogCPUAndMemoryUsage: Available Memory = 25340(MB), CPU Usage = 16.34447%[5/14/2018 9:58:08 PM]&lt;INFO&gt;Private Working Set for QTAgent32_40, usage=201492 (K)[5/14/2018 9:58:08 PM]&lt;RESULT&gt;&lt;ShoppingCartProductAndOrderDiscount&gt; Test FAILED: #Other errors=3. See Error Message/logs for further details.</StdOut>
        <ErrorInfo>
          <Message>Assert.Fail failed. 
#Other errors=3
[Error details below]
&lt;ERROR&gt;[5/14/2018 9:57:52 PM]&lt;ERROR&gt;BackOrderClick : failed executing ...The playback failed to find the control with the given search properties. Additional Details: 
TechnologyName:  'Web'
ControlType:  'Hyperlink'
TagName:  'A'
Id:  'add2CartBtn'
 Failed to find any control that matched the search condition Id='add2CartBtn' &amp;&amp; ControlType='Hyperlink'
&lt;ERROR&gt;[5/14/2018 9:58:05 PM]&lt;ERROR&gt;MouseClick Exception:Microsoft.VisualStudio.TestTools.UITest.Extension.UITestControlNotFoundException: The playback failed to find the control with the given search properties. Additional Details: 
TechnologyName:  'Web'
ControlType:  'Hyperlink'
TagName:  'A'
Id:  'GotoCartButton1'
Class:  'button'
InnerText:  'Go to Cart'
 Failed to find any control that matched the search condition Id='GotoCartButton1' &amp;&amp; ControlType='Hyperlink' &amp;&amp; Class='button' &amp;&amp; InnerText='Go to Cart' ---&gt; System.Runtime.InteropServices.COMException: Error HRESULT E_FAIL has been returned from a call to a COM component.
   at Microsoft.VisualStudio.TestTools.UITest.Playback.Engine.IScreenElement.FindAllDescendants(String bstrQueryId, Object&amp; pvarResKeys, Int32 cResKeys, Int32 nMaxDepth)
   at Microsoft.VisualStudio.TestTools.UITest.Playback.ScreenElement.FindAllScreenElement(String queryId, Int32 depth, Boolean singleQueryId, Boolean throwException, Boolean resetSkipStep)
   at Microsoft.VisualStudio.TestTools.UITest.Playback.ScreenElement.FindScreenElement(String queryId, Int32 depth, Boolean resetSkipStep)
   at Microsoft.VisualStudio.TestTools.UITesting.UITestControl.FindFirstDescendant(String queryId, Int32 maxDepth, Int32&amp; timeLeft)
   --- End of inner exception stack trace ---
   at Microsoft.VisualStudio.TestTools.UITesting.Playback.MapControlNotFoundException(COMException ex, IPlaybackContext context)
   at Microsoft.VisualStudio.TestTools.UITesting.Playback.MapAndThrowComException(COMException innerException, IPlaybackContext context)
   at Microsoft.VisualStudio.TestTools.UITesting.Playback.MapAndThrowException(SystemException exception, IPlaybackContext context)
   at Microsoft.VisualStudio.TestTools.UITesting.Playback.MapAndThrowException(SystemException exception, String queryId)
   at Microsoft.VisualStudio.TestTools.UITesting.UITestControl.FindFirstDescendant(String queryId, Int32 maxDepth, Int32&amp; timeLeft)
   at Microsoft.VisualStudio.TestTools.UITesting.SearchHelper.GetUITestControlRecursive(Boolean useCache, Boolean alwaysSearch, ISearchArgument searchArg, IList`1 windowTitles, Int32&amp; timeLeft)
   at Microsoft.VisualStudio.TestTools.UITesting.SearchHelper.GetElement(Boolean useCache, ISearchArgument searchArg)
   at Microsoft.VisualStudio.TestTools.UITesting.SearchHelper.Search(ISearchArgument searchArg)
   at Microsoft.VisualStudio.TestTools.UITesting.UITestControl.FindInternal()
   at Microsoft.VisualStudio.TestTools.UITesting.UITestControl.&lt;Find&gt;b__3a()
   at Microsoft.VisualStudio.TestTools.UITesting.CodedUITestMethodInvoker.InvokeMethod[T](Func`1 function, UITestControl control, Boolean firePlaybackErrorEvent, Boolean logAsAction)
   at Microsoft.VisualStudio.TestTools.UITesting.UITestControl.Find()
   at Microsoft.VisualStudio.TestTools.UITesting.UITestControl.GetPropertyPrivate(String propertyName)
   at Microsoft.VisualStudio.TestTools.UITesting.UITestControl.GetPropertyOfType[T](String propertyName)
   at Microsoft.VisualStudio.TestTools.UITesting.UITestControl.get_Name()
   at TestAuto.LoggingAndSharedGenericMethods.MouseClick(UITestControl uiMenuItemTestControl) in c:\Builds\1\WebSphere\QATestAutomation\src\CodedUITest\SourceCode\Common\Logging\SharedMethods_Generic.cs:line 790
&lt;ERROR&gt;[5/14/2018 9:58:07 PM]&lt;ERROR&gt;ShoppingCartProductAndOrderDiscount : failed executing ...The playback failed to find the control with the given search properties. Additional Details: 
TechnologyName:  'Web'
ControlType:  'Cell'
TagName:  'TD'
Id:  'WC_SingleShipmentOrderTotalsSummary_td_3'
 Failed to find any control that matched the search condition Id='WC_SingleShipmentOrderTotalsSummary_td_3' &amp;&amp; ControlType='Cell'</Message>
          <StackTrace>   at TestAuto.LoggingAndSharedGenericMethods.EndTest() in c:\Builds\1\WebSphere\QATestAutomation\src\CodedUITest\SourceCode\Common\Logging\Logging.cs:line 1628
   at TestAuto.CartDisplayTest.TestCleanup() in c:\Builds\1\WebSphere\QATestAutomation\src\CodedUITest\SourceCode\HHobby\CartDisplay\CartDisplay.cs:line 5472
</StackTrace>
        </ErrorInfo>
      </Output>
      <ResultFiles />
    </UnitTestResult>
    <UnitTestResult executionId="7a5fa7da-892c-4f57-89d8-b9e9bcdc923e" testId="e3edf36e-a94b-6a3e-ff33-5de15c13ef49" testName="ShippingPromoCodes" computerName="CMP01-YKUMAR" duration="00:03:17.7455090" startTime="2018-05-14T21:58:10.7762310-05:00" endTime="2018-05-14T22:01:28.5292310-05:00" testType="13cdc9d9-ddb5-4fa4-a97d-d965ccfc6d4b" outcome="Passed" testListId="8c84fa94-04c1-424b-9868-57a2d4851a1d">
      <Output>
        <StdOut>Logging to custom path:\\CMP01-YKumar\AutoLog[5/14/2018 9:58:10 PM]&lt;STARTLOG&gt;&lt;ShippingPromoCodes&gt;Test Started: Expecting: #PASS=Undefined and #FAIL=0
Running from MTM=True, running on machine name:CMP01-YKUMAR, user name=ykumar, OS=Microsoft Windows NT 6.1.7601 Service Pack 1, Is64BitOS=True[5/14/2018 9:58:11 PM]&lt;INFO&gt;LogCPUAndMemoryUsage: Available Memory = 25425(MB), CPU Usage = 34.54504%[5/14/2018 9:58:11 PM]&lt;INFO&gt;Private Working Set for QTAgent32_40, usage=201612 (K)[5/14/2018 9:58:11 PM]&lt;INFO&gt;Path To TestConfig xml=C:\Users\ykumar\AppData\Local\VSEQT\QTAgent\26974\CMP01-YKUMAR.horizonhobby.com\Deployment\SharedCommonConfig.xml[5/14/2018 9:58:11 PM]&lt;INFO&gt;Path To TestData xml=C:\Users\ykumar\AppData\Local\VSEQT\QTAgent\26974\CMP01-YKUMAR.horizonhobby.com\Deployment\CartDisplayTestData_215810.xml[5/14/2018 9:58:11 PM]&lt;INFO&gt;Path To HorizonHobbyQA Application Url=https://www-tst.horizonhobby.com[5/14/2018 9:58:11 PM]&lt;INFO&gt;HorizonHobbyQA sql connection string=Server=cmp02-ws-tst-db01:50000;Database=TST01DB;UID=wcdbuser;PWD=h0r1z0n;Connect Timeout=30[5/14/2018 9:58:11 PM]&lt;INFO&gt;Country is := US and language id is := '-1'[5/14/2018 9:58:11 PM]&lt;INFO&gt;Current browser used for test execution is = 'IE'[5/14/2018 9:58:18 PM]&lt;INFO&gt;SearchProductexecuting ... Searching term:= 'TEKTT2705'[5/14/2018 9:58:25 PM]&lt;Info&gt;AllBrowserWindow : Locating browser window...[5/14/2018 9:58:25 PM]&lt;INFO&gt;BackOrderClickexecuting ...[5/14/2018 9:58:26 PM]&lt;INFO&gt;GoToCartClickexecuting ...[5/14/2018 9:58:32 PM]&lt;INFO&gt;ApplyPromoCode : method executing ...  -FIXEDHALF[5/14/2018 9:58:32 PM]&lt;INFO&gt;SurveyWindow : method executing ...[5/14/2018 9:58:47 PM]&lt;INFO&gt;SelectStateForShipping : is executing ...[5/14/2018 9:58:50 PM]&lt;INFO&gt;GetAllShippingOptions : is executing ...[5/14/2018 9:58:50 PM]&lt;Info&gt;AllBrowserWindow : Locating browser window...[5/14/2018 9:58:59 PM]&lt;PASS&gt;&lt;ApplyPromoCodeAndValidate&gt;&lt;Ground shipping is displayed as- FedEx&gt;[5/14/2018 9:58:59 PM]&lt;INFO&gt;RemoveAppliedPromoCode : is executing ...[5/14/2018 9:58:59 PM]&lt;Info&gt;AllBrowserWindow : Locating browser window...[5/14/2018 9:59:10 PM]&lt;INFO&gt;ApplyPromoCode : method executing ...  -FIXEDFREE[5/14/2018 9:59:10 PM]&lt;INFO&gt;SurveyWindow : method executing ...[5/14/2018 9:59:20 PM]&lt;INFO&gt;SelectStateForShipping : is executing ...[5/14/2018 9:59:23 PM]&lt;INFO&gt;GetAllShippingOptions : is executing ...[5/14/2018 9:59:23 PM]&lt;Info&gt;AllBrowserWindow : Locating browser window...[5/14/2018 9:59:31 PM]&lt;PASS&gt;&lt;ApplyPromoCodeAndValidate&gt;&lt;Ground shipping is displayed as- FedEx&gt;[5/14/2018 9:59:31 PM]&lt;INFO&gt;RemoveAppliedPromoCode : is executing ...[5/14/2018 9:59:31 PM]&lt;Info&gt;AllBrowserWindow : Locating browser window...[5/14/2018 9:59:42 PM]&lt;INFO&gt;ApplyPromoCode : method executing ...  -AMOUNTHALF[5/14/2018 9:59:42 PM]&lt;INFO&gt;SurveyWindow : method executing ...[5/14/2018 9:59:50 PM]&lt;INFO&gt;CheckoutProcessStartShoppingCart : method executing[5/14/2018 9:59:50 PM]&lt;Info&gt;AllBrowserWindow : Locating browser window...[5/14/2018 9:59:59 PM]&lt;INFO&gt;CheckoutShoppingCartControls : method executing[5/14/2018 9:59:59 PM]&lt;Info&gt;AllBrowserWindow : Locating browser window...[5/14/2018 10:00:11 PM]&lt;Info&gt;AllBrowserWindow : Locating browser window...[5/14/2018 10:00:13 PM]&lt;INFO&gt;FillBillingAndShippingAddressexecuting ...[5/14/2018 10:00:13 PM]&lt;Info&gt;AllBrowserWindow : Locating browser window...[5/14/2018 10:00:16 PM]&lt;INFO&gt;SelectBillingCountryexecuting ...[5/14/2018 10:00:22 PM]&lt;INFO&gt;SelectBillingStateexecuting ...[5/14/2018 10:00:36 PM]&lt;INFO&gt;SelectShippingCountryexecuting ...[5/14/2018 10:00:40 PM]&lt;INFO&gt;SelectShippingStateexecuting ...[5/14/2018 10:00:46 PM]&lt;Info&gt;AllBrowserWindow : Locating browser window...[5/14/2018 10:00:53 PM]&lt;INFO&gt;GetShippingMethodRadioButtonControl : method executing[5/14/2018 10:00:53 PM]&lt;Info&gt;AllBrowserWindow : Locating browser window...[5/14/2018 10:00:54 PM]&lt;INFO&gt;ShippingMethodSelection : method executing[5/14/2018 10:00:54 PM]&lt;Info&gt;AllBrowserWindow : Locating browser window...[5/14/2018 10:00:59 PM]&lt;INFO&gt;GetAllShippingOptions : is executing ...[5/14/2018 10:00:59 PM]&lt;Info&gt;AllBrowserWindow : Locating browser window...[5/14/2018 10:01:05 PM]&lt;PASS&gt;&lt;ShippingPromoCodes&gt;&lt;Under Order Total Section Shipping Amount $0.00 is displayed&gt;[5/14/2018 10:01:05 PM]&lt;PASS&gt;&lt;ShippingPromoCodes&gt;&lt;Under Order Total Section Shipping Discount ($2.99) is displayed&gt;[5/14/2018 10:01:07 PM]&lt;INFO&gt;RemoveAppliedPromoCode : is executing ...[5/14/2018 10:01:07 PM]&lt;Info&gt;AllBrowserWindow : Locating browser window...[5/14/2018 10:01:11 PM]&lt;INFO&gt;ApplyPromoCode : method executing ...  -AMOUNTFREE[5/14/2018 10:01:25 PM]&lt;PASS&gt;&lt;ShippingPromoCodes&gt;&lt;Under Order Total Section Shipping Amount $0.00 is displayed&gt;[5/14/2018 10:01:25 PM]&lt;PASS&gt;&lt;ShippingPromoCodes&gt;&lt;Under Order Total Section Shipping Discount ($2.99) is displayed&gt;[5/14/2018 10:01:25 PM]&lt;RESULT&gt;Test Ended:#PASS=6, #FAIL=0[5/14/2018 10:01:26 PM]&lt;INFO&gt;LogCPUAndMemoryUsage: Available Memory = 25154(MB), CPU Usage = 5.8144%[5/14/2018 10:01:26 PM]&lt;INFO&gt;Private Working Set for QTAgent32_40, usage=194228 (K)[5/14/2018 10:01:26 PM]&lt;RESULT&gt;&lt;ShippingPromoCodes&gt; Test PASSED</StdOut>
      </Output>
      <ResultFiles />
    </UnitTestResult>
    <UnitTestResult executionId="ebcd2c24-826b-47a8-a45b-2414596776ea" testId="2dec7498-7786-1f8c-3663-a6007e5c6521" testName="OrderDiscountValidation" computerName="CMP01-YKUMAR" duration="00:08:33.6480695" startTime="2018-05-14T22:01:28.5302310-05:00" endTime="2018-05-14T22:10:02.1832310-05:00" testType="13cdc9d9-ddb5-4fa4-a97d-d965ccfc6d4b" outcome="Passed" testListId="8c84fa94-04c1-424b-9868-57a2d4851a1d">
      <Output>
        <StdOut>Logging to custom path:\\CMP01-YKumar\AutoLog[5/14/2018 10:01:28 PM]&lt;STARTLOG&gt;&lt;OrderDiscountValidation&gt;Test Started: Expecting: #PASS=Undefined and #FAIL=0
Running from MTM=True, running on machine name:CMP01-YKUMAR, user name=ykumar, OS=Microsoft Windows NT 6.1.7601 Service Pack 1, Is64BitOS=True[5/14/2018 10:01:29 PM]&lt;INFO&gt;LogCPUAndMemoryUsage: Available Memory = 25186(MB), CPU Usage = 34.49177%[5/14/2018 10:01:29 PM]&lt;INFO&gt;Private Working Set for QTAgent32_40, usage=194364 (K)[5/14/2018 10:01:29 PM]&lt;INFO&gt;Path To TestConfig xml=C:\Users\ykumar\AppData\Local\VSEQT\QTAgent\26974\CMP01-YKUMAR.horizonhobby.com\Deployment\SharedCommonConfig.xml[5/14/2018 10:01:29 PM]&lt;INFO&gt;Path To TestData xml=C:\Users\ykumar\AppData\Local\VSEQT\QTAgent\26974\CMP01-YKUMAR.horizonhobby.com\Deployment\CartDisplayTestData_220128.xml[5/14/2018 10:01:29 PM]&lt;INFO&gt;Path To HorizonHobbyQA Application Url=https://www-tst.horizonhobby.com[5/14/2018 10:01:29 PM]&lt;INFO&gt;HorizonHobbyQA sql connection string=Server=cmp02-ws-tst-db01:50000;Database=TST01DB;UID=wcdbuser;PWD=h0r1z0n;Connect Timeout=30[5/14/2018 10:01:29 PM]&lt;INFO&gt;Country is := US and language id is := '-1'[5/14/2018 10:01:29 PM]&lt;INFO&gt;Current browser used for test execution is = 'IE'[5/14/2018 10:01:32 PM]&lt;Info&gt;AllBrowserWindow : Locating browser window...[5/14/2018 10:01:34 PM]&lt;INFO&gt;SurveyWindow : method executing ...[5/14/2018 10:01:40 PM]&lt;INFO&gt;ContinueOnCertificationErrorClickexecuting ...[5/14/2018 10:01:40 PM]&lt;Info&gt;DEAllBrowserWindow : Locating browser window...[5/14/2018 10:01:43 PM]&lt;INFO&gt;ClickAcceptCookiesAgreement : failed executing ...[5/14/2018 10:01:48 PM]&lt;INFO&gt;UserRegistration : method executing ...[5/14/2018 10:01:48 PM]&lt;Info&gt;AllBrowserWindow : Locating browser window...[5/14/2018 10:02:10 PM]&lt;Info&gt;AllBrowserWindow : Locating browser window...[5/14/2018 10:02:25 PM]&lt;Info&gt;AllBrowserWindow : Locating browser window...[5/14/2018 10:02:38 PM]&lt;INFO&gt;SearchProductexecuting ... Searching term:= 'LOS250014'[5/14/2018 10:02:44 PM]&lt;Info&gt;AllBrowserWindow : Locating browser window...[5/14/2018 10:03:15 PM]&lt;INFO&gt;BackOrderClickexecuting ...[5/14/2018 10:03:15 PM]&lt;INFO&gt;GoToCartClickexecuting ...[5/14/2018 10:03:26 PM]&lt;Info&gt;AllBrowserWindow : Locating browser window...[5/14/2018 10:03:34 PM]&lt;PASS&gt;&lt;OrderDiscountValidation&gt;&lt;Promo Code Text Box appears&gt;[5/14/2018 10:03:34 PM]&lt;PASS&gt;&lt;OrderDiscountValidation&gt;&lt;Apply Promo Code button appears&gt;[5/14/2018 10:03:34 PM]&lt;INFO&gt;ApplyPromoCode : method executing ...  -test15dollarsoff[5/14/2018 10:03:34 PM]&lt;INFO&gt;SurveyWindow : method executing ...[5/14/2018 10:03:43 PM]&lt;INFO&gt;KeyboardSendKeys method executing...[5/14/2018 10:03:45 PM]&lt;PASS&gt;&lt;OrderDiscountValidation&gt;&lt;Order Discount Appearing in order table on shopping cart page&gt;[5/14/2018 10:03:45 PM]&lt;INFO&gt;CheckoutProcessStartShoppingCart : method executing[5/14/2018 10:03:45 PM]&lt;Info&gt;AllBrowserWindow : Locating browser window...[5/14/2018 10:03:53 PM]&lt;INFO&gt;CheckoutShoppingCartControls : method executing[5/14/2018 10:03:53 PM]&lt;Info&gt;AllBrowserWindow : Locating browser window...[5/14/2018 10:04:00 PM]&lt;Info&gt;AllBrowserWindow : Locating browser window...[5/14/2018 10:06:16 PM]&lt;PASS&gt;&lt;OrderDiscountValidation&gt;&lt;Order Discount Appearing in order table on shipping and billing method page&gt;[5/14/2018 10:06:16 PM]&lt;INFO&gt;CheckoutCreditCardShippingAndBillingControls : method executing[5/14/2018 10:06:16 PM]&lt;Info&gt;AllBrowserWindow : Locating browser window...[5/14/2018 10:06:25 PM]&lt;PASS&gt;&lt;OrderDiscountValidation&gt;&lt;Order Discount $15.00 Appearing in order table on shipping and billing method page&gt;[5/14/2018 10:06:25 PM]&lt;INFO&gt;SelectCheckoutPaymentRadiobutton : method executing[5/14/2018 10:06:25 PM]&lt;INFO&gt;CheckoutCreditCardShippingAndBillingControls : method executing[5/14/2018 10:06:25 PM]&lt;Info&gt;AllBrowserWindow : Locating browser window...[5/14/2018 10:06:34 PM]&lt;INFO&gt;FillCreditCardDetails : method executing[5/14/2018 10:06:34 PM]&lt;INFO&gt;CheckoutCreditCardShippingAndBillingControls : method executing[5/14/2018 10:06:34 PM]&lt;Info&gt;AllBrowserWindow : Locating browser window...[5/14/2018 10:06:42 PM]&lt;INFO&gt;ClickReviewOrder : method executing[5/14/2018 10:06:42 PM]&lt;INFO&gt;CheckoutCreditCardShippingAndBillingControls : method executing[5/14/2018 10:06:42 PM]&lt;Info&gt;AllBrowserWindow : Locating browser window...[5/14/2018 10:06:47 PM]&lt;Info&gt;AllBrowserWindow : Locating browser window...[5/14/2018 10:06:59 PM]&lt;Info&gt;AllBrowserWindow : Locating browser window...[5/14/2018 10:06:59 PM]&lt;INFO&gt;KeyboardSendKeys method executing...[5/14/2018 10:06:59 PM]&lt;PASS&gt;&lt;OrderDiscountValidation&gt;&lt;Order Discount Appearing in order table on review order page&gt;[5/14/2018 10:06:59 PM]&lt;INFO&gt;CheckoutCreditCardShippingAndBillingControls : method executing[5/14/2018 10:06:59 PM]&lt;Info&gt;AllBrowserWindow : Locating browser window...[5/14/2018 10:07:08 PM]&lt;PASS&gt;&lt;OrderDiscountValidation&gt;&lt;Order Discount $15.00 Appearing in order table on review order page&gt;[5/14/2018 10:07:08 PM]&lt;INFO&gt;PlaceOrderCreditCard : method executing[5/14/2018 10:07:08 PM]&lt;INFO&gt;CheckoutCreditCardShippingAndBillingControls : method executing[5/14/2018 10:07:08 PM]&lt;Info&gt;AllBrowserWindow : Locating browser window...[5/14/2018 10:07:16 PM]&lt;INFO&gt;KeyboardSendKeys method executing...[5/14/2018 10:08:47 PM]&lt;Info&gt;AllBrowserWindow : Locating browser window...[5/14/2018 10:08:57 PM]&lt;Info&gt;AllBrowserWindow : Locating browser window...[5/14/2018 10:09:00 PM]&lt;INFO&gt;KeyboardSendKeys method executing...[5/14/2018 10:09:01 PM]&lt;PASS&gt;&lt;OrderDiscountValidation&gt;&lt;Order Discount Appearing in order table on order confirmation page&gt;[5/14/2018 10:09:01 PM]&lt;INFO&gt;CheckoutCreditCardShippingAndBillingControls : method executing[5/14/2018 10:09:01 PM]&lt;Info&gt;AllBrowserWindow : Locating browser window...[5/14/2018 10:09:30 PM]&lt;PASS&gt;&lt;OrderDiscountValidation&gt;&lt;Order Discount $15.00 Appearing in order table on order confirmation page&gt;[5/14/2018 10:09:30 PM]&lt;INFO&gt;DeleteWishlistFromDatabase : method executing[5/14/2018 10:09:30 PM]&lt;INFO&gt;DeletOrderItem : method executing[5/14/2018 10:09:59 PM]&lt;RESULT&gt;Test Ended:#PASS=9, #FAIL=0[5/14/2018 10:10:00 PM]&lt;INFO&gt;LogCPUAndMemoryUsage: Available Memory = 25192(MB), CPU Usage = 2.69438%[5/14/2018 10:10:00 PM]&lt;INFO&gt;Private Working Set for QTAgent32_40, usage=194724 (K)[5/14/2018 10:10:00 PM]&lt;RESULT&gt;&lt;OrderDiscountValidation&gt; Test PASSED</StdOut>
      </Output>
      <ResultFiles />
    </UnitTestResult>
    <UnitTestResult executionId="1a0591eb-46c5-4a51-9a7e-8a2e055a7db0" testId="450d2f15-c119-dd8f-390f-261cea6330a3" testName="ProductDiscountValidation" computerName="CMP01-YKUMAR" duration="00:05:59.5517996" startTime="2018-05-14T22:10:02.1852310-05:00" endTime="2018-05-14T22:16:01.7422310-05:00" testType="13cdc9d9-ddb5-4fa4-a97d-d965ccfc6d4b" outcome="Passed" testListId="8c84fa94-04c1-424b-9868-57a2d4851a1d">
      <Output>
        <StdOut>Logging to custom path:\\CMP01-YKumar\AutoLog[5/14/2018 10:10:02 PM]&lt;STARTLOG&gt;&lt;ProductDiscountValidation&gt;Test Started: Expecting: #PASS=Undefined and #FAIL=0
Running from MTM=True, running on machine name:CMP01-YKUMAR, user name=ykumar, OS=Microsoft Windows NT 6.1.7601 Service Pack 1, Is64BitOS=True[5/14/2018 10:10:03 PM]&lt;INFO&gt;LogCPUAndMemoryUsage: Available Memory = 25265(MB), CPU Usage = 39.74461%[5/14/2018 10:10:03 PM]&lt;INFO&gt;Private Working Set for QTAgent32_40, usage=194832 (K)[5/14/2018 10:10:03 PM]&lt;INFO&gt;Path To TestConfig xml=C:\Users\ykumar\AppData\Local\VSEQT\QTAgent\26974\CMP01-YKUMAR.horizonhobby.com\Deployment\SharedCommonConfig.xml[5/14/2018 10:10:03 PM]&lt;INFO&gt;Path To TestData xml=C:\Users\ykumar\AppData\Local\VSEQT\QTAgent\26974\CMP01-YKUMAR.horizonhobby.com\Deployment\CartDisplayTestData_221002.xml[5/14/2018 10:10:03 PM]&lt;INFO&gt;Path To HorizonHobbyQA Application Url=https://www-tst.horizonhobby.com[5/14/2018 10:10:03 PM]&lt;INFO&gt;HorizonHobbyQA sql connection string=Server=cmp02-ws-tst-db01:50000;Database=TST01DB;UID=wcdbuser;PWD=h0r1z0n;Connect Timeout=30[5/14/2018 10:10:03 PM]&lt;INFO&gt;Country is := US and language id is := '-1'[5/14/2018 10:10:03 PM]&lt;INFO&gt;Current browser used for test execution is = 'IE'[5/14/2018 10:10:06 PM]&lt;Info&gt;AllBrowserWindow : Locating browser window...[5/14/2018 10:10:08 PM]&lt;INFO&gt;SurveyWindow : method executing ...[5/14/2018 10:10:13 PM]&lt;INFO&gt;ContinueOnCertificationErrorClickexecuting ...[5/14/2018 10:10:13 PM]&lt;Info&gt;DEAllBrowserWindow : Locating browser window...[5/14/2018 10:10:18 PM]&lt;INFO&gt;UserRegistration : method executing ...[5/14/2018 10:10:18 PM]&lt;Info&gt;AllBrowserWindow : Locating browser window...[5/14/2018 10:10:40 PM]&lt;Info&gt;AllBrowserWindow : Locating browser window...[5/14/2018 10:10:54 PM]&lt;Info&gt;AllBrowserWindow : Locating browser window...[5/14/2018 10:11:08 PM]&lt;INFO&gt;SearchProductexecuting ... Searching term:= 'RC4ZS0518'[5/14/2018 10:11:14 PM]&lt;Info&gt;AllBrowserWindow : Locating browser window...[5/14/2018 10:11:14 PM]&lt;INFO&gt;SurveyWindow : method executing ...[5/14/2018 10:11:32 PM]&lt;INFO&gt;BackOrderClickexecuting ...[5/14/2018 10:11:32 PM]&lt;INFO&gt;GoToCartClickexecuting ...[5/14/2018 10:11:38 PM]&lt;Info&gt;AllBrowserWindow : Locating browser window...[5/14/2018 10:11:47 PM]&lt;PASS&gt;&lt;ProductDiscountValidation&gt;&lt;Promo Code Text Box appears&gt;[5/14/2018 10:11:47 PM]&lt;PASS&gt;&lt;ProductDiscountValidation&gt;&lt;Apply Promo Code button appears&gt;[5/14/2018 10:11:47 PM]&lt;INFO&gt;ApplyPromoCode : method executing ...  -funfrenz14[5/14/2018 10:11:47 PM]&lt;INFO&gt;SurveyWindow : method executing ...[5/14/2018 10:11:59 PM]&lt;INFO&gt;KeyboardSendKeys method executing...[5/14/2018 10:12:00 PM]&lt;INFO&gt;CheckoutCreditCardShippingAndBillingControls : method executing[5/14/2018 10:12:00 PM]&lt;Info&gt;AllBrowserWindow : Locating browser window...[5/14/2018 10:12:15 PM]&lt;PASS&gt;&lt;ProductDiscountValidation&gt;&lt;Product Discount Appearing in order table on shopping cart page&gt;[5/14/2018 10:12:15 PM]&lt;INFO&gt;CheckoutProcessStartShoppingCart : method executing[5/14/2018 10:12:15 PM]&lt;Info&gt;AllBrowserWindow : Locating browser window...[5/14/2018 10:12:22 PM]&lt;INFO&gt;CheckoutShoppingCartControls : method executing[5/14/2018 10:12:22 PM]&lt;Info&gt;AllBrowserWindow : Locating browser window...[5/14/2018 10:12:30 PM]&lt;Info&gt;AllBrowserWindow : Locating browser window...[5/14/2018 10:12:33 PM]&lt;INFO&gt;KeyboardSendKeys method executing...[5/14/2018 10:12:33 PM]&lt;INFO&gt;CheckoutCreditCardShippingAndBillingControls : method executing[5/14/2018 10:12:33 PM]&lt;Info&gt;AllBrowserWindow : Locating browser window...[5/14/2018 10:12:43 PM]&lt;PASS&gt;&lt;ProductDiscountValidation&gt;&lt;Product Discount $3.00Appearing in order table on shipping and billing method page&gt;[5/14/2018 10:12:43 PM]&lt;INFO&gt;SelectCheckoutPaymentRadiobutton : method executing[5/14/2018 10:12:43 PM]&lt;INFO&gt;CheckoutCreditCardShippingAndBillingControls : method executing[5/14/2018 10:12:43 PM]&lt;Info&gt;AllBrowserWindow : Locating browser window...[5/14/2018 10:12:52 PM]&lt;INFO&gt;FillCreditCardDetails : method executing[5/14/2018 10:12:52 PM]&lt;INFO&gt;CheckoutCreditCardShippingAndBillingControls : method executing[5/14/2018 10:12:52 PM]&lt;Info&gt;AllBrowserWindow : Locating browser window...[5/14/2018 10:13:01 PM]&lt;INFO&gt;ClickReviewOrder : method executing[5/14/2018 10:13:01 PM]&lt;INFO&gt;CheckoutCreditCardShippingAndBillingControls : method executing[5/14/2018 10:13:01 PM]&lt;Info&gt;AllBrowserWindow : Locating browser window...[5/14/2018 10:13:05 PM]&lt;Info&gt;AllBrowserWindow : Locating browser window...[5/14/2018 10:13:21 PM]&lt;INFO&gt;CheckoutCreditCardShippingAndBillingControls : method executing[5/14/2018 10:13:21 PM]&lt;Info&gt;AllBrowserWindow : Locating browser window...[5/14/2018 10:13:30 PM]&lt;PASS&gt;&lt;ProductDiscountValidation&gt;&lt;Product Discount $3.00 Appearing in order table on review order page&gt;[5/14/2018 10:13:30 PM]&lt;INFO&gt;PlaceOrderCreditCard : method executing[5/14/2018 10:13:30 PM]&lt;INFO&gt;CheckoutCreditCardShippingAndBillingControls : method executing[5/14/2018 10:13:30 PM]&lt;Info&gt;AllBrowserWindow : Locating browser window...[5/14/2018 10:13:39 PM]&lt;INFO&gt;KeyboardSendKeys method executing...[5/14/2018 10:15:10 PM]&lt;Info&gt;AllBrowserWindow : Locating browser window...[5/14/2018 10:15:18 PM]&lt;Info&gt;AllBrowserWindow : Locating browser window...[5/14/2018 10:15:18 PM]&lt;INFO&gt;KeyboardSendKeys method executing...[5/14/2018 10:15:18 PM]&lt;INFO&gt;CheckoutCreditCardShippingAndBillingControls : method executing[5/14/2018 10:15:18 PM]&lt;Info&gt;AllBrowserWindow : Locating browser window...[5/14/2018 10:15:28 PM]&lt;PASS&gt;&lt;ProductDiscountValidation&gt;&lt;Product Discount $2.50 Appearing in order table on order confirmation page&gt;[5/14/2018 10:15:28 PM]&lt;INFO&gt;DeleteWishlistFromDatabase : method executing[5/14/2018 10:15:28 PM]&lt;INFO&gt;DeletOrderItem : method executing[5/14/2018 10:15:58 PM]&lt;RESULT&gt;Test Ended:#PASS=6, #FAIL=0[5/14/2018 10:15:59 PM]&lt;INFO&gt;LogCPUAndMemoryUsage: Available Memory = 25200(MB), CPU Usage = 8.54441%[5/14/2018 10:15:59 PM]&lt;INFO&gt;Private Working Set for QTAgent32_40, usage=195116 (K)[5/14/2018 10:15:59 PM]&lt;RESULT&gt;&lt;ProductDiscountValidation&gt; Test PASSED</StdOut>
      </Output>
      <ResultFiles>
        <ResultFile path="CMP01-YKUMAR.horizonhobby.com\CartDisplayTestData_221002.xml" />
        <ResultFile path="CMP01-YKUMAR.horizonhobby.com\ProductDiscountValidation_20180514221002.log" />
        <ResultFile path="CMP01-YKUMAR.horizonhobby.com\ProductDiscountValidation_ResultsONLY_20180514221002.log" />
        <ResultFile path="CMP01-YKUMAR.horizonhobby.com\SharedCommonConfig.xml" />
      </ResultFiles>
    </UnitTestResult>
    <UnitTestResult executionId="d174e0f4-03ab-4111-8dbb-708c8802e8df" testId="259bf6c0-ed43-8fa1-4f46-d7735f91353e" testName="ShippingDiscountValidation" computerName="CMP01-YKUMAR" duration="00:04:52.9635782" startTime="2018-05-14T22:16:01.7442310-05:00" endTime="2018-05-14T22:20:54.7152310-05:00" testType="13cdc9d9-ddb5-4fa4-a97d-d965ccfc6d4b" outcome="Passed" testListId="8c84fa94-04c1-424b-9868-57a2d4851a1d">
      <Output>
        <StdOut>Logging to custom path:\\CMP01-YKumar\AutoLog[5/14/2018 10:16:01 PM]&lt;STARTLOG&gt;&lt;ShippingDiscountValidation&gt;Test Started: Expecting: #PASS=Undefined and #FAIL=0
Running from MTM=True, running on machine name:CMP01-YKUMAR, user name=ykumar, OS=Microsoft Windows NT 6.1.7601 Service Pack 1, Is64BitOS=True[5/14/2018 10:16:02 PM]&lt;INFO&gt;LogCPUAndMemoryUsage: Available Memory = 25213(MB), CPU Usage = 36.71012%[5/14/2018 10:16:02 PM]&lt;INFO&gt;Private Working Set for QTAgent32_40, usage=195204 (K)[5/14/2018 10:16:02 PM]&lt;INFO&gt;Path To TestConfig xml=C:\Users\ykumar\AppData\Local\VSEQT\QTAgent\26974\CMP01-YKUMAR.horizonhobby.com\Deployment\SharedCommonConfig.xml[5/14/2018 10:16:02 PM]&lt;INFO&gt;Path To TestData xml=C:\Users\ykumar\AppData\Local\VSEQT\QTAgent\26974\CMP01-YKUMAR.horizonhobby.com\Deployment\CartDisplayTestData_221601.xml[5/14/2018 10:16:02 PM]&lt;INFO&gt;Path To HorizonHobbyQA Application Url=https://www-tst.horizonhobby.com[5/14/2018 10:16:02 PM]&lt;INFO&gt;HorizonHobbyQA sql connection string=Server=cmp02-ws-tst-db01:50000;Database=TST01DB;UID=wcdbuser;PWD=h0r1z0n;Connect Timeout=30[5/14/2018 10:16:02 PM]&lt;INFO&gt;Country is := US and language id is := '-1'[5/14/2018 10:16:02 PM]&lt;INFO&gt;Current browser used for test execution is = 'IE'[5/14/2018 10:16:09 PM]&lt;INFO&gt;SearchProductexecuting ... Searching term:= 'INTT7983S'[5/14/2018 10:16:15 PM]&lt;Info&gt;AllBrowserWindow : Locating browser window...[5/14/2018 10:16:16 PM]&lt;INFO&gt;BackOrderClickexecuting ...[5/14/2018 10:16:16 PM]&lt;INFO&gt;GoToCartClickexecuting ...[5/14/2018 10:16:23 PM]&lt;Info&gt;AllBrowserWindow : Locating browser window...[5/14/2018 10:16:36 PM]&lt;PASS&gt;&lt;ShippingDiscountValidation&gt;&lt;Order Discount not Appearing in order table on shopping cart page&gt;[5/14/2018 10:16:36 PM]&lt;INFO&gt;CheckoutProcessStartShoppingCart : method executing[5/14/2018 10:16:36 PM]&lt;Info&gt;AllBrowserWindow : Locating browser window...[5/14/2018 10:16:43 PM]&lt;INFO&gt;CheckoutShoppingCartControls : method executing[5/14/2018 10:16:43 PM]&lt;Info&gt;AllBrowserWindow : Locating browser window...[5/14/2018 10:16:57 PM]&lt;Info&gt;AllBrowserWindow : Locating browser window...[5/14/2018 10:17:05 PM]&lt;INFO&gt;FillBillingAndShippingAddressexecuting ...[5/14/2018 10:17:05 PM]&lt;Info&gt;AllBrowserWindow : Locating browser window...[5/14/2018 10:17:11 PM]&lt;INFO&gt;SelectBillingCountryexecuting ...[5/14/2018 10:17:19 PM]&lt;INFO&gt;SelectBillingStateexecuting ...[5/14/2018 10:17:42 PM]&lt;Info&gt;AllBrowserWindow : Locating browser window...[5/14/2018 10:17:50 PM]&lt;INFO&gt;GetShippingMethodRadioButtonControl : method executing[5/14/2018 10:17:50 PM]&lt;Info&gt;AllBrowserWindow : Locating browser window...[5/14/2018 10:17:52 PM]&lt;INFO&gt;ShippingMethodSelection : method executing[5/14/2018 10:17:52 PM]&lt;Info&gt;AllBrowserWindow : Locating browser window...[5/14/2018 10:17:57 PM]&lt;INFO&gt;GetAllShippingOptions : is executing ...[5/14/2018 10:17:57 PM]&lt;Info&gt;AllBrowserWindow : Locating browser window...[5/14/2018 10:18:00 PM]&lt;INFO&gt;ApplyPromoCode : method executing ...  -FIXEDHALF[5/14/2018 10:18:08 PM]&lt;PASS&gt;&lt;ShippingDiscountValidation&gt;&lt; The ground cost comes out to be $2.99&gt;[5/14/2018 10:18:08 PM]&lt;PASS&gt;&lt;ShippingDiscountValidation&gt;&lt; Label for the 'Shipping discount' and the adjoin amount (say $0.00) will  be displayed.&gt;[5/14/2018 10:18:08 PM]&lt;INFO&gt;SelectCheckoutPaymentRadiobutton : method executing[5/14/2018 10:18:08 PM]&lt;INFO&gt;CheckoutCreditCardShippingAndBillingControls : method executing[5/14/2018 10:18:08 PM]&lt;Info&gt;AllBrowserWindow : Locating browser window...[5/14/2018 10:18:16 PM]&lt;INFO&gt;FillCreditCardDetails : method executing[5/14/2018 10:18:16 PM]&lt;INFO&gt;CheckoutCreditCardShippingAndBillingControls : method executing[5/14/2018 10:18:16 PM]&lt;Info&gt;AllBrowserWindow : Locating browser window...[5/14/2018 10:18:25 PM]&lt;INFO&gt;ClickReviewOrder : method executing[5/14/2018 10:18:25 PM]&lt;INFO&gt;CheckoutCreditCardShippingAndBillingControls : method executing[5/14/2018 10:18:25 PM]&lt;Info&gt;AllBrowserWindow : Locating browser window...[5/14/2018 10:18:29 PM]&lt;Info&gt;AllBrowserWindow : Locating browser window...[5/14/2018 10:18:39 PM]&lt;INFO&gt;CheckoutCreditCardShippingAndBillingControls : method executing[5/14/2018 10:18:39 PM]&lt;Info&gt;AllBrowserWindow : Locating browser window...[5/14/2018 10:18:48 PM]&lt;PASS&gt;&lt;ShippingDiscountValidation&gt;&lt;Shipping Discount $0.00 Appearing in order table on review order page&gt;[5/14/2018 10:18:48 PM]&lt;INFO&gt;PlaceOrderCreditCard : method executing[5/14/2018 10:18:48 PM]&lt;INFO&gt;CheckoutCreditCardShippingAndBillingControls : method executing[5/14/2018 10:18:48 PM]&lt;Info&gt;AllBrowserWindow : Locating browser window...[5/14/2018 10:18:57 PM]&lt;INFO&gt;KeyboardSendKeys method executing...[5/14/2018 10:20:28 PM]&lt;Info&gt;AllBrowserWindow : Locating browser window...[5/14/2018 10:20:36 PM]&lt;Info&gt;AllBrowserWindow : Locating browser window...[5/14/2018 10:20:42 PM]&lt;INFO&gt;CheckoutCreditCardShippingAndBillingControls : method executing[5/14/2018 10:20:42 PM]&lt;Info&gt;AllBrowserWindow : Locating browser window...[5/14/2018 10:20:51 PM]&lt;PASS&gt;&lt;ShippingDiscountValidation&gt;&lt;Shipping discount $0.00 Appearing in order table on order confirmation page&gt;[5/14/2018 10:20:51 PM]&lt;RESULT&gt;Test Ended:#PASS=5, #FAIL=0[5/14/2018 10:20:52 PM]&lt;INFO&gt;LogCPUAndMemoryUsage: Available Memory = 25167(MB), CPU Usage = 3.66938%[5/14/2018 10:20:52 PM]&lt;INFO&gt;Private Working Set for QTAgent32_40, usage=195836 (K)[5/14/2018 10:20:52 PM]&lt;RESULT&gt;&lt;ShippingDiscountValidation&gt; Test PASSED</StdOut>
      </Output>
      <ResultFiles />
    </UnitTestResult>
    <UnitTestResult executionId="f293377f-e539-4547-bdd3-82ea32c8b3fb" testId="45b1a834-6dba-8125-6aa8-bec09e7d335a" testName="EnvoyCheckoutMilitaryAndUSTerritoryShippingAddresses" computerName="CMP01-YKUMAR" duration="00:01:17.7131793" startTime="2018-05-14T22:20:54.7162310-05:00" endTime="2018-05-14T22:22:12.7952310-05:00" testType="13cdc9d9-ddb5-4fa4-a97d-d965ccfc6d4b" outcome="Failed" testListId="8c84fa94-04c1-424b-9868-57a2d4851a1d">
      <Output>
        <StdOut>Logging to custom path:\\CMP01-YKumar\AutoLogAssert.Fail failed. 
#Other errors=1
[Error details below]
&lt;ERROR&gt;[5/14/2018 10:22:09 PM]&lt;Error&gt;EnvoyCheckoutMilitaryAndUSTerritoryShippingAddresses : failed executing ...There is no row at position 0.   at TestAuto.LoggingAndSharedGenericMethods.EndTest() in c:\Builds\1\WebSphere\QATestAutomation\src\CodedUITest\SourceCode\Common\Logging\Logging.cs:line 1628
   at TestAuto.BorderFree.TestCleanup() in c:\Builds\1\WebSphere\QATestAutomation\src\CodedUITest\SourceCode\HHobby\BorderFree\BorderFree.cs:line 2628
[5/14/2018 10:20:55 PM]&lt;STARTLOG&gt;&lt;EnvoyCheckoutMilitaryAndUSTerritoryShippingAddresses&gt;Test Started: Expecting: #PASS=Undefined and #FAIL=0
Running from MTM=True, running on machine name:CMP01-YKUMAR, user name=ykumar, OS=Microsoft Windows NT 6.1.7601 Service Pack 1, Is64BitOS=True[5/14/2018 10:20:56 PM]&lt;INFO&gt;LogCPUAndMemoryUsage: Available Memory = 25413(MB), CPU Usage = 28.50603%[5/14/2018 10:20:56 PM]&lt;INFO&gt;Private Working Set for QTAgent32_40, usage=199064 (K)[5/14/2018 10:20:56 PM]&lt;INFO&gt;Path To TestConfig xml=C:\Users\ykumar\AppData\Local\VSEQT\QTAgent\26974\CMP01-YKUMAR.horizonhobby.com\Deployment\SharedCommonConfig.xml[5/14/2018 10:20:56 PM]&lt;INFO&gt;Path To TestData xml=C:\Users\ykumar\AppData\Local\VSEQT\QTAgent\26974\CMP01-YKUMAR.horizonhobby.com\Deployment\BorderFreeTestData_222055.xml[5/14/2018 10:20:56 PM]&lt;INFO&gt;Path To HorizonHobbyQA Application Url=https://www-tst.horizonhobby.com[5/14/2018 10:20:56 PM]&lt;INFO&gt;HorizonHobbyQA sql connection string=Server=cmp02-ws-tst-db01:50000;Database=TST01DB;UID=wcdbuser;PWD=h0r1z0n;Connect Timeout=30[5/14/2018 10:20:56 PM]&lt;INFO&gt;Country is := US and language id is := '-1'[5/14/2018 10:20:56 PM]&lt;INFO&gt;Current browser used for test execution is = 'IE'[5/14/2018 10:21:00 PM]&lt;Info&gt;AllBrowserWindow : Locating browser window...[5/14/2018 10:21:13 PM]&lt;INFO&gt;GetShippingRestrictedProductsWithCountry executing... [5/14/2018 10:21:13 PM]&lt;INFO&gt;SearchProductexecuting ... Searching term:= 'BLH4003'[5/14/2018 10:21:18 PM]&lt;Info&gt;AllBrowserWindow : Locating browser window...[5/14/2018 10:21:18 PM]&lt;INFO&gt;BackOrderClickexecuting ...[5/14/2018 10:21:21 PM]&lt;INFO&gt;GoToCartClickexecuting ...[5/14/2018 10:21:32 PM]&lt;Info&gt;AllBrowserWindow : Locating browser window...[5/14/2018 10:21:40 PM]&lt;Info&gt;AllBrowserWindow : Locating browser window...[5/14/2018 10:21:48 PM]&lt;Info&gt;AllBrowserWindow : Locating browser window...[5/14/2018 10:21:58 PM]&lt;PASS&gt;&lt;EnvoyCheckoutMilitaryAndUSTerritoryShippingAddresses&gt;&lt;Interrupt window did not appear for guest user on clicking checkout on shopping cart page&gt;[5/14/2018 10:21:58 PM]&lt;Info&gt;AllBrowserWindow : Locating browser window...[5/14/2018 10:21:58 PM]&lt;Info&gt;AllBrowserWindow : Locating browser window...[5/14/2018 10:21:58 PM]&lt;Info&gt;AllBrowserWindow : Locating browser window...Assert.Fail failed. [5/14/2018 10:22:09 PM]&lt;Error&gt;EnvoyCheckoutMilitaryAndUSTerritoryShippingAddresses : failed executing ...There is no row at position 0., 
    StackTrace:
    EnvoyCheckoutMilitaryAndUSTerritoryShippingAddresses(),BorderFree.cs,Line Number:2511[5/14/2018 10:22:09 PM]&lt;CaptureImage&gt;\\CMP01-YKumar\AutoLog\CMP01-YKUMAR\EnvoyCheckoutMilitaryAndUSTerritoryShippingAddresses_20180514222209.png[5/14/2018 10:22:09 PM]&lt;RESULT&gt;Test Ended:#PASS=1, #FAIL=0,#Other errors=1[5/14/2018 10:22:10 PM]&lt;INFO&gt;LogCPUAndMemoryUsage: Available Memory = 25143(MB), CPU Usage = 1.32937%[5/14/2018 10:22:10 PM]&lt;INFO&gt;Private Working Set for QTAgent32_40, usage=216076 (K)[5/14/2018 10:22:10 PM]&lt;RESULT&gt;&lt;EnvoyCheckoutMilitaryAndUSTerritoryShippingAddresses&gt; Test FAILED: #Other errors=1. See Error Message/logs for further details.</StdOut>
        <ErrorInfo>
          <Message>Assert.Fail failed. 
#Other errors=1
[Error details below]
&lt;ERROR&gt;[5/14/2018 10:22:09 PM]&lt;Error&gt;EnvoyCheckoutMilitaryAndUSTerritoryShippingAddresses : failed executing ...There is no row at position 0.</Message>
          <StackTrace>   at TestAuto.LoggingAndSharedGenericMethods.EndTest() in c:\Builds\1\WebSphere\QATestAutomation\src\CodedUITest\SourceCode\Common\Logging\Logging.cs:line 1628
   at TestAuto.BorderFree.TestCleanup() in c:\Builds\1\WebSphere\QATestAutomation\src\CodedUITest\SourceCode\HHobby\BorderFree\BorderFree.cs:line 2628
</StackTrace>
        </ErrorInfo>
      </Output>
      <ResultFiles />
    </UnitTestResult>
    <UnitTestResult executionId="319478a3-ff29-4baf-bbf8-776f90cd9b3a" testId="b1b1dcc2-abc3-a156-1698-d995de0ff230" testName="IPDetectionFunctionality" computerName="CMP01-YKUMAR" duration="00:03:15.1667425" startTime="2018-05-14T22:22:12.7962310-05:00" endTime="2018-05-14T22:25:27.9702310-05:00" testType="13cdc9d9-ddb5-4fa4-a97d-d965ccfc6d4b" outcome="Passed" testListId="8c84fa94-04c1-424b-9868-57a2d4851a1d">
      <Output>
        <StdOut>Logging to custom path:\\CMP01-YKumar\AutoLog[5/14/2018 10:22:12 PM]&lt;STARTLOG&gt;&lt;IPDetectionFunctionality&gt;Test Started: Expecting: #PASS=Undefined and #FAIL=0
Running from MTM=True, running on machine name:CMP01-YKUMAR, user name=ykumar, OS=Microsoft Windows NT 6.1.7601 Service Pack 1, Is64BitOS=True[5/14/2018 10:22:13 PM]&lt;INFO&gt;LogCPUAndMemoryUsage: Available Memory = 25238(MB), CPU Usage = 36.34574%[5/14/2018 10:22:13 PM]&lt;INFO&gt;Private Working Set for QTAgent32_40, usage=216220 (K)[5/14/2018 10:22:13 PM]&lt;INFO&gt;Path To TestConfig xml=C:\Users\ykumar\AppData\Local\VSEQT\QTAgent\26974\CMP01-YKUMAR.horizonhobby.com\Deployment\SharedCommonConfig.xml[5/14/2018 10:22:13 PM]&lt;INFO&gt;Path To TestData xml=C:\Users\ykumar\AppData\Local\VSEQT\QTAgent\26974\CMP01-YKUMAR.horizonhobby.com\Deployment\BorderFreeTestData_222212.xml[5/14/2018 10:22:13 PM]&lt;INFO&gt;Path To HorizonHobbyQA Application Url=https://www-tst.horizonhobby.com[5/14/2018 10:22:13 PM]&lt;INFO&gt;HorizonHobbyQA sql connection string=Server=cmp02-ws-tst-db01:50000;Database=TST01DB;UID=wcdbuser;PWD=h0r1z0n;Connect Timeout=30[5/14/2018 10:22:13 PM]&lt;INFO&gt;Country is := US and language id is := '-1'[5/14/2018 10:22:13 PM]&lt;INFO&gt;Current browser used for test execution is = 'IE'[5/14/2018 10:22:27 PM]&lt;INFO&gt;SurveyWindow : method executing ...[5/14/2018 10:22:33 PM]&lt;PASS&gt;&lt;GetSelectedShipToCountryFlag&gt;&lt;Expected country's flag appears as IN.gif&gt;[5/14/2018 10:22:37 PM]&lt;Info&gt;AllBrowserWindow : Locating browser window...[5/14/2018 10:22:37 PM]&lt;INFO&gt;GetProductPriceFromProductPage : method executing ...[5/14/2018 10:22:50 PM]&lt;PASS&gt;&lt;IPDetectionFunctionality&gt;&lt;Price of the product is shown with user's currency INRpre-populated detected from the proxy&gt;[5/14/2018 10:23:05 PM]&lt;INFO&gt;SurveyWindow : method executing ...[5/14/2018 10:23:12 PM]&lt;PASS&gt;&lt;GetSelectedShipToCountryFlag&gt;&lt;Expected country's flag appears as RU.gif&gt;[5/14/2018 10:23:14 PM]&lt;Info&gt;AllBrowserWindow : Locating browser window...[5/14/2018 10:23:15 PM]&lt;INFO&gt;GetProductPriceFromProductPage : method executing ...[5/14/2018 10:23:28 PM]&lt;PASS&gt;&lt;IPDetectionFunctionality&gt;&lt;Price of the product is shown with user's currency RUBpre-populated detected from the proxy&gt;[5/14/2018 10:23:43 PM]&lt;INFO&gt;SurveyWindow : method executing ...[5/14/2018 10:23:51 PM]&lt;PASS&gt;&lt;GetSelectedShipToCountryFlag&gt;&lt;Expected country's flag appears as CN.gif&gt;[5/14/2018 10:23:53 PM]&lt;Info&gt;AllBrowserWindow : Locating browser window...[5/14/2018 10:23:53 PM]&lt;INFO&gt;GetProductPriceFromProductPage : method executing ...[5/14/2018 10:24:06 PM]&lt;PASS&gt;&lt;IPDetectionFunctionality&gt;&lt;Price of the product is shown with user's currency CNYpre-populated detected from the proxy&gt;[5/14/2018 10:24:22 PM]&lt;INFO&gt;SurveyWindow : method executing ...[5/14/2018 10:24:30 PM]&lt;PASS&gt;&lt;GetSelectedShipToCountryFlag&gt;&lt;Expected country's flag appears as DE.gif&gt;[5/14/2018 10:24:32 PM]&lt;Info&gt;AllBrowserWindow : Locating browser window...[5/14/2018 10:24:33 PM]&lt;INFO&gt;GetProductPriceFromProductPage : method executing ...[5/14/2018 10:24:46 PM]&lt;PASS&gt;&lt;IPDetectionFunctionality&gt;&lt;Price of the product is shown with user's currency EURpre-populated detected from the proxy&gt;[5/14/2018 10:25:01 PM]&lt;INFO&gt;SurveyWindow : method executing ...[5/14/2018 10:25:08 PM]&lt;PASS&gt;&lt;GetSelectedShipToCountryFlag&gt;&lt;Expected country's flag appears as AT.gif&gt;[5/14/2018 10:25:12 PM]&lt;Info&gt;AllBrowserWindow : Locating browser window...[5/14/2018 10:25:12 PM]&lt;INFO&gt;GetProductPriceFromProductPage : method executing ...[5/14/2018 10:25:24 PM]&lt;PASS&gt;&lt;IPDetectionFunctionality&gt;&lt;Price of the product is shown with user's currency EURpre-populated detected from the proxy&gt;[5/14/2018 10:25:26 PM]&lt;RESULT&gt;Test Ended:#PASS=10, #FAIL=0[5/14/2018 10:25:27 PM]&lt;INFO&gt;LogCPUAndMemoryUsage: Available Memory = 25405(MB), CPU Usage = 18.68447%[5/14/2018 10:25:27 PM]&lt;INFO&gt;Private Working Set for QTAgent32_40, usage=219192 (K)[5/14/2018 10:25:27 PM]&lt;RESULT&gt;&lt;IPDetectionFunctionality&gt; Test PASSED</StdOut>
      </Output>
      <ResultFiles />
    </UnitTestResult>
    <UnitTestResult executionId="f9b664ea-33f7-422d-a529-c533a0f50c3a" testId="0f2e97b5-1865-1de8-ef2e-e732370e80e3" testName="SupportedShippingCountryList" computerName="CMP01-YKUMAR" duration="00:00:14.8302642" startTime="2018-05-14T22:25:27.9712310-05:00" endTime="2018-05-14T22:25:42.8102310-05:00" testType="13cdc9d9-ddb5-4fa4-a97d-d965ccfc6d4b" outcome="Passed" testListId="8c84fa94-04c1-424b-9868-57a2d4851a1d">
      <Output>
        <StdOut>Logging to custom path:\\CMP01-YKumar\AutoLog[5/14/2018 10:25:27 PM]&lt;STARTLOG&gt;&lt;SupportedShippingCountryList&gt;Test Started: Expecting: #PASS=Undefined and #FAIL=0
Running from MTM=True, running on machine name:CMP01-YKUMAR, user name=ykumar, OS=Microsoft Windows NT 6.1.7601 Service Pack 1, Is64BitOS=True[5/14/2018 10:25:29 PM]&lt;INFO&gt;LogCPUAndMemoryUsage: Available Memory = 25405(MB), CPU Usage = 16.62016%[5/14/2018 10:25:29 PM]&lt;INFO&gt;Private Working Set for QTAgent32_40, usage=219456 (K)[5/14/2018 10:25:29 PM]&lt;INFO&gt;Path To TestConfig xml=C:\Users\ykumar\AppData\Local\VSEQT\QTAgent\26974\CMP01-YKUMAR.horizonhobby.com\Deployment\SharedCommonConfig.xml[5/14/2018 10:25:29 PM]&lt;INFO&gt;Path To TestData xml=C:\Users\ykumar\AppData\Local\VSEQT\QTAgent\26974\CMP01-YKUMAR.horizonhobby.com\Deployment\BorderFreeTestData_222527.xml[5/14/2018 10:25:29 PM]&lt;INFO&gt;Path To HorizonHobbyQA Application Url=https://www-tst.horizonhobby.com[5/14/2018 10:25:29 PM]&lt;INFO&gt;HorizonHobbyQA sql connection string=Server=cmp02-ws-tst-db01:50000;Database=TST01DB;UID=wcdbuser;PWD=h0r1z0n;Connect Timeout=30[5/14/2018 10:25:29 PM]&lt;INFO&gt;Country is := US and language id is := '-1'[5/14/2018 10:25:29 PM]&lt;INFO&gt;Current browser used for test execution is = 'IE'[5/14/2018 10:25:39 PM]&lt;PASS&gt;&lt;SupportedShippingCountryList&gt;&lt; Verify the items are same as expected : &gt;[5/14/2018 10:25:39 PM]&lt;PASS&gt;&lt;SupportedShippingCountryList&gt;&lt;Country list from GUI matches to that in database&gt;[5/14/2018 10:25:39 PM]&lt;RESULT&gt;Test Ended:#PASS=2, #FAIL=0[5/14/2018 10:25:40 PM]&lt;INFO&gt;LogCPUAndMemoryUsage: Available Memory = 25299(MB), CPU Usage = 1.817552%[5/14/2018 10:25:40 PM]&lt;INFO&gt;Private Working Set for QTAgent32_40, usage=219476 (K)[5/14/2018 10:25:40 PM]&lt;RESULT&gt;&lt;SupportedShippingCountryList&gt; Test PASSED</StdOut>
      </Output>
      <ResultFiles />
    </UnitTestResult>
    <UnitTestResult executionId="05e976cc-3db8-4cbe-946f-b1241c090809" testId="e40a695d-e877-95a9-5f1c-90dd0cda05f6" testName="ChangingShipToCountryFromCart" computerName="CMP01-YKUMAR" duration="00:03:19.1475569" startTime="2018-05-14T22:25:42.8112310-05:00" endTime="2018-05-14T22:29:01.9702310-05:00" testType="13cdc9d9-ddb5-4fa4-a97d-d965ccfc6d4b" outcome="Failed" testListId="8c84fa94-04c1-424b-9868-57a2d4851a1d">
      <Output>
        <StdOut>Logging to custom path:\\CMP01-YKumar\AutoLogAssert.Fail failed. 
Actual #FAIL=1, #Expected FAIL=0
#Other errors=1
[Error details below]
&lt;FAIL&gt;&lt;ChangingShipToCountryFromCart&gt;&lt;Validate that Checkout Button Exists now&gt;.Assert.AreEqual failed. Expected:&lt;False&gt;. Actual:&lt;True&gt;. 
    StackTrace:
    ChangingShipToCountryFromCart(),BorderFree.cs,Line Number:1109
&lt;ERROR&gt;[5/14/2018 10:28:58 PM]&lt;ERROR&gt;MouseClick Exception:Microsoft.VisualStudio.TestTools.UITest.Extension.UITestControlNotFoundException: The playback failed to find the control with the given search properties. Additional Details: 
TechnologyName:  'Web'
ControlType:  'Button'
TagName:  'BUTTON'
Class:  'button shopCart_checkout intCheckout'
 Failed to find any control that matched the search condition ControlType='Button' &amp;&amp; Class='button shopCart_checkout intCheckout' ---&gt; System.Runtime.InteropServices.COMException: Error HRESULT E_FAIL has been returned from a call to a COM component.
   at Microsoft.VisualStudio.TestTools.UITest.Playback.Engine.IScreenElement.FindAllDescendants(String bstrQueryId, Object&amp; pvarResKeys, Int32 cResKeys, Int32 nMaxDepth)
   at Microsoft.VisualStudio.TestTools.UITest.Playback.ScreenElement.FindAllScreenElement(String queryId, Int32 depth, Boolean singleQueryId, Boolean throwException, Boolean resetSkipStep)
   at Microsoft.VisualStudio.TestTools.UITest.Playback.ScreenElement.FindScreenElement(String queryId, Int32 depth, Boolean resetSkipStep)
   at Microsoft.VisualStudio.TestTools.UITesting.UITestControl.FindFirstDescendant(String queryId, Int32 maxDepth, Int32&amp; timeLeft)
   --- End of inner exception stack trace ---
   at Microsoft.VisualStudio.TestTools.UITesting.Playback.MapControlNotFoundException(COMException ex, IPlaybackContext context)
   at Microsoft.VisualStudio.TestTools.UITesting.Playback.MapAndThrowComException(COMException innerException, IPlaybackContext context)
   at Microsoft.VisualStudio.TestTools.UITesting.Playback.MapAndThrowException(SystemException exception, IPlaybackContext context)
   at Microsoft.VisualStudio.TestTools.UITesting.Playback.MapAndThrowException(SystemException exception, String queryId)
   at Microsoft.VisualStudio.TestTools.UITesting.UITestControl.FindFirstDescendant(String queryId, Int32 maxDepth, Int32&amp; timeLeft)
   at Microsoft.VisualStudio.TestTools.UITesting.SearchHelper.GetUITestControlRecursive(Boolean useCache, Boolean alwaysSearch, ISearchArgument searchArg, IList`1 windowTitles, Int32&amp; timeLeft)
   at Microsoft.VisualStudio.TestTools.UITesting.SearchHelper.GetElement(Boolean useCache, ISearchArgument searchArg)
   at Microsoft.VisualStudio.TestTools.UITesting.SearchHelper.Search(ISearchArgument searchArg)
   at Microsoft.VisualStudio.TestTools.UITesting.UITestControl.FindInternal()
   at Microsoft.VisualStudio.TestTools.UITesting.UITestControl.&lt;Find&gt;b__3a()
   at Microsoft.VisualStudio.TestTools.UITesting.CodedUITestMethodInvoker.InvokeMethod[T](Func`1 function, UITestControl control, Boolean firePlaybackErrorEvent, Boolean logAsAction)
   at Microsoft.VisualStudio.TestTools.UITesting.UITestControl.Find()
   at Microsoft.VisualStudio.TestTools.UITesting.UITestControl.GetPropertyPrivate(String propertyName)
   at Microsoft.VisualStudio.TestTools.UITesting.UITestControl.GetPropertyOfType[T](String propertyName)
   at Microsoft.VisualStudio.TestTools.UITesting.UITestControl.get_Name()
   at TestAuto.LoggingAndSharedGenericMethods.MouseClick(UITestControl uiMenuItemTestControl) in c:\Builds\1\WebSphere\QATestAutomation\src\CodedUITest\SourceCode\Common\Logging\SharedMethods_Generic.cs:line 790   at TestAuto.LoggingAndSharedGenericMethods.EndTest() in c:\Builds\1\WebSphere\QATestAutomation\src\CodedUITest\SourceCode\Common\Logging\Logging.cs:line 1628
   at TestAuto.BorderFree.TestCleanup() in c:\Builds\1\WebSphere\QATestAutomation\src\CodedUITest\SourceCode\HHobby\BorderFree\BorderFree.cs:line 2628
[5/14/2018 10:25:42 PM]&lt;STARTLOG&gt;&lt;ChangingShipToCountryFromCart&gt;Test Started: Expecting: #PASS=Undefined and #FAIL=0
Running from MTM=True, running on machine name:CMP01-YKUMAR, user name=ykumar, OS=Microsoft Windows NT 6.1.7601 Service Pack 1, Is64BitOS=True[5/14/2018 10:25:43 PM]&lt;INFO&gt;LogCPUAndMemoryUsage: Available Memory = 25393(MB), CPU Usage = 14.47997%[5/14/2018 10:25:43 PM]&lt;INFO&gt;Private Working Set for QTAgent32_40, usage=227704 (K)[5/14/2018 10:25:43 PM]&lt;INFO&gt;Path To TestConfig xml=C:\Users\ykumar\AppData\Local\VSEQT\QTAgent\26974\CMP01-YKUMAR.horizonhobby.com\Deployment\SharedCommonConfig.xml[5/14/2018 10:25:43 PM]&lt;INFO&gt;Path To TestData xml=C:\Users\ykumar\AppData\Local\VSEQT\QTAgent\26974\CMP01-YKUMAR.horizonhobby.com\Deployment\BorderFreeTestData_222542.xml[5/14/2018 10:25:43 PM]&lt;INFO&gt;Path To HorizonHobbyQA Application Url=https://www-tst.horizonhobby.com[5/14/2018 10:25:43 PM]&lt;INFO&gt;HorizonHobbyQA sql connection string=Server=cmp02-ws-tst-db01:50000;Database=TST01DB;UID=wcdbuser;PWD=h0r1z0n;Connect Timeout=30[5/14/2018 10:25:43 PM]&lt;INFO&gt;Country is := US and language id is := '-1'[5/14/2018 10:25:43 PM]&lt;INFO&gt;Current browser used for test execution is = 'IE'[5/14/2018 10:25:43 PM]&lt;INFO&gt;GetShippingRestrictedProductsWithCountry executing... [5/14/2018 10:25:47 PM]&lt;Info&gt;AllBrowserWindow : Locating browser window...[5/14/2018 10:25:47 PM]&lt;INFO&gt;SearchProductexecuting ... Searching term:= 'ORI28324'[5/14/2018 10:25:53 PM]&lt;Info&gt;AllBrowserWindow : Locating browser window...[5/14/2018 10:26:15 PM]&lt;Info&gt;AllBrowserWindow : Locating browser window...[5/14/2018 10:27:53 PM]&lt;INFO&gt;BackOrderClickexecuting ...[5/14/2018 10:27:54 PM]&lt;INFO&gt;GoToCartClickexecuting ...[5/14/2018 10:28:03 PM]&lt;INFO&gt;SearchProductexecuting ... Searching term:= 'TRA7381'[5/14/2018 10:28:10 PM]&lt;Info&gt;AllBrowserWindow : Locating browser window...[5/14/2018 10:28:10 PM]&lt;INFO&gt;BackOrderClickexecuting ...[5/14/2018 10:28:11 PM]&lt;INFO&gt;GoToCartClickexecuting ...[5/14/2018 10:28:17 PM]&lt;Info&gt;AllBrowserWindow : Locating browser window...[5/14/2018 10:28:42 PM]&lt;PASS&gt;&lt;ChangingShipToCountryFromCart&gt;&lt;Validate that Shipping Restriction Message is displayed&gt;[5/14/2018 10:28:42 PM]&lt;PASS&gt;&lt;ChangingShipToCountryFromCart&gt;&lt;Validate that Shipping Restriction Text&gt;[5/14/2018 10:28:46 PM]&lt;PASS&gt;&lt;ChangingShipToCountryFromCart&gt;&lt;Validate that Checkout Button doesn't Exists&gt;[5/14/2018 10:28:46 PM]&lt;PASS&gt;&lt;ChangingShipToCountryFromCart&gt;&lt;Validate that Shipping Restriction Text at Bottom&gt;[5/14/2018 10:28:51 PM]&lt;FAIL&gt;&lt;ChangingShipToCountryFromCart&gt;&lt;Validate that Checkout Button Exists now&gt;.Assert.AreEqual failed. Expected:&lt;False&gt;. Actual:&lt;True&gt;. 
    StackTrace:
    ChangingShipToCountryFromCart(),BorderFree.cs,Line Number:1109[5/14/2018 10:28:51 PM]&lt;CaptureImage&gt;\\CMP01-YKumar\AutoLog\CMP01-YKUMAR\ChangingShipToCountryFromCart_20180514222851.pngAssert.Fail failed. [5/14/2018 10:28:58 PM]&lt;ERROR&gt;MouseClick Exception:Microsoft.VisualStudio.TestTools.UITest.Extension.UITestControlNotFoundException: The playback failed to find the control with the given search properties. Additional Details: 
TechnologyName:  'Web'
ControlType:  'Button'
TagName:  'BUTTON'
Class:  'button shopCart_checkout intCheckout'
 Failed to find any control that matched the search condition ControlType='Button' &amp;&amp; Class='button shopCart_checkout intCheckout' ---&gt; System.Runtime.InteropServices.COMException: Error HRESULT E_FAIL has been returned from a call to a COM component.
   at Microsoft.VisualStudio.TestTools.UITest.Playback.Engine.IScreenElement.FindAllDescendants(String bstrQueryId, Object&amp; pvarResKeys, Int32 cResKeys, Int32 nMaxDepth)
   at Microsoft.VisualStudio.TestTools.UITest.Playback.ScreenElement.FindAllScreenElement(String queryId, Int32 depth, Boolean singleQueryId, Boolean throwException, Boolean resetSkipStep)
   at Microsoft.VisualStudio.TestTools.UITest.Playback.ScreenElement.FindScreenElement(String queryId, Int32 depth, Boolean resetSkipStep)
   at Microsoft.VisualStudio.TestTools.UITesting.UITestControl.FindFirstDescendant(String queryId, Int32 maxDepth, Int32&amp; timeLeft)
   --- End of inner exception stack trace ---
   at Microsoft.VisualStudio.TestTools.UITesting.Playback.MapControlNotFoundException(COMException ex, IPlaybackContext context)
   at Microsoft.VisualStudio.TestTools.UITesting.Playback.MapAndThrowComException(COMException innerException, IPlaybackContext context)
   at Microsoft.VisualStudio.TestTools.UITesting.Playback.MapAndThrowException(SystemException exception, IPlaybackContext context)
   at Microsoft.VisualStudio.TestTools.UITesting.Playback.MapAndThrowException(SystemException exception, String queryId)
   at Microsoft.VisualStudio.TestTools.UITesting.UITestControl.FindFirstDescendant(String queryId, Int32 maxDepth, Int32&amp; timeLeft)
   at Microsoft.VisualStudio.TestTools.UITesting.SearchHelper.GetUITestControlRecursive(Boolean useCache, Boolean alwaysSearch, ISearchArgument searchArg, IList`1 windowTitles, Int32&amp; timeLeft)
   at Microsoft.VisualStudio.TestTools.UITesting.SearchHelper.GetElement(Boolean useCache, ISearchArgument searchArg)
   at Microsoft.VisualStudio.TestTools.UITesting.SearchHelper.Search(ISearchArgument searchArg)
   at Microsoft.VisualStudio.TestTools.UITesting.UITestControl.FindInternal()
   at Microsoft.VisualStudio.TestTools.UITesting.UITestControl.&lt;Find&gt;b__3a()
   at Microsoft.VisualStudio.TestTools.UITesting.CodedUITestMethodInvoker.InvokeMethod[T](Func`1 function, UITestControl control, Boolean firePlaybackErrorEvent, Boolean logAsAction)
   at Microsoft.VisualStudio.TestTools.UITesting.UITestControl.Find()
   at Microsoft.VisualStudio.TestTools.UITesting.UITestControl.GetPropertyPrivate(String propertyName)
   at Microsoft.VisualStudio.TestTools.UITesting.UITestControl.GetPropertyOfType[T](String propertyName)
   at Microsoft.VisualStudio.TestTools.UITesting.UITestControl.get_Name()
   at TestAuto.LoggingAndSharedGenericMethods.MouseClick(UITestControl uiMenuItemTestControl) in c:\Builds\1\WebSphere\QATestAutomation\src\CodedUITest\SourceCode\Common\Logging\SharedMethods_Generic.cs:line 790, 
    StackTrace:
    MouseClick(),SharedMethods_Generic.cs,Line Number:822
    ChangingShipToCountryFromCart(),BorderFree.cs,Line Number:1110[5/14/2018 10:28:58 PM]&lt;CaptureImage&gt;\\CMP01-YKumar\AutoLog\CMP01-YKUMAR\ChangingShipToCountryFromCart_20180514222858.png[5/14/2018 10:28:58 PM]&lt;RESULT&gt;Test Ended:#PASS=4, #FAIL=1,#Other errors=1[5/14/2018 10:28:59 PM]&lt;INFO&gt;LogCPUAndMemoryUsage: Available Memory = 25157(MB), CPU Usage = 13.02944%[5/14/2018 10:28:59 PM]&lt;INFO&gt;Private Working Set for QTAgent32_40, usage=227248 (K)[5/14/2018 10:28:59 PM]&lt;RESULT&gt;&lt;ChangingShipToCountryFromCart&gt; Test FAILED: Actual #FAIL=1, #Expected FAIL=0
#Other errors=1. See Error Message/logs for further details.</StdOut>
        <ErrorInfo>
          <Message>Assert.Fail failed. 
Actual #FAIL=1, #Expected FAIL=0
#Other errors=1
[Error details below]
&lt;FAIL&gt;&lt;ChangingShipToCountryFromCart&gt;&lt;Validate that Checkout Button Exists now&gt;.Assert.AreEqual failed. Expected:&lt;False&gt;. Actual:&lt;True&gt;. 
    StackTrace:
    ChangingShipToCountryFromCart(),BorderFree.cs,Line Number:1109
&lt;ERROR&gt;[5/14/2018 10:28:58 PM]&lt;ERROR&gt;MouseClick Exception:Microsoft.VisualStudio.TestTools.UITest.Extension.UITestControlNotFoundException: The playback failed to find the control with the given search properties. Additional Details: 
TechnologyName:  'Web'
ControlType:  'Button'
TagName:  'BUTTON'
Class:  'button shopCart_checkout intCheckout'
 Failed to find any control that matched the search condition ControlType='Button' &amp;&amp; Class='button shopCart_checkout intCheckout' ---&gt; System.Runtime.InteropServices.COMException: Error HRESULT E_FAIL has been returned from a call to a COM component.
   at Microsoft.VisualStudio.TestTools.UITest.Playback.Engine.IScreenElement.FindAllDescendants(String bstrQueryId, Object&amp; pvarResKeys, Int32 cResKeys, Int32 nMaxDepth)
   at Microsoft.VisualStudio.TestTools.UITest.Playback.ScreenElement.FindAllScreenElement(String queryId, Int32 depth, Boolean singleQueryId, Boolean throwException, Boolean resetSkipStep)
   at Microsoft.VisualStudio.TestTools.UITest.Playback.ScreenElement.FindScreenElement(String queryId, Int32 depth, Boolean resetSkipStep)
   at Microsoft.VisualStudio.TestTools.UITesting.UITestControl.FindFirstDescendant(String queryId, Int32 maxDepth, Int32&amp; timeLeft)
   --- End of inner exception stack trace ---
   at Microsoft.VisualStudio.TestTools.UITesting.Playback.MapControlNotFoundException(COMException ex, IPlaybackContext context)
   at Microsoft.VisualStudio.TestTools.UITesting.Playback.MapAndThrowComException(COMException innerException, IPlaybackContext context)
   at Microsoft.VisualStudio.TestTools.UITesting.Playback.MapAndThrowException(SystemException exception, IPlaybackContext context)
   at Microsoft.VisualStudio.TestTools.UITesting.Playback.MapAndThrowException(SystemException exception, String queryId)
   at Microsoft.VisualStudio.TestTools.UITesting.UITestControl.FindFirstDescendant(String queryId, Int32 maxDepth, Int32&amp; timeLeft)
   at Microsoft.VisualStudio.TestTools.UITesting.SearchHelper.GetUITestControlRecursive(Boolean useCache, Boolean alwaysSearch, ISearchArgument searchArg, IList`1 windowTitles, Int32&amp; timeLeft)
   at Microsoft.VisualStudio.TestTools.UITesting.SearchHelper.GetElement(Boolean useCache, ISearchArgument searchArg)
   at Microsoft.VisualStudio.TestTools.UITesting.SearchHelper.Search(ISearchArgument searchArg)
   at Microsoft.VisualStudio.TestTools.UITesting.UITestControl.FindInternal()
   at Microsoft.VisualStudio.TestTools.UITesting.UITestControl.&lt;Find&gt;b__3a()
   at Microsoft.VisualStudio.TestTools.UITesting.CodedUITestMethodInvoker.InvokeMethod[T](Func`1 function, UITestControl control, Boolean firePlaybackErrorEvent, Boolean logAsAction)
   at Microsoft.VisualStudio.TestTools.UITesting.UITestControl.Find()
   at Microsoft.VisualStudio.TestTools.UITesting.UITestControl.GetPropertyPrivate(String propertyName)
   at Microsoft.VisualStudio.TestTools.UITesting.UITestControl.GetPropertyOfType[T](String propertyName)
   at Microsoft.VisualStudio.TestTools.UITesting.UITestControl.get_Name()
   at TestAuto.LoggingAndSharedGenericMethods.MouseClick(UITestControl uiMenuItemTestControl) in c:\Builds\1\WebSphere\QATestAutomation\src\CodedUITest\SourceCode\Common\Logging\SharedMethods_Generic.cs:line 790</Message>
          <StackTrace>   at TestAuto.LoggingAndSharedGenericMethods.EndTest() in c:\Builds\1\WebSphere\QATestAutomation\src\CodedUITest\SourceCode\Common\Logging\Logging.cs:line 1628
   at TestAuto.BorderFree.TestCleanup() in c:\Builds\1\WebSphere\QATestAutomation\src\CodedUITest\SourceCode\HHobby\BorderFree\BorderFree.cs:line 2628
</StackTrace>
        </ErrorInfo>
      </Output>
      <ResultFiles>
        <ResultFile path="CMP01-YKUMAR.horizonhobby.com\BorderFreeTestData_222542.xml" />
        <ResultFile path="CMP01-YKUMAR.horizonhobby.com\ChangingShipToCountryFromCart_20180514222542.log" />
        <ResultFile path="CMP01-YKUMAR.horizonhobby.com\ChangingShipToCountryFromCart_20180514222851.png" />
        <ResultFile path="CMP01-YKUMAR.horizonhobby.com\ChangingShipToCountryFromCart_20180514222858.png" />
        <ResultFile path="CMP01-YKUMAR.horizonhobby.com\ChangingShipToCountryFromCart_ResultsONLY_20180514222542.log" />
        <ResultFile path="CMP01-YKUMAR.horizonhobby.com\SharedCommonConfig.xml" />
      </ResultFiles>
    </UnitTestResult>
    <UnitTestResult executionId="a5173cc6-fac1-41bd-8c5c-48e0650f192f" testId="82caa765-f8d8-09ef-451b-07327fe67fd2" testName="SupportedBillingCurrencyList" computerName="CMP01-YKUMAR" duration="00:00:13.2645690" startTime="2018-05-14T22:29:01.9712310-05:00" endTime="2018-05-14T22:29:15.2452310-05:00" testType="13cdc9d9-ddb5-4fa4-a97d-d965ccfc6d4b" outcome="Passed" testListId="8c84fa94-04c1-424b-9868-57a2d4851a1d">
      <Output>
        <StdOut>Logging to custom path:\\CMP01-YKumar\AutoLog[5/14/2018 10:29:01 PM]&lt;STARTLOG&gt;&lt;SupportedBillingCurrencyList&gt;Test Started: Expecting: #PASS=Undefined and #FAIL=0
Running from MTM=True, running on machine name:CMP01-YKUMAR, user name=ykumar, OS=Microsoft Windows NT 6.1.7601 Service Pack 1, Is64BitOS=True[5/14/2018 10:29:03 PM]&lt;INFO&gt;LogCPUAndMemoryUsage: Available Memory = 25197(MB), CPU Usage = 36.40018%[5/14/2018 10:29:03 PM]&lt;INFO&gt;Private Working Set for QTAgent32_40, usage=227384 (K)[5/14/2018 10:29:03 PM]&lt;INFO&gt;Path To TestConfig xml=C:\Users\ykumar\AppData\Local\VSEQT\QTAgent\26974\CMP01-YKUMAR.horizonhobby.com\Deployment\SharedCommonConfig.xml[5/14/2018 10:29:03 PM]&lt;INFO&gt;Path To TestData xml=C:\Users\ykumar\AppData\Local\VSEQT\QTAgent\26974\CMP01-YKUMAR.horizonhobby.com\Deployment\BorderFreeTestData_222901.xml[5/14/2018 10:29:03 PM]&lt;INFO&gt;Path To HorizonHobbyQA Application Url=https://www-tst.horizonhobby.com[5/14/2018 10:29:03 PM]&lt;INFO&gt;HorizonHobbyQA sql connection string=Server=cmp02-ws-tst-db01:50000;Database=TST01DB;UID=wcdbuser;PWD=h0r1z0n;Connect Timeout=30[5/14/2018 10:29:03 PM]&lt;INFO&gt;Country is := US and language id is := '-1'[5/14/2018 10:29:03 PM]&lt;INFO&gt;Current browser used for test execution is = 'IE'[5/14/2018 10:29:12 PM]&lt;PASS&gt;&lt;SupportedBillingCurrencyList&gt;&lt; Verify the items are same as expected : &gt;[5/14/2018 10:29:12 PM]&lt;PASS&gt;&lt;SupportedBillingCurrencyList&gt;&lt;Currency list from GUI matches to that in database&gt;[5/14/2018 10:29:12 PM]&lt;RESULT&gt;Test Ended:#PASS=2, #FAIL=0[5/14/2018 10:29:13 PM]&lt;INFO&gt;LogCPUAndMemoryUsage: Available Memory = 25294(MB), CPU Usage = 17.70947%[5/14/2018 10:29:13 PM]&lt;INFO&gt;Private Working Set for QTAgent32_40, usage=219160 (K)[5/14/2018 10:29:13 PM]&lt;RESULT&gt;&lt;SupportedBillingCurrencyList&gt; Test PASSED</StdOut>
      </Output>
      <ResultFiles />
    </UnitTestResult>
    <UnitTestResult executionId="b86d4894-a9ce-40d6-970e-4f2d5c06541a" testId="98b5fb22-71a5-9721-bc0c-bc58bb495add" testName="SelectDifferentCountryAndCurrencyFromContextChooser" computerName="CMP01-YKUMAR" duration="00:00:45.6963636" startTime="2018-05-14T22:29:15.2462310-05:00" endTime="2018-05-14T22:30:00.9532310-05:00" testType="13cdc9d9-ddb5-4fa4-a97d-d965ccfc6d4b" outcome="Passed" testListId="8c84fa94-04c1-424b-9868-57a2d4851a1d">
      <Output>
        <StdOut>Logging to custom path:\\CMP01-YKumar\AutoLog[5/14/2018 10:29:15 PM]&lt;STARTLOG&gt;&lt;SelectDifferentCountryAndCurrencyFromContextChooser&gt;Test Started: Expecting: #PASS=Undefined and #FAIL=0
Running from MTM=True, running on machine name:CMP01-YKUMAR, user name=ykumar, OS=Microsoft Windows NT 6.1.7601 Service Pack 1, Is64BitOS=True[5/14/2018 10:29:16 PM]&lt;INFO&gt;LogCPUAndMemoryUsage: Available Memory = 25398(MB), CPU Usage = 16.62285%[5/14/2018 10:29:16 PM]&lt;INFO&gt;Private Working Set for QTAgent32_40, usage=227456 (K)[5/14/2018 10:29:16 PM]&lt;INFO&gt;Path To TestConfig xml=C:\Users\ykumar\AppData\Local\VSEQT\QTAgent\26974\CMP01-YKUMAR.horizonhobby.com\Deployment\SharedCommonConfig.xml[5/14/2018 10:29:16 PM]&lt;INFO&gt;Path To TestData xml=C:\Users\ykumar\AppData\Local\VSEQT\QTAgent\26974\CMP01-YKUMAR.horizonhobby.com\Deployment\BorderFreeTestData_222915.xml[5/14/2018 10:29:16 PM]&lt;INFO&gt;Path To HorizonHobbyQA Application Url=https://www-tst.horizonhobby.com[5/14/2018 10:29:16 PM]&lt;INFO&gt;HorizonHobbyQA sql connection string=Server=cmp02-ws-tst-db01:50000;Database=TST01DB;UID=wcdbuser;PWD=h0r1z0n;Connect Timeout=30[5/14/2018 10:29:16 PM]&lt;INFO&gt;Country is := US and language id is := '-1'[5/14/2018 10:29:16 PM]&lt;INFO&gt;Current browser used for test execution is = 'IE'[5/14/2018 10:29:35 PM]&lt;INFO&gt;SearchProductexecuting ... Searching term:= 'TAM89911'[5/14/2018 10:29:39 PM]&lt;Info&gt;AllBrowserWindow : Locating browser window...[5/14/2018 10:29:40 PM]&lt;PASS&gt;&lt;SelectDifferentCountryAndCurrencyFromContextChooser&gt;&lt; Validates that Currency is displayed as INR on Product page &gt;[5/14/2018 10:29:53 PM]&lt;PASS&gt;&lt;SelectDifferentCountryAndCurrencyFromContextChooser&gt;&lt; Validates that India is selected as default Country &gt;[5/14/2018 10:29:54 PM]&lt;PASS&gt;&lt;SelectDifferentCountryAndCurrencyFromContextChooser&gt;&lt; Validates Indian Rupee is selected as default Currency&gt;[5/14/2018 10:29:57 PM]&lt;PASS&gt;&lt;SelectDifferentCountryAndCurrencyFromContextChooser&gt;&lt; Validates that Currency is displayed as CAD on Product page &gt;[5/14/2018 10:29:57 PM]&lt;RESULT&gt;Test Ended:#PASS=4, #FAIL=0[5/14/2018 10:29:58 PM]&lt;INFO&gt;LogCPUAndMemoryUsage: Available Memory = 25185(MB), CPU Usage = 14.00445%[5/14/2018 10:29:58 PM]&lt;INFO&gt;Private Working Set for QTAgent32_40, usage=217244 (K)[5/14/2018 10:29:58 PM]&lt;RESULT&gt;&lt;SelectDifferentCountryAndCurrencyFromContextChooser&gt; Test PASSED</StdOut>
      </Output>
      <ResultFiles />
    </UnitTestResult>
    <UnitTestResult executionId="ffe07430-460d-48b8-accf-7eb360cb84fe" testId="9b2292a3-d2a0-697b-3f1d-0ea34bc5a681" testName="ContextChooserForInternationalAndDomestic" computerName="CMP01-YKUMAR" duration="00:00:16.1222373" startTime="2018-05-14T22:30:00.9542310-05:00" endTime="2018-05-14T22:30:17.0852310-05:00" testType="13cdc9d9-ddb5-4fa4-a97d-d965ccfc6d4b" outcome="Passed" testListId="8c84fa94-04c1-424b-9868-57a2d4851a1d">
      <Output>
        <StdOut>Logging to custom path:\\CMP01-YKumar\AutoLog[5/14/2018 10:30:00 PM]&lt;STARTLOG&gt;&lt;ContextChooserForInternationalAndDomestic&gt;Test Started: Expecting: #PASS=Undefined and #FAIL=0
Running from MTM=True, running on machine name:CMP01-YKUMAR, user name=ykumar, OS=Microsoft Windows NT 6.1.7601 Service Pack 1, Is64BitOS=True[5/14/2018 10:30:02 PM]&lt;INFO&gt;LogCPUAndMemoryUsage: Available Memory = 25263(MB), CPU Usage = 33.41883%[5/14/2018 10:30:02 PM]&lt;INFO&gt;Private Working Set for QTAgent32_40, usage=225504 (K)[5/14/2018 10:30:02 PM]&lt;INFO&gt;Path To TestConfig xml=C:\Users\ykumar\AppData\Local\VSEQT\QTAgent\26974\CMP01-YKUMAR.horizonhobby.com\Deployment\SharedCommonConfig.xml[5/14/2018 10:30:02 PM]&lt;INFO&gt;Path To TestData xml=C:\Users\ykumar\AppData\Local\VSEQT\QTAgent\26974\CMP01-YKUMAR.horizonhobby.com\Deployment\BorderFreeTestData_223000.xml[5/14/2018 10:30:02 PM]&lt;INFO&gt;Path To HorizonHobbyQA Application Url=https://www-tst.horizonhobby.com[5/14/2018 10:30:02 PM]&lt;INFO&gt;HorizonHobbyQA sql connection string=Server=cmp02-ws-tst-db01:50000;Database=TST01DB;UID=wcdbuser;PWD=h0r1z0n;Connect Timeout=30[5/14/2018 10:30:02 PM]&lt;INFO&gt;Country is := US and language id is := '-1'[5/14/2018 10:30:02 PM]&lt;INFO&gt;Current browser used for test execution is = 'IE'[5/14/2018 10:30:10 PM]&lt;PASS&gt;&lt;ContextChooserForInternationalAndDomestic&gt;&lt;Validate that Switzerland-Swiss Franc is selected&gt;[5/14/2018 10:30:10 PM]&lt;PASS&gt;&lt;ContextChooserForInternationalAndDomestic&gt;&lt;Validate that United States-US Dollar is selected&gt;[5/14/2018 10:30:14 PM]&lt;PASS&gt;&lt;ContextChooserForInternationalAndDomestic&gt;&lt;Validate that United States Flag is displayed on Homepage&gt;[5/14/2018 10:30:14 PM]&lt;RESULT&gt;Test Ended:#PASS=3, #FAIL=0[5/14/2018 10:30:15 PM]&lt;INFO&gt;LogCPUAndMemoryUsage: Available Memory = 25261(MB), CPU Usage = 21.4145%[5/14/2018 10:30:15 PM]&lt;INFO&gt;Private Working Set for QTAgent32_40, usage=217344 (K)[5/14/2018 10:30:15 PM]&lt;RESULT&gt;&lt;ContextChooserForInternationalAndDomestic&gt; Test PASSED</StdOut>
      </Output>
      <ResultFiles />
    </UnitTestResult>
    <UnitTestResult executionId="a50c9ecd-159a-4e05-977d-0c66701f2c2a" testId="c8982089-768d-ab8a-a955-d5b5cc39b49d" testName="InternationalOrderLinkInDomesticSession" computerName="CMP01-YKUMAR" duration="00:01:52.2841947" startTime="2018-05-14T22:30:17.0862310-05:00" endTime="2018-05-14T22:32:09.3802310-05:00" testType="13cdc9d9-ddb5-4fa4-a97d-d965ccfc6d4b" outcome="Failed" testListId="8c84fa94-04c1-424b-9868-57a2d4851a1d">
      <Output>
        <StdOut>Logging to custom path:\\CMP01-YKumar\AutoLogAssert.Fail failed. 
Actual #FAIL=1, #Expected FAIL=0
[Error details below]
&lt;FAIL&gt;&lt;InternationalOrderLinkInDomesticSession&gt;&lt;Do you want to ship internationally? link exists on Shipping and Billing page&gt;.Assert.AreEqual failed. Expected:&lt;False&gt;. Actual:&lt;True&gt;. 
    StackTrace:
    InternationalOrderLinkInDomesticSession(),BorderFree.cs,Line Number:267   at TestAuto.LoggingAndSharedGenericMethods.EndTest() in c:\Builds\1\WebSphere\QATestAutomation\src\CodedUITest\SourceCode\Common\Logging\Logging.cs:line 1628
   at TestAuto.BorderFree.TestCleanup() in c:\Builds\1\WebSphere\QATestAutomation\src\CodedUITest\SourceCode\HHobby\BorderFree\BorderFree.cs:line 2628
[5/14/2018 10:30:17 PM]&lt;STARTLOG&gt;&lt;InternationalOrderLinkInDomesticSession&gt;Test Started: Expecting: #PASS=Undefined and #FAIL=0
Running from MTM=True, running on machine name:CMP01-YKUMAR, user name=ykumar, OS=Microsoft Windows NT 6.1.7601 Service Pack 1, Is64BitOS=True[5/14/2018 10:30:18 PM]&lt;INFO&gt;LogCPUAndMemoryUsage: Available Memory = 25390(MB), CPU Usage = 18.87948%[5/14/2018 10:30:18 PM]&lt;INFO&gt;Private Working Set for QTAgent32_40, usage=225600 (K)[5/14/2018 10:30:18 PM]&lt;INFO&gt;Path To TestConfig xml=C:\Users\ykumar\AppData\Local\VSEQT\QTAgent\26974\CMP01-YKUMAR.horizonhobby.com\Deployment\SharedCommonConfig.xml[5/14/2018 10:30:18 PM]&lt;INFO&gt;Path To TestData xml=C:\Users\ykumar\AppData\Local\VSEQT\QTAgent\26974\CMP01-YKUMAR.horizonhobby.com\Deployment\BorderFreeTestData_223017.xml[5/14/2018 10:30:18 PM]&lt;INFO&gt;Path To HorizonHobbyQA Application Url=https://www-tst.horizonhobby.com[5/14/2018 10:30:18 PM]&lt;INFO&gt;HorizonHobbyQA sql connection string=Server=cmp02-ws-tst-db01:50000;Database=TST01DB;UID=wcdbuser;PWD=h0r1z0n;Connect Timeout=30[5/14/2018 10:30:18 PM]&lt;INFO&gt;Country is := US and language id is := '-1'[5/14/2018 10:30:18 PM]&lt;INFO&gt;Current browser used for test execution is = 'IE'[5/14/2018 10:30:21 PM]&lt;INFO&gt;SurveyWindow : method executing ...[5/14/2018 10:30:27 PM]&lt;PASS&gt;&lt;GetSelectedShipToCountryFlag&gt;&lt;Expected country's flag appears as US.gif&gt;[5/14/2018 10:30:30 PM]&lt;INFO&gt;SearchProductexecuting ... Searching term:= 'SUL440'[5/14/2018 10:30:36 PM]&lt;Info&gt;AllBrowserWindow : Locating browser window...[5/14/2018 10:30:37 PM]&lt;INFO&gt;BackOrderClickexecuting ...[5/14/2018 10:30:38 PM]&lt;INFO&gt;GoToCartClickexecuting ...[5/14/2018 10:30:44 PM]&lt;Info&gt;AllBrowserWindow : Locating browser window...[5/14/2018 10:30:55 PM]&lt;PASS&gt;&lt;InternationalOrderLinkInDomesticSession&gt;&lt;Shipping outside the United States? link exists on Shopping Cart page&gt;[5/14/2018 10:30:58 PM]&lt;PASS&gt;&lt;InternationalOrderLinkInDomesticSession&gt;&lt; Context Chooser opens up &gt;[5/14/2018 10:31:00 PM]&lt;INFO&gt;CheckoutProcessStartShoppingCart : method executing[5/14/2018 10:31:00 PM]&lt;Info&gt;AllBrowserWindow : Locating browser window...[5/14/2018 10:31:07 PM]&lt;INFO&gt;CheckoutShoppingCartControls : method executing[5/14/2018 10:31:07 PM]&lt;Info&gt;AllBrowserWindow : Locating browser window...[5/14/2018 10:31:19 PM]&lt;Info&gt;AllBrowserWindow : Locating browser window...[5/14/2018 10:31:22 PM]&lt;PASS&gt;&lt;InternationalOrderLinkInDomesticSession&gt;&lt;Do you want to ship internationally? link exists on Address page&gt;[5/14/2018 10:31:22 PM]&lt;INFO&gt;FillBillingAndShippingAddressexecuting ...[5/14/2018 10:31:22 PM]&lt;Info&gt;AllBrowserWindow : Locating browser window...[5/14/2018 10:31:25 PM]&lt;INFO&gt;SelectBillingCountryexecuting ...[5/14/2018 10:31:31 PM]&lt;INFO&gt;SelectBillingStateexecuting ...[5/14/2018 10:31:45 PM]&lt;INFO&gt;SelectShippingCountryexecuting ...[5/14/2018 10:31:48 PM]&lt;INFO&gt;SelectShippingStateexecuting ...[5/14/2018 10:32:01 PM]&lt;FAIL&gt;&lt;InternationalOrderLinkInDomesticSession&gt;&lt;Do you want to ship internationally? link exists on Shipping and Billing page&gt;.Assert.AreEqual failed. Expected:&lt;False&gt;. Actual:&lt;True&gt;. 
    StackTrace:
    InternationalOrderLinkInDomesticSession(),BorderFree.cs,Line Number:267[5/14/2018 10:32:01 PM]&lt;CaptureImage&gt;\\CMP01-YKumar\AutoLog\CMP01-YKUMAR\InternationalOrderLinkInDomesticSession_20180514223201.png[5/14/2018 10:32:05 PM]&lt;PASS&gt;&lt;InternationalOrderLinkInDomesticSession&gt;&lt; Context Chooser opens up &gt;[5/14/2018 10:32:06 PM]&lt;RESULT&gt;Test Ended:#PASS=5, #FAIL=1[5/14/2018 10:32:07 PM]&lt;INFO&gt;LogCPUAndMemoryUsage: Available Memory = 25133(MB), CPU Usage = 24.32502%[5/14/2018 10:32:07 PM]&lt;INFO&gt;Private Working Set for QTAgent32_40, usage=219660 (K)[5/14/2018 10:32:07 PM]&lt;RESULT&gt;&lt;InternationalOrderLinkInDomesticSession&gt; Test FAILED: Actual #FAIL=1, #Expected FAIL=0. See Error Message/logs for further details.</StdOut>
        <ErrorInfo>
          <Message>Assert.Fail failed. 
Actual #FAIL=1, #Expected FAIL=0
[Error details below]
&lt;FAIL&gt;&lt;InternationalOrderLinkInDomesticSession&gt;&lt;Do you want to ship internationally? link exists on Shipping and Billing page&gt;.Assert.AreEqual failed. Expected:&lt;False&gt;. Actual:&lt;True&gt;. 
    StackTrace:
    InternationalOrderLinkInDomesticSession(),BorderFree.cs,Line Number:267</Message>
          <StackTrace>   at TestAuto.LoggingAndSharedGenericMethods.EndTest() in c:\Builds\1\WebSphere\QATestAutomation\src\CodedUITest\SourceCode\Common\Logging\Logging.cs:line 1628
   at TestAuto.BorderFree.TestCleanup() in c:\Builds\1\WebSphere\QATestAutomation\src\CodedUITest\SourceCode\HHobby\BorderFree\BorderFree.cs:line 2628
</StackTrace>
        </ErrorInfo>
      </Output>
      <ResultFiles />
    </UnitTestResult>
    <UnitTestResult executionId="3b7e7743-4181-45f7-9f87-2cf2d0ea7ea9" testId="cb6178eb-e764-d9cf-32c9-c2fd3f8cc531" testName="CheckoutChangeCountryFromCart" computerName="CMP01-YKUMAR" duration="00:01:27.3988931" startTime="2018-05-14T22:32:09.3812310-05:00" endTime="2018-05-14T22:33:36.7872310-05:00" testType="13cdc9d9-ddb5-4fa4-a97d-d965ccfc6d4b" outcome="Passed" testListId="8c84fa94-04c1-424b-9868-57a2d4851a1d">
      <Output>
        <StdOut>Logging to custom path:\\CMP01-YKumar\AutoLog[5/14/2018 10:32:09 PM]&lt;STARTLOG&gt;&lt;CheckoutChangeCountryFromCart&gt;Test Started: Expecting: #PASS=Undefined and #FAIL=0
Running from MTM=True, running on machine name:CMP01-YKUMAR, user name=ykumar, OS=Microsoft Windows NT 6.1.7601 Service Pack 1, Is64BitOS=True[5/14/2018 10:32:10 PM]&lt;INFO&gt;LogCPUAndMemoryUsage: Available Memory = 25168(MB), CPU Usage = 33.97596%[5/14/2018 10:32:10 PM]&lt;INFO&gt;Private Working Set for QTAgent32_40, usage=219788 (K)[5/14/2018 10:32:10 PM]&lt;INFO&gt;Path To TestConfig xml=C:\Users\ykumar\AppData\Local\VSEQT\QTAgent\26974\CMP01-YKUMAR.horizonhobby.com\Deployment\SharedCommonConfig.xml[5/14/2018 10:32:10 PM]&lt;INFO&gt;Path To TestData xml=C:\Users\ykumar\AppData\Local\VSEQT\QTAgent\26974\CMP01-YKUMAR.horizonhobby.com\Deployment\BorderFreeTestData_223209.xml[5/14/2018 10:32:10 PM]&lt;INFO&gt;Path To HorizonHobbyQA Application Url=https://www-tst.horizonhobby.com[5/14/2018 10:32:10 PM]&lt;INFO&gt;HorizonHobbyQA sql connection string=Server=cmp02-ws-tst-db01:50000;Database=TST01DB;UID=wcdbuser;PWD=h0r1z0n;Connect Timeout=30[5/14/2018 10:32:10 PM]&lt;INFO&gt;Country is := US and language id is := '-1'[5/14/2018 10:32:10 PM]&lt;INFO&gt;Current browser used for test execution is = 'IE'[5/14/2018 10:32:13 PM]&lt;INFO&gt;SurveyWindow : method executing ...[5/14/2018 10:32:22 PM]&lt;INFO&gt;SearchProductexecuting ... Searching term:= 'SPMSP2033'[5/14/2018 10:32:29 PM]&lt;Info&gt;AllBrowserWindow : Locating browser window...[5/14/2018 10:32:49 PM]&lt;INFO&gt;BackOrderClickexecuting ...[5/14/2018 10:32:49 PM]&lt;INFO&gt;GoToCartClickexecuting ...[5/14/2018 10:32:56 PM]&lt;INFO&gt;SurveyWindow : method executing ...[5/14/2018 10:33:15 PM]&lt;PASS&gt;&lt;CheckoutChangeCountryFromCart&gt;&lt;Validate that Total Price is in US Dollar&gt;[5/14/2018 10:33:15 PM]&lt;PASS&gt;&lt;CheckoutChangeCountryFromCart&gt;&lt;Validate that Order Total Price is in US Dollar&gt;[5/14/2018 10:33:15 PM]&lt;INFO&gt;SurveyWindow : method executing ...[5/14/2018 10:33:33 PM]&lt;PASS&gt;&lt;CheckoutChangeCountryFromCart&gt;&lt;Validate that Total Price is in CAD Dollar&gt;[5/14/2018 10:33:33 PM]&lt;PASS&gt;&lt;CheckoutChangeCountryFromCart&gt;&lt;Validate that Order Total Price is in CAD Dollar&gt;[5/14/2018 10:33:33 PM]&lt;RESULT&gt;Test Ended:#PASS=4, #FAIL=0[5/14/2018 10:33:34 PM]&lt;INFO&gt;LogCPUAndMemoryUsage: Available Memory = 25210(MB), CPU Usage = 5.61939%[5/14/2018 10:33:34 PM]&lt;INFO&gt;Private Working Set for QTAgent32_40, usage=225512 (K)[5/14/2018 10:33:34 PM]&lt;RESULT&gt;&lt;CheckoutChangeCountryFromCart&gt; Test PASSED</StdOut>
      </Output>
      <ResultFiles />
    </UnitTestResult>
    <UnitTestResult executionId="51009c1b-eaed-4581-8a84-a946e4207bd2" testId="6e1fe203-b9fd-05bc-7ba1-69539f6ed3c1" testName="ChangeToUSAddressFromBorderFreeCheckoutProcess" computerName="CMP01-YKUMAR" duration="00:01:06.8254598" startTime="2018-05-14T22:33:36.7882310-05:00" endTime="2018-05-14T22:34:43.6242310-05:00" testType="13cdc9d9-ddb5-4fa4-a97d-d965ccfc6d4b" outcome="Failed" testListId="8c84fa94-04c1-424b-9868-57a2d4851a1d">
      <Output>
        <StdOut>Logging to custom path:\\CMP01-YKumar\AutoLogAssert.Fail failed. 
Actual #FAIL=1, #Expected FAIL=0
[Error details below]
&lt;FAIL&gt;&lt;ChangeToUSAddressFromBorderFreeCheckoutProcess&gt;&lt;Ship To United States Link on Border Free page exists.. Bug#11860&gt;.Assert.AreEqual failed. Expected:&lt;True&gt;. Actual:&lt;False&gt;. 
    StackTrace:
    ChangeToUSAddressFromBorderFreeCheckoutProcess(),BorderFree.cs,Line Number:996   at TestAuto.LoggingAndSharedGenericMethods.EndTest() in c:\Builds\1\WebSphere\QATestAutomation\src\CodedUITest\SourceCode\Common\Logging\Logging.cs:line 1628
   at TestAuto.BorderFree.TestCleanup() in c:\Builds\1\WebSphere\QATestAutomation\src\CodedUITest\SourceCode\HHobby\BorderFree\BorderFree.cs:line 2628
[5/14/2018 10:33:36 PM]&lt;STARTLOG&gt;&lt;ChangeToUSAddressFromBorderFreeCheckoutProcess&gt;Test Started: Expecting: #PASS=Undefined and #FAIL=0
Running from MTM=True, running on machine name:CMP01-YKUMAR, user name=ykumar, OS=Microsoft Windows NT 6.1.7601 Service Pack 1, Is64BitOS=True[5/14/2018 10:33:37 PM]&lt;INFO&gt;LogCPUAndMemoryUsage: Available Memory = 25266(MB), CPU Usage = 34.04087%[5/14/2018 10:33:37 PM]&lt;INFO&gt;Private Working Set for QTAgent32_40, usage=225620 (K)[5/14/2018 10:33:37 PM]&lt;INFO&gt;Path To TestConfig xml=C:\Users\ykumar\AppData\Local\VSEQT\QTAgent\26974\CMP01-YKUMAR.horizonhobby.com\Deployment\SharedCommonConfig.xml[5/14/2018 10:33:37 PM]&lt;INFO&gt;Path To TestData xml=C:\Users\ykumar\AppData\Local\VSEQT\QTAgent\26974\CMP01-YKUMAR.horizonhobby.com\Deployment\BorderFreeTestData_223336.xml[5/14/2018 10:33:37 PM]&lt;INFO&gt;Path To HorizonHobbyQA Application Url=https://www-tst.horizonhobby.com[5/14/2018 10:33:37 PM]&lt;INFO&gt;HorizonHobbyQA sql connection string=Server=cmp02-ws-tst-db01:50000;Database=TST01DB;UID=wcdbuser;PWD=h0r1z0n;Connect Timeout=30[5/14/2018 10:33:37 PM]&lt;INFO&gt;Country is := US and language id is := '-1'[5/14/2018 10:33:37 PM]&lt;INFO&gt;Current browser used for test execution is = 'IE'[5/14/2018 10:33:41 PM]&lt;Info&gt;AllBrowserWindow : Locating browser window...[5/14/2018 10:33:51 PM]&lt;INFO&gt;SurveyWindow : method executing ...[5/14/2018 10:34:00 PM]&lt;INFO&gt;SearchProductexecuting ... Searching term:= 'BLH7406'[5/14/2018 10:34:04 PM]&lt;Info&gt;AllBrowserWindow : Locating browser window...[5/14/2018 10:34:04 PM]&lt;INFO&gt;BackOrderClickexecuting ...[5/14/2018 10:34:05 PM]&lt;INFO&gt;GoToCartClickexecuting ...[5/14/2018 10:34:11 PM]&lt;Info&gt;AllBrowserWindow : Locating browser window...[5/14/2018 10:34:20 PM]&lt;Info&gt;AllBrowserWindow : Locating browser window...[5/14/2018 10:34:28 PM]&lt;Info&gt;AllBrowserWindow : Locating browser window...[5/14/2018 10:34:37 PM]&lt;Info&gt;AllBrowserWindow : Locating browser window...[5/14/2018 10:34:37 PM]&lt;Info&gt;AllBrowserWindow : Locating browser window...[5/14/2018 10:34:40 PM]&lt;FAIL&gt;&lt;ChangeToUSAddressFromBorderFreeCheckoutProcess&gt;&lt;Ship To United States Link on Border Free page exists.. Bug#11860&gt;.Assert.AreEqual failed. Expected:&lt;True&gt;. Actual:&lt;False&gt;. 
    StackTrace:
    ChangeToUSAddressFromBorderFreeCheckoutProcess(),BorderFree.cs,Line Number:996[5/14/2018 10:34:40 PM]&lt;CaptureImage&gt;\\CMP01-YKumar\AutoLog\CMP01-YKUMAR\ChangeToUSAddressFromBorderFreeCheckoutProcess_20180514223440.png[5/14/2018 10:34:40 PM]&lt;RESULT&gt;Test Ended:#PASS=0, #FAIL=1[5/14/2018 10:34:41 PM]&lt;INFO&gt;LogCPUAndMemoryUsage: Available Memory = 25089(MB), CPU Usage = 15.36945%[5/14/2018 10:34:41 PM]&lt;INFO&gt;Private Working Set for QTAgent32_40, usage=233652 (K)[5/14/2018 10:34:41 PM]&lt;RESULT&gt;&lt;ChangeToUSAddressFromBorderFreeCheckoutProcess&gt; Test FAILED: Actual #FAIL=1, #Expected FAIL=0. See Error Message/logs for further details.</StdOut>
        <ErrorInfo>
          <Message>Assert.Fail failed. 
Actual #FAIL=1, #Expected FAIL=0
[Error details below]
&lt;FAIL&gt;&lt;ChangeToUSAddressFromBorderFreeCheckoutProcess&gt;&lt;Ship To United States Link on Border Free page exists.. Bug#11860&gt;.Assert.AreEqual failed. Expected:&lt;True&gt;. Actual:&lt;False&gt;. 
    StackTrace:
    ChangeToUSAddressFromBorderFreeCheckoutProcess(),BorderFree.cs,Line Number:996</Message>
          <StackTrace>   at TestAuto.LoggingAndSharedGenericMethods.EndTest() in c:\Builds\1\WebSphere\QATestAutomation\src\CodedUITest\SourceCode\Common\Logging\Logging.cs:line 1628
   at TestAuto.BorderFree.TestCleanup() in c:\Builds\1\WebSphere\QATestAutomation\src\CodedUITest\SourceCode\HHobby\BorderFree\BorderFree.cs:line 2628
</StackTrace>
        </ErrorInfo>
      </Output>
      <ResultFiles />
    </UnitTestResult>
    <UnitTestResult executionId="2fd400e9-2a86-42c6-8053-ebdc1a6063f0" testId="f48df787-9539-ddea-93b2-f3fc233757e7" testName="PreventEntryOfNonUSAddressesInShippingBillingMethodSignInUser" computerName="CMP01-YKUMAR" duration="00:03:41.1004913" startTime="2018-05-14T22:34:43.6252310-05:00" endTime="2018-05-14T22:38:24.7322310-05:00" testType="13cdc9d9-ddb5-4fa4-a97d-d965ccfc6d4b" outcome="Passed" testListId="8c84fa94-04c1-424b-9868-57a2d4851a1d">
      <Output>
        <StdOut>Logging to custom path:\\CMP01-YKumar\AutoLog[5/14/2018 10:34:43 PM]&lt;STARTLOG&gt;&lt;PreventEntryOfNonUSAddressesInShippingBillingMethodSignInUser&gt;Test Started: Expecting: #PASS=Undefined and #FAIL=0
Running from MTM=True, running on machine name:CMP01-YKUMAR, user name=ykumar, OS=Microsoft Windows NT 6.1.7601 Service Pack 1, Is64BitOS=True[5/14/2018 10:34:44 PM]&lt;INFO&gt;LogCPUAndMemoryUsage: Available Memory = 25137(MB), CPU Usage = 33.37621%[5/14/2018 10:34:44 PM]&lt;INFO&gt;Private Working Set for QTAgent32_40, usage=233688 (K)[5/14/2018 10:34:44 PM]&lt;INFO&gt;Path To TestConfig xml=C:\Users\ykumar\AppData\Local\VSEQT\QTAgent\26974\CMP01-YKUMAR.horizonhobby.com\Deployment\SharedCommonConfig.xml[5/14/2018 10:34:44 PM]&lt;INFO&gt;Path To TestData xml=C:\Users\ykumar\AppData\Local\VSEQT\QTAgent\26974\CMP01-YKUMAR.horizonhobby.com\Deployment\BorderFreeTestData_223443.xml[5/14/2018 10:34:44 PM]&lt;INFO&gt;Path To HorizonHobbyQA Application Url=https://www-tst.horizonhobby.com[5/14/2018 10:34:44 PM]&lt;INFO&gt;HorizonHobbyQA sql connection string=Server=cmp02-ws-tst-db01:50000;Database=TST01DB;UID=wcdbuser;PWD=h0r1z0n;Connect Timeout=30[5/14/2018 10:34:44 PM]&lt;INFO&gt;Country is := US and language id is := '-1'[5/14/2018 10:34:44 PM]&lt;INFO&gt;Current browser used for test execution is = 'IE'[5/14/2018 10:34:47 PM]&lt;INFO&gt;SurveyWindow : method executing ...[5/14/2018 10:34:55 PM]&lt;INFO&gt;SurveyWindow : method executing ...[5/14/2018 10:35:01 PM]&lt;INFO&gt;ContinueOnCertificationErrorClickexecuting ...[5/14/2018 10:35:01 PM]&lt;Info&gt;DEAllBrowserWindow : Locating browser window...[5/14/2018 10:35:04 PM]&lt;INFO&gt;ClickAcceptCookiesAgreement : failed executing ...[5/14/2018 10:35:09 PM]&lt;INFO&gt;UserRegistration : method executing ...[5/14/2018 10:35:09 PM]&lt;Info&gt;AllBrowserWindow : Locating browser window...[5/14/2018 10:35:30 PM]&lt;Info&gt;AllBrowserWindow : Locating browser window...[5/14/2018 10:35:46 PM]&lt;INFO&gt;SurveyWindow : method executing ...[5/14/2018 10:35:56 PM]&lt;INFO&gt;SearchProductexecuting ... Searching term:= 'BLH3408'[5/14/2018 10:36:02 PM]&lt;Info&gt;AllBrowserWindow : Locating browser window...[5/14/2018 10:36:24 PM]&lt;Info&gt;AllBrowserWindow : Locating browser window...[5/14/2018 10:36:55 PM]&lt;Info&gt;AllBrowserWindow : Locating browser window...[5/14/2018 10:37:09 PM]&lt;INFO&gt;BackOrderClickexecuting ...[5/14/2018 10:37:09 PM]&lt;INFO&gt;GoToCartClickexecuting ...[5/14/2018 10:37:15 PM]&lt;INFO&gt;SurveyWindow : method executing ...[5/14/2018 10:37:26 PM]&lt;INFO&gt;CheckoutProcessStartShoppingCart : method executing[5/14/2018 10:37:26 PM]&lt;Info&gt;AllBrowserWindow : Locating browser window...[5/14/2018 10:37:33 PM]&lt;INFO&gt;CheckoutShoppingCartControls : method executing[5/14/2018 10:37:33 PM]&lt;Info&gt;AllBrowserWindow : Locating browser window...[5/14/2018 10:37:41 PM]&lt;Info&gt;AllBrowserWindow : Locating browser window...[5/14/2018 10:37:48 PM]&lt;PASS&gt;&lt;PreventEntryOfNonUSAddressesInShippingBillingMethodSignInUser&gt;&lt;Validate that Only single Item is displayed&gt;[5/14/2018 10:37:48 PM]&lt;PASS&gt;&lt;PreventEntryOfNonUSAddressesInShippingBillingMethodSignInUser&gt;&lt;Validate that Only single Item is United States&gt;[5/14/2018 10:37:51 PM]&lt;PASS&gt;&lt;PreventEntryOfNonUSAddressesInShippingBillingMethodSignInUser&gt;&lt;Validate that Only single Item is displayed&gt;[5/14/2018 10:37:51 PM]&lt;PASS&gt;&lt;PreventEntryOfNonUSAddressesInShippingBillingMethodSignInUser&gt;&lt;Validate that Only single Item is United States&gt;[5/14/2018 10:37:51 PM]&lt;INFO&gt;DeleteWishlistFromDatabase : method executing[5/14/2018 10:37:51 PM]&lt;INFO&gt;DeletOrderItem : method executing[5/14/2018 10:38:21 PM]&lt;RESULT&gt;Test Ended:#PASS=4, #FAIL=0[5/14/2018 10:38:22 PM]&lt;INFO&gt;LogCPUAndMemoryUsage: Available Memory = 25159(MB), CPU Usage = 0.15936%[5/14/2018 10:38:22 PM]&lt;INFO&gt;Private Working Set for QTAgent32_40, usage=219696 (K)[5/14/2018 10:38:22 PM]&lt;RESULT&gt;&lt;PreventEntryOfNonUSAddressesInShippingBillingMethodSignInUser&gt; Test PASSED</StdOut>
      </Output>
      <ResultFiles>
        <ResultFile path="CMP01-YKUMAR.horizonhobby.com\BorderFreeTestData_223443.xml" />
        <ResultFile path="CMP01-YKUMAR.horizonhobby.com\PreventEntryOfNonUSAddressesInShippingBillingMethodSignInUser_20180514223443.log" />
      </ResultFiles>
    </UnitTestResult>
    <UnitTestResult executionId="f8a02a60-add5-4cf0-8cb3-ccad276d737e" testId="57c32460-3c38-efd3-dc3b-849a079eea64" testName="PreventEntryOfNonUSAddressesInShippingBillinMethodGuestUser" computerName="CMP01-YKUMAR" duration="00:01:48.4010556" startTime="2018-05-14T22:38:24.7342310-05:00" endTime="2018-05-14T22:40:13.1462310-05:00" testType="13cdc9d9-ddb5-4fa4-a97d-d965ccfc6d4b" outcome="Passed" testListId="8c84fa94-04c1-424b-9868-57a2d4851a1d">
      <Output>
        <StdOut>Logging to custom path:\\CMP01-YKumar\AutoLog[5/14/2018 10:38:24 PM]&lt;STARTLOG&gt;&lt;PreventEntryOfNonUSAddressesInShippingBillinMethodGuestUser&gt;Test Started: Expecting: #PASS=Undefined and #FAIL=0
Running from MTM=True, running on machine name:CMP01-YKUMAR, user name=ykumar, OS=Microsoft Windows NT 6.1.7601 Service Pack 1, Is64BitOS=True[5/14/2018 10:38:25 PM]&lt;INFO&gt;LogCPUAndMemoryUsage: Available Memory = 25201(MB), CPU Usage = 36.22723%[5/14/2018 10:38:25 PM]&lt;INFO&gt;Private Working Set for QTAgent32_40, usage=219836 (K)[5/14/2018 10:38:25 PM]&lt;INFO&gt;Path To TestConfig xml=C:\Users\ykumar\AppData\Local\VSEQT\QTAgent\26974\CMP01-YKUMAR.horizonhobby.com\Deployment\SharedCommonConfig.xml[5/14/2018 10:38:25 PM]&lt;INFO&gt;Path To TestData xml=C:\Users\ykumar\AppData\Local\VSEQT\QTAgent\26974\CMP01-YKUMAR.horizonhobby.com\Deployment\BorderFreeTestData_223824.xml[5/14/2018 10:38:25 PM]&lt;INFO&gt;Path To HorizonHobbyQA Application Url=https://www-tst.horizonhobby.com[5/14/2018 10:38:25 PM]&lt;INFO&gt;HorizonHobbyQA sql connection string=Server=cmp02-ws-tst-db01:50000;Database=TST01DB;UID=wcdbuser;PWD=h0r1z0n;Connect Timeout=30[5/14/2018 10:38:25 PM]&lt;INFO&gt;Country is := US and language id is := '-1'[5/14/2018 10:38:25 PM]&lt;INFO&gt;Current browser used for test execution is = 'IE'[5/14/2018 10:38:29 PM]&lt;INFO&gt;SurveyWindow : method executing ...[5/14/2018 10:38:38 PM]&lt;INFO&gt;SearchProductexecuting ... Searching term:= 'SPM9044'[5/14/2018 10:38:44 PM]&lt;Info&gt;AllBrowserWindow : Locating browser window...[5/14/2018 10:38:44 PM]&lt;INFO&gt;BackOrderClickexecuting ...[5/14/2018 10:38:45 PM]&lt;INFO&gt;GoToCartClickexecuting ...[5/14/2018 10:38:51 PM]&lt;INFO&gt;SurveyWindow : method executing ...[5/14/2018 10:39:01 PM]&lt;INFO&gt;CheckoutProcessStartShoppingCart : method executing[5/14/2018 10:39:01 PM]&lt;Info&gt;AllBrowserWindow : Locating browser window...[5/14/2018 10:39:08 PM]&lt;INFO&gt;CheckoutShoppingCartControls : method executing[5/14/2018 10:39:08 PM]&lt;Info&gt;AllBrowserWindow : Locating browser window...[5/14/2018 10:39:20 PM]&lt;Info&gt;AllBrowserWindow : Locating browser window...[5/14/2018 10:39:23 PM]&lt;INFO&gt;FillBillingAndShippingAddressexecuting ...[5/14/2018 10:39:23 PM]&lt;Info&gt;AllBrowserWindow : Locating browser window...[5/14/2018 10:39:26 PM]&lt;INFO&gt;SelectBillingCountryexecuting ...[5/14/2018 10:39:32 PM]&lt;INFO&gt;SelectBillingStateexecuting ...[5/14/2018 10:39:46 PM]&lt;INFO&gt;SelectShippingCountryexecuting ...[5/14/2018 10:39:49 PM]&lt;INFO&gt;SelectShippingStateexecuting ...[5/14/2018 10:40:08 PM]&lt;PASS&gt;&lt;PreventEntryOfNonUSAddressesInShippingBillinMethodGuestUser&gt;&lt;Validate that Only single Item is displayed&gt;[5/14/2018 10:40:08 PM]&lt;PASS&gt;&lt;PreventEntryOfNonUSAddressesInShippingBillinMethodGuestUser&gt;&lt;Validate that Only single Item is United States&gt;[5/14/2018 10:40:10 PM]&lt;RESULT&gt;Test Ended:#PASS=2, #FAIL=0[5/14/2018 10:40:11 PM]&lt;INFO&gt;LogCPUAndMemoryUsage: Available Memory = 25129(MB), CPU Usage = 17.4628%[5/14/2018 10:40:11 PM]&lt;INFO&gt;Private Working Set for QTAgent32_40, usage=219628 (K)[5/14/2018 10:40:11 PM]&lt;RESULT&gt;&lt;PreventEntryOfNonUSAddressesInShippingBillinMethodGuestUser&gt; Test PASSED</StdOut>
      </Output>
      <ResultFiles />
    </UnitTestResult>
    <UnitTestResult executionId="f956685c-2089-488f-b7d1-e9c036bd172c" testId="204ede5b-9101-4469-f06d-b4fe1ea896a8" testName="EnvoyCheckoutPromotionsAndDiscountsSentToBorderFree" computerName="CMP01-YKUMAR" duration="00:01:45.8039064" startTime="2018-05-14T22:40:13.1472310-05:00" endTime="2018-05-14T22:41:58.9612310-05:00" testType="13cdc9d9-ddb5-4fa4-a97d-d965ccfc6d4b" outcome="Failed" testListId="8c84fa94-04c1-424b-9868-57a2d4851a1d">
      <Output>
        <StdOut>Logging to custom path:\\CMP01-YKumar\AutoLogAssert.Fail failed. 
Actual #FAIL=1, #Expected FAIL=0
[Error details below]
&lt;FAIL&gt;&lt;EnvoyCheckoutPromotionsAndDiscountsSentToBorderFree&gt;&lt;Promo code discount is carried to Border Free envoy page&gt;.Assert.AreEqual failed. Expected:&lt;True&gt;. Actual:&lt;False&gt;. 
    StackTrace:
    EnvoyCheckoutPromotionsAndDiscountsSentToBorderFree(),BorderFree.cs,Line Number:1208   at TestAuto.LoggingAndSharedGenericMethods.EndTest() in c:\Builds\1\WebSphere\QATestAutomation\src\CodedUITest\SourceCode\Common\Logging\Logging.cs:line 1628
   at TestAuto.BorderFree.TestCleanup() in c:\Builds\1\WebSphere\QATestAutomation\src\CodedUITest\SourceCode\HHobby\BorderFree\BorderFree.cs:line 2628
[5/14/2018 10:40:13 PM]&lt;STARTLOG&gt;&lt;EnvoyCheckoutPromotionsAndDiscountsSentToBorderFree&gt;Test Started: Expecting: #PASS=Undefined and #FAIL=0
Running from MTM=True, running on machine name:CMP01-YKUMAR, user name=ykumar, OS=Microsoft Windows NT 6.1.7601 Service Pack 1, Is64BitOS=True[5/14/2018 10:40:14 PM]&lt;INFO&gt;LogCPUAndMemoryUsage: Available Memory = 25182(MB), CPU Usage = 34.93635%[5/14/2018 10:40:14 PM]&lt;INFO&gt;Private Working Set for QTAgent32_40, usage=219784 (K)[5/14/2018 10:40:14 PM]&lt;INFO&gt;Path To TestConfig xml=C:\Users\ykumar\AppData\Local\VSEQT\QTAgent\26974\CMP01-YKUMAR.horizonhobby.com\Deployment\SharedCommonConfig.xml[5/14/2018 10:40:14 PM]&lt;INFO&gt;Path To TestData xml=C:\Users\ykumar\AppData\Local\VSEQT\QTAgent\26974\CMP01-YKUMAR.horizonhobby.com\Deployment\BorderFreeTestData_224013.xml[5/14/2018 10:40:14 PM]&lt;INFO&gt;Path To HorizonHobbyQA Application Url=https://www-tst.horizonhobby.com[5/14/2018 10:40:14 PM]&lt;INFO&gt;HorizonHobbyQA sql connection string=Server=cmp02-ws-tst-db01:50000;Database=TST01DB;UID=wcdbuser;PWD=h0r1z0n;Connect Timeout=30[5/14/2018 10:40:14 PM]&lt;INFO&gt;Country is := US and language id is := '-1'[5/14/2018 10:40:14 PM]&lt;INFO&gt;Current browser used for test execution is = 'IE'[5/14/2018 10:40:17 PM]&lt;Info&gt;AllBrowserWindow : Locating browser window...[5/14/2018 10:40:21 PM]&lt;INFO&gt;SearchProductexecuting ... Searching term:= 'YUNQ500114A'[5/14/2018 10:40:27 PM]&lt;Info&gt;AllBrowserWindow : Locating browser window...[5/14/2018 10:40:29 PM]&lt;INFO&gt;BackOrderClickexecuting ...[5/14/2018 10:40:29 PM]&lt;INFO&gt;GoToCartClickexecuting ...[5/14/2018 10:40:35 PM]&lt;Info&gt;AllBrowserWindow : Locating browser window...[5/14/2018 10:40:58 PM]&lt;INFO&gt;ApplyPromoCode : method executing ...  -TEST15DOLLARSOFF[5/14/2018 10:40:58 PM]&lt;INFO&gt;SurveyWindow : method executing ...[5/14/2018 10:41:17 PM]&lt;INFO&gt;KeyboardSendKeys method executing...[5/14/2018 10:41:17 PM]&lt;INFO&gt;CheckoutCreditCardShippingAndBillingControls : method executing[5/14/2018 10:41:17 PM]&lt;Info&gt;AllBrowserWindow : Locating browser window...[5/14/2018 10:41:33 PM]&lt;PASS&gt;&lt;EnvoyCheckoutPromotionsAndDiscountsSentToBorderFree&gt;&lt;Promo code discount is applied&gt;[5/14/2018 10:41:33 PM]&lt;Info&gt;AllBrowserWindow : Locating browser window...[5/14/2018 10:41:40 PM]&lt;Info&gt;AllBrowserWindow : Locating browser window...[5/14/2018 10:41:44 PM]&lt;Info&gt;AllBrowserWindow : Locating browser window...[5/14/2018 10:41:44 PM]&lt;Info&gt;AllBrowserWindow : Locating browser window...[5/14/2018 10:41:55 PM]&lt;FAIL&gt;&lt;EnvoyCheckoutPromotionsAndDiscountsSentToBorderFree&gt;&lt;Promo code discount is carried to Border Free envoy page&gt;.Assert.AreEqual failed. Expected:&lt;True&gt;. Actual:&lt;False&gt;. 
    StackTrace:
    EnvoyCheckoutPromotionsAndDiscountsSentToBorderFree(),BorderFree.cs,Line Number:1208[5/14/2018 10:41:55 PM]&lt;CaptureImage&gt;\\CMP01-YKumar\AutoLog\CMP01-YKUMAR\EnvoyCheckoutPromotionsAndDiscountsSentToBorderFree_20180514224155.png[5/14/2018 10:41:55 PM]&lt;RESULT&gt;Test Ended:#PASS=1, #FAIL=1[5/14/2018 10:41:56 PM]&lt;INFO&gt;LogCPUAndMemoryUsage: Available Memory = 25161(MB), CPU Usage = 1.52437%[5/14/2018 10:41:56 PM]&lt;INFO&gt;Private Working Set for QTAgent32_40, usage=229328 (K)[5/14/2018 10:41:56 PM]&lt;RESULT&gt;&lt;EnvoyCheckoutPromotionsAndDiscountsSentToBorderFree&gt; Test FAILED: Actual #FAIL=1, #Expected FAIL=0. See Error Message/logs for further details.</StdOut>
        <ErrorInfo>
          <Message>Assert.Fail failed. 
Actual #FAIL=1, #Expected FAIL=0
[Error details below]
&lt;FAIL&gt;&lt;EnvoyCheckoutPromotionsAndDiscountsSentToBorderFree&gt;&lt;Promo code discount is carried to Border Free envoy page&gt;.Assert.AreEqual failed. Expected:&lt;True&gt;. Actual:&lt;False&gt;. 
    StackTrace:
    EnvoyCheckoutPromotionsAndDiscountsSentToBorderFree(),BorderFree.cs,Line Number:1208</Message>
          <StackTrace>   at TestAuto.LoggingAndSharedGenericMethods.EndTest() in c:\Builds\1\WebSphere\QATestAutomation\src\CodedUITest\SourceCode\Common\Logging\Logging.cs:line 1628
   at TestAuto.BorderFree.TestCleanup() in c:\Builds\1\WebSphere\QATestAutomation\src\CodedUITest\SourceCode\HHobby\BorderFree\BorderFree.cs:line 2628
</StackTrace>
        </ErrorInfo>
      </Output>
      <ResultFiles />
    </UnitTestResult>
    <UnitTestResult executionId="bf42a9cb-9d11-4379-826e-605bc55368ae" testId="cb9cd5f6-f8b1-731b-2bf3-2acf7ea49542" testName="SwitchFromUSToInternationalShipping" computerName="CMP01-YKUMAR" duration="00:06:15.2508734" startTime="2018-05-14T22:41:58.9682310-05:00" endTime="2018-05-14T22:48:14.2402310-05:00" testType="13cdc9d9-ddb5-4fa4-a97d-d965ccfc6d4b" outcome="Failed" testListId="8c84fa94-04c1-424b-9868-57a2d4851a1d">
      <Output>
        <StdOut>Logging to custom path:\\CMP01-YKumar\AutoLogAssert.Fail failed. 
Actual #FAIL=1, #Expected FAIL=0
#Other errors=9
[Error details below]
&lt;ERROR&gt;[5/14/2018 10:43:40 PM]&lt;ERROR&gt;SearchProduct := M3 x 6mm Flat Head Screw (10) : failed executing ...Cannot perform 'SetProperty of Text with value "M3 x 6mm Flat Head Screw (10)"' on the control. Additional Details: 
TechnologyName:  'Web'
ControlType:  'Edit'
TagName:  'INPUT'
Id:  'SimpleSearchForm_SearchTerm'
Name:  'searchTerm'

&lt;ERROR&gt;[5/14/2018 10:45:45 PM]&lt;ERROR&gt;BackOrderClick : failed executing ...The playback failed to find the control with the given search properties. Additional Details: 
TechnologyName:  'Web'
ControlType:  'Hyperlink'
TagName:  'A'
Id:  'add2CartBtn'
 Failed to find any control that matched the value add2CartBtn for the search property Id.
&lt;ERROR&gt;[5/14/2018 10:45:58 PM]&lt;ERROR&gt;MouseClick Exception:Microsoft.VisualStudio.TestTools.UITest.Extension.FailedToPerformActionOnHiddenControlException: Cannot perform 'Click' on the hidden control. Additional Details: 
TechnologyName:  'Web'
ControlType:  'Hyperlink'
TagName:  'A'
Id:  'GotoCartButton1'
Name:  ''
Target:  ''
InnerText:  'Go to Cart'
 ---&gt; System.Runtime.InteropServices.COMException: Exception from HRESULT: 0xF004F002
   at Microsoft.VisualStudio.TestTools.UITest.Playback.Engine.IScreenElement.MouseButtonClick(Int32 x, Int32 y, Int32 nButton, Int32 fEnsureVisible, String bstrKeyModifiers)
   at Microsoft.VisualStudio.TestTools.UITest.Playback.ScreenElement.MouseButtonClick(Int32 x, Int32 y, MouseButtons button, ModifierKeys modifierKeys, Int32 ensureVisible)
   at Microsoft.VisualStudio.TestTools.UITesting.UITestControl.Click(MouseButtons button, ModifierKeys modifierKeys, Point relativeCoordinates)
   --- End of inner exception stack trace ---
   at Microsoft.VisualStudio.TestTools.UITesting.Playback.MapAndThrowComException(COMException innerException, IPlaybackContext context)
   at Microsoft.VisualStudio.TestTools.UITesting.Playback.MapAndThrowException(SystemException exception, IPlaybackContext context)
   at Microsoft.VisualStudio.TestTools.UITesting.Playback.MapAndThrowException(SystemException exception, String actionName, UITestControl uiControl, Point point)
   at Microsoft.VisualStudio.TestTools.UITesting.UITestControl.Click(MouseButtons button, ModifierKeys modifierKeys, Point relativeCoordinates)
   at Microsoft.VisualStudio.TestTools.UITesting.UITestActionExecutorCore.Click(UITestControl control, MouseButtons button, ModifierKeys modifierKeys, Point relativeCoordinate)
   at Microsoft.VisualStudio.TestTools.UITesting.Mouse.ClickImplementation(UITestControl control, MouseButtons button, ModifierKeys modifierKeys, Point relativeCoordinate)
   at Microsoft.VisualStudio.TestTools.UITesting.Mouse.&lt;&gt;c__DisplayClass6.&lt;Click&gt;b__5()
   at Microsoft.VisualStudio.TestTools.UITesting.CodedUITestMethodInvoker.InvokeMethod[T](Func`1 function, UITestControl control, Boolean firePlaybackErrorEvent, Boolean logAsAction)
   at Microsoft.VisualStudio.TestTools.UITesting.Mouse.Click(UITestControl control, MouseButtons button, ModifierKeys modifierKeys, Point relativeCoordinate)
   at Microsoft.VisualStudio.TestTools.UITesting.Mouse.Click(UITestControl control)
   at TestAuto.LoggingAndSharedGenericMethods.MouseClick(UITestControl uiMenuItemTestControl) in c:\Builds\1\WebSphere\QATestAutomation\src\CodedUITest\SourceCode\Common\Logging\SharedMethods_Generic.cs:line 785
&lt;ERROR&gt;[5/14/2018 10:46:20 PM]&lt;Error&gt;AllBrowserWindow : failed executing ...Unable to find Windows Internet Explorer window with 'Shopping Cart - Microsoft Internet Explorer provided by Horizon Hobby' in the title.
&lt;ERROR&gt;[5/14/2018 10:46:42 PM]&lt;Error&gt;AllBrowserWindow : failed executing ...Unable to find Windows Internet Explorer window with 'Shopping Cart - Microsoft Internet Explorer provided by Horizon Hobby' in the title.
&lt;ERROR&gt;[5/14/2018 10:47:05 PM]&lt;Error&gt;AllBrowserWindow : failed executing ...Unable to find Windows Internet Explorer window with 'Shopping Cart - Microsoft Internet Explorer provided by Horizon Hobby' in the title.
&lt;ERROR&gt;[5/14/2018 10:47:27 PM]&lt;Error&gt;AllBrowserWindow : failed executing ...Unable to find Windows Internet Explorer window with 'HorizonHobby - Shipping and Billing Display - Microsoft Internet Explorer provided by Horizon Hobby' in the title.
&lt;FAIL&gt;&lt;SwitchFromUSToInternationalShipping&gt;&lt;Do you want to ship internationally? link exists on Address page&gt;.Assert.AreEqual failed. Expected:&lt;True&gt;. Actual:&lt;False&gt;. 
    StackTrace:
    SwitchFromUSToInternationalShipping(),BorderFree.cs,Line Number:840
&lt;ERROR&gt;[5/14/2018 10:47:37 PM]&lt;ERROR&gt;MouseClick Exception:Microsoft.VisualStudio.TestTools.UITest.Extension.UITestControlNotFoundException: The playback failed to find the control with the given search properties. Additional Details: 
TechnologyName:  'Web'
ControlType:  'Hyperlink'
TagName:  'A'
Id:  'contextChooserLink'
 Failed to find any control that matched the value contextChooserLink for the search property Id. ---&gt; System.Runtime.InteropServices.COMException: Error HRESULT E_FAIL has been returned from a call to a COM component.
   at Microsoft.VisualStudio.TestTools.UITest.Playback.Engine.IScreenElement.FindAllDescendants(String bstrQueryId, Object&amp; pvarResKeys, Int32 cResKeys, Int32 nMaxDepth)
   at Microsoft.VisualStudio.TestTools.UITest.Playback.ScreenElement.FindAllScreenElement(String queryId, Int32 depth, Boolean singleQueryId, Boolean throwException, Boolean resetSkipStep)
   at Microsoft.VisualStudio.TestTools.UITest.Playback.ScreenElement.FindScreenElement(String queryId, Int32 depth, Boolean resetSkipStep)
   at Microsoft.VisualStudio.TestTools.UITesting.UITestControl.FindFirstDescendant(String queryId, Int32 maxDepth, Int32&amp; timeLeft)
   --- End of inner exception stack trace ---
   at Microsoft.VisualStudio.TestTools.UITesting.Playback.MapControlNotFoundException(COMException ex, IPlaybackContext context)
   at Microsoft.VisualStudio.TestTools.UITesting.Playback.MapAndThrowComException(COMException innerException, IPlaybackContext context)
   at Microsoft.VisualStudio.TestTools.UITesting.Playback.MapAndThrowException(SystemException exception, IPlaybackContext context)
   at Microsoft.VisualStudio.TestTools.UITesting.Playback.MapAndThrowException(SystemException exception, String queryId)
   at Microsoft.VisualStudio.TestTools.UITesting.UITestControl.FindFirstDescendant(String queryId, Int32 maxDepth, Int32&amp; timeLeft)
   at Microsoft.VisualStudio.TestTools.UITesting.SearchHelper.GetUITestControlRecursive(Boolean useCache, Boolean alwaysSearch, ISearchArgument searchArg, IList`1 windowTitles, Int32&amp; timeLeft)
   at Microsoft.VisualStudio.TestTools.UITesting.SearchHelper.GetElement(Boolean useCache, ISearchArgument searchArg)
   at Microsoft.VisualStudio.TestTools.UITesting.SearchHelper.Search(ISearchArgument searchArg)
   at Microsoft.VisualStudio.TestTools.UITesting.UITestControl.FindInternal()
   at Microsoft.VisualStudio.TestTools.UITesting.UITestControl.&lt;Find&gt;b__3a()
   at Microsoft.VisualStudio.TestTools.UITesting.CodedUITestMethodInvoker.InvokeMethod[T](Func`1 function, UITestControl control, Boolean firePlaybackErrorEvent, Boolean logAsAction)
   at Microsoft.VisualStudio.TestTools.UITesting.UITestControl.Find()
   at Microsoft.VisualStudio.TestTools.UITesting.UITestControl.GetPropertyPrivate(String propertyName)
   at Microsoft.VisualStudio.TestTools.UITesting.UITestControl.GetPropertyOfType[T](String propertyName)
   at Microsoft.VisualStudio.TestTools.UITesting.UITestControl.get_Name()
   at TestAuto.LoggingAndSharedGenericMethods.MouseClick(UITestControl uiMenuItemTestControl) in c:\Builds\1\WebSphere\QATestAutomation\src\CodedUITest\SourceCode\Common\Logging\SharedMethods_Generic.cs:line 790
&lt;ERROR&gt;[5/14/2018 10:47:40 PM]&lt;Error&gt;SwitchFromUSToInternationalShipping : failed executing ...The playback failed to find the control with the given search properties. Additional Details: 
TechnologyName:  'Web'
ControlType:  'Custom'
TagName:  'h1'
Class:  'bfreeHdr'
 Failed to find any control that matched the search condition ControlType='Custom' &amp;&amp; Class=&gt;'bfreeHdr'   at TestAuto.LoggingAndSharedGenericMethods.EndTest() in c:\Builds\1\WebSphere\QATestAutomation\src\CodedUITest\SourceCode\Common\Logging\Logging.cs:line 1628
   at TestAuto.BorderFree.TestCleanup() in c:\Builds\1\WebSphere\QATestAutomation\src\CodedUITest\SourceCode\HHobby\BorderFree\BorderFree.cs:line 2628
[5/14/2018 10:41:58 PM]&lt;STARTLOG&gt;&lt;SwitchFromUSToInternationalShipping&gt;Test Started: Expecting: #PASS=Undefined and #FAIL=0
Running from MTM=True, running on machine name:CMP01-YKUMAR, user name=ykumar, OS=Microsoft Windows NT 6.1.7601 Service Pack 1, Is64BitOS=True[5/14/2018 10:42:00 PM]&lt;INFO&gt;LogCPUAndMemoryUsage: Available Memory = 25185(MB), CPU Usage = 36.10349%[5/14/2018 10:42:00 PM]&lt;INFO&gt;Private Working Set for QTAgent32_40, usage=229432 (K)[5/14/2018 10:42:00 PM]&lt;INFO&gt;Path To TestConfig xml=C:\Users\ykumar\AppData\Local\VSEQT\QTAgent\26974\CMP01-YKUMAR.horizonhobby.com\Deployment\SharedCommonConfig.xml[5/14/2018 10:42:00 PM]&lt;INFO&gt;Path To TestData xml=C:\Users\ykumar\AppData\Local\VSEQT\QTAgent\26974\CMP01-YKUMAR.horizonhobby.com\Deployment\BorderFreeTestData_224158.xml[5/14/2018 10:42:00 PM]&lt;INFO&gt;Path To HorizonHobbyQA Application Url=https://www-tst.horizonhobby.com[5/14/2018 10:42:00 PM]&lt;INFO&gt;HorizonHobbyQA sql connection string=Server=cmp02-ws-tst-db01:50000;Database=TST01DB;UID=wcdbuser;PWD=h0r1z0n;Connect Timeout=30[5/14/2018 10:42:00 PM]&lt;INFO&gt;Country is := US and language id is := '-1'[5/14/2018 10:42:00 PM]&lt;INFO&gt;Current browser used for test execution is = 'IE'[5/14/2018 10:42:03 PM]&lt;Info&gt;AllBrowserWindow : Locating browser window...[5/14/2018 10:42:08 PM]&lt;PASS&gt;&lt;GetSelectedShipToCountryOrCurrency&gt;&lt;The country selected is India as expected&gt;[5/14/2018 10:42:08 PM]&lt;PASS&gt;&lt;GetSelectedShipToCountryOrCurrency&gt;&lt;The currency selected is Indian Rupee as expected&gt;[5/14/2018 10:42:08 PM]&lt;PASS&gt;&lt;GetSelectedShipToCountryOrCurrency&gt;&lt;The currency combobox is enabled &gt;[5/14/2018 10:42:12 PM]&lt;PASS&gt;&lt;GetSelectedShipToCountryOrCurrency&gt;&lt;The country selected is United States as expected&gt;[5/14/2018 10:42:12 PM]&lt;PASS&gt;&lt;GetSelectedShipToCountryOrCurrency&gt;&lt;The currency selected is US Dollar as expected&gt;[5/14/2018 10:42:12 PM]&lt;PASS&gt;&lt;GetSelectedShipToCountryOrCurrency&gt;&lt;The currency combobox is disabled &gt;[5/14/2018 10:42:15 PM]&lt;PASS&gt;&lt;GetSelectedShipToCountryOrCurrency&gt;&lt;The country selected is India as expected&gt;[5/14/2018 10:42:15 PM]&lt;PASS&gt;&lt;GetSelectedShipToCountryOrCurrency&gt;&lt;The currency selected is US Dollar as expected&gt;[5/14/2018 10:42:15 PM]&lt;PASS&gt;&lt;GetSelectedShipToCountryOrCurrency&gt;&lt;The currency combobox is enabled &gt;[5/14/2018 10:42:30 PM]&lt;INFO&gt;SurveyWindow : method executing ...[5/14/2018 10:42:39 PM]&lt;INFO&gt;ContinueOnCertificationErrorClickexecuting ...[5/14/2018 10:42:39 PM]&lt;Info&gt;DEAllBrowserWindow : Locating browser window...[5/14/2018 10:42:46 PM]&lt;INFO&gt;UserRegistration : method executing ...[5/14/2018 10:42:46 PM]&lt;Info&gt;AllBrowserWindow : Locating browser window...[5/14/2018 10:43:10 PM]&lt;Info&gt;AllBrowserWindow : Locating browser window...[5/14/2018 10:43:25 PM]&lt;INFO&gt;SurveyWindow : method executing ...[5/14/2018 10:43:36 PM]&lt;INFO&gt;SearchProductexecuting ... Searching term:= 'M3 x 6mm Flat Head Screw (10)'Assert.Fail failed. [5/14/2018 10:43:40 PM]&lt;ERROR&gt;SearchProduct := M3 x 6mm Flat Head Screw (10) : failed executing ...Cannot perform 'SetProperty of Text with value "M3 x 6mm Flat Head Screw (10)"' on the control. Additional Details: 
TechnologyName:  'Web'
ControlType:  'Edit'
TagName:  'INPUT'
Id:  'SimpleSearchForm_SearchTerm'
Name:  'searchTerm'
, 
    StackTrace:
    SearchProduct(),SharedApplicationCommon.cs,Line Number:697
    SwitchFromUSToInternationalShipping(),BorderFree.cs,Line Number:818[5/14/2018 10:43:40 PM]&lt;CaptureImage&gt;\\CMP01-YKumar\AutoLog\CMP01-YKUMAR\SwitchFromUSToInternationalShipping_20180514224340.png[5/14/2018 10:43:40 PM]&lt;Info&gt;AllBrowserWindow : Locating browser window...[5/14/2018 10:44:03 PM]&lt;Info&gt;AllBrowserWindow : Locating browser window...[5/14/2018 10:45:38 PM]&lt;INFO&gt;BackOrderClickexecuting ...Assert.Fail failed. [5/14/2018 10:45:45 PM]&lt;ERROR&gt;BackOrderClick : failed executing ...The playback failed to find the control with the given search properties. Additional Details: 
TechnologyName:  'Web'
ControlType:  'Hyperlink'
TagName:  'A'
Id:  'add2CartBtn'
 Failed to find any control that matched the value add2CartBtn for the search property Id., 
    StackTrace:
    BackOrderClick(),SharedProductPage.cs,Line Number:498
    BackOrderClick(),SharedProductPage.cs,Line Number:505
    SwitchFromUSToInternationalShipping(),BorderFree.cs,Line Number:823[5/14/2018 10:45:45 PM]&lt;CaptureImage&gt;\\CMP01-YKumar\AutoLog\CMP01-YKUMAR\SwitchFromUSToInternationalShipping_20180514224545.png[5/14/2018 10:45:45 PM]&lt;INFO&gt;GoToCartClickexecuting ...Assert.Fail failed. [5/14/2018 10:45:58 PM]&lt;ERROR&gt;MouseClick Exception:Microsoft.VisualStudio.TestTools.UITest.Extension.FailedToPerformActionOnHiddenControlException: Cannot perform 'Click' on the hidden control. Additional Details: 
TechnologyName:  'Web'
ControlType:  'Hyperlink'
TagName:  'A'
Id:  'GotoCartButton1'
Name:  ''
Target:  ''
InnerText:  'Go to Cart'
 ---&gt; System.Runtime.InteropServices.COMException: Exception from HRESULT: 0xF004F002
   at Microsoft.VisualStudio.TestTools.UITest.Playback.Engine.IScreenElement.MouseButtonClick(Int32 x, Int32 y, Int32 nButton, Int32 fEnsureVisible, String bstrKeyModifiers)
   at Microsoft.VisualStudio.TestTools.UITest.Playback.ScreenElement.MouseButtonClick(Int32 x, Int32 y, MouseButtons button, ModifierKeys modifierKeys, Int32 ensureVisible)
   at Microsoft.VisualStudio.TestTools.UITesting.UITestControl.Click(MouseButtons button, ModifierKeys modifierKeys, Point relativeCoordinates)
   --- End of inner exception stack trace ---
   at Microsoft.VisualStudio.TestTools.UITesting.Playback.MapAndThrowComException(COMException innerException, IPlaybackContext context)
   at Microsoft.VisualStudio.TestTools.UITesting.Playback.MapAndThrowException(SystemException exception, IPlaybackContext context)
   at Microsoft.VisualStudio.TestTools.UITesting.Playback.MapAndThrowException(SystemException exception, String actionName, UITestControl uiControl, Point point)
   at Microsoft.VisualStudio.TestTools.UITesting.UITestControl.Click(MouseButtons button, ModifierKeys modifierKeys, Point relativeCoordinates)
   at Microsoft.VisualStudio.TestTools.UITesting.UITestActionExecutorCore.Click(UITestControl control, MouseButtons button, ModifierKeys modifierKeys, Point relativeCoordinate)
   at Microsoft.VisualStudio.TestTools.UITesting.Mouse.ClickImplementation(UITestControl control, MouseButtons button, ModifierKeys modifierKeys, Point relativeCoordinate)
   at Microsoft.VisualStudio.TestTools.UITesting.Mouse.&lt;&gt;c__DisplayClass6.&lt;Click&gt;b__5()
   at Microsoft.VisualStudio.TestTools.UITesting.CodedUITestMethodInvoker.InvokeMethod[T](Func`1 function, UITestControl control, Boolean firePlaybackErrorEvent, Boolean logAsAction)
   at Microsoft.VisualStudio.TestTools.UITesting.Mouse.Click(UITestControl control, MouseButtons button, ModifierKeys modifierKeys, Point relativeCoordinate)
   at Microsoft.VisualStudio.TestTools.UITesting.Mouse.Click(UITestControl control)
   at TestAuto.LoggingAndSharedGenericMethods.MouseClick(UITestControl uiMenuItemTestControl) in c:\Builds\1\WebSphere\QATestAutomation\src\CodedUITest\SourceCode\Common\Logging\SharedMethods_Generic.cs:line 785, 
    StackTrace:
    MouseClick(),SharedMethods_Generic.cs,Line Number:822
    GoToCartClick(),SharedCartPopUp.cs,Line Number:129
    SwitchFromUSToInternationalShipping(),BorderFree.cs,Line Number:826[5/14/2018 10:45:58 PM]&lt;CaptureImage&gt;\\CMP01-YKumar\AutoLog\CMP01-YKUMAR\SwitchFromUSToInternationalShipping_20180514224558.png[5/14/2018 10:45:58 PM]&lt;INFO&gt;ContinueOnCertificationErrorClickexecuting ...[5/14/2018 10:45:58 PM]&lt;Info&gt;AllBrowserWindow : Locating browser window...Assert.Fail failed. [5/14/2018 10:46:20 PM]&lt;Error&gt;AllBrowserWindow : failed executing ...Unable to find Windows Internet Explorer window with 'Shopping Cart - Microsoft Internet Explorer provided by Horizon Hobby' in the title., 
    StackTrace:
    AllBrowserWindow(),SharedBorderFree.cs,Line Number:1037
    SwitchFromUSToInternationalShipping(),BorderFree.cs,Line Number:828[5/14/2018 10:46:20 PM]&lt;CaptureImage&gt;\\CMP01-YKumar\AutoLog\CMP01-YKUMAR\SwitchFromUSToInternationalShipping_20180514224620.png[5/14/2018 10:46:20 PM]&lt;INFO&gt;CheckoutProcessStartShoppingCart : method executing[5/14/2018 10:46:20 PM]&lt;Info&gt;AllBrowserWindow : Locating browser window...Assert.Fail failed. [5/14/2018 10:46:42 PM]&lt;Error&gt;AllBrowserWindow : failed executing ...Unable to find Windows Internet Explorer window with 'Shopping Cart - Microsoft Internet Explorer provided by Horizon Hobby' in the title., 
    StackTrace:
    AllBrowserWindow(),SharedBorderFree.cs,Line Number:1037
    CheckoutProcessStartShoppingCart(),SharedCheckoutCreditCard.cs,Line Number:771
    CheckoutProcessStartShoppingCart(),SharedCheckoutCreditCard.cs,Line Number:808
    SwitchFromUSToInternationalShipping(),BorderFree.cs,Line Number:831[5/14/2018 10:46:42 PM]&lt;CaptureImage&gt;\\CMP01-YKumar\AutoLog\CMP01-YKUMAR\SwitchFromUSToInternationalShipping_20180514224642.png[5/14/2018 10:46:42 PM]&lt;INFO&gt;CheckoutShoppingCartControls : method executing[5/14/2018 10:46:42 PM]&lt;Info&gt;AllBrowserWindow : Locating browser window...Assert.Fail failed. [5/14/2018 10:47:05 PM]&lt;Error&gt;AllBrowserWindow : failed executing ...Unable to find Windows Internet Explorer window with 'Shopping Cart - Microsoft Internet Explorer provided by Horizon Hobby' in the title., 
    StackTrace:
    AllBrowserWindow(),SharedBorderFree.cs,Line Number:1037
    CheckoutShoppingCartControls(),SharedCheckoutCreditCard.cs,Line Number:191
    CheckoutProcessStartShoppingCart(),SharedCheckoutCreditCard.cs,Line Number:772
    CheckoutProcessStartShoppingCart(),SharedCheckoutCreditCard.cs,Line Number:808
    SwitchFromUSToInternationalShipping(),BorderFree.cs,Line Number:831[5/14/2018 10:47:05 PM]&lt;CaptureImage&gt;\\CMP01-YKumar\AutoLog\CMP01-YKUMAR\SwitchFromUSToInternationalShipping_20180514224705.png[5/14/2018 10:47:05 PM]&lt;Info&gt;AllBrowserWindow : Locating browser window...Assert.Fail failed. [5/14/2018 10:47:27 PM]&lt;Error&gt;AllBrowserWindow : failed executing ...Unable to find Windows Internet Explorer window with 'HorizonHobby - Shipping and Billing Display - Microsoft Internet Explorer provided by Horizon Hobby' in the title., 
    StackTrace:
    AllBrowserWindow(),SharedBorderFree.cs,Line Number:1037
    SwitchFromUSToInternationalShipping(),BorderFree.cs,Line Number:833[5/14/2018 10:47:27 PM]&lt;CaptureImage&gt;\\CMP01-YKumar\AutoLog\CMP01-YKUMAR\SwitchFromUSToInternationalShipping_20180514224727.png[5/14/2018 10:47:31 PM]&lt;FAIL&gt;&lt;SwitchFromUSToInternationalShipping&gt;&lt;Do you want to ship internationally? link exists on Address page&gt;.Assert.AreEqual failed. Expected:&lt;True&gt;. Actual:&lt;False&gt;. 
    StackTrace:
    SwitchFromUSToInternationalShipping(),BorderFree.cs,Line Number:840[5/14/2018 10:47:31 PM]&lt;CaptureImage&gt;\\CMP01-YKumar\AutoLog\CMP01-YKUMAR\SwitchFromUSToInternationalShipping_20180514224731.pngAssert.Fail failed. [5/14/2018 10:47:37 PM]&lt;ERROR&gt;MouseClick Exception:Microsoft.VisualStudio.TestTools.UITest.Extension.UITestControlNotFoundException: The playback failed to find the control with the given search properties. Additional Details: 
TechnologyName:  'Web'
ControlType:  'Hyperlink'
TagName:  'A'
Id:  'contextChooserLink'
 Failed to find any control that matched the value contextChooserLink for the search property Id. ---&gt; System.Runtime.InteropServices.COMException: Error HRESULT E_FAIL has been returned from a call to a COM component.
   at Microsoft.VisualStudio.TestTools.UITest.Playback.Engine.IScreenElement.FindAllDescendants(String bstrQueryId, Object&amp; pvarResKeys, Int32 cResKeys, Int32 nMaxDepth)
   at Microsoft.VisualStudio.TestTools.UITest.Playback.ScreenElement.FindAllScreenElement(String queryId, Int32 depth, Boolean singleQueryId, Boolean throwException, Boolean resetSkipStep)
   at Microsoft.VisualStudio.TestTools.UITest.Playback.ScreenElement.FindScreenElement(String queryId, Int32 depth, Boolean resetSkipStep)
   at Microsoft.VisualStudio.TestTools.UITesting.UITestControl.FindFirstDescendant(String queryId, Int32 maxDepth, Int32&amp; timeLeft)
   --- End of inner exception stack trace ---
   at Microsoft.VisualStudio.TestTools.UITesting.Playback.MapControlNotFoundException(COMException ex, IPlaybackContext context)
   at Microsoft.VisualStudio.TestTools.UITesting.Playback.MapAndThrowComException(COMException innerException, IPlaybackContext context)
   at Microsoft.VisualStudio.TestTools.UITesting.Playback.MapAndThrowException(SystemException exception, IPlaybackContext context)
   at Microsoft.VisualStudio.TestTools.UITesting.Playback.MapAndThrowException(SystemException exception, String queryId)
   at Microsoft.VisualStudio.TestTools.UITesting.UITestControl.FindFirstDescendant(String queryId, Int32 maxDepth, Int32&amp; timeLeft)
   at Microsoft.VisualStudio.TestTools.UITesting.SearchHelper.GetUITestControlRecursive(Boolean useCache, Boolean alwaysSearch, ISearchArgument searchArg, IList`1 windowTitles, Int32&amp; timeLeft)
   at Microsoft.VisualStudio.TestTools.UITesting.SearchHelper.GetElement(Boolean useCache, ISearchArgument searchArg)
   at Microsoft.VisualStudio.TestTools.UITesting.SearchHelper.Search(ISearchArgument searchArg)
   at Microsoft.VisualStudio.TestTools.UITesting.UITestControl.FindInternal()
   at Microsoft.VisualStudio.TestTools.UITesting.UITestControl.&lt;Find&gt;b__3a()
   at Microsoft.VisualStudio.TestTools.UITesting.CodedUITestMethodInvoker.InvokeMethod[T](Func`1 function, UITestControl control, Boolean firePlaybackErrorEvent, Boolean logAsAction)
   at Microsoft.VisualStudio.TestTools.UITesting.UITestControl.Find()
   at Microsoft.VisualStudio.TestTools.UITesting.UITestControl.GetPropertyPrivate(String propertyName)
   at Microsoft.VisualStudio.TestTools.UITesting.UITestControl.GetPropertyOfType[T](String propertyName)
   at Microsoft.VisualStudio.TestTools.UITesting.UITestControl.get_Name()
   at TestAuto.LoggingAndSharedGenericMethods.MouseClick(UITestControl uiMenuItemTestControl) in c:\Builds\1\WebSphere\QATestAutomation\src\CodedUITest\SourceCode\Common\Logging\SharedMethods_Generic.cs:line 790, 
    StackTrace:
    MouseClick(),SharedMethods_Generic.cs,Line Number:822
    SwitchFromUSToInternationalShipping(),BorderFree.cs,Line Number:843[5/14/2018 10:47:37 PM]&lt;CaptureImage&gt;\\CMP01-YKumar\AutoLog\CMP01-YKUMAR\SwitchFromUSToInternationalShipping_20180514224737.pngAssert.Fail failed. [5/14/2018 10:47:40 PM]&lt;Error&gt;SwitchFromUSToInternationalShipping : failed executing ...The playback failed to find the control with the given search properties. Additional Details: 
TechnologyName:  'Web'
ControlType:  'Custom'
TagName:  'h1'
Class:  'bfreeHdr'
 Failed to find any control that matched the search condition ControlType='Custom' &amp;&amp; Class=&gt;'bfreeHdr', 
    StackTrace:
    SwitchFromUSToInternationalShipping(),BorderFree.cs,Line Number:875[5/14/2018 10:47:40 PM]&lt;CaptureImage&gt;\\CMP01-YKumar\AutoLog\CMP01-YKUMAR\SwitchFromUSToInternationalShipping_20180514224740.png[5/14/2018 10:47:40 PM]&lt;INFO&gt;DeleteWishlistFromDatabase : method executing[5/14/2018 10:48:11 PM]&lt;RESULT&gt;Test Ended:#PASS=9, #FAIL=1,#Other errors=9[5/14/2018 10:48:12 PM]&lt;INFO&gt;LogCPUAndMemoryUsage: Available Memory = 24779(MB), CPU Usage = 6.7894%[5/14/2018 10:48:12 PM]&lt;INFO&gt;Private Working Set for QTAgent32_40, usage=229532 (K)[5/14/2018 10:48:12 PM]&lt;RESULT&gt;&lt;SwitchFromUSToInternationalShipping&gt; Test FAILED: Actual #FAIL=1, #Expected FAIL=0
#Other errors=9. See Error Message/logs for further details.</StdOut>
        <ErrorInfo>
          <Message>Assert.Fail failed. 
Actual #FAIL=1, #Expected FAIL=0
#Other errors=9
[Error details below]
&lt;ERROR&gt;[5/14/2018 10:43:40 PM]&lt;ERROR&gt;SearchProduct := M3 x 6mm Flat Head Screw (10) : failed executing ...Cannot perform 'SetProperty of Text with value "M3 x 6mm Flat Head Screw (10)"' on the control. Additional Details: 
TechnologyName:  'Web'
ControlType:  'Edit'
TagName:  'INPUT'
Id:  'SimpleSearchForm_SearchTerm'
Name:  'searchTerm'

&lt;ERROR&gt;[5/14/2018 10:45:45 PM]&lt;ERROR&gt;BackOrderClick : failed executing ...The playback failed to find the control with the given search properties. Additional Details: 
TechnologyName:  'Web'
ControlType:  'Hyperlink'
TagName:  'A'
Id:  'add2CartBtn'
 Failed to find any control that matched the value add2CartBtn for the search property Id.
&lt;ERROR&gt;[5/14/2018 10:45:58 PM]&lt;ERROR&gt;MouseClick Exception:Microsoft.VisualStudio.TestTools.UITest.Extension.FailedToPerformActionOnHiddenControlException: Cannot perform 'Click' on the hidden control. Additional Details: 
TechnologyName:  'Web'
ControlType:  'Hyperlink'
TagName:  'A'
Id:  'GotoCartButton1'
Name:  ''
Target:  ''
InnerText:  'Go to Cart'
 ---&gt; System.Runtime.InteropServices.COMException: Exception from HRESULT: 0xF004F002
   at Microsoft.VisualStudio.TestTools.UITest.Playback.Engine.IScreenElement.MouseButtonClick(Int32 x, Int32 y, Int32 nButton, Int32 fEnsureVisible, String bstrKeyModifiers)
   at Microsoft.VisualStudio.TestTools.UITest.Playback.ScreenElement.MouseButtonClick(Int32 x, Int32 y, MouseButtons button, ModifierKeys modifierKeys, Int32 ensureVisible)
   at Microsoft.VisualStudio.TestTools.UITesting.UITestControl.Click(MouseButtons button, ModifierKeys modifierKeys, Point relativeCoordinates)
   --- End of inner exception stack trace ---
   at Microsoft.VisualStudio.TestTools.UITesting.Playback.MapAndThrowComException(COMException innerException, IPlaybackContext context)
   at Microsoft.VisualStudio.TestTools.UITesting.Playback.MapAndThrowException(SystemException exception, IPlaybackContext context)
   at Microsoft.VisualStudio.TestTools.UITesting.Playback.MapAndThrowException(SystemException exception, String actionName, UITestControl uiControl, Point point)
   at Microsoft.VisualStudio.TestTools.UITesting.UITestControl.Click(MouseButtons button, ModifierKeys modifierKeys, Point relativeCoordinates)
   at Microsoft.VisualStudio.TestTools.UITesting.UITestActionExecutorCore.Click(UITestControl control, MouseButtons button, ModifierKeys modifierKeys, Point relativeCoordinate)
   at Microsoft.VisualStudio.TestTools.UITesting.Mouse.ClickImplementation(UITestControl control, MouseButtons button, ModifierKeys modifierKeys, Point relativeCoordinate)
   at Microsoft.VisualStudio.TestTools.UITesting.Mouse.&lt;&gt;c__DisplayClass6.&lt;Click&gt;b__5()
   at Microsoft.VisualStudio.TestTools.UITesting.CodedUITestMethodInvoker.InvokeMethod[T](Func`1 function, UITestControl control, Boolean firePlaybackErrorEvent, Boolean logAsAction)
   at Microsoft.VisualStudio.TestTools.UITesting.Mouse.Click(UITestControl control, MouseButtons button, ModifierKeys modifierKeys, Point relativeCoordinate)
   at Microsoft.VisualStudio.TestTools.UITesting.Mouse.Click(UITestControl control)
   at TestAuto.LoggingAndSharedGenericMethods.MouseClick(UITestControl uiMenuItemTestControl) in c:\Builds\1\WebSphere\QATestAutomation\src\CodedUITest\SourceCode\Common\Logging\SharedMethods_Generic.cs:line 785
&lt;ERROR&gt;[5/14/2018 10:46:20 PM]&lt;Error&gt;AllBrowserWindow : failed executing ...Unable to find Windows Internet Explorer window with 'Shopping Cart - Microsoft Internet Explorer provided by Horizon Hobby' in the title.
&lt;ERROR&gt;[5/14/2018 10:46:42 PM]&lt;Error&gt;AllBrowserWindow : failed executing ...Unable to find Windows Internet Explorer window with 'Shopping Cart - Microsoft Internet Explorer provided by Horizon Hobby' in the title.
&lt;ERROR&gt;[5/14/2018 10:47:05 PM]&lt;Error&gt;AllBrowserWindow : failed executing ...Unable to find Windows Internet Explorer window with 'Shopping Cart - Microsoft Internet Explorer provided by Horizon Hobby' in the title.
&lt;ERROR&gt;[5/14/2018 10:47:27 PM]&lt;Error&gt;AllBrowserWindow : failed executing ...Unable to find Windows Internet Explorer window with 'HorizonHobby - Shipping and Billing Display - Microsoft Internet Explorer provided by Horizon Hobby' in the title.
&lt;FAIL&gt;&lt;SwitchFromUSToInternationalShipping&gt;&lt;Do you want to ship internationally? link exists on Address page&gt;.Assert.AreEqual failed. Expected:&lt;True&gt;. Actual:&lt;False&gt;. 
    StackTrace:
    SwitchFromUSToInternationalShipping(),BorderFree.cs,Line Number:840
&lt;ERROR&gt;[5/14/2018 10:47:37 PM]&lt;ERROR&gt;MouseClick Exception:Microsoft.VisualStudio.TestTools.UITest.Extension.UITestControlNotFoundException: The playback failed to find the control with the given search properties. Additional Details: 
TechnologyName:  'Web'
ControlType:  'Hyperlink'
TagName:  'A'
Id:  'contextChooserLink'
 Failed to find any control that matched the value contextChooserLink for the search property Id. ---&gt; System.Runtime.InteropServices.COMException: Error HRESULT E_FAIL has been returned from a call to a COM component.
   at Microsoft.VisualStudio.TestTools.UITest.Playback.Engine.IScreenElement.FindAllDescendants(String bstrQueryId, Object&amp; pvarResKeys, Int32 cResKeys, Int32 nMaxDepth)
   at Microsoft.VisualStudio.TestTools.UITest.Playback.ScreenElement.FindAllScreenElement(String queryId, Int32 depth, Boolean singleQueryId, Boolean throwException, Boolean resetSkipStep)
   at Microsoft.VisualStudio.TestTools.UITest.Playback.ScreenElement.FindScreenElement(String queryId, Int32 depth, Boolean resetSkipStep)
   at Microsoft.VisualStudio.TestTools.UITesting.UITestControl.FindFirstDescendant(String queryId, Int32 maxDepth, Int32&amp; timeLeft)
   --- End of inner exception stack trace ---
   at Microsoft.VisualStudio.TestTools.UITesting.Playback.MapControlNotFoundException(COMException ex, IPlaybackContext context)
   at Microsoft.VisualStudio.TestTools.UITesting.Playback.MapAndThrowComException(COMException innerException, IPlaybackContext context)
   at Microsoft.VisualStudio.TestTools.UITesting.Playback.MapAndThrowException(SystemException exception, IPlaybackContext context)
   at Microsoft.VisualStudio.TestTools.UITesting.Playback.MapAndThrowException(SystemException exception, String queryId)
   at Microsoft.VisualStudio.TestTools.UITesting.UITestControl.FindFirstDescendant(String queryId, Int32 maxDepth, Int32&amp; timeLeft)
   at Microsoft.VisualStudio.TestTools.UITesting.SearchHelper.GetUITestControlRecursive(Boolean useCache, Boolean alwaysSearch, ISearchArgument searchArg, IList`1 windowTitles, Int32&amp; timeLeft)
   at Microsoft.VisualStudio.TestTools.UITesting.SearchHelper.GetElement(Boolean useCache, ISearchArgument searchArg)
   at Microsoft.VisualStudio.TestTools.UITesting.SearchHelper.Search(ISearchArgument searchArg)
   at Microsoft.VisualStudio.TestTools.UITesting.UITestControl.FindInternal()
   at Microsoft.VisualStudio.TestTools.UITesting.UITestControl.&lt;Find&gt;b__3a()
   at Microsoft.VisualStudio.TestTools.UITesting.CodedUITestMethodInvoker.InvokeMethod[T](Func`1 function, UITestControl control, Boolean firePlaybackErrorEvent, Boolean logAsAction)
   at Microsoft.VisualStudio.TestTools.UITesting.UITestControl.Find()
   at Microsoft.VisualStudio.TestTools.UITesting.UITestControl.GetPropertyPrivate(String propertyName)
   at Microsoft.VisualStudio.TestTools.UITesting.UITestControl.GetPropertyOfType[T](String propertyName)
   at Microsoft.VisualStudio.TestTools.UITesting.UITestControl.get_Name()
   at TestAuto.LoggingAndSharedGenericMethods.MouseClick(UITestControl uiMenuItemTestControl) in c:\Builds\1\WebSphere\QATestAutomation\src\CodedUITest\SourceCode\Common\Logging\SharedMethods_Generic.cs:line 790
&lt;ERROR&gt;[5/14/2018 10:47:40 PM]&lt;Error&gt;SwitchFromUSToInternationalShipping : failed executing ...The playback failed to find the control with the given search properties. Additional Details: 
TechnologyName:  'Web'
ControlType:  'Custom'
TagName:  'h1'
Class:  'bfreeHdr'
 Failed to find any control that matched the search condition ControlType='Custom' &amp;&amp; Class=&gt;'bfreeHdr'</Message>
          <StackTrace>   at TestAuto.LoggingAndSharedGenericMethods.EndTest() in c:\Builds\1\WebSphere\QATestAutomation\src\CodedUITest\SourceCode\Common\Logging\Logging.cs:line 1628
   at TestAuto.BorderFree.TestCleanup() in c:\Builds\1\WebSphere\QATestAutomation\src\CodedUITest\SourceCode\HHobby\BorderFree\BorderFree.cs:line 2628
</StackTrace>
        </ErrorInfo>
      </Output>
      <ResultFiles />
    </UnitTestResult>
    <UnitTestResult executionId="3c64e29a-fbd9-4da0-9bc9-04cf28c8f19b" testId="a54af7ba-7178-e223-f9f1-484174ca129a" testName="AppropriateCurrencyDisplayOnDifferentPagesForDifferentCountriesFromContextChooser" computerName="CMP01-YKUMAR" duration="00:09:11.9553583" startTime="2018-05-14T22:48:14.2412310-05:00" endTime="2018-05-14T22:57:26.2032310-05:00" testType="13cdc9d9-ddb5-4fa4-a97d-d965ccfc6d4b" outcome="Failed" testListId="8c84fa94-04c1-424b-9868-57a2d4851a1d">
      <Output>
        <StdOut>Logging to custom path:\\CMP01-YKumar\AutoLogAssert.Fail failed. 
#Other errors=1
[Error details below]
&lt;ERROR&gt;[5/14/2018 10:56:53 PM]&lt;Error&gt;AppropriateCurrencyDisplayOnDifferentPagesForDifferentCountriesFromContextChooser : failed executing ...The playback failed to find the control with the given search properties. Additional Details: 
TechnologyName:  'Web'
ControlType:  'Pane'
TagName:  'DIV'
Class:  'product_name'
 Failed to find any control that matched the search condition ControlType='Pane' &amp;&amp; Class=&gt;'product_name'   at TestAuto.LoggingAndSharedGenericMethods.EndTest() in c:\Builds\1\WebSphere\QATestAutomation\src\CodedUITest\SourceCode\Common\Logging\Logging.cs:line 1628
   at TestAuto.BorderFree.TestCleanup() in c:\Builds\1\WebSphere\QATestAutomation\src\CodedUITest\SourceCode\HHobby\BorderFree\BorderFree.cs:line 2628
[5/14/2018 10:48:14 PM]&lt;STARTLOG&gt;&lt;AppropriateCurrencyDisplayOnDifferentPagesForDifferentCountriesFromContextChooser&gt;Test Started: Expecting: #PASS=Undefined and #FAIL=0
Running from MTM=True, running on machine name:CMP01-YKUMAR, user name=ykumar, OS=Microsoft Windows NT 6.1.7601 Service Pack 1, Is64BitOS=True[5/14/2018 10:48:15 PM]&lt;INFO&gt;LogCPUAndMemoryUsage: Available Memory = 24829(MB), CPU Usage = 39.85036%[5/14/2018 10:48:15 PM]&lt;INFO&gt;Private Working Set for QTAgent32_40, usage=229680 (K)[5/14/2018 10:48:15 PM]&lt;INFO&gt;Path To TestConfig xml=C:\Users\ykumar\AppData\Local\VSEQT\QTAgent\26974\CMP01-YKUMAR.horizonhobby.com\Deployment\SharedCommonConfig.xml[5/14/2018 10:48:15 PM]&lt;INFO&gt;Path To TestData xml=C:\Users\ykumar\AppData\Local\VSEQT\QTAgent\26974\CMP01-YKUMAR.horizonhobby.com\Deployment\BorderFreeTestData_224814.xml[5/14/2018 10:48:15 PM]&lt;INFO&gt;Path To HorizonHobbyQA Application Url=https://www-tst.horizonhobby.com[5/14/2018 10:48:15 PM]&lt;INFO&gt;HorizonHobbyQA sql connection string=Server=cmp02-ws-tst-db01:50000;Database=TST01DB;UID=wcdbuser;PWD=h0r1z0n;Connect Timeout=30[5/14/2018 10:48:15 PM]&lt;INFO&gt;Country is := US and language id is := '-1'[5/14/2018 10:48:15 PM]&lt;INFO&gt;Current browser used for test execution is = 'IE'[5/14/2018 10:48:15 PM]&lt;INFO&gt;GetProductWithPartsAndListingAndCompletionGuide executing... [5/14/2018 10:48:19 PM]&lt;INFO&gt;GetMenuItems : method executing ... - Almost Ready-to-Fly[5/14/2018 10:48:22 PM]&lt;INFO&gt;SurveyWindow : method executing ...[5/14/2018 10:48:28 PM]&lt;INFO&gt;ContinueOnCertificationErrorClickexecuting ...[5/14/2018 10:48:28 PM]&lt;Info&gt;DEAllBrowserWindow : Locating browser window...[5/14/2018 10:48:32 PM]&lt;INFO&gt;UserRegistration : method executing ...[5/14/2018 10:48:32 PM]&lt;Info&gt;AllBrowserWindow : Locating browser window...[5/14/2018 10:48:54 PM]&lt;Info&gt;AllBrowserWindow : Locating browser window...[5/14/2018 10:49:18 PM]&lt;INFO&gt;SurveyWindow : method executing ...[5/14/2018 10:49:23 PM]&lt;Info&gt;AllBrowserWindow : Locating browser window...[5/14/2018 10:49:34 PM]&lt;Info&gt;AllBrowserWindow : Locating browser window...[5/14/2018 10:49:40 PM]&lt;Info&gt;AllBrowserWindow : Locating browser window...[5/14/2018 10:49:48 PM]&lt;INFO&gt;UIBestSellerProductsexecuting ...[5/14/2018 10:49:48 PM]&lt;Info&gt;AllBrowserWindow : Locating browser window...[5/14/2018 10:50:04 PM]&lt;PASS&gt;&lt;ValidateCurrencyOnPages&gt;&lt;Validate there is space between 3 letter currency code INR and the amount. CategoryLevel2&gt;[5/14/2018 10:50:04 PM]&lt;PASS&gt;&lt;ValidateCurrencyOnPages&gt;&lt;Validates currency for the best seller section on Page CategoryLevel1&gt;[5/14/2018 10:50:04 PM]&lt;INFO&gt;GetMenuItems : method executing ... - Aircraft Radio Systems[5/14/2018 10:50:11 PM]&lt;Info&gt;AllBrowserWindow : Locating browser window...[5/14/2018 10:50:11 PM]&lt;INFO&gt;UIBestSellerProductsexecuting ...[5/14/2018 10:50:11 PM]&lt;Info&gt;AllBrowserWindow : Locating browser window...[5/14/2018 10:50:18 PM]&lt;PASS&gt;&lt;ValidateCurrencyOnPages&gt;&lt;Validate there is space between 3 letter currency code INR and the amount. CategoryLevel2&gt;[5/14/2018 10:50:18 PM]&lt;PASS&gt;&lt;ValidateCurrencyOnPages&gt;&lt;Validates currency for the best seller section on Page CategoryLevel2&gt;[5/14/2018 10:50:20 PM]&lt;Info&gt;AllBrowserWindow : Locating browser window...[5/14/2018 10:51:33 PM]&lt;PASS&gt;&lt;ValidateCurrencyOnPages&gt;&lt;Validate there is space between 3 letter currency code INR and the amount. CategoryLevel2&gt;[5/14/2018 10:51:33 PM]&lt;PASS&gt;&lt;ValidateCurrencyOnPages&gt;&lt;Validates currency for the product listing on Page CategoryLevel3&gt;[5/14/2018 10:51:33 PM]&lt;PASS&gt;&lt;ValidateCurrencyOnPages&gt;&lt;Validate there is space between 3 letter currency code INR and the amount. CategoryLevel2&gt;[5/14/2018 10:51:33 PM]&lt;PASS&gt;&lt;ValidateCurrencyOnPages&gt;&lt;Validates currency for the product listing on Page CategoryLevel3&gt;[5/14/2018 10:51:35 PM]&lt;PASS&gt;&lt;AppropriateCurrencyDisplayOnDifferentPagesForDifferentCountriesFromContextChooser&gt;&lt;Validates currency for the price category section on Page CategoryLevel3&gt;[5/14/2018 10:51:35 PM]&lt;INFO&gt;SearchProductexecuting ... Searching term:= 'Heli'[5/14/2018 10:51:46 PM]&lt;Info&gt;AllBrowserWindow : Locating browser window...[5/14/2018 10:51:47 PM]&lt;INFO&gt;SelectSearchInventoryOptionexecuting ...[5/14/2018 10:52:07 PM]&lt;PASS&gt;&lt;ValidateCurrencyOnPages&gt;&lt;Validate there is space between 3 letter currency code INR and the amount. CategoryLevel2&gt;[5/14/2018 10:52:07 PM]&lt;PASS&gt;&lt;ValidateCurrencyOnPages&gt;&lt;Validates currency for the product listing on Page SearchResultPage&gt;[5/14/2018 10:52:07 PM]&lt;PASS&gt;&lt;ValidateCurrencyOnPages&gt;&lt;Validate there is space between 3 letter currency code INR and the amount. CategoryLevel2&gt;[5/14/2018 10:52:07 PM]&lt;PASS&gt;&lt;ValidateCurrencyOnPages&gt;&lt;Validates currency for the product listing on Page SearchResultPage&gt;[5/14/2018 10:52:09 PM]&lt;PASS&gt;&lt;AppropriateCurrencyDisplayOnDifferentPagesForDifferentCountriesFromContextChooser&gt;&lt;Validates currency for the price category section on Page SearchResultPage&gt;[5/14/2018 10:52:15 PM]&lt;INFO&gt;ProductQuickInfoDetailsexecuting ...[5/14/2018 10:53:07 PM]&lt;PASS&gt;&lt;AppropriateCurrencyDisplayOnDifferentPagesForDifferentCountriesFromContextChooser&gt;&lt;Validates offer price currency for quickinfo popup on CategoryLevel1&gt;[5/14/2018 10:53:07 PM]&lt;PASS&gt;&lt;AppropriateCurrencyDisplayOnDifferentPagesForDifferentCountriesFromContextChooser&gt;&lt;Validates List price currency for quickinfo popup on CategoryLevel1&gt;[5/14/2018 10:53:07 PM]&lt;Info&gt;AllBrowserWindow : Locating browser window...[5/14/2018 10:53:08 PM]&lt;INFO&gt;SearchProductexecuting ... Searching term:= 'PKZ6875'[5/14/2018 10:53:16 PM]&lt;Info&gt;AllBrowserWindow : Locating browser window...[5/14/2018 10:53:24 PM]&lt;INFO&gt;ItemOfferPriceexecuting ...[5/14/2018 10:53:37 PM]&lt;PASS&gt;&lt;AppropriateCurrencyDisplayOnDifferentPagesForDifferentCountriesFromContextChooser&gt;&lt;Validates currency for the item price on Page ProductPage&gt;[5/14/2018 10:53:37 PM]&lt;INFO&gt;ProductsYouMightConsiderProductsexecuting ...[5/14/2018 10:54:53 PM]&lt;PASS&gt;&lt;AppropriateCurrencyDisplayOnDifferentPagesForDifferentCountriesFromContextChooser&gt;&lt;Validates currency for the product you might consider price on Page ProductPage&gt;[5/14/2018 10:54:56 PM]&lt;INFO&gt;ProductsPartsListingProductsexecuting ...[5/14/2018 10:55:11 PM]&lt;PASS&gt;&lt;AppropriateCurrencyDisplayOnDifferentPagesForDifferentCountriesFromContextChooser&gt;&lt;Validates currency for the parts listing price on Page ProductPage&gt;[5/14/2018 10:55:20 PM]&lt;INFO&gt;ProductsPartsListingProductsexecuting ...[5/14/2018 10:55:47 PM]&lt;PASS&gt;&lt;AppropriateCurrencyDisplayOnDifferentPagesForDifferentCountriesFromContextChooser&gt;&lt;Validates currency for the optional accessories parts listing price on Page ProductPage&gt;[5/14/2018 10:55:50 PM]&lt;INFO&gt;ProductsCompletionGuideProductsexecuting ...[5/14/2018 10:55:53 PM]&lt;PASS&gt;&lt;AppropriateCurrencyDisplayOnDifferentPagesForDifferentCountriesFromContextChooser&gt;&lt;Validates currency for the Completion guide price on Page ProductPage&gt;[5/14/2018 10:55:53 PM]&lt;Info&gt;AllBrowserWindow : Locating browser window...[5/14/2018 10:56:15 PM]&lt;INFO&gt;BackOrderClickexecuting ...[5/14/2018 10:56:15 PM]&lt;INFO&gt;CartPopupInfoexecuting ...Assert.Fail failed. [5/14/2018 10:56:53 PM]&lt;Error&gt;AppropriateCurrencyDisplayOnDifferentPagesForDifferentCountriesFromContextChooser : failed executing ...The playback failed to find the control with the given search properties. Additional Details: 
TechnologyName:  'Web'
ControlType:  'Pane'
TagName:  'DIV'
Class:  'product_name'
 Failed to find any control that matched the search condition ControlType='Pane' &amp;&amp; Class=&gt;'product_name', 
    StackTrace:
    AppropriateCurrencyDisplayOnDifferentPagesForDifferentCountriesFromContextChooser(),BorderFree.cs,Line Number:2092[5/14/2018 10:56:53 PM]&lt;CaptureImage&gt;\\CMP01-YKumar\AutoLog\CMP01-YKUMAR\AppropriateCurrencyDisplayOnDifferentPagesForDifferentCountriesFromContextChooser_20180514225653.png[5/14/2018 10:56:53 PM]&lt;INFO&gt;DeleteWishlistFromDatabase : method executing[5/14/2018 10:57:23 PM]&lt;RESULT&gt;Test Ended:#PASS=21, #FAIL=0,#Other errors=1[5/14/2018 10:57:24 PM]&lt;INFO&gt;LogCPUAndMemoryUsage: Available Memory = 25129(MB), CPU Usage = 5.518881%[5/14/2018 10:57:24 PM]&lt;INFO&gt;Private Working Set for QTAgent32_40, usage=230204 (K)[5/14/2018 10:57:24 PM]&lt;RESULT&gt;&lt;AppropriateCurrencyDisplayOnDifferentPagesForDifferentCountriesFromContextChooser&gt; Test FAILED: #Other errors=1. See Error Message/logs for further details.The specified path, file name, or both are too long. The fully qualified file name must be less than 260 characters, and the directory name must be less than 248 characters.</StdOut>
        <ErrorInfo>
          <Message>Assert.Fail failed. 
#Other errors=1
[Error details below]
&lt;ERROR&gt;[5/14/2018 10:56:53 PM]&lt;Error&gt;AppropriateCurrencyDisplayOnDifferentPagesForDifferentCountriesFromContextChooser : failed executing ...The playback failed to find the control with the given search properties. Additional Details: 
TechnologyName:  'Web'
ControlType:  'Pane'
TagName:  'DIV'
Class:  'product_name'
 Failed to find any control that matched the search condition ControlType='Pane' &amp;&amp; Class=&gt;'product_name'</Message>
          <StackTrace>   at TestAuto.LoggingAndSharedGenericMethods.EndTest() in c:\Builds\1\WebSphere\QATestAutomation\src\CodedUITest\SourceCode\Common\Logging\Logging.cs:line 1628
   at TestAuto.BorderFree.TestCleanup() in c:\Builds\1\WebSphere\QATestAutomation\src\CodedUITest\SourceCode\HHobby\BorderFree\BorderFree.cs:line 2628
</StackTrace>
        </ErrorInfo>
      </Output>
      <ResultFiles />
    </UnitTestResult>
    <UnitTestResult executionId="02e25375-812a-4323-88b3-86bb21e9bc2d" testId="0f45a732-09ea-e362-9222-cd27f8f983e8" testName="ShoppingCartProductExclusion" computerName="CMP01-YKUMAR" duration="00:05:45.8156388" startTime="2018-05-14T22:57:26.2042310-05:00" endTime="2018-05-14T23:03:12.0262310-05:00" testType="13cdc9d9-ddb5-4fa4-a97d-d965ccfc6d4b" outcome="Passed" testListId="8c84fa94-04c1-424b-9868-57a2d4851a1d">
      <Output>
        <StdOut>Logging to custom path:\\CMP01-YKumar\AutoLog[5/14/2018 10:57:26 PM]&lt;STARTLOG&gt;&lt;ShoppingCartProductExclusion&gt;Test Started: Expecting: #PASS=Undefined and #FAIL=0
Running from MTM=True, running on machine name:CMP01-YKUMAR, user name=ykumar, OS=Microsoft Windows NT 6.1.7601 Service Pack 1, Is64BitOS=True[5/14/2018 10:57:27 PM]&lt;INFO&gt;LogCPUAndMemoryUsage: Available Memory = 25163(MB), CPU Usage = 35.64379%[5/14/2018 10:57:27 PM]&lt;INFO&gt;Private Working Set for QTAgent32_40, usage=230408 (K)[5/14/2018 10:57:27 PM]&lt;INFO&gt;Path To TestConfig xml=C:\Users\ykumar\AppData\Local\VSEQT\QTAgent\26974\CMP01-YKUMAR.horizonhobby.com\Deployment\SharedCommonConfig.xml[5/14/2018 10:57:27 PM]&lt;INFO&gt;Path To TestData xml=C:\Users\ykumar\AppData\Local\VSEQT\QTAgent\26974\CMP01-YKUMAR.horizonhobby.com\Deployment\BorderFreeTestData_225726.xml[5/14/2018 10:57:27 PM]&lt;INFO&gt;Path To HorizonHobbyQA Application Url=https://www-tst.horizonhobby.com[5/14/2018 10:57:27 PM]&lt;INFO&gt;HorizonHobbyQA sql connection string=Server=cmp02-ws-tst-db01:50000;Database=TST01DB;UID=wcdbuser;PWD=h0r1z0n;Connect Timeout=30[5/14/2018 10:57:27 PM]&lt;INFO&gt;Country is := US and language id is := '-1'[5/14/2018 10:57:27 PM]&lt;INFO&gt;Current browser used for test execution is = 'IE'[5/14/2018 10:57:27 PM]&lt;INFO&gt;GetShippingRestrictedProductsWithCountry executing... [5/14/2018 10:57:30 PM]&lt;INFO&gt;SearchProductexecuting ... Searching term:= 'PKZ3341'[5/14/2018 10:57:36 PM]&lt;Info&gt;AllBrowserWindow : Locating browser window...[5/14/2018 10:57:59 PM]&lt;Info&gt;AllBrowserWindow : Locating browser window...[5/14/2018 10:59:39 PM]&lt;Info&gt;AllBrowserWindow : Locating browser window...[5/14/2018 11:00:01 PM]&lt;Info&gt;AllBrowserWindow : Locating browser window...[5/14/2018 11:01:42 PM]&lt;INFO&gt;BackOrderClickexecuting ...[5/14/2018 11:01:57 PM]&lt;INFO&gt;SurveyWindow : method executing ...[5/14/2018 11:02:06 PM]&lt;PASS&gt;&lt;ShoppingCartProductExclusion&gt;&lt;Validates shipping restriction message appears on ProductPage&gt;[5/14/2018 11:02:06 PM]&lt;INFO&gt;CartIconClickexecuting ...[5/14/2018 11:02:11 PM]&lt;INFO&gt;GoToCartClickexecuting ...[5/14/2018 11:02:23 PM]&lt;INFO&gt;ContinueOnCertificationErrorClickexecuting ...[5/14/2018 11:02:29 PM]&lt;Info&gt;AllBrowserWindow : Locating browser window...[5/14/2018 11:02:38 PM]&lt;PASS&gt;&lt;ShoppingCartProductExclusion&gt;&lt;Validates shipping restriction message appears on ShoppingCart&gt;[5/14/2018 11:02:38 PM]&lt;PASS&gt;&lt;ShoppingCartProductExclusion&gt;&lt;Validates shipping restriction no proceed message appears on ShoppingCart&gt;[5/14/2018 11:02:53 PM]&lt;INFO&gt;SurveyWindow : method executing ...[5/14/2018 11:03:08 PM]&lt;PASS&gt;&lt;ShoppingCartProductExclusion&gt;&lt;Validates shipping restriction message do not appears on ShoppingCart&gt;[5/14/2018 11:03:08 PM]&lt;PASS&gt;&lt;ShoppingCartProductExclusion&gt;&lt;Validates shipping restriction no proceed message  do not appears on ShoppingCart&gt;[5/14/2018 11:03:08 PM]&lt;RESULT&gt;Test Ended:#PASS=5, #FAIL=0[5/14/2018 11:03:09 PM]&lt;INFO&gt;LogCPUAndMemoryUsage: Available Memory = 25212(MB), CPU Usage = 5.6194%[5/14/2018 11:03:09 PM]&lt;INFO&gt;Private Working Set for QTAgent32_40, usage=221932 (K)[5/14/2018 11:03:10 PM]&lt;RESULT&gt;&lt;ShoppingCartProductExclusion&gt; Test PASSED</StdOut>
      </Output>
      <ResultFiles>
        <ResultFile path="CMP01-YKUMAR.horizonhobby.com\BorderFreeTestData_225726.xml" />
        <ResultFile path="CMP01-YKUMAR.horizonhobby.com\SharedCommonConfig.xml" />
        <ResultFile path="CMP01-YKUMAR.horizonhobby.com\ShoppingCartProductExclusion_20180514225726.log" />
        <ResultFile path="CMP01-YKUMAR.horizonhobby.com\ShoppingCartProductExclusion_ResultsONLY_20180514225726.log" />
      </ResultFiles>
    </UnitTestResult>
    <UnitTestResult executionId="5240e5cb-40b3-49a9-b153-e201c64e0ec5" testId="92a77678-fa66-5044-0e88-a87f571a2c55" testName="LocalizationHeaderDisplay" computerName="CMP01-YKUMAR" duration="00:00:30.2951585" startTime="2018-05-14T23:03:12.0272310-05:00" endTime="2018-05-14T23:03:42.3332310-05:00" testType="13cdc9d9-ddb5-4fa4-a97d-d965ccfc6d4b" outcome="Passed" testListId="8c84fa94-04c1-424b-9868-57a2d4851a1d">
      <Output>
        <StdOut>Logging to custom path:\\CMP01-YKumar\AutoLog[5/14/2018 11:03:12 PM]&lt;STARTLOG&gt;&lt;LocalizationHeaderDisplay&gt;Test Started: Expecting: #PASS=Undefined and #FAIL=0
Running from MTM=True, running on machine name:CMP01-YKUMAR, user name=ykumar, OS=Microsoft Windows NT 6.1.7601 Service Pack 1, Is64BitOS=True[5/14/2018 11:03:13 PM]&lt;INFO&gt;LogCPUAndMemoryUsage: Available Memory = 25247(MB), CPU Usage = 33.45655%[5/14/2018 11:03:13 PM]&lt;INFO&gt;Private Working Set for QTAgent32_40, usage=222056 (K)[5/14/2018 11:03:13 PM]&lt;INFO&gt;Path To TestConfig xml=C:\Users\ykumar\AppData\Local\VSEQT\QTAgent\26974\CMP01-YKUMAR.horizonhobby.com\Deployment\SharedCommonConfig.xml[5/14/2018 11:03:13 PM]&lt;INFO&gt;Path To TestData xml=C:\Users\ykumar\AppData\Local\VSEQT\QTAgent\26974\CMP01-YKUMAR.horizonhobby.com\Deployment\BorderFreeTestData_230312.xml[5/14/2018 11:03:13 PM]&lt;INFO&gt;Path To HorizonHobbyQA Application Url=https://www-tst.horizonhobby.com[5/14/2018 11:03:13 PM]&lt;INFO&gt;HorizonHobbyQA sql connection string=Server=cmp02-ws-tst-db01:50000;Database=TST01DB;UID=wcdbuser;PWD=h0r1z0n;Connect Timeout=30[5/14/2018 11:03:13 PM]&lt;INFO&gt;Country is := US and language id is := '-1'[5/14/2018 11:03:13 PM]&lt;INFO&gt;Current browser used for test execution is = 'IE'[5/14/2018 11:03:16 PM]&lt;INFO&gt;SurveyWindow : method executing ...[5/14/2018 11:03:22 PM]&lt;PASS&gt;&lt;GetSelectedShipToCountryFlag&gt;&lt;Expected country's flag appears as US.gif&gt;[5/14/2018 11:03:22 PM]&lt;PASS&gt;&lt;LocalizationHeaderDisplay&gt;&lt;By default US currency appears&gt;[5/14/2018 11:03:22 PM]&lt;PASS&gt;&lt;LocalizationHeaderDisplay&gt;&lt;Free shipping message appears for US as Ship To Country &gt;[5/14/2018 11:03:24 PM]&lt;PASS&gt;&lt;LocalizationHeaderDisplay&gt;&lt; Context Chooser opens up &gt;[5/14/2018 11:03:36 PM]&lt;PASS&gt;&lt;GetSelectedShipToCountryFlag&gt;&lt;Expected country's flag appears as TH.gif&gt;[5/14/2018 11:03:36 PM]&lt;PASS&gt;&lt;LocalizationHeaderDisplay&gt;&lt;Thai Bhat THB appears as currency in Subtotal section&gt;[5/14/2018 11:03:39 PM]&lt;PASS&gt;&lt;LocalizationHeaderDisplay&gt;&lt;Free shipping message disappears for international user&gt;[5/14/2018 11:03:39 PM]&lt;RESULT&gt;Test Ended:#PASS=7, #FAIL=0[5/14/2018 11:03:40 PM]&lt;INFO&gt;LogCPUAndMemoryUsage: Available Memory = 25241(MB), CPU Usage = 14.97946%[5/14/2018 11:03:40 PM]&lt;INFO&gt;Private Working Set for QTAgent32_40, usage=230368 (K)[5/14/2018 11:03:40 PM]&lt;RESULT&gt;&lt;LocalizationHeaderDisplay&gt; Test PASSED</StdOut>
      </Output>
      <ResultFiles />
    </UnitTestResult>
    <UnitTestResult executionId="0a55688f-c2ab-4643-9ba4-35e50b43d937" testId="c3b8c5bd-70ce-bbe8-dbe7-62a9f3c2bf1c" testName="ProductPageDisplay" computerName="CMP01-YKUMAR" duration="00:03:15.4477342" startTime="2018-05-14T23:03:42.3342310-05:00" endTime="2018-05-14T23:06:57.7932310-05:00" testType="13cdc9d9-ddb5-4fa4-a97d-d965ccfc6d4b" outcome="Failed" testListId="8c84fa94-04c1-424b-9868-57a2d4851a1d">
      <Output>
        <StdOut>Logging to custom path:\\CMP01-YKumar\AutoLogAssert.Fail failed. 
#Other errors=1
[Error details below]
&lt;ERROR&gt;[5/14/2018 11:06:54 PM]&lt;Error&gt;ProductPageDisplay : failed executing ...The playback failed to find the control with the given search properties. Additional Details: 
TechnologyName:  'Web'
ControlType:  'Pane'
TagName:  'DIV'
Class:  'restrictBL transDecline text-center'
 Failed to find any control that matched the search condition ControlType='Pane' &amp;&amp; Class=&gt;'restrictBL transDecline text-center'   at TestAuto.LoggingAndSharedGenericMethods.EndTest() in c:\Builds\1\WebSphere\QATestAutomation\src\CodedUITest\SourceCode\Common\Logging\Logging.cs:line 1628
   at TestAuto.BorderFree.TestCleanup() in c:\Builds\1\WebSphere\QATestAutomation\src\CodedUITest\SourceCode\HHobby\BorderFree\BorderFree.cs:line 2628
[5/14/2018 11:03:42 PM]&lt;STARTLOG&gt;&lt;ProductPageDisplay&gt;Test Started: Expecting: #PASS=Undefined and #FAIL=0
Running from MTM=True, running on machine name:CMP01-YKUMAR, user name=ykumar, OS=Microsoft Windows NT 6.1.7601 Service Pack 1, Is64BitOS=True[5/14/2018 11:03:43 PM]&lt;INFO&gt;LogCPUAndMemoryUsage: Available Memory = 25294(MB), CPU Usage = 13.31113%[5/14/2018 11:03:43 PM]&lt;INFO&gt;Private Working Set for QTAgent32_40, usage=230424 (K)[5/14/2018 11:03:43 PM]&lt;INFO&gt;Path To TestConfig xml=C:\Users\ykumar\AppData\Local\VSEQT\QTAgent\26974\CMP01-YKUMAR.horizonhobby.com\Deployment\SharedCommonConfig.xml[5/14/2018 11:03:43 PM]&lt;INFO&gt;Path To TestData xml=C:\Users\ykumar\AppData\Local\VSEQT\QTAgent\26974\CMP01-YKUMAR.horizonhobby.com\Deployment\BorderFreeTestData_230342.xml[5/14/2018 11:03:43 PM]&lt;INFO&gt;Path To HorizonHobbyQA Application Url=https://www-tst.horizonhobby.com[5/14/2018 11:03:43 PM]&lt;INFO&gt;HorizonHobbyQA sql connection string=Server=cmp02-ws-tst-db01:50000;Database=TST01DB;UID=wcdbuser;PWD=h0r1z0n;Connect Timeout=30[5/14/2018 11:03:43 PM]&lt;INFO&gt;Country is := US and language id is := '-1'[5/14/2018 11:03:43 PM]&lt;INFO&gt;Current browser used for test execution is = 'IE'[5/14/2018 11:03:43 PM]&lt;INFO&gt;GetShippingRestrictedProductsWithCountry executing... [5/14/2018 11:03:56 PM]&lt;INFO&gt;SurveyWindow : method executing ...[5/14/2018 11:04:02 PM]&lt;INFO&gt;SearchProductexecuting ... Searching term:= 'HBZ4900'[5/14/2018 11:04:06 PM]&lt;Info&gt;AllBrowserWindow : Locating browser window...[5/14/2018 11:04:28 PM]&lt;Info&gt;AllBrowserWindow : Locating browser window...[5/14/2018 11:04:53 PM]&lt;Info&gt;AllBrowserWindow : Locating browser window...[5/14/2018 11:04:53 PM]&lt;INFO&gt;ClickSearchResultCell : No product found on search page with title ... :- Champ RTF[5/14/2018 11:04:53 PM]&lt;CaptureImage&gt;\\CMP01-YKumar\AutoLog\CMP01-YKUMAR\ProductPageDisplay_20180514230453.png[5/14/2018 11:05:21 PM]&lt;Info&gt;AllBrowserWindow : Locating browser window...[5/14/2018 11:05:27 PM]&lt;Info&gt;AllBrowserWindow : Locating browser window...[5/14/2018 11:05:50 PM]&lt;Info&gt;AllBrowserWindow : Locating browser window...[5/14/2018 11:06:20 PM]&lt;Info&gt;AllBrowserWindow : Locating browser window...[5/14/2018 11:06:20 PM]&lt;INFO&gt;ClickSearchResultCell : No product found on search page with title ... :- Champ RTF[5/14/2018 11:06:20 PM]&lt;CaptureImage&gt;\\CMP01-YKumar\AutoLog\CMP01-YKUMAR\ProductPageDisplay_20180514230620.png[5/14/2018 11:06:50 PM]&lt;PASS&gt;&lt;ProductPageDisplay&gt;&lt;Validates Add to cart button do not appear on shipping restricted product for the country India on ProductPage&gt;Assert.Fail failed. [5/14/2018 11:06:54 PM]&lt;Error&gt;ProductPageDisplay : failed executing ...The playback failed to find the control with the given search properties. Additional Details: 
TechnologyName:  'Web'
ControlType:  'Pane'
TagName:  'DIV'
Class:  'restrictBL transDecline text-center'
 Failed to find any control that matched the search condition ControlType='Pane' &amp;&amp; Class=&gt;'restrictBL transDecline text-center', 
    StackTrace:
    ProductPageDisplay(),BorderFree.cs,Line Number:2288[5/14/2018 11:06:54 PM]&lt;CaptureImage&gt;\\CMP01-YKumar\AutoLog\CMP01-YKUMAR\ProductPageDisplay_20180514230654.png[5/14/2018 11:06:54 PM]&lt;RESULT&gt;Test Ended:#PASS=1, #FAIL=0,#Other errors=1[5/14/2018 11:06:55 PM]&lt;INFO&gt;LogCPUAndMemoryUsage: Available Memory = 25263(MB), CPU Usage = 18.96052%[5/14/2018 11:06:55 PM]&lt;INFO&gt;Private Working Set for QTAgent32_40, usage=230544 (K)[5/14/2018 11:06:55 PM]&lt;RESULT&gt;&lt;ProductPageDisplay&gt; Test FAILED: #Other errors=1. See Error Message/logs for further details.</StdOut>
        <ErrorInfo>
          <Message>Assert.Fail failed. 
#Other errors=1
[Error details below]
&lt;ERROR&gt;[5/14/2018 11:06:54 PM]&lt;Error&gt;ProductPageDisplay : failed executing ...The playback failed to find the control with the given search properties. Additional Details: 
TechnologyName:  'Web'
ControlType:  'Pane'
TagName:  'DIV'
Class:  'restrictBL transDecline text-center'
 Failed to find any control that matched the search condition ControlType='Pane' &amp;&amp; Class=&gt;'restrictBL transDecline text-center'</Message>
          <StackTrace>   at TestAuto.LoggingAndSharedGenericMethods.EndTest() in c:\Builds\1\WebSphere\QATestAutomation\src\CodedUITest\SourceCode\Common\Logging\Logging.cs:line 1628
   at TestAuto.BorderFree.TestCleanup() in c:\Builds\1\WebSphere\QATestAutomation\src\CodedUITest\SourceCode\HHobby\BorderFree\BorderFree.cs:line 2628
</StackTrace>
        </ErrorInfo>
      </Output>
      <ResultFiles>
        <ResultFile path="CMP01-YKUMAR.horizonhobby.com\BorderFreeTestData_230342.xml" />
        <ResultFile path="CMP01-YKUMAR.horizonhobby.com\ProductPageDisplay_20180514230342.log" />
        <ResultFile path="CMP01-YKUMAR.horizonhobby.com\ProductPageDisplay_20180514230453.png" />
        <ResultFile path="CMP01-YKUMAR.horizonhobby.com\ProductPageDisplay_20180514230620.png" />
        <ResultFile path="CMP01-YKUMAR.horizonhobby.com\ProductPageDisplay_20180514230654.png" />
        <ResultFile path="CMP01-YKUMAR.horizonhobby.com\ProductPageDisplay_ResultsONLY_20180514230342.log" />
        <ResultFile path="CMP01-YKUMAR.horizonhobby.com\SharedCommonConfig.xml" />
      </ResultFiles>
    </UnitTestResult>
    <UnitTestResult executionId="cd37cd59-5d51-4b24-aed7-194890a0ca9a" testId="ecd8322c-b1bd-3a91-9d3d-ba738bd4609b" testName="WelcomeMatDisplay" computerName="CMP01-YKUMAR" duration="00:02:15.7123489" startTime="2018-05-14T23:06:57.7952310-05:00" endTime="2018-05-14T23:09:13.5152310-05:00" testType="13cdc9d9-ddb5-4fa4-a97d-d965ccfc6d4b" outcome="Passed" testListId="8c84fa94-04c1-424b-9868-57a2d4851a1d">
      <Output>
        <StdOut>Logging to custom path:\\CMP01-YKumar\AutoLog[5/14/2018 11:06:57 PM]&lt;STARTLOG&gt;&lt;WelcomeMatDisplay&gt;Test Started: Expecting: #PASS=Undefined and #FAIL=0
Running from MTM=True, running on machine name:CMP01-YKUMAR, user name=ykumar, OS=Microsoft Windows NT 6.1.7601 Service Pack 1, Is64BitOS=True[5/14/2018 11:06:58 PM]&lt;INFO&gt;LogCPUAndMemoryUsage: Available Memory = 25394(MB), CPU Usage = 32.75819%[5/14/2018 11:06:58 PM]&lt;INFO&gt;Private Working Set for QTAgent32_40, usage=230628 (K)[5/14/2018 11:06:58 PM]&lt;INFO&gt;Path To TestConfig xml=C:\Users\ykumar\AppData\Local\VSEQT\QTAgent\26974\CMP01-YKUMAR.horizonhobby.com\Deployment\SharedCommonConfig.xml[5/14/2018 11:06:58 PM]&lt;INFO&gt;Path To TestData xml=C:\Users\ykumar\AppData\Local\VSEQT\QTAgent\26974\CMP01-YKUMAR.horizonhobby.com\Deployment\BorderFreeTestData_230657.xml[5/14/2018 11:06:58 PM]&lt;INFO&gt;Path To HorizonHobbyQA Application Url=https://www-tst.horizonhobby.com[5/14/2018 11:06:58 PM]&lt;INFO&gt;HorizonHobbyQA sql connection string=Server=cmp02-ws-tst-db01:50000;Database=TST01DB;UID=wcdbuser;PWD=h0r1z0n;Connect Timeout=30[5/14/2018 11:06:58 PM]&lt;INFO&gt;Country is := US and language id is := '-1'[5/14/2018 11:06:58 PM]&lt;INFO&gt;Current browser used for test execution is = 'IE'[5/14/2018 11:07:02 PM]&lt;Info&gt;AllBrowserWindow : Locating browser window...[5/14/2018 11:07:11 PM]&lt;PASS&gt;&lt;WelcomeMatDisplay&gt;&lt; Validates that welcome mat appears with language of France &gt;[5/14/2018 11:07:11 PM]&lt;Info&gt;AllBrowserWindow : Locating browser window...[5/14/2018 11:07:11 PM]&lt;PASS&gt;&lt;WelcomeMatDisplay&gt;&lt;User is directed to home page   &gt;[5/14/2018 11:07:11 PM]&lt;INFO&gt;SurveyWindow : method executing ...[5/14/2018 11:07:36 PM]&lt;PASS&gt;&lt;GetSelectedShipToCountryFlag&gt;&lt;Expected country's flag appears as US.gif&gt;[5/14/2018 11:07:36 PM]&lt;PASS&gt;&lt;WelcomeMatDisplay&gt;&lt; US appears as currency in Subtotal section&gt;[5/14/2018 11:07:40 PM]&lt;INFO&gt;SearchProductexecuting ... Searching term:= 'DYN8866'[5/14/2018 11:07:43 PM]&lt;Info&gt;AllBrowserWindow : Locating browser window...[5/14/2018 11:07:44 PM]&lt;INFO&gt;BackOrderClickexecuting ...[5/14/2018 11:07:44 PM]&lt;INFO&gt;GoToCartClickexecuting ...[5/14/2018 11:07:51 PM]&lt;INFO&gt;SurveyWindow : method executing ...[5/14/2018 11:08:01 PM]&lt;PASS&gt;&lt;WelcomeMatDisplay&gt;&lt; US appears as currency in Subtotal section&gt;[5/14/2018 11:08:45 PM]&lt;INFO&gt;SurveyWindow : method executing ...[5/14/2018 11:08:53 PM]&lt;INFO&gt;SearchProductexecuting ... Searching term:= 'Heli'[5/14/2018 11:08:59 PM]&lt;PASS&gt;&lt;WelcomeMatDisplay&gt;&lt;User is directed to search page   &gt;[5/14/2018 11:09:10 PM]&lt;PASS&gt;&lt;WelcomeMatDisplay&gt;&lt;User is directed to search page&gt;[5/14/2018 11:09:10 PM]&lt;RESULT&gt;Test Ended:#PASS=7, #FAIL=0[5/14/2018 11:09:11 PM]&lt;INFO&gt;LogCPUAndMemoryUsage: Available Memory = 25257(MB), CPU Usage = 22.77951%[5/14/2018 11:09:11 PM]&lt;INFO&gt;Private Working Set for QTAgent32_40, usage=222412 (K)[5/14/2018 11:09:11 PM]&lt;RESULT&gt;&lt;WelcomeMatDisplay&gt; Test PASSED</StdOut>
      </Output>
      <ResultFiles />
    </UnitTestResult>
    <UnitTestResult executionId="ba7d0b43-11e1-477b-87f2-e7b0b8743a93" testId="f80a6ce6-1d30-c9e5-57f3-4fc76f5f957b" testName="ProductComparePage" computerName="CMP01-YKUMAR" duration="00:00:43.6058883" startTime="2018-05-14T23:09:13.5172310-05:00" endTime="2018-05-14T23:09:57.1342310-05:00" testType="13cdc9d9-ddb5-4fa4-a97d-d965ccfc6d4b" outcome="Passed" testListId="8c84fa94-04c1-424b-9868-57a2d4851a1d">
      <Output>
        <StdOut>Logging to custom path:\\CMP01-YKumar\AutoLog[5/14/2018 11:09:13 PM]&lt;STARTLOG&gt;&lt;ProductComparePage&gt;Test Started: Expecting: #PASS=Undefined and #FAIL=0
Running from MTM=True, running on machine name:CMP01-YKUMAR, user name=ykumar, OS=Microsoft Windows NT 6.1.7601 Service Pack 1, Is64BitOS=True[5/14/2018 11:09:14 PM]&lt;INFO&gt;LogCPUAndMemoryUsage: Available Memory = 25391(MB), CPU Usage = 15.43511%[5/14/2018 11:09:14 PM]&lt;INFO&gt;Private Working Set for QTAgent32_40, usage=222532 (K)[5/14/2018 11:09:14 PM]&lt;INFO&gt;Path To TestConfig xml=C:\Users\ykumar\AppData\Local\VSEQT\QTAgent\26974\CMP01-YKUMAR.horizonhobby.com\Deployment\SharedCommonConfig.xml[5/14/2018 11:09:14 PM]&lt;INFO&gt;Path To TestData xml=C:\Users\ykumar\AppData\Local\VSEQT\QTAgent\26974\CMP01-YKUMAR.horizonhobby.com\Deployment\BorderFreeTestData_230913.xml[5/14/2018 11:09:14 PM]&lt;INFO&gt;Path To HorizonHobbyQA Application Url=https://www-tst.horizonhobby.com[5/14/2018 11:09:14 PM]&lt;INFO&gt;HorizonHobbyQA sql connection string=Server=cmp02-ws-tst-db01:50000;Database=TST01DB;UID=wcdbuser;PWD=h0r1z0n;Connect Timeout=30[5/14/2018 11:09:14 PM]&lt;INFO&gt;Country is := US and language id is := '-1'[5/14/2018 11:09:14 PM]&lt;INFO&gt;Current browser used for test execution is = 'IE'[5/14/2018 11:09:27 PM]&lt;INFO&gt;SurveyWindow : method executing ...[5/14/2018 11:09:33 PM]&lt;INFO&gt;SearchProductexecuting ... Searching term:= 'PNP'[5/14/2018 11:09:49 PM]&lt;Info&gt;AllBrowserWindow : Locating browser window...[5/14/2018 11:09:53 PM]&lt;PASS&gt;&lt;ProductComparePage&gt;&lt;The list price conversion INRis reflected in the Product Compare page&gt;[5/14/2018 11:09:53 PM]&lt;PASS&gt;&lt;ProductComparePage&gt;&lt;The offer price conversion INRis reflected in the Product Compare page&gt;[5/14/2018 11:09:53 PM]&lt;PASS&gt;&lt;ProductComparePage&gt;&lt;The list price conversion INRis reflected in the Product Compare page&gt;[5/14/2018 11:09:54 PM]&lt;PASS&gt;&lt;ProductComparePage&gt;&lt;The offer price conversion INRis reflected in the Product Compare page&gt;[5/14/2018 11:09:54 PM]&lt;RESULT&gt;Test Ended:#PASS=4, #FAIL=0[5/14/2018 11:09:55 PM]&lt;INFO&gt;LogCPUAndMemoryUsage: Available Memory = 25209(MB), CPU Usage = 15.36946%[5/14/2018 11:09:55 PM]&lt;INFO&gt;Private Working Set for QTAgent32_40, usage=222624 (K)[5/14/2018 11:09:55 PM]&lt;RESULT&gt;&lt;ProductComparePage&gt; Test PASSED</StdOut>
      </Output>
      <ResultFiles />
    </UnitTestResult>
    <UnitTestResult executionId="8120bb2e-8197-45a6-b705-5c52f9559d91" testId="2708ff07-8623-9769-dea9-d61a209e0e62" testName="LocalizationGiftWrapModal" computerName="CMP01-YKUMAR" duration="00:00:58.0241251" startTime="2018-05-14T23:09:57.1352310-05:00" endTime="2018-05-14T23:10:55.1702310-05:00" testType="13cdc9d9-ddb5-4fa4-a97d-d965ccfc6d4b" outcome="Failed" testListId="8c84fa94-04c1-424b-9868-57a2d4851a1d">
      <Output>
        <StdOut>Logging to custom path:\\CMP01-YKumar\AutoLogAssert.Fail failed. 
Actual #FAIL=1, #Expected FAIL=0
[Error details below]
&lt;FAIL&gt;&lt;LocalizationGiftWrapModal&gt;&lt;Validate that Gift Wrap is available on Shopping Cart for US Order&gt;.Assert.AreEqual failed. Expected:&lt;True&gt;. Actual:&lt;False&gt;. 
    StackTrace:
    LocalizationGiftWrapModal(),BorderFree.cs,Line Number:486   at TestAuto.LoggingAndSharedGenericMethods.EndTest() in c:\Builds\1\WebSphere\QATestAutomation\src\CodedUITest\SourceCode\Common\Logging\Logging.cs:line 1628
   at TestAuto.BorderFree.TestCleanup() in c:\Builds\1\WebSphere\QATestAutomation\src\CodedUITest\SourceCode\HHobby\BorderFree\BorderFree.cs:line 2628
[5/14/2018 11:09:57 PM]&lt;STARTLOG&gt;&lt;LocalizationGiftWrapModal&gt;Test Started: Expecting: #PASS=Undefined and #FAIL=0
Running from MTM=True, running on machine name:CMP01-YKUMAR, user name=ykumar, OS=Microsoft Windows NT 6.1.7601 Service Pack 1, Is64BitOS=True[5/14/2018 11:09:58 PM]&lt;INFO&gt;LogCPUAndMemoryUsage: Available Memory = 25285(MB), CPU Usage = 33.39066%[5/14/2018 11:09:58 PM]&lt;INFO&gt;Private Working Set for QTAgent32_40, usage=222700 (K)[5/14/2018 11:09:58 PM]&lt;INFO&gt;Path To TestConfig xml=C:\Users\ykumar\AppData\Local\VSEQT\QTAgent\26974\CMP01-YKUMAR.horizonhobby.com\Deployment\SharedCommonConfig.xml[5/14/2018 11:09:58 PM]&lt;INFO&gt;Path To TestData xml=C:\Users\ykumar\AppData\Local\VSEQT\QTAgent\26974\CMP01-YKUMAR.horizonhobby.com\Deployment\BorderFreeTestData_230957.xml[5/14/2018 11:09:58 PM]&lt;INFO&gt;Path To HorizonHobbyQA Application Url=https://www-tst.horizonhobby.com[5/14/2018 11:09:58 PM]&lt;INFO&gt;HorizonHobbyQA sql connection string=Server=cmp02-ws-tst-db01:50000;Database=TST01DB;UID=wcdbuser;PWD=h0r1z0n;Connect Timeout=30[5/14/2018 11:09:58 PM]&lt;INFO&gt;Country is := US and language id is := '-1'[5/14/2018 11:09:58 PM]&lt;INFO&gt;Current browser used for test execution is = 'IE'[5/14/2018 11:10:15 PM]&lt;INFO&gt;SurveyWindow : method executing ...[5/14/2018 11:10:25 PM]&lt;INFO&gt;SearchProductexecuting ... Searching term:= 'TES1244T'[5/14/2018 11:10:29 PM]&lt;Info&gt;AllBrowserWindow : Locating browser window...[5/14/2018 11:10:29 PM]&lt;INFO&gt;BackOrderClickexecuting ...[5/14/2018 11:10:29 PM]&lt;INFO&gt;GoToCartClickexecuting ...[5/14/2018 11:10:45 PM]&lt;PASS&gt;&lt;LocalizationGiftWrapModal&gt;&lt;Validate that Gift Wrap is not available on Shopping Cart for International Order&gt;[5/14/2018 11:10:52 PM]&lt;FAIL&gt;&lt;LocalizationGiftWrapModal&gt;&lt;Validate that Gift Wrap is available on Shopping Cart for US Order&gt;.Assert.AreEqual failed. Expected:&lt;True&gt;. Actual:&lt;False&gt;. 
    StackTrace:
    LocalizationGiftWrapModal(),BorderFree.cs,Line Number:486[5/14/2018 11:10:52 PM]&lt;CaptureImage&gt;\\CMP01-YKumar\AutoLog\CMP01-YKUMAR\LocalizationGiftWrapModal_20180514231052.png[5/14/2018 11:10:52 PM]&lt;RESULT&gt;Test Ended:#PASS=1, #FAIL=1[5/14/2018 11:10:53 PM]&lt;INFO&gt;LogCPUAndMemoryUsage: Available Memory = 25174(MB), CPU Usage = 14.47997%[5/14/2018 11:10:53 PM]&lt;INFO&gt;Private Working Set for QTAgent32_40, usage=230860 (K)[5/14/2018 11:10:53 PM]&lt;RESULT&gt;&lt;LocalizationGiftWrapModal&gt; Test FAILED: Actual #FAIL=1, #Expected FAIL=0. See Error Message/logs for further details.</StdOut>
        <ErrorInfo>
          <Message>Assert.Fail failed. 
Actual #FAIL=1, #Expected FAIL=0
[Error details below]
&lt;FAIL&gt;&lt;LocalizationGiftWrapModal&gt;&lt;Validate that Gift Wrap is available on Shopping Cart for US Order&gt;.Assert.AreEqual failed. Expected:&lt;True&gt;. Actual:&lt;False&gt;. 
    StackTrace:
    LocalizationGiftWrapModal(),BorderFree.cs,Line Number:486</Message>
          <StackTrace>   at TestAuto.LoggingAndSharedGenericMethods.EndTest() in c:\Builds\1\WebSphere\QATestAutomation\src\CodedUITest\SourceCode\Common\Logging\Logging.cs:line 1628
   at TestAuto.BorderFree.TestCleanup() in c:\Builds\1\WebSphere\QATestAutomation\src\CodedUITest\SourceCode\HHobby\BorderFree\BorderFree.cs:line 2628
</StackTrace>
        </ErrorInfo>
      </Output>
      <ResultFiles />
    </UnitTestResult>
    <UnitTestResult executionId="f767d866-76a2-4e23-b340-e3c1114dfa23" testId="db2ef7e1-7719-7bf2-58cf-5214e6db9b54" testName="CrossSiteScriptingWebsiteVulnerabilitySearchProductPage" computerName="CMP01-YKUMAR" duration="00:01:21.1262182" startTime="2018-05-14T23:10:55.1732310-05:00" endTime="2018-05-14T23:12:16.6732310-05:00" testType="13cdc9d9-ddb5-4fa4-a97d-d965ccfc6d4b" outcome="Passed" testListId="8c84fa94-04c1-424b-9868-57a2d4851a1d">
      <Output>
        <StdOut>Logging to custom path:\\CMP01-YKumar\AutoLog[5/14/2018 11:10:55 PM]&lt;STARTLOG&gt;&lt;CrossSiteScriptingWebsiteVulnerabilitySearchProductPage&gt;Test Started: Expecting: #PASS=Undefined and #FAIL=0
Running from MTM=True, running on machine name:CMP01-YKUMAR, user name=ykumar, OS=Microsoft Windows NT 6.1.7601 Service Pack 1, Is64BitOS=True[5/14/2018 11:10:58 PM]&lt;INFO&gt;LogCPUAndMemoryUsage: Available Memory = 25383(MB), CPU Usage = 16.42804%[5/14/2018 11:10:58 PM]&lt;INFO&gt;Private Working Set for QTAgent32_40, usage=234004 (K)[5/14/2018 11:10:58 PM]&lt;INFO&gt;Path To TestConfig xml=C:\Users\ykumar\AppData\Local\VSEQT\QTAgent\26974\CMP01-YKUMAR.horizonhobby.com\Deployment\SharedCommonConfig.xml[5/14/2018 11:10:58 PM]&lt;INFO&gt;Path To TestData xml=C:\Users\ykumar\AppData\Local\VSEQT\QTAgent\26974\CMP01-YKUMAR.horizonhobby.com\Deployment\CrossSiteScriptingTestData_231055.xml[5/14/2018 11:10:58 PM]&lt;INFO&gt;Path To HorizonHobbyQA Application Url=https://www-tst.horizonhobby.com[5/14/2018 11:10:58 PM]&lt;INFO&gt;HorizonHobbyQA sql connection string=Server=cmp02-ws-tst-db01:50000;Database=TST01DB;UID=wcdbuser;PWD=h0r1z0n;Connect Timeout=30[5/14/2018 11:10:58 PM]&lt;INFO&gt;Country is := US and language id is := '-1'[5/14/2018 11:10:58 PM]&lt;INFO&gt;Current browser used for test execution is = 'IE'[5/14/2018 11:11:03 PM]&lt;PASS&gt;&lt;EnterNonPermittedCharacters&gt;&lt;Edit Box does not takes special character &lt; as input&gt;[5/14/2018 11:11:03 PM]&lt;PASS&gt;&lt;EnterNonPermittedCharacters&gt;&lt;Edit Box does not takes special character &gt; as input&gt;[5/14/2018 11:11:04 PM]&lt;PASS&gt;&lt;EnterNonPermittedCharacters&gt;&lt;Edit Box does not takes special character &amp; as input&gt;[5/14/2018 11:11:04 PM]&lt;PASS&gt;&lt;EnterNonPermittedCharacters&gt;&lt;Edit Box does not takes special character ( as input&gt;[5/14/2018 11:11:04 PM]&lt;PASS&gt;&lt;EnterNonPermittedCharacters&gt;&lt;Edit Box does not takes special character ) as input&gt;[5/14/2018 11:11:04 PM]&lt;PASS&gt;&lt;EnterPermittedCharacters&gt;&lt;Edit Box takes special character . as input&gt;[5/14/2018 11:11:05 PM]&lt;PASS&gt;&lt;EnterPermittedCharacters&gt;&lt;Edit Box takes special character , as input&gt;[5/14/2018 11:11:05 PM]&lt;PASS&gt;&lt;EnterPermittedCharacters&gt;&lt;Edit Box takes special character - as input&gt;[5/14/2018 11:11:05 PM]&lt;PASS&gt;&lt;EnterPermittedCharacters&gt;&lt;Edit Box takes special character : as input&gt;[5/14/2018 11:11:06 PM]&lt;PASS&gt;&lt;EnterPermittedCharacters&gt;&lt;Edit Box takes special character ! as input&gt;[5/14/2018 11:11:06 PM]&lt;PASS&gt;&lt;EnterPermittedCharacters&gt;&lt;Edit Box takes special character @ as input&gt;[5/14/2018 11:11:06 PM]&lt;PASS&gt;&lt;EnterPermittedCharacters&gt;&lt;Edit Box takes special character # as input&gt;[5/14/2018 11:11:07 PM]&lt;PASS&gt;&lt;EnterPermittedCharacters&gt;&lt;Edit Box takes special character ? as input&gt;[5/14/2018 11:11:10 PM]&lt;INFO&gt;SearchProductexecuting ... Searching term:= 'DYNC0138'[5/14/2018 11:12:08 PM]&lt;PASS&gt;&lt;CrossSiteScriptingWebsiteVulnerabilitySearchProductPage&gt;&lt;Invalid character errors message appears&gt;[5/14/2018 11:12:10 PM]&lt;PASS&gt;&lt;CrossSiteScriptingWebsiteVulnerabilitySearchProductPage&gt;&lt;Invalid character errors message appears&gt;[5/14/2018 11:12:13 PM]&lt;PASS&gt;&lt;CrossSiteScriptingWebsiteVulnerabilitySearchProductPage&gt;&lt;Invalid character errors message appears&gt;[5/14/2018 11:12:13 PM]&lt;RESULT&gt;Test Ended:#PASS=16, #FAIL=0[5/14/2018 11:12:14 PM]&lt;INFO&gt;LogCPUAndMemoryUsage: Available Memory = 25211(MB), CPU Usage = 14.39445%[5/14/2018 11:12:14 PM]&lt;INFO&gt;Private Working Set for QTAgent32_40, usage=238160 (K)[5/14/2018 11:12:14 PM]&lt;RESULT&gt;&lt;CrossSiteScriptingWebsiteVulnerabilitySearchProductPage&gt; Test PASSED</StdOut>
      </Output>
      <ResultFiles />
    </UnitTestResult>
    <UnitTestResult executionId="2f6d36ee-37a2-449f-8303-6a13c4f1a167" testId="7c0938cd-c2b7-7885-9aa1-d793678dc5aa" testName="CrossSiteScriptingShoppingCartAndWishlist" computerName="CMP01-YKUMAR" duration="00:04:49.5037496" startTime="2018-05-14T23:12:16.6752310-05:00" endTime="2018-05-14T23:17:06.1862310-05:00" testType="13cdc9d9-ddb5-4fa4-a97d-d965ccfc6d4b" outcome="Passed" testListId="8c84fa94-04c1-424b-9868-57a2d4851a1d">
      <Output>
        <StdOut>Logging to custom path:\\CMP01-YKumar\AutoLog[5/14/2018 11:12:16 PM]&lt;STARTLOG&gt;&lt;CrossSiteScriptingShoppingCartAndWishlist&gt;Test Started: Expecting: #PASS=Undefined and #FAIL=0
Running from MTM=True, running on machine name:CMP01-YKUMAR, user name=ykumar, OS=Microsoft Windows NT 6.1.7601 Service Pack 1, Is64BitOS=True[5/14/2018 11:12:17 PM]&lt;INFO&gt;LogCPUAndMemoryUsage: Available Memory = 25293(MB), CPU Usage = 34.99959%[5/14/2018 11:12:17 PM]&lt;INFO&gt;Private Working Set for QTAgent32_40, usage=238288 (K)[5/14/2018 11:12:17 PM]&lt;INFO&gt;Path To TestConfig xml=C:\Users\ykumar\AppData\Local\VSEQT\QTAgent\26974\CMP01-YKUMAR.horizonhobby.com\Deployment\SharedCommonConfig.xml[5/14/2018 11:12:17 PM]&lt;INFO&gt;Path To TestData xml=C:\Users\ykumar\AppData\Local\VSEQT\QTAgent\26974\CMP01-YKUMAR.horizonhobby.com\Deployment\CrossSiteScriptingTestData_231216.xml[5/14/2018 11:12:17 PM]&lt;INFO&gt;Path To HorizonHobbyQA Application Url=https://www-tst.horizonhobby.com[5/14/2018 11:12:17 PM]&lt;INFO&gt;HorizonHobbyQA sql connection string=Server=cmp02-ws-tst-db01:50000;Database=TST01DB;UID=wcdbuser;PWD=h0r1z0n;Connect Timeout=30[5/14/2018 11:12:17 PM]&lt;INFO&gt;Country is := US and language id is := '-1'[5/14/2018 11:12:17 PM]&lt;INFO&gt;Current browser used for test execution is = 'IE'[5/14/2018 11:12:20 PM]&lt;Info&gt;AllBrowserWindow : Locating browser window...[5/14/2018 11:12:23 PM]&lt;INFO&gt;SurveyWindow : method executing ...[5/14/2018 11:12:30 PM]&lt;INFO&gt;ContinueOnCertificationErrorClickexecuting ...[5/14/2018 11:12:30 PM]&lt;Info&gt;DEAllBrowserWindow : Locating browser window...[5/14/2018 11:12:33 PM]&lt;INFO&gt;ClickAcceptCookiesAgreement : failed executing ...[5/14/2018 11:12:38 PM]&lt;INFO&gt;UserRegistration : method executing ...[5/14/2018 11:12:38 PM]&lt;Info&gt;AllBrowserWindow : Locating browser window...[5/14/2018 11:12:59 PM]&lt;Info&gt;AllBrowserWindow : Locating browser window...[5/14/2018 11:13:14 PM]&lt;Info&gt;AllBrowserWindow : Locating browser window...[5/14/2018 11:13:28 PM]&lt;INFO&gt;SearchProductexecuting ... Searching term:= 'TRA2535'[5/14/2018 11:13:34 PM]&lt;Info&gt;AllBrowserWindow : Locating browser window...[5/14/2018 11:13:34 PM]&lt;INFO&gt;BackOrderClickexecuting ...[5/14/2018 11:13:35 PM]&lt;INFO&gt;GoToCartClickexecuting ...[5/14/2018 11:13:42 PM]&lt;Info&gt;AllBrowserWindow : Locating browser window...[5/14/2018 11:13:51 PM]&lt;INFO&gt;Validation starts for Promo code field[5/14/2018 11:13:51 PM]&lt;INFO&gt;ApplyPromoCode : method executing ...  -&lt;[5/14/2018 11:13:51 PM]&lt;INFO&gt;SurveyWindow : method executing ...[5/14/2018 11:14:00 PM]&lt;Info&gt;AllBrowserWindow : Locating browser window...[5/14/2018 11:14:21 PM]&lt;PASS&gt;&lt;CrossSiteScriptingShoppingCartAndWishlist&gt;&lt;User redirected to Prohibited Characters Error page&gt;[5/14/2018 11:14:22 PM]&lt;Info&gt;AllBrowserWindow : Locating browser window...[5/14/2018 11:14:29 PM]&lt;INFO&gt;ApplyPromoCode : method executing ...  -&gt;[5/14/2018 11:14:29 PM]&lt;INFO&gt;SurveyWindow : method executing ...[5/14/2018 11:14:39 PM]&lt;Info&gt;AllBrowserWindow : Locating browser window...[5/14/2018 11:14:59 PM]&lt;PASS&gt;&lt;CrossSiteScriptingShoppingCartAndWishlist&gt;&lt;User redirected to Prohibited Characters Error page&gt;[5/14/2018 11:15:01 PM]&lt;Info&gt;AllBrowserWindow : Locating browser window...[5/14/2018 11:15:08 PM]&lt;INFO&gt;Validation starts for Gift Wrap[5/14/2018 11:15:25 PM]&lt;PASS&gt;&lt;CrossSiteScriptingShoppingCartAndWishlist&gt;&lt;Count of Invalid character error message appears&gt;[5/14/2018 11:15:25 PM]&lt;PASS&gt;&lt;CrossSiteScriptingShoppingCartAndWishlist&gt;&lt;Invalid character error message appears&gt;[5/14/2018 11:15:30 PM]&lt;INFO&gt;Validation starts for Wish list[5/14/2018 11:15:47 PM]&lt;PASS&gt;&lt;CrossSiteScriptingShoppingCartAndWishlist&gt;&lt;Invalid character error message appears&gt;[5/14/2018 11:16:12 PM]&lt;Info&gt;AllBrowserWindow : Locating browser window...[5/14/2018 11:16:28 PM]&lt;PASS&gt;&lt;CrossSiteScriptingShoppingCartAndWishlist&gt;&lt;Invalid character errors when entered email a wishlist does not work&gt;[5/14/2018 11:16:33 PM]&lt;INFO&gt;DeleteWishlistFromDatabase : method executing[5/14/2018 11:16:33 PM]&lt;INFO&gt;DeleteWishlistFromDatabase : method executing[5/14/2018 11:16:33 PM]&lt;INFO&gt;DeletOrderItem : method executing[5/14/2018 11:17:03 PM]&lt;RESULT&gt;Test Ended:#PASS=6, #FAIL=0[5/14/2018 11:17:04 PM]&lt;INFO&gt;LogCPUAndMemoryUsage: Available Memory = 25211(MB), CPU Usage = 1.817552%[5/14/2018 11:17:04 PM]&lt;INFO&gt;Private Working Set for QTAgent32_40, usage=234684 (K)[5/14/2018 11:17:04 PM]&lt;RESULT&gt;&lt;CrossSiteScriptingShoppingCartAndWishlist&gt; Test PASSED</StdOut>
      </Output>
      <ResultFiles>
        <ResultFile path="CMP01-YKUMAR.horizonhobby.com\CrossSiteScriptingShoppingCartAndWishlist_20180514231216.log" />
        <ResultFile path="CMP01-YKUMAR.horizonhobby.com\CrossSiteScriptingShoppingCartAndWishlist_ResultsONLY_20180514231216.log" />
        <ResultFile path="CMP01-YKUMAR.horizonhobby.com\CrossSiteScriptingTestData_231216.xml" />
        <ResultFile path="CMP01-YKUMAR.horizonhobby.com\SharedCommonConfig.xml" />
      </ResultFiles>
    </UnitTestResult>
    <UnitTestResult executionId="8e5e21b2-324b-4274-a006-5b60c3a44cb6" testId="5a65d206-0b02-f645-bcdc-16639cfb140f" testName="CrossSiteScriptingGuestCheckout" computerName="CMP01-YKUMAR" duration="00:08:15.1805142" startTime="2018-05-14T23:17:06.1882310-05:00" endTime="2018-05-14T23:25:21.3742310-05:00" testType="13cdc9d9-ddb5-4fa4-a97d-d965ccfc6d4b" outcome="Passed" testListId="8c84fa94-04c1-424b-9868-57a2d4851a1d">
      <Output>
        <StdOut>Logging to custom path:\\CMP01-YKumar\AutoLog[5/14/2018 11:17:06 PM]&lt;STARTLOG&gt;&lt;CrossSiteScriptingGuestCheckout&gt;Test Started: Expecting: #PASS=Undefined and #FAIL=0
Running from MTM=True, running on machine name:CMP01-YKUMAR, user name=ykumar, OS=Microsoft Windows NT 6.1.7601 Service Pack 1, Is64BitOS=True[5/14/2018 11:17:07 PM]&lt;INFO&gt;LogCPUAndMemoryUsage: Available Memory = 25304(MB), CPU Usage = 37.10838%[5/14/2018 11:17:07 PM]&lt;INFO&gt;Private Working Set for QTAgent32_40, usage=234780 (K)[5/14/2018 11:17:07 PM]&lt;INFO&gt;Path To TestConfig xml=C:\Users\ykumar\AppData\Local\VSEQT\QTAgent\26974\CMP01-YKUMAR.horizonhobby.com\Deployment\SharedCommonConfig.xml[5/14/2018 11:17:07 PM]&lt;INFO&gt;Path To TestData xml=C:\Users\ykumar\AppData\Local\VSEQT\QTAgent\26974\CMP01-YKUMAR.horizonhobby.com\Deployment\CrossSiteScriptingTestData_231706.xml[5/14/2018 11:17:07 PM]&lt;INFO&gt;Path To HorizonHobbyQA Application Url=https://www-tst.horizonhobby.com[5/14/2018 11:17:07 PM]&lt;INFO&gt;HorizonHobbyQA sql connection string=Server=cmp02-ws-tst-db01:50000;Database=TST01DB;UID=wcdbuser;PWD=h0r1z0n;Connect Timeout=30[5/14/2018 11:17:07 PM]&lt;INFO&gt;Country is := US and language id is := '-1'[5/14/2018 11:17:07 PM]&lt;INFO&gt;Current browser used for test execution is = 'IE'[5/14/2018 11:17:10 PM]&lt;Info&gt;AllBrowserWindow : Locating browser window...[5/14/2018 11:17:14 PM]&lt;INFO&gt;SearchProductexecuting ... Searching term:= 'XUR501'[5/14/2018 11:17:20 PM]&lt;Info&gt;AllBrowserWindow : Locating browser window...[5/14/2018 11:17:21 PM]&lt;INFO&gt;BackOrderClickexecuting ...[5/14/2018 11:17:22 PM]&lt;INFO&gt;GoToCartClickexecuting ...[5/14/2018 11:17:28 PM]&lt;Info&gt;AllBrowserWindow : Locating browser window...[5/14/2018 11:17:37 PM]&lt;INFO&gt;CheckoutProcessStartShoppingCart : method executing[5/14/2018 11:17:37 PM]&lt;Info&gt;AllBrowserWindow : Locating browser window...[5/14/2018 11:17:44 PM]&lt;INFO&gt;CheckoutShoppingCartControls : method executing[5/14/2018 11:17:44 PM]&lt;Info&gt;AllBrowserWindow : Locating browser window...[5/14/2018 11:18:02 PM]&lt;Info&gt;AllBrowserWindow : Locating browser window...[5/14/2018 11:18:07 PM]&lt;PASS&gt;&lt;CrossSiteScriptingGuestCheckout&gt;&lt;Invalid character error message appears&gt;[5/14/2018 11:18:11 PM]&lt;PASS&gt;&lt;CrossSiteScriptingGuestCheckout&gt;&lt;Invalid character error message appears&gt;[5/14/2018 11:18:15 PM]&lt;PASS&gt;&lt;CrossSiteScriptingGuestCheckout&gt;&lt;Invalid character error message appears&gt;[5/14/2018 11:18:19 PM]&lt;PASS&gt;&lt;CrossSiteScriptingGuestCheckout&gt;&lt;Invalid character error message appears&gt;[5/14/2018 11:18:22 PM]&lt;PASS&gt;&lt;CrossSiteScriptingGuestCheckout&gt;&lt;Invalid character error message appears&gt;[5/14/2018 11:18:26 PM]&lt;PASS&gt;&lt;CrossSiteScriptingGuestCheckout&gt;&lt;Invalid character error message appears&gt;[5/14/2018 11:18:30 PM]&lt;PASS&gt;&lt;CrossSiteScriptingGuestCheckout&gt;&lt;Invalid character error message appears&gt;[5/14/2018 11:18:36 PM]&lt;PASS&gt;&lt;CrossSiteScriptingGuestCheckout&gt;&lt;Invalid character error message appears&gt;[5/14/2018 11:18:36 PM]&lt;Info&gt;AllBrowserWindow : Locating browser window...[5/14/2018 11:18:40 PM]&lt;PASS&gt;&lt;CrossSiteScriptingGuestCheckout&gt;&lt;Invalid character error message appears&gt;[5/14/2018 11:18:44 PM]&lt;PASS&gt;&lt;CrossSiteScriptingGuestCheckout&gt;&lt;Invalid character error message appears&gt;[5/14/2018 11:18:48 PM]&lt;PASS&gt;&lt;CrossSiteScriptingGuestCheckout&gt;&lt;Invalid character error message appears&gt;[5/14/2018 11:18:52 PM]&lt;PASS&gt;&lt;CrossSiteScriptingGuestCheckout&gt;&lt;Invalid character error message appears&gt;[5/14/2018 11:18:55 PM]&lt;PASS&gt;&lt;CrossSiteScriptingGuestCheckout&gt;&lt;Invalid character error message appears&gt;[5/14/2018 11:18:59 PM]&lt;PASS&gt;&lt;CrossSiteScriptingGuestCheckout&gt;&lt;Invalid character error message appears&gt;[5/14/2018 11:19:03 PM]&lt;PASS&gt;&lt;CrossSiteScriptingGuestCheckout&gt;&lt;Invalid character error message appears&gt;[5/14/2018 11:19:08 PM]&lt;PASS&gt;&lt;CrossSiteScriptingGuestCheckout&gt;&lt;Invalid character error message appears&gt;[5/14/2018 11:19:27 PM]&lt;PASS&gt;&lt;CrossSiteScriptingGuestCheckout&gt;&lt;Validates acceptable characters are accepted and Review page opens&gt;[5/14/2018 11:19:32 PM]&lt;INFO&gt;SelectCheckoutPaymentRadiobutton : method executing[5/14/2018 11:19:32 PM]&lt;INFO&gt;CheckoutCreditCardShippingAndBillingControls : method executing[5/14/2018 11:19:32 PM]&lt;Info&gt;AllBrowserWindow : Locating browser window...[5/14/2018 11:19:42 PM]&lt;INFO&gt;FillCreditCardDetails : method executing[5/14/2018 11:19:42 PM]&lt;INFO&gt;CheckoutCreditCardShippingAndBillingControls : method executing[5/14/2018 11:19:42 PM]&lt;Info&gt;AllBrowserWindow : Locating browser window...[5/14/2018 11:19:50 PM]&lt;INFO&gt;ClickReviewOrder : method executing[5/14/2018 11:19:50 PM]&lt;INFO&gt;CheckoutCreditCardShippingAndBillingControls : method executing[5/14/2018 11:19:50 PM]&lt;Info&gt;AllBrowserWindow : Locating browser window...[5/14/2018 11:19:55 PM]&lt;Info&gt;AllBrowserWindow : Locating browser window...[5/14/2018 11:20:12 PM]&lt;INFO&gt;PlaceOrderCreditCard : method executing[5/14/2018 11:20:12 PM]&lt;INFO&gt;CheckoutCreditCardShippingAndBillingControls : method executing[5/14/2018 11:20:12 PM]&lt;Info&gt;AllBrowserWindow : Locating browser window...[5/14/2018 11:20:21 PM]&lt;INFO&gt;KeyboardSendKeys method executing...[5/14/2018 11:21:52 PM]&lt;Info&gt;AllBrowserWindow : Locating browser window...[5/14/2018 11:22:00 PM]&lt;Info&gt;AllBrowserWindow : Locating browser window...[5/14/2018 11:22:03 PM]&lt;Info&gt;AllBrowserWindow : Locating browser window...[5/14/2018 11:22:23 PM]&lt;PASS&gt;&lt;CrossSiteScriptingGuestCheckout&gt;&lt;Validates Prohibited characters error page opens&gt;[5/14/2018 11:22:26 PM]&lt;Info&gt;AllBrowserWindow : Locating browser window...[5/14/2018 11:22:36 PM]&lt;Info&gt;AllBrowserWindow : Locating browser window...[5/14/2018 11:23:00 PM]&lt;PASS&gt;&lt;CrossSiteScriptingGuestCheckout&gt;&lt;Validates Prohibited characters error page opens&gt;[5/14/2018 11:23:02 PM]&lt;Info&gt;AllBrowserWindow : Locating browser window...[5/14/2018 11:23:12 PM]&lt;PASS&gt;&lt;CrossSiteScriptingGuestCheckout&gt;&lt;Invalid character error message appears&gt;[5/14/2018 11:23:20 PM]&lt;Info&gt;AllBrowserWindow : Locating browser window...[5/14/2018 11:23:40 PM]&lt;PASS&gt;&lt;CrossSiteScriptingGuestCheckout&gt;&lt;Validates Prohibited characters error page opens&gt;[5/14/2018 11:23:41 PM]&lt;Info&gt;AllBrowserWindow : Locating browser window...[5/14/2018 11:23:56 PM]&lt;Info&gt;AllBrowserWindow : Locating browser window...[5/14/2018 11:24:16 PM]&lt;PASS&gt;&lt;CrossSiteScriptingGuestCheckout&gt;&lt;Validates Prohibited characters error page opens&gt;[5/14/2018 11:24:18 PM]&lt;Info&gt;AllBrowserWindow : Locating browser window...[5/14/2018 11:24:38 PM]&lt;Info&gt;AllBrowserWindow : Locating browser window...[5/14/2018 11:24:48 PM]&lt;PASS&gt;&lt;CrossSiteScriptingGuestCheckout&gt;&lt;Validates My Account page opens&gt;[5/14/2018 11:24:48 PM]&lt;INFO&gt;DeleteWishlistFromDatabase : method executing[5/14/2018 11:24:48 PM]&lt;INFO&gt;DeletOrderItem : method executing[5/14/2018 11:25:18 PM]&lt;RESULT&gt;Test Ended:#PASS=23, #FAIL=0[5/14/2018 11:25:19 PM]&lt;INFO&gt;LogCPUAndMemoryUsage: Available Memory = 25109(MB), CPU Usage = 2.30437%[5/14/2018 11:25:19 PM]&lt;INFO&gt;Private Working Set for QTAgent32_40, usage=234924 (K)[5/14/2018 11:25:19 PM]&lt;RESULT&gt;&lt;CrossSiteScriptingGuestCheckout&gt; Test PASSED</StdOut>
      </Output>
      <ResultFiles />
    </UnitTestResult>
    <UnitTestResult executionId="19dba804-7011-460e-88e5-cab12ca24e06" testId="64d6c1ec-8b93-695c-21fb-3a5995d3f809" testName="CrossSiteScriptingUserRegistrationMyAccount" computerName="CMP01-YKUMAR" duration="00:08:30.3561230" startTime="2018-05-14T23:25:21.3752310-05:00" endTime="2018-05-14T23:33:51.7912310-05:00" testType="13cdc9d9-ddb5-4fa4-a97d-d965ccfc6d4b" outcome="Failed" testListId="8c84fa94-04c1-424b-9868-57a2d4851a1d">
      <Output>
        <StdOut>Logging to custom path:\\CMP01-YKumar\AutoLogAssert.Fail failed. 
Actual #FAIL=4, #Expected FAIL=0
#Other errors=34
[Error details below]
&lt;ERROR&gt;[5/14/2018 11:26:34 PM]&lt;Error&gt;AllBrowserWindow : failed executing ...Unable to find Windows Internet Explorer window with 'Register - Microsoft Internet Explorer provided by Horizon Hobby' in the title.
&lt;ERROR&gt;[5/14/2018 11:26:37 PM]&lt;ERROR&gt;UserRegistration : failed executing ...The playback failed to find the control with the given search properties. Additional Details: 
TechnologyName:  'Web'
ControlType:  'ComboBox'
TagName:  'SELECT'
Id:  'WC_UserRegistrationAddForm_AddressEntryForm_FormInput_country_1'
 Failed to find any control that matched the search condition Id='WC_UserRegistrationAddForm_AddressEntryForm_FormInput_country_1' &amp;&amp; ControlType='ComboBox'
&lt;ERROR&gt;[5/14/2018 11:26:59 PM]&lt;Error&gt;AllBrowserWindow : failed executing ...Unable to find Windows Internet Explorer window with 'Register - Microsoft Internet Explorer provided by Horizon Hobby' in the title.
&lt;ERROR&gt;[5/14/2018 11:27:04 PM]&lt;ERROR&gt;MouseClick Exception:Microsoft.VisualStudio.TestTools.UITest.Extension.UITestControlNotFoundException: The playback failed to find the control with the given search properties. Additional Details: 
TechnologyName:  'Web'
ControlType:  'Hyperlink'
TagName:  'A'
Id:  'WC_UserRegistrationAddForm_links_1'
 Failed to find any control that matched the search condition Id='WC_UserRegistrationAddForm_links_1' &amp;&amp; ControlType='Hyperlink' ---&gt; System.Runtime.InteropServices.COMException: Error HRESULT E_FAIL has been returned from a call to a COM component.
   at Microsoft.VisualStudio.TestTools.UITest.Playback.Engine.IScreenElement.FindAllDescendants(String bstrQueryId, Object&amp; pvarResKeys, Int32 cResKeys, Int32 nMaxDepth)
   at Microsoft.VisualStudio.TestTools.UITest.Playback.ScreenElement.FindAllScreenElement(String queryId, Int32 depth, Boolean singleQueryId, Boolean throwException, Boolean resetSkipStep)
   at Microsoft.VisualStudio.TestTools.UITest.Playback.ScreenElement.FindScreenElement(String queryId, Int32 depth, Boolean resetSkipStep)
   at Microsoft.VisualStudio.TestTools.UITesting.UITestControl.FindFirstDescendant(String queryId, Int32 maxDepth, Int32&amp; timeLeft)
   --- End of inner exception stack trace ---
   at Microsoft.VisualStudio.TestTools.UITesting.Playback.MapControlNotFoundException(COMException ex, IPlaybackContext context)
   at Microsoft.VisualStudio.TestTools.UITesting.Playback.MapAndThrowComException(COMException innerException, IPlaybackContext context)
   at Microsoft.VisualStudio.TestTools.UITesting.Playback.MapAndThrowException(SystemException exception, IPlaybackContext context)
   at Microsoft.VisualStudio.TestTools.UITesting.Playback.MapAndThrowException(SystemException exception, String queryId)
   at Microsoft.VisualStudio.TestTools.UITesting.UITestControl.FindFirstDescendant(String queryId, Int32 maxDepth, Int32&amp; timeLeft)
   at Microsoft.VisualStudio.TestTools.UITesting.SearchHelper.GetUITestControlRecursive(Boolean useCache, Boolean alwaysSearch, ISearchArgument searchArg, IList`1 windowTitles, Int32&amp; timeLeft)
   at Microsoft.VisualStudio.TestTools.UITesting.SearchHelper.GetElement(Boolean useCache, ISearchArgument searchArg)
   at Microsoft.VisualStudio.TestTools.UITesting.SearchHelper.Search(ISearchArgument searchArg)
   at Microsoft.VisualStudio.TestTools.UITesting.UITestControl.FindInternal()
   at Microsoft.VisualStudio.TestTools.UITesting.UITestControl.&lt;Find&gt;b__3a()
   at Microsoft.VisualStudio.TestTools.UITesting.CodedUITestMethodInvoker.InvokeMethod[T](Func`1 function, UITestControl control, Boolean firePlaybackErrorEvent, Boolean logAsAction)
   at Microsoft.VisualStudio.TestTools.UITesting.UITestControl.Find()
   at Microsoft.VisualStudio.TestTools.UITesting.UITestControl.GetPropertyPrivate(String propertyName)
   at Microsoft.VisualStudio.TestTools.UITesting.UITestControl.GetPropertyOfType[T](String propertyName)
   at Microsoft.VisualStudio.TestTools.UITesting.UITestControl.get_Name()
   at TestAuto.LoggingAndSharedGenericMethods.MouseClick(UITestControl uiMenuItemTestControl) in c:\Builds\1\WebSphere\QATestAutomation\src\CodedUITest\SourceCode\Common\Logging\SharedMethods_Generic.cs:line 790
&lt;FAIL&gt;&lt;CrossSiteScriptingUserRegistrationMyAccount&gt;&lt;Invalid character errors message appears&gt;.Assert.AreEqual failed. Expected:&lt;True&gt;. Actual:&lt;False&gt;. 
    StackTrace:
    ValidateToolTipTextForInvaildCharacters(),SharedCrossSiteScripting.cs,Line Number:112
    CrossSiteScriptingUserRegistrationMyAccount(),CrossSiteScripting.cs,Line Number:254
&lt;ERROR&gt;[5/14/2018 11:27:29 PM]&lt;Error&gt;AllBrowserWindow : failed executing ...Unable to find Windows Internet Explorer window with 'Register - Microsoft Internet Explorer provided by Horizon Hobby' in the title.
&lt;ERROR&gt;[5/14/2018 11:27:35 PM]&lt;ERROR&gt;MouseClick Exception:Microsoft.VisualStudio.TestTools.UITest.Extension.UITestControlNotFoundException: The playback failed to find the control with the given search properties. Additional Details: 
TechnologyName:  'Web'
ControlType:  'Hyperlink'
TagName:  'A'
Id:  'SignInLink'
 Failed to find any control that matched the search condition Id='SignInLink' &amp;&amp; ControlType='Hyperlink' ---&gt; System.Runtime.InteropServices.COMException: Error HRESULT E_FAIL has been returned from a call to a COM component.
   at Microsoft.VisualStudio.TestTools.UITest.Playback.Engine.IScreenElement.FindAllDescendants(String bstrQueryId, Object&amp; pvarResKeys, Int32 cResKeys, Int32 nMaxDepth)
   at Microsoft.VisualStudio.TestTools.UITest.Playback.ScreenElement.FindAllScreenElement(String queryId, Int32 depth, Boolean singleQueryId, Boolean throwException, Boolean resetSkipStep)
   at Microsoft.VisualStudio.TestTools.UITest.Playback.ScreenElement.FindScreenElement(String queryId, Int32 depth, Boolean resetSkipStep)
   at Microsoft.VisualStudio.TestTools.UITesting.UITestControl.FindFirstDescendant(String queryId, Int32 maxDepth, Int32&amp; timeLeft)
   --- End of inner exception stack trace ---
   at Microsoft.VisualStudio.TestTools.UITesting.Playback.MapControlNotFoundException(COMException ex, IPlaybackContext context)
   at Microsoft.VisualStudio.TestTools.UITesting.Playback.MapAndThrowComException(COMException innerException, IPlaybackContext context)
   at Microsoft.VisualStudio.TestTools.UITesting.Playback.MapAndThrowException(SystemException exception, IPlaybackContext context)
   at Microsoft.VisualStudio.TestTools.UITesting.Playback.MapAndThrowException(SystemException exception, String queryId)
   at Microsoft.VisualStudio.TestTools.UITesting.UITestControl.FindFirstDescendant(String queryId, Int32 maxDepth, Int32&amp; timeLeft)
   at Microsoft.VisualStudio.TestTools.UITesting.SearchHelper.GetUITestControlRecursive(Boolean useCache, Boolean alwaysSearch, ISearchArgument searchArg, IList`1 windowTitles, Int32&amp; timeLeft)
   at Microsoft.VisualStudio.TestTools.UITesting.SearchHelper.GetElement(Boolean useCache, ISearchArgument searchArg)
   at Microsoft.VisualStudio.TestTools.UITesting.SearchHelper.Search(ISearchArgument searchArg)
   at Microsoft.VisualStudio.TestTools.UITesting.UITestControl.FindInternal()
   at Microsoft.VisualStudio.TestTools.UITesting.UITestControl.&lt;Find&gt;b__3a()
   at Microsoft.VisualStudio.TestTools.UITesting.CodedUITestMethodInvoker.InvokeMethod[T](Func`1 function, UITestControl control, Boolean firePlaybackErrorEvent, Boolean logAsAction)
   at Microsoft.VisualStudio.TestTools.UITesting.UITestControl.Find()
   at Microsoft.VisualStudio.TestTools.UITesting.UITestControl.GetPropertyPrivate(String propertyName)
   at Microsoft.VisualStudio.TestTools.UITesting.UITestControl.GetPropertyOfType[T](String propertyName)
   at Microsoft.VisualStudio.TestTools.UITesting.UITestControl.get_Name()
   at TestAuto.LoggingAndSharedGenericMethods.MouseClick(UITestControl uiMenuItemTestControl) in c:\Builds\1\WebSphere\QATestAutomation\src\CodedUITest\SourceCode\Common\Logging\SharedMethods_Generic.cs:line 790
&lt;ERROR&gt;[5/14/2018 11:27:43 PM]&lt;ERROR&gt;ClickSignInAndRegister : failed executing ...The playback failed to find the control with the given search properties. Additional Details: 
TechnologyName:  'Web'
ControlType:  'Hyperlink'
TagName:  'A'
Class:  'button large logon_registerBtn'
 Failed to find any control that matched the search condition ControlType='Hyperlink' &amp;&amp; Class='button large logon_registerBtn'
&lt;ERROR&gt;[5/14/2018 11:28:05 PM]&lt;Error&gt;AllBrowserWindow : failed executing ...Unable to find Windows Internet Explorer window with 'Register - Microsoft Internet Explorer provided by Horizon Hobby' in the title.
&lt;ERROR&gt;[5/14/2018 11:28:08 PM]&lt;ERROR&gt;UserRegistration : failed executing ...The playback failed to find the control with the given search properties. Additional Details: 
TechnologyName:  'Web'
ControlType:  'ComboBox'
TagName:  'SELECT'
Id:  'WC_UserRegistrationAddForm_AddressEntryForm_FormInput_country_1'
 Failed to find any control that matched the search condition Id='WC_UserRegistrationAddForm_AddressEntryForm_FormInput_country_1' &amp;&amp; ControlType='ComboBox'
&lt;ERROR&gt;[5/14/2018 11:28:30 PM]&lt;Error&gt;AllBrowserWindow : failed executing ...Unable to find Windows Internet Explorer window with 'Register - Microsoft Internet Explorer provided by Horizon Hobby' in the title.
&lt;ERROR&gt;[5/14/2018 11:28:36 PM]&lt;ERROR&gt;MouseClick Exception:Microsoft.VisualStudio.TestTools.UITest.Extension.UITestControlNotFoundException: The playback failed to find the control with the given search properties. Additional Details: 
TechnologyName:  'Web'
ControlType:  'Hyperlink'
TagName:  'A'
Id:  'WC_UserRegistrationAddForm_links_1'
 Failed to find any control that matched the search condition Id='WC_UserRegistrationAddForm_links_1' &amp;&amp; ControlType='Hyperlink' ---&gt; System.Runtime.InteropServices.COMException: Error HRESULT E_FAIL has been returned from a call to a COM component.
   at Microsoft.VisualStudio.TestTools.UITest.Playback.Engine.IScreenElement.FindAllDescendants(String bstrQueryId, Object&amp; pvarResKeys, Int32 cResKeys, Int32 nMaxDepth)
   at Microsoft.VisualStudio.TestTools.UITest.Playback.ScreenElement.FindAllScreenElement(String queryId, Int32 depth, Boolean singleQueryId, Boolean throwException, Boolean resetSkipStep)
   at Microsoft.VisualStudio.TestTools.UITest.Playback.ScreenElement.FindScreenElement(String queryId, Int32 depth, Boolean resetSkipStep)
   at Microsoft.VisualStudio.TestTools.UITesting.UITestControl.FindFirstDescendant(String queryId, Int32 maxDepth, Int32&amp; timeLeft)
   --- End of inner exception stack trace ---
   at Microsoft.VisualStudio.TestTools.UITesting.Playback.MapControlNotFoundException(COMException ex, IPlaybackContext context)
   at Microsoft.VisualStudio.TestTools.UITesting.Playback.MapAndThrowComException(COMException innerException, IPlaybackContext context)
   at Microsoft.VisualStudio.TestTools.UITesting.Playback.MapAndThrowException(SystemException exception, IPlaybackContext context)
   at Microsoft.VisualStudio.TestTools.UITesting.Playback.MapAndThrowException(SystemException exception, String queryId)
   at Microsoft.VisualStudio.TestTools.UITesting.UITestControl.FindFirstDescendant(String queryId, Int32 maxDepth, Int32&amp; timeLeft)
   at Microsoft.VisualStudio.TestTools.UITesting.SearchHelper.GetUITestControlRecursive(Boolean useCache, Boolean alwaysSearch, ISearchArgument searchArg, IList`1 windowTitles, Int32&amp; timeLeft)
   at Microsoft.VisualStudio.TestTools.UITesting.SearchHelper.GetElement(Boolean useCache, ISearchArgument searchArg)
   at Microsoft.VisualStudio.TestTools.UITesting.SearchHelper.Search(ISearchArgument searchArg)
   at Microsoft.VisualStudio.TestTools.UITesting.UITestControl.FindInternal()
   at Microsoft.VisualStudio.TestTools.UITesting.UITestControl.&lt;Find&gt;b__3a()
   at Microsoft.VisualStudio.TestTools.UITesting.CodedUITestMethodInvoker.InvokeMethod[T](Func`1 function, UITestControl control, Boolean firePlaybackErrorEvent, Boolean logAsAction)
   at Microsoft.VisualStudio.TestTools.UITesting.UITestControl.Find()
   at Microsoft.VisualStudio.TestTools.UITesting.UITestControl.GetPropertyPrivate(String propertyName)
   at Microsoft.VisualStudio.TestTools.UITesting.UITestControl.GetPropertyOfType[T](String propertyName)
   at Microsoft.VisualStudio.TestTools.UITesting.UITestControl.get_Name()
   at TestAuto.LoggingAndSharedGenericMethods.MouseClick(UITestControl uiMenuItemTestControl) in c:\Builds\1\WebSphere\QATestAutomation\src\CodedUITest\SourceCode\Common\Logging\SharedMethods_Generic.cs:line 790
&lt;FAIL&gt;&lt;CrossSiteScriptingUserRegistrationMyAccount&gt;&lt;Invalid character errors message appears&gt;.Assert.AreEqual failed. Expected:&lt;True&gt;. Actual:&lt;False&gt;. 
    StackTrace:
    ValidateToolTipTextForInvaildCharacters(),SharedCrossSiteScripting.cs,Line Number:112
    CrossSiteScriptingUserRegistrationMyAccount(),CrossSiteScripting.cs,Line Number:254
&lt;ERROR&gt;[5/14/2018 11:29:01 PM]&lt;Error&gt;AllBrowserWindow : failed executing ...Unable to find Windows Internet Explorer window with 'Register - Microsoft Internet Explorer provided by Horizon Hobby' in the title.
&lt;ERROR&gt;[5/14/2018 11:29:06 PM]&lt;ERROR&gt;MouseClick Exception:Microsoft.VisualStudio.TestTools.UITest.Extension.UITestControlNotFoundException: The playback failed to find the control with the given search properties. Additional Details: 
TechnologyName:  'Web'
ControlType:  'Hyperlink'
TagName:  'A'
Id:  'SignInLink'
 Failed to find any control that matched the search condition Id='SignInLink' &amp;&amp; ControlType='Hyperlink' ---&gt; System.Runtime.InteropServices.COMException: Error HRESULT E_FAIL has been returned from a call to a COM component.
   at Microsoft.VisualStudio.TestTools.UITest.Playback.Engine.IScreenElement.FindAllDescendants(String bstrQueryId, Object&amp; pvarResKeys, Int32 cResKeys, Int32 nMaxDepth)
   at Microsoft.VisualStudio.TestTools.UITest.Playback.ScreenElement.FindAllScreenElement(String queryId, Int32 depth, Boolean singleQueryId, Boolean throwException, Boolean resetSkipStep)
   at Microsoft.VisualStudio.TestTools.UITest.Playback.ScreenElement.FindScreenElement(String queryId, Int32 depth, Boolean resetSkipStep)
   at Microsoft.VisualStudio.TestTools.UITesting.UITestControl.FindFirstDescendant(String queryId, Int32 maxDepth, Int32&amp; timeLeft)
   --- End of inner exception stack trace ---
   at Microsoft.VisualStudio.TestTools.UITesting.Playback.MapControlNotFoundException(COMException ex, IPlaybackContext context)
   at Microsoft.VisualStudio.TestTools.UITesting.Playback.MapAndThrowComException(COMException innerException, IPlaybackContext context)
   at Microsoft.VisualStudio.TestTools.UITesting.Playback.MapAndThrowException(SystemException exception, IPlaybackContext context)
   at Microsoft.VisualStudio.TestTools.UITesting.Playback.MapAndThrowException(SystemException exception, String queryId)
   at Microsoft.VisualStudio.TestTools.UITesting.UITestControl.FindFirstDescendant(String queryId, Int32 maxDepth, Int32&amp; timeLeft)
   at Microsoft.VisualStudio.TestTools.UITesting.SearchHelper.GetUITestControlRecursive(Boolean useCache, Boolean alwaysSearch, ISearchArgument searchArg, IList`1 windowTitles, Int32&amp; timeLeft)
   at Microsoft.VisualStudio.TestTools.UITesting.SearchHelper.GetElement(Boolean useCache, ISearchArgument searchArg)
   at Microsoft.VisualStudio.TestTools.UITesting.SearchHelper.Search(ISearchArgument searchArg)
   at Microsoft.VisualStudio.TestTools.UITesting.UITestControl.FindInternal()
   at Microsoft.VisualStudio.TestTools.UITesting.UITestControl.&lt;Find&gt;b__3a()
   at Microsoft.VisualStudio.TestTools.UITesting.CodedUITestMethodInvoker.InvokeMethod[T](Func`1 function, UITestControl control, Boolean firePlaybackErrorEvent, Boolean logAsAction)
   at Microsoft.VisualStudio.TestTools.UITesting.UITestControl.Find()
   at Microsoft.VisualStudio.TestTools.UITesting.UITestControl.GetPropertyPrivate(String propertyName)
   at Microsoft.VisualStudio.TestTools.UITesting.UITestControl.GetPropertyOfType[T](String propertyName)
   at Microsoft.VisualStudio.TestTools.UITesting.UITestControl.get_Name()
   at TestAuto.LoggingAndSharedGenericMethods.MouseClick(UITestControl uiMenuItemTestControl) in c:\Builds\1\WebSphere\QATestAutomation\src\CodedUITest\SourceCode\Common\Logging\SharedMethods_Generic.cs:line 790
&lt;ERROR&gt;[5/14/2018 11:29:14 PM]&lt;ERROR&gt;ClickSignInAndRegister : failed executing ...The playback failed to find the control with the given search properties. Additional Details: 
TechnologyName:  'Web'
ControlType:  'Hyperlink'
TagName:  'A'
Class:  'button large logon_registerBtn'
 Failed to find any control that matched the search condition ControlType='Hyperlink' &amp;&amp; Class='button large logon_registerBtn'
&lt;ERROR&gt;[5/14/2018 11:29:37 PM]&lt;Error&gt;AllBrowserWindow : failed executing ...Unable to find Windows Internet Explorer window with 'Register - Microsoft Internet Explorer provided by Horizon Hobby' in the title.
&lt;ERROR&gt;[5/14/2018 11:29:39 PM]&lt;ERROR&gt;UserRegistration : failed executing ...The playback failed to find the control with the given search properties. Additional Details: 
TechnologyName:  'Web'
ControlType:  'ComboBox'
TagName:  'SELECT'
Id:  'WC_UserRegistrationAddForm_AddressEntryForm_FormInput_country_1'
 Failed to find any control that matched the search condition Id='WC_UserRegistrationAddForm_AddressEntryForm_FormInput_country_1' &amp;&amp; ControlType='ComboBox'
&lt;ERROR&gt;[5/14/2018 11:30:02 PM]&lt;Error&gt;AllBrowserWindow : failed executing ...Unable to find Windows Internet Explorer window with 'Register - Microsoft Internet Explorer provided by Horizon Hobby' in the title.
&lt;ERROR&gt;[5/14/2018 11:30:07 PM]&lt;ERROR&gt;MouseClick Exception:Microsoft.VisualStudio.TestTools.UITest.Extension.UITestControlNotFoundException: The playback failed to find the control with the given search properties. Additional Details: 
TechnologyName:  'Web'
ControlType:  'Hyperlink'
TagName:  'A'
Id:  'WC_UserRegistrationAddForm_links_1'
 Failed to find any control that matched the search condition Id='WC_UserRegistrationAddForm_links_1' &amp;&amp; ControlType='Hyperlink' ---&gt; System.Runtime.InteropServices.COMException: Error HRESULT E_FAIL has been returned from a call to a COM component.
   at Microsoft.VisualStudio.TestTools.UITest.Playback.Engine.IScreenElement.FindAllDescendants(String bstrQueryId, Object&amp; pvarResKeys, Int32 cResKeys, Int32 nMaxDepth)
   at Microsoft.VisualStudio.TestTools.UITest.Playback.ScreenElement.FindAllScreenElement(String queryId, Int32 depth, Boolean singleQueryId, Boolean throwException, Boolean resetSkipStep)
   at Microsoft.VisualStudio.TestTools.UITest.Playback.ScreenElement.FindScreenElement(String queryId, Int32 depth, Boolean resetSkipStep)
   at Microsoft.VisualStudio.TestTools.UITesting.UITestControl.FindFirstDescendant(String queryId, Int32 maxDepth, Int32&amp; timeLeft)
   --- End of inner exception stack trace ---
   at Microsoft.VisualStudio.TestTools.UITesting.Playback.MapControlNotFoundException(COMException ex, IPlaybackContext context)
   at Microsoft.VisualStudio.TestTools.UITesting.Playback.MapAndThrowComException(COMException innerException, IPlaybackContext context)
   at Microsoft.VisualStudio.TestTools.UITesting.Playback.MapAndThrowException(SystemException exception, IPlaybackContext context)
   at Microsoft.VisualStudio.TestTools.UITesting.Playback.MapAndThrowException(SystemException exception, String queryId)
   at Microsoft.VisualStudio.TestTools.UITesting.UITestControl.FindFirstDescendant(String queryId, Int32 maxDepth, Int32&amp; timeLeft)
   at Microsoft.VisualStudio.TestTools.UITesting.SearchHelper.GetUITestControlRecursive(Boolean useCache, Boolean alwaysSearch, ISearchArgument searchArg, IList`1 windowTitles, Int32&amp; timeLeft)
   at Microsoft.VisualStudio.TestTools.UITesting.SearchHelper.GetElement(Boolean useCache, ISearchArgument searchArg)
   at Microsoft.VisualStudio.TestTools.UITesting.SearchHelper.Search(ISearchArgument searchArg)
   at Microsoft.VisualStudio.TestTools.UITesting.UITestControl.FindInternal()
   at Microsoft.VisualStudio.TestTools.UITesting.UITestControl.&lt;Find&gt;b__3a()
   at Microsoft.VisualStudio.TestTools.UITesting.CodedUITestMethodInvoker.InvokeMethod[T](Func`1 function, UITestControl control, Boolean firePlaybackErrorEvent, Boolean logAsAction)
   at Microsoft.VisualStudio.TestTools.UITesting.UITestControl.Find()
   at Microsoft.VisualStudio.TestTools.UITesting.UITestControl.GetPropertyPrivate(String propertyName)
   at Microsoft.VisualStudio.TestTools.UITesting.UITestControl.GetPropertyOfType[T](String propertyName)
   at Microsoft.VisualStudio.TestTools.UITesting.UITestControl.get_Name()
   at TestAuto.LoggingAndSharedGenericMethods.MouseClick(UITestControl uiMenuItemTestControl) in c:\Builds\1\WebSphere\QATestAutomation\src\CodedUITest\SourceCode\Common\Logging\SharedMethods_Generic.cs:line 790
&lt;FAIL&gt;&lt;CrossSiteScriptingUserRegistrationMyAccount&gt;&lt;Invalid character errors message appears&gt;.Assert.AreEqual failed. Expected:&lt;True&gt;. Actual:&lt;False&gt;. 
    StackTrace:
    ValidateToolTipTextForInvaildCharacters(),SharedCrossSiteScripting.cs,Line Number:112
    CrossSiteScriptingUserRegistrationMyAccount(),CrossSiteScripting.cs,Line Number:254
&lt;ERROR&gt;[5/14/2018 11:30:32 PM]&lt;Error&gt;AllBrowserWindow : failed executing ...Unable to find Windows Internet Explorer window with 'Register - Microsoft Internet Explorer provided by Horizon Hobby' in the title.
&lt;ERROR&gt;[5/14/2018 11:30:38 PM]&lt;ERROR&gt;MouseClick Exception:Microsoft.VisualStudio.TestTools.UITest.Extension.UITestControlNotFoundException: The playback failed to find the control with the given search properties. Additional Details: 
TechnologyName:  'Web'
ControlType:  'Hyperlink'
TagName:  'A'
Id:  'SignInLink'
 Failed to find any control that matched the search condition Id='SignInLink' &amp;&amp; ControlType='Hyperlink' ---&gt; System.Runtime.InteropServices.COMException: Error HRESULT E_FAIL has been returned from a call to a COM component.
   at Microsoft.VisualStudio.TestTools.UITest.Playback.Engine.IScreenElement.FindAllDescendants(String bstrQueryId, Object&amp; pvarResKeys, Int32 cResKeys, Int32 nMaxDepth)
   at Microsoft.VisualStudio.TestTools.UITest.Playback.ScreenElement.FindAllScreenElement(String queryId, Int32 depth, Boolean singleQueryId, Boolean throwException, Boolean resetSkipStep)
   at Microsoft.VisualStudio.TestTools.UITest.Playback.ScreenElement.FindScreenElement(String queryId, Int32 depth, Boolean resetSkipStep)
   at Microsoft.VisualStudio.TestTools.UITesting.UITestControl.FindFirstDescendant(String queryId, Int32 maxDepth, Int32&amp; timeLeft)
   --- End of inner exception stack trace ---
   at Microsoft.VisualStudio.TestTools.UITesting.Playback.MapControlNotFoundException(COMException ex, IPlaybackContext context)
   at Microsoft.VisualStudio.TestTools.UITesting.Playback.MapAndThrowComException(COMException innerException, IPlaybackContext context)
   at Microsoft.VisualStudio.TestTools.UITesting.Playback.MapAndThrowException(SystemException exception, IPlaybackContext context)
   at Microsoft.VisualStudio.TestTools.UITesting.Playback.MapAndThrowException(SystemException exception, String queryId)
   at Microsoft.VisualStudio.TestTools.UITesting.UITestControl.FindFirstDescendant(String queryId, Int32 maxDepth, Int32&amp; timeLeft)
   at Microsoft.VisualStudio.TestTools.UITesting.SearchHelper.GetUITestControlRecursive(Boolean useCache, Boolean alwaysSearch, ISearchArgument searchArg, IList`1 windowTitles, Int32&amp; timeLeft)
   at Microsoft.VisualStudio.TestTools.UITesting.SearchHelper.GetElement(Boolean useCache, ISearchArgument searchArg)
   at Microsoft.VisualStudio.TestTools.UITesting.SearchHelper.Search(ISearchArgument searchArg)
   at Microsoft.VisualStudio.TestTools.UITesting.UITestControl.FindInternal()
   at Microsoft.VisualStudio.TestTools.UITesting.UITestControl.&lt;Find&gt;b__3a()
   at Microsoft.VisualStudio.TestTools.UITesting.CodedUITestMethodInvoker.InvokeMethod[T](Func`1 function, UITestControl control, Boolean firePlaybackErrorEvent, Boolean logAsAction)
   at Microsoft.VisualStudio.TestTools.UITesting.UITestControl.Find()
   at Microsoft.VisualStudio.TestTools.UITesting.UITestControl.GetPropertyPrivate(String propertyName)
   at Microsoft.VisualStudio.TestTools.UITesting.UITestControl.GetPropertyOfType[T](String propertyName)
   at Microsoft.VisualStudio.TestTools.UITesting.UITestControl.get_Name()
   at TestAuto.LoggingAndSharedGenericMethods.MouseClick(UITestControl uiMenuItemTestControl) in c:\Builds\1\WebSphere\QATestAutomation\src\CodedUITest\SourceCode\Common\Logging\SharedMethods_Generic.cs:line 790
&lt;ERROR&gt;[5/14/2018 11:30:46 PM]&lt;ERROR&gt;ClickSignInAndRegister : failed executing ...The playback failed to find the control with the given search properties. Additional Details: 
TechnologyName:  'Web'
ControlType:  'Hyperlink'
TagName:  'A'
Class:  'button large logon_registerBtn'
 Failed to find any control that matched the search condition ControlType='Hyperlink' &amp;&amp; Class='button large logon_registerBtn'
&lt;ERROR&gt;[5/14/2018 11:31:08 PM]&lt;Error&gt;AllBrowserWindow : failed executing ...Unable to find Windows Internet Explorer window with 'Register - Microsoft Internet Explorer provided by Horizon Hobby' in the title.
&lt;ERROR&gt;[5/14/2018 11:31:11 PM]&lt;ERROR&gt;UserRegistration : failed executing ...The playback failed to find the control with the given search properties. Additional Details: 
TechnologyName:  'Web'
ControlType:  'ComboBox'
TagName:  'SELECT'
Id:  'WC_UserRegistrationAddForm_AddressEntryForm_FormInput_country_1'
 Failed to find any control that matched the search condition Id='WC_UserRegistrationAddForm_AddressEntryForm_FormInput_country_1' &amp;&amp; ControlType='ComboBox'
&lt;ERROR&gt;[5/14/2018 11:31:33 PM]&lt;Error&gt;AllBrowserWindow : failed executing ...Unable to find Windows Internet Explorer window with 'Register - Microsoft Internet Explorer provided by Horizon Hobby' in the title.
&lt;ERROR&gt;[5/14/2018 11:31:39 PM]&lt;ERROR&gt;MouseClick Exception:Microsoft.VisualStudio.TestTools.UITest.Extension.UITestControlNotFoundException: The playback failed to find the control with the given search properties. Additional Details: 
TechnologyName:  'Web'
ControlType:  'Hyperlink'
TagName:  'A'
Id:  'WC_UserRegistrationAddForm_links_1'
 Failed to find any control that matched the search condition Id='WC_UserRegistrationAddForm_links_1' &amp;&amp; ControlType='Hyperlink' ---&gt; System.Runtime.InteropServices.COMException: Error HRESULT E_FAIL has been returned from a call to a COM component.
   at Microsoft.VisualStudio.TestTools.UITest.Playback.Engine.IScreenElement.FindAllDescendants(String bstrQueryId, Object&amp; pvarResKeys, Int32 cResKeys, Int32 nMaxDepth)
   at Microsoft.VisualStudio.TestTools.UITest.Playback.ScreenElement.FindAllScreenElement(String queryId, Int32 depth, Boolean singleQueryId, Boolean throwException, Boolean resetSkipStep)
   at Microsoft.VisualStudio.TestTools.UITest.Playback.ScreenElement.FindScreenElement(String queryId, Int32 depth, Boolean resetSkipStep)
   at Microsoft.VisualStudio.TestTools.UITesting.UITestControl.FindFirstDescendant(String queryId, Int32 maxDepth, Int32&amp; timeLeft)
   --- End of inner exception stack trace ---
   at Microsoft.VisualStudio.TestTools.UITesting.Playback.MapControlNotFoundException(COMException ex, IPlaybackContext context)
   at Microsoft.VisualStudio.TestTools.UITesting.Playback.MapAndThrowComException(COMException innerException, IPlaybackContext context)
   at Microsoft.VisualStudio.TestTools.UITesting.Playback.MapAndThrowException(SystemException exception, IPlaybackContext context)
   at Microsoft.VisualStudio.TestTools.UITesting.Playback.MapAndThrowException(SystemException exception, String queryId)
   at Microsoft.VisualStudio.TestTools.UITesting.UITestControl.FindFirstDescendant(String queryId, Int32 maxDepth, Int32&amp; timeLeft)
   at Microsoft.VisualStudio.TestTools.UITesting.SearchHelper.GetUITestControlRecursive(Boolean useCache, Boolean alwaysSearch, ISearchArgument searchArg, IList`1 windowTitles, Int32&amp; timeLeft)
   at Microsoft.VisualStudio.TestTools.UITesting.SearchHelper.GetElement(Boolean useCache, ISearchArgument searchArg)
   at Microsoft.VisualStudio.TestTools.UITesting.SearchHelper.Search(ISearchArgument searchArg)
   at Microsoft.VisualStudio.TestTools.UITesting.UITestControl.FindInternal()
   at Microsoft.VisualStudio.TestTools.UITesting.UITestControl.&lt;Find&gt;b__3a()
   at Microsoft.VisualStudio.TestTools.UITesting.CodedUITestMethodInvoker.InvokeMethod[T](Func`1 function, UITestControl control, Boolean firePlaybackErrorEvent, Boolean logAsAction)
   at Microsoft.VisualStudio.TestTools.UITesting.UITestControl.Find()
   at Microsoft.VisualStudio.TestTools.UITesting.UITestControl.GetPropertyPrivate(String propertyName)
   at Microsoft.VisualStudio.TestTools.UITesting.UITestControl.GetPropertyOfType[T](String propertyName)
   at Microsoft.VisualStudio.TestTools.UITesting.UITestControl.get_Name()
   at TestAuto.LoggingAndSharedGenericMethods.MouseClick(UITestControl uiMenuItemTestControl) in c:\Builds\1\WebSphere\QATestAutomation\src\CodedUITest\SourceCode\Common\Logging\SharedMethods_Generic.cs:line 790
&lt;FAIL&gt;&lt;CrossSiteScriptingUserRegistrationMyAccount&gt;&lt;Invalid character errors message appears&gt;.Assert.AreEqual failed. Expected:&lt;True&gt;. Actual:&lt;False&gt;. 
    StackTrace:
    ValidateToolTipTextForInvaildCharacters(),SharedCrossSiteScripting.cs,Line Number:112
    CrossSiteScriptingUserRegistrationMyAccount(),CrossSiteScripting.cs,Line Number:254
&lt;ERROR&gt;[5/14/2018 11:32:04 PM]&lt;Error&gt;AllBrowserWindow : failed executing ...Unable to find Windows Internet Explorer window with 'Register - Microsoft Internet Explorer provided by Horizon Hobby' in the title.
&lt;ERROR&gt;[5/14/2018 11:32:22 PM]&lt;ERROR&gt;MouseClick Exception:Microsoft.VisualStudio.TestTools.UITest.Extension.UITestControlNotFoundException: The playback failed to find the control with the given search properties. Additional Details: 
TechnologyName:  'Web'
ControlType:  'Hyperlink'
TagName:  'A'
Id:  'SignInLink'
 Failed to find any control that matched the search condition Id='SignInLink' &amp;&amp; ControlType='Hyperlink' ---&gt; System.Runtime.InteropServices.COMException: Error HRESULT E_FAIL has been returned from a call to a COM component.
   at Microsoft.VisualStudio.TestTools.UITest.Playback.Engine.IScreenElement.FindAllDescendants(String bstrQueryId, Object&amp; pvarResKeys, Int32 cResKeys, Int32 nMaxDepth)
   at Microsoft.VisualStudio.TestTools.UITest.Playback.ScreenElement.FindAllScreenElement(String queryId, Int32 depth, Boolean singleQueryId, Boolean throwException, Boolean resetSkipStep)
   at Microsoft.VisualStudio.TestTools.UITest.Playback.ScreenElement.FindScreenElement(String queryId, Int32 depth, Boolean resetSkipStep)
   at Microsoft.VisualStudio.TestTools.UITesting.UITestControl.FindFirstDescendant(String queryId, Int32 maxDepth, Int32&amp; timeLeft)
   --- End of inner exception stack trace ---
   at Microsoft.VisualStudio.TestTools.UITesting.Playback.MapControlNotFoundException(COMException ex, IPlaybackContext context)
   at Microsoft.VisualStudio.TestTools.UITesting.Playback.MapAndThrowComException(COMException innerException, IPlaybackContext context)
   at Microsoft.VisualStudio.TestTools.UITesting.Playback.MapAndThrowException(SystemException exception, IPlaybackContext context)
   at Microsoft.VisualStudio.TestTools.UITesting.Playback.MapAndThrowException(SystemException exception, String queryId)
   at Microsoft.VisualStudio.TestTools.UITesting.UITestControl.FindFirstDescendant(String queryId, Int32 maxDepth, Int32&amp; timeLeft)
   at Microsoft.VisualStudio.TestTools.UITesting.SearchHelper.GetUITestControlRecursive(Boolean useCache, Boolean alwaysSearch, ISearchArgument searchArg, IList`1 windowTitles, Int32&amp; timeLeft)
   at Microsoft.VisualStudio.TestTools.UITesting.SearchHelper.GetElement(Boolean useCache, ISearchArgument searchArg)
   at Microsoft.VisualStudio.TestTools.UITesting.SearchHelper.Search(ISearchArgument searchArg)
   at Microsoft.VisualStudio.TestTools.UITesting.UITestControl.FindInternal()
   at Microsoft.VisualStudio.TestTools.UITesting.UITestControl.&lt;Find&gt;b__3a()
   at Microsoft.VisualStudio.TestTools.UITesting.CodedUITestMethodInvoker.InvokeMethod[T](Func`1 function, UITestControl control, Boolean firePlaybackErrorEvent, Boolean logAsAction)
   at Microsoft.VisualStudio.TestTools.UITesting.UITestControl.Find()
   at Microsoft.VisualStudio.TestTools.UITesting.UITestControl.GetPropertyPrivate(String propertyName)
   at Microsoft.VisualStudio.TestTools.UITesting.UITestControl.GetPropertyOfType[T](String propertyName)
   at Microsoft.VisualStudio.TestTools.UITesting.UITestControl.get_Name()
   at TestAuto.LoggingAndSharedGenericMethods.MouseClick(UITestControl uiMenuItemTestControl) in c:\Builds\1\WebSphere\QATestAutomation\src\CodedUITest\SourceCode\Common\Logging\SharedMethods_Generic.cs:line 790
&lt;ERROR&gt;[5/14/2018 11:32:30 PM]&lt;ERROR&gt;ClickSignInAndRegister : failed executing ...The playback failed to find the control with the given search properties. Additional Details: 
TechnologyName:  'Web'
ControlType:  'Hyperlink'
TagName:  'A'
Class:  'button large logon_registerBtn'
 Failed to find any control that matched the search condition ControlType='Hyperlink' &amp;&amp; Class='button large logon_registerBtn'
&lt;ERROR&gt;[5/14/2018 11:32:53 PM]&lt;Error&gt;AllBrowserWindow : failed executing ...Unable to find Windows Internet Explorer window with 'Register - Microsoft Internet Explorer provided by Horizon Hobby' in the title.
&lt;ERROR&gt;[5/14/2018 11:32:55 PM]&lt;ERROR&gt;UserRegistration : failed executing ...The playback failed to find the control with the given search properties. Additional Details: 
TechnologyName:  'Web'
ControlType:  'ComboBox'
TagName:  'SELECT'
Id:  'WC_UserRegistrationAddForm_AddressEntryForm_FormInput_country_1'
 Failed to find any control that matched the search condition Id='WC_UserRegistrationAddForm_AddressEntryForm_FormInput_country_1' &amp;&amp; ControlType='ComboBox'
&lt;ERROR&gt;[5/14/2018 11:33:18 PM]&lt;Error&gt;AllBrowserWindow : failed executing ...Unable to find Windows Internet Explorer window with 'My Account - Microsoft Internet Explorer provided by Horizon Hobby' in the title.
&lt;ERROR&gt;[5/14/2018 11:33:23 PM]&lt;ERROR&gt;MouseClick Exception:Microsoft.VisualStudio.TestTools.UITest.Extension.UITestControlNotFoundException: The playback failed to find the control with the given search properties. Additional Details: 
TechnologyName:  'Web'
ControlType:  'Hyperlink'
TagName:  'A'
Id:  'WC_MyAccountCenterLinkDisplay_inputs_1'
 Failed to find any control that matched the search condition Id='WC_MyAccountCenterLinkDisplay_inputs_1' &amp;&amp; ControlType='Hyperlink' ---&gt; System.Runtime.InteropServices.COMException: Error HRESULT E_FAIL has been returned from a call to a COM component.
   at Microsoft.VisualStudio.TestTools.UITest.Playback.Engine.IScreenElement.FindAllDescendants(String bstrQueryId, Object&amp; pvarResKeys, Int32 cResKeys, Int32 nMaxDepth)
   at Microsoft.VisualStudio.TestTools.UITest.Playback.ScreenElement.FindAllScreenElement(String queryId, Int32 depth, Boolean singleQueryId, Boolean throwException, Boolean resetSkipStep)
   at Microsoft.VisualStudio.TestTools.UITest.Playback.ScreenElement.FindScreenElement(String queryId, Int32 depth, Boolean resetSkipStep)
   at Microsoft.VisualStudio.TestTools.UITesting.UITestControl.FindFirstDescendant(String queryId, Int32 maxDepth, Int32&amp; timeLeft)
   --- End of inner exception stack trace ---
   at Microsoft.VisualStudio.TestTools.UITesting.Playback.MapControlNotFoundException(COMException ex, IPlaybackContext context)
   at Microsoft.VisualStudio.TestTools.UITesting.Playback.MapAndThrowComException(COMException innerException, IPlaybackContext context)
   at Microsoft.VisualStudio.TestTools.UITesting.Playback.MapAndThrowException(SystemException exception, IPlaybackContext context)
   at Microsoft.VisualStudio.TestTools.UITesting.Playback.MapAndThrowException(SystemException exception, String queryId)
   at Microsoft.VisualStudio.TestTools.UITesting.UITestControl.FindFirstDescendant(String queryId, Int32 maxDepth, Int32&amp; timeLeft)
   at Microsoft.VisualStudio.TestTools.UITesting.SearchHelper.GetUITestControlRecursive(Boolean useCache, Boolean alwaysSearch, ISearchArgument searchArg, IList`1 windowTitles, Int32&amp; timeLeft)
   at Microsoft.VisualStudio.TestTools.UITesting.SearchHelper.GetElement(Boolean useCache, ISearchArgument searchArg)
   at Microsoft.VisualStudio.TestTools.UITesting.SearchHelper.Search(ISearchArgument searchArg)
   at Microsoft.VisualStudio.TestTools.UITesting.UITestControl.FindInternal()
   at Microsoft.VisualStudio.TestTools.UITesting.UITestControl.&lt;Find&gt;b__3a()
   at Microsoft.VisualStudio.TestTools.UITesting.CodedUITestMethodInvoker.InvokeMethod[T](Func`1 function, UITestControl control, Boolean firePlaybackErrorEvent, Boolean logAsAction)
   at Microsoft.VisualStudio.TestTools.UITesting.UITestControl.Find()
   at Microsoft.VisualStudio.TestTools.UITesting.UITestControl.GetPropertyPrivate(String propertyName)
   at Microsoft.VisualStudio.TestTools.UITesting.UITestControl.GetPropertyOfType[T](String propertyName)
   at Microsoft.VisualStudio.TestTools.UITesting.UITestControl.get_Name()
   at TestAuto.LoggingAndSharedGenericMethods.MouseClick(UITestControl uiMenuItemTestControl) in c:\Builds\1\WebSphere\QATestAutomation\src\CodedUITest\SourceCode\Common\Logging\SharedMethods_Generic.cs:line 790
&lt;ERROR&gt;[5/14/2018 11:33:46 PM]&lt;Error&gt;AllBrowserWindow : failed executing ...Unable to find Windows Internet Explorer window with 'Account Information - Microsoft Internet Explorer provided by Horizon Hobby' in the title.
&lt;ERROR&gt;[5/14/2018 11:33:48 PM]&lt;Error&gt;CrossSiteScriptingUserRegistrationMyAccount : failed executing ...The playback failed to find the control with the given search properties. Additional Details: 
TechnologyName:  'Web'
ControlType:  'Edit'
TagName:  'INPUT'
Id:  'WC_UserRegistrationUpdateForm_FormInput_email_In_Register_1'
 Failed to find any control that matched the search condition ControlType='Edit' &amp;&amp; Id=&gt;'WC_UserRegistrationUpdateForm_FormInput_email_In_Register_1'   at TestAuto.LoggingAndSharedGenericMethods.EndTest() in c:\Builds\1\WebSphere\QATestAutomation\src\CodedUITest\SourceCode\Common\Logging\Logging.cs:line 1628
   at TestAuto.CrossSiteScripting.TestCleanup() in c:\Builds\1\WebSphere\QATestAutomation\src\CodedUITest\SourceCode\HHobby\CrossSiteScripting\CrossSiteScripting.cs:line 795
[5/14/2018 11:25:21 PM]&lt;STARTLOG&gt;&lt;CrossSiteScriptingUserRegistrationMyAccount&gt;Test Started: Expecting: #PASS=Undefined and #FAIL=0
Running from MTM=True, running on machine name:CMP01-YKUMAR, user name=ykumar, OS=Microsoft Windows NT 6.1.7601 Service Pack 1, Is64BitOS=True[5/14/2018 11:25:22 PM]&lt;INFO&gt;LogCPUAndMemoryUsage: Available Memory = 25117(MB), CPU Usage = 36.11707%[5/14/2018 11:25:22 PM]&lt;INFO&gt;Private Working Set for QTAgent32_40, usage=235000 (K)[5/14/2018 11:25:22 PM]&lt;INFO&gt;Path To TestConfig xml=C:\Users\ykumar\AppData\Local\VSEQT\QTAgent\26974\CMP01-YKUMAR.horizonhobby.com\Deployment\SharedCommonConfig.xml[5/14/2018 11:25:22 PM]&lt;INFO&gt;Path To TestData xml=C:\Users\ykumar\AppData\Local\VSEQT\QTAgent\26974\CMP01-YKUMAR.horizonhobby.com\Deployment\CrossSiteScriptingTestData_232521.xml[5/14/2018 11:25:22 PM]&lt;INFO&gt;Path To HorizonHobbyQA Application Url=https://www-tst.horizonhobby.com[5/14/2018 11:25:22 PM]&lt;INFO&gt;HorizonHobbyQA sql connection string=Server=cmp02-ws-tst-db01:50000;Database=TST01DB;UID=wcdbuser;PWD=h0r1z0n;Connect Timeout=30[5/14/2018 11:25:22 PM]&lt;INFO&gt;Country is := US and language id is := '-1'[5/14/2018 11:25:22 PM]&lt;INFO&gt;Current browser used for test execution is = 'IE'[5/14/2018 11:25:25 PM]&lt;Info&gt;AllBrowserWindow : Locating browser window...[5/14/2018 11:25:27 PM]&lt;INFO&gt;SurveyWindow : method executing ...[5/14/2018 11:25:32 PM]&lt;INFO&gt;ContinueOnCertificationErrorClickexecuting ...[5/14/2018 11:25:32 PM]&lt;Info&gt;DEAllBrowserWindow : Locating browser window...[5/14/2018 11:25:37 PM]&lt;INFO&gt;UserRegistration : method executing ...[5/14/2018 11:25:37 PM]&lt;Info&gt;AllBrowserWindow : Locating browser window...[5/14/2018 11:25:55 PM]&lt;INFO&gt;UserRegistrationSubmit : method executing ...[5/14/2018 11:25:55 PM]&lt;Info&gt;AllBrowserWindow : Locating browser window...[5/14/2018 11:25:57 PM]&lt;PASS&gt;&lt;CrossSiteScriptingUserRegistrationMyAccount&gt;&lt;Invalid character errors message appears&gt;[5/14/2018 11:25:57 PM]&lt;Info&gt;AllBrowserWindow : Locating browser window...[5/14/2018 11:25:58 PM]&lt;INFO&gt;SurveyWindow : method executing ...[5/14/2018 11:26:05 PM]&lt;INFO&gt;ContinueOnCertificationErrorClickexecuting ...[5/14/2018 11:26:05 PM]&lt;Info&gt;DEAllBrowserWindow : Locating browser window...[5/14/2018 11:26:11 PM]&lt;INFO&gt;UserRegistration : method executing ...[5/14/2018 11:26:11 PM]&lt;Info&gt;AllBrowserWindow : Locating browser window...Assert.Fail failed. [5/14/2018 11:26:34 PM]&lt;Error&gt;AllBrowserWindow : failed executing ...Unable to find Windows Internet Explorer window with 'Register - Microsoft Internet Explorer provided by Horizon Hobby' in the title., 
    StackTrace:
    AllBrowserWindow(),SharedBorderFree.cs,Line Number:1037
    UserRegistration(),SharedUserRegistration.cs,Line Number:622
    RegisterNewUser(),SharedUserRegistration.cs,Line Number:1158
    RegisterNewUser(),SharedUserRegistration.cs,Line Number:1171
    CrossSiteScriptingUserRegistrationMyAccount(),CrossSiteScripting.cs,Line Number:252[5/14/2018 11:26:34 PM]&lt;CaptureImage&gt;\\CMP01-YKumar\AutoLog\CMP01-YKUMAR\CrossSiteScriptingUserRegistrationMyAccount_20180514232634.pngAssert.Fail failed. [5/14/2018 11:26:37 PM]&lt;ERROR&gt;UserRegistration : failed executing ...The playback failed to find the control with the given search properties. Additional Details: 
TechnologyName:  'Web'
ControlType:  'ComboBox'
TagName:  'SELECT'
Id:  'WC_UserRegistrationAddForm_AddressEntryForm_FormInput_country_1'
 Failed to find any control that matched the search condition Id='WC_UserRegistrationAddForm_AddressEntryForm_FormInput_country_1' &amp;&amp; ControlType='ComboBox', 
    StackTrace:
    UserRegistration(),SharedUserRegistration.cs,Line Number:836
    RegisterNewUser(),SharedUserRegistration.cs,Line Number:1158
    RegisterNewUser(),SharedUserRegistration.cs,Line Number:1171
    CrossSiteScriptingUserRegistrationMyAccount(),CrossSiteScripting.cs,Line Number:252[5/14/2018 11:26:37 PM]&lt;CaptureImage&gt;\\CMP01-YKumar\AutoLog\CMP01-YKUMAR\CrossSiteScriptingUserRegistrationMyAccount_20180514232637.png[5/14/2018 11:26:37 PM]&lt;INFO&gt;UserRegistrationSubmit : method executing ...[5/14/2018 11:26:37 PM]&lt;Info&gt;AllBrowserWindow : Locating browser window...Assert.Fail failed. [5/14/2018 11:26:59 PM]&lt;Error&gt;AllBrowserWindow : failed executing ...Unable to find Windows Internet Explorer window with 'Register - Microsoft Internet Explorer provided by Horizon Hobby' in the title., 
    StackTrace:
    AllBrowserWindow(),SharedBorderFree.cs,Line Number:1037
    UserRegistrationSubmit(),SharedUserRegistration.cs,Line Number:847
    CrossSiteScriptingUserRegistrationMyAccount(),CrossSiteScripting.cs,Line Number:253[5/14/2018 11:26:59 PM]&lt;CaptureImage&gt;\\CMP01-YKumar\AutoLog\CMP01-YKUMAR\CrossSiteScriptingUserRegistrationMyAccount_20180514232659.pngAssert.Fail failed. [5/14/2018 11:27:04 PM]&lt;ERROR&gt;MouseClick Exception:Microsoft.VisualStudio.TestTools.UITest.Extension.UITestControlNotFoundException: The playback failed to find the control with the given search properties. Additional Details: 
TechnologyName:  'Web'
ControlType:  'Hyperlink'
TagName:  'A'
Id:  'WC_UserRegistrationAddForm_links_1'
 Failed to find any control that matched the search condition Id='WC_UserRegistrationAddForm_links_1' &amp;&amp; ControlType='Hyperlink' ---&gt; System.Runtime.InteropServices.COMException: Error HRESULT E_FAIL has been returned from a call to a COM component.
   at Microsoft.VisualStudio.TestTools.UITest.Playback.Engine.IScreenElement.FindAllDescendants(String bstrQueryId, Object&amp; pvarResKeys, Int32 cResKeys, Int32 nMaxDepth)
   at Microsoft.VisualStudio.TestTools.UITest.Playback.ScreenElement.FindAllScreenElement(String queryId, Int32 depth, Boolean singleQueryId, Boolean throwException, Boolean resetSkipStep)
   at Microsoft.VisualStudio.TestTools.UITest.Playback.ScreenElement.FindScreenElement(String queryId, Int32 depth, Boolean resetSkipStep)
   at Microsoft.VisualStudio.TestTools.UITesting.UITestControl.FindFirstDescendant(String queryId, Int32 maxDepth, Int32&amp; timeLeft)
   --- End of inner exception stack trace ---
   at Microsoft.VisualStudio.TestTools.UITesting.Playback.MapControlNotFoundException(COMException ex, IPlaybackContext context)
   at Microsoft.VisualStudio.TestTools.UITesting.Playback.MapAndThrowComException(COMException innerException, IPlaybackContext context)
   at Microsoft.VisualStudio.TestTools.UITesting.Playback.MapAndThrowException(SystemException exception, IPlaybackContext context)
   at Microsoft.VisualStudio.TestTools.UITesting.Playback.MapAndThrowException(SystemException exception, String queryId)
   at Microsoft.VisualStudio.TestTools.UITesting.UITestControl.FindFirstDescendant(String queryId, Int32 maxDepth, Int32&amp; timeLeft)
   at Microsoft.VisualStudio.TestTools.UITesting.SearchHelper.GetUITestControlRecursive(Boolean useCache, Boolean alwaysSearch, ISearchArgument searchArg, IList`1 windowTitles, Int32&amp; timeLeft)
   at Microsoft.VisualStudio.TestTools.UITesting.SearchHelper.GetElement(Boolean useCache, ISearchArgument searchArg)
   at Microsoft.VisualStudio.TestTools.UITesting.SearchHelper.Search(ISearchArgument searchArg)
   at Microsoft.VisualStudio.TestTools.UITesting.UITestControl.FindInternal()
   at Microsoft.VisualStudio.TestTools.UITesting.UITestControl.&lt;Find&gt;b__3a()
   at Microsoft.VisualStudio.TestTools.UITesting.CodedUITestMethodInvoker.InvokeMethod[T](Func`1 function, UITestControl control, Boolean firePlaybackErrorEvent, Boolean logAsAction)
   at Microsoft.VisualStudio.TestTools.UITesting.UITestControl.Find()
   at Microsoft.VisualStudio.TestTools.UITesting.UITestControl.GetPropertyPrivate(String propertyName)
   at Microsoft.VisualStudio.TestTools.UITesting.UITestControl.GetPropertyOfType[T](String propertyName)
   at Microsoft.VisualStudio.TestTools.UITesting.UITestControl.get_Name()
   at TestAuto.LoggingAndSharedGenericMethods.MouseClick(UITestControl uiMenuItemTestControl) in c:\Builds\1\WebSphere\QATestAutomation\src\CodedUITest\SourceCode\Common\Logging\SharedMethods_Generic.cs:line 790, 
    StackTrace:
    MouseClick(),SharedMethods_Generic.cs,Line Number:822
    UserRegistrationSubmit(),SharedUserRegistration.cs,Line Number:851
    CrossSiteScriptingUserRegistrationMyAccount(),CrossSiteScripting.cs,Line Number:253[5/14/2018 11:27:04 PM]&lt;CaptureImage&gt;\\CMP01-YKumar\AutoLog\CMP01-YKUMAR\CrossSiteScriptingUserRegistrationMyAccount_20180514232704.png[5/14/2018 11:27:07 PM]&lt;FAIL&gt;&lt;CrossSiteScriptingUserRegistrationMyAccount&gt;&lt;Invalid character errors message appears&gt;.Assert.AreEqual failed. Expected:&lt;True&gt;. Actual:&lt;False&gt;. 
    StackTrace:
    ValidateToolTipTextForInvaildCharacters(),SharedCrossSiteScripting.cs,Line Number:112
    CrossSiteScriptingUserRegistrationMyAccount(),CrossSiteScripting.cs,Line Number:254[5/14/2018 11:27:07 PM]&lt;CaptureImage&gt;\\CMP01-YKumar\AutoLog\CMP01-YKUMAR\CrossSiteScriptingUserRegistrationMyAccount_20180514232707.png[5/14/2018 11:27:07 PM]&lt;Info&gt;AllBrowserWindow : Locating browser window...Assert.Fail failed. [5/14/2018 11:27:29 PM]&lt;Error&gt;AllBrowserWindow : failed executing ...Unable to find Windows Internet Explorer window with 'Register - Microsoft Internet Explorer provided by Horizon Hobby' in the title., 
    StackTrace:
    AllBrowserWindow(),SharedBorderFree.cs,Line Number:1037
    CrossSiteScriptingUserRegistrationMyAccount(),CrossSiteScripting.cs,Line Number:255[5/14/2018 11:27:29 PM]&lt;CaptureImage&gt;\\CMP01-YKumar\AutoLog\CMP01-YKUMAR\CrossSiteScriptingUserRegistrationMyAccount_20180514232729.pngAssert.Fail failed. [5/14/2018 11:27:35 PM]&lt;ERROR&gt;MouseClick Exception:Microsoft.VisualStudio.TestTools.UITest.Extension.UITestControlNotFoundException: The playback failed to find the control with the given search properties. Additional Details: 
TechnologyName:  'Web'
ControlType:  'Hyperlink'
TagName:  'A'
Id:  'SignInLink'
 Failed to find any control that matched the search condition Id='SignInLink' &amp;&amp; ControlType='Hyperlink' ---&gt; System.Runtime.InteropServices.COMException: Error HRESULT E_FAIL has been returned from a call to a COM component.
   at Microsoft.VisualStudio.TestTools.UITest.Playback.Engine.IScreenElement.FindAllDescendants(String bstrQueryId, Object&amp; pvarResKeys, Int32 cResKeys, Int32 nMaxDepth)
   at Microsoft.VisualStudio.TestTools.UITest.Playback.ScreenElement.FindAllScreenElement(String queryId, Int32 depth, Boolean singleQueryId, Boolean throwException, Boolean resetSkipStep)
   at Microsoft.VisualStudio.TestTools.UITest.Playback.ScreenElement.FindScreenElement(String queryId, Int32 depth, Boolean resetSkipStep)
   at Microsoft.VisualStudio.TestTools.UITesting.UITestControl.FindFirstDescendant(String queryId, Int32 maxDepth, Int32&amp; timeLeft)
   --- End of inner exception stack trace ---
   at Microsoft.VisualStudio.TestTools.UITesting.Playback.MapControlNotFoundException(COMException ex, IPlaybackContext context)
   at Microsoft.VisualStudio.TestTools.UITesting.Playback.MapAndThrowComException(COMException innerException, IPlaybackContext context)
   at Microsoft.VisualStudio.TestTools.UITesting.Playback.MapAndThrowException(SystemException exception, IPlaybackContext context)
   at Microsoft.VisualStudio.TestTools.UITesting.Playback.MapAndThrowException(SystemException exception, String queryId)
   at Microsoft.VisualStudio.TestTools.UITesting.UITestControl.FindFirstDescendant(String queryId, Int32 maxDepth, Int32&amp; timeLeft)
   at Microsoft.VisualStudio.TestTools.UITesting.SearchHelper.GetUITestControlRecursive(Boolean useCache, Boolean alwaysSearch, ISearchArgument searchArg, IList`1 windowTitles, Int32&amp; timeLeft)
   at Microsoft.VisualStudio.TestTools.UITesting.SearchHelper.GetElement(Boolean useCache, ISearchArgument searchArg)
   at Microsoft.VisualStudio.TestTools.UITesting.SearchHelper.Search(ISearchArgument searchArg)
   at Microsoft.VisualStudio.TestTools.UITesting.UITestControl.FindInternal()
   at Microsoft.VisualStudio.TestTools.UITesting.UITestControl.&lt;Find&gt;b__3a()
   at Microsoft.VisualStudio.TestTools.UITesting.CodedUITestMethodInvoker.InvokeMethod[T](Func`1 function, UITestControl control, Boolean firePlaybackErrorEvent, Boolean logAsAction)
   at Microsoft.VisualStudio.TestTools.UITesting.UITestControl.Find()
   at Microsoft.VisualStudio.TestTools.UITesting.UITestControl.GetPropertyPrivate(String propertyName)
   at Microsoft.VisualStudio.TestTools.UITesting.UITestControl.GetPropertyOfType[T](String propertyName)
   at Microsoft.VisualStudio.TestTools.UITesting.UITestControl.get_Name()
   at TestAuto.LoggingAndSharedGenericMethods.MouseClick(UITestControl uiMenuItemTestControl) in c:\Builds\1\WebSphere\QATestAutomation\src\CodedUITest\SourceCode\Common\Logging\SharedMethods_Generic.cs:line 790, 
    StackTrace:
    MouseClick(),SharedMethods_Generic.cs,Line Number:822
    ClickSignInAndRegister(),SharedUserRegistration.cs,Line Number:1065
    RegisterNewUser(),SharedUserRegistration.cs,Line Number:1157
    RegisterNewUser(),SharedUserRegistration.cs,Line Number:1171
    CrossSiteScriptingUserRegistrationMyAccount(),CrossSiteScripting.cs,Line Number:252[5/14/2018 11:27:35 PM]&lt;CaptureImage&gt;\\CMP01-YKumar\AutoLog\CMP01-YKUMAR\CrossSiteScriptingUserRegistrationMyAccount_20180514232735.png[5/14/2018 11:27:35 PM]&lt;INFO&gt;SurveyWindow : method executing ...[5/14/2018 11:27:38 PM]&lt;INFO&gt;ContinueOnCertificationErrorClickexecuting ...[5/14/2018 11:27:38 PM]&lt;Info&gt;DEAllBrowserWindow : Locating browser window...Assert.Fail failed. [5/14/2018 11:27:43 PM]&lt;ERROR&gt;ClickSignInAndRegister : failed executing ...The playback failed to find the control with the given search properties. Additional Details: 
TechnologyName:  'Web'
ControlType:  'Hyperlink'
TagName:  'A'
Class:  'button large logon_registerBtn'
 Failed to find any control that matched the search condition ControlType='Hyperlink' &amp;&amp; Class='button large logon_registerBtn', 
    StackTrace:
    ClickSignInAndRegister(),SharedUserRegistration.cs,Line Number:1083
    RegisterNewUser(),SharedUserRegistration.cs,Line Number:1157
    RegisterNewUser(),SharedUserRegistration.cs,Line Number:1171
    CrossSiteScriptingUserRegistrationMyAccount(),CrossSiteScripting.cs,Line Number:252[5/14/2018 11:27:43 PM]&lt;CaptureImage&gt;\\CMP01-YKumar\AutoLog\CMP01-YKUMAR\CrossSiteScriptingUserRegistrationMyAccount_20180514232743.png[5/14/2018 11:27:43 PM]&lt;INFO&gt;UserRegistration : method executing ...[5/14/2018 11:27:43 PM]&lt;Info&gt;AllBrowserWindow : Locating browser window...Assert.Fail failed. [5/14/2018 11:28:05 PM]&lt;Error&gt;AllBrowserWindow : failed executing ...Unable to find Windows Internet Explorer window with 'Register - Microsoft Internet Explorer provided by Horizon Hobby' in the title., 
    StackTrace:
    AllBrowserWindow(),SharedBorderFree.cs,Line Number:1037
    UserRegistration(),SharedUserRegistration.cs,Line Number:622
    RegisterNewUser(),SharedUserRegistration.cs,Line Number:1158
    RegisterNewUser(),SharedUserRegistration.cs,Line Number:1171
    CrossSiteScriptingUserRegistrationMyAccount(),CrossSiteScripting.cs,Line Number:252[5/14/2018 11:28:05 PM]&lt;CaptureImage&gt;\\CMP01-YKumar\AutoLog\CMP01-YKUMAR\CrossSiteScriptingUserRegistrationMyAccount_20180514232805.pngAssert.Fail failed. [5/14/2018 11:28:08 PM]&lt;ERROR&gt;UserRegistration : failed executing ...The playback failed to find the control with the given search properties. Additional Details: 
TechnologyName:  'Web'
ControlType:  'ComboBox'
TagName:  'SELECT'
Id:  'WC_UserRegistrationAddForm_AddressEntryForm_FormInput_country_1'
 Failed to find any control that matched the search condition Id='WC_UserRegistrationAddForm_AddressEntryForm_FormInput_country_1' &amp;&amp; ControlType='ComboBox', 
    StackTrace:
    UserRegistration(),SharedUserRegistration.cs,Line Number:836
    RegisterNewUser(),SharedUserRegistration.cs,Line Number:1158
    RegisterNewUser(),SharedUserRegistration.cs,Line Number:1171
    CrossSiteScriptingUserRegistrationMyAccount(),CrossSiteScripting.cs,Line Number:252[5/14/2018 11:28:08 PM]&lt;CaptureImage&gt;\\CMP01-YKumar\AutoLog\CMP01-YKUMAR\CrossSiteScriptingUserRegistrationMyAccount_20180514232808.png[5/14/2018 11:28:08 PM]&lt;INFO&gt;UserRegistrationSubmit : method executing ...[5/14/2018 11:28:08 PM]&lt;Info&gt;AllBrowserWindow : Locating browser window...Assert.Fail failed. [5/14/2018 11:28:30 PM]&lt;Error&gt;AllBrowserWindow : failed executing ...Unable to find Windows Internet Explorer window with 'Register - Microsoft Internet Explorer provided by Horizon Hobby' in the title., 
    StackTrace:
    AllBrowserWindow(),SharedBorderFree.cs,Line Number:1037
    UserRegistrationSubmit(),SharedUserRegistration.cs,Line Number:847
    CrossSiteScriptingUserRegistrationMyAccount(),CrossSiteScripting.cs,Line Number:253[5/14/2018 11:28:30 PM]&lt;CaptureImage&gt;\\CMP01-YKumar\AutoLog\CMP01-YKUMAR\CrossSiteScriptingUserRegistrationMyAccount_20180514232830.pngAssert.Fail failed. [5/14/2018 11:28:36 PM]&lt;ERROR&gt;MouseClick Exception:Microsoft.VisualStudio.TestTools.UITest.Extension.UITestControlNotFoundException: The playback failed to find the control with the given search properties. Additional Details: 
TechnologyName:  'Web'
ControlType:  'Hyperlink'
TagName:  'A'
Id:  'WC_UserRegistrationAddForm_links_1'
 Failed to find any control that matched the search condition Id='WC_UserRegistrationAddForm_links_1' &amp;&amp; ControlType='Hyperlink' ---&gt; System.Runtime.InteropServices.COMException: Error HRESULT E_FAIL has been returned from a call to a COM component.
   at Microsoft.VisualStudio.TestTools.UITest.Playback.Engine.IScreenElement.FindAllDescendants(String bstrQueryId, Object&amp; pvarResKeys, Int32 cResKeys, Int32 nMaxDepth)
   at Microsoft.VisualStudio.TestTools.UITest.Playback.ScreenElement.FindAllScreenElement(String queryId, Int32 depth, Boolean singleQueryId, Boolean throwException, Boolean resetSkipStep)
   at Microsoft.VisualStudio.TestTools.UITest.Playback.ScreenElement.FindScreenElement(String queryId, Int32 depth, Boolean resetSkipStep)
   at Microsoft.VisualStudio.TestTools.UITesting.UITestControl.FindFirstDescendant(String queryId, Int32 maxDepth, Int32&amp; timeLeft)
   --- End of inner exception stack trace ---
   at Microsoft.VisualStudio.TestTools.UITesting.Playback.MapControlNotFoundException(COMException ex, IPlaybackContext context)
   at Microsoft.VisualStudio.TestTools.UITesting.Playback.MapAndThrowComException(COMException innerException, IPlaybackContext context)
   at Microsoft.VisualStudio.TestTools.UITesting.Playback.MapAndThrowException(SystemException exception, IPlaybackContext context)
   at Microsoft.VisualStudio.TestTools.UITesting.Playback.MapAndThrowException(SystemException exception, String queryId)
   at Microsoft.VisualStudio.TestTools.UITesting.UITestControl.FindFirstDescendant(String queryId, Int32 maxDepth, Int32&amp; timeLeft)
   at Microsoft.VisualStudio.TestTools.UITesting.SearchHelper.GetUITestControlRecursive(Boolean useCache, Boolean alwaysSearch, ISearchArgument searchArg, IList`1 windowTitles, Int32&amp; timeLeft)
   at Microsoft.VisualStudio.TestTools.UITesting.SearchHelper.GetElement(Boolean useCache, ISearchArgument searchArg)
   at Microsoft.VisualStudio.TestTools.UITesting.SearchHelper.Search(ISearchArgument searchArg)
   at Microsoft.VisualStudio.TestTools.UITesting.UITestControl.FindInternal()
   at Microsoft.VisualStudio.TestTools.UITesting.UITestControl.&lt;Find&gt;b__3a()
   at Microsoft.VisualStudio.TestTools.UITesting.CodedUITestMethodInvoker.InvokeMethod[T](Func`1 function, UITestControl control, Boolean firePlaybackErrorEvent, Boolean logAsAction)
   at Microsoft.VisualStudio.TestTools.UITesting.UITestControl.Find()
   at Microsoft.VisualStudio.TestTools.UITesting.UITestControl.GetPropertyPrivate(String propertyName)
   at Microsoft.VisualStudio.TestTools.UITesting.UITestControl.GetPropertyOfType[T](String propertyName)
   at Microsoft.VisualStudio.TestTools.UITesting.UITestControl.get_Name()
   at TestAuto.LoggingAndSharedGenericMethods.MouseClick(UITestControl uiMenuItemTestControl) in c:\Builds\1\WebSphere\QATestAutomation\src\CodedUITest\SourceCode\Common\Logging\SharedMethods_Generic.cs:line 790, 
    StackTrace:
    MouseClick(),SharedMethods_Generic.cs,Line Number:822
    UserRegistrationSubmit(),SharedUserRegistration.cs,Line Number:851
    CrossSiteScriptingUserRegistrationMyAccount(),CrossSiteScripting.cs,Line Number:253[5/14/2018 11:28:36 PM]&lt;CaptureImage&gt;\\CMP01-YKumar\AutoLog\CMP01-YKUMAR\CrossSiteScriptingUserRegistrationMyAccount_20180514232836.png[5/14/2018 11:28:38 PM]&lt;FAIL&gt;&lt;CrossSiteScriptingUserRegistrationMyAccount&gt;&lt;Invalid character errors message appears&gt;.Assert.AreEqual failed. Expected:&lt;True&gt;. Actual:&lt;False&gt;. 
    StackTrace:
    ValidateToolTipTextForInvaildCharacters(),SharedCrossSiteScripting.cs,Line Number:112
    CrossSiteScriptingUserRegistrationMyAccount(),CrossSiteScripting.cs,Line Number:254[5/14/2018 11:28:38 PM]&lt;CaptureImage&gt;\\CMP01-YKumar\AutoLog\CMP01-YKUMAR\CrossSiteScriptingUserRegistrationMyAccount_20180514232838.png[5/14/2018 11:28:38 PM]&lt;Info&gt;AllBrowserWindow : Locating browser window...Assert.Fail failed. [5/14/2018 11:29:01 PM]&lt;Error&gt;AllBrowserWindow : failed executing ...Unable to find Windows Internet Explorer window with 'Register - Microsoft Internet Explorer provided by Horizon Hobby' in the title., 
    StackTrace:
    AllBrowserWindow(),SharedBorderFree.cs,Line Number:1037
    CrossSiteScriptingUserRegistrationMyAccount(),CrossSiteScripting.cs,Line Number:255[5/14/2018 11:29:01 PM]&lt;CaptureImage&gt;\\CMP01-YKumar\AutoLog\CMP01-YKUMAR\CrossSiteScriptingUserRegistrationMyAccount_20180514232901.pngAssert.Fail failed. [5/14/2018 11:29:06 PM]&lt;ERROR&gt;MouseClick Exception:Microsoft.VisualStudio.TestTools.UITest.Extension.UITestControlNotFoundException: The playback failed to find the control with the given search properties. Additional Details: 
TechnologyName:  'Web'
ControlType:  'Hyperlink'
TagName:  'A'
Id:  'SignInLink'
 Failed to find any control that matched the search condition Id='SignInLink' &amp;&amp; ControlType='Hyperlink' ---&gt; System.Runtime.InteropServices.COMException: Error HRESULT E_FAIL has been returned from a call to a COM component.
   at Microsoft.VisualStudio.TestTools.UITest.Playback.Engine.IScreenElement.FindAllDescendants(String bstrQueryId, Object&amp; pvarResKeys, Int32 cResKeys, Int32 nMaxDepth)
   at Microsoft.VisualStudio.TestTools.UITest.Playback.ScreenElement.FindAllScreenElement(String queryId, Int32 depth, Boolean singleQueryId, Boolean throwException, Boolean resetSkipStep)
   at Microsoft.VisualStudio.TestTools.UITest.Playback.ScreenElement.FindScreenElement(String queryId, Int32 depth, Boolean resetSkipStep)
   at Microsoft.VisualStudio.TestTools.UITesting.UITestControl.FindFirstDescendant(String queryId, Int32 maxDepth, Int32&amp; timeLeft)
   --- End of inner exception stack trace ---
   at Microsoft.VisualStudio.TestTools.UITesting.Playback.MapControlNotFoundException(COMException ex, IPlaybackContext context)
   at Microsoft.VisualStudio.TestTools.UITesting.Playback.MapAndThrowComException(COMException innerException, IPlaybackContext context)
   at Microsoft.VisualStudio.TestTools.UITesting.Playback.MapAndThrowException(SystemException exception, IPlaybackContext context)
   at Microsoft.VisualStudio.TestTools.UITesting.Playback.MapAndThrowException(SystemException exception, String queryId)
   at Microsoft.VisualStudio.TestTools.UITesting.UITestControl.FindFirstDescendant(String queryId, Int32 maxDepth, Int32&amp; timeLeft)
   at Microsoft.VisualStudio.TestTools.UITesting.SearchHelper.GetUITestControlRecursive(Boolean useCache, Boolean alwaysSearch, ISearchArgument searchArg, IList`1 windowTitles, Int32&amp; timeLeft)
   at Microsoft.VisualStudio.TestTools.UITesting.SearchHelper.GetElement(Boolean useCache, ISearchArgument searchArg)
   at Microsoft.VisualStudio.TestTools.UITesting.SearchHelper.Search(ISearchArgument searchArg)
   at Microsoft.VisualStudio.TestTools.UITesting.UITestControl.FindInternal()
   at Microsoft.VisualStudio.TestTools.UITesting.UITestControl.&lt;Find&gt;b__3a()
   at Microsoft.VisualStudio.TestTools.UITesting.CodedUITestMethodInvoker.InvokeMethod[T](Func`1 function, UITestControl control, Boolean firePlaybackErrorEvent, Boolean logAsAction)
   at Microsoft.VisualStudio.TestTools.UITesting.UITestControl.Find()
   at Microsoft.VisualStudio.TestTools.UITesting.UITestControl.GetPropertyPrivate(String propertyName)
   at Microsoft.VisualStudio.TestTools.UITesting.UITestControl.GetPropertyOfType[T](String propertyName)
   at Microsoft.VisualStudio.TestTools.UITesting.UITestControl.get_Name()
   at TestAuto.LoggingAndSharedGenericMethods.MouseClick(UITestControl uiMenuItemTestControl) in c:\Builds\1\WebSphere\QATestAutomation\src\CodedUITest\SourceCode\Common\Logging\SharedMethods_Generic.cs:line 790, 
    StackTrace:
    MouseClick(),SharedMethods_Generic.cs,Line Number:822
    ClickSignInAndRegister(),SharedUserRegistration.cs,Line Number:1065
    RegisterNewUser(),SharedUserRegistration.cs,Line Number:1157
    RegisterNewUser(),SharedUserRegistration.cs,Line Number:1171
    CrossSiteScriptingUserRegistrationMyAccount(),CrossSiteScripting.cs,Line Number:252[5/14/2018 11:29:06 PM]&lt;CaptureImage&gt;\\CMP01-YKumar\AutoLog\CMP01-YKUMAR\CrossSiteScriptingUserRegistrationMyAccount_20180514232906.png[5/14/2018 11:29:06 PM]&lt;INFO&gt;SurveyWindow : method executing ...[5/14/2018 11:29:09 PM]&lt;INFO&gt;ContinueOnCertificationErrorClickexecuting ...[5/14/2018 11:29:09 PM]&lt;Info&gt;DEAllBrowserWindow : Locating browser window...Assert.Fail failed. [5/14/2018 11:29:14 PM]&lt;ERROR&gt;ClickSignInAndRegister : failed executing ...The playback failed to find the control with the given search properties. Additional Details: 
TechnologyName:  'Web'
ControlType:  'Hyperlink'
TagName:  'A'
Class:  'button large logon_registerBtn'
 Failed to find any control that matched the search condition ControlType='Hyperlink' &amp;&amp; Class='button large logon_registerBtn', 
    StackTrace:
    ClickSignInAndRegister(),SharedUserRegistration.cs,Line Number:1083
    RegisterNewUser(),SharedUserRegistration.cs,Line Number:1157
    RegisterNewUser(),SharedUserRegistration.cs,Line Number:1171
    CrossSiteScriptingUserRegistrationMyAccount(),CrossSiteScripting.cs,Line Number:252[5/14/2018 11:29:14 PM]&lt;CaptureImage&gt;\\CMP01-YKumar\AutoLog\CMP01-YKUMAR\CrossSiteScriptingUserRegistrationMyAccount_20180514232914.png[5/14/2018 11:29:14 PM]&lt;INFO&gt;UserRegistration : method executing ...[5/14/2018 11:29:14 PM]&lt;Info&gt;AllBrowserWindow : Locating browser window...Assert.Fail failed. [5/14/2018 11:29:37 PM]&lt;Error&gt;AllBrowserWindow : failed executing ...Unable to find Windows Internet Explorer window with 'Register - Microsoft Internet Explorer provided by Horizon Hobby' in the title., 
    StackTrace:
    AllBrowserWindow(),SharedBorderFree.cs,Line Number:1037
    UserRegistration(),SharedUserRegistration.cs,Line Number:622
    RegisterNewUser(),SharedUserRegistration.cs,Line Number:1158
    RegisterNewUser(),SharedUserRegistration.cs,Line Number:1171
    CrossSiteScriptingUserRegistrationMyAccount(),CrossSiteScripting.cs,Line Number:252[5/14/2018 11:29:37 PM]&lt;CaptureImage&gt;\\CMP01-YKumar\AutoLog\CMP01-YKUMAR\CrossSiteScriptingUserRegistrationMyAccount_20180514232937.pngAssert.Fail failed. [5/14/2018 11:29:39 PM]&lt;ERROR&gt;UserRegistration : failed executing ...The playback failed to find the control with the given search properties. Additional Details: 
TechnologyName:  'Web'
ControlType:  'ComboBox'
TagName:  'SELECT'
Id:  'WC_UserRegistrationAddForm_AddressEntryForm_FormInput_country_1'
 Failed to find any control that matched the search condition Id='WC_UserRegistrationAddForm_AddressEntryForm_FormInput_country_1' &amp;&amp; ControlType='ComboBox', 
    StackTrace:
    UserRegistration(),SharedUserRegistration.cs,Line Number:836
    RegisterNewUser(),SharedUserRegistration.cs,Line Number:1158
    RegisterNewUser(),SharedUserRegistration.cs,Line Number:1171
    CrossSiteScriptingUserRegistrationMyAccount(),CrossSiteScripting.cs,Line Number:252[5/14/2018 11:29:39 PM]&lt;CaptureImage&gt;\\CMP01-YKumar\AutoLog\CMP01-YKUMAR\CrossSiteScriptingUserRegistrationMyAccount_20180514232939.png[5/14/2018 11:29:39 PM]&lt;INFO&gt;UserRegistrationSubmit : method executing ...[5/14/2018 11:29:39 PM]&lt;Info&gt;AllBrowserWindow : Locating browser window...Assert.Fail failed. [5/14/2018 11:30:02 PM]&lt;Error&gt;AllBrowserWindow : failed executing ...Unable to find Windows Internet Explorer window with 'Register - Microsoft Internet Explorer provided by Horizon Hobby' in the title., 
    StackTrace:
    AllBrowserWindow(),SharedBorderFree.cs,Line Number:1037
    UserRegistrationSubmit(),SharedUserRegistration.cs,Line Number:847
    CrossSiteScriptingUserRegistrationMyAccount(),CrossSiteScripting.cs,Line Number:253[5/14/2018 11:30:02 PM]&lt;CaptureImage&gt;\\CMP01-YKumar\AutoLog\CMP01-YKUMAR\CrossSiteScriptingUserRegistrationMyAccount_20180514233002.pngAssert.Fail failed. [5/14/2018 11:30:07 PM]&lt;ERROR&gt;MouseClick Exception:Microsoft.VisualStudio.TestTools.UITest.Extension.UITestControlNotFoundException: The playback failed to find the control with the given search properties. Additional Details: 
TechnologyName:  'Web'
ControlType:  'Hyperlink'
TagName:  'A'
Id:  'WC_UserRegistrationAddForm_links_1'
 Failed to find any control that matched the search condition Id='WC_UserRegistrationAddForm_links_1' &amp;&amp; ControlType='Hyperlink' ---&gt; System.Runtime.InteropServices.COMException: Error HRESULT E_FAIL has been returned from a call to a COM component.
   at Microsoft.VisualStudio.TestTools.UITest.Playback.Engine.IScreenElement.FindAllDescendants(String bstrQueryId, Object&amp; pvarResKeys, Int32 cResKeys, Int32 nMaxDepth)
   at Microsoft.VisualStudio.TestTools.UITest.Playback.ScreenElement.FindAllScreenElement(String queryId, Int32 depth, Boolean singleQueryId, Boolean throwException, Boolean resetSkipStep)
   at Microsoft.VisualStudio.TestTools.UITest.Playback.ScreenElement.FindScreenElement(String queryId, Int32 depth, Boolean resetSkipStep)
   at Microsoft.VisualStudio.TestTools.UITesting.UITestControl.FindFirstDescendant(String queryId, Int32 maxDepth, Int32&amp; timeLeft)
   --- End of inner exception stack trace ---
   at Microsoft.VisualStudio.TestTools.UITesting.Playback.MapControlNotFoundException(COMException ex, IPlaybackContext context)
   at Microsoft.VisualStudio.TestTools.UITesting.Playback.MapAndThrowComException(COMException innerException, IPlaybackContext context)
   at Microsoft.VisualStudio.TestTools.UITesting.Playback.MapAndThrowException(SystemException exception, IPlaybackContext context)
   at Microsoft.VisualStudio.TestTools.UITesting.Playback.MapAndThrowException(SystemException exception, String queryId)
   at Microsoft.VisualStudio.TestTools.UITesting.UITestControl.FindFirstDescendant(String queryId, Int32 maxDepth, Int32&amp; timeLeft)
   at Microsoft.VisualStudio.TestTools.UITesting.SearchHelper.GetUITestControlRecursive(Boolean useCache, Boolean alwaysSearch, ISearchArgument searchArg, IList`1 windowTitles, Int32&amp; timeLeft)
   at Microsoft.VisualStudio.TestTools.UITesting.SearchHelper.GetElement(Boolean useCache, ISearchArgument searchArg)
   at Microsoft.VisualStudio.TestTools.UITesting.SearchHelper.Search(ISearchArgument searchArg)
   at Microsoft.VisualStudio.TestTools.UITesting.UITestControl.FindInternal()
   at Microsoft.VisualStudio.TestTools.UITesting.UITestControl.&lt;Find&gt;b__3a()
   at Microsoft.VisualStudio.TestTools.UITesting.CodedUITestMethodInvoker.InvokeMethod[T](Func`1 function, UITestControl control, Boolean firePlaybackErrorEvent, Boolean logAsAction)
   at Microsoft.VisualStudio.TestTools.UITesting.UITestControl.Find()
   at Microsoft.VisualStudio.TestTools.UITesting.UITestControl.GetPropertyPrivate(String propertyName)
   at Microsoft.VisualStudio.TestTools.UITesting.UITestControl.GetPropertyOfType[T](String propertyName)
   at Microsoft.VisualStudio.TestTools.UITesting.UITestControl.get_Name()
   at TestAuto.LoggingAndSharedGenericMethods.MouseClick(UITestControl uiMenuItemTestControl) in c:\Builds\1\WebSphere\QATestAutomation\src\CodedUITest\SourceCode\Common\Logging\SharedMethods_Generic.cs:line 790, 
    StackTrace:
    MouseClick(),SharedMethods_Generic.cs,Line Number:822
    UserRegistrationSubmit(),SharedUserRegistration.cs,Line Number:851
    CrossSiteScriptingUserRegistrationMyAccount(),CrossSiteScripting.cs,Line Number:253[5/14/2018 11:30:07 PM]&lt;CaptureImage&gt;\\CMP01-YKumar\AutoLog\CMP01-YKUMAR\CrossSiteScriptingUserRegistrationMyAccount_20180514233007.png[5/14/2018 11:30:10 PM]&lt;FAIL&gt;&lt;CrossSiteScriptingUserRegistrationMyAccount&gt;&lt;Invalid character errors message appears&gt;.Assert.AreEqual failed. Expected:&lt;True&gt;. Actual:&lt;False&gt;. 
    StackTrace:
    ValidateToolTipTextForInvaildCharacters(),SharedCrossSiteScripting.cs,Line Number:112
    CrossSiteScriptingUserRegistrationMyAccount(),CrossSiteScripting.cs,Line Number:254[5/14/2018 11:30:10 PM]&lt;CaptureImage&gt;\\CMP01-YKumar\AutoLog\CMP01-YKUMAR\CrossSiteScriptingUserRegistrationMyAccount_20180514233010.png[5/14/2018 11:30:10 PM]&lt;Info&gt;AllBrowserWindow : Locating browser window...Assert.Fail failed. [5/14/2018 11:30:32 PM]&lt;Error&gt;AllBrowserWindow : failed executing ...Unable to find Windows Internet Explorer window with 'Register - Microsoft Internet Explorer provided by Horizon Hobby' in the title., 
    StackTrace:
    AllBrowserWindow(),SharedBorderFree.cs,Line Number:1037
    CrossSiteScriptingUserRegistrationMyAccount(),CrossSiteScripting.cs,Line Number:255[5/14/2018 11:30:32 PM]&lt;CaptureImage&gt;\\CMP01-YKumar\AutoLog\CMP01-YKUMAR\CrossSiteScriptingUserRegistrationMyAccount_20180514233032.pngAssert.Fail failed. [5/14/2018 11:30:38 PM]&lt;ERROR&gt;MouseClick Exception:Microsoft.VisualStudio.TestTools.UITest.Extension.UITestControlNotFoundException: The playback failed to find the control with the given search properties. Additional Details: 
TechnologyName:  'Web'
ControlType:  'Hyperlink'
TagName:  'A'
Id:  'SignInLink'
 Failed to find any control that matched the search condition Id='SignInLink' &amp;&amp; ControlType='Hyperlink' ---&gt; System.Runtime.InteropServices.COMException: Error HRESULT E_FAIL has been returned from a call to a COM component.
   at Microsoft.VisualStudio.TestTools.UITest.Playback.Engine.IScreenElement.FindAllDescendants(String bstrQueryId, Object&amp; pvarResKeys, Int32 cResKeys, Int32 nMaxDepth)
   at Microsoft.VisualStudio.TestTools.UITest.Playback.ScreenElement.FindAllScreenElement(String queryId, Int32 depth, Boolean singleQueryId, Boolean throwException, Boolean resetSkipStep)
   at Microsoft.VisualStudio.TestTools.UITest.Playback.ScreenElement.FindScreenElement(String queryId, Int32 depth, Boolean resetSkipStep)
   at Microsoft.VisualStudio.TestTools.UITesting.UITestControl.FindFirstDescendant(String queryId, Int32 maxDepth, Int32&amp; timeLeft)
   --- End of inner exception stack trace ---
   at Microsoft.VisualStudio.TestTools.UITesting.Playback.MapControlNotFoundException(COMException ex, IPlaybackContext context)
   at Microsoft.VisualStudio.TestTools.UITesting.Playback.MapAndThrowComException(COMException innerException, IPlaybackContext context)
   at Microsoft.VisualStudio.TestTools.UITesting.Playback.MapAndThrowException(SystemException exception, IPlaybackContext context)
   at Microsoft.VisualStudio.TestTools.UITesting.Playback.MapAndThrowException(SystemException exception, String queryId)
   at Microsoft.VisualStudio.TestTools.UITesting.UITestControl.FindFirstDescendant(String queryId, Int32 maxDepth, Int32&amp; timeLeft)
   at Microsoft.VisualStudio.TestTools.UITesting.SearchHelper.GetUITestControlRecursive(Boolean useCache, Boolean alwaysSearch, ISearchArgument searchArg, IList`1 windowTitles, Int32&amp; timeLeft)
   at Microsoft.VisualStudio.TestTools.UITesting.SearchHelper.GetElement(Boolean useCache, ISearchArgument searchArg)
   at Microsoft.VisualStudio.TestTools.UITesting.SearchHelper.Search(ISearchArgument searchArg)
   at Microsoft.VisualStudio.TestTools.UITesting.UITestControl.FindInternal()
   at Microsoft.VisualStudio.TestTools.UITesting.UITestControl.&lt;Find&gt;b__3a()
   at Microsoft.VisualStudio.TestTools.UITesting.CodedUITestMethodInvoker.InvokeMethod[T](Func`1 function, UITestControl control, Boolean firePlaybackErrorEvent, Boolean logAsAction)
   at Microsoft.VisualStudio.TestTools.UITesting.UITestControl.Find()
   at Microsoft.VisualStudio.TestTools.UITesting.UITestControl.GetPropertyPrivate(String propertyName)
   at Microsoft.VisualStudio.TestTools.UITesting.UITestControl.GetPropertyOfType[T](String propertyName)
   at Microsoft.VisualStudio.TestTools.UITesting.UITestControl.get_Name()
   at TestAuto.LoggingAndSharedGenericMethods.MouseClick(UITestControl uiMenuItemTestControl) in c:\Builds\1\WebSphere\QATestAutomation\src\CodedUITest\SourceCode\Common\Logging\SharedMethods_Generic.cs:line 790, 
    StackTrace:
    MouseClick(),SharedMethods_Generic.cs,Line Number:822
    ClickSignInAndRegister(),SharedUserRegistration.cs,Line Number:1065
    RegisterNewUser(),SharedUserRegistration.cs,Line Number:1157
    RegisterNewUser(),SharedUserRegistration.cs,Line Number:1171
    CrossSiteScriptingUserRegistrationMyAccount(),CrossSiteScripting.cs,Line Number:252[5/14/2018 11:30:38 PM]&lt;CaptureImage&gt;\\CMP01-YKumar\AutoLog\CMP01-YKUMAR\CrossSiteScriptingUserRegistrationMyAccount_20180514233038.png[5/14/2018 11:30:38 PM]&lt;INFO&gt;SurveyWindow : method executing ...[5/14/2018 11:30:40 PM]&lt;INFO&gt;ContinueOnCertificationErrorClickexecuting ...[5/14/2018 11:30:40 PM]&lt;Info&gt;DEAllBrowserWindow : Locating browser window...Assert.Fail failed. [5/14/2018 11:30:46 PM]&lt;ERROR&gt;ClickSignInAndRegister : failed executing ...The playback failed to find the control with the given search properties. Additional Details: 
TechnologyName:  'Web'
ControlType:  'Hyperlink'
TagName:  'A'
Class:  'button large logon_registerBtn'
 Failed to find any control that matched the search condition ControlType='Hyperlink' &amp;&amp; Class='button large logon_registerBtn', 
    StackTrace:
    ClickSignInAndRegister(),SharedUserRegistration.cs,Line Number:1083
    RegisterNewUser(),SharedUserRegistration.cs,Line Number:1157
    RegisterNewUser(),SharedUserRegistration.cs,Line Number:1171
    CrossSiteScriptingUserRegistrationMyAccount(),CrossSiteScripting.cs,Line Number:252[5/14/2018 11:30:46 PM]&lt;CaptureImage&gt;\\CMP01-YKumar\AutoLog\CMP01-YKUMAR\CrossSiteScriptingUserRegistrationMyAccount_20180514233046.png[5/14/2018 11:30:46 PM]&lt;INFO&gt;UserRegistration : method executing ...[5/14/2018 11:30:46 PM]&lt;Info&gt;AllBrowserWindow : Locating browser window...Assert.Fail failed. [5/14/2018 11:31:08 PM]&lt;Error&gt;AllBrowserWindow : failed executing ...Unable to find Windows Internet Explorer window with 'Register - Microsoft Internet Explorer provided by Horizon Hobby' in the title., 
    StackTrace:
    AllBrowserWindow(),SharedBorderFree.cs,Line Number:1037
    UserRegistration(),SharedUserRegistration.cs,Line Number:622
    RegisterNewUser(),SharedUserRegistration.cs,Line Number:1158
    RegisterNewUser(),SharedUserRegistration.cs,Line Number:1171
    CrossSiteScriptingUserRegistrationMyAccount(),CrossSiteScripting.cs,Line Number:252[5/14/2018 11:31:08 PM]&lt;CaptureImage&gt;\\CMP01-YKumar\AutoLog\CMP01-YKUMAR\CrossSiteScriptingUserRegistrationMyAccount_20180514233108.pngAssert.Fail failed. [5/14/2018 11:31:11 PM]&lt;ERROR&gt;UserRegistration : failed executing ...The playback failed to find the control with the given search properties. Additional Details: 
TechnologyName:  'Web'
ControlType:  'ComboBox'
TagName:  'SELECT'
Id:  'WC_UserRegistrationAddForm_AddressEntryForm_FormInput_country_1'
 Failed to find any control that matched the search condition Id='WC_UserRegistrationAddForm_AddressEntryForm_FormInput_country_1' &amp;&amp; ControlType='ComboBox', 
    StackTrace:
    UserRegistration(),SharedUserRegistration.cs,Line Number:836
    RegisterNewUser(),SharedUserRegistration.cs,Line Number:1158
    RegisterNewUser(),SharedUserRegistration.cs,Line Number:1171
    CrossSiteScriptingUserRegistrationMyAccount(),CrossSiteScripting.cs,Line Number:252[5/14/2018 11:31:11 PM]&lt;CaptureImage&gt;\\CMP01-YKumar\AutoLog\CMP01-YKUMAR\CrossSiteScriptingUserRegistrationMyAccount_20180514233111.png[5/14/2018 11:31:11 PM]&lt;INFO&gt;UserRegistrationSubmit : method executing ...[5/14/2018 11:31:11 PM]&lt;Info&gt;AllBrowserWindow : Locating browser window...Assert.Fail failed. [5/14/2018 11:31:33 PM]&lt;Error&gt;AllBrowserWindow : failed executing ...Unable to find Windows Internet Explorer window with 'Register - Microsoft Internet Explorer provided by Horizon Hobby' in the title., 
    StackTrace:
    AllBrowserWindow(),SharedBorderFree.cs,Line Number:1037
    UserRegistrationSubmit(),SharedUserRegistration.cs,Line Number:847
    CrossSiteScriptingUserRegistrationMyAccount(),CrossSiteScripting.cs,Line Number:253[5/14/2018 11:31:33 PM]&lt;CaptureImage&gt;\\CMP01-YKumar\AutoLog\CMP01-YKUMAR\CrossSiteScriptingUserRegistrationMyAccount_20180514233133.pngAssert.Fail failed. [5/14/2018 11:31:39 PM]&lt;ERROR&gt;MouseClick Exception:Microsoft.VisualStudio.TestTools.UITest.Extension.UITestControlNotFoundException: The playback failed to find the control with the given search properties. Additional Details: 
TechnologyName:  'Web'
ControlType:  'Hyperlink'
TagName:  'A'
Id:  'WC_UserRegistrationAddForm_links_1'
 Failed to find any control that matched the search condition Id='WC_UserRegistrationAddForm_links_1' &amp;&amp; ControlType='Hyperlink' ---&gt; System.Runtime.InteropServices.COMException: Error HRESULT E_FAIL has been returned from a call to a COM component.
   at Microsoft.VisualStudio.TestTools.UITest.Playback.Engine.IScreenElement.FindAllDescendants(String bstrQueryId, Object&amp; pvarResKeys, Int32 cResKeys, Int32 nMaxDepth)
   at Microsoft.VisualStudio.TestTools.UITest.Playback.ScreenElement.FindAllScreenElement(String queryId, Int32 depth, Boolean singleQueryId, Boolean throwException, Boolean resetSkipStep)
   at Microsoft.VisualStudio.TestTools.UITest.Playback.ScreenElement.FindScreenElement(String queryId, Int32 depth, Boolean resetSkipStep)
   at Microsoft.VisualStudio.TestTools.UITesting.UITestControl.FindFirstDescendant(String queryId, Int32 maxDepth, Int32&amp; timeLeft)
   --- End of inner exception stack trace ---
   at Microsoft.VisualStudio.TestTools.UITesting.Playback.MapControlNotFoundException(COMException ex, IPlaybackContext context)
   at Microsoft.VisualStudio.TestTools.UITesting.Playback.MapAndThrowComException(COMException innerException, IPlaybackContext context)
   at Microsoft.VisualStudio.TestTools.UITesting.Playback.MapAndThrowException(SystemException exception, IPlaybackContext context)
   at Microsoft.VisualStudio.TestTools.UITesting.Playback.MapAndThrowException(SystemException exception, String queryId)
   at Microsoft.VisualStudio.TestTools.UITesting.UITestControl.FindFirstDescendant(String queryId, Int32 maxDepth, Int32&amp; timeLeft)
   at Microsoft.VisualStudio.TestTools.UITesting.SearchHelper.GetUITestControlRecursive(Boolean useCache, Boolean alwaysSearch, ISearchArgument searchArg, IList`1 windowTitles, Int32&amp; timeLeft)
   at Microsoft.VisualStudio.TestTools.UITesting.SearchHelper.GetElement(Boolean useCache, ISearchArgument searchArg)
   at Microsoft.VisualStudio.TestTools.UITesting.SearchHelper.Search(ISearchArgument searchArg)
   at Microsoft.VisualStudio.TestTools.UITesting.UITestControl.FindInternal()
   at Microsoft.VisualStudio.TestTools.UITesting.UITestControl.&lt;Find&gt;b__3a()
   at Microsoft.VisualStudio.TestTools.UITesting.CodedUITestMethodInvoker.InvokeMethod[T](Func`1 function, UITestControl control, Boolean firePlaybackErrorEvent, Boolean logAsAction)
   at Microsoft.VisualStudio.TestTools.UITesting.UITestControl.Find()
   at Microsoft.VisualStudio.TestTools.UITesting.UITestControl.GetPropertyPrivate(String propertyName)
   at Microsoft.VisualStudio.TestTools.UITesting.UITestControl.GetPropertyOfType[T](String propertyName)
   at Microsoft.VisualStudio.TestTools.UITesting.UITestControl.get_Name()
   at TestAuto.LoggingAndSharedGenericMethods.MouseClick(UITestControl uiMenuItemTestControl) in c:\Builds\1\WebSphere\QATestAutomation\src\CodedUITest\SourceCode\Common\Logging\SharedMethods_Generic.cs:line 790, 
    StackTrace:
    MouseClick(),SharedMethods_Generic.cs,Line Number:822
    UserRegistrationSubmit(),SharedUserRegistration.cs,Line Number:851
    CrossSiteScriptingUserRegistrationMyAccount(),CrossSiteScripting.cs,Line Number:253[5/14/2018 11:31:39 PM]&lt;CaptureImage&gt;\\CMP01-YKumar\AutoLog\CMP01-YKUMAR\CrossSiteScriptingUserRegistrationMyAccount_20180514233139.png[5/14/2018 11:31:41 PM]&lt;FAIL&gt;&lt;CrossSiteScriptingUserRegistrationMyAccount&gt;&lt;Invalid character errors message appears&gt;.Assert.AreEqual failed. Expected:&lt;True&gt;. Actual:&lt;False&gt;. 
    StackTrace:
    ValidateToolTipTextForInvaildCharacters(),SharedCrossSiteScripting.cs,Line Number:112
    CrossSiteScriptingUserRegistrationMyAccount(),CrossSiteScripting.cs,Line Number:254[5/14/2018 11:31:41 PM]&lt;CaptureImage&gt;\\CMP01-YKumar\AutoLog\CMP01-YKUMAR\CrossSiteScriptingUserRegistrationMyAccount_20180514233141.png[5/14/2018 11:31:41 PM]&lt;Info&gt;AllBrowserWindow : Locating browser window...Assert.Fail failed. [5/14/2018 11:32:04 PM]&lt;Error&gt;AllBrowserWindow : failed executing ...Unable to find Windows Internet Explorer window with 'Register - Microsoft Internet Explorer provided by Horizon Hobby' in the title., 
    StackTrace:
    AllBrowserWindow(),SharedBorderFree.cs,Line Number:1037
    CrossSiteScriptingUserRegistrationMyAccount(),CrossSiteScripting.cs,Line Number:255[5/14/2018 11:32:04 PM]&lt;CaptureImage&gt;\\CMP01-YKumar\AutoLog\CMP01-YKUMAR\CrossSiteScriptingUserRegistrationMyAccount_20180514233204.png[5/14/2018 11:32:06 PM]&lt;PASS&gt;&lt;EnterNonPermittedCharacters&gt;&lt;Edit Box does not takes special character &lt; as input&gt;[5/14/2018 11:32:09 PM]&lt;PASS&gt;&lt;EnterNonPermittedCharacters&gt;&lt;Edit Box does not takes special character &gt; as input&gt;[5/14/2018 11:32:12 PM]&lt;PASS&gt;&lt;EnterNonPermittedCharacters&gt;&lt;Edit Box does not takes special character &amp; as input&gt;[5/14/2018 11:32:14 PM]&lt;PASS&gt;&lt;EnterNonPermittedCharacters&gt;&lt;Edit Box does not takes special character ( as input&gt;[5/14/2018 11:32:17 PM]&lt;PASS&gt;&lt;EnterNonPermittedCharacters&gt;&lt;Edit Box does not takes special character ) as input&gt;Assert.Fail failed. [5/14/2018 11:32:22 PM]&lt;ERROR&gt;MouseClick Exception:Microsoft.VisualStudio.TestTools.UITest.Extension.UITestControlNotFoundException: The playback failed to find the control with the given search properties. Additional Details: 
TechnologyName:  'Web'
ControlType:  'Hyperlink'
TagName:  'A'
Id:  'SignInLink'
 Failed to find any control that matched the search condition Id='SignInLink' &amp;&amp; ControlType='Hyperlink' ---&gt; System.Runtime.InteropServices.COMException: Error HRESULT E_FAIL has been returned from a call to a COM component.
   at Microsoft.VisualStudio.TestTools.UITest.Playback.Engine.IScreenElement.FindAllDescendants(String bstrQueryId, Object&amp; pvarResKeys, Int32 cResKeys, Int32 nMaxDepth)
   at Microsoft.VisualStudio.TestTools.UITest.Playback.ScreenElement.FindAllScreenElement(String queryId, Int32 depth, Boolean singleQueryId, Boolean throwException, Boolean resetSkipStep)
   at Microsoft.VisualStudio.TestTools.UITest.Playback.ScreenElement.FindScreenElement(String queryId, Int32 depth, Boolean resetSkipStep)
   at Microsoft.VisualStudio.TestTools.UITesting.UITestControl.FindFirstDescendant(String queryId, Int32 maxDepth, Int32&amp; timeLeft)
   --- End of inner exception stack trace ---
   at Microsoft.VisualStudio.TestTools.UITesting.Playback.MapControlNotFoundException(COMException ex, IPlaybackContext context)
   at Microsoft.VisualStudio.TestTools.UITesting.Playback.MapAndThrowComException(COMException innerException, IPlaybackContext context)
   at Microsoft.VisualStudio.TestTools.UITesting.Playback.MapAndThrowException(SystemException exception, IPlaybackContext context)
   at Microsoft.VisualStudio.TestTools.UITesting.Playback.MapAndThrowException(SystemException exception, String queryId)
   at Microsoft.VisualStudio.TestTools.UITesting.UITestControl.FindFirstDescendant(String queryId, Int32 maxDepth, Int32&amp; timeLeft)
   at Microsoft.VisualStudio.TestTools.UITesting.SearchHelper.GetUITestControlRecursive(Boolean useCache, Boolean alwaysSearch, ISearchArgument searchArg, IList`1 windowTitles, Int32&amp; timeLeft)
   at Microsoft.VisualStudio.TestTools.UITesting.SearchHelper.GetElement(Boolean useCache, ISearchArgument searchArg)
   at Microsoft.VisualStudio.TestTools.UITesting.SearchHelper.Search(ISearchArgument searchArg)
   at Microsoft.VisualStudio.TestTools.UITesting.UITestControl.FindInternal()
   at Microsoft.VisualStudio.TestTools.UITesting.UITestControl.&lt;Find&gt;b__3a()
   at Microsoft.VisualStudio.TestTools.UITesting.CodedUITestMethodInvoker.InvokeMethod[T](Func`1 function, UITestControl control, Boolean firePlaybackErrorEvent, Boolean logAsAction)
   at Microsoft.VisualStudio.TestTools.UITesting.UITestControl.Find()
   at Microsoft.VisualStudio.TestTools.UITesting.UITestControl.GetPropertyPrivate(String propertyName)
   at Microsoft.VisualStudio.TestTools.UITesting.UITestControl.GetPropertyOfType[T](String propertyName)
   at Microsoft.VisualStudio.TestTools.UITesting.UITestControl.get_Name()
   at TestAuto.LoggingAndSharedGenericMethods.MouseClick(UITestControl uiMenuItemTestControl) in c:\Builds\1\WebSphere\QATestAutomation\src\CodedUITest\SourceCode\Common\Logging\SharedMethods_Generic.cs:line 790, 
    StackTrace:
    MouseClick(),SharedMethods_Generic.cs,Line Number:822
    ClickSignInAndRegister(),SharedUserRegistration.cs,Line Number:1065
    RegisterNewUser(),SharedUserRegistration.cs,Line Number:1157
    RegisterNewUser(),SharedUserRegistration.cs,Line Number:1171
    CrossSiteScriptingUserRegistrationMyAccount(),CrossSiteScripting.cs,Line Number:262[5/14/2018 11:32:22 PM]&lt;CaptureImage&gt;\\CMP01-YKumar\AutoLog\CMP01-YKUMAR\CrossSiteScriptingUserRegistrationMyAccount_20180514233222.png[5/14/2018 11:32:22 PM]&lt;INFO&gt;SurveyWindow : method executing ...[5/14/2018 11:32:25 PM]&lt;INFO&gt;ContinueOnCertificationErrorClickexecuting ...[5/14/2018 11:32:25 PM]&lt;Info&gt;DEAllBrowserWindow : Locating browser window...Assert.Fail failed. [5/14/2018 11:32:30 PM]&lt;ERROR&gt;ClickSignInAndRegister : failed executing ...The playback failed to find the control with the given search properties. Additional Details: 
TechnologyName:  'Web'
ControlType:  'Hyperlink'
TagName:  'A'
Class:  'button large logon_registerBtn'
 Failed to find any control that matched the search condition ControlType='Hyperlink' &amp;&amp; Class='button large logon_registerBtn', 
    StackTrace:
    ClickSignInAndRegister(),SharedUserRegistration.cs,Line Number:1083
    RegisterNewUser(),SharedUserRegistration.cs,Line Number:1157
    RegisterNewUser(),SharedUserRegistration.cs,Line Number:1171
    CrossSiteScriptingUserRegistrationMyAccount(),CrossSiteScripting.cs,Line Number:262[5/14/2018 11:32:30 PM]&lt;CaptureImage&gt;\\CMP01-YKumar\AutoLog\CMP01-YKUMAR\CrossSiteScriptingUserRegistrationMyAccount_20180514233230.png[5/14/2018 11:32:30 PM]&lt;INFO&gt;UserRegistration : method executing ...[5/14/2018 11:32:30 PM]&lt;Info&gt;AllBrowserWindow : Locating browser window...Assert.Fail failed. [5/14/2018 11:32:53 PM]&lt;Error&gt;AllBrowserWindow : failed executing ...Unable to find Windows Internet Explorer window with 'Register - Microsoft Internet Explorer provided by Horizon Hobby' in the title., 
    StackTrace:
    AllBrowserWindow(),SharedBorderFree.cs,Line Number:1037
    UserRegistration(),SharedUserRegistration.cs,Line Number:622
    RegisterNewUser(),SharedUserRegistration.cs,Line Number:1158
    RegisterNewUser(),SharedUserRegistration.cs,Line Number:1171
    CrossSiteScriptingUserRegistrationMyAccount(),CrossSiteScripting.cs,Line Number:262[5/14/2018 11:32:53 PM]&lt;CaptureImage&gt;\\CMP01-YKumar\AutoLog\CMP01-YKUMAR\CrossSiteScriptingUserRegistrationMyAccount_20180514233253.pngAssert.Fail failed. [5/14/2018 11:32:55 PM]&lt;ERROR&gt;UserRegistration : failed executing ...The playback failed to find the control with the given search properties. Additional Details: 
TechnologyName:  'Web'
ControlType:  'ComboBox'
TagName:  'SELECT'
Id:  'WC_UserRegistrationAddForm_AddressEntryForm_FormInput_country_1'
 Failed to find any control that matched the search condition Id='WC_UserRegistrationAddForm_AddressEntryForm_FormInput_country_1' &amp;&amp; ControlType='ComboBox', 
    StackTrace:
    UserRegistration(),SharedUserRegistration.cs,Line Number:836
    RegisterNewUser(),SharedUserRegistration.cs,Line Number:1158
    RegisterNewUser(),SharedUserRegistration.cs,Line Number:1171
    CrossSiteScriptingUserRegistrationMyAccount(),CrossSiteScripting.cs,Line Number:262[5/14/2018 11:32:55 PM]&lt;CaptureImage&gt;\\CMP01-YKumar\AutoLog\CMP01-YKUMAR\CrossSiteScriptingUserRegistrationMyAccount_20180514233255.png[5/14/2018 11:32:55 PM]&lt;Info&gt;AllBrowserWindow : Locating browser window...Assert.Fail failed. [5/14/2018 11:33:18 PM]&lt;Error&gt;AllBrowserWindow : failed executing ...Unable to find Windows Internet Explorer window with 'My Account - Microsoft Internet Explorer provided by Horizon Hobby' in the title., 
    StackTrace:
    AllBrowserWindow(),SharedBorderFree.cs,Line Number:1037
    CrossSiteScriptingUserRegistrationMyAccount(),CrossSiteScripting.cs,Line Number:264[5/14/2018 11:33:18 PM]&lt;CaptureImage&gt;\\CMP01-YKumar\AutoLog\CMP01-YKUMAR\CrossSiteScriptingUserRegistrationMyAccount_20180514233318.pngAssert.Fail failed. [5/14/2018 11:33:23 PM]&lt;ERROR&gt;MouseClick Exception:Microsoft.VisualStudio.TestTools.UITest.Extension.UITestControlNotFoundException: The playback failed to find the control with the given search properties. Additional Details: 
TechnologyName:  'Web'
ControlType:  'Hyperlink'
TagName:  'A'
Id:  'WC_MyAccountCenterLinkDisplay_inputs_1'
 Failed to find any control that matched the search condition Id='WC_MyAccountCenterLinkDisplay_inputs_1' &amp;&amp; ControlType='Hyperlink' ---&gt; System.Runtime.InteropServices.COMException: Error HRESULT E_FAIL has been returned from a call to a COM component.
   at Microsoft.VisualStudio.TestTools.UITest.Playback.Engine.IScreenElement.FindAllDescendants(String bstrQueryId, Object&amp; pvarResKeys, Int32 cResKeys, Int32 nMaxDepth)
   at Microsoft.VisualStudio.TestTools.UITest.Playback.ScreenElement.FindAllScreenElement(String queryId, Int32 depth, Boolean singleQueryId, Boolean throwException, Boolean resetSkipStep)
   at Microsoft.VisualStudio.TestTools.UITest.Playback.ScreenElement.FindScreenElement(String queryId, Int32 depth, Boolean resetSkipStep)
   at Microsoft.VisualStudio.TestTools.UITesting.UITestControl.FindFirstDescendant(String queryId, Int32 maxDepth, Int32&amp; timeLeft)
   --- End of inner exception stack trace ---
   at Microsoft.VisualStudio.TestTools.UITesting.Playback.MapControlNotFoundException(COMException ex, IPlaybackContext context)
   at Microsoft.VisualStudio.TestTools.UITesting.Playback.MapAndThrowComException(COMException innerException, IPlaybackContext context)
   at Microsoft.VisualStudio.TestTools.UITesting.Playback.MapAndThrowException(SystemException exception, IPlaybackContext context)
   at Microsoft.VisualStudio.TestTools.UITesting.Playback.MapAndThrowException(SystemException exception, String queryId)
   at Microsoft.VisualStudio.TestTools.UITesting.UITestControl.FindFirstDescendant(String queryId, Int32 maxDepth, Int32&amp; timeLeft)
   at Microsoft.VisualStudio.TestTools.UITesting.SearchHelper.GetUITestControlRecursive(Boolean useCache, Boolean alwaysSearch, ISearchArgument searchArg, IList`1 windowTitles, Int32&amp; timeLeft)
   at Microsoft.VisualStudio.TestTools.UITesting.SearchHelper.GetElement(Boolean useCache, ISearchArgument searchArg)
   at Microsoft.VisualStudio.TestTools.UITesting.SearchHelper.Search(ISearchArgument searchArg)
   at Microsoft.VisualStudio.TestTools.UITesting.UITestControl.FindInternal()
   at Microsoft.VisualStudio.TestTools.UITesting.UITestControl.&lt;Find&gt;b__3a()
   at Microsoft.VisualStudio.TestTools.UITesting.CodedUITestMethodInvoker.InvokeMethod[T](Func`1 function, UITestControl control, Boolean firePlaybackErrorEvent, Boolean logAsAction)
   at Microsoft.VisualStudio.TestTools.UITesting.UITestControl.Find()
   at Microsoft.VisualStudio.TestTools.UITesting.UITestControl.GetPropertyPrivate(String propertyName)
   at Microsoft.VisualStudio.TestTools.UITesting.UITestControl.GetPropertyOfType[T](String propertyName)
   at Microsoft.VisualStudio.TestTools.UITesting.UITestControl.get_Name()
   at TestAuto.LoggingAndSharedGenericMethods.MouseClick(UITestControl uiMenuItemTestControl) in c:\Builds\1\WebSphere\QATestAutomation\src\CodedUITest\SourceCode\Common\Logging\SharedMethods_Generic.cs:line 790, 
    StackTrace:
    MouseClick(),SharedMethods_Generic.cs,Line Number:822
    CrossSiteScriptingUserRegistrationMyAccount(),CrossSiteScripting.cs,Line Number:267[5/14/2018 11:33:23 PM]&lt;CaptureImage&gt;\\CMP01-YKumar\AutoLog\CMP01-YKUMAR\CrossSiteScriptingUserRegistrationMyAccount_20180514233323.png[5/14/2018 11:33:23 PM]&lt;Info&gt;AllBrowserWindow : Locating browser window...Assert.Fail failed. [5/14/2018 11:33:46 PM]&lt;Error&gt;AllBrowserWindow : failed executing ...Unable to find Windows Internet Explorer window with 'Account Information - Microsoft Internet Explorer provided by Horizon Hobby' in the title., 
    StackTrace:
    AllBrowserWindow(),SharedBorderFree.cs,Line Number:1037
    CrossSiteScriptingUserRegistrationMyAccount(),CrossSiteScripting.cs,Line Number:269[5/14/2018 11:33:46 PM]&lt;CaptureImage&gt;\\CMP01-YKumar\AutoLog\CMP01-YKUMAR\CrossSiteScriptingUserRegistrationMyAccount_20180514233346.pngAssert.Fail failed. [5/14/2018 11:33:48 PM]&lt;Error&gt;CrossSiteScriptingUserRegistrationMyAccount : failed executing ...The playback failed to find the control with the given search properties. Additional Details: 
TechnologyName:  'Web'
ControlType:  'Edit'
TagName:  'INPUT'
Id:  'WC_UserRegistrationUpdateForm_FormInput_email_In_Register_1'
 Failed to find any control that matched the search condition ControlType='Edit' &amp;&amp; Id=&gt;'WC_UserRegistrationUpdateForm_FormInput_email_In_Register_1', 
    StackTrace:
    CrossSiteScriptingUserRegistrationMyAccount(),CrossSiteScripting.cs,Line Number:315[5/14/2018 11:33:48 PM]&lt;CaptureImage&gt;\\CMP01-YKumar\AutoLog\CMP01-YKUMAR\CrossSiteScriptingUserRegistrationMyAccount_20180514233348.png[5/14/2018 11:33:48 PM]&lt;RESULT&gt;Test Ended:#PASS=6, #FAIL=4,#Other errors=34[5/14/2018 11:33:49 PM]&lt;INFO&gt;LogCPUAndMemoryUsage: Available Memory = 25305(MB), CPU Usage = 19.26948%[5/14/2018 11:33:49 PM]&lt;INFO&gt;Private Working Set for QTAgent32_40, usage=243880 (K)[5/14/2018 11:33:49 PM]&lt;RESULT&gt;&lt;CrossSiteScriptingUserRegistrationMyAccount&gt; Test FAILED: Actual #FAIL=4, #Expected FAIL=0
#Other errors=34. See Error Message/logs for further details.</StdOut>
        <ErrorInfo>
          <Message>Assert.Fail failed. 
Actual #FAIL=4, #Expected FAIL=0
#Other errors=34
[Error details below]
&lt;ERROR&gt;[5/14/2018 11:26:34 PM]&lt;Error&gt;AllBrowserWindow : failed executing ...Unable to find Windows Internet Explorer window with 'Register - Microsoft Internet Explorer provided by Horizon Hobby' in the title.
&lt;ERROR&gt;[5/14/2018 11:26:37 PM]&lt;ERROR&gt;UserRegistration : failed executing ...The playback failed to find the control with the given search properties. Additional Details: 
TechnologyName:  'Web'
ControlType:  'ComboBox'
TagName:  'SELECT'
Id:  'WC_UserRegistrationAddForm_AddressEntryForm_FormInput_country_1'
 Failed to find any control that matched the search condition Id='WC_UserRegistrationAddForm_AddressEntryForm_FormInput_country_1' &amp;&amp; ControlType='ComboBox'
&lt;ERROR&gt;[5/14/2018 11:26:59 PM]&lt;Error&gt;AllBrowserWindow : failed executing ...Unable to find Windows Internet Explorer window with 'Register - Microsoft Internet Explorer provided by Horizon Hobby' in the title.
&lt;ERROR&gt;[5/14/2018 11:27:04 PM]&lt;ERROR&gt;MouseClick Exception:Microsoft.VisualStudio.TestTools.UITest.Extension.UITestControlNotFoundException: The playback failed to find the control with the given search properties. Additional Details: 
TechnologyName:  'Web'
ControlType:  'Hyperlink'
TagName:  'A'
Id:  'WC_UserRegistrationAddForm_links_1'
 Failed to find any control that matched the search condition Id='WC_UserRegistrationAddForm_links_1' &amp;&amp; ControlType='Hyperlink' ---&gt; System.Runtime.InteropServices.COMException: Error HRESULT E_FAIL has been returned from a call to a COM component.
   at Microsoft.VisualStudio.TestTools.UITest.Playback.Engine.IScreenElement.FindAllDescendants(String bstrQueryId, Object&amp; pvarResKeys, Int32 cResKeys, Int32 nMaxDepth)
   at Microsoft.VisualStudio.TestTools.UITest.Playback.ScreenElement.FindAllScreenElement(String queryId, Int32 depth, Boolean singleQueryId, Boolean throwException, Boolean resetSkipStep)
   at Microsoft.VisualStudio.TestTools.UITest.Playback.ScreenElement.FindScreenElement(String queryId, Int32 depth, Boolean resetSkipStep)
   at Microsoft.VisualStudio.TestTools.UITesting.UITestControl.FindFirstDescendant(String queryId, Int32 maxDepth, Int32&amp; timeLeft)
   --- End of inner exception stack trace ---
   at Microsoft.VisualStudio.TestTools.UITesting.Playback.MapControlNotFoundException(COMException ex, IPlaybackContext context)
   at Microsoft.VisualStudio.TestTools.UITesting.Playback.MapAndThrowComException(COMException innerException, IPlaybackContext context)
   at Microsoft.VisualStudio.TestTools.UITesting.Playback.MapAndThrowException(SystemException exception, IPlaybackContext context)
   at Microsoft.VisualStudio.TestTools.UITesting.Playback.MapAndThrowException(SystemException exception, String queryId)
   at Microsoft.VisualStudio.TestTools.UITesting.UITestControl.FindFirstDescendant(String queryId, Int32 maxDepth, Int32&amp; timeLeft)
   at Microsoft.VisualStudio.TestTools.UITesting.SearchHelper.GetUITestControlRecursive(Boolean useCache, Boolean alwaysSearch, ISearchArgument searchArg, IList`1 windowTitles, Int32&amp; timeLeft)
   at Microsoft.VisualStudio.TestTools.UITesting.SearchHelper.GetElement(Boolean useCache, ISearchArgument searchArg)
   at Microsoft.VisualStudio.TestTools.UITesting.SearchHelper.Search(ISearchArgument searchArg)
   at Microsoft.VisualStudio.TestTools.UITesting.UITestControl.FindInternal()
   at Microsoft.VisualStudio.TestTools.UITesting.UITestControl.&lt;Find&gt;b__3a()
   at Microsoft.VisualStudio.TestTools.UITesting.CodedUITestMethodInvoker.InvokeMethod[T](Func`1 function, UITestControl control, Boolean firePlaybackErrorEvent, Boolean logAsAction)
   at Microsoft.VisualStudio.TestTools.UITesting.UITestControl.Find()
   at Microsoft.VisualStudio.TestTools.UITesting.UITestControl.GetPropertyPrivate(String propertyName)
   at Microsoft.VisualStudio.TestTools.UITesting.UITestControl.GetPropertyOfType[T](String propertyName)
   at Microsoft.VisualStudio.TestTools.UITesting.UITestControl.get_Name()
   at TestAuto.LoggingAndSharedGenericMethods.MouseClick(UITestControl uiMenuItemTestControl) in c:\Builds\1\WebSphere\QATestAutomation\src\CodedUITest\SourceCode\Common\Logging\SharedMethods_Generic.cs:line 790
&lt;FAIL&gt;&lt;CrossSiteScriptingUserRegistrationMyAccount&gt;&lt;Invalid character errors message appears&gt;.Assert.AreEqual failed. Expected:&lt;True&gt;. Actual:&lt;False&gt;. 
    StackTrace:
    ValidateToolTipTextForInvaildCharacters(),SharedCrossSiteScripting.cs,Line Number:112
    CrossSiteScriptingUserRegistrationMyAccount(),CrossSiteScripting.cs,Line Number:254
&lt;ERROR&gt;[5/14/2018 11:27:29 PM]&lt;Error&gt;AllBrowserWindow : failed executing ...Unable to find Windows Internet Explorer window with 'Register - Microsoft Internet Explorer provided by Horizon Hobby' in the title.
&lt;ERROR&gt;[5/14/2018 11:27:35 PM]&lt;ERROR&gt;MouseClick Exception:Microsoft.VisualStudio.TestTools.UITest.Extension.UITestControlNotFoundException: The playback failed to find the control with the given search properties. Additional Details: 
TechnologyName:  'Web'
ControlType:  'Hyperlink'
TagName:  'A'
Id:  'SignInLink'
 Failed to find any control that matched the search condition Id='SignInLink' &amp;&amp; ControlType='Hyperlink' ---&gt; System.Runtime.InteropServices.COMException: Error HRESULT E_FAIL has been returned from a call to a COM component.
   at Microsoft.VisualStudio.TestTools.UITest.Playback.Engine.IScreenElement.FindAllDescendants(String bstrQueryId, Object&amp; pvarResKeys, Int32 cResKeys, Int32 nMaxDepth)
   at Microsoft.VisualStudio.TestTools.UITest.Playback.ScreenElement.FindAllScreenElement(String queryId, Int32 depth, Boolean singleQueryId, Boolean throwException, Boolean resetSkipStep)
   at Microsoft.VisualStudio.TestTools.UITest.Playback.ScreenElement.FindScreenElement(String queryId, Int32 depth, Boolean resetSkipStep)
   at Microsoft.VisualStudio.TestTools.UITesting.UITestControl.FindFirstDescendant(String queryId, Int32 maxDepth, Int32&amp; timeLeft)
   --- End of inner exception stack trace ---
   at Microsoft.VisualStudio.TestTools.UITesting.Playback.MapControlNotFoundException(COMException ex, IPlaybackContext context)
   at Microsoft.VisualStudio.TestTools.UITesting.Playback.MapAndThrowComException(COMException innerException, IPlaybackContext context)
   at Microsoft.VisualStudio.TestTools.UITesting.Playback.MapAndThrowException(SystemException exception, IPlaybackContext context)
   at Microsoft.VisualStudio.TestTools.UITesting.Playback.MapAndThrowException(SystemException exception, String queryId)
   at Microsoft.VisualStudio.TestTools.UITesting.UITestControl.FindFirstDescendant(String queryId, Int32 maxDepth, Int32&amp; timeLeft)
   at Microsoft.VisualStudio.TestTools.UITesting.SearchHelper.GetUITestControlRecursive(Boolean useCache, Boolean alwaysSearch, ISearchArgument searchArg, IList`1 windowTitles, Int32&amp; timeLeft)
   at Microsoft.VisualStudio.TestTools.UITesting.SearchHelper.GetElement(Boolean useCache, ISearchArgument searchArg)
   at Microsoft.VisualStudio.TestTools.UITesting.SearchHelper.Search(ISearchArgument searchArg)
   at Microsoft.VisualStudio.TestTools.UITesting.UITestControl.FindInternal()
   at Microsoft.VisualStudio.TestTools.UITesting.UITestControl.&lt;Find&gt;b__3a()
   at Microsoft.VisualStudio.TestTools.UITesting.CodedUITestMethodInvoker.InvokeMethod[T](Func`1 function, UITestControl control, Boolean firePlaybackErrorEvent, Boolean logAsAction)
   at Microsoft.VisualStudio.TestTools.UITesting.UITestControl.Find()
   at Microsoft.VisualStudio.TestTools.UITesting.UITestControl.GetPropertyPrivate(String propertyName)
   at Microsoft.VisualStudio.TestTools.UITesting.UITestControl.GetPropertyOfType[T](String propertyName)
   at Microsoft.VisualStudio.TestTools.UITesting.UITestControl.get_Name()
   at TestAuto.LoggingAndSharedGenericMethods.MouseClick(UITestControl uiMenuItemTestControl) in c:\Builds\1\WebSphere\QATestAutomation\src\CodedUITest\SourceCode\Common\Logging\SharedMethods_Generic.cs:line 790
&lt;ERROR&gt;[5/14/2018 11:27:43 PM]&lt;ERROR&gt;ClickSignInAndRegister : failed executing ...The playback failed to find the control with the given search properties. Additional Details: 
TechnologyName:  'Web'
ControlType:  'Hyperlink'
TagName:  'A'
Class:  'button large logon_registerBtn'
 Failed to find any control that matched the search condition ControlType='Hyperlink' &amp;&amp; Class='button large logon_registerBtn'
&lt;ERROR&gt;[5/14/2018 11:28:05 PM]&lt;Error&gt;AllBrowserWindow : failed executing ...Unable to find Windows Internet Explorer window with 'Register - Microsoft Internet Explorer provided by Horizon Hobby' in the title.
&lt;ERROR&gt;[5/14/2018 11:28:08 PM]&lt;ERROR&gt;UserRegistration : failed executing ...The playback failed to find the control with the given search properties. Additional Details: 
TechnologyName:  'Web'
ControlType:  'ComboBox'
TagName:  'SELECT'
Id:  'WC_UserRegistrationAddForm_AddressEntryForm_FormInput_country_1'
 Failed to find any control that matched the search condition Id='WC_UserRegistrationAddForm_AddressEntryForm_FormInput_country_1' &amp;&amp; ControlType='ComboBox'
&lt;ERROR&gt;[5/14/2018 11:28:30 PM]&lt;Error&gt;AllBrowserWindow : failed executing ...Unable to find Windows Internet Explorer window with 'Register - Microsoft Internet Explorer provided by Horizon Hobby' in the title.
&lt;ERROR&gt;[5/14/2018 11:28:36 PM]&lt;ERROR&gt;MouseClick Exception:Microsoft.VisualStudio.TestTools.UITest.Extension.UITestControlNotFoundException: The playback failed to find the control with the given search properties. Additional Details: 
TechnologyName:  'Web'
ControlType:  'Hyperlink'
TagName:  'A'
Id:  'WC_UserRegistrationAddForm_links_1'
 Failed to find any control that matched the search condition Id='WC_UserRegistrationAddForm_links_1' &amp;&amp; ControlType='Hyperlink' ---&gt; System.Runtime.InteropServices.COMException: Error HRESULT E_FAIL has been returned from a call to a COM component.
   at Microsoft.VisualStudio.TestTools.UITest.Playback.Engine.IScreenElement.FindAllDescendants(String bstrQueryId, Object&amp; pvarResKeys, Int32 cResKeys, Int32 nMaxDepth)
   at Microsoft.VisualStudio.TestTools.UITest.Playback.ScreenElement.FindAllScreenElement(String queryId, Int32 depth, Boolean singleQueryId, Boolean throwException, Boolean resetSkipStep)
   at Microsoft.VisualStudio.TestTools.UITest.Playback.ScreenElement.FindScreenElement(String queryId, Int32 depth, Boolean resetSkipStep)
   at Microsoft.VisualStudio.TestTools.UITesting.UITestControl.FindFirstDescendant(String queryId, Int32 maxDepth, Int32&amp; timeLeft)
   --- End of inner exception stack trace ---
   at Microsoft.VisualStudio.TestTools.UITesting.Playback.MapControlNotFoundException(COMException ex, IPlaybackContext context)
   at Microsoft.VisualStudio.TestTools.UITesting.Playback.MapAndThrowComException(COMException innerException, IPlaybackContext context)
   at Microsoft.VisualStudio.TestTools.UITesting.Playback.MapAndThrowException(SystemException exception, IPlaybackContext context)
   at Microsoft.VisualStudio.TestTools.UITesting.Playback.MapAndThrowException(SystemException exception, String queryId)
   at Microsoft.VisualStudio.TestTools.UITesting.UITestControl.FindFirstDescendant(String queryId, Int32 maxDepth, Int32&amp; timeLeft)
   at Microsoft.VisualStudio.TestTools.UITesting.SearchHelper.GetUITestControlRecursive(Boolean useCache, Boolean alwaysSearch, ISearchArgument searchArg, IList`1 windowTitles, Int32&amp; timeLeft)
   at Microsoft.VisualStudio.TestTools.UITesting.SearchHelper.GetElement(Boolean useCache, ISearchArgument searchArg)
   at Microsoft.VisualStudio.TestTools.UITesting.SearchHelper.Search(ISearchArgument searchArg)
   at Microsoft.VisualStudio.TestTools.UITesting.UITestControl.FindInternal()
   at Microsoft.VisualStudio.TestTools.UITesting.UITestControl.&lt;Find&gt;b__3a()
   at Microsoft.VisualStudio.TestTools.UITesting.CodedUITestMethodInvoker.InvokeMethod[T](Func`1 function, UITestControl control, Boolean firePlaybackErrorEvent, Boolean logAsAction)
   at Microsoft.VisualStudio.TestTools.UITesting.UITestControl.Find()
   at Microsoft.VisualStudio.TestTools.UITesting.UITestControl.GetPropertyPrivate(String propertyName)
   at Microsoft.VisualStudio.TestTools.UITesting.UITestControl.GetPropertyOfType[T](String propertyName)
   at Microsoft.VisualStudio.TestTools.UITesting.UITestControl.get_Name()
   at TestAuto.LoggingAndSharedGenericMethods.MouseClick(UITestControl uiMenuItemTestControl) in c:\Builds\1\WebSphere\QATestAutomation\src\CodedUITest\SourceCode\Common\Logging\SharedMethods_Generic.cs:line 790
&lt;FAIL&gt;&lt;CrossSiteScriptingUserRegistrationMyAccount&gt;&lt;Invalid character errors message appears&gt;.Assert.AreEqual failed. Expected:&lt;True&gt;. Actual:&lt;False&gt;. 
    StackTrace:
    ValidateToolTipTextForInvaildCharacters(),SharedCrossSiteScripting.cs,Line Number:112
    CrossSiteScriptingUserRegistrationMyAccount(),CrossSiteScripting.cs,Line Number:254
&lt;ERROR&gt;[5/14/2018 11:29:01 PM]&lt;Error&gt;AllBrowserWindow : failed executing ...Unable to find Windows Internet Explorer window with 'Register - Microsoft Internet Explorer provided by Horizon Hobby' in the title.
&lt;ERROR&gt;[5/14/2018 11:29:06 PM]&lt;ERROR&gt;MouseClick Exception:Microsoft.VisualStudio.TestTools.UITest.Extension.UITestControlNotFoundException: The playback failed to find the control with the given search properties. Additional Details: 
TechnologyName:  'Web'
ControlType:  'Hyperlink'
TagName:  'A'
Id:  'SignInLink'
 Failed to find any control that matched the search condition Id='SignInLink' &amp;&amp; ControlType='Hyperlink' ---&gt; System.Runtime.InteropServices.COMException: Error HRESULT E_FAIL has been returned from a call to a COM component.
   at Microsoft.VisualStudio.TestTools.UITest.Playback.Engine.IScreenElement.FindAllDescendants(String bstrQueryId, Object&amp; pvarResKeys, Int32 cResKeys, Int32 nMaxDepth)
   at Microsoft.VisualStudio.TestTools.UITest.Playback.ScreenElement.FindAllScreenElement(String queryId, Int32 depth, Boolean singleQueryId, Boolean throwException, Boolean resetSkipStep)
   at Microsoft.VisualStudio.TestTools.UITest.Playback.ScreenElement.FindScreenElement(String queryId, Int32 depth, Boolean resetSkipStep)
   at Microsoft.VisualStudio.TestTools.UITesting.UITestControl.FindFirstDescendant(String queryId, Int32 maxDepth, Int32&amp; timeLeft)
   --- End of inner exception stack trace ---
   at Microsoft.VisualStudio.TestTools.UITesting.Playback.MapControlNotFoundException(COMException ex, IPlaybackContext context)
   at Microsoft.VisualStudio.TestTools.UITesting.Playback.MapAndThrowComException(COMException innerException, IPlaybackContext context)
   at Microsoft.VisualStudio.TestTools.UITesting.Playback.MapAndThrowException(SystemException exception, IPlaybackContext context)
   at Microsoft.VisualStudio.TestTools.UITesting.Playback.MapAndThrowException(SystemException exception, String queryId)
   at Microsoft.VisualStudio.TestTools.UITesting.UITestControl.FindFirstDescendant(String queryId, Int32 maxDepth, Int32&amp; timeLeft)
   at Microsoft.VisualStudio.TestTools.UITesting.SearchHelper.GetUITestControlRecursive(Boolean useCache, Boolean alwaysSearch, ISearchArgument searchArg, IList`1 windowTitles, Int32&amp; timeLeft)
   at Microsoft.VisualStudio.TestTools.UITesting.SearchHelper.GetElement(Boolean useCache, ISearchArgument searchArg)
   at Microsoft.VisualStudio.TestTools.UITesting.SearchHelper.Search(ISearchArgument searchArg)
   at Microsoft.VisualStudio.TestTools.UITesting.UITestControl.FindInternal()
   at Microsoft.VisualStudio.TestTools.UITesting.UITestControl.&lt;Find&gt;b__3a()
   at Microsoft.VisualStudio.TestTools.UITesting.CodedUITestMethodInvoker.InvokeMethod[T](Func`1 function, UITestControl control, Boolean firePlaybackErrorEvent, Boolean logAsAction)
   at Microsoft.VisualStudio.TestTools.UITesting.UITestControl.Find()
   at Microsoft.VisualStudio.TestTools.UITesting.UITestControl.GetPropertyPrivate(String propertyName)
   at Microsoft.VisualStudio.TestTools.UITesting.UITestControl.GetPropertyOfType[T](String propertyName)
   at Microsoft.VisualStudio.TestTools.UITesting.UITestControl.get_Name()
   at TestAuto.LoggingAndSharedGenericMethods.MouseClick(UITestControl uiMenuItemTestControl) in c:\Builds\1\WebSphere\QATestAutomation\src\CodedUITest\SourceCode\Common\Logging\SharedMethods_Generic.cs:line 790
&lt;ERROR&gt;[5/14/2018 11:29:14 PM]&lt;ERROR&gt;ClickSignInAndRegister : failed executing ...The playback failed to find the control with the given search properties. Additional Details: 
TechnologyName:  'Web'
ControlType:  'Hyperlink'
TagName:  'A'
Class:  'button large logon_registerBtn'
 Failed to find any control that matched the search condition ControlType='Hyperlink' &amp;&amp; Class='button large logon_registerBtn'
&lt;ERROR&gt;[5/14/2018 11:29:37 PM]&lt;Error&gt;AllBrowserWindow : failed executing ...Unable to find Windows Internet Explorer window with 'Register - Microsoft Internet Explorer provided by Horizon Hobby' in the title.
&lt;ERROR&gt;[5/14/2018 11:29:39 PM]&lt;ERROR&gt;UserRegistration : failed executing ...The playback failed to find the control with the given search properties. Additional Details: 
TechnologyName:  'Web'
ControlType:  'ComboBox'
TagName:  'SELECT'
Id:  'WC_UserRegistrationAddForm_AddressEntryForm_FormInput_country_1'
 Failed to find any control that matched the search condition Id='WC_UserRegistrationAddForm_AddressEntryForm_FormInput_country_1' &amp;&amp; ControlType='ComboBox'
&lt;ERROR&gt;[5/14/2018 11:30:02 PM]&lt;Error&gt;AllBrowserWindow : failed executing ...Unable to find Windows Internet Explorer window with 'Register - Microsoft Internet Explorer provided by Horizon Hobby' in the title.
&lt;ERROR&gt;[5/14/2018 11:30:07 PM]&lt;ERROR&gt;MouseClick Exception:Microsoft.VisualStudio.TestTools.UITest.Extension.UITestControlNotFoundException: The playback failed to find the control with the given search properties. Additional Details: 
TechnologyName:  'Web'
ControlType:  'Hyperlink'
TagName:  'A'
Id:  'WC_UserRegistrationAddForm_links_1'
 Failed to find any control that matched the search condition Id='WC_UserRegistrationAddForm_links_1' &amp;&amp; ControlType='Hyperlink' ---&gt; System.Runtime.InteropServices.COMException: Error HRESULT E_FAIL has been returned from a call to a COM component.
   at Microsoft.VisualStudio.TestTools.UITest.Playback.Engine.IScreenElement.FindAllDescendants(String bstrQueryId, Object&amp; pvarResKeys, Int32 cResKeys, Int32 nMaxDepth)
   at Microsoft.VisualStudio.TestTools.UITest.Playback.ScreenElement.FindAllScreenElement(String queryId, Int32 depth, Boolean singleQueryId, Boolean throwException, Boolean resetSkipStep)
   at Microsoft.VisualStudio.TestTools.UITest.Playback.ScreenElement.FindScreenElement(String queryId, Int32 depth, Boolean resetSkipStep)
   at Microsoft.VisualStudio.TestTools.UITesting.UITestControl.FindFirstDescendant(String queryId, Int32 maxDepth, Int32&amp; timeLeft)
   --- End of inner exception stack trace ---
   at Microsoft.VisualStudio.TestTools.UITesting.Playback.MapControlNotFoundException(COMException ex, IPlaybackContext context)
   at Microsoft.VisualStudio.TestTools.UITesting.Playback.MapAndThrowComException(COMException innerException, IPlaybackContext context)
   at Microsoft.VisualStudio.TestTools.UITesting.Playback.MapAndThrowException(SystemException exception, IPlaybackContext context)
   at Microsoft.VisualStudio.TestTools.UITesting.Playback.MapAndThrowException(SystemException exception, String queryId)
   at Microsoft.VisualStudio.TestTools.UITesting.UITestControl.FindFirstDescendant(String queryId, Int32 maxDepth, Int32&amp; timeLeft)
   at Microsoft.VisualStudio.TestTools.UITesting.SearchHelper.GetUITestControlRecursive(Boolean useCache, Boolean alwaysSearch, ISearchArgument searchArg, IList`1 windowTitles, Int32&amp; timeLeft)
   at Microsoft.VisualStudio.TestTools.UITesting.SearchHelper.GetElement(Boolean useCache, ISearchArgument searchArg)
   at Microsoft.VisualStudio.TestTools.UITesting.SearchHelper.Search(ISearchArgument searchArg)
   at Microsoft.VisualStudio.TestTools.UITesting.UITestControl.FindInternal()
   at Microsoft.VisualStudio.TestTools.UITesting.UITestControl.&lt;Find&gt;b__3a()
   at Microsoft.VisualStudio.TestTools.UITesting.CodedUITestMethodInvoker.InvokeMethod[T](Func`1 function, UITestControl control, Boolean firePlaybackErrorEvent, Boolean logAsAction)
   at Microsoft.VisualStudio.TestTools.UITesting.UITestControl.Find()
   at Microsoft.VisualStudio.TestTools.UITesting.UITestControl.GetPropertyPrivate(String propertyName)
   at Microsoft.VisualStudio.TestTools.UITesting.UITestControl.GetPropertyOfType[T](String propertyName)
   at Microsoft.VisualStudio.TestTools.UITesting.UITestControl.get_Name()
   at TestAuto.LoggingAndSharedGenericMethods.MouseClick(UITestControl uiMenuItemTestControl) in c:\Builds\1\WebSphere\QATestAutomation\src\CodedUITest\SourceCode\Common\Logging\SharedMethods_Generic.cs:line 790
&lt;FAIL&gt;&lt;CrossSiteScriptingUserRegistrationMyAccount&gt;&lt;Invalid character errors message appears&gt;.Assert.AreEqual failed. Expected:&lt;True&gt;. Actual:&lt;False&gt;. 
    StackTrace:
    ValidateToolTipTextForInvaildCharacters(),SharedCrossSiteScripting.cs,Line Number:112
    CrossSiteScriptingUserRegistrationMyAccount(),CrossSiteScripting.cs,Line Number:254
&lt;ERROR&gt;[5/14/2018 11:30:32 PM]&lt;Error&gt;AllBrowserWindow : failed executing ...Unable to find Windows Internet Explorer window with 'Register - Microsoft Internet Explorer provided by Horizon Hobby' in the title.
&lt;ERROR&gt;[5/14/2018 11:30:38 PM]&lt;ERROR&gt;MouseClick Exception:Microsoft.VisualStudio.TestTools.UITest.Extension.UITestControlNotFoundException: The playback failed to find the control with the given search properties. Additional Details: 
TechnologyName:  'Web'
ControlType:  'Hyperlink'
TagName:  'A'
Id:  'SignInLink'
 Failed to find any control that matched the search condition Id='SignInLink' &amp;&amp; ControlType='Hyperlink' ---&gt; System.Runtime.InteropServices.COMException: Error HRESULT E_FAIL has been returned from a call to a COM component.
   at Microsoft.VisualStudio.TestTools.UITest.Playback.Engine.IScreenElement.FindAllDescendants(String bstrQueryId, Object&amp; pvarResKeys, Int32 cResKeys, Int32 nMaxDepth)
   at Microsoft.VisualStudio.TestTools.UITest.Playback.ScreenElement.FindAllScreenElement(String queryId, Int32 depth, Boolean singleQueryId, Boolean throwException, Boolean resetSkipStep)
   at Microsoft.VisualStudio.TestTools.UITest.Playback.ScreenElement.FindScreenElement(String queryId, Int32 depth, Boolean resetSkipStep)
   at Microsoft.VisualStudio.TestTools.UITesting.UITestControl.FindFirstDescendant(String queryId, Int32 maxDepth, Int32&amp; timeLeft)
   --- End of inner exception stack trace ---
   at Microsoft.VisualStudio.TestTools.UITesting.Playback.MapControlNotFoundException(COMException ex, IPlaybackContext context)
   at Microsoft.VisualStudio.TestTools.UITesting.Playback.MapAndThrowComException(COMException innerException, IPlaybackContext context)
   at Microsoft.VisualStudio.TestTools.UITesting.Playback.MapAndThrowException(SystemException exception, IPlaybackContext context)
   at Microsoft.VisualStudio.TestTools.UITesting.Playback.MapAndThrowException(SystemException exception, String queryId)
   at Microsoft.VisualStudio.TestTools.UITesting.UITestControl.FindFirstDescendant(String queryId, Int32 maxDepth, Int32&amp; timeLeft)
   at Microsoft.VisualStudio.TestTools.UITesting.SearchHelper.GetUITestControlRecursive(Boolean useCache, Boolean alwaysSearch, ISearchArgument searchArg, IList`1 windowTitles, Int32&amp; timeLeft)
   at Microsoft.VisualStudio.TestTools.UITesting.SearchHelper.GetElement(Boolean useCache, ISearchArgument searchArg)
   at Microsoft.VisualStudio.TestTools.UITesting.SearchHelper.Search(ISearchArgument searchArg)
   at Microsoft.VisualStudio.TestTools.UITesting.UITestControl.FindInternal()
   at Microsoft.VisualStudio.TestTools.UITesting.UITestControl.&lt;Find&gt;b__3a()
   at Microsoft.VisualStudio.TestTools.UITesting.CodedUITestMethodInvoker.InvokeMethod[T](Func`1 function, UITestControl control, Boolean firePlaybackErrorEvent, Boolean logAsAction)
   at Microsoft.VisualStudio.TestTools.UITesting.UITestControl.Find()
   at Microsoft.VisualStudio.TestTools.UITesting.UITestControl.GetPropertyPrivate(String propertyName)
   at Microsoft.VisualStudio.TestTools.UITesting.UITestControl.GetPropertyOfType[T](String propertyName)
   at Microsoft.VisualStudio.TestTools.UITesting.UITestControl.get_Name()
   at TestAuto.LoggingAndSharedGenericMethods.MouseClick(UITestControl uiMenuItemTestControl) in c:\Builds\1\WebSphere\QATestAutomation\src\CodedUITest\SourceCode\Common\Logging\SharedMethods_Generic.cs:line 790
&lt;ERROR&gt;[5/14/2018 11:30:46 PM]&lt;ERROR&gt;ClickSignInAndRegister : failed executing ...The playback failed to find the control with the given search properties. Additional Details: 
TechnologyName:  'Web'
ControlType:  'Hyperlink'
TagName:  'A'
Class:  'button large logon_registerBtn'
 Failed to find any control that matched the search condition ControlType='Hyperlink' &amp;&amp; Class='button large logon_registerBtn'
&lt;ERROR&gt;[5/14/2018 11:31:08 PM]&lt;Error&gt;AllBrowserWindow : failed executing ...Unable to find Windows Internet Explorer window with 'Register - Microsoft Internet Explorer provided by Horizon Hobby' in the title.
&lt;ERROR&gt;[5/14/2018 11:31:11 PM]&lt;ERROR&gt;UserRegistration : failed executing ...The playback failed to find the control with the given search properties. Additional Details: 
TechnologyName:  'Web'
ControlType:  'ComboBox'
TagName:  'SELECT'
Id:  'WC_UserRegistrationAddForm_AddressEntryForm_FormInput_country_1'
 Failed to find any control that matched the search condition Id='WC_UserRegistrationAddForm_AddressEntryForm_FormInput_country_1' &amp;&amp; ControlType='ComboBox'
&lt;ERROR&gt;[5/14/2018 11:31:33 PM]&lt;Error&gt;AllBrowserWindow : failed executing ...Unable to find Windows Internet Explorer window with 'Register - Microsoft Internet Explorer provided by Horizon Hobby' in the title.
&lt;ERROR&gt;[5/14/2018 11:31:39 PM]&lt;ERROR&gt;MouseClick Exception:Microsoft.VisualStudio.TestTools.UITest.Extension.UITestControlNotFoundException: The playback failed to find the control with the given search properties. Additional Details: 
TechnologyName:  'Web'
ControlType:  'Hyperlink'
TagName:  'A'
Id:  'WC_UserRegistrationAddForm_links_1'
 Failed to find any control that matched the search condition Id='WC_UserRegistrationAddForm_links_1' &amp;&amp; ControlType='Hyperlink' ---&gt; System.Runtime.InteropServices.COMException: Error HRESULT E_FAIL has been returned from a call to a COM component.
   at Microsoft.VisualStudio.TestTools.UITest.Playback.Engine.IScreenElement.FindAllDescendants(String bstrQueryId, Object&amp; pvarResKeys, Int32 cResKeys, Int32 nMaxDepth)
   at Microsoft.VisualStudio.TestTools.UITest.Playback.ScreenElement.FindAllScreenElement(String queryId, Int32 depth, Boolean singleQueryId, Boolean throwException, Boolean resetSkipStep)
   at Microsoft.VisualStudio.TestTools.UITest.Playback.ScreenElement.FindScreenElement(String queryId, Int32 depth, Boolean resetSkipStep)
   at Microsoft.VisualStudio.TestTools.UITesting.UITestControl.FindFirstDescendant(String queryId, Int32 maxDepth, Int32&amp; timeLeft)
   --- End of inner exception stack trace ---
   at Microsoft.VisualStudio.TestTools.UITesting.Playback.MapControlNotFoundException(COMException ex, IPlaybackContext context)
   at Microsoft.VisualStudio.TestTools.UITesting.Playback.MapAndThrowComException(COMException innerException, IPlaybackContext context)
   at Microsoft.VisualStudio.TestTools.UITesting.Playback.MapAndThrowException(SystemException exception, IPlaybackContext context)
   at Microsoft.VisualStudio.TestTools.UITesting.Playback.MapAndThrowException(SystemException exception, String queryId)
   at Microsoft.VisualStudio.TestTools.UITesting.UITestControl.FindFirstDescendant(String queryId, Int32 maxDepth, Int32&amp; timeLeft)
   at Microsoft.VisualStudio.TestTools.UITesting.SearchHelper.GetUITestControlRecursive(Boolean useCache, Boolean alwaysSearch, ISearchArgument searchArg, IList`1 windowTitles, Int32&amp; timeLeft)
   at Microsoft.VisualStudio.TestTools.UITesting.SearchHelper.GetElement(Boolean useCache, ISearchArgument searchArg)
   at Microsoft.VisualStudio.TestTools.UITesting.SearchHelper.Search(ISearchArgument searchArg)
   at Microsoft.VisualStudio.TestTools.UITesting.UITestControl.FindInternal()
   at Microsoft.VisualStudio.TestTools.UITesting.UITestControl.&lt;Find&gt;b__3a()
   at Microsoft.VisualStudio.TestTools.UITesting.CodedUITestMethodInvoker.InvokeMethod[T](Func`1 function, UITestControl control, Boolean firePlaybackErrorEvent, Boolean logAsAction)
   at Microsoft.VisualStudio.TestTools.UITesting.UITestControl.Find()
   at Microsoft.VisualStudio.TestTools.UITesting.UITestControl.GetPropertyPrivate(String propertyName)
   at Microsoft.VisualStudio.TestTools.UITesting.UITestControl.GetPropertyOfType[T](String propertyName)
   at Microsoft.VisualStudio.TestTools.UITesting.UITestControl.get_Name()
   at TestAuto.LoggingAndSharedGenericMethods.MouseClick(UITestControl uiMenuItemTestControl) in c:\Builds\1\WebSphere\QATestAutomation\src\CodedUITest\SourceCode\Common\Logging\SharedMethods_Generic.cs:line 790
&lt;FAIL&gt;&lt;CrossSiteScriptingUserRegistrationMyAccount&gt;&lt;Invalid character errors message appears&gt;.Assert.AreEqual failed. Expected:&lt;True&gt;. Actual:&lt;False&gt;. 
    StackTrace:
    ValidateToolTipTextForInvaildCharacters(),SharedCrossSiteScripting.cs,Line Number:112
    CrossSiteScriptingUserRegistrationMyAccount(),CrossSiteScripting.cs,Line Number:254
&lt;ERROR&gt;[5/14/2018 11:32:04 PM]&lt;Error&gt;AllBrowserWindow : failed executing ...Unable to find Windows Internet Explorer window with 'Register - Microsoft Internet Explorer provided by Horizon Hobby' in the title.
&lt;ERROR&gt;[5/14/2018 11:32:22 PM]&lt;ERROR&gt;MouseClick Exception:Microsoft.VisualStudio.TestTools.UITest.Extension.UITestControlNotFoundException: The playback failed to find the control with the given search properties. Additional Details: 
TechnologyName:  'Web'
ControlType:  'Hyperlink'
TagName:  'A'
Id:  'SignInLink'
 Failed to find any control that matched the search condition Id='SignInLink' &amp;&amp; ControlType='Hyperlink' ---&gt; System.Runtime.InteropServices.COMException: Error HRESULT E_FAIL has been returned from a call to a COM component.
   at Microsoft.VisualStudio.TestTools.UITest.Playback.Engine.IScreenElement.FindAllDescendants(String bstrQueryId, Object&amp; pvarResKeys, Int32 cResKeys, Int32 nMaxDepth)
   at Microsoft.VisualStudio.TestTools.UITest.Playback.ScreenElement.FindAllScreenElement(String queryId, Int32 depth, Boolean singleQueryId, Boolean throwException, Boolean resetSkipStep)
   at Microsoft.VisualStudio.TestTools.UITest.Playback.ScreenElement.FindScreenElement(String queryId, Int32 depth, Boolean resetSkipStep)
   at Microsoft.VisualStudio.TestTools.UITesting.UITestControl.FindFirstDescendant(String queryId, Int32 maxDepth, Int32&amp; timeLeft)
   --- End of inner exception stack trace ---
   at Microsoft.VisualStudio.TestTools.UITesting.Playback.MapControlNotFoundException(COMException ex, IPlaybackContext context)
   at Microsoft.VisualStudio.TestTools.UITesting.Playback.MapAndThrowComException(COMException innerException, IPlaybackContext context)
   at Microsoft.VisualStudio.TestTools.UITesting.Playback.MapAndThrowException(SystemException exception, IPlaybackContext context)
   at Microsoft.VisualStudio.TestTools.UITesting.Playback.MapAndThrowException(SystemException exception, String queryId)
   at Microsoft.VisualStudio.TestTools.UITesting.UITestControl.FindFirstDescendant(String queryId, Int32 maxDepth, Int32&amp; timeLeft)
   at Microsoft.VisualStudio.TestTools.UITesting.SearchHelper.GetUITestControlRecursive(Boolean useCache, Boolean alwaysSearch, ISearchArgument searchArg, IList`1 windowTitles, Int32&amp; timeLeft)
   at Microsoft.VisualStudio.TestTools.UITesting.SearchHelper.GetElement(Boolean useCache, ISearchArgument searchArg)
   at Microsoft.VisualStudio.TestTools.UITesting.SearchHelper.Search(ISearchArgument searchArg)
   at Microsoft.VisualStudio.TestTools.UITesting.UITestControl.FindInternal()
   at Microsoft.VisualStudio.TestTools.UITesting.UITestControl.&lt;Find&gt;b__3a()
   at Microsoft.VisualStudio.TestTools.UITesting.CodedUITestMethodInvoker.InvokeMethod[T](Func`1 function, UITestControl control, Boolean firePlaybackErrorEvent, Boolean logAsAction)
   at Microsoft.VisualStudio.TestTools.UITesting.UITestControl.Find()
   at Microsoft.VisualStudio.TestTools.UITesting.UITestControl.GetPropertyPrivate(String propertyName)
   at Microsoft.VisualStudio.TestTools.UITesting.UITestControl.GetPropertyOfType[T](String propertyName)
   at Microsoft.VisualStudio.TestTools.UITesting.UITestControl.get_Name()
   at TestAuto.LoggingAndSharedGenericMethods.MouseClick(UITestControl uiMenuItemTestControl) in c:\Builds\1\WebSphere\QATestAutomation\src\CodedUITest\SourceCode\Common\Logging\SharedMethods_Generic.cs:line 790
&lt;ERROR&gt;[5/14/2018 11:32:30 PM]&lt;ERROR&gt;ClickSignInAndRegister : failed executing ...The playback failed to find the control with the given search properties. Additional Details: 
TechnologyName:  'Web'
ControlType:  'Hyperlink'
TagName:  'A'
Class:  'button large logon_registerBtn'
 Failed to find any control that matched the search condition ControlType='Hyperlink' &amp;&amp; Class='button large logon_registerBtn'
&lt;ERROR&gt;[5/14/2018 11:32:53 PM]&lt;Error&gt;AllBrowserWindow : failed executing ...Unable to find Windows Internet Explorer window with 'Register - Microsoft Internet Explorer provided by Horizon Hobby' in the title.
&lt;ERROR&gt;[5/14/2018 11:32:55 PM]&lt;ERROR&gt;UserRegistration : failed executing ...The playback failed to find the control with the given search properties. Additional Details: 
TechnologyName:  'Web'
ControlType:  'ComboBox'
TagName:  'SELECT'
Id:  'WC_UserRegistrationAddForm_AddressEntryForm_FormInput_country_1'
 Failed to find any control that matched the search condition Id='WC_UserRegistrationAddForm_AddressEntryForm_FormInput_country_1' &amp;&amp; ControlType='ComboBox'
&lt;ERROR&gt;[5/14/2018 11:33:18 PM]&lt;Error&gt;AllBrowserWindow : failed executing ...Unable to find Windows Internet Explorer window with 'My Account - Microsoft Internet Explorer provided by Horizon Hobby' in the title.
&lt;ERROR&gt;[5/14/2018 11:33:23 PM]&lt;ERROR&gt;MouseClick Exception:Microsoft.VisualStudio.TestTools.UITest.Extension.UITestControlNotFoundException: The playback failed to find the control with the given search properties. Additional Details: 
TechnologyName:  'Web'
ControlType:  'Hyperlink'
TagName:  'A'
Id:  'WC_MyAccountCenterLinkDisplay_inputs_1'
 Failed to find any control that matched the search condition Id='WC_MyAccountCenterLinkDisplay_inputs_1' &amp;&amp; ControlType='Hyperlink' ---&gt; System.Runtime.InteropServices.COMException: Error HRESULT E_FAIL has been returned from a call to a COM component.
   at Microsoft.VisualStudio.TestTools.UITest.Playback.Engine.IScreenElement.FindAllDescendants(String bstrQueryId, Object&amp; pvarResKeys, Int32 cResKeys, Int32 nMaxDepth)
   at Microsoft.VisualStudio.TestTools.UITest.Playback.ScreenElement.FindAllScreenElement(String queryId, Int32 depth, Boolean singleQueryId, Boolean throwException, Boolean resetSkipStep)
   at Microsoft.VisualStudio.TestTools.UITest.Playback.ScreenElement.FindScreenElement(String queryId, Int32 depth, Boolean resetSkipStep)
   at Microsoft.VisualStudio.TestTools.UITesting.UITestControl.FindFirstDescendant(String queryId, Int32 maxDepth, Int32&amp; timeLeft)
   --- End of inner exception stack trace ---
   at Microsoft.VisualStudio.TestTools.UITesting.Playback.MapControlNotFoundException(COMException ex, IPlaybackContext context)
   at Microsoft.VisualStudio.TestTools.UITesting.Playback.MapAndThrowComException(COMException innerException, IPlaybackContext context)
   at Microsoft.VisualStudio.TestTools.UITesting.Playback.MapAndThrowException(SystemException exception, IPlaybackContext context)
   at Microsoft.VisualStudio.TestTools.UITesting.Playback.MapAndThrowException(SystemException exception, String queryId)
   at Microsoft.VisualStudio.TestTools.UITesting.UITestControl.FindFirstDescendant(String queryId, Int32 maxDepth, Int32&amp; timeLeft)
   at Microsoft.VisualStudio.TestTools.UITesting.SearchHelper.GetUITestControlRecursive(Boolean useCache, Boolean alwaysSearch, ISearchArgument searchArg, IList`1 windowTitles, Int32&amp; timeLeft)
   at Microsoft.VisualStudio.TestTools.UITesting.SearchHelper.GetElement(Boolean useCache, ISearchArgument searchArg)
   at Microsoft.VisualStudio.TestTools.UITesting.SearchHelper.Search(ISearchArgument searchArg)
   at Microsoft.VisualStudio.TestTools.UITesting.UITestControl.FindInternal()
   at Microsoft.VisualStudio.TestTools.UITesting.UITestControl.&lt;Find&gt;b__3a()
   at Microsoft.VisualStudio.TestTools.UITesting.CodedUITestMethodInvoker.InvokeMethod[T](Func`1 function, UITestControl control, Boolean firePlaybackErrorEvent, Boolean logAsAction)
   at Microsoft.VisualStudio.TestTools.UITesting.UITestControl.Find()
   at Microsoft.VisualStudio.TestTools.UITesting.UITestControl.GetPropertyPrivate(String propertyName)
   at Microsoft.VisualStudio.TestTools.UITesting.UITestControl.GetPropertyOfType[T](String propertyName)
   at Microsoft.VisualStudio.TestTools.UITesting.UITestControl.get_Name()
   at TestAuto.LoggingAndSharedGenericMethods.MouseClick(UITestControl uiMenuItemTestControl) in c:\Builds\1\WebSphere\QATestAutomation\src\CodedUITest\SourceCode\Common\Logging\SharedMethods_Generic.cs:line 790
&lt;ERROR&gt;[5/14/2018 11:33:46 PM]&lt;Error&gt;AllBrowserWindow : failed executing ...Unable to find Windows Internet Explorer window with 'Account Information - Microsoft Internet Explorer provided by Horizon Hobby' in the title.
&lt;ERROR&gt;[5/14/2018 11:33:48 PM]&lt;Error&gt;CrossSiteScriptingUserRegistrationMyAccount : failed executing ...The playback failed to find the control with the given search properties. Additional Details: 
TechnologyName:  'Web'
ControlType:  'Edit'
TagName:  'INPUT'
Id:  'WC_UserRegistrationUpdateForm_FormInput_email_In_Register_1'
 Failed to find any control that matched the search condition ControlType='Edit' &amp;&amp; Id=&gt;'WC_UserRegistrationUpdateForm_FormInput_email_In_Register_1'</Message>
          <StackTrace>   at TestAuto.LoggingAndSharedGenericMethods.EndTest() in c:\Builds\1\WebSphere\QATestAutomation\src\CodedUITest\SourceCode\Common\Logging\Logging.cs:line 1628
   at TestAuto.CrossSiteScripting.TestCleanup() in c:\Builds\1\WebSphere\QATestAutomation\src\CodedUITest\SourceCode\HHobby\CrossSiteScripting\CrossSiteScripting.cs:line 795
</StackTrace>
        </ErrorInfo>
      </Output>
      <ResultFiles>
        <ResultFile path="CMP01-YKUMAR.horizonhobby.com\CrossSiteScriptingTestData_232521.xml" />
        <ResultFile path="CMP01-YKUMAR.horizonhobby.com\CrossSiteScriptingUserRegistrationMyAccount_20180514232521.log" />
        <ResultFile path="CMP01-YKUMAR.horizonhobby.com\CrossSiteScriptingUserRegistrationMyAccount_20180514232634.png" />
        <ResultFile path="CMP01-YKUMAR.horizonhobby.com\CrossSiteScriptingUserRegistrationMyAccount_20180514232637.png" />
        <ResultFile path="CMP01-YKUMAR.horizonhobby.com\CrossSiteScriptingUserRegistrationMyAccount_20180514232659.png" />
        <ResultFile path="CMP01-YKUMAR.horizonhobby.com\CrossSiteScriptingUserRegistrationMyAccount_20180514232704.png" />
        <ResultFile path="CMP01-YKUMAR.horizonhobby.com\CrossSiteScriptingUserRegistrationMyAccount_20180514232707.png" />
        <ResultFile path="CMP01-YKUMAR.horizonhobby.com\CrossSiteScriptingUserRegistrationMyAccount_20180514232729.png" />
        <ResultFile path="CMP01-YKUMAR.horizonhobby.com\CrossSiteScriptingUserRegistrationMyAccount_20180514232735.png" />
        <ResultFile path="CMP01-YKUMAR.horizonhobby.com\CrossSiteScriptingUserRegistrationMyAccount_20180514232743.png" />
        <ResultFile path="CMP01-YKUMAR.horizonhobby.com\CrossSiteScriptingUserRegistrationMyAccount_20180514232805.png" />
        <ResultFile path="CMP01-YKUMAR.horizonhobby.com\CrossSiteScriptingUserRegistrationMyAccount_20180514232808.png" />
        <ResultFile path="CMP01-YKUMAR.horizonhobby.com\CrossSiteScriptingUserRegistrationMyAccount_20180514232830.png" />
        <ResultFile path="CMP01-YKUMAR.horizonhobby.com\CrossSiteScriptingUserRegistrationMyAccount_20180514232836.png" />
        <ResultFile path="CMP01-YKUMAR.horizonhobby.com\CrossSiteScriptingUserRegistrationMyAccount_20180514232838.png" />
        <ResultFile path="CMP01-YKUMAR.horizonhobby.com\CrossSiteScriptingUserRegistrationMyAccount_20180514232901.png" />
        <ResultFile path="CMP01-YKUMAR.horizonhobby.com\CrossSiteScriptingUserRegistrationMyAccount_20180514232906.png" />
        <ResultFile path="CMP01-YKUMAR.horizonhobby.com\CrossSiteScriptingUserRegistrationMyAccount_20180514232914.png" />
        <ResultFile path="CMP01-YKUMAR.horizonhobby.com\CrossSiteScriptingUserRegistrationMyAccount_20180514232937.png" />
        <ResultFile path="CMP01-YKUMAR.horizonhobby.com\CrossSiteScriptingUserRegistrationMyAccount_20180514232939.png" />
        <ResultFile path="CMP01-YKUMAR.horizonhobby.com\CrossSiteScriptingUserRegistrationMyAccount_20180514233002.png" />
        <ResultFile path="CMP01-YKUMAR.horizonhobby.com\CrossSiteScriptingUserRegistrationMyAccount_20180514233007.png" />
        <ResultFile path="CMP01-YKUMAR.horizonhobby.com\CrossSiteScriptingUserRegistrationMyAccount_20180514233010.png" />
        <ResultFile path="CMP01-YKUMAR.horizonhobby.com\CrossSiteScriptingUserRegistrationMyAccount_20180514233032.png" />
        <ResultFile path="CMP01-YKUMAR.horizonhobby.com\CrossSiteScriptingUserRegistrationMyAccount_20180514233038.png" />
        <ResultFile path="CMP01-YKUMAR.horizonhobby.com\CrossSiteScriptingUserRegistrationMyAccount_20180514233046.png" />
        <ResultFile path="CMP01-YKUMAR.horizonhobby.com\CrossSiteScriptingUserRegistrationMyAccount_20180514233108.png" />
        <ResultFile path="CMP01-YKUMAR.horizonhobby.com\CrossSiteScriptingUserRegistrationMyAccount_20180514233111.png" />
        <ResultFile path="CMP01-YKUMAR.horizonhobby.com\CrossSiteScriptingUserRegistrationMyAccount_20180514233133.png" />
        <ResultFile path="CMP01-YKUMAR.horizonhobby.com\CrossSiteScriptingUserRegistrationMyAccount_20180514233139.png" />
        <ResultFile path="CMP01-YKUMAR.horizonhobby.com\CrossSiteScriptingUserRegistrationMyAccount_20180514233141.png" />
        <ResultFile path="CMP01-YKUMAR.horizonhobby.com\CrossSiteScriptingUserRegistrationMyAccount_20180514233204.png" />
        <ResultFile path="CMP01-YKUMAR.horizonhobby.com\CrossSiteScriptingUserRegistrationMyAccount_20180514233222.png" />
        <ResultFile path="CMP01-YKUMAR.horizonhobby.com\CrossSiteScriptingUserRegistrationMyAccount_20180514233230.png" />
        <ResultFile path="CMP01-YKUMAR.horizonhobby.com\CrossSiteScriptingUserRegistrationMyAccount_20180514233253.png" />
        <ResultFile path="CMP01-YKUMAR.horizonhobby.com\CrossSiteScriptingUserRegistrationMyAccount_20180514233255.png" />
        <ResultFile path="CMP01-YKUMAR.horizonhobby.com\CrossSiteScriptingUserRegistrationMyAccount_20180514233318.png" />
        <ResultFile path="CMP01-YKUMAR.horizonhobby.com\CrossSiteScriptingUserRegistrationMyAccount_20180514233323.png" />
        <ResultFile path="CMP01-YKUMAR.horizonhobby.com\CrossSiteScriptingUserRegistrationMyAccount_20180514233346.png" />
        <ResultFile path="CMP01-YKUMAR.horizonhobby.com\CrossSiteScriptingUserRegistrationMyAccount_20180514233348.png" />
        <ResultFile path="CMP01-YKUMAR.horizonhobby.com\CrossSiteScriptingUserRegistrationMyAccount_ResultsONLY_20180514232521.log" />
        <ResultFile path="CMP01-YKUMAR.horizonhobby.com\SharedCommonConfig.xml" />
      </ResultFiles>
    </UnitTestResult>
    <UnitTestResult executionId="eff42dbe-4ee6-4ff1-9add-9007dbc47716" testId="935f70be-4f3b-e60d-8e35-2214456580b7" testName="POBoxAddressFilter" computerName="CMP01-YKUMAR" duration="00:08:27.1083602" startTime="2018-05-14T23:33:51.7922310-05:00" endTime="2018-05-14T23:42:18.9072310-05:00" testType="13cdc9d9-ddb5-4fa4-a97d-d965ccfc6d4b" outcome="Passed" testListId="8c84fa94-04c1-424b-9868-57a2d4851a1d">
      <Output>
        <StdOut>Logging to custom path:\\CMP01-YKumar\AutoLog[5/14/2018 11:33:51 PM]&lt;STARTLOG&gt;&lt;POBoxAddressFilter&gt;Test Started: Expecting: #PASS=Undefined and #FAIL=0
Running from MTM=True, running on machine name:CMP01-YKUMAR, user name=ykumar, OS=Microsoft Windows NT 6.1.7601 Service Pack 1, Is64BitOS=True[5/14/2018 11:33:52 PM]&lt;INFO&gt;LogCPUAndMemoryUsage: Available Memory = 25405(MB), CPU Usage = 38.04243%[5/14/2018 11:33:52 PM]&lt;INFO&gt;Private Working Set for QTAgent32_40, usage=244200 (K)[5/14/2018 11:33:52 PM]&lt;INFO&gt;Path To TestConfig xml=C:\Users\ykumar\AppData\Local\VSEQT\QTAgent\26974\CMP01-YKUMAR.horizonhobby.com\Deployment\SharedCommonConfig.xml[5/14/2018 11:33:52 PM]&lt;INFO&gt;Path To TestData xml=C:\Users\ykumar\AppData\Local\VSEQT\QTAgent\26974\CMP01-YKUMAR.horizonhobby.com\Deployment\CheckoutCreditCard_233351.xml[5/14/2018 11:33:52 PM]&lt;INFO&gt;Path To HorizonHobbyQA Application Url=https://www-tst.horizonhobby.com[5/14/2018 11:33:52 PM]&lt;INFO&gt;HorizonHobbyQA sql connection string=Server=cmp02-ws-tst-db01:50000;Database=TST01DB;UID=wcdbuser;PWD=h0r1z0n;Connect Timeout=30[5/14/2018 11:33:52 PM]&lt;INFO&gt;Country is := US and language id is := '-1'[5/14/2018 11:33:52 PM]&lt;INFO&gt;Current browser used for test execution is = 'IE'[5/14/2018 11:34:05 PM]&lt;INFO&gt;SearchProductexecuting ... Searching term:= 'SAI8075B'[5/14/2018 11:34:18 PM]&lt;Info&gt;AllBrowserWindow : Locating browser window...[5/14/2018 11:34:18 PM]&lt;INFO&gt;BackOrderClickexecuting ...[5/14/2018 11:34:25 PM]&lt;INFO&gt;GoToCartClickexecuting ...[5/14/2018 11:34:39 PM]&lt;INFO&gt;ClickCheckoutButtonBottomexecuting ...[5/14/2018 11:34:39 PM]&lt;Info&gt;AllBrowserWindow : Locating browser window...[5/14/2018 11:34:51 PM]&lt;INFO&gt;ContinueAsGuestCheckoutButtonexecuting ...[5/14/2018 11:34:51 PM]&lt;Info&gt;AllBrowserWindow : Locating browser window...[5/14/2018 11:35:03 PM]&lt;INFO&gt;FillBillingAndShippingAddressexecuting ...[5/14/2018 11:35:03 PM]&lt;Info&gt;AllBrowserWindow : Locating browser window...[5/14/2018 11:35:11 PM]&lt;INFO&gt;SelectBillingCountryexecuting ...[5/14/2018 11:35:31 PM]&lt;INFO&gt;SelectBillingStateexecuting ...[5/14/2018 11:36:08 PM]&lt;Info&gt;AllBrowserWindow : Locating browser window...[5/14/2018 11:36:12 PM]&lt;INFO&gt;GetShippingMethodRadioButtonControl : method executing[5/14/2018 11:36:12 PM]&lt;Info&gt;AllBrowserWindow : Locating browser window...[5/14/2018 11:36:14 PM]&lt;INFO&gt;ShippingMethodSelection : method executing[5/14/2018 11:36:14 PM]&lt;Info&gt;AllBrowserWindow : Locating browser window...[5/14/2018 11:36:19 PM]&lt;INFO&gt;GetAllShippingOptions : is executing ...[5/14/2018 11:36:19 PM]&lt;Info&gt;AllBrowserWindow : Locating browser window...[5/14/2018 11:36:19 PM]&lt;PASS&gt;&lt;POBoxAddressFilter&gt;&lt;Validates only 1 shipping method appears&gt;[5/14/2018 11:36:19 PM]&lt;INFO&gt;GetShippingMethodRadioButtonControl : method executing[5/14/2018 11:36:19 PM]&lt;Info&gt;AllBrowserWindow : Locating browser window...[5/14/2018 11:36:19 PM]&lt;PASS&gt;&lt;POBoxAddressFilter&gt;&lt;Validates Standard shipping method appears&gt;[5/14/2018 11:36:23 PM]&lt;Info&gt;AllBrowserWindow : Locating browser window...[5/14/2018 11:36:27 PM]&lt;INFO&gt;FillShippingAddressEditexecuting ...[5/14/2018 11:36:27 PM]&lt;Info&gt;AllBrowserWindow : Locating browser window...[5/14/2018 11:37:10 PM]&lt;INFO&gt;GetShippingMethodRadioButtonControl : method executing[5/14/2018 11:37:10 PM]&lt;Info&gt;AllBrowserWindow : Locating browser window...[5/14/2018 11:37:20 PM]&lt;INFO&gt;ShippingMethodSelection : method executing[5/14/2018 11:37:20 PM]&lt;Info&gt;AllBrowserWindow : Locating browser window...[5/14/2018 11:37:26 PM]&lt;INFO&gt;GetAllShippingOptions : is executing ...[5/14/2018 11:37:26 PM]&lt;Info&gt;AllBrowserWindow : Locating browser window...[5/14/2018 11:37:26 PM]&lt;PASS&gt;&lt;POBoxAddressFilter&gt;&lt;Validates only 1 shipping method appears&gt;[5/14/2018 11:37:26 PM]&lt;INFO&gt;GetShippingMethodRadioButtonControl : method executing[5/14/2018 11:37:26 PM]&lt;Info&gt;AllBrowserWindow : Locating browser window...[5/14/2018 11:37:26 PM]&lt;PASS&gt;&lt;POBoxAddressFilter&gt;&lt;Validates Standard shipping method appears&gt;[5/14/2018 11:37:30 PM]&lt;Info&gt;AllBrowserWindow : Locating browser window...[5/14/2018 11:37:33 PM]&lt;INFO&gt;FillShippingAddressEditexecuting ...[5/14/2018 11:37:33 PM]&lt;Info&gt;AllBrowserWindow : Locating browser window...[5/14/2018 11:38:16 PM]&lt;INFO&gt;GetShippingMethodRadioButtonControl : method executing[5/14/2018 11:38:16 PM]&lt;Info&gt;AllBrowserWindow : Locating browser window...[5/14/2018 11:38:17 PM]&lt;INFO&gt;ShippingMethodSelection : method executing[5/14/2018 11:38:17 PM]&lt;Info&gt;AllBrowserWindow : Locating browser window...[5/14/2018 11:38:22 PM]&lt;INFO&gt;GetAllShippingOptions : is executing ...[5/14/2018 11:38:22 PM]&lt;Info&gt;AllBrowserWindow : Locating browser window...[5/14/2018 11:38:23 PM]&lt;PASS&gt;&lt;POBoxAddressFilter&gt;&lt;Validates only 1 shipping method appears&gt;[5/14/2018 11:38:23 PM]&lt;INFO&gt;GetShippingMethodRadioButtonControl : method executing[5/14/2018 11:38:23 PM]&lt;Info&gt;AllBrowserWindow : Locating browser window...[5/14/2018 11:38:23 PM]&lt;PASS&gt;&lt;POBoxAddressFilter&gt;&lt;Validates Standard shipping method appears&gt;[5/14/2018 11:38:26 PM]&lt;Info&gt;AllBrowserWindow : Locating browser window...[5/14/2018 11:38:30 PM]&lt;INFO&gt;FillShippingAddressEditexecuting ...[5/14/2018 11:38:30 PM]&lt;Info&gt;AllBrowserWindow : Locating browser window...[5/14/2018 11:39:13 PM]&lt;INFO&gt;GetShippingMethodRadioButtonControl : method executing[5/14/2018 11:39:13 PM]&lt;Info&gt;AllBrowserWindow : Locating browser window...[5/14/2018 11:39:15 PM]&lt;INFO&gt;ShippingMethodSelection : method executing[5/14/2018 11:39:15 PM]&lt;Info&gt;AllBrowserWindow : Locating browser window...[5/14/2018 11:39:20 PM]&lt;INFO&gt;GetAllShippingOptions : is executing ...[5/14/2018 11:39:20 PM]&lt;Info&gt;AllBrowserWindow : Locating browser window...[5/14/2018 11:39:20 PM]&lt;PASS&gt;&lt;POBoxAddressFilter&gt;&lt;Validates only 1 shipping method appears&gt;[5/14/2018 11:39:20 PM]&lt;INFO&gt;GetShippingMethodRadioButtonControl : method executing[5/14/2018 11:39:20 PM]&lt;Info&gt;AllBrowserWindow : Locating browser window...[5/14/2018 11:39:20 PM]&lt;PASS&gt;&lt;POBoxAddressFilter&gt;&lt;Validates Standard shipping method appears&gt;[5/14/2018 11:39:24 PM]&lt;Info&gt;AllBrowserWindow : Locating browser window...[5/14/2018 11:39:27 PM]&lt;INFO&gt;FillShippingAddressEditexecuting ...[5/14/2018 11:39:27 PM]&lt;Info&gt;AllBrowserWindow : Locating browser window...[5/14/2018 11:40:10 PM]&lt;INFO&gt;GetShippingMethodRadioButtonControl : method executing[5/14/2018 11:40:10 PM]&lt;Info&gt;AllBrowserWindow : Locating browser window...[5/14/2018 11:40:13 PM]&lt;INFO&gt;ShippingMethodSelection : method executing[5/14/2018 11:40:13 PM]&lt;Info&gt;AllBrowserWindow : Locating browser window...[5/14/2018 11:40:18 PM]&lt;INFO&gt;GetAllShippingOptions : is executing ...[5/14/2018 11:40:18 PM]&lt;Info&gt;AllBrowserWindow : Locating browser window...[5/14/2018 11:40:19 PM]&lt;PASS&gt;&lt;POBoxAddressFilter&gt;&lt;Validates only 1 shipping method appears&gt;[5/14/2018 11:40:19 PM]&lt;INFO&gt;GetShippingMethodRadioButtonControl : method executing[5/14/2018 11:40:19 PM]&lt;Info&gt;AllBrowserWindow : Locating browser window...[5/14/2018 11:40:19 PM]&lt;PASS&gt;&lt;POBoxAddressFilter&gt;&lt;Validates Standard shipping method appears&gt;[5/14/2018 11:40:22 PM]&lt;Info&gt;AllBrowserWindow : Locating browser window...[5/14/2018 11:40:26 PM]&lt;INFO&gt;FillShippingAddressEditexecuting ...[5/14/2018 11:40:26 PM]&lt;Info&gt;AllBrowserWindow : Locating browser window...[5/14/2018 11:41:09 PM]&lt;INFO&gt;GetShippingMethodRadioButtonControl : method executing[5/14/2018 11:41:09 PM]&lt;Info&gt;AllBrowserWindow : Locating browser window...[5/14/2018 11:41:13 PM]&lt;INFO&gt;ShippingMethodSelection : method executing[5/14/2018 11:41:13 PM]&lt;Info&gt;AllBrowserWindow : Locating browser window...[5/14/2018 11:41:18 PM]&lt;INFO&gt;GetAllShippingOptions : is executing ...[5/14/2018 11:41:18 PM]&lt;Info&gt;AllBrowserWindow : Locating browser window...[5/14/2018 11:41:18 PM]&lt;PASS&gt;&lt;POBoxAddressFilter&gt;&lt;Validates only 1 shipping method appears&gt;[5/14/2018 11:41:18 PM]&lt;INFO&gt;GetShippingMethodRadioButtonControl : method executing[5/14/2018 11:41:18 PM]&lt;Info&gt;AllBrowserWindow : Locating browser window...[5/14/2018 11:41:19 PM]&lt;PASS&gt;&lt;POBoxAddressFilter&gt;&lt;Validates Standard shipping method appears&gt;[5/14/2018 11:41:22 PM]&lt;Info&gt;AllBrowserWindow : Locating browser window...[5/14/2018 11:41:26 PM]&lt;INFO&gt;FillShippingAddressEditexecuting ...[5/14/2018 11:41:26 PM]&lt;Info&gt;AllBrowserWindow : Locating browser window...[5/14/2018 11:42:08 PM]&lt;INFO&gt;GetShippingMethodRadioButtonControl : method executing[5/14/2018 11:42:08 PM]&lt;Info&gt;AllBrowserWindow : Locating browser window...[5/14/2018 11:42:10 PM]&lt;INFO&gt;ShippingMethodSelection : method executing[5/14/2018 11:42:10 PM]&lt;Info&gt;AllBrowserWindow : Locating browser window...[5/14/2018 11:42:15 PM]&lt;INFO&gt;GetAllShippingOptions : is executing ...[5/14/2018 11:42:15 PM]&lt;Info&gt;AllBrowserWindow : Locating browser window...[5/14/2018 11:42:15 PM]&lt;PASS&gt;&lt;POBoxAddressFilter&gt;&lt;Validates only 1 shipping method appears&gt;[5/14/2018 11:42:15 PM]&lt;INFO&gt;GetShippingMethodRadioButtonControl : method executing[5/14/2018 11:42:15 PM]&lt;Info&gt;AllBrowserWindow : Locating browser window...[5/14/2018 11:42:15 PM]&lt;PASS&gt;&lt;POBoxAddressFilter&gt;&lt;Validates Standard shipping method appears&gt;[5/14/2018 11:42:15 PM]&lt;RESULT&gt;Test Ended:#PASS=14, #FAIL=0[5/14/2018 11:42:16 PM]&lt;INFO&gt;LogCPUAndMemoryUsage: Available Memory = 25157(MB), CPU Usage = 20.63449%[5/14/2018 11:42:16 PM]&lt;INFO&gt;Private Working Set for QTAgent32_40, usage=231968 (K)[5/14/2018 11:42:16 PM]&lt;RESULT&gt;&lt;POBoxAddressFilter&gt; Test PASSED</StdOut>
      </Output>
      <ResultFiles />
    </UnitTestResult>
    <UnitTestResult executionId="3db166a3-c514-4de2-b22b-adf89dd7cc45" testId="0cb4de40-b2a4-e13d-df4a-231d00f4969a" testName="FaqsTipsWarrantiesProductSupportInfoDisplayManualsTab" computerName="CMP01-YKUMAR" duration="00:01:22.2063416" startTime="2018-05-14T23:42:18.9082310-05:00" endTime="2018-05-14T23:43:41.1232310-05:00" testType="13cdc9d9-ddb5-4fa4-a97d-d965ccfc6d4b" outcome="Passed" testListId="8c84fa94-04c1-424b-9868-57a2d4851a1d">
      <Output>
        <StdOut>Logging to custom path:\\CMP01-YKumar\AutoLog[5/14/2018 11:42:18 PM]&lt;STARTLOG&gt;&lt;FaqsTipsWarrantiesProductSupportInfoDisplayManualsTab&gt;Test Started: Expecting: #PASS=Undefined and #FAIL=0
Running from MTM=True, running on machine name:CMP01-YKUMAR, user name=ykumar, OS=Microsoft Windows NT 6.1.7601 Service Pack 1, Is64BitOS=True[5/14/2018 11:42:20 PM]&lt;INFO&gt;LogCPUAndMemoryUsage: Available Memory = 25217(MB), CPU Usage = 35.12642%[5/14/2018 11:42:20 PM]&lt;INFO&gt;Private Working Set for QTAgent32_40, usage=240316 (K)[5/14/2018 11:42:20 PM]&lt;INFO&gt;Path To TestConfig xml=C:\Users\ykumar\AppData\Local\VSEQT\QTAgent\26974\CMP01-YKUMAR.horizonhobby.com\Deployment\SharedCommonConfig.xml[5/14/2018 11:42:20 PM]&lt;INFO&gt;Path To TestData xml=C:\Users\ykumar\AppData\Local\VSEQT\QTAgent\26974\CMP01-YKUMAR.horizonhobby.com\Deployment\ProductPageTestData_234218.xml[5/14/2018 11:42:20 PM]&lt;INFO&gt;Path To HorizonHobbyQA Application Url=https://www-tst.horizonhobby.com[5/14/2018 11:42:20 PM]&lt;INFO&gt;HorizonHobbyQA sql connection string=Server=cmp02-ws-tst-db01:50000;Database=TST01DB;UID=wcdbuser;PWD=h0r1z0n;Connect Timeout=30[5/14/2018 11:42:20 PM]&lt;INFO&gt;Country is := US and language id is := '-1'[5/14/2018 11:42:20 PM]&lt;INFO&gt;Current browser used for test execution is = 'IE'[5/14/2018 11:42:23 PM]&lt;Info&gt;AllBrowserWindow : Locating browser window...[5/14/2018 11:42:23 PM]&lt;INFO&gt;SearchProductexecuting ... Searching term:= 'EFLB12502S'[5/14/2018 11:42:29 PM]&lt;Info&gt;AllBrowserWindow : Locating browser window...[5/14/2018 11:42:45 PM]&lt;PASS&gt;&lt;FaqsTipsWarrantiesProductSupportInfoDisplayManualsTab&gt;&lt;FAQs title appears&gt;[5/14/2018 11:42:47 PM]&lt;PASS&gt;&lt;FaqsTipsWarrantiesProductSupportInfoDisplayManualsTab&gt;&lt;FAQs section exists&gt;[5/14/2018 11:42:47 PM]&lt;PASS&gt;&lt;FaqsTipsWarrantiesProductSupportInfoDisplayManualsTab&gt;&lt;FAQs section content exists&gt;[5/14/2018 11:42:47 PM]&lt;INFO&gt;SearchProductexecuting ... Searching term:= '1250mAh LiPo'[5/14/2018 11:43:02 PM]&lt;Info&gt;AllBrowserWindow : Locating browser window...[5/14/2018 11:43:19 PM]&lt;Info&gt;AllBrowserWindow : Locating browser window...[5/14/2018 11:43:36 PM]&lt;PASS&gt;&lt;FaqsTipsWarrantiesProductSupportInfoDisplayManualsTab&gt;&lt;FAQs title appears&gt;[5/14/2018 11:43:38 PM]&lt;PASS&gt;&lt;FaqsTipsWarrantiesProductSupportInfoDisplayManualsTab&gt;&lt;FAQs section exists&gt;[5/14/2018 11:43:38 PM]&lt;PASS&gt;&lt;FaqsTipsWarrantiesProductSupportInfoDisplayManualsTab&gt;&lt;FAQs section content exists&gt;[5/14/2018 11:43:38 PM]&lt;RESULT&gt;Test Ended:#PASS=6, #FAIL=0[5/14/2018 11:43:39 PM]&lt;INFO&gt;LogCPUAndMemoryUsage: Available Memory = 25216(MB), CPU Usage = 15.75946%[5/14/2018 11:43:39 PM]&lt;INFO&gt;Private Working Set for QTAgent32_40, usage=248732 (K)[5/14/2018 11:43:39 PM]&lt;RESULT&gt;&lt;FaqsTipsWarrantiesProductSupportInfoDisplayManualsTab&gt; Test PASSED</StdOut>
      </Output>
      <ResultFiles />
    </UnitTestResult>
    <UnitTestResult executionId="a04309c8-1df7-45b0-854b-ae100b6df480" testId="1c6493b6-afc9-e1f2-1eda-b83b6f072138" testName="POBoxAddressFilterWithoutSpace" computerName="CMP01-YKUMAR" duration="00:05:51.5567564" startTime="2018-05-14T23:43:41.1242310-05:00" endTime="2018-05-14T23:49:32.6862310-05:00" testType="13cdc9d9-ddb5-4fa4-a97d-d965ccfc6d4b" outcome="Passed" testListId="8c84fa94-04c1-424b-9868-57a2d4851a1d">
      <Output>
        <StdOut>Logging to custom path:\\CMP01-YKumar\AutoLog[5/14/2018 11:43:41 PM]&lt;STARTLOG&gt;&lt;POBoxAddressFilterWithoutSpace&gt;Test Started: Expecting: #PASS=Undefined and #FAIL=0
Running from MTM=True, running on machine name:CMP01-YKUMAR, user name=ykumar, OS=Microsoft Windows NT 6.1.7601 Service Pack 1, Is64BitOS=True[5/14/2018 11:43:42 PM]&lt;INFO&gt;LogCPUAndMemoryUsage: Available Memory = 25237(MB), CPU Usage = 32.55159%[5/14/2018 11:43:42 PM]&lt;INFO&gt;Private Working Set for QTAgent32_40, usage=248792 (K)[5/14/2018 11:43:42 PM]&lt;INFO&gt;Path To TestConfig xml=C:\Users\ykumar\AppData\Local\VSEQT\QTAgent\26974\CMP01-YKUMAR.horizonhobby.com\Deployment\SharedCommonConfig.xml[5/14/2018 11:43:42 PM]&lt;INFO&gt;Path To TestData xml=C:\Users\ykumar\AppData\Local\VSEQT\QTAgent\26974\CMP01-YKUMAR.horizonhobby.com\Deployment\CheckoutCreditCard_234341.xml[5/14/2018 11:43:42 PM]&lt;INFO&gt;Path To HorizonHobbyQA Application Url=https://www-tst.horizonhobby.com[5/14/2018 11:43:42 PM]&lt;INFO&gt;HorizonHobbyQA sql connection string=Server=cmp02-ws-tst-db01:50000;Database=TST01DB;UID=wcdbuser;PWD=h0r1z0n;Connect Timeout=30[5/14/2018 11:43:42 PM]&lt;INFO&gt;Country is := US and language id is := '-1'[5/14/2018 11:43:42 PM]&lt;INFO&gt;Current browser used for test execution is = 'IE'[5/14/2018 11:43:48 PM]&lt;INFO&gt;SearchProductexecuting ... Searching term:= 'YUNQ500111'[5/14/2018 11:43:55 PM]&lt;Info&gt;AllBrowserWindow : Locating browser window...[5/14/2018 11:43:55 PM]&lt;INFO&gt;BackOrderClickexecuting ...[5/14/2018 11:43:59 PM]&lt;INFO&gt;GoToCartClickexecuting ...[5/14/2018 11:44:10 PM]&lt;INFO&gt;ClickCheckoutButtonBottomexecuting ...[5/14/2018 11:44:10 PM]&lt;Info&gt;AllBrowserWindow : Locating browser window...[5/14/2018 11:44:18 PM]&lt;INFO&gt;ContinueAsGuestCheckoutButtonexecuting ...[5/14/2018 11:44:18 PM]&lt;Info&gt;AllBrowserWindow : Locating browser window...[5/14/2018 11:44:27 PM]&lt;INFO&gt;FillBillingAndShippingAddressexecuting ...[5/14/2018 11:44:27 PM]&lt;Info&gt;AllBrowserWindow : Locating browser window...[5/14/2018 11:44:32 PM]&lt;INFO&gt;SelectBillingCountryexecuting ...[5/14/2018 11:44:37 PM]&lt;INFO&gt;SelectBillingStateexecuting ...[5/14/2018 11:45:00 PM]&lt;Info&gt;AllBrowserWindow : Locating browser window...[5/14/2018 11:45:05 PM]&lt;INFO&gt;GetShippingMethodRadioButtonControl : method executing[5/14/2018 11:45:05 PM]&lt;Info&gt;AllBrowserWindow : Locating browser window...[5/14/2018 11:45:07 PM]&lt;INFO&gt;ShippingMethodSelection : method executing[5/14/2018 11:45:07 PM]&lt;Info&gt;AllBrowserWindow : Locating browser window...[5/14/2018 11:45:12 PM]&lt;INFO&gt;GetAllShippingOptions : is executing ...[5/14/2018 11:45:12 PM]&lt;Info&gt;AllBrowserWindow : Locating browser window...[5/14/2018 11:45:12 PM]&lt;PASS&gt;&lt;POBoxAddressFilterWithoutSpace&gt;&lt;Validates only 1 shipping method appears&gt;[5/14/2018 11:45:12 PM]&lt;INFO&gt;GetShippingMethodRadioButtonControl : method executing[5/14/2018 11:45:12 PM]&lt;Info&gt;AllBrowserWindow : Locating browser window...[5/14/2018 11:45:12 PM]&lt;PASS&gt;&lt;POBoxAddressFilterWithoutSpace&gt;&lt;Validates Standard shipping method appears&gt;[5/14/2018 11:45:12 PM]&lt;INFO&gt;SelectCheckoutPaymentRadiobutton : method executing[5/14/2018 11:45:12 PM]&lt;INFO&gt;CheckoutCreditCardShippingAndBillingControls : method executing[5/14/2018 11:45:12 PM]&lt;Info&gt;AllBrowserWindow : Locating browser window...[5/14/2018 11:45:21 PM]&lt;INFO&gt;FillCreditCardDetails : method executing[5/14/2018 11:45:21 PM]&lt;INFO&gt;CheckoutCreditCardShippingAndBillingControls : method executing[5/14/2018 11:45:21 PM]&lt;Info&gt;AllBrowserWindow : Locating browser window...[5/14/2018 11:45:29 PM]&lt;INFO&gt;ClickReviewOrder : method executing[5/14/2018 11:45:29 PM]&lt;INFO&gt;CheckoutCreditCardShippingAndBillingControls : method executing[5/14/2018 11:45:29 PM]&lt;Info&gt;AllBrowserWindow : Locating browser window...[5/14/2018 11:45:34 PM]&lt;Info&gt;AllBrowserWindow : Locating browser window...[5/14/2018 11:45:41 PM]&lt;INFO&gt;PlaceOrderCreditCard : method executing[5/14/2018 11:45:41 PM]&lt;INFO&gt;CheckoutCreditCardShippingAndBillingControls : method executing[5/14/2018 11:45:41 PM]&lt;Info&gt;AllBrowserWindow : Locating browser window...[5/14/2018 11:45:50 PM]&lt;INFO&gt;KeyboardSendKeys method executing...[5/14/2018 11:47:21 PM]&lt;Info&gt;AllBrowserWindow : Locating browser window...[5/14/2018 11:47:35 PM]&lt;Info&gt;AllBrowserWindow : Locating browser window...[5/14/2018 11:47:41 PM]&lt;INFO&gt;OrderConfirmation : method executing[5/14/2018 11:47:41 PM]&lt;INFO&gt;OrderConfirmationUIControls : method executing[5/14/2018 11:47:41 PM]&lt;Info&gt;AllBrowserWindow : Locating browser window...[5/14/2018 11:47:48 PM]&lt;INFO&gt;SurveyWindow : method executing ...[5/14/2018 11:47:56 PM]&lt;PASS&gt;&lt;OrderConfirmation&gt;&lt; Validates Order Number ''True'' is generated successfully&gt;[5/14/2018 11:47:56 PM]&lt;INFO&gt;SingleProductOrderAmountValidation : method executing[5/14/2018 11:47:56 PM]&lt;INFO&gt;OrderConfirmationUIControls : method executing[5/14/2018 11:47:56 PM]&lt;Info&gt;AllBrowserWindow : Locating browser window...[5/14/2018 11:48:03 PM]&lt;INFO&gt;SingleProductOrderAmountValidation : method executing[5/14/2018 11:48:03 PM]&lt;PASS&gt;&lt;SingleProductOrderAmountValidation&gt;&lt; Validates expected authorization amount: '17.98000' is equals actual authorization amount: '17.98000'&gt;[5/14/2018 11:48:07 PM]&lt;INFO&gt;SearchProductexecuting ... Searching term:= 'RRP7857'[5/14/2018 11:48:14 PM]&lt;Info&gt;AllBrowserWindow : Locating browser window...[5/14/2018 11:48:44 PM]&lt;INFO&gt;BackOrderClickexecuting ...[5/14/2018 11:48:48 PM]&lt;INFO&gt;GoToCartClickexecuting ...[5/14/2018 11:48:58 PM]&lt;INFO&gt;ClickCheckoutButtonBottomexecuting ...[5/14/2018 11:48:58 PM]&lt;Info&gt;AllBrowserWindow : Locating browser window...[5/14/2018 11:49:07 PM]&lt;INFO&gt;ContinueAsGuestCheckoutButtonexecuting ...[5/14/2018 11:49:07 PM]&lt;Info&gt;AllBrowserWindow : Locating browser window...[5/14/2018 11:49:16 PM]&lt;Info&gt;AllBrowserWindow : Locating browser window...[5/14/2018 11:49:21 PM]&lt;INFO&gt;GetShippingMethodRadioButtonControl : method executing[5/14/2018 11:49:21 PM]&lt;Info&gt;AllBrowserWindow : Locating browser window...[5/14/2018 11:49:23 PM]&lt;INFO&gt;ShippingMethodSelection : method executing[5/14/2018 11:49:23 PM]&lt;Info&gt;AllBrowserWindow : Locating browser window...[5/14/2018 11:49:28 PM]&lt;INFO&gt;GetAllShippingOptions : is executing ...[5/14/2018 11:49:28 PM]&lt;Info&gt;AllBrowserWindow : Locating browser window...[5/14/2018 11:49:29 PM]&lt;PASS&gt;&lt;POBoxAddressFilterWithoutSpace&gt;&lt;Validates only 1 shipping method appears&gt;[5/14/2018 11:49:29 PM]&lt;INFO&gt;GetShippingMethodRadioButtonControl : method executing[5/14/2018 11:49:29 PM]&lt;Info&gt;AllBrowserWindow : Locating browser window...[5/14/2018 11:49:29 PM]&lt;PASS&gt;&lt;POBoxAddressFilterWithoutSpace&gt;&lt;Validates Standard shipping method appears&gt;[5/14/2018 11:49:29 PM]&lt;RESULT&gt;Test Ended:#PASS=6, #FAIL=0[5/14/2018 11:49:30 PM]&lt;INFO&gt;LogCPUAndMemoryUsage: Available Memory = 25051(MB), CPU Usage = 18.68448%[5/14/2018 11:49:30 PM]&lt;INFO&gt;Private Working Set for QTAgent32_40, usage=240592 (K)[5/14/2018 11:49:30 PM]&lt;RESULT&gt;&lt;POBoxAddressFilterWithoutSpace&gt; Test PASSED</StdOut>
      </Output>
      <ResultFiles />
    </UnitTestResult>
    <UnitTestResult executionId="a7239ea9-8b7d-4d5a-a28d-4c8d8e50f729" testId="a25899a1-e687-7c00-505a-68a1f4e19996" testName="GiftWrapTaxAppliedValidationILState" computerName="CMP01-YKUMAR" duration="00:02:12.0314036" startTime="2018-05-14T23:49:32.6882310-05:00" endTime="2018-05-14T23:51:44.7282310-05:00" testType="13cdc9d9-ddb5-4fa4-a97d-d965ccfc6d4b" outcome="Passed" testListId="8c84fa94-04c1-424b-9868-57a2d4851a1d">
      <Output>
        <StdOut>Logging to custom path:\\CMP01-YKumar\AutoLog[5/14/2018 11:49:32 PM]&lt;STARTLOG&gt;&lt;GiftWrapTaxAppliedValidationILState&gt;Test Started: Expecting: #PASS=Undefined and #FAIL=0
Running from MTM=True, running on machine name:CMP01-YKUMAR, user name=ykumar, OS=Microsoft Windows NT 6.1.7601 Service Pack 1, Is64BitOS=True[5/14/2018 11:49:33 PM]&lt;INFO&gt;LogCPUAndMemoryUsage: Available Memory = 25110(MB), CPU Usage = 34.02943%[5/14/2018 11:49:33 PM]&lt;INFO&gt;Private Working Set for QTAgent32_40, usage=240692 (K)[5/14/2018 11:49:33 PM]&lt;INFO&gt;Path To TestConfig xml=C:\Users\ykumar\AppData\Local\VSEQT\QTAgent\26974\CMP01-YKUMAR.horizonhobby.com\Deployment\SharedCommonConfig.xml[5/14/2018 11:49:33 PM]&lt;INFO&gt;Path To TestData xml=C:\Users\ykumar\AppData\Local\VSEQT\QTAgent\26974\CMP01-YKUMAR.horizonhobby.com\Deployment\CheckoutCommonTestData_234932.xml[5/14/2018 11:49:33 PM]&lt;INFO&gt;Path To HorizonHobbyQA Application Url=https://www-tst.horizonhobby.com[5/14/2018 11:49:33 PM]&lt;INFO&gt;HorizonHobbyQA sql connection string=Server=cmp02-ws-tst-db01:50000;Database=TST01DB;UID=wcdbuser;PWD=h0r1z0n;Connect Timeout=30[5/14/2018 11:49:33 PM]&lt;INFO&gt;Country is := US and language id is := '-1'[5/14/2018 11:49:33 PM]&lt;INFO&gt;Current browser used for test execution is = 'IE'[5/14/2018 11:49:40 PM]&lt;INFO&gt;SearchProductexecuting ... Searching term:= 'EVOG620112'[5/14/2018 11:49:46 PM]&lt;Info&gt;AllBrowserWindow : Locating browser window...[5/14/2018 11:49:47 PM]&lt;INFO&gt;BackOrderClickexecuting ...[5/14/2018 11:49:47 PM]&lt;INFO&gt;GoToCartClickexecuting ...[5/14/2018 11:49:54 PM]&lt;INFO&gt;CheckoutProcessStartShoppingCart : method executing[5/14/2018 11:49:54 PM]&lt;Info&gt;AllBrowserWindow : Locating browser window...[5/14/2018 11:50:03 PM]&lt;INFO&gt;CheckoutShoppingCartControls : method executing[5/14/2018 11:50:03 PM]&lt;Info&gt;AllBrowserWindow : Locating browser window...[5/14/2018 11:50:18 PM]&lt;Info&gt;AllBrowserWindow : Locating browser window...[5/14/2018 11:50:20 PM]&lt;INFO&gt;FillBillingAndShippingAddressexecuting ...[5/14/2018 11:50:20 PM]&lt;Info&gt;AllBrowserWindow : Locating browser window...[5/14/2018 11:50:23 PM]&lt;INFO&gt;SelectBillingCountryexecuting ...[5/14/2018 11:50:29 PM]&lt;INFO&gt;SelectBillingStateexecuting ...[5/14/2018 11:50:43 PM]&lt;INFO&gt;SelectShippingCountryexecuting ...[5/14/2018 11:50:46 PM]&lt;INFO&gt;SelectShippingStateexecuting ...[5/14/2018 11:51:12 PM]&lt;INFO&gt;CheckoutProcessStartShoppingCart : method executing[5/14/2018 11:51:12 PM]&lt;Info&gt;AllBrowserWindow : Locating browser window...[5/14/2018 11:51:20 PM]&lt;INFO&gt;CheckoutShoppingCartControls : method executing[5/14/2018 11:51:20 PM]&lt;Info&gt;AllBrowserWindow : Locating browser window...[5/14/2018 11:51:41 PM]&lt;PASS&gt;&lt;GiftWrapTaxAppliedValidationILState&gt;&lt; Validates that Tax isn't added for Gift Wrap (IL State)&gt;[5/14/2018 11:51:41 PM]&lt;RESULT&gt;Test Ended:#PASS=1, #FAIL=0[5/14/2018 11:51:42 PM]&lt;INFO&gt;LogCPUAndMemoryUsage: Available Memory = 25088(MB), CPU Usage = 2.10937%[5/14/2018 11:51:42 PM]&lt;INFO&gt;Private Working Set for QTAgent32_40, usage=240824 (K)[5/14/2018 11:51:42 PM]&lt;RESULT&gt;&lt;GiftWrapTaxAppliedValidationILState&gt; Test PASSED</StdOut>
      </Output>
      <ResultFiles />
    </UnitTestResult>
    <UnitTestResult executionId="fc87a0d0-8070-4714-9368-02185767e20d" testId="99b3a27f-e572-1547-e9e9-e6d48e0e8ff4" testName="NoResultFound" computerName="CMP01-YKUMAR" duration="00:00:21.1655311" startTime="2018-05-14T23:51:44.7292310-05:00" endTime="2018-05-14T23:52:06.2382310-05:00" testType="13cdc9d9-ddb5-4fa4-a97d-d965ccfc6d4b" outcome="Passed" testListId="8c84fa94-04c1-424b-9868-57a2d4851a1d">
      <Output>
        <StdOut>Logging to custom path:\\CMP01-YKumar\AutoLog[5/14/2018 11:51:45 PM]&lt;STARTLOG&gt;&lt;NoResultFound&gt;Test Started: Expecting: #PASS=Undefined and #FAIL=0
Running from MTM=True, running on machine name:CMP01-YKUMAR, user name=ykumar, OS=Microsoft Windows NT 6.1.7601 Service Pack 1, Is64BitOS=True[5/14/2018 11:51:47 PM]&lt;INFO&gt;LogCPUAndMemoryUsage: Available Memory = 25389(MB), CPU Usage = 19.35013%[5/14/2018 11:51:47 PM]&lt;INFO&gt;Private Working Set for QTAgent32_40, usage=242804 (K)[5/14/2018 11:51:47 PM]&lt;INFO&gt;Path To TestConfig xml=C:\Users\ykumar\AppData\Local\VSEQT\QTAgent\26974\CMP01-YKUMAR.horizonhobby.com\Deployment\SharedCommonConfig.xml[5/14/2018 11:51:47 PM]&lt;INFO&gt;Path To TestData xml=C:\Users\ykumar\AppData\Local\VSEQT\QTAgent\26974\CMP01-YKUMAR.horizonhobby.com\Deployment\SearchTestData_235145.xml[5/14/2018 11:51:47 PM]&lt;INFO&gt;Path To HorizonHobbyQA Application Url=https://www-tst.horizonhobby.com[5/14/2018 11:51:47 PM]&lt;INFO&gt;HorizonHobbyQA sql connection string=Server=cmp02-ws-tst-db01:50000;Database=TST01DB;UID=wcdbuser;PWD=h0r1z0n;Connect Timeout=30[5/14/2018 11:51:47 PM]&lt;INFO&gt;Country is := US and language id is := '-1'[5/14/2018 11:51:47 PM]&lt;INFO&gt;Current browser used for test execution is = 'IE'[5/14/2018 11:51:51 PM]&lt;INFO&gt;SearchProductexecuting ... Searching term:= 'SPMRT8810'[5/14/2018 11:51:57 PM]&lt;Info&gt;AllBrowserWindow : Locating browser window...[5/14/2018 11:51:58 PM]&lt;Info&gt;AllBrowserWindow : Locating browser window...[5/14/2018 11:51:59 PM]&lt;PASS&gt;&lt;NoResultFoundOnSearch&gt;&lt; Validates that No Result is displayed&gt;[5/14/2018 11:51:59 PM]&lt;PASS&gt;&lt;NoResultFoundOnSearch&gt;&lt; Validates that message No Result Found is displayed for Item SPMRT8810&gt;[5/14/2018 11:52:03 PM]&lt;PASS&gt;&lt;NoResultFound&gt;&lt; Validate Showing results for "SPMRT8810" (0 matches.) is displayed&gt;[5/14/2018 11:52:03 PM]&lt;RESULT&gt;Test Ended:#PASS=3, #FAIL=0[5/14/2018 11:52:04 PM]&lt;INFO&gt;LogCPUAndMemoryUsage: Available Memory = 25274(MB), CPU Usage = 14.45608%[5/14/2018 11:52:04 PM]&lt;INFO&gt;Private Working Set for QTAgent32_40, usage=244012 (K)[5/14/2018 11:52:04 PM]&lt;RESULT&gt;&lt;NoResultFound&gt; Test PASSED</StdOut>
      </Output>
      <ResultFiles />
    </UnitTestResult>
    <UnitTestResult executionId="13b37d79-c537-4da9-894e-80f111ed4f26" testId="1ef77637-eddc-d6b3-fd0c-5a2e7dc4a1e5" testName="MonthFieldValidationCCExpirationField" computerName="CMP01-YKUMAR" duration="00:10:10.4077596" startTime="2018-05-14T23:52:06.2392310-05:00" endTime="2018-05-15T00:02:16.6522310-05:00" testType="13cdc9d9-ddb5-4fa4-a97d-d965ccfc6d4b" outcome="Passed" testListId="8c84fa94-04c1-424b-9868-57a2d4851a1d">
      <Output>
        <StdOut>Logging to custom path:\\CMP01-YKumar\AutoLog[5/14/2018 11:52:06 PM]&lt;STARTLOG&gt;&lt;MonthFieldValidationCCExpirationField&gt;Test Started: Expecting: #PASS=Undefined and #FAIL=0
Running from MTM=True, running on machine name:CMP01-YKUMAR, user name=ykumar, OS=Microsoft Windows NT 6.1.7601 Service Pack 1, Is64BitOS=True[5/14/2018 11:52:07 PM]&lt;INFO&gt;LogCPUAndMemoryUsage: Available Memory = 25379(MB), CPU Usage = 14.1686%[5/14/2018 11:52:07 PM]&lt;INFO&gt;Private Working Set for QTAgent32_40, usage=252256 (K)[5/14/2018 11:52:07 PM]&lt;INFO&gt;Path To TestConfig xml=C:\Users\ykumar\AppData\Local\VSEQT\QTAgent\26974\CMP01-YKUMAR.horizonhobby.com\Deployment\SharedCommonConfig.xml[5/14/2018 11:52:07 PM]&lt;INFO&gt;Path To TestData xml=C:\Users\ykumar\AppData\Local\VSEQT\QTAgent\26974\CMP01-YKUMAR.horizonhobby.com\Deployment\CheckoutCreditCard_235206.xml[5/14/2018 11:52:07 PM]&lt;INFO&gt;Path To HorizonHobbyQA Application Url=https://www-tst.horizonhobby.com[5/14/2018 11:52:07 PM]&lt;INFO&gt;HorizonHobbyQA sql connection string=Server=cmp02-ws-tst-db01:50000;Database=TST01DB;UID=wcdbuser;PWD=h0r1z0n;Connect Timeout=30[5/14/2018 11:52:07 PM]&lt;INFO&gt;Country is := US and language id is := '-1'[5/14/2018 11:52:07 PM]&lt;INFO&gt;Current browser used for test execution is = 'IE'[5/14/2018 11:52:12 PM]&lt;INFO&gt;SurveyWindow : method executing ...[5/14/2018 11:52:17 PM]&lt;INFO&gt;ContinueOnCertificationErrorClickexecuting ...[5/14/2018 11:52:17 PM]&lt;Info&gt;DEAllBrowserWindow : Locating browser window...[5/14/2018 11:52:21 PM]&lt;INFO&gt;ClickAcceptCookiesAgreement : failed executing ...[5/14/2018 11:52:25 PM]&lt;INFO&gt;UserRegistration : method executing ...[5/14/2018 11:52:25 PM]&lt;Info&gt;AllBrowserWindow : Locating browser window...[5/14/2018 11:52:45 PM]&lt;Info&gt;AllBrowserWindow : Locating browser window...[5/14/2018 11:53:00 PM]&lt;Info&gt;AllBrowserWindow : Locating browser window...[5/14/2018 11:53:14 PM]&lt;INFO&gt;SearchProductexecuting ... Searching term:= 'ZEN286912110'[5/14/2018 11:53:20 PM]&lt;Info&gt;AllBrowserWindow : Locating browser window...[5/14/2018 11:53:20 PM]&lt;INFO&gt;BackOrderClickexecuting ...[5/14/2018 11:53:24 PM]&lt;INFO&gt;GoToCartClickexecuting ...[5/14/2018 11:53:35 PM]&lt;INFO&gt;CheckoutProcessStartShoppingCart : method executing[5/14/2018 11:53:35 PM]&lt;Info&gt;AllBrowserWindow : Locating browser window...[5/14/2018 11:53:42 PM]&lt;INFO&gt;CheckoutShoppingCartControls : method executing[5/14/2018 11:53:42 PM]&lt;Info&gt;AllBrowserWindow : Locating browser window...[5/14/2018 11:53:50 PM]&lt;INFO&gt;SelectCheckoutPaymentRadiobutton : method executing[5/14/2018 11:53:50 PM]&lt;INFO&gt;CheckoutCreditCardShippingAndBillingControls : method executing[5/14/2018 11:53:50 PM]&lt;Info&gt;AllBrowserWindow : Locating browser window...[5/14/2018 11:54:03 PM]&lt;INFO&gt;FillCreditCardDetails : method executing[5/14/2018 11:54:03 PM]&lt;INFO&gt;CheckoutCreditCardShippingAndBillingControls : method executing[5/14/2018 11:54:03 PM]&lt;Info&gt;AllBrowserWindow : Locating browser window...[5/14/2018 11:54:12 PM]&lt;INFO&gt;ClickReviewOrder : method executing[5/14/2018 11:54:12 PM]&lt;INFO&gt;CheckoutCreditCardShippingAndBillingControls : method executing[5/14/2018 11:54:12 PM]&lt;Info&gt;AllBrowserWindow : Locating browser window...[5/14/2018 11:54:16 PM]&lt;Info&gt;AllBrowserWindow : Locating browser window...[5/14/2018 11:54:23 PM]&lt;INFO&gt;PlaceOrderCreditCard : method executing[5/14/2018 11:54:23 PM]&lt;INFO&gt;CheckoutCreditCardShippingAndBillingControls : method executing[5/14/2018 11:54:23 PM]&lt;Info&gt;AllBrowserWindow : Locating browser window...[5/14/2018 11:54:30 PM]&lt;INFO&gt;KeyboardSendKeys method executing...[5/14/2018 11:56:02 PM]&lt;Info&gt;AllBrowserWindow : Locating browser window...[5/14/2018 11:56:39 PM]&lt;Info&gt;AllBrowserWindow : Locating browser window...[5/14/2018 11:56:39 PM]&lt;PASS&gt;&lt;MonthFieldValidationCCExpirationField&gt;&lt;Validates error message that appears for not entering Month filed&gt;[5/14/2018 11:56:39 PM]&lt;INFO&gt;SelectCheckoutPaymentRadiobutton : method executing[5/14/2018 11:56:39 PM]&lt;INFO&gt;CheckoutCreditCardShippingAndBillingControls : method executing[5/14/2018 11:56:39 PM]&lt;Info&gt;AllBrowserWindow : Locating browser window...[5/14/2018 11:56:52 PM]&lt;PASS&gt;&lt;MonthFieldValidationCCExpirationField&gt;&lt;Validate that Popup Modal Window appears&gt;[5/14/2018 11:56:52 PM]&lt;INFO&gt;SelectCheckoutPaymentRadiobutton : method executing[5/14/2018 11:56:52 PM]&lt;INFO&gt;CheckoutCreditCardShippingAndBillingControls : method executing[5/14/2018 11:56:52 PM]&lt;Info&gt;AllBrowserWindow : Locating browser window...[5/14/2018 11:57:00 PM]&lt;Info&gt;AllBrowserWindow : Locating browser window...[5/14/2018 11:57:02 PM]&lt;PASS&gt;&lt;CvvLogoValidation&gt;&lt;Validate that VISA Logo gets Highlighted&gt;[5/14/2018 11:57:05 PM]&lt;PASS&gt;&lt;MonthFieldValidationCCExpirationField&gt;&lt;Validate that VISA, MASTER, Discover Headings Exist&gt;[5/14/2018 11:57:05 PM]&lt;PASS&gt;&lt;MonthFieldValidationCCExpirationField&gt;&lt;Validate that for VISA, MASTER, Discover 3 digits required text&gt;[5/14/2018 11:57:06 PM]&lt;Info&gt;AllBrowserWindow : Locating browser window...[5/14/2018 11:57:08 PM]&lt;PASS&gt;&lt;CvvLogoValidation&gt;&lt;Validate that Master Card Logo gets Highlighted&gt;[5/14/2018 11:57:11 PM]&lt;PASS&gt;&lt;MonthFieldValidationCCExpirationField&gt;&lt;Validate that VISA, MASTER, Discover Headings Exist&gt;[5/14/2018 11:57:11 PM]&lt;PASS&gt;&lt;MonthFieldValidationCCExpirationField&gt;&lt;Validate that for VISA, MASTER, Discover 3 digits required text&gt;[5/14/2018 11:57:11 PM]&lt;Info&gt;AllBrowserWindow : Locating browser window...[5/14/2018 11:57:14 PM]&lt;PASS&gt;&lt;CvvLogoValidation&gt;&lt;Validate that Discover Logo gets Highlighted&gt;[5/14/2018 11:57:16 PM]&lt;PASS&gt;&lt;MonthFieldValidationCCExpirationField&gt;&lt;Validate that VISA, MASTER, Discover Headings Exist&gt;[5/14/2018 11:57:16 PM]&lt;PASS&gt;&lt;MonthFieldValidationCCExpirationField&gt;&lt;Validate that for VISA, MASTER, Discover 3 digits required text&gt;[5/14/2018 11:57:17 PM]&lt;Info&gt;AllBrowserWindow : Locating browser window...[5/14/2018 11:57:19 PM]&lt;PASS&gt;&lt;CvvLogoValidation&gt;&lt;Validate that AMEX Logo gets Highlighted&gt;[5/14/2018 11:57:22 PM]&lt;PASS&gt;&lt;MonthFieldValidationCCExpirationField&gt;&lt;Validate that Master card Headings Exist&gt;[5/14/2018 11:57:22 PM]&lt;PASS&gt;&lt;MonthFieldValidationCCExpirationField&gt;&lt;Validate that for Master card 4 digits required text&gt;[5/14/2018 11:57:22 PM]&lt;INFO&gt;FillCreditCardDetails : method executing[5/14/2018 11:57:22 PM]&lt;INFO&gt;CheckoutCreditCardShippingAndBillingControls : method executing[5/14/2018 11:57:22 PM]&lt;Info&gt;AllBrowserWindow : Locating browser window...[5/14/2018 11:57:30 PM]&lt;INFO&gt;ClickReviewOrder : method executing[5/14/2018 11:57:30 PM]&lt;INFO&gt;CheckoutCreditCardShippingAndBillingControls : method executing[5/14/2018 11:57:30 PM]&lt;Info&gt;AllBrowserWindow : Locating browser window...[5/14/2018 11:57:35 PM]&lt;Info&gt;AllBrowserWindow : Locating browser window...[5/14/2018 11:57:40 PM]&lt;INFO&gt;PlaceOrderCreditCard : method executing[5/14/2018 11:57:40 PM]&lt;INFO&gt;CheckoutCreditCardShippingAndBillingControls : method executing[5/14/2018 11:57:40 PM]&lt;Info&gt;AllBrowserWindow : Locating browser window...[5/14/2018 11:57:49 PM]&lt;INFO&gt;KeyboardSendKeys method executing...[5/14/2018 11:59:20 PM]&lt;Info&gt;AllBrowserWindow : Locating browser window...[5/14/2018 11:59:36 PM]&lt;INFO&gt;OrderConfirmation : method executing[5/14/2018 11:59:36 PM]&lt;INFO&gt;OrderConfirmationUIControls : method executing[5/14/2018 11:59:36 PM]&lt;Info&gt;AllBrowserWindow : Locating browser window...[5/14/2018 11:59:39 PM]&lt;INFO&gt;SurveyWindow : method executing ...[5/14/2018 11:59:48 PM]&lt;PASS&gt;&lt;OrderConfirmation&gt;&lt; Validates Order Number ''True'' is generated successfully&gt;[5/14/2018 11:59:48 PM]&lt;INFO&gt;SingleProductOrderAmountValidation : method executing[5/14/2018 11:59:48 PM]&lt;INFO&gt;OrderConfirmationUIControls : method executing[5/14/2018 11:59:48 PM]&lt;Info&gt;AllBrowserWindow : Locating browser window...[5/14/2018 11:59:52 PM]&lt;INFO&gt;SingleProductOrderAmountValidation : method executing[5/14/2018 11:59:52 PM]&lt;PASS&gt;&lt;SingleProductOrderAmountValidation&gt;&lt; Validates expected authorization amount: '114.24000' is equals actual authorization amount: '114.24000'&gt;[5/14/2018 11:59:52 PM]&lt;Info&gt;AllBrowserWindow : Locating browser window...[5/14/2018 11:59:56 PM]&lt;INFO&gt;DeletOrderItem : method executing[5/14/2018 11:59:56 PM]&lt;INFO&gt;DeletOrderItem : method executing[5/14/2018 11:59:56 PM]&lt;INFO&gt;DeleteWishlistFromDatabase : method executing[5/15/2018 12:00:27 AM]&lt;Info&gt;AllBrowserWindow : Locating browser window...[5/15/2018 12:00:30 AM]&lt;INFO&gt;SearchProductexecuting ... Searching term:= 'ECX0850'[5/15/2018 12:00:36 AM]&lt;Info&gt;AllBrowserWindow : Locating browser window...[5/15/2018 12:00:37 AM]&lt;INFO&gt;BackOrderClickexecuting ...[5/15/2018 12:00:40 AM]&lt;INFO&gt;GoToCartClickexecuting ...[5/15/2018 12:00:52 AM]&lt;INFO&gt;ClickCheckoutButtonBottomexecuting ...[5/15/2018 12:00:52 AM]&lt;Info&gt;AllBrowserWindow : Locating browser window...[5/15/2018 12:01:00 AM]&lt;INFO&gt;ContinueAsGuestCheckoutButtonexecuting ...[5/15/2018 12:01:00 AM]&lt;Info&gt;AllBrowserWindow : Locating browser window...[5/15/2018 12:01:10 AM]&lt;INFO&gt;FillBillingAndShippingAddressexecuting ...[5/15/2018 12:01:10 AM]&lt;Info&gt;AllBrowserWindow : Locating browser window...[5/15/2018 12:01:16 AM]&lt;INFO&gt;SelectBillingCountryexecuting ...[5/15/2018 12:01:23 AM]&lt;INFO&gt;SelectBillingStateexecuting ...[5/15/2018 12:01:46 AM]&lt;Info&gt;AllBrowserWindow : Locating browser window...[5/15/2018 12:01:52 AM]&lt;INFO&gt;SelectCheckoutPaymentRadiobutton : method executing[5/15/2018 12:01:52 AM]&lt;INFO&gt;CheckoutCreditCardShippingAndBillingControls : method executing[5/15/2018 12:01:52 AM]&lt;Info&gt;AllBrowserWindow : Locating browser window...[5/15/2018 12:02:03 AM]&lt;Info&gt;AllBrowserWindow : Locating browser window...[5/15/2018 12:02:07 AM]&lt;PASS&gt;&lt;CvvLogoValidation&gt;&lt;Validate that VISA Logo gets Highlighted&gt;[5/15/2018 12:02:07 AM]&lt;Info&gt;AllBrowserWindow : Locating browser window...[5/15/2018 12:02:09 AM]&lt;PASS&gt;&lt;CvvLogoValidation&gt;&lt;Validate that Master Card Logo gets Highlighted&gt;[5/15/2018 12:02:09 AM]&lt;Info&gt;AllBrowserWindow : Locating browser window...[5/15/2018 12:02:11 AM]&lt;PASS&gt;&lt;CvvLogoValidation&gt;&lt;Validate that Discover Logo gets Highlighted&gt;[5/15/2018 12:02:11 AM]&lt;Info&gt;AllBrowserWindow : Locating browser window...[5/15/2018 12:02:13 AM]&lt;PASS&gt;&lt;CvvLogoValidation&gt;&lt;Validate that AMEX Logo gets Highlighted&gt;[5/15/2018 12:02:13 AM]&lt;RESULT&gt;Test Ended:#PASS=20, #FAIL=0[5/15/2018 12:02:14 AM]&lt;INFO&gt;LogCPUAndMemoryUsage: Available Memory = 25025(MB), CPU Usage = 21.02449%[5/15/2018 12:02:14 AM]&lt;INFO&gt;Private Working Set for QTAgent32_40, usage=252708 (K)[5/15/2018 12:02:14 AM]&lt;RESULT&gt;&lt;MonthFieldValidationCCExpirationField&gt; Test PASSED</StdOut>
      </Output>
      <ResultFiles>
        <ResultFile path="CMP01-YKUMAR.horizonhobby.com\CheckoutCreditCard_235206.xml" />
        <ResultFile path="CMP01-YKUMAR.horizonhobby.com\MonthFieldValidationCCExpirationField_20180514235206.log" />
        <ResultFile path="CMP01-YKUMAR.horizonhobby.com\MonthFieldValidationCCExpirationField_ResultsONLY_20180514235206.log" />
        <ResultFile path="CMP01-YKUMAR.horizonhobby.com\SharedCommonConfig.xml" />
      </ResultFiles>
    </UnitTestResult>
    <UnitTestResult executionId="3734f087-95cd-4539-b005-52f4e9a72d19" testId="50f26e18-dca4-70e9-774b-381d34771859" testName="UntilFreeShippingAmountValidation" computerName="CMP01-YKUMAR" duration="00:01:01.7992481" startTime="2018-05-15T00:02:16.6532310-05:00" endTime="2018-05-15T00:03:18.4612310-05:00" testType="13cdc9d9-ddb5-4fa4-a97d-d965ccfc6d4b" outcome="Passed" testListId="8c84fa94-04c1-424b-9868-57a2d4851a1d">
      <Output>
        <StdOut>Logging to custom path:\\CMP01-YKumar\AutoLog[5/15/2018 12:02:16 AM]&lt;STARTLOG&gt;&lt;UntilFreeShippingAmountValidation&gt;Test Started: Expecting: #PASS=Undefined and #FAIL=0
Running from MTM=True, running on machine name:CMP01-YKUMAR, user name=ykumar, OS=Microsoft Windows NT 6.1.7601 Service Pack 1, Is64BitOS=True[5/15/2018 12:02:17 AM]&lt;INFO&gt;LogCPUAndMemoryUsage: Available Memory = 25054(MB), CPU Usage = 42.15274%[5/15/2018 12:02:17 AM]&lt;INFO&gt;Private Working Set for QTAgent32_40, usage=252800 (K)[5/15/2018 12:02:17 AM]&lt;INFO&gt;Path To TestConfig xml=C:\Users\ykumar\AppData\Local\VSEQT\QTAgent\26974\CMP01-YKUMAR.horizonhobby.com\Deployment\SharedCommonConfig.xml[5/15/2018 12:02:17 AM]&lt;INFO&gt;Path To TestData xml=C:\Users\ykumar\AppData\Local\VSEQT\QTAgent\26974\CMP01-YKUMAR.horizonhobby.com\Deployment\SearchTestData_000216.xml[5/15/2018 12:02:17 AM]&lt;INFO&gt;Path To HorizonHobbyQA Application Url=https://www-tst.horizonhobby.com[5/15/2018 12:02:17 AM]&lt;INFO&gt;HorizonHobbyQA sql connection string=Server=cmp02-ws-tst-db01:50000;Database=TST01DB;UID=wcdbuser;PWD=h0r1z0n;Connect Timeout=30[5/15/2018 12:02:17 AM]&lt;INFO&gt;Country is := US and language id is := '-1'[5/15/2018 12:02:17 AM]&lt;INFO&gt;Current browser used for test execution is = 'IE'[5/15/2018 12:02:21 AM]&lt;PASS&gt;&lt;UntilFreeShippingAmountValidation&gt;&lt; Validates that Until Free Shipping text on the Homepage &gt;[5/15/2018 12:02:24 AM]&lt;INFO&gt;SearchProductexecuting ... Searching term:= 'RRP1418'[5/15/2018 12:02:30 AM]&lt;Info&gt;AllBrowserWindow : Locating browser window...[5/15/2018 12:02:31 AM]&lt;INFO&gt;GetProductPriceFromProductPage : method executing ...[5/15/2018 12:02:42 AM]&lt;INFO&gt;BackOrderClickexecuting ...[5/15/2018 12:02:54 AM]&lt;PASS&gt;&lt;UntilFreeShippingAmountValidation&gt;&lt;Validates that Until Free Shipping Amount is Updated &gt;[5/15/2018 12:02:58 AM]&lt;INFO&gt;SearchProductexecuting ... Searching term:= 'SAI125A01A'[5/15/2018 12:03:02 AM]&lt;Info&gt;AllBrowserWindow : Locating browser window...[5/15/2018 12:03:03 AM]&lt;INFO&gt;BackOrderClickexecuting ...[5/15/2018 12:03:15 AM]&lt;PASS&gt;&lt;UntilFreeShippingAmountValidation&gt;&lt;Validate that Qualified for Free shipping* is displayed now&gt;[5/15/2018 12:03:15 AM]&lt;RESULT&gt;Test Ended:#PASS=3, #FAIL=0[5/15/2018 12:03:16 AM]&lt;INFO&gt;LogCPUAndMemoryUsage: Available Memory = 25207(MB), CPU Usage = 4.64439%[5/15/2018 12:03:16 AM]&lt;INFO&gt;Private Working Set for QTAgent32_40, usage=249840 (K)[5/15/2018 12:03:16 AM]&lt;RESULT&gt;&lt;UntilFreeShippingAmountValidation&gt; Test PASSED</StdOut>
      </Output>
      <ResultFiles />
    </UnitTestResult>
    <UnitTestResult executionId="cae26683-899a-4f68-9cce-307212da238a" testId="acfe74cc-d057-8fb8-9d6a-794ddd8c2552" testName="ErrorMessagePostCorrectionOrderReviewPage" computerName="CMP01-YKUMAR" duration="00:08:42.6923525" startTime="2018-05-15T00:03:18.4622310-05:00" endTime="2018-05-15T00:12:01.1582310-05:00" testType="13cdc9d9-ddb5-4fa4-a97d-d965ccfc6d4b" outcome="Passed" testListId="8c84fa94-04c1-424b-9868-57a2d4851a1d">
      <Output>
        <StdOut>Logging to custom path:\\CMP01-YKumar\AutoLog[5/15/2018 12:03:18 AM]&lt;STARTLOG&gt;&lt;ErrorMessagePostCorrectionOrderReviewPage&gt;Test Started: Expecting: #PASS=Undefined and #FAIL=0
Running from MTM=True, running on machine name:CMP01-YKUMAR, user name=ykumar, OS=Microsoft Windows NT 6.1.7601 Service Pack 1, Is64BitOS=True[5/15/2018 12:03:19 AM]&lt;INFO&gt;LogCPUAndMemoryUsage: Available Memory = 25217(MB), CPU Usage = 33.96371%[5/15/2018 12:03:19 AM]&lt;INFO&gt;Private Working Set for QTAgent32_40, usage=258164 (K)[5/15/2018 12:03:19 AM]&lt;INFO&gt;Path To TestConfig xml=C:\Users\ykumar\AppData\Local\VSEQT\QTAgent\26974\CMP01-YKUMAR.horizonhobby.com\Deployment\SharedCommonConfig.xml[5/15/2018 12:03:19 AM]&lt;INFO&gt;Path To TestData xml=C:\Users\ykumar\AppData\Local\VSEQT\QTAgent\26974\CMP01-YKUMAR.horizonhobby.com\Deployment\CheckoutCreditCard_000318.xml[5/15/2018 12:03:19 AM]&lt;INFO&gt;Path To HorizonHobbyQA Application Url=https://www-tst.horizonhobby.com[5/15/2018 12:03:19 AM]&lt;INFO&gt;HorizonHobbyQA sql connection string=Server=cmp02-ws-tst-db01:50000;Database=TST01DB;UID=wcdbuser;PWD=h0r1z0n;Connect Timeout=30[5/15/2018 12:03:19 AM]&lt;INFO&gt;Country is := US and language id is := '-1'[5/15/2018 12:03:19 AM]&lt;INFO&gt;Current browser used for test execution is = 'IE'[5/15/2018 12:03:24 AM]&lt;INFO&gt;SurveyWindow : method executing ...[5/15/2018 12:03:30 AM]&lt;INFO&gt;ContinueOnCertificationErrorClickexecuting ...[5/15/2018 12:03:30 AM]&lt;Info&gt;DEAllBrowserWindow : Locating browser window...[5/15/2018 12:03:34 AM]&lt;INFO&gt;UserRegistration : method executing ...[5/15/2018 12:03:34 AM]&lt;Info&gt;AllBrowserWindow : Locating browser window...[5/15/2018 12:03:54 AM]&lt;Info&gt;AllBrowserWindow : Locating browser window...[5/15/2018 12:04:10 AM]&lt;Info&gt;AllBrowserWindow : Locating browser window...[5/15/2018 12:04:23 AM]&lt;INFO&gt;SearchProductexecuting ... Searching term:= 'TES9169'[5/15/2018 12:04:29 AM]&lt;Info&gt;AllBrowserWindow : Locating browser window...[5/15/2018 12:04:29 AM]&lt;INFO&gt;BackOrderClickexecuting ...[5/15/2018 12:04:33 AM]&lt;INFO&gt;GoToCartClickexecuting ...[5/15/2018 12:04:44 AM]&lt;INFO&gt;ClickSecondCheckoutButtonexecuting ...[5/15/2018 12:04:44 AM]&lt;Info&gt;AllBrowserWindow : Locating browser window...[5/15/2018 12:04:52 AM]&lt;Info&gt;AllBrowserWindow : Locating browser window...[5/15/2018 12:04:57 AM]&lt;INFO&gt;SelectCheckoutPaymentRadiobutton : method executing[5/15/2018 12:04:57 AM]&lt;INFO&gt;CheckoutCreditCardShippingAndBillingControls : method executing[5/15/2018 12:04:57 AM]&lt;Info&gt;AllBrowserWindow : Locating browser window...[5/15/2018 12:05:06 AM]&lt;INFO&gt;SelectCheckoutPaymentRadiobutton : method executing[5/15/2018 12:05:06 AM]&lt;INFO&gt;CheckoutCreditCardShippingAndBillingControls : method executing[5/15/2018 12:05:06 AM]&lt;Info&gt;AllBrowserWindow : Locating browser window...[5/15/2018 12:05:19 AM]&lt;INFO&gt;FillCreditCardDetails : method executing[5/15/2018 12:05:19 AM]&lt;INFO&gt;CheckoutCreditCardShippingAndBillingControls : method executing[5/15/2018 12:05:19 AM]&lt;Info&gt;AllBrowserWindow : Locating browser window...[5/15/2018 12:05:31 AM]&lt;INFO&gt;GetShippingMethodRadioButtonControl : method executing[5/15/2018 12:05:31 AM]&lt;Info&gt;AllBrowserWindow : Locating browser window...[5/15/2018 12:05:31 AM]&lt;INFO&gt;ShippingMethodSelection : method executing[5/15/2018 12:05:31 AM]&lt;Info&gt;AllBrowserWindow : Locating browser window...[5/15/2018 12:05:36 AM]&lt;INFO&gt;GetAllShippingOptions : is executing ...[5/15/2018 12:05:36 AM]&lt;Info&gt;AllBrowserWindow : Locating browser window...[5/15/2018 12:05:38 AM]&lt;INFO&gt;ClickReviewOrder : method executing[5/15/2018 12:05:38 AM]&lt;INFO&gt;CheckoutCreditCardShippingAndBillingControls : method executing[5/15/2018 12:05:38 AM]&lt;Info&gt;AllBrowserWindow : Locating browser window...[5/15/2018 12:05:44 AM]&lt;Info&gt;AllBrowserWindow : Locating browser window...[5/15/2018 12:05:52 AM]&lt;Info&gt;AllBrowserWindow : Locating browser window...[5/15/2018 12:06:11 AM]&lt;INFO&gt;PlaceOrderCreditCard : method executing[5/15/2018 12:06:11 AM]&lt;INFO&gt;CheckoutCreditCardShippingAndBillingControls : method executing[5/15/2018 12:06:11 AM]&lt;Info&gt;AllBrowserWindow : Locating browser window...[5/15/2018 12:06:20 AM]&lt;INFO&gt;KeyboardSendKeys method executing...[5/15/2018 12:07:54 AM]&lt;Info&gt;AllBrowserWindow : Locating browser window...[5/15/2018 12:08:31 AM]&lt;PASS&gt;&lt;ErrorMessagePostCorrectionOrderReviewPage&gt;&lt;Validates error message that appears for not entering Month filed&gt;[5/15/2018 12:08:41 AM]&lt;INFO&gt;GetShippingMethodRadioButtonControl : method executing[5/15/2018 12:08:41 AM]&lt;Info&gt;AllBrowserWindow : Locating browser window...[5/15/2018 12:08:41 AM]&lt;INFO&gt;ShippingMethodSelection : method executing[5/15/2018 12:08:41 AM]&lt;Info&gt;AllBrowserWindow : Locating browser window...[5/15/2018 12:08:46 AM]&lt;INFO&gt;GetAllShippingOptions : is executing ...[5/15/2018 12:08:46 AM]&lt;Info&gt;AllBrowserWindow : Locating browser window...[5/15/2018 12:08:48 AM]&lt;INFO&gt;FillCreditCardDetails : method executing[5/15/2018 12:08:48 AM]&lt;INFO&gt;CheckoutCreditCardShippingAndBillingControls : method executing[5/15/2018 12:08:48 AM]&lt;Info&gt;AllBrowserWindow : Locating browser window...[5/15/2018 12:08:58 AM]&lt;INFO&gt;ClickReviewOrder : method executing[5/15/2018 12:08:58 AM]&lt;INFO&gt;CheckoutCreditCardShippingAndBillingControls : method executing[5/15/2018 12:08:58 AM]&lt;Info&gt;AllBrowserWindow : Locating browser window...[5/15/2018 12:09:03 AM]&lt;Info&gt;AllBrowserWindow : Locating browser window...[5/15/2018 12:09:15 AM]&lt;Info&gt;AllBrowserWindow : Locating browser window...[5/15/2018 12:09:35 AM]&lt;INFO&gt;PlaceOrderCreditCard : method executing[5/15/2018 12:09:35 AM]&lt;INFO&gt;CheckoutCreditCardShippingAndBillingControls : method executing[5/15/2018 12:09:35 AM]&lt;Info&gt;AllBrowserWindow : Locating browser window...[5/15/2018 12:09:44 AM]&lt;INFO&gt;KeyboardSendKeys method executing...[5/15/2018 12:11:15 AM]&lt;Info&gt;AllBrowserWindow : Locating browser window...[5/15/2018 12:11:25 AM]&lt;INFO&gt;SingleProductOrderAmountValidation : method executing[5/15/2018 12:11:25 AM]&lt;INFO&gt;OrderConfirmationUIControls : method executing[5/15/2018 12:11:25 AM]&lt;Info&gt;AllBrowserWindow : Locating browser window...[5/15/2018 12:11:29 AM]&lt;INFO&gt;SingleProductOrderAmountValidation : method executing[5/15/2018 12:11:29 AM]&lt;PASS&gt;&lt;SingleProductOrderAmountValidation&gt;&lt; Validates expected authorization amount: '101.23000' is equals actual authorization amount: '101.23000'&gt;[5/15/2018 12:11:29 AM]&lt;INFO&gt;DeleteWishlistFromDatabase : method executing[5/15/2018 12:11:29 AM]&lt;INFO&gt;DeletOrderItem : method executing[5/15/2018 12:11:58 AM]&lt;RESULT&gt;Test Ended:#PASS=2, #FAIL=0[5/15/2018 12:11:59 AM]&lt;INFO&gt;LogCPUAndMemoryUsage: Available Memory = 25134(MB), CPU Usage = 8.34942%[5/15/2018 12:11:59 AM]&lt;INFO&gt;Private Working Set for QTAgent32_40, usage=256384 (K)[5/15/2018 12:11:59 AM]&lt;RESULT&gt;&lt;ErrorMessagePostCorrectionOrderReviewPage&gt; Test PASSED</StdOut>
      </Output>
      <ResultFiles />
    </UnitTestResult>
    <UnitTestResult executionId="8e3ba439-4a81-4091-8ce0-4a3fb3a41eea" testId="e4b43ad5-67fc-68cb-e612-10a4fc8dab10" testName="ProductReviewQuestionAnswerReviewComment" computerName="CMP01-YKUMAR" duration="00:04:16.5032277" startTime="2018-05-15T00:12:01.1622310-05:00" endTime="2018-05-15T00:16:17.6732310-05:00" testType="13cdc9d9-ddb5-4fa4-a97d-d965ccfc6d4b" outcome="Passed" testListId="8c84fa94-04c1-424b-9868-57a2d4851a1d">
      <Output>
        <StdOut>Logging to custom path:\\CMP01-YKumar\AutoLog[5/15/2018 12:12:01 AM]&lt;STARTLOG&gt;&lt;ProductReviewQuestionAnswerReviewComment&gt;Test Started: Expecting: #PASS=Undefined and #FAIL=0
Running from MTM=True, running on machine name:CMP01-YKUMAR, user name=ykumar, OS=Microsoft Windows NT 6.1.7601 Service Pack 1, Is64BitOS=True[5/15/2018 12:12:02 AM]&lt;INFO&gt;LogCPUAndMemoryUsage: Available Memory = 25196(MB), CPU Usage = 36.72018%[5/15/2018 12:12:02 AM]&lt;INFO&gt;Private Working Set for QTAgent32_40, usage=256496 (K)[5/15/2018 12:12:02 AM]&lt;INFO&gt;Path To TestConfig xml=C:\Users\ykumar\AppData\Local\VSEQT\QTAgent\26974\CMP01-YKUMAR.horizonhobby.com\Deployment\SharedCommonConfig.xml[5/15/2018 12:12:02 AM]&lt;INFO&gt;Path To TestData xml=C:\Users\ykumar\AppData\Local\VSEQT\QTAgent\26974\CMP01-YKUMAR.horizonhobby.com\Deployment\ProductPageTestData_001201.xml[5/15/2018 12:12:02 AM]&lt;INFO&gt;Path To HorizonHobbyQA Application Url=https://www-tst.horizonhobby.com[5/15/2018 12:12:02 AM]&lt;INFO&gt;HorizonHobbyQA sql connection string=Server=cmp02-ws-tst-db01:50000;Database=TST01DB;UID=wcdbuser;PWD=h0r1z0n;Connect Timeout=30[5/15/2018 12:12:02 AM]&lt;INFO&gt;Country is := US and language id is := '-1'[5/15/2018 12:12:02 AM]&lt;INFO&gt;Current browser used for test execution is = 'IE'[5/15/2018 12:12:05 AM]&lt;Info&gt;AllBrowserWindow : Locating browser window...[5/15/2018 12:12:07 AM]&lt;INFO&gt;SurveyWindow : method executing ...[5/15/2018 12:12:13 AM]&lt;INFO&gt;ContinueOnCertificationErrorClickexecuting ...[5/15/2018 12:12:13 AM]&lt;Info&gt;DEAllBrowserWindow : Locating browser window...[5/15/2018 12:12:18 AM]&lt;INFO&gt;UserRegistration : method executing ...[5/15/2018 12:12:18 AM]&lt;Info&gt;AllBrowserWindow : Locating browser window...[5/15/2018 12:12:41 AM]&lt;Info&gt;AllBrowserWindow : Locating browser window...[5/15/2018 12:12:56 AM]&lt;Info&gt;AllBrowserWindow : Locating browser window...[5/15/2018 12:13:06 AM]&lt;INFO&gt;SearchProductexecuting ... Searching term:= 'HAN4495'[5/15/2018 12:13:12 AM]&lt;Info&gt;AllBrowserWindow : Locating browser window...[5/15/2018 12:13:50 AM]&lt;PASS&gt;&lt;ClickAndValidateQuestionAndAnswer&gt;&lt; Validates answer section opens up&gt;[5/15/2018 12:14:39 AM]&lt;Info&gt;AllBrowserWindow : Locating browser window...[5/15/2018 12:14:43 AM]&lt;Info&gt;AllBrowserWindow : Locating browser window...[5/15/2018 12:14:46 AM]&lt;INFO&gt;SearchProductexecuting ... Searching term:= 'EFLH2400'[5/15/2018 12:15:02 AM]&lt;Info&gt;AllBrowserWindow : Locating browser window...[5/15/2018 12:15:39 AM]&lt;Info&gt;AllBrowserWindow : Locating browser window...[5/15/2018 12:15:43 AM]&lt;PASS&gt;&lt;ProductReviewQuestionAnswerReviewComment&gt;&lt;Nickname pre-populated by default on Write a review page&gt;[5/15/2018 12:15:43 AM]&lt;INFO&gt;DeleteWishlistFromDatabase : method executing[5/15/2018 12:16:14 AM]&lt;RESULT&gt;Test Ended:#PASS=2, #FAIL=0[5/15/2018 12:16:15 AM]&lt;INFO&gt;LogCPUAndMemoryUsage: Available Memory = 25080(MB), CPU Usage = 2.69437%[5/15/2018 12:16:15 AM]&lt;INFO&gt;Private Working Set for QTAgent32_40, usage=258956 (K)[5/15/2018 12:16:15 AM]&lt;RESULT&gt;&lt;ProductReviewQuestionAnswerReviewComment&gt; Test PASSED</StdOut>
      </Output>
      <ResultFiles />
    </UnitTestResult>
    <UnitTestResult executionId="07c1e70d-71a1-4566-bcb8-8c9a31ef834d" testId="6c229ca4-b17b-fa56-cfbb-866932b72df2" testName="CartCheckoutCartDisplayPart2" computerName="CMP01-YKUMAR" duration="00:00:35.2117056" startTime="2018-05-15T00:16:17.6742310-05:00" endTime="2018-05-15T00:16:52.8972310-05:00" testType="13cdc9d9-ddb5-4fa4-a97d-d965ccfc6d4b" outcome="Failed" testListId="8c84fa94-04c1-424b-9868-57a2d4851a1d">
      <Output>
        <StdOut>Logging to custom path:\\CMP01-YKumar\AutoLogAssert.Fail failed. 
#Other errors=1
[Error details below]
&lt;ERROR&gt;[5/15/2018 12:16:49 AM]&lt;ERROR&gt;CartCheckoutCartDisplayPart2 : failed executing ...The playback failed to find the control with the given search properties. Additional Details: 
TechnologyName:  'Web'
ControlType:  'Pane'
TagName:  'SPAN'
Class:  'invMessage disc'
 Failed to find any control that matched the search condition ControlType='Pane' &amp;&amp; Class='invMessage disc'   at TestAuto.LoggingAndSharedGenericMethods.EndTest() in c:\Builds\1\WebSphere\QATestAutomation\src\CodedUITest\SourceCode\Common\Logging\Logging.cs:line 1628
   at TestAuto.CartDisplayTest.TestCleanup() in c:\Builds\1\WebSphere\QATestAutomation\src\CodedUITest\SourceCode\HHobby\CartDisplay\CartDisplay.cs:line 5472
[5/15/2018 12:16:17 AM]&lt;STARTLOG&gt;&lt;CartCheckoutCartDisplayPart2&gt;Test Started: Expecting: #PASS=Undefined and #FAIL=0
Running from MTM=True, running on machine name:CMP01-YKUMAR, user name=ykumar, OS=Microsoft Windows NT 6.1.7601 Service Pack 1, Is64BitOS=True[5/15/2018 12:16:18 AM]&lt;INFO&gt;LogCPUAndMemoryUsage: Available Memory = 25108(MB), CPU Usage = 36.02726%[5/15/2018 12:16:18 AM]&lt;INFO&gt;Private Working Set for QTAgent32_40, usage=259060 (K)[5/15/2018 12:16:18 AM]&lt;INFO&gt;Path To TestConfig xml=C:\Users\ykumar\AppData\Local\VSEQT\QTAgent\26974\CMP01-YKUMAR.horizonhobby.com\Deployment\SharedCommonConfig.xml[5/15/2018 12:16:18 AM]&lt;INFO&gt;Path To TestData xml=C:\Users\ykumar\AppData\Local\VSEQT\QTAgent\26974\CMP01-YKUMAR.horizonhobby.com\Deployment\CartDisplayTestData_001617.xml[5/15/2018 12:16:18 AM]&lt;INFO&gt;Path To HorizonHobbyQA Application Url=https://www-tst.horizonhobby.com[5/15/2018 12:16:18 AM]&lt;INFO&gt;HorizonHobbyQA sql connection string=Server=cmp02-ws-tst-db01:50000;Database=TST01DB;UID=wcdbuser;PWD=h0r1z0n;Connect Timeout=30[5/15/2018 12:16:18 AM]&lt;INFO&gt;Country is := US and language id is := '-1'[5/15/2018 12:16:18 AM]&lt;INFO&gt;Current browser used for test execution is = 'IE'[5/15/2018 12:16:22 AM]&lt;Info&gt;AllBrowserWindow : Locating browser window...[5/15/2018 12:16:24 AM]&lt;INFO&gt;There are no records found in the table for stock status InStockField1Value4[5/15/2018 12:16:27 AM]&lt;INFO&gt;SearchProductexecuting ... Searching term:= 'TESA4709'[5/15/2018 12:16:33 AM]&lt;Info&gt;AllBrowserWindow : Locating browser window...Assert.Fail failed. [5/15/2018 12:16:49 AM]&lt;ERROR&gt;CartCheckoutCartDisplayPart2 : failed executing ...The playback failed to find the control with the given search properties. Additional Details: 
TechnologyName:  'Web'
ControlType:  'Pane'
TagName:  'SPAN'
Class:  'invMessage disc'
 Failed to find any control that matched the search condition ControlType='Pane' &amp;&amp; Class='invMessage disc', 
    StackTrace:
    CartCheckoutCartDisplayPart2(),CartDisplay.cs,Line Number:3593[5/15/2018 12:16:49 AM]&lt;CaptureImage&gt;\\CMP01-YKumar\AutoLog\CMP01-YKUMAR\CartCheckoutCartDisplayPart2_20180515001649.png[5/15/2018 12:16:49 AM]&lt;RESULT&gt;Test Ended:#PASS=0, #FAIL=0,#Other errors=1[5/15/2018 12:16:50 AM]&lt;INFO&gt;LogCPUAndMemoryUsage: Available Memory = 25214(MB), CPU Usage = 1.622737%[5/15/2018 12:16:50 AM]&lt;INFO&gt;Private Working Set for QTAgent32_40, usage=263604 (K)[5/15/2018 12:16:50 AM]&lt;RESULT&gt;&lt;CartCheckoutCartDisplayPart2&gt; Test FAILED: #Other errors=1. See Error Message/logs for further details.</StdOut>
        <ErrorInfo>
          <Message>Assert.Fail failed. 
#Other errors=1
[Error details below]
&lt;ERROR&gt;[5/15/2018 12:16:49 AM]&lt;ERROR&gt;CartCheckoutCartDisplayPart2 : failed executing ...The playback failed to find the control with the given search properties. Additional Details: 
TechnologyName:  'Web'
ControlType:  'Pane'
TagName:  'SPAN'
Class:  'invMessage disc'
 Failed to find any control that matched the search condition ControlType='Pane' &amp;&amp; Class='invMessage disc'</Message>
          <StackTrace>   at TestAuto.LoggingAndSharedGenericMethods.EndTest() in c:\Builds\1\WebSphere\QATestAutomation\src\CodedUITest\SourceCode\Common\Logging\Logging.cs:line 1628
   at TestAuto.CartDisplayTest.TestCleanup() in c:\Builds\1\WebSphere\QATestAutomation\src\CodedUITest\SourceCode\HHobby\CartDisplay\CartDisplay.cs:line 5472
</StackTrace>
        </ErrorInfo>
      </Output>
      <ResultFiles>
        <ResultFile path="CMP01-YKUMAR.horizonhobby.com\CartCheckoutCartDisplayPart2_20180515001617.log" />
        <ResultFile path="CMP01-YKUMAR.horizonhobby.com\CartCheckoutCartDisplayPart2_20180515001649.png" />
        <ResultFile path="CMP01-YKUMAR.horizonhobby.com\CartCheckoutCartDisplayPart2_ResultsONLY_20180515001617.log" />
        <ResultFile path="CMP01-YKUMAR.horizonhobby.com\CartDisplayTestData_001617.xml" />
        <ResultFile path="CMP01-YKUMAR.horizonhobby.com\SharedCommonConfig.xml" />
      </ResultFiles>
    </UnitTestResult>
    <UnitTestResult executionId="36c8c004-c844-4413-87d2-cad76f07a007" testId="0531377d-c278-d1fe-a5e4-5a3dcd41c4c1" testName="CartCheckoutCartDisplayPart3" computerName="CMP01-YKUMAR" duration="00:06:30.4228725" startTime="2018-05-15T00:16:52.8982310-05:00" endTime="2018-05-15T00:23:23.3382310-05:00" testType="13cdc9d9-ddb5-4fa4-a97d-d965ccfc6d4b" outcome="Failed" testListId="8c84fa94-04c1-424b-9868-57a2d4851a1d">
      <Output>
        <StdOut>Logging to custom path:\\CMP01-YKumar\AutoLogAssert.Fail failed. 
Actual #FAIL=1, #Expected FAIL=0
#Other errors=6
[Error details below]
&lt;ERROR&gt;[5/15/2018 12:21:10 AM]&lt;ERROR&gt;BackOrderClick : failed executing ...The playback failed to find the control with the given search properties. Additional Details: 
TechnologyName:  'Web'
ControlType:  'Hyperlink'
TagName:  'A'
Id:  'add2CartBtn'
 Failed to find any control that matched the value add2CartBtn for the search property Id.
&lt;ERROR&gt;[5/15/2018 12:21:26 AM]&lt;ERROR&gt;MouseClick Exception:Microsoft.VisualStudio.TestTools.UITest.Extension.FailedToPerformActionOnHiddenControlException: Cannot perform 'Click' on the hidden control. Additional Details: 
TechnologyName:  'Web'
ControlType:  'Hyperlink'
TagName:  'A'
Id:  'GotoCartButton1'
Name:  ''
Target:  ''
InnerText:  'Go to Cart'
 ---&gt; System.Runtime.InteropServices.COMException: Exception from HRESULT: 0xF004F002
   at Microsoft.VisualStudio.TestTools.UITest.Playback.Engine.IScreenElement.MouseButtonClick(Int32 x, Int32 y, Int32 nButton, Int32 fEnsureVisible, String bstrKeyModifiers)
   at Microsoft.VisualStudio.TestTools.UITest.Playback.ScreenElement.MouseButtonClick(Int32 x, Int32 y, MouseButtons button, ModifierKeys modifierKeys, Int32 ensureVisible)
   at Microsoft.VisualStudio.TestTools.UITesting.UITestControl.Click(MouseButtons button, ModifierKeys modifierKeys, Point relativeCoordinates)
   --- End of inner exception stack trace ---
   at Microsoft.VisualStudio.TestTools.UITesting.Playback.MapAndThrowComException(COMException innerException, IPlaybackContext context)
   at Microsoft.VisualStudio.TestTools.UITesting.Playback.MapAndThrowException(SystemException exception, IPlaybackContext context)
   at Microsoft.VisualStudio.TestTools.UITesting.Playback.MapAndThrowException(SystemException exception, String actionName, UITestControl uiControl, Point point)
   at Microsoft.VisualStudio.TestTools.UITesting.UITestControl.Click(MouseButtons button, ModifierKeys modifierKeys, Point relativeCoordinates)
   at Microsoft.VisualStudio.TestTools.UITesting.UITestActionExecutorCore.Click(UITestControl control, MouseButtons button, ModifierKeys modifierKeys, Point relativeCoordinate)
   at Microsoft.VisualStudio.TestTools.UITesting.Mouse.ClickImplementation(UITestControl control, MouseButtons button, ModifierKeys modifierKeys, Point relativeCoordinate)
   at Microsoft.VisualStudio.TestTools.UITesting.Mouse.&lt;&gt;c__DisplayClass6.&lt;Click&gt;b__5()
   at Microsoft.VisualStudio.TestTools.UITesting.CodedUITestMethodInvoker.InvokeMethod[T](Func`1 function, UITestControl control, Boolean firePlaybackErrorEvent, Boolean logAsAction)
   at Microsoft.VisualStudio.TestTools.UITesting.Mouse.Click(UITestControl control, MouseButtons button, ModifierKeys modifierKeys, Point relativeCoordinate)
   at Microsoft.VisualStudio.TestTools.UITesting.Mouse.Click(UITestControl control)
   at TestAuto.LoggingAndSharedGenericMethods.MouseClick(UITestControl uiMenuItemTestControl) in c:\Builds\1\WebSphere\QATestAutomation\src\CodedUITest\SourceCode\Common\Logging\SharedMethods_Generic.cs:line 785
&lt;ERROR&gt;[5/15/2018 12:21:49 AM]&lt;Error&gt;AllBrowserWindow : failed executing ...Unable to find Windows Internet Explorer window with 'Shopping Cart - Microsoft Internet Explorer provided by Horizon Hobby' in the title.
&lt;ERROR&gt;[5/15/2018 12:22:33 AM]&lt;ERROR&gt;GetInventoryStockStatusFromCart : failed executing ...Unable to find Windows Internet Explorer window with 'Shopping Cart' in the title.
&lt;FAIL&gt;&lt;CartCheckoutCartDisplayPart3&gt;&lt;Validate the Stock Status on shipping Cart page as : &gt;.Assert.AreEqual failed. Expected:&lt;Backorder&gt;. Actual:&lt;&gt;. 
    StackTrace:
    CartCheckoutCartDisplayPart3(),CartDisplay.cs,Line Number:3701
&lt;ERROR&gt;[5/15/2018 12:22:58 AM]&lt;Error&gt;AllBrowserWindow : failed executing ...Unable to find Windows Internet Explorer window with 'Shopping Cart - Microsoft Internet Explorer provided by Horizon Hobby' in the title.
&lt;ERROR&gt;[5/15/2018 12:23:15 AM]&lt;ERROR&gt;MouseClick Exception:Microsoft.VisualStudio.TestTools.UITest.Extension.UITestControlNotFoundException: The playback failed to find the control with the given search properties. Additional Details: 
TechnologyName:  'Web'
ControlType:  'Hyperlink'
TagName:  'A'
Id:  'WC_OrderItemDetailsf_links_2_1'
 Failed to find any control that matched the value WC_OrderItemDetailsf_links_2_1 for the search property Id. ---&gt; System.Runtime.InteropServices.COMException: Error HRESULT E_FAIL has been returned from a call to a COM component.
   at Microsoft.VisualStudio.TestTools.UITest.Playback.Engine.IScreenElement.FindAllDescendants(String bstrQueryId, Object&amp; pvarResKeys, Int32 cResKeys, Int32 nMaxDepth)
   at Microsoft.VisualStudio.TestTools.UITest.Playback.ScreenElement.FindAllScreenElement(String queryId, Int32 depth, Boolean singleQueryId, Boolean throwException, Boolean resetSkipStep)
   at Microsoft.VisualStudio.TestTools.UITest.Playback.ScreenElement.FindScreenElement(String queryId, Int32 depth, Boolean resetSkipStep)
   at Microsoft.VisualStudio.TestTools.UITesting.UITestControl.FindFirstDescendant(String queryId, Int32 maxDepth, Int32&amp; timeLeft)
   --- End of inner exception stack trace ---
   at Microsoft.VisualStudio.TestTools.UITesting.Playback.MapControlNotFoundException(COMException ex, IPlaybackContext context)
   at Microsoft.VisualStudio.TestTools.UITesting.Playback.MapAndThrowComException(COMException innerException, IPlaybackContext context)
   at Microsoft.VisualStudio.TestTools.UITesting.Playback.MapAndThrowException(SystemException exception, IPlaybackContext context)
   at Microsoft.VisualStudio.TestTools.UITesting.Playback.MapAndThrowException(SystemException exception, String queryId)
   at Microsoft.VisualStudio.TestTools.UITesting.UITestControl.FindFirstDescendant(String queryId, Int32 maxDepth, Int32&amp; timeLeft)
   at Microsoft.VisualStudio.TestTools.UITesting.SearchHelper.GetUITestControlRecursive(Boolean useCache, Boolean alwaysSearch, ISearchArgument searchArg, IList`1 windowTitles, Int32&amp; timeLeft)
   at Microsoft.VisualStudio.TestTools.UITesting.SearchHelper.GetElement(Boolean useCache, ISearchArgument searchArg)
   at Microsoft.VisualStudio.TestTools.UITesting.SearchHelper.Search(ISearchArgument searchArg)
   at Microsoft.VisualStudio.TestTools.UITesting.UITestControl.FindInternal()
   at Microsoft.VisualStudio.TestTools.UITesting.UITestControl.&lt;Find&gt;b__3a()
   at Microsoft.VisualStudio.TestTools.UITesting.CodedUITestMethodInvoker.InvokeMethod[T](Func`1 function, UITestControl control, Boolean firePlaybackErrorEvent, Boolean logAsAction)
   at Microsoft.VisualStudio.TestTools.UITesting.UITestControl.Find()
   at Microsoft.VisualStudio.TestTools.UITesting.UITestControl.GetPropertyPrivate(String propertyName)
   at Microsoft.VisualStudio.TestTools.UITesting.UITestControl.GetPropertyOfType[T](String propertyName)
   at Microsoft.VisualStudio.TestTools.UITesting.UITestControl.get_Name()
   at TestAuto.LoggingAndSharedGenericMethods.MouseClick(UITestControl uiMenuItemTestControl) in c:\Builds\1\WebSphere\QATestAutomation\src\CodedUITest\SourceCode\Common\Logging\SharedMethods_Generic.cs:line 790   at TestAuto.LoggingAndSharedGenericMethods.EndTest() in c:\Builds\1\WebSphere\QATestAutomation\src\CodedUITest\SourceCode\Common\Logging\Logging.cs:line 1628
   at TestAuto.CartDisplayTest.TestCleanup() in c:\Builds\1\WebSphere\QATestAutomation\src\CodedUITest\SourceCode\HHobby\CartDisplay\CartDisplay.cs:line 5472
[5/15/2018 12:16:52 AM]&lt;STARTLOG&gt;&lt;CartCheckoutCartDisplayPart3&gt;Test Started: Expecting: #PASS=Undefined and #FAIL=0
Running from MTM=True, running on machine name:CMP01-YKUMAR, user name=ykumar, OS=Microsoft Windows NT 6.1.7601 Service Pack 1, Is64BitOS=True[5/15/2018 12:16:53 AM]&lt;INFO&gt;LogCPUAndMemoryUsage: Available Memory = 25368(MB), CPU Usage = 35.2565%[5/15/2018 12:16:53 AM]&lt;INFO&gt;Private Working Set for QTAgent32_40, usage=263680 (K)[5/15/2018 12:16:53 AM]&lt;INFO&gt;Path To TestConfig xml=C:\Users\ykumar\AppData\Local\VSEQT\QTAgent\26974\CMP01-YKUMAR.horizonhobby.com\Deployment\SharedCommonConfig.xml[5/15/2018 12:16:53 AM]&lt;INFO&gt;Path To TestData xml=C:\Users\ykumar\AppData\Local\VSEQT\QTAgent\26974\CMP01-YKUMAR.horizonhobby.com\Deployment\CartDisplayTestData_001652.xml[5/15/2018 12:16:54 AM]&lt;INFO&gt;Path To HorizonHobbyQA Application Url=https://www-tst.horizonhobby.com[5/15/2018 12:16:54 AM]&lt;INFO&gt;HorizonHobbyQA sql connection string=Server=cmp02-ws-tst-db01:50000;Database=TST01DB;UID=wcdbuser;PWD=h0r1z0n;Connect Timeout=30[5/15/2018 12:16:54 AM]&lt;INFO&gt;Country is := US and language id is := '-1'[5/15/2018 12:16:54 AM]&lt;INFO&gt;Current browser used for test execution is = 'IE'[5/15/2018 12:16:57 AM]&lt;Info&gt;AllBrowserWindow : Locating browser window...[5/15/2018 12:17:00 AM]&lt;INFO&gt;SearchProductexecuting ... Searching term:= 'TES3517CT'[5/15/2018 12:17:06 AM]&lt;Info&gt;AllBrowserWindow : Locating browser window...[5/15/2018 12:17:08 AM]&lt;INFO&gt;BackOrderClickexecuting ...[5/15/2018 12:17:11 AM]&lt;INFO&gt;GoToCartClickexecuting ...[5/15/2018 12:17:17 AM]&lt;Info&gt;AllBrowserWindow : Locating browser window...[5/15/2018 12:17:27 AM]&lt;INFO&gt;SurveyWindow : method executing ...[5/15/2018 12:17:38 AM]&lt;PASS&gt;&lt;CartCheckoutCartDisplayPart3&gt;&lt;Validate the Stock Status on shipping Cart page as : In Stock&gt;[5/15/2018 12:17:38 AM]&lt;Info&gt;AllBrowserWindow : Locating browser window...[5/15/2018 12:17:54 AM]&lt;INFO&gt;SearchProductexecuting ... Searching term:= 'TAM50985'[5/15/2018 12:18:00 AM]&lt;Info&gt;AllBrowserWindow : Locating browser window...[5/15/2018 12:18:01 AM]&lt;PASS&gt;&lt;CartCheckoutCartDisplayPart3&gt;&lt;Validate the Stock Status on shipping Cart page as : This item is no longer available&gt;[5/15/2018 12:18:04 AM]&lt;INFO&gt;SearchProductexecuting ... Searching term:= 'TRA390864T1'[5/15/2018 12:18:19 AM]&lt;Info&gt;AllBrowserWindow : Locating browser window...[5/15/2018 12:18:49 AM]&lt;INFO&gt;BackOrderClickexecuting ...[5/15/2018 12:18:51 AM]&lt;INFO&gt;GoToCartClickexecuting ...[5/15/2018 12:18:57 AM]&lt;Info&gt;AllBrowserWindow : Locating browser window...[5/15/2018 12:19:06 AM]&lt;INFO&gt;SurveyWindow : method executing ...[5/15/2018 12:19:17 AM]&lt;PASS&gt;&lt;CartCheckoutCartDisplayPart3&gt;&lt;Validate the Stock Status on shipping Cart page as : In Stock&gt;[5/15/2018 12:19:17 AM]&lt;Info&gt;AllBrowserWindow : Locating browser window...[5/15/2018 12:19:33 AM]&lt;INFO&gt;SearchProductexecuting ... Searching term:= 'EVOM4'[5/15/2018 12:19:40 AM]&lt;Info&gt;AllBrowserWindow : Locating browser window...[5/15/2018 12:20:02 AM]&lt;Info&gt;AllBrowserWindow : Locating browser window...[5/15/2018 12:20:28 AM]&lt;Info&gt;AllBrowserWindow : Locating browser window...[5/15/2018 12:20:28 AM]&lt;INFO&gt;ClickSearchResultCell : No product found on search page with title ... :- EVO 33cc Pitts Muffler, Dual Outlet[5/15/2018 12:20:28 AM]&lt;CaptureImage&gt;\\CMP01-YKumar\AutoLog\CMP01-YKUMAR\CartCheckoutCartDisplayPart3_20180515002028.png[5/15/2018 12:20:55 AM]&lt;INFO&gt;BackOrderClickexecuting ...Assert.Fail failed. [5/15/2018 12:21:10 AM]&lt;ERROR&gt;BackOrderClick : failed executing ...The playback failed to find the control with the given search properties. Additional Details: 
TechnologyName:  'Web'
ControlType:  'Hyperlink'
TagName:  'A'
Id:  'add2CartBtn'
 Failed to find any control that matched the value add2CartBtn for the search property Id., 
    StackTrace:
    BackOrderClick(),SharedProductPage.cs,Line Number:498
    BackOrderClick(),SharedProductPage.cs,Line Number:505
    CartCheckoutCartDisplayPart3(),CartDisplay.cs,Line Number:3694[5/15/2018 12:21:10 AM]&lt;CaptureImage&gt;\\CMP01-YKumar\AutoLog\CMP01-YKUMAR\CartCheckoutCartDisplayPart3_20180515002110.png[5/15/2018 12:21:13 AM]&lt;INFO&gt;GoToCartClickexecuting ...Assert.Fail failed. [5/15/2018 12:21:26 AM]&lt;ERROR&gt;MouseClick Exception:Microsoft.VisualStudio.TestTools.UITest.Extension.FailedToPerformActionOnHiddenControlException: Cannot perform 'Click' on the hidden control. Additional Details: 
TechnologyName:  'Web'
ControlType:  'Hyperlink'
TagName:  'A'
Id:  'GotoCartButton1'
Name:  ''
Target:  ''
InnerText:  'Go to Cart'
 ---&gt; System.Runtime.InteropServices.COMException: Exception from HRESULT: 0xF004F002
   at Microsoft.VisualStudio.TestTools.UITest.Playback.Engine.IScreenElement.MouseButtonClick(Int32 x, Int32 y, Int32 nButton, Int32 fEnsureVisible, String bstrKeyModifiers)
   at Microsoft.VisualStudio.TestTools.UITest.Playback.ScreenElement.MouseButtonClick(Int32 x, Int32 y, MouseButtons button, ModifierKeys modifierKeys, Int32 ensureVisible)
   at Microsoft.VisualStudio.TestTools.UITesting.UITestControl.Click(MouseButtons button, ModifierKeys modifierKeys, Point relativeCoordinates)
   --- End of inner exception stack trace ---
   at Microsoft.VisualStudio.TestTools.UITesting.Playback.MapAndThrowComException(COMException innerException, IPlaybackContext context)
   at Microsoft.VisualStudio.TestTools.UITesting.Playback.MapAndThrowException(SystemException exception, IPlaybackContext context)
   at Microsoft.VisualStudio.TestTools.UITesting.Playback.MapAndThrowException(SystemException exception, String actionName, UITestControl uiControl, Point point)
   at Microsoft.VisualStudio.TestTools.UITesting.UITestControl.Click(MouseButtons button, ModifierKeys modifierKeys, Point relativeCoordinates)
   at Microsoft.VisualStudio.TestTools.UITesting.UITestActionExecutorCore.Click(UITestControl control, MouseButtons button, ModifierKeys modifierKeys, Point relativeCoordinate)
   at Microsoft.VisualStudio.TestTools.UITesting.Mouse.ClickImplementation(UITestControl control, MouseButtons button, ModifierKeys modifierKeys, Point relativeCoordinate)
   at Microsoft.VisualStudio.TestTools.UITesting.Mouse.&lt;&gt;c__DisplayClass6.&lt;Click&gt;b__5()
   at Microsoft.VisualStudio.TestTools.UITesting.CodedUITestMethodInvoker.InvokeMethod[T](Func`1 function, UITestControl control, Boolean firePlaybackErrorEvent, Boolean logAsAction)
   at Microsoft.VisualStudio.TestTools.UITesting.Mouse.Click(UITestControl control, MouseButtons button, ModifierKeys modifierKeys, Point relativeCoordinate)
   at Microsoft.VisualStudio.TestTools.UITesting.Mouse.Click(UITestControl control)
   at TestAuto.LoggingAndSharedGenericMethods.MouseClick(UITestControl uiMenuItemTestControl) in c:\Builds\1\WebSphere\QATestAutomation\src\CodedUITest\SourceCode\Common\Logging\SharedMethods_Generic.cs:line 785, 
    StackTrace:
    MouseClick(),SharedMethods_Generic.cs,Line Number:822
    GoToCartClick(),SharedCartPopUp.cs,Line Number:129
    CartCheckoutCartDisplayPart3(),CartDisplay.cs,Line Number:3696[5/15/2018 12:21:26 AM]&lt;CaptureImage&gt;\\CMP01-YKumar\AutoLog\CMP01-YKUMAR\CartCheckoutCartDisplayPart3_20180515002126.png[5/15/2018 12:21:26 AM]&lt;INFO&gt;ContinueOnCertificationErrorClickexecuting ...[5/15/2018 12:21:26 AM]&lt;Info&gt;AllBrowserWindow : Locating browser window...Assert.Fail failed. [5/15/2018 12:21:49 AM]&lt;Error&gt;AllBrowserWindow : failed executing ...Unable to find Windows Internet Explorer window with 'Shopping Cart - Microsoft Internet Explorer provided by Horizon Hobby' in the title., 
    StackTrace:
    AllBrowserWindow(),SharedBorderFree.cs,Line Number:1037
    CartCheckoutCartDisplayPart3(),CartDisplay.cs,Line Number:3698[5/15/2018 12:21:49 AM]&lt;CaptureImage&gt;\\CMP01-YKumar\AutoLog\CMP01-YKUMAR\CartCheckoutCartDisplayPart3_20180515002149.png[5/15/2018 12:21:49 AM]&lt;INFO&gt;SurveyWindow : method executing ...[5/15/2018 12:22:11 AM]&lt;INFO&gt;SurveyWindow : Survey window do not exists...Assert.Fail failed. [5/15/2018 12:22:33 AM]&lt;ERROR&gt;GetInventoryStockStatusFromCart : failed executing ...Unable to find Windows Internet Explorer window with 'Shopping Cart' in the title., 
    StackTrace:
    GetInventoryStockStatusFromCart(),SharedShoppingCart.cs,Line Number:463
    CartCheckoutCartDisplayPart3(),CartDisplay.cs,Line Number:3699[5/15/2018 12:22:33 AM]&lt;CaptureImage&gt;\\CMP01-YKumar\AutoLog\CMP01-YKUMAR\CartCheckoutCartDisplayPart3_20180515002233.png[5/15/2018 12:22:35 AM]&lt;FAIL&gt;&lt;CartCheckoutCartDisplayPart3&gt;&lt;Validate the Stock Status on shipping Cart page as : &gt;.Assert.AreEqual failed. Expected:&lt;Backorder&gt;. Actual:&lt;&gt;. 
    StackTrace:
    CartCheckoutCartDisplayPart3(),CartDisplay.cs,Line Number:3701[5/15/2018 12:22:35 AM]&lt;CaptureImage&gt;\\CMP01-YKumar\AutoLog\CMP01-YKUMAR\CartCheckoutCartDisplayPart3_20180515002235.png[5/15/2018 12:22:35 AM]&lt;Info&gt;AllBrowserWindow : Locating browser window...Assert.Fail failed. [5/15/2018 12:22:58 AM]&lt;Error&gt;AllBrowserWindow : failed executing ...Unable to find Windows Internet Explorer window with 'Shopping Cart - Microsoft Internet Explorer provided by Horizon Hobby' in the title., 
    StackTrace:
    AllBrowserWindow(),SharedBorderFree.cs,Line Number:1037
    RemoveSingleItemFromCart(),SharedShoppingCart.cs,Line Number:402
    RemoveSingleItemFromCart(),SharedShoppingCart.cs,Line Number:447
    CartCheckoutCartDisplayPart3(),CartDisplay.cs,Line Number:3703[5/15/2018 12:22:58 AM]&lt;CaptureImage&gt;\\CMP01-YKumar\AutoLog\CMP01-YKUMAR\CartCheckoutCartDisplayPart3_20180515002258.pngAssert.Fail failed. [5/15/2018 12:23:15 AM]&lt;ERROR&gt;MouseClick Exception:Microsoft.VisualStudio.TestTools.UITest.Extension.UITestControlNotFoundException: The playback failed to find the control with the given search properties. Additional Details: 
TechnologyName:  'Web'
ControlType:  'Hyperlink'
TagName:  'A'
Id:  'WC_OrderItemDetailsf_links_2_1'
 Failed to find any control that matched the value WC_OrderItemDetailsf_links_2_1 for the search property Id. ---&gt; System.Runtime.InteropServices.COMException: Error HRESULT E_FAIL has been returned from a call to a COM component.
   at Microsoft.VisualStudio.TestTools.UITest.Playback.Engine.IScreenElement.FindAllDescendants(String bstrQueryId, Object&amp; pvarResKeys, Int32 cResKeys, Int32 nMaxDepth)
   at Microsoft.VisualStudio.TestTools.UITest.Playback.ScreenElement.FindAllScreenElement(String queryId, Int32 depth, Boolean singleQueryId, Boolean throwException, Boolean resetSkipStep)
   at Microsoft.VisualStudio.TestTools.UITest.Playback.ScreenElement.FindScreenElement(String queryId, Int32 depth, Boolean resetSkipStep)
   at Microsoft.VisualStudio.TestTools.UITesting.UITestControl.FindFirstDescendant(String queryId, Int32 maxDepth, Int32&amp; timeLeft)
   --- End of inner exception stack trace ---
   at Microsoft.VisualStudio.TestTools.UITesting.Playback.MapControlNotFoundException(COMException ex, IPlaybackContext context)
   at Microsoft.VisualStudio.TestTools.UITesting.Playback.MapAndThrowComException(COMException innerException, IPlaybackContext context)
   at Microsoft.VisualStudio.TestTools.UITesting.Playback.MapAndThrowException(SystemException exception, IPlaybackContext context)
   at Microsoft.VisualStudio.TestTools.UITesting.Playback.MapAndThrowException(SystemException exception, String queryId)
   at Microsoft.VisualStudio.TestTools.UITesting.UITestControl.FindFirstDescendant(String queryId, Int32 maxDepth, Int32&amp; timeLeft)
   at Microsoft.VisualStudio.TestTools.UITesting.SearchHelper.GetUITestControlRecursive(Boolean useCache, Boolean alwaysSearch, ISearchArgument searchArg, IList`1 windowTitles, Int32&amp; timeLeft)
   at Microsoft.VisualStudio.TestTools.UITesting.SearchHelper.GetElement(Boolean useCache, ISearchArgument searchArg)
   at Microsoft.VisualStudio.TestTools.UITesting.SearchHelper.Search(ISearchArgument searchArg)
   at Microsoft.VisualStudio.TestTools.UITesting.UITestControl.FindInternal()
   at Microsoft.VisualStudio.TestTools.UITesting.UITestControl.&lt;Find&gt;b__3a()
   at Microsoft.VisualStudio.TestTools.UITesting.CodedUITestMethodInvoker.InvokeMethod[T](Func`1 function, UITestControl control, Boolean firePlaybackErrorEvent, Boolean logAsAction)
   at Microsoft.VisualStudio.TestTools.UITesting.UITestControl.Find()
   at Microsoft.VisualStudio.TestTools.UITesting.UITestControl.GetPropertyPrivate(String propertyName)
   at Microsoft.VisualStudio.TestTools.UITesting.UITestControl.GetPropertyOfType[T](String propertyName)
   at Microsoft.VisualStudio.TestTools.UITesting.UITestControl.get_Name()
   at TestAuto.LoggingAndSharedGenericMethods.MouseClick(UITestControl uiMenuItemTestControl) in c:\Builds\1\WebSphere\QATestAutomation\src\CodedUITest\SourceCode\Common\Logging\SharedMethods_Generic.cs:line 790, 
    StackTrace:
    MouseClick(),SharedMethods_Generic.cs,Line Number:822
    RemoveSingleItemFromCart(),SharedShoppingCart.cs,Line Number:441
    RemoveSingleItemFromCart(),SharedShoppingCart.cs,Line Number:447
    CartCheckoutCartDisplayPart3(),CartDisplay.cs,Line Number:3703[5/15/2018 12:23:15 AM]&lt;CaptureImage&gt;\\CMP01-YKumar\AutoLog\CMP01-YKUMAR\CartCheckoutCartDisplayPart3_20180515002315.png[5/15/2018 12:23:20 AM]&lt;RESULT&gt;Test Ended:#PASS=3, #FAIL=1,#Other errors=6[5/15/2018 12:23:21 AM]&lt;INFO&gt;LogCPUAndMemoryUsage: Available Memory = 25171(MB), CPU Usage = 15.95446%[5/15/2018 12:23:21 AM]&lt;INFO&gt;Private Working Set for QTAgent32_40, usage=262736 (K)[5/15/2018 12:23:21 AM]&lt;RESULT&gt;&lt;CartCheckoutCartDisplayPart3&gt; Test FAILED: Actual #FAIL=1, #Expected FAIL=0
#Other errors=6. See Error Message/logs for further details.</StdOut>
        <ErrorInfo>
          <Message>Assert.Fail failed. 
Actual #FAIL=1, #Expected FAIL=0
#Other errors=6
[Error details below]
&lt;ERROR&gt;[5/15/2018 12:21:10 AM]&lt;ERROR&gt;BackOrderClick : failed executing ...The playback failed to find the control with the given search properties. Additional Details: 
TechnologyName:  'Web'
ControlType:  'Hyperlink'
TagName:  'A'
Id:  'add2CartBtn'
 Failed to find any control that matched the value add2CartBtn for the search property Id.
&lt;ERROR&gt;[5/15/2018 12:21:26 AM]&lt;ERROR&gt;MouseClick Exception:Microsoft.VisualStudio.TestTools.UITest.Extension.FailedToPerformActionOnHiddenControlException: Cannot perform 'Click' on the hidden control. Additional Details: 
TechnologyName:  'Web'
ControlType:  'Hyperlink'
TagName:  'A'
Id:  'GotoCartButton1'
Name:  ''
Target:  ''
InnerText:  'Go to Cart'
 ---&gt; System.Runtime.InteropServices.COMException: Exception from HRESULT: 0xF004F002
   at Microsoft.VisualStudio.TestTools.UITest.Playback.Engine.IScreenElement.MouseButtonClick(Int32 x, Int32 y, Int32 nButton, Int32 fEnsureVisible, String bstrKeyModifiers)
   at Microsoft.VisualStudio.TestTools.UITest.Playback.ScreenElement.MouseButtonClick(Int32 x, Int32 y, MouseButtons button, ModifierKeys modifierKeys, Int32 ensureVisible)
   at Microsoft.VisualStudio.TestTools.UITesting.UITestControl.Click(MouseButtons button, ModifierKeys modifierKeys, Point relativeCoordinates)
   --- End of inner exception stack trace ---
   at Microsoft.VisualStudio.TestTools.UITesting.Playback.MapAndThrowComException(COMException innerException, IPlaybackContext context)
   at Microsoft.VisualStudio.TestTools.UITesting.Playback.MapAndThrowException(SystemException exception, IPlaybackContext context)
   at Microsoft.VisualStudio.TestTools.UITesting.Playback.MapAndThrowException(SystemException exception, String actionName, UITestControl uiControl, Point point)
   at Microsoft.VisualStudio.TestTools.UITesting.UITestControl.Click(MouseButtons button, ModifierKeys modifierKeys, Point relativeCoordinates)
   at Microsoft.VisualStudio.TestTools.UITesting.UITestActionExecutorCore.Click(UITestControl control, MouseButtons button, ModifierKeys modifierKeys, Point relativeCoordinate)
   at Microsoft.VisualStudio.TestTools.UITesting.Mouse.ClickImplementation(UITestControl control, MouseButtons button, ModifierKeys modifierKeys, Point relativeCoordinate)
   at Microsoft.VisualStudio.TestTools.UITesting.Mouse.&lt;&gt;c__DisplayClass6.&lt;Click&gt;b__5()
   at Microsoft.VisualStudio.TestTools.UITesting.CodedUITestMethodInvoker.InvokeMethod[T](Func`1 function, UITestControl control, Boolean firePlaybackErrorEvent, Boolean logAsAction)
   at Microsoft.VisualStudio.TestTools.UITesting.Mouse.Click(UITestControl control, MouseButtons button, ModifierKeys modifierKeys, Point relativeCoordinate)
   at Microsoft.VisualStudio.TestTools.UITesting.Mouse.Click(UITestControl control)
   at TestAuto.LoggingAndSharedGenericMethods.MouseClick(UITestControl uiMenuItemTestControl) in c:\Builds\1\WebSphere\QATestAutomation\src\CodedUITest\SourceCode\Common\Logging\SharedMethods_Generic.cs:line 785
&lt;ERROR&gt;[5/15/2018 12:21:49 AM]&lt;Error&gt;AllBrowserWindow : failed executing ...Unable to find Windows Internet Explorer window with 'Shopping Cart - Microsoft Internet Explorer provided by Horizon Hobby' in the title.
&lt;ERROR&gt;[5/15/2018 12:22:33 AM]&lt;ERROR&gt;GetInventoryStockStatusFromCart : failed executing ...Unable to find Windows Internet Explorer window with 'Shopping Cart' in the title.
&lt;FAIL&gt;&lt;CartCheckoutCartDisplayPart3&gt;&lt;Validate the Stock Status on shipping Cart page as : &gt;.Assert.AreEqual failed. Expected:&lt;Backorder&gt;. Actual:&lt;&gt;. 
    StackTrace:
    CartCheckoutCartDisplayPart3(),CartDisplay.cs,Line Number:3701
&lt;ERROR&gt;[5/15/2018 12:22:58 AM]&lt;Error&gt;AllBrowserWindow : failed executing ...Unable to find Windows Internet Explorer window with 'Shopping Cart - Microsoft Internet Explorer provided by Horizon Hobby' in the title.
&lt;ERROR&gt;[5/15/2018 12:23:15 AM]&lt;ERROR&gt;MouseClick Exception:Microsoft.VisualStudio.TestTools.UITest.Extension.UITestControlNotFoundException: The playback failed to find the control with the given search properties. Additional Details: 
TechnologyName:  'Web'
ControlType:  'Hyperlink'
TagName:  'A'
Id:  'WC_OrderItemDetailsf_links_2_1'
 Failed to find any control that matched the value WC_OrderItemDetailsf_links_2_1 for the search property Id. ---&gt; System.Runtime.InteropServices.COMException: Error HRESULT E_FAIL has been returned from a call to a COM component.
   at Microsoft.VisualStudio.TestTools.UITest.Playback.Engine.IScreenElement.FindAllDescendants(String bstrQueryId, Object&amp; pvarResKeys, Int32 cResKeys, Int32 nMaxDepth)
   at Microsoft.VisualStudio.TestTools.UITest.Playback.ScreenElement.FindAllScreenElement(String queryId, Int32 depth, Boolean singleQueryId, Boolean throwException, Boolean resetSkipStep)
   at Microsoft.VisualStudio.TestTools.UITest.Playback.ScreenElement.FindScreenElement(String queryId, Int32 depth, Boolean resetSkipStep)
   at Microsoft.VisualStudio.TestTools.UITesting.UITestControl.FindFirstDescendant(String queryId, Int32 maxDepth, Int32&amp; timeLeft)
   --- End of inner exception stack trace ---
   at Microsoft.VisualStudio.TestTools.UITesting.Playback.MapControlNotFoundException(COMException ex, IPlaybackContext context)
   at Microsoft.VisualStudio.TestTools.UITesting.Playback.MapAndThrowComException(COMException innerException, IPlaybackContext context)
   at Microsoft.VisualStudio.TestTools.UITesting.Playback.MapAndThrowException(SystemException exception, IPlaybackContext context)
   at Microsoft.VisualStudio.TestTools.UITesting.Playback.MapAndThrowException(SystemException exception, String queryId)
   at Microsoft.VisualStudio.TestTools.UITesting.UITestControl.FindFirstDescendant(String queryId, Int32 maxDepth, Int32&amp; timeLeft)
   at Microsoft.VisualStudio.TestTools.UITesting.SearchHelper.GetUITestControlRecursive(Boolean useCache, Boolean alwaysSearch, ISearchArgument searchArg, IList`1 windowTitles, Int32&amp; timeLeft)
   at Microsoft.VisualStudio.TestTools.UITesting.SearchHelper.GetElement(Boolean useCache, ISearchArgument searchArg)
   at Microsoft.VisualStudio.TestTools.UITesting.SearchHelper.Search(ISearchArgument searchArg)
   at Microsoft.VisualStudio.TestTools.UITesting.UITestControl.FindInternal()
   at Microsoft.VisualStudio.TestTools.UITesting.UITestControl.&lt;Find&gt;b__3a()
   at Microsoft.VisualStudio.TestTools.UITesting.CodedUITestMethodInvoker.InvokeMethod[T](Func`1 function, UITestControl control, Boolean firePlaybackErrorEvent, Boolean logAsAction)
   at Microsoft.VisualStudio.TestTools.UITesting.UITestControl.Find()
   at Microsoft.VisualStudio.TestTools.UITesting.UITestControl.GetPropertyPrivate(String propertyName)
   at Microsoft.VisualStudio.TestTools.UITesting.UITestControl.GetPropertyOfType[T](String propertyName)
   at Microsoft.VisualStudio.TestTools.UITesting.UITestControl.get_Name()
   at TestAuto.LoggingAndSharedGenericMethods.MouseClick(UITestControl uiMenuItemTestControl) in c:\Builds\1\WebSphere\QATestAutomation\src\CodedUITest\SourceCode\Common\Logging\SharedMethods_Generic.cs:line 790</Message>
          <StackTrace>   at TestAuto.LoggingAndSharedGenericMethods.EndTest() in c:\Builds\1\WebSphere\QATestAutomation\src\CodedUITest\SourceCode\Common\Logging\Logging.cs:line 1628
   at TestAuto.CartDisplayTest.TestCleanup() in c:\Builds\1\WebSphere\QATestAutomation\src\CodedUITest\SourceCode\HHobby\CartDisplay\CartDisplay.cs:line 5472
</StackTrace>
        </ErrorInfo>
      </Output>
      <ResultFiles />
    </UnitTestResult>
    <UnitTestResult executionId="cc9a06d9-48d7-4455-9634-3ad4981d4c88" testId="d2d49f6b-8732-4b2d-609f-ebcf8240af10" testName="ShoppingCartAssociatedMerchandiseDisplayOrder" computerName="CMP01-YKUMAR" duration="00:12:33.7121904" startTime="2018-05-15T00:23:23.3402310-05:00" endTime="2018-05-15T00:35:57.0772310-05:00" testType="13cdc9d9-ddb5-4fa4-a97d-d965ccfc6d4b" outcome="Failed" testListId="8c84fa94-04c1-424b-9868-57a2d4851a1d">
      <Output>
        <StdOut>Logging to custom path:\\CMP01-YKumar\AutoLogAssert.Fail failed. 
#Other errors=16
[Error details below]
&lt;ERROR&gt;[5/15/2018 12:27:06 AM]&lt;ERROR&gt;BackOrderClick : failed executing ...The playback failed to find the control with the given search properties. Additional Details: 
TechnologyName:  'Web'
ControlType:  'Hyperlink'
TagName:  'A'
Id:  'add2CartBtn'
 Failed to find any control that matched the search condition Id='add2CartBtn' &amp;&amp; ControlType='Hyperlink'
&lt;ERROR&gt;[5/15/2018 12:27:20 AM]&lt;ERROR&gt;MouseClick Exception:Microsoft.VisualStudio.TestTools.UITest.Extension.UITestControlNotFoundException: The playback failed to find the control with the given search properties. Additional Details: 
TechnologyName:  'Web'
ControlType:  'Hyperlink'
TagName:  'A'
Id:  'GotoCartButton1'
Class:  'button'
InnerText:  'Go to Cart'
 Failed to find any control that matched the search condition Id='GotoCartButton1' &amp;&amp; ControlType='Hyperlink' &amp;&amp; Class='button' &amp;&amp; InnerText='Go to Cart' ---&gt; System.Runtime.InteropServices.COMException: Error HRESULT E_FAIL has been returned from a call to a COM component.
   at Microsoft.VisualStudio.TestTools.UITest.Playback.Engine.IScreenElement.FindAllDescendants(String bstrQueryId, Object&amp; pvarResKeys, Int32 cResKeys, Int32 nMaxDepth)
   at Microsoft.VisualStudio.TestTools.UITest.Playback.ScreenElement.FindAllScreenElement(String queryId, Int32 depth, Boolean singleQueryId, Boolean throwException, Boolean resetSkipStep)
   at Microsoft.VisualStudio.TestTools.UITest.Playback.ScreenElement.FindScreenElement(String queryId, Int32 depth, Boolean resetSkipStep)
   at Microsoft.VisualStudio.TestTools.UITesting.UITestControl.FindFirstDescendant(String queryId, Int32 maxDepth, Int32&amp; timeLeft)
   --- End of inner exception stack trace ---
   at Microsoft.VisualStudio.TestTools.UITesting.Playback.MapControlNotFoundException(COMException ex, IPlaybackContext context)
   at Microsoft.VisualStudio.TestTools.UITesting.Playback.MapAndThrowComException(COMException innerException, IPlaybackContext context)
   at Microsoft.VisualStudio.TestTools.UITesting.Playback.MapAndThrowException(SystemException exception, IPlaybackContext context)
   at Microsoft.VisualStudio.TestTools.UITesting.Playback.MapAndThrowException(SystemException exception, String queryId)
   at Microsoft.VisualStudio.TestTools.UITesting.UITestControl.FindFirstDescendant(String queryId, Int32 maxDepth, Int32&amp; timeLeft)
   at Microsoft.VisualStudio.TestTools.UITesting.SearchHelper.GetUITestControlRecursive(Boolean useCache, Boolean alwaysSearch, ISearchArgument searchArg, IList`1 windowTitles, Int32&amp; timeLeft)
   at Microsoft.VisualStudio.TestTools.UITesting.SearchHelper.GetElement(Boolean useCache, ISearchArgument searchArg)
   at Microsoft.VisualStudio.TestTools.UITesting.SearchHelper.Search(ISearchArgument searchArg)
   at Microsoft.VisualStudio.TestTools.UITesting.UITestControl.FindInternal()
   at Microsoft.VisualStudio.TestTools.UITesting.UITestControl.&lt;Find&gt;b__3a()
   at Microsoft.VisualStudio.TestTools.UITesting.CodedUITestMethodInvoker.InvokeMethod[T](Func`1 function, UITestControl control, Boolean firePlaybackErrorEvent, Boolean logAsAction)
   at Microsoft.VisualStudio.TestTools.UITesting.UITestControl.Find()
   at Microsoft.VisualStudio.TestTools.UITesting.UITestControl.GetPropertyPrivate(String propertyName)
   at Microsoft.VisualStudio.TestTools.UITesting.UITestControl.GetPropertyOfType[T](String propertyName)
   at Microsoft.VisualStudio.TestTools.UITesting.UITestControl.get_Name()
   at TestAuto.LoggingAndSharedGenericMethods.MouseClick(UITestControl uiMenuItemTestControl) in c:\Builds\1\WebSphere\QATestAutomation\src\CodedUITest\SourceCode\Common\Logging\SharedMethods_Generic.cs:line 790
&lt;ERROR&gt;[5/15/2018 12:27:43 AM]&lt;Error&gt;AllBrowserWindow : failed executing ...Unable to find Windows Internet Explorer window with 'Shopping Cart - Microsoft Internet Explorer provided by Horizon Hobby' in the title.
&lt;ERROR&gt;[5/15/2018 12:27:46 AM]&lt;ERROR&gt;SearchProduct := APC09045E : failed executing ...The playback failed to find the control with the given search properties. Additional Details: 
TechnologyName:  'Web'
ControlType:  'Edit'
TagName:  'INPUT'
Id:  'SimpleSearchForm_SearchTerm'
 Failed to find any control that matched the search condition ControlType='Edit' &amp;&amp; Id=&gt;'SimpleSearchForm_SearchTerm'
&lt;ERROR&gt;[5/15/2018 12:29:48 AM]&lt;ERROR&gt;BackOrderClick : failed executing ...The playback failed to find the control with the given search properties. Additional Details: 
TechnologyName:  'Web'
ControlType:  'Hyperlink'
TagName:  'A'
Id:  'add2CartBtn'
 Failed to find any control that matched the search condition Id='add2CartBtn' &amp;&amp; ControlType='Hyperlink'
&lt;ERROR&gt;[5/15/2018 12:30:04 AM]&lt;ERROR&gt;MouseClick Exception:Microsoft.VisualStudio.TestTools.UITest.Extension.UITestControlNotFoundException: The playback failed to find the control with the given search properties. Additional Details: 
TechnologyName:  'Web'
ControlType:  'Hyperlink'
TagName:  'A'
Id:  'GotoCartButton1'
Class:  'button'
InnerText:  'Go to Cart'
 Failed to find any control that matched the search condition Id='GotoCartButton1' &amp;&amp; ControlType='Hyperlink' &amp;&amp; Class='button' &amp;&amp; InnerText='Go to Cart' ---&gt; System.Runtime.InteropServices.COMException: Error HRESULT E_FAIL has been returned from a call to a COM component.
   at Microsoft.VisualStudio.TestTools.UITest.Playback.Engine.IScreenElement.FindAllDescendants(String bstrQueryId, Object&amp; pvarResKeys, Int32 cResKeys, Int32 nMaxDepth)
   at Microsoft.VisualStudio.TestTools.UITest.Playback.ScreenElement.FindAllScreenElement(String queryId, Int32 depth, Boolean singleQueryId, Boolean throwException, Boolean resetSkipStep)
   at Microsoft.VisualStudio.TestTools.UITest.Playback.ScreenElement.FindScreenElement(String queryId, Int32 depth, Boolean resetSkipStep)
   at Microsoft.VisualStudio.TestTools.UITesting.UITestControl.FindFirstDescendant(String queryId, Int32 maxDepth, Int32&amp; timeLeft)
   --- End of inner exception stack trace ---
   at Microsoft.VisualStudio.TestTools.UITesting.Playback.MapControlNotFoundException(COMException ex, IPlaybackContext context)
   at Microsoft.VisualStudio.TestTools.UITesting.Playback.MapAndThrowComException(COMException innerException, IPlaybackContext context)
   at Microsoft.VisualStudio.TestTools.UITesting.Playback.MapAndThrowException(SystemException exception, IPlaybackContext context)
   at Microsoft.VisualStudio.TestTools.UITesting.Playback.MapAndThrowException(SystemException exception, String queryId)
   at Microsoft.VisualStudio.TestTools.UITesting.UITestControl.FindFirstDescendant(String queryId, Int32 maxDepth, Int32&amp; timeLeft)
   at Microsoft.VisualStudio.TestTools.UITesting.SearchHelper.GetUITestControlRecursive(Boolean useCache, Boolean alwaysSearch, ISearchArgument searchArg, IList`1 windowTitles, Int32&amp; timeLeft)
   at Microsoft.VisualStudio.TestTools.UITesting.SearchHelper.GetElement(Boolean useCache, ISearchArgument searchArg)
   at Microsoft.VisualStudio.TestTools.UITesting.SearchHelper.Search(ISearchArgument searchArg)
   at Microsoft.VisualStudio.TestTools.UITesting.UITestControl.FindInternal()
   at Microsoft.VisualStudio.TestTools.UITesting.UITestControl.&lt;Find&gt;b__3a()
   at Microsoft.VisualStudio.TestTools.UITesting.CodedUITestMethodInvoker.InvokeMethod[T](Func`1 function, UITestControl control, Boolean firePlaybackErrorEvent, Boolean logAsAction)
   at Microsoft.VisualStudio.TestTools.UITesting.UITestControl.Find()
   at Microsoft.VisualStudio.TestTools.UITesting.UITestControl.GetPropertyPrivate(String propertyName)
   at Microsoft.VisualStudio.TestTools.UITesting.UITestControl.GetPropertyOfType[T](String propertyName)
   at Microsoft.VisualStudio.TestTools.UITesting.UITestControl.get_Name()
   at TestAuto.LoggingAndSharedGenericMethods.MouseClick(UITestControl uiMenuItemTestControl) in c:\Builds\1\WebSphere\QATestAutomation\src\CodedUITest\SourceCode\Common\Logging\SharedMethods_Generic.cs:line 790
&lt;ERROR&gt;[5/15/2018 12:30:26 AM]&lt;Error&gt;AllBrowserWindow : failed executing ...Unable to find Windows Internet Explorer window with 'Shopping Cart - Microsoft Internet Explorer provided by Horizon Hobby' in the title.
&lt;ERROR&gt;[5/15/2018 12:30:29 AM]&lt;ERROR&gt;SearchProduct := APCFH4 : failed executing ...The playback failed to find the control with the given search properties. Additional Details: 
TechnologyName:  'Web'
ControlType:  'Edit'
TagName:  'INPUT'
Id:  'SimpleSearchForm_SearchTerm'
 Failed to find any control that matched the search condition ControlType='Edit' &amp;&amp; Id=&gt;'SimpleSearchForm_SearchTerm'
&lt;ERROR&gt;[5/15/2018 12:32:31 AM]&lt;ERROR&gt;BackOrderClick : failed executing ...The playback failed to find the control with the given search properties. Additional Details: 
TechnologyName:  'Web'
ControlType:  'Hyperlink'
TagName:  'A'
Id:  'add2CartBtn'
 Failed to find any control that matched the search condition Id='add2CartBtn' &amp;&amp; ControlType='Hyperlink'
&lt;ERROR&gt;[5/15/2018 12:32:46 AM]&lt;ERROR&gt;MouseClick Exception:Microsoft.VisualStudio.TestTools.UITest.Extension.UITestControlNotFoundException: The playback failed to find the control with the given search properties. Additional Details: 
TechnologyName:  'Web'
ControlType:  'Hyperlink'
TagName:  'A'
Id:  'GotoCartButton1'
Class:  'button'
InnerText:  'Go to Cart'
 Failed to find any control that matched the search condition Id='GotoCartButton1' &amp;&amp; ControlType='Hyperlink' &amp;&amp; Class='button' &amp;&amp; InnerText='Go to Cart' ---&gt; System.Runtime.InteropServices.COMException: Error HRESULT E_FAIL has been returned from a call to a COM component.
   at Microsoft.VisualStudio.TestTools.UITest.Playback.Engine.IScreenElement.FindAllDescendants(String bstrQueryId, Object&amp; pvarResKeys, Int32 cResKeys, Int32 nMaxDepth)
   at Microsoft.VisualStudio.TestTools.UITest.Playback.ScreenElement.FindAllScreenElement(String queryId, Int32 depth, Boolean singleQueryId, Boolean throwException, Boolean resetSkipStep)
   at Microsoft.VisualStudio.TestTools.UITest.Playback.ScreenElement.FindScreenElement(String queryId, Int32 depth, Boolean resetSkipStep)
   at Microsoft.VisualStudio.TestTools.UITesting.UITestControl.FindFirstDescendant(String queryId, Int32 maxDepth, Int32&amp; timeLeft)
   --- End of inner exception stack trace ---
   at Microsoft.VisualStudio.TestTools.UITesting.Playback.MapControlNotFoundException(COMException ex, IPlaybackContext context)
   at Microsoft.VisualStudio.TestTools.UITesting.Playback.MapAndThrowComException(COMException innerException, IPlaybackContext context)
   at Microsoft.VisualStudio.TestTools.UITesting.Playback.MapAndThrowException(SystemException exception, IPlaybackContext context)
   at Microsoft.VisualStudio.TestTools.UITesting.Playback.MapAndThrowException(SystemException exception, String queryId)
   at Microsoft.VisualStudio.TestTools.UITesting.UITestControl.FindFirstDescendant(String queryId, Int32 maxDepth, Int32&amp; timeLeft)
   at Microsoft.VisualStudio.TestTools.UITesting.SearchHelper.GetUITestControlRecursive(Boolean useCache, Boolean alwaysSearch, ISearchArgument searchArg, IList`1 windowTitles, Int32&amp; timeLeft)
   at Microsoft.VisualStudio.TestTools.UITesting.SearchHelper.GetElement(Boolean useCache, ISearchArgument searchArg)
   at Microsoft.VisualStudio.TestTools.UITesting.SearchHelper.Search(ISearchArgument searchArg)
   at Microsoft.VisualStudio.TestTools.UITesting.UITestControl.FindInternal()
   at Microsoft.VisualStudio.TestTools.UITesting.UITestControl.&lt;Find&gt;b__3a()
   at Microsoft.VisualStudio.TestTools.UITesting.CodedUITestMethodInvoker.InvokeMethod[T](Func`1 function, UITestControl control, Boolean firePlaybackErrorEvent, Boolean logAsAction)
   at Microsoft.VisualStudio.TestTools.UITesting.UITestControl.Find()
   at Microsoft.VisualStudio.TestTools.UITesting.UITestControl.GetPropertyPrivate(String propertyName)
   at Microsoft.VisualStudio.TestTools.UITesting.UITestControl.GetPropertyOfType[T](String propertyName)
   at Microsoft.VisualStudio.TestTools.UITesting.UITestControl.get_Name()
   at TestAuto.LoggingAndSharedGenericMethods.MouseClick(UITestControl uiMenuItemTestControl) in c:\Builds\1\WebSphere\QATestAutomation\src\CodedUITest\SourceCode\Common\Logging\SharedMethods_Generic.cs:line 790
&lt;ERROR&gt;[5/15/2018 12:33:08 AM]&lt;Error&gt;AllBrowserWindow : failed executing ...Unable to find Windows Internet Explorer window with 'Shopping Cart - Microsoft Internet Explorer provided by Horizon Hobby' in the title.
&lt;ERROR&gt;[5/15/2018 12:33:12 AM]&lt;ERROR&gt;SearchProduct := APC07060 : failed executing ...The playback failed to find the control with the given search properties. Additional Details: 
TechnologyName:  'Web'
ControlType:  'Edit'
TagName:  'INPUT'
Id:  'SimpleSearchForm_SearchTerm'
 Failed to find any control that matched the search condition ControlType='Edit' &amp;&amp; Id=&gt;'SimpleSearchForm_SearchTerm'
&lt;ERROR&gt;[5/15/2018 12:35:13 AM]&lt;ERROR&gt;BackOrderClick : failed executing ...The playback failed to find the control with the given search properties. Additional Details: 
TechnologyName:  'Web'
ControlType:  'Hyperlink'
TagName:  'A'
Id:  'add2CartBtn'
 Failed to find any control that matched the search condition Id='add2CartBtn' &amp;&amp; ControlType='Hyperlink'
&lt;ERROR&gt;[5/15/2018 12:35:28 AM]&lt;ERROR&gt;MouseClick Exception:Microsoft.VisualStudio.TestTools.UITest.Extension.UITestControlNotFoundException: The playback failed to find the control with the given search properties. Additional Details: 
TechnologyName:  'Web'
ControlType:  'Hyperlink'
TagName:  'A'
Id:  'GotoCartButton1'
Class:  'button'
InnerText:  'Go to Cart'
 Failed to find any control that matched the search condition Id='GotoCartButton1' &amp;&amp; ControlType='Hyperlink' &amp;&amp; Class='button' &amp;&amp; InnerText='Go to Cart' ---&gt; System.Runtime.InteropServices.COMException: Error HRESULT E_FAIL has been returned from a call to a COM component.
   at Microsoft.VisualStudio.TestTools.UITest.Playback.Engine.IScreenElement.FindAllDescendants(String bstrQueryId, Object&amp; pvarResKeys, Int32 cResKeys, Int32 nMaxDepth)
   at Microsoft.VisualStudio.TestTools.UITest.Playback.ScreenElement.FindAllScreenElement(String queryId, Int32 depth, Boolean singleQueryId, Boolean throwException, Boolean resetSkipStep)
   at Microsoft.VisualStudio.TestTools.UITest.Playback.ScreenElement.FindScreenElement(String queryId, Int32 depth, Boolean resetSkipStep)
   at Microsoft.VisualStudio.TestTools.UITesting.UITestControl.FindFirstDescendant(String queryId, Int32 maxDepth, Int32&amp; timeLeft)
   --- End of inner exception stack trace ---
   at Microsoft.VisualStudio.TestTools.UITesting.Playback.MapControlNotFoundException(COMException ex, IPlaybackContext context)
   at Microsoft.VisualStudio.TestTools.UITesting.Playback.MapAndThrowComException(COMException innerException, IPlaybackContext context)
   at Microsoft.VisualStudio.TestTools.UITesting.Playback.MapAndThrowException(SystemException exception, IPlaybackContext context)
   at Microsoft.VisualStudio.TestTools.UITesting.Playback.MapAndThrowException(SystemException exception, String queryId)
   at Microsoft.VisualStudio.TestTools.UITesting.UITestControl.FindFirstDescendant(String queryId, Int32 maxDepth, Int32&amp; timeLeft)
   at Microsoft.VisualStudio.TestTools.UITesting.SearchHelper.GetUITestControlRecursive(Boolean useCache, Boolean alwaysSearch, ISearchArgument searchArg, IList`1 windowTitles, Int32&amp; timeLeft)
   at Microsoft.VisualStudio.TestTools.UITesting.SearchHelper.GetElement(Boolean useCache, ISearchArgument searchArg)
   at Microsoft.VisualStudio.TestTools.UITesting.SearchHelper.Search(ISearchArgument searchArg)
   at Microsoft.VisualStudio.TestTools.UITesting.UITestControl.FindInternal()
   at Microsoft.VisualStudio.TestTools.UITesting.UITestControl.&lt;Find&gt;b__3a()
   at Microsoft.VisualStudio.TestTools.UITesting.CodedUITestMethodInvoker.InvokeMethod[T](Func`1 function, UITestControl control, Boolean firePlaybackErrorEvent, Boolean logAsAction)
   at Microsoft.VisualStudio.TestTools.UITesting.UITestControl.Find()
   at Microsoft.VisualStudio.TestTools.UITesting.UITestControl.GetPropertyPrivate(String propertyName)
   at Microsoft.VisualStudio.TestTools.UITesting.UITestControl.GetPropertyOfType[T](String propertyName)
   at Microsoft.VisualStudio.TestTools.UITesting.UITestControl.get_Name()
   at TestAuto.LoggingAndSharedGenericMethods.MouseClick(UITestControl uiMenuItemTestControl) in c:\Builds\1\WebSphere\QATestAutomation\src\CodedUITest\SourceCode\Common\Logging\SharedMethods_Generic.cs:line 790
&lt;ERROR&gt;[5/15/2018 12:35:50 AM]&lt;Error&gt;AllBrowserWindow : failed executing ...Unable to find Windows Internet Explorer window with 'Shopping Cart - Microsoft Internet Explorer provided by Horizon Hobby' in the title.
&lt;ERROR&gt;[5/15/2018 12:35:53 AM]&lt;ERROR&gt;ShoppingCartAssociatedMerchandiseDisplayOrder : failed executing ...The playback failed to find the control with the given search properties. Additional Details: 
TechnologyName:  'Web'
ControlType:  'Pane'
TagName:  'DIV'
Class:  'shopCart_youMayConsider'
 Failed to find any control that matched the search condition ControlType='Pane' &amp;&amp; Class=&gt;'shopCart_youMayConsider'   at TestAuto.LoggingAndSharedGenericMethods.EndTest() in c:\Builds\1\WebSphere\QATestAutomation\src\CodedUITest\SourceCode\Common\Logging\Logging.cs:line 1628
   at TestAuto.CartDisplayTest.TestCleanup() in c:\Builds\1\WebSphere\QATestAutomation\src\CodedUITest\SourceCode\HHobby\CartDisplay\CartDisplay.cs:line 5472
[5/15/2018 12:23:23 AM]&lt;STARTLOG&gt;&lt;ShoppingCartAssociatedMerchandiseDisplayOrder&gt;Test Started: Expecting: #PASS=Undefined and #FAIL=0
Running from MTM=True, running on machine name:CMP01-YKUMAR, user name=ykumar, OS=Microsoft Windows NT 6.1.7601 Service Pack 1, Is64BitOS=True[5/15/2018 12:23:24 AM]&lt;INFO&gt;LogCPUAndMemoryUsage: Available Memory = 25184(MB), CPU Usage = 39.49566%[5/15/2018 12:23:24 AM]&lt;INFO&gt;Private Working Set for QTAgent32_40, usage=262860 (K)[5/15/2018 12:23:24 AM]&lt;INFO&gt;Path To TestConfig xml=C:\Users\ykumar\AppData\Local\VSEQT\QTAgent\26974\CMP01-YKUMAR.horizonhobby.com\Deployment\SharedCommonConfig.xml[5/15/2018 12:23:24 AM]&lt;INFO&gt;Path To TestData xml=C:\Users\ykumar\AppData\Local\VSEQT\QTAgent\26974\CMP01-YKUMAR.horizonhobby.com\Deployment\CartDisplayTestData_002323.xml[5/15/2018 12:23:24 AM]&lt;INFO&gt;Path To HorizonHobbyQA Application Url=https://www-tst.horizonhobby.com[5/15/2018 12:23:24 AM]&lt;INFO&gt;HorizonHobbyQA sql connection string=Server=cmp02-ws-tst-db01:50000;Database=TST01DB;UID=wcdbuser;PWD=h0r1z0n;Connect Timeout=30[5/15/2018 12:23:24 AM]&lt;INFO&gt;Country is := US and language id is := '-1'[5/15/2018 12:23:24 AM]&lt;INFO&gt;Current browser used for test execution is = 'IE'[5/15/2018 12:23:27 AM]&lt;Info&gt;AllBrowserWindow : Locating browser window...[5/15/2018 12:23:27 AM]&lt;INFO&gt;GetSearchProductAndAssociatedProducts executing... [5/15/2018 12:23:29 AM]&lt;INFO&gt;SearchProductexecuting ... Searching term:= 'APC05545'[5/15/2018 12:23:36 AM]&lt;Info&gt;AllBrowserWindow : Locating browser window...[5/15/2018 12:23:58 AM]&lt;Info&gt;AllBrowserWindow : Locating browser window...[5/15/2018 12:24:28 AM]&lt;Info&gt;AllBrowserWindow : Locating browser window...[5/15/2018 12:24:43 AM]&lt;INFO&gt;BackOrderClickexecuting ...[5/15/2018 12:24:43 AM]&lt;INFO&gt;GoToCartClickexecuting ...[5/15/2018 12:24:48 AM]&lt;Info&gt;AllBrowserWindow : Locating browser window...[5/15/2018 12:24:58 AM]&lt;INFO&gt;SearchProductexecuting ... Searching term:= 'APC09060SF'[5/15/2018 12:25:04 AM]&lt;Info&gt;AllBrowserWindow : Locating browser window...[5/15/2018 12:25:27 AM]&lt;Info&gt;AllBrowserWindow : Locating browser window...[5/15/2018 12:26:59 AM]&lt;INFO&gt;BackOrderClickexecuting ...Assert.Fail failed. [5/15/2018 12:27:06 AM]&lt;ERROR&gt;BackOrderClick : failed executing ...The playback failed to find the control with the given search properties. Additional Details: 
TechnologyName:  'Web'
ControlType:  'Hyperlink'
TagName:  'A'
Id:  'add2CartBtn'
 Failed to find any control that matched the search condition Id='add2CartBtn' &amp;&amp; ControlType='Hyperlink', 
    StackTrace:
    BackOrderClick(),SharedProductPage.cs,Line Number:498
    BackOrderClick(),SharedProductPage.cs,Line Number:505
    CommonWorkflowMerchandiseAssociation(),CartDisplay.cs,Line Number:5261
    ShoppingCartAssociatedMerchandiseDisplayOrder(),CartDisplay.cs,Line Number:4313[5/15/2018 12:27:06 AM]&lt;CaptureImage&gt;\\CMP01-YKumar\AutoLog\CMP01-YKUMAR\ShoppingCartAssociatedMerchandiseDisplayOrder_20180515002706.png[5/15/2018 12:27:06 AM]&lt;INFO&gt;GoToCartClickexecuting ...Assert.Fail failed. [5/15/2018 12:27:20 AM]&lt;ERROR&gt;MouseClick Exception:Microsoft.VisualStudio.TestTools.UITest.Extension.UITestControlNotFoundException: The playback failed to find the control with the given search properties. Additional Details: 
TechnologyName:  'Web'
ControlType:  'Hyperlink'
TagName:  'A'
Id:  'GotoCartButton1'
Class:  'button'
InnerText:  'Go to Cart'
 Failed to find any control that matched the search condition Id='GotoCartButton1' &amp;&amp; ControlType='Hyperlink' &amp;&amp; Class='button' &amp;&amp; InnerText='Go to Cart' ---&gt; System.Runtime.InteropServices.COMException: Error HRESULT E_FAIL has been returned from a call to a COM component.
   at Microsoft.VisualStudio.TestTools.UITest.Playback.Engine.IScreenElement.FindAllDescendants(String bstrQueryId, Object&amp; pvarResKeys, Int32 cResKeys, Int32 nMaxDepth)
   at Microsoft.VisualStudio.TestTools.UITest.Playback.ScreenElement.FindAllScreenElement(String queryId, Int32 depth, Boolean singleQueryId, Boolean throwException, Boolean resetSkipStep)
   at Microsoft.VisualStudio.TestTools.UITest.Playback.ScreenElement.FindScreenElement(String queryId, Int32 depth, Boolean resetSkipStep)
   at Microsoft.VisualStudio.TestTools.UITesting.UITestControl.FindFirstDescendant(String queryId, Int32 maxDepth, Int32&amp; timeLeft)
   --- End of inner exception stack trace ---
   at Microsoft.VisualStudio.TestTools.UITesting.Playback.MapControlNotFoundException(COMException ex, IPlaybackContext context)
   at Microsoft.VisualStudio.TestTools.UITesting.Playback.MapAndThrowComException(COMException innerException, IPlaybackContext context)
   at Microsoft.VisualStudio.TestTools.UITesting.Playback.MapAndThrowException(SystemException exception, IPlaybackContext context)
   at Microsoft.VisualStudio.TestTools.UITesting.Playback.MapAndThrowException(SystemException exception, String queryId)
   at Microsoft.VisualStudio.TestTools.UITesting.UITestControl.FindFirstDescendant(String queryId, Int32 maxDepth, Int32&amp; timeLeft)
   at Microsoft.VisualStudio.TestTools.UITesting.SearchHelper.GetUITestControlRecursive(Boolean useCache, Boolean alwaysSearch, ISearchArgument searchArg, IList`1 windowTitles, Int32&amp; timeLeft)
   at Microsoft.VisualStudio.TestTools.UITesting.SearchHelper.GetElement(Boolean useCache, ISearchArgument searchArg)
   at Microsoft.VisualStudio.TestTools.UITesting.SearchHelper.Search(ISearchArgument searchArg)
   at Microsoft.VisualStudio.TestTools.UITesting.UITestControl.FindInternal()
   at Microsoft.VisualStudio.TestTools.UITesting.UITestControl.&lt;Find&gt;b__3a()
   at Microsoft.VisualStudio.TestTools.UITesting.CodedUITestMethodInvoker.InvokeMethod[T](Func`1 function, UITestControl control, Boolean firePlaybackErrorEvent, Boolean logAsAction)
   at Microsoft.VisualStudio.TestTools.UITesting.UITestControl.Find()
   at Microsoft.VisualStudio.TestTools.UITesting.UITestControl.GetPropertyPrivate(String propertyName)
   at Microsoft.VisualStudio.TestTools.UITesting.UITestControl.GetPropertyOfType[T](String propertyName)
   at Microsoft.VisualStudio.TestTools.UITesting.UITestControl.get_Name()
   at TestAuto.LoggingAndSharedGenericMethods.MouseClick(UITestControl uiMenuItemTestControl) in c:\Builds\1\WebSphere\QATestAutomation\src\CodedUITest\SourceCode\Common\Logging\SharedMethods_Generic.cs:line 790, 
    StackTrace:
    MouseClick(),SharedMethods_Generic.cs,Line Number:822
    GoToCartClick(),SharedCartPopUp.cs,Line Number:101
    CommonWorkflowMerchandiseAssociation(),CartDisplay.cs,Line Number:5263
    ShoppingCartAssociatedMerchandiseDisplayOrder(),CartDisplay.cs,Line Number:4313[5/15/2018 12:27:21 AM]&lt;CaptureImage&gt;\\CMP01-YKumar\AutoLog\CMP01-YKUMAR\ShoppingCartAssociatedMerchandiseDisplayOrder_20180515002720.png[5/15/2018 12:27:21 AM]&lt;Info&gt;AllBrowserWindow : Locating browser window...Assert.Fail failed. [5/15/2018 12:27:43 AM]&lt;Error&gt;AllBrowserWindow : failed executing ...Unable to find Windows Internet Explorer window with 'Shopping Cart - Microsoft Internet Explorer provided by Horizon Hobby' in the title., 
    StackTrace:
    AllBrowserWindow(),SharedBorderFree.cs,Line Number:1037
    CommonWorkflowMerchandiseAssociation(),CartDisplay.cs,Line Number:5265
    ShoppingCartAssociatedMerchandiseDisplayOrder(),CartDisplay.cs,Line Number:4313[5/15/2018 12:27:43 AM]&lt;CaptureImage&gt;\\CMP01-YKumar\AutoLog\CMP01-YKUMAR\ShoppingCartAssociatedMerchandiseDisplayOrder_20180515002743.png[5/15/2018 12:27:43 AM]&lt;INFO&gt;SearchProductexecuting ... Searching term:= 'APC09045E'Assert.Fail failed. [5/15/2018 12:27:46 AM]&lt;ERROR&gt;SearchProduct := APC09045E : failed executing ...The playback failed to find the control with the given search properties. Additional Details: 
TechnologyName:  'Web'
ControlType:  'Edit'
TagName:  'INPUT'
Id:  'SimpleSearchForm_SearchTerm'
 Failed to find any control that matched the search condition ControlType='Edit' &amp;&amp; Id=&gt;'SimpleSearchForm_SearchTerm', 
    StackTrace:
    SearchProduct(),SharedApplicationCommon.cs,Line Number:697
    CommonWorkflowMerchandiseAssociation(),CartDisplay.cs,Line Number:5252
    ShoppingCartAssociatedMerchandiseDisplayOrder(),CartDisplay.cs,Line Number:4313[5/15/2018 12:27:46 AM]&lt;CaptureImage&gt;\\CMP01-YKumar\AutoLog\CMP01-YKUMAR\ShoppingCartAssociatedMerchandiseDisplayOrder_20180515002746.png[5/15/2018 12:27:46 AM]&lt;Info&gt;AllBrowserWindow : Locating browser window...[5/15/2018 12:28:09 AM]&lt;Info&gt;AllBrowserWindow : Locating browser window...[5/15/2018 12:29:41 AM]&lt;INFO&gt;BackOrderClickexecuting ...Assert.Fail failed. [5/15/2018 12:29:48 AM]&lt;ERROR&gt;BackOrderClick : failed executing ...The playback failed to find the control with the given search properties. Additional Details: 
TechnologyName:  'Web'
ControlType:  'Hyperlink'
TagName:  'A'
Id:  'add2CartBtn'
 Failed to find any control that matched the search condition Id='add2CartBtn' &amp;&amp; ControlType='Hyperlink', 
    StackTrace:
    BackOrderClick(),SharedProductPage.cs,Line Number:498
    BackOrderClick(),SharedProductPage.cs,Line Number:505
    CommonWorkflowMerchandiseAssociation(),CartDisplay.cs,Line Number:5261
    ShoppingCartAssociatedMerchandiseDisplayOrder(),CartDisplay.cs,Line Number:4313[5/15/2018 12:29:48 AM]&lt;CaptureImage&gt;\\CMP01-YKumar\AutoLog\CMP01-YKUMAR\ShoppingCartAssociatedMerchandiseDisplayOrder_20180515002948.png[5/15/2018 12:29:48 AM]&lt;INFO&gt;GoToCartClickexecuting ...Assert.Fail failed. [5/15/2018 12:30:04 AM]&lt;ERROR&gt;MouseClick Exception:Microsoft.VisualStudio.TestTools.UITest.Extension.UITestControlNotFoundException: The playback failed to find the control with the given search properties. Additional Details: 
TechnologyName:  'Web'
ControlType:  'Hyperlink'
TagName:  'A'
Id:  'GotoCartButton1'
Class:  'button'
InnerText:  'Go to Cart'
 Failed to find any control that matched the search condition Id='GotoCartButton1' &amp;&amp; ControlType='Hyperlink' &amp;&amp; Class='button' &amp;&amp; InnerText='Go to Cart' ---&gt; System.Runtime.InteropServices.COMException: Error HRESULT E_FAIL has been returned from a call to a COM component.
   at Microsoft.VisualStudio.TestTools.UITest.Playback.Engine.IScreenElement.FindAllDescendants(String bstrQueryId, Object&amp; pvarResKeys, Int32 cResKeys, Int32 nMaxDepth)
   at Microsoft.VisualStudio.TestTools.UITest.Playback.ScreenElement.FindAllScreenElement(String queryId, Int32 depth, Boolean singleQueryId, Boolean throwException, Boolean resetSkipStep)
   at Microsoft.VisualStudio.TestTools.UITest.Playback.ScreenElement.FindScreenElement(String queryId, Int32 depth, Boolean resetSkipStep)
   at Microsoft.VisualStudio.TestTools.UITesting.UITestControl.FindFirstDescendant(String queryId, Int32 maxDepth, Int32&amp; timeLeft)
   --- End of inner exception stack trace ---
   at Microsoft.VisualStudio.TestTools.UITesting.Playback.MapControlNotFoundException(COMException ex, IPlaybackContext context)
   at Microsoft.VisualStudio.TestTools.UITesting.Playback.MapAndThrowComException(COMException innerException, IPlaybackContext context)
   at Microsoft.VisualStudio.TestTools.UITesting.Playback.MapAndThrowException(SystemException exception, IPlaybackContext context)
   at Microsoft.VisualStudio.TestTools.UITesting.Playback.MapAndThrowException(SystemException exception, String queryId)
   at Microsoft.VisualStudio.TestTools.UITesting.UITestControl.FindFirstDescendant(String queryId, Int32 maxDepth, Int32&amp; timeLeft)
   at Microsoft.VisualStudio.TestTools.UITesting.SearchHelper.GetUITestControlRecursive(Boolean useCache, Boolean alwaysSearch, ISearchArgument searchArg, IList`1 windowTitles, Int32&amp; timeLeft)
   at Microsoft.VisualStudio.TestTools.UITesting.SearchHelper.GetElement(Boolean useCache, ISearchArgument searchArg)
   at Microsoft.VisualStudio.TestTools.UITesting.SearchHelper.Search(ISearchArgument searchArg)
   at Microsoft.VisualStudio.TestTools.UITesting.UITestControl.FindInternal()
   at Microsoft.VisualStudio.TestTools.UITesting.UITestControl.&lt;Find&gt;b__3a()
   at Microsoft.VisualStudio.TestTools.UITesting.CodedUITestMethodInvoker.InvokeMethod[T](Func`1 function, UITestControl control, Boolean firePlaybackErrorEvent, Boolean logAsAction)
   at Microsoft.VisualStudio.TestTools.UITesting.UITestControl.Find()
   at Microsoft.VisualStudio.TestTools.UITesting.UITestControl.GetPropertyPrivate(String propertyName)
   at Microsoft.VisualStudio.TestTools.UITesting.UITestControl.GetPropertyOfType[T](String propertyName)
   at Microsoft.VisualStudio.TestTools.UITesting.UITestControl.get_Name()
   at TestAuto.LoggingAndSharedGenericMethods.MouseClick(UITestControl uiMenuItemTestControl) in c:\Builds\1\WebSphere\QATestAutomation\src\CodedUITest\SourceCode\Common\Logging\SharedMethods_Generic.cs:line 790, 
    StackTrace:
    MouseClick(),SharedMethods_Generic.cs,Line Number:822
    GoToCartClick(),SharedCartPopUp.cs,Line Number:101
    CommonWorkflowMerchandiseAssociation(),CartDisplay.cs,Line Number:5263
    ShoppingCartAssociatedMerchandiseDisplayOrder(),CartDisplay.cs,Line Number:4313[5/15/2018 12:30:04 AM]&lt;CaptureImage&gt;\\CMP01-YKumar\AutoLog\CMP01-YKUMAR\ShoppingCartAssociatedMerchandiseDisplayOrder_20180515003004.png[5/15/2018 12:30:04 AM]&lt;Info&gt;AllBrowserWindow : Locating browser window...Assert.Fail failed. [5/15/2018 12:30:26 AM]&lt;Error&gt;AllBrowserWindow : failed executing ...Unable to find Windows Internet Explorer window with 'Shopping Cart - Microsoft Internet Explorer provided by Horizon Hobby' in the title., 
    StackTrace:
    AllBrowserWindow(),SharedBorderFree.cs,Line Number:1037
    CommonWorkflowMerchandiseAssociation(),CartDisplay.cs,Line Number:5265
    ShoppingCartAssociatedMerchandiseDisplayOrder(),CartDisplay.cs,Line Number:4313[5/15/2018 12:30:26 AM]&lt;CaptureImage&gt;\\CMP01-YKumar\AutoLog\CMP01-YKUMAR\ShoppingCartAssociatedMerchandiseDisplayOrder_20180515003026.png[5/15/2018 12:30:26 AM]&lt;INFO&gt;SearchProductexecuting ... Searching term:= 'APCFH4'Assert.Fail failed. [5/15/2018 12:30:29 AM]&lt;ERROR&gt;SearchProduct := APCFH4 : failed executing ...The playback failed to find the control with the given search properties. Additional Details: 
TechnologyName:  'Web'
ControlType:  'Edit'
TagName:  'INPUT'
Id:  'SimpleSearchForm_SearchTerm'
 Failed to find any control that matched the search condition ControlType='Edit' &amp;&amp; Id=&gt;'SimpleSearchForm_SearchTerm', 
    StackTrace:
    SearchProduct(),SharedApplicationCommon.cs,Line Number:697
    CommonWorkflowMerchandiseAssociation(),CartDisplay.cs,Line Number:5252
    ShoppingCartAssociatedMerchandiseDisplayOrder(),CartDisplay.cs,Line Number:4313[5/15/2018 12:30:29 AM]&lt;CaptureImage&gt;\\CMP01-YKumar\AutoLog\CMP01-YKUMAR\ShoppingCartAssociatedMerchandiseDisplayOrder_20180515003029.png[5/15/2018 12:30:29 AM]&lt;Info&gt;AllBrowserWindow : Locating browser window...[5/15/2018 12:30:52 AM]&lt;Info&gt;AllBrowserWindow : Locating browser window...[5/15/2018 12:32:24 AM]&lt;INFO&gt;BackOrderClickexecuting ...Assert.Fail failed. [5/15/2018 12:32:31 AM]&lt;ERROR&gt;BackOrderClick : failed executing ...The playback failed to find the control with the given search properties. Additional Details: 
TechnologyName:  'Web'
ControlType:  'Hyperlink'
TagName:  'A'
Id:  'add2CartBtn'
 Failed to find any control that matched the search condition Id='add2CartBtn' &amp;&amp; ControlType='Hyperlink', 
    StackTrace:
    BackOrderClick(),SharedProductPage.cs,Line Number:498
    BackOrderClick(),SharedProductPage.cs,Line Number:505
    CommonWorkflowMerchandiseAssociation(),CartDisplay.cs,Line Number:5261
    ShoppingCartAssociatedMerchandiseDisplayOrder(),CartDisplay.cs,Line Number:4313[5/15/2018 12:32:31 AM]&lt;CaptureImage&gt;\\CMP01-YKumar\AutoLog\CMP01-YKUMAR\ShoppingCartAssociatedMerchandiseDisplayOrder_20180515003231.png[5/15/2018 12:32:31 AM]&lt;INFO&gt;GoToCartClickexecuting ...Assert.Fail failed. [5/15/2018 12:32:46 AM]&lt;ERROR&gt;MouseClick Exception:Microsoft.VisualStudio.TestTools.UITest.Extension.UITestControlNotFoundException: The playback failed to find the control with the given search properties. Additional Details: 
TechnologyName:  'Web'
ControlType:  'Hyperlink'
TagName:  'A'
Id:  'GotoCartButton1'
Class:  'button'
InnerText:  'Go to Cart'
 Failed to find any control that matched the search condition Id='GotoCartButton1' &amp;&amp; ControlType='Hyperlink' &amp;&amp; Class='button' &amp;&amp; InnerText='Go to Cart' ---&gt; System.Runtime.InteropServices.COMException: Error HRESULT E_FAIL has been returned from a call to a COM component.
   at Microsoft.VisualStudio.TestTools.UITest.Playback.Engine.IScreenElement.FindAllDescendants(String bstrQueryId, Object&amp; pvarResKeys, Int32 cResKeys, Int32 nMaxDepth)
   at Microsoft.VisualStudio.TestTools.UITest.Playback.ScreenElement.FindAllScreenElement(String queryId, Int32 depth, Boolean singleQueryId, Boolean throwException, Boolean resetSkipStep)
   at Microsoft.VisualStudio.TestTools.UITest.Playback.ScreenElement.FindScreenElement(String queryId, Int32 depth, Boolean resetSkipStep)
   at Microsoft.VisualStudio.TestTools.UITesting.UITestControl.FindFirstDescendant(String queryId, Int32 maxDepth, Int32&amp; timeLeft)
   --- End of inner exception stack trace ---
   at Microsoft.VisualStudio.TestTools.UITesting.Playback.MapControlNotFoundException(COMException ex, IPlaybackContext context)
   at Microsoft.VisualStudio.TestTools.UITesting.Playback.MapAndThrowComException(COMException innerException, IPlaybackContext context)
   at Microsoft.VisualStudio.TestTools.UITesting.Playback.MapAndThrowException(SystemException exception, IPlaybackContext context)
   at Microsoft.VisualStudio.TestTools.UITesting.Playback.MapAndThrowException(SystemException exception, String queryId)
   at Microsoft.VisualStudio.TestTools.UITesting.UITestControl.FindFirstDescendant(String queryId, Int32 maxDepth, Int32&amp; timeLeft)
   at Microsoft.VisualStudio.TestTools.UITesting.SearchHelper.GetUITestControlRecursive(Boolean useCache, Boolean alwaysSearch, ISearchArgument searchArg, IList`1 windowTitles, Int32&amp; timeLeft)
   at Microsoft.VisualStudio.TestTools.UITesting.SearchHelper.GetElement(Boolean useCache, ISearchArgument searchArg)
   at Microsoft.VisualStudio.TestTools.UITesting.SearchHelper.Search(ISearchArgument searchArg)
   at Microsoft.VisualStudio.TestTools.UITesting.UITestControl.FindInternal()
   at Microsoft.VisualStudio.TestTools.UITesting.UITestControl.&lt;Find&gt;b__3a()
   at Microsoft.VisualStudio.TestTools.UITesting.CodedUITestMethodInvoker.InvokeMethod[T](Func`1 function, UITestControl control, Boolean firePlaybackErrorEvent, Boolean logAsAction)
   at Microsoft.VisualStudio.TestTools.UITesting.UITestControl.Find()
   at Microsoft.VisualStudio.TestTools.UITesting.UITestControl.GetPropertyPrivate(String propertyName)
   at Microsoft.VisualStudio.TestTools.UITesting.UITestControl.GetPropertyOfType[T](String propertyName)
   at Microsoft.VisualStudio.TestTools.UITesting.UITestControl.get_Name()
   at TestAuto.LoggingAndSharedGenericMethods.MouseClick(UITestControl uiMenuItemTestControl) in c:\Builds\1\WebSphere\QATestAutomation\src\CodedUITest\SourceCode\Common\Logging\SharedMethods_Generic.cs:line 790, 
    StackTrace:
    MouseClick(),SharedMethods_Generic.cs,Line Number:822
    GoToCartClick(),SharedCartPopUp.cs,Line Number:101
    CommonWorkflowMerchandiseAssociation(),CartDisplay.cs,Line Number:5263
    ShoppingCartAssociatedMerchandiseDisplayOrder(),CartDisplay.cs,Line Number:4313[5/15/2018 12:32:46 AM]&lt;CaptureImage&gt;\\CMP01-YKumar\AutoLog\CMP01-YKUMAR\ShoppingCartAssociatedMerchandiseDisplayOrder_20180515003246.png[5/15/2018 12:32:46 AM]&lt;Info&gt;AllBrowserWindow : Locating browser window...Assert.Fail failed. [5/15/2018 12:33:08 AM]&lt;Error&gt;AllBrowserWindow : failed executing ...Unable to find Windows Internet Explorer window with 'Shopping Cart - Microsoft Internet Explorer provided by Horizon Hobby' in the title., 
    StackTrace:
    AllBrowserWindow(),SharedBorderFree.cs,Line Number:1037
    CommonWorkflowMerchandiseAssociation(),CartDisplay.cs,Line Number:5265
    ShoppingCartAssociatedMerchandiseDisplayOrder(),CartDisplay.cs,Line Number:4313[5/15/2018 12:33:08 AM]&lt;CaptureImage&gt;\\CMP01-YKumar\AutoLog\CMP01-YKUMAR\ShoppingCartAssociatedMerchandiseDisplayOrder_20180515003308.png[5/15/2018 12:33:08 AM]&lt;INFO&gt;SearchProductexecuting ... Searching term:= 'APC07060'Assert.Fail failed. [5/15/2018 12:33:12 AM]&lt;ERROR&gt;SearchProduct := APC07060 : failed executing ...The playback failed to find the control with the given search properties. Additional Details: 
TechnologyName:  'Web'
ControlType:  'Edit'
TagName:  'INPUT'
Id:  'SimpleSearchForm_SearchTerm'
 Failed to find any control that matched the search condition ControlType='Edit' &amp;&amp; Id=&gt;'SimpleSearchForm_SearchTerm', 
    StackTrace:
    SearchProduct(),SharedApplicationCommon.cs,Line Number:697
    CommonWorkflowMerchandiseAssociation(),CartDisplay.cs,Line Number:5252
    ShoppingCartAssociatedMerchandiseDisplayOrder(),CartDisplay.cs,Line Number:4313[5/15/2018 12:33:12 AM]&lt;CaptureImage&gt;\\CMP01-YKumar\AutoLog\CMP01-YKUMAR\ShoppingCartAssociatedMerchandiseDisplayOrder_20180515003312.png[5/15/2018 12:33:12 AM]&lt;Info&gt;AllBrowserWindow : Locating browser window...[5/15/2018 12:33:34 AM]&lt;Info&gt;AllBrowserWindow : Locating browser window...[5/15/2018 12:35:07 AM]&lt;INFO&gt;BackOrderClickexecuting ...Assert.Fail failed. [5/15/2018 12:35:13 AM]&lt;ERROR&gt;BackOrderClick : failed executing ...The playback failed to find the control with the given search properties. Additional Details: 
TechnologyName:  'Web'
ControlType:  'Hyperlink'
TagName:  'A'
Id:  'add2CartBtn'
 Failed to find any control that matched the search condition Id='add2CartBtn' &amp;&amp; ControlType='Hyperlink', 
    StackTrace:
    BackOrderClick(),SharedProductPage.cs,Line Number:498
    BackOrderClick(),SharedProductPage.cs,Line Number:505
    CommonWorkflowMerchandiseAssociation(),CartDisplay.cs,Line Number:5261
    ShoppingCartAssociatedMerchandiseDisplayOrder(),CartDisplay.cs,Line Number:4313[5/15/2018 12:35:13 AM]&lt;CaptureImage&gt;\\CMP01-YKumar\AutoLog\CMP01-YKUMAR\ShoppingCartAssociatedMerchandiseDisplayOrder_20180515003513.png[5/15/2018 12:35:13 AM]&lt;INFO&gt;GoToCartClickexecuting ...Assert.Fail failed. [5/15/2018 12:35:28 AM]&lt;ERROR&gt;MouseClick Exception:Microsoft.VisualStudio.TestTools.UITest.Extension.UITestControlNotFoundException: The playback failed to find the control with the given search properties. Additional Details: 
TechnologyName:  'Web'
ControlType:  'Hyperlink'
TagName:  'A'
Id:  'GotoCartButton1'
Class:  'button'
InnerText:  'Go to Cart'
 Failed to find any control that matched the search condition Id='GotoCartButton1' &amp;&amp; ControlType='Hyperlink' &amp;&amp; Class='button' &amp;&amp; InnerText='Go to Cart' ---&gt; System.Runtime.InteropServices.COMException: Error HRESULT E_FAIL has been returned from a call to a COM component.
   at Microsoft.VisualStudio.TestTools.UITest.Playback.Engine.IScreenElement.FindAllDescendants(String bstrQueryId, Object&amp; pvarResKeys, Int32 cResKeys, Int32 nMaxDepth)
   at Microsoft.VisualStudio.TestTools.UITest.Playback.ScreenElement.FindAllScreenElement(String queryId, Int32 depth, Boolean singleQueryId, Boolean throwException, Boolean resetSkipStep)
   at Microsoft.VisualStudio.TestTools.UITest.Playback.ScreenElement.FindScreenElement(String queryId, Int32 depth, Boolean resetSkipStep)
   at Microsoft.VisualStudio.TestTools.UITesting.UITestControl.FindFirstDescendant(String queryId, Int32 maxDepth, Int32&amp; timeLeft)
   --- End of inner exception stack trace ---
   at Microsoft.VisualStudio.TestTools.UITesting.Playback.MapControlNotFoundException(COMException ex, IPlaybackContext context)
   at Microsoft.VisualStudio.TestTools.UITesting.Playback.MapAndThrowComException(COMException innerException, IPlaybackContext context)
   at Microsoft.VisualStudio.TestTools.UITesting.Playback.MapAndThrowException(SystemException exception, IPlaybackContext context)
   at Microsoft.VisualStudio.TestTools.UITesting.Playback.MapAndThrowException(SystemException exception, String queryId)
   at Microsoft.VisualStudio.TestTools.UITesting.UITestControl.FindFirstDescendant(String queryId, Int32 maxDepth, Int32&amp; timeLeft)
   at Microsoft.VisualStudio.TestTools.UITesting.SearchHelper.GetUITestControlRecursive(Boolean useCache, Boolean alwaysSearch, ISearchArgument searchArg, IList`1 windowTitles, Int32&amp; timeLeft)
   at Microsoft.VisualStudio.TestTools.UITesting.SearchHelper.GetElement(Boolean useCache, ISearchArgument searchArg)
   at Microsoft.VisualStudio.TestTools.UITesting.SearchHelper.Search(ISearchArgument searchArg)
   at Microsoft.VisualStudio.TestTools.UITesting.UITestControl.FindInternal()
   at Microsoft.VisualStudio.TestTools.UITesting.UITestControl.&lt;Find&gt;b__3a()
   at Microsoft.VisualStudio.TestTools.UITesting.CodedUITestMethodInvoker.InvokeMethod[T](Func`1 function, UITestControl control, Boolean firePlaybackErrorEvent, Boolean logAsAction)
   at Microsoft.VisualStudio.TestTools.UITesting.UITestControl.Find()
   at Microsoft.VisualStudio.TestTools.UITesting.UITestControl.GetPropertyPrivate(String propertyName)
   at Microsoft.VisualStudio.TestTools.UITesting.UITestControl.GetPropertyOfType[T](String propertyName)
   at Microsoft.VisualStudio.TestTools.UITesting.UITestControl.get_Name()
   at TestAuto.LoggingAndSharedGenericMethods.MouseClick(UITestControl uiMenuItemTestControl) in c:\Builds\1\WebSphere\QATestAutomation\src\CodedUITest\SourceCode\Common\Logging\SharedMethods_Generic.cs:line 790, 
    StackTrace:
    MouseClick(),SharedMethods_Generic.cs,Line Number:822
    GoToCartClick(),SharedCartPopUp.cs,Line Number:101
    CommonWorkflowMerchandiseAssociation(),CartDisplay.cs,Line Number:5263
    ShoppingCartAssociatedMerchandiseDisplayOrder(),CartDisplay.cs,Line Number:4313[5/15/2018 12:35:28 AM]&lt;CaptureImage&gt;\\CMP01-YKumar\AutoLog\CMP01-YKUMAR\ShoppingCartAssociatedMerchandiseDisplayOrder_20180515003528.png[5/15/2018 12:35:28 AM]&lt;Info&gt;AllBrowserWindow : Locating browser window...Assert.Fail failed. [5/15/2018 12:35:50 AM]&lt;Error&gt;AllBrowserWindow : failed executing ...Unable to find Windows Internet Explorer window with 'Shopping Cart - Microsoft Internet Explorer provided by Horizon Hobby' in the title., 
    StackTrace:
    AllBrowserWindow(),SharedBorderFree.cs,Line Number:1037
    CommonWorkflowMerchandiseAssociation(),CartDisplay.cs,Line Number:5265
    ShoppingCartAssociatedMerchandiseDisplayOrder(),CartDisplay.cs,Line Number:4313[5/15/2018 12:35:50 AM]&lt;CaptureImage&gt;\\CMP01-YKumar\AutoLog\CMP01-YKUMAR\ShoppingCartAssociatedMerchandiseDisplayOrder_20180515003550.pngAssert.Fail failed. [5/15/2018 12:35:53 AM]&lt;ERROR&gt;ShoppingCartAssociatedMerchandiseDisplayOrder : failed executing ...The playback failed to find the control with the given search properties. Additional Details: 
TechnologyName:  'Web'
ControlType:  'Pane'
TagName:  'DIV'
Class:  'shopCart_youMayConsider'
 Failed to find any control that matched the search condition ControlType='Pane' &amp;&amp; Class=&gt;'shopCart_youMayConsider', 
    StackTrace:
    ShoppingCartAssociatedMerchandiseDisplayOrder(),CartDisplay.cs,Line Number:4349[5/15/2018 12:35:54 AM]&lt;CaptureImage&gt;\\CMP01-YKumar\AutoLog\CMP01-YKUMAR\ShoppingCartAssociatedMerchandiseDisplayOrder_20180515003553.png[5/15/2018 12:35:54 AM]&lt;RESULT&gt;Test Ended:#PASS=0, #FAIL=0,#Other errors=16[5/15/2018 12:35:55 AM]&lt;INFO&gt;LogCPUAndMemoryUsage: Available Memory = 25248(MB), CPU Usage = 14.28516%[5/15/2018 12:35:55 AM]&lt;INFO&gt;Private Working Set for QTAgent32_40, usage=262964 (K)[5/15/2018 12:35:55 AM]&lt;RESULT&gt;&lt;ShoppingCartAssociatedMerchandiseDisplayOrder&gt; Test FAILED: #Other errors=16. See Error Message/logs for further details.</StdOut>
        <ErrorInfo>
          <Message>Assert.Fail failed. 
#Other errors=16
[Error details below]
&lt;ERROR&gt;[5/15/2018 12:27:06 AM]&lt;ERROR&gt;BackOrderClick : failed executing ...The playback failed to find the control with the given search properties. Additional Details: 
TechnologyName:  'Web'
ControlType:  'Hyperlink'
TagName:  'A'
Id:  'add2CartBtn'
 Failed to find any control that matched the search condition Id='add2CartBtn' &amp;&amp; ControlType='Hyperlink'
&lt;ERROR&gt;[5/15/2018 12:27:20 AM]&lt;ERROR&gt;MouseClick Exception:Microsoft.VisualStudio.TestTools.UITest.Extension.UITestControlNotFoundException: The playback failed to find the control with the given search properties. Additional Details: 
TechnologyName:  'Web'
ControlType:  'Hyperlink'
TagName:  'A'
Id:  'GotoCartButton1'
Class:  'button'
InnerText:  'Go to Cart'
 Failed to find any control that matched the search condition Id='GotoCartButton1' &amp;&amp; ControlType='Hyperlink' &amp;&amp; Class='button' &amp;&amp; InnerText='Go to Cart' ---&gt; System.Runtime.InteropServices.COMException: Error HRESULT E_FAIL has been returned from a call to a COM component.
   at Microsoft.VisualStudio.TestTools.UITest.Playback.Engine.IScreenElement.FindAllDescendants(String bstrQueryId, Object&amp; pvarResKeys, Int32 cResKeys, Int32 nMaxDepth)
   at Microsoft.VisualStudio.TestTools.UITest.Playback.ScreenElement.FindAllScreenElement(String queryId, Int32 depth, Boolean singleQueryId, Boolean throwException, Boolean resetSkipStep)
   at Microsoft.VisualStudio.TestTools.UITest.Playback.ScreenElement.FindScreenElement(String queryId, Int32 depth, Boolean resetSkipStep)
   at Microsoft.VisualStudio.TestTools.UITesting.UITestControl.FindFirstDescendant(String queryId, Int32 maxDepth, Int32&amp; timeLeft)
   --- End of inner exception stack trace ---
   at Microsoft.VisualStudio.TestTools.UITesting.Playback.MapControlNotFoundException(COMException ex, IPlaybackContext context)
   at Microsoft.VisualStudio.TestTools.UITesting.Playback.MapAndThrowComException(COMException innerException, IPlaybackContext context)
   at Microsoft.VisualStudio.TestTools.UITesting.Playback.MapAndThrowException(SystemException exception, IPlaybackContext context)
   at Microsoft.VisualStudio.TestTools.UITesting.Playback.MapAndThrowException(SystemException exception, String queryId)
   at Microsoft.VisualStudio.TestTools.UITesting.UITestControl.FindFirstDescendant(String queryId, Int32 maxDepth, Int32&amp; timeLeft)
   at Microsoft.VisualStudio.TestTools.UITesting.SearchHelper.GetUITestControlRecursive(Boolean useCache, Boolean alwaysSearch, ISearchArgument searchArg, IList`1 windowTitles, Int32&amp; timeLeft)
   at Microsoft.VisualStudio.TestTools.UITesting.SearchHelper.GetElement(Boolean useCache, ISearchArgument searchArg)
   at Microsoft.VisualStudio.TestTools.UITesting.SearchHelper.Search(ISearchArgument searchArg)
   at Microsoft.VisualStudio.TestTools.UITesting.UITestControl.FindInternal()
   at Microsoft.VisualStudio.TestTools.UITesting.UITestControl.&lt;Find&gt;b__3a()
   at Microsoft.VisualStudio.TestTools.UITesting.CodedUITestMethodInvoker.InvokeMethod[T](Func`1 function, UITestControl control, Boolean firePlaybackErrorEvent, Boolean logAsAction)
   at Microsoft.VisualStudio.TestTools.UITesting.UITestControl.Find()
   at Microsoft.VisualStudio.TestTools.UITesting.UITestControl.GetPropertyPrivate(String propertyName)
   at Microsoft.VisualStudio.TestTools.UITesting.UITestControl.GetPropertyOfType[T](String propertyName)
   at Microsoft.VisualStudio.TestTools.UITesting.UITestControl.get_Name()
   at TestAuto.LoggingAndSharedGenericMethods.MouseClick(UITestControl uiMenuItemTestControl) in c:\Builds\1\WebSphere\QATestAutomation\src\CodedUITest\SourceCode\Common\Logging\SharedMethods_Generic.cs:line 790
&lt;ERROR&gt;[5/15/2018 12:27:43 AM]&lt;Error&gt;AllBrowserWindow : failed executing ...Unable to find Windows Internet Explorer window with 'Shopping Cart - Microsoft Internet Explorer provided by Horizon Hobby' in the title.
&lt;ERROR&gt;[5/15/2018 12:27:46 AM]&lt;ERROR&gt;SearchProduct := APC09045E : failed executing ...The playback failed to find the control with the given search properties. Additional Details: 
TechnologyName:  'Web'
ControlType:  'Edit'
TagName:  'INPUT'
Id:  'SimpleSearchForm_SearchTerm'
 Failed to find any control that matched the search condition ControlType='Edit' &amp;&amp; Id=&gt;'SimpleSearchForm_SearchTerm'
&lt;ERROR&gt;[5/15/2018 12:29:48 AM]&lt;ERROR&gt;BackOrderClick : failed executing ...The playback failed to find the control with the given search properties. Additional Details: 
TechnologyName:  'Web'
ControlType:  'Hyperlink'
TagName:  'A'
Id:  'add2CartBtn'
 Failed to find any control that matched the search condition Id='add2CartBtn' &amp;&amp; ControlType='Hyperlink'
&lt;ERROR&gt;[5/15/2018 12:30:04 AM]&lt;ERROR&gt;MouseClick Exception:Microsoft.VisualStudio.TestTools.UITest.Extension.UITestControlNotFoundException: The playback failed to find the control with the given search properties. Additional Details: 
TechnologyName:  'Web'
ControlType:  'Hyperlink'
TagName:  'A'
Id:  'GotoCartButton1'
Class:  'button'
InnerText:  'Go to Cart'
 Failed to find any control that matched the search condition Id='GotoCartButton1' &amp;&amp; ControlType='Hyperlink' &amp;&amp; Class='button' &amp;&amp; InnerText='Go to Cart' ---&gt; System.Runtime.InteropServices.COMException: Error HRESULT E_FAIL has been returned from a call to a COM component.
   at Microsoft.VisualStudio.TestTools.UITest.Playback.Engine.IScreenElement.FindAllDescendants(String bstrQueryId, Object&amp; pvarResKeys, Int32 cResKeys, Int32 nMaxDepth)
   at Microsoft.VisualStudio.TestTools.UITest.Playback.ScreenElement.FindAllScreenElement(String queryId, Int32 depth, Boolean singleQueryId, Boolean throwException, Boolean resetSkipStep)
   at Microsoft.VisualStudio.TestTools.UITest.Playback.ScreenElement.FindScreenElement(String queryId, Int32 depth, Boolean resetSkipStep)
   at Microsoft.VisualStudio.TestTools.UITesting.UITestControl.FindFirstDescendant(String queryId, Int32 maxDepth, Int32&amp; timeLeft)
   --- End of inner exception stack trace ---
   at Microsoft.VisualStudio.TestTools.UITesting.Playback.MapControlNotFoundException(COMException ex, IPlaybackContext context)
   at Microsoft.VisualStudio.TestTools.UITesting.Playback.MapAndThrowComException(COMException innerException, IPlaybackContext context)
   at Microsoft.VisualStudio.TestTools.UITesting.Playback.MapAndThrowException(SystemException exception, IPlaybackContext context)
   at Microsoft.VisualStudio.TestTools.UITesting.Playback.MapAndThrowException(SystemException exception, String queryId)
   at Microsoft.VisualStudio.TestTools.UITesting.UITestControl.FindFirstDescendant(String queryId, Int32 maxDepth, Int32&amp; timeLeft)
   at Microsoft.VisualStudio.TestTools.UITesting.SearchHelper.GetUITestControlRecursive(Boolean useCache, Boolean alwaysSearch, ISearchArgument searchArg, IList`1 windowTitles, Int32&amp; timeLeft)
   at Microsoft.VisualStudio.TestTools.UITesting.SearchHelper.GetElement(Boolean useCache, ISearchArgument searchArg)
   at Microsoft.VisualStudio.TestTools.UITesting.SearchHelper.Search(ISearchArgument searchArg)
   at Microsoft.VisualStudio.TestTools.UITesting.UITestControl.FindInternal()
   at Microsoft.VisualStudio.TestTools.UITesting.UITestControl.&lt;Find&gt;b__3a()
   at Microsoft.VisualStudio.TestTools.UITesting.CodedUITestMethodInvoker.InvokeMethod[T](Func`1 function, UITestControl control, Boolean firePlaybackErrorEvent, Boolean logAsAction)
   at Microsoft.VisualStudio.TestTools.UITesting.UITestControl.Find()
   at Microsoft.VisualStudio.TestTools.UITesting.UITestControl.GetPropertyPrivate(String propertyName)
   at Microsoft.VisualStudio.TestTools.UITesting.UITestControl.GetPropertyOfType[T](String propertyName)
   at Microsoft.VisualStudio.TestTools.UITesting.UITestControl.get_Name()
   at TestAuto.LoggingAndSharedGenericMethods.MouseClick(UITestControl uiMenuItemTestControl) in c:\Builds\1\WebSphere\QATestAutomation\src\CodedUITest\SourceCode\Common\Logging\SharedMethods_Generic.cs:line 790
&lt;ERROR&gt;[5/15/2018 12:30:26 AM]&lt;Error&gt;AllBrowserWindow : failed executing ...Unable to find Windows Internet Explorer window with 'Shopping Cart - Microsoft Internet Explorer provided by Horizon Hobby' in the title.
&lt;ERROR&gt;[5/15/2018 12:30:29 AM]&lt;ERROR&gt;SearchProduct := APCFH4 : failed executing ...The playback failed to find the control with the given search properties. Additional Details: 
TechnologyName:  'Web'
ControlType:  'Edit'
TagName:  'INPUT'
Id:  'SimpleSearchForm_SearchTerm'
 Failed to find any control that matched the search condition ControlType='Edit' &amp;&amp; Id=&gt;'SimpleSearchForm_SearchTerm'
&lt;ERROR&gt;[5/15/2018 12:32:31 AM]&lt;ERROR&gt;BackOrderClick : failed executing ...The playback failed to find the control with the given search properties. Additional Details: 
TechnologyName:  'Web'
ControlType:  'Hyperlink'
TagName:  'A'
Id:  'add2CartBtn'
 Failed to find any control that matched the search condition Id='add2CartBtn' &amp;&amp; ControlType='Hyperlink'
&lt;ERROR&gt;[5/15/2018 12:32:46 AM]&lt;ERROR&gt;MouseClick Exception:Microsoft.VisualStudio.TestTools.UITest.Extension.UITestControlNotFoundException: The playback failed to find the control with the given search properties. Additional Details: 
TechnologyName:  'Web'
ControlType:  'Hyperlink'
TagName:  'A'
Id:  'GotoCartButton1'
Class:  'button'
InnerText:  'Go to Cart'
 Failed to find any control that matched the search condition Id='GotoCartButton1' &amp;&amp; ControlType='Hyperlink' &amp;&amp; Class='button' &amp;&amp; InnerText='Go to Cart' ---&gt; System.Runtime.InteropServices.COMException: Error HRESULT E_FAIL has been returned from a call to a COM component.
   at Microsoft.VisualStudio.TestTools.UITest.Playback.Engine.IScreenElement.FindAllDescendants(String bstrQueryId, Object&amp; pvarResKeys, Int32 cResKeys, Int32 nMaxDepth)
   at Microsoft.VisualStudio.TestTools.UITest.Playback.ScreenElement.FindAllScreenElement(String queryId, Int32 depth, Boolean singleQueryId, Boolean throwException, Boolean resetSkipStep)
   at Microsoft.VisualStudio.TestTools.UITest.Playback.ScreenElement.FindScreenElement(String queryId, Int32 depth, Boolean resetSkipStep)
   at Microsoft.VisualStudio.TestTools.UITesting.UITestControl.FindFirstDescendant(String queryId, Int32 maxDepth, Int32&amp; timeLeft)
   --- End of inner exception stack trace ---
   at Microsoft.VisualStudio.TestTools.UITesting.Playback.MapControlNotFoundException(COMException ex, IPlaybackContext context)
   at Microsoft.VisualStudio.TestTools.UITesting.Playback.MapAndThrowComException(COMException innerException, IPlaybackContext context)
   at Microsoft.VisualStudio.TestTools.UITesting.Playback.MapAndThrowException(SystemException exception, IPlaybackContext context)
   at Microsoft.VisualStudio.TestTools.UITesting.Playback.MapAndThrowException(SystemException exception, String queryId)
   at Microsoft.VisualStudio.TestTools.UITesting.UITestControl.FindFirstDescendant(String queryId, Int32 maxDepth, Int32&amp; timeLeft)
   at Microsoft.VisualStudio.TestTools.UITesting.SearchHelper.GetUITestControlRecursive(Boolean useCache, Boolean alwaysSearch, ISearchArgument searchArg, IList`1 windowTitles, Int32&amp; timeLeft)
   at Microsoft.VisualStudio.TestTools.UITesting.SearchHelper.GetElement(Boolean useCache, ISearchArgument searchArg)
   at Microsoft.VisualStudio.TestTools.UITesting.SearchHelper.Search(ISearchArgument searchArg)
   at Microsoft.VisualStudio.TestTools.UITesting.UITestControl.FindInternal()
   at Microsoft.VisualStudio.TestTools.UITesting.UITestControl.&lt;Find&gt;b__3a()
   at Microsoft.VisualStudio.TestTools.UITesting.CodedUITestMethodInvoker.InvokeMethod[T](Func`1 function, UITestControl control, Boolean firePlaybackErrorEvent, Boolean logAsAction)
   at Microsoft.VisualStudio.TestTools.UITesting.UITestControl.Find()
   at Microsoft.VisualStudio.TestTools.UITesting.UITestControl.GetPropertyPrivate(String propertyName)
   at Microsoft.VisualStudio.TestTools.UITesting.UITestControl.GetPropertyOfType[T](String propertyName)
   at Microsoft.VisualStudio.TestTools.UITesting.UITestControl.get_Name()
   at TestAuto.LoggingAndSharedGenericMethods.MouseClick(UITestControl uiMenuItemTestControl) in c:\Builds\1\WebSphere\QATestAutomation\src\CodedUITest\SourceCode\Common\Logging\SharedMethods_Generic.cs:line 790
&lt;ERROR&gt;[5/15/2018 12:33:08 AM]&lt;Error&gt;AllBrowserWindow : failed executing ...Unable to find Windows Internet Explorer window with 'Shopping Cart - Microsoft Internet Explorer provided by Horizon Hobby' in the title.
&lt;ERROR&gt;[5/15/2018 12:33:12 AM]&lt;ERROR&gt;SearchProduct := APC07060 : failed executing ...The playback failed to find the control with the given search properties. Additional Details: 
TechnologyName:  'Web'
ControlType:  'Edit'
TagName:  'INPUT'
Id:  'SimpleSearchForm_SearchTerm'
 Failed to find any control that matched the search condition ControlType='Edit' &amp;&amp; Id=&gt;'SimpleSearchForm_SearchTerm'
&lt;ERROR&gt;[5/15/2018 12:35:13 AM]&lt;ERROR&gt;BackOrderClick : failed executing ...The playback failed to find the control with the given search properties. Additional Details: 
TechnologyName:  'Web'
ControlType:  'Hyperlink'
TagName:  'A'
Id:  'add2CartBtn'
 Failed to find any control that matched the search condition Id='add2CartBtn' &amp;&amp; ControlType='Hyperlink'
&lt;ERROR&gt;[5/15/2018 12:35:28 AM]&lt;ERROR&gt;MouseClick Exception:Microsoft.VisualStudio.TestTools.UITest.Extension.UITestControlNotFoundException: The playback failed to find the control with the given search properties. Additional Details: 
TechnologyName:  'Web'
ControlType:  'Hyperlink'
TagName:  'A'
Id:  'GotoCartButton1'
Class:  'button'
InnerText:  'Go to Cart'
 Failed to find any control that matched the search condition Id='GotoCartButton1' &amp;&amp; ControlType='Hyperlink' &amp;&amp; Class='button' &amp;&amp; InnerText='Go to Cart' ---&gt; System.Runtime.InteropServices.COMException: Error HRESULT E_FAIL has been returned from a call to a COM component.
   at Microsoft.VisualStudio.TestTools.UITest.Playback.Engine.IScreenElement.FindAllDescendants(String bstrQueryId, Object&amp; pvarResKeys, Int32 cResKeys, Int32 nMaxDepth)
   at Microsoft.VisualStudio.TestTools.UITest.Playback.ScreenElement.FindAllScreenElement(String queryId, Int32 depth, Boolean singleQueryId, Boolean throwException, Boolean resetSkipStep)
   at Microsoft.VisualStudio.TestTools.UITest.Playback.ScreenElement.FindScreenElement(String queryId, Int32 depth, Boolean resetSkipStep)
   at Microsoft.VisualStudio.TestTools.UITesting.UITestControl.FindFirstDescendant(String queryId, Int32 maxDepth, Int32&amp; timeLeft)
   --- End of inner exception stack trace ---
   at Microsoft.VisualStudio.TestTools.UITesting.Playback.MapControlNotFoundException(COMException ex, IPlaybackContext context)
   at Microsoft.VisualStudio.TestTools.UITesting.Playback.MapAndThrowComException(COMException innerException, IPlaybackContext context)
   at Microsoft.VisualStudio.TestTools.UITesting.Playback.MapAndThrowException(SystemException exception, IPlaybackContext context)
   at Microsoft.VisualStudio.TestTools.UITesting.Playback.MapAndThrowException(SystemException exception, String queryId)
   at Microsoft.VisualStudio.TestTools.UITesting.UITestControl.FindFirstDescendant(String queryId, Int32 maxDepth, Int32&amp; timeLeft)
   at Microsoft.VisualStudio.TestTools.UITesting.SearchHelper.GetUITestControlRecursive(Boolean useCache, Boolean alwaysSearch, ISearchArgument searchArg, IList`1 windowTitles, Int32&amp; timeLeft)
   at Microsoft.VisualStudio.TestTools.UITesting.SearchHelper.GetElement(Boolean useCache, ISearchArgument searchArg)
   at Microsoft.VisualStudio.TestTools.UITesting.SearchHelper.Search(ISearchArgument searchArg)
   at Microsoft.VisualStudio.TestTools.UITesting.UITestControl.FindInternal()
   at Microsoft.VisualStudio.TestTools.UITesting.UITestControl.&lt;Find&gt;b__3a()
   at Microsoft.VisualStudio.TestTools.UITesting.CodedUITestMethodInvoker.InvokeMethod[T](Func`1 function, UITestControl control, Boolean firePlaybackErrorEvent, Boolean logAsAction)
   at Microsoft.VisualStudio.TestTools.UITesting.UITestControl.Find()
   at Microsoft.VisualStudio.TestTools.UITesting.UITestControl.GetPropertyPrivate(String propertyName)
   at Microsoft.VisualStudio.TestTools.UITesting.UITestControl.GetPropertyOfType[T](String propertyName)
   at Microsoft.VisualStudio.TestTools.UITesting.UITestControl.get_Name()
   at TestAuto.LoggingAndSharedGenericMethods.MouseClick(UITestControl uiMenuItemTestControl) in c:\Builds\1\WebSphere\QATestAutomation\src\CodedUITest\SourceCode\Common\Logging\SharedMethods_Generic.cs:line 790
&lt;ERROR&gt;[5/15/2018 12:35:50 AM]&lt;Error&gt;AllBrowserWindow : failed executing ...Unable to find Windows Internet Explorer window with 'Shopping Cart - Microsoft Internet Explorer provided by Horizon Hobby' in the title.
&lt;ERROR&gt;[5/15/2018 12:35:53 AM]&lt;ERROR&gt;ShoppingCartAssociatedMerchandiseDisplayOrder : failed executing ...The playback failed to find the control with the given search properties. Additional Details: 
TechnologyName:  'Web'
ControlType:  'Pane'
TagName:  'DIV'
Class:  'shopCart_youMayConsider'
 Failed to find any control that matched the search condition ControlType='Pane' &amp;&amp; Class=&gt;'shopCart_youMayConsider'</Message>
          <StackTrace>   at TestAuto.LoggingAndSharedGenericMethods.EndTest() in c:\Builds\1\WebSphere\QATestAutomation\src\CodedUITest\SourceCode\Common\Logging\Logging.cs:line 1628
   at TestAuto.CartDisplayTest.TestCleanup() in c:\Builds\1\WebSphere\QATestAutomation\src\CodedUITest\SourceCode\HHobby\CartDisplay\CartDisplay.cs:line 5472
</StackTrace>
        </ErrorInfo>
      </Output>
      <ResultFiles />
    </UnitTestResult>
    <UnitTestResult executionId="e48f9ff7-c46c-4946-87b2-54d446cc48c1" testId="a4c6fb01-f8de-6088-b50b-566ca4c3804b" testName="InternationalUserShoppingCartUsability" computerName="CMP01-YKUMAR" duration="00:01:23.4951427" startTime="2018-05-15T00:35:57.0792310-05:00" endTime="2018-05-15T00:37:20.5832310-05:00" testType="13cdc9d9-ddb5-4fa4-a97d-d965ccfc6d4b" outcome="Passed" testListId="8c84fa94-04c1-424b-9868-57a2d4851a1d">
      <Output>
        <StdOut>Logging to custom path:\\CMP01-YKumar\AutoLog[5/15/2018 12:35:57 AM]&lt;STARTLOG&gt;&lt;InternationalUserShoppingCartUsability&gt;Test Started: Expecting: #PASS=Undefined and #FAIL=0
Running from MTM=True, running on machine name:CMP01-YKUMAR, user name=ykumar, OS=Microsoft Windows NT 6.1.7601 Service Pack 1, Is64BitOS=True[5/15/2018 12:35:58 AM]&lt;INFO&gt;LogCPUAndMemoryUsage: Available Memory = 25307(MB), CPU Usage = 32.59697%[5/15/2018 12:35:58 AM]&lt;INFO&gt;Private Working Set for QTAgent32_40, usage=263048 (K)[5/15/2018 12:35:58 AM]&lt;INFO&gt;Path To TestConfig xml=C:\Users\ykumar\AppData\Local\VSEQT\QTAgent\26974\CMP01-YKUMAR.horizonhobby.com\Deployment\SharedCommonConfig.xml[5/15/2018 12:35:58 AM]&lt;INFO&gt;Path To TestData xml=C:\Users\ykumar\AppData\Local\VSEQT\QTAgent\26974\CMP01-YKUMAR.horizonhobby.com\Deployment\BorderFreeTestData_003557.xml[5/15/2018 12:35:58 AM]&lt;INFO&gt;Path To HorizonHobbyQA Application Url=https://www-tst.horizonhobby.com[5/15/2018 12:35:58 AM]&lt;INFO&gt;HorizonHobbyQA sql connection string=Server=cmp02-ws-tst-db01:50000;Database=TST01DB;UID=wcdbuser;PWD=h0r1z0n;Connect Timeout=30[5/15/2018 12:35:58 AM]&lt;INFO&gt;Country is := US and language id is := '-1'[5/15/2018 12:35:58 AM]&lt;INFO&gt;Current browser used for test execution is = 'IE'[5/15/2018 12:35:58 AM]&lt;INFO&gt;GetShippingRestrictedProductsWithCountry executing... [5/15/2018 12:36:01 AM]&lt;INFO&gt;SearchProductexecuting ... Searching term:= 'ORI28321'[5/15/2018 12:36:08 AM]&lt;Info&gt;AllBrowserWindow : Locating browser window...[5/15/2018 12:36:13 AM]&lt;INFO&gt;SurveyWindow : method executing ...[5/15/2018 12:36:31 AM]&lt;INFO&gt;BackOrderClickexecuting ...[5/15/2018 12:36:36 AM]&lt;INFO&gt;GoToCartClickexecuting ...[5/15/2018 12:36:41 AM]&lt;Info&gt;AllBrowserWindow : Locating browser window...[5/15/2018 12:37:00 AM]&lt;INFO&gt;SurveyWindow : method executing ...[5/15/2018 12:37:13 AM]&lt;INFO&gt;KeyboardSendKeys method executing...[5/15/2018 12:37:16 AM]&lt;PASS&gt;&lt;InternationalUserShoppingCartUsability&gt;&lt;Validate second checkout button does not appear&gt;[5/15/2018 12:37:17 AM]&lt;PASS&gt;&lt;InternationalUserShoppingCartUsability&gt;&lt;Validate No Proceed message appears on the top of the shopping cart&gt;[5/15/2018 12:37:17 AM]&lt;PASS&gt;&lt;InternationalUserShoppingCartUsability&gt;&lt;Validate No Proceed message appears as expected&gt;[5/15/2018 12:37:17 AM]&lt;RESULT&gt;Test Ended:#PASS=3, #FAIL=0[5/15/2018 12:37:18 AM]&lt;INFO&gt;LogCPUAndMemoryUsage: Available Memory = 25180(MB), CPU Usage = 14.00444%[5/15/2018 12:37:18 AM]&lt;INFO&gt;Private Working Set for QTAgent32_40, usage=254928 (K)[5/15/2018 12:37:18 AM]&lt;RESULT&gt;&lt;InternationalUserShoppingCartUsability&gt; Test PASSED</StdOut>
      </Output>
      <ResultFiles />
    </UnitTestResult>
    <UnitTestResult executionId="687e1b6b-6c4f-4870-baa6-fdb4293a1d2f" testId="2f4b8b7e-db4c-e56b-cf0c-2b5250a84596" testName="MiniCartExpressCheckoutNonUSUser" computerName="CMP01-YKUMAR" duration="00:03:41.4468896" startTime="2018-05-15T00:37:20.5842310-05:00" endTime="2018-05-15T00:41:02.0382310-05:00" testType="13cdc9d9-ddb5-4fa4-a97d-d965ccfc6d4b" outcome="Passed" testListId="8c84fa94-04c1-424b-9868-57a2d4851a1d">
      <Output>
        <StdOut>Logging to custom path:\\CMP01-YKumar\AutoLog[5/15/2018 12:37:20 AM]&lt;STARTLOG&gt;&lt;MiniCartExpressCheckoutNonUSUser&gt;Test Started: Expecting: #PASS=Undefined and #FAIL=0
Running from MTM=True, running on machine name:CMP01-YKUMAR, user name=ykumar, OS=Microsoft Windows NT 6.1.7601 Service Pack 1, Is64BitOS=True[5/15/2018 12:37:21 AM]&lt;INFO&gt;LogCPUAndMemoryUsage: Available Memory = 25209(MB), CPU Usage = 37.13392%[5/15/2018 12:37:21 AM]&lt;INFO&gt;Private Working Set for QTAgent32_40, usage=254988 (K)[5/15/2018 12:37:21 AM]&lt;INFO&gt;Path To TestConfig xml=C:\Users\ykumar\AppData\Local\VSEQT\QTAgent\26974\CMP01-YKUMAR.horizonhobby.com\Deployment\SharedCommonConfig.xml[5/15/2018 12:37:21 AM]&lt;INFO&gt;Path To TestData xml=C:\Users\ykumar\AppData\Local\VSEQT\QTAgent\26974\CMP01-YKUMAR.horizonhobby.com\Deployment\CheckoutCreditCard_003720.xml[5/15/2018 12:37:21 AM]&lt;INFO&gt;Path To HorizonHobbyQA Application Url=https://www-tst.horizonhobby.com[5/15/2018 12:37:21 AM]&lt;INFO&gt;HorizonHobbyQA sql connection string=Server=cmp02-ws-tst-db01:50000;Database=TST01DB;UID=wcdbuser;PWD=h0r1z0n;Connect Timeout=30[5/15/2018 12:37:21 AM]&lt;INFO&gt;Country is := US and language id is := '-1'[5/15/2018 12:37:21 AM]&lt;INFO&gt;Current browser used for test execution is = 'IE'[5/15/2018 12:37:35 AM]&lt;INFO&gt;SurveyWindow : method executing ...[5/15/2018 12:37:41 AM]&lt;INFO&gt;SurveyWindow : method executing ...[5/15/2018 12:37:50 AM]&lt;INFO&gt;SearchProductexecuting ... Searching term:= 'VTR231003'[5/15/2018 12:37:54 AM]&lt;Info&gt;AllBrowserWindow : Locating browser window...[5/15/2018 12:37:54 AM]&lt;INFO&gt;BackOrderClickexecuting ...[5/15/2018 12:38:06 AM]&lt;PASS&gt;&lt;MiniCartExpressCheckoutNonUSUser&gt;&lt;Validates product name appears in mini cart&gt;[5/15/2018 12:38:09 AM]&lt;PASS&gt;&lt;MiniCartExpressCheckoutNonUSUser&gt;&lt;Validates Express Checkout button does not appear in mini cart&gt;[5/15/2018 12:38:10 AM]&lt;PASS&gt;&lt;MiniCartExpressCheckoutNonUSUser&gt;&lt;Validates Go To Cart button appears in mini cart&gt;[5/15/2018 12:38:10 AM]&lt;INFO&gt;GoToCartClickexecuting ...[5/15/2018 12:38:15 AM]&lt;Info&gt;AllBrowserWindow : Locating browser window...[5/15/2018 12:38:31 AM]&lt;INFO&gt;SurveyWindow : method executing ...[5/15/2018 12:38:39 AM]&lt;INFO&gt;ContinueOnCertificationErrorClickexecuting ...[5/15/2018 12:38:39 AM]&lt;Info&gt;DEAllBrowserWindow : Locating browser window...[5/15/2018 12:38:45 AM]&lt;INFO&gt;UserRegistration : method executing ...[5/15/2018 12:38:45 AM]&lt;INFO&gt;DeleteWishlistFromDatabase : method executing[5/15/2018 12:38:45 AM]&lt;INFO&gt;DeletOrderItem : method executing[5/15/2018 12:39:17 AM]&lt;Info&gt;AllBrowserWindow : Locating browser window...[5/15/2018 12:39:31 AM]&lt;Info&gt;AllBrowserWindow : Locating browser window...[5/15/2018 12:39:46 AM]&lt;Info&gt;AllBrowserWindow : Locating browser window...[5/15/2018 12:39:59 AM]&lt;INFO&gt;SearchProductexecuting ... Searching term:= 'DYN6051'[5/15/2018 12:40:05 AM]&lt;INFO&gt;SurveyWindow : method executing ...[5/15/2018 12:40:24 AM]&lt;Info&gt;AllBrowserWindow : Locating browser window...[5/15/2018 12:40:24 AM]&lt;INFO&gt;BackOrderClickexecuting ...[5/15/2018 12:40:26 AM]&lt;PASS&gt;&lt;MiniCartExpressCheckoutNonUSUser&gt;&lt;Validates product name appears in mini cart&gt;[5/15/2018 12:40:27 AM]&lt;PASS&gt;&lt;MiniCartExpressCheckoutNonUSUser&gt;&lt;Validates Express Checkout button does appear in mini cart&gt;[5/15/2018 12:40:27 AM]&lt;PASS&gt;&lt;MiniCartExpressCheckoutNonUSUser&gt;&lt;Validates Go To Cart button appears in mini cart&gt;[5/15/2018 12:40:27 AM]&lt;Info&gt;AllBrowserWindow : Locating browser window...[5/15/2018 12:40:30 AM]&lt;PASS&gt;&lt;MiniCartExpressCheckoutNonUSUser&gt;&lt;Validates clicking on Express Checkout button redirects to Address Page&gt;[5/15/2018 12:40:30 AM]&lt;INFO&gt;DeleteWishlistFromDatabase : method executing[5/15/2018 12:40:30 AM]&lt;INFO&gt;DeletOrderItem : method executing[5/15/2018 12:40:58 AM]&lt;RESULT&gt;Test Ended:#PASS=7, #FAIL=0[5/15/2018 12:40:59 AM]&lt;INFO&gt;LogCPUAndMemoryUsage: Available Memory = 25194(MB), CPU Usage = 1.622747%[5/15/2018 12:41:00 AM]&lt;INFO&gt;Private Working Set for QTAgent32_40, usage=252828 (K)[5/15/2018 12:41:00 AM]&lt;RESULT&gt;&lt;MiniCartExpressCheckoutNonUSUser&gt; Test PASSED</StdOut>
      </Output>
      <ResultFiles />
    </UnitTestResult>
    <UnitTestResult executionId="279c3447-1752-474c-b0c9-31c6691f6033" testId="7eab8c63-501f-43ca-23a2-0e182a0a7362" testName="AffirmWithGiftCardItem" computerName="CMP01-YKUMAR" duration="00:03:42.7374578" startTime="2018-05-15T00:41:02.0402310-05:00" endTime="2018-05-15T00:44:44.7862310-05:00" testType="13cdc9d9-ddb5-4fa4-a97d-d965ccfc6d4b" outcome="Passed" testListId="8c84fa94-04c1-424b-9868-57a2d4851a1d">
      <Output>
        <StdOut>Logging to custom path:\\CMP01-YKumar\AutoLog[5/15/2018 12:41:02 AM]&lt;STARTLOG&gt;&lt;AffirmWithGiftCardItem&gt;Test Started: Expecting: #PASS=Undefined and #FAIL=0
Running from MTM=True, running on machine name:CMP01-YKUMAR, user name=ykumar, OS=Microsoft Windows NT 6.1.7601 Service Pack 1, Is64BitOS=True[5/15/2018 12:41:03 AM]&lt;INFO&gt;LogCPUAndMemoryUsage: Available Memory = 25267(MB), CPU Usage = 34.67748%[5/15/2018 12:41:03 AM]&lt;INFO&gt;Private Working Set for QTAgent32_40, usage=252992 (K)[5/15/2018 12:41:03 AM]&lt;INFO&gt;Path To TestConfig xml=C:\Users\ykumar\AppData\Local\VSEQT\QTAgent\26974\CMP01-YKUMAR.horizonhobby.com\Deployment\SharedCommonConfig.xml[5/15/2018 12:41:03 AM]&lt;INFO&gt;Path To TestData xml=C:\Users\ykumar\AppData\Local\VSEQT\QTAgent\26974\CMP01-YKUMAR.horizonhobby.com\Deployment\CheckoutAffirmTestData_004102.xml[5/15/2018 12:41:03 AM]&lt;INFO&gt;Path To HorizonHobbyQA Application Url=https://www-tst.horizonhobby.com[5/15/2018 12:41:03 AM]&lt;INFO&gt;HorizonHobbyQA sql connection string=Server=cmp02-ws-tst-db01:50000;Database=TST01DB;UID=wcdbuser;PWD=h0r1z0n;Connect Timeout=30[5/15/2018 12:41:03 AM]&lt;INFO&gt;Country is := US and language id is := '-1'[5/15/2018 12:41:03 AM]&lt;INFO&gt;Current browser used for test execution is = 'IE'[5/15/2018 12:41:13 AM]&lt;INFO&gt;SearchProductexecuting ... Searching term:= 'Gift75'[5/15/2018 12:41:20 AM]&lt;INFO&gt;BackOrderClickexecuting ...[5/15/2018 12:41:25 AM]&lt;INFO&gt;GoToCartClickexecuting ...[5/15/2018 12:41:36 AM]&lt;INFO&gt;ClickSecondCheckoutButtonexecuting ...[5/15/2018 12:41:36 AM]&lt;Info&gt;AllBrowserWindow : Locating browser window...[5/15/2018 12:41:45 AM]&lt;INFO&gt;ContinueAsGuestCheckoutButtonexecuting ...[5/15/2018 12:41:45 AM]&lt;Info&gt;AllBrowserWindow : Locating browser window...[5/15/2018 12:41:54 AM]&lt;INFO&gt;FillBillingAndShippingAddressexecuting ...[5/15/2018 12:41:54 AM]&lt;Info&gt;AllBrowserWindow : Locating browser window...[5/15/2018 12:41:59 AM]&lt;INFO&gt;SelectBillingCountryexecuting ...[5/15/2018 12:42:08 AM]&lt;INFO&gt;SelectBillingStateexecuting ...[5/15/2018 12:42:35 AM]&lt;Info&gt;AllBrowserWindow : Locating browser window...[5/15/2018 12:42:39 AM]&lt;Info&gt;GetAffirmLoginWindowControlsDictionary : method is executing. . .[5/15/2018 12:42:39 AM]&lt;Info&gt;AffirmLoginWindowUIControls : method is executing. . .[5/15/2018 12:42:43 AM]&lt;PASS&gt;&lt;AffirmWithGiftCardItem&gt;&lt; Validate that on the Shipping &amp; billing method Page Affirm Payment Link is disabled. &gt;[5/15/2018 12:42:46 AM]&lt;Info&gt;AllBrowserWindow : Locating browser window...[5/15/2018 12:42:56 AM]&lt;Info&gt;AllBrowserWindow : Locating browser window...[5/15/2018 12:43:14 AM]&lt;INFO&gt;SearchProductexecuting ... Searching term:= 'PRB281041'[5/15/2018 12:43:22 AM]&lt;Info&gt;AllBrowserWindow : Locating browser window...[5/15/2018 12:43:52 AM]&lt;INFO&gt;BackOrderClickexecuting ...[5/15/2018 12:43:56 AM]&lt;INFO&gt;GoToCartClickexecuting ...[5/15/2018 12:44:08 AM]&lt;INFO&gt;ClickSecondCheckoutButtonexecuting ...[5/15/2018 12:44:08 AM]&lt;Info&gt;AllBrowserWindow : Locating browser window...[5/15/2018 12:44:22 AM]&lt;INFO&gt;ContinueAsGuestCheckoutButtonexecuting ...[5/15/2018 12:44:22 AM]&lt;Info&gt;AllBrowserWindow : Locating browser window...[5/15/2018 12:44:39 AM]&lt;Info&gt;GetAffirmLoginWindowControlsDictionary : method is executing. . .[5/15/2018 12:44:39 AM]&lt;Info&gt;AffirmLoginWindowUIControls : method is executing. . .[5/15/2018 12:44:41 AM]&lt;PASS&gt;&lt;AffirmWithGiftCardItem&gt;&lt; Validate that on the Shipping &amp; billing method Page Affirm Payment radio button is Enabled. &gt;[5/15/2018 12:44:41 AM]&lt;RESULT&gt;Test Ended:#PASS=2, #FAIL=0[5/15/2018 12:44:42 AM]&lt;INFO&gt;LogCPUAndMemoryUsage: Available Memory = 25040(MB), CPU Usage = 17.12447%[5/15/2018 12:44:42 AM]&lt;INFO&gt;Private Working Set for QTAgent32_40, usage=246860 (K)[5/15/2018 12:44:42 AM]&lt;RESULT&gt;&lt;AffirmWithGiftCardItem&gt; Test PASSED</StdOut>
      </Output>
      <ResultFiles>
        <ResultFile path="CMP01-YKUMAR.horizonhobby.com\AffirmWithGiftCardItem_20180515004102.log" />
        <ResultFile path="CMP01-YKUMAR.horizonhobby.com\AffirmWithGiftCardItem_ResultsONLY_20180515004102.log" />
        <ResultFile path="CMP01-YKUMAR.horizonhobby.com\CheckoutAffirmTestData_004102.xml" />
        <ResultFile path="CMP01-YKUMAR.horizonhobby.com\SharedCommonConfig.xml" />
      </ResultFiles>
    </UnitTestResult>
    <UnitTestResult executionId="5b74f4db-b885-414d-834a-c6c104499c67" testId="dd4b11c1-81d7-df8d-7302-64904eb6f786" testName="HRCCRewardPageVisiblityToNonUSCountries" computerName="CMP01-YKUMAR" duration="00:03:15.5165506" startTime="2018-05-15T00:44:44.7892310-05:00" endTime="2018-05-15T00:48:00.6742310-05:00" testType="13cdc9d9-ddb5-4fa4-a97d-d965ccfc6d4b" outcome="Passed" testListId="8c84fa94-04c1-424b-9868-57a2d4851a1d">
      <Output>
        <StdOut>Logging to custom path:\\CMP01-YKumar\AutoLog[5/15/2018 12:44:45 AM]&lt;STARTLOG&gt;&lt;HRCCRewardPageVisiblityToNonUSCountries&gt;Test Started: Expecting: #PASS=Undefined and #FAIL=0
Running from MTM=True, running on machine name:CMP01-YKUMAR, user name=ykumar, OS=Microsoft Windows NT 6.1.7601 Service Pack 1, Is64BitOS=True[5/15/2018 12:44:47 AM]&lt;INFO&gt;LogCPUAndMemoryUsage: Available Memory = 25364(MB), CPU Usage = 16.62285%[5/15/2018 12:44:47 AM]&lt;INFO&gt;Private Working Set for QTAgent32_40, usage=255740 (K)[5/15/2018 12:44:47 AM]&lt;INFO&gt;Path To TestConfig xml=C:\Users\ykumar\AppData\Local\VSEQT\QTAgent\26974\CMP01-YKUMAR.horizonhobby.com\Deployment\SharedCommonConfig.xml[5/15/2018 12:44:47 AM]&lt;INFO&gt;Path To TestData xml=C:\Users\ykumar\AppData\Local\VSEQT\QTAgent\26974\CMP01-YKUMAR.horizonhobby.com\Deployment\MyAccountTestData_004445.xml[5/15/2018 12:44:47 AM]&lt;INFO&gt;Path To HorizonHobbyQA Application Url=https://www-tst.horizonhobby.com[5/15/2018 12:44:47 AM]&lt;INFO&gt;HorizonHobbyQA sql connection string=Server=cmp02-ws-tst-db01:50000;Database=TST01DB;UID=wcdbuser;PWD=h0r1z0n;Connect Timeout=30[5/15/2018 12:44:47 AM]&lt;INFO&gt;Country is := US and language id is := '-1'[5/15/2018 12:44:47 AM]&lt;INFO&gt;Current browser used for test execution is = 'IE'[5/15/2018 12:44:47 AM]&lt;INFO&gt;GetShippingRestrictedProductsWithCountry executing... [5/15/2018 12:44:54 AM]&lt;INFO&gt;SurveyWindow : method executing ...[5/15/2018 12:44:59 AM]&lt;INFO&gt;ContinueOnCertificationErrorClickexecuting ...[5/15/2018 12:44:59 AM]&lt;Info&gt;DEAllBrowserWindow : Locating browser window...[5/15/2018 12:45:03 AM]&lt;INFO&gt;ClickAcceptCookiesAgreement : failed executing ...[5/15/2018 12:45:08 AM]&lt;INFO&gt;UserRegistration : method executing ...[5/15/2018 12:45:08 AM]&lt;Info&gt;AllBrowserWindow : Locating browser window...[5/15/2018 12:45:29 AM]&lt;Info&gt;AllBrowserWindow : Locating browser window...[5/15/2018 12:45:44 AM]&lt;Info&gt;AllBrowserWindow : Locating browser window...[5/15/2018 12:46:11 AM]&lt;Info&gt;AllBrowserWindow : Locating browser window...[5/15/2018 12:46:26 AM]&lt;PASS&gt;&lt;HRCCRewardPageVisiblityToNonUSCountries&gt;&lt;Validate that RC Club Reward link is not displayed now&gt;[5/15/2018 12:46:29 AM]&lt;PASS&gt;&lt;HRCCRewardPageVisiblityToNonUSCountries&gt;&lt;Validate that RC Club Point Activity link is not displayed now&gt;[5/15/2018 12:46:32 AM]&lt;PASS&gt;&lt;HRCCRewardPageVisiblityToNonUSCountries&gt;&lt;Validate that RC Club Reward Profile link is not displayed now&gt;[5/15/2018 12:46:32 AM]&lt;PASS&gt;&lt;HRCCRewardPageVisiblityToNonUSCountries&gt;&lt;Validate that RC Club Reward FAQ's link is not displayed now&gt;[5/15/2018 12:46:48 AM]&lt;Info&gt;AllBrowserWindow : Locating browser window...[5/15/2018 12:46:58 AM]&lt;PASS&gt;&lt;HRCCRewardPageVisiblityToNonUSCountries&gt;&lt;Validate that RC Club Reward link is displayed now&gt;[5/15/2018 12:46:58 AM]&lt;PASS&gt;&lt;HRCCRewardPageVisiblityToNonUSCountries&gt;&lt;Validate that RC Club Point Activity link is displayed now&gt;[5/15/2018 12:46:58 AM]&lt;PASS&gt;&lt;HRCCRewardPageVisiblityToNonUSCountries&gt;&lt;Validate that RC Club Reward Profile link is displayed now&gt;[5/15/2018 12:46:58 AM]&lt;Info&gt;AllBrowserWindow : Locating browser window...[5/15/2018 12:47:17 AM]&lt;Info&gt;AllBrowserWindow : Locating browser window...[5/15/2018 12:47:17 AM]&lt;Info&gt;AllBrowserWindow : Locating browser window...[5/15/2018 12:47:23 AM]&lt;Info&gt;AllBrowserWindow : Locating browser window...[5/15/2018 12:47:27 AM]&lt;PASS&gt;&lt;HRCCRewardPageVisiblityToNonUSCountries&gt;&lt;Validate following message is displayed:- Reward points related to orders are calcualted only for orders shipped within USA and its territories.&gt;[5/15/2018 12:47:27 AM]&lt;INFO&gt;DeleteWishlistFromDatabase : method executing[5/15/2018 12:47:57 AM]&lt;RESULT&gt;Test Ended:#PASS=8, #FAIL=0[5/15/2018 12:47:58 AM]&lt;INFO&gt;LogCPUAndMemoryUsage: Available Memory = 25193(MB), CPU Usage = 12.24944%[5/15/2018 12:47:58 AM]&lt;INFO&gt;Private Working Set for QTAgent32_40, usage=262508 (K)[5/15/2018 12:47:58 AM]&lt;RESULT&gt;&lt;HRCCRewardPageVisiblityToNonUSCountries&gt; Test PASSED</StdOut>
      </Output>
      <ResultFiles />
    </UnitTestResult>
    <UnitTestResult executionId="3420b618-cd24-4511-b027-f5a7801eb67b" testId="89c165a1-7ac9-607c-28d5-09565c26a1ac" testName="HRCCRewardDashboardpage" computerName="CMP01-YKUMAR" duration="00:10:06.4517106" startTime="2018-05-15T00:48:00.6752310-05:00" endTime="2018-05-15T00:58:07.1322310-05:00" testType="13cdc9d9-ddb5-4fa4-a97d-d965ccfc6d4b" outcome="Failed" testListId="8c84fa94-04c1-424b-9868-57a2d4851a1d">
      <Output>
        <StdOut>Logging to custom path:\\CMP01-YKumar\AutoLogAssert.Fail failed. 
#Other errors=1
[Error details below]
&lt;ERROR&gt;[5/15/2018 12:53:26 AM]&lt;Error&gt;AllBrowserWindow : failed executing ...Unable to find Windows Internet Explorer window with 'Log In • Snapchat - Microsoft Internet Explorer provided by Horizon Hobby' in the title.   at TestAuto.LoggingAndSharedGenericMethods.EndTest() in c:\Builds\1\WebSphere\QATestAutomation\src\CodedUITest\SourceCode\Common\Logging\Logging.cs:line 1628
   at TestAuto.MyAccount.TestCleanup() in c:\Builds\1\WebSphere\QATestAutomation\src\CodedUITest\SourceCode\HHobby\MyAccount\MyAccount.cs:line 3165
[5/15/2018 12:48:00 AM]&lt;STARTLOG&gt;&lt;HRCCRewardDashboardpage&gt;Test Started: Expecting: #PASS=Undefined and #FAIL=0
Running from MTM=True, running on machine name:CMP01-YKUMAR, user name=ykumar, OS=Microsoft Windows NT 6.1.7601 Service Pack 1, Is64BitOS=True[5/15/2018 12:48:01 AM]&lt;INFO&gt;LogCPUAndMemoryUsage: Available Memory = 25279(MB), CPU Usage = 34.74666%[5/15/2018 12:48:01 AM]&lt;INFO&gt;Private Working Set for QTAgent32_40, usage=262668 (K)[5/15/2018 12:48:01 AM]&lt;INFO&gt;Path To TestConfig xml=C:\Users\ykumar\AppData\Local\VSEQT\QTAgent\26974\CMP01-YKUMAR.horizonhobby.com\Deployment\SharedCommonConfig.xml[5/15/2018 12:48:01 AM]&lt;INFO&gt;Path To TestData xml=C:\Users\ykumar\AppData\Local\VSEQT\QTAgent\26974\CMP01-YKUMAR.horizonhobby.com\Deployment\MyAccountTestData_004800.xml[5/15/2018 12:48:01 AM]&lt;INFO&gt;Path To HorizonHobbyQA Application Url=https://www-tst.horizonhobby.com[5/15/2018 12:48:01 AM]&lt;INFO&gt;HorizonHobbyQA sql connection string=Server=cmp02-ws-tst-db01:50000;Database=TST01DB;UID=wcdbuser;PWD=h0r1z0n;Connect Timeout=30[5/15/2018 12:48:01 AM]&lt;INFO&gt;Country is := US and language id is := '-1'[5/15/2018 12:48:01 AM]&lt;INFO&gt;Current browser used for test execution is = 'IE'[5/15/2018 12:48:05 AM]&lt;INFO&gt;HHLogin method executing ...[5/15/2018 12:48:05 AM]&lt;Info&gt;AllBrowserWindow : Locating browser window...[5/15/2018 12:48:13 AM]&lt;INFO&gt;TopGlobalMenuClickexecuting ...MyAccount[5/15/2018 12:48:14 AM]&lt;Info&gt;AllBrowserWindow : Locating browser window...[5/15/2018 12:48:15 AM]&lt;PASS&gt;&lt;HRCCRewardDashboardpage&gt;&lt;Validate that Reward Status is 2 (refer to 'Legend').&gt;[5/15/2018 12:48:15 AM]&lt;INFO&gt;TopGlobalMenuClickexecuting ...Signout[5/15/2018 12:48:22 AM]&lt;INFO&gt;SurveyWindow : method executing ...[5/15/2018 12:48:29 AM]&lt;INFO&gt;ContinueOnCertificationErrorClickexecuting ...[5/15/2018 12:48:29 AM]&lt;Info&gt;DEAllBrowserWindow : Locating browser window...[5/15/2018 12:48:34 AM]&lt;INFO&gt;UserRegistration : method executing ...[5/15/2018 12:48:34 AM]&lt;INFO&gt;DeleteWishlistFromDatabase : method executing[5/15/2018 12:48:34 AM]&lt;INFO&gt;DeletOrderItem : method executing[5/15/2018 12:49:04 AM]&lt;Info&gt;AllBrowserWindow : Locating browser window...[5/15/2018 12:49:22 AM]&lt;Info&gt;AllBrowserWindow : Locating browser window...[5/15/2018 12:49:38 AM]&lt;INFO&gt;TopGlobalMenuClickexecuting ...MyAccount[5/15/2018 12:49:39 AM]&lt;Info&gt;AllBrowserWindow : Locating browser window...[5/15/2018 12:49:40 AM]&lt;Info&gt;AllBrowserWindow : Locating browser window...[5/15/2018 12:49:43 AM]&lt;Info&gt;AllBrowserWindow : Locating browser window...[5/15/2018 12:49:44 AM]&lt;PASS&gt;&lt;HRCCRewardDashboardpage&gt;&lt;Validate that Member Status is displayed&gt;[5/15/2018 12:49:49 AM]&lt;PASS&gt;&lt;HRCCRewardDashboardpage&gt;&lt;Validate that details of the above created New User is stored in the result along with member id.&gt;[5/15/2018 12:49:49 AM]&lt;PASS&gt;&lt;HRCCRewardDashboardpage&gt;&lt;Validate that Reward Status is 0 (refer to 'Standard').&gt;[5/15/2018 12:49:49 AM]&lt;PASS&gt;&lt;HRCCRewardDashboardpage&gt;&lt;Validate that Member Status is displayed as 'Standard'&gt;[5/15/2018 12:49:49 AM]&lt;PASS&gt;&lt;HRCCRewardDashboardpage&gt;&lt;Validate that following message is displayed below Loyalty certificates&gt;[5/15/2018 12:49:49 AM]&lt;PASS&gt;&lt;HRCCRewardDashboardpage&gt;&lt;Validate that Upgrade to Pro link displayed for Standard User only&gt;[5/15/2018 12:49:49 AM]&lt;PASS&gt;&lt;HRCCRewardDashboardpage&gt;&lt;validate that Point Balance is displayed&gt;[5/15/2018 12:49:49 AM]&lt;PASS&gt;&lt;HRCCRewardDashboardpage&gt;&lt;Validate that for newly registered User Point balance is '100' Points&gt;[5/15/2018 12:49:49 AM]&lt;PASS&gt;&lt;HRCCRewardDashboardpage&gt;&lt;Validate that My Rewards Certificates link is displayed&gt;[5/15/2018 12:49:49 AM]&lt;PASS&gt;&lt;HRCCRewardDashboardpage&gt;&lt;Validate that point expiry date is displayed&gt;[5/15/2018 12:49:49 AM]&lt;PASS&gt;&lt;HRCCRewardDashboardpage&gt;&lt;Validate that My Rewards Certificates link is displayed&gt;[5/15/2018 12:49:49 AM]&lt;INFO&gt;GoToCartClickexecuting ...[5/15/2018 12:49:59 AM]&lt;INFO&gt;CheckoutProcessStartShoppingCart : method executing[5/15/2018 12:49:59 AM]&lt;Info&gt;AllBrowserWindow : Locating browser window...[5/15/2018 12:50:06 AM]&lt;INFO&gt;CheckoutShoppingCartControls : method executing[5/15/2018 12:50:06 AM]&lt;Info&gt;AllBrowserWindow : Locating browser window...[5/15/2018 12:50:14 AM]&lt;INFO&gt;SelectCheckoutPaymentRadiobutton : method executing[5/15/2018 12:50:14 AM]&lt;INFO&gt;CheckoutCreditCardShippingAndBillingControls : method executing[5/15/2018 12:50:14 AM]&lt;Info&gt;AllBrowserWindow : Locating browser window...[5/15/2018 12:50:26 AM]&lt;INFO&gt;FillCreditCardDetails : method executing[5/15/2018 12:50:26 AM]&lt;INFO&gt;CheckoutCreditCardShippingAndBillingControls : method executing[5/15/2018 12:50:26 AM]&lt;Info&gt;AllBrowserWindow : Locating browser window...[5/15/2018 12:50:34 AM]&lt;INFO&gt;ClickReviewOrder : method executing[5/15/2018 12:50:34 AM]&lt;INFO&gt;CheckoutCreditCardShippingAndBillingControls : method executing[5/15/2018 12:50:34 AM]&lt;Info&gt;AllBrowserWindow : Locating browser window...[5/15/2018 12:50:38 AM]&lt;Info&gt;AllBrowserWindow : Locating browser window...[5/15/2018 12:50:44 AM]&lt;INFO&gt;PlaceOrderCreditCard : method executing[5/15/2018 12:50:44 AM]&lt;INFO&gt;CheckoutCreditCardShippingAndBillingControls : method executing[5/15/2018 12:50:44 AM]&lt;Info&gt;AllBrowserWindow : Locating browser window...[5/15/2018 12:50:52 AM]&lt;INFO&gt;KeyboardSendKeys method executing...[5/15/2018 12:52:23 AM]&lt;Info&gt;AllBrowserWindow : Locating browser window...[5/15/2018 12:52:30 AM]&lt;Info&gt;AllBrowserWindow : Locating browser window...[5/15/2018 12:52:31 AM]&lt;INFO&gt;TopGlobalMenuClickexecuting ...MyAccount[5/15/2018 12:52:31 AM]&lt;Info&gt;AllBrowserWindow : Locating browser window...[5/15/2018 12:52:32 AM]&lt;Info&gt;AllBrowserWindow : Locating browser window...[5/15/2018 12:52:37 AM]&lt;Info&gt;AllBrowserWindow : Locating browser window...[5/15/2018 12:52:38 AM]&lt;PASS&gt;&lt;HRCCRewardDashboardpage&gt;&lt;Validate that member status is displayed as 'Pro'&gt;[5/15/2018 12:52:38 AM]&lt;PASS&gt;&lt;HRCCRewardDashboardpage&gt;&lt;Validate that Reward Status is 1 (refer to 'Pro').&gt;[5/15/2018 12:52:38 AM]&lt;PASS&gt;&lt;HRCCRewardDashboardpage&gt;&lt;Validate that following message is displayed below Loyalty certificates&gt;[5/15/2018 12:52:42 AM]&lt;PASS&gt;&lt;HRCCRewardDashboardpage&gt;&lt;Validate that Upgrade to Pro link is not displayed for Pro User only&gt;[5/15/2018 12:52:42 AM]&lt;PASS&gt;&lt;HRCCRewardDashboardpage&gt;&lt;Validate that 'Snapchat' media icons is displayed.&gt;[5/15/2018 12:53:04 AM]&lt;Info&gt;AllBrowserWindow : Locating browser window...Assert.Fail failed. [5/15/2018 12:53:26 AM]&lt;Error&gt;AllBrowserWindow : failed executing ...Unable to find Windows Internet Explorer window with 'Log In • Snapchat - Microsoft Internet Explorer provided by Horizon Hobby' in the title., 
    StackTrace:
    AllBrowserWindow(),SharedBorderFree.cs,Line Number:1037
    CloseBrowserTab(),MyAccount.cs,Line Number:2577
    HRCCRewardDashboardpage(),MyAccount.cs,Line Number:2093[5/15/2018 12:53:26 AM]&lt;CaptureImage&gt;\\CMP01-YKumar\AutoLog\CMP01-YKUMAR\HRCCRewardDashboardpage_20180515005326.png[5/15/2018 12:53:27 AM]&lt;PASS&gt;&lt;Web Page Log In • Snapchat&gt;&lt;Log In • Snapchat Page opens up&gt;[5/15/2018 12:53:39 AM]&lt;PASS&gt;&lt;HRCCRewardDashboardpage&gt;&lt;Validate that 'Instagram' media icons is displayed.&gt;[5/15/2018 12:53:50 AM]&lt;Info&gt;AllBrowserWindow : Locating browser window...[5/15/2018 12:54:02 AM]&lt;PASS&gt;&lt;Web Page Horizon Hobby, LLC (@horizon_hobby) • Instagram photos and videos&gt;&lt;Horizon Hobby, LLC (@horizon_hobby) • Instagram photos and videos Page opens up&gt;[5/15/2018 12:54:14 AM]&lt;PASS&gt;&lt;HRCCRewardDashboardpage&gt;&lt;Validate that 'Twitter' media icons is displayed.&gt;[5/15/2018 12:54:25 AM]&lt;Info&gt;AllBrowserWindow : Locating browser window...[5/15/2018 12:54:31 AM]&lt;PASS&gt;&lt;Web Page Horizon Hobby (@Horizon_Hobby) | Twitter&gt;&lt;Horizon Hobby (@Horizon_Hobby) | Twitter Page opens up&gt;[5/15/2018 12:54:43 AM]&lt;PASS&gt;&lt;HRCCRewardDashboardpage&gt;&lt;Validate that 'Youtube' media icons is displayed.&gt;[5/15/2018 12:54:54 AM]&lt;Info&gt;AllBrowserWindow : Locating browser window...[5/15/2018 12:56:25 AM]&lt;PASS&gt;&lt;Web Page Horizon Hobby - YouTube&gt;&lt;Horizon Hobby - YouTube Page opens up&gt;[5/15/2018 12:56:37 AM]&lt;PASS&gt;&lt;HRCCRewardDashboardpage&gt;&lt;Validate that 'Facebook' media icons is displayed.&gt;[5/15/2018 12:57:50 AM]&lt;PASS&gt;&lt;Web Page Security Check Required&gt;&lt;Security Check Required Page opens up&gt;[5/15/2018 12:58:04 AM]&lt;INFO&gt;GetBonusDepartmentDetails executing... [5/15/2018 12:58:04 AM]&lt;RESULT&gt;Test Ended:#PASS=26, #FAIL=0,#Other errors=1[5/15/2018 12:58:05 AM]&lt;INFO&gt;LogCPUAndMemoryUsage: Available Memory = 25055(MB), CPU Usage = 0.15936%[5/15/2018 12:58:05 AM]&lt;INFO&gt;Private Working Set for QTAgent32_40, usage=264624 (K)[5/15/2018 12:58:05 AM]&lt;RESULT&gt;&lt;HRCCRewardDashboardpage&gt; Test FAILED: #Other errors=1. See Error Message/logs for further details.</StdOut>
        <ErrorInfo>
          <Message>Assert.Fail failed. 
#Other errors=1
[Error details below]
&lt;ERROR&gt;[5/15/2018 12:53:26 AM]&lt;Error&gt;AllBrowserWindow : failed executing ...Unable to find Windows Internet Explorer window with 'Log In • Snapchat - Microsoft Internet Explorer provided by Horizon Hobby' in the title.</Message>
          <StackTrace>   at TestAuto.LoggingAndSharedGenericMethods.EndTest() in c:\Builds\1\WebSphere\QATestAutomation\src\CodedUITest\SourceCode\Common\Logging\Logging.cs:line 1628
   at TestAuto.MyAccount.TestCleanup() in c:\Builds\1\WebSphere\QATestAutomation\src\CodedUITest\SourceCode\HHobby\MyAccount\MyAccount.cs:line 3165
</StackTrace>
        </ErrorInfo>
      </Output>
      <ResultFiles />
    </UnitTestResult>
    <UnitTestResult executionId="dbb648cd-f7c4-4b50-97ca-9e72bc180407" testId="e5ee7485-0038-6613-3647-634475f050c3" testName="CheckoutWithLoyaltyCertificateAndGiftCard" computerName="CMP01-YKUMAR" duration="00:02:54.7203249" startTime="2018-05-15T00:58:07.1332310-05:00" endTime="2018-05-15T01:01:01.8682310-05:00" testType="13cdc9d9-ddb5-4fa4-a97d-d965ccfc6d4b" outcome="Failed" testListId="8c84fa94-04c1-424b-9868-57a2d4851a1d">
      <Output>
        <StdOut>Logging to custom path:\\CMP01-YKumar\AutoLogAssert.Fail failed. 
#Other errors=7
[Error details below]   at TestAuto.LoggingAndSharedGenericMethods.EndTest() in c:\Builds\1\WebSphere\QATestAutomation\src\CodedUITest\SourceCode\Common\Logging\Logging.cs:line 1628
   at TestAuto.CheckoutCreditCard.TestCleanup() in c:\Builds\1\WebSphere\QATestAutomation\src\CodedUITest\SourceCode\HHobby\Checkout\CheckoutCreditCard.cs:line 4170
[5/15/2018 12:58:07 AM]&lt;STARTLOG&gt;&lt;CheckoutWithLoyaltyCertificateAndGiftCard&gt;Test Started: Expecting: #PASS=Undefined and #FAIL=0
Running from MTM=True, running on machine name:CMP01-YKUMAR, user name=ykumar, OS=Microsoft Windows NT 6.1.7601 Service Pack 1, Is64BitOS=True[5/15/2018 12:58:08 AM]&lt;INFO&gt;LogCPUAndMemoryUsage: Available Memory = 25188(MB), CPU Usage = 39.89688%[5/15/2018 12:58:08 AM]&lt;INFO&gt;Private Working Set for QTAgent32_40, usage=264480 (K)[5/15/2018 12:58:08 AM]&lt;INFO&gt;Path To TestConfig xml=C:\Users\ykumar\AppData\Local\VSEQT\QTAgent\26974\CMP01-YKUMAR.horizonhobby.com\Deployment\SharedCommonConfig.xml[5/15/2018 12:58:08 AM]&lt;INFO&gt;Path To TestData xml=C:\Users\ykumar\AppData\Local\VSEQT\QTAgent\26974\CMP01-YKUMAR.horizonhobby.com\Deployment\CheckoutCreditCard_005807.xml[5/15/2018 12:58:08 AM]&lt;INFO&gt;Path To HorizonHobbyQA Application Url=https://www-tst.horizonhobby.com[5/15/2018 12:58:08 AM]&lt;INFO&gt;HorizonHobbyQA sql connection string=Server=cmp02-ws-tst-db01:50000;Database=TST01DB;UID=wcdbuser;PWD=h0r1z0n;Connect Timeout=30[5/15/2018 12:58:08 AM]&lt;INFO&gt;Country is := US and language id is := '-1'[5/15/2018 12:58:08 AM]&lt;INFO&gt;Current browser used for test execution is = 'IE'[5/15/2018 12:58:08 AM]&lt;INFO&gt;GenerateGiftCard : method executing...[5/15/2018 12:58:08 AM]&lt;INFO&gt;LaunchCustomBrowserWindow : method executing ...[5/15/2018 12:58:11 AM]&lt;INFO&gt;SurveyWindow : method executing ...[5/15/2018 12:58:13 AM]&lt;PASS&gt;&lt;GenerateGiftCard&gt;&lt; Validates that a new Gift Card Number generated successfully&gt;[5/15/2018 12:58:23 AM]&lt;INFO&gt;SurveyWindow : method executing ...[5/15/2018 12:58:28 AM]&lt;INFO&gt;ContinueOnCertificationErrorClickexecuting ...[5/15/2018 12:58:28 AM]&lt;Info&gt;DEAllBrowserWindow : Locating browser window...[5/15/2018 12:58:33 AM]&lt;INFO&gt;UserRegistration : method executing ...[5/15/2018 12:58:33 AM]&lt;Info&gt;AllBrowserWindow : Locating browser window...[5/15/2018 12:58:48 AM]&lt;Info&gt;AllBrowserWindow : Locating browser window...Assert.Fail failed. [5/15/2018 12:59:11 AM]&lt;Error&gt;AllBrowserWindow : failed executing ...Unable to find Windows Internet Explorer window with 'My Account - Microsoft Internet Explorer provided by Horizon Hobby' in the title., 
    StackTrace:
    AllBrowserWindow(),SharedBorderFree.cs,Line Number:1037
    UserRegistration(),SharedUserRegistration.cs,Line Number:818
    RegisterNewUser(),SharedUserRegistration.cs,Line Number:1158
    RegisterNewUser(),SharedUserRegistration.cs,Line Number:1171
    CheckoutWithLoyaltyCertificateAndGiftCard(),CheckoutCreditCard.cs,Line Number:3509[5/15/2018 12:59:12 AM]&lt;CaptureImage&gt;\\CMP01-YKumar\AutoLog\CMP01-YKUMAR\CheckoutWithLoyaltyCertificateAndGiftCard_20180515005911.pngAssert.Fail failed. [5/15/2018 12:59:15 AM]&lt;ERROR&gt;QuerySQLValues_string, strSQLquery=Update X_HOR_REWARDS set BALANCE_POINTS='50000' where MEMBER_ID=, strConnection=Server=cmp02-ws-tst-db01:50000;Database=TST01DB;UID=wcdbuser;PWD=h0r1z0n;Connect Timeout=30, Exception=IBM.Data.DB2.DB2Exception (0x80004005): ERROR [42601] [IBM][DB2/LINUXX8664] SQL0104N  An unexpected token "END-OF-STATEMENT" was found following "00' where MEMBER_ID=".  Expected tokens may include:  "&lt;update_source_no_row_query&gt;".
   at IBM.Data.DB2.DB2Command.ExecuteReaderObject(CommandBehavior behavior, String method, DB2CursorType reqCursorType, Boolean abortOnOptValueChg, Boolean skipDeleted, Boolean isResultSet, Int32 maxRows, Boolean skipInitialValidation)
   at IBM.Data.DB2.DB2Command.ExecuteReaderObject(CommandBehavior behavior, String method)
   at IBM.Data.DB2.DB2Command.ExecuteReader(CommandBehavior behavior)
   at IBM.Data.DB2.DB2Command.ExecuteReader()
   at TestAuto.LoggingAndSharedGenericMethods.QuerySqlValueDB2(String value, String table, String WHERE, String connection, Boolean validate, Boolean concatValues) in c:\Builds\1\WebSphere\QATestAutomation\src\CodedUITest\SourceCode\Common\Logging\SharedMethods_Generic.cs:line 4540, 
    StackTrace:
    QuerySqlValueDB2(),SharedMethods_Generic.cs,Line Number:4562
    QuerySqlValueDB2(),SharedMethods_Generic.cs,Line Number:4085
    GenerateRewardCertificate(),SharedMyAccount.cs,Line Number:1022
    CheckoutWithLoyaltyCertificateAndGiftCard(),CheckoutCreditCard.cs,Line Number:3512[5/15/2018 12:59:15 AM]&lt;Info&gt;AllBrowserWindow : Locating browser window...Assert.Fail failed. [5/15/2018 12:59:37 AM]&lt;Error&gt;AllBrowserWindow : failed executing ...Unable to find Windows Internet Explorer window with 'My Account - Microsoft Internet Explorer provided by Horizon Hobby' in the title., 
    StackTrace:
    AllBrowserWindow(),SharedBorderFree.cs,Line Number:1037
    GenerateRewardCertificate(),SharedMyAccount.cs,Line Number:1025
    CheckoutWithLoyaltyCertificateAndGiftCard(),CheckoutCreditCard.cs,Line Number:3512[5/15/2018 12:59:37 AM]&lt;CaptureImage&gt;\\CMP01-YKumar\AutoLog\CMP01-YKUMAR\CheckoutWithLoyaltyCertificateAndGiftCard_20180515005937.pngAssert.Fail failed. [5/15/2018 12:59:46 AM]&lt;ERROR&gt;MouseClick Exception:Microsoft.VisualStudio.TestTools.UITest.Extension.UITestControlNotFoundException: The playback failed to find the control with the given search properties. Additional Details: 
TechnologyName:  'Web'
ControlType:  'Hyperlink'
TagName:  'A'
Id:  'MyAccountLink'
 Failed to find any control that matched the value MyAccountLink for the search property Id. ---&gt; System.Runtime.InteropServices.COMException: Error HRESULT E_FAIL has been returned from a call to a COM component.
   at Microsoft.VisualStudio.TestTools.UITest.Playback.Engine.IScreenElement.FindAllDescendants(String bstrQueryId, Object&amp; pvarResKeys, Int32 cResKeys, Int32 nMaxDepth)
   at Microsoft.VisualStudio.TestTools.UITest.Playback.ScreenElement.FindAllScreenElement(String queryId, Int32 depth, Boolean singleQueryId, Boolean throwException, Boolean resetSkipStep)
   at Microsoft.VisualStudio.TestTools.UITest.Playback.ScreenElement.FindScreenElement(String queryId, Int32 depth, Boolean resetSkipStep)
   at Microsoft.VisualStudio.TestTools.UITesting.UITestControl.FindFirstDescendant(String queryId, Int32 maxDepth, Int32&amp; timeLeft)
   --- End of inner exception stack trace ---
   at Microsoft.VisualStudio.TestTools.UITesting.Playback.MapControlNotFoundException(COMException ex, IPlaybackContext context)
   at Microsoft.VisualStudio.TestTools.UITesting.Playback.MapAndThrowComException(COMException innerException, IPlaybackContext context)
   at Microsoft.VisualStudio.TestTools.UITesting.Playback.MapAndThrowException(SystemException exception, IPlaybackContext context)
   at Microsoft.VisualStudio.TestTools.UITesting.Playback.MapAndThrowException(SystemException exception, String queryId)
   at Microsoft.VisualStudio.TestTools.UITesting.UITestControl.FindFirstDescendant(String queryId, Int32 maxDepth, Int32&amp; timeLeft)
   at Microsoft.VisualStudio.TestTools.UITesting.SearchHelper.GetUITestControlRecursive(Boolean useCache, Boolean alwaysSearch, ISearchArgument searchArg, IList`1 windowTitles, Int32&amp; timeLeft)
   at Microsoft.VisualStudio.TestTools.UITesting.SearchHelper.GetElement(Boolean useCache, ISearchArgument searchArg)
   at Microsoft.VisualStudio.TestTools.UITesting.SearchHelper.Search(ISearchArgument searchArg)
   at Microsoft.VisualStudio.TestTools.UITesting.UITestControl.FindInternal()
   at Microsoft.VisualStudio.TestTools.UITesting.UITestControl.&lt;Find&gt;b__3a()
   at Microsoft.VisualStudio.TestTools.UITesting.CodedUITestMethodInvoker.InvokeMethod[T](Func`1 function, UITestControl control, Boolean firePlaybackErrorEvent, Boolean logAsAction)
   at Microsoft.VisualStudio.TestTools.UITesting.UITestControl.Find()
   at Microsoft.VisualStudio.TestTools.UITesting.UITestControl.GetPropertyPrivate(String propertyName)
   at Microsoft.VisualStudio.TestTools.UITesting.UITestControl.GetPropertyOfType[T](String propertyName)
   at Microsoft.VisualStudio.TestTools.UITesting.UITestControl.get_Name()
   at TestAuto.LoggingAndSharedGenericMethods.MouseClick(UITestControl uiMenuItemTestControl) in c:\Builds\1\WebSphere\QATestAutomation\src\CodedUITest\SourceCode\Common\Logging\SharedMethods_Generic.cs:line 790, 
    StackTrace:
    MouseClick(),SharedMethods_Generic.cs,Line Number:822
    GenerateRewardCertificate(),SharedMyAccount.cs,Line Number:1027
    CheckoutWithLoyaltyCertificateAndGiftCard(),CheckoutCreditCard.cs,Line Number:3512[5/15/2018 12:59:46 AM]&lt;CaptureImage&gt;\\CMP01-YKumar\AutoLog\CMP01-YKUMAR\CheckoutWithLoyaltyCertificateAndGiftCard_20180515005946.png[5/15/2018 12:59:46 AM]&lt;Info&gt;AllBrowserWindow : Locating browser window...Assert.Fail failed. [5/15/2018 1:00:08 AM]&lt;Error&gt;AllBrowserWindow : failed executing ...Unable to find Windows Internet Explorer window with 'RC Club Rewards - Microsoft Internet Explorer provided by Horizon Hobby' in the title., 
    StackTrace:
    AllBrowserWindow(),SharedBorderFree.cs,Line Number:1037
    GenerateRewardCertificate(),SharedMyAccount.cs,Line Number:1030
    CheckoutWithLoyaltyCertificateAndGiftCard(),CheckoutCreditCard.cs,Line Number:3512[5/15/2018 1:00:08 AM]&lt;CaptureImage&gt;\\CMP01-YKumar\AutoLog\CMP01-YKUMAR\CheckoutWithLoyaltyCertificateAndGiftCard_20180515010008.pngAssert.Fail failed. [5/15/2018 1:00:13 AM]&lt;ERROR&gt;MouseClick Exception:Microsoft.VisualStudio.TestTools.UITest.Extension.UITestControlNotFoundException: The playback failed to find the control with the given search properties. Additional Details: 
TechnologyName:  'Web'
ControlType:  'Button'
TagName:  'BUTTON'
Id:  'Generate_Reward_Certificate_option_button_link_1'
 Failed to find any control that matched the value Generate_Reward_Certificate_option_button_link_1 for the search property Id. ---&gt; System.Runtime.InteropServices.COMException: Error HRESULT E_FAIL has been returned from a call to a COM component.
   at Microsoft.VisualStudio.TestTools.UITest.Playback.Engine.IScreenElement.FindAllDescendants(String bstrQueryId, Object&amp; pvarResKeys, Int32 cResKeys, Int32 nMaxDepth)
   at Microsoft.VisualStudio.TestTools.UITest.Playback.ScreenElement.FindAllScreenElement(String queryId, Int32 depth, Boolean singleQueryId, Boolean throwException, Boolean resetSkipStep)
   at Microsoft.VisualStudio.TestTools.UITest.Playback.ScreenElement.FindScreenElement(String queryId, Int32 depth, Boolean resetSkipStep)
   at Microsoft.VisualStudio.TestTools.UITesting.UITestControl.FindFirstDescendant(String queryId, Int32 maxDepth, Int32&amp; timeLeft)
   --- End of inner exception stack trace ---
   at Microsoft.VisualStudio.TestTools.UITesting.Playback.MapControlNotFoundException(COMException ex, IPlaybackContext context)
   at Microsoft.VisualStudio.TestTools.UITesting.Playback.MapAndThrowComException(COMException innerException, IPlaybackContext context)
   at Microsoft.VisualStudio.TestTools.UITesting.Playback.MapAndThrowException(SystemException exception, IPlaybackContext context)
   at Microsoft.VisualStudio.TestTools.UITesting.Playback.MapAndThrowException(SystemException exception, String queryId)
   at Microsoft.VisualStudio.TestTools.UITesting.UITestControl.FindFirstDescendant(String queryId, Int32 maxDepth, Int32&amp; timeLeft)
   at Microsoft.VisualStudio.TestTools.UITesting.SearchHelper.GetUITestControlRecursive(Boolean useCache, Boolean alwaysSearch, ISearchArgument searchArg, IList`1 windowTitles, Int32&amp; timeLeft)
   at Microsoft.VisualStudio.TestTools.UITesting.SearchHelper.GetElement(Boolean useCache, ISearchArgument searchArg)
   at Microsoft.VisualStudio.TestTools.UITesting.SearchHelper.Search(ISearchArgument searchArg)
   at Microsoft.VisualStudio.TestTools.UITesting.UITestControl.FindInternal()
   at Microsoft.VisualStudio.TestTools.UITesting.UITestControl.&lt;Find&gt;b__3a()
   at Microsoft.VisualStudio.TestTools.UITesting.CodedUITestMethodInvoker.InvokeMethod[T](Func`1 function, UITestControl control, Boolean firePlaybackErrorEvent, Boolean logAsAction)
   at Microsoft.VisualStudio.TestTools.UITesting.UITestControl.Find()
   at Microsoft.VisualStudio.TestTools.UITesting.UITestControl.GetPropertyPrivate(String propertyName)
   at Microsoft.VisualStudio.TestTools.UITesting.UITestControl.GetPropertyOfType[T](String propertyName)
   at Microsoft.VisualStudio.TestTools.UITesting.UITestControl.get_Name()
   at TestAuto.LoggingAndSharedGenericMethods.MouseClick(UITestControl uiMenuItemTestControl) in c:\Builds\1\WebSphere\QATestAutomation\src\CodedUITest\SourceCode\Common\Logging\SharedMethods_Generic.cs:line 790, 
    StackTrace:
    MouseClick(),SharedMethods_Generic.cs,Line Number:822
    GenerateRewardCertificate(),SharedMyAccount.cs,Line Number:1032
    CheckoutWithLoyaltyCertificateAndGiftCard(),CheckoutCreditCard.cs,Line Number:3512[5/15/2018 1:00:13 AM]&lt;CaptureImage&gt;\\CMP01-YKumar\AutoLog\CMP01-YKUMAR\CheckoutWithLoyaltyCertificateAndGiftCard_20180515010013.png[5/15/2018 1:00:13 AM]&lt;INFO&gt;SearchProductexecuting ... Searching term:= 'DYNP5097'[5/15/2018 1:00:20 AM]&lt;Info&gt;AllBrowserWindow : Locating browser window...[5/15/2018 1:00:20 AM]&lt;INFO&gt;BackOrderClickexecuting ...[5/15/2018 1:00:24 AM]&lt;INFO&gt;GoToCartClickexecuting ...[5/15/2018 1:00:35 AM]&lt;INFO&gt;CheckoutProcessStartShoppingCart : method executing[5/15/2018 1:00:35 AM]&lt;Info&gt;AllBrowserWindow : Locating browser window...[5/15/2018 1:00:42 AM]&lt;INFO&gt;CheckoutShoppingCartControls : method executing[5/15/2018 1:00:42 AM]&lt;Info&gt;AllBrowserWindow : Locating browser window...Assert.Fail failed. [5/15/2018 1:00:58 AM]&lt;Error&gt;CheckoutWithLoyaltyCertificateAndGiftCard : failed executing ...Index was out of range. Must be non-negative and less than the size of the collection.
Parameter name: index, 
    StackTrace:
    CheckoutWithLoyaltyCertificateAndGiftCard(),CheckoutCreditCard.cs,Line Number:3546[5/15/2018 1:00:58 AM]&lt;CaptureImage&gt;\\CMP01-YKumar\AutoLog\CMP01-YKUMAR\CheckoutWithLoyaltyCertificateAndGiftCard_20180515010058.png[5/15/2018 1:00:58 AM]&lt;RESULT&gt;Test Ended:#PASS=1, #FAIL=0,#Other errors=7[5/15/2018 1:00:59 AM]&lt;INFO&gt;LogCPUAndMemoryUsage: Available Memory = 25177(MB), CPU Usage = 4.934455%[5/15/2018 1:00:59 AM]&lt;INFO&gt;Private Working Set for QTAgent32_40, usage=272240 (K)[5/15/2018 1:00:59 AM]&lt;RESULT&gt;&lt;CheckoutWithLoyaltyCertificateAndGiftCard&gt; Test FAILED: #Other errors=7. See Error Message/logs for further details.</StdOut>
        <ErrorInfo>
          <Message>Assert.Fail failed. 
#Other errors=7
[Error details below]</Message>
          <StackTrace>   at TestAuto.LoggingAndSharedGenericMethods.EndTest() in c:\Builds\1\WebSphere\QATestAutomation\src\CodedUITest\SourceCode\Common\Logging\Logging.cs:line 1628
   at TestAuto.CheckoutCreditCard.TestCleanup() in c:\Builds\1\WebSphere\QATestAutomation\src\CodedUITest\SourceCode\HHobby\Checkout\CheckoutCreditCard.cs:line 4170
</StackTrace>
        </ErrorInfo>
      </Output>
      <ResultFiles />
    </UnitTestResult>
    <UnitTestResult executionId="a6f7381d-42b8-4518-9981-3175317fe28a" testId="5493a8ff-1c6a-c57f-78d6-f2d89a1cf4eb" testName="ContinueShoppingFromCategory3ProductShoppingCart" computerName="CMP01-YKUMAR" duration="00:03:16.7965314" startTime="2018-05-15T01:01:01.8692310-05:00" endTime="2018-05-15T01:04:18.6802310-05:00" testType="13cdc9d9-ddb5-4fa4-a97d-d965ccfc6d4b" outcome="Failed" testListId="8c84fa94-04c1-424b-9868-57a2d4851a1d">
      <Output>
        <StdOut>Logging to custom path:\\CMP01-YKumar\AutoLogAssert.Fail failed. 
#Other errors=4
[Error details below]
&lt;ERROR&gt;[5/15/2018 1:03:35 AM]&lt;ERROR&gt;BackOrderClick : failed executing ...The playback failed to find the control with the given search properties. Additional Details: 
TechnologyName:  'Web'
ControlType:  'Hyperlink'
TagName:  'A'
Id:  'add2CartBtn'
 Failed to find any control that matched the search condition Id='add2CartBtn' &amp;&amp; ControlType='Hyperlink'
&lt;ERROR&gt;[5/15/2018 1:03:50 AM]&lt;ERROR&gt;MouseClick Exception:Microsoft.VisualStudio.TestTools.UITest.Extension.UITestControlNotFoundException: The playback failed to find the control with the given search properties. Additional Details: 
TechnologyName:  'Web'
ControlType:  'Hyperlink'
TagName:  'A'
Id:  'GotoCartButton1'
Class:  'button'
InnerText:  'Go to Cart'
 Failed to find any control that matched the search condition Id='GotoCartButton1' &amp;&amp; ControlType='Hyperlink' &amp;&amp; Class='button' &amp;&amp; InnerText='Go to Cart' ---&gt; System.Runtime.InteropServices.COMException: Error HRESULT E_FAIL has been returned from a call to a COM component.
   at Microsoft.VisualStudio.TestTools.UITest.Playback.Engine.IScreenElement.FindAllDescendants(String bstrQueryId, Object&amp; pvarResKeys, Int32 cResKeys, Int32 nMaxDepth)
   at Microsoft.VisualStudio.TestTools.UITest.Playback.ScreenElement.FindAllScreenElement(String queryId, Int32 depth, Boolean singleQueryId, Boolean throwException, Boolean resetSkipStep)
   at Microsoft.VisualStudio.TestTools.UITest.Playback.ScreenElement.FindScreenElement(String queryId, Int32 depth, Boolean resetSkipStep)
   at Microsoft.VisualStudio.TestTools.UITesting.UITestControl.FindFirstDescendant(String queryId, Int32 maxDepth, Int32&amp; timeLeft)
   --- End of inner exception stack trace ---
   at Microsoft.VisualStudio.TestTools.UITesting.Playback.MapControlNotFoundException(COMException ex, IPlaybackContext context)
   at Microsoft.VisualStudio.TestTools.UITesting.Playback.MapAndThrowComException(COMException innerException, IPlaybackContext context)
   at Microsoft.VisualStudio.TestTools.UITesting.Playback.MapAndThrowException(SystemException exception, IPlaybackContext context)
   at Microsoft.VisualStudio.TestTools.UITesting.Playback.MapAndThrowException(SystemException exception, String queryId)
   at Microsoft.VisualStudio.TestTools.UITesting.UITestControl.FindFirstDescendant(String queryId, Int32 maxDepth, Int32&amp; timeLeft)
   at Microsoft.VisualStudio.TestTools.UITesting.SearchHelper.GetUITestControlRecursive(Boolean useCache, Boolean alwaysSearch, ISearchArgument searchArg, IList`1 windowTitles, Int32&amp; timeLeft)
   at Microsoft.VisualStudio.TestTools.UITesting.SearchHelper.GetElement(Boolean useCache, ISearchArgument searchArg)
   at Microsoft.VisualStudio.TestTools.UITesting.SearchHelper.Search(ISearchArgument searchArg)
   at Microsoft.VisualStudio.TestTools.UITesting.UITestControl.FindInternal()
   at Microsoft.VisualStudio.TestTools.UITesting.UITestControl.&lt;Find&gt;b__3a()
   at Microsoft.VisualStudio.TestTools.UITesting.CodedUITestMethodInvoker.InvokeMethod[T](Func`1 function, UITestControl control, Boolean firePlaybackErrorEvent, Boolean logAsAction)
   at Microsoft.VisualStudio.TestTools.UITesting.UITestControl.Find()
   at Microsoft.VisualStudio.TestTools.UITesting.UITestControl.GetPropertyPrivate(String propertyName)
   at Microsoft.VisualStudio.TestTools.UITesting.UITestControl.GetPropertyOfType[T](String propertyName)
   at Microsoft.VisualStudio.TestTools.UITesting.UITestControl.get_Name()
   at TestAuto.LoggingAndSharedGenericMethods.MouseClick(UITestControl uiMenuItemTestControl) in c:\Builds\1\WebSphere\QATestAutomation\src\CodedUITest\SourceCode\Common\Logging\SharedMethods_Generic.cs:line 790
&lt;ERROR&gt;[5/15/2018 1:04:12 AM]&lt;Error&gt;AllBrowserWindow : failed executing ...Unable to find Windows Internet Explorer window with 'Shopping Cart - Microsoft Internet Explorer provided by Horizon Hobby' in the title.
&lt;ERROR&gt;[5/15/2018 1:04:15 AM]&lt;ERROR&gt;ContinueShoppingFromCategory3ProductShoppingCart : failed executing ...The playback failed to find the control with the given search properties. Additional Details: 
TechnologyName:  'Web'
ControlType:  'Hyperlink'
TagName:  'A'
Id:  'WC_BreadCrumbTrailDisplay_links_2a'
 Failed to find any control that matched the search condition Id='WC_BreadCrumbTrailDisplay_links_2a' &amp;&amp; ControlType='Hyperlink'   at TestAuto.LoggingAndSharedGenericMethods.EndTest() in c:\Builds\1\WebSphere\QATestAutomation\src\CodedUITest\SourceCode\Common\Logging\Logging.cs:line 1628
   at TestAuto.CartDisplayTest.TestCleanup() in c:\Builds\1\WebSphere\QATestAutomation\src\CodedUITest\SourceCode\HHobby\CartDisplay\CartDisplay.cs:line 5472
[5/15/2018 1:01:01 AM]&lt;STARTLOG&gt;&lt;ContinueShoppingFromCategory3ProductShoppingCart&gt;Test Started: Expecting: #PASS=Undefined and #FAIL=0
Running from MTM=True, running on machine name:CMP01-YKUMAR, user name=ykumar, OS=Microsoft Windows NT 6.1.7601 Service Pack 1, Is64BitOS=True[5/15/2018 1:01:02 AM]&lt;INFO&gt;LogCPUAndMemoryUsage: Available Memory = 25204(MB), CPU Usage = 38.33953%[5/15/2018 1:01:02 AM]&lt;INFO&gt;Private Working Set for QTAgent32_40, usage=272324 (K)[5/15/2018 1:01:02 AM]&lt;INFO&gt;Path To TestConfig xml=C:\Users\ykumar\AppData\Local\VSEQT\QTAgent\26974\CMP01-YKUMAR.horizonhobby.com\Deployment\SharedCommonConfig.xml[5/15/2018 1:01:02 AM]&lt;INFO&gt;Path To TestData xml=C:\Users\ykumar\AppData\Local\VSEQT\QTAgent\26974\CMP01-YKUMAR.horizonhobby.com\Deployment\CartDisplayTestData_010101.xml[5/15/2018 1:01:03 AM]&lt;INFO&gt;Path To HorizonHobbyQA Application Url=https://www-tst.horizonhobby.com[5/15/2018 1:01:03 AM]&lt;INFO&gt;HorizonHobbyQA sql connection string=Server=cmp02-ws-tst-db01:50000;Database=TST01DB;UID=wcdbuser;PWD=h0r1z0n;Connect Timeout=30[5/15/2018 1:01:03 AM]&lt;INFO&gt;Country is := US and language id is := '-1'[5/15/2018 1:01:03 AM]&lt;INFO&gt;Current browser used for test execution is = 'IE'[5/15/2018 1:01:06 AM]&lt;Info&gt;AllBrowserWindow : Locating browser window...[5/15/2018 1:01:06 AM]&lt;INFO&gt;GetMenuItems : method executing ... - Almost Ready-to-Fly[5/15/2018 1:01:08 AM]&lt;Info&gt;AllBrowserWindow : Locating browser window...[5/15/2018 1:01:35 AM]&lt;Info&gt;AllBrowserWindow : Locating browser window...[5/15/2018 1:01:57 AM]&lt;Info&gt;AllBrowserWindow : Locating browser window...[5/15/2018 1:03:29 AM]&lt;INFO&gt;BackOrderClickexecuting ...Assert.Fail failed. [5/15/2018 1:03:35 AM]&lt;ERROR&gt;BackOrderClick : failed executing ...The playback failed to find the control with the given search properties. Additional Details: 
TechnologyName:  'Web'
ControlType:  'Hyperlink'
TagName:  'A'
Id:  'add2CartBtn'
 Failed to find any control that matched the search condition Id='add2CartBtn' &amp;&amp; ControlType='Hyperlink', 
    StackTrace:
    BackOrderClick(),SharedProductPage.cs,Line Number:498
    BackOrderClick(),SharedProductPage.cs,Line Number:505
    ContinueShoppingFromCategory3ProductShoppingCart(),CartDisplay.cs,Line Number:4038[5/15/2018 1:03:35 AM]&lt;CaptureImage&gt;\\CMP01-YKumar\AutoLog\CMP01-YKUMAR\ContinueShoppingFromCategory3ProductShoppingCart_20180515010335.png[5/15/2018 1:03:37 AM]&lt;INFO&gt;GoToCartClickexecuting ...Assert.Fail failed. [5/15/2018 1:03:50 AM]&lt;ERROR&gt;MouseClick Exception:Microsoft.VisualStudio.TestTools.UITest.Extension.UITestControlNotFoundException: The playback failed to find the control with the given search properties. Additional Details: 
TechnologyName:  'Web'
ControlType:  'Hyperlink'
TagName:  'A'
Id:  'GotoCartButton1'
Class:  'button'
InnerText:  'Go to Cart'
 Failed to find any control that matched the search condition Id='GotoCartButton1' &amp;&amp; ControlType='Hyperlink' &amp;&amp; Class='button' &amp;&amp; InnerText='Go to Cart' ---&gt; System.Runtime.InteropServices.COMException: Error HRESULT E_FAIL has been returned from a call to a COM component.
   at Microsoft.VisualStudio.TestTools.UITest.Playback.Engine.IScreenElement.FindAllDescendants(String bstrQueryId, Object&amp; pvarResKeys, Int32 cResKeys, Int32 nMaxDepth)
   at Microsoft.VisualStudio.TestTools.UITest.Playback.ScreenElement.FindAllScreenElement(String queryId, Int32 depth, Boolean singleQueryId, Boolean throwException, Boolean resetSkipStep)
   at Microsoft.VisualStudio.TestTools.UITest.Playback.ScreenElement.FindScreenElement(String queryId, Int32 depth, Boolean resetSkipStep)
   at Microsoft.VisualStudio.TestTools.UITesting.UITestControl.FindFirstDescendant(String queryId, Int32 maxDepth, Int32&amp; timeLeft)
   --- End of inner exception stack trace ---
   at Microsoft.VisualStudio.TestTools.UITesting.Playback.MapControlNotFoundException(COMException ex, IPlaybackContext context)
   at Microsoft.VisualStudio.TestTools.UITesting.Playback.MapAndThrowComException(COMException innerException, IPlaybackContext context)
   at Microsoft.VisualStudio.TestTools.UITesting.Playback.MapAndThrowException(SystemException exception, IPlaybackContext context)
   at Microsoft.VisualStudio.TestTools.UITesting.Playback.MapAndThrowException(SystemException exception, String queryId)
   at Microsoft.VisualStudio.TestTools.UITesting.UITestControl.FindFirstDescendant(String queryId, Int32 maxDepth, Int32&amp; timeLeft)
   at Microsoft.VisualStudio.TestTools.UITesting.SearchHelper.GetUITestControlRecursive(Boolean useCache, Boolean alwaysSearch, ISearchArgument searchArg, IList`1 windowTitles, Int32&amp; timeLeft)
   at Microsoft.VisualStudio.TestTools.UITesting.SearchHelper.GetElement(Boolean useCache, ISearchArgument searchArg)
   at Microsoft.VisualStudio.TestTools.UITesting.SearchHelper.Search(ISearchArgument searchArg)
   at Microsoft.VisualStudio.TestTools.UITesting.UITestControl.FindInternal()
   at Microsoft.VisualStudio.TestTools.UITesting.UITestControl.&lt;Find&gt;b__3a()
   at Microsoft.VisualStudio.TestTools.UITesting.CodedUITestMethodInvoker.InvokeMethod[T](Func`1 function, UITestControl control, Boolean firePlaybackErrorEvent, Boolean logAsAction)
   at Microsoft.VisualStudio.TestTools.UITesting.UITestControl.Find()
   at Microsoft.VisualStudio.TestTools.UITesting.UITestControl.GetPropertyPrivate(String propertyName)
   at Microsoft.VisualStudio.TestTools.UITesting.UITestControl.GetPropertyOfType[T](String propertyName)
   at Microsoft.VisualStudio.TestTools.UITesting.UITestControl.get_Name()
   at TestAuto.LoggingAndSharedGenericMethods.MouseClick(UITestControl uiMenuItemTestControl) in c:\Builds\1\WebSphere\QATestAutomation\src\CodedUITest\SourceCode\Common\Logging\SharedMethods_Generic.cs:line 790, 
    StackTrace:
    MouseClick(),SharedMethods_Generic.cs,Line Number:822
    GoToCartClick(),SharedCartPopUp.cs,Line Number:101
    ContinueShoppingFromCategory3ProductShoppingCart(),CartDisplay.cs,Line Number:4040[5/15/2018 1:03:50 AM]&lt;CaptureImage&gt;\\CMP01-YKumar\AutoLog\CMP01-YKUMAR\ContinueShoppingFromCategory3ProductShoppingCart_20180515010350.png[5/15/2018 1:03:50 AM]&lt;Info&gt;AllBrowserWindow : Locating browser window...Assert.Fail failed. [5/15/2018 1:04:12 AM]&lt;Error&gt;AllBrowserWindow : failed executing ...Unable to find Windows Internet Explorer window with 'Shopping Cart - Microsoft Internet Explorer provided by Horizon Hobby' in the title., 
    StackTrace:
    AllBrowserWindow(),SharedBorderFree.cs,Line Number:1037
    ContinueShoppingFromCategory3ProductShoppingCart(),CartDisplay.cs,Line Number:4042[5/15/2018 1:04:12 AM]&lt;CaptureImage&gt;\\CMP01-YKumar\AutoLog\CMP01-YKUMAR\ContinueShoppingFromCategory3ProductShoppingCart_20180515010412.pngAssert.Fail failed. [5/15/2018 1:04:15 AM]&lt;ERROR&gt;ContinueShoppingFromCategory3ProductShoppingCart : failed executing ...The playback failed to find the control with the given search properties. Additional Details: 
TechnologyName:  'Web'
ControlType:  'Hyperlink'
TagName:  'A'
Id:  'WC_BreadCrumbTrailDisplay_links_2a'
 Failed to find any control that matched the search condition Id='WC_BreadCrumbTrailDisplay_links_2a' &amp;&amp; ControlType='Hyperlink', 
    StackTrace:
    ContinueShoppingFromCategory3ProductShoppingCart(),CartDisplay.cs,Line Number:4059[5/15/2018 1:04:15 AM]&lt;CaptureImage&gt;\\CMP01-YKumar\AutoLog\CMP01-YKUMAR\ContinueShoppingFromCategory3ProductShoppingCart_20180515010415.png[5/15/2018 1:04:15 AM]&lt;RESULT&gt;Test Ended:#PASS=0, #FAIL=0,#Other errors=4[5/15/2018 1:04:16 AM]&lt;INFO&gt;LogCPUAndMemoryUsage: Available Memory = 25277(MB), CPU Usage = 15.36946%[5/15/2018 1:04:16 AM]&lt;INFO&gt;Private Working Set for QTAgent32_40, usage=272300 (K)[5/15/2018 1:04:16 AM]&lt;RESULT&gt;&lt;ContinueShoppingFromCategory3ProductShoppingCart&gt; Test FAILED: #Other errors=4. See Error Message/logs for further details.</StdOut>
        <ErrorInfo>
          <Message>Assert.Fail failed. 
#Other errors=4
[Error details below]
&lt;ERROR&gt;[5/15/2018 1:03:35 AM]&lt;ERROR&gt;BackOrderClick : failed executing ...The playback failed to find the control with the given search properties. Additional Details: 
TechnologyName:  'Web'
ControlType:  'Hyperlink'
TagName:  'A'
Id:  'add2CartBtn'
 Failed to find any control that matched the search condition Id='add2CartBtn' &amp;&amp; ControlType='Hyperlink'
&lt;ERROR&gt;[5/15/2018 1:03:50 AM]&lt;ERROR&gt;MouseClick Exception:Microsoft.VisualStudio.TestTools.UITest.Extension.UITestControlNotFoundException: The playback failed to find the control with the given search properties. Additional Details: 
TechnologyName:  'Web'
ControlType:  'Hyperlink'
TagName:  'A'
Id:  'GotoCartButton1'
Class:  'button'
InnerText:  'Go to Cart'
 Failed to find any control that matched the search condition Id='GotoCartButton1' &amp;&amp; ControlType='Hyperlink' &amp;&amp; Class='button' &amp;&amp; InnerText='Go to Cart' ---&gt; System.Runtime.InteropServices.COMException: Error HRESULT E_FAIL has been returned from a call to a COM component.
   at Microsoft.VisualStudio.TestTools.UITest.Playback.Engine.IScreenElement.FindAllDescendants(String bstrQueryId, Object&amp; pvarResKeys, Int32 cResKeys, Int32 nMaxDepth)
   at Microsoft.VisualStudio.TestTools.UITest.Playback.ScreenElement.FindAllScreenElement(String queryId, Int32 depth, Boolean singleQueryId, Boolean throwException, Boolean resetSkipStep)
   at Microsoft.VisualStudio.TestTools.UITest.Playback.ScreenElement.FindScreenElement(String queryId, Int32 depth, Boolean resetSkipStep)
   at Microsoft.VisualStudio.TestTools.UITesting.UITestControl.FindFirstDescendant(String queryId, Int32 maxDepth, Int32&amp; timeLeft)
   --- End of inner exception stack trace ---
   at Microsoft.VisualStudio.TestTools.UITesting.Playback.MapControlNotFoundException(COMException ex, IPlaybackContext context)
   at Microsoft.VisualStudio.TestTools.UITesting.Playback.MapAndThrowComException(COMException innerException, IPlaybackContext context)
   at Microsoft.VisualStudio.TestTools.UITesting.Playback.MapAndThrowException(SystemException exception, IPlaybackContext context)
   at Microsoft.VisualStudio.TestTools.UITesting.Playback.MapAndThrowException(SystemException exception, String queryId)
   at Microsoft.VisualStudio.TestTools.UITesting.UITestControl.FindFirstDescendant(String queryId, Int32 maxDepth, Int32&amp; timeLeft)
   at Microsoft.VisualStudio.TestTools.UITesting.SearchHelper.GetUITestControlRecursive(Boolean useCache, Boolean alwaysSearch, ISearchArgument searchArg, IList`1 windowTitles, Int32&amp; timeLeft)
   at Microsoft.VisualStudio.TestTools.UITesting.SearchHelper.GetElement(Boolean useCache, ISearchArgument searchArg)
   at Microsoft.VisualStudio.TestTools.UITesting.SearchHelper.Search(ISearchArgument searchArg)
   at Microsoft.VisualStudio.TestTools.UITesting.UITestControl.FindInternal()
   at Microsoft.VisualStudio.TestTools.UITesting.UITestControl.&lt;Find&gt;b__3a()
   at Microsoft.VisualStudio.TestTools.UITesting.CodedUITestMethodInvoker.InvokeMethod[T](Func`1 function, UITestControl control, Boolean firePlaybackErrorEvent, Boolean logAsAction)
   at Microsoft.VisualStudio.TestTools.UITesting.UITestControl.Find()
   at Microsoft.VisualStudio.TestTools.UITesting.UITestControl.GetPropertyPrivate(String propertyName)
   at Microsoft.VisualStudio.TestTools.UITesting.UITestControl.GetPropertyOfType[T](String propertyName)
   at Microsoft.VisualStudio.TestTools.UITesting.UITestControl.get_Name()
   at TestAuto.LoggingAndSharedGenericMethods.MouseClick(UITestControl uiMenuItemTestControl) in c:\Builds\1\WebSphere\QATestAutomation\src\CodedUITest\SourceCode\Common\Logging\SharedMethods_Generic.cs:line 790
&lt;ERROR&gt;[5/15/2018 1:04:12 AM]&lt;Error&gt;AllBrowserWindow : failed executing ...Unable to find Windows Internet Explorer window with 'Shopping Cart - Microsoft Internet Explorer provided by Horizon Hobby' in the title.
&lt;ERROR&gt;[5/15/2018 1:04:15 AM]&lt;ERROR&gt;ContinueShoppingFromCategory3ProductShoppingCart : failed executing ...The playback failed to find the control with the given search properties. Additional Details: 
TechnologyName:  'Web'
ControlType:  'Hyperlink'
TagName:  'A'
Id:  'WC_BreadCrumbTrailDisplay_links_2a'
 Failed to find any control that matched the search condition Id='WC_BreadCrumbTrailDisplay_links_2a' &amp;&amp; ControlType='Hyperlink'</Message>
          <StackTrace>   at TestAuto.LoggingAndSharedGenericMethods.EndTest() in c:\Builds\1\WebSphere\QATestAutomation\src\CodedUITest\SourceCode\Common\Logging\Logging.cs:line 1628
   at TestAuto.CartDisplayTest.TestCleanup() in c:\Builds\1\WebSphere\QATestAutomation\src\CodedUITest\SourceCode\HHobby\CartDisplay\CartDisplay.cs:line 5472
</StackTrace>
        </ErrorInfo>
      </Output>
      <ResultFiles />
    </UnitTestResult>
    <UnitTestResult executionId="b0b85147-fdee-4469-9b3e-b87d1cbfb764" testId="fc2aed92-b13d-123f-b4ca-3415a10c51b2" testName="SecondCheckoutButtonGuestUser" computerName="CMP01-YKUMAR" duration="00:05:10.1448607" startTime="2018-05-15T01:04:18.6802310-05:00" endTime="2018-05-15T01:09:28.8322310-05:00" testType="13cdc9d9-ddb5-4fa4-a97d-d965ccfc6d4b" outcome="Passed" testListId="8c84fa94-04c1-424b-9868-57a2d4851a1d">
      <Output>
        <StdOut>Logging to custom path:\\CMP01-YKumar\AutoLog[5/15/2018 1:04:18 AM]&lt;STARTLOG&gt;&lt;SecondCheckoutButtonGuestUser&gt;Test Started: Expecting: #PASS=Undefined and #FAIL=0
Running from MTM=True, running on machine name:CMP01-YKUMAR, user name=ykumar, OS=Microsoft Windows NT 6.1.7601 Service Pack 1, Is64BitOS=True[5/15/2018 1:04:19 AM]&lt;INFO&gt;LogCPUAndMemoryUsage: Available Memory = 25376(MB), CPU Usage = 15.84362%[5/15/2018 1:04:19 AM]&lt;INFO&gt;Private Working Set for QTAgent32_40, usage=272440 (K)[5/15/2018 1:04:19 AM]&lt;INFO&gt;Path To TestConfig xml=C:\Users\ykumar\AppData\Local\VSEQT\QTAgent\26974\CMP01-YKUMAR.horizonhobby.com\Deployment\SharedCommonConfig.xml[5/15/2018 1:04:19 AM]&lt;INFO&gt;Path To TestData xml=C:\Users\ykumar\AppData\Local\VSEQT\QTAgent\26974\CMP01-YKUMAR.horizonhobby.com\Deployment\CartDisplayTestData_010418.xml[5/15/2018 1:04:19 AM]&lt;INFO&gt;Path To HorizonHobbyQA Application Url=https://www-tst.horizonhobby.com[5/15/2018 1:04:19 AM]&lt;INFO&gt;HorizonHobbyQA sql connection string=Server=cmp02-ws-tst-db01:50000;Database=TST01DB;UID=wcdbuser;PWD=h0r1z0n;Connect Timeout=30[5/15/2018 1:04:19 AM]&lt;INFO&gt;Country is := US and language id is := '-1'[5/15/2018 1:04:19 AM]&lt;INFO&gt;Current browser used for test execution is = 'IE'[5/15/2018 1:04:26 AM]&lt;Info&gt;AllBrowserWindow : Locating browser window...[5/15/2018 1:04:26 AM]&lt;INFO&gt;CartIconClickexecuting ...[5/15/2018 1:04:31 AM]&lt;INFO&gt;GoToCartClickexecuting ...[5/15/2018 1:04:42 AM]&lt;INFO&gt;ContinueOnCertificationErrorClickexecuting ...[5/15/2018 1:04:49 AM]&lt;Info&gt;AllBrowserWindow : Locating browser window...[5/15/2018 1:05:02 AM]&lt;PASS&gt;&lt;SecondCheckoutButtonGuestUser&gt;&lt;First checkout button does not exist for empty cart&gt;[5/15/2018 1:05:07 AM]&lt;PASS&gt;&lt;SecondCheckoutButtonGuestUser&gt;&lt;Second checkout button does not exist for empty cart&gt;[5/15/2018 1:05:07 AM]&lt;INFO&gt;SearchProductexecuting ... Searching term:= 'PRO903902'[5/15/2018 1:05:14 AM]&lt;Info&gt;AllBrowserWindow : Locating browser window...[5/15/2018 1:05:14 AM]&lt;INFO&gt;BackOrderClickexecuting ...[5/15/2018 1:05:18 AM]&lt;INFO&gt;GoToCartClickexecuting ...[5/15/2018 1:05:29 AM]&lt;Info&gt;AllBrowserWindow : Locating browser window...[5/15/2018 1:05:37 AM]&lt;PASS&gt;&lt;SecondCheckoutButtonGuestUser&gt;&lt;First checkout button exists when there is atleast 1 item in the cart&gt;[5/15/2018 1:05:37 AM]&lt;PASS&gt;&lt;SecondCheckoutButtonGuestUser&gt;&lt;Second checkout button exists when there is atleast 1 item in the cart&gt;[5/15/2018 1:05:37 AM]&lt;INFO&gt;ClickSecondCheckoutButtonexecuting ...[5/15/2018 1:05:37 AM]&lt;Info&gt;AllBrowserWindow : Locating browser window...[5/15/2018 1:05:44 AM]&lt;INFO&gt;ValidateInterupptPage : method executing...[5/15/2018 1:05:44 AM]&lt;Info&gt;AllBrowserWindow : Locating browser window...[5/15/2018 1:05:53 AM]&lt;INFO&gt;ValueOfControlExistOnPage : method executing...[5/15/2018 1:05:53 AM]&lt;Info&gt;AllBrowserWindow : Locating browser window...[5/15/2018 1:05:53 AM]&lt;PASS&gt;&lt;ValueOfControlExistOnPage&gt;&lt; Validates that''New customer &amp; guests'' exist on the Page&gt;[5/15/2018 1:05:53 AM]&lt;PASS&gt;&lt;ValueOfControlExistOnPage&gt;&lt; Validates that''Returning customers'' exist on the Page&gt;[5/15/2018 1:05:55 AM]&lt;PASS&gt;&lt;ValidateInterupptPage&gt;&lt; Validates that Continue Checkout botton  exist on the Page&gt;[5/15/2018 1:05:55 AM]&lt;PASS&gt;&lt;ValidateInterupptPage&gt;&lt; Validates that Sign In &amp; Checkout botton  exist on the Page&gt;[5/15/2018 1:05:56 AM]&lt;PASS&gt;&lt;ValidateInterupptPage&gt;&lt; Validates that User Name Editbox exist on the Page&gt;[5/15/2018 1:05:56 AM]&lt;PASS&gt;&lt;ValidateInterupptPage&gt;&lt; Validates that Password Editbox exist on the Page&gt;[5/15/2018 1:05:56 AM]&lt;PASS&gt;&lt;ValidateInterupptPage&gt;&lt; Validates that Forget Password link exist on the Page&gt;[5/15/2018 1:05:57 AM]&lt;PASS&gt;&lt;ValidateInterupptPage&gt;&lt; Validates that Close button exist on the Page&gt;[5/15/2018 1:05:57 AM]&lt;INFO&gt;ContinueAsGuestCheckoutButtonexecuting ...[5/15/2018 1:05:57 AM]&lt;Info&gt;AllBrowserWindow : Locating browser window...[5/15/2018 1:06:05 AM]&lt;Info&gt;AllBrowserWindow : Locating browser window...[5/15/2018 1:06:12 AM]&lt;PASS&gt;&lt;SecondCheckoutButtonGuestUser&gt;&lt;Address page opens on clicking on continue as guest user&gt;[5/15/2018 1:06:12 AM]&lt;INFO&gt;FillBillingAndShippingAddressexecuting ...[5/15/2018 1:06:12 AM]&lt;Info&gt;AllBrowserWindow : Locating browser window...[5/15/2018 1:06:14 AM]&lt;INFO&gt;SelectBillingCountryexecuting ...[5/15/2018 1:06:20 AM]&lt;INFO&gt;SelectBillingStateexecuting ...[5/15/2018 1:06:43 AM]&lt;INFO&gt;SelectCheckoutPaymentRadiobutton : method executing[5/15/2018 1:06:43 AM]&lt;INFO&gt;CheckoutCreditCardShippingAndBillingControls : method executing[5/15/2018 1:06:43 AM]&lt;Info&gt;AllBrowserWindow : Locating browser window...[5/15/2018 1:06:58 AM]&lt;INFO&gt;FillCreditCardDetails : method executing[5/15/2018 1:06:58 AM]&lt;INFO&gt;CheckoutCreditCardShippingAndBillingControls : method executing[5/15/2018 1:06:58 AM]&lt;Info&gt;AllBrowserWindow : Locating browser window...[5/15/2018 1:07:07 AM]&lt;INFO&gt;ClickReviewOrder : method executing[5/15/2018 1:07:07 AM]&lt;INFO&gt;CheckoutCreditCardShippingAndBillingControls : method executing[5/15/2018 1:07:07 AM]&lt;Info&gt;AllBrowserWindow : Locating browser window...[5/15/2018 1:07:12 AM]&lt;Info&gt;AllBrowserWindow : Locating browser window...[5/15/2018 1:07:19 AM]&lt;INFO&gt;PlaceOrderCreditCard : method executing[5/15/2018 1:07:19 AM]&lt;INFO&gt;CheckoutCreditCardShippingAndBillingControls : method executing[5/15/2018 1:07:19 AM]&lt;Info&gt;AllBrowserWindow : Locating browser window...[5/15/2018 1:07:28 AM]&lt;INFO&gt;KeyboardSendKeys method executing...[5/15/2018 1:08:59 AM]&lt;Info&gt;AllBrowserWindow : Locating browser window...[5/15/2018 1:09:10 AM]&lt;INFO&gt;OrderConfirmation : method executing[5/15/2018 1:09:10 AM]&lt;INFO&gt;OrderConfirmationUIControls : method executing[5/15/2018 1:09:10 AM]&lt;Info&gt;AllBrowserWindow : Locating browser window...[5/15/2018 1:09:13 AM]&lt;INFO&gt;SurveyWindow : method executing ...[5/15/2018 1:09:22 AM]&lt;PASS&gt;&lt;OrderConfirmation&gt;&lt; Validates Order Number ''True'' is generated successfully&gt;[5/15/2018 1:09:22 AM]&lt;INFO&gt;SingleProductOrderAmountValidation : method executing[5/15/2018 1:09:22 AM]&lt;INFO&gt;OrderConfirmationUIControls : method executing[5/15/2018 1:09:22 AM]&lt;Info&gt;AllBrowserWindow : Locating browser window...[5/15/2018 1:09:25 AM]&lt;INFO&gt;SingleProductOrderAmountValidation : method executing[5/15/2018 1:09:25 AM]&lt;PASS&gt;&lt;SingleProductOrderAmountValidation&gt;&lt; Validates expected authorization amount: '30.73000' is equals actual authorization amount: '30.73000'&gt;[5/15/2018 1:09:25 AM]&lt;RESULT&gt;Test Ended:#PASS=15, #FAIL=0[5/15/2018 1:09:26 AM]&lt;INFO&gt;LogCPUAndMemoryUsage: Available Memory = 25103(MB), CPU Usage = 19.46449%[5/15/2018 1:09:26 AM]&lt;INFO&gt;Private Working Set for QTAgent32_40, usage=266684 (K)[5/15/2018 1:09:26 AM]&lt;RESULT&gt;&lt;SecondCheckoutButtonGuestUser&gt; Test PASSED</StdOut>
      </Output>
      <ResultFiles />
    </UnitTestResult>
    <UnitTestResult executionId="e2edde9a-8bf5-4ee4-8387-e606e954fc60" testId="50aa2fb6-b044-c396-06a8-a45273ee0484" testName="SecondCheckoutButtonSignedInUser" computerName="CMP01-YKUMAR" duration="00:09:49.9238653" startTime="2018-05-15T01:09:28.8342310-05:00" endTime="2018-05-15T01:19:18.7932310-05:00" testType="13cdc9d9-ddb5-4fa4-a97d-d965ccfc6d4b" outcome="Failed" testListId="8c84fa94-04c1-424b-9868-57a2d4851a1d">
      <Output>
        <StdOut>Logging to custom path:\\CMP01-YKumar\AutoLogAssert.Fail failed. 
Actual #FAIL=3, #Expected FAIL=0
#Other errors=21
[Error details below]
&lt;ERROR&gt;[5/15/2018 1:11:17 AM]&lt;Error&gt;AllBrowserWindow : failed executing ...Unable to find Windows Internet Explorer window with 'Shopping Cart - Microsoft Internet Explorer provided by Horizon Hobby' in the title.
&lt;ERROR&gt;[5/15/2018 1:11:24 AM]&lt;ERROR&gt;SearchProduct := TRA5873 : failed executing ...The playback failed to find the control with the given search properties. Additional Details: 
TechnologyName:  'Web'
ControlType:  'Edit'
TagName:  'INPUT'
Id:  'SimpleSearchForm_SearchTerm'
 Failed to find any control that matched the search condition ControlType='Edit' &amp;&amp; Id=&gt;'SimpleSearchForm_SearchTerm'
&lt;ERROR&gt;[5/15/2018 1:13:24 AM]&lt;ERROR&gt;BackOrderClick : failed executing ...The playback failed to find the control with the given search properties. Additional Details: 
TechnologyName:  'Web'
ControlType:  'Hyperlink'
TagName:  'A'
Id:  'add2CartBtn'
 Failed to find any control that matched the search condition Id='add2CartBtn' &amp;&amp; ControlType='Hyperlink'
&lt;ERROR&gt;[5/15/2018 1:13:40 AM]&lt;ERROR&gt;MouseClick Exception:Microsoft.VisualStudio.TestTools.UITest.Extension.UITestControlNotFoundException: The playback failed to find the control with the given search properties. Additional Details: 
TechnologyName:  'Web'
ControlType:  'Hyperlink'
TagName:  'A'
Id:  'GotoCartButton1'
Class:  'button'
InnerText:  'Go to Cart'
 Failed to find any control that matched the search condition Id='GotoCartButton1' &amp;&amp; ControlType='Hyperlink' &amp;&amp; Class='button' &amp;&amp; InnerText='Go to Cart' ---&gt; System.Runtime.InteropServices.COMException: Error HRESULT E_FAIL has been returned from a call to a COM component.
   at Microsoft.VisualStudio.TestTools.UITest.Playback.Engine.IScreenElement.FindAllDescendants(String bstrQueryId, Object&amp; pvarResKeys, Int32 cResKeys, Int32 nMaxDepth)
   at Microsoft.VisualStudio.TestTools.UITest.Playback.ScreenElement.FindAllScreenElement(String queryId, Int32 depth, Boolean singleQueryId, Boolean throwException, Boolean resetSkipStep)
   at Microsoft.VisualStudio.TestTools.UITest.Playback.ScreenElement.FindScreenElement(String queryId, Int32 depth, Boolean resetSkipStep)
   at Microsoft.VisualStudio.TestTools.UITesting.UITestControl.FindFirstDescendant(String queryId, Int32 maxDepth, Int32&amp; timeLeft)
   --- End of inner exception stack trace ---
   at Microsoft.VisualStudio.TestTools.UITesting.Playback.MapControlNotFoundException(COMException ex, IPlaybackContext context)
   at Microsoft.VisualStudio.TestTools.UITesting.Playback.MapAndThrowComException(COMException innerException, IPlaybackContext context)
   at Microsoft.VisualStudio.TestTools.UITesting.Playback.MapAndThrowException(SystemException exception, IPlaybackContext context)
   at Microsoft.VisualStudio.TestTools.UITesting.Playback.MapAndThrowException(SystemException exception, String queryId)
   at Microsoft.VisualStudio.TestTools.UITesting.UITestControl.FindFirstDescendant(String queryId, Int32 maxDepth, Int32&amp; timeLeft)
   at Microsoft.VisualStudio.TestTools.UITesting.SearchHelper.GetUITestControlRecursive(Boolean useCache, Boolean alwaysSearch, ISearchArgument searchArg, IList`1 windowTitles, Int32&amp; timeLeft)
   at Microsoft.VisualStudio.TestTools.UITesting.SearchHelper.GetElement(Boolean useCache, ISearchArgument searchArg)
   at Microsoft.VisualStudio.TestTools.UITesting.SearchHelper.Search(ISearchArgument searchArg)
   at Microsoft.VisualStudio.TestTools.UITesting.UITestControl.FindInternal()
   at Microsoft.VisualStudio.TestTools.UITesting.UITestControl.&lt;Find&gt;b__3a()
   at Microsoft.VisualStudio.TestTools.UITesting.CodedUITestMethodInvoker.InvokeMethod[T](Func`1 function, UITestControl control, Boolean firePlaybackErrorEvent, Boolean logAsAction)
   at Microsoft.VisualStudio.TestTools.UITesting.UITestControl.Find()
   at Microsoft.VisualStudio.TestTools.UITesting.UITestControl.GetPropertyPrivate(String propertyName)
   at Microsoft.VisualStudio.TestTools.UITesting.UITestControl.GetPropertyOfType[T](String propertyName)
   at Microsoft.VisualStudio.TestTools.UITesting.UITestControl.get_Name()
   at TestAuto.LoggingAndSharedGenericMethods.MouseClick(UITestControl uiMenuItemTestControl) in c:\Builds\1\WebSphere\QATestAutomation\src\CodedUITest\SourceCode\Common\Logging\SharedMethods_Generic.cs:line 790
&lt;ERROR&gt;[5/15/2018 1:14:07 AM]&lt;Error&gt;AllBrowserWindow : failed executing ...Unable to find Windows Internet Explorer window with 'Shopping Cart - Microsoft Internet Explorer provided by Horizon Hobby' in the title.
&lt;FAIL&gt;&lt;SecondCheckoutButtonSignedInUser&gt;&lt;First checkout button exists when there is atleast 1 item in the cart&gt;.Assert.AreEqual failed. Expected:&lt;True&gt;. Actual:&lt;False&gt;. 
    StackTrace:
    SecondCheckoutButtonSignedInUser(),CartDisplay.cs,Line Number:3810
&lt;FAIL&gt;&lt;SecondCheckoutButtonSignedInUser&gt;&lt;Second checkout button exists when there is atleast 1 item in the cart&gt;.Assert.AreEqual failed. Expected:&lt;True&gt;. Actual:&lt;False&gt;. 
    StackTrace:
    SecondCheckoutButtonSignedInUser(),CartDisplay.cs,Line Number:3811
&lt;ERROR&gt;[5/15/2018 1:14:35 AM]&lt;Error&gt;AllBrowserWindow : failed executing ...Unable to find Windows Internet Explorer window with 'Shopping Cart - Microsoft Internet Explorer provided by Horizon Hobby' in the title.
&lt;ERROR&gt;[5/15/2018 1:14:37 AM]&lt;ERROR&gt;ClickSecondCheckoutButton : failed executing ...The playback failed to find the control with the given search properties. Additional Details: 
TechnologyName:  'Web'
ControlType:  'Hyperlink'
TagName:  'A'
Id:  'shopCart_checkoutTop'
 Failed to find any control that matched the search condition Id='shopCart_checkoutTop' &amp;&amp; ControlType='Hyperlink'
&lt;ERROR&gt;[5/15/2018 1:15:00 AM]&lt;Error&gt;AllBrowserWindow : failed executing ...Unable to find Windows Internet Explorer window with 'HorizonHobby - Shipping and Billing Display - Microsoft Internet Explorer provided by Horizon Hobby' in the title.
&lt;FAIL&gt;&lt;SecondCheckoutButtonSignedInUser&gt;&lt;On clicking on Second checkout button shipping &amp; billing method page appears &gt;.Assert.AreEqual failed. Expected:&lt;True&gt;. Actual:&lt;False&gt;. 
    StackTrace:
    SecondCheckoutButtonSignedInUser(),CartDisplay.cs,Line Number:3817
&lt;ERROR&gt;[5/15/2018 1:15:22 AM]&lt;Error&gt;AllBrowserWindow : failed executing ...Unable to find Windows Internet Explorer window with 'HorizonHobby - Shipping and Billing Display - Microsoft Internet Explorer provided by Horizon Hobby' in the title.
&lt;ERROR&gt;[5/15/2018 1:15:28 AM]&lt;ERROR&gt;SelectCheckoutPaymentRadiobutton : failed executing ...Index was out of range. Must be non-negative and less than the size of the collection.
Parameter name: index
&lt;ERROR&gt;[5/15/2018 1:15:50 AM]&lt;Error&gt;AllBrowserWindow : failed executing ...Unable to find Windows Internet Explorer window with 'HorizonHobby - Shipping and Billing Display - Microsoft Internet Explorer provided by Horizon Hobby' in the title.
&lt;ERROR&gt;[5/15/2018 1:15:55 AM]&lt;ERROR&gt;FillCreditCardDetails : failed executing ...The playback failed to find the control with the given search properties. Additional Details: 
TechnologyName:  'Web'
ControlType:  'Edit'
TagName:  'INPUT'
Class:  'cardEntry_cardNumInput'
 Failed to find any control that matched the search condition ControlType='Edit' &amp;&amp; Class=&gt;'cardEntry_cardNumInput'
&lt;ERROR&gt;[5/15/2018 1:16:18 AM]&lt;Error&gt;AllBrowserWindow : failed executing ...Unable to find Windows Internet Explorer window with 'HorizonHobby - Shipping and Billing Display - Microsoft Internet Explorer provided by Horizon Hobby' in the title.
&lt;ERROR&gt;[5/15/2018 1:16:23 AM]&lt;ERROR&gt;ClickReviewOrder : failed executing ...The playback failed to find the control with the given search properties. Additional Details: 
TechnologyName:  'Web'
ControlType:  'Hyperlink'
TagName:  'A'
Id:  'shippingBillingPageNextPrepareCall'
 Failed to find any control that matched the search condition Id='shippingBillingPageNextPrepareCall' &amp;&amp; ControlType='Hyperlink'
&lt;ERROR&gt;[5/15/2018 1:16:46 AM]&lt;Error&gt;AllBrowserWindow : failed executing ...Unable to find Windows Internet Explorer window with 'HorizonHobby - Shipping and Billing Display - Microsoft Internet Explorer provided by Horizon Hobby' in the title.
&lt;ERROR&gt;[5/15/2018 1:16:51 AM]&lt;ERROR&gt;PlaceOrderCreditCard : failed executing ...The playback failed to find the control with the given search properties. Additional Details: 
TechnologyName:  'Web'
ControlType:  'Hyperlink'
TagName:  'A'
Id:  'shippingBillingPageNextGCTotal'
 Failed to find any control that matched the search condition Id='shippingBillingPageNextGCTotal' &amp;&amp; ControlType='Hyperlink'
&lt;ERROR&gt;[5/15/2018 1:17:13 AM]&lt;Error&gt;AllBrowserWindow : failed executing ...Unable to find Windows Internet Explorer window with 'HorizonHobby - Order Confirmation - Microsoft Internet Explorer provided by Horizon Hobby' in the title.
&lt;ERROR&gt;[5/15/2018 1:17:41 AM]&lt;Error&gt;AllBrowserWindow : failed executing ...Unable to find Windows Internet Explorer window with 'HorizonHobby - Order Confirmation - Microsoft Internet Explorer provided by Horizon Hobby' in the title.
&lt;ERROR&gt;[5/15/2018 1:18:49 AM]&lt;ERROR&gt;OrderConfirmation : failed executing ...The playback failed to find the control with the given search properties. Additional Details: 
TechnologyName:  'Web'
ControlType:  'Pane'
TagName:  'SPAN'
Class:  'cart_orderConfirm_ordNumValue'
 Failed to find any control that matched the search condition ControlType='Pane' &amp;&amp; Class='cart_orderConfirm_ordNumValue'
&lt;ERROR&gt;[5/15/2018 1:19:12 AM]&lt;Error&gt;AllBrowserWindow : failed executing ...Unable to find Windows Internet Explorer window with 'HorizonHobby - Order Confirmation - Microsoft Internet Explorer provided by Horizon Hobby' in the title.
&lt;ERROR&gt;[5/15/2018 1:19:15 AM]&lt;ERROR&gt;SingleProductOrderAmountValidation : failed executing ...The playback failed to find the control with the given search properties. Additional Details: 
TechnologyName:  'Web'
ControlType:  'Pane'
TagName:  'SPAN'
Class:  'cart_orderConfirm_ordNumValue'
 Failed to find any control that matched the search condition ControlType='Pane' &amp;&amp; Class='cart_orderConfirm_ordNumValue'   at TestAuto.LoggingAndSharedGenericMethods.EndTest() in c:\Builds\1\WebSphere\QATestAutomation\src\CodedUITest\SourceCode\Common\Logging\Logging.cs:line 1628
   at TestAuto.CartDisplayTest.TestCleanup() in c:\Builds\1\WebSphere\QATestAutomation\src\CodedUITest\SourceCode\HHobby\CartDisplay\CartDisplay.cs:line 5472
[5/15/2018 1:09:28 AM]&lt;STARTLOG&gt;&lt;SecondCheckoutButtonSignedInUser&gt;Test Started: Expecting: #PASS=Undefined and #FAIL=0
Running from MTM=True, running on machine name:CMP01-YKUMAR, user name=ykumar, OS=Microsoft Windows NT 6.1.7601 Service Pack 1, Is64BitOS=True[5/15/2018 1:09:29 AM]&lt;INFO&gt;LogCPUAndMemoryUsage: Available Memory = 25137(MB), CPU Usage = 35.5648%[5/15/2018 1:09:29 AM]&lt;INFO&gt;Private Working Set for QTAgent32_40, usage=266812 (K)[5/15/2018 1:09:29 AM]&lt;INFO&gt;Path To TestConfig xml=C:\Users\ykumar\AppData\Local\VSEQT\QTAgent\26974\CMP01-YKUMAR.horizonhobby.com\Deployment\SharedCommonConfig.xml[5/15/2018 1:09:29 AM]&lt;INFO&gt;Path To TestData xml=C:\Users\ykumar\AppData\Local\VSEQT\QTAgent\26974\CMP01-YKUMAR.horizonhobby.com\Deployment\CartDisplayTestData_010928.xml[5/15/2018 1:09:29 AM]&lt;INFO&gt;Path To HorizonHobbyQA Application Url=https://www-tst.horizonhobby.com[5/15/2018 1:09:29 AM]&lt;INFO&gt;HorizonHobbyQA sql connection string=Server=cmp02-ws-tst-db01:50000;Database=TST01DB;UID=wcdbuser;PWD=h0r1z0n;Connect Timeout=30[5/15/2018 1:09:29 AM]&lt;INFO&gt;Country is := US and language id is := '-1'[5/15/2018 1:09:29 AM]&lt;INFO&gt;Current browser used for test execution is = 'IE'[5/15/2018 1:09:48 AM]&lt;Info&gt;AllBrowserWindow : Locating browser window...[5/15/2018 1:09:49 AM]&lt;INFO&gt;SurveyWindow : method executing ...[5/15/2018 1:09:56 AM]&lt;INFO&gt;ContinueOnCertificationErrorClickexecuting ...[5/15/2018 1:09:56 AM]&lt;Info&gt;DEAllBrowserWindow : Locating browser window...[5/15/2018 1:10:00 AM]&lt;INFO&gt;UserRegistration : method executing ...[5/15/2018 1:10:00 AM]&lt;Info&gt;AllBrowserWindow : Locating browser window...[5/15/2018 1:10:15 AM]&lt;Info&gt;AllBrowserWindow : Locating browser window...[5/15/2018 1:10:30 AM]&lt;INFO&gt;CartIconClickexecuting ...[5/15/2018 1:10:35 AM]&lt;INFO&gt;GoToCartClickexecuting ...[5/15/2018 1:10:46 AM]&lt;INFO&gt;ContinueOnCertificationErrorClickexecuting ...[5/15/2018 1:10:54 AM]&lt;Info&gt;AllBrowserWindow : Locating browser window...Assert.Fail failed. [5/15/2018 1:11:17 AM]&lt;Error&gt;AllBrowserWindow : failed executing ...Unable to find Windows Internet Explorer window with 'Shopping Cart - Microsoft Internet Explorer provided by Horizon Hobby' in the title., 
    StackTrace:
    AllBrowserWindow(),SharedBorderFree.cs,Line Number:1037
    SecondCheckoutButtonSignedInUser(),CartDisplay.cs,Line Number:3796[5/15/2018 1:11:17 AM]&lt;CaptureImage&gt;\\CMP01-YKumar\AutoLog\CMP01-YKUMAR\SecondCheckoutButtonSignedInUser_20180515011117.png[5/15/2018 1:11:19 AM]&lt;PASS&gt;&lt;SecondCheckoutButtonSignedInUser&gt;&lt;First checkout button does not exist for empty cart&gt;[5/15/2018 1:11:22 AM]&lt;PASS&gt;&lt;SecondCheckoutButtonSignedInUser&gt;&lt;Second checkout button does not exist for empty cart&gt;[5/15/2018 1:11:22 AM]&lt;INFO&gt;SearchProductexecuting ... Searching term:= 'TRA5873'Assert.Fail failed. [5/15/2018 1:11:24 AM]&lt;ERROR&gt;SearchProduct := TRA5873 : failed executing ...The playback failed to find the control with the given search properties. Additional Details: 
TechnologyName:  'Web'
ControlType:  'Edit'
TagName:  'INPUT'
Id:  'SimpleSearchForm_SearchTerm'
 Failed to find any control that matched the search condition ControlType='Edit' &amp;&amp; Id=&gt;'SimpleSearchForm_SearchTerm', 
    StackTrace:
    SearchProduct(),SharedApplicationCommon.cs,Line Number:697
    CommonWorkflowComplete(),SharedApplicationCommon.cs,Line Number:1940
    CommonWorkflowComplete(),SharedApplicationCommon.cs,Line Number:2055
    SecondCheckoutButtonSignedInUser(),CartDisplay.cs,Line Number:3804[5/15/2018 1:11:24 AM]&lt;CaptureImage&gt;\\CMP01-YKumar\AutoLog\CMP01-YKUMAR\SecondCheckoutButtonSignedInUser_20180515011124.png[5/15/2018 1:11:24 AM]&lt;Info&gt;AllBrowserWindow : Locating browser window...[5/15/2018 1:11:47 AM]&lt;Info&gt;AllBrowserWindow : Locating browser window...[5/15/2018 1:13:19 AM]&lt;INFO&gt;BackOrderClickexecuting ...Assert.Fail failed. [5/15/2018 1:13:24 AM]&lt;ERROR&gt;BackOrderClick : failed executing ...The playback failed to find the control with the given search properties. Additional Details: 
TechnologyName:  'Web'
ControlType:  'Hyperlink'
TagName:  'A'
Id:  'add2CartBtn'
 Failed to find any control that matched the search condition Id='add2CartBtn' &amp;&amp; ControlType='Hyperlink', 
    StackTrace:
    BackOrderClick(),SharedProductPage.cs,Line Number:498
    BackOrderClick(),SharedProductPage.cs,Line Number:505
    CommonWorkflowComplete(),SharedApplicationCommon.cs,Line Number:1948
    CommonWorkflowComplete(),SharedApplicationCommon.cs,Line Number:2055
    SecondCheckoutButtonSignedInUser(),CartDisplay.cs,Line Number:3804[5/15/2018 1:13:24 AM]&lt;CaptureImage&gt;\\CMP01-YKumar\AutoLog\CMP01-YKUMAR\SecondCheckoutButtonSignedInUser_20180515011324.png[5/15/2018 1:13:27 AM]&lt;INFO&gt;GoToCartClickexecuting ...Assert.Fail failed. [5/15/2018 1:13:40 AM]&lt;ERROR&gt;MouseClick Exception:Microsoft.VisualStudio.TestTools.UITest.Extension.UITestControlNotFoundException: The playback failed to find the control with the given search properties. Additional Details: 
TechnologyName:  'Web'
ControlType:  'Hyperlink'
TagName:  'A'
Id:  'GotoCartButton1'
Class:  'button'
InnerText:  'Go to Cart'
 Failed to find any control that matched the search condition Id='GotoCartButton1' &amp;&amp; ControlType='Hyperlink' &amp;&amp; Class='button' &amp;&amp; InnerText='Go to Cart' ---&gt; System.Runtime.InteropServices.COMException: Error HRESULT E_FAIL has been returned from a call to a COM component.
   at Microsoft.VisualStudio.TestTools.UITest.Playback.Engine.IScreenElement.FindAllDescendants(String bstrQueryId, Object&amp; pvarResKeys, Int32 cResKeys, Int32 nMaxDepth)
   at Microsoft.VisualStudio.TestTools.UITest.Playback.ScreenElement.FindAllScreenElement(String queryId, Int32 depth, Boolean singleQueryId, Boolean throwException, Boolean resetSkipStep)
   at Microsoft.VisualStudio.TestTools.UITest.Playback.ScreenElement.FindScreenElement(String queryId, Int32 depth, Boolean resetSkipStep)
   at Microsoft.VisualStudio.TestTools.UITesting.UITestControl.FindFirstDescendant(String queryId, Int32 maxDepth, Int32&amp; timeLeft)
   --- End of inner exception stack trace ---
   at Microsoft.VisualStudio.TestTools.UITesting.Playback.MapControlNotFoundException(COMException ex, IPlaybackContext context)
   at Microsoft.VisualStudio.TestTools.UITesting.Playback.MapAndThrowComException(COMException innerException, IPlaybackContext context)
   at Microsoft.VisualStudio.TestTools.UITesting.Playback.MapAndThrowException(SystemException exception, IPlaybackContext context)
   at Microsoft.VisualStudio.TestTools.UITesting.Playback.MapAndThrowException(SystemException exception, String queryId)
   at Microsoft.VisualStudio.TestTools.UITesting.UITestControl.FindFirstDescendant(String queryId, Int32 maxDepth, Int32&amp; timeLeft)
   at Microsoft.VisualStudio.TestTools.UITesting.SearchHelper.GetUITestControlRecursive(Boolean useCache, Boolean alwaysSearch, ISearchArgument searchArg, IList`1 windowTitles, Int32&amp; timeLeft)
   at Microsoft.VisualStudio.TestTools.UITesting.SearchHelper.GetElement(Boolean useCache, ISearchArgument searchArg)
   at Microsoft.VisualStudio.TestTools.UITesting.SearchHelper.Search(ISearchArgument searchArg)
   at Microsoft.VisualStudio.TestTools.UITesting.UITestControl.FindInternal()
   at Microsoft.VisualStudio.TestTools.UITesting.UITestControl.&lt;Find&gt;b__3a()
   at Microsoft.VisualStudio.TestTools.UITesting.CodedUITestMethodInvoker.InvokeMethod[T](Func`1 function, UITestControl control, Boolean firePlaybackErrorEvent, Boolean logAsAction)
   at Microsoft.VisualStudio.TestTools.UITesting.UITestControl.Find()
   at Microsoft.VisualStudio.TestTools.UITesting.UITestControl.GetPropertyPrivate(String propertyName)
   at Microsoft.VisualStudio.TestTools.UITesting.UITestControl.GetPropertyOfType[T](String propertyName)
   at Microsoft.VisualStudio.TestTools.UITesting.UITestControl.get_Name()
   at TestAuto.LoggingAndSharedGenericMethods.MouseClick(UITestControl uiMenuItemTestControl) in c:\Builds\1\WebSphere\QATestAutomation\src\CodedUITest\SourceCode\Common\Logging\SharedMethods_Generic.cs:line 790, 
    StackTrace:
    MouseClick(),SharedMethods_Generic.cs,Line Number:822
    GoToCartClick(),SharedCartPopUp.cs,Line Number:101
    CommonWorkflowComplete(),SharedApplicationCommon.cs,Line Number:1956
    CommonWorkflowComplete(),SharedApplicationCommon.cs,Line Number:2055
    SecondCheckoutButtonSignedInUser(),CartDisplay.cs,Line Number:3804[5/15/2018 1:13:40 AM]&lt;CaptureImage&gt;\\CMP01-YKumar\AutoLog\CMP01-YKUMAR\SecondCheckoutButtonSignedInUser_20180515011340.png[5/15/2018 1:13:45 AM]&lt;Info&gt;AllBrowserWindow : Locating browser window...Assert.Fail failed. [5/15/2018 1:14:07 AM]&lt;Error&gt;AllBrowserWindow : failed executing ...Unable to find Windows Internet Explorer window with 'Shopping Cart - Microsoft Internet Explorer provided by Horizon Hobby' in the title., 
    StackTrace:
    AllBrowserWindow(),SharedBorderFree.cs,Line Number:1037
    SecondCheckoutButtonSignedInUser(),CartDisplay.cs,Line Number:3808[5/15/2018 1:14:07 AM]&lt;CaptureImage&gt;\\CMP01-YKumar\AutoLog\CMP01-YKUMAR\SecondCheckoutButtonSignedInUser_20180515011407.png[5/15/2018 1:14:10 AM]&lt;FAIL&gt;&lt;SecondCheckoutButtonSignedInUser&gt;&lt;First checkout button exists when there is atleast 1 item in the cart&gt;.Assert.AreEqual failed. Expected:&lt;True&gt;. Actual:&lt;False&gt;. 
    StackTrace:
    SecondCheckoutButtonSignedInUser(),CartDisplay.cs,Line Number:3810[5/15/2018 1:14:10 AM]&lt;CaptureImage&gt;\\CMP01-YKumar\AutoLog\CMP01-YKUMAR\SecondCheckoutButtonSignedInUser_20180515011410.png[5/15/2018 1:14:12 AM]&lt;FAIL&gt;&lt;SecondCheckoutButtonSignedInUser&gt;&lt;Second checkout button exists when there is atleast 1 item in the cart&gt;.Assert.AreEqual failed. Expected:&lt;True&gt;. Actual:&lt;False&gt;. 
    StackTrace:
    SecondCheckoutButtonSignedInUser(),CartDisplay.cs,Line Number:3811[5/15/2018 1:14:12 AM]&lt;CaptureImage&gt;\\CMP01-YKumar\AutoLog\CMP01-YKUMAR\SecondCheckoutButtonSignedInUser_20180515011412.png[5/15/2018 1:14:12 AM]&lt;INFO&gt;ClickSecondCheckoutButtonexecuting ...[5/15/2018 1:14:12 AM]&lt;Info&gt;AllBrowserWindow : Locating browser window...Assert.Fail failed. [5/15/2018 1:14:35 AM]&lt;Error&gt;AllBrowserWindow : failed executing ...Unable to find Windows Internet Explorer window with 'Shopping Cart - Microsoft Internet Explorer provided by Horizon Hobby' in the title., 
    StackTrace:
    AllBrowserWindow(),SharedBorderFree.cs,Line Number:1037
    ClickSecondCheckoutButton(),SharedShoppingCart.cs,Line Number:562
    CommonWorkflowComplete(),SharedApplicationCommon.cs,Line Number:1960
    CommonWorkflowComplete(),SharedApplicationCommon.cs,Line Number:2059
    SecondCheckoutButtonSignedInUser(),CartDisplay.cs,Line Number:3813[5/15/2018 1:14:35 AM]&lt;CaptureImage&gt;\\CMP01-YKumar\AutoLog\CMP01-YKUMAR\SecondCheckoutButtonSignedInUser_20180515011435.pngAssert.Fail failed. [5/15/2018 1:14:37 AM]&lt;ERROR&gt;ClickSecondCheckoutButton : failed executing ...The playback failed to find the control with the given search properties. Additional Details: 
TechnologyName:  'Web'
ControlType:  'Hyperlink'
TagName:  'A'
Id:  'shopCart_checkoutTop'
 Failed to find any control that matched the search condition Id='shopCart_checkoutTop' &amp;&amp; ControlType='Hyperlink', 
    StackTrace:
    ClickSecondCheckoutButton(),SharedShoppingCart.cs,Line Number:569
    CommonWorkflowComplete(),SharedApplicationCommon.cs,Line Number:1960
    CommonWorkflowComplete(),SharedApplicationCommon.cs,Line Number:2059
    SecondCheckoutButtonSignedInUser(),CartDisplay.cs,Line Number:3813[5/15/2018 1:14:37 AM]&lt;CaptureImage&gt;\\CMP01-YKumar\AutoLog\CMP01-YKUMAR\SecondCheckoutButtonSignedInUser_20180515011437.png[5/15/2018 1:14:37 AM]&lt;Info&gt;AllBrowserWindow : Locating browser window...Assert.Fail failed. [5/15/2018 1:15:00 AM]&lt;Error&gt;AllBrowserWindow : failed executing ...Unable to find Windows Internet Explorer window with 'HorizonHobby - Shipping and Billing Display - Microsoft Internet Explorer provided by Horizon Hobby' in the title., 
    StackTrace:
    AllBrowserWindow(),SharedBorderFree.cs,Line Number:1037
    SecondCheckoutButtonSignedInUser(),CartDisplay.cs,Line Number:3815[5/15/2018 1:15:00 AM]&lt;CaptureImage&gt;\\CMP01-YKumar\AutoLog\CMP01-YKUMAR\SecondCheckoutButtonSignedInUser_20180515011500.png[5/15/2018 1:15:00 AM]&lt;FAIL&gt;&lt;SecondCheckoutButtonSignedInUser&gt;&lt;On clicking on Second checkout button shipping &amp; billing method page appears &gt;.Assert.AreEqual failed. Expected:&lt;True&gt;. Actual:&lt;False&gt;. 
    StackTrace:
    SecondCheckoutButtonSignedInUser(),CartDisplay.cs,Line Number:3817[5/15/2018 1:15:00 AM]&lt;CaptureImage&gt;\\CMP01-YKumar\AutoLog\CMP01-YKUMAR\SecondCheckoutButtonSignedInUser_20180515011500.png[5/15/2018 1:15:00 AM]&lt;INFO&gt;SelectCheckoutPaymentRadiobutton : method executing[5/15/2018 1:15:00 AM]&lt;INFO&gt;CheckoutCreditCardShippingAndBillingControls : method executing[5/15/2018 1:15:00 AM]&lt;Info&gt;AllBrowserWindow : Locating browser window...Assert.Fail failed. [5/15/2018 1:15:22 AM]&lt;Error&gt;AllBrowserWindow : failed executing ...Unable to find Windows Internet Explorer window with 'HorizonHobby - Shipping and Billing Display - Microsoft Internet Explorer provided by Horizon Hobby' in the title., 
    StackTrace:
    AllBrowserWindow(),SharedBorderFree.cs,Line Number:1037
    CheckoutCreditCardShippingAndBillingControls(),SharedCheckoutCreditCard.cs,Line Number:66
    SelectCheckoutPaymentRadiobutton(),SharedCheckoutCreditCard.cs,Line Number:514
    CommonWorkflowComplete(),SharedApplicationCommon.cs,Line Number:1990
    CommonWorkflowComplete(),SharedApplicationCommon.cs,Line Number:2059
    SecondCheckoutButtonSignedInUser(),CartDisplay.cs,Line Number:3820[5/15/2018 1:15:22 AM]&lt;CaptureImage&gt;\\CMP01-YKumar\AutoLog\CMP01-YKUMAR\SecondCheckoutButtonSignedInUser_20180515011522.pngAssert.Fail failed. [5/15/2018 1:15:28 AM]&lt;ERROR&gt;SelectCheckoutPaymentRadiobutton : failed executing ...Index was out of range. Must be non-negative and less than the size of the collection.
Parameter name: index, 
    StackTrace:
    SelectCheckoutPaymentRadiobutton(),SharedCheckoutCreditCard.cs,Line Number:539
    CommonWorkflowComplete(),SharedApplicationCommon.cs,Line Number:1990
    CommonWorkflowComplete(),SharedApplicationCommon.cs,Line Number:2059
    SecondCheckoutButtonSignedInUser(),CartDisplay.cs,Line Number:3820[5/15/2018 1:15:28 AM]&lt;CaptureImage&gt;\\CMP01-YKumar\AutoLog\CMP01-YKUMAR\SecondCheckoutButtonSignedInUser_20180515011528.png[5/15/2018 1:15:28 AM]&lt;INFO&gt;FillCreditCardDetails : method executing[5/15/2018 1:15:28 AM]&lt;INFO&gt;CheckoutCreditCardShippingAndBillingControls : method executing[5/15/2018 1:15:28 AM]&lt;Info&gt;AllBrowserWindow : Locating browser window...Assert.Fail failed. [5/15/2018 1:15:50 AM]&lt;Error&gt;AllBrowserWindow : failed executing ...Unable to find Windows Internet Explorer window with 'HorizonHobby - Shipping and Billing Display - Microsoft Internet Explorer provided by Horizon Hobby' in the title., 
    StackTrace:
    AllBrowserWindow(),SharedBorderFree.cs,Line Number:1037
    CheckoutCreditCardShippingAndBillingControls(),SharedCheckoutCreditCard.cs,Line Number:66
    FillCreditCardDetails(),SharedCheckoutCreditCard.cs,Line Number:551
    CommonWorkflowComplete(),SharedApplicationCommon.cs,Line Number:1984
    CommonWorkflowComplete(),SharedApplicationCommon.cs,Line Number:2059
    SecondCheckoutButtonSignedInUser(),CartDisplay.cs,Line Number:3820[5/15/2018 1:15:50 AM]&lt;CaptureImage&gt;\\CMP01-YKumar\AutoLog\CMP01-YKUMAR\SecondCheckoutButtonSignedInUser_20180515011550.pngAssert.Fail failed. [5/15/2018 1:15:55 AM]&lt;ERROR&gt;FillCreditCardDetails : failed executing ...The playback failed to find the control with the given search properties. Additional Details: 
TechnologyName:  'Web'
ControlType:  'Edit'
TagName:  'INPUT'
Class:  'cardEntry_cardNumInput'
 Failed to find any control that matched the search condition ControlType='Edit' &amp;&amp; Class=&gt;'cardEntry_cardNumInput', 
    StackTrace:
    FillCreditCardDetails(),SharedCheckoutCreditCard.cs,Line Number:570
    CommonWorkflowComplete(),SharedApplicationCommon.cs,Line Number:1984
    CommonWorkflowComplete(),SharedApplicationCommon.cs,Line Number:2059
    SecondCheckoutButtonSignedInUser(),CartDisplay.cs,Line Number:3820[5/15/2018 1:15:55 AM]&lt;CaptureImage&gt;\\CMP01-YKumar\AutoLog\CMP01-YKUMAR\SecondCheckoutButtonSignedInUser_20180515011555.png[5/15/2018 1:15:55 AM]&lt;INFO&gt;ClickReviewOrder : method executing[5/15/2018 1:15:55 AM]&lt;INFO&gt;CheckoutCreditCardShippingAndBillingControls : method executing[5/15/2018 1:15:55 AM]&lt;Info&gt;AllBrowserWindow : Locating browser window...Assert.Fail failed. [5/15/2018 1:16:18 AM]&lt;Error&gt;AllBrowserWindow : failed executing ...Unable to find Windows Internet Explorer window with 'HorizonHobby - Shipping and Billing Display - Microsoft Internet Explorer provided by Horizon Hobby' in the title., 
    StackTrace:
    AllBrowserWindow(),SharedBorderFree.cs,Line Number:1037
    CheckoutCreditCardShippingAndBillingControls(),SharedCheckoutCreditCard.cs,Line Number:66
    ClickReviewOrder(),SharedCheckoutCreditCard.cs,Line Number:582
    CommonWorkflowComplete(),SharedApplicationCommon.cs,Line Number:1996
    CommonWorkflowComplete(),SharedApplicationCommon.cs,Line Number:2059
    SecondCheckoutButtonSignedInUser(),CartDisplay.cs,Line Number:3820[5/15/2018 1:16:18 AM]&lt;CaptureImage&gt;\\CMP01-YKumar\AutoLog\CMP01-YKUMAR\SecondCheckoutButtonSignedInUser_20180515011618.pngAssert.Fail failed. [5/15/2018 1:16:23 AM]&lt;ERROR&gt;ClickReviewOrder : failed executing ...The playback failed to find the control with the given search properties. Additional Details: 
TechnologyName:  'Web'
ControlType:  'Hyperlink'
TagName:  'A'
Id:  'shippingBillingPageNextPrepareCall'
 Failed to find any control that matched the search condition Id='shippingBillingPageNextPrepareCall' &amp;&amp; ControlType='Hyperlink', 
    StackTrace:
    ClickReviewOrder(),SharedCheckoutCreditCard.cs,Line Number:605
    CommonWorkflowComplete(),SharedApplicationCommon.cs,Line Number:1996
    CommonWorkflowComplete(),SharedApplicationCommon.cs,Line Number:2059
    SecondCheckoutButtonSignedInUser(),CartDisplay.cs,Line Number:3820[5/15/2018 1:16:23 AM]&lt;CaptureImage&gt;\\CMP01-YKumar\AutoLog\CMP01-YKUMAR\SecondCheckoutButtonSignedInUser_20180515011623.png[5/15/2018 1:16:23 AM]&lt;INFO&gt;PlaceOrderCreditCard : method executing[5/15/2018 1:16:23 AM]&lt;INFO&gt;CheckoutCreditCardShippingAndBillingControls : method executing[5/15/2018 1:16:23 AM]&lt;Info&gt;AllBrowserWindow : Locating browser window...Assert.Fail failed. [5/15/2018 1:16:46 AM]&lt;Error&gt;AllBrowserWindow : failed executing ...Unable to find Windows Internet Explorer window with 'HorizonHobby - Shipping and Billing Display - Microsoft Internet Explorer provided by Horizon Hobby' in the title., 
    StackTrace:
    AllBrowserWindow(),SharedBorderFree.cs,Line Number:1037
    CheckoutCreditCardShippingAndBillingControls(),SharedCheckoutCreditCard.cs,Line Number:66
    PlaceOrderCreditCard(),SharedCheckoutCreditCard.cs,Line Number:683
    PlaceOrder(),SharedCheckoutCreditCard.cs,Line Number:630
    PlaceOrder(),SharedCheckoutCreditCard.cs,Line Number:615
    CommonWorkflowComplete(),SharedApplicationCommon.cs,Line Number:2009
    CommonWorkflowComplete(),SharedApplicationCommon.cs,Line Number:2059
    SecondCheckoutButtonSignedInUser(),CartDisplay.cs,Line Number:3820[5/15/2018 1:16:46 AM]&lt;CaptureImage&gt;\\CMP01-YKumar\AutoLog\CMP01-YKUMAR\SecondCheckoutButtonSignedInUser_20180515011646.pngAssert.Fail failed. [5/15/2018 1:16:51 AM]&lt;ERROR&gt;PlaceOrderCreditCard : failed executing ...The playback failed to find the control with the given search properties. Additional Details: 
TechnologyName:  'Web'
ControlType:  'Hyperlink'
TagName:  'A'
Id:  'shippingBillingPageNextGCTotal'
 Failed to find any control that matched the search condition Id='shippingBillingPageNextGCTotal' &amp;&amp; ControlType='Hyperlink', 
    StackTrace:
    PlaceOrderCreditCard(),SharedCheckoutCreditCard.cs,Line Number:758
    PlaceOrder(),SharedCheckoutCreditCard.cs,Line Number:630
    PlaceOrder(),SharedCheckoutCreditCard.cs,Line Number:615
    CommonWorkflowComplete(),SharedApplicationCommon.cs,Line Number:2009
    CommonWorkflowComplete(),SharedApplicationCommon.cs,Line Number:2059
    SecondCheckoutButtonSignedInUser(),CartDisplay.cs,Line Number:3820[5/15/2018 1:16:51 AM]&lt;CaptureImage&gt;\\CMP01-YKumar\AutoLog\CMP01-YKUMAR\SecondCheckoutButtonSignedInUser_20180515011651.png[5/15/2018 1:16:51 AM]&lt;Info&gt;AllBrowserWindow : Locating browser window...Assert.Fail failed. [5/15/2018 1:17:13 AM]&lt;Error&gt;AllBrowserWindow : failed executing ...Unable to find Windows Internet Explorer window with 'HorizonHobby - Order Confirmation - Microsoft Internet Explorer provided by Horizon Hobby' in the title., 
    StackTrace:
    AllBrowserWindow(),SharedBorderFree.cs,Line Number:1037
    HandleGooglePrompt(),SharedCheckoutCreditCard.cs,Line Number:1365
    HandleGooglePrompt(),SharedCheckoutCreditCard.cs,Line Number:1390
    PlaceOrder(),SharedCheckoutCreditCard.cs,Line Number:631
    PlaceOrder(),SharedCheckoutCreditCard.cs,Line Number:615
    CommonWorkflowComplete(),SharedApplicationCommon.cs,Line Number:2009
    CommonWorkflowComplete(),SharedApplicationCommon.cs,Line Number:2059
    SecondCheckoutButtonSignedInUser(),CartDisplay.cs,Line Number:3820[5/15/2018 1:17:13 AM]&lt;CaptureImage&gt;\\CMP01-YKumar\AutoLog\CMP01-YKUMAR\SecondCheckoutButtonSignedInUser_20180515011713.png[5/15/2018 1:17:19 AM]&lt;INFO&gt;OrderConfirmation : method executing[5/15/2018 1:17:19 AM]&lt;INFO&gt;OrderConfirmationUIControls : method executing[5/15/2018 1:17:19 AM]&lt;Info&gt;AllBrowserWindow : Locating browser window...Assert.Fail failed. [5/15/2018 1:17:41 AM]&lt;Error&gt;AllBrowserWindow : failed executing ...Unable to find Windows Internet Explorer window with 'HorizonHobby - Order Confirmation - Microsoft Internet Explorer provided by Horizon Hobby' in the title., 
    StackTrace:
    AllBrowserWindow(),SharedBorderFree.cs,Line Number:1037
    OrderConfirmationUIControls(),SharedOrderedItems.cs,Line Number:39
    OrderConfirmation(),SharedOrderedItems.cs,Line Number:59
    SecondCheckoutButtonSignedInUser(),CartDisplay.cs,Line Number:3823[5/15/2018 1:17:41 AM]&lt;CaptureImage&gt;\\CMP01-YKumar\AutoLog\CMP01-YKUMAR\SecondCheckoutButtonSignedInUser_20180515011741.png[5/15/2018 1:17:41 AM]&lt;INFO&gt;SurveyWindow : method executing ...Assert.Fail failed. [5/15/2018 1:18:49 AM]&lt;ERROR&gt;OrderConfirmation : failed executing ...The playback failed to find the control with the given search properties. Additional Details: 
TechnologyName:  'Web'
ControlType:  'Pane'
TagName:  'SPAN'
Class:  'cart_orderConfirm_ordNumValue'
 Failed to find any control that matched the search condition ControlType='Pane' &amp;&amp; Class='cart_orderConfirm_ordNumValue', 
    StackTrace:
    OrderConfirmation(),SharedOrderedItems.cs,Line Number:69
    SecondCheckoutButtonSignedInUser(),CartDisplay.cs,Line Number:3823[5/15/2018 1:18:49 AM]&lt;CaptureImage&gt;\\CMP01-YKumar\AutoLog\CMP01-YKUMAR\SecondCheckoutButtonSignedInUser_20180515011849.png[5/15/2018 1:18:49 AM]&lt;INFO&gt;SingleProductOrderAmountValidation : method executing[5/15/2018 1:18:49 AM]&lt;INFO&gt;OrderConfirmationUIControls : method executing[5/15/2018 1:18:49 AM]&lt;Info&gt;AllBrowserWindow : Locating browser window...Assert.Fail failed. [5/15/2018 1:19:12 AM]&lt;Error&gt;AllBrowserWindow : failed executing ...Unable to find Windows Internet Explorer window with 'HorizonHobby - Order Confirmation - Microsoft Internet Explorer provided by Horizon Hobby' in the title., 
    StackTrace:
    AllBrowserWindow(),SharedBorderFree.cs,Line Number:1037
    OrderConfirmationUIControls(),SharedOrderedItems.cs,Line Number:39
    SingleProductOrderAmountValidation(),SharedOrderedItems.cs,Line Number:84
    SecondCheckoutButtonSignedInUser(),CartDisplay.cs,Line Number:3825[5/15/2018 1:19:12 AM]&lt;CaptureImage&gt;\\CMP01-YKumar\AutoLog\CMP01-YKUMAR\SecondCheckoutButtonSignedInUser_20180515011912.pngAssert.Fail failed. [5/15/2018 1:19:15 AM]&lt;ERROR&gt;SingleProductOrderAmountValidation : failed executing ...The playback failed to find the control with the given search properties. Additional Details: 
TechnologyName:  'Web'
ControlType:  'Pane'
TagName:  'SPAN'
Class:  'cart_orderConfirm_ordNumValue'
 Failed to find any control that matched the search condition ControlType='Pane' &amp;&amp; Class='cart_orderConfirm_ordNumValue', 
    StackTrace:
    SingleProductOrderAmountValidation(),SharedOrderedItems.cs,Line Number:91
    SecondCheckoutButtonSignedInUser(),CartDisplay.cs,Line Number:3825[5/15/2018 1:19:15 AM]&lt;CaptureImage&gt;\\CMP01-YKumar\AutoLog\CMP01-YKUMAR\SecondCheckoutButtonSignedInUser_20180515011915.png[5/15/2018 1:19:15 AM]&lt;RESULT&gt;Test Ended:#PASS=2, #FAIL=3,#Other errors=21[5/15/2018 1:19:16 AM]&lt;INFO&gt;LogCPUAndMemoryUsage: Available Memory = 25143(MB), CPU Usage = 15.06439%[5/15/2018 1:19:16 AM]&lt;INFO&gt;Private Working Set for QTAgent32_40, usage=273320 (K)[5/15/2018 1:19:16 AM]&lt;RESULT&gt;&lt;SecondCheckoutButtonSignedInUser&gt; Test FAILED: Actual #FAIL=3, #Expected FAIL=0
#Other errors=21. See Error Message/logs for further details.</StdOut>
        <ErrorInfo>
          <Message>Assert.Fail failed. 
Actual #FAIL=3, #Expected FAIL=0
#Other errors=21
[Error details below]
&lt;ERROR&gt;[5/15/2018 1:11:17 AM]&lt;Error&gt;AllBrowserWindow : failed executing ...Unable to find Windows Internet Explorer window with 'Shopping Cart - Microsoft Internet Explorer provided by Horizon Hobby' in the title.
&lt;ERROR&gt;[5/15/2018 1:11:24 AM]&lt;ERROR&gt;SearchProduct := TRA5873 : failed executing ...The playback failed to find the control with the given search properties. Additional Details: 
TechnologyName:  'Web'
ControlType:  'Edit'
TagName:  'INPUT'
Id:  'SimpleSearchForm_SearchTerm'
 Failed to find any control that matched the search condition ControlType='Edit' &amp;&amp; Id=&gt;'SimpleSearchForm_SearchTerm'
&lt;ERROR&gt;[5/15/2018 1:13:24 AM]&lt;ERROR&gt;BackOrderClick : failed executing ...The playback failed to find the control with the given search properties. Additional Details: 
TechnologyName:  'Web'
ControlType:  'Hyperlink'
TagName:  'A'
Id:  'add2CartBtn'
 Failed to find any control that matched the search condition Id='add2CartBtn' &amp;&amp; ControlType='Hyperlink'
&lt;ERROR&gt;[5/15/2018 1:13:40 AM]&lt;ERROR&gt;MouseClick Exception:Microsoft.VisualStudio.TestTools.UITest.Extension.UITestControlNotFoundException: The playback failed to find the control with the given search properties. Additional Details: 
TechnologyName:  'Web'
ControlType:  'Hyperlink'
TagName:  'A'
Id:  'GotoCartButton1'
Class:  'button'
InnerText:  'Go to Cart'
 Failed to find any control that matched the search condition Id='GotoCartButton1' &amp;&amp; ControlType='Hyperlink' &amp;&amp; Class='button' &amp;&amp; InnerText='Go to Cart' ---&gt; System.Runtime.InteropServices.COMException: Error HRESULT E_FAIL has been returned from a call to a COM component.
   at Microsoft.VisualStudio.TestTools.UITest.Playback.Engine.IScreenElement.FindAllDescendants(String bstrQueryId, Object&amp; pvarResKeys, Int32 cResKeys, Int32 nMaxDepth)
   at Microsoft.VisualStudio.TestTools.UITest.Playback.ScreenElement.FindAllScreenElement(String queryId, Int32 depth, Boolean singleQueryId, Boolean throwException, Boolean resetSkipStep)
   at Microsoft.VisualStudio.TestTools.UITest.Playback.ScreenElement.FindScreenElement(String queryId, Int32 depth, Boolean resetSkipStep)
   at Microsoft.VisualStudio.TestTools.UITesting.UITestControl.FindFirstDescendant(String queryId, Int32 maxDepth, Int32&amp; timeLeft)
   --- End of inner exception stack trace ---
   at Microsoft.VisualStudio.TestTools.UITesting.Playback.MapControlNotFoundException(COMException ex, IPlaybackContext context)
   at Microsoft.VisualStudio.TestTools.UITesting.Playback.MapAndThrowComException(COMException innerException, IPlaybackContext context)
   at Microsoft.VisualStudio.TestTools.UITesting.Playback.MapAndThrowException(SystemException exception, IPlaybackContext context)
   at Microsoft.VisualStudio.TestTools.UITesting.Playback.MapAndThrowException(SystemException exception, String queryId)
   at Microsoft.VisualStudio.TestTools.UITesting.UITestControl.FindFirstDescendant(String queryId, Int32 maxDepth, Int32&amp; timeLeft)
   at Microsoft.VisualStudio.TestTools.UITesting.SearchHelper.GetUITestControlRecursive(Boolean useCache, Boolean alwaysSearch, ISearchArgument searchArg, IList`1 windowTitles, Int32&amp; timeLeft)
   at Microsoft.VisualStudio.TestTools.UITesting.SearchHelper.GetElement(Boolean useCache, ISearchArgument searchArg)
   at Microsoft.VisualStudio.TestTools.UITesting.SearchHelper.Search(ISearchArgument searchArg)
   at Microsoft.VisualStudio.TestTools.UITesting.UITestControl.FindInternal()
   at Microsoft.VisualStudio.TestTools.UITesting.UITestControl.&lt;Find&gt;b__3a()
   at Microsoft.VisualStudio.TestTools.UITesting.CodedUITestMethodInvoker.InvokeMethod[T](Func`1 function, UITestControl control, Boolean firePlaybackErrorEvent, Boolean logAsAction)
   at Microsoft.VisualStudio.TestTools.UITesting.UITestControl.Find()
   at Microsoft.VisualStudio.TestTools.UITesting.UITestControl.GetPropertyPrivate(String propertyName)
   at Microsoft.VisualStudio.TestTools.UITesting.UITestControl.GetPropertyOfType[T](String propertyName)
   at Microsoft.VisualStudio.TestTools.UITesting.UITestControl.get_Name()
   at TestAuto.LoggingAndSharedGenericMethods.MouseClick(UITestControl uiMenuItemTestControl) in c:\Builds\1\WebSphere\QATestAutomation\src\CodedUITest\SourceCode\Common\Logging\SharedMethods_Generic.cs:line 790
&lt;ERROR&gt;[5/15/2018 1:14:07 AM]&lt;Error&gt;AllBrowserWindow : failed executing ...Unable to find Windows Internet Explorer window with 'Shopping Cart - Microsoft Internet Explorer provided by Horizon Hobby' in the title.
&lt;FAIL&gt;&lt;SecondCheckoutButtonSignedInUser&gt;&lt;First checkout button exists when there is atleast 1 item in the cart&gt;.Assert.AreEqual failed. Expected:&lt;True&gt;. Actual:&lt;False&gt;. 
    StackTrace:
    SecondCheckoutButtonSignedInUser(),CartDisplay.cs,Line Number:3810
&lt;FAIL&gt;&lt;SecondCheckoutButtonSignedInUser&gt;&lt;Second checkout button exists when there is atleast 1 item in the cart&gt;.Assert.AreEqual failed. Expected:&lt;True&gt;. Actual:&lt;False&gt;. 
    StackTrace:
    SecondCheckoutButtonSignedInUser(),CartDisplay.cs,Line Number:3811
&lt;ERROR&gt;[5/15/2018 1:14:35 AM]&lt;Error&gt;AllBrowserWindow : failed executing ...Unable to find Windows Internet Explorer window with 'Shopping Cart - Microsoft Internet Explorer provided by Horizon Hobby' in the title.
&lt;ERROR&gt;[5/15/2018 1:14:37 AM]&lt;ERROR&gt;ClickSecondCheckoutButton : failed executing ...The playback failed to find the control with the given search properties. Additional Details: 
TechnologyName:  'Web'
ControlType:  'Hyperlink'
TagName:  'A'
Id:  'shopCart_checkoutTop'
 Failed to find any control that matched the search condition Id='shopCart_checkoutTop' &amp;&amp; ControlType='Hyperlink'
&lt;ERROR&gt;[5/15/2018 1:15:00 AM]&lt;Error&gt;AllBrowserWindow : failed executing ...Unable to find Windows Internet Explorer window with 'HorizonHobby - Shipping and Billing Display - Microsoft Internet Explorer provided by Horizon Hobby' in the title.
&lt;FAIL&gt;&lt;SecondCheckoutButtonSignedInUser&gt;&lt;On clicking on Second checkout button shipping &amp; billing method page appears &gt;.Assert.AreEqual failed. Expected:&lt;True&gt;. Actual:&lt;False&gt;. 
    StackTrace:
    SecondCheckoutButtonSignedInUser(),CartDisplay.cs,Line Number:3817
&lt;ERROR&gt;[5/15/2018 1:15:22 AM]&lt;Error&gt;AllBrowserWindow : failed executing ...Unable to find Windows Internet Explorer window with 'HorizonHobby - Shipping and Billing Display - Microsoft Internet Explorer provided by Horizon Hobby' in the title.
&lt;ERROR&gt;[5/15/2018 1:15:28 AM]&lt;ERROR&gt;SelectCheckoutPaymentRadiobutton : failed executing ...Index was out of range. Must be non-negative and less than the size of the collection.
Parameter name: index
&lt;ERROR&gt;[5/15/2018 1:15:50 AM]&lt;Error&gt;AllBrowserWindow : failed executing ...Unable to find Windows Internet Explorer window with 'HorizonHobby - Shipping and Billing Display - Microsoft Internet Explorer provided by Horizon Hobby' in the title.
&lt;ERROR&gt;[5/15/2018 1:15:55 AM]&lt;ERROR&gt;FillCreditCardDetails : failed executing ...The playback failed to find the control with the given search properties. Additional Details: 
TechnologyName:  'Web'
ControlType:  'Edit'
TagName:  'INPUT'
Class:  'cardEntry_cardNumInput'
 Failed to find any control that matched the search condition ControlType='Edit' &amp;&amp; Class=&gt;'cardEntry_cardNumInput'
&lt;ERROR&gt;[5/15/2018 1:16:18 AM]&lt;Error&gt;AllBrowserWindow : failed executing ...Unable to find Windows Internet Explorer window with 'HorizonHobby - Shipping and Billing Display - Microsoft Internet Explorer provided by Horizon Hobby' in the title.
&lt;ERROR&gt;[5/15/2018 1:16:23 AM]&lt;ERROR&gt;ClickReviewOrder : failed executing ...The playback failed to find the control with the given search properties. Additional Details: 
TechnologyName:  'Web'
ControlType:  'Hyperlink'
TagName:  'A'
Id:  'shippingBillingPageNextPrepareCall'
 Failed to find any control that matched the search condition Id='shippingBillingPageNextPrepareCall' &amp;&amp; ControlType='Hyperlink'
&lt;ERROR&gt;[5/15/2018 1:16:46 AM]&lt;Error&gt;AllBrowserWindow : failed executing ...Unable to find Windows Internet Explorer window with 'HorizonHobby - Shipping and Billing Display - Microsoft Internet Explorer provided by Horizon Hobby' in the title.
&lt;ERROR&gt;[5/15/2018 1:16:51 AM]&lt;ERROR&gt;PlaceOrderCreditCard : failed executing ...The playback failed to find the control with the given search properties. Additional Details: 
TechnologyName:  'Web'
ControlType:  'Hyperlink'
TagName:  'A'
Id:  'shippingBillingPageNextGCTotal'
 Failed to find any control that matched the search condition Id='shippingBillingPageNextGCTotal' &amp;&amp; ControlType='Hyperlink'
&lt;ERROR&gt;[5/15/2018 1:17:13 AM]&lt;Error&gt;AllBrowserWindow : failed executing ...Unable to find Windows Internet Explorer window with 'HorizonHobby - Order Confirmation - Microsoft Internet Explorer provided by Horizon Hobby' in the title.
&lt;ERROR&gt;[5/15/2018 1:17:41 AM]&lt;Error&gt;AllBrowserWindow : failed executing ...Unable to find Windows Internet Explorer window with 'HorizonHobby - Order Confirmation - Microsoft Internet Explorer provided by Horizon Hobby' in the title.
&lt;ERROR&gt;[5/15/2018 1:18:49 AM]&lt;ERROR&gt;OrderConfirmation : failed executing ...The playback failed to find the control with the given search properties. Additional Details: 
TechnologyName:  'Web'
ControlType:  'Pane'
TagName:  'SPAN'
Class:  'cart_orderConfirm_ordNumValue'
 Failed to find any control that matched the search condition ControlType='Pane' &amp;&amp; Class='cart_orderConfirm_ordNumValue'
&lt;ERROR&gt;[5/15/2018 1:19:12 AM]&lt;Error&gt;AllBrowserWindow : failed executing ...Unable to find Windows Internet Explorer window with 'HorizonHobby - Order Confirmation - Microsoft Internet Explorer provided by Horizon Hobby' in the title.
&lt;ERROR&gt;[5/15/2018 1:19:15 AM]&lt;ERROR&gt;SingleProductOrderAmountValidation : failed executing ...The playback failed to find the control with the given search properties. Additional Details: 
TechnologyName:  'Web'
ControlType:  'Pane'
TagName:  'SPAN'
Class:  'cart_orderConfirm_ordNumValue'
 Failed to find any control that matched the search condition ControlType='Pane' &amp;&amp; Class='cart_orderConfirm_ordNumValue'</Message>
          <StackTrace>   at TestAuto.LoggingAndSharedGenericMethods.EndTest() in c:\Builds\1\WebSphere\QATestAutomation\src\CodedUITest\SourceCode\Common\Logging\Logging.cs:line 1628
   at TestAuto.CartDisplayTest.TestCleanup() in c:\Builds\1\WebSphere\QATestAutomation\src\CodedUITest\SourceCode\HHobby\CartDisplay\CartDisplay.cs:line 5472
</StackTrace>
        </ErrorInfo>
      </Output>
      <ResultFiles />
    </UnitTestResult>
    <UnitTestResult executionId="0a184718-a01a-4201-9a44-8805ec8a7958" testId="d4fbc256-95d2-4162-ab66-62980f649e57" testName="SecondCheckoutButtonNonUSUser" computerName="CMP01-YKUMAR" duration="00:02:03.3417270" startTime="2018-05-15T01:19:18.7952310-05:00" endTime="2018-05-15T01:21:22.1462310-05:00" testType="13cdc9d9-ddb5-4fa4-a97d-d965ccfc6d4b" outcome="Failed" testListId="8c84fa94-04c1-424b-9868-57a2d4851a1d">
      <Output>
        <StdOut>Logging to custom path:\\CMP01-YKumar\AutoLogAssert.Fail failed. 
#Other errors=1
[Error details below]
&lt;ERROR&gt;[5/15/2018 1:21:19 AM]&lt;ERROR&gt;SecondCheckoutButtonNonUSUser : failed executing ...The playback failed to find the control with the given search properties. Additional Details: 
TechnologyName:  'Web'
ControlType:  'Table'
TagName:  'TABLE'
Class:  'table table-unstyled table-order ng-scope'
 Failed to find any control that matched the search condition ControlType='Table' &amp;&amp; Class='table table-unstyled table-order ng-scope'   at TestAuto.LoggingAndSharedGenericMethods.EndTest() in c:\Builds\1\WebSphere\QATestAutomation\src\CodedUITest\SourceCode\Common\Logging\Logging.cs:line 1628
   at TestAuto.CartDisplayTest.TestCleanup() in c:\Builds\1\WebSphere\QATestAutomation\src\CodedUITest\SourceCode\HHobby\CartDisplay\CartDisplay.cs:line 5472
[5/15/2018 1:19:18 AM]&lt;STARTLOG&gt;&lt;SecondCheckoutButtonNonUSUser&gt;Test Started: Expecting: #PASS=Undefined and #FAIL=0
Running from MTM=True, running on machine name:CMP01-YKUMAR, user name=ykumar, OS=Microsoft Windows NT 6.1.7601 Service Pack 1, Is64BitOS=True[5/15/2018 1:19:19 AM]&lt;INFO&gt;LogCPUAndMemoryUsage: Available Memory = 25205(MB), CPU Usage = 36.6879%[5/15/2018 1:19:19 AM]&lt;INFO&gt;Private Working Set for QTAgent32_40, usage=273428 (K)[5/15/2018 1:19:19 AM]&lt;INFO&gt;Path To TestConfig xml=C:\Users\ykumar\AppData\Local\VSEQT\QTAgent\26974\CMP01-YKUMAR.horizonhobby.com\Deployment\SharedCommonConfig.xml[5/15/2018 1:19:19 AM]&lt;INFO&gt;Path To TestData xml=C:\Users\ykumar\AppData\Local\VSEQT\QTAgent\26974\CMP01-YKUMAR.horizonhobby.com\Deployment\CartDisplayTestData_011918.xml[5/15/2018 1:19:19 AM]&lt;INFO&gt;Path To HorizonHobbyQA Application Url=https://www-tst.horizonhobby.com[5/15/2018 1:19:19 AM]&lt;INFO&gt;HorizonHobbyQA sql connection string=Server=cmp02-ws-tst-db01:50000;Database=TST01DB;UID=wcdbuser;PWD=h0r1z0n;Connect Timeout=30[5/15/2018 1:19:19 AM]&lt;INFO&gt;Country is := US and language id is := '-1'[5/15/2018 1:19:19 AM]&lt;INFO&gt;Current browser used for test execution is = 'IE'[5/15/2018 1:19:33 AM]&lt;INFO&gt;SurveyWindow : method executing ...[5/15/2018 1:19:39 AM]&lt;INFO&gt;SurveyWindow : method executing ...[5/15/2018 1:19:49 AM]&lt;Info&gt;AllBrowserWindow : Locating browser window...[5/15/2018 1:19:49 AM]&lt;INFO&gt;CartIconClickexecuting ...[5/15/2018 1:19:54 AM]&lt;INFO&gt;GoToCartClickexecuting ...[5/15/2018 1:20:05 AM]&lt;INFO&gt;ContinueOnCertificationErrorClickexecuting ...[5/15/2018 1:20:12 AM]&lt;Info&gt;AllBrowserWindow : Locating browser window...[5/15/2018 1:20:21 AM]&lt;PASS&gt;&lt;SecondCheckoutButtonNonUSUser&gt;&lt;First checkout button does not exist for empty cart&gt;[5/15/2018 1:20:27 AM]&lt;PASS&gt;&lt;SecondCheckoutButtonNonUSUser&gt;&lt;Second checkout button does not exist for empty cart&gt;[5/15/2018 1:20:27 AM]&lt;INFO&gt;SearchProductexecuting ... Searching term:= 'ZEN262942002'[5/15/2018 1:20:34 AM]&lt;Info&gt;AllBrowserWindow : Locating browser window...[5/15/2018 1:20:34 AM]&lt;INFO&gt;BackOrderClickexecuting ...[5/15/2018 1:20:38 AM]&lt;INFO&gt;GoToCartClickexecuting ...[5/15/2018 1:20:52 AM]&lt;Info&gt;AllBrowserWindow : Locating browser window...[5/15/2018 1:21:00 AM]&lt;PASS&gt;&lt;SecondCheckoutButtonNonUSUser&gt;&lt;First checkout button exists when there is atleast 1 item in the cart&gt;[5/15/2018 1:21:00 AM]&lt;PASS&gt;&lt;SecondCheckoutButtonNonUSUser&gt;&lt;Second checkout button exists when there is atleast 1 item in the cart&gt;[5/15/2018 1:21:00 AM]&lt;INFO&gt;ClickSecondCheckoutButtonexecuting ...[5/15/2018 1:21:00 AM]&lt;Info&gt;AllBrowserWindow : Locating browser window...[5/15/2018 1:21:16 AM]&lt;PASS&gt;&lt;SecondCheckoutButtonNonUSUser&gt;&lt;Interrupt window did not appear for guest user on clicking checkout on shopping cart page&gt;[5/15/2018 1:21:16 AM]&lt;Info&gt;AllBrowserWindow : Locating browser window...Assert.Fail failed. [5/15/2018 1:21:19 AM]&lt;ERROR&gt;SecondCheckoutButtonNonUSUser : failed executing ...The playback failed to find the control with the given search properties. Additional Details: 
TechnologyName:  'Web'
ControlType:  'Table'
TagName:  'TABLE'
Class:  'table table-unstyled table-order ng-scope'
 Failed to find any control that matched the search condition ControlType='Table' &amp;&amp; Class='table table-unstyled table-order ng-scope', 
    StackTrace:
    SecondCheckoutButtonNonUSUser(),CartDisplay.cs,Line Number:3904[5/15/2018 1:21:19 AM]&lt;CaptureImage&gt;\\CMP01-YKumar\AutoLog\CMP01-YKUMAR\SecondCheckoutButtonNonUSUser_20180515012119.png[5/15/2018 1:21:19 AM]&lt;RESULT&gt;Test Ended:#PASS=5, #FAIL=0,#Other errors=1[5/15/2018 1:21:20 AM]&lt;INFO&gt;LogCPUAndMemoryUsage: Available Memory = 25103(MB), CPU Usage = 25.50952%[5/15/2018 1:21:20 AM]&lt;INFO&gt;Private Working Set for QTAgent32_40, usage=273704 (K)[5/15/2018 1:21:20 AM]&lt;RESULT&gt;&lt;SecondCheckoutButtonNonUSUser&gt; Test FAILED: #Other errors=1. See Error Message/logs for further details.</StdOut>
        <ErrorInfo>
          <Message>Assert.Fail failed. 
#Other errors=1
[Error details below]
&lt;ERROR&gt;[5/15/2018 1:21:19 AM]&lt;ERROR&gt;SecondCheckoutButtonNonUSUser : failed executing ...The playback failed to find the control with the given search properties. Additional Details: 
TechnologyName:  'Web'
ControlType:  'Table'
TagName:  'TABLE'
Class:  'table table-unstyled table-order ng-scope'
 Failed to find any control that matched the search condition ControlType='Table' &amp;&amp; Class='table table-unstyled table-order ng-scope'</Message>
          <StackTrace>   at TestAuto.LoggingAndSharedGenericMethods.EndTest() in c:\Builds\1\WebSphere\QATestAutomation\src\CodedUITest\SourceCode\Common\Logging\Logging.cs:line 1628
   at TestAuto.CartDisplayTest.TestCleanup() in c:\Builds\1\WebSphere\QATestAutomation\src\CodedUITest\SourceCode\HHobby\CartDisplay\CartDisplay.cs:line 5472
</StackTrace>
        </ErrorInfo>
      </Output>
      <ResultFiles>
        <ResultFile path="CMP01-YKUMAR.horizonhobby.com\CartDisplayTestData_011918.xml" />
        <ResultFile path="CMP01-YKUMAR.horizonhobby.com\SecondCheckoutButtonNonUSUser_20180515011918.log" />
        <ResultFile path="CMP01-YKUMAR.horizonhobby.com\SecondCheckoutButtonNonUSUser_20180515012119.png" />
        <ResultFile path="CMP01-YKUMAR.horizonhobby.com\SecondCheckoutButtonNonUSUser_ResultsONLY_20180515011918.log" />
        <ResultFile path="CMP01-YKUMAR.horizonhobby.com\SharedCommonConfig.xml" />
      </ResultFiles>
    </UnitTestResult>
    <UnitTestResult executionId="8f3c595f-2846-4342-8db4-e254b5e6ab83" testId="b0b77c4a-4f91-b581-b588-dd4bb8fe9b11" testName="AffirmPromotionMessageOnProductPage" computerName="CMP01-YKUMAR" duration="00:03:50.4359451" startTime="2018-05-15T01:21:22.1532310-05:00" endTime="2018-05-15T01:25:12.5992310-05:00" testType="13cdc9d9-ddb5-4fa4-a97d-d965ccfc6d4b" outcome="Passed" testListId="8c84fa94-04c1-424b-9868-57a2d4851a1d">
      <Output>
        <StdOut>Logging to custom path:\\CMP01-YKumar\AutoLog[5/15/2018 1:21:22 AM]&lt;STARTLOG&gt;&lt;AffirmPromotionMessageOnProductPage&gt;Test Started: Expecting: #PASS=Undefined and #FAIL=0
Running from MTM=True, running on machine name:CMP01-YKUMAR, user name=ykumar, OS=Microsoft Windows NT 6.1.7601 Service Pack 1, Is64BitOS=True[5/15/2018 1:21:23 AM]&lt;INFO&gt;LogCPUAndMemoryUsage: Available Memory = 25073(MB), CPU Usage = 48.18149%[5/15/2018 1:21:23 AM]&lt;INFO&gt;Private Working Set for QTAgent32_40, usage=273844 (K)[5/15/2018 1:21:23 AM]&lt;INFO&gt;Path To TestConfig xml=C:\Users\ykumar\AppData\Local\VSEQT\QTAgent\26974\CMP01-YKUMAR.horizonhobby.com\Deployment\SharedCommonConfig.xml[5/15/2018 1:21:23 AM]&lt;INFO&gt;Path To TestData xml=C:\Users\ykumar\AppData\Local\VSEQT\QTAgent\26974\CMP01-YKUMAR.horizonhobby.com\Deployment\ProductPageTestData_012122.xml[5/15/2018 1:21:23 AM]&lt;INFO&gt;Path To HorizonHobbyQA Application Url=https://www-tst.horizonhobby.com[5/15/2018 1:21:23 AM]&lt;INFO&gt;HorizonHobbyQA sql connection string=Server=cmp02-ws-tst-db01:50000;Database=TST01DB;UID=wcdbuser;PWD=h0r1z0n;Connect Timeout=30[5/15/2018 1:21:23 AM]&lt;INFO&gt;Country is := US and language id is := '-1'[5/15/2018 1:21:23 AM]&lt;INFO&gt;Current browser used for test execution is = 'IE'[5/15/2018 1:21:26 AM]&lt;Info&gt;AllBrowserWindow : Locating browser window...[5/15/2018 1:21:30 AM]&lt;INFO&gt;SearchProductexecuting ... Searching term:= 'EFL108020'[5/15/2018 1:21:37 AM]&lt;Info&gt;AllBrowserWindow : Locating browser window...[5/15/2018 1:21:48 AM]&lt;PASS&gt;&lt;AffirmPromotionMessageOnProductPage&gt;&lt;Validate that Affirm as low as message isn't displayed for Item less than $50&gt;[5/15/2018 1:21:52 AM]&lt;INFO&gt;SearchProductexecuting ... Searching term:= 'ZEN848ES512A0'[5/15/2018 1:21:56 AM]&lt;Info&gt;AllBrowserWindow : Locating browser window...[5/15/2018 1:22:19 AM]&lt;Info&gt;AllBrowserWindow : Locating browser window...[5/15/2018 1:22:44 AM]&lt;Info&gt;AllBrowserWindow : Locating browser window...[5/15/2018 1:22:44 AM]&lt;INFO&gt;ClickSearchResultCell : No product found on search page with title ... :- Cylinder: G26AEi[5/15/2018 1:22:44 AM]&lt;CaptureImage&gt;\\CMP01-YKumar\AutoLog\CMP01-YKUMAR\AffirmPromotionMessageOnProductPage_20180515012244.png[5/15/2018 1:23:19 AM]&lt;PASS&gt;&lt;AffirmPromotionMessageOnProductPage&gt;&lt;Validate that Affirm as low as message isn't displayed for Back Order Items&gt;[5/15/2018 1:23:22 AM]&lt;INFO&gt;System.Data.DataTable GetProductConditional(ProductStockStatusType, PriceCondition, System.String, System.String, System.String, System.String, System.String, System.String, Boolean) : No record found for price condition - 'PriceRange-&gt; 50-1000' ; and stock condition - 'PreOrder'[5/15/2018 1:23:22 AM]&lt;INFO&gt;SearchProductexecuting ... Searching term:= 'SAI72BGK17'[5/15/2018 1:23:31 AM]&lt;Info&gt;AllBrowserWindow : Locating browser window...[5/15/2018 1:23:53 AM]&lt;Info&gt;AllBrowserWindow : Locating browser window...[5/15/2018 1:24:18 AM]&lt;Info&gt;AllBrowserWindow : Locating browser window...[5/15/2018 1:24:18 AM]&lt;INFO&gt;ClickSearchResultCell : No product found on search page with title ... :- FA-2B GK Rear Cover[5/15/2018 1:24:19 AM]&lt;CaptureImage&gt;\\CMP01-YKumar\AutoLog\CMP01-YKUMAR\AffirmPromotionMessageOnProductPage_20180515012418.png[5/15/2018 1:24:54 AM]&lt;PASS&gt;&lt;AffirmPromotionMessageOnProductPage&gt;&lt;Validate that Affirm as low as message isn't displayed for Pre Order Items&gt;[5/15/2018 1:24:57 AM]&lt;INFO&gt;SearchProductexecuting ... Searching term:= 'BLH4751'[5/15/2018 1:25:06 AM]&lt;Info&gt;AllBrowserWindow : Locating browser window...[5/15/2018 1:25:09 AM]&lt;PASS&gt;&lt;AffirmPromotionMessageOnProductPage&gt;&lt;Validate that Affirm as low as message displayed for In Stock Items &gt; $50&gt;[5/15/2018 1:25:09 AM]&lt;RESULT&gt;Test Ended:#PASS=4, #FAIL=0[5/15/2018 1:25:10 AM]&lt;INFO&gt;LogCPUAndMemoryUsage: Available Memory = 24698(MB), CPU Usage = 13.89555%[5/15/2018 1:25:10 AM]&lt;INFO&gt;Private Working Set for QTAgent32_40, usage=267024 (K)[5/15/2018 1:25:10 AM]&lt;RESULT&gt;&lt;AffirmPromotionMessageOnProductPage&gt; Test PASSED</StdOut>
      </Output>
      <ResultFiles />
    </UnitTestResult>
    <UnitTestResult executionId="086d37b5-9683-44b4-8e7c-d501fa661d84" testId="030d9fc9-3b7b-9ae0-5a95-356745756623" testName="AffirmPromotionMessageOnShoppingCartPage" computerName="CMP01-YKUMAR" duration="00:10:14.2951060" startTime="2018-05-15T01:25:12.6002310-05:00" endTime="2018-05-15T01:35:26.9152310-05:00" testType="13cdc9d9-ddb5-4fa4-a97d-d965ccfc6d4b" outcome="Failed" testListId="8c84fa94-04c1-424b-9868-57a2d4851a1d">
      <Output>
        <StdOut>Logging to custom path:\\CMP01-YKumar\AutoLogAssert.Fail failed. 
#Other errors=8
[Error details below]
&lt;ERROR&gt;[5/15/2018 1:29:07 AM]&lt;ERROR&gt;BackOrderClick : failed executing ...The playback failed to find the control with the given search properties. Additional Details: 
TechnologyName:  'Web'
ControlType:  'Hyperlink'
TagName:  'A'
Id:  'add2CartBtn'
 Failed to find any control that matched the value add2CartBtn for the search property Id.
&lt;ERROR&gt;[5/15/2018 1:29:23 AM]&lt;ERROR&gt;MouseClick Exception:Microsoft.VisualStudio.TestTools.UITest.Extension.FailedToPerformActionOnHiddenControlException: Cannot perform 'Click' on the hidden control. Additional Details: 
TechnologyName:  'Web'
ControlType:  'Hyperlink'
TagName:  'A'
Id:  'GotoCartButton1'
Name:  ''
Target:  ''
InnerText:  'Go to Cart'
 ---&gt; System.Runtime.InteropServices.COMException: Exception from HRESULT: 0xF004F002
   at Microsoft.VisualStudio.TestTools.UITest.Playback.Engine.IScreenElement.MouseButtonClick(Int32 x, Int32 y, Int32 nButton, Int32 fEnsureVisible, String bstrKeyModifiers)
   at Microsoft.VisualStudio.TestTools.UITest.Playback.ScreenElement.MouseButtonClick(Int32 x, Int32 y, MouseButtons button, ModifierKeys modifierKeys, Int32 ensureVisible)
   at Microsoft.VisualStudio.TestTools.UITesting.UITestControl.Click(MouseButtons button, ModifierKeys modifierKeys, Point relativeCoordinates)
   --- End of inner exception stack trace ---
   at Microsoft.VisualStudio.TestTools.UITesting.Playback.MapAndThrowComException(COMException innerException, IPlaybackContext context)
   at Microsoft.VisualStudio.TestTools.UITesting.Playback.MapAndThrowException(SystemException exception, IPlaybackContext context)
   at Microsoft.VisualStudio.TestTools.UITesting.Playback.MapAndThrowException(SystemException exception, String actionName, UITestControl uiControl, Point point)
   at Microsoft.VisualStudio.TestTools.UITesting.UITestControl.Click(MouseButtons button, ModifierKeys modifierKeys, Point relativeCoordinates)
   at Microsoft.VisualStudio.TestTools.UITesting.UITestActionExecutorCore.Click(UITestControl control, MouseButtons button, ModifierKeys modifierKeys, Point relativeCoordinate)
   at Microsoft.VisualStudio.TestTools.UITesting.Mouse.ClickImplementation(UITestControl control, MouseButtons button, ModifierKeys modifierKeys, Point relativeCoordinate)
   at Microsoft.VisualStudio.TestTools.UITesting.Mouse.&lt;&gt;c__DisplayClass6.&lt;Click&gt;b__5()
   at Microsoft.VisualStudio.TestTools.UITesting.CodedUITestMethodInvoker.InvokeMethod[T](Func`1 function, UITestControl control, Boolean firePlaybackErrorEvent, Boolean logAsAction)
   at Microsoft.VisualStudio.TestTools.UITesting.Mouse.Click(UITestControl control, MouseButtons button, ModifierKeys modifierKeys, Point relativeCoordinate)
   at Microsoft.VisualStudio.TestTools.UITesting.Mouse.Click(UITestControl control)
   at TestAuto.LoggingAndSharedGenericMethods.MouseClick(UITestControl uiMenuItemTestControl) in c:\Builds\1\WebSphere\QATestAutomation\src\CodedUITest\SourceCode\Common\Logging\SharedMethods_Generic.cs:line 785
&lt;ERROR&gt;[5/15/2018 1:29:51 AM]&lt;Error&gt;AllBrowserWindow : failed executing ...Unable to find Windows Internet Explorer window with 'Shopping Cart - Microsoft Internet Explorer provided by Horizon Hobby' in the title.
&lt;ERROR&gt;[5/15/2018 1:30:22 AM]&lt;Error&gt;AllBrowserWindow : failed executing ...Unable to find Windows Internet Explorer window with 'Shopping Cart - Microsoft Internet Explorer provided by Horizon Hobby' in the title.
&lt;ERROR&gt;[5/15/2018 1:30:32 AM]&lt;ERROR&gt;MouseClick Exception:Microsoft.VisualStudio.TestTools.UITest.Extension.UITestControlNotFoundException: The playback failed to find the control with the given search properties. Additional Details: 
TechnologyName:  'Web'
ControlType:  'Hyperlink'
TagName:  'A'
Id:  'WC_OrderItemDetailsf_links_2_1'
 Failed to find any control that matched the value WC_OrderItemDetailsf_links_2_1 for the search property Id. ---&gt; System.Runtime.InteropServices.COMException: Error HRESULT E_FAIL has been returned from a call to a COM component.
   at Microsoft.VisualStudio.TestTools.UITest.Playback.Engine.IScreenElement.FindAllDescendants(String bstrQueryId, Object&amp; pvarResKeys, Int32 cResKeys, Int32 nMaxDepth)
   at Microsoft.VisualStudio.TestTools.UITest.Playback.ScreenElement.FindAllScreenElement(String queryId, Int32 depth, Boolean singleQueryId, Boolean throwException, Boolean resetSkipStep)
   at Microsoft.VisualStudio.TestTools.UITest.Playback.ScreenElement.FindScreenElement(String queryId, Int32 depth, Boolean resetSkipStep)
   at Microsoft.VisualStudio.TestTools.UITesting.UITestControl.FindFirstDescendant(String queryId, Int32 maxDepth, Int32&amp; timeLeft)
   --- End of inner exception stack trace ---
   at Microsoft.VisualStudio.TestTools.UITesting.Playback.MapControlNotFoundException(COMException ex, IPlaybackContext context)
   at Microsoft.VisualStudio.TestTools.UITesting.Playback.MapAndThrowComException(COMException innerException, IPlaybackContext context)
   at Microsoft.VisualStudio.TestTools.UITesting.Playback.MapAndThrowException(SystemException exception, IPlaybackContext context)
   at Microsoft.VisualStudio.TestTools.UITesting.Playback.MapAndThrowException(SystemException exception, String queryId)
   at Microsoft.VisualStudio.TestTools.UITesting.UITestControl.FindFirstDescendant(String queryId, Int32 maxDepth, Int32&amp; timeLeft)
   at Microsoft.VisualStudio.TestTools.UITesting.SearchHelper.GetUITestControlRecursive(Boolean useCache, Boolean alwaysSearch, ISearchArgument searchArg, IList`1 windowTitles, Int32&amp; timeLeft)
   at Microsoft.VisualStudio.TestTools.UITesting.SearchHelper.GetElement(Boolean useCache, ISearchArgument searchArg)
   at Microsoft.VisualStudio.TestTools.UITesting.SearchHelper.Search(ISearchArgument searchArg)
   at Microsoft.VisualStudio.TestTools.UITesting.UITestControl.FindInternal()
   at Microsoft.VisualStudio.TestTools.UITesting.UITestControl.&lt;Find&gt;b__3a()
   at Microsoft.VisualStudio.TestTools.UITesting.CodedUITestMethodInvoker.InvokeMethod[T](Func`1 function, UITestControl control, Boolean firePlaybackErrorEvent, Boolean logAsAction)
   at Microsoft.VisualStudio.TestTools.UITesting.UITestControl.Find()
   at Microsoft.VisualStudio.TestTools.UITesting.UITestControl.GetPropertyPrivate(String propertyName)
   at Microsoft.VisualStudio.TestTools.UITesting.UITestControl.GetPropertyOfType[T](String propertyName)
   at Microsoft.VisualStudio.TestTools.UITesting.UITestControl.get_Name()
   at TestAuto.LoggingAndSharedGenericMethods.MouseClick(UITestControl uiMenuItemTestControl) in c:\Builds\1\WebSphere\QATestAutomation\src\CodedUITest\SourceCode\Common\Logging\SharedMethods_Generic.cs:line 790
&lt;ERROR&gt;[5/15/2018 1:34:29 AM]&lt;ERROR&gt;BackOrderClick : failed executing ...The playback failed to find the control with the given search properties. Additional Details: 
TechnologyName:  'Web'
ControlType:  'Hyperlink'
TagName:  'A'
Id:  'add2CartBtn'
 Failed to find any control that matched the value add2CartBtn for the search property Id.
&lt;ERROR&gt;[5/15/2018 1:34:46 AM]&lt;ERROR&gt;MouseClick Exception:Microsoft.VisualStudio.TestTools.UITest.Extension.FailedToPerformActionOnHiddenControlException: Cannot perform 'Click' on the hidden control. Additional Details: 
TechnologyName:  'Web'
ControlType:  'Hyperlink'
TagName:  'A'
Id:  'GotoCartButton1'
Name:  ''
Target:  ''
InnerText:  'Go to Cart'
 ---&gt; System.Runtime.InteropServices.COMException: Exception from HRESULT: 0xF004F002
   at Microsoft.VisualStudio.TestTools.UITest.Playback.Engine.IScreenElement.MouseButtonClick(Int32 x, Int32 y, Int32 nButton, Int32 fEnsureVisible, String bstrKeyModifiers)
   at Microsoft.VisualStudio.TestTools.UITest.Playback.ScreenElement.MouseButtonClick(Int32 x, Int32 y, MouseButtons button, ModifierKeys modifierKeys, Int32 ensureVisible)
   at Microsoft.VisualStudio.TestTools.UITesting.UITestControl.Click(MouseButtons button, ModifierKeys modifierKeys, Point relativeCoordinates)
   --- End of inner exception stack trace ---
   at Microsoft.VisualStudio.TestTools.UITesting.Playback.MapAndThrowComException(COMException innerException, IPlaybackContext context)
   at Microsoft.VisualStudio.TestTools.UITesting.Playback.MapAndThrowException(SystemException exception, IPlaybackContext context)
   at Microsoft.VisualStudio.TestTools.UITesting.Playback.MapAndThrowException(SystemException exception, String actionName, UITestControl uiControl, Point point)
   at Microsoft.VisualStudio.TestTools.UITesting.UITestControl.Click(MouseButtons button, ModifierKeys modifierKeys, Point relativeCoordinates)
   at Microsoft.VisualStudio.TestTools.UITesting.UITestActionExecutorCore.Click(UITestControl control, MouseButtons button, ModifierKeys modifierKeys, Point relativeCoordinate)
   at Microsoft.VisualStudio.TestTools.UITesting.Mouse.ClickImplementation(UITestControl control, MouseButtons button, ModifierKeys modifierKeys, Point relativeCoordinate)
   at Microsoft.VisualStudio.TestTools.UITesting.Mouse.&lt;&gt;c__DisplayClass6.&lt;Click&gt;b__5()
   at Microsoft.VisualStudio.TestTools.UITesting.CodedUITestMethodInvoker.InvokeMethod[T](Func`1 function, UITestControl control, Boolean firePlaybackErrorEvent, Boolean logAsAction)
   at Microsoft.VisualStudio.TestTools.UITesting.Mouse.Click(UITestControl control, MouseButtons button, ModifierKeys modifierKeys, Point relativeCoordinate)
   at Microsoft.VisualStudio.TestTools.UITesting.Mouse.Click(UITestControl control)
   at TestAuto.LoggingAndSharedGenericMethods.MouseClick(UITestControl uiMenuItemTestControl) in c:\Builds\1\WebSphere\QATestAutomation\src\CodedUITest\SourceCode\Common\Logging\SharedMethods_Generic.cs:line 785
&lt;ERROR&gt;[5/15/2018 1:35:13 AM]&lt;Error&gt;AllBrowserWindow : failed executing ...Unable to find Windows Internet Explorer window with 'Shopping Cart - Microsoft Internet Explorer provided by Horizon Hobby' in the title.   at TestAuto.LoggingAndSharedGenericMethods.EndTest() in c:\Builds\1\WebSphere\QATestAutomation\src\CodedUITest\SourceCode\Common\Logging\Logging.cs:line 1628
   at TestAuto.CartDisplayTest.TestCleanup() in c:\Builds\1\WebSphere\QATestAutomation\src\CodedUITest\SourceCode\HHobby\CartDisplay\CartDisplay.cs:line 5472
[5/15/2018 1:25:12 AM]&lt;STARTLOG&gt;&lt;AffirmPromotionMessageOnShoppingCartPage&gt;Test Started: Expecting: #PASS=Undefined and #FAIL=0
Running from MTM=True, running on machine name:CMP01-YKUMAR, user name=ykumar, OS=Microsoft Windows NT 6.1.7601 Service Pack 1, Is64BitOS=True[5/15/2018 1:25:13 AM]&lt;INFO&gt;LogCPUAndMemoryUsage: Available Memory = 24717(MB), CPU Usage = 33.05346%[5/15/2018 1:25:13 AM]&lt;INFO&gt;Private Working Set for QTAgent32_40, usage=267092 (K)[5/15/2018 1:25:13 AM]&lt;INFO&gt;Path To TestConfig xml=C:\Users\ykumar\AppData\Local\VSEQT\QTAgent\26974\CMP01-YKUMAR.horizonhobby.com\Deployment\SharedCommonConfig.xml[5/15/2018 1:25:13 AM]&lt;INFO&gt;Path To TestData xml=C:\Users\ykumar\AppData\Local\VSEQT\QTAgent\26974\CMP01-YKUMAR.horizonhobby.com\Deployment\CartDisplayTestData_012512.xml[5/15/2018 1:25:13 AM]&lt;INFO&gt;Path To HorizonHobbyQA Application Url=https://www-tst.horizonhobby.com[5/15/2018 1:25:13 AM]&lt;INFO&gt;HorizonHobbyQA sql connection string=Server=cmp02-ws-tst-db01:50000;Database=TST01DB;UID=wcdbuser;PWD=h0r1z0n;Connect Timeout=30[5/15/2018 1:25:13 AM]&lt;INFO&gt;Country is := US and language id is := '-1'[5/15/2018 1:25:13 AM]&lt;INFO&gt;Current browser used for test execution is = 'IE'[5/15/2018 1:25:17 AM]&lt;Info&gt;AllBrowserWindow : Locating browser window...[5/15/2018 1:25:20 AM]&lt;INFO&gt;SearchProductexecuting ... Searching term:= 'PKZ1870'[5/15/2018 1:25:26 AM]&lt;Info&gt;AllBrowserWindow : Locating browser window...[5/15/2018 1:25:27 AM]&lt;INFO&gt;BackOrderClickexecuting ...[5/15/2018 1:25:31 AM]&lt;INFO&gt;GoToCartClickexecuting ...[5/15/2018 1:25:42 AM]&lt;Info&gt;AllBrowserWindow : Locating browser window...[5/15/2018 1:25:52 AM]&lt;PASS&gt;&lt;AffirmPromotionMessageOnShoppingCartPage&gt;&lt;Validate that Affirm as low as message is displayed &gt;[5/15/2018 1:25:56 AM]&lt;PASS&gt;&lt;AffirmPromotionMessageOnShoppingCartPage&gt;&lt;Validate a popup will appear having details of part payment&gt;[5/15/2018 1:26:01 AM]&lt;INFO&gt;UpdateCartQuantity : executing ... :- 2[5/15/2018 1:26:01 AM]&lt;Info&gt;AllBrowserWindow : Locating browser window...[5/15/2018 1:26:20 AM]&lt;PASS&gt;&lt;AffirmPromotionMessageOnShoppingCartPage&gt;&lt;Validate that Affirm as low as message is displayed when QTY updated&gt;[5/15/2018 1:26:20 AM]&lt;Info&gt;AllBrowserWindow : Locating browser window...[5/15/2018 1:26:36 AM]&lt;INFO&gt;SearchProductexecuting ... Searching term:= 'DYN2516'[5/15/2018 1:26:42 AM]&lt;Info&gt;AllBrowserWindow : Locating browser window...[5/15/2018 1:26:43 AM]&lt;INFO&gt;BackOrderClickexecuting ...[5/15/2018 1:26:46 AM]&lt;INFO&gt;GoToCartClickexecuting ...[5/15/2018 1:26:58 AM]&lt;Info&gt;AllBrowserWindow : Locating browser window...[5/15/2018 1:27:14 AM]&lt;PASS&gt;&lt;AffirmPromotionMessageOnShoppingCartPage&gt;&lt;Validate that Affirm as low as message is not displayed &gt;[5/15/2018 1:27:14 AM]&lt;Info&gt;AllBrowserWindow : Locating browser window...[5/15/2018 1:27:30 AM]&lt;INFO&gt;SearchProductexecuting ... Searching term:= 'EFLA5600'[5/15/2018 1:27:36 AM]&lt;Info&gt;AllBrowserWindow : Locating browser window...[5/15/2018 1:27:59 AM]&lt;Info&gt;AllBrowserWindow : Locating browser window...[5/15/2018 1:28:24 AM]&lt;Info&gt;AllBrowserWindow : Locating browser window...[5/15/2018 1:28:24 AM]&lt;INFO&gt;ClickSearchResultCell : No product found on search page with title ... :- Carbon-Z Float Set[5/15/2018 1:28:24 AM]&lt;CaptureImage&gt;\\CMP01-YKumar\AutoLog\CMP01-YKUMAR\AffirmPromotionMessageOnShoppingCartPage_20180515012824.png[5/15/2018 1:28:52 AM]&lt;INFO&gt;BackOrderClickexecuting ...Assert.Fail failed. [5/15/2018 1:29:07 AM]&lt;ERROR&gt;BackOrderClick : failed executing ...The playback failed to find the control with the given search properties. Additional Details: 
TechnologyName:  'Web'
ControlType:  'Hyperlink'
TagName:  'A'
Id:  'add2CartBtn'
 Failed to find any control that matched the value add2CartBtn for the search property Id., 
    StackTrace:
    BackOrderClick(),SharedProductPage.cs,Line Number:498
    BackOrderClick(),SharedProductPage.cs,Line Number:505
    CommonWorkflowComplete(),SharedApplicationCommon.cs,Line Number:1948
    CommonWorkflowComplete(),SharedApplicationCommon.cs,Line Number:2055
    AffirmPromotionMessageOnShoppingCartPage(),CartDisplay.cs,Line Number:4770[5/15/2018 1:29:07 AM]&lt;CaptureImage&gt;\\CMP01-YKumar\AutoLog\CMP01-YKUMAR\AffirmPromotionMessageOnShoppingCartPage_20180515012907.png[5/15/2018 1:29:10 AM]&lt;INFO&gt;GoToCartClickexecuting ...Assert.Fail failed. [5/15/2018 1:29:23 AM]&lt;ERROR&gt;MouseClick Exception:Microsoft.VisualStudio.TestTools.UITest.Extension.FailedToPerformActionOnHiddenControlException: Cannot perform 'Click' on the hidden control. Additional Details: 
TechnologyName:  'Web'
ControlType:  'Hyperlink'
TagName:  'A'
Id:  'GotoCartButton1'
Name:  ''
Target:  ''
InnerText:  'Go to Cart'
 ---&gt; System.Runtime.InteropServices.COMException: Exception from HRESULT: 0xF004F002
   at Microsoft.VisualStudio.TestTools.UITest.Playback.Engine.IScreenElement.MouseButtonClick(Int32 x, Int32 y, Int32 nButton, Int32 fEnsureVisible, String bstrKeyModifiers)
   at Microsoft.VisualStudio.TestTools.UITest.Playback.ScreenElement.MouseButtonClick(Int32 x, Int32 y, MouseButtons button, ModifierKeys modifierKeys, Int32 ensureVisible)
   at Microsoft.VisualStudio.TestTools.UITesting.UITestControl.Click(MouseButtons button, ModifierKeys modifierKeys, Point relativeCoordinates)
   --- End of inner exception stack trace ---
   at Microsoft.VisualStudio.TestTools.UITesting.Playback.MapAndThrowComException(COMException innerException, IPlaybackContext context)
   at Microsoft.VisualStudio.TestTools.UITesting.Playback.MapAndThrowException(SystemException exception, IPlaybackContext context)
   at Microsoft.VisualStudio.TestTools.UITesting.Playback.MapAndThrowException(SystemException exception, String actionName, UITestControl uiControl, Point point)
   at Microsoft.VisualStudio.TestTools.UITesting.UITestControl.Click(MouseButtons button, ModifierKeys modifierKeys, Point relativeCoordinates)
   at Microsoft.VisualStudio.TestTools.UITesting.UITestActionExecutorCore.Click(UITestControl control, MouseButtons button, ModifierKeys modifierKeys, Point relativeCoordinate)
   at Microsoft.VisualStudio.TestTools.UITesting.Mouse.ClickImplementation(UITestControl control, MouseButtons button, ModifierKeys modifierKeys, Point relativeCoordinate)
   at Microsoft.VisualStudio.TestTools.UITesting.Mouse.&lt;&gt;c__DisplayClass6.&lt;Click&gt;b__5()
   at Microsoft.VisualStudio.TestTools.UITesting.CodedUITestMethodInvoker.InvokeMethod[T](Func`1 function, UITestControl control, Boolean firePlaybackErrorEvent, Boolean logAsAction)
   at Microsoft.VisualStudio.TestTools.UITesting.Mouse.Click(UITestControl control, MouseButtons button, ModifierKeys modifierKeys, Point relativeCoordinate)
   at Microsoft.VisualStudio.TestTools.UITesting.Mouse.Click(UITestControl control)
   at TestAuto.LoggingAndSharedGenericMethods.MouseClick(UITestControl uiMenuItemTestControl) in c:\Builds\1\WebSphere\QATestAutomation\src\CodedUITest\SourceCode\Common\Logging\SharedMethods_Generic.cs:line 785, 
    StackTrace:
    MouseClick(),SharedMethods_Generic.cs,Line Number:822
    GoToCartClick(),SharedCartPopUp.cs,Line Number:129
    CommonWorkflowComplete(),SharedApplicationCommon.cs,Line Number:1956
    CommonWorkflowComplete(),SharedApplicationCommon.cs,Line Number:2055
    AffirmPromotionMessageOnShoppingCartPage(),CartDisplay.cs,Line Number:4770[5/15/2018 1:29:23 AM]&lt;CaptureImage&gt;\\CMP01-YKumar\AutoLog\CMP01-YKUMAR\AffirmPromotionMessageOnShoppingCartPage_20180515012923.png[5/15/2018 1:29:23 AM]&lt;INFO&gt;ContinueOnCertificationErrorClickexecuting ...[5/15/2018 1:29:28 AM]&lt;Info&gt;AllBrowserWindow : Locating browser window...Assert.Fail failed. [5/15/2018 1:29:51 AM]&lt;Error&gt;AllBrowserWindow : failed executing ...Unable to find Windows Internet Explorer window with 'Shopping Cart - Microsoft Internet Explorer provided by Horizon Hobby' in the title., 
    StackTrace:
    AllBrowserWindow(),SharedBorderFree.cs,Line Number:1037
    AffirmPromotionMessageOnShoppingCartPage(),CartDisplay.cs,Line Number:4774[5/15/2018 1:29:51 AM]&lt;CaptureImage&gt;\\CMP01-YKumar\AutoLog\CMP01-YKUMAR\AffirmPromotionMessageOnShoppingCartPage_20180515012951.png[5/15/2018 1:29:59 AM]&lt;PASS&gt;&lt;AffirmPromotionMessageOnShoppingCartPage&gt;&lt;Validate that Affirm as low as message is not displayed &gt;[5/15/2018 1:29:59 AM]&lt;Info&gt;AllBrowserWindow : Locating browser window...Assert.Fail failed. [5/15/2018 1:30:22 AM]&lt;Error&gt;AllBrowserWindow : failed executing ...Unable to find Windows Internet Explorer window with 'Shopping Cart - Microsoft Internet Explorer provided by Horizon Hobby' in the title., 
    StackTrace:
    AllBrowserWindow(),SharedBorderFree.cs,Line Number:1037
    RemoveSingleItemFromCart(),SharedShoppingCart.cs,Line Number:402
    RemoveSingleItemFromCart(),SharedShoppingCart.cs,Line Number:447
    AffirmPromotionMessageOnShoppingCartPage(),CartDisplay.cs,Line Number:4798[5/15/2018 1:30:22 AM]&lt;CaptureImage&gt;\\CMP01-YKumar\AutoLog\CMP01-YKUMAR\AffirmPromotionMessageOnShoppingCartPage_20180515013022.pngAssert.Fail failed. [5/15/2018 1:30:32 AM]&lt;ERROR&gt;MouseClick Exception:Microsoft.VisualStudio.TestTools.UITest.Extension.UITestControlNotFoundException: The playback failed to find the control with the given search properties. Additional Details: 
TechnologyName:  'Web'
ControlType:  'Hyperlink'
TagName:  'A'
Id:  'WC_OrderItemDetailsf_links_2_1'
 Failed to find any control that matched the value WC_OrderItemDetailsf_links_2_1 for the search property Id. ---&gt; System.Runtime.InteropServices.COMException: Error HRESULT E_FAIL has been returned from a call to a COM component.
   at Microsoft.VisualStudio.TestTools.UITest.Playback.Engine.IScreenElement.FindAllDescendants(String bstrQueryId, Object&amp; pvarResKeys, Int32 cResKeys, Int32 nMaxDepth)
   at Microsoft.VisualStudio.TestTools.UITest.Playback.ScreenElement.FindAllScreenElement(String queryId, Int32 depth, Boolean singleQueryId, Boolean throwException, Boolean resetSkipStep)
   at Microsoft.VisualStudio.TestTools.UITest.Playback.ScreenElement.FindScreenElement(String queryId, Int32 depth, Boolean resetSkipStep)
   at Microsoft.VisualStudio.TestTools.UITesting.UITestControl.FindFirstDescendant(String queryId, Int32 maxDepth, Int32&amp; timeLeft)
   --- End of inner exception stack trace ---
   at Microsoft.VisualStudio.TestTools.UITesting.Playback.MapControlNotFoundException(COMException ex, IPlaybackContext context)
   at Microsoft.VisualStudio.TestTools.UITesting.Playback.MapAndThrowComException(COMException innerException, IPlaybackContext context)
   at Microsoft.VisualStudio.TestTools.UITesting.Playback.MapAndThrowException(SystemException exception, IPlaybackContext context)
   at Microsoft.VisualStudio.TestTools.UITesting.Playback.MapAndThrowException(SystemException exception, String queryId)
   at Microsoft.VisualStudio.TestTools.UITesting.UITestControl.FindFirstDescendant(String queryId, Int32 maxDepth, Int32&amp; timeLeft)
   at Microsoft.VisualStudio.TestTools.UITesting.SearchHelper.GetUITestControlRecursive(Boolean useCache, Boolean alwaysSearch, ISearchArgument searchArg, IList`1 windowTitles, Int32&amp; timeLeft)
   at Microsoft.VisualStudio.TestTools.UITesting.SearchHelper.GetElement(Boolean useCache, ISearchArgument searchArg)
   at Microsoft.VisualStudio.TestTools.UITesting.SearchHelper.Search(ISearchArgument searchArg)
   at Microsoft.VisualStudio.TestTools.UITesting.UITestControl.FindInternal()
   at Microsoft.VisualStudio.TestTools.UITesting.UITestControl.&lt;Find&gt;b__3a()
   at Microsoft.VisualStudio.TestTools.UITesting.CodedUITestMethodInvoker.InvokeMethod[T](Func`1 function, UITestControl control, Boolean firePlaybackErrorEvent, Boolean logAsAction)
   at Microsoft.VisualStudio.TestTools.UITesting.UITestControl.Find()
   at Microsoft.VisualStudio.TestTools.UITesting.UITestControl.GetPropertyPrivate(String propertyName)
   at Microsoft.VisualStudio.TestTools.UITesting.UITestControl.GetPropertyOfType[T](String propertyName)
   at Microsoft.VisualStudio.TestTools.UITesting.UITestControl.get_Name()
   at TestAuto.LoggingAndSharedGenericMethods.MouseClick(UITestControl uiMenuItemTestControl) in c:\Builds\1\WebSphere\QATestAutomation\src\CodedUITest\SourceCode\Common\Logging\SharedMethods_Generic.cs:line 790, 
    StackTrace:
    MouseClick(),SharedMethods_Generic.cs,Line Number:822
    RemoveSingleItemFromCart(),SharedShoppingCart.cs,Line Number:441
    RemoveSingleItemFromCart(),SharedShoppingCart.cs,Line Number:447
    AffirmPromotionMessageOnShoppingCartPage(),CartDisplay.cs,Line Number:4798[5/15/2018 1:30:32 AM]&lt;CaptureImage&gt;\\CMP01-YKumar\AutoLog\CMP01-YKUMAR\AffirmPromotionMessageOnShoppingCartPage_20180515013032.png[5/15/2018 1:30:39 AM]&lt;INFO&gt;System.Data.DataTable GetProductConditional(ProductStockStatusType, PriceCondition, System.String, System.String, System.String, System.String, System.String, System.String, Boolean) : No record found for price condition - 'PriceRange-&gt; 50-100' ; and stock condition - 'PreOrder'[5/15/2018 1:30:39 AM]&lt;INFO&gt;SearchProductexecuting ... Searching term:= 'SAI72BGK17'[5/15/2018 1:30:48 AM]&lt;Info&gt;AllBrowserWindow : Locating browser window...[5/15/2018 1:31:11 AM]&lt;Info&gt;AllBrowserWindow : Locating browser window...[5/15/2018 1:33:45 AM]&lt;Info&gt;AllBrowserWindow : Locating browser window...[5/15/2018 1:33:45 AM]&lt;INFO&gt;ClickSearchResultCell : No product found on search page with title ... :- FA-2B GK Rear Cover[5/15/2018 1:33:45 AM]&lt;CaptureImage&gt;\\CMP01-YKumar\AutoLog\CMP01-YKUMAR\AffirmPromotionMessageOnShoppingCartPage_20180515013345.png[5/15/2018 1:34:12 AM]&lt;INFO&gt;BackOrderClickexecuting ...Assert.Fail failed. [5/15/2018 1:34:29 AM]&lt;ERROR&gt;BackOrderClick : failed executing ...The playback failed to find the control with the given search properties. Additional Details: 
TechnologyName:  'Web'
ControlType:  'Hyperlink'
TagName:  'A'
Id:  'add2CartBtn'
 Failed to find any control that matched the value add2CartBtn for the search property Id., 
    StackTrace:
    BackOrderClick(),SharedProductPage.cs,Line Number:498
    BackOrderClick(),SharedProductPage.cs,Line Number:505
    CommonWorkflowComplete(),SharedApplicationCommon.cs,Line Number:1948
    CommonWorkflowComplete(),SharedApplicationCommon.cs,Line Number:2055
    AffirmPromotionMessageOnShoppingCartPage(),CartDisplay.cs,Line Number:4803[5/15/2018 1:34:29 AM]&lt;CaptureImage&gt;\\CMP01-YKumar\AutoLog\CMP01-YKUMAR\AffirmPromotionMessageOnShoppingCartPage_20180515013429.png[5/15/2018 1:34:32 AM]&lt;INFO&gt;GoToCartClickexecuting ...Assert.Fail failed. [5/15/2018 1:34:46 AM]&lt;ERROR&gt;MouseClick Exception:Microsoft.VisualStudio.TestTools.UITest.Extension.FailedToPerformActionOnHiddenControlException: Cannot perform 'Click' on the hidden control. Additional Details: 
TechnologyName:  'Web'
ControlType:  'Hyperlink'
TagName:  'A'
Id:  'GotoCartButton1'
Name:  ''
Target:  ''
InnerText:  'Go to Cart'
 ---&gt; System.Runtime.InteropServices.COMException: Exception from HRESULT: 0xF004F002
   at Microsoft.VisualStudio.TestTools.UITest.Playback.Engine.IScreenElement.MouseButtonClick(Int32 x, Int32 y, Int32 nButton, Int32 fEnsureVisible, String bstrKeyModifiers)
   at Microsoft.VisualStudio.TestTools.UITest.Playback.ScreenElement.MouseButtonClick(Int32 x, Int32 y, MouseButtons button, ModifierKeys modifierKeys, Int32 ensureVisible)
   at Microsoft.VisualStudio.TestTools.UITesting.UITestControl.Click(MouseButtons button, ModifierKeys modifierKeys, Point relativeCoordinates)
   --- End of inner exception stack trace ---
   at Microsoft.VisualStudio.TestTools.UITesting.Playback.MapAndThrowComException(COMException innerException, IPlaybackContext context)
   at Microsoft.VisualStudio.TestTools.UITesting.Playback.MapAndThrowException(SystemException exception, IPlaybackContext context)
   at Microsoft.VisualStudio.TestTools.UITesting.Playback.MapAndThrowException(SystemException exception, String actionName, UITestControl uiControl, Point point)
   at Microsoft.VisualStudio.TestTools.UITesting.UITestControl.Click(MouseButtons button, ModifierKeys modifierKeys, Point relativeCoordinates)
   at Microsoft.VisualStudio.TestTools.UITesting.UITestActionExecutorCore.Click(UITestControl control, MouseButtons button, ModifierKeys modifierKeys, Point relativeCoordinate)
   at Microsoft.VisualStudio.TestTools.UITesting.Mouse.ClickImplementation(UITestControl control, MouseButtons button, ModifierKeys modifierKeys, Point relativeCoordinate)
   at Microsoft.VisualStudio.TestTools.UITesting.Mouse.&lt;&gt;c__DisplayClass6.&lt;Click&gt;b__5()
   at Microsoft.VisualStudio.TestTools.UITesting.CodedUITestMethodInvoker.InvokeMethod[T](Func`1 function, UITestControl control, Boolean firePlaybackErrorEvent, Boolean logAsAction)
   at Microsoft.VisualStudio.TestTools.UITesting.Mouse.Click(UITestControl control, MouseButtons button, ModifierKeys modifierKeys, Point relativeCoordinate)
   at Microsoft.VisualStudio.TestTools.UITesting.Mouse.Click(UITestControl control)
   at TestAuto.LoggingAndSharedGenericMethods.MouseClick(UITestControl uiMenuItemTestControl) in c:\Builds\1\WebSphere\QATestAutomation\src\CodedUITest\SourceCode\Common\Logging\SharedMethods_Generic.cs:line 785, 
    StackTrace:
    MouseClick(),SharedMethods_Generic.cs,Line Number:822
    GoToCartClick(),SharedCartPopUp.cs,Line Number:129
    CommonWorkflowComplete(),SharedApplicationCommon.cs,Line Number:1956
    CommonWorkflowComplete(),SharedApplicationCommon.cs,Line Number:2055
    AffirmPromotionMessageOnShoppingCartPage(),CartDisplay.cs,Line Number:4803[5/15/2018 1:34:46 AM]&lt;CaptureImage&gt;\\CMP01-YKumar\AutoLog\CMP01-YKUMAR\AffirmPromotionMessageOnShoppingCartPage_20180515013446.png[5/15/2018 1:34:46 AM]&lt;INFO&gt;ContinueOnCertificationErrorClickexecuting ...[5/15/2018 1:34:51 AM]&lt;Info&gt;AllBrowserWindow : Locating browser window...Assert.Fail failed. [5/15/2018 1:35:13 AM]&lt;Error&gt;AllBrowserWindow : failed executing ...Unable to find Windows Internet Explorer window with 'Shopping Cart - Microsoft Internet Explorer provided by Horizon Hobby' in the title., 
    StackTrace:
    AllBrowserWindow(),SharedBorderFree.cs,Line Number:1037
    AffirmPromotionMessageOnShoppingCartPage(),CartDisplay.cs,Line Number:4807[5/15/2018 1:35:13 AM]&lt;CaptureImage&gt;\\CMP01-YKumar\AutoLog\CMP01-YKUMAR\AffirmPromotionMessageOnShoppingCartPage_20180515013513.png[5/15/2018 1:35:23 AM]&lt;PASS&gt;&lt;AffirmPromotionMessageOnShoppingCartPage&gt;&lt;Validate that Affirm as low as message is not displayed &gt;[5/15/2018 1:35:23 AM]&lt;RESULT&gt;Test Ended:#PASS=6, #FAIL=0,#Other errors=8[5/15/2018 1:35:24 AM]&lt;INFO&gt;LogCPUAndMemoryUsage: Available Memory = 25152(MB), CPU Usage = 0.8435165%[5/15/2018 1:35:24 AM]&lt;INFO&gt;Private Working Set for QTAgent32_40, usage=268568 (K)[5/15/2018 1:35:24 AM]&lt;RESULT&gt;&lt;AffirmPromotionMessageOnShoppingCartPage&gt; Test FAILED: #Other errors=8. See Error Message/logs for further details.</StdOut>
        <ErrorInfo>
          <Message>Assert.Fail failed. 
#Other errors=8
[Error details below]
&lt;ERROR&gt;[5/15/2018 1:29:07 AM]&lt;ERROR&gt;BackOrderClick : failed executing ...The playback failed to find the control with the given search properties. Additional Details: 
TechnologyName:  'Web'
ControlType:  'Hyperlink'
TagName:  'A'
Id:  'add2CartBtn'
 Failed to find any control that matched the value add2CartBtn for the search property Id.
&lt;ERROR&gt;[5/15/2018 1:29:23 AM]&lt;ERROR&gt;MouseClick Exception:Microsoft.VisualStudio.TestTools.UITest.Extension.FailedToPerformActionOnHiddenControlException: Cannot perform 'Click' on the hidden control. Additional Details: 
TechnologyName:  'Web'
ControlType:  'Hyperlink'
TagName:  'A'
Id:  'GotoCartButton1'
Name:  ''
Target:  ''
InnerText:  'Go to Cart'
 ---&gt; System.Runtime.InteropServices.COMException: Exception from HRESULT: 0xF004F002
   at Microsoft.VisualStudio.TestTools.UITest.Playback.Engine.IScreenElement.MouseButtonClick(Int32 x, Int32 y, Int32 nButton, Int32 fEnsureVisible, String bstrKeyModifiers)
   at Microsoft.VisualStudio.TestTools.UITest.Playback.ScreenElement.MouseButtonClick(Int32 x, Int32 y, MouseButtons button, ModifierKeys modifierKeys, Int32 ensureVisible)
   at Microsoft.VisualStudio.TestTools.UITesting.UITestControl.Click(MouseButtons button, ModifierKeys modifierKeys, Point relativeCoordinates)
   --- End of inner exception stack trace ---
   at Microsoft.VisualStudio.TestTools.UITesting.Playback.MapAndThrowComException(COMException innerException, IPlaybackContext context)
   at Microsoft.VisualStudio.TestTools.UITesting.Playback.MapAndThrowException(SystemException exception, IPlaybackContext context)
   at Microsoft.VisualStudio.TestTools.UITesting.Playback.MapAndThrowException(SystemException exception, String actionName, UITestControl uiControl, Point point)
   at Microsoft.VisualStudio.TestTools.UITesting.UITestControl.Click(MouseButtons button, ModifierKeys modifierKeys, Point relativeCoordinates)
   at Microsoft.VisualStudio.TestTools.UITesting.UITestActionExecutorCore.Click(UITestControl control, MouseButtons button, ModifierKeys modifierKeys, Point relativeCoordinate)
   at Microsoft.VisualStudio.TestTools.UITesting.Mouse.ClickImplementation(UITestControl control, MouseButtons button, ModifierKeys modifierKeys, Point relativeCoordinate)
   at Microsoft.VisualStudio.TestTools.UITesting.Mouse.&lt;&gt;c__DisplayClass6.&lt;Click&gt;b__5()
   at Microsoft.VisualStudio.TestTools.UITesting.CodedUITestMethodInvoker.InvokeMethod[T](Func`1 function, UITestControl control, Boolean firePlaybackErrorEvent, Boolean logAsAction)
   at Microsoft.VisualStudio.TestTools.UITesting.Mouse.Click(UITestControl control, MouseButtons button, ModifierKeys modifierKeys, Point relativeCoordinate)
   at Microsoft.VisualStudio.TestTools.UITesting.Mouse.Click(UITestControl control)
   at TestAuto.LoggingAndSharedGenericMethods.MouseClick(UITestControl uiMenuItemTestControl) in c:\Builds\1\WebSphere\QATestAutomation\src\CodedUITest\SourceCode\Common\Logging\SharedMethods_Generic.cs:line 785
&lt;ERROR&gt;[5/15/2018 1:29:51 AM]&lt;Error&gt;AllBrowserWindow : failed executing ...Unable to find Windows Internet Explorer window with 'Shopping Cart - Microsoft Internet Explorer provided by Horizon Hobby' in the title.
&lt;ERROR&gt;[5/15/2018 1:30:22 AM]&lt;Error&gt;AllBrowserWindow : failed executing ...Unable to find Windows Internet Explorer window with 'Shopping Cart - Microsoft Internet Explorer provided by Horizon Hobby' in the title.
&lt;ERROR&gt;[5/15/2018 1:30:32 AM]&lt;ERROR&gt;MouseClick Exception:Microsoft.VisualStudio.TestTools.UITest.Extension.UITestControlNotFoundException: The playback failed to find the control with the given search properties. Additional Details: 
TechnologyName:  'Web'
ControlType:  'Hyperlink'
TagName:  'A'
Id:  'WC_OrderItemDetailsf_links_2_1'
 Failed to find any control that matched the value WC_OrderItemDetailsf_links_2_1 for the search property Id. ---&gt; System.Runtime.InteropServices.COMException: Error HRESULT E_FAIL has been returned from a call to a COM component.
   at Microsoft.VisualStudio.TestTools.UITest.Playback.Engine.IScreenElement.FindAllDescendants(String bstrQueryId, Object&amp; pvarResKeys, Int32 cResKeys, Int32 nMaxDepth)
   at Microsoft.VisualStudio.TestTools.UITest.Playback.ScreenElement.FindAllScreenElement(String queryId, Int32 depth, Boolean singleQueryId, Boolean throwException, Boolean resetSkipStep)
   at Microsoft.VisualStudio.TestTools.UITest.Playback.ScreenElement.FindScreenElement(String queryId, Int32 depth, Boolean resetSkipStep)
   at Microsoft.VisualStudio.TestTools.UITesting.UITestControl.FindFirstDescendant(String queryId, Int32 maxDepth, Int32&amp; timeLeft)
   --- End of inner exception stack trace ---
   at Microsoft.VisualStudio.TestTools.UITesting.Playback.MapControlNotFoundException(COMException ex, IPlaybackContext context)
   at Microsoft.VisualStudio.TestTools.UITesting.Playback.MapAndThrowComException(COMException innerException, IPlaybackContext context)
   at Microsoft.VisualStudio.TestTools.UITesting.Playback.MapAndThrowException(SystemException exception, IPlaybackContext context)
   at Microsoft.VisualStudio.TestTools.UITesting.Playback.MapAndThrowException(SystemException exception, String queryId)
   at Microsoft.VisualStudio.TestTools.UITesting.UITestControl.FindFirstDescendant(String queryId, Int32 maxDepth, Int32&amp; timeLeft)
   at Microsoft.VisualStudio.TestTools.UITesting.SearchHelper.GetUITestControlRecursive(Boolean useCache, Boolean alwaysSearch, ISearchArgument searchArg, IList`1 windowTitles, Int32&amp; timeLeft)
   at Microsoft.VisualStudio.TestTools.UITesting.SearchHelper.GetElement(Boolean useCache, ISearchArgument searchArg)
   at Microsoft.VisualStudio.TestTools.UITesting.SearchHelper.Search(ISearchArgument searchArg)
   at Microsoft.VisualStudio.TestTools.UITesting.UITestControl.FindInternal()
   at Microsoft.VisualStudio.TestTools.UITesting.UITestControl.&lt;Find&gt;b__3a()
   at Microsoft.VisualStudio.TestTools.UITesting.CodedUITestMethodInvoker.InvokeMethod[T](Func`1 function, UITestControl control, Boolean firePlaybackErrorEvent, Boolean logAsAction)
   at Microsoft.VisualStudio.TestTools.UITesting.UITestControl.Find()
   at Microsoft.VisualStudio.TestTools.UITesting.UITestControl.GetPropertyPrivate(String propertyName)
   at Microsoft.VisualStudio.TestTools.UITesting.UITestControl.GetPropertyOfType[T](String propertyName)
   at Microsoft.VisualStudio.TestTools.UITesting.UITestControl.get_Name()
   at TestAuto.LoggingAndSharedGenericMethods.MouseClick(UITestControl uiMenuItemTestControl) in c:\Builds\1\WebSphere\QATestAutomation\src\CodedUITest\SourceCode\Common\Logging\SharedMethods_Generic.cs:line 790
&lt;ERROR&gt;[5/15/2018 1:34:29 AM]&lt;ERROR&gt;BackOrderClick : failed executing ...The playback failed to find the control with the given search properties. Additional Details: 
TechnologyName:  'Web'
ControlType:  'Hyperlink'
TagName:  'A'
Id:  'add2CartBtn'
 Failed to find any control that matched the value add2CartBtn for the search property Id.
&lt;ERROR&gt;[5/15/2018 1:34:46 AM]&lt;ERROR&gt;MouseClick Exception:Microsoft.VisualStudio.TestTools.UITest.Extension.FailedToPerformActionOnHiddenControlException: Cannot perform 'Click' on the hidden control. Additional Details: 
TechnologyName:  'Web'
ControlType:  'Hyperlink'
TagName:  'A'
Id:  'GotoCartButton1'
Name:  ''
Target:  ''
InnerText:  'Go to Cart'
 ---&gt; System.Runtime.InteropServices.COMException: Exception from HRESULT: 0xF004F002
   at Microsoft.VisualStudio.TestTools.UITest.Playback.Engine.IScreenElement.MouseButtonClick(Int32 x, Int32 y, Int32 nButton, Int32 fEnsureVisible, String bstrKeyModifiers)
   at Microsoft.VisualStudio.TestTools.UITest.Playback.ScreenElement.MouseButtonClick(Int32 x, Int32 y, MouseButtons button, ModifierKeys modifierKeys, Int32 ensureVisible)
   at Microsoft.VisualStudio.TestTools.UITesting.UITestControl.Click(MouseButtons button, ModifierKeys modifierKeys, Point relativeCoordinates)
   --- End of inner exception stack trace ---
   at Microsoft.VisualStudio.TestTools.UITesting.Playback.MapAndThrowComException(COMException innerException, IPlaybackContext context)
   at Microsoft.VisualStudio.TestTools.UITesting.Playback.MapAndThrowException(SystemException exception, IPlaybackContext context)
   at Microsoft.VisualStudio.TestTools.UITesting.Playback.MapAndThrowException(SystemException exception, String actionName, UITestControl uiControl, Point point)
   at Microsoft.VisualStudio.TestTools.UITesting.UITestControl.Click(MouseButtons button, ModifierKeys modifierKeys, Point relativeCoordinates)
   at Microsoft.VisualStudio.TestTools.UITesting.UITestActionExecutorCore.Click(UITestControl control, MouseButtons button, ModifierKeys modifierKeys, Point relativeCoordinate)
   at Microsoft.VisualStudio.TestTools.UITesting.Mouse.ClickImplementation(UITestControl control, MouseButtons button, ModifierKeys modifierKeys, Point relativeCoordinate)
   at Microsoft.VisualStudio.TestTools.UITesting.Mouse.&lt;&gt;c__DisplayClass6.&lt;Click&gt;b__5()
   at Microsoft.VisualStudio.TestTools.UITesting.CodedUITestMethodInvoker.InvokeMethod[T](Func`1 function, UITestControl control, Boolean firePlaybackErrorEvent, Boolean logAsAction)
   at Microsoft.VisualStudio.TestTools.UITesting.Mouse.Click(UITestControl control, MouseButtons button, ModifierKeys modifierKeys, Point relativeCoordinate)
   at Microsoft.VisualStudio.TestTools.UITesting.Mouse.Click(UITestControl control)
   at TestAuto.LoggingAndSharedGenericMethods.MouseClick(UITestControl uiMenuItemTestControl) in c:\Builds\1\WebSphere\QATestAutomation\src\CodedUITest\SourceCode\Common\Logging\SharedMethods_Generic.cs:line 785
&lt;ERROR&gt;[5/15/2018 1:35:13 AM]&lt;Error&gt;AllBrowserWindow : failed executing ...Unable to find Windows Internet Explorer window with 'Shopping Cart - Microsoft Internet Explorer provided by Horizon Hobby' in the title.</Message>
          <StackTrace>   at TestAuto.LoggingAndSharedGenericMethods.EndTest() in c:\Builds\1\WebSphere\QATestAutomation\src\CodedUITest\SourceCode\Common\Logging\Logging.cs:line 1628
   at TestAuto.CartDisplayTest.TestCleanup() in c:\Builds\1\WebSphere\QATestAutomation\src\CodedUITest\SourceCode\HHobby\CartDisplay\CartDisplay.cs:line 5472
</StackTrace>
        </ErrorInfo>
      </Output>
      <ResultFiles>
        <ResultFile path="CMP01-YKUMAR.horizonhobby.com\AffirmPromotionMessageOnShoppingCartPage_20180515012512.log" />
        <ResultFile path="CMP01-YKUMAR.horizonhobby.com\AffirmPromotionMessageOnShoppingCartPage_20180515012824.png" />
        <ResultFile path="CMP01-YKUMAR.horizonhobby.com\AffirmPromotionMessageOnShoppingCartPage_20180515012907.png" />
        <ResultFile path="CMP01-YKUMAR.horizonhobby.com\AffirmPromotionMessageOnShoppingCartPage_20180515012923.png" />
        <ResultFile path="CMP01-YKUMAR.horizonhobby.com\AffirmPromotionMessageOnShoppingCartPage_20180515012951.png" />
        <ResultFile path="CMP01-YKUMAR.horizonhobby.com\AffirmPromotionMessageOnShoppingCartPage_20180515013022.png" />
        <ResultFile path="CMP01-YKUMAR.horizonhobby.com\AffirmPromotionMessageOnShoppingCartPage_20180515013032.png" />
        <ResultFile path="CMP01-YKUMAR.horizonhobby.com\AffirmPromotionMessageOnShoppingCartPage_20180515013345.png" />
        <ResultFile path="CMP01-YKUMAR.horizonhobby.com\AffirmPromotionMessageOnShoppingCartPage_20180515013429.png" />
        <ResultFile path="CMP01-YKUMAR.horizonhobby.com\AffirmPromotionMessageOnShoppingCartPage_20180515013446.png" />
        <ResultFile path="CMP01-YKUMAR.horizonhobby.com\AffirmPromotionMessageOnShoppingCartPage_20180515013513.png" />
        <ResultFile path="CMP01-YKUMAR.horizonhobby.com\AffirmPromotionMessageOnShoppingCartPage_ResultsONLY_20180515012512.log" />
        <ResultFile path="CMP01-YKUMAR.horizonhobby.com\CartDisplayTestData_012512.xml" />
        <ResultFile path="CMP01-YKUMAR.horizonhobby.com\SharedCommonConfig.xml" />
      </ResultFiles>
    </UnitTestResult>
    <UnitTestResult executionId="dfcdf7da-28f8-4a13-a691-590a754a1101" testId="dde6b755-fcb2-dc1a-cc9e-5654c102de21" testName="HRCCRewardProfileDetails" computerName="CMP01-YKUMAR" duration="00:03:05.7798407" startTime="2018-05-15T01:35:26.9162310-05:00" endTime="2018-05-15T01:38:32.7032310-05:00" testType="13cdc9d9-ddb5-4fa4-a97d-d965ccfc6d4b" outcome="Passed" testListId="8c84fa94-04c1-424b-9868-57a2d4851a1d">
      <Output>
        <StdOut>Logging to custom path:\\CMP01-YKumar\AutoLog[5/15/2018 1:35:26 AM]&lt;STARTLOG&gt;&lt;HRCCRewardProfileDetails&gt;Test Started: Expecting: #PASS=Undefined and #FAIL=0
Running from MTM=True, running on machine name:CMP01-YKUMAR, user name=ykumar, OS=Microsoft Windows NT 6.1.7601 Service Pack 1, Is64BitOS=True[5/15/2018 1:35:27 AM]&lt;INFO&gt;LogCPUAndMemoryUsage: Available Memory = 25190(MB), CPU Usage = 33.13138%[5/15/2018 1:35:27 AM]&lt;INFO&gt;Private Working Set for QTAgent32_40, usage=268668 (K)[5/15/2018 1:35:28 AM]&lt;INFO&gt;Path To TestConfig xml=C:\Users\ykumar\AppData\Local\VSEQT\QTAgent\26974\CMP01-YKUMAR.horizonhobby.com\Deployment\SharedCommonConfig.xml[5/15/2018 1:35:28 AM]&lt;INFO&gt;Path To TestData xml=C:\Users\ykumar\AppData\Local\VSEQT\QTAgent\26974\CMP01-YKUMAR.horizonhobby.com\Deployment\MyAccountTestData_013526.xml[5/15/2018 1:35:28 AM]&lt;INFO&gt;Path To HorizonHobbyQA Application Url=https://www-tst.horizonhobby.com[5/15/2018 1:35:28 AM]&lt;INFO&gt;HorizonHobbyQA sql connection string=Server=cmp02-ws-tst-db01:50000;Database=TST01DB;UID=wcdbuser;PWD=h0r1z0n;Connect Timeout=30[5/15/2018 1:35:28 AM]&lt;INFO&gt;Country is := US and language id is := '-1'[5/15/2018 1:35:28 AM]&lt;INFO&gt;Current browser used for test execution is = 'IE'[5/15/2018 1:35:32 AM]&lt;INFO&gt;SurveyWindow : method executing ...[5/15/2018 1:35:38 AM]&lt;INFO&gt;ContinueOnCertificationErrorClickexecuting ...[5/15/2018 1:35:38 AM]&lt;Info&gt;DEAllBrowserWindow : Locating browser window...[5/15/2018 1:35:42 AM]&lt;INFO&gt;UserRegistration : method executing ...[5/15/2018 1:35:42 AM]&lt;Info&gt;AllBrowserWindow : Locating browser window...[5/15/2018 1:36:03 AM]&lt;Info&gt;AllBrowserWindow : Locating browser window...[5/15/2018 1:36:18 AM]&lt;INFO&gt;TopGlobalMenuClickexecuting ...MyAccount[5/15/2018 1:36:19 AM]&lt;Info&gt;AllBrowserWindow : Locating browser window...[5/15/2018 1:36:19 AM]&lt;Info&gt;AllBrowserWindow : Locating browser window...[5/15/2018 1:36:23 AM]&lt;Info&gt;AllBrowserWindow : Locating browser window...[5/15/2018 1:36:29 AM]&lt;Info&gt;AllBrowserWindow : Locating browser window...[5/15/2018 1:36:29 AM]&lt;Info&gt;AllBrowserWindow : Locating browser window...[5/15/2018 1:36:32 AM]&lt;Info&gt;AllBrowserWindow : Locating browser window...[5/15/2018 1:36:33 AM]&lt;PASS&gt;&lt;HRCCRewardProfileDetails&gt;&lt;Validate that Reward Id# is displayed in the Record&gt;[5/15/2018 1:36:33 AM]&lt;PASS&gt;&lt;HRCCRewardProfileDetails&gt;&lt;validate that User Email is displayed&gt;[5/15/2018 1:36:33 AM]&lt;PASS&gt;&lt;HRCCRewardProfileDetails&gt;&lt;Validate that User Address is displayed&gt;[5/15/2018 1:36:33 AM]&lt;PASS&gt;&lt;HRCCRewardProfileDetails&gt;&lt;Validate that Phone Number is displayed&gt;[5/15/2018 1:36:34 AM]&lt;Info&gt;AllBrowserWindow : Locating browser window...[5/15/2018 1:36:41 AM]&lt;PASS&gt;&lt;HRCCRewardProfileDetails&gt;&lt;Validate that The Email address field cannot be empty.&gt;[5/15/2018 1:36:46 AM]&lt;PASS&gt;&lt;HRCCRewardProfileDetails&gt;&lt;Validate that User is not able to update invalid Email Format&gt;[5/15/2018 1:37:02 AM]&lt;Info&gt;AllBrowserWindow : Locating browser window...[5/15/2018 1:37:03 AM]&lt;PASS&gt;&lt;HRCCRewardProfileDetails&gt;&lt;Validate that User is not able to update invalid Email Format&gt;[5/15/2018 1:37:04 AM]&lt;Info&gt;AllBrowserWindow : Locating browser window...[5/15/2018 1:37:11 AM]&lt;PASS&gt;&lt;HRCCRewardProfileDetails&gt;&lt;Validate that User address field cannot be empty.&gt;[5/15/2018 1:37:27 AM]&lt;Info&gt;AllBrowserWindow : Locating browser window...[5/15/2018 1:37:28 AM]&lt;PASS&gt;&lt;HRCCRewardProfileDetails&gt;&lt;validate that User Address is updated successfully&gt;[5/15/2018 1:37:28 AM]&lt;Info&gt;AllBrowserWindow : Locating browser window...[5/15/2018 1:37:36 AM]&lt;PASS&gt;&lt;HRCCRewardProfileDetails&gt;&lt;Validate that User Phone field cannot be empty.&gt;[5/15/2018 1:37:37 AM]&lt;PASS&gt;&lt;HRCCRewardProfileDetails&gt;&lt;Validate that User is able to Update the Phone Number with max 15 length&gt;[5/15/2018 1:37:44 AM]&lt;PASS&gt;&lt;HRCCRewardProfileDetails&gt;&lt;Validate that User Phone field cannot be empty.&gt;[5/15/2018 1:38:00 AM]&lt;Info&gt;AllBrowserWindow : Locating browser window...[5/15/2018 1:38:00 AM]&lt;PASS&gt;&lt;HRCCRewardProfileDetails&gt;&lt;Validate that User Phone is updated successfully&gt;[5/15/2018 1:38:00 AM]&lt;INFO&gt;DeleteWishlistFromDatabase : method executing[5/15/2018 1:38:29 AM]&lt;INFO&gt;DeleteWishlistFromDatabase : method executing[5/15/2018 1:38:29 AM]&lt;RESULT&gt;Test Ended:#PASS=13, #FAIL=0[5/15/2018 1:38:30 AM]&lt;INFO&gt;LogCPUAndMemoryUsage: Available Memory = 25186(MB), CPU Usage = 2.012358%[5/15/2018 1:38:30 AM]&lt;INFO&gt;Private Working Set for QTAgent32_40, usage=269204 (K)[5/15/2018 1:38:30 AM]&lt;RESULT&gt;&lt;HRCCRewardProfileDetails&gt; Test PASSED</StdOut>
      </Output>
      <ResultFiles />
    </UnitTestResult>
    <UnitTestResult executionId="dea567e5-df3a-43a1-ab2a-ea6b29ca0472" testId="e58a3493-6306-79a3-4243-24dce3ab53ea" testName="HRCCOrderConfirmationSignInNonRewardEnabledUser" computerName="CMP01-YKUMAR" duration="00:01:24.8453463" startTime="2018-05-15T01:38:32.7042310-05:00" endTime="2018-05-15T01:39:57.5622310-05:00" testType="13cdc9d9-ddb5-4fa4-a97d-d965ccfc6d4b" outcome="Failed" testListId="8c84fa94-04c1-424b-9868-57a2d4851a1d">
      <Output>
        <StdOut>Logging to custom path:\\CMP01-YKumar\AutoLogAssert.Fail failed. 
#Other errors=3
[Error details below]
&lt;ERROR&gt;[5/15/2018 1:39:30 AM]&lt;ERROR&gt;UserRegistration : failed executing ...Cannot perform 'Click' on the hidden control. Additional Details: 
TechnologyName:  'Web'
ControlType:  'Pane'
TagName:  'SPAN'
Id:  ''
Name:  ''

&lt;ERROR&gt;[5/15/2018 1:39:52 AM]&lt;Error&gt;AllBrowserWindow : failed executing ...Unable to find Windows Internet Explorer window with 'Account Information - Microsoft Internet Explorer provided by Horizon Hobby' in the title.
&lt;ERROR&gt;[5/15/2018 1:39:54 AM]&lt;Error&gt;HRCCOrderConfirmationSignInNonRewardEnabledUser : failed executing ...Index was outside the bounds of the array.   at TestAuto.LoggingAndSharedGenericMethods.EndTest() in c:\Builds\1\WebSphere\QATestAutomation\src\CodedUITest\SourceCode\Common\Logging\Logging.cs:line 1628
   at TestAuto.MyAccount.TestCleanup() in c:\Builds\1\WebSphere\QATestAutomation\src\CodedUITest\SourceCode\HHobby\MyAccount\MyAccount.cs:line 3165
[5/15/2018 1:38:32 AM]&lt;STARTLOG&gt;&lt;HRCCOrderConfirmationSignInNonRewardEnabledUser&gt;Test Started: Expecting: #PASS=Undefined and #FAIL=0
Running from MTM=True, running on machine name:CMP01-YKUMAR, user name=ykumar, OS=Microsoft Windows NT 6.1.7601 Service Pack 1, Is64BitOS=True[5/15/2018 1:38:33 AM]&lt;INFO&gt;LogCPUAndMemoryUsage: Available Memory = 25210(MB), CPU Usage = 34.8741%[5/15/2018 1:38:33 AM]&lt;INFO&gt;Private Working Set for QTAgent32_40, usage=269304 (K)[5/15/2018 1:38:33 AM]&lt;INFO&gt;Path To TestConfig xml=C:\Users\ykumar\AppData\Local\VSEQT\QTAgent\26974\CMP01-YKUMAR.horizonhobby.com\Deployment\SharedCommonConfig.xml[5/15/2018 1:38:33 AM]&lt;INFO&gt;Path To TestData xml=C:\Users\ykumar\AppData\Local\VSEQT\QTAgent\26974\CMP01-YKUMAR.horizonhobby.com\Deployment\MyAccountTestData_013832.xml[5/15/2018 1:38:33 AM]&lt;INFO&gt;Path To HorizonHobbyQA Application Url=https://www-tst.horizonhobby.com[5/15/2018 1:38:33 AM]&lt;INFO&gt;HorizonHobbyQA sql connection string=Server=cmp02-ws-tst-db01:50000;Database=TST01DB;UID=wcdbuser;PWD=h0r1z0n;Connect Timeout=30[5/15/2018 1:38:33 AM]&lt;INFO&gt;Country is := US and language id is := '-1'[5/15/2018 1:38:33 AM]&lt;INFO&gt;Current browser used for test execution is = 'IE'[5/15/2018 1:38:38 AM]&lt;INFO&gt;SurveyWindow : method executing ...[5/15/2018 1:38:44 AM]&lt;INFO&gt;ContinueOnCertificationErrorClickexecuting ...[5/15/2018 1:38:44 AM]&lt;Info&gt;DEAllBrowserWindow : Locating browser window...[5/15/2018 1:38:48 AM]&lt;INFO&gt;UserRegistration : method executing ...[5/15/2018 1:38:49 AM]&lt;INFO&gt;DeleteWishlistFromDatabase : method executing[5/15/2018 1:38:49 AM]&lt;INFO&gt;DeletOrderItem : method executing[5/15/2018 1:39:17 AM]&lt;Info&gt;AllBrowserWindow : Locating browser window...Assert.Fail failed. [5/15/2018 1:39:30 AM]&lt;ERROR&gt;UserRegistration : failed executing ...Cannot perform 'Click' on the hidden control. Additional Details: 
TechnologyName:  'Web'
ControlType:  'Pane'
TagName:  'SPAN'
Id:  ''
Name:  ''
, 
    StackTrace:
    UserRegistration(),SharedUserRegistration.cs,Line Number:836
    RegisterNewUser(),SharedUserRegistration.cs,Line Number:1158
    HRCCOrderConfirmationSignInNonRewardEnabledUser(),MyAccount.cs,Line Number:2788[5/15/2018 1:39:30 AM]&lt;CaptureImage&gt;\\CMP01-YKumar\AutoLog\CMP01-YKUMAR\HRCCOrderConfirmationSignInNonRewardEnabledUser_20180515013930.png[5/15/2018 1:39:30 AM]&lt;Info&gt;AllBrowserWindow : Locating browser window...Assert.Fail failed. [5/15/2018 1:39:52 AM]&lt;Error&gt;AllBrowserWindow : failed executing ...Unable to find Windows Internet Explorer window with 'Account Information - Microsoft Internet Explorer provided by Horizon Hobby' in the title., 
    StackTrace:
    AllBrowserWindow(),SharedBorderFree.cs,Line Number:1037
    UnselectHobbiesInterestedIn(),SharedMyAccount.cs,Line Number:191
    HRCCOrderConfirmationSignInNonRewardEnabledUser(),MyAccount.cs,Line Number:2790[5/15/2018 1:39:52 AM]&lt;CaptureImage&gt;\\CMP01-YKumar\AutoLog\CMP01-YKUMAR\HRCCOrderConfirmationSignInNonRewardEnabledUser_20180515013952.pngAssert.Fail failed. [5/15/2018 1:39:54 AM]&lt;Error&gt;HRCCOrderConfirmationSignInNonRewardEnabledUser : failed executing ...Index was outside the bounds of the array., 
    StackTrace:
    HRCCOrderConfirmationSignInNonRewardEnabledUser(),MyAccount.cs,Line Number:2842[5/15/2018 1:39:54 AM]&lt;CaptureImage&gt;\\CMP01-YKumar\AutoLog\CMP01-YKUMAR\HRCCOrderConfirmationSignInNonRewardEnabledUser_20180515013954.png[5/15/2018 1:39:54 AM]&lt;INFO&gt;DeleteWishlistFromDatabase : method executing[5/15/2018 1:39:54 AM]&lt;RESULT&gt;Test Ended:#PASS=0, #FAIL=0,#Other errors=3[5/15/2018 1:39:55 AM]&lt;INFO&gt;LogCPUAndMemoryUsage: Available Memory = 25211(MB), CPU Usage = 23.55951%[5/15/2018 1:39:55 AM]&lt;INFO&gt;Private Working Set for QTAgent32_40, usage=275352 (K)[5/15/2018 1:39:55 AM]&lt;RESULT&gt;&lt;HRCCOrderConfirmationSignInNonRewardEnabledUser&gt; Test FAILED: #Other errors=3. See Error Message/logs for further details.</StdOut>
        <ErrorInfo>
          <Message>Assert.Fail failed. 
#Other errors=3
[Error details below]
&lt;ERROR&gt;[5/15/2018 1:39:30 AM]&lt;ERROR&gt;UserRegistration : failed executing ...Cannot perform 'Click' on the hidden control. Additional Details: 
TechnologyName:  'Web'
ControlType:  'Pane'
TagName:  'SPAN'
Id:  ''
Name:  ''

&lt;ERROR&gt;[5/15/2018 1:39:52 AM]&lt;Error&gt;AllBrowserWindow : failed executing ...Unable to find Windows Internet Explorer window with 'Account Information - Microsoft Internet Explorer provided by Horizon Hobby' in the title.
&lt;ERROR&gt;[5/15/2018 1:39:54 AM]&lt;Error&gt;HRCCOrderConfirmationSignInNonRewardEnabledUser : failed executing ...Index was outside the bounds of the array.</Message>
          <StackTrace>   at TestAuto.LoggingAndSharedGenericMethods.EndTest() in c:\Builds\1\WebSphere\QATestAutomation\src\CodedUITest\SourceCode\Common\Logging\Logging.cs:line 1628
   at TestAuto.MyAccount.TestCleanup() in c:\Builds\1\WebSphere\QATestAutomation\src\CodedUITest\SourceCode\HHobby\MyAccount\MyAccount.cs:line 3165
</StackTrace>
        </ErrorInfo>
      </Output>
      <ResultFiles />
    </UnitTestResult>
    <UnitTestResult executionId="a2c43408-ea19-4090-86ef-3a8e3cd81fac" testId="56d44d20-c125-9b5d-e497-2cae662431f5" testName="ProductPageQuickSupportOther" computerName="CMP01-INDIASQA" duration="00:01:55.3965240" startTime="2018-05-14T21:41:33.3904730-05:00" endTime="2018-05-14T21:43:29.4174730-05:00" testType="13cdc9d9-ddb5-4fa4-a97d-d965ccfc6d4b" outcome="Passed" testListId="8c84fa94-04c1-424b-9868-57a2d4851a1d">
      <Output>
        <StdOut>Logging to custom path:\\CMP01-YKumar\AutoLog[5/14/2018 9:41:34 PM]&lt;STARTLOG&gt;&lt;ProductPageQuickSupportOther&gt;Test Started: Expecting: #PASS=Undefined and #FAIL=0
Running from MTM=True, running on machine name:CMP01-INDIASQA, user name=ykumar, OS=Microsoft Windows NT 6.1.7601 Service Pack 1, Is64BitOS=True[5/14/2018 9:41:36 PM]&lt;INFO&gt;LogCPUAndMemoryUsage: Available Memory = 24484(MB), CPU Usage = 19.15532%[5/14/2018 9:41:36 PM]&lt;INFO&gt;Private Working Set for QTAgent32_40, usage=106964 (K)[5/14/2018 9:41:36 PM]&lt;INFO&gt;Path To TestConfig xml=E:\LoadTestResult\VSEQT\QTAgent\26973\CMP01-INDIASQA.horizonhobby.com\Deployment\SharedCommonConfig.xml[5/14/2018 9:41:36 PM]&lt;INFO&gt;Path To TestData xml=E:\LoadTestResult\VSEQT\QTAgent\26973\CMP01-INDIASQA.horizonhobby.com\Deployment\ProductPageTestData_214134.xml[5/14/2018 9:41:36 PM]&lt;INFO&gt;Path To HorizonHobbyQA Application Url=https://www-tst.horizonhobby.com[5/14/2018 9:41:36 PM]&lt;INFO&gt;HorizonHobbyQA sql connection string=Server=cmp02-ws-tst-db01:50000;Database=TST01DB;UID=wcdbuser;PWD=h0r1z0n;Connect Timeout=30[5/14/2018 9:41:36 PM]&lt;INFO&gt;Country is := US and language id is := '-1'[5/14/2018 9:41:36 PM]&lt;INFO&gt;Current browser used for test execution is = 'IE'[5/14/2018 9:41:58 PM]&lt;Info&gt;AllBrowserWindow : Locating browser window...[5/14/2018 9:41:59 PM]&lt;INFO&gt;GetProductWithPartsAndListingAndCompletionGuide executing... [5/14/2018 9:42:00 PM]&lt;INFO&gt;SearchProductexecuting ... Searching term:= 'HAN5010'[5/14/2018 9:42:17 PM]&lt;Info&gt;AllBrowserWindow : Locating browser window...[5/14/2018 9:42:42 PM]&lt;Info&gt;AllBrowserWindow : Locating browser window...[5/14/2018 9:43:14 PM]&lt;PASS&gt;&lt;ProductPageQuickSupportOther&gt;&lt;Validates Parts And Accessories tab exists&gt;[5/14/2018 9:43:14 PM]&lt;PASS&gt;&lt;ProductPageQuickSupportOther&gt;&lt;Validates Manuals And Support tab exists&gt;[5/14/2018 9:43:14 PM]&lt;PASS&gt;&lt;ProductPageQuickSupportOther&gt;&lt;Validates Q &amp; A tab exists&gt;[5/14/2018 9:43:16 PM]&lt;PASS&gt;&lt;ProductPageQuickSupportOther&gt;&lt;Validates Parts And Accessories tab opened&gt;[5/14/2018 9:43:21 PM]&lt;PASS&gt;&lt;ProductPageQuickSupportOther&gt;&lt;Validates Manuals tab opened&gt;[5/14/2018 9:43:21 PM]&lt;PASS&gt;&lt;ProductPageQuickSupportOther&gt;&lt;Validates Manuals tab has pdf section &gt;[5/14/2018 9:43:26 PM]&lt;PASS&gt;&lt;ProductPageQuickSupportOther&gt;&lt;Validates Question label exists on opening Q&amp;A Tab&gt;[5/14/2018 9:43:26 PM]&lt;RESULT&gt;Test Ended:#PASS=7, #FAIL=0[5/14/2018 9:43:27 PM]&lt;INFO&gt;LogCPUAndMemoryUsage: Available Memory = 24251(MB), CPU Usage = 15.17446%[5/14/2018 9:43:27 PM]&lt;INFO&gt;Private Working Set for QTAgent32_40, usage=111096 (K)[5/14/2018 9:43:27 PM]&lt;RESULT&gt;&lt;ProductPageQuickSupportOther&gt; Test PASSED</StdOut>
      </Output>
      <ResultFiles>
        <ResultFile path="CMP01-INDIASQA.horizonhobby.com\ProductPageQuickSupportOther_20180514214134.log" />
        <ResultFile path="CMP01-INDIASQA.horizonhobby.com\ProductPageQuickSupportOther_ResultsONLY_20180514214134.log" />
        <ResultFile path="CMP01-INDIASQA.horizonhobby.com\ProductPageTestData_214134.xml" />
        <ResultFile path="CMP01-INDIASQA.horizonhobby.com\SharedCommonConfig.xml" />
      </ResultFiles>
    </UnitTestResult>
    <UnitTestResult executionId="9b15df8b-4eed-4cea-8f64-78d2280ec45f" testId="b3505676-1d5e-00f3-fda9-00b5f663f5d2" testName="CategoryListPaginationBottomOfPage" computerName="CMP01-INDIASQA" duration="00:06:26.9528902" startTime="2018-05-14T21:43:29.4184730-05:00" endTime="2018-05-14T21:49:56.6554730-05:00" testType="13cdc9d9-ddb5-4fa4-a97d-d965ccfc6d4b" outcome="Passed" testListId="8c84fa94-04c1-424b-9868-57a2d4851a1d">
      <Output>
        <StdOut>Logging to custom path:\\CMP01-YKumar\AutoLog[5/14/2018 9:43:29 PM]&lt;STARTLOG&gt;&lt;CategoryListPaginationBottomOfPage&gt;Test Started: Expecting: #PASS=Undefined and #FAIL=0
Running from MTM=True, running on machine name:CMP01-INDIASQA, user name=ykumar, OS=Microsoft Windows NT 6.1.7601 Service Pack 1, Is64BitOS=True[5/14/2018 9:43:32 PM]&lt;INFO&gt;LogCPUAndMemoryUsage: Available Memory = 24453(MB), CPU Usage = 9.99942%[5/14/2018 9:43:32 PM]&lt;INFO&gt;Private Working Set for QTAgent32_40, usage=114012 (K)[5/14/2018 9:43:32 PM]&lt;INFO&gt;Path To TestConfig xml=E:\LoadTestResult\VSEQT\QTAgent\26973\CMP01-INDIASQA.horizonhobby.com\Deployment\SharedCommonConfig.xml[5/14/2018 9:43:32 PM]&lt;INFO&gt;Path To TestData xml=E:\LoadTestResult\VSEQT\QTAgent\26973\CMP01-INDIASQA.horizonhobby.com\Deployment\CategoryListLevel3TestData_214329.xml[5/14/2018 9:43:32 PM]&lt;INFO&gt;Path To HorizonHobbyQA Application Url=https://www-tst.horizonhobby.com[5/14/2018 9:43:32 PM]&lt;INFO&gt;HorizonHobbyQA sql connection string=Server=cmp02-ws-tst-db01:50000;Database=TST01DB;UID=wcdbuser;PWD=h0r1z0n;Connect Timeout=30[5/14/2018 9:43:32 PM]&lt;INFO&gt;Country is := US and language id is := '-1'[5/14/2018 9:43:32 PM]&lt;INFO&gt;Current browser used for test execution is = 'IE'[5/14/2018 9:43:35 PM]&lt;INFO&gt;GetMenuItems : method executing ... - Aircraft Servos[5/14/2018 9:43:38 PM]&lt;Info&gt;AllBrowserWindow : Locating browser window...[5/14/2018 9:44:05 PM]&lt;PASS&gt;&lt;SelectedPageNumber&gt;&lt; Validates that Page1 is selected and it's not a link &gt;[5/14/2018 9:44:05 PM]&lt;PASS&gt;&lt;CategoryListPaginationBottomOfPage&gt;&lt; Validates that Page 1 is selected &gt;[5/14/2018 9:44:06 PM]&lt;Info&gt;AllBrowserWindow : Locating browser window...[5/14/2018 9:44:31 PM]&lt;PASS&gt;&lt;SelectedPageNumber&gt;&lt; Validates that Page2 is selected and it's not a link &gt;[5/14/2018 9:44:31 PM]&lt;PASS&gt;&lt;CategoryListPaginationBottomOfPage&gt;&lt; Validates that Page 2 is selected &gt;[5/14/2018 9:44:32 PM]&lt;Info&gt;AllBrowserWindow : Locating browser window...[5/14/2018 9:44:57 PM]&lt;PASS&gt;&lt;SelectedPageNumber&gt;&lt; Validates that Page1 is selected and it's not a link &gt;[5/14/2018 9:44:57 PM]&lt;PASS&gt;&lt;CategoryListPaginationBottomOfPage&gt;&lt; Validates that Page 1 is selected &gt;[5/14/2018 9:45:03 PM]&lt;Info&gt;AllBrowserWindow : Locating browser window...[5/14/2018 9:45:26 PM]&lt;Info&gt;AllBrowserWindow : Locating browser window...[5/14/2018 9:45:49 PM]&lt;PASS&gt;&lt;CategoryListPaginationBottomOfPage&gt;&lt; Validates that Page2 is selected while moving Forward&gt;[5/14/2018 9:45:55 PM]&lt;Info&gt;AllBrowserWindow : Locating browser window...[5/14/2018 9:46:18 PM]&lt;Info&gt;AllBrowserWindow : Locating browser window...[5/14/2018 9:46:40 PM]&lt;PASS&gt;&lt;CategoryListPaginationBottomOfPage&gt;&lt; Validates that Page3 is selected while moving Forward&gt;[5/14/2018 9:46:46 PM]&lt;Info&gt;AllBrowserWindow : Locating browser window...[5/14/2018 9:47:09 PM]&lt;Info&gt;AllBrowserWindow : Locating browser window...[5/14/2018 9:47:32 PM]&lt;PASS&gt;&lt;CategoryListPaginationBottomOfPage&gt;&lt; Validates that Page4 is selected while moving Forward&gt;[5/14/2018 9:47:38 PM]&lt;PASS&gt;&lt;CategoryListPaginationBottomOfPage&gt;&lt; Validates that last Page is selected, i.e. Page4&gt;[5/14/2018 9:47:40 PM]&lt;Info&gt;AllBrowserWindow : Locating browser window...[5/14/2018 9:48:02 PM]&lt;PASS&gt;&lt;CategoryListPaginationBottomOfPage&gt;&lt; Validates that Page3 is selected while moving Backward&gt;[5/14/2018 9:48:09 PM]&lt;Info&gt;AllBrowserWindow : Locating browser window...[5/14/2018 9:48:32 PM]&lt;PASS&gt;&lt;CategoryListPaginationBottomOfPage&gt;&lt; Validates that Page2 is selected while moving Backward&gt;[5/14/2018 9:48:33 PM]&lt;Info&gt;AllBrowserWindow : Locating browser window...[5/14/2018 9:48:56 PM]&lt;PASS&gt;&lt;CategoryListPaginationBottomOfPage&gt;&lt; Validates that Page1 is selected while moving Backward&gt;[5/14/2018 9:49:04 PM]&lt;PASS&gt;&lt;CategoryListPaginationBottomOfPage&gt;&lt; Validates that First Page is selected, i.e. Page1&gt;[5/14/2018 9:49:07 PM]&lt;Info&gt;AllBrowserWindow : Locating browser window...[5/14/2018 9:49:30 PM]&lt;PASS&gt;&lt;CategoryListPaginationBottomOfPage&gt;&lt; Validates that Last is selected &gt;[5/14/2018 9:49:30 PM]&lt;Info&gt;AllBrowserWindow : Locating browser window...[5/14/2018 9:49:53 PM]&lt;PASS&gt;&lt;CategoryListPaginationBottomOfPage&gt;&lt; Validates that First is selected &gt;[5/14/2018 9:49:53 PM]&lt;RESULT&gt;Test Ended:#PASS=16, #FAIL=0[5/14/2018 9:49:54 PM]&lt;INFO&gt;LogCPUAndMemoryUsage: Available Memory = 24364(MB), CPU Usage = 1.32937%[5/14/2018 9:49:54 PM]&lt;INFO&gt;Private Working Set for QTAgent32_40, usage=122432 (K)[5/14/2018 9:49:54 PM]&lt;RESULT&gt;&lt;CategoryListPaginationBottomOfPage&gt; Test PASSED</StdOut>
      </Output>
      <ResultFiles>
        <ResultFile path="CMP01-INDIASQA.horizonhobby.com\CategoryListLevel3TestData_214329.xml" />
        <ResultFile path="CMP01-INDIASQA.horizonhobby.com\CategoryListPaginationBottomOfPage_20180514214329.log" />
        <ResultFile path="CMP01-INDIASQA.horizonhobby.com\CategoryListPaginationBottomOfPage_ResultsONLY_20180514214329.log" />
        <ResultFile path="CMP01-INDIASQA.horizonhobby.com\SharedCommonConfig.xml" />
      </ResultFiles>
    </UnitTestResult>
    <UnitTestResult executionId="2b98d8b1-680c-4bfc-9196-1ec38940bcce" testId="d375cf4a-6c91-7010-63c2-a619691df60f" testName="CheckoutGiftCardPartialPaymentWithPayPalForBackorder" computerName="CMP01-INDIASQA" duration="00:12:14.9818114" startTime="2018-05-14T21:49:56.6564730-05:00" endTime="2018-05-14T22:02:11.9114730-05:00" testType="13cdc9d9-ddb5-4fa4-a97d-d965ccfc6d4b" outcome="Passed" testListId="8c84fa94-04c1-424b-9868-57a2d4851a1d">
      <Output>
        <StdOut>Logging to custom path:\\CMP01-YKumar\AutoLog[5/14/2018 9:49:57 PM]&lt;STARTLOG&gt;&lt;CheckoutGiftCardPartialPaymentWithPayPalForBackorder&gt;Test Started: Expecting: #PASS=Undefined and #FAIL=0
Running from MTM=True, running on machine name:CMP01-INDIASQA, user name=ykumar, OS=Microsoft Windows NT 6.1.7601 Service Pack 1, Is64BitOS=True[5/14/2018 9:49:59 PM]&lt;INFO&gt;LogCPUAndMemoryUsage: Available Memory = 24502(MB), CPU Usage = 10.88443%[5/14/2018 9:49:59 PM]&lt;INFO&gt;Private Working Set for QTAgent32_40, usage=125464 (K)[5/14/2018 9:49:59 PM]&lt;INFO&gt;Path To TestConfig xml=E:\LoadTestResult\VSEQT\QTAgent\26973\CMP01-INDIASQA.horizonhobby.com\Deployment\SharedCommonConfig.xml[5/14/2018 9:49:59 PM]&lt;INFO&gt;Path To TestData xml=E:\LoadTestResult\VSEQT\QTAgent\26973\CMP01-INDIASQA.horizonhobby.com\Deployment\CheckoutPaypalTestData_214957.xml[5/14/2018 9:49:59 PM]&lt;INFO&gt;Path To HorizonHobbyQA Application Url=https://www-tst.horizonhobby.com[5/14/2018 9:49:59 PM]&lt;INFO&gt;HorizonHobbyQA sql connection string=Server=cmp02-ws-tst-db01:50000;Database=TST01DB;UID=wcdbuser;PWD=h0r1z0n;Connect Timeout=30[5/14/2018 9:49:59 PM]&lt;INFO&gt;Country is := US and language id is := '-1'[5/14/2018 9:49:59 PM]&lt;INFO&gt;Current browser used for test execution is = 'IE'[5/14/2018 9:49:59 PM]&lt;INFO&gt;GenerateGiftCard : method executing...[5/14/2018 9:49:59 PM]&lt;INFO&gt;LaunchCustomBrowserWindow : method executing ...[5/14/2018 9:50:02 PM]&lt;INFO&gt;SurveyWindow : method executing ...[5/14/2018 9:50:05 PM]&lt;PASS&gt;&lt;GenerateGiftCard&gt;&lt; Validates that a new Gift Card Number generated successfully&gt;[5/14/2018 9:50:07 PM]&lt;INFO&gt;GenerateGiftCard : method executing...[5/14/2018 9:50:07 PM]&lt;INFO&gt;LaunchCustomBrowserWindow : method executing ...[5/14/2018 9:50:10 PM]&lt;INFO&gt;SurveyWindow : method executing ...[5/14/2018 9:50:12 PM]&lt;PASS&gt;&lt;GenerateGiftCard&gt;&lt; Validates that a new Gift Card Number generated successfully&gt;[5/14/2018 9:50:25 PM]&lt;INFO&gt;SearchProductexecuting ... Searching term:= 'EFL5256'[5/14/2018 9:50:32 PM]&lt;Info&gt;AllBrowserWindow : Locating browser window...[5/14/2018 9:51:05 PM]&lt;INFO&gt;BackOrderClickexecuting ...[5/14/2018 9:51:08 PM]&lt;INFO&gt;GoToCartClickexecuting ...[5/14/2018 9:51:19 PM]&lt;Info&gt;AllBrowserWindow : Locating browser window...[5/14/2018 9:51:33 PM]&lt;INFO&gt;SearchProductexecuting ... Searching term:= 'SAI62A01'[5/14/2018 9:51:40 PM]&lt;Info&gt;AllBrowserWindow : Locating browser window...[5/14/2018 9:51:40 PM]&lt;INFO&gt;BackOrderClickexecuting ...[5/14/2018 9:51:44 PM]&lt;INFO&gt;GoToCartClickexecuting ...[5/14/2018 9:51:55 PM]&lt;INFO&gt;ClickCheckoutButtonBottomexecuting ...[5/14/2018 9:51:55 PM]&lt;Info&gt;AllBrowserWindow : Locating browser window...[5/14/2018 9:52:04 PM]&lt;INFO&gt;ContinueAsGuestCheckoutButtonexecuting ...[5/14/2018 9:52:04 PM]&lt;Info&gt;AllBrowserWindow : Locating browser window...[5/14/2018 9:52:14 PM]&lt;INFO&gt;FillBillingAndShippingAddressexecuting ...[5/14/2018 9:52:14 PM]&lt;Info&gt;AllBrowserWindow : Locating browser window...[5/14/2018 9:52:20 PM]&lt;INFO&gt;SelectBillingCountryexecuting ...[5/14/2018 9:52:27 PM]&lt;INFO&gt;SelectBillingStateexecuting ...[5/14/2018 9:52:43 PM]&lt;INFO&gt;SelectShippingCountryexecuting ...[5/14/2018 9:52:46 PM]&lt;INFO&gt;SelectShippingStateexecuting ...[5/14/2018 9:52:53 PM]&lt;Info&gt;AllBrowserWindow : Locating browser window...[5/14/2018 9:53:02 PM]&lt;PASS&gt;&lt;CheckoutGiftCardPartialPaymentWithPayPalForBackorder&gt;&lt; Validate that Credit Card radio button is enabled&gt;[5/14/2018 9:53:02 PM]&lt;PASS&gt;&lt;CheckoutGiftCardPartialPaymentWithPayPalForBackorder&gt;&lt; Validate that Pay Pal radio button is enabled&gt;[5/14/2018 9:53:02 PM]&lt;INFO&gt;SelectCheckoutPaymentRadiobutton : method executing[5/14/2018 9:53:02 PM]&lt;INFO&gt;CheckoutCreditCardShippingAndBillingControls : method executing[5/14/2018 9:53:02 PM]&lt;Info&gt;AllBrowserWindow : Locating browser window...[5/14/2018 9:53:12 PM]&lt;PASS&gt;&lt;CheckoutGiftCardPartialPaymentWithPayPalForBackorder&gt;&lt; Validate Checkout with PayPal button is disabled &gt;[5/14/2018 9:53:13 PM]&lt;PASS&gt;&lt;CheckoutGiftCardPartialPaymentWithPayPalForBackorder&gt;&lt;Validate that PayPal Backorder Item Warning on Shopping Cart Page&gt;[5/14/2018 9:53:13 PM]&lt;Info&gt;AllBrowserWindow : Locating browser window...[5/14/2018 9:53:13 PM]&lt;INFO&gt;ApplyGiftCard : method executing... -&gt; '8018525482298508995'[5/14/2018 9:53:13 PM]&lt;Info&gt;AllBrowserWindow : Locating browser window...[5/14/2018 9:53:26 PM]&lt;PASS&gt;&lt;CheckoutGiftCardPartialPaymentWithPayPalForBackorder&gt;&lt;Validate that Card should be applied to order and The Gift Card amount applied should display a separate sub-total line&gt;[5/14/2018 9:53:26 PM]&lt;INFO&gt;ApplyGiftCard : method executing... -&gt; '8018525470131781614'[5/14/2018 9:53:26 PM]&lt;Info&gt;AllBrowserWindow : Locating browser window...[5/14/2018 9:53:36 PM]&lt;PASS&gt;&lt;CheckoutGiftCardPartialPaymentWithPayPalForBackorder&gt;&lt;Validate that Card should be applied to order and The Gift Card amount applied should display a separate sub-total line&gt;[5/14/2018 9:53:36 PM]&lt;PASS&gt;&lt;CheckoutGiftCardPartialPaymentWithPayPalForBackorder&gt;&lt;Validate that Separate sub-total lines should display for second gift card applied.&gt;[5/14/2018 9:53:37 PM]&lt;Info&gt;AllBrowserWindow : Locating browser window...[5/14/2018 9:53:52 PM]&lt;Info&gt;AllBrowserWindow : Locating browser window...[5/14/2018 9:54:00 PM]&lt;INFO&gt;ShoppingCartOrderDetailsInfoexecuting ...[5/14/2018 9:54:38 PM]&lt;INFO&gt;ClickCheckoutButtonBottomexecuting ...[5/14/2018 9:54:38 PM]&lt;Info&gt;AllBrowserWindow : Locating browser window...[5/14/2018 9:54:46 PM]&lt;INFO&gt;ContinueAsGuestCheckoutButtonexecuting ...[5/14/2018 9:54:46 PM]&lt;Info&gt;AllBrowserWindow : Locating browser window...[5/14/2018 9:54:56 PM]&lt;INFO&gt;SelectCheckoutPaymentRadiobutton : method executing[5/14/2018 9:54:56 PM]&lt;INFO&gt;CheckoutCreditCardShippingAndBillingControls : method executing[5/14/2018 9:54:56 PM]&lt;Info&gt;AllBrowserWindow : Locating browser window...[5/14/2018 9:55:13 PM]&lt;INFO&gt;ClickPayPalLink : method executing...[5/14/2018 9:55:19 PM]&lt;INFO&gt;LoginPayPal : method executing...[5/14/2018 9:55:19 PM]&lt;Info&gt;AllBrowserWindow : Locating browser window...[5/14/2018 9:57:43 PM]&lt;INFO&gt;PaypalLoginNewControls : method executing...[5/14/2018 9:57:48 PM]&lt;Info&gt;AllBrowserWindow : Locating browser window...[5/14/2018 9:58:35 PM]&lt;INFO&gt;PaypalLoginNewControls : method executing...[5/14/2018 9:58:39 PM]&lt;INFO&gt;ClickLoginOnPayPal : method executing ...[5/14/2018 9:58:56 PM]&lt;INFO&gt;ClickContinueOnPayPal : method executing ...[5/14/2018 10:00:58 PM]&lt;Info&gt;AllBrowserWindow : Locating browser window...[5/14/2018 10:01:13 PM]&lt;INFO&gt;ClickPlaceOrderPayPal : method executing...[5/14/2018 10:01:13 PM]&lt;Info&gt;AllBrowserWindow : Locating browser window...[5/14/2018 10:01:13 PM]&lt;Info&gt;AllBrowserWindow : Locating browser window...[5/14/2018 10:01:15 PM]&lt;Info&gt;AllBrowserWindow : Locating browser window...[5/14/2018 10:01:51 PM]&lt;INFO&gt;OrderConfirmation : method executing[5/14/2018 10:01:51 PM]&lt;INFO&gt;OrderConfirmationUIControls : method executing[5/14/2018 10:01:51 PM]&lt;Info&gt;AllBrowserWindow : Locating browser window...[5/14/2018 10:01:59 PM]&lt;INFO&gt;SurveyWindow : method executing ...[5/14/2018 10:02:08 PM]&lt;PASS&gt;&lt;OrderConfirmation&gt;&lt; Validates Order Number ''True'' is generated successfully&gt;[5/14/2018 10:02:08 PM]&lt;PASS&gt;&lt;CheckoutGiftCardPartialPaymentWithPayPalForBackorder&gt;&lt;Validate that PayPal Order should be complete with gift card and order Number - '22928002'. &gt;[5/14/2018 10:02:08 PM]&lt;RESULT&gt;Test Ended:#PASS=11, #FAIL=0[5/14/2018 10:02:09 PM]&lt;INFO&gt;LogCPUAndMemoryUsage: Available Memory = 23993(MB), CPU Usage = 13.50593%[5/14/2018 10:02:09 PM]&lt;INFO&gt;Private Working Set for QTAgent32_40, usage=142532 (K)[5/14/2018 10:02:09 PM]&lt;RESULT&gt;&lt;CheckoutGiftCardPartialPaymentWithPayPalForBackorder&gt; Test PASSED</StdOut>
      </Output>
      <ResultFiles>
        <ResultFile path="CMP01-INDIASQA.horizonhobby.com\CheckoutGiftCardPartialPaymentWithPayPalForBackorder_20180514214957.log" />
        <ResultFile path="CMP01-INDIASQA.horizonhobby.com\CheckoutGiftCardPartialPaymentWithPayPalForBackorder_ResultsONLY_20180514214957.log" />
        <ResultFile path="CMP01-INDIASQA.horizonhobby.com\CheckoutPaypalTestData_214957.xml" />
        <ResultFile path="CMP01-INDIASQA.horizonhobby.com\SharedCommonConfig.xml" />
      </ResultFiles>
    </UnitTestResult>
    <UnitTestResult executionId="ddee163a-d4bd-4cd3-8895-02f6de67fdae" testId="0dcaec80-5f87-999f-d4b6-ab154e5db421" testName="CreditCardCheckoutGiftCardPartialPaymentBackorder" computerName="CMP01-INDIASQA" duration="00:08:16.0435901" startTime="2018-05-14T22:02:11.9134730-05:00" endTime="2018-05-14T22:10:27.9894730-05:00" testType="13cdc9d9-ddb5-4fa4-a97d-d965ccfc6d4b" outcome="Passed" testListId="8c84fa94-04c1-424b-9868-57a2d4851a1d">
      <Output>
        <StdOut>Logging to custom path:\\CMP01-YKumar\AutoLog[5/14/2018 10:02:11 PM]&lt;STARTLOG&gt;&lt;CreditCardCheckoutGiftCardPartialPaymentBackorder&gt;Test Started: Expecting: #PASS=Undefined and #FAIL=0
Running from MTM=True, running on machine name:CMP01-INDIASQA, user name=ykumar, OS=Microsoft Windows NT 6.1.7601 Service Pack 1, Is64BitOS=True[5/14/2018 10:02:12 PM]&lt;INFO&gt;LogCPUAndMemoryUsage: Available Memory = 24027(MB), CPU Usage = 19.37634%[5/14/2018 10:02:12 PM]&lt;INFO&gt;Private Working Set for QTAgent32_40, usage=142504 (K)[5/14/2018 10:02:12 PM]&lt;INFO&gt;Path To TestConfig xml=E:\LoadTestResult\VSEQT\QTAgent\26973\CMP01-INDIASQA.horizonhobby.com\Deployment\SharedCommonConfig.xml[5/14/2018 10:02:12 PM]&lt;INFO&gt;Path To TestData xml=E:\LoadTestResult\VSEQT\QTAgent\26973\CMP01-INDIASQA.horizonhobby.com\Deployment\CheckoutCreditCard_220211.xml[5/14/2018 10:02:12 PM]&lt;INFO&gt;Path To HorizonHobbyQA Application Url=https://www-tst.horizonhobby.com[5/14/2018 10:02:12 PM]&lt;INFO&gt;HorizonHobbyQA sql connection string=Server=cmp02-ws-tst-db01:50000;Database=TST01DB;UID=wcdbuser;PWD=h0r1z0n;Connect Timeout=30[5/14/2018 10:02:13 PM]&lt;INFO&gt;Country is := US and language id is := '-1'[5/14/2018 10:02:13 PM]&lt;INFO&gt;Current browser used for test execution is = 'IE'[5/14/2018 10:02:13 PM]&lt;INFO&gt;GenerateGiftCard : method executing...[5/14/2018 10:02:13 PM]&lt;INFO&gt;LaunchCustomBrowserWindow : method executing ...[5/14/2018 10:02:15 PM]&lt;INFO&gt;SurveyWindow : method executing ...[5/14/2018 10:02:18 PM]&lt;PASS&gt;&lt;GenerateGiftCard&gt;&lt; Validates that a new Gift Card Number generated successfully&gt;[5/14/2018 10:02:25 PM]&lt;INFO&gt;SurveyWindow : method executing ...[5/14/2018 10:02:33 PM]&lt;INFO&gt;ContinueOnCertificationErrorClickexecuting ...[5/14/2018 10:02:33 PM]&lt;Info&gt;DEAllBrowserWindow : Locating browser window...[5/14/2018 10:02:39 PM]&lt;INFO&gt;ClickAcceptCookiesAgreement : failed executing ...[5/14/2018 10:02:46 PM]&lt;INFO&gt;UserRegistration : method executing ...[5/14/2018 10:02:47 PM]&lt;Info&gt;AllBrowserWindow : Locating browser window...[5/14/2018 10:03:14 PM]&lt;Info&gt;AllBrowserWindow : Locating browser window...[5/14/2018 10:03:32 PM]&lt;Info&gt;AllBrowserWindow : Locating browser window...[5/14/2018 10:03:43 PM]&lt;INFO&gt;SearchProductexecuting ... Searching term:= 'heli'[5/14/2018 10:04:20 PM]&lt;Info&gt;AllBrowserWindow : Locating browser window...[5/14/2018 10:04:37 PM]&lt;INFO&gt;BackOrderClickexecuting ...[5/14/2018 10:05:07 PM]&lt;Info&gt;AllBrowserWindow : Locating browser window...[5/14/2018 10:05:22 PM]&lt;Info&gt;AllBrowserWindow : Locating browser window...[5/14/2018 10:05:24 PM]&lt;INFO&gt;BackOrderClickexecuting ...[5/14/2018 10:05:25 PM]&lt;INFO&gt;GoToCartClickexecuting ...[5/14/2018 10:05:32 PM]&lt;INFO&gt;CheckoutProcessStartShoppingCart : method executing[5/14/2018 10:05:32 PM]&lt;Info&gt;AllBrowserWindow : Locating browser window...[5/14/2018 10:05:41 PM]&lt;INFO&gt;CheckoutShoppingCartControls : method executing[5/14/2018 10:05:41 PM]&lt;Info&gt;AllBrowserWindow : Locating browser window...[5/14/2018 10:05:54 PM]&lt;Info&gt;AllBrowserWindow : Locating browser window...[5/14/2018 10:05:59 PM]&lt;INFO&gt;CheckoutCreditCardShippingAndBillingControls : method executing[5/14/2018 10:05:59 PM]&lt;Info&gt;AllBrowserWindow : Locating browser window...[5/14/2018 10:06:10 PM]&lt;INFO&gt;TotalValue : method executing ...[5/14/2018 10:06:10 PM]&lt;INFO&gt;ApplyGiftCard : method executing... -&gt; ''[5/14/2018 10:06:10 PM]&lt;Info&gt;AllBrowserWindow : Locating browser window...[5/14/2018 10:06:29 PM]&lt;Info&gt;AllBrowserWindow : Locating browser window...[5/14/2018 10:06:29 PM]&lt;INFO&gt;CheckoutCreditCardShippingAndBillingControls : method executing[5/14/2018 10:06:29 PM]&lt;Info&gt;AllBrowserWindow : Locating browser window...[5/14/2018 10:06:39 PM]&lt;INFO&gt;TotalValue : method executing ...[5/14/2018 10:06:39 PM]&lt;PASS&gt;&lt;CreditCardCheckoutGiftCardPartialPaymentBackorder&gt;&lt;Validates Gift card is applied and reflected in summary order table.&gt;[5/14/2018 10:06:39 PM]&lt;INFO&gt;SelectCheckoutPaymentRadiobutton : method executing[5/14/2018 10:06:39 PM]&lt;INFO&gt;CheckoutCreditCardShippingAndBillingControls : method executing[5/14/2018 10:06:39 PM]&lt;Info&gt;AllBrowserWindow : Locating browser window...[5/14/2018 10:06:49 PM]&lt;INFO&gt;FillCreditCardDetails : method executing[5/14/2018 10:06:49 PM]&lt;INFO&gt;CheckoutCreditCardShippingAndBillingControls : method executing[5/14/2018 10:06:49 PM]&lt;Info&gt;AllBrowserWindow : Locating browser window...[5/14/2018 10:06:59 PM]&lt;INFO&gt;ClickReviewOrder : method executing[5/14/2018 10:06:59 PM]&lt;INFO&gt;CheckoutCreditCardShippingAndBillingControls : method executing[5/14/2018 10:06:59 PM]&lt;Info&gt;AllBrowserWindow : Locating browser window...[5/14/2018 10:07:05 PM]&lt;Info&gt;AllBrowserWindow : Locating browser window...[5/14/2018 10:07:17 PM]&lt;INFO&gt;CheckoutCreditCardShippingAndBillingControls : method executing[5/14/2018 10:07:17 PM]&lt;Info&gt;AllBrowserWindow : Locating browser window...[5/14/2018 10:07:27 PM]&lt;INFO&gt;TotalValue : method executing ...[5/14/2018 10:07:27 PM]&lt;PASS&gt;&lt;CreditCardCheckoutGiftCardPartialPaymentBackorder&gt;&lt;Validates Gift card is reflected in review page order table.&gt;[5/14/2018 10:07:27 PM]&lt;INFO&gt;PlaceOrderCreditCard : method executing[5/14/2018 10:07:27 PM]&lt;INFO&gt;CheckoutCreditCardShippingAndBillingControls : method executing[5/14/2018 10:07:27 PM]&lt;Info&gt;AllBrowserWindow : Locating browser window...[5/14/2018 10:07:37 PM]&lt;INFO&gt;KeyboardSendKeys method executing...[5/14/2018 10:09:18 PM]&lt;Info&gt;AllBrowserWindow : Locating browser window...[5/14/2018 10:09:30 PM]&lt;Info&gt;AllBrowserWindow : Locating browser window...[5/14/2018 10:09:39 PM]&lt;INFO&gt;CheckoutCreditCardShippingAndBillingControls : method executing[5/14/2018 10:09:39 PM]&lt;Info&gt;AllBrowserWindow : Locating browser window...[5/14/2018 10:09:54 PM]&lt;INFO&gt;TotalValue : method executing ...[5/14/2018 10:09:54 PM]&lt;PASS&gt;&lt;CreditCardCheckoutGiftCardPartialPaymentBackorder&gt;&lt;Validates Gift card is reflected in Order Confirmation page order table.&gt;[5/14/2018 10:09:54 PM]&lt;INFO&gt;DeleteWishlistFromDatabase : method executing[5/14/2018 10:09:54 PM]&lt;INFO&gt;DeletOrderItem : method executing[5/14/2018 10:10:24 PM]&lt;RESULT&gt;Test Ended:#PASS=4, #FAIL=0[5/14/2018 10:10:25 PM]&lt;INFO&gt;LogCPUAndMemoryUsage: Available Memory = 24210(MB), CPU Usage = 6.492907%[5/14/2018 10:10:25 PM]&lt;INFO&gt;Private Working Set for QTAgent32_40, usage=141384 (K)[5/14/2018 10:10:25 PM]&lt;RESULT&gt;&lt;CreditCardCheckoutGiftCardPartialPaymentBackorder&gt; Test PASSED</StdOut>
      </Output>
      <ResultFiles />
    </UnitTestResult>
    <UnitTestResult executionId="76c062ec-1a80-4d1d-8765-c76de7bf449b" testId="eec2d756-645d-92d4-97c2-9841d0a94e3c" testName="CheckoutBillingAddressEntryAsGuestUser" computerName="CMP01-INDIASQA" duration="00:01:56.6929723" startTime="2018-05-14T22:10:27.9904730-05:00" endTime="2018-05-14T22:12:24.7204730-05:00" testType="13cdc9d9-ddb5-4fa4-a97d-d965ccfc6d4b" outcome="Passed" testListId="8c84fa94-04c1-424b-9868-57a2d4851a1d">
      <Output>
        <StdOut>Logging to custom path:\\CMP01-YKumar\AutoLog[5/14/2018 10:10:28 PM]&lt;STARTLOG&gt;&lt;CheckoutBillingAddressEntryAsGuestUser&gt;Test Started: Expecting: #PASS=Undefined and #FAIL=0
Running from MTM=True, running on machine name:CMP01-INDIASQA, user name=ykumar, OS=Microsoft Windows NT 6.1.7601 Service Pack 1, Is64BitOS=True[5/14/2018 10:10:29 PM]&lt;INFO&gt;LogCPUAndMemoryUsage: Available Memory = 24240(MB), CPU Usage = 19.65949%[5/14/2018 10:10:29 PM]&lt;INFO&gt;Private Working Set for QTAgent32_40, usage=141544 (K)[5/14/2018 10:10:29 PM]&lt;INFO&gt;Path To TestConfig xml=E:\LoadTestResult\VSEQT\QTAgent\26973\CMP01-INDIASQA.horizonhobby.com\Deployment\SharedCommonConfig.xml[5/14/2018 10:10:29 PM]&lt;INFO&gt;Path To TestData xml=E:\LoadTestResult\VSEQT\QTAgent\26973\CMP01-INDIASQA.horizonhobby.com\Deployment\CheckoutCommonTestData_221028.xml[5/14/2018 10:10:29 PM]&lt;INFO&gt;Path To HorizonHobbyQA Application Url=https://www-tst.horizonhobby.com[5/14/2018 10:10:29 PM]&lt;INFO&gt;HorizonHobbyQA sql connection string=Server=cmp02-ws-tst-db01:50000;Database=TST01DB;UID=wcdbuser;PWD=h0r1z0n;Connect Timeout=30[5/14/2018 10:10:29 PM]&lt;INFO&gt;Country is := US and language id is := '-1'[5/14/2018 10:10:29 PM]&lt;INFO&gt;Current browser used for test execution is = 'IE'[5/14/2018 10:10:36 PM]&lt;INFO&gt;SearchProductexecuting ... Searching term:= 'FSV2412'[5/14/2018 10:10:42 PM]&lt;Info&gt;AllBrowserWindow : Locating browser window...[5/14/2018 10:10:43 PM]&lt;INFO&gt;BackOrderClickexecuting ...[5/14/2018 10:10:43 PM]&lt;INFO&gt;GoToCartClickexecuting ...[5/14/2018 10:10:50 PM]&lt;INFO&gt;CheckoutProcessStartShoppingCart : method executing[5/14/2018 10:10:50 PM]&lt;Info&gt;AllBrowserWindow : Locating browser window...[5/14/2018 10:10:59 PM]&lt;INFO&gt;CheckoutShoppingCartControls : method executing[5/14/2018 10:10:59 PM]&lt;Info&gt;AllBrowserWindow : Locating browser window...[5/14/2018 10:11:14 PM]&lt;Info&gt;AllBrowserWindow : Locating browser window...[5/14/2018 10:11:23 PM]&lt;Info&gt;AllBrowserWindow : Locating browser window...[5/14/2018 10:11:26 PM]&lt;PASS&gt;&lt;BillingShippingAddressDefault&gt;&lt;Validate that Billing Address -  First name is blank by default &gt;[5/14/2018 10:11:26 PM]&lt;PASS&gt;&lt;BillingShippingAddressDefault&gt;&lt;Validate that Billing Address -  Last name is blank by default &gt;[5/14/2018 10:11:26 PM]&lt;PASS&gt;&lt;BillingShippingAddressDefault&gt;&lt;Validate that Billing Address -  Country is United States default &gt;[5/14/2018 10:11:26 PM]&lt;PASS&gt;&lt;BillingShippingAddressDefault&gt;&lt;Validate that Billing Address -  Street Address 1 is blank by default &gt;[5/14/2018 10:11:27 PM]&lt;PASS&gt;&lt;BillingShippingAddressDefault&gt;&lt;Validate that Billing Address -  Street Address 2 is blank by default &gt;[5/14/2018 10:11:27 PM]&lt;PASS&gt;&lt;BillingShippingAddressDefault&gt;&lt;Validate that Billing Address -  City is blank by default &gt;[5/14/2018 10:11:27 PM]&lt;PASS&gt;&lt;BillingShippingAddressDefault&gt;&lt;Validate that Billing Address -  State is United States default &gt;[5/14/2018 10:11:27 PM]&lt;PASS&gt;&lt;BillingShippingAddressDefault&gt;&lt;Validate that Billing Address -  Zip Code is blank by default &gt;[5/14/2018 10:11:27 PM]&lt;PASS&gt;&lt;BillingShippingAddressDefault&gt;&lt;Validate that Billing Address -  Phone Number is blank by default &gt;[5/14/2018 10:11:27 PM]&lt;PASS&gt;&lt;BillingShippingAddressDefault&gt;&lt;Validate that Billing Address -  Email is blank by default &gt;[5/14/2018 10:11:28 PM]&lt;PASS&gt;&lt;BillingShippingAddressDefault&gt;&lt;Validate that Billing Address -  Send Me Email is unchecked default &gt;[5/14/2018 10:11:28 PM]&lt;PASS&gt;&lt;BillingShippingAddressDefault&gt;&lt;Validate that Shipping Address -  First name is blank by default &gt;[5/14/2018 10:11:28 PM]&lt;PASS&gt;&lt;BillingShippingAddressDefault&gt;&lt;Validate that Shipping Address -  Last name is blank by default &gt;[5/14/2018 10:11:28 PM]&lt;PASS&gt;&lt;BillingShippingAddressDefault&gt;&lt;Validate that Shipping Address -  Country is United States default &gt;[5/14/2018 10:11:28 PM]&lt;PASS&gt;&lt;BillingShippingAddressDefault&gt;&lt;Validate that Shipping Address -  Street Address 1 is blank by default &gt;[5/14/2018 10:11:28 PM]&lt;PASS&gt;&lt;BillingShippingAddressDefault&gt;&lt;Validate that Shipping Address -  Street Address 2 is blank by default &gt;[5/14/2018 10:11:29 PM]&lt;PASS&gt;&lt;BillingShippingAddressDefault&gt;&lt;Validate that Shipping Address -  City is blank by default &gt;[5/14/2018 10:11:29 PM]&lt;PASS&gt;&lt;BillingShippingAddressDefault&gt;&lt;Validate that Shipping Address -  State is United States default &gt;[5/14/2018 10:11:29 PM]&lt;PASS&gt;&lt;BillingShippingAddressDefault&gt;&lt;Validate that Shipping Address -  Zip Code is blank by default &gt;[5/14/2018 10:11:29 PM]&lt;PASS&gt;&lt;BillingShippingAddressDefault&gt;&lt;Validate that Shipping Address -  Phone Number is blank by default &gt;[5/14/2018 10:11:29 PM]&lt;PASS&gt;&lt;BillingShippingAddressDefault&gt;&lt;Validate that Shipping Address -  Email is blank by default &gt;[5/14/2018 10:11:29 PM]&lt;PASS&gt;&lt;CheckoutBillingAddressEntryAsGuestUser&gt;&lt;Validate that in Billing Address contains US  &gt;[5/14/2018 10:11:29 PM]&lt;PASS&gt;&lt;CheckoutBillingAddressEntryAsGuestUser&gt;&lt;Validate that in Billing Address contains Canada  &gt;[5/14/2018 10:11:30 PM]&lt;PASS&gt;&lt;CheckoutBillingAddressEntryAsGuestUser&gt;&lt;Validate that in Billing Address contains US  &gt;[5/14/2018 10:11:30 PM]&lt;PASS&gt;&lt;CheckoutBillingAddressEntryAsGuestUser&gt;&lt;Validate that in Billing Address Canada doesn't exists  &gt;[5/14/2018 10:11:30 PM]&lt;PASS&gt;&lt;CheckoutBillingAddressEntryAsGuestUser&gt;&lt;Validate the checkbox Same as my Billing Address exist &gt;[5/14/2018 10:11:30 PM]&lt;PASS&gt;&lt;CheckoutBillingAddressEntryAsGuestUser&gt;&lt;Validate the checbox Yes! Email me information on upcoming product releases and special promotions. exist &gt;[5/14/2018 10:11:30 PM]&lt;Info&gt;AllBrowserWindow : Locating browser window...[5/14/2018 10:11:30 PM]&lt;INFO&gt;FillBillingAndShippingAddressexecuting ...[5/14/2018 10:11:30 PM]&lt;Info&gt;AllBrowserWindow : Locating browser window...[5/14/2018 10:11:32 PM]&lt;INFO&gt;SelectBillingCountryexecuting ...[5/14/2018 10:11:39 PM]&lt;INFO&gt;SelectBillingStateexecuting ...[5/14/2018 10:11:54 PM]&lt;INFO&gt;SelectShippingCountryexecuting ...[5/14/2018 10:11:57 PM]&lt;INFO&gt;SelectShippingStateexecuting ...[5/14/2018 10:12:04 PM]&lt;INFO&gt;SelectCheckoutPaymentRadiobutton : method executing[5/14/2018 10:12:04 PM]&lt;INFO&gt;CheckoutCreditCardShippingAndBillingControls : method executing[5/14/2018 10:12:04 PM]&lt;Info&gt;AllBrowserWindow : Locating browser window...[5/14/2018 10:12:21 PM]&lt;PASS&gt;&lt;CheckoutBillingAddressEntryAsGuestUser&gt;&lt;Validate that Billing details entered on User Registration, displayed on Shipping &amp; billing Method Page  &gt;[5/14/2018 10:12:21 PM]&lt;RESULT&gt;Test Ended:#PASS=28, #FAIL=0[5/14/2018 10:12:22 PM]&lt;INFO&gt;LogCPUAndMemoryUsage: Available Memory = 24202(MB), CPU Usage = 16.92946%[5/14/2018 10:12:22 PM]&lt;INFO&gt;Private Working Set for QTAgent32_40, usage=143856 (K)[5/14/2018 10:12:22 PM]&lt;RESULT&gt;&lt;CheckoutBillingAddressEntryAsGuestUser&gt; Test PASSED</StdOut>
      </Output>
      <ResultFiles>
        <ResultFile path="CMP01-INDIASQA.horizonhobby.com\CheckoutBillingAddressEntryAsGuestUser_20180514221028.log" />
        <ResultFile path="CMP01-INDIASQA.horizonhobby.com\CheckoutBillingAddressEntryAsGuestUser_ResultsONLY_20180514221028.log" />
        <ResultFile path="CMP01-INDIASQA.horizonhobby.com\CheckoutCommonTestData_221028.xml" />
        <ResultFile path="CMP01-INDIASQA.horizonhobby.com\SharedCommonConfig.xml" />
      </ResultFiles>
    </UnitTestResult>
    <UnitTestResult executionId="d3460402-6e9a-4ec4-9d9c-9218e7d88f69" testId="8a0c4599-8d47-4829-d166-868c7eeefeab" testName="CreditCardCheckoutBillingAndShippingAddressAreDifferentAsSigninUser" computerName="CMP01-INDIASQA" duration="00:03:34.0844381" startTime="2018-05-14T22:12:24.7234730-05:00" endTime="2018-05-14T22:15:58.8974730-05:00" testType="13cdc9d9-ddb5-4fa4-a97d-d965ccfc6d4b" outcome="Failed" testListId="8c84fa94-04c1-424b-9868-57a2d4851a1d">
      <Output>
        <StdOut>Logging to custom path:\\CMP01-YKumar\AutoLogAssert.Fail failed. 
#Other errors=6
[Error details below]   at TestAuto.LoggingAndSharedGenericMethods.EndTest() in c:\Builds\1\WebSphere\QATestAutomation\src\CodedUITest\SourceCode\Common\Logging\Logging.cs:line 1628
   at TestAuto.CheckoutCreditCard.TestCleanup() in c:\Builds\1\WebSphere\QATestAutomation\src\CodedUITest\SourceCode\HHobby\Checkout\CheckoutCreditCard.cs:line 4170
[5/14/2018 10:12:24 PM]&lt;STARTLOG&gt;&lt;CreditCardCheckoutBillingAndShippingAddressAreDifferentAsSigninUser&gt;Test Started: Expecting: #PASS=Undefined and #FAIL=0
Running from MTM=True, running on machine name:CMP01-INDIASQA, user name=ykumar, OS=Microsoft Windows NT 6.1.7601 Service Pack 1, Is64BitOS=True[5/14/2018 10:12:25 PM]&lt;INFO&gt;LogCPUAndMemoryUsage: Available Memory = 24249(MB), CPU Usage = 21.49301%[5/14/2018 10:12:25 PM]&lt;INFO&gt;Private Working Set for QTAgent32_40, usage=143972 (K)[5/14/2018 10:12:25 PM]&lt;INFO&gt;Path To TestConfig xml=E:\LoadTestResult\VSEQT\QTAgent\26973\CMP01-INDIASQA.horizonhobby.com\Deployment\SharedCommonConfig.xml[5/14/2018 10:12:25 PM]&lt;INFO&gt;Path To TestData xml=E:\LoadTestResult\VSEQT\QTAgent\26973\CMP01-INDIASQA.horizonhobby.com\Deployment\CheckoutCreditCard_221224.xml[5/14/2018 10:12:25 PM]&lt;INFO&gt;Path To HorizonHobbyQA Application Url=https://www-tst.horizonhobby.com[5/14/2018 10:12:25 PM]&lt;INFO&gt;HorizonHobbyQA sql connection string=Server=cmp02-ws-tst-db01:50000;Database=TST01DB;UID=wcdbuser;PWD=h0r1z0n;Connect Timeout=30[5/14/2018 10:12:25 PM]&lt;INFO&gt;Country is := US and language id is := '-1'[5/14/2018 10:12:25 PM]&lt;INFO&gt;Current browser used for test execution is = 'IE'[5/14/2018 10:12:30 PM]&lt;INFO&gt;SurveyWindow : method executing ...[5/14/2018 10:12:39 PM]&lt;INFO&gt;ContinueOnCertificationErrorClickexecuting ...[5/14/2018 10:12:39 PM]&lt;Info&gt;DEAllBrowserWindow : Locating browser window...[5/14/2018 10:12:47 PM]&lt;INFO&gt;UserRegistration : method executing ...[5/14/2018 10:12:47 PM]&lt;Info&gt;AllBrowserWindow : Locating browser window...[5/14/2018 10:13:13 PM]&lt;Info&gt;AllBrowserWindow : Locating browser window...[5/14/2018 10:13:34 PM]&lt;Info&gt;AllBrowserWindow : Locating browser window...[5/14/2018 10:13:47 PM]&lt;INFO&gt;SurveyWindow : method executing ...[5/14/2018 10:13:55 PM]&lt;Info&gt;AllBrowserWindow : Locating browser window...Assert.Fail failed. [5/14/2018 10:14:20 PM]&lt;Error&gt;AllBrowserWindow : failed executing ...Unable to find Windows Internet Explorer window with 'Address Book - Internet Explorer' in the title., 
    StackTrace:
    AllBrowserWindow(),SharedBorderFree.cs,Line Number:1037
    CreditCardCheckoutBillingAndShippingAddressAreDifferentAsSigninUser(),CheckoutCreditCard.cs,Line Number:2309[5/14/2018 10:14:20 PM]&lt;CaptureImage&gt;\\CMP01-YKumar\AutoLog\CMP01-INDIASQA\CreditCardCheckoutBillingAndShippingAddressAreDifferentAsSigninUser_20180514221420.png[5/14/2018 10:14:20 PM]&lt;INFO&gt;SurveyWindow : method executing ...[5/14/2018 10:14:23 PM]&lt;Info&gt;AllBrowserWindow : Locating browser window...Assert.Fail failed. [5/14/2018 10:14:47 PM]&lt;Error&gt;AllBrowserWindow : failed executing ...Unable to find Windows Internet Explorer window with 'Address Book - Internet Explorer' in the title., 
    StackTrace:
    AllBrowserWindow(),SharedBorderFree.cs,Line Number:1037
    AddressBookUIControls(),SharedUserRegistration.cs,Line Number:264
    ModifyDefaultAddressType(),SharedUserRegistration.cs,Line Number:1384
    CreditCardCheckoutBillingAndShippingAddressAreDifferentAsSigninUser(),CheckoutCreditCard.cs,Line Number:2311[5/14/2018 10:14:47 PM]&lt;CaptureImage&gt;\\CMP01-YKumar\AutoLog\CMP01-INDIASQA\CreditCardCheckoutBillingAndShippingAddressAreDifferentAsSigninUser_20180514221447.png[5/14/2018 10:14:47 PM]&lt;Info&gt;AllBrowserWindow : Locating browser window...Assert.Fail failed. [5/14/2018 10:15:12 PM]&lt;Error&gt;AllBrowserWindow : failed executing ...Unable to find Windows Internet Explorer window with 'Address Book - Internet Explorer' in the title., 
    StackTrace:
    AllBrowserWindow(),SharedBorderFree.cs,Line Number:1037
    AddressBookUIControls(),SharedUserRegistration.cs,Line Number:288
    ModifyDefaultAddressType(),SharedUserRegistration.cs,Line Number:1384
    CreditCardCheckoutBillingAndShippingAddressAreDifferentAsSigninUser(),CheckoutCreditCard.cs,Line Number:2311[5/14/2018 10:15:12 PM]&lt;CaptureImage&gt;\\CMP01-YKumar\AutoLog\CMP01-INDIASQA\CreditCardCheckoutBillingAndShippingAddressAreDifferentAsSigninUser_20180514221512.pngAssert.Fail failed. [5/14/2018 10:15:18 PM]&lt;ERROR&gt;MouseClick Exception:Microsoft.VisualStudio.TestTools.UITest.Extension.UITestControlNotFoundException: The playback failed to find the control with the given search properties. Additional Details: 
TechnologyName:  'Web'
ControlType:  'Hyperlink'
TagName:  'A'
Id:  'WC_AjaxAddressBookForm_links_1'
 Failed to find any control that matched the search condition Id='WC_AjaxAddressBookForm_links_1' &amp;&amp; ControlType='Hyperlink' ---&gt; System.Runtime.InteropServices.COMException: Error HRESULT E_FAIL has been returned from a call to a COM component.
   at Microsoft.VisualStudio.TestTools.UITest.Playback.Engine.IScreenElement.FindAllDescendants(String bstrQueryId, Object&amp; pvarResKeys, Int32 cResKeys, Int32 nMaxDepth)
   at Microsoft.VisualStudio.TestTools.UITest.Playback.ScreenElement.FindAllScreenElement(String queryId, Int32 depth, Boolean singleQueryId, Boolean throwException, Boolean resetSkipStep)
   at Microsoft.VisualStudio.TestTools.UITest.Playback.ScreenElement.FindScreenElement(String queryId, Int32 depth, Boolean resetSkipStep)
   at Microsoft.VisualStudio.TestTools.UITesting.UITestControl.FindFirstDescendant(String queryId, Int32 maxDepth, Int32&amp; timeLeft)
   --- End of inner exception stack trace ---
   at Microsoft.VisualStudio.TestTools.UITesting.Playback.MapControlNotFoundException(COMException ex, IPlaybackContext context)
   at Microsoft.VisualStudio.TestTools.UITesting.Playback.MapAndThrowComException(COMException innerException, IPlaybackContext context)
   at Microsoft.VisualStudio.TestTools.UITesting.Playback.MapAndThrowException(SystemException exception, IPlaybackContext context)
   at Microsoft.VisualStudio.TestTools.UITesting.Playback.MapAndThrowException(SystemException exception, String queryId)
   at Microsoft.VisualStudio.TestTools.UITesting.UITestControl.FindFirstDescendant(String queryId, Int32 maxDepth, Int32&amp; timeLeft)
   at Microsoft.VisualStudio.TestTools.UITesting.SearchHelper.GetUITestControlRecursive(Boolean useCache, Boolean alwaysSearch, ISearchArgument searchArg, IList`1 windowTitles, Int32&amp; timeLeft)
   at Microsoft.VisualStudio.TestTools.UITesting.SearchHelper.GetElement(Boolean useCache, ISearchArgument searchArg)
   at Microsoft.VisualStudio.TestTools.UITesting.SearchHelper.Search(ISearchArgument searchArg)
   at Microsoft.VisualStudio.TestTools.UITesting.UITestControl.FindInternal()
   at Microsoft.VisualStudio.TestTools.UITesting.UITestControl.&lt;Find&gt;b__3a()
   at Microsoft.VisualStudio.TestTools.UITesting.CodedUITestMethodInvoker.InvokeMethod[T](Func`1 function, UITestControl control, Boolean firePlaybackErrorEvent, Boolean logAsAction)
   at Microsoft.VisualStudio.TestTools.UITesting.UITestControl.Find()
   at Microsoft.VisualStudio.TestTools.UITesting.UITestControl.GetPropertyPrivate(String propertyName)
   at Microsoft.VisualStudio.TestTools.UITesting.UITestControl.GetPropertyOfType[T](String propertyName)
   at Microsoft.VisualStudio.TestTools.UITesting.UITestControl.get_Name()
   at TestAuto.LoggingAndSharedGenericMethods.MouseClick(UITestControl uiMenuItemTestControl) in c:\Builds\1\WebSphere\QATestAutomation\src\CodedUITest\SourceCode\Common\Logging\SharedMethods_Generic.cs:line 790, 
    StackTrace:
    MouseClick(),SharedMethods_Generic.cs,Line Number:822
    ModifyDefaultAddressType(),SharedUserRegistration.cs,Line Number:1386
    CreditCardCheckoutBillingAndShippingAddressAreDifferentAsSigninUser(),CheckoutCreditCard.cs,Line Number:2311[5/14/2018 10:15:18 PM]&lt;CaptureImage&gt;\\CMP01-YKumar\AutoLog\CMP01-INDIASQA\CreditCardCheckoutBillingAndShippingAddressAreDifferentAsSigninUser_20180514221518.pngAssert.Fail failed. [5/14/2018 10:15:24 PM]&lt;ERROR&gt;MouseClick Exception:Microsoft.VisualStudio.TestTools.UITest.Extension.UITestControlNotFoundException: The playback failed to find the control with the given search properties. Additional Details: 
TechnologyName:  'Web'
ControlType:  'Hyperlink'
TagName:  'A'
Class:  'button secondary'
 Failed to find any control that matched the search condition ControlType='Hyperlink' &amp;&amp; Class='button secondary' ---&gt; System.Runtime.InteropServices.COMException: Error HRESULT E_FAIL has been returned from a call to a COM component.
   at Microsoft.VisualStudio.TestTools.UITest.Playback.Engine.IScreenElement.FindAllDescendants(String bstrQueryId, Object&amp; pvarResKeys, Int32 cResKeys, Int32 nMaxDepth)
   at Microsoft.VisualStudio.TestTools.UITest.Playback.ScreenElement.FindAllScreenElement(String queryId, Int32 depth, Boolean singleQueryId, Boolean throwException, Boolean resetSkipStep)
   at Microsoft.VisualStudio.TestTools.UITest.Playback.ScreenElement.FindScreenElement(String queryId, Int32 depth, Boolean resetSkipStep)
   at Microsoft.VisualStudio.TestTools.UITesting.UITestControl.FindFirstDescendant(String queryId, Int32 maxDepth, Int32&amp; timeLeft)
   --- End of inner exception stack trace ---
   at Microsoft.VisualStudio.TestTools.UITesting.Playback.MapControlNotFoundException(COMException ex, IPlaybackContext context)
   at Microsoft.VisualStudio.TestTools.UITesting.Playback.MapAndThrowComException(COMException innerException, IPlaybackContext context)
   at Microsoft.VisualStudio.TestTools.UITesting.Playback.MapAndThrowException(SystemException exception, IPlaybackContext context)
   at Microsoft.VisualStudio.TestTools.UITesting.Playback.MapAndThrowException(SystemException exception, String queryId)
   at Microsoft.VisualStudio.TestTools.UITesting.UITestControl.FindFirstDescendant(String queryId, Int32 maxDepth, Int32&amp; timeLeft)
   at Microsoft.VisualStudio.TestTools.UITesting.SearchHelper.GetUITestControlRecursive(Boolean useCache, Boolean alwaysSearch, ISearchArgument searchArg, IList`1 windowTitles, Int32&amp; timeLeft)
   at Microsoft.VisualStudio.TestTools.UITesting.SearchHelper.GetElement(Boolean useCache, ISearchArgument searchArg)
   at Microsoft.VisualStudio.TestTools.UITesting.SearchHelper.Search(ISearchArgument searchArg)
   at Microsoft.VisualStudio.TestTools.UITesting.UITestControl.FindInternal()
   at Microsoft.VisualStudio.TestTools.UITesting.UITestControl.&lt;Find&gt;b__3a()
   at Microsoft.VisualStudio.TestTools.UITesting.CodedUITestMethodInvoker.InvokeMethod[T](Func`1 function, UITestControl control, Boolean firePlaybackErrorEvent, Boolean logAsAction)
   at Microsoft.VisualStudio.TestTools.UITesting.UITestControl.Find()
   at Microsoft.VisualStudio.TestTools.UITesting.UITestControl.GetPropertyPrivate(String propertyName)
   at Microsoft.VisualStudio.TestTools.UITesting.UITestControl.GetPropertyOfType[T](String propertyName)
   at Microsoft.VisualStudio.TestTools.UITesting.UITestControl.get_Name()
   at TestAuto.LoggingAndSharedGenericMethods.MouseClick(UITestControl uiMenuItemTestControl) in c:\Builds\1\WebSphere\QATestAutomation\src\CodedUITest\SourceCode\Common\Logging\SharedMethods_Generic.cs:line 790, 
    StackTrace:
    MouseClick(),SharedMethods_Generic.cs,Line Number:822
    ModifyDefaultAddressType(),SharedUserRegistration.cs,Line Number:1387
    CreditCardCheckoutBillingAndShippingAddressAreDifferentAsSigninUser(),CheckoutCreditCard.cs,Line Number:2311[5/14/2018 10:15:24 PM]&lt;CaptureImage&gt;\\CMP01-YKumar\AutoLog\CMP01-INDIASQA\CreditCardCheckoutBillingAndShippingAddressAreDifferentAsSigninUser_20180514221524.pngAssert.Fail failed. [5/14/2018 10:15:27 PM]&lt;Error&gt;CreditCardCheckoutBillingAndShippingAddressAreDifferentAsSigninUser : failed executing ...The playback failed to find the control with the given search properties. Additional Details: 
TechnologyName:  'Web'
ControlType:  'ComboBox'
TagName:  'SELECT'
Id:  'addressId'
 Failed to find any control that matched the search condition Id='addressId' &amp;&amp; ControlType='ComboBox', 
    StackTrace:
    CreditCardCheckoutBillingAndShippingAddressAreDifferentAsSigninUser(),CheckoutCreditCard.cs,Line Number:2381[5/14/2018 10:15:27 PM]&lt;CaptureImage&gt;\\CMP01-YKumar\AutoLog\CMP01-INDIASQA\CreditCardCheckoutBillingAndShippingAddressAreDifferentAsSigninUser_20180514221527.png[5/14/2018 10:15:27 PM]&lt;INFO&gt;DeleteWishlistFromDatabase : method executing[5/14/2018 10:15:55 PM]&lt;RESULT&gt;Test Ended:#PASS=0, #FAIL=0,#Other errors=6[5/14/2018 10:15:56 PM]&lt;INFO&gt;LogCPUAndMemoryUsage: Available Memory = 24368(MB), CPU Usage = 7.077322%[5/14/2018 10:15:56 PM]&lt;INFO&gt;Private Working Set for QTAgent32_40, usage=154452 (K)[5/14/2018 10:15:56 PM]&lt;RESULT&gt;&lt;CreditCardCheckoutBillingAndShippingAddressAreDifferentAsSigninUser&gt; Test FAILED: #Other errors=6. See Error Message/logs for further details.</StdOut>
        <ErrorInfo>
          <Message>Assert.Fail failed. 
#Other errors=6
[Error details below]</Message>
          <StackTrace>   at TestAuto.LoggingAndSharedGenericMethods.EndTest() in c:\Builds\1\WebSphere\QATestAutomation\src\CodedUITest\SourceCode\Common\Logging\Logging.cs:line 1628
   at TestAuto.CheckoutCreditCard.TestCleanup() in c:\Builds\1\WebSphere\QATestAutomation\src\CodedUITest\SourceCode\HHobby\Checkout\CheckoutCreditCard.cs:line 4170
</StackTrace>
        </ErrorInfo>
      </Output>
      <ResultFiles>
        <ResultFile path="CMP01-INDIASQA.horizonhobby.com\CheckoutCreditCard_221224.xml" />
        <ResultFile path="CMP01-INDIASQA.horizonhobby.com\CreditCardCheckoutBillingAndShippingAddressAreDifferentAsSigninUser_20180514221224.log" />
        <ResultFile path="CMP01-INDIASQA.horizonhobby.com\CreditCardCheckoutBillingAndShippingAddressAreDifferentAsSigninUser_20180514221420.png" />
        <ResultFile path="CMP01-INDIASQA.horizonhobby.com\CreditCardCheckoutBillingAndShippingAddressAreDifferentAsSigninUser_20180514221447.png" />
        <ResultFile path="CMP01-INDIASQA.horizonhobby.com\CreditCardCheckoutBillingAndShippingAddressAreDifferentAsSigninUser_20180514221512.png" />
        <ResultFile path="CMP01-INDIASQA.horizonhobby.com\CreditCardCheckoutBillingAndShippingAddressAreDifferentAsSigninUser_20180514221518.png" />
        <ResultFile path="CMP01-INDIASQA.horizonhobby.com\CreditCardCheckoutBillingAndShippingAddressAreDifferentAsSigninUser_20180514221524.png" />
        <ResultFile path="CMP01-INDIASQA.horizonhobby.com\CreditCardCheckoutBillingAndShippingAddressAreDifferentAsSigninUser_20180514221527.png" />
      </ResultFiles>
    </UnitTestResult>
    <UnitTestResult executionId="1466d8ae-d51f-4a07-8418-eb842f44f68c" testId="677ce03c-d3c9-70be-5ab3-0e67df872a8e" testName="CheckoutCommonGiftCardVerifyGiftCardPurchasedFromHH" computerName="CMP01-INDIASQA" duration="00:06:44.5866708" startTime="2018-05-14T22:15:58.9004730-05:00" endTime="2018-05-14T22:22:43.7084730-05:00" testType="13cdc9d9-ddb5-4fa4-a97d-d965ccfc6d4b" outcome="Failed" testListId="8c84fa94-04c1-424b-9868-57a2d4851a1d">
      <Output>
        <StdOut>Logging to custom path:\\CMP01-YKumar\AutoLogAssert.Fail failed. 
#Other errors=17
[Error details below]   at TestAuto.LoggingAndSharedGenericMethods.EndTest() in c:\Builds\1\WebSphere\QATestAutomation\src\CodedUITest\SourceCode\Common\Logging\Logging.cs:line 1628
   at TestAuto.CheckoutCreditCard.TestCleanup() in c:\Builds\1\WebSphere\QATestAutomation\src\CodedUITest\SourceCode\HHobby\Checkout\CheckoutCreditCard.cs:line 4170
[5/14/2018 10:15:58 PM]&lt;STARTLOG&gt;&lt;CheckoutCommonGiftCardVerifyGiftCardPurchasedFromHH&gt;Test Started: Expecting: #PASS=Undefined and #FAIL=0
Running from MTM=True, running on machine name:CMP01-INDIASQA, user name=ykumar, OS=Microsoft Windows NT 6.1.7601 Service Pack 1, Is64BitOS=True[5/14/2018 10:15:59 PM]&lt;INFO&gt;LogCPUAndMemoryUsage: Available Memory = 24405(MB), CPU Usage = 16.98351%[5/14/2018 10:15:59 PM]&lt;INFO&gt;Private Working Set for QTAgent32_40, usage=154712 (K)[5/14/2018 10:15:59 PM]&lt;INFO&gt;Path To TestConfig xml=E:\LoadTestResult\VSEQT\QTAgent\26973\CMP01-INDIASQA.horizonhobby.com\Deployment\SharedCommonConfig.xml[5/14/2018 10:15:59 PM]&lt;INFO&gt;Path To TestData xml=E:\LoadTestResult\VSEQT\QTAgent\26973\CMP01-INDIASQA.horizonhobby.com\Deployment\CheckoutCreditCard_221558.xml[5/14/2018 10:15:59 PM]&lt;INFO&gt;Path To HorizonHobbyQA Application Url=https://www-tst.horizonhobby.com[5/14/2018 10:15:59 PM]&lt;INFO&gt;HorizonHobbyQA sql connection string=Server=cmp02-ws-tst-db01:50000;Database=TST01DB;UID=wcdbuser;PWD=h0r1z0n;Connect Timeout=30[5/14/2018 10:16:00 PM]&lt;INFO&gt;Country is := US and language id is := '-1'[5/14/2018 10:16:00 PM]&lt;INFO&gt;Current browser used for test execution is = 'IE'[5/14/2018 10:16:00 PM]&lt;INFO&gt;GenerateGiftCard : method executing...[5/14/2018 10:16:00 PM]&lt;INFO&gt;LaunchCustomBrowserWindow : method executing ...[5/14/2018 10:16:02 PM]&lt;INFO&gt;SurveyWindow : method executing ...[5/14/2018 10:16:05 PM]&lt;PASS&gt;&lt;GenerateGiftCard&gt;&lt; Validates that a new Gift Card Number generated successfully&gt;[5/14/2018 10:16:12 PM]&lt;INFO&gt;SurveyWindow : method executing ...[5/14/2018 10:16:19 PM]&lt;INFO&gt;ContinueOnCertificationErrorClickexecuting ...[5/14/2018 10:16:19 PM]&lt;Info&gt;DEAllBrowserWindow : Locating browser window...[5/14/2018 10:16:28 PM]&lt;INFO&gt;UserRegistration : method executing ...[5/14/2018 10:16:28 PM]&lt;Info&gt;AllBrowserWindow : Locating browser window...[5/14/2018 10:16:53 PM]&lt;Info&gt;AllBrowserWindow : Locating browser window...Assert.Fail failed. [5/14/2018 10:17:17 PM]&lt;Error&gt;AllBrowserWindow : failed executing ...Unable to find Windows Internet Explorer window with 'My Account - Internet Explorer' in the title., 
    StackTrace:
    AllBrowserWindow(),SharedBorderFree.cs,Line Number:1037
    UserRegistration(),SharedUserRegistration.cs,Line Number:818
    RegisterNewUser(),SharedUserRegistration.cs,Line Number:1158
    RegisterNewUser(),SharedUserRegistration.cs,Line Number:1171
    CheckoutCommonGiftCardVerifyGiftCardPurchasedFromHH(),CheckoutCreditCard.cs,Line Number:2414[5/14/2018 10:17:17 PM]&lt;CaptureImage&gt;\\CMP01-YKumar\AutoLog\CMP01-INDIASQA\CheckoutCommonGiftCardVerifyGiftCardPurchasedFromHH_20180514221717.png[5/14/2018 10:17:21 PM]&lt;Info&gt;AllBrowserWindow : Locating browser window...Assert.Fail failed. [5/14/2018 10:17:46 PM]&lt;Error&gt;AllBrowserWindow : failed executing ...Unable to find Windows Internet Explorer window with 'My Account - Internet Explorer' in the title., 
    StackTrace:
    AllBrowserWindow(),SharedBorderFree.cs,Line Number:1037
    CheckoutCommonGiftCardVerifyGiftCardPurchasedFromHH(),CheckoutCreditCard.cs,Line Number:2416[5/14/2018 10:17:46 PM]&lt;CaptureImage&gt;\\CMP01-YKumar\AutoLog\CMP01-INDIASQA\CheckoutCommonGiftCardVerifyGiftCardPurchasedFromHH_20180514221746.png[5/14/2018 10:17:49 PM]&lt;INFO&gt;SearchProductexecuting ... Searching term:= 'IRLDUO58004RE'[5/14/2018 10:17:56 PM]&lt;Info&gt;AllBrowserWindow : Locating browser window...[5/14/2018 10:17:57 PM]&lt;INFO&gt;BackOrderClickexecuting ...[5/14/2018 10:17:57 PM]&lt;INFO&gt;GoToCartClickexecuting ...[5/14/2018 10:18:04 PM]&lt;INFO&gt;CheckoutProcessStartShoppingCart : method executing[5/14/2018 10:18:04 PM]&lt;Info&gt;AllBrowserWindow : Locating browser window...[5/14/2018 10:18:14 PM]&lt;INFO&gt;CheckoutShoppingCartControls : method executing[5/14/2018 10:18:14 PM]&lt;Info&gt;AllBrowserWindow : Locating browser window...[5/14/2018 10:18:28 PM]&lt;Info&gt;AllBrowserWindow : Locating browser window...Assert.Fail failed. [5/14/2018 10:18:52 PM]&lt;Error&gt;AllBrowserWindow : failed executing ...Unable to find Windows Internet Explorer window with 'HorizonHobby - Shipping and Billing Display - Internet Explorer' in the title., 
    StackTrace:
    AllBrowserWindow(),SharedBorderFree.cs,Line Number:1037
    CheckoutCommonGiftCardVerifyGiftCardPurchasedFromHH(),CheckoutCreditCard.cs,Line Number:2432[5/14/2018 10:18:52 PM]&lt;CaptureImage&gt;\\CMP01-YKumar\AutoLog\CMP01-INDIASQA\CheckoutCommonGiftCardVerifyGiftCardPurchasedFromHH_20180514221852.png[5/14/2018 10:18:52 PM]&lt;INFO&gt;ApplyGiftCard : method executing... -&gt; ''[5/14/2018 10:18:52 PM]&lt;Info&gt;AllBrowserWindow : Locating browser window...Assert.Fail failed. [5/14/2018 10:19:16 PM]&lt;Error&gt;AllBrowserWindow : failed executing ...Unable to find Windows Internet Explorer window with 'HorizonHobby - Shipping and Billing Display - Internet Explorer' in the title., 
    StackTrace:
    AllBrowserWindow(),SharedBorderFree.cs,Line Number:1037
    ApplyGiftCard(),SharedCheckoutCommon.cs,Line Number:1230
    ApplyGiftCard(),SharedCheckoutCommon.cs,Line Number:1309
    CheckoutCommonGiftCardVerifyGiftCardPurchasedFromHH(),CheckoutCreditCard.cs,Line Number:2433[5/14/2018 10:19:16 PM]&lt;CaptureImage&gt;\\CMP01-YKumar\AutoLog\CMP01-INDIASQA\CheckoutCommonGiftCardVerifyGiftCardPurchasedFromHH_20180514221916.pngAssert.Fail failed. [5/14/2018 10:19:24 PM]&lt;Error&gt;ApplyGiftCard : failed executing ...The playback failed to find the control with the given search properties. Additional Details: 
TechnologyName:  'Web'
ControlType:  'Edit'
TagName:  'INPUT'
Id:  'giftCard'
 Failed to find any control that matched the search condition ControlType='Edit' &amp;&amp; Id=&gt;'giftCard', 
    StackTrace:
    ApplyGiftCard(),SharedCheckoutCommon.cs,Line Number:1302
    ApplyGiftCard(),SharedCheckoutCommon.cs,Line Number:1309
    CheckoutCommonGiftCardVerifyGiftCardPurchasedFromHH(),CheckoutCreditCard.cs,Line Number:2433[5/14/2018 10:19:24 PM]&lt;CaptureImage&gt;\\CMP01-YKumar\AutoLog\CMP01-INDIASQA\CheckoutCommonGiftCardVerifyGiftCardPurchasedFromHH_20180514221924.png[5/14/2018 10:19:29 PM]&lt;INFO&gt;SelectCheckoutPaymentRadiobutton : method executing[5/14/2018 10:19:29 PM]&lt;INFO&gt;CheckoutCreditCardShippingAndBillingControls : method executing[5/14/2018 10:19:29 PM]&lt;Info&gt;AllBrowserWindow : Locating browser window...Assert.Fail failed. [5/14/2018 10:19:53 PM]&lt;Error&gt;AllBrowserWindow : failed executing ...Unable to find Windows Internet Explorer window with 'HorizonHobby - Shipping and Billing Display - Internet Explorer' in the title., 
    StackTrace:
    AllBrowserWindow(),SharedBorderFree.cs,Line Number:1037
    CheckoutCreditCardShippingAndBillingControls(),SharedCheckoutCreditCard.cs,Line Number:66
    SelectCheckoutPaymentRadiobutton(),SharedCheckoutCreditCard.cs,Line Number:514
    CheckoutCommonGiftCardVerifyGiftCardPurchasedFromHH(),CheckoutCreditCard.cs,Line Number:2436[5/14/2018 10:19:53 PM]&lt;CaptureImage&gt;\\CMP01-YKumar\AutoLog\CMP01-INDIASQA\CheckoutCommonGiftCardVerifyGiftCardPurchasedFromHH_20180514221953.pngAssert.Fail failed. [5/14/2018 10:20:01 PM]&lt;ERROR&gt;SelectCheckoutPaymentRadiobutton : failed executing ...Index was out of range. Must be non-negative and less than the size of the collection.
Parameter name: index, 
    StackTrace:
    SelectCheckoutPaymentRadiobutton(),SharedCheckoutCreditCard.cs,Line Number:539
    CheckoutCommonGiftCardVerifyGiftCardPurchasedFromHH(),CheckoutCreditCard.cs,Line Number:2436[5/14/2018 10:20:01 PM]&lt;CaptureImage&gt;\\CMP01-YKumar\AutoLog\CMP01-INDIASQA\CheckoutCommonGiftCardVerifyGiftCardPurchasedFromHH_20180514222001.png[5/14/2018 10:20:01 PM]&lt;INFO&gt;FillCreditCardDetails : method executing[5/14/2018 10:20:01 PM]&lt;INFO&gt;CheckoutCreditCardShippingAndBillingControls : method executing[5/14/2018 10:20:01 PM]&lt;Info&gt;AllBrowserWindow : Locating browser window...Assert.Fail failed. [5/14/2018 10:20:25 PM]&lt;Error&gt;AllBrowserWindow : failed executing ...Unable to find Windows Internet Explorer window with 'HorizonHobby - Shipping and Billing Display - Internet Explorer' in the title., 
    StackTrace:
    AllBrowserWindow(),SharedBorderFree.cs,Line Number:1037
    CheckoutCreditCardShippingAndBillingControls(),SharedCheckoutCreditCard.cs,Line Number:66
    FillCreditCardDetails(),SharedCheckoutCreditCard.cs,Line Number:551
    CheckoutCommonGiftCardVerifyGiftCardPurchasedFromHH(),CheckoutCreditCard.cs,Line Number:2439[5/14/2018 10:20:25 PM]&lt;CaptureImage&gt;\\CMP01-YKumar\AutoLog\CMP01-INDIASQA\CheckoutCommonGiftCardVerifyGiftCardPurchasedFromHH_20180514222025.pngAssert.Fail failed. [5/14/2018 10:20:32 PM]&lt;ERROR&gt;FillCreditCardDetails : failed executing ...The playback failed to find the control with the given search properties. Additional Details: 
TechnologyName:  'Web'
ControlType:  'Edit'
TagName:  'INPUT'
Class:  'cardEntry_cardNumInput'
 Failed to find any control that matched the search condition ControlType='Edit' &amp;&amp; Class=&gt;'cardEntry_cardNumInput', 
    StackTrace:
    FillCreditCardDetails(),SharedCheckoutCreditCard.cs,Line Number:570
    CheckoutCommonGiftCardVerifyGiftCardPurchasedFromHH(),CheckoutCreditCard.cs,Line Number:2439[5/14/2018 10:20:32 PM]&lt;CaptureImage&gt;\\CMP01-YKumar\AutoLog\CMP01-INDIASQA\CheckoutCommonGiftCardVerifyGiftCardPurchasedFromHH_20180514222032.png[5/14/2018 10:20:32 PM]&lt;INFO&gt;ClickReviewOrder : method executing[5/14/2018 10:20:32 PM]&lt;INFO&gt;CheckoutCreditCardShippingAndBillingControls : method executing[5/14/2018 10:20:32 PM]&lt;Info&gt;AllBrowserWindow : Locating browser window...Assert.Fail failed. [5/14/2018 10:20:57 PM]&lt;Error&gt;AllBrowserWindow : failed executing ...Unable to find Windows Internet Explorer window with 'HorizonHobby - Shipping and Billing Display - Internet Explorer' in the title., 
    StackTrace:
    AllBrowserWindow(),SharedBorderFree.cs,Line Number:1037
    CheckoutCreditCardShippingAndBillingControls(),SharedCheckoutCreditCard.cs,Line Number:66
    ClickReviewOrder(),SharedCheckoutCreditCard.cs,Line Number:582
    CheckoutCommonGiftCardVerifyGiftCardPurchasedFromHH(),CheckoutCreditCard.cs,Line Number:2441[5/14/2018 10:20:57 PM]&lt;CaptureImage&gt;\\CMP01-YKumar\AutoLog\CMP01-INDIASQA\CheckoutCommonGiftCardVerifyGiftCardPurchasedFromHH_20180514222057.pngAssert.Fail failed. [5/14/2018 10:21:07 PM]&lt;ERROR&gt;ClickReviewOrder : failed executing ...The playback failed to find the control with the given search properties. Additional Details: 
TechnologyName:  'Web'
ControlType:  'Hyperlink'
TagName:  'A'
Id:  'shippingBillingPageNextPrepareCall'
 Failed to find any control that matched the value shippingBillingPageNextPrepareCall for the search property Id., 
    StackTrace:
    ClickReviewOrder(),SharedCheckoutCreditCard.cs,Line Number:605
    CheckoutCommonGiftCardVerifyGiftCardPurchasedFromHH(),CheckoutCreditCard.cs,Line Number:2441[5/14/2018 10:21:07 PM]&lt;CaptureImage&gt;\\CMP01-YKumar\AutoLog\CMP01-INDIASQA\CheckoutCommonGiftCardVerifyGiftCardPurchasedFromHH_20180514222107.png[5/14/2018 10:21:07 PM]&lt;INFO&gt;PlaceOrderCreditCard : method executing[5/14/2018 10:21:07 PM]&lt;INFO&gt;CheckoutCreditCardShippingAndBillingControls : method executing[5/14/2018 10:21:07 PM]&lt;Info&gt;AllBrowserWindow : Locating browser window...Assert.Fail failed. [5/14/2018 10:21:31 PM]&lt;Error&gt;AllBrowserWindow : failed executing ...Unable to find Windows Internet Explorer window with 'HorizonHobby - Shipping and Billing Display - Internet Explorer' in the title., 
    StackTrace:
    AllBrowserWindow(),SharedBorderFree.cs,Line Number:1037
    CheckoutCreditCardShippingAndBillingControls(),SharedCheckoutCreditCard.cs,Line Number:66
    PlaceOrderCreditCard(),SharedCheckoutCreditCard.cs,Line Number:683
    PlaceOrder(),SharedCheckoutCreditCard.cs,Line Number:630
    CheckoutCommonGiftCardVerifyGiftCardPurchasedFromHH(),CheckoutCreditCard.cs,Line Number:2444[5/14/2018 10:21:31 PM]&lt;CaptureImage&gt;\\CMP01-YKumar\AutoLog\CMP01-INDIASQA\CheckoutCommonGiftCardVerifyGiftCardPurchasedFromHH_20180514222131.pngAssert.Fail failed. [5/14/2018 10:21:40 PM]&lt;ERROR&gt;PlaceOrderCreditCard : failed executing ...The playback failed to find the control with the given search properties. Additional Details: 
TechnologyName:  'Web'
ControlType:  'Hyperlink'
TagName:  'A'
Id:  'shippingBillingPageNextGCTotal'
 Failed to find any control that matched the value shippingBillingPageNextGCTotal for the search property Id., 
    StackTrace:
    PlaceOrderCreditCard(),SharedCheckoutCreditCard.cs,Line Number:758
    PlaceOrder(),SharedCheckoutCreditCard.cs,Line Number:630
    CheckoutCommonGiftCardVerifyGiftCardPurchasedFromHH(),CheckoutCreditCard.cs,Line Number:2444[5/14/2018 10:21:40 PM]&lt;CaptureImage&gt;\\CMP01-YKumar\AutoLog\CMP01-INDIASQA\CheckoutCommonGiftCardVerifyGiftCardPurchasedFromHH_20180514222140.png[5/14/2018 10:21:40 PM]&lt;Info&gt;AllBrowserWindow : Locating browser window...Assert.Fail failed. [5/14/2018 10:22:05 PM]&lt;Error&gt;AllBrowserWindow : failed executing ...Unable to find Windows Internet Explorer window with 'HorizonHobby - Order Confirmation - Internet Explorer' in the title., 
    StackTrace:
    AllBrowserWindow(),SharedBorderFree.cs,Line Number:1037
    HandleGooglePrompt(),SharedCheckoutCreditCard.cs,Line Number:1365
    HandleGooglePrompt(),SharedCheckoutCreditCard.cs,Line Number:1390
    PlaceOrder(),SharedCheckoutCreditCard.cs,Line Number:631
    CheckoutCommonGiftCardVerifyGiftCardPurchasedFromHH(),CheckoutCreditCard.cs,Line Number:2444[5/14/2018 10:22:05 PM]&lt;CaptureImage&gt;\\CMP01-YKumar\AutoLog\CMP01-INDIASQA\CheckoutCommonGiftCardVerifyGiftCardPurchasedFromHH_20180514222205.png[5/14/2018 10:22:13 PM]&lt;Info&gt;AllBrowserWindow : Locating browser window...Assert.Fail failed. [5/14/2018 10:22:37 PM]&lt;Error&gt;AllBrowserWindow : failed executing ...Unable to find Windows Internet Explorer window with 'HorizonHobby - Order Confirmation - Internet Explorer' in the title., 
    StackTrace:
    AllBrowserWindow(),SharedBorderFree.cs,Line Number:1037
    CheckoutCommonGiftCardVerifyGiftCardPurchasedFromHH(),CheckoutCreditCard.cs,Line Number:2447[5/14/2018 10:22:37 PM]&lt;CaptureImage&gt;\\CMP01-YKumar\AutoLog\CMP01-INDIASQA\CheckoutCommonGiftCardVerifyGiftCardPurchasedFromHH_20180514222237.png[5/14/2018 10:22:37 PM]&lt;INFO&gt;SearchProductexecuting ... Searching term:= 'heli'Assert.Fail failed. [5/14/2018 10:22:39 PM]&lt;ERROR&gt;SearchProduct := heli : failed executing ...Another control is blocking the control. Please make the blocked control visible and retry the action. Additional Details: 
TechnologyName:  'Web'
ControlType:  'Edit'
TagName:  'INPUT'
Id:  'SimpleSearchForm_SearchTerm'
Name:  'searchTerm'
, 
    StackTrace:
    SearchProduct(),SharedApplicationCommon.cs,Line Number:697
    CheckoutCommonGiftCardVerifyGiftCardPurchasedFromHH(),CheckoutCreditCard.cs,Line Number:2449[5/14/2018 10:22:39 PM]&lt;CaptureImage&gt;\\CMP01-YKumar\AutoLog\CMP01-INDIASQA\CheckoutCommonGiftCardVerifyGiftCardPurchasedFromHH_20180514222239.pngAssert.Fail failed. [5/14/2018 10:22:40 PM]&lt;Error&gt;CheckoutCommonGiftCardVerifyGiftCardPurchasedFromHH : failed executing ...The given key was not present in the dictionary., 
    StackTrace:
    CheckoutCommonGiftCardVerifyGiftCardPurchasedFromHH(),CheckoutCreditCard.cs,Line Number:2486[5/14/2018 10:22:40 PM]&lt;CaptureImage&gt;\\CMP01-YKumar\AutoLog\CMP01-INDIASQA\CheckoutCommonGiftCardVerifyGiftCardPurchasedFromHH_20180514222240.png[5/14/2018 10:22:40 PM]&lt;RESULT&gt;Test Ended:#PASS=1, #FAIL=0,#Other errors=17[5/14/2018 10:22:41 PM]&lt;INFO&gt;LogCPUAndMemoryUsage: Available Memory = 24298(MB), CPU Usage = 2.791579%[5/14/2018 10:22:41 PM]&lt;INFO&gt;Private Working Set for QTAgent32_40, usage=158640 (K)[5/14/2018 10:22:41 PM]&lt;RESULT&gt;&lt;CheckoutCommonGiftCardVerifyGiftCardPurchasedFromHH&gt; Test FAILED: #Other errors=17. See Error Message/logs for further details.</StdOut>
        <ErrorInfo>
          <Message>Assert.Fail failed. 
#Other errors=17
[Error details below]</Message>
          <StackTrace>   at TestAuto.LoggingAndSharedGenericMethods.EndTest() in c:\Builds\1\WebSphere\QATestAutomation\src\CodedUITest\SourceCode\Common\Logging\Logging.cs:line 1628
   at TestAuto.CheckoutCreditCard.TestCleanup() in c:\Builds\1\WebSphere\QATestAutomation\src\CodedUITest\SourceCode\HHobby\Checkout\CheckoutCreditCard.cs:line 4170
</StackTrace>
        </ErrorInfo>
      </Output>
      <ResultFiles>
        <ResultFile path="CMP01-INDIASQA.horizonhobby.com\CheckoutCommonGiftCardVerifyGiftCardPurchasedFromHH_20180514221558.log" />
        <ResultFile path="CMP01-INDIASQA.horizonhobby.com\CheckoutCommonGiftCardVerifyGiftCardPurchasedFromHH_20180514221717.png" />
        <ResultFile path="CMP01-INDIASQA.horizonhobby.com\CheckoutCommonGiftCardVerifyGiftCardPurchasedFromHH_20180514221746.png" />
        <ResultFile path="CMP01-INDIASQA.horizonhobby.com\CheckoutCommonGiftCardVerifyGiftCardPurchasedFromHH_20180514221852.png" />
        <ResultFile path="CMP01-INDIASQA.horizonhobby.com\CheckoutCommonGiftCardVerifyGiftCardPurchasedFromHH_20180514221916.png" />
        <ResultFile path="CMP01-INDIASQA.horizonhobby.com\CheckoutCommonGiftCardVerifyGiftCardPurchasedFromHH_20180514221924.png" />
        <ResultFile path="CMP01-INDIASQA.horizonhobby.com\CheckoutCommonGiftCardVerifyGiftCardPurchasedFromHH_20180514221953.png" />
        <ResultFile path="CMP01-INDIASQA.horizonhobby.com\CheckoutCommonGiftCardVerifyGiftCardPurchasedFromHH_20180514222001.png" />
        <ResultFile path="CMP01-INDIASQA.horizonhobby.com\CheckoutCommonGiftCardVerifyGiftCardPurchasedFromHH_20180514222025.png" />
        <ResultFile path="CMP01-INDIASQA.horizonhobby.com\CheckoutCommonGiftCardVerifyGiftCardPurchasedFromHH_20180514222032.png" />
        <ResultFile path="CMP01-INDIASQA.horizonhobby.com\CheckoutCommonGiftCardVerifyGiftCardPurchasedFromHH_20180514222057.png" />
        <ResultFile path="CMP01-INDIASQA.horizonhobby.com\CheckoutCommonGiftCardVerifyGiftCardPurchasedFromHH_20180514222107.png" />
        <ResultFile path="CMP01-INDIASQA.horizonhobby.com\CheckoutCommonGiftCardVerifyGiftCardPurchasedFromHH_20180514222131.png" />
        <ResultFile path="CMP01-INDIASQA.horizonhobby.com\CheckoutCommonGiftCardVerifyGiftCardPurchasedFromHH_20180514222140.png" />
        <ResultFile path="CMP01-INDIASQA.horizonhobby.com\CheckoutCommonGiftCardVerifyGiftCardPurchasedFromHH_20180514222205.png" />
        <ResultFile path="CMP01-INDIASQA.horizonhobby.com\CheckoutCommonGiftCardVerifyGiftCardPurchasedFromHH_20180514222237.png" />
        <ResultFile path="CMP01-INDIASQA.horizonhobby.com\CheckoutCommonGiftCardVerifyGiftCardPurchasedFromHH_20180514222239.png" />
        <ResultFile path="CMP01-INDIASQA.horizonhobby.com\CheckoutCommonGiftCardVerifyGiftCardPurchasedFromHH_20180514222240.png" />
        <ResultFile path="CMP01-INDIASQA.horizonhobby.com\CheckoutCommonGiftCardVerifyGiftCardPurchasedFromHH_ResultsONLY_20180514221558.log" />
        <ResultFile path="CMP01-INDIASQA.horizonhobby.com\CheckoutCreditCard_221558.xml" />
        <ResultFile path="CMP01-INDIASQA.horizonhobby.com\SharedCommonConfig.xml" />
      </ResultFiles>
    </UnitTestResult>
    <UnitTestResult executionId="0a10b19b-376e-49da-b54a-6704d75d2bd2" testId="7f0202ed-77b7-ab54-2efb-451781aaebb9" testName="CheckoutGiftCardInformationRemovedBackToCart" computerName="CMP01-INDIASQA" duration="00:03:17.5776490" startTime="2018-05-14T22:22:43.7114730-05:00" endTime="2018-05-14T22:26:01.5104730-05:00" testType="13cdc9d9-ddb5-4fa4-a97d-d965ccfc6d4b" outcome="Failed" testListId="8c84fa94-04c1-424b-9868-57a2d4851a1d">
      <Output>
        <StdOut>Logging to custom path:\\CMP01-YKumar\AutoLogAssert.Fail failed. 
#Other errors=5
[Error details below]   at TestAuto.LoggingAndSharedGenericMethods.EndTest() in c:\Builds\1\WebSphere\QATestAutomation\src\CodedUITest\SourceCode\Common\Logging\Logging.cs:line 1628
   at TestAuto.HHBvtSmokeTest.TestCleanup() in c:\Builds\1\WebSphere\QATestAutomation\src\CodedUITest\SourceCode\HHobby\Checkout\CheckoutCommon.cs:line 4805
[5/14/2018 10:22:43 PM]&lt;STARTLOG&gt;&lt;CheckoutGiftCardInformationRemovedBackToCart&gt;Test Started: Expecting: #PASS=Undefined and #FAIL=0
Running from MTM=True, running on machine name:CMP01-INDIASQA, user name=ykumar, OS=Microsoft Windows NT 6.1.7601 Service Pack 1, Is64BitOS=True[5/14/2018 10:22:44 PM]&lt;INFO&gt;LogCPUAndMemoryUsage: Available Memory = 24311(MB), CPU Usage = 15.2592%[5/14/2018 10:22:44 PM]&lt;INFO&gt;Private Working Set for QTAgent32_40, usage=158744 (K)[5/14/2018 10:22:44 PM]&lt;INFO&gt;Path To TestConfig xml=E:\LoadTestResult\VSEQT\QTAgent\26973\CMP01-INDIASQA.horizonhobby.com\Deployment\SharedCommonConfig.xml[5/14/2018 10:22:44 PM]&lt;INFO&gt;Path To TestData xml=E:\LoadTestResult\VSEQT\QTAgent\26973\CMP01-INDIASQA.horizonhobby.com\Deployment\CheckoutCommonTestData_222243.xml[5/14/2018 10:22:44 PM]&lt;INFO&gt;Path To HorizonHobbyQA Application Url=https://www-tst.horizonhobby.com[5/14/2018 10:22:44 PM]&lt;INFO&gt;HorizonHobbyQA sql connection string=Server=cmp02-ws-tst-db01:50000;Database=TST01DB;UID=wcdbuser;PWD=h0r1z0n;Connect Timeout=30[5/14/2018 10:22:44 PM]&lt;INFO&gt;Country is := US and language id is := '-1'[5/14/2018 10:22:44 PM]&lt;INFO&gt;Current browser used for test execution is = 'IE'[5/14/2018 10:22:44 PM]&lt;INFO&gt;GenerateGiftCard : method executing...[5/14/2018 10:22:44 PM]&lt;INFO&gt;LaunchCustomBrowserWindow : method executing ...[5/14/2018 10:22:47 PM]&lt;INFO&gt;SurveyWindow : method executing ...[5/14/2018 10:22:50 PM]&lt;PASS&gt;&lt;GenerateGiftCard&gt;&lt; Validates that a new Gift Card Number generated successfully&gt;[5/14/2018 10:22:57 PM]&lt;INFO&gt;SurveyWindow : method executing ...[5/14/2018 10:23:04 PM]&lt;INFO&gt;ContinueOnCertificationErrorClickexecuting ...[5/14/2018 10:23:04 PM]&lt;Info&gt;DEAllBrowserWindow : Locating browser window...[5/14/2018 10:23:15 PM]&lt;INFO&gt;UserRegistration : method executing ...[5/14/2018 10:23:15 PM]&lt;Info&gt;AllBrowserWindow : Locating browser window...[5/14/2018 10:23:40 PM]&lt;Info&gt;AllBrowserWindow : Locating browser window...Assert.Fail failed. [5/14/2018 10:24:04 PM]&lt;Error&gt;AllBrowserWindow : failed executing ...Unable to find Windows Internet Explorer window with 'My Account - Internet Explorer' in the title., 
    StackTrace:
    AllBrowserWindow(),SharedBorderFree.cs,Line Number:1037
    UserRegistration(),SharedUserRegistration.cs,Line Number:818
    RegisterNewUser(),SharedUserRegistration.cs,Line Number:1158
    RegisterNewUser(),SharedUserRegistration.cs,Line Number:1171
    CheckoutGiftCardInformationRemovedBackToCart(),CheckoutCommon.cs,Line Number:2886[5/14/2018 10:24:04 PM]&lt;CaptureImage&gt;\\CMP01-YKumar\AutoLog\CMP01-INDIASQA\CheckoutGiftCardInformationRemovedBackToCart_20180514222404.png[5/14/2018 10:24:12 PM]&lt;INFO&gt;System.Data.DataTable GetProductConditional(ProductStockStatusType, PriceCondition, System.String, System.String, System.String, System.String, System.String, System.String, Boolean) : No record found for price condition - 'PriceRange-&gt; 100-200' ; and stock condition - 'InStock'[5/14/2018 10:24:12 PM]&lt;INFO&gt;SearchProductexecuting ... Searching term:= 'ALC101'[5/14/2018 10:24:19 PM]&lt;Info&gt;AllBrowserWindow : Locating browser window...[5/14/2018 10:24:20 PM]&lt;INFO&gt;BackOrderClickexecuting ...[5/14/2018 10:24:20 PM]&lt;INFO&gt;GoToCartClickexecuting ...[5/14/2018 10:24:26 PM]&lt;INFO&gt;CheckoutProcessStartShoppingCart : method executing[5/14/2018 10:24:26 PM]&lt;Info&gt;AllBrowserWindow : Locating browser window...[5/14/2018 10:24:36 PM]&lt;INFO&gt;CheckoutShoppingCartControls : method executing[5/14/2018 10:24:36 PM]&lt;Info&gt;AllBrowserWindow : Locating browser window...[5/14/2018 10:24:51 PM]&lt;Info&gt;AllBrowserWindow : Locating browser window...Assert.Fail failed. [5/14/2018 10:25:15 PM]&lt;Error&gt;AllBrowserWindow : failed executing ...Unable to find Windows Internet Explorer window with 'HorizonHobby - Shipping and Billing Display - Internet Explorer' in the title., 
    StackTrace:
    AllBrowserWindow(),SharedBorderFree.cs,Line Number:1037
    CheckoutGiftCardInformationRemovedBackToCart(),CheckoutCommon.cs,Line Number:2891[5/14/2018 10:25:15 PM]&lt;CaptureImage&gt;\\CMP01-YKumar\AutoLog\CMP01-INDIASQA\CheckoutGiftCardInformationRemovedBackToCart_20180514222515.png[5/14/2018 10:25:15 PM]&lt;INFO&gt;ApplyGiftCard : method executing... -&gt; ''[5/14/2018 10:25:15 PM]&lt;Info&gt;AllBrowserWindow : Locating browser window...Assert.Fail failed. [5/14/2018 10:25:40 PM]&lt;Error&gt;AllBrowserWindow : failed executing ...Unable to find Windows Internet Explorer window with 'HorizonHobby - Shipping and Billing Display - Internet Explorer' in the title., 
    StackTrace:
    AllBrowserWindow(),SharedBorderFree.cs,Line Number:1037
    ApplyGiftCard(),SharedCheckoutCommon.cs,Line Number:1230
    ApplyGiftCard(),SharedCheckoutCommon.cs,Line Number:1309
    CheckoutGiftCardInformationRemovedBackToCart(),CheckoutCommon.cs,Line Number:2894[5/14/2018 10:25:40 PM]&lt;CaptureImage&gt;\\CMP01-YKumar\AutoLog\CMP01-INDIASQA\CheckoutGiftCardInformationRemovedBackToCart_20180514222540.pngAssert.Fail failed. [5/14/2018 10:25:47 PM]&lt;Error&gt;ApplyGiftCard : failed executing ...The playback failed to find the control with the given search properties. Additional Details: 
TechnologyName:  'Web'
ControlType:  'Edit'
TagName:  'INPUT'
Id:  'giftCard'
 Failed to find any control that matched the search condition ControlType='Edit' &amp;&amp; Id=&gt;'giftCard', 
    StackTrace:
    ApplyGiftCard(),SharedCheckoutCommon.cs,Line Number:1302
    ApplyGiftCard(),SharedCheckoutCommon.cs,Line Number:1309
    CheckoutGiftCardInformationRemovedBackToCart(),CheckoutCommon.cs,Line Number:2894[5/14/2018 10:25:47 PM]&lt;CaptureImage&gt;\\CMP01-YKumar\AutoLog\CMP01-INDIASQA\CheckoutGiftCardInformationRemovedBackToCart_20180514222547.pngAssert.Fail failed. [5/14/2018 10:25:57 PM]&lt;ERROR&gt;CheckoutGiftCardInformationRemovedBackToCart : failed executing ...The playback failed to find the control with the given search properties. Additional Details: 
TechnologyName:  'Web'
ControlType:  'Pane'
TagName:  'DIV'
Class:  'gcItem'
 Failed to find any control that matched the search condition ControlType='Pane' &amp;&amp; Class=&gt;'gcItem', 
    StackTrace:
    CheckoutGiftCardInformationRemovedBackToCart(),CheckoutCommon.cs,Line Number:2947[5/14/2018 10:25:58 PM]&lt;CaptureImage&gt;\\CMP01-YKumar\AutoLog\CMP01-INDIASQA\CheckoutGiftCardInformationRemovedBackToCart_20180514222557.png[5/14/2018 10:25:58 PM]&lt;RESULT&gt;Test Ended:#PASS=1, #FAIL=0,#Other errors=5[5/14/2018 10:25:59 PM]&lt;INFO&gt;LogCPUAndMemoryUsage: Available Memory = 24291(MB), CPU Usage = 9.804615%[5/14/2018 10:25:59 PM]&lt;INFO&gt;Private Working Set for QTAgent32_40, usage=160080 (K)[5/14/2018 10:25:59 PM]&lt;RESULT&gt;&lt;CheckoutGiftCardInformationRemovedBackToCart&gt; Test FAILED: #Other errors=5. See Error Message/logs for further details.</StdOut>
        <ErrorInfo>
          <Message>Assert.Fail failed. 
#Other errors=5
[Error details below]</Message>
          <StackTrace>   at TestAuto.LoggingAndSharedGenericMethods.EndTest() in c:\Builds\1\WebSphere\QATestAutomation\src\CodedUITest\SourceCode\Common\Logging\Logging.cs:line 1628
   at TestAuto.HHBvtSmokeTest.TestCleanup() in c:\Builds\1\WebSphere\QATestAutomation\src\CodedUITest\SourceCode\HHobby\Checkout\CheckoutCommon.cs:line 4805
</StackTrace>
        </ErrorInfo>
      </Output>
      <ResultFiles>
        <ResultFile path="CMP01-INDIASQA.horizonhobby.com\CheckoutCommonTestData_222243.xml" />
        <ResultFile path="CMP01-INDIASQA.horizonhobby.com\CheckoutGiftCardInformationRemovedBackToCart_20180514222243.log" />
        <ResultFile path="CMP01-INDIASQA.horizonhobby.com\CheckoutGiftCardInformationRemovedBackToCart_20180514222404.png" />
        <ResultFile path="CMP01-INDIASQA.horizonhobby.com\CheckoutGiftCardInformationRemovedBackToCart_20180514222515.png" />
        <ResultFile path="CMP01-INDIASQA.horizonhobby.com\CheckoutGiftCardInformationRemovedBackToCart_20180514222540.png" />
        <ResultFile path="CMP01-INDIASQA.horizonhobby.com\CheckoutGiftCardInformationRemovedBackToCart_20180514222547.png" />
        <ResultFile path="CMP01-INDIASQA.horizonhobby.com\CheckoutGiftCardInformationRemovedBackToCart_20180514222557.png" />
        <ResultFile path="CMP01-INDIASQA.horizonhobby.com\CheckoutGiftCardInformationRemovedBackToCart_ResultsONLY_20180514222243.log" />
        <ResultFile path="CMP01-INDIASQA.horizonhobby.com\SharedCommonConfig.xml" />
      </ResultFiles>
    </UnitTestResult>
    <UnitTestResult executionId="ea0d5047-c6fc-4121-81cf-e8535a103ff1" testId="3edd0b63-bf6f-08bc-7a35-6f63ec5b1606" testName="CheckoutCartUpdateRules" computerName="CMP01-INDIASQA" duration="00:04:54.5384264" startTime="2018-05-14T22:26:01.5134730-05:00" endTime="2018-05-14T22:30:56.0844730-05:00" testType="13cdc9d9-ddb5-4fa4-a97d-d965ccfc6d4b" outcome="Passed" testListId="8c84fa94-04c1-424b-9868-57a2d4851a1d">
      <Output>
        <StdOut>Logging to custom path:\\CMP01-YKumar\AutoLog[5/14/2018 10:26:01 PM]&lt;STARTLOG&gt;&lt;CheckoutCartUpdateRules&gt;Test Started: Expecting: #PASS=Undefined and #FAIL=0
Running from MTM=True, running on machine name:CMP01-INDIASQA, user name=ykumar, OS=Microsoft Windows NT 6.1.7601 Service Pack 1, Is64BitOS=True[5/14/2018 10:26:02 PM]&lt;INFO&gt;LogCPUAndMemoryUsage: Available Memory = 24303(MB), CPU Usage = 16.75836%[5/14/2018 10:26:02 PM]&lt;INFO&gt;Private Working Set for QTAgent32_40, usage=160152 (K)[5/14/2018 10:26:02 PM]&lt;INFO&gt;Path To TestConfig xml=E:\LoadTestResult\VSEQT\QTAgent\26973\CMP01-INDIASQA.horizonhobby.com\Deployment\SharedCommonConfig.xml[5/14/2018 10:26:02 PM]&lt;INFO&gt;Path To TestData xml=E:\LoadTestResult\VSEQT\QTAgent\26973\CMP01-INDIASQA.horizonhobby.com\Deployment\CheckoutCommonTestData_222601.xml[5/14/2018 10:26:02 PM]&lt;INFO&gt;Path To HorizonHobbyQA Application Url=https://www-tst.horizonhobby.com[5/14/2018 10:26:02 PM]&lt;INFO&gt;HorizonHobbyQA sql connection string=Server=cmp02-ws-tst-db01:50000;Database=TST01DB;UID=wcdbuser;PWD=h0r1z0n;Connect Timeout=30[5/14/2018 10:26:02 PM]&lt;INFO&gt;Country is := US and language id is := '-1'[5/14/2018 10:26:02 PM]&lt;INFO&gt;Current browser used for test execution is = 'IE'[5/14/2018 10:26:09 PM]&lt;INFO&gt;SearchProductexecuting ... Searching term:= 'DYN2511'[5/14/2018 10:26:16 PM]&lt;Info&gt;AllBrowserWindow : Locating browser window...[5/14/2018 10:26:16 PM]&lt;INFO&gt;BackOrderClickexecuting ...[5/14/2018 10:26:17 PM]&lt;INFO&gt;GoToCartClickexecuting ...[5/14/2018 10:26:23 PM]&lt;INFO&gt;CheckoutProcessStartShoppingCart : method executing[5/14/2018 10:26:23 PM]&lt;Info&gt;AllBrowserWindow : Locating browser window...[5/14/2018 10:26:33 PM]&lt;INFO&gt;CheckoutShoppingCartControls : method executing[5/14/2018 10:26:33 PM]&lt;Info&gt;AllBrowserWindow : Locating browser window...[5/14/2018 10:26:49 PM]&lt;Info&gt;AllBrowserWindow : Locating browser window...[5/14/2018 10:26:51 PM]&lt;INFO&gt;FillBillingAndShippingAddressexecuting ...[5/14/2018 10:26:51 PM]&lt;Info&gt;AllBrowserWindow : Locating browser window...[5/14/2018 10:26:55 PM]&lt;INFO&gt;SelectBillingCountryexecuting ...[5/14/2018 10:27:03 PM]&lt;INFO&gt;SelectBillingStateexecuting ...[5/14/2018 10:27:18 PM]&lt;INFO&gt;SelectShippingCountryexecuting ...[5/14/2018 10:27:22 PM]&lt;INFO&gt;SelectShippingStateexecuting ...[5/14/2018 10:27:36 PM]&lt;PASS&gt;&lt;OrderTabSelection&gt;&lt;Validate that  Shipping Billing Method tab is- step_on&gt;[5/14/2018 10:27:36 PM]&lt;PASS&gt;&lt;OrderTabSelection&gt;&lt;Validate that  Review Order tab is- step_off&gt;[5/14/2018 10:27:36 PM]&lt;PASS&gt;&lt;OrderTabSelection&gt;&lt;Validate that  Order Summary tab is- step_off&gt;[5/14/2018 10:27:36 PM]&lt;Info&gt;AllBrowserWindow : Locating browser window...[5/14/2018 10:27:37 PM]&lt;INFO&gt;CheckoutProcessStartShoppingCart : method executing[5/14/2018 10:27:37 PM]&lt;Info&gt;AllBrowserWindow : Locating browser window...[5/14/2018 10:27:47 PM]&lt;INFO&gt;CheckoutShoppingCartControls : method executing[5/14/2018 10:27:47 PM]&lt;Info&gt;AllBrowserWindow : Locating browser window...[5/14/2018 10:28:03 PM]&lt;INFO&gt;SelectCheckoutPaymentRadiobutton : method executing[5/14/2018 10:28:03 PM]&lt;INFO&gt;CheckoutCreditCardShippingAndBillingControls : method executing[5/14/2018 10:28:03 PM]&lt;Info&gt;AllBrowserWindow : Locating browser window...[5/14/2018 10:30:20 PM]&lt;INFO&gt;FillCreditCardDetails : method executing[5/14/2018 10:30:20 PM]&lt;INFO&gt;CheckoutCreditCardShippingAndBillingControls : method executing[5/14/2018 10:30:20 PM]&lt;Info&gt;AllBrowserWindow : Locating browser window...[5/14/2018 10:30:30 PM]&lt;INFO&gt;ClickReviewOrder : method executing[5/14/2018 10:30:30 PM]&lt;INFO&gt;CheckoutCreditCardShippingAndBillingControls : method executing[5/14/2018 10:30:30 PM]&lt;Info&gt;AllBrowserWindow : Locating browser window...[5/14/2018 10:30:36 PM]&lt;Info&gt;AllBrowserWindow : Locating browser window...[5/14/2018 10:30:52 PM]&lt;PASS&gt;&lt;OrderTabSelection&gt;&lt;Validate that  Shipping Billing Method tab is- link&gt;[5/14/2018 10:30:52 PM]&lt;PASS&gt;&lt;OrderTabSelection&gt;&lt;Validate that  Review Order tab is- step_on&gt;[5/14/2018 10:30:52 PM]&lt;PASS&gt;&lt;OrderTabSelection&gt;&lt;Validate that  Order Summary tab is- step_off&gt;[5/14/2018 10:30:52 PM]&lt;RESULT&gt;Test Ended:#PASS=6, #FAIL=0[5/14/2018 10:30:53 PM]&lt;INFO&gt;LogCPUAndMemoryUsage: Available Memory = 24171(MB), CPU Usage = 23.83069%[5/14/2018 10:30:53 PM]&lt;INFO&gt;Private Working Set for QTAgent32_40, usage=152388 (K)[5/14/2018 10:30:54 PM]&lt;RESULT&gt;&lt;CheckoutCartUpdateRules&gt; Test PASSED</StdOut>
      </Output>
      <ResultFiles />
    </UnitTestResult>
    <UnitTestResult executionId="ffab471c-aeaf-4bf5-830a-8a8089b42c3f" testId="227538fd-0eda-ee49-efa8-42264e3489b8" testName="CreditCardCheckoutAuthorizationUnderReviewWithGiftCards" computerName="CMP01-INDIASQA" duration="00:19:49.2398977" startTime="2018-05-14T22:30:56.0864730-05:00" endTime="2018-05-14T22:50:45.9164730-05:00" testType="13cdc9d9-ddb5-4fa4-a97d-d965ccfc6d4b" outcome="Failed" testListId="8c84fa94-04c1-424b-9868-57a2d4851a1d">
      <Output>
        <StdOut>Logging to custom path:\\CMP01-YKumar\AutoLogAssert.Fail failed. 
Actual #FAIL=6, #Expected FAIL=0
#Other errors=48
[Error details below]
&lt;FAIL&gt;&lt;CreditCardCheckoutAuthorizationUnderReviewWithGiftCards&gt;&lt;Validates the CC transaction failed error message appearing&gt;.Assert.AreEqual failed. Expected:&lt;Please update your card_cvn with valid value to proceed with order. (Tip -- To avoid processing delays, please ensure Address or Payment information contain alphabet [A-Z] and numbers [0-9] only).&gt;. Actual:&lt;&gt;. 
    StackTrace:
    CreditCardCheckoutAuthorizationUnderReviewWithGiftCards(),CheckoutCreditCard.cs,Line Number:149
&lt;FAIL&gt;&lt;CreditCardCheckoutAuthorizationUnderReviewWithGiftCards&gt;&lt;Validates Gift Card entered on Order remains on order.&gt;.Assert.AreEqual failed. Expected:&lt;True&gt;. Actual:&lt;False&gt;. 
    StackTrace:
    CreditCardCheckoutAuthorizationUnderReviewWithGiftCards(),CheckoutCreditCard.cs,Line Number:154   at TestAuto.LoggingAndSharedGenericMethods.EndTest() in c:\Builds\1\WebSphere\QATestAutomation\src\CodedUITest\SourceCode\Common\Logging\Logging.cs:line 1628
   at TestAuto.CheckoutCreditCard.TestCleanup() in c:\Builds\1\WebSphere\QATestAutomation\src\CodedUITest\SourceCode\HHobby\Checkout\CheckoutCreditCard.cs:line 4170
[5/14/2018 10:30:56 PM]&lt;STARTLOG&gt;&lt;CreditCardCheckoutAuthorizationUnderReviewWithGiftCards&gt;Test Started: Expecting: #PASS=Undefined and #FAIL=0
Running from MTM=True, running on machine name:CMP01-INDIASQA, user name=ykumar, OS=Microsoft Windows NT 6.1.7601 Service Pack 1, Is64BitOS=True[5/14/2018 10:30:57 PM]&lt;INFO&gt;LogCPUAndMemoryUsage: Available Memory = 24198(MB), CPU Usage = 16.62285%[5/14/2018 10:30:57 PM]&lt;INFO&gt;Private Working Set for QTAgent32_40, usage=152480 (K)[5/14/2018 10:30:57 PM]&lt;INFO&gt;Path To TestConfig xml=E:\LoadTestResult\VSEQT\QTAgent\26973\CMP01-INDIASQA.horizonhobby.com\Deployment\SharedCommonConfig.xml[5/14/2018 10:30:57 PM]&lt;INFO&gt;Path To TestData xml=E:\LoadTestResult\VSEQT\QTAgent\26973\CMP01-INDIASQA.horizonhobby.com\Deployment\CheckoutCreditCard_223056.xml[5/14/2018 10:30:57 PM]&lt;INFO&gt;Path To HorizonHobbyQA Application Url=https://www-tst.horizonhobby.com[5/14/2018 10:30:57 PM]&lt;INFO&gt;HorizonHobbyQA sql connection string=Server=cmp02-ws-tst-db01:50000;Database=TST01DB;UID=wcdbuser;PWD=h0r1z0n;Connect Timeout=30[5/14/2018 10:30:57 PM]&lt;INFO&gt;Country is := US and language id is := '-1'[5/14/2018 10:30:57 PM]&lt;INFO&gt;Current browser used for test execution is = 'IE'[5/14/2018 10:30:57 PM]&lt;INFO&gt;GetProductAssociatedCategoriesFromDB method executing...[5/14/2018 10:30:57 PM]&lt;INFO&gt;GenerateGiftCard : method executing...[5/14/2018 10:30:57 PM]&lt;INFO&gt;LaunchCustomBrowserWindow : method executing ...[5/14/2018 10:31:00 PM]&lt;INFO&gt;SurveyWindow : method executing ...[5/14/2018 10:31:03 PM]&lt;PASS&gt;&lt;GenerateGiftCard&gt;&lt; Validates that a new Gift Card Number generated successfully&gt;[5/14/2018 10:31:09 PM]&lt;INFO&gt;SurveyWindow : method executing ...[5/14/2018 10:31:17 PM]&lt;INFO&gt;ContinueOnCertificationErrorClickexecuting ...[5/14/2018 10:31:17 PM]&lt;Info&gt;DEAllBrowserWindow : Locating browser window...[5/14/2018 10:31:24 PM]&lt;INFO&gt;UserRegistration : method executing ...[5/14/2018 10:31:24 PM]&lt;Info&gt;AllBrowserWindow : Locating browser window...[5/14/2018 10:31:50 PM]&lt;Info&gt;AllBrowserWindow : Locating browser window...Assert.Fail failed. [5/14/2018 10:32:14 PM]&lt;Error&gt;AllBrowserWindow : failed executing ...Unable to find Windows Internet Explorer window with 'My Account - Internet Explorer' in the title., 
    StackTrace:
    AllBrowserWindow(),SharedBorderFree.cs,Line Number:1037
    UserRegistration(),SharedUserRegistration.cs,Line Number:818
    RegisterNewUser(),SharedUserRegistration.cs,Line Number:1158
    RegisterNewUser(),SharedUserRegistration.cs,Line Number:1171
    CreditCardCheckoutAuthorizationUnderReviewWithGiftCards(),CheckoutCreditCard.cs,Line Number:138[5/14/2018 10:32:14 PM]&lt;CaptureImage&gt;\\CMP01-YKumar\AutoLog\CMP01-INDIASQA\CreditCardCheckoutAuthorizationUnderReviewWithGiftCards_20180514223214.png[5/14/2018 10:32:18 PM]&lt;Info&gt;AllBrowserWindow : Locating browser window...Assert.Fail failed. [5/14/2018 10:32:42 PM]&lt;Error&gt;AllBrowserWindow : failed executing ...Unable to find Windows Internet Explorer window with 'My Account - Internet Explorer' in the title., 
    StackTrace:
    AllBrowserWindow(),SharedBorderFree.cs,Line Number:1037
    CreditCardCheckoutAuthorizationUnderReviewWithGiftCards(),CheckoutCreditCard.cs,Line Number:140[5/14/2018 10:32:42 PM]&lt;CaptureImage&gt;\\CMP01-YKumar\AutoLog\CMP01-INDIASQA\CreditCardCheckoutAuthorizationUnderReviewWithGiftCards_20180514223242.png[5/14/2018 10:32:42 PM]&lt;INFO&gt;CheckoutCommonWorkflow : method executing[5/14/2018 10:32:49 PM]&lt;INFO&gt;SearchProductexecuting ... Searching term:= 'TAM56301'[5/14/2018 10:32:56 PM]&lt;Info&gt;AllBrowserWindow : Locating browser window...[5/14/2018 10:32:58 PM]&lt;INFO&gt;BackOrderClickexecuting ...[5/14/2018 10:32:59 PM]&lt;INFO&gt;GoToCartClickexecuting ...[5/14/2018 10:33:05 PM]&lt;INFO&gt;CheckoutProcessStartShoppingCart : method executing[5/14/2018 10:33:05 PM]&lt;Info&gt;AllBrowserWindow : Locating browser window...[5/14/2018 10:33:14 PM]&lt;INFO&gt;CheckoutShoppingCartControls : method executing[5/14/2018 10:33:14 PM]&lt;Info&gt;AllBrowserWindow : Locating browser window...[5/14/2018 10:33:29 PM]&lt;Info&gt;AllBrowserWindow : Locating browser window...Assert.Fail failed. [5/14/2018 10:33:53 PM]&lt;Error&gt;AllBrowserWindow : failed executing ...Unable to find Windows Internet Explorer window with 'HorizonHobby - Shipping and Billing Display - Internet Explorer' in the title., 
    StackTrace:
    AllBrowserWindow(),SharedBorderFree.cs,Line Number:1037
    CheckoutCommonWorkflow(),SharedCheckoutCreditCard.cs,Line Number:944
    CreditCardCheckoutAuthorizationUnderReviewWithGiftCards(),CheckoutCreditCard.cs,Line Number:144[5/14/2018 10:33:53 PM]&lt;CaptureImage&gt;\\CMP01-YKumar\AutoLog\CMP01-INDIASQA\CreditCardCheckoutAuthorizationUnderReviewWithGiftCards_20180514223353.png[5/14/2018 10:33:54 PM]&lt;INFO&gt;CheckoutCreditCardShippingAndBillingControls : method executing[5/14/2018 10:33:54 PM]&lt;Info&gt;AllBrowserWindow : Locating browser window...Assert.Fail failed. [5/14/2018 10:34:18 PM]&lt;Error&gt;AllBrowserWindow : failed executing ...Unable to find Windows Internet Explorer window with 'HorizonHobby - Shipping and Billing Display - Internet Explorer' in the title., 
    StackTrace:
    AllBrowserWindow(),SharedBorderFree.cs,Line Number:1037
    CheckoutCreditCardShippingAndBillingControls(),SharedCheckoutCreditCard.cs,Line Number:66
    OrderTableRecords(),SharedCheckoutCreditCard.cs,Line Number:138
    CheckoutCommonWorkflow(),SharedCheckoutCreditCard.cs,Line Number:953
    CreditCardCheckoutAuthorizationUnderReviewWithGiftCards(),CheckoutCreditCard.cs,Line Number:144[5/14/2018 10:34:18 PM]&lt;CaptureImage&gt;\\CMP01-YKumar\AutoLog\CMP01-INDIASQA\CreditCardCheckoutAuthorizationUnderReviewWithGiftCards_20180514223418.png[5/14/2018 10:34:27 PM]&lt;INFO&gt;TotalValue : method executing ...Assert.Fail failed. [5/14/2018 10:34:27 PM]&lt;Error&gt;TotalValue : failed executing ...Input string was not in a correct format., 
    StackTrace:
    TotalValue(),SharedCheckoutCreditCard.cs,Line Number:1071
    CheckoutCommonWorkflow(),SharedCheckoutCreditCard.cs,Line Number:955
    CreditCardCheckoutAuthorizationUnderReviewWithGiftCards(),CheckoutCreditCard.cs,Line Number:144[5/14/2018 10:34:28 PM]&lt;CaptureImage&gt;\\CMP01-YKumar\AutoLog\CMP01-INDIASQA\CreditCardCheckoutAuthorizationUnderReviewWithGiftCards_20180514223427.png[5/14/2018 10:34:28 PM]&lt;INFO&gt;ApplyGiftCard : method executing... -&gt; ''[5/14/2018 10:34:28 PM]&lt;Info&gt;AllBrowserWindow : Locating browser window...Assert.Fail failed. [5/14/2018 10:34:51 PM]&lt;Error&gt;AllBrowserWindow : failed executing ...Unable to find Windows Internet Explorer window with 'HorizonHobby - Shipping and Billing Display - Internet Explorer' in the title., 
    StackTrace:
    AllBrowserWindow(),SharedBorderFree.cs,Line Number:1037
    ApplyGiftCard(),SharedCheckoutCommon.cs,Line Number:1230
    ApplyGiftCard(),SharedCheckoutCommon.cs,Line Number:1309
    CheckoutCommonWorkflow(),SharedCheckoutCreditCard.cs,Line Number:958
    CreditCardCheckoutAuthorizationUnderReviewWithGiftCards(),CheckoutCreditCard.cs,Line Number:144[5/14/2018 10:34:51 PM]&lt;CaptureImage&gt;\\CMP01-YKumar\AutoLog\CMP01-INDIASQA\CreditCardCheckoutAuthorizationUnderReviewWithGiftCards_20180514223451.pngAssert.Fail failed. [5/14/2018 10:34:59 PM]&lt;Error&gt;ApplyGiftCard : failed executing ...The playback failed to find the control with the given search properties. Additional Details: 
TechnologyName:  'Web'
ControlType:  'Edit'
TagName:  'INPUT'
Id:  'giftCard'
 Failed to find any control that matched the search condition ControlType='Edit' &amp;&amp; Id=&gt;'giftCard', 
    StackTrace:
    ApplyGiftCard(),SharedCheckoutCommon.cs,Line Number:1302
    ApplyGiftCard(),SharedCheckoutCommon.cs,Line Number:1309
    CheckoutCommonWorkflow(),SharedCheckoutCreditCard.cs,Line Number:958
    CreditCardCheckoutAuthorizationUnderReviewWithGiftCards(),CheckoutCreditCard.cs,Line Number:144[5/14/2018 10:34:59 PM]&lt;CaptureImage&gt;\\CMP01-YKumar\AutoLog\CMP01-INDIASQA\CreditCardCheckoutAuthorizationUnderReviewWithGiftCards_20180514223459.png[5/14/2018 10:35:04 PM]&lt;Info&gt;AllBrowserWindow : Locating browser window...Assert.Fail failed. [5/14/2018 10:35:28 PM]&lt;Error&gt;AllBrowserWindow : failed executing ...Unable to find Windows Internet Explorer window with 'HorizonHobby - Shipping and Billing Display - Internet Explorer' in the title., 
    StackTrace:
    AllBrowserWindow(),SharedBorderFree.cs,Line Number:1037
    CheckoutCommonWorkflow(),SharedCheckoutCreditCard.cs,Line Number:960
    CreditCardCheckoutAuthorizationUnderReviewWithGiftCards(),CheckoutCreditCard.cs,Line Number:144[5/14/2018 10:35:28 PM]&lt;CaptureImage&gt;\\CMP01-YKumar\AutoLog\CMP01-INDIASQA\CreditCardCheckoutAuthorizationUnderReviewWithGiftCards_20180514223528.png[5/14/2018 10:35:28 PM]&lt;INFO&gt;CheckoutCreditCardShippingAndBillingControls : method executing[5/14/2018 10:35:28 PM]&lt;Info&gt;AllBrowserWindow : Locating browser window...Assert.Fail failed. [5/14/2018 10:35:52 PM]&lt;Error&gt;AllBrowserWindow : failed executing ...Unable to find Windows Internet Explorer window with 'HorizonHobby - Shipping and Billing Display - Internet Explorer' in the title., 
    StackTrace:
    AllBrowserWindow(),SharedBorderFree.cs,Line Number:1037
    CheckoutCreditCardShippingAndBillingControls(),SharedCheckoutCreditCard.cs,Line Number:66
    OrderTableRecords(),SharedCheckoutCreditCard.cs,Line Number:138
    CheckoutCommonWorkflow(),SharedCheckoutCreditCard.cs,Line Number:967
    CreditCardCheckoutAuthorizationUnderReviewWithGiftCards(),CheckoutCreditCard.cs,Line Number:144[5/14/2018 10:35:53 PM]&lt;CaptureImage&gt;\\CMP01-YKumar\AutoLog\CMP01-INDIASQA\CreditCardCheckoutAuthorizationUnderReviewWithGiftCards_20180514223552.png[5/14/2018 10:36:01 PM]&lt;INFO&gt;TotalValue : method executing ...Assert.Fail failed. [5/14/2018 10:36:01 PM]&lt;Error&gt;TotalValue : failed executing ...Input string was not in a correct format., 
    StackTrace:
    TotalValue(),SharedCheckoutCreditCard.cs,Line Number:1071
    CheckoutCommonWorkflow(),SharedCheckoutCreditCard.cs,Line Number:968
    CreditCardCheckoutAuthorizationUnderReviewWithGiftCards(),CheckoutCreditCard.cs,Line Number:144[5/14/2018 10:36:01 PM]&lt;CaptureImage&gt;\\CMP01-YKumar\AutoLog\CMP01-INDIASQA\CreditCardCheckoutAuthorizationUnderReviewWithGiftCards_20180514223601.png[5/14/2018 10:36:01 PM]&lt;FAIL&gt;&lt;CheckoutCommonWorkflow&gt;&lt; Validates expected authorization amount: '50' is equals actual authorization amount: '0'&gt;.Assert.AreEqual failed. Expected:&lt;50&gt;. Actual:&lt;0&gt;. 
    StackTrace:
    CheckoutCommonWorkflow(),SharedCheckoutCreditCard.cs,Line Number:971
    CreditCardCheckoutAuthorizationUnderReviewWithGiftCards(),CheckoutCreditCard.cs,Line Number:144[5/14/2018 10:36:01 PM]&lt;CaptureImage&gt;\\CMP01-YKumar\AutoLog\CMP01-INDIASQA\CreditCardCheckoutAuthorizationUnderReviewWithGiftCards_20180514223601.png[5/14/2018 10:36:01 PM]&lt;INFO&gt;ShippingAddressSelection : method executing[5/14/2018 10:36:01 PM]&lt;INFO&gt;CheckoutCreditCardShippingAndBillingControls : method executing[5/14/2018 10:36:01 PM]&lt;Info&gt;AllBrowserWindow : Locating browser window...Assert.Fail failed. [5/14/2018 10:36:25 PM]&lt;Error&gt;AllBrowserWindow : failed executing ...Unable to find Windows Internet Explorer window with 'HorizonHobby - Shipping and Billing Display - Internet Explorer' in the title., 
    StackTrace:
    AllBrowserWindow(),SharedBorderFree.cs,Line Number:1037
    CheckoutCreditCardShippingAndBillingControls(),SharedCheckoutCreditCard.cs,Line Number:66
    ShippingAddressSelection(),SharedCheckoutCreditCard.cs,Line Number:263
    CheckoutCommonWorkflow(),SharedCheckoutCreditCard.cs,Line Number:975
    CreditCardCheckoutAuthorizationUnderReviewWithGiftCards(),CheckoutCreditCard.cs,Line Number:144[5/14/2018 10:36:25 PM]&lt;CaptureImage&gt;\\CMP01-YKumar\AutoLog\CMP01-INDIASQA\CreditCardCheckoutAuthorizationUnderReviewWithGiftCards_20180514223625.pngAssert.Fail failed. [5/14/2018 10:36:32 PM]&lt;ERROR&gt;ShippingAddressSelection : failed executing ...The playback failed to find the control with the given search properties. Additional Details: 
TechnologyName:  'Web'
ControlType:  'ComboBox'
TagName:  'SELECT'
Id:  'singleShipmentAddress'
 Failed to find any control that matched the value singleShipmentAddress for the search property Id., 
    StackTrace:
    ShippingAddressSelection(),SharedCheckoutCreditCard.cs,Line Number:273
    CheckoutCommonWorkflow(),SharedCheckoutCreditCard.cs,Line Number:975
    CreditCardCheckoutAuthorizationUnderReviewWithGiftCards(),CheckoutCreditCard.cs,Line Number:144[5/14/2018 10:36:32 PM]&lt;CaptureImage&gt;\\CMP01-YKumar\AutoLog\CMP01-INDIASQA\CreditCardCheckoutAuthorizationUnderReviewWithGiftCards_20180514223632.png[5/14/2018 10:36:32 PM]&lt;INFO&gt;SelectCheckoutPaymentRadiobutton : method executing[5/14/2018 10:36:32 PM]&lt;INFO&gt;CheckoutCreditCardShippingAndBillingControls : method executing[5/14/2018 10:36:32 PM]&lt;Info&gt;AllBrowserWindow : Locating browser window...Assert.Fail failed. [5/14/2018 10:36:56 PM]&lt;Error&gt;AllBrowserWindow : failed executing ...Unable to find Windows Internet Explorer window with 'HorizonHobby - Shipping and Billing Display - Internet Explorer' in the title., 
    StackTrace:
    AllBrowserWindow(),SharedBorderFree.cs,Line Number:1037
    CheckoutCreditCardShippingAndBillingControls(),SharedCheckoutCreditCard.cs,Line Number:66
    SelectCheckoutPaymentRadiobutton(),SharedCheckoutCreditCard.cs,Line Number:514
    CheckoutCommonWorkflow(),SharedCheckoutCreditCard.cs,Line Number:981
    CreditCardCheckoutAuthorizationUnderReviewWithGiftCards(),CheckoutCreditCard.cs,Line Number:144[5/14/2018 10:36:56 PM]&lt;CaptureImage&gt;\\CMP01-YKumar\AutoLog\CMP01-INDIASQA\CreditCardCheckoutAuthorizationUnderReviewWithGiftCards_20180514223656.pngAssert.Fail failed. [5/14/2018 10:37:03 PM]&lt;ERROR&gt;SelectCheckoutPaymentRadiobutton : failed executing ...Index was out of range. Must be non-negative and less than the size of the collection.
Parameter name: index, 
    StackTrace:
    SelectCheckoutPaymentRadiobutton(),SharedCheckoutCreditCard.cs,Line Number:539
    CheckoutCommonWorkflow(),SharedCheckoutCreditCard.cs,Line Number:981
    CreditCardCheckoutAuthorizationUnderReviewWithGiftCards(),CheckoutCreditCard.cs,Line Number:144[5/14/2018 10:37:03 PM]&lt;CaptureImage&gt;\\CMP01-YKumar\AutoLog\CMP01-INDIASQA\CreditCardCheckoutAuthorizationUnderReviewWithGiftCards_20180514223703.png[5/14/2018 10:37:03 PM]&lt;INFO&gt;FillCreditCardDetails : method executing[5/14/2018 10:37:03 PM]&lt;INFO&gt;CheckoutCreditCardShippingAndBillingControls : method executing[5/14/2018 10:37:03 PM]&lt;Info&gt;AllBrowserWindow : Locating browser window...Assert.Fail failed. [5/14/2018 10:37:27 PM]&lt;Error&gt;AllBrowserWindow : failed executing ...Unable to find Windows Internet Explorer window with 'HorizonHobby - Shipping and Billing Display - Internet Explorer' in the title., 
    StackTrace:
    AllBrowserWindow(),SharedBorderFree.cs,Line Number:1037
    CheckoutCreditCardShippingAndBillingControls(),SharedCheckoutCreditCard.cs,Line Number:66
    FillCreditCardDetails(),SharedCheckoutCreditCard.cs,Line Number:551
    CheckoutCommonWorkflow(),SharedCheckoutCreditCard.cs,Line Number:984
    CreditCardCheckoutAuthorizationUnderReviewWithGiftCards(),CheckoutCreditCard.cs,Line Number:144[5/14/2018 10:37:27 PM]&lt;CaptureImage&gt;\\CMP01-YKumar\AutoLog\CMP01-INDIASQA\CreditCardCheckoutAuthorizationUnderReviewWithGiftCards_20180514223727.pngAssert.Fail failed. [5/14/2018 10:37:34 PM]&lt;ERROR&gt;FillCreditCardDetails : failed executing ...The playback failed to find the control with the given search properties. Additional Details: 
TechnologyName:  'Web'
ControlType:  'Edit'
TagName:  'INPUT'
Class:  'cardEntry_cardNumInput'
 Failed to find any control that matched the search condition ControlType='Edit' &amp;&amp; Class=&gt;'cardEntry_cardNumInput', 
    StackTrace:
    FillCreditCardDetails(),SharedCheckoutCreditCard.cs,Line Number:570
    CheckoutCommonWorkflow(),SharedCheckoutCreditCard.cs,Line Number:984
    CreditCardCheckoutAuthorizationUnderReviewWithGiftCards(),CheckoutCreditCard.cs,Line Number:144[5/14/2018 10:37:34 PM]&lt;CaptureImage&gt;\\CMP01-YKumar\AutoLog\CMP01-INDIASQA\CreditCardCheckoutAuthorizationUnderReviewWithGiftCards_20180514223734.png[5/14/2018 10:37:34 PM]&lt;INFO&gt;ClickReviewOrder : method executing[5/14/2018 10:37:34 PM]&lt;INFO&gt;CheckoutCreditCardShippingAndBillingControls : method executing[5/14/2018 10:37:34 PM]&lt;Info&gt;AllBrowserWindow : Locating browser window...Assert.Fail failed. [5/14/2018 10:37:58 PM]&lt;Error&gt;AllBrowserWindow : failed executing ...Unable to find Windows Internet Explorer window with 'HorizonHobby - Shipping and Billing Display - Internet Explorer' in the title., 
    StackTrace:
    AllBrowserWindow(),SharedBorderFree.cs,Line Number:1037
    CheckoutCreditCardShippingAndBillingControls(),SharedCheckoutCreditCard.cs,Line Number:66
    ClickReviewOrder(),SharedCheckoutCreditCard.cs,Line Number:582
    CheckoutCommonWorkflow(),SharedCheckoutCreditCard.cs,Line Number:986
    CreditCardCheckoutAuthorizationUnderReviewWithGiftCards(),CheckoutCreditCard.cs,Line Number:144[5/14/2018 10:37:58 PM]&lt;CaptureImage&gt;\\CMP01-YKumar\AutoLog\CMP01-INDIASQA\CreditCardCheckoutAuthorizationUnderReviewWithGiftCards_20180514223758.pngAssert.Fail failed. [5/14/2018 10:38:08 PM]&lt;ERROR&gt;ClickReviewOrder : failed executing ...The playback failed to find the control with the given search properties. Additional Details: 
TechnologyName:  'Web'
ControlType:  'Hyperlink'
TagName:  'A'
Id:  'shippingBillingPageNextPrepareCall'
 Failed to find any control that matched the value shippingBillingPageNextPrepareCall for the search property Id., 
    StackTrace:
    ClickReviewOrder(),SharedCheckoutCreditCard.cs,Line Number:605
    CheckoutCommonWorkflow(),SharedCheckoutCreditCard.cs,Line Number:986
    CreditCardCheckoutAuthorizationUnderReviewWithGiftCards(),CheckoutCreditCard.cs,Line Number:144[5/14/2018 10:38:08 PM]&lt;CaptureImage&gt;\\CMP01-YKumar\AutoLog\CMP01-INDIASQA\CreditCardCheckoutAuthorizationUnderReviewWithGiftCards_20180514223808.png[5/14/2018 10:38:08 PM]&lt;INFO&gt;PlaceOrderCreditCard : method executing[5/14/2018 10:38:08 PM]&lt;INFO&gt;CheckoutCreditCardShippingAndBillingControls : method executing[5/14/2018 10:38:08 PM]&lt;Info&gt;AllBrowserWindow : Locating browser window...Assert.Fail failed. [5/14/2018 10:38:32 PM]&lt;Error&gt;AllBrowserWindow : failed executing ...Unable to find Windows Internet Explorer window with 'HorizonHobby - Shipping and Billing Display - Internet Explorer' in the title., 
    StackTrace:
    AllBrowserWindow(),SharedBorderFree.cs,Line Number:1037
    CheckoutCreditCardShippingAndBillingControls(),SharedCheckoutCreditCard.cs,Line Number:66
    PlaceOrderCreditCard(),SharedCheckoutCreditCard.cs,Line Number:683
    PlaceOrder(),SharedCheckoutCreditCard.cs,Line Number:630
    CheckoutCommonWorkflow(),SharedCheckoutCreditCard.cs,Line Number:997
    CreditCardCheckoutAuthorizationUnderReviewWithGiftCards(),CheckoutCreditCard.cs,Line Number:144[5/14/2018 10:38:32 PM]&lt;CaptureImage&gt;\\CMP01-YKumar\AutoLog\CMP01-INDIASQA\CreditCardCheckoutAuthorizationUnderReviewWithGiftCards_20180514223832.pngAssert.Fail failed. [5/14/2018 10:38:42 PM]&lt;ERROR&gt;PlaceOrderCreditCard : failed executing ...The playback failed to find the control with the given search properties. Additional Details: 
TechnologyName:  'Web'
ControlType:  'Hyperlink'
TagName:  'A'
Id:  'shippingBillingPageNextGCTotal'
 Failed to find any control that matched the value shippingBillingPageNextGCTotal for the search property Id., 
    StackTrace:
    PlaceOrderCreditCard(),SharedCheckoutCreditCard.cs,Line Number:758
    PlaceOrder(),SharedCheckoutCreditCard.cs,Line Number:630
    CheckoutCommonWorkflow(),SharedCheckoutCreditCard.cs,Line Number:997
    CreditCardCheckoutAuthorizationUnderReviewWithGiftCards(),CheckoutCreditCard.cs,Line Number:144[5/14/2018 10:38:42 PM]&lt;CaptureImage&gt;\\CMP01-YKumar\AutoLog\CMP01-INDIASQA\CreditCardCheckoutAuthorizationUnderReviewWithGiftCards_20180514223842.png[5/14/2018 10:38:42 PM]&lt;Info&gt;AllBrowserWindow : Locating browser window...Assert.Fail failed. [5/14/2018 10:39:06 PM]&lt;Error&gt;AllBrowserWindow : failed executing ...Unable to find Windows Internet Explorer window with 'HorizonHobby - Order Confirmation - Internet Explorer' in the title., 
    StackTrace:
    AllBrowserWindow(),SharedBorderFree.cs,Line Number:1037
    HandleGooglePrompt(),SharedCheckoutCreditCard.cs,Line Number:1365
    HandleGooglePrompt(),SharedCheckoutCreditCard.cs,Line Number:1390
    PlaceOrder(),SharedCheckoutCreditCard.cs,Line Number:631
    CheckoutCommonWorkflow(),SharedCheckoutCreditCard.cs,Line Number:997
    CreditCardCheckoutAuthorizationUnderReviewWithGiftCards(),CheckoutCreditCard.cs,Line Number:144[5/14/2018 10:39:06 PM]&lt;CaptureImage&gt;\\CMP01-YKumar\AutoLog\CMP01-INDIASQA\CreditCardCheckoutAuthorizationUnderReviewWithGiftCards_20180514223906.png[5/14/2018 10:39:14 PM]&lt;Info&gt;AllBrowserWindow : Locating browser window...Assert.Fail failed. [5/14/2018 10:39:38 PM]&lt;Error&gt;AllBrowserWindow : failed executing ...Unable to find Windows Internet Explorer window with 'HorizonHobby - Shipping and Billing Display - Internet Explorer' in the title., 
    StackTrace:
    AllBrowserWindow(),SharedBorderFree.cs,Line Number:1037
    CreditCardCheckoutAuthorizationUnderReviewWithGiftCards(),CheckoutCreditCard.cs,Line Number:145[5/14/2018 10:39:38 PM]&lt;CaptureImage&gt;\\CMP01-YKumar\AutoLog\CMP01-INDIASQA\CreditCardCheckoutAuthorizationUnderReviewWithGiftCards_20180514223938.png[5/14/2018 10:39:42 PM]&lt;FAIL&gt;&lt;CreditCardCheckoutAuthorizationUnderReviewWithGiftCards&gt;&lt;Validates the CC transaction failed error message appearing&gt;.Assert.AreEqual failed. Expected:&lt;Please update your card_cvn with valid value to proceed with order. (Tip -- To avoid processing delays, please ensure Address or Payment information contain alphabet [A-Z] and numbers [0-9] only).&gt;. Actual:&lt;&gt;. 
    StackTrace:
    CreditCardCheckoutAuthorizationUnderReviewWithGiftCards(),CheckoutCreditCard.cs,Line Number:149[5/14/2018 10:39:42 PM]&lt;CaptureImage&gt;\\CMP01-YKumar\AutoLog\CMP01-INDIASQA\CreditCardCheckoutAuthorizationUnderReviewWithGiftCards_20180514223942.png[5/14/2018 10:39:46 PM]&lt;FAIL&gt;&lt;CreditCardCheckoutAuthorizationUnderReviewWithGiftCards&gt;&lt;Validates Gift Card entered on Order remains on order.&gt;.Assert.AreEqual failed. Expected:&lt;True&gt;. Actual:&lt;False&gt;. 
    StackTrace:
    CreditCardCheckoutAuthorizationUnderReviewWithGiftCards(),CheckoutCreditCard.cs,Line Number:154[5/14/2018 10:39:46 PM]&lt;CaptureImage&gt;\\CMP01-YKumar\AutoLog\CMP01-INDIASQA\CreditCardCheckoutAuthorizationUnderReviewWithGiftCards_20180514223946.pngAssert.Fail failed. [5/14/2018 10:40:01 PM]&lt;ERROR&gt;MouseClick Exception:Microsoft.VisualStudio.TestTools.UITest.Extension.UITestControlNotFoundException: The playback failed to find the control with the given search properties. Additional Details: 
TechnologyName:  'Web'
ControlType:  'Hyperlink'
TagName:  'A'
Id:  'WC_ShipmentDisplay_links_2'
 Failed to find any control that matched the value WC_ShipmentDisplay_links_2 for the search property Id. ---&gt; System.Runtime.InteropServices.COMException: Error HRESULT E_FAIL has been returned from a call to a COM component.
   at Microsoft.VisualStudio.TestTools.UITest.Playback.Engine.IScreenElement.FindAllDescendants(String bstrQueryId, Object&amp; pvarResKeys, Int32 cResKeys, Int32 nMaxDepth)
   at Microsoft.VisualStudio.TestTools.UITest.Playback.ScreenElement.FindAllScreenElement(String queryId, Int32 depth, Boolean singleQueryId, Boolean throwException, Boolean resetSkipStep)
   at Microsoft.VisualStudio.TestTools.UITest.Playback.ScreenElement.FindScreenElement(String queryId, Int32 depth, Boolean resetSkipStep)
   at Microsoft.VisualStudio.TestTools.UITesting.UITestControl.FindFirstDescendant(String queryId, Int32 maxDepth, Int32&amp; timeLeft)
   --- End of inner exception stack trace ---
   at Microsoft.VisualStudio.TestTools.UITesting.Playback.MapControlNotFoundException(COMException ex, IPlaybackContext context)
   at Microsoft.VisualStudio.TestTools.UITesting.Playback.MapAndThrowComException(COMException innerException, IPlaybackContext context)
   at Microsoft.VisualStudio.TestTools.UITesting.Playback.MapAndThrowException(SystemException exception, IPlaybackContext context)
   at Microsoft.VisualStudio.TestTools.UITesting.Playback.MapAndThrowException(SystemException exception, String queryId)
   at Microsoft.VisualStudio.TestTools.UITesting.UITestControl.FindFirstDescendant(String queryId, Int32 maxDepth, Int32&amp; timeLeft)
   at Microsoft.VisualStudio.TestTools.UITesting.SearchHelper.GetUITestControlRecursive(Boolean useCache, Boolean alwaysSearch, ISearchArgument searchArg, IList`1 windowTitles, Int32&amp; timeLeft)
   at Microsoft.VisualStudio.TestTools.UITesting.SearchHelper.GetElement(Boolean useCache, ISearchArgument searchArg)
   at Microsoft.VisualStudio.TestTools.UITesting.SearchHelper.Search(ISearchArgument searchArg)
   at Microsoft.VisualStudio.TestTools.UITesting.UITestControl.FindInternal()
   at Microsoft.VisualStudio.TestTools.UITesting.UITestControl.&lt;Find&gt;b__3a()
   at Microsoft.VisualStudio.TestTools.UITesting.CodedUITestMethodInvoker.InvokeMethod[T](Func`1 function, UITestControl control, Boolean firePlaybackErrorEvent, Boolean logAsAction)
   at Microsoft.VisualStudio.TestTools.UITesting.UITestControl.Find()
   at Microsoft.VisualStudio.TestTools.UITesting.UITestControl.GetPropertyPrivate(String propertyName)
   at Microsoft.VisualStudio.TestTools.UITesting.UITestControl.GetPropertyOfType[T](String propertyName)
   at Microsoft.VisualStudio.TestTools.UITesting.UITestControl.get_Name()
   at TestAuto.LoggingAndSharedGenericMethods.MouseClick(UITestControl uiMenuItemTestControl) in c:\Builds\1\WebSphere\QATestAutomation\src\CodedUITest\SourceCode\Common\Logging\SharedMethods_Generic.cs:line 790, 
    StackTrace:
    MouseClick(),SharedMethods_Generic.cs,Line Number:822
    CreditCardCheckoutAuthorizationUnderReviewWithGiftCards(),CheckoutCreditCard.cs,Line Number:159[5/14/2018 10:40:01 PM]&lt;CaptureImage&gt;\\CMP01-YKumar\AutoLog\CMP01-INDIASQA\CreditCardCheckoutAuthorizationUnderReviewWithGiftCards_20180514224001.png[5/14/2018 10:40:01 PM]&lt;Info&gt;AllBrowserWindow : Locating browser window...[5/14/2018 10:40:08 PM]&lt;Info&gt;AllBrowserWindow : Locating browser window...Assert.Fail failed. [5/14/2018 10:40:18 PM]&lt;ERROR&gt;MouseClick Exception:Microsoft.VisualStudio.TestTools.UITest.Extension.FailedToPerformActionOnBlockedControlException: Another control is blocking the control. Please make the blocked control visible and retry the action. Additional Details: 
TechnologyName:  'Web'
ControlType:  'Hyperlink'
TagName:  'A'
Id:  'WC_OrderItemDetailsf_links_2_1'
Name:  ''
Target:  ''
InnerText:  ' Remove '
 ---&gt; System.Runtime.InteropServices.COMException: Exception from HRESULT: 0xF004F003
   at Microsoft.VisualStudio.TestTools.UITest.Playback.Engine.IScreenElement.MouseButtonClick(Int32 x, Int32 y, Int32 nButton, Int32 fEnsureVisible, String bstrKeyModifiers)
   at Microsoft.VisualStudio.TestTools.UITest.Playback.ScreenElement.MouseButtonClick(Int32 x, Int32 y, MouseButtons button, ModifierKeys modifierKeys, Int32 ensureVisible)
   at Microsoft.VisualStudio.TestTools.UITesting.UITestControl.Click(MouseButtons button, ModifierKeys modifierKeys, Point relativeCoordinates)
   --- End of inner exception stack trace ---
   at Microsoft.VisualStudio.TestTools.UITesting.Playback.MapAndThrowComException(COMException innerException, IPlaybackContext context)
   at Microsoft.VisualStudio.TestTools.UITesting.Playback.MapAndThrowException(SystemException exception, IPlaybackContext context)
   at Microsoft.VisualStudio.TestTools.UITesting.Playback.MapAndThrowException(SystemException exception, String actionName, UITestControl uiControl, Point point)
   at Microsoft.VisualStudio.TestTools.UITesting.UITestControl.Click(MouseButtons button, ModifierKeys modifierKeys, Point relativeCoordinates)
   at Microsoft.VisualStudio.TestTools.UITesting.UITestActionExecutorCore.Click(UITestControl control, MouseButtons button, ModifierKeys modifierKeys, Point relativeCoordinate)
   at Microsoft.VisualStudio.TestTools.UITesting.Mouse.ClickImplementation(UITestControl control, MouseButtons button, ModifierKeys modifierKeys, Point relativeCoordinate)
   at Microsoft.VisualStudio.TestTools.UITesting.Mouse.&lt;&gt;c__DisplayClass6.&lt;Click&gt;b__5()
   at Microsoft.VisualStudio.TestTools.UITesting.CodedUITestMethodInvoker.InvokeMethod[T](Func`1 function, UITestControl control, Boolean firePlaybackErrorEvent, Boolean logAsAction)
   at Microsoft.VisualStudio.TestTools.UITesting.Mouse.Click(UITestControl control, MouseButtons button, ModifierKeys modifierKeys, Point relativeCoordinate)
   at Microsoft.VisualStudio.TestTools.UITesting.Mouse.Click(UITestControl control)
   at TestAuto.LoggingAndSharedGenericMethods.MouseClick(UITestControl uiMenuItemTestControl) in c:\Builds\1\WebSphere\QATestAutomation\src\CodedUITest\SourceCode\Common\Logging\SharedMethods_Generic.cs:line 785, 
    StackTrace:
    MouseClick(),SharedMethods_Generic.cs,Line Number:822
    RemoveSingleItemFromCart(),SharedShoppingCart.cs,Line Number:441
    RemoveSingleItemFromCart(),SharedShoppingCart.cs,Line Number:447
    CreditCardCheckoutAuthorizationUnderReviewWithGiftCards(),CheckoutCreditCard.cs,Line Number:162[5/14/2018 10:40:18 PM]&lt;CaptureImage&gt;\\CMP01-YKumar\AutoLog\CMP01-INDIASQA\CreditCardCheckoutAuthorizationUnderReviewWithGiftCards_20180514224018.png[5/14/2018 10:40:28 PM]&lt;INFO&gt;GenerateGiftCard : method executing...[5/14/2018 10:40:28 PM]&lt;INFO&gt;LaunchCustomBrowserWindow : method executing ...[5/14/2018 10:40:31 PM]&lt;INFO&gt;SurveyWindow : method executing ...[5/14/2018 10:40:34 PM]&lt;PASS&gt;&lt;GenerateGiftCard&gt;&lt; Validates that a new Gift Card Number generated successfully&gt;[5/14/2018 10:40:36 PM]&lt;INFO&gt;CheckoutCommonWorkflow : method executing[5/14/2018 10:40:46 PM]&lt;INFO&gt;SearchProductexecuting ... Searching term:= 'TRA370541T6'Assert.Fail failed. [5/14/2018 10:40:48 PM]&lt;ERROR&gt;SearchProduct := TRA370541T6 : failed executing ...Another control is blocking the control. Please make the blocked control visible and retry the action. Additional Details: 
TechnologyName:  'Web'
ControlType:  'Edit'
TagName:  'INPUT'
Id:  'SimpleSearchForm_SearchTerm'
Name:  'searchTerm'
, 
    StackTrace:
    SearchProduct(),SharedApplicationCommon.cs,Line Number:697
    CheckoutCommonWorkflow(),SharedCheckoutCreditCard.cs,Line Number:915
    CheckoutCommonWorkflow(),SharedCheckoutCreditCard.cs,Line Number:841
    CreditCardCheckoutAuthorizationUnderReviewWithGiftCards(),CheckoutCreditCard.cs,Line Number:169[5/14/2018 10:40:48 PM]&lt;CaptureImage&gt;\\CMP01-YKumar\AutoLog\CMP01-INDIASQA\CreditCardCheckoutAuthorizationUnderReviewWithGiftCards_20180514224048.png[5/14/2018 10:40:48 PM]&lt;Info&gt;AllBrowserWindow : Locating browser window...[5/14/2018 10:41:12 PM]&lt;Info&gt;AllBrowserWindow : Locating browser window...[5/14/2018 10:42:56 PM]&lt;INFO&gt;BackOrderClickexecuting ...Assert.Fail failed. [5/14/2018 10:43:02 PM]&lt;ERROR&gt;BackOrderClick : failed executing ...The playback failed to find the control with the given search properties. Additional Details: 
TechnologyName:  'Web'
ControlType:  'Hyperlink'
TagName:  'A'
Id:  'add2CartBtn'
 Failed to find any control that matched the value add2CartBtn for the search property Id., 
    StackTrace:
    BackOrderClick(),SharedProductPage.cs,Line Number:498
    CheckoutCommonWorkflow(),SharedCheckoutCreditCard.cs,Line Number:929
    CheckoutCommonWorkflow(),SharedCheckoutCreditCard.cs,Line Number:841
    CreditCardCheckoutAuthorizationUnderReviewWithGiftCards(),CheckoutCreditCard.cs,Line Number:169[5/14/2018 10:43:02 PM]&lt;CaptureImage&gt;\\CMP01-YKumar\AutoLog\CMP01-INDIASQA\CreditCardCheckoutAuthorizationUnderReviewWithGiftCards_20180514224302.png[5/14/2018 10:43:03 PM]&lt;INFO&gt;GoToCartClickexecuting ...Assert.Fail failed. [5/14/2018 10:43:16 PM]&lt;ERROR&gt;MouseClick Exception:Microsoft.VisualStudio.TestTools.UITest.Extension.FailedToPerformActionOnHiddenControlException: Cannot perform 'Click' on the hidden control. Additional Details: 
TechnologyName:  'Web'
ControlType:  'Hyperlink'
TagName:  'A'
Id:  'GotoCartButton1'
Name:  ''
Target:  ''
InnerText:  'Go to Cart'
 ---&gt; System.Runtime.InteropServices.COMException: Exception from HRESULT: 0xF004F002
   at Microsoft.VisualStudio.TestTools.UITest.Playback.Engine.IScreenElement.MouseButtonClick(Int32 x, Int32 y, Int32 nButton, Int32 fEnsureVisible, String bstrKeyModifiers)
   at Microsoft.VisualStudio.TestTools.UITest.Playback.ScreenElement.MouseButtonClick(Int32 x, Int32 y, MouseButtons button, ModifierKeys modifierKeys, Int32 ensureVisible)
   at Microsoft.VisualStudio.TestTools.UITesting.UITestControl.Click(MouseButtons button, ModifierKeys modifierKeys, Point relativeCoordinates)
   --- End of inner exception stack trace ---
   at Microsoft.VisualStudio.TestTools.UITesting.Playback.MapAndThrowComException(COMException innerException, IPlaybackContext context)
   at Microsoft.VisualStudio.TestTools.UITesting.Playback.MapAndThrowException(SystemException exception, IPlaybackContext context)
   at Microsoft.VisualStudio.TestTools.UITesting.Playback.MapAndThrowException(SystemException exception, String actionName, UITestControl uiControl, Point point)
   at Microsoft.VisualStudio.TestTools.UITesting.UITestControl.Click(MouseButtons button, ModifierKeys modifierKeys, Point relativeCoordinates)
   at Microsoft.VisualStudio.TestTools.UITesting.UITestActionExecutorCore.Click(UITestControl control, MouseButtons button, ModifierKeys modifierKeys, Point relativeCoordinate)
   at Microsoft.VisualStudio.TestTools.UITesting.Mouse.ClickImplementation(UITestControl control, MouseButtons button, ModifierKeys modifierKeys, Point relativeCoordinate)
   at Microsoft.VisualStudio.TestTools.UITesting.Mouse.&lt;&gt;c__DisplayClass6.&lt;Click&gt;b__5()
   at Microsoft.VisualStudio.TestTools.UITesting.CodedUITestMethodInvoker.InvokeMethod[T](Func`1 function, UITestControl control, Boolean firePlaybackErrorEvent, Boolean logAsAction)
   at Microsoft.VisualStudio.TestTools.UITesting.Mouse.Click(UITestControl control, MouseButtons button, ModifierKeys modifierKeys, Point relativeCoordinate)
   at Microsoft.VisualStudio.TestTools.UITesting.Mouse.Click(UITestControl control)
   at TestAuto.LoggingAndSharedGenericMethods.MouseClick(UITestControl uiMenuItemTestControl) in c:\Builds\1\WebSphere\QATestAutomation\src\CodedUITest\SourceCode\Common\Logging\SharedMethods_Generic.cs:line 785, 
    StackTrace:
    MouseClick(),SharedMethods_Generic.cs,Line Number:822
    GoToCartClick(),SharedCartPopUp.cs,Line Number:129
    CheckoutCommonWorkflow(),SharedCheckoutCreditCard.cs,Line Number:932
    CheckoutCommonWorkflow(),SharedCheckoutCreditCard.cs,Line Number:841
    CreditCardCheckoutAuthorizationUnderReviewWithGiftCards(),CheckoutCreditCard.cs,Line Number:169[5/14/2018 10:43:16 PM]&lt;CaptureImage&gt;\\CMP01-YKumar\AutoLog\CMP01-INDIASQA\CreditCardCheckoutAuthorizationUnderReviewWithGiftCards_20180514224316.png[5/14/2018 10:43:16 PM]&lt;INFO&gt;ContinueOnCertificationErrorClickexecuting ...[5/14/2018 10:43:16 PM]&lt;INFO&gt;CheckoutProcessStartShoppingCart : method executing[5/14/2018 10:43:16 PM]&lt;Info&gt;AllBrowserWindow : Locating browser window...[5/14/2018 10:43:23 PM]&lt;INFO&gt;CheckoutShoppingCartControls : method executing[5/14/2018 10:43:23 PM]&lt;Info&gt;AllBrowserWindow : Locating browser window...[5/14/2018 10:43:34 PM]&lt;Info&gt;AllBrowserWindow : Locating browser window...Assert.Fail failed. [5/14/2018 10:43:58 PM]&lt;Error&gt;AllBrowserWindow : failed executing ...Unable to find Windows Internet Explorer window with 'HorizonHobby - Shipping and Billing Display - Internet Explorer' in the title., 
    StackTrace:
    AllBrowserWindow(),SharedBorderFree.cs,Line Number:1037
    CheckoutCommonWorkflow(),SharedCheckoutCreditCard.cs,Line Number:944
    CheckoutCommonWorkflow(),SharedCheckoutCreditCard.cs,Line Number:841
    CreditCardCheckoutAuthorizationUnderReviewWithGiftCards(),CheckoutCreditCard.cs,Line Number:169[5/14/2018 10:43:58 PM]&lt;CaptureImage&gt;\\CMP01-YKumar\AutoLog\CMP01-INDIASQA\CreditCardCheckoutAuthorizationUnderReviewWithGiftCards_20180514224358.png[5/14/2018 10:43:58 PM]&lt;INFO&gt;CheckoutCreditCardShippingAndBillingControls : method executing[5/14/2018 10:43:58 PM]&lt;Info&gt;AllBrowserWindow : Locating browser window...Assert.Fail failed. [5/14/2018 10:44:22 PM]&lt;Error&gt;AllBrowserWindow : failed executing ...Unable to find Windows Internet Explorer window with 'HorizonHobby - Shipping and Billing Display - Internet Explorer' in the title., 
    StackTrace:
    AllBrowserWindow(),SharedBorderFree.cs,Line Number:1037
    CheckoutCreditCardShippingAndBillingControls(),SharedCheckoutCreditCard.cs,Line Number:66
    OrderTableRecords(),SharedCheckoutCreditCard.cs,Line Number:138
    CheckoutCommonWorkflow(),SharedCheckoutCreditCard.cs,Line Number:953
    CheckoutCommonWorkflow(),SharedCheckoutCreditCard.cs,Line Number:841
    CreditCardCheckoutAuthorizationUnderReviewWithGiftCards(),CheckoutCreditCard.cs,Line Number:169[5/14/2018 10:44:23 PM]&lt;CaptureImage&gt;\\CMP01-YKumar\AutoLog\CMP01-INDIASQA\CreditCardCheckoutAuthorizationUnderReviewWithGiftCards_20180514224422.png[5/14/2018 10:44:31 PM]&lt;INFO&gt;TotalValue : method executing ...Assert.Fail failed. [5/14/2018 10:44:31 PM]&lt;Error&gt;TotalValue : failed executing ...Input string was not in a correct format., 
    StackTrace:
    TotalValue(),SharedCheckoutCreditCard.cs,Line Number:1071
    CheckoutCommonWorkflow(),SharedCheckoutCreditCard.cs,Line Number:955
    CheckoutCommonWorkflow(),SharedCheckoutCreditCard.cs,Line Number:841
    CreditCardCheckoutAuthorizationUnderReviewWithGiftCards(),CheckoutCreditCard.cs,Line Number:169[5/14/2018 10:44:31 PM]&lt;CaptureImage&gt;\\CMP01-YKumar\AutoLog\CMP01-INDIASQA\CreditCardCheckoutAuthorizationUnderReviewWithGiftCards_20180514224431.png[5/14/2018 10:44:31 PM]&lt;INFO&gt;ApplyGiftCard : method executing... -&gt; ''[5/14/2018 10:44:31 PM]&lt;Info&gt;AllBrowserWindow : Locating browser window...Assert.Fail failed. [5/14/2018 10:44:55 PM]&lt;Error&gt;AllBrowserWindow : failed executing ...Unable to find Windows Internet Explorer window with 'HorizonHobby - Shipping and Billing Display - Internet Explorer' in the title., 
    StackTrace:
    AllBrowserWindow(),SharedBorderFree.cs,Line Number:1037
    ApplyGiftCard(),SharedCheckoutCommon.cs,Line Number:1230
    ApplyGiftCard(),SharedCheckoutCommon.cs,Line Number:1309
    CheckoutCommonWorkflow(),SharedCheckoutCreditCard.cs,Line Number:958
    CheckoutCommonWorkflow(),SharedCheckoutCreditCard.cs,Line Number:841
    CreditCardCheckoutAuthorizationUnderReviewWithGiftCards(),CheckoutCreditCard.cs,Line Number:169[5/14/2018 10:44:55 PM]&lt;CaptureImage&gt;\\CMP01-YKumar\AutoLog\CMP01-INDIASQA\CreditCardCheckoutAuthorizationUnderReviewWithGiftCards_20180514224455.pngAssert.Fail failed. [5/14/2018 10:45:02 PM]&lt;Error&gt;ApplyGiftCard : failed executing ...The playback failed to find the control with the given search properties. Additional Details: 
TechnologyName:  'Web'
ControlType:  'Edit'
TagName:  'INPUT'
Id:  'giftCard'
 Failed to find any control that matched the search condition ControlType='Edit' &amp;&amp; Id=&gt;'giftCard', 
    StackTrace:
    ApplyGiftCard(),SharedCheckoutCommon.cs,Line Number:1302
    ApplyGiftCard(),SharedCheckoutCommon.cs,Line Number:1309
    CheckoutCommonWorkflow(),SharedCheckoutCreditCard.cs,Line Number:958
    CheckoutCommonWorkflow(),SharedCheckoutCreditCard.cs,Line Number:841
    CreditCardCheckoutAuthorizationUnderReviewWithGiftCards(),CheckoutCreditCard.cs,Line Number:169[5/14/2018 10:45:02 PM]&lt;CaptureImage&gt;\\CMP01-YKumar\AutoLog\CMP01-INDIASQA\CreditCardCheckoutAuthorizationUnderReviewWithGiftCards_20180514224502.png[5/14/2018 10:45:07 PM]&lt;Info&gt;AllBrowserWindow : Locating browser window...Assert.Fail failed. [5/14/2018 10:45:31 PM]&lt;Error&gt;AllBrowserWindow : failed executing ...Unable to find Windows Internet Explorer window with 'HorizonHobby - Shipping and Billing Display - Internet Explorer' in the title., 
    StackTrace:
    AllBrowserWindow(),SharedBorderFree.cs,Line Number:1037
    CheckoutCommonWorkflow(),SharedCheckoutCreditCard.cs,Line Number:960
    CheckoutCommonWorkflow(),SharedCheckoutCreditCard.cs,Line Number:841
    CreditCardCheckoutAuthorizationUnderReviewWithGiftCards(),CheckoutCreditCard.cs,Line Number:169[5/14/2018 10:45:31 PM]&lt;CaptureImage&gt;\\CMP01-YKumar\AutoLog\CMP01-INDIASQA\CreditCardCheckoutAuthorizationUnderReviewWithGiftCards_20180514224531.png[5/14/2018 10:45:31 PM]&lt;INFO&gt;CheckoutCreditCardShippingAndBillingControls : method executing[5/14/2018 10:45:31 PM]&lt;Info&gt;AllBrowserWindow : Locating browser window...Assert.Fail failed. [5/14/2018 10:45:56 PM]&lt;Error&gt;AllBrowserWindow : failed executing ...Unable to find Windows Internet Explorer window with 'HorizonHobby - Shipping and Billing Display - Internet Explorer' in the title., 
    StackTrace:
    AllBrowserWindow(),SharedBorderFree.cs,Line Number:1037
    CheckoutCreditCardShippingAndBillingControls(),SharedCheckoutCreditCard.cs,Line Number:66
    OrderTableRecords(),SharedCheckoutCreditCard.cs,Line Number:138
    CheckoutCommonWorkflow(),SharedCheckoutCreditCard.cs,Line Number:967
    CheckoutCommonWorkflow(),SharedCheckoutCreditCard.cs,Line Number:841
    CreditCardCheckoutAuthorizationUnderReviewWithGiftCards(),CheckoutCreditCard.cs,Line Number:169[5/14/2018 10:45:56 PM]&lt;CaptureImage&gt;\\CMP01-YKumar\AutoLog\CMP01-INDIASQA\CreditCardCheckoutAuthorizationUnderReviewWithGiftCards_20180514224556.png[5/14/2018 10:46:05 PM]&lt;INFO&gt;TotalValue : method executing ...Assert.Fail failed. [5/14/2018 10:46:05 PM]&lt;Error&gt;TotalValue : failed executing ...Input string was not in a correct format., 
    StackTrace:
    TotalValue(),SharedCheckoutCreditCard.cs,Line Number:1071
    CheckoutCommonWorkflow(),SharedCheckoutCreditCard.cs,Line Number:968
    CheckoutCommonWorkflow(),SharedCheckoutCreditCard.cs,Line Number:841
    CreditCardCheckoutAuthorizationUnderReviewWithGiftCards(),CheckoutCreditCard.cs,Line Number:169[5/14/2018 10:46:05 PM]&lt;CaptureImage&gt;\\CMP01-YKumar\AutoLog\CMP01-INDIASQA\CreditCardCheckoutAuthorizationUnderReviewWithGiftCards_20180514224605.png[5/14/2018 10:46:05 PM]&lt;FAIL&gt;&lt;CheckoutCommonWorkflow&gt;&lt; Validates expected authorization amount: '50' is equals actual authorization amount: '0'&gt;.Assert.AreEqual failed. Expected:&lt;50&gt;. Actual:&lt;0&gt;. 
    StackTrace:
    CheckoutCommonWorkflow(),SharedCheckoutCreditCard.cs,Line Number:971
    CheckoutCommonWorkflow(),SharedCheckoutCreditCard.cs,Line Number:841[5/14/2018 10:46:05 PM]&lt;CaptureImage&gt;\\CMP01-YKumar\AutoLog\CMP01-INDIASQA\CreditCardCheckoutAuthorizationUnderReviewWithGiftCards_20180514224605.png[5/14/2018 10:46:05 PM]&lt;INFO&gt;SelectCheckoutPaymentRadiobutton : method executing[5/14/2018 10:46:05 PM]&lt;INFO&gt;CheckoutCreditCardShippingAndBillingControls : method executing[5/14/2018 10:46:05 PM]&lt;Info&gt;AllBrowserWindow : Locating browser window...Assert.Fail failed. [5/14/2018 10:46:29 PM]&lt;Error&gt;AllBrowserWindow : failed executing ...Unable to find Windows Internet Explorer window with 'HorizonHobby - Shipping and Billing Display - Internet Explorer' in the title., 
    StackTrace:
    AllBrowserWindow(),SharedBorderFree.cs,Line Number:1037
    CheckoutCreditCardShippingAndBillingControls(),SharedCheckoutCreditCard.cs,Line Number:66
    SelectCheckoutPaymentRadiobutton(),SharedCheckoutCreditCard.cs,Line Number:514
    CheckoutCommonWorkflow(),SharedCheckoutCreditCard.cs,Line Number:981
    CheckoutCommonWorkflow(),SharedCheckoutCreditCard.cs,Line Number:841
    CreditCardCheckoutAuthorizationUnderReviewWithGiftCards(),CheckoutCreditCard.cs,Line Number:169[5/14/2018 10:46:29 PM]&lt;CaptureImage&gt;\\CMP01-YKumar\AutoLog\CMP01-INDIASQA\CreditCardCheckoutAuthorizationUnderReviewWithGiftCards_20180514224629.pngAssert.Fail failed. [5/14/2018 10:46:36 PM]&lt;ERROR&gt;SelectCheckoutPaymentRadiobutton : failed executing ...Index was out of range. Must be non-negative and less than the size of the collection.
Parameter name: index, 
    StackTrace:
    SelectCheckoutPaymentRadiobutton(),SharedCheckoutCreditCard.cs,Line Number:539
    CheckoutCommonWorkflow(),SharedCheckoutCreditCard.cs,Line Number:981
    CheckoutCommonWorkflow(),SharedCheckoutCreditCard.cs,Line Number:841
    CreditCardCheckoutAuthorizationUnderReviewWithGiftCards(),CheckoutCreditCard.cs,Line Number:169[5/14/2018 10:46:36 PM]&lt;CaptureImage&gt;\\CMP01-YKumar\AutoLog\CMP01-INDIASQA\CreditCardCheckoutAuthorizationUnderReviewWithGiftCards_20180514224636.png[5/14/2018 10:46:36 PM]&lt;INFO&gt;FillCreditCardDetails : method executing[5/14/2018 10:46:36 PM]&lt;INFO&gt;CheckoutCreditCardShippingAndBillingControls : method executing[5/14/2018 10:46:36 PM]&lt;Info&gt;AllBrowserWindow : Locating browser window...Assert.Fail failed. [5/14/2018 10:47:00 PM]&lt;Error&gt;AllBrowserWindow : failed executing ...Unable to find Windows Internet Explorer window with 'HorizonHobby - Shipping and Billing Display - Internet Explorer' in the title., 
    StackTrace:
    AllBrowserWindow(),SharedBorderFree.cs,Line Number:1037
    CheckoutCreditCardShippingAndBillingControls(),SharedCheckoutCreditCard.cs,Line Number:66
    FillCreditCardDetails(),SharedCheckoutCreditCard.cs,Line Number:551
    CheckoutCommonWorkflow(),SharedCheckoutCreditCard.cs,Line Number:984
    CheckoutCommonWorkflow(),SharedCheckoutCreditCard.cs,Line Number:841
    CreditCardCheckoutAuthorizationUnderReviewWithGiftCards(),CheckoutCreditCard.cs,Line Number:169[5/14/2018 10:47:00 PM]&lt;CaptureImage&gt;\\CMP01-YKumar\AutoLog\CMP01-INDIASQA\CreditCardCheckoutAuthorizationUnderReviewWithGiftCards_20180514224700.pngAssert.Fail failed. [5/14/2018 10:47:06 PM]&lt;ERROR&gt;FillCreditCardDetails : failed executing ...The playback failed to find the control with the given search properties. Additional Details: 
TechnologyName:  'Web'
ControlType:  'Edit'
TagName:  'INPUT'
Class:  'cardEntry_cardNumInput'
 Failed to find any control that matched the search condition ControlType='Edit' &amp;&amp; Class=&gt;'cardEntry_cardNumInput', 
    StackTrace:
    FillCreditCardDetails(),SharedCheckoutCreditCard.cs,Line Number:570
    CheckoutCommonWorkflow(),SharedCheckoutCreditCard.cs,Line Number:984
    CheckoutCommonWorkflow(),SharedCheckoutCreditCard.cs,Line Number:841
    CreditCardCheckoutAuthorizationUnderReviewWithGiftCards(),CheckoutCreditCard.cs,Line Number:169[5/14/2018 10:47:06 PM]&lt;CaptureImage&gt;\\CMP01-YKumar\AutoLog\CMP01-INDIASQA\CreditCardCheckoutAuthorizationUnderReviewWithGiftCards_20180514224706.png[5/14/2018 10:47:06 PM]&lt;INFO&gt;ClickReviewOrder : method executing[5/14/2018 10:47:06 PM]&lt;INFO&gt;CheckoutCreditCardShippingAndBillingControls : method executing[5/14/2018 10:47:06 PM]&lt;Info&gt;AllBrowserWindow : Locating browser window...Assert.Fail failed. [5/14/2018 10:47:30 PM]&lt;Error&gt;AllBrowserWindow : failed executing ...Unable to find Windows Internet Explorer window with 'HorizonHobby - Shipping and Billing Display - Internet Explorer' in the title., 
    StackTrace:
    AllBrowserWindow(),SharedBorderFree.cs,Line Number:1037
    CheckoutCreditCardShippingAndBillingControls(),SharedCheckoutCreditCard.cs,Line Number:66
    ClickReviewOrder(),SharedCheckoutCreditCard.cs,Line Number:582
    CheckoutCommonWorkflow(),SharedCheckoutCreditCard.cs,Line Number:986
    CheckoutCommonWorkflow(),SharedCheckoutCreditCard.cs,Line Number:841
    CreditCardCheckoutAuthorizationUnderReviewWithGiftCards(),CheckoutCreditCard.cs,Line Number:169[5/14/2018 10:47:30 PM]&lt;CaptureImage&gt;\\CMP01-YKumar\AutoLog\CMP01-INDIASQA\CreditCardCheckoutAuthorizationUnderReviewWithGiftCards_20180514224730.pngAssert.Fail failed. [5/14/2018 10:47:37 PM]&lt;ERROR&gt;ClickReviewOrder : failed executing ...The playback failed to find the control with the given search properties. Additional Details: 
TechnologyName:  'Web'
ControlType:  'Hyperlink'
TagName:  'A'
Id:  'shippingBillingPageNextPrepareCall'
 Failed to find any control that matched the value shippingBillingPageNextPrepareCall for the search property Id., 
    StackTrace:
    ClickReviewOrder(),SharedCheckoutCreditCard.cs,Line Number:605
    CheckoutCommonWorkflow(),SharedCheckoutCreditCard.cs,Line Number:986
    CheckoutCommonWorkflow(),SharedCheckoutCreditCard.cs,Line Number:841
    CreditCardCheckoutAuthorizationUnderReviewWithGiftCards(),CheckoutCreditCard.cs,Line Number:169[5/14/2018 10:47:37 PM]&lt;CaptureImage&gt;\\CMP01-YKumar\AutoLog\CMP01-INDIASQA\CreditCardCheckoutAuthorizationUnderReviewWithGiftCards_20180514224737.png[5/14/2018 10:47:37 PM]&lt;INFO&gt;PlaceOrderCreditCard : method executing[5/14/2018 10:47:37 PM]&lt;INFO&gt;CheckoutCreditCardShippingAndBillingControls : method executing[5/14/2018 10:47:37 PM]&lt;Info&gt;AllBrowserWindow : Locating browser window...Assert.Fail failed. [5/14/2018 10:48:01 PM]&lt;Error&gt;AllBrowserWindow : failed executing ...Unable to find Windows Internet Explorer window with 'HorizonHobby - Shipping and Billing Display - Internet Explorer' in the title., 
    StackTrace:
    AllBrowserWindow(),SharedBorderFree.cs,Line Number:1037
    CheckoutCreditCardShippingAndBillingControls(),SharedCheckoutCreditCard.cs,Line Number:66
    PlaceOrderCreditCard(),SharedCheckoutCreditCard.cs,Line Number:683
    PlaceOrder(),SharedCheckoutCreditCard.cs,Line Number:630
    CheckoutCommonWorkflow(),SharedCheckoutCreditCard.cs,Line Number:997
    CheckoutCommonWorkflow(),SharedCheckoutCreditCard.cs,Line Number:841
    CreditCardCheckoutAuthorizationUnderReviewWithGiftCards(),CheckoutCreditCard.cs,Line Number:169[5/14/2018 10:48:01 PM]&lt;CaptureImage&gt;\\CMP01-YKumar\AutoLog\CMP01-INDIASQA\CreditCardCheckoutAuthorizationUnderReviewWithGiftCards_20180514224801.pngAssert.Fail failed. [5/14/2018 10:48:08 PM]&lt;ERROR&gt;PlaceOrderCreditCard : failed executing ...The playback failed to find the control with the given search properties. Additional Details: 
TechnologyName:  'Web'
ControlType:  'Hyperlink'
TagName:  'A'
Id:  'shippingBillingPageNextGCTotal'
 Failed to find any control that matched the value shippingBillingPageNextGCTotal for the search property Id., 
    StackTrace:
    PlaceOrderCreditCard(),SharedCheckoutCreditCard.cs,Line Number:758
    PlaceOrder(),SharedCheckoutCreditCard.cs,Line Number:630
    CheckoutCommonWorkflow(),SharedCheckoutCreditCard.cs,Line Number:997
    CheckoutCommonWorkflow(),SharedCheckoutCreditCard.cs,Line Number:841
    CreditCardCheckoutAuthorizationUnderReviewWithGiftCards(),CheckoutCreditCard.cs,Line Number:169[5/14/2018 10:48:08 PM]&lt;CaptureImage&gt;\\CMP01-YKumar\AutoLog\CMP01-INDIASQA\CreditCardCheckoutAuthorizationUnderReviewWithGiftCards_20180514224808.png[5/14/2018 10:48:08 PM]&lt;Info&gt;AllBrowserWindow : Locating browser window...Assert.Fail failed. [5/14/2018 10:48:33 PM]&lt;Error&gt;AllBrowserWindow : failed executing ...Unable to find Windows Internet Explorer window with 'HorizonHobby - Order Confirmation - Internet Explorer' in the title., 
    StackTrace:
    AllBrowserWindow(),SharedBorderFree.cs,Line Number:1037
    HandleGooglePrompt(),SharedCheckoutCreditCard.cs,Line Number:1365
    HandleGooglePrompt(),SharedCheckoutCreditCard.cs,Line Number:1390
    PlaceOrder(),SharedCheckoutCreditCard.cs,Line Number:631
    CheckoutCommonWorkflow(),SharedCheckoutCreditCard.cs,Line Number:997
    CheckoutCommonWorkflow(),SharedCheckoutCreditCard.cs,Line Number:841
    CreditCardCheckoutAuthorizationUnderReviewWithGiftCards(),CheckoutCreditCard.cs,Line Number:169[5/14/2018 10:48:33 PM]&lt;CaptureImage&gt;\\CMP01-YKumar\AutoLog\CMP01-INDIASQA\CreditCardCheckoutAuthorizationUnderReviewWithGiftCards_20180514224833.png[5/14/2018 10:48:40 PM]&lt;Info&gt;AllBrowserWindow : Locating browser window...Assert.Fail failed. [5/14/2018 10:49:04 PM]&lt;Error&gt;AllBrowserWindow : failed executing ...Unable to find Windows Internet Explorer window with 'HorizonHobby - Order Confirmation - Internet Explorer' in the title., 
    StackTrace:
    AllBrowserWindow(),SharedBorderFree.cs,Line Number:1037
    CreditCardCheckoutAuthorizationUnderReviewWithGiftCards(),CheckoutCreditCard.cs,Line Number:170[5/14/2018 10:49:04 PM]&lt;CaptureImage&gt;\\CMP01-YKumar\AutoLog\CMP01-INDIASQA\CreditCardCheckoutAuthorizationUnderReviewWithGiftCards_20180514224904.png[5/14/2018 10:49:07 PM]&lt;FAIL&gt;&lt;CreditCardCheckoutAuthorizationUnderReviewWithGiftCards&gt;&lt;Email Sent Message should display the Signup Email id for Registered user&gt;.Assert.AreEqual failed. Expected:&lt;A confirmation E-mail has been sent to the mailbox of horizonhobbytest4@gmail.com. &gt;. Actual:&lt;&gt;. 
    StackTrace:
    CreditCardCheckoutAuthorizationUnderReviewWithGiftCards(),CheckoutCreditCard.cs,Line Number:179[5/14/2018 10:49:07 PM]&lt;CaptureImage&gt;\\CMP01-YKumar\AutoLog\CMP01-INDIASQA\CreditCardCheckoutAuthorizationUnderReviewWithGiftCards_20180514224907.png[5/14/2018 10:49:07 PM]&lt;INFO&gt;OrderConfirmation : method executing[5/14/2018 10:49:07 PM]&lt;INFO&gt;OrderConfirmationUIControls : method executing[5/14/2018 10:49:07 PM]&lt;Info&gt;AllBrowserWindow : Locating browser window...Assert.Fail failed. [5/14/2018 10:49:31 PM]&lt;Error&gt;AllBrowserWindow : failed executing ...Unable to find Windows Internet Explorer window with 'HorizonHobby - Order Confirmation - Internet Explorer' in the title., 
    StackTrace:
    AllBrowserWindow(),SharedBorderFree.cs,Line Number:1037
    OrderConfirmationUIControls(),SharedOrderedItems.cs,Line Number:39
    OrderConfirmation(),SharedOrderedItems.cs,Line Number:59
    CreditCardCheckoutAuthorizationUnderReviewWithGiftCards(),CheckoutCreditCard.cs,Line Number:183[5/14/2018 10:49:31 PM]&lt;CaptureImage&gt;\\CMP01-YKumar\AutoLog\CMP01-INDIASQA\CreditCardCheckoutAuthorizationUnderReviewWithGiftCards_20180514224931.png[5/14/2018 10:49:31 PM]&lt;INFO&gt;SurveyWindow : method executing ...Assert.Fail failed. [5/14/2018 10:50:41 PM]&lt;ERROR&gt;OrderConfirmation : failed executing ...The playback failed to find the control with the given search properties. Additional Details: 
TechnologyName:  'Web'
ControlType:  'Pane'
TagName:  'SPAN'
Class:  'cart_orderConfirm_ordNumValue'
 Failed to find any control that matched the search condition ControlType='Pane' &amp;&amp; Class='cart_orderConfirm_ordNumValue', 
    StackTrace:
    OrderConfirmation(),SharedOrderedItems.cs,Line Number:69
    CreditCardCheckoutAuthorizationUnderReviewWithGiftCards(),CheckoutCreditCard.cs,Line Number:183[5/14/2018 10:50:41 PM]&lt;CaptureImage&gt;\\CMP01-YKumar\AutoLog\CMP01-INDIASQA\CreditCardCheckoutAuthorizationUnderReviewWithGiftCards_20180514225041.png[5/14/2018 10:50:42 PM]&lt;INFO&gt;CCAuthorizationOrderItemStatusValidation : method executingAssert.Fail failed. [5/14/2018 10:50:42 PM]&lt;ERROR&gt;QuerySQLValues_string, strSQLquery=select DATAVALUE from PPCEXTDATA where PPCPAYINST_ID in (select PPCPAYINST_ID from PPCPAYINST where ORDER_ID  ='' AND STORE_ID = 10151) and ATTRIBUTENAME = 'decision', strConnection=Server=cmp02-ws-tst-db01:50000;Database=TST01DB;UID=wcdbuser;PWD=h0r1z0n;Connect Timeout=30, Exception=IBM.Data.DB2.DB2Exception (0x80004005): ERROR [22018] [IBM][DB2/LINUXX8664] SQL0420N  Invalid character found in a character string argument of the function "DECFLOAT".
   at IBM.Data.DB2.DB2DataReader.Read()
   at TestAuto.LoggingAndSharedGenericMethods.QuerySqlValueDB2(String value, String table, String WHERE, String connection, Boolean validate, Boolean concatValues) in c:\Builds\1\WebSphere\QATestAutomation\src\CodedUITest\SourceCode\Common\Logging\SharedMethods_Generic.cs:line 4542, 
    StackTrace:
    QuerySqlValueDB2(),SharedMethods_Generic.cs,Line Number:4562
    QuerySqlValueDB2(),SharedMethods_Generic.cs,Line Number:4085
    CCAuthorizationOrderItemStatusValidation(),SharedMethods_Database.cs,Line Number:1224
    CreditCardCheckoutAuthorizationUnderReviewWithGiftCards(),CheckoutCreditCard.cs,Line Number:184[5/14/2018 10:50:42 PM]&lt;FAIL&gt;&lt;CCAuthorizationStatus&gt;&lt;Verifies that cc authorization status is as expected&gt;.Assert.AreEqual failed. Expected:&lt;Ud0IYAlM0ek=&gt;. Actual:&lt;ExceptionRaised&gt;. 
    StackTrace:
    CCAuthorizationOrderItemStatusValidation(),SharedMethods_Database.cs,Line Number:1228
    CreditCardCheckoutAuthorizationUnderReviewWithGiftCards(),CheckoutCreditCard.cs,Line Number:184[5/14/2018 10:50:42 PM]&lt;RESULT&gt;Test Ended:#PASS=2, #FAIL=6,#Other errors=48[5/14/2018 10:50:43 PM]&lt;INFO&gt;LogCPUAndMemoryUsage: Available Memory = 24298(MB), CPU Usage = 11.16826%[5/14/2018 10:50:43 PM]&lt;INFO&gt;Private Working Set for QTAgent32_40, usage=161488 (K)[5/14/2018 10:50:43 PM]&lt;RESULT&gt;&lt;CreditCardCheckoutAuthorizationUnderReviewWithGiftCards&gt; Test FAILED: Actual #FAIL=6, #Expected FAIL=0
#Other errors=48. See Error Message/logs for further details.</StdOut>
        <ErrorInfo>
          <Message>Assert.Fail failed. 
Actual #FAIL=6, #Expected FAIL=0
#Other errors=48
[Error details below]
&lt;FAIL&gt;&lt;CreditCardCheckoutAuthorizationUnderReviewWithGiftCards&gt;&lt;Validates the CC transaction failed error message appearing&gt;.Assert.AreEqual failed. Expected:&lt;Please update your card_cvn with valid value to proceed with order. (Tip -- To avoid processing delays, please ensure Address or Payment information contain alphabet [A-Z] and numbers [0-9] only).&gt;. Actual:&lt;&gt;. 
    StackTrace:
    CreditCardCheckoutAuthorizationUnderReviewWithGiftCards(),CheckoutCreditCard.cs,Line Number:149
&lt;FAIL&gt;&lt;CreditCardCheckoutAuthorizationUnderReviewWithGiftCards&gt;&lt;Validates Gift Card entered on Order remains on order.&gt;.Assert.AreEqual failed. Expected:&lt;True&gt;. Actual:&lt;False&gt;. 
    StackTrace:
    CreditCardCheckoutAuthorizationUnderReviewWithGiftCards(),CheckoutCreditCard.cs,Line Number:154</Message>
          <StackTrace>   at TestAuto.LoggingAndSharedGenericMethods.EndTest() in c:\Builds\1\WebSphere\QATestAutomation\src\CodedUITest\SourceCode\Common\Logging\Logging.cs:line 1628
   at TestAuto.CheckoutCreditCard.TestCleanup() in c:\Builds\1\WebSphere\QATestAutomation\src\CodedUITest\SourceCode\HHobby\Checkout\CheckoutCreditCard.cs:line 4170
</StackTrace>
        </ErrorInfo>
      </Output>
      <ResultFiles />
    </UnitTestResult>
    <UnitTestResult executionId="c2aba3b0-ba48-4440-b459-81f46ccfd549" testId="dbe4b041-f370-0433-8925-09cada2a681e" testName="CreditCardCheckoutAuthorizationSuccessfullyWithGiftCards" computerName="CMP01-INDIASQA" duration="00:11:08.1875004" startTime="2018-05-14T22:50:45.9174730-05:00" endTime="2018-05-14T23:01:54.2964730-05:00" testType="13cdc9d9-ddb5-4fa4-a97d-d965ccfc6d4b" outcome="Failed" testListId="8c84fa94-04c1-424b-9868-57a2d4851a1d">
      <Output>
        <StdOut>Logging to custom path:\\CMP01-YKumar\AutoLogAssert.Fail failed. 
Actual #FAIL=2, #Expected FAIL=0
#Other errors=26
[Error details below]   at TestAuto.LoggingAndSharedGenericMethods.EndTest() in c:\Builds\1\WebSphere\QATestAutomation\src\CodedUITest\SourceCode\Common\Logging\Logging.cs:line 1628
   at TestAuto.CheckoutCreditCard.TestCleanup() in c:\Builds\1\WebSphere\QATestAutomation\src\CodedUITest\SourceCode\HHobby\Checkout\CheckoutCreditCard.cs:line 4170
[5/14/2018 10:50:45 PM]&lt;STARTLOG&gt;&lt;CreditCardCheckoutAuthorizationSuccessfullyWithGiftCards&gt;Test Started: Expecting: #PASS=Undefined and #FAIL=0
Running from MTM=True, running on machine name:CMP01-INDIASQA, user name=ykumar, OS=Microsoft Windows NT 6.1.7601 Service Pack 1, Is64BitOS=True[5/14/2018 10:50:46 PM]&lt;INFO&gt;LogCPUAndMemoryUsage: Available Memory = 24474(MB), CPU Usage = 14.23022%[5/14/2018 10:50:46 PM]&lt;INFO&gt;Private Working Set for QTAgent32_40, usage=161724 (K)[5/14/2018 10:50:47 PM]&lt;INFO&gt;Path To TestConfig xml=E:\LoadTestResult\VSEQT\QTAgent\26973\CMP01-INDIASQA.horizonhobby.com\Deployment\SharedCommonConfig.xml[5/14/2018 10:50:47 PM]&lt;INFO&gt;Path To TestData xml=E:\LoadTestResult\VSEQT\QTAgent\26973\CMP01-INDIASQA.horizonhobby.com\Deployment\CheckoutCreditCard_225045.xml[5/14/2018 10:50:47 PM]&lt;INFO&gt;Path To HorizonHobbyQA Application Url=https://www-tst.horizonhobby.com[5/14/2018 10:50:47 PM]&lt;INFO&gt;HorizonHobbyQA sql connection string=Server=cmp02-ws-tst-db01:50000;Database=TST01DB;UID=wcdbuser;PWD=h0r1z0n;Connect Timeout=30[5/14/2018 10:50:47 PM]&lt;INFO&gt;Country is := US and language id is := '-1'[5/14/2018 10:50:47 PM]&lt;INFO&gt;Current browser used for test execution is = 'IE'[5/14/2018 10:50:47 PM]&lt;INFO&gt;GenerateGiftCard : method executing...[5/14/2018 10:50:47 PM]&lt;INFO&gt;LaunchCustomBrowserWindow : method executing ...[5/14/2018 10:50:49 PM]&lt;INFO&gt;SurveyWindow : method executing ...[5/14/2018 10:50:52 PM]&lt;PASS&gt;&lt;GenerateGiftCard&gt;&lt; Validates that a new Gift Card Number generated successfully&gt;[5/14/2018 10:50:59 PM]&lt;INFO&gt;SurveyWindow : method executing ...[5/14/2018 10:51:08 PM]&lt;INFO&gt;ContinueOnCertificationErrorClickexecuting ...[5/14/2018 10:51:08 PM]&lt;Info&gt;DEAllBrowserWindow : Locating browser window...[5/14/2018 10:51:15 PM]&lt;INFO&gt;UserRegistration : method executing ...[5/14/2018 10:51:15 PM]&lt;INFO&gt;DeleteWishlistFromDatabase : method executing[5/14/2018 10:51:44 PM]&lt;Info&gt;AllBrowserWindow : Locating browser window...[5/14/2018 10:52:10 PM]&lt;Info&gt;AllBrowserWindow : Locating browser window...Assert.Fail failed. [5/14/2018 10:52:35 PM]&lt;Error&gt;AllBrowserWindow : failed executing ...Unable to find Windows Internet Explorer window with 'My Account - Internet Explorer' in the title., 
    StackTrace:
    AllBrowserWindow(),SharedBorderFree.cs,Line Number:1037
    UserRegistration(),SharedUserRegistration.cs,Line Number:818
    RegisterNewUser(),SharedUserRegistration.cs,Line Number:1158
    RegisterNewUser(),SharedUserRegistration.cs,Line Number:1171
    CreditCardCheckoutAuthorizationSuccessfullyWithGiftCards(),CheckoutCreditCard.cs,Line Number:214[5/14/2018 10:52:35 PM]&lt;CaptureImage&gt;\\CMP01-YKumar\AutoLog\CMP01-INDIASQA\CreditCardCheckoutAuthorizationSuccessfullyWithGiftCards_20180514225235.png[5/14/2018 10:52:39 PM]&lt;Info&gt;AllBrowserWindow : Locating browser window...Assert.Fail failed. [5/14/2018 10:53:04 PM]&lt;Error&gt;AllBrowserWindow : failed executing ...Unable to find Windows Internet Explorer window with 'My Account - Internet Explorer' in the title., 
    StackTrace:
    AllBrowserWindow(),SharedBorderFree.cs,Line Number:1037
    CreditCardCheckoutAuthorizationSuccessfullyWithGiftCards(),CheckoutCreditCard.cs,Line Number:216[5/14/2018 10:53:04 PM]&lt;CaptureImage&gt;\\CMP01-YKumar\AutoLog\CMP01-INDIASQA\CreditCardCheckoutAuthorizationSuccessfullyWithGiftCards_20180514225304.png[5/14/2018 10:53:04 PM]&lt;INFO&gt;CheckoutCommonWorkflow : method executing[5/14/2018 10:53:10 PM]&lt;INFO&gt;SearchProductexecuting ... Searching term:= 'TAM56301'[5/14/2018 10:53:17 PM]&lt;Info&gt;AllBrowserWindow : Locating browser window...[5/14/2018 10:53:17 PM]&lt;INFO&gt;BackOrderClickexecuting ...[5/14/2018 10:53:17 PM]&lt;INFO&gt;GoToCartClickexecuting ...[5/14/2018 10:53:24 PM]&lt;INFO&gt;CheckoutProcessStartShoppingCart : method executing[5/14/2018 10:53:24 PM]&lt;Info&gt;AllBrowserWindow : Locating browser window...[5/14/2018 10:53:34 PM]&lt;INFO&gt;CheckoutShoppingCartControls : method executing[5/14/2018 10:53:34 PM]&lt;Info&gt;AllBrowserWindow : Locating browser window...[5/14/2018 10:53:49 PM]&lt;Info&gt;AllBrowserWindow : Locating browser window...Assert.Fail failed. [5/14/2018 10:54:14 PM]&lt;Error&gt;AllBrowserWindow : failed executing ...Unable to find Windows Internet Explorer window with 'HorizonHobby - Shipping and Billing Display - Internet Explorer' in the title., 
    StackTrace:
    AllBrowserWindow(),SharedBorderFree.cs,Line Number:1037
    CheckoutCommonWorkflow(),SharedCheckoutCreditCard.cs,Line Number:944
    CheckoutCommonWorkflow(),SharedCheckoutCreditCard.cs,Line Number:841
    CreditCardCheckoutAuthorizationSuccessfullyWithGiftCards(),CheckoutCreditCard.cs,Line Number:218[5/14/2018 10:54:14 PM]&lt;CaptureImage&gt;\\CMP01-YKumar\AutoLog\CMP01-INDIASQA\CreditCardCheckoutAuthorizationSuccessfullyWithGiftCards_20180514225414.png[5/14/2018 10:54:14 PM]&lt;INFO&gt;CheckoutCreditCardShippingAndBillingControls : method executing[5/14/2018 10:54:14 PM]&lt;Info&gt;AllBrowserWindow : Locating browser window...Assert.Fail failed. [5/14/2018 10:54:39 PM]&lt;Error&gt;AllBrowserWindow : failed executing ...Unable to find Windows Internet Explorer window with 'HorizonHobby - Shipping and Billing Display - Internet Explorer' in the title., 
    StackTrace:
    AllBrowserWindow(),SharedBorderFree.cs,Line Number:1037
    CheckoutCreditCardShippingAndBillingControls(),SharedCheckoutCreditCard.cs,Line Number:66
    OrderTableRecords(),SharedCheckoutCreditCard.cs,Line Number:138
    CheckoutCommonWorkflow(),SharedCheckoutCreditCard.cs,Line Number:953
    CheckoutCommonWorkflow(),SharedCheckoutCreditCard.cs,Line Number:841
    CreditCardCheckoutAuthorizationSuccessfullyWithGiftCards(),CheckoutCreditCard.cs,Line Number:218[5/14/2018 10:54:39 PM]&lt;CaptureImage&gt;\\CMP01-YKumar\AutoLog\CMP01-INDIASQA\CreditCardCheckoutAuthorizationSuccessfullyWithGiftCards_20180514225439.png[5/14/2018 10:54:48 PM]&lt;INFO&gt;TotalValue : method executing ...Assert.Fail failed. [5/14/2018 10:54:48 PM]&lt;Error&gt;TotalValue : failed executing ...Input string was not in a correct format., 
    StackTrace:
    TotalValue(),SharedCheckoutCreditCard.cs,Line Number:1071
    CheckoutCommonWorkflow(),SharedCheckoutCreditCard.cs,Line Number:955
    CheckoutCommonWorkflow(),SharedCheckoutCreditCard.cs,Line Number:841
    CreditCardCheckoutAuthorizationSuccessfullyWithGiftCards(),CheckoutCreditCard.cs,Line Number:218[5/14/2018 10:54:48 PM]&lt;CaptureImage&gt;\\CMP01-YKumar\AutoLog\CMP01-INDIASQA\CreditCardCheckoutAuthorizationSuccessfullyWithGiftCards_20180514225448.png[5/14/2018 10:54:48 PM]&lt;INFO&gt;ApplyGiftCard : method executing... -&gt; ''[5/14/2018 10:54:48 PM]&lt;Info&gt;AllBrowserWindow : Locating browser window...Assert.Fail failed. [5/14/2018 10:55:12 PM]&lt;Error&gt;AllBrowserWindow : failed executing ...Unable to find Windows Internet Explorer window with 'HorizonHobby - Shipping and Billing Display - Internet Explorer' in the title., 
    StackTrace:
    AllBrowserWindow(),SharedBorderFree.cs,Line Number:1037
    ApplyGiftCard(),SharedCheckoutCommon.cs,Line Number:1230
    ApplyGiftCard(),SharedCheckoutCommon.cs,Line Number:1309
    CheckoutCommonWorkflow(),SharedCheckoutCreditCard.cs,Line Number:958
    CheckoutCommonWorkflow(),SharedCheckoutCreditCard.cs,Line Number:841
    CreditCardCheckoutAuthorizationSuccessfullyWithGiftCards(),CheckoutCreditCard.cs,Line Number:218[5/14/2018 10:55:12 PM]&lt;CaptureImage&gt;\\CMP01-YKumar\AutoLog\CMP01-INDIASQA\CreditCardCheckoutAuthorizationSuccessfullyWithGiftCards_20180514225512.pngAssert.Fail failed. [5/14/2018 10:55:20 PM]&lt;Error&gt;ApplyGiftCard : failed executing ...The playback failed to find the control with the given search properties. Additional Details: 
TechnologyName:  'Web'
ControlType:  'Edit'
TagName:  'INPUT'
Id:  'giftCard'
 Failed to find any control that matched the search condition ControlType='Edit' &amp;&amp; Id=&gt;'giftCard', 
    StackTrace:
    ApplyGiftCard(),SharedCheckoutCommon.cs,Line Number:1302
    ApplyGiftCard(),SharedCheckoutCommon.cs,Line Number:1309
    CheckoutCommonWorkflow(),SharedCheckoutCreditCard.cs,Line Number:958
    CheckoutCommonWorkflow(),SharedCheckoutCreditCard.cs,Line Number:841
    CreditCardCheckoutAuthorizationSuccessfullyWithGiftCards(),CheckoutCreditCard.cs,Line Number:218[5/14/2018 10:55:20 PM]&lt;CaptureImage&gt;\\CMP01-YKumar\AutoLog\CMP01-INDIASQA\CreditCardCheckoutAuthorizationSuccessfullyWithGiftCards_20180514225520.png[5/14/2018 10:55:25 PM]&lt;Info&gt;AllBrowserWindow : Locating browser window...Assert.Fail failed. [5/14/2018 10:55:49 PM]&lt;Error&gt;AllBrowserWindow : failed executing ...Unable to find Windows Internet Explorer window with 'HorizonHobby - Shipping and Billing Display - Internet Explorer' in the title., 
    StackTrace:
    AllBrowserWindow(),SharedBorderFree.cs,Line Number:1037
    CheckoutCommonWorkflow(),SharedCheckoutCreditCard.cs,Line Number:960
    CheckoutCommonWorkflow(),SharedCheckoutCreditCard.cs,Line Number:841
    CreditCardCheckoutAuthorizationSuccessfullyWithGiftCards(),CheckoutCreditCard.cs,Line Number:218[5/14/2018 10:55:49 PM]&lt;CaptureImage&gt;\\CMP01-YKumar\AutoLog\CMP01-INDIASQA\CreditCardCheckoutAuthorizationSuccessfullyWithGiftCards_20180514225549.png[5/14/2018 10:55:50 PM]&lt;INFO&gt;CheckoutCreditCardShippingAndBillingControls : method executing[5/14/2018 10:55:50 PM]&lt;Info&gt;AllBrowserWindow : Locating browser window...Assert.Fail failed. [5/14/2018 10:56:14 PM]&lt;Error&gt;AllBrowserWindow : failed executing ...Unable to find Windows Internet Explorer window with 'HorizonHobby - Shipping and Billing Display - Internet Explorer' in the title., 
    StackTrace:
    AllBrowserWindow(),SharedBorderFree.cs,Line Number:1037
    CheckoutCreditCardShippingAndBillingControls(),SharedCheckoutCreditCard.cs,Line Number:66
    OrderTableRecords(),SharedCheckoutCreditCard.cs,Line Number:138
    CheckoutCommonWorkflow(),SharedCheckoutCreditCard.cs,Line Number:967
    CheckoutCommonWorkflow(),SharedCheckoutCreditCard.cs,Line Number:841
    CreditCardCheckoutAuthorizationSuccessfullyWithGiftCards(),CheckoutCreditCard.cs,Line Number:218[5/14/2018 10:56:14 PM]&lt;CaptureImage&gt;\\CMP01-YKumar\AutoLog\CMP01-INDIASQA\CreditCardCheckoutAuthorizationSuccessfullyWithGiftCards_20180514225614.png[5/14/2018 10:56:23 PM]&lt;INFO&gt;TotalValue : method executing ...Assert.Fail failed. [5/14/2018 10:56:23 PM]&lt;Error&gt;TotalValue : failed executing ...Input string was not in a correct format., 
    StackTrace:
    TotalValue(),SharedCheckoutCreditCard.cs,Line Number:1071
    CheckoutCommonWorkflow(),SharedCheckoutCreditCard.cs,Line Number:968
    CheckoutCommonWorkflow(),SharedCheckoutCreditCard.cs,Line Number:841
    CreditCardCheckoutAuthorizationSuccessfullyWithGiftCards(),CheckoutCreditCard.cs,Line Number:218[5/14/2018 10:56:23 PM]&lt;CaptureImage&gt;\\CMP01-YKumar\AutoLog\CMP01-INDIASQA\CreditCardCheckoutAuthorizationSuccessfullyWithGiftCards_20180514225623.png[5/14/2018 10:56:23 PM]&lt;FAIL&gt;&lt;CheckoutCommonWorkflow&gt;&lt; Validates expected authorization amount: '51' is equals actual authorization amount: '0'&gt;.Assert.AreEqual failed. Expected:&lt;51&gt;. Actual:&lt;0&gt;. 
    StackTrace:
    CheckoutCommonWorkflow(),SharedCheckoutCreditCard.cs,Line Number:971
    CheckoutCommonWorkflow(),SharedCheckoutCreditCard.cs,Line Number:841[5/14/2018 10:56:23 PM]&lt;CaptureImage&gt;\\CMP01-YKumar\AutoLog\CMP01-INDIASQA\CreditCardCheckoutAuthorizationSuccessfullyWithGiftCards_20180514225623.png[5/14/2018 10:56:23 PM]&lt;INFO&gt;ShippingAddressSelection : method executing[5/14/2018 10:56:23 PM]&lt;INFO&gt;CheckoutCreditCardShippingAndBillingControls : method executing[5/14/2018 10:56:23 PM]&lt;Info&gt;AllBrowserWindow : Locating browser window...Assert.Fail failed. [5/14/2018 10:56:48 PM]&lt;Error&gt;AllBrowserWindow : failed executing ...Unable to find Windows Internet Explorer window with 'HorizonHobby - Shipping and Billing Display - Internet Explorer' in the title., 
    StackTrace:
    AllBrowserWindow(),SharedBorderFree.cs,Line Number:1037
    CheckoutCreditCardShippingAndBillingControls(),SharedCheckoutCreditCard.cs,Line Number:66
    ShippingAddressSelection(),SharedCheckoutCreditCard.cs,Line Number:263
    CheckoutCommonWorkflow(),SharedCheckoutCreditCard.cs,Line Number:975
    CheckoutCommonWorkflow(),SharedCheckoutCreditCard.cs,Line Number:841
    CreditCardCheckoutAuthorizationSuccessfullyWithGiftCards(),CheckoutCreditCard.cs,Line Number:218[5/14/2018 10:56:48 PM]&lt;CaptureImage&gt;\\CMP01-YKumar\AutoLog\CMP01-INDIASQA\CreditCardCheckoutAuthorizationSuccessfullyWithGiftCards_20180514225648.pngAssert.Fail failed. [5/14/2018 10:56:54 PM]&lt;ERROR&gt;ShippingAddressSelection : failed executing ...The playback failed to find the control with the given search properties. Additional Details: 
TechnologyName:  'Web'
ControlType:  'ComboBox'
TagName:  'SELECT'
Id:  'singleShipmentAddress'
 Failed to find any control that matched the value singleShipmentAddress for the search property Id., 
    StackTrace:
    ShippingAddressSelection(),SharedCheckoutCreditCard.cs,Line Number:273
    CheckoutCommonWorkflow(),SharedCheckoutCreditCard.cs,Line Number:975
    CheckoutCommonWorkflow(),SharedCheckoutCreditCard.cs,Line Number:841
    CreditCardCheckoutAuthorizationSuccessfullyWithGiftCards(),CheckoutCreditCard.cs,Line Number:218[5/14/2018 10:56:54 PM]&lt;CaptureImage&gt;\\CMP01-YKumar\AutoLog\CMP01-INDIASQA\CreditCardCheckoutAuthorizationSuccessfullyWithGiftCards_20180514225654.png[5/14/2018 10:56:54 PM]&lt;INFO&gt;SelectCheckoutPaymentRadiobutton : method executing[5/14/2018 10:56:54 PM]&lt;INFO&gt;CheckoutCreditCardShippingAndBillingControls : method executing[5/14/2018 10:56:54 PM]&lt;Info&gt;AllBrowserWindow : Locating browser window...Assert.Fail failed. [5/14/2018 10:57:19 PM]&lt;Error&gt;AllBrowserWindow : failed executing ...Unable to find Windows Internet Explorer window with 'HorizonHobby - Shipping and Billing Display - Internet Explorer' in the title., 
    StackTrace:
    AllBrowserWindow(),SharedBorderFree.cs,Line Number:1037
    CheckoutCreditCardShippingAndBillingControls(),SharedCheckoutCreditCard.cs,Line Number:66
    SelectCheckoutPaymentRadiobutton(),SharedCheckoutCreditCard.cs,Line Number:514
    CheckoutCommonWorkflow(),SharedCheckoutCreditCard.cs,Line Number:981
    CheckoutCommonWorkflow(),SharedCheckoutCreditCard.cs,Line Number:841
    CreditCardCheckoutAuthorizationSuccessfullyWithGiftCards(),CheckoutCreditCard.cs,Line Number:218[5/14/2018 10:57:19 PM]&lt;CaptureImage&gt;\\CMP01-YKumar\AutoLog\CMP01-INDIASQA\CreditCardCheckoutAuthorizationSuccessfullyWithGiftCards_20180514225719.pngAssert.Fail failed. [5/14/2018 10:57:26 PM]&lt;ERROR&gt;SelectCheckoutPaymentRadiobutton : failed executing ...Index was out of range. Must be non-negative and less than the size of the collection.
Parameter name: index, 
    StackTrace:
    SelectCheckoutPaymentRadiobutton(),SharedCheckoutCreditCard.cs,Line Number:539
    CheckoutCommonWorkflow(),SharedCheckoutCreditCard.cs,Line Number:981
    CheckoutCommonWorkflow(),SharedCheckoutCreditCard.cs,Line Number:841
    CreditCardCheckoutAuthorizationSuccessfullyWithGiftCards(),CheckoutCreditCard.cs,Line Number:218[5/14/2018 10:57:26 PM]&lt;CaptureImage&gt;\\CMP01-YKumar\AutoLog\CMP01-INDIASQA\CreditCardCheckoutAuthorizationSuccessfullyWithGiftCards_20180514225726.png[5/14/2018 10:57:26 PM]&lt;INFO&gt;FillCreditCardDetails : method executing[5/14/2018 10:57:26 PM]&lt;INFO&gt;CheckoutCreditCardShippingAndBillingControls : method executing[5/14/2018 10:57:26 PM]&lt;Info&gt;AllBrowserWindow : Locating browser window...Assert.Fail failed. [5/14/2018 10:57:51 PM]&lt;Error&gt;AllBrowserWindow : failed executing ...Unable to find Windows Internet Explorer window with 'HorizonHobby - Shipping and Billing Display - Internet Explorer' in the title., 
    StackTrace:
    AllBrowserWindow(),SharedBorderFree.cs,Line Number:1037
    CheckoutCreditCardShippingAndBillingControls(),SharedCheckoutCreditCard.cs,Line Number:66
    FillCreditCardDetails(),SharedCheckoutCreditCard.cs,Line Number:551
    CheckoutCommonWorkflow(),SharedCheckoutCreditCard.cs,Line Number:984
    CheckoutCommonWorkflow(),SharedCheckoutCreditCard.cs,Line Number:841
    CreditCardCheckoutAuthorizationSuccessfullyWithGiftCards(),CheckoutCreditCard.cs,Line Number:218[5/14/2018 10:57:51 PM]&lt;CaptureImage&gt;\\CMP01-YKumar\AutoLog\CMP01-INDIASQA\CreditCardCheckoutAuthorizationSuccessfullyWithGiftCards_20180514225751.pngAssert.Fail failed. [5/14/2018 10:57:58 PM]&lt;ERROR&gt;FillCreditCardDetails : failed executing ...The playback failed to find the control with the given search properties. Additional Details: 
TechnologyName:  'Web'
ControlType:  'Edit'
TagName:  'INPUT'
Class:  'cardEntry_cardNumInput'
 Failed to find any control that matched the search condition ControlType='Edit' &amp;&amp; Class=&gt;'cardEntry_cardNumInput', 
    StackTrace:
    FillCreditCardDetails(),SharedCheckoutCreditCard.cs,Line Number:570
    CheckoutCommonWorkflow(),SharedCheckoutCreditCard.cs,Line Number:984
    CheckoutCommonWorkflow(),SharedCheckoutCreditCard.cs,Line Number:841
    CreditCardCheckoutAuthorizationSuccessfullyWithGiftCards(),CheckoutCreditCard.cs,Line Number:218[5/14/2018 10:57:58 PM]&lt;CaptureImage&gt;\\CMP01-YKumar\AutoLog\CMP01-INDIASQA\CreditCardCheckoutAuthorizationSuccessfullyWithGiftCards_20180514225758.png[5/14/2018 10:57:58 PM]&lt;INFO&gt;ClickReviewOrder : method executing[5/14/2018 10:57:58 PM]&lt;INFO&gt;CheckoutCreditCardShippingAndBillingControls : method executing[5/14/2018 10:57:58 PM]&lt;Info&gt;AllBrowserWindow : Locating browser window...Assert.Fail failed. [5/14/2018 10:58:22 PM]&lt;Error&gt;AllBrowserWindow : failed executing ...Unable to find Windows Internet Explorer window with 'HorizonHobby - Shipping and Billing Display - Internet Explorer' in the title., 
    StackTrace:
    AllBrowserWindow(),SharedBorderFree.cs,Line Number:1037
    CheckoutCreditCardShippingAndBillingControls(),SharedCheckoutCreditCard.cs,Line Number:66
    ClickReviewOrder(),SharedCheckoutCreditCard.cs,Line Number:582
    CheckoutCommonWorkflow(),SharedCheckoutCreditCard.cs,Line Number:986
    CheckoutCommonWorkflow(),SharedCheckoutCreditCard.cs,Line Number:841
    CreditCardCheckoutAuthorizationSuccessfullyWithGiftCards(),CheckoutCreditCard.cs,Line Number:218[5/14/2018 10:58:22 PM]&lt;CaptureImage&gt;\\CMP01-YKumar\AutoLog\CMP01-INDIASQA\CreditCardCheckoutAuthorizationSuccessfullyWithGiftCards_20180514225822.pngAssert.Fail failed. [5/14/2018 10:58:32 PM]&lt;ERROR&gt;ClickReviewOrder : failed executing ...The playback failed to find the control with the given search properties. Additional Details: 
TechnologyName:  'Web'
ControlType:  'Hyperlink'
TagName:  'A'
Id:  'shippingBillingPageNextPrepareCall'
 Failed to find any control that matched the value shippingBillingPageNextPrepareCall for the search property Id., 
    StackTrace:
    ClickReviewOrder(),SharedCheckoutCreditCard.cs,Line Number:605
    CheckoutCommonWorkflow(),SharedCheckoutCreditCard.cs,Line Number:986
    CheckoutCommonWorkflow(),SharedCheckoutCreditCard.cs,Line Number:841
    CreditCardCheckoutAuthorizationSuccessfullyWithGiftCards(),CheckoutCreditCard.cs,Line Number:218[5/14/2018 10:58:32 PM]&lt;CaptureImage&gt;\\CMP01-YKumar\AutoLog\CMP01-INDIASQA\CreditCardCheckoutAuthorizationSuccessfullyWithGiftCards_20180514225832.png[5/14/2018 10:58:32 PM]&lt;INFO&gt;PlaceOrderCreditCard : method executing[5/14/2018 10:58:32 PM]&lt;INFO&gt;CheckoutCreditCardShippingAndBillingControls : method executing[5/14/2018 10:58:32 PM]&lt;Info&gt;AllBrowserWindow : Locating browser window...Assert.Fail failed. [5/14/2018 10:58:57 PM]&lt;Error&gt;AllBrowserWindow : failed executing ...Unable to find Windows Internet Explorer window with 'HorizonHobby - Shipping and Billing Display - Internet Explorer' in the title., 
    StackTrace:
    AllBrowserWindow(),SharedBorderFree.cs,Line Number:1037
    CheckoutCreditCardShippingAndBillingControls(),SharedCheckoutCreditCard.cs,Line Number:66
    PlaceOrderCreditCard(),SharedCheckoutCreditCard.cs,Line Number:683
    PlaceOrder(),SharedCheckoutCreditCard.cs,Line Number:630
    CheckoutCommonWorkflow(),SharedCheckoutCreditCard.cs,Line Number:997
    CheckoutCommonWorkflow(),SharedCheckoutCreditCard.cs,Line Number:841
    CreditCardCheckoutAuthorizationSuccessfullyWithGiftCards(),CheckoutCreditCard.cs,Line Number:218[5/14/2018 10:58:57 PM]&lt;CaptureImage&gt;\\CMP01-YKumar\AutoLog\CMP01-INDIASQA\CreditCardCheckoutAuthorizationSuccessfullyWithGiftCards_20180514225857.pngAssert.Fail failed. [5/14/2018 10:59:07 PM]&lt;ERROR&gt;PlaceOrderCreditCard : failed executing ...The playback failed to find the control with the given search properties. Additional Details: 
TechnologyName:  'Web'
ControlType:  'Hyperlink'
TagName:  'A'
Id:  'shippingBillingPageNextGCTotal'
 Failed to find any control that matched the value shippingBillingPageNextGCTotal for the search property Id., 
    StackTrace:
    PlaceOrderCreditCard(),SharedCheckoutCreditCard.cs,Line Number:758
    PlaceOrder(),SharedCheckoutCreditCard.cs,Line Number:630
    CheckoutCommonWorkflow(),SharedCheckoutCreditCard.cs,Line Number:997
    CheckoutCommonWorkflow(),SharedCheckoutCreditCard.cs,Line Number:841
    CreditCardCheckoutAuthorizationSuccessfullyWithGiftCards(),CheckoutCreditCard.cs,Line Number:218[5/14/2018 10:59:07 PM]&lt;CaptureImage&gt;\\CMP01-YKumar\AutoLog\CMP01-INDIASQA\CreditCardCheckoutAuthorizationSuccessfullyWithGiftCards_20180514225907.png[5/14/2018 10:59:07 PM]&lt;Info&gt;AllBrowserWindow : Locating browser window...Assert.Fail failed. [5/14/2018 10:59:31 PM]&lt;Error&gt;AllBrowserWindow : failed executing ...Unable to find Windows Internet Explorer window with 'HorizonHobby - Order Confirmation - Internet Explorer' in the title., 
    StackTrace:
    AllBrowserWindow(),SharedBorderFree.cs,Line Number:1037
    HandleGooglePrompt(),SharedCheckoutCreditCard.cs,Line Number:1365
    HandleGooglePrompt(),SharedCheckoutCreditCard.cs,Line Number:1390
    PlaceOrder(),SharedCheckoutCreditCard.cs,Line Number:631
    CheckoutCommonWorkflow(),SharedCheckoutCreditCard.cs,Line Number:997
    CheckoutCommonWorkflow(),SharedCheckoutCreditCard.cs,Line Number:841
    CreditCardCheckoutAuthorizationSuccessfullyWithGiftCards(),CheckoutCreditCard.cs,Line Number:218[5/14/2018 10:59:32 PM]&lt;CaptureImage&gt;\\CMP01-YKumar\AutoLog\CMP01-INDIASQA\CreditCardCheckoutAuthorizationSuccessfullyWithGiftCards_20180514225931.png[5/14/2018 10:59:40 PM]&lt;INFO&gt;OrderConfirmation : method executing[5/14/2018 10:59:40 PM]&lt;INFO&gt;OrderConfirmationUIControls : method executing[5/14/2018 10:59:40 PM]&lt;Info&gt;AllBrowserWindow : Locating browser window...Assert.Fail failed. [5/14/2018 11:00:04 PM]&lt;Error&gt;AllBrowserWindow : failed executing ...Unable to find Windows Internet Explorer window with 'HorizonHobby - Order Confirmation - Internet Explorer' in the title., 
    StackTrace:
    AllBrowserWindow(),SharedBorderFree.cs,Line Number:1037
    OrderConfirmationUIControls(),SharedOrderedItems.cs,Line Number:39
    OrderConfirmation(),SharedOrderedItems.cs,Line Number:59
    CreditCardCheckoutAuthorizationSuccessfullyWithGiftCards(),CheckoutCreditCard.cs,Line Number:220[5/14/2018 11:00:04 PM]&lt;CaptureImage&gt;\\CMP01-YKumar\AutoLog\CMP01-INDIASQA\CreditCardCheckoutAuthorizationSuccessfullyWithGiftCards_20180514230004.png[5/14/2018 11:00:04 PM]&lt;INFO&gt;SurveyWindow : method executing ...Assert.Fail failed. [5/14/2018 11:01:17 PM]&lt;ERROR&gt;OrderConfirmation : failed executing ...The playback failed to find the control with the given search properties. Additional Details: 
TechnologyName:  'Web'
ControlType:  'Pane'
TagName:  'SPAN'
Class:  'cart_orderConfirm_ordNumValue'
 Failed to find any control that matched the search condition ControlType='Pane' &amp;&amp; Class='cart_orderConfirm_ordNumValue', 
    StackTrace:
    OrderConfirmation(),SharedOrderedItems.cs,Line Number:69
    CreditCardCheckoutAuthorizationSuccessfullyWithGiftCards(),CheckoutCreditCard.cs,Line Number:220[5/14/2018 11:01:17 PM]&lt;CaptureImage&gt;\\CMP01-YKumar\AutoLog\CMP01-INDIASQA\CreditCardCheckoutAuthorizationSuccessfullyWithGiftCards_20180514230117.png[5/14/2018 11:01:22 PM]&lt;INFO&gt;OrderAmountValidation : method executing[5/14/2018 11:01:22 PM]&lt;INFO&gt;OrderConfirmationUIControls : method executing[5/14/2018 11:01:22 PM]&lt;Info&gt;AllBrowserWindow : Locating browser window...Assert.Fail failed. [5/14/2018 11:01:47 PM]&lt;Error&gt;AllBrowserWindow : failed executing ...Unable to find Windows Internet Explorer window with 'HorizonHobby - Order Confirmation - Internet Explorer' in the title., 
    StackTrace:
    AllBrowserWindow(),SharedBorderFree.cs,Line Number:1037
    OrderConfirmationUIControls(),SharedOrderedItems.cs,Line Number:39
    OrderAmountValidation(),SharedOrderedItems.cs,Line Number:106
    CreditCardCheckoutAuthorizationSuccessfullyWithGiftCards(),CheckoutCreditCard.cs,Line Number:224[5/14/2018 11:01:47 PM]&lt;CaptureImage&gt;\\CMP01-YKumar\AutoLog\CMP01-INDIASQA\CreditCardCheckoutAuthorizationSuccessfullyWithGiftCards_20180514230147.pngAssert.Fail failed. [5/14/2018 11:01:50 PM]&lt;ERROR&gt;OrderAmountValidation : failed executing ...The playback failed to find the control with the given search properties. Additional Details: 
TechnologyName:  'Web'
ControlType:  'Pane'
TagName:  'SPAN'
Class:  'cart_orderConfirm_ordNumValue'
 Failed to find any control that matched the search condition ControlType='Pane' &amp;&amp; Class='cart_orderConfirm_ordNumValue', 
    StackTrace:
    OrderAmountValidation(),SharedOrderedItems.cs,Line Number:114
    CreditCardCheckoutAuthorizationSuccessfullyWithGiftCards(),CheckoutCreditCard.cs,Line Number:224[5/14/2018 11:01:50 PM]&lt;CaptureImage&gt;\\CMP01-YKumar\AutoLog\CMP01-INDIASQA\CreditCardCheckoutAuthorizationSuccessfullyWithGiftCards_20180514230150.png[5/14/2018 11:01:50 PM]&lt;INFO&gt;CCAuthorizationOrderItemStatusValidation : method executingAssert.Fail failed. [5/14/2018 11:01:50 PM]&lt;ERROR&gt;QuerySQLValues_string, strSQLquery=select DATAVALUE from PPCEXTDATA where PPCPAYINST_ID in (select PPCPAYINST_ID from PPCPAYINST where ORDER_ID  ='' AND STORE_ID = 10151) and ATTRIBUTENAME = 'decision', strConnection=Server=cmp02-ws-tst-db01:50000;Database=TST01DB;UID=wcdbuser;PWD=h0r1z0n;Connect Timeout=30, Exception=IBM.Data.DB2.DB2Exception (0x80004005): ERROR [22018] [IBM][DB2/LINUXX8664] SQL0420N  Invalid character found in a character string argument of the function "DECFLOAT".
   at IBM.Data.DB2.DB2DataReader.Read()
   at TestAuto.LoggingAndSharedGenericMethods.QuerySqlValueDB2(String value, String table, String WHERE, String connection, Boolean validate, Boolean concatValues) in c:\Builds\1\WebSphere\QATestAutomation\src\CodedUITest\SourceCode\Common\Logging\SharedMethods_Generic.cs:line 4542, 
    StackTrace:
    QuerySqlValueDB2(),SharedMethods_Generic.cs,Line Number:4562
    QuerySqlValueDB2(),SharedMethods_Generic.cs,Line Number:4085
    CCAuthorizationOrderItemStatusValidation(),SharedMethods_Database.cs,Line Number:1224
    CreditCardCheckoutAuthorizationSuccessfullyWithGiftCards(),CheckoutCreditCard.cs,Line Number:226[5/14/2018 11:01:51 PM]&lt;FAIL&gt;&lt;CCAuthorizationStatus&gt;&lt;Verifies that cc authorization status is as expected&gt;.Assert.AreEqual failed. Expected:&lt;Ud0IYAlM0ek=&gt;. Actual:&lt;ExceptionRaised&gt;. 
    StackTrace:
    CCAuthorizationOrderItemStatusValidation(),SharedMethods_Database.cs,Line Number:1228
    CreditCardCheckoutAuthorizationSuccessfullyWithGiftCards(),CheckoutCreditCard.cs,Line Number:226[5/14/2018 11:01:51 PM]&lt;RESULT&gt;Test Ended:#PASS=1, #FAIL=2,#Other errors=26[5/14/2018 11:01:52 PM]&lt;INFO&gt;LogCPUAndMemoryUsage: Available Memory = 24311(MB), CPU Usage = 5.324076%[5/14/2018 11:01:52 PM]&lt;INFO&gt;Private Working Set for QTAgent32_40, usage=162680 (K)[5/14/2018 11:01:52 PM]&lt;RESULT&gt;&lt;CreditCardCheckoutAuthorizationSuccessfullyWithGiftCards&gt; Test FAILED: Actual #FAIL=2, #Expected FAIL=0
#Other errors=26. See Error Message/logs for further details.</StdOut>
        <ErrorInfo>
          <Message>Assert.Fail failed. 
Actual #FAIL=2, #Expected FAIL=0
#Other errors=26
[Error details below]</Message>
          <StackTrace>   at TestAuto.LoggingAndSharedGenericMethods.EndTest() in c:\Builds\1\WebSphere\QATestAutomation\src\CodedUITest\SourceCode\Common\Logging\Logging.cs:line 1628
   at TestAuto.CheckoutCreditCard.TestCleanup() in c:\Builds\1\WebSphere\QATestAutomation\src\CodedUITest\SourceCode\HHobby\Checkout\CheckoutCreditCard.cs:line 4170
</StackTrace>
        </ErrorInfo>
      </Output>
      <ResultFiles>
        <ResultFile path="CMP01-INDIASQA.horizonhobby.com\CheckoutCreditCard_225045.xml" />
        <ResultFile path="CMP01-INDIASQA.horizonhobby.com\CreditCardCheckoutAuthorizationSuccessfullyWithGiftCards_20180514225045.log" />
        <ResultFile path="CMP01-INDIASQA.horizonhobby.com\CreditCardCheckoutAuthorizationSuccessfullyWithGiftCards_20180514225235.png" />
        <ResultFile path="CMP01-INDIASQA.horizonhobby.com\CreditCardCheckoutAuthorizationSuccessfullyWithGiftCards_20180514225304.png" />
        <ResultFile path="CMP01-INDIASQA.horizonhobby.com\CreditCardCheckoutAuthorizationSuccessfullyWithGiftCards_20180514225414.png" />
        <ResultFile path="CMP01-INDIASQA.horizonhobby.com\CreditCardCheckoutAuthorizationSuccessfullyWithGiftCards_20180514225439.png" />
        <ResultFile path="CMP01-INDIASQA.horizonhobby.com\CreditCardCheckoutAuthorizationSuccessfullyWithGiftCards_20180514225448.png" />
        <ResultFile path="CMP01-INDIASQA.horizonhobby.com\CreditCardCheckoutAuthorizationSuccessfullyWithGiftCards_20180514225512.png" />
        <ResultFile path="CMP01-INDIASQA.horizonhobby.com\CreditCardCheckoutAuthorizationSuccessfullyWithGiftCards_20180514225520.png" />
        <ResultFile path="CMP01-INDIASQA.horizonhobby.com\CreditCardCheckoutAuthorizationSuccessfullyWithGiftCards_20180514225549.png" />
        <ResultFile path="CMP01-INDIASQA.horizonhobby.com\CreditCardCheckoutAuthorizationSuccessfullyWithGiftCards_20180514225614.png" />
        <ResultFile path="CMP01-INDIASQA.horizonhobby.com\CreditCardCheckoutAuthorizationSuccessfullyWithGiftCards_20180514225623.png" />
        <ResultFile path="CMP01-INDIASQA.horizonhobby.com\CreditCardCheckoutAuthorizationSuccessfullyWithGiftCards_20180514225648.png" />
        <ResultFile path="CMP01-INDIASQA.horizonhobby.com\CreditCardCheckoutAuthorizationSuccessfullyWithGiftCards_20180514225654.png" />
        <ResultFile path="CMP01-INDIASQA.horizonhobby.com\CreditCardCheckoutAuthorizationSuccessfullyWithGiftCards_20180514225719.png" />
        <ResultFile path="CMP01-INDIASQA.horizonhobby.com\CreditCardCheckoutAuthorizationSuccessfullyWithGiftCards_20180514225726.png" />
        <ResultFile path="CMP01-INDIASQA.horizonhobby.com\CreditCardCheckoutAuthorizationSuccessfullyWithGiftCards_20180514225751.png" />
        <ResultFile path="CMP01-INDIASQA.horizonhobby.com\CreditCardCheckoutAuthorizationSuccessfullyWithGiftCards_20180514225758.png" />
        <ResultFile path="CMP01-INDIASQA.horizonhobby.com\CreditCardCheckoutAuthorizationSuccessfullyWithGiftCards_20180514225822.png" />
        <ResultFile path="CMP01-INDIASQA.horizonhobby.com\CreditCardCheckoutAuthorizationSuccessfullyWithGiftCards_20180514225832.png" />
        <ResultFile path="CMP01-INDIASQA.horizonhobby.com\CreditCardCheckoutAuthorizationSuccessfullyWithGiftCards_20180514225857.png" />
        <ResultFile path="CMP01-INDIASQA.horizonhobby.com\CreditCardCheckoutAuthorizationSuccessfullyWithGiftCards_20180514225907.png" />
        <ResultFile path="CMP01-INDIASQA.horizonhobby.com\CreditCardCheckoutAuthorizationSuccessfullyWithGiftCards_20180514225931.png" />
        <ResultFile path="CMP01-INDIASQA.horizonhobby.com\CreditCardCheckoutAuthorizationSuccessfullyWithGiftCards_20180514230004.png" />
        <ResultFile path="CMP01-INDIASQA.horizonhobby.com\CreditCardCheckoutAuthorizationSuccessfullyWithGiftCards_20180514230117.png" />
        <ResultFile path="CMP01-INDIASQA.horizonhobby.com\CreditCardCheckoutAuthorizationSuccessfullyWithGiftCards_20180514230147.png" />
        <ResultFile path="CMP01-INDIASQA.horizonhobby.com\CreditCardCheckoutAuthorizationSuccessfullyWithGiftCards_20180514230150.png" />
        <ResultFile path="CMP01-INDIASQA.horizonhobby.com\CreditCardCheckoutAuthorizationSuccessfullyWithGiftCards_ResultsONLY_20180514225045.log" />
        <ResultFile path="CMP01-INDIASQA.horizonhobby.com\SharedCommonConfig.xml" />
      </ResultFiles>
    </UnitTestResult>
    <UnitTestResult executionId="6e6046dd-4e4d-4515-a9f0-0d84e6102576" testId="2f29873d-6ea4-c4ab-692f-c7469884039b" testName="PayPalCheckoutGuestUser" computerName="CMP01-INDIASQA" duration="00:09:57.1579830" startTime="2018-05-14T23:01:54.2974730-05:00" endTime="2018-05-14T23:11:51.4854730-05:00" testType="13cdc9d9-ddb5-4fa4-a97d-d965ccfc6d4b" outcome="Passed" testListId="8c84fa94-04c1-424b-9868-57a2d4851a1d">
      <Output>
        <StdOut>Logging to custom path:\\CMP01-YKumar\AutoLog[5/14/2018 11:01:54 PM]&lt;STARTLOG&gt;&lt;PayPalCheckoutGuestUser&gt;Test Started: Expecting: #PASS=Undefined and #FAIL=0
Running from MTM=True, running on machine name:CMP01-INDIASQA, user name=ykumar, OS=Microsoft Windows NT 6.1.7601 Service Pack 1, Is64BitOS=True[5/14/2018 11:01:55 PM]&lt;INFO&gt;LogCPUAndMemoryUsage: Available Memory = 24473(MB), CPU Usage = 12.55897%[5/14/2018 11:01:55 PM]&lt;INFO&gt;Private Working Set for QTAgent32_40, usage=162788 (K)[5/14/2018 11:01:55 PM]&lt;INFO&gt;Path To TestConfig xml=E:\LoadTestResult\VSEQT\QTAgent\26973\CMP01-INDIASQA.horizonhobby.com\Deployment\SharedCommonConfig.xml[5/14/2018 11:01:55 PM]&lt;INFO&gt;Path To TestData xml=E:\LoadTestResult\VSEQT\QTAgent\26973\CMP01-INDIASQA.horizonhobby.com\Deployment\CheckoutPaypalTestData_230154.xml[5/14/2018 11:01:55 PM]&lt;INFO&gt;Path To HorizonHobbyQA Application Url=https://www-tst.horizonhobby.com[5/14/2018 11:01:55 PM]&lt;INFO&gt;HorizonHobbyQA sql connection string=Server=cmp02-ws-tst-db01:50000;Database=TST01DB;UID=wcdbuser;PWD=h0r1z0n;Connect Timeout=30[5/14/2018 11:01:55 PM]&lt;INFO&gt;Country is := US and language id is := '-1'[5/14/2018 11:01:55 PM]&lt;INFO&gt;Current browser used for test execution is = 'IE'[5/14/2018 11:01:59 PM]&lt;Info&gt;AllBrowserWindow : Locating browser window...[5/14/2018 11:02:02 PM]&lt;INFO&gt;SearchProductexecuting ... Searching term:= 'EXL20750'[5/14/2018 11:02:09 PM]&lt;Info&gt;AllBrowserWindow : Locating browser window...[5/14/2018 11:02:09 PM]&lt;INFO&gt;BackOrderClickexecuting ...[5/14/2018 11:02:10 PM]&lt;INFO&gt;GoToCartClickexecuting ...[5/14/2018 11:02:16 PM]&lt;Info&gt;AllBrowserWindow : Locating browser window...[5/14/2018 11:02:26 PM]&lt;INFO&gt;CheckoutProcessStartShoppingCart : method executing[5/14/2018 11:02:26 PM]&lt;Info&gt;AllBrowserWindow : Locating browser window...[5/14/2018 11:02:34 PM]&lt;INFO&gt;CheckoutShoppingCartControls : method executing[5/14/2018 11:02:34 PM]&lt;Info&gt;AllBrowserWindow : Locating browser window...[5/14/2018 11:02:49 PM]&lt;Info&gt;AllBrowserWindow : Locating browser window...[5/14/2018 11:02:52 PM]&lt;PASS&gt;&lt;PayPalCheckoutGuestUser&gt;&lt; Validates that Address Page appears&gt;[5/14/2018 11:02:52 PM]&lt;INFO&gt;FillBillingAndShippingAddressexecuting ...[5/14/2018 11:02:52 PM]&lt;Info&gt;AllBrowserWindow : Locating browser window...[5/14/2018 11:02:55 PM]&lt;INFO&gt;SelectBillingCountryexecuting ...[5/14/2018 11:03:03 PM]&lt;INFO&gt;SelectBillingStateexecuting ...[5/14/2018 11:03:26 PM]&lt;Info&gt;AllBrowserWindow : Locating browser window...[5/14/2018 11:03:32 PM]&lt;PASS&gt;&lt;PayPalCheckoutGuestUser&gt;&lt;Browser Window is on shipping and billing method page&gt;[5/14/2018 11:03:32 PM]&lt;INFO&gt;SelectCheckoutPaymentRadiobutton : method executing[5/14/2018 11:03:32 PM]&lt;INFO&gt;CheckoutCreditCardShippingAndBillingControls : method executing[5/14/2018 11:03:32 PM]&lt;Info&gt;AllBrowserWindow : Locating browser window...[5/14/2018 11:03:42 PM]&lt;INFO&gt;KeyboardSendKeys method executing...[5/14/2018 11:03:43 PM]&lt;PASS&gt;&lt;PayPalCheckoutGuestUser&gt;&lt;Message on selecting PayPal as payment method&gt;[5/14/2018 11:03:43 PM]&lt;Info&gt;AllBrowserWindow : Locating browser window...[5/14/2018 11:03:43 PM]&lt;INFO&gt;ClickPayPalLink : method executing...[5/14/2018 11:03:48 PM]&lt;INFO&gt;LoginPayPal : method executing...[5/14/2018 11:03:48 PM]&lt;Info&gt;AllBrowserWindow : Locating browser window...[5/14/2018 11:06:11 PM]&lt;INFO&gt;PaypalLoginNewControls : method executing...[5/14/2018 11:06:16 PM]&lt;Info&gt;AllBrowserWindow : Locating browser window...[5/14/2018 11:07:03 PM]&lt;INFO&gt;PaypalLoginNewControls : method executing...[5/14/2018 11:07:07 PM]&lt;INFO&gt;ClickLoginOnPayPal : method executing ...[5/14/2018 11:07:23 PM]&lt;INFO&gt;ClickContinueOnPayPal : method executing ...[5/14/2018 11:09:26 PM]&lt;Info&gt;AllBrowserWindow : Locating browser window...[5/14/2018 11:09:41 PM]&lt;Info&gt;AllBrowserWindow : Locating browser window...[5/14/2018 11:09:41 PM]&lt;INFO&gt;ValidatePayPalOrderReviewPage : method executing ...[5/14/2018 11:09:41 PM]&lt;Info&gt;AllBrowserWindow : Locating browser window...[5/14/2018 11:09:47 PM]&lt;PASS&gt;&lt;PayPalCheckoutGuestUser&gt;&lt;Edit Address pencil icon does not exist&gt;[5/14/2018 11:09:51 PM]&lt;PASS&gt;&lt;PayPalCheckoutGuestUser&gt;&lt;Edit Billing Address link (on pencil icon) does not exist&gt;[5/14/2018 11:09:56 PM]&lt;PASS&gt;&lt;PayPalCheckoutGuestUser&gt;&lt;Edit Shipping Address link (on pencil icon) does not exist&gt;[5/14/2018 11:09:59 PM]&lt;PASS&gt;&lt;PayPalCheckoutGuestUser&gt;&lt;Edit Address button does not exist&gt;[5/14/2018 11:09:59 PM]&lt;Info&gt;AllBrowserWindow : Locating browser window...[5/14/2018 11:10:00 PM]&lt;PASS&gt;&lt;PayPalCheckoutGuestUser&gt;&lt;Shipping Address appears that of PayPal&gt;[5/14/2018 11:10:00 PM]&lt;PASS&gt;&lt;PayPalCheckoutGuestUser&gt;&lt;Billing Address appears that of PayPal&gt;[5/14/2018 11:10:00 PM]&lt;INFO&gt;GetShippingMethodRadioButtonControl : method executing[5/14/2018 11:10:00 PM]&lt;Info&gt;AllBrowserWindow : Locating browser window...[5/14/2018 11:10:22 PM]&lt;INFO&gt;ShippingMethodSelection : method executing[5/14/2018 11:10:23 PM]&lt;Info&gt;AllBrowserWindow : Locating browser window...[5/14/2018 11:10:50 PM]&lt;INFO&gt;GetAllShippingOptions : is executing ...[5/14/2018 11:10:50 PM]&lt;Info&gt;AllBrowserWindow : Locating browser window...[5/14/2018 11:11:12 PM]&lt;PASS&gt;&lt;PayPalCheckoutGuestUser&gt;&lt;Shipping Method Radio button exists&gt;[5/14/2018 11:11:12 PM]&lt;INFO&gt;ClickPlaceOrderPayPal : method executing...[5/14/2018 11:11:12 PM]&lt;Info&gt;AllBrowserWindow : Locating browser window...[5/14/2018 11:11:12 PM]&lt;Info&gt;AllBrowserWindow : Locating browser window...[5/14/2018 11:11:14 PM]&lt;Info&gt;AllBrowserWindow : Locating browser window...[5/14/2018 11:11:40 PM]&lt;Info&gt;AllBrowserWindow : Locating browser window...[5/14/2018 11:11:48 PM]&lt;PASS&gt;&lt;PayPalCheckoutGuestUser&gt;&lt;Order Confirmation Number Appears&gt;[5/14/2018 11:11:48 PM]&lt;RESULT&gt;Test Ended:#PASS=11, #FAIL=0[5/14/2018 11:11:49 PM]&lt;INFO&gt;LogCPUAndMemoryUsage: Available Memory = 24080(MB), CPU Usage = 16.62284%[5/14/2018 11:11:49 PM]&lt;INFO&gt;Private Working Set for QTAgent32_40, usage=155360 (K)[5/14/2018 11:11:49 PM]&lt;RESULT&gt;&lt;PayPalCheckoutGuestUser&gt; Test PASSED</StdOut>
      </Output>
      <ResultFiles>
        <ResultFile path="CMP01-INDIASQA.horizonhobby.com\CheckoutPaypalTestData_230154.xml" />
        <ResultFile path="CMP01-INDIASQA.horizonhobby.com\PayPalCheckoutGuestUser_20180514230154.log" />
        <ResultFile path="CMP01-INDIASQA.horizonhobby.com\PayPalCheckoutGuestUser_ResultsONLY_20180514230154.log" />
        <ResultFile path="CMP01-INDIASQA.horizonhobby.com\SharedCommonConfig.xml" />
      </ResultFiles>
    </UnitTestResult>
    <UnitTestResult executionId="6bfd18c6-9652-4098-8c00-a0add9d7038a" testId="cbf7caa6-9332-34a1-3fa6-5a08c0d038ea" testName="PayPalCheckoutSignedIn" computerName="CMP01-INDIASQA" duration="00:12:36.5912895" startTime="2018-05-14T23:11:51.4864730-05:00" endTime="2018-05-14T23:24:28.1104730-05:00" testType="13cdc9d9-ddb5-4fa4-a97d-d965ccfc6d4b" outcome="Passed" testListId="8c84fa94-04c1-424b-9868-57a2d4851a1d">
      <Output>
        <StdOut>Logging to custom path:\\CMP01-YKumar\AutoLog[5/14/2018 11:11:51 PM]&lt;STARTLOG&gt;&lt;PayPalCheckoutSignedIn&gt;Test Started: Expecting: #PASS=Undefined and #FAIL=0
Running from MTM=True, running on machine name:CMP01-INDIASQA, user name=ykumar, OS=Microsoft Windows NT 6.1.7601 Service Pack 1, Is64BitOS=True[5/14/2018 11:11:52 PM]&lt;INFO&gt;LogCPUAndMemoryUsage: Available Memory = 24109(MB), CPU Usage = 19.35013%[5/14/2018 11:11:52 PM]&lt;INFO&gt;Private Working Set for QTAgent32_40, usage=155568 (K)[5/14/2018 11:11:52 PM]&lt;INFO&gt;Path To TestConfig xml=E:\LoadTestResult\VSEQT\QTAgent\26973\CMP01-INDIASQA.horizonhobby.com\Deployment\SharedCommonConfig.xml[5/14/2018 11:11:52 PM]&lt;INFO&gt;Path To TestData xml=E:\LoadTestResult\VSEQT\QTAgent\26973\CMP01-INDIASQA.horizonhobby.com\Deployment\CheckoutPaypalTestData_231151.xml[5/14/2018 11:11:52 PM]&lt;INFO&gt;Path To HorizonHobbyQA Application Url=https://www-tst.horizonhobby.com[5/14/2018 11:11:52 PM]&lt;INFO&gt;HorizonHobbyQA sql connection string=Server=cmp02-ws-tst-db01:50000;Database=TST01DB;UID=wcdbuser;PWD=h0r1z0n;Connect Timeout=30[5/14/2018 11:11:52 PM]&lt;INFO&gt;Country is := US and language id is := '-1'[5/14/2018 11:11:52 PM]&lt;INFO&gt;Current browser used for test execution is = 'IE'[5/14/2018 11:11:55 PM]&lt;Info&gt;AllBrowserWindow : Locating browser window...[5/14/2018 11:11:57 PM]&lt;INFO&gt;SurveyWindow : method executing ...[5/14/2018 11:12:05 PM]&lt;INFO&gt;ContinueOnCertificationErrorClickexecuting ...[5/14/2018 11:12:05 PM]&lt;Info&gt;DEAllBrowserWindow : Locating browser window...[5/14/2018 11:12:12 PM]&lt;INFO&gt;UserRegistration : method executing ...[5/14/2018 11:12:12 PM]&lt;Info&gt;AllBrowserWindow : Locating browser window...[5/14/2018 11:12:37 PM]&lt;Info&gt;AllBrowserWindow : Locating browser window...[5/14/2018 11:13:06 PM]&lt;Info&gt;AllBrowserWindow : Locating browser window...[5/14/2018 11:13:20 PM]&lt;INFO&gt;SearchProductexecuting ... Searching term:= 'ZENT207075101'[5/14/2018 11:13:27 PM]&lt;Info&gt;AllBrowserWindow : Locating browser window...[5/14/2018 11:13:27 PM]&lt;INFO&gt;BackOrderClickexecuting ...[5/14/2018 11:13:28 PM]&lt;INFO&gt;GoToCartClickexecuting ...[5/14/2018 11:13:35 PM]&lt;Info&gt;AllBrowserWindow : Locating browser window...[5/14/2018 11:13:45 PM]&lt;INFO&gt;CheckoutProcessStartShoppingCart : method executing[5/14/2018 11:13:45 PM]&lt;Info&gt;AllBrowserWindow : Locating browser window...[5/14/2018 11:13:52 PM]&lt;INFO&gt;CheckoutShoppingCartControls : method executing[5/14/2018 11:13:52 PM]&lt;Info&gt;AllBrowserWindow : Locating browser window...[5/14/2018 11:14:00 PM]&lt;Info&gt;AllBrowserWindow : Locating browser window...[5/14/2018 11:14:04 PM]&lt;INFO&gt;SelectCheckoutPaymentRadiobutton : method executing[5/14/2018 11:14:04 PM]&lt;INFO&gt;CheckoutCreditCardShippingAndBillingControls : method executing[5/14/2018 11:14:04 PM]&lt;Info&gt;AllBrowserWindow : Locating browser window...[5/14/2018 11:14:15 PM]&lt;INFO&gt;ClickPayPalLink : method executing...[5/14/2018 11:14:21 PM]&lt;INFO&gt;LoginPayPal : method executing...[5/14/2018 11:14:21 PM]&lt;Info&gt;AllBrowserWindow : Locating browser window...[5/14/2018 11:16:47 PM]&lt;INFO&gt;PaypalLoginNewControls : method executing...[5/14/2018 11:16:52 PM]&lt;Info&gt;AllBrowserWindow : Locating browser window...[5/14/2018 11:17:38 PM]&lt;INFO&gt;PaypalLoginNewControls : method executing...[5/14/2018 11:17:43 PM]&lt;INFO&gt;ClickLoginOnPayPal : method executing ...[5/14/2018 11:17:59 PM]&lt;INFO&gt;ClickContinueOnPayPal : method executing ...[5/14/2018 11:21:51 PM]&lt;Info&gt;AllBrowserWindow : Locating browser window...[5/14/2018 11:21:51 PM]&lt;INFO&gt;ValidatePayPalOrderReviewPage : method executing ...[5/14/2018 11:21:51 PM]&lt;Info&gt;AllBrowserWindow : Locating browser window...[5/14/2018 11:21:58 PM]&lt;PASS&gt;&lt;PayPalCheckoutSignedIn&gt;&lt;Edit Address pencil icon does not exist&gt;[5/14/2018 11:22:02 PM]&lt;PASS&gt;&lt;PayPalCheckoutSignedIn&gt;&lt;Edit Billing Address link (on pencil icon) does not exist&gt;[5/14/2018 11:22:06 PM]&lt;PASS&gt;&lt;PayPalCheckoutSignedIn&gt;&lt;Edit Shipping Address link (on pencil icon) does not exist&gt;[5/14/2018 11:22:09 PM]&lt;PASS&gt;&lt;PayPalCheckoutSignedIn&gt;&lt;Edit Address button does not exist&gt;[5/14/2018 11:22:09 PM]&lt;Info&gt;AllBrowserWindow : Locating browser window...[5/14/2018 11:22:10 PM]&lt;PASS&gt;&lt;PayPalCheckoutSignedIn&gt;&lt;Shipping Address appears that of PayPal&gt;[5/14/2018 11:22:10 PM]&lt;PASS&gt;&lt;PayPalCheckoutSignedIn&gt;&lt;Billing Address appears that of PayPal&gt;[5/14/2018 11:22:10 PM]&lt;INFO&gt;GetShippingMethodRadioButtonControl : method executing[5/14/2018 11:22:10 PM]&lt;Info&gt;AllBrowserWindow : Locating browser window...[5/14/2018 11:22:32 PM]&lt;INFO&gt;ShippingMethodSelection : method executing[5/14/2018 11:22:32 PM]&lt;Info&gt;AllBrowserWindow : Locating browser window...[5/14/2018 11:22:59 PM]&lt;INFO&gt;GetAllShippingOptions : is executing ...[5/14/2018 11:23:00 PM]&lt;Info&gt;AllBrowserWindow : Locating browser window...[5/14/2018 11:23:22 PM]&lt;PASS&gt;&lt;PayPalCheckoutSignedIn&gt;&lt;Shipping Method Radio button exists&gt;[5/14/2018 11:23:22 PM]&lt;Info&gt;AllBrowserWindow : Locating browser window...[5/14/2018 11:23:23 PM]&lt;INFO&gt;ClickPlaceOrderPayPal : method executing...[5/14/2018 11:23:23 PM]&lt;Info&gt;AllBrowserWindow : Locating browser window...[5/14/2018 11:23:23 PM]&lt;Info&gt;AllBrowserWindow : Locating browser window...[5/14/2018 11:23:24 PM]&lt;Info&gt;AllBrowserWindow : Locating browser window...[5/14/2018 11:23:48 PM]&lt;Info&gt;AllBrowserWindow : Locating browser window...[5/14/2018 11:23:55 PM]&lt;PASS&gt;&lt;PayPalCheckoutSignedIn&gt;&lt;Shipping Address equals to expected&gt;[5/14/2018 11:23:55 PM]&lt;PASS&gt;&lt;PayPalCheckoutSignedIn&gt;&lt;Billing Address equals to expected&gt;[5/14/2018 11:23:55 PM]&lt;INFO&gt;DeleteWishlistFromDatabase : method executing[5/14/2018 11:23:55 PM]&lt;INFO&gt;DeletOrderItem : method executing[5/14/2018 11:24:24 PM]&lt;INFO&gt;DeleteWishlistFromDatabase : method executing[5/14/2018 11:24:24 PM]&lt;RESULT&gt;Test Ended:#PASS=9, #FAIL=0[5/14/2018 11:24:25 PM]&lt;INFO&gt;LogCPUAndMemoryUsage: Available Memory = 24075(MB), CPU Usage = 17.79169%[5/14/2018 11:24:26 PM]&lt;INFO&gt;Private Working Set for QTAgent32_40, usage=156432 (K)[5/14/2018 11:24:26 PM]&lt;RESULT&gt;&lt;PayPalCheckoutSignedIn&gt; Test PASSED</StdOut>
      </Output>
      <ResultFiles>
        <ResultFile path="CMP01-INDIASQA.horizonhobby.com\CheckoutPaypalTestData_231151.xml" />
        <ResultFile path="CMP01-INDIASQA.horizonhobby.com\PayPalCheckoutSignedIn_20180514231151.log" />
        <ResultFile path="CMP01-INDIASQA.horizonhobby.com\PayPalCheckoutSignedIn_ResultsONLY_20180514231151.log" />
        <ResultFile path="CMP01-INDIASQA.horizonhobby.com\SharedCommonConfig.xml" />
      </ResultFiles>
    </UnitTestResult>
    <UnitTestResult executionId="38287274-d793-4f01-9405-1977d2d1bf01" testId="8ef35005-3886-2833-7a0a-94f1fb3a232d" testName="PayPalExpressCheckoutBasicWorkflowSignedIn" computerName="CMP01-INDIASQA" duration="00:10:05.6530403" startTime="2018-05-14T23:24:28.1124730-05:00" endTime="2018-05-14T23:34:33.8004730-05:00" testType="13cdc9d9-ddb5-4fa4-a97d-d965ccfc6d4b" outcome="Passed" testListId="8c84fa94-04c1-424b-9868-57a2d4851a1d">
      <Output>
        <StdOut>Logging to custom path:\\CMP01-YKumar\AutoLog[5/14/2018 11:24:28 PM]&lt;STARTLOG&gt;&lt;PayPalExpressCheckoutBasicWorkflowSignedIn&gt;Test Started: Expecting: #PASS=Undefined and #FAIL=0
Running from MTM=True, running on machine name:CMP01-INDIASQA, user name=ykumar, OS=Microsoft Windows NT 6.1.7601 Service Pack 1, Is64BitOS=True[5/14/2018 11:24:29 PM]&lt;INFO&gt;LogCPUAndMemoryUsage: Available Memory = 24105(MB), CPU Usage = 18.7173%[5/14/2018 11:24:29 PM]&lt;INFO&gt;Private Working Set for QTAgent32_40, usage=156560 (K)[5/14/2018 11:24:29 PM]&lt;INFO&gt;Path To TestConfig xml=E:\LoadTestResult\VSEQT\QTAgent\26973\CMP01-INDIASQA.horizonhobby.com\Deployment\SharedCommonConfig.xml[5/14/2018 11:24:29 PM]&lt;INFO&gt;Path To TestData xml=E:\LoadTestResult\VSEQT\QTAgent\26973\CMP01-INDIASQA.horizonhobby.com\Deployment\CheckoutPaypalTestData_232428.xml[5/14/2018 11:24:29 PM]&lt;INFO&gt;Path To HorizonHobbyQA Application Url=https://www-tst.horizonhobby.com[5/14/2018 11:24:29 PM]&lt;INFO&gt;HorizonHobbyQA sql connection string=Server=cmp02-ws-tst-db01:50000;Database=TST01DB;UID=wcdbuser;PWD=h0r1z0n;Connect Timeout=30[5/14/2018 11:24:29 PM]&lt;INFO&gt;Country is := US and language id is := '-1'[5/14/2018 11:24:29 PM]&lt;INFO&gt;Current browser used for test execution is = 'IE'[5/14/2018 11:24:35 PM]&lt;Info&gt;AllBrowserWindow : Locating browser window...[5/14/2018 11:24:36 PM]&lt;INFO&gt;SurveyWindow : method executing ...[5/14/2018 11:24:45 PM]&lt;INFO&gt;ContinueOnCertificationErrorClickexecuting ...[5/14/2018 11:24:45 PM]&lt;Info&gt;DEAllBrowserWindow : Locating browser window...[5/14/2018 11:24:52 PM]&lt;INFO&gt;UserRegistration : method executing ...[5/14/2018 11:24:52 PM]&lt;Info&gt;AllBrowserWindow : Locating browser window...[5/14/2018 11:25:18 PM]&lt;Info&gt;AllBrowserWindow : Locating browser window...[5/14/2018 11:25:44 PM]&lt;Info&gt;AllBrowserWindow : Locating browser window...[5/14/2018 11:26:01 PM]&lt;INFO&gt;SearchProductexecuting ... Searching term:= 'ORI65165'[5/14/2018 11:26:07 PM]&lt;Info&gt;AllBrowserWindow : Locating browser window...[5/14/2018 11:26:08 PM]&lt;INFO&gt;BackOrderClickexecuting ...[5/14/2018 11:26:08 PM]&lt;INFO&gt;GoToCartClickexecuting ...[5/14/2018 11:26:15 PM]&lt;Info&gt;AllBrowserWindow : Locating browser window...[5/14/2018 11:26:25 PM]&lt;INFO&gt;ClickPayPalLink : method executing...[5/14/2018 11:26:30 PM]&lt;INFO&gt;LoginPayPal : method executing...[5/14/2018 11:26:30 PM]&lt;Info&gt;AllBrowserWindow : Locating browser window...[5/14/2018 11:28:52 PM]&lt;INFO&gt;PaypalLoginNewControls : method executing...[5/14/2018 11:28:57 PM]&lt;Info&gt;AllBrowserWindow : Locating browser window...[5/14/2018 11:29:44 PM]&lt;INFO&gt;PaypalLoginNewControls : method executing...[5/14/2018 11:29:47 PM]&lt;INFO&gt;ClickLoginOnPayPal : method executing ...[5/14/2018 11:30:04 PM]&lt;INFO&gt;ClickContinueOnPayPal : method executing ...[5/14/2018 11:32:04 PM]&lt;Info&gt;AllBrowserWindow : Locating browser window...[5/14/2018 11:32:04 PM]&lt;INFO&gt;ValidatePayPalOrderReviewPage : method executing ...[5/14/2018 11:32:04 PM]&lt;Info&gt;AllBrowserWindow : Locating browser window...[5/14/2018 11:32:10 PM]&lt;PASS&gt;&lt;PayPalExpressCheckoutBasicWorkflowSignedIn&gt;&lt;Edit Address pencil icon does not exist&gt;[5/14/2018 11:32:14 PM]&lt;PASS&gt;&lt;PayPalExpressCheckoutBasicWorkflowSignedIn&gt;&lt;Edit Billing Address link (on pencil icon) does not exist&gt;[5/14/2018 11:32:18 PM]&lt;PASS&gt;&lt;PayPalExpressCheckoutBasicWorkflowSignedIn&gt;&lt;Edit Shipping Address link (on pencil icon) does not exist&gt;[5/14/2018 11:32:22 PM]&lt;PASS&gt;&lt;PayPalExpressCheckoutBasicWorkflowSignedIn&gt;&lt;Edit Address button does not exist&gt;[5/14/2018 11:32:22 PM]&lt;Info&gt;AllBrowserWindow : Locating browser window...[5/14/2018 11:32:22 PM]&lt;PASS&gt;&lt;PayPalExpressCheckoutBasicWorkflowSignedIn&gt;&lt;Shipping Address appears that of PayPal&gt;[5/14/2018 11:32:22 PM]&lt;PASS&gt;&lt;PayPalExpressCheckoutBasicWorkflowSignedIn&gt;&lt;Billing Address appears that of PayPal&gt;[5/14/2018 11:32:22 PM]&lt;INFO&gt;GetShippingMethodRadioButtonControl : method executing[5/14/2018 11:32:22 PM]&lt;Info&gt;AllBrowserWindow : Locating browser window...[5/14/2018 11:32:45 PM]&lt;INFO&gt;ShippingMethodSelection : method executing[5/14/2018 11:32:45 PM]&lt;Info&gt;AllBrowserWindow : Locating browser window...[5/14/2018 11:33:12 PM]&lt;INFO&gt;GetAllShippingOptions : is executing ...[5/14/2018 11:33:12 PM]&lt;Info&gt;AllBrowserWindow : Locating browser window...[5/14/2018 11:33:35 PM]&lt;PASS&gt;&lt;PayPalExpressCheckoutBasicWorkflowSignedIn&gt;&lt;Shipping Method Radio button exists&gt;[5/14/2018 11:33:35 PM]&lt;INFO&gt;ClickPlaceOrderPayPal : method executing...[5/14/2018 11:33:35 PM]&lt;Info&gt;AllBrowserWindow : Locating browser window...[5/14/2018 11:33:35 PM]&lt;Info&gt;AllBrowserWindow : Locating browser window...[5/14/2018 11:33:36 PM]&lt;Info&gt;AllBrowserWindow : Locating browser window...[5/14/2018 11:33:58 PM]&lt;INFO&gt;DeleteWishlistFromDatabase : method executing[5/14/2018 11:33:58 PM]&lt;INFO&gt;DeletOrderItem : method executing[5/14/2018 11:34:30 PM]&lt;INFO&gt;DeleteWishlistFromDatabase : method executing[5/14/2018 11:34:30 PM]&lt;RESULT&gt;Test Ended:#PASS=7, #FAIL=0[5/14/2018 11:34:31 PM]&lt;INFO&gt;LogCPUAndMemoryUsage: Available Memory = 23633(MB), CPU Usage = 9.415005%[5/14/2018 11:34:31 PM]&lt;INFO&gt;Private Working Set for QTAgent32_40, usage=156860 (K)[5/14/2018 11:34:31 PM]&lt;RESULT&gt;&lt;PayPalExpressCheckoutBasicWorkflowSignedIn&gt; Test PASSED</StdOut>
      </Output>
      <ResultFiles>
        <ResultFile path="CMP01-INDIASQA.horizonhobby.com\CheckoutPaypalTestData_232428.xml" />
        <ResultFile path="CMP01-INDIASQA.horizonhobby.com\PayPalExpressCheckoutBasicWorkflowSignedIn_20180514232428.log" />
        <ResultFile path="CMP01-INDIASQA.horizonhobby.com\PayPalExpressCheckoutBasicWorkflowSignedIn_ResultsONLY_20180514232428.log" />
        <ResultFile path="CMP01-INDIASQA.horizonhobby.com\SharedCommonConfig.xml" />
      </ResultFiles>
    </UnitTestResult>
    <UnitTestResult executionId="0abc5787-7bac-4e67-9ab3-6ad727b4b4ad" testId="f6b3acd0-94c8-e8cd-2e09-516123a72c87" testName="PayPalCheckoutInternationalAddress" computerName="CMP01-INDIASQA" duration="00:05:02.6993405" startTime="2018-05-14T23:34:33.8024730-05:00" endTime="2018-05-14T23:39:36.7784730-05:00" testType="13cdc9d9-ddb5-4fa4-a97d-d965ccfc6d4b" outcome="Failed" testListId="8c84fa94-04c1-424b-9868-57a2d4851a1d">
      <Output>
        <StdOut>Logging to custom path:\\CMP01-YKumar\AutoLogAssert.Fail failed. 
#Other errors=1
[Error details below]
&lt;ERROR&gt;[5/14/2018 11:39:03 PM]&lt;Error&gt;PayPalCheckoutInternationalAddress : failed executing ...The playback failed to find the control with the given search properties. Additional Details: 
TechnologyName:  'Web'
ControlType:  'Button'
TagName:  'BUTTON'
Id:  'submit-order-btn'
Class:  'btn btn-primary btn-lg ng-binding'
 Failed to find any control that matched the value submit-order-btn for the search property Id.   at TestAuto.LoggingAndSharedGenericMethods.EndTest() in c:\Builds\1\WebSphere\QATestAutomation\src\CodedUITest\SourceCode\Common\Logging\Logging.cs:line 1628
   at TestAuto.BorderFree.TestCleanup() in c:\Builds\1\WebSphere\QATestAutomation\src\CodedUITest\SourceCode\HHobby\BorderFree\BorderFree.cs:line 2628
[5/14/2018 11:34:34 PM]&lt;STARTLOG&gt;&lt;PayPalCheckoutInternationalAddress&gt;Test Started: Expecting: #PASS=Undefined and #FAIL=0
Running from MTM=True, running on machine name:CMP01-INDIASQA, user name=ykumar, OS=Microsoft Windows NT 6.1.7601 Service Pack 1, Is64BitOS=True[5/14/2018 11:34:36 PM]&lt;INFO&gt;LogCPUAndMemoryUsage: Available Memory = 23952(MB), CPU Usage = 13.50594%[5/14/2018 11:34:36 PM]&lt;INFO&gt;Private Working Set for QTAgent32_40, usage=159924 (K)[5/14/2018 11:34:36 PM]&lt;INFO&gt;Path To TestConfig xml=E:\LoadTestResult\VSEQT\QTAgent\26973\CMP01-INDIASQA.horizonhobby.com\Deployment\SharedCommonConfig.xml[5/14/2018 11:34:36 PM]&lt;INFO&gt;Path To TestData xml=E:\LoadTestResult\VSEQT\QTAgent\26973\CMP01-INDIASQA.horizonhobby.com\Deployment\BorderFreeTestData_233434.xml[5/14/2018 11:34:36 PM]&lt;INFO&gt;Path To HorizonHobbyQA Application Url=https://www-tst.horizonhobby.com[5/14/2018 11:34:36 PM]&lt;INFO&gt;HorizonHobbyQA sql connection string=Server=cmp02-ws-tst-db01:50000;Database=TST01DB;UID=wcdbuser;PWD=h0r1z0n;Connect Timeout=30[5/14/2018 11:34:36 PM]&lt;INFO&gt;Country is := US and language id is := '-1'[5/14/2018 11:34:36 PM]&lt;INFO&gt;Current browser used for test execution is = 'IE'[5/14/2018 11:34:39 PM]&lt;Info&gt;AllBrowserWindow : Locating browser window...[5/14/2018 11:34:41 PM]&lt;INFO&gt;SurveyWindow : method executing ...[5/14/2018 11:34:49 PM]&lt;INFO&gt;ContinueOnCertificationErrorClickexecuting ...[5/14/2018 11:34:49 PM]&lt;Info&gt;DEAllBrowserWindow : Locating browser window...[5/14/2018 11:34:59 PM]&lt;INFO&gt;ClickAcceptCookiesAgreement : failed executing ...[5/14/2018 11:35:09 PM]&lt;INFO&gt;UserRegistration : method executing ...[5/14/2018 11:35:09 PM]&lt;Info&gt;AllBrowserWindow : Locating browser window...[5/14/2018 11:35:28 PM]&lt;Info&gt;AllBrowserWindow : Locating browser window...[5/14/2018 11:35:49 PM]&lt;Info&gt;AllBrowserWindow : Locating browser window...[5/14/2018 11:36:22 PM]&lt;INFO&gt;SearchProductexecuting ... Searching term:= 'RC4ZS0770'[5/14/2018 11:36:26 PM]&lt;Info&gt;AllBrowserWindow : Locating browser window...[5/14/2018 11:36:27 PM]&lt;INFO&gt;SurveyWindow : method executing ...[5/14/2018 11:36:47 PM]&lt;INFO&gt;BackOrderClickexecuting ...[5/14/2018 11:36:48 PM]&lt;INFO&gt;GoToCartClickexecuting ...[5/14/2018 11:36:54 PM]&lt;Info&gt;AllBrowserWindow : Locating browser window...[5/14/2018 11:37:03 PM]&lt;Info&gt;AllBrowserWindow : Locating browser window...[5/14/2018 11:37:12 PM]&lt;Info&gt;AllBrowserWindow : Locating browser window...[5/14/2018 11:37:17 PM]&lt;Info&gt;AllBrowserWindow : Locating browser window...[5/14/2018 11:37:29 PM]&lt;Info&gt;AllBrowserWindow : Locating browser window...[5/14/2018 11:38:05 PM]&lt;INFO&gt;LoginPayPal : method executing...[5/14/2018 11:38:05 PM]&lt;Info&gt;AllBrowserWindow : Locating browser window...[5/14/2018 11:38:32 PM]&lt;INFO&gt;PaypalLoginNewControls : method executing...[5/14/2018 11:38:37 PM]&lt;Info&gt;AllBrowserWindow : Locating browser window...[5/14/2018 11:38:59 PM]&lt;INFO&gt;PaypalLoginNewControls : method executing...[5/14/2018 11:38:59 PM]&lt;Info&gt;AllBrowserWindow : Locating browser window...Assert.Fail failed. [5/14/2018 11:39:03 PM]&lt;Error&gt;PayPalCheckoutInternationalAddress : failed executing ...The playback failed to find the control with the given search properties. Additional Details: 
TechnologyName:  'Web'
ControlType:  'Button'
TagName:  'BUTTON'
Id:  'submit-order-btn'
Class:  'btn btn-primary btn-lg ng-binding'
 Failed to find any control that matched the value submit-order-btn for the search property Id., 
    StackTrace:
    PayPalCheckoutInternationalAddress(),BorderFree.cs,Line Number:1659[5/14/2018 11:39:03 PM]&lt;CaptureImage&gt;\\CMP01-YKumar\AutoLog\CMP01-INDIASQA\PayPalCheckoutInternationalAddress_20180514233903.png[5/14/2018 11:39:03 PM]&lt;INFO&gt;DeleteWishlistFromDatabase : method executing[5/14/2018 11:39:03 PM]&lt;INFO&gt;DeletOrderItem : method executing[5/14/2018 11:39:33 PM]&lt;RESULT&gt;Test Ended:#PASS=0, #FAIL=0,#Other errors=1[5/14/2018 11:39:34 PM]&lt;INFO&gt;LogCPUAndMemoryUsage: Available Memory = 23693(MB), CPU Usage = 6.687712%[5/14/2018 11:39:34 PM]&lt;INFO&gt;Private Working Set for QTAgent32_40, usage=178288 (K)[5/14/2018 11:39:34 PM]&lt;RESULT&gt;&lt;PayPalCheckoutInternationalAddress&gt; Test FAILED: #Other errors=1. See Error Message/logs for further details.</StdOut>
        <ErrorInfo>
          <Message>Assert.Fail failed. 
#Other errors=1
[Error details below]
&lt;ERROR&gt;[5/14/2018 11:39:03 PM]&lt;Error&gt;PayPalCheckoutInternationalAddress : failed executing ...The playback failed to find the control with the given search properties. Additional Details: 
TechnologyName:  'Web'
ControlType:  'Button'
TagName:  'BUTTON'
Id:  'submit-order-btn'
Class:  'btn btn-primary btn-lg ng-binding'
 Failed to find any control that matched the value submit-order-btn for the search property Id.</Message>
          <StackTrace>   at TestAuto.LoggingAndSharedGenericMethods.EndTest() in c:\Builds\1\WebSphere\QATestAutomation\src\CodedUITest\SourceCode\Common\Logging\Logging.cs:line 1628
   at TestAuto.BorderFree.TestCleanup() in c:\Builds\1\WebSphere\QATestAutomation\src\CodedUITest\SourceCode\HHobby\BorderFree\BorderFree.cs:line 2628
</StackTrace>
        </ErrorInfo>
      </Output>
      <ResultFiles>
        <ResultFile path="CMP01-INDIASQA.horizonhobby.com\BorderFreeTestData_233434.xml" />
        <ResultFile path="CMP01-INDIASQA.horizonhobby.com\PayPalCheckoutInternationalAddress_20180514233434.log" />
        <ResultFile path="CMP01-INDIASQA.horizonhobby.com\PayPalCheckoutInternationalAddress_20180514233903.png" />
        <ResultFile path="CMP01-INDIASQA.horizonhobby.com\PayPalCheckoutInternationalAddress_ResultsONLY_20180514233434.log" />
        <ResultFile path="CMP01-INDIASQA.horizonhobby.com\SharedCommonConfig.xml" />
      </ResultFiles>
    </UnitTestResult>
    <UnitTestResult executionId="aa5e1c08-b3e6-46cf-a2fe-54d98e63d3b4" testId="5e55e692-4563-a9d8-eba3-9d0611f5a523" testName="PayPalCheckoutAlaskaAndHawaiiStateAddress" computerName="CMP01-INDIASQA" duration="00:21:07.4532719" startTime="2018-05-14T23:39:36.7794730-05:00" endTime="2018-05-15T00:00:44.2684730-05:00" testType="13cdc9d9-ddb5-4fa4-a97d-d965ccfc6d4b" outcome="Passed" testListId="8c84fa94-04c1-424b-9868-57a2d4851a1d">
      <Output>
        <StdOut>Logging to custom path:\\CMP01-YKumar\AutoLog[5/14/2018 11:39:36 PM]&lt;STARTLOG&gt;&lt;PayPalCheckoutAlaskaAndHawaiiStateAddress&gt;Test Started: Expecting: #PASS=Undefined and #FAIL=0
Running from MTM=True, running on machine name:CMP01-INDIASQA, user name=ykumar, OS=Microsoft Windows NT 6.1.7601 Service Pack 1, Is64BitOS=True[5/14/2018 11:39:37 PM]&lt;INFO&gt;LogCPUAndMemoryUsage: Available Memory = 23719(MB), CPU Usage = 16.42803%[5/14/2018 11:39:37 PM]&lt;INFO&gt;Private Working Set for QTAgent32_40, usage=178464 (K)[5/14/2018 11:39:37 PM]&lt;INFO&gt;Path To TestConfig xml=E:\LoadTestResult\VSEQT\QTAgent\26973\CMP01-INDIASQA.horizonhobby.com\Deployment\SharedCommonConfig.xml[5/14/2018 11:39:37 PM]&lt;INFO&gt;Path To TestData xml=E:\LoadTestResult\VSEQT\QTAgent\26973\CMP01-INDIASQA.horizonhobby.com\Deployment\CheckoutPaypalTestData_233936.xml[5/14/2018 11:39:37 PM]&lt;INFO&gt;Path To HorizonHobbyQA Application Url=https://www-tst.horizonhobby.com[5/14/2018 11:39:37 PM]&lt;INFO&gt;HorizonHobbyQA sql connection string=Server=cmp02-ws-tst-db01:50000;Database=TST01DB;UID=wcdbuser;PWD=h0r1z0n;Connect Timeout=30[5/14/2018 11:39:37 PM]&lt;INFO&gt;Country is := US and language id is := '-1'[5/14/2018 11:39:37 PM]&lt;INFO&gt;Current browser used for test execution is = 'IE'[5/14/2018 11:39:42 PM]&lt;Info&gt;AllBrowserWindow : Locating browser window...[5/14/2018 11:39:46 PM]&lt;INFO&gt;SearchProductexecuting ... Searching term:= 'EVO052E52C'[5/14/2018 11:39:53 PM]&lt;Info&gt;AllBrowserWindow : Locating browser window...[5/14/2018 11:39:54 PM]&lt;INFO&gt;BackOrderClickexecuting ...[5/14/2018 11:39:54 PM]&lt;INFO&gt;GoToCartClickexecuting ...[5/14/2018 11:40:01 PM]&lt;Info&gt;AllBrowserWindow : Locating browser window...[5/14/2018 11:40:11 PM]&lt;INFO&gt;CheckoutProcessStartShoppingCart : method executing[5/14/2018 11:40:11 PM]&lt;Info&gt;AllBrowserWindow : Locating browser window...[5/14/2018 11:40:18 PM]&lt;INFO&gt;CheckoutShoppingCartControls : method executing[5/14/2018 11:40:18 PM]&lt;Info&gt;AllBrowserWindow : Locating browser window...[5/14/2018 11:40:33 PM]&lt;Info&gt;AllBrowserWindow : Locating browser window...[5/14/2018 11:40:42 PM]&lt;Info&gt;AllBrowserWindow : Locating browser window...[5/14/2018 11:40:45 PM]&lt;INFO&gt;FillBillingAndShippingAddressexecuting ...[5/14/2018 11:40:46 PM]&lt;Info&gt;AllBrowserWindow : Locating browser window...[5/14/2018 11:40:48 PM]&lt;INFO&gt;SelectBillingCountryexecuting ...[5/14/2018 11:40:55 PM]&lt;INFO&gt;SelectBillingStateexecuting ...[5/14/2018 11:41:10 PM]&lt;INFO&gt;SelectShippingCountryexecuting ...[5/14/2018 11:41:14 PM]&lt;INFO&gt;SelectShippingStateexecuting ...[5/14/2018 11:41:20 PM]&lt;INFO&gt;SelectCheckoutPaymentRadiobutton : method executing[5/14/2018 11:41:20 PM]&lt;INFO&gt;CheckoutCreditCardShippingAndBillingControls : method executing[5/14/2018 11:41:20 PM]&lt;Info&gt;AllBrowserWindow : Locating browser window...[5/14/2018 11:41:36 PM]&lt;INFO&gt;ClickPayPalLink : method executing...[5/14/2018 11:41:42 PM]&lt;INFO&gt;LoginPayPal : method executing...[5/14/2018 11:41:42 PM]&lt;Info&gt;AllBrowserWindow : Locating browser window...[5/14/2018 11:44:04 PM]&lt;INFO&gt;PaypalLoginNewControls : method executing...[5/14/2018 11:44:08 PM]&lt;Info&gt;AllBrowserWindow : Locating browser window...[5/14/2018 11:44:55 PM]&lt;INFO&gt;PaypalLoginNewControls : method executing...[5/14/2018 11:44:59 PM]&lt;INFO&gt;ClickLoginOnPayPal : method executing ...[5/14/2018 11:45:16 PM]&lt;INFO&gt;SelectAddressFromPayPal : is executing ... : - 1249 Tongass Avenue[5/14/2018 11:45:16 PM]&lt;Info&gt;AllBrowserWindow : Locating browser window...[5/14/2018 11:48:00 PM]&lt;INFO&gt;KeyboardSendKeys method executing...[5/14/2018 11:48:29 PM]&lt;INFO&gt;ClickContinueOnPayPal : method executing ...[5/14/2018 11:50:29 PM]&lt;Info&gt;AllBrowserWindow : Locating browser window...[5/14/2018 11:50:29 PM]&lt;INFO&gt;GetShippingMethodRadioButtonControl : method executing[5/14/2018 11:50:29 PM]&lt;Info&gt;AllBrowserWindow : Locating browser window...[5/14/2018 11:50:30 PM]&lt;INFO&gt;ShippingMethodSelection : method executing[5/14/2018 11:50:30 PM]&lt;Info&gt;AllBrowserWindow : Locating browser window...[5/14/2018 11:50:35 PM]&lt;INFO&gt;GetAllShippingOptions : is executing ...[5/14/2018 11:50:35 PM]&lt;Info&gt;AllBrowserWindow : Locating browser window...[5/14/2018 11:50:57 PM]&lt;INFO&gt;GetShippingMethodRadioButtonControl : method executing[5/14/2018 11:50:57 PM]&lt;Info&gt;AllBrowserWindow : Locating browser window...[5/14/2018 11:50:58 PM]&lt;INFO&gt;ShippingMethodSelection : method executing[5/14/2018 11:50:58 PM]&lt;Info&gt;AllBrowserWindow : Locating browser window...[5/14/2018 11:51:03 PM]&lt;INFO&gt;GetAllShippingOptions : is executing ...[5/14/2018 11:51:03 PM]&lt;Info&gt;AllBrowserWindow : Locating browser window...[5/14/2018 11:51:26 PM]&lt;INFO&gt;ClickPlaceOrderPayPal : method executing...[5/14/2018 11:51:26 PM]&lt;Info&gt;AllBrowserWindow : Locating browser window...[5/14/2018 11:51:27 PM]&lt;Info&gt;AllBrowserWindow : Locating browser window...[5/14/2018 11:51:29 PM]&lt;Info&gt;AllBrowserWindow : Locating browser window...[5/14/2018 11:51:57 PM]&lt;Info&gt;AllBrowserWindow : Locating browser window...[5/14/2018 11:52:04 PM]&lt;INFO&gt;SingleProductOrderAmountValidation : method executing[5/14/2018 11:52:04 PM]&lt;INFO&gt;OrderConfirmationUIControls : method executing[5/14/2018 11:52:04 PM]&lt;Info&gt;AllBrowserWindow : Locating browser window...[5/14/2018 11:52:11 PM]&lt;INFO&gt;SingleProductOrderAmountValidation : method executing[5/14/2018 11:52:11 PM]&lt;PASS&gt;&lt;SingleProductOrderAmountValidation&gt;&lt; Validates expected authorization amount: '38.98000' is equals actual authorization amount: '38.98000'&gt;[5/14/2018 11:52:15 PM]&lt;INFO&gt;SearchProductexecuting ... Searching term:= 'ZEN337812111'[5/14/2018 11:52:22 PM]&lt;Info&gt;AllBrowserWindow : Locating browser window...[5/14/2018 11:52:23 PM]&lt;INFO&gt;BackOrderClickexecuting ...[5/14/2018 11:52:24 PM]&lt;INFO&gt;GoToCartClickexecuting ...[5/14/2018 11:52:31 PM]&lt;Info&gt;AllBrowserWindow : Locating browser window...[5/14/2018 11:52:42 PM]&lt;INFO&gt;CheckoutProcessStartShoppingCart : method executing[5/14/2018 11:52:42 PM]&lt;Info&gt;AllBrowserWindow : Locating browser window...[5/14/2018 11:52:50 PM]&lt;INFO&gt;CheckoutShoppingCartControls : method executing[5/14/2018 11:52:50 PM]&lt;Info&gt;AllBrowserWindow : Locating browser window...[5/14/2018 11:53:13 PM]&lt;INFO&gt;UpdateBillingShippingAddressexecuting ...[5/14/2018 11:53:13 PM]&lt;Info&gt;AllBrowserWindow : Locating browser window...[5/14/2018 11:53:33 PM]&lt;Info&gt;AllBrowserWindow : Locating browser window...[5/14/2018 11:53:38 PM]&lt;INFO&gt;SelectCheckoutPaymentRadiobutton : method executing[5/14/2018 11:53:38 PM]&lt;INFO&gt;CheckoutCreditCardShippingAndBillingControls : method executing[5/14/2018 11:53:38 PM]&lt;Info&gt;AllBrowserWindow : Locating browser window...[5/14/2018 11:53:50 PM]&lt;INFO&gt;ClickPayPalLink : method executing...[5/14/2018 11:54:06 PM]&lt;INFO&gt;SelectAddressFromPayPal : is executing ... : - Honolulu[5/14/2018 11:54:06 PM]&lt;Info&gt;AllBrowserWindow : Locating browser window...[5/14/2018 11:56:47 PM]&lt;INFO&gt;KeyboardSendKeys method executing...[5/14/2018 11:56:49 PM]&lt;INFO&gt;KeyboardSendKeys method executing...[5/14/2018 11:56:50 PM]&lt;INFO&gt;KeyboardSendKeys method executing...[5/14/2018 11:57:19 PM]&lt;INFO&gt;ClickContinueOnPayPal : method executing ...[5/14/2018 11:59:18 PM]&lt;INFO&gt;GetShippingMethodRadioButtonControl : method executing[5/14/2018 11:59:18 PM]&lt;Info&gt;AllBrowserWindow : Locating browser window...[5/14/2018 11:59:19 PM]&lt;INFO&gt;ShippingMethodSelection : method executing[5/14/2018 11:59:19 PM]&lt;Info&gt;AllBrowserWindow : Locating browser window...[5/14/2018 11:59:24 PM]&lt;INFO&gt;GetAllShippingOptions : is executing ...[5/14/2018 11:59:24 PM]&lt;Info&gt;AllBrowserWindow : Locating browser window...[5/14/2018 11:59:47 PM]&lt;INFO&gt;ClickPlaceOrderPayPal : method executing...[5/14/2018 11:59:47 PM]&lt;Info&gt;AllBrowserWindow : Locating browser window...[5/14/2018 11:59:49 PM]&lt;Info&gt;AllBrowserWindow : Locating browser window...[5/14/2018 11:59:51 PM]&lt;Info&gt;AllBrowserWindow : Locating browser window...[5/15/2018 12:00:25 AM]&lt;Info&gt;AllBrowserWindow : Locating browser window...[5/15/2018 12:00:32 AM]&lt;INFO&gt;SingleProductOrderAmountValidation : method executing[5/15/2018 12:00:32 AM]&lt;INFO&gt;OrderConfirmationUIControls : method executing[5/15/2018 12:00:32 AM]&lt;Info&gt;AllBrowserWindow : Locating browser window...[5/15/2018 12:00:41 AM]&lt;INFO&gt;SingleProductOrderAmountValidation : method executing[5/15/2018 12:00:41 AM]&lt;PASS&gt;&lt;SingleProductOrderAmountValidation&gt;&lt; Validates expected authorization amount: '127.71000' is equals actual authorization amount: '127.71000'&gt;[5/15/2018 12:00:41 AM]&lt;RESULT&gt;Test Ended:#PASS=2, #FAIL=0[5/15/2018 12:00:42 AM]&lt;INFO&gt;LogCPUAndMemoryUsage: Available Memory = 23946(MB), CPU Usage = 11.94748%[5/15/2018 12:00:42 AM]&lt;INFO&gt;Private Working Set for QTAgent32_40, usage=172296 (K)[5/15/2018 12:00:42 AM]&lt;RESULT&gt;&lt;PayPalCheckoutAlaskaAndHawaiiStateAddress&gt; Test PASSED</StdOut>
      </Output>
      <ResultFiles>
        <ResultFile path="CMP01-INDIASQA.horizonhobby.com\CheckoutPaypalTestData_233936.xml" />
        <ResultFile path="CMP01-INDIASQA.horizonhobby.com\PayPalCheckoutAlaskaAndHawaiiStateAddress_20180514233936.log" />
        <ResultFile path="CMP01-INDIASQA.horizonhobby.com\PayPalCheckoutAlaskaAndHawaiiStateAddress_ResultsONLY_20180514233936.log" />
        <ResultFile path="CMP01-INDIASQA.horizonhobby.com\SharedCommonConfig.xml" />
      </ResultFiles>
    </UnitTestResult>
    <UnitTestResult executionId="a14d14b0-88f3-47fe-a32a-09c90c331e89" testId="09387ed1-c2fb-d547-481c-d59c0b415953" testName="PayPalCheckoutCanadaAddress" computerName="CMP01-INDIASQA" duration="00:09:09.9823545" startTime="2018-05-15T00:00:44.2694730-05:00" endTime="2018-05-15T00:09:55.2299861-05:00" testType="13cdc9d9-ddb5-4fa4-a97d-d965ccfc6d4b" outcome="Passed" testListId="8c84fa94-04c1-424b-9868-57a2d4851a1d">
      <Output>
        <StdOut>Logging to custom path:\\CMP01-YKumar\AutoLog[5/15/2018 12:00:44 AM]&lt;STARTLOG&gt;&lt;PayPalCheckoutCanadaAddress&gt;Test Started: Expecting: #PASS=Undefined and #FAIL=0
Running from MTM=True, running on machine name:CMP01-INDIASQA, user name=ykumar, OS=Microsoft Windows NT 6.1.7601 Service Pack 1, Is64BitOS=True[5/15/2018 12:00:45 AM]&lt;INFO&gt;LogCPUAndMemoryUsage: Available Memory = 23965(MB), CPU Usage = 19.93455%[5/15/2018 12:00:45 AM]&lt;INFO&gt;Private Working Set for QTAgent32_40, usage=172148 (K)[5/15/2018 12:00:45 AM]&lt;INFO&gt;Path To TestConfig xml=E:\LoadTestResult\VSEQT\QTAgent\26973\CMP01-INDIASQA.horizonhobby.com\Deployment\SharedCommonConfig.xml[5/15/2018 12:00:45 AM]&lt;INFO&gt;Path To TestData xml=E:\LoadTestResult\VSEQT\QTAgent\26973\CMP01-INDIASQA.horizonhobby.com\Deployment\CheckoutPaypalTestData_000044.xml[5/15/2018 12:00:45 AM]&lt;INFO&gt;Path To HorizonHobbyQA Application Url=https://www-tst.horizonhobby.com[5/15/2018 12:00:45 AM]&lt;INFO&gt;HorizonHobbyQA sql connection string=Server=cmp02-ws-tst-db01:50000;Database=TST01DB;UID=wcdbuser;PWD=h0r1z0n;Connect Timeout=30[5/15/2018 12:00:45 AM]&lt;INFO&gt;Country is := US and language id is := '-1'[5/15/2018 12:00:45 AM]&lt;INFO&gt;Current browser used for test execution is = 'IE'[5/15/2018 12:00:58 AM]&lt;Info&gt;AllBrowserWindow : Locating browser window...[5/15/2018 12:00:59 AM]&lt;INFO&gt;SurveyWindow : method executing ...[5/15/2018 12:01:08 AM]&lt;INFO&gt;ContinueOnCertificationErrorClickexecuting ...[5/15/2018 12:01:08 AM]&lt;Info&gt;DEAllBrowserWindow : Locating browser window...[5/15/2018 12:01:15 AM]&lt;INFO&gt;UserRegistration : method executing ...[5/15/2018 12:01:15 AM]&lt;Info&gt;AllBrowserWindow : Locating browser window...[5/15/2018 12:01:41 AM]&lt;Info&gt;AllBrowserWindow : Locating browser window...[5/15/2018 12:01:57 AM]&lt;Info&gt;AllBrowserWindow : Locating browser window...[5/15/2018 12:02:13 AM]&lt;INFO&gt;SearchProductexecuting ... Searching term:= 'EFL6504'[5/15/2018 12:02:19 AM]&lt;Info&gt;AllBrowserWindow : Locating browser window...[5/15/2018 12:02:20 AM]&lt;INFO&gt;BackOrderClickexecuting ...[5/15/2018 12:02:20 AM]&lt;INFO&gt;GoToCartClickexecuting ...[5/15/2018 12:02:27 AM]&lt;Info&gt;AllBrowserWindow : Locating browser window...[5/15/2018 12:02:37 AM]&lt;INFO&gt;CheckoutProcessStartShoppingCart : method executing[5/15/2018 12:02:37 AM]&lt;Info&gt;AllBrowserWindow : Locating browser window...[5/15/2018 12:02:44 AM]&lt;INFO&gt;CheckoutShoppingCartControls : method executing[5/15/2018 12:02:44 AM]&lt;Info&gt;AllBrowserWindow : Locating browser window...[5/15/2018 12:02:51 AM]&lt;Info&gt;AllBrowserWindow : Locating browser window...[5/15/2018 12:02:57 AM]&lt;INFO&gt;SelectCheckoutPaymentRadiobutton : method executing[5/15/2018 12:02:57 AM]&lt;INFO&gt;CheckoutCreditCardShippingAndBillingControls : method executing[5/15/2018 12:02:57 AM]&lt;Info&gt;AllBrowserWindow : Locating browser window...[5/15/2018 12:03:07 AM]&lt;INFO&gt;ClickPayPalLink : method executing...[5/15/2018 12:03:13 AM]&lt;INFO&gt;LoginPayPal : method executing...[5/15/2018 12:03:13 AM]&lt;Info&gt;AllBrowserWindow : Locating browser window...[5/15/2018 12:03:53 AM]&lt;INFO&gt;PaypalLoginNewControls : method executing...[5/15/2018 12:03:58 AM]&lt;Info&gt;AllBrowserWindow : Locating browser window...[5/15/2018 12:04:44 AM]&lt;INFO&gt;PaypalLoginNewControls : method executing...[5/15/2018 12:04:49 AM]&lt;INFO&gt;ClickLoginOnPayPal : method executing ...[5/15/2018 12:05:05 AM]&lt;INFO&gt;ClickContinueOnPayPal : method executing ...[5/15/2018 12:09:00 AM]&lt;Info&gt;AllBrowserWindow : Locating browser window...[5/15/2018 12:09:23 AM]&lt;PASS&gt;&lt;PayPalCheckoutCanadaAddress&gt;&lt;Validating user sent back to shipping and billing method page&gt;[5/15/2018 12:09:23 AM]&lt;INFO&gt;DeleteWishlistFromDatabase : method executing[5/15/2018 12:09:23 AM]&lt;INFO&gt;DeletOrderItem : method executing[5/15/2018 12:09:52 AM]&lt;INFO&gt;DeleteWishlistFromDatabase : method executing[5/15/2018 12:09:52 AM]&lt;RESULT&gt;Test Ended:#PASS=1, #FAIL=0[5/15/2018 12:09:53 AM]&lt;INFO&gt;LogCPUAndMemoryUsage: Available Memory = 24118(MB), CPU Usage = 2.499479%[5/15/2018 12:09:53 AM]&lt;INFO&gt;Private Working Set for QTAgent32_40, usage=174244 (K)[5/15/2018 12:09:53 AM]&lt;RESULT&gt;&lt;PayPalCheckoutCanadaAddress&gt; Test PASSED</StdOut>
      </Output>
      <ResultFiles>
        <ResultFile path="CMP01-INDIASQA.horizonhobby.com\CheckoutPaypalTestData_000044.xml" />
        <ResultFile path="CMP01-INDIASQA.horizonhobby.com\PayPalCheckoutCanadaAddress_20180515000044.log" />
        <ResultFile path="CMP01-INDIASQA.horizonhobby.com\PayPalCheckoutCanadaAddress_ResultsONLY_20180515000044.log" />
        <ResultFile path="CMP01-INDIASQA.horizonhobby.com\SharedCommonConfig.xml" />
      </ResultFiles>
    </UnitTestResult>
    <UnitTestResult executionId="09feb18a-7fe3-48e3-95d4-8bd04ef7ec80" testId="7b45ab1a-cab5-7f38-3c0d-cd6f577b07ef" testName="SearchFilterResultsCategory" computerName="CMP01-INDIASQA" duration="00:03:40.9700310" startTime="2018-05-15T00:09:55.2309871-05:00" endTime="2018-05-15T00:13:36.6989537-05:00" testType="13cdc9d9-ddb5-4fa4-a97d-d965ccfc6d4b" outcome="Failed" testListId="8c84fa94-04c1-424b-9868-57a2d4851a1d">
      <Output>
        <StdOut>Logging to custom path:\\CMP01-YKumar\AutoLogAssert.Fail failed. 
#Other errors=4
[Error details below]
&lt;ERROR&gt;[5/15/2018 12:10:38 AM]&lt;Error&gt;AllBrowserWindow : failed executing ...Unable to find Windows Internet Explorer window with 'Plug-N-Play | HorizonHobby - Internet Explorer' in the title.
&lt;ERROR&gt;[5/15/2018 12:11:29 AM]&lt;Error&gt;AllBrowserWindow : failed executing ...Unable to find Windows Internet Explorer window with 'Plug-N-Play | HorizonHobby - Internet Explorer' in the title.
&lt;ERROR&gt;[5/15/2018 12:12:25 AM]&lt;Error&gt;AllBrowserWindow : failed executing ...Unable to find Windows Internet Explorer window with 'Plug-N-Play | HorizonHobby - Internet Explorer' in the title.
&lt;ERROR&gt;[5/15/2018 12:13:31 AM]&lt;Error&gt;AllBrowserWindow : failed executing ...Unable to find Windows Internet Explorer window with 'Plug-N-Play | HorizonHobby - Internet Explorer' in the title.   at TestAuto.LoggingAndSharedGenericMethods.EndTest() in c:\Builds\1\WebSphere\QATestAutomation\src\CodedUITest\SourceCode\Common\Logging\Logging.cs:line 1628
   at TestAuto.SearchTest.TestCleanup() in c:\Builds\1\WebSphere\QATestAutomation\src\CodedUITest\SourceCode\HHobby\Search\SearchTest.cs:line 1351
[5/15/2018 12:09:55 AM]&lt;STARTLOG&gt;&lt;SearchFilterResultsCategory&gt;Test Started: Expecting: #PASS=Undefined and #FAIL=0
Running from MTM=True, running on machine name:CMP01-INDIASQA, user name=ykumar, OS=Microsoft Windows NT 6.1.7601 Service Pack 1, Is64BitOS=True[5/15/2018 12:09:57 AM]&lt;INFO&gt;LogCPUAndMemoryUsage: Available Memory = 24449(MB), CPU Usage = 11.92882%[5/15/2018 12:09:57 AM]&lt;INFO&gt;Private Working Set for QTAgent32_40, usage=177196 (K)[5/15/2018 12:09:58 AM]&lt;INFO&gt;Path To TestConfig xml=E:\LoadTestResult\VSEQT\QTAgent\26973\CMP01-INDIASQA.horizonhobby.com\Deployment\SharedCommonConfig.xml[5/15/2018 12:09:58 AM]&lt;INFO&gt;Path To TestData xml=E:\LoadTestResult\VSEQT\QTAgent\26973\CMP01-INDIASQA.horizonhobby.com\Deployment\SearchTestData_000955.xml[5/15/2018 12:09:58 AM]&lt;INFO&gt;Path To HorizonHobbyQA Application Url=https://www-tst.horizonhobby.com[5/15/2018 12:09:58 AM]&lt;INFO&gt;HorizonHobbyQA sql connection string=Server=cmp02-ws-tst-db01:50000;Database=TST01DB;UID=wcdbuser;PWD=h0r1z0n;Connect Timeout=30[5/15/2018 12:09:58 AM]&lt;INFO&gt;Country is := US and language id is := '-1'[5/15/2018 12:09:58 AM]&lt;INFO&gt;Current browser used for test execution is = 'IE'[5/15/2018 12:10:02 AM]&lt;INFO&gt;SearchProductexecuting ... Searching term:= 'bnf'[5/15/2018 12:10:08 AM]&lt;INFO&gt;GetMenuItems : method executing ... - Plug-N-Play[5/15/2018 12:10:13 AM]&lt;Info&gt;AllBrowserWindow : Locating browser window...Assert.Fail failed. [5/15/2018 12:10:38 AM]&lt;Error&gt;AllBrowserWindow : failed executing ...Unable to find Windows Internet Explorer window with 'Plug-N-Play | HorizonHobby - Internet Explorer' in the title., 
    StackTrace:
    AllBrowserWindow(),SharedBorderFree.cs,Line Number:1037
    SearchFilterResultsCategory(),SearchTest.cs,Line Number:643[5/15/2018 12:10:38 AM]&lt;CaptureImage&gt;\\CMP01-YKumar\AutoLog\CMP01-INDIASQA\SearchFilterResultsCategory_20180515001038.png[5/15/2018 12:10:40 AM]&lt;INFO&gt;GetBreadCrumbList : method executing ...[5/15/2018 12:10:43 AM]&lt;INFO&gt;ProductPageSearchFilterResultsValidation : method executing ...[5/15/2018 12:10:43 AM]&lt;INFO&gt;GetSearchResultTableRowsexecuting ...[5/15/2018 12:10:47 AM]&lt;Info&gt;AllBrowserWindow : Locating browser window...[5/15/2018 12:10:51 AM]&lt;INFO&gt;GetBreadCrumbList : method executing ...[5/15/2018 12:11:03 AM]&lt;PASS&gt;&lt;ProductPageSearchFilterResultsValidation&gt;&lt;Validates the product listed in search result lies in selected category&gt;[5/15/2018 12:11:03 AM]&lt;PASS&gt;&lt;ProductPageSearchFilterResultsValidation&gt;&lt;Validates the product listed in search result lies in selected category&gt;[5/15/2018 12:11:03 AM]&lt;PASS&gt;&lt;ProductPageSearchFilterResultsValidation&gt;&lt;Validates the product listed in search result lies in selected category&gt;[5/15/2018 12:11:03 AM]&lt;PASS&gt;&lt;ProductPageSearchFilterResultsValidation&gt;&lt;Validates the product listed in search result lies in selected category&gt;[5/15/2018 12:11:05 AM]&lt;Info&gt;AllBrowserWindow : Locating browser window...Assert.Fail failed. [5/15/2018 12:11:29 AM]&lt;Error&gt;AllBrowserWindow : failed executing ...Unable to find Windows Internet Explorer window with 'Plug-N-Play | HorizonHobby - Internet Explorer' in the title., 
    StackTrace:
    AllBrowserWindow(),SharedBorderFree.cs,Line Number:1037
    SearchFilterResultsCategory(),SearchTest.cs,Line Number:652[5/15/2018 12:11:29 AM]&lt;CaptureImage&gt;\\CMP01-YKumar\AutoLog\CMP01-INDIASQA\SearchFilterResultsCategory_20180515001129.png[5/15/2018 12:11:33 AM]&lt;INFO&gt;ClickBrandItem : method executing ... 'FMS'[5/15/2018 12:11:37 AM]&lt;PASS&gt;&lt;SearchFilterResultsCategory&gt;&lt;Validates the total result of selected FMS (24) item and result items count&gt;[5/15/2018 12:11:37 AM]&lt;INFO&gt;ProductPageSearchFilterResultsValidation : method executing ...[5/15/2018 12:11:37 AM]&lt;INFO&gt;GetSearchResultTableRowsexecuting ...[5/15/2018 12:11:42 AM]&lt;Info&gt;AllBrowserWindow : Locating browser window...[5/15/2018 12:11:45 AM]&lt;INFO&gt;GetBreadCrumbList : method executing ...[5/15/2018 12:11:58 AM]&lt;PASS&gt;&lt;ProductPageSearchFilterResultsValidation&gt;&lt;Validates the product listed in search result lies in selected category&gt;[5/15/2018 12:11:58 AM]&lt;PASS&gt;&lt;ProductPageSearchFilterResultsValidation&gt;&lt;Validates the product listed in search result lies in selected category&gt;[5/15/2018 12:11:58 AM]&lt;PASS&gt;&lt;ProductPageSearchFilterResultsValidation&gt;&lt;Validates the product listed in search result lies in selected category&gt;[5/15/2018 12:11:58 AM]&lt;PASS&gt;&lt;ProductPageSearchFilterResultsValidation&gt;&lt;Validates the product listed in search result lies in selected category&gt;[5/15/2018 12:11:58 AM]&lt;INFO&gt;GetProductBrandName : method executing ...[5/15/2018 12:11:59 AM]&lt;PASS&gt;&lt;ProductPageSearchFilterResultsValidation&gt;&lt;Validates the search result list contains product for the filtered brand item only.&gt;[5/15/2018 12:12:01 AM]&lt;Info&gt;AllBrowserWindow : Locating browser window...Assert.Fail failed. [5/15/2018 12:12:25 AM]&lt;Error&gt;AllBrowserWindow : failed executing ...Unable to find Windows Internet Explorer window with 'Plug-N-Play | HorizonHobby - Internet Explorer' in the title., 
    StackTrace:
    AllBrowserWindow(),SharedBorderFree.cs,Line Number:1037
    SearchFilterResultsCategory(),SearchTest.cs,Line Number:663[5/15/2018 12:12:25 AM]&lt;CaptureImage&gt;\\CMP01-YKumar\AutoLog\CMP01-INDIASQA\SearchFilterResultsCategory_20180515001225.png[5/15/2018 12:12:25 AM]&lt;INFO&gt;ClickBrandItem : method executing ... 'FMS'[5/15/2018 12:12:37 AM]&lt;INFO&gt;ClickPriceItem : method executing ...[5/15/2018 12:12:45 AM]&lt;PASS&gt;&lt;SearchFilterResultsCategory&gt;&lt;Validates the total result of selected Between $100 and $200 (8) item and result items count&gt;[5/15/2018 12:12:45 AM]&lt;INFO&gt;ProductPageSearchFilterResultsValidation : method executing ...[5/15/2018 12:12:45 AM]&lt;INFO&gt;GetSearchResultTableRowsexecuting ...[5/15/2018 12:12:48 AM]&lt;Info&gt;AllBrowserWindow : Locating browser window...[5/15/2018 12:12:51 AM]&lt;INFO&gt;GetBreadCrumbList : method executing ...[5/15/2018 12:13:03 AM]&lt;PASS&gt;&lt;SearchFilterResultsCategory&gt;&lt;Validates the product listed in search result lies in selected category&gt;[5/15/2018 12:13:03 AM]&lt;PASS&gt;&lt;SearchFilterResultsCategory&gt;&lt;Validates the product listed in search result lies in selected category&gt;[5/15/2018 12:13:03 AM]&lt;PASS&gt;&lt;SearchFilterResultsCategory&gt;&lt;Validates the product listed in search result lies in selected category&gt;[5/15/2018 12:13:03 AM]&lt;PASS&gt;&lt;SearchFilterResultsCategory&gt;&lt;Validates the product listed in search result lies in selected category&gt;[5/15/2018 12:13:03 AM]&lt;INFO&gt;GetProductBrandName : method executing ...[5/15/2018 12:13:04 AM]&lt;PASS&gt;&lt;SearchFilterResultsCategory&gt;&lt;Validates the search result list contains product for the filtered brand item only.&gt;[5/15/2018 12:13:04 AM]&lt;PASS&gt;&lt;SearchFilterResultsCategory&gt;&lt;Validates the product price $101.59 lies in the price range.Between $100 and $200 (8) .&gt;[5/15/2018 12:13:06 AM]&lt;Info&gt;AllBrowserWindow : Locating browser window...Assert.Fail failed. [5/15/2018 12:13:31 AM]&lt;Error&gt;AllBrowserWindow : failed executing ...Unable to find Windows Internet Explorer window with 'Plug-N-Play | HorizonHobby - Internet Explorer' in the title., 
    StackTrace:
    AllBrowserWindow(),SharedBorderFree.cs,Line Number:1037
    SearchFilterResultsCategory(),SearchTest.cs,Line Number:680[5/15/2018 12:13:31 AM]&lt;CaptureImage&gt;\\CMP01-YKumar\AutoLog\CMP01-INDIASQA\SearchFilterResultsCategory_20180515001331.png[5/15/2018 12:13:33 AM]&lt;PASS&gt;&lt;SearchFilterResultsCategory&gt;&lt;Validates the total result of selected 44 item and result items count&gt;[5/15/2018 12:13:33 AM]&lt;RESULT&gt;Test Ended:#PASS=18, #FAIL=0,#Other errors=4[5/15/2018 12:13:34 AM]&lt;INFO&gt;LogCPUAndMemoryUsage: Available Memory = 24138(MB), CPU Usage = 0.6884359%[5/15/2018 12:13:34 AM]&lt;INFO&gt;Private Working Set for QTAgent32_40, usage=189684 (K)[5/15/2018 12:13:34 AM]&lt;RESULT&gt;&lt;SearchFilterResultsCategory&gt; Test FAILED: #Other errors=4. See Error Message/logs for further details.</StdOut>
        <ErrorInfo>
          <Message>Assert.Fail failed. 
#Other errors=4
[Error details below]
&lt;ERROR&gt;[5/15/2018 12:10:38 AM]&lt;Error&gt;AllBrowserWindow : failed executing ...Unable to find Windows Internet Explorer window with 'Plug-N-Play | HorizonHobby - Internet Explorer' in the title.
&lt;ERROR&gt;[5/15/2018 12:11:29 AM]&lt;Error&gt;AllBrowserWindow : failed executing ...Unable to find Windows Internet Explorer window with 'Plug-N-Play | HorizonHobby - Internet Explorer' in the title.
&lt;ERROR&gt;[5/15/2018 12:12:25 AM]&lt;Error&gt;AllBrowserWindow : failed executing ...Unable to find Windows Internet Explorer window with 'Plug-N-Play | HorizonHobby - Internet Explorer' in the title.
&lt;ERROR&gt;[5/15/2018 12:13:31 AM]&lt;Error&gt;AllBrowserWindow : failed executing ...Unable to find Windows Internet Explorer window with 'Plug-N-Play | HorizonHobby - Internet Explorer' in the title.</Message>
          <StackTrace>   at TestAuto.LoggingAndSharedGenericMethods.EndTest() in c:\Builds\1\WebSphere\QATestAutomation\src\CodedUITest\SourceCode\Common\Logging\Logging.cs:line 1628
   at TestAuto.SearchTest.TestCleanup() in c:\Builds\1\WebSphere\QATestAutomation\src\CodedUITest\SourceCode\HHobby\Search\SearchTest.cs:line 1351
</StackTrace>
        </ErrorInfo>
      </Output>
      <ResultFiles>
        <ResultFile path="CMP01-INDIASQA.horizonhobby.com\SearchFilterResultsCategory_20180515000955.log" />
        <ResultFile path="CMP01-INDIASQA.horizonhobby.com\SearchFilterResultsCategory_20180515001038.png" />
        <ResultFile path="CMP01-INDIASQA.horizonhobby.com\SearchFilterResultsCategory_20180515001129.png" />
        <ResultFile path="CMP01-INDIASQA.horizonhobby.com\SearchFilterResultsCategory_20180515001225.png" />
        <ResultFile path="CMP01-INDIASQA.horizonhobby.com\SearchFilterResultsCategory_20180515001331.png" />
        <ResultFile path="CMP01-INDIASQA.horizonhobby.com\SearchFilterResultsCategory_ResultsONLY_20180515000955.log" />
        <ResultFile path="CMP01-INDIASQA.horizonhobby.com\SearchTestData_000955.xml" />
        <ResultFile path="CMP01-INDIASQA.horizonhobby.com\SharedCommonConfig.xml" />
      </ResultFiles>
    </UnitTestResult>
    <UnitTestResult executionId="0f6c3c1d-1ad9-4bbd-be37-a84b2d82c8da" testId="ae1d61bc-d7f5-c2a5-ecb3-db8f54fef6a6" testName="SearchFilterResultsBrand" computerName="CMP01-INDIASQA" duration="00:01:23.0127886" startTime="2018-05-15T00:13:36.6999541-05:00" endTime="2018-05-15T00:14:59.7741705-05:00" testType="13cdc9d9-ddb5-4fa4-a97d-d965ccfc6d4b" outcome="Passed" testListId="8c84fa94-04c1-424b-9868-57a2d4851a1d">
      <Output>
        <StdOut>Logging to custom path:\\CMP01-YKumar\AutoLog[5/15/2018 12:13:36 AM]&lt;STARTLOG&gt;&lt;SearchFilterResultsBrand&gt;Test Started: Expecting: #PASS=Undefined and #FAIL=0
Running from MTM=True, running on machine name:CMP01-INDIASQA, user name=ykumar, OS=Microsoft Windows NT 6.1.7601 Service Pack 1, Is64BitOS=True[5/15/2018 12:13:37 AM]&lt;INFO&gt;LogCPUAndMemoryUsage: Available Memory = 24270(MB), CPU Usage = 17.82456%[5/15/2018 12:13:37 AM]&lt;INFO&gt;Private Working Set for QTAgent32_40, usage=190040 (K)[5/15/2018 12:13:37 AM]&lt;INFO&gt;Path To TestConfig xml=E:\LoadTestResult\VSEQT\QTAgent\26973\CMP01-INDIASQA.horizonhobby.com\Deployment\SharedCommonConfig.xml[5/15/2018 12:13:37 AM]&lt;INFO&gt;Path To TestData xml=E:\LoadTestResult\VSEQT\QTAgent\26973\CMP01-INDIASQA.horizonhobby.com\Deployment\SearchTestData_001336.xml[5/15/2018 12:13:37 AM]&lt;INFO&gt;Path To HorizonHobbyQA Application Url=https://www-tst.horizonhobby.com[5/15/2018 12:13:37 AM]&lt;INFO&gt;HorizonHobbyQA sql connection string=Server=cmp02-ws-tst-db01:50000;Database=TST01DB;UID=wcdbuser;PWD=h0r1z0n;Connect Timeout=30[5/15/2018 12:13:37 AM]&lt;INFO&gt;Country is := US and language id is := '-1'[5/15/2018 12:13:37 AM]&lt;INFO&gt;Current browser used for test execution is = 'IE'[5/15/2018 12:13:41 AM]&lt;INFO&gt;SearchProductexecuting ... Searching term:= 'bnf'[5/15/2018 12:13:55 AM]&lt;INFO&gt;ClickBrandItem : method executing ... 'E-flite'[5/15/2018 12:14:00 AM]&lt;PASS&gt;&lt;SearchFilterResultsBrand&gt;&lt;Validates the total result of selected E-flite (54) item and result items count&gt;[5/15/2018 12:14:00 AM]&lt;INFO&gt;ProductPageSearchFilterResultsValidation : method executing ...[5/15/2018 12:14:00 AM]&lt;INFO&gt;GetSearchResultTableRowsexecuting ...[5/15/2018 12:14:07 AM]&lt;Info&gt;AllBrowserWindow : Locating browser window...[5/15/2018 12:14:09 AM]&lt;INFO&gt;GetProductBrandName : method executing ...[5/15/2018 12:14:10 AM]&lt;PASS&gt;&lt;ProductPageSearchFilterResultsValidation&gt;&lt;Validates the search result list contains product for the filtered brand item only.&gt;[5/15/2018 12:14:12 AM]&lt;Info&gt;AllBrowserWindow : Locating browser window...[5/15/2018 12:14:15 AM]&lt;INFO&gt;ClickBrandItem : method executing ... 'E-flite'[5/15/2018 12:14:24 AM]&lt;INFO&gt;ClickPriceItem : method executing ...[5/15/2018 12:14:32 AM]&lt;PASS&gt;&lt;SearchFilterResultsBrand&gt;&lt;Validates the total result of selected Less than $100 (29) item and result items count&gt;[5/15/2018 12:14:32 AM]&lt;INFO&gt;ProductPageSearchFilterResultsValidation : method executing ...[5/15/2018 12:14:32 AM]&lt;INFO&gt;GetSearchResultTableRowsexecuting ...[5/15/2018 12:14:38 AM]&lt;Info&gt;AllBrowserWindow : Locating browser window...[5/15/2018 12:14:40 AM]&lt;INFO&gt;GetProductBrandName : method executing ...[5/15/2018 12:14:40 AM]&lt;PASS&gt;&lt;SearchFilterResultsBrand&gt;&lt;Validates the search result list contains product for the filtered brand item only.&gt;[5/15/2018 12:14:51 AM]&lt;PASS&gt;&lt;SearchFilterResultsBrand&gt;&lt;Validates the product price $3.49 lies in the price range.Less than $100 (29) .&gt;[5/15/2018 12:14:54 AM]&lt;Info&gt;AllBrowserWindow : Locating browser window...[5/15/2018 12:14:56 AM]&lt;PASS&gt;&lt;SearchFilterResultsBrand&gt;&lt;Validates the total result of selected 81 item and result items count&gt;[5/15/2018 12:14:56 AM]&lt;RESULT&gt;Test Ended:#PASS=6, #FAIL=0[5/15/2018 12:14:57 AM]&lt;INFO&gt;LogCPUAndMemoryUsage: Available Memory = 24191(MB), CPU Usage = 3.99883%[5/15/2018 12:14:57 AM]&lt;INFO&gt;Private Working Set for QTAgent32_40, usage=196672 (K)[5/15/2018 12:14:57 AM]&lt;RESULT&gt;&lt;SearchFilterResultsBrand&gt; Test PASSED</StdOut>
      </Output>
      <ResultFiles>
        <ResultFile path="CMP01-INDIASQA.horizonhobby.com\SearchFilterResultsBrand_20180515001336.log" />
        <ResultFile path="CMP01-INDIASQA.horizonhobby.com\SearchFilterResultsBrand_ResultsONLY_20180515001336.log" />
        <ResultFile path="CMP01-INDIASQA.horizonhobby.com\SearchTestData_001336.xml" />
        <ResultFile path="CMP01-INDIASQA.horizonhobby.com\SharedCommonConfig.xml" />
      </ResultFiles>
    </UnitTestResult>
    <UnitTestResult executionId="5cba2dc0-5bd5-43b9-bcde-526e71383003" testId="51838aef-ffd7-68ee-fa7e-313e146815b6" testName="ProductPageProductRatingDisplay" computerName="CMP01-INDIASQA" duration="00:01:51.2565540" startTime="2018-05-15T00:14:59.7761713-05:00" endTime="2018-05-15T00:16:51.1036845-05:00" testType="13cdc9d9-ddb5-4fa4-a97d-d965ccfc6d4b" outcome="Passed" testListId="8c84fa94-04c1-424b-9868-57a2d4851a1d">
      <Output>
        <StdOut>Logging to custom path:\\CMP01-YKumar\AutoLog[5/15/2018 12:14:59 AM]&lt;STARTLOG&gt;&lt;ProductPageProductRatingDisplay&gt;Test Started: Expecting: #PASS=Undefined and #FAIL=0
Running from MTM=True, running on machine name:CMP01-INDIASQA, user name=ykumar, OS=Microsoft Windows NT 6.1.7601 Service Pack 1, Is64BitOS=True[5/15/2018 12:15:00 AM]&lt;INFO&gt;LogCPUAndMemoryUsage: Available Memory = 24210(MB), CPU Usage = 17.69905%[5/15/2018 12:15:00 AM]&lt;INFO&gt;Private Working Set for QTAgent32_40, usage=191388 (K)[5/15/2018 12:15:00 AM]&lt;INFO&gt;Path To TestConfig xml=E:\LoadTestResult\VSEQT\QTAgent\26973\CMP01-INDIASQA.horizonhobby.com\Deployment\SharedCommonConfig.xml[5/15/2018 12:15:00 AM]&lt;INFO&gt;Path To TestData xml=E:\LoadTestResult\VSEQT\QTAgent\26973\CMP01-INDIASQA.horizonhobby.com\Deployment\ProductPageTestData_001459.xml[5/15/2018 12:15:00 AM]&lt;INFO&gt;Path To HorizonHobbyQA Application Url=https://www-tst.horizonhobby.com[5/15/2018 12:15:00 AM]&lt;INFO&gt;HorizonHobbyQA sql connection string=Server=cmp02-ws-tst-db01:50000;Database=TST01DB;UID=wcdbuser;PWD=h0r1z0n;Connect Timeout=30[5/15/2018 12:15:00 AM]&lt;INFO&gt;Country is := US and language id is := '-1'[5/15/2018 12:15:00 AM]&lt;INFO&gt;Current browser used for test execution is = 'IE'[5/15/2018 12:15:04 AM]&lt;Info&gt;AllBrowserWindow : Locating browser window...[5/15/2018 12:15:08 AM]&lt;INFO&gt;SearchProductexecuting ... Searching term:= 'BLH3126'[5/15/2018 12:15:16 AM]&lt;PASS&gt;&lt;ProductPageProductRatingDisplay&gt;&lt;5 Star Rating exists on the Product page&gt;[5/15/2018 12:15:20 AM]&lt;INFO&gt;SearchProductexecuting ... Searching term:= 'EFLH1151'[5/15/2018 12:15:38 AM]&lt;PASS&gt;&lt;ProductPageProductRatingDisplay&gt;&lt;4 Star Rating exists on the Product page&gt;[5/15/2018 12:15:42 AM]&lt;INFO&gt;SearchProductexecuting ... Searching term:= 'BLH1617A'[5/15/2018 12:15:58 AM]&lt;PASS&gt;&lt;ProductPageProductRatingDisplay&gt;&lt;3 Star Rating exists on the Product page&gt;[5/15/2018 12:16:01 AM]&lt;INFO&gt;SearchProductexecuting ... Searching term:= 'BLH3504'[5/15/2018 12:16:16 AM]&lt;PASS&gt;&lt;ProductPageProductRatingDisplay&gt;&lt;2 Star Rating exists on the Product page&gt;[5/15/2018 12:16:20 AM]&lt;INFO&gt;SearchProductexecuting ... Searching term:= 'BLH2014'[5/15/2018 12:16:47 AM]&lt;PASS&gt;&lt;ProductPageProductRatingDisplay&gt;&lt;1 Star Rating exists on the Product page&gt;[5/15/2018 12:16:47 AM]&lt;RESULT&gt;Test Ended:#PASS=5, #FAIL=0[5/15/2018 12:16:48 AM]&lt;INFO&gt;LogCPUAndMemoryUsage: Available Memory = 24196(MB), CPU Usage = 10.92005%[5/15/2018 12:16:49 AM]&lt;INFO&gt;Private Working Set for QTAgent32_40, usage=183924 (K)[5/15/2018 12:16:49 AM]&lt;RESULT&gt;&lt;ProductPageProductRatingDisplay&gt; Test PASSED</StdOut>
      </Output>
      <ResultFiles>
        <ResultFile path="CMP01-INDIASQA.horizonhobby.com\ProductPageProductRatingDisplay_20180515001459.log" />
        <ResultFile path="CMP01-INDIASQA.horizonhobby.com\ProductPageProductRatingDisplay_ResultsONLY_20180515001459.log" />
        <ResultFile path="CMP01-INDIASQA.horizonhobby.com\ProductPageTestData_001459.xml" />
        <ResultFile path="CMP01-INDIASQA.horizonhobby.com\SharedCommonConfig.xml" />
      </ResultFiles>
    </UnitTestResult>
    <UnitTestResult executionId="d829d3ea-6918-496e-914c-f3e5cb3f1e32" testId="85bac158-e789-43a3-ccc0-2b7440ff591d" testName="CheckoutShippingAddressChangedGuestUser" computerName="CMP01-INDIASQA" duration="00:05:12.2981727" startTime="2018-05-15T00:16:51.1056853-05:00" endTime="2018-05-15T00:22:03.4955079-05:00" testType="13cdc9d9-ddb5-4fa4-a97d-d965ccfc6d4b" outcome="Passed" testListId="8c84fa94-04c1-424b-9868-57a2d4851a1d">
      <Output>
        <StdOut>Logging to custom path:\\CMP01-YKumar\AutoLog[5/15/2018 12:16:51 AM]&lt;STARTLOG&gt;&lt;CheckoutShippingAddressChangedGuestUser&gt;Test Started: Expecting: #PASS=Undefined and #FAIL=0
Running from MTM=True, running on machine name:CMP01-INDIASQA, user name=ykumar, OS=Microsoft Windows NT 6.1.7601 Service Pack 1, Is64BitOS=True[5/15/2018 12:16:52 AM]&lt;INFO&gt;LogCPUAndMemoryUsage: Available Memory = 24215(MB), CPU Usage = 15.29307%[5/15/2018 12:16:52 AM]&lt;INFO&gt;Private Working Set for QTAgent32_40, usage=190216 (K)[5/15/2018 12:16:52 AM]&lt;INFO&gt;Path To TestConfig xml=E:\LoadTestResult\VSEQT\QTAgent\26973\CMP01-INDIASQA.horizonhobby.com\Deployment\SharedCommonConfig.xml[5/15/2018 12:16:52 AM]&lt;INFO&gt;Path To TestData xml=E:\LoadTestResult\VSEQT\QTAgent\26973\CMP01-INDIASQA.horizonhobby.com\Deployment\CheckoutCommonTestData_001651.xml[5/15/2018 12:16:52 AM]&lt;INFO&gt;Path To HorizonHobbyQA Application Url=https://www-tst.horizonhobby.com[5/15/2018 12:16:52 AM]&lt;INFO&gt;HorizonHobbyQA sql connection string=Server=cmp02-ws-tst-db01:50000;Database=TST01DB;UID=wcdbuser;PWD=h0r1z0n;Connect Timeout=30[5/15/2018 12:16:52 AM]&lt;INFO&gt;Country is := US and language id is := '-1'[5/15/2018 12:16:52 AM]&lt;INFO&gt;Current browser used for test execution is = 'IE'[5/15/2018 12:16:57 AM]&lt;Info&gt;AllBrowserWindow : Locating browser window...[5/15/2018 12:17:03 AM]&lt;INFO&gt;SearchProductexecuting ... Searching term:= 'PKZ1814'[5/15/2018 12:17:09 AM]&lt;Info&gt;AllBrowserWindow : Locating browser window...[5/15/2018 12:17:11 AM]&lt;INFO&gt;BackOrderClickexecuting ...[5/15/2018 12:17:11 AM]&lt;INFO&gt;GoToCartClickexecuting ...[5/15/2018 12:17:18 AM]&lt;INFO&gt;CheckoutProcessStartShoppingCart : method executing[5/15/2018 12:17:18 AM]&lt;Info&gt;AllBrowserWindow : Locating browser window...[5/15/2018 12:17:30 AM]&lt;INFO&gt;CheckoutShoppingCartControls : method executing[5/15/2018 12:17:30 AM]&lt;Info&gt;AllBrowserWindow : Locating browser window...[5/15/2018 12:17:46 AM]&lt;Info&gt;AllBrowserWindow : Locating browser window...[5/15/2018 12:17:49 AM]&lt;INFO&gt;FillBillingAndShippingAddressexecuting ...[5/15/2018 12:17:49 AM]&lt;Info&gt;AllBrowserWindow : Locating browser window...[5/15/2018 12:17:53 AM]&lt;INFO&gt;SelectBillingCountryexecuting ...[5/15/2018 12:17:59 AM]&lt;INFO&gt;SelectBillingStateexecuting ...[5/15/2018 12:18:14 AM]&lt;INFO&gt;SelectShippingCountryexecuting ...[5/15/2018 12:18:17 AM]&lt;INFO&gt;SelectShippingStateexecuting ...[5/15/2018 12:18:24 AM]&lt;Info&gt;AllBrowserWindow : Locating browser window...[5/15/2018 12:18:30 AM]&lt;INFO&gt;GetAllShippingOptions : is executing ...[5/15/2018 12:18:30 AM]&lt;Info&gt;AllBrowserWindow : Locating browser window...[5/15/2018 12:18:31 AM]&lt;PASS&gt;&lt;CheckoutShippingAddressChangedGuestUser&gt;&lt; Verify that actual list element contains expected string : Economy/SmartPost&gt;[5/15/2018 12:18:31 AM]&lt;PASS&gt;&lt;CheckoutShippingAddressChangedGuestUser&gt;&lt; Verify that actual list element contains expected string : FedEx Home Delivery&gt;[5/15/2018 12:18:31 AM]&lt;PASS&gt;&lt;CheckoutShippingAddressChangedGuestUser&gt;&lt; Verify that actual list element contains expected string : Two-Day Shipping - 9.99&gt;[5/15/2018 12:18:32 AM]&lt;PASS&gt;&lt;CheckoutShippingAddressChangedGuestUser&gt;&lt; Verify that actual list element contains expected string : One-Day Shipping - 19.99&gt;[5/15/2018 12:18:32 AM]&lt;PASS&gt;&lt;CheckoutShippingAddressChangedGuestUser&gt;&lt; Verify the shipping method items are same as expected with values: One-Day Shipping - 19.99&gt;[5/15/2018 12:18:32 AM]&lt;Info&gt;AllBrowserWindow : Locating browser window...[5/15/2018 12:18:32 AM]&lt;INFO&gt;UpdateBillingShippingAddressexecuting ...[5/15/2018 12:18:32 AM]&lt;Info&gt;AllBrowserWindow : Locating browser window...[5/15/2018 12:18:54 AM]&lt;INFO&gt;CheckoutProcessStartShoppingCart : method executing[5/15/2018 12:18:54 AM]&lt;Info&gt;AllBrowserWindow : Locating browser window...[5/15/2018 12:19:07 AM]&lt;INFO&gt;CheckoutShoppingCartControls : method executing[5/15/2018 12:19:07 AM]&lt;Info&gt;AllBrowserWindow : Locating browser window...[5/15/2018 12:19:23 AM]&lt;INFO&gt;GetAllShippingOptions : is executing ...[5/15/2018 12:19:23 AM]&lt;Info&gt;AllBrowserWindow : Locating browser window...[5/15/2018 12:19:29 AM]&lt;PASS&gt;&lt;CheckoutShippingAddressChangedGuestUser&gt;&lt; Verify that actual list element contains expected string : Economy/SmartPost&gt;[5/15/2018 12:19:29 AM]&lt;PASS&gt;&lt;CheckoutShippingAddressChangedGuestUser&gt;&lt; Verify the shipping method items are same as expected with values: Economy/SmartPost&gt;[5/15/2018 12:19:29 AM]&lt;INFO&gt;SelectCheckoutPaymentRadiobutton : method executing[5/15/2018 12:19:29 AM]&lt;INFO&gt;CheckoutCreditCardShippingAndBillingControls : method executing[5/15/2018 12:19:29 AM]&lt;Info&gt;AllBrowserWindow : Locating browser window...[5/15/2018 12:19:39 AM]&lt;INFO&gt;FillCreditCardDetails : method executing[5/15/2018 12:19:39 AM]&lt;INFO&gt;CheckoutCreditCardShippingAndBillingControls : method executing[5/15/2018 12:19:39 AM]&lt;Info&gt;AllBrowserWindow : Locating browser window...[5/15/2018 12:19:49 AM]&lt;INFO&gt;ClickReviewOrder : method executing[5/15/2018 12:19:49 AM]&lt;INFO&gt;CheckoutCreditCardShippingAndBillingControls : method executing[5/15/2018 12:19:49 AM]&lt;Info&gt;AllBrowserWindow : Locating browser window...[5/15/2018 12:19:54 AM]&lt;Info&gt;AllBrowserWindow : Locating browser window...[5/15/2018 12:20:02 AM]&lt;Info&gt;AllBrowserWindow : Locating browser window...[5/15/2018 12:20:02 AM]&lt;INFO&gt;PlaceOrderCreditCard : method executing[5/15/2018 12:20:02 AM]&lt;INFO&gt;CheckoutCreditCardShippingAndBillingControls : method executing[5/15/2018 12:20:02 AM]&lt;Info&gt;AllBrowserWindow : Locating browser window...[5/15/2018 12:20:11 AM]&lt;INFO&gt;KeyboardSendKeys method executing...[5/15/2018 12:21:51 AM]&lt;Info&gt;AllBrowserWindow : Locating browser window...[5/15/2018 12:22:00 AM]&lt;Info&gt;AllBrowserWindow : Locating browser window...[5/15/2018 12:22:00 AM]&lt;INFO&gt;SingleProductOrderAmountValidation : method executing[5/15/2018 12:22:00 AM]&lt;INFO&gt;OrderConfirmationUIControls : method executing[5/15/2018 12:22:00 AM]&lt;Info&gt;AllBrowserWindow : Locating browser window...[5/15/2018 12:22:02 AM]&lt;INFO&gt;SingleProductOrderAmountValidation : method executing[5/15/2018 12:22:02 AM]&lt;PASS&gt;&lt;SingleProductOrderAmountValidation&gt;&lt; Validates expected authorization amount: '56.95000' is equals actual authorization amount: '56.95000'&gt;[5/15/2018 12:22:02 AM]&lt;RESULT&gt;Test Ended:#PASS=8, #FAIL=0[5/15/2018 12:22:03 AM]&lt;INFO&gt;LogCPUAndMemoryUsage: Available Memory = 24429(MB), CPU Usage = 25.91435%[5/15/2018 12:22:03 AM]&lt;INFO&gt;Private Working Set for QTAgent32_40, usage=188864 (K)[5/15/2018 12:22:03 AM]&lt;RESULT&gt;&lt;CheckoutShippingAddressChangedGuestUser&gt; Test PASSED</StdOut>
      </Output>
      <ResultFiles />
    </UnitTestResult>
    <UnitTestResult executionId="f70704a5-17d5-44be-8e4b-6c445ba3c6bc" testId="792adc99-70fb-1ca0-96eb-07e0876db0a8" testName="CheckoutShippingMethodsBasedOnAddress" computerName="CMP01-INDIASQA" duration="00:08:05.2981139" startTime="2018-05-15T00:22:03.4965081-05:00" endTime="2018-05-15T00:30:08.8944886-05:00" testType="13cdc9d9-ddb5-4fa4-a97d-d965ccfc6d4b" outcome="Failed" testListId="8c84fa94-04c1-424b-9868-57a2d4851a1d">
      <Output>
        <StdOut>Logging to custom path:\\CMP01-YKumar\AutoLogAssert.Fail failed. 
Actual #FAIL=1, #Expected FAIL=0
#Other errors=1
[Error details below]   at TestAuto.LoggingAndSharedGenericMethods.EndTest() in c:\Builds\1\WebSphere\QATestAutomation\src\CodedUITest\SourceCode\Common\Logging\Logging.cs:line 1628
   at TestAuto.HHBvtSmokeTest.TestCleanup() in c:\Builds\1\WebSphere\QATestAutomation\src\CodedUITest\SourceCode\HHobby\Checkout\CheckoutCommon.cs:line 4805
[5/15/2018 12:22:03 AM]&lt;STARTLOG&gt;&lt;CheckoutShippingMethodsBasedOnAddress&gt;Test Started: Expecting: #PASS=Undefined and #FAIL=0
Running from MTM=True, running on machine name:CMP01-INDIASQA, user name=ykumar, OS=Microsoft Windows NT 6.1.7601 Service Pack 1, Is64BitOS=True[5/15/2018 12:22:04 AM]&lt;INFO&gt;LogCPUAndMemoryUsage: Available Memory = 24430(MB), CPU Usage = 21.62516%[5/15/2018 12:22:04 AM]&lt;INFO&gt;Private Working Set for QTAgent32_40, usage=189000 (K)[5/15/2018 12:22:04 AM]&lt;INFO&gt;Path To TestConfig xml=E:\LoadTestResult\VSEQT\QTAgent\26973\CMP01-INDIASQA.horizonhobby.com\Deployment\SharedCommonConfig.xml[5/15/2018 12:22:04 AM]&lt;INFO&gt;Path To TestData xml=E:\LoadTestResult\VSEQT\QTAgent\26973\CMP01-INDIASQA.horizonhobby.com\Deployment\CheckoutCommonTestData_002203.xml[5/15/2018 12:22:04 AM]&lt;INFO&gt;Path To HorizonHobbyQA Application Url=https://www-tst.horizonhobby.com[5/15/2018 12:22:04 AM]&lt;INFO&gt;HorizonHobbyQA sql connection string=Server=cmp02-ws-tst-db01:50000;Database=TST01DB;UID=wcdbuser;PWD=h0r1z0n;Connect Timeout=30[5/15/2018 12:22:04 AM]&lt;INFO&gt;Country is := US and language id is := '-1'[5/15/2018 12:22:04 AM]&lt;INFO&gt;Current browser used for test execution is = 'IE'[5/15/2018 12:22:11 AM]&lt;INFO&gt;SearchProductexecuting ... Searching term:= 'YUNQ4KBP'[5/15/2018 12:22:18 AM]&lt;Info&gt;AllBrowserWindow : Locating browser window...[5/15/2018 12:22:42 AM]&lt;Info&gt;AllBrowserWindow : Locating browser window...[5/15/2018 12:23:16 AM]&lt;Info&gt;AllBrowserWindow : Locating browser window...[5/15/2018 12:23:31 AM]&lt;INFO&gt;BackOrderClickexecuting ...[5/15/2018 12:23:32 AM]&lt;INFO&gt;GoToCartClickexecuting ...[5/15/2018 12:23:38 AM]&lt;INFO&gt;CheckoutProcessStartShoppingCart : method executing[5/15/2018 12:23:38 AM]&lt;Info&gt;AllBrowserWindow : Locating browser window...[5/15/2018 12:23:47 AM]&lt;INFO&gt;CheckoutShoppingCartControls : method executing[5/15/2018 12:23:47 AM]&lt;Info&gt;AllBrowserWindow : Locating browser window...[5/15/2018 12:24:02 AM]&lt;Info&gt;AllBrowserWindow : Locating browser window...[5/15/2018 12:24:11 AM]&lt;Info&gt;AllBrowserWindow : Locating browser window...[5/15/2018 12:24:14 AM]&lt;INFO&gt;FillBillingAndShippingAddressexecuting ...[5/15/2018 12:24:14 AM]&lt;Info&gt;AllBrowserWindow : Locating browser window...[5/15/2018 12:24:18 AM]&lt;INFO&gt;SelectBillingCountryexecuting ...[5/15/2018 12:24:25 AM]&lt;INFO&gt;SelectBillingStateexecuting ...[5/15/2018 12:24:40 AM]&lt;INFO&gt;SelectShippingCountryexecuting ...[5/15/2018 12:24:44 AM]&lt;INFO&gt;SelectShippingStateexecuting ...[5/15/2018 12:24:51 AM]&lt;Info&gt;AllBrowserWindow : Locating browser window...[5/15/2018 12:24:56 AM]&lt;Info&gt;AllBrowserWindow : Locating browser window...[5/15/2018 12:24:56 AM]&lt;INFO&gt;GetAllShippingOptions : is executing ...[5/15/2018 12:24:56 AM]&lt;Info&gt;AllBrowserWindow : Locating browser window...[5/15/2018 12:24:58 AM]&lt;PASS&gt;&lt;CheckoutShippingMethodsBasedOnAddress&gt;&lt; Verify that actual list element contains expected string : Economy/SmartPost&gt;[5/15/2018 12:24:58 AM]&lt;PASS&gt;&lt;CheckoutShippingMethodsBasedOnAddress&gt;&lt; Verify that actual list element contains expected string : FedEx Home Delivery&gt;[5/15/2018 12:24:58 AM]&lt;FAIL&gt;&lt;CheckoutShippingMethodsBasedOnAddress&gt;&lt; Verify that actual list element do not contains expected string : Two-Day Shipping - 9.99&gt;.Assert.Fail failed. Assert.Fail failed. Actual:0 not &gt; expected:0
    StackTrace:
    CheckListItemContainsExpectedString(),SharedMethods_Generic.cs,Line Number:5239
    GetAndCompareShippingMethods(),CheckoutCommon.cs,Line Number:4618[5/15/2018 12:24:58 AM]&lt;CaptureImage&gt;\\CMP01-YKumar\AutoLog\CMP01-INDIASQA\CheckoutShippingMethodsBasedOnAddress_20180515002458.pngAssert.Fail failed. [5/15/2018 12:24:58 AM]&lt;Error&gt;GetAndCompareShippingMethods : failed executing ...Index was out of range. Must be non-negative and less than the size of the collection.
Parameter name: index, 
    StackTrace:
    GetAndCompareShippingMethods(),CheckoutCommon.cs,Line Number:4636
    CheckoutShippingMethodsBasedOnAddress(),CheckoutCommon.cs,Line Number:1609[5/15/2018 12:24:58 AM]&lt;CaptureImage&gt;\\CMP01-YKumar\AutoLog\CMP01-INDIASQA\CheckoutShippingMethodsBasedOnAddress_20180515002458.png[5/15/2018 12:24:58 AM]&lt;Info&gt;AllBrowserWindow : Locating browser window...[5/15/2018 12:24:59 AM]&lt;INFO&gt;UpdateBillingShippingAddressexecuting ...[5/15/2018 12:24:59 AM]&lt;Info&gt;AllBrowserWindow : Locating browser window...[5/15/2018 12:25:21 AM]&lt;INFO&gt;CheckoutProcessStartShoppingCart : method executing[5/15/2018 12:25:21 AM]&lt;Info&gt;AllBrowserWindow : Locating browser window...[5/15/2018 12:25:30 AM]&lt;INFO&gt;CheckoutShoppingCartControls : method executing[5/15/2018 12:25:30 AM]&lt;Info&gt;AllBrowserWindow : Locating browser window...[5/15/2018 12:25:47 AM]&lt;Info&gt;AllBrowserWindow : Locating browser window...[5/15/2018 12:25:51 AM]&lt;INFO&gt;GetAllShippingOptions : is executing ...[5/15/2018 12:25:51 AM]&lt;Info&gt;AllBrowserWindow : Locating browser window...[5/15/2018 12:25:53 AM]&lt;PASS&gt;&lt;CheckoutShippingMethodsBasedOnAddress&gt;&lt; Verify that actual list element contains expected string : Economy/SmartPost&gt;[5/15/2018 12:25:53 AM]&lt;PASS&gt;&lt;CheckoutShippingMethodsBasedOnAddress&gt;&lt; Verify the shipping method items are same as expected with values: Economy/SmartPost&gt;[5/15/2018 12:25:53 AM]&lt;Info&gt;AllBrowserWindow : Locating browser window...[5/15/2018 12:25:54 AM]&lt;INFO&gt;UpdateBillingShippingAddressexecuting ...[5/15/2018 12:25:54 AM]&lt;Info&gt;AllBrowserWindow : Locating browser window...[5/15/2018 12:26:29 AM]&lt;INFO&gt;CheckoutProcessStartShoppingCart : method executing[5/15/2018 12:26:29 AM]&lt;Info&gt;AllBrowserWindow : Locating browser window...[5/15/2018 12:26:38 AM]&lt;INFO&gt;CheckoutShoppingCartControls : method executing[5/15/2018 12:26:38 AM]&lt;Info&gt;AllBrowserWindow : Locating browser window...[5/15/2018 12:26:56 AM]&lt;Info&gt;AllBrowserWindow : Locating browser window...[5/15/2018 12:26:59 AM]&lt;INFO&gt;GetAllShippingOptions : is executing ...[5/15/2018 12:26:59 AM]&lt;Info&gt;AllBrowserWindow : Locating browser window...[5/15/2018 12:27:02 AM]&lt;PASS&gt;&lt;CheckoutShippingMethodsBasedOnAddress&gt;&lt; Verify that actual list element contains expected string : USPS - 0.00&gt;[5/15/2018 12:27:02 AM]&lt;PASS&gt;&lt;CheckoutShippingMethodsBasedOnAddress&gt;&lt; Verify the shipping method items are same as expected with values: USPS - 0.00&gt;[5/15/2018 12:27:02 AM]&lt;Info&gt;AllBrowserWindow : Locating browser window...[5/15/2018 12:27:03 AM]&lt;INFO&gt;UpdateBillingShippingAddressexecuting ...[5/15/2018 12:27:03 AM]&lt;Info&gt;AllBrowserWindow : Locating browser window...[5/15/2018 12:27:27 AM]&lt;INFO&gt;CheckoutProcessStartShoppingCart : method executing[5/15/2018 12:27:27 AM]&lt;Info&gt;AllBrowserWindow : Locating browser window...[5/15/2018 12:27:37 AM]&lt;INFO&gt;CheckoutShoppingCartControls : method executing[5/15/2018 12:27:37 AM]&lt;Info&gt;AllBrowserWindow : Locating browser window...[5/15/2018 12:27:55 AM]&lt;Info&gt;AllBrowserWindow : Locating browser window...[5/15/2018 12:27:59 AM]&lt;INFO&gt;GetAllShippingOptions : is executing ...[5/15/2018 12:27:59 AM]&lt;Info&gt;AllBrowserWindow : Locating browser window...[5/15/2018 12:28:01 AM]&lt;PASS&gt;&lt;CheckoutShippingMethodsBasedOnAddress&gt;&lt; Verify that actual list element contains expected string : USPS - 0.00&gt;[5/15/2018 12:28:01 AM]&lt;PASS&gt;&lt;CheckoutShippingMethodsBasedOnAddress&gt;&lt; Verify the shipping method items are same as expected with values: USPS - 0.00&gt;[5/15/2018 12:28:01 AM]&lt;Info&gt;AllBrowserWindow : Locating browser window...[5/15/2018 12:28:02 AM]&lt;INFO&gt;UpdateBillingShippingAddressexecuting ...[5/15/2018 12:28:02 AM]&lt;Info&gt;AllBrowserWindow : Locating browser window...[5/15/2018 12:28:28 AM]&lt;INFO&gt;CheckoutProcessStartShoppingCart : method executing[5/15/2018 12:28:28 AM]&lt;Info&gt;AllBrowserWindow : Locating browser window...[5/15/2018 12:28:37 AM]&lt;INFO&gt;CheckoutShoppingCartControls : method executing[5/15/2018 12:28:37 AM]&lt;Info&gt;AllBrowserWindow : Locating browser window...[5/15/2018 12:28:56 AM]&lt;Info&gt;AllBrowserWindow : Locating browser window...[5/15/2018 12:29:00 AM]&lt;INFO&gt;GetAllShippingOptions : is executing ...[5/15/2018 12:29:00 AM]&lt;Info&gt;AllBrowserWindow : Locating browser window...[5/15/2018 12:29:02 AM]&lt;PASS&gt;&lt;CheckoutShippingMethodsBasedOnAddress&gt;&lt; Verify that actual list element contains expected string : Standard - 10.99&gt;[5/15/2018 12:29:02 AM]&lt;PASS&gt;&lt;CheckoutShippingMethodsBasedOnAddress&gt;&lt; Verify that actual list element contains expected string : Express - 33.99&gt;[5/15/2018 12:29:02 AM]&lt;PASS&gt;&lt;CheckoutShippingMethodsBasedOnAddress&gt;&lt; Verify that actual list element contains expected string : Priority - 47.99&gt;[5/15/2018 12:29:02 AM]&lt;PASS&gt;&lt;CheckoutShippingMethodsBasedOnAddress&gt;&lt; Verify the shipping method items are same as expected with values: Priority - 47.99&gt;[5/15/2018 12:29:02 AM]&lt;Info&gt;AllBrowserWindow : Locating browser window...[5/15/2018 12:29:03 AM]&lt;INFO&gt;UpdateBillingShippingAddressexecuting ...[5/15/2018 12:29:03 AM]&lt;Info&gt;AllBrowserWindow : Locating browser window...[5/15/2018 12:29:29 AM]&lt;INFO&gt;CheckoutProcessStartShoppingCart : method executing[5/15/2018 12:29:29 AM]&lt;Info&gt;AllBrowserWindow : Locating browser window...[5/15/2018 12:29:38 AM]&lt;INFO&gt;CheckoutShoppingCartControls : method executing[5/15/2018 12:29:38 AM]&lt;Info&gt;AllBrowserWindow : Locating browser window...[5/15/2018 12:29:57 AM]&lt;Info&gt;AllBrowserWindow : Locating browser window...[5/15/2018 12:30:03 AM]&lt;INFO&gt;GetAllShippingOptions : is executing ...[5/15/2018 12:30:03 AM]&lt;Info&gt;AllBrowserWindow : Locating browser window...[5/15/2018 12:30:05 AM]&lt;PASS&gt;&lt;CheckoutShippingMethodsBasedOnAddress&gt;&lt; Verify that actual list element contains expected string : Economy/SmartPost&gt;[5/15/2018 12:30:05 AM]&lt;PASS&gt;&lt;CheckoutShippingMethodsBasedOnAddress&gt;&lt; Verify that actual list element contains expected string : FedEx Home Delivery&gt;[5/15/2018 12:30:05 AM]&lt;PASS&gt;&lt;CheckoutShippingMethodsBasedOnAddress&gt;&lt; Verify that actual list element contains expected string : Two-Day Shipping - 33.99&gt;[5/15/2018 12:30:05 AM]&lt;PASS&gt;&lt;CheckoutShippingMethodsBasedOnAddress&gt;&lt; Verify that actual list element contains expected string : One-Day Shipping - 47.99&gt;[5/15/2018 12:30:05 AM]&lt;PASS&gt;&lt;CheckoutShippingMethodsBasedOnAddress&gt;&lt; Verify the shipping method items are same as expected with values: One-Day Shipping - 47.99&gt;[5/15/2018 12:30:05 AM]&lt;RESULT&gt;Test Ended:#PASS=17, #FAIL=1,#Other errors=1[5/15/2018 12:30:06 AM]&lt;INFO&gt;LogCPUAndMemoryUsage: Available Memory = 24008(MB), CPU Usage = 3.873993%[5/15/2018 12:30:06 AM]&lt;INFO&gt;Private Working Set for QTAgent32_40, usage=190076 (K)[5/15/2018 12:30:06 AM]&lt;RESULT&gt;&lt;CheckoutShippingMethodsBasedOnAddress&gt; Test FAILED: Actual #FAIL=1, #Expected FAIL=0
#Other errors=1. See Error Message/logs for further details.</StdOut>
        <ErrorInfo>
          <Message>Assert.Fail failed. 
Actual #FAIL=1, #Expected FAIL=0
#Other errors=1
[Error details below]</Message>
          <StackTrace>   at TestAuto.LoggingAndSharedGenericMethods.EndTest() in c:\Builds\1\WebSphere\QATestAutomation\src\CodedUITest\SourceCode\Common\Logging\Logging.cs:line 1628
   at TestAuto.HHBvtSmokeTest.TestCleanup() in c:\Builds\1\WebSphere\QATestAutomation\src\CodedUITest\SourceCode\HHobby\Checkout\CheckoutCommon.cs:line 4805
</StackTrace>
        </ErrorInfo>
      </Output>
      <ResultFiles />
    </UnitTestResult>
    <UnitTestResult executionId="ce16caf7-015c-4570-8dbd-a4a63684facd" testId="24249209-6e78-9a6e-b5c3-ed128615d53f" testName="CheckoutShippingAddressChanged" computerName="CMP01-INDIASQA" duration="00:07:59.9472344" startTime="2018-05-15T00:30:08.8974889-05:00" endTime="2018-05-15T00:38:08.9273948-05:00" testType="13cdc9d9-ddb5-4fa4-a97d-d965ccfc6d4b" outcome="Passed" testListId="8c84fa94-04c1-424b-9868-57a2d4851a1d">
      <Output>
        <StdOut>Logging to custom path:\\CMP01-YKumar\AutoLog[5/15/2018 12:30:08 AM]&lt;STARTLOG&gt;&lt;CheckoutShippingAddressChanged&gt;Test Started: Expecting: #PASS=Undefined and #FAIL=0
Running from MTM=True, running on machine name:CMP01-INDIASQA, user name=ykumar, OS=Microsoft Windows NT 6.1.7601 Service Pack 1, Is64BitOS=True[5/15/2018 12:30:09 AM]&lt;INFO&gt;LogCPUAndMemoryUsage: Available Memory = 24037(MB), CPU Usage = 19.30457%[5/15/2018 12:30:09 AM]&lt;INFO&gt;Private Working Set for QTAgent32_40, usage=190220 (K)[5/15/2018 12:30:09 AM]&lt;INFO&gt;Path To TestConfig xml=E:\LoadTestResult\VSEQT\QTAgent\26973\CMP01-INDIASQA.horizonhobby.com\Deployment\SharedCommonConfig.xml[5/15/2018 12:30:09 AM]&lt;INFO&gt;Path To TestData xml=E:\LoadTestResult\VSEQT\QTAgent\26973\CMP01-INDIASQA.horizonhobby.com\Deployment\CheckoutCommonTestData_003008.xml[5/15/2018 12:30:09 AM]&lt;INFO&gt;Path To HorizonHobbyQA Application Url=https://www-tst.horizonhobby.com[5/15/2018 12:30:10 AM]&lt;INFO&gt;HorizonHobbyQA sql connection string=Server=cmp02-ws-tst-db01:50000;Database=TST01DB;UID=wcdbuser;PWD=h0r1z0n;Connect Timeout=30[5/15/2018 12:30:10 AM]&lt;INFO&gt;Country is := US and language id is := '-1'[5/15/2018 12:30:10 AM]&lt;INFO&gt;Current browser used for test execution is = 'IE'[5/15/2018 12:30:13 AM]&lt;Info&gt;AllBrowserWindow : Locating browser window...[5/15/2018 12:30:15 AM]&lt;INFO&gt;SurveyWindow : method executing ...[5/15/2018 12:30:23 AM]&lt;INFO&gt;ContinueOnCertificationErrorClickexecuting ...[5/15/2018 12:30:23 AM]&lt;Info&gt;DEAllBrowserWindow : Locating browser window...[5/15/2018 12:30:30 AM]&lt;INFO&gt;UserRegistration : method executing ...[5/15/2018 12:30:30 AM]&lt;Info&gt;AllBrowserWindow : Locating browser window...[5/15/2018 12:30:56 AM]&lt;Info&gt;AllBrowserWindow : Locating browser window...[5/15/2018 12:31:14 AM]&lt;Info&gt;AllBrowserWindow : Locating browser window...[5/15/2018 12:31:26 AM]&lt;INFO&gt;SearchProductexecuting ... Searching term:= 'FMMPROP007'[5/15/2018 12:31:32 AM]&lt;Info&gt;AllBrowserWindow : Locating browser window...[5/15/2018 12:32:05 AM]&lt;Info&gt;AllBrowserWindow : Locating browser window...[5/15/2018 12:33:25 AM]&lt;INFO&gt;BackOrderClickexecuting ...[5/15/2018 12:33:28 AM]&lt;INFO&gt;GoToCartClickexecuting ...[5/15/2018 12:33:39 AM]&lt;INFO&gt;CheckoutProcessStartShoppingCart : method executing[5/15/2018 12:33:39 AM]&lt;Info&gt;AllBrowserWindow : Locating browser window...[5/15/2018 12:33:47 AM]&lt;INFO&gt;CheckoutShoppingCartControls : method executing[5/15/2018 12:33:47 AM]&lt;Info&gt;AllBrowserWindow : Locating browser window...[5/15/2018 12:33:54 AM]&lt;Info&gt;AllBrowserWindow : Locating browser window...[5/15/2018 12:33:58 AM]&lt;INFO&gt;GetAllShippingOptions : is executing ...[5/15/2018 12:33:58 AM]&lt;Info&gt;AllBrowserWindow : Locating browser window...[5/15/2018 12:34:01 AM]&lt;PASS&gt;&lt;CheckoutShippingAddressChanged&gt;&lt; Verify that actual list element contains expected string : Economy/SmartPost&gt;[5/15/2018 12:34:01 AM]&lt;PASS&gt;&lt;CheckoutShippingAddressChanged&gt;&lt; Verify that actual list element contains expected string : FedEx Home Delivery&gt;[5/15/2018 12:34:01 AM]&lt;PASS&gt;&lt;CheckoutShippingAddressChanged&gt;&lt; Verify that actual list element contains expected string : Two-Day Shipping - 9.99&gt;[5/15/2018 12:34:01 AM]&lt;PASS&gt;&lt;CheckoutShippingAddressChanged&gt;&lt; Verify that actual list element contains expected string : One-Day Shipping - 19.99&gt;[5/15/2018 12:34:01 AM]&lt;PASS&gt;&lt;CheckoutShippingAddressChanged&gt;&lt; Verify the shipping method items are same as expected with values: One-Day Shipping - 19.99&gt;[5/15/2018 12:34:01 AM]&lt;Info&gt;AllBrowserWindow : Locating browser window...[5/15/2018 12:34:04 AM]&lt;INFO&gt;UpdateBillingShippingAddressexecuting ...[5/15/2018 12:34:04 AM]&lt;Info&gt;AllBrowserWindow : Locating browser window...[5/15/2018 12:34:26 AM]&lt;INFO&gt;CheckoutProcessStartShoppingCart : method executing[5/15/2018 12:34:27 AM]&lt;Info&gt;AllBrowserWindow : Locating browser window...[5/15/2018 12:34:36 AM]&lt;INFO&gt;CheckoutShoppingCartControls : method executing[5/15/2018 12:34:36 AM]&lt;Info&gt;AllBrowserWindow : Locating browser window...[5/15/2018 12:34:53 AM]&lt;INFO&gt;GetAllShippingOptions : is executing ...[5/15/2018 12:34:53 AM]&lt;Info&gt;AllBrowserWindow : Locating browser window...[5/15/2018 12:34:55 AM]&lt;PASS&gt;&lt;CheckoutShippingAddressChanged&gt;&lt; Verify that actual list element contains expected string : Economy/SmartPost&gt;[5/15/2018 12:34:55 AM]&lt;PASS&gt;&lt;CheckoutShippingAddressChanged&gt;&lt; Verify the shipping method items are same as expected with values: Economy/SmartPost&gt;[5/15/2018 12:34:55 AM]&lt;INFO&gt;SelectCheckoutPaymentRadiobutton : method executing[5/15/2018 12:34:55 AM]&lt;INFO&gt;CheckoutCreditCardShippingAndBillingControls : method executing[5/15/2018 12:34:55 AM]&lt;Info&gt;AllBrowserWindow : Locating browser window...[5/15/2018 12:35:05 AM]&lt;INFO&gt;FillCreditCardDetails : method executing[5/15/2018 12:35:05 AM]&lt;INFO&gt;CheckoutCreditCardShippingAndBillingControls : method executing[5/15/2018 12:35:05 AM]&lt;Info&gt;AllBrowserWindow : Locating browser window...[5/15/2018 12:35:15 AM]&lt;INFO&gt;ClickReviewOrder : method executing[5/15/2018 12:35:15 AM]&lt;INFO&gt;CheckoutCreditCardShippingAndBillingControls : method executing[5/15/2018 12:35:15 AM]&lt;Info&gt;AllBrowserWindow : Locating browser window...[5/15/2018 12:35:20 AM]&lt;Info&gt;AllBrowserWindow : Locating browser window...[5/15/2018 12:35:28 AM]&lt;Info&gt;AllBrowserWindow : Locating browser window...[5/15/2018 12:35:28 AM]&lt;INFO&gt;PlaceOrderCreditCard : method executing[5/15/2018 12:35:28 AM]&lt;INFO&gt;CheckoutCreditCardShippingAndBillingControls : method executing[5/15/2018 12:35:28 AM]&lt;Info&gt;AllBrowserWindow : Locating browser window...[5/15/2018 12:35:37 AM]&lt;INFO&gt;KeyboardSendKeys method executing...[5/15/2018 12:37:18 AM]&lt;Info&gt;AllBrowserWindow : Locating browser window...[5/15/2018 12:37:29 AM]&lt;Info&gt;AllBrowserWindow : Locating browser window...[5/15/2018 12:37:33 AM]&lt;INFO&gt;SingleProductOrderAmountValidation : method executing[5/15/2018 12:37:33 AM]&lt;INFO&gt;OrderConfirmationUIControls : method executing[5/15/2018 12:37:33 AM]&lt;Info&gt;AllBrowserWindow : Locating browser window...[5/15/2018 12:37:37 AM]&lt;INFO&gt;SingleProductOrderAmountValidation : method executing[5/15/2018 12:37:37 AM]&lt;PASS&gt;&lt;SingleProductOrderAmountValidation&gt;&lt; Validates expected authorization amount: '18.52000' is equals actual authorization amount: '18.52000'&gt;[5/15/2018 12:37:37 AM]&lt;INFO&gt;DeleteWishlistFromDatabase : method executing[5/15/2018 12:37:37 AM]&lt;INFO&gt;DeletOrderItem : method executing[5/15/2018 12:38:07 AM]&lt;RESULT&gt;Test Ended:#PASS=8, #FAIL=0[5/15/2018 12:38:08 AM]&lt;INFO&gt;LogCPUAndMemoryUsage: Available Memory = 23962(MB), CPU Usage = 2.10937%[5/15/2018 12:38:08 AM]&lt;INFO&gt;Private Working Set for QTAgent32_40, usage=190388 (K)[5/15/2018 12:38:08 AM]&lt;RESULT&gt;&lt;CheckoutShippingAddressChanged&gt; Test PASSED</StdOut>
      </Output>
      <ResultFiles>
        <ResultFile path="CMP01-INDIASQA.horizonhobby.com\CheckoutCommonTestData_003008.xml" />
        <ResultFile path="CMP01-INDIASQA.horizonhobby.com\CheckoutShippingAddressChanged_20180515003008.log" />
        <ResultFile path="CMP01-INDIASQA.horizonhobby.com\CheckoutShippingAddressChanged_ResultsONLY_20180515003008.log" />
        <ResultFile path="CMP01-INDIASQA.horizonhobby.com\SharedCommonConfig.xml" />
      </ResultFiles>
    </UnitTestResult>
    <UnitTestResult executionId="4777d0a6-036c-4995-bf6c-097abd7c7221" testId="d9578ff4-933a-5dce-cbc2-f2db675f0281" testName="MyAccountIncorporateCpsiaWarningsInWishlist" computerName="CMP01-INDIASQA" duration="00:04:10.9577869" startTime="2018-05-15T00:38:08.9293948-05:00" endTime="2018-05-15T00:42:20.1933948-05:00" testType="13cdc9d9-ddb5-4fa4-a97d-d965ccfc6d4b" outcome="Failed" testListId="8c84fa94-04c1-424b-9868-57a2d4851a1d">
      <Output>
        <StdOut>Logging to custom path:\\CMP01-YKumar\AutoLogAssert.Fail failed. 
#Other errors=3
[Error details below]
&lt;ERROR&gt;[5/15/2018 12:41:41 AM]&lt;ERROR&gt;MouseClick Exception:Microsoft.VisualStudio.TestTools.UITest.Extension.UITestControlNotFoundException: The playback failed to find the control with the given search properties. Additional Details: 
TechnologyName:  'Web'
ControlType:  'Hyperlink'
TagName:  'A'
Class:  'wishlistBtn button secondary small tlignore'
 Failed to find any control that matched the search condition ControlType='Hyperlink' &amp;&amp; Class='wishlistBtn button secondary small tlignore' ---&gt; System.Runtime.InteropServices.COMException: Error HRESULT E_FAIL has been returned from a call to a COM component.
   at Microsoft.VisualStudio.TestTools.UITest.Playback.Engine.IScreenElement.FindAllDescendants(String bstrQueryId, Object&amp; pvarResKeys, Int32 cResKeys, Int32 nMaxDepth)
   at Microsoft.VisualStudio.TestTools.UITest.Playback.ScreenElement.FindAllScreenElement(String queryId, Int32 depth, Boolean singleQueryId, Boolean throwException, Boolean resetSkipStep)
   at Microsoft.VisualStudio.TestTools.UITest.Playback.ScreenElement.FindScreenElement(String queryId, Int32 depth, Boolean resetSkipStep)
   at Microsoft.VisualStudio.TestTools.UITesting.UITestControl.FindFirstDescendant(String queryId, Int32 maxDepth, Int32&amp; timeLeft)
   --- End of inner exception stack trace ---
   at Microsoft.VisualStudio.TestTools.UITesting.Playback.MapControlNotFoundException(COMException ex, IPlaybackContext context)
   at Microsoft.VisualStudio.TestTools.UITesting.Playback.MapAndThrowComException(COMException innerException, IPlaybackContext context)
   at Microsoft.VisualStudio.TestTools.UITesting.Playback.MapAndThrowException(SystemException exception, IPlaybackContext context)
   at Microsoft.VisualStudio.TestTools.UITesting.Playback.MapAndThrowException(SystemException exception, String queryId)
   at Microsoft.VisualStudio.TestTools.UITesting.UITestControl.FindFirstDescendant(String queryId, Int32 maxDepth, Int32&amp; timeLeft)
   at Microsoft.VisualStudio.TestTools.UITesting.SearchHelper.GetUITestControlRecursive(Boolean useCache, Boolean alwaysSearch, ISearchArgument searchArg, IList`1 windowTitles, Int32&amp; timeLeft)
   at Microsoft.VisualStudio.TestTools.UITesting.SearchHelper.GetElement(Boolean useCache, ISearchArgument searchArg)
   at Microsoft.VisualStudio.TestTools.UITesting.SearchHelper.Search(ISearchArgument searchArg)
   at Microsoft.VisualStudio.TestTools.UITesting.UITestControl.FindInternal()
   at Microsoft.VisualStudio.TestTools.UITesting.UITestControl.&lt;Find&gt;b__3a()
   at Microsoft.VisualStudio.TestTools.UITesting.CodedUITestMethodInvoker.InvokeMethod[T](Func`1 function, UITestControl control, Boolean firePlaybackErrorEvent, Boolean logAsAction)
   at Microsoft.VisualStudio.TestTools.UITesting.UITestControl.Find()
   at Microsoft.VisualStudio.TestTools.UITesting.UITestControl.GetPropertyPrivate(String propertyName)
   at Microsoft.VisualStudio.TestTools.UITesting.UITestControl.GetPropertyOfType[T](String propertyName)
   at Microsoft.VisualStudio.TestTools.UITesting.UITestControl.get_Name()
   at TestAuto.LoggingAndSharedGenericMethods.MouseClick(UITestControl uiMenuItemTestControl) in c:\Builds\1\WebSphere\QATestAutomation\src\CodedUITest\SourceCode\Common\Logging\SharedMethods_Generic.cs:line 790
&lt;ERROR&gt;[5/15/2018 12:41:47 AM]&lt;ERROR&gt;MouseClick Exception:Microsoft.VisualStudio.TestTools.UITest.Extension.UITestControlNotFoundException: The playback failed to find the control with the given search properties. Additional Details: 
TechnologyName:  'Web'
ControlType:  'Hyperlink'
TagName:  'A'
Class:  'tlignore'
 Failed to find any control that matched the search condition ControlType='Hyperlink' &amp;&amp; Class='tlignore' ---&gt; System.Runtime.InteropServices.COMException: Error HRESULT E_FAIL has been returned from a call to a COM component.
   at Microsoft.VisualStudio.TestTools.UITest.Playback.Engine.IScreenElement.FindAllDescendants(String bstrQueryId, Object&amp; pvarResKeys, Int32 cResKeys, Int32 nMaxDepth)
   at Microsoft.VisualStudio.TestTools.UITest.Playback.ScreenElement.FindAllScreenElement(String queryId, Int32 depth, Boolean singleQueryId, Boolean throwException, Boolean resetSkipStep)
   at Microsoft.VisualStudio.TestTools.UITest.Playback.ScreenElement.FindScreenElement(String queryId, Int32 depth, Boolean resetSkipStep)
   at Microsoft.VisualStudio.TestTools.UITesting.UITestControl.FindFirstDescendant(String queryId, Int32 maxDepth, Int32&amp; timeLeft)
   --- End of inner exception stack trace ---
   at Microsoft.VisualStudio.TestTools.UITesting.Playback.MapControlNotFoundException(COMException ex, IPlaybackContext context)
   at Microsoft.VisualStudio.TestTools.UITesting.Playback.MapAndThrowComException(COMException innerException, IPlaybackContext context)
   at Microsoft.VisualStudio.TestTools.UITesting.Playback.MapAndThrowException(SystemException exception, IPlaybackContext context)
   at Microsoft.VisualStudio.TestTools.UITesting.Playback.MapAndThrowException(SystemException exception, String queryId)
   at Microsoft.VisualStudio.TestTools.UITesting.UITestControl.FindFirstDescendant(String queryId, Int32 maxDepth, Int32&amp; timeLeft)
   at Microsoft.VisualStudio.TestTools.UITesting.SearchHelper.GetUITestControlRecursive(Boolean useCache, Boolean alwaysSearch, ISearchArgument searchArg, IList`1 windowTitles, Int32&amp; timeLeft)
   at Microsoft.VisualStudio.TestTools.UITesting.SearchHelper.GetElement(Boolean useCache, ISearchArgument searchArg)
   at Microsoft.VisualStudio.TestTools.UITesting.SearchHelper.Search(ISearchArgument searchArg)
   at Microsoft.VisualStudio.TestTools.UITesting.UITestControl.FindInternal()
   at Microsoft.VisualStudio.TestTools.UITesting.UITestControl.&lt;Find&gt;b__3a()
   at Microsoft.VisualStudio.TestTools.UITesting.CodedUITestMethodInvoker.InvokeMethod[T](Func`1 function, UITestControl control, Boolean firePlaybackErrorEvent, Boolean logAsAction)
   at Microsoft.VisualStudio.TestTools.UITesting.UITestControl.Find()
   at Microsoft.VisualStudio.TestTools.UITesting.UITestControl.GetPropertyPrivate(String propertyName)
   at Microsoft.VisualStudio.TestTools.UITesting.UITestControl.GetPropertyOfType[T](String propertyName)
   at Microsoft.VisualStudio.TestTools.UITesting.UITestControl.get_Name()
   at TestAuto.LoggingAndSharedGenericMethods.MouseClick(UITestControl uiMenuItemTestControl) in c:\Builds\1\WebSphere\QATestAutomation\src\CodedUITest\SourceCode\Common\Logging\SharedMethods_Generic.cs:line 790
&lt;ERROR&gt;[5/15/2018 12:41:47 AM]&lt;Error&gt;MyAccountIncorporateCpsiaWarningsInWishlist : failed executing ...Script execution failed. Script: shoppingListJS.create()   at TestAuto.LoggingAndSharedGenericMethods.EndTest() in c:\Builds\1\WebSphere\QATestAutomation\src\CodedUITest\SourceCode\Common\Logging\Logging.cs:line 1628
   at TestAuto.MyAccount.TestCleanup() in c:\Builds\1\WebSphere\QATestAutomation\src\CodedUITest\SourceCode\HHobby\MyAccount\MyAccount.cs:line 3165
[5/15/2018 12:38:09 AM]&lt;STARTLOG&gt;&lt;MyAccountIncorporateCpsiaWarningsInWishlist&gt;Test Started: Expecting: #PASS=Undefined and #FAIL=0
Running from MTM=True, running on machine name:CMP01-INDIASQA, user name=ykumar, OS=Microsoft Windows NT 6.1.7601 Service Pack 1, Is64BitOS=True[5/15/2018 12:38:11 AM]&lt;INFO&gt;LogCPUAndMemoryUsage: Available Memory = 23954(MB), CPU Usage = 21.68781%[5/15/2018 12:38:11 AM]&lt;INFO&gt;Private Working Set for QTAgent32_40, usage=193540 (K)[5/15/2018 12:38:11 AM]&lt;INFO&gt;Path To TestConfig xml=E:\LoadTestResult\VSEQT\QTAgent\26973\CMP01-INDIASQA.horizonhobby.com\Deployment\SharedCommonConfig.xml[5/15/2018 12:38:11 AM]&lt;INFO&gt;Path To TestData xml=E:\LoadTestResult\VSEQT\QTAgent\26973\CMP01-INDIASQA.horizonhobby.com\Deployment\MyAccountTestData_003809.xml[5/15/2018 12:38:11 AM]&lt;INFO&gt;Path To HorizonHobbyQA Application Url=https://www-tst.horizonhobby.com[5/15/2018 12:38:11 AM]&lt;INFO&gt;HorizonHobbyQA sql connection string=Server=cmp02-ws-tst-db01:50000;Database=TST01DB;UID=wcdbuser;PWD=h0r1z0n;Connect Timeout=30[5/15/2018 12:38:11 AM]&lt;INFO&gt;Country is := US and language id is := '-1'[5/15/2018 12:38:11 AM]&lt;INFO&gt;Current browser used for test execution is = 'IE'[5/15/2018 12:38:15 AM]&lt;INFO&gt;SurveyWindow : method executing ...[5/15/2018 12:38:26 AM]&lt;INFO&gt;SurveyWindow : method executing ...[5/15/2018 12:38:33 AM]&lt;INFO&gt;ContinueOnCertificationErrorClickexecuting ...[5/15/2018 12:38:33 AM]&lt;Info&gt;DEAllBrowserWindow : Locating browser window...[5/15/2018 12:38:40 AM]&lt;INFO&gt;ClickAcceptCookiesAgreement : failed executing ...[5/15/2018 12:38:47 AM]&lt;INFO&gt;UserRegistration : method executing ...[5/15/2018 12:38:47 AM]&lt;Info&gt;AllBrowserWindow : Locating browser window...[5/15/2018 12:39:12 AM]&lt;Info&gt;AllBrowserWindow : Locating browser window...[5/15/2018 12:39:29 AM]&lt;INFO&gt;SurveyWindow : method executing ...[5/15/2018 12:39:36 AM]&lt;INFO&gt;GetSearchProductOnAttributeValue executing... [5/15/2018 12:39:37 AM]&lt;INFO&gt;SearchProductexecuting ... Searching term:= 'EFLB18003S'[5/15/2018 12:39:43 AM]&lt;Info&gt;AllBrowserWindow : Locating browser window...[5/15/2018 12:40:08 AM]&lt;Info&gt;AllBrowserWindow : Locating browser window...[5/15/2018 12:40:41 AM]&lt;Info&gt;AllBrowserWindow : Locating browser window...Assert.Fail failed. [5/15/2018 12:41:41 AM]&lt;ERROR&gt;MouseClick Exception:Microsoft.VisualStudio.TestTools.UITest.Extension.UITestControlNotFoundException: The playback failed to find the control with the given search properties. Additional Details: 
TechnologyName:  'Web'
ControlType:  'Hyperlink'
TagName:  'A'
Class:  'wishlistBtn button secondary small tlignore'
 Failed to find any control that matched the search condition ControlType='Hyperlink' &amp;&amp; Class='wishlistBtn button secondary small tlignore' ---&gt; System.Runtime.InteropServices.COMException: Error HRESULT E_FAIL has been returned from a call to a COM component.
   at Microsoft.VisualStudio.TestTools.UITest.Playback.Engine.IScreenElement.FindAllDescendants(String bstrQueryId, Object&amp; pvarResKeys, Int32 cResKeys, Int32 nMaxDepth)
   at Microsoft.VisualStudio.TestTools.UITest.Playback.ScreenElement.FindAllScreenElement(String queryId, Int32 depth, Boolean singleQueryId, Boolean throwException, Boolean resetSkipStep)
   at Microsoft.VisualStudio.TestTools.UITest.Playback.ScreenElement.FindScreenElement(String queryId, Int32 depth, Boolean resetSkipStep)
   at Microsoft.VisualStudio.TestTools.UITesting.UITestControl.FindFirstDescendant(String queryId, Int32 maxDepth, Int32&amp; timeLeft)
   --- End of inner exception stack trace ---
   at Microsoft.VisualStudio.TestTools.UITesting.Playback.MapControlNotFoundException(COMException ex, IPlaybackContext context)
   at Microsoft.VisualStudio.TestTools.UITesting.Playback.MapAndThrowComException(COMException innerException, IPlaybackContext context)
   at Microsoft.VisualStudio.TestTools.UITesting.Playback.MapAndThrowException(SystemException exception, IPlaybackContext context)
   at Microsoft.VisualStudio.TestTools.UITesting.Playback.MapAndThrowException(SystemException exception, String queryId)
   at Microsoft.VisualStudio.TestTools.UITesting.UITestControl.FindFirstDescendant(String queryId, Int32 maxDepth, Int32&amp; timeLeft)
   at Microsoft.VisualStudio.TestTools.UITesting.SearchHelper.GetUITestControlRecursive(Boolean useCache, Boolean alwaysSearch, ISearchArgument searchArg, IList`1 windowTitles, Int32&amp; timeLeft)
   at Microsoft.VisualStudio.TestTools.UITesting.SearchHelper.GetElement(Boolean useCache, ISearchArgument searchArg)
   at Microsoft.VisualStudio.TestTools.UITesting.SearchHelper.Search(ISearchArgument searchArg)
   at Microsoft.VisualStudio.TestTools.UITesting.UITestControl.FindInternal()
   at Microsoft.VisualStudio.TestTools.UITesting.UITestControl.&lt;Find&gt;b__3a()
   at Microsoft.VisualStudio.TestTools.UITesting.CodedUITestMethodInvoker.InvokeMethod[T](Func`1 function, UITestControl control, Boolean firePlaybackErrorEvent, Boolean logAsAction)
   at Microsoft.VisualStudio.TestTools.UITesting.UITestControl.Find()
   at Microsoft.VisualStudio.TestTools.UITesting.UITestControl.GetPropertyPrivate(String propertyName)
   at Microsoft.VisualStudio.TestTools.UITesting.UITestControl.GetPropertyOfType[T](String propertyName)
   at Microsoft.VisualStudio.TestTools.UITesting.UITestControl.get_Name()
   at TestAuto.LoggingAndSharedGenericMethods.MouseClick(UITestControl uiMenuItemTestControl) in c:\Builds\1\WebSphere\QATestAutomation\src\CodedUITest\SourceCode\Common\Logging\SharedMethods_Generic.cs:line 790, 
    StackTrace:
    MouseClick(),SharedMethods_Generic.cs,Line Number:822
    MyAccountIncorporateCpsiaWarningsInWishlist(),MyAccount.cs,Line Number:1553[5/15/2018 12:41:41 AM]&lt;CaptureImage&gt;\\CMP01-YKumar\AutoLog\CMP01-INDIASQA\MyAccountIncorporateCpsiaWarningsInWishlist_20180515004141.pngAssert.Fail failed. [5/15/2018 12:41:47 AM]&lt;ERROR&gt;MouseClick Exception:Microsoft.VisualStudio.TestTools.UITest.Extension.UITestControlNotFoundException: The playback failed to find the control with the given search properties. Additional Details: 
TechnologyName:  'Web'
ControlType:  'Hyperlink'
TagName:  'A'
Class:  'tlignore'
 Failed to find any control that matched the search condition ControlType='Hyperlink' &amp;&amp; Class='tlignore' ---&gt; System.Runtime.InteropServices.COMException: Error HRESULT E_FAIL has been returned from a call to a COM component.
   at Microsoft.VisualStudio.TestTools.UITest.Playback.Engine.IScreenElement.FindAllDescendants(String bstrQueryId, Object&amp; pvarResKeys, Int32 cResKeys, Int32 nMaxDepth)
   at Microsoft.VisualStudio.TestTools.UITest.Playback.ScreenElement.FindAllScreenElement(String queryId, Int32 depth, Boolean singleQueryId, Boolean throwException, Boolean resetSkipStep)
   at Microsoft.VisualStudio.TestTools.UITest.Playback.ScreenElement.FindScreenElement(String queryId, Int32 depth, Boolean resetSkipStep)
   at Microsoft.VisualStudio.TestTools.UITesting.UITestControl.FindFirstDescendant(String queryId, Int32 maxDepth, Int32&amp; timeLeft)
   --- End of inner exception stack trace ---
   at Microsoft.VisualStudio.TestTools.UITesting.Playback.MapControlNotFoundException(COMException ex, IPlaybackContext context)
   at Microsoft.VisualStudio.TestTools.UITesting.Playback.MapAndThrowComException(COMException innerException, IPlaybackContext context)
   at Microsoft.VisualStudio.TestTools.UITesting.Playback.MapAndThrowException(SystemException exception, IPlaybackContext context)
   at Microsoft.VisualStudio.TestTools.UITesting.Playback.MapAndThrowException(SystemException exception, String queryId)
   at Microsoft.VisualStudio.TestTools.UITesting.UITestControl.FindFirstDescendant(String queryId, Int32 maxDepth, Int32&amp; timeLeft)
   at Microsoft.VisualStudio.TestTools.UITesting.SearchHelper.GetUITestControlRecursive(Boolean useCache, Boolean alwaysSearch, ISearchArgument searchArg, IList`1 windowTitles, Int32&amp; timeLeft)
   at Microsoft.VisualStudio.TestTools.UITesting.SearchHelper.GetElement(Boolean useCache, ISearchArgument searchArg)
   at Microsoft.VisualStudio.TestTools.UITesting.SearchHelper.Search(ISearchArgument searchArg)
   at Microsoft.VisualStudio.TestTools.UITesting.UITestControl.FindInternal()
   at Microsoft.VisualStudio.TestTools.UITesting.UITestControl.&lt;Find&gt;b__3a()
   at Microsoft.VisualStudio.TestTools.UITesting.CodedUITestMethodInvoker.InvokeMethod[T](Func`1 function, UITestControl control, Boolean firePlaybackErrorEvent, Boolean logAsAction)
   at Microsoft.VisualStudio.TestTools.UITesting.UITestControl.Find()
   at Microsoft.VisualStudio.TestTools.UITesting.UITestControl.GetPropertyPrivate(String propertyName)
   at Microsoft.VisualStudio.TestTools.UITesting.UITestControl.GetPropertyOfType[T](String propertyName)
   at Microsoft.VisualStudio.TestTools.UITesting.UITestControl.get_Name()
   at TestAuto.LoggingAndSharedGenericMethods.MouseClick(UITestControl uiMenuItemTestControl) in c:\Builds\1\WebSphere\QATestAutomation\src\CodedUITest\SourceCode\Common\Logging\SharedMethods_Generic.cs:line 790, 
    StackTrace:
    MouseClick(),SharedMethods_Generic.cs,Line Number:822
    MyAccountIncorporateCpsiaWarningsInWishlist(),MyAccount.cs,Line Number:1558[5/15/2018 12:41:47 AM]&lt;CaptureImage&gt;\\CMP01-YKumar\AutoLog\CMP01-INDIASQA\MyAccountIncorporateCpsiaWarningsInWishlist_20180515004147.pngAssert.Fail failed. [5/15/2018 12:41:47 AM]&lt;Error&gt;MyAccountIncorporateCpsiaWarningsInWishlist : failed executing ...Script execution failed. Script: shoppingListJS.create(), 
    StackTrace:
    MyAccountIncorporateCpsiaWarningsInWishlist(),MyAccount.cs,Line Number:1609[5/15/2018 12:41:47 AM]&lt;CaptureImage&gt;\\CMP01-YKumar\AutoLog\CMP01-INDIASQA\MyAccountIncorporateCpsiaWarningsInWishlist_20180515004147.png[5/15/2018 12:41:47 AM]&lt;INFO&gt;DeleteWishlistFromDatabase : method executing[5/15/2018 12:42:16 AM]&lt;RESULT&gt;Test Ended:#PASS=0, #FAIL=0,#Other errors=3[5/15/2018 12:42:17 AM]&lt;INFO&gt;LogCPUAndMemoryUsage: Available Memory = 24248(MB), CPU Usage = 26.36316%[5/15/2018 12:42:18 AM]&lt;INFO&gt;Private Working Set for QTAgent32_40, usage=205280 (K)[5/15/2018 12:42:18 AM]&lt;RESULT&gt;&lt;MyAccountIncorporateCpsiaWarningsInWishlist&gt; Test FAILED: #Other errors=3. See Error Message/logs for further details.</StdOut>
        <ErrorInfo>
          <Message>Assert.Fail failed. 
#Other errors=3
[Error details below]
&lt;ERROR&gt;[5/15/2018 12:41:41 AM]&lt;ERROR&gt;MouseClick Exception:Microsoft.VisualStudio.TestTools.UITest.Extension.UITestControlNotFoundException: The playback failed to find the control with the given search properties. Additional Details: 
TechnologyName:  'Web'
ControlType:  'Hyperlink'
TagName:  'A'
Class:  'wishlistBtn button secondary small tlignore'
 Failed to find any control that matched the search condition ControlType='Hyperlink' &amp;&amp; Class='wishlistBtn button secondary small tlignore' ---&gt; System.Runtime.InteropServices.COMException: Error HRESULT E_FAIL has been returned from a call to a COM component.
   at Microsoft.VisualStudio.TestTools.UITest.Playback.Engine.IScreenElement.FindAllDescendants(String bstrQueryId, Object&amp; pvarResKeys, Int32 cResKeys, Int32 nMaxDepth)
   at Microsoft.VisualStudio.TestTools.UITest.Playback.ScreenElement.FindAllScreenElement(String queryId, Int32 depth, Boolean singleQueryId, Boolean throwException, Boolean resetSkipStep)
   at Microsoft.VisualStudio.TestTools.UITest.Playback.ScreenElement.FindScreenElement(String queryId, Int32 depth, Boolean resetSkipStep)
   at Microsoft.VisualStudio.TestTools.UITesting.UITestControl.FindFirstDescendant(String queryId, Int32 maxDepth, Int32&amp; timeLeft)
   --- End of inner exception stack trace ---
   at Microsoft.VisualStudio.TestTools.UITesting.Playback.MapControlNotFoundException(COMException ex, IPlaybackContext context)
   at Microsoft.VisualStudio.TestTools.UITesting.Playback.MapAndThrowComException(COMException innerException, IPlaybackContext context)
   at Microsoft.VisualStudio.TestTools.UITesting.Playback.MapAndThrowException(SystemException exception, IPlaybackContext context)
   at Microsoft.VisualStudio.TestTools.UITesting.Playback.MapAndThrowException(SystemException exception, String queryId)
   at Microsoft.VisualStudio.TestTools.UITesting.UITestControl.FindFirstDescendant(String queryId, Int32 maxDepth, Int32&amp; timeLeft)
   at Microsoft.VisualStudio.TestTools.UITesting.SearchHelper.GetUITestControlRecursive(Boolean useCache, Boolean alwaysSearch, ISearchArgument searchArg, IList`1 windowTitles, Int32&amp; timeLeft)
   at Microsoft.VisualStudio.TestTools.UITesting.SearchHelper.GetElement(Boolean useCache, ISearchArgument searchArg)
   at Microsoft.VisualStudio.TestTools.UITesting.SearchHelper.Search(ISearchArgument searchArg)
   at Microsoft.VisualStudio.TestTools.UITesting.UITestControl.FindInternal()
   at Microsoft.VisualStudio.TestTools.UITesting.UITestControl.&lt;Find&gt;b__3a()
   at Microsoft.VisualStudio.TestTools.UITesting.CodedUITestMethodInvoker.InvokeMethod[T](Func`1 function, UITestControl control, Boolean firePlaybackErrorEvent, Boolean logAsAction)
   at Microsoft.VisualStudio.TestTools.UITesting.UITestControl.Find()
   at Microsoft.VisualStudio.TestTools.UITesting.UITestControl.GetPropertyPrivate(String propertyName)
   at Microsoft.VisualStudio.TestTools.UITesting.UITestControl.GetPropertyOfType[T](String propertyName)
   at Microsoft.VisualStudio.TestTools.UITesting.UITestControl.get_Name()
   at TestAuto.LoggingAndSharedGenericMethods.MouseClick(UITestControl uiMenuItemTestControl) in c:\Builds\1\WebSphere\QATestAutomation\src\CodedUITest\SourceCode\Common\Logging\SharedMethods_Generic.cs:line 790
&lt;ERROR&gt;[5/15/2018 12:41:47 AM]&lt;ERROR&gt;MouseClick Exception:Microsoft.VisualStudio.TestTools.UITest.Extension.UITestControlNotFoundException: The playback failed to find the control with the given search properties. Additional Details: 
TechnologyName:  'Web'
ControlType:  'Hyperlink'
TagName:  'A'
Class:  'tlignore'
 Failed to find any control that matched the search condition ControlType='Hyperlink' &amp;&amp; Class='tlignore' ---&gt; System.Runtime.InteropServices.COMException: Error HRESULT E_FAIL has been returned from a call to a COM component.
   at Microsoft.VisualStudio.TestTools.UITest.Playback.Engine.IScreenElement.FindAllDescendants(String bstrQueryId, Object&amp; pvarResKeys, Int32 cResKeys, Int32 nMaxDepth)
   at Microsoft.VisualStudio.TestTools.UITest.Playback.ScreenElement.FindAllScreenElement(String queryId, Int32 depth, Boolean singleQueryId, Boolean throwException, Boolean resetSkipStep)
   at Microsoft.VisualStudio.TestTools.UITest.Playback.ScreenElement.FindScreenElement(String queryId, Int32 depth, Boolean resetSkipStep)
   at Microsoft.VisualStudio.TestTools.UITesting.UITestControl.FindFirstDescendant(String queryId, Int32 maxDepth, Int32&amp; timeLeft)
   --- End of inner exception stack trace ---
   at Microsoft.VisualStudio.TestTools.UITesting.Playback.MapControlNotFoundException(COMException ex, IPlaybackContext context)
   at Microsoft.VisualStudio.TestTools.UITesting.Playback.MapAndThrowComException(COMException innerException, IPlaybackContext context)
   at Microsoft.VisualStudio.TestTools.UITesting.Playback.MapAndThrowException(SystemException exception, IPlaybackContext context)
   at Microsoft.VisualStudio.TestTools.UITesting.Playback.MapAndThrowException(SystemException exception, String queryId)
   at Microsoft.VisualStudio.TestTools.UITesting.UITestControl.FindFirstDescendant(String queryId, Int32 maxDepth, Int32&amp; timeLeft)
   at Microsoft.VisualStudio.TestTools.UITesting.SearchHelper.GetUITestControlRecursive(Boolean useCache, Boolean alwaysSearch, ISearchArgument searchArg, IList`1 windowTitles, Int32&amp; timeLeft)
   at Microsoft.VisualStudio.TestTools.UITesting.SearchHelper.GetElement(Boolean useCache, ISearchArgument searchArg)
   at Microsoft.VisualStudio.TestTools.UITesting.SearchHelper.Search(ISearchArgument searchArg)
   at Microsoft.VisualStudio.TestTools.UITesting.UITestControl.FindInternal()
   at Microsoft.VisualStudio.TestTools.UITesting.UITestControl.&lt;Find&gt;b__3a()
   at Microsoft.VisualStudio.TestTools.UITesting.CodedUITestMethodInvoker.InvokeMethod[T](Func`1 function, UITestControl control, Boolean firePlaybackErrorEvent, Boolean logAsAction)
   at Microsoft.VisualStudio.TestTools.UITesting.UITestControl.Find()
   at Microsoft.VisualStudio.TestTools.UITesting.UITestControl.GetPropertyPrivate(String propertyName)
   at Microsoft.VisualStudio.TestTools.UITesting.UITestControl.GetPropertyOfType[T](String propertyName)
   at Microsoft.VisualStudio.TestTools.UITesting.UITestControl.get_Name()
   at TestAuto.LoggingAndSharedGenericMethods.MouseClick(UITestControl uiMenuItemTestControl) in c:\Builds\1\WebSphere\QATestAutomation\src\CodedUITest\SourceCode\Common\Logging\SharedMethods_Generic.cs:line 790
&lt;ERROR&gt;[5/15/2018 12:41:47 AM]&lt;Error&gt;MyAccountIncorporateCpsiaWarningsInWishlist : failed executing ...Script execution failed. Script: shoppingListJS.create()</Message>
          <StackTrace>   at TestAuto.LoggingAndSharedGenericMethods.EndTest() in c:\Builds\1\WebSphere\QATestAutomation\src\CodedUITest\SourceCode\Common\Logging\Logging.cs:line 1628
   at TestAuto.MyAccount.TestCleanup() in c:\Builds\1\WebSphere\QATestAutomation\src\CodedUITest\SourceCode\HHobby\MyAccount\MyAccount.cs:line 3165
</StackTrace>
        </ErrorInfo>
      </Output>
      <ResultFiles>
        <ResultFile path="CMP01-INDIASQA.horizonhobby.com\MyAccountIncorporateCpsiaWarningsInWishlist_20180515003809.log" />
        <ResultFile path="CMP01-INDIASQA.horizonhobby.com\MyAccountIncorporateCpsiaWarningsInWishlist_20180515004141.png" />
        <ResultFile path="CMP01-INDIASQA.horizonhobby.com\MyAccountIncorporateCpsiaWarningsInWishlist_20180515004147.png" />
        <ResultFile path="CMP01-INDIASQA.horizonhobby.com\MyAccountIncorporateCpsiaWarningsInWishlist_ResultsONLY_20180515003809.log" />
        <ResultFile path="CMP01-INDIASQA.horizonhobby.com\MyAccountTestData_003809.xml" />
        <ResultFile path="CMP01-INDIASQA.horizonhobby.com\SharedCommonConfig.xml" />
      </ResultFiles>
    </UnitTestResult>
    <UnitTestResult executionId="6821ebe7-2388-4045-af67-aba9a4fe3b72" testId="e8d25b85-f9e1-12c4-ed05-9a9babe54f89" testName="MyAccountAdditionalFieldsForWishlist" computerName="CMP01-INDIASQA" duration="00:03:38.6051868" startTime="2018-05-15T00:42:20.1953948-05:00" endTime="2018-05-15T00:45:58.8503948-05:00" testType="13cdc9d9-ddb5-4fa4-a97d-d965ccfc6d4b" outcome="Failed" testListId="8c84fa94-04c1-424b-9868-57a2d4851a1d">
      <Output>
        <StdOut>Logging to custom path:\\CMP01-YKumar\AutoLogAssert.Fail failed. 
#Other errors=2
[Error details below]
&lt;ERROR&gt;[5/15/2018 12:45:17 AM]&lt;ERROR&gt;MouseClick Exception:Microsoft.VisualStudio.TestTools.UITest.Extension.UITestControlNotFoundException: The playback failed to find the control with the given search properties. Additional Details: 
TechnologyName:  'Web'
ControlType:  'Hyperlink'
TagName:  'A'
Class:  'wishlistBtn button secondary small tlignore'
 Failed to find any control that matched the search condition ControlType='Hyperlink' &amp;&amp; Class='wishlistBtn button secondary small tlignore' ---&gt; System.Runtime.InteropServices.COMException: Error HRESULT E_FAIL has been returned from a call to a COM component.
   at Microsoft.VisualStudio.TestTools.UITest.Playback.Engine.IScreenElement.FindAllDescendants(String bstrQueryId, Object&amp; pvarResKeys, Int32 cResKeys, Int32 nMaxDepth)
   at Microsoft.VisualStudio.TestTools.UITest.Playback.ScreenElement.FindAllScreenElement(String queryId, Int32 depth, Boolean singleQueryId, Boolean throwException, Boolean resetSkipStep)
   at Microsoft.VisualStudio.TestTools.UITest.Playback.ScreenElement.FindScreenElement(String queryId, Int32 depth, Boolean resetSkipStep)
   at Microsoft.VisualStudio.TestTools.UITesting.UITestControl.FindFirstDescendant(String queryId, Int32 maxDepth, Int32&amp; timeLeft)
   --- End of inner exception stack trace ---
   at Microsoft.VisualStudio.TestTools.UITesting.Playback.MapControlNotFoundException(COMException ex, IPlaybackContext context)
   at Microsoft.VisualStudio.TestTools.UITesting.Playback.MapAndThrowComException(COMException innerException, IPlaybackContext context)
   at Microsoft.VisualStudio.TestTools.UITesting.Playback.MapAndThrowException(SystemException exception, IPlaybackContext context)
   at Microsoft.VisualStudio.TestTools.UITesting.Playback.MapAndThrowException(SystemException exception, String queryId)
   at Microsoft.VisualStudio.TestTools.UITesting.UITestControl.FindFirstDescendant(String queryId, Int32 maxDepth, Int32&amp; timeLeft)
   at Microsoft.VisualStudio.TestTools.UITesting.SearchHelper.GetUITestControlRecursive(Boolean useCache, Boolean alwaysSearch, ISearchArgument searchArg, IList`1 windowTitles, Int32&amp; timeLeft)
   at Microsoft.VisualStudio.TestTools.UITesting.SearchHelper.GetElement(Boolean useCache, ISearchArgument searchArg)
   at Microsoft.VisualStudio.TestTools.UITesting.SearchHelper.Search(ISearchArgument searchArg)
   at Microsoft.VisualStudio.TestTools.UITesting.UITestControl.FindInternal()
   at Microsoft.VisualStudio.TestTools.UITesting.UITestControl.&lt;Find&gt;b__3a()
   at Microsoft.VisualStudio.TestTools.UITesting.CodedUITestMethodInvoker.InvokeMethod[T](Func`1 function, UITestControl control, Boolean firePlaybackErrorEvent, Boolean logAsAction)
   at Microsoft.VisualStudio.TestTools.UITesting.UITestControl.Find()
   at Microsoft.VisualStudio.TestTools.UITesting.UITestControl.GetPropertyPrivate(String propertyName)
   at Microsoft.VisualStudio.TestTools.UITesting.UITestControl.GetPropertyOfType[T](String propertyName)
   at Microsoft.VisualStudio.TestTools.UITesting.UITestControl.get_Name()
   at TestAuto.LoggingAndSharedGenericMethods.MouseClick(UITestControl uiMenuItemTestControl) in c:\Builds\1\WebSphere\QATestAutomation\src\CodedUITest\SourceCode\Common\Logging\SharedMethods_Generic.cs:line 790
&lt;ERROR&gt;[5/15/2018 12:45:26 AM]&lt;Error&gt;MyAccountAdditionalFieldsForWishlist : failed executing ...The playback failed to find the control with the given search properties. Additional Details: 
TechnologyName:  'Web'
ControlType:  'Hyperlink'
TagName:  'A'
Id:  'ShoppingListLink_'
role:  'menuitem'
 Failed to find any control that matched the search condition ControlType='Hyperlink' &amp;&amp; Id=&gt;'ShoppingListLink_' &amp;&amp; role=&gt;'menuitem'   at TestAuto.LoggingAndSharedGenericMethods.EndTest() in c:\Builds\1\WebSphere\QATestAutomation\src\CodedUITest\SourceCode\Common\Logging\Logging.cs:line 1628
   at TestAuto.MyAccount.TestCleanup() in c:\Builds\1\WebSphere\QATestAutomation\src\CodedUITest\SourceCode\HHobby\MyAccount\MyAccount.cs:line 3165
[5/15/2018 12:42:20 AM]&lt;STARTLOG&gt;&lt;MyAccountAdditionalFieldsForWishlist&gt;Test Started: Expecting: #PASS=Undefined and #FAIL=0
Running from MTM=True, running on machine name:CMP01-INDIASQA, user name=ykumar, OS=Microsoft Windows NT 6.1.7601 Service Pack 1, Is64BitOS=True[5/15/2018 12:42:21 AM]&lt;INFO&gt;LogCPUAndMemoryUsage: Available Memory = 24259(MB), CPU Usage = 16.92947%[5/15/2018 12:42:21 AM]&lt;INFO&gt;Private Working Set for QTAgent32_40, usage=205324 (K)[5/15/2018 12:42:21 AM]&lt;INFO&gt;Path To TestConfig xml=E:\LoadTestResult\VSEQT\QTAgent\26973\CMP01-INDIASQA.horizonhobby.com\Deployment\SharedCommonConfig.xml[5/15/2018 12:42:21 AM]&lt;INFO&gt;Path To TestData xml=E:\LoadTestResult\VSEQT\QTAgent\26973\CMP01-INDIASQA.horizonhobby.com\Deployment\MyAccountTestData_004220.xml[5/15/2018 12:42:21 AM]&lt;INFO&gt;Path To HorizonHobbyQA Application Url=https://www-tst.horizonhobby.com[5/15/2018 12:42:21 AM]&lt;INFO&gt;HorizonHobbyQA sql connection string=Server=cmp02-ws-tst-db01:50000;Database=TST01DB;UID=wcdbuser;PWD=h0r1z0n;Connect Timeout=30[5/15/2018 12:42:21 AM]&lt;INFO&gt;Country is := US and language id is := '-1'[5/15/2018 12:42:21 AM]&lt;INFO&gt;Current browser used for test execution is = 'IE'[5/15/2018 12:42:25 AM]&lt;INFO&gt;SurveyWindow : method executing ...[5/15/2018 12:42:34 AM]&lt;INFO&gt;SurveyWindow : method executing ...[5/15/2018 12:42:42 AM]&lt;INFO&gt;ContinueOnCertificationErrorClickexecuting ...[5/15/2018 12:42:42 AM]&lt;Info&gt;DEAllBrowserWindow : Locating browser window...[5/15/2018 12:42:50 AM]&lt;INFO&gt;UserRegistration : method executing ...[5/15/2018 12:42:50 AM]&lt;Info&gt;AllBrowserWindow : Locating browser window...[5/15/2018 12:43:18 AM]&lt;Info&gt;AllBrowserWindow : Locating browser window...[5/15/2018 12:43:36 AM]&lt;INFO&gt;SurveyWindow : method executing ...[5/15/2018 12:43:51 AM]&lt;INFO&gt;SearchProductexecuting ... Searching term:= 'DUB2253'[5/15/2018 12:43:57 AM]&lt;Info&gt;AllBrowserWindow : Locating browser window...[5/15/2018 12:44:23 AM]&lt;INFO&gt;SearchProductexecuting ... Searching term:= 'TRA3677'[5/15/2018 12:44:28 AM]&lt;Info&gt;AllBrowserWindow : Locating browser window...Assert.Fail failed. [5/15/2018 12:45:17 AM]&lt;ERROR&gt;MouseClick Exception:Microsoft.VisualStudio.TestTools.UITest.Extension.UITestControlNotFoundException: The playback failed to find the control with the given search properties. Additional Details: 
TechnologyName:  'Web'
ControlType:  'Hyperlink'
TagName:  'A'
Class:  'wishlistBtn button secondary small tlignore'
 Failed to find any control that matched the search condition ControlType='Hyperlink' &amp;&amp; Class='wishlistBtn button secondary small tlignore' ---&gt; System.Runtime.InteropServices.COMException: Error HRESULT E_FAIL has been returned from a call to a COM component.
   at Microsoft.VisualStudio.TestTools.UITest.Playback.Engine.IScreenElement.FindAllDescendants(String bstrQueryId, Object&amp; pvarResKeys, Int32 cResKeys, Int32 nMaxDepth)
   at Microsoft.VisualStudio.TestTools.UITest.Playback.ScreenElement.FindAllScreenElement(String queryId, Int32 depth, Boolean singleQueryId, Boolean throwException, Boolean resetSkipStep)
   at Microsoft.VisualStudio.TestTools.UITest.Playback.ScreenElement.FindScreenElement(String queryId, Int32 depth, Boolean resetSkipStep)
   at Microsoft.VisualStudio.TestTools.UITesting.UITestControl.FindFirstDescendant(String queryId, Int32 maxDepth, Int32&amp; timeLeft)
   --- End of inner exception stack trace ---
   at Microsoft.VisualStudio.TestTools.UITesting.Playback.MapControlNotFoundException(COMException ex, IPlaybackContext context)
   at Microsoft.VisualStudio.TestTools.UITesting.Playback.MapAndThrowComException(COMException innerException, IPlaybackContext context)
   at Microsoft.VisualStudio.TestTools.UITesting.Playback.MapAndThrowException(SystemException exception, IPlaybackContext context)
   at Microsoft.VisualStudio.TestTools.UITesting.Playback.MapAndThrowException(SystemException exception, String queryId)
   at Microsoft.VisualStudio.TestTools.UITesting.UITestControl.FindFirstDescendant(String queryId, Int32 maxDepth, Int32&amp; timeLeft)
   at Microsoft.VisualStudio.TestTools.UITesting.SearchHelper.GetUITestControlRecursive(Boolean useCache, Boolean alwaysSearch, ISearchArgument searchArg, IList`1 windowTitles, Int32&amp; timeLeft)
   at Microsoft.VisualStudio.TestTools.UITesting.SearchHelper.GetElement(Boolean useCache, ISearchArgument searchArg)
   at Microsoft.VisualStudio.TestTools.UITesting.SearchHelper.Search(ISearchArgument searchArg)
   at Microsoft.VisualStudio.TestTools.UITesting.UITestControl.FindInternal()
   at Microsoft.VisualStudio.TestTools.UITesting.UITestControl.&lt;Find&gt;b__3a()
   at Microsoft.VisualStudio.TestTools.UITesting.CodedUITestMethodInvoker.InvokeMethod[T](Func`1 function, UITestControl control, Boolean firePlaybackErrorEvent, Boolean logAsAction)
   at Microsoft.VisualStudio.TestTools.UITesting.UITestControl.Find()
   at Microsoft.VisualStudio.TestTools.UITesting.UITestControl.GetPropertyPrivate(String propertyName)
   at Microsoft.VisualStudio.TestTools.UITesting.UITestControl.GetPropertyOfType[T](String propertyName)
   at Microsoft.VisualStudio.TestTools.UITesting.UITestControl.get_Name()
   at TestAuto.LoggingAndSharedGenericMethods.MouseClick(UITestControl uiMenuItemTestControl) in c:\Builds\1\WebSphere\QATestAutomation\src\CodedUITest\SourceCode\Common\Logging\SharedMethods_Generic.cs:line 790, 
    StackTrace:
    MouseClick(),SharedMethods_Generic.cs,Line Number:822
    MyAccountAdditionalFieldsForWishlist(),MyAccount.cs,Line Number:883[5/15/2018 12:45:17 AM]&lt;CaptureImage&gt;\\CMP01-YKumar\AutoLog\CMP01-INDIASQA\MyAccountAdditionalFieldsForWishlist_20180515004517.pngAssert.Fail failed. [5/15/2018 12:45:26 AM]&lt;Error&gt;MyAccountAdditionalFieldsForWishlist : failed executing ...The playback failed to find the control with the given search properties. Additional Details: 
TechnologyName:  'Web'
ControlType:  'Hyperlink'
TagName:  'A'
Id:  'ShoppingListLink_'
role:  'menuitem'
 Failed to find any control that matched the search condition ControlType='Hyperlink' &amp;&amp; Id=&gt;'ShoppingListLink_' &amp;&amp; role=&gt;'menuitem', 
    StackTrace:
    MyAccountAdditionalFieldsForWishlist(),MyAccount.cs,Line Number:934[5/15/2018 12:45:26 AM]&lt;CaptureImage&gt;\\CMP01-YKumar\AutoLog\CMP01-INDIASQA\MyAccountAdditionalFieldsForWishlist_20180515004526.png[5/15/2018 12:45:26 AM]&lt;INFO&gt;DeleteWishlistFromDatabase : method executing[5/15/2018 12:45:55 AM]&lt;RESULT&gt;Test Ended:#PASS=0, #FAIL=0,#Other errors=2[5/15/2018 12:45:56 AM]&lt;INFO&gt;LogCPUAndMemoryUsage: Available Memory = 24228(MB), CPU Usage = 13.89555%[5/15/2018 12:45:56 AM]&lt;INFO&gt;Private Working Set for QTAgent32_40, usage=213208 (K)[5/15/2018 12:45:56 AM]&lt;RESULT&gt;&lt;MyAccountAdditionalFieldsForWishlist&gt; Test FAILED: #Other errors=2. See Error Message/logs for further details.</StdOut>
        <ErrorInfo>
          <Message>Assert.Fail failed. 
#Other errors=2
[Error details below]
&lt;ERROR&gt;[5/15/2018 12:45:17 AM]&lt;ERROR&gt;MouseClick Exception:Microsoft.VisualStudio.TestTools.UITest.Extension.UITestControlNotFoundException: The playback failed to find the control with the given search properties. Additional Details: 
TechnologyName:  'Web'
ControlType:  'Hyperlink'
TagName:  'A'
Class:  'wishlistBtn button secondary small tlignore'
 Failed to find any control that matched the search condition ControlType='Hyperlink' &amp;&amp; Class='wishlistBtn button secondary small tlignore' ---&gt; System.Runtime.InteropServices.COMException: Error HRESULT E_FAIL has been returned from a call to a COM component.
   at Microsoft.VisualStudio.TestTools.UITest.Playback.Engine.IScreenElement.FindAllDescendants(String bstrQueryId, Object&amp; pvarResKeys, Int32 cResKeys, Int32 nMaxDepth)
   at Microsoft.VisualStudio.TestTools.UITest.Playback.ScreenElement.FindAllScreenElement(String queryId, Int32 depth, Boolean singleQueryId, Boolean throwException, Boolean resetSkipStep)
   at Microsoft.VisualStudio.TestTools.UITest.Playback.ScreenElement.FindScreenElement(String queryId, Int32 depth, Boolean resetSkipStep)
   at Microsoft.VisualStudio.TestTools.UITesting.UITestControl.FindFirstDescendant(String queryId, Int32 maxDepth, Int32&amp; timeLeft)
   --- End of inner exception stack trace ---
   at Microsoft.VisualStudio.TestTools.UITesting.Playback.MapControlNotFoundException(COMException ex, IPlaybackContext context)
   at Microsoft.VisualStudio.TestTools.UITesting.Playback.MapAndThrowComException(COMException innerException, IPlaybackContext context)
   at Microsoft.VisualStudio.TestTools.UITesting.Playback.MapAndThrowException(SystemException exception, IPlaybackContext context)
   at Microsoft.VisualStudio.TestTools.UITesting.Playback.MapAndThrowException(SystemException exception, String queryId)
   at Microsoft.VisualStudio.TestTools.UITesting.UITestControl.FindFirstDescendant(String queryId, Int32 maxDepth, Int32&amp; timeLeft)
   at Microsoft.VisualStudio.TestTools.UITesting.SearchHelper.GetUITestControlRecursive(Boolean useCache, Boolean alwaysSearch, ISearchArgument searchArg, IList`1 windowTitles, Int32&amp; timeLeft)
   at Microsoft.VisualStudio.TestTools.UITesting.SearchHelper.GetElement(Boolean useCache, ISearchArgument searchArg)
   at Microsoft.VisualStudio.TestTools.UITesting.SearchHelper.Search(ISearchArgument searchArg)
   at Microsoft.VisualStudio.TestTools.UITesting.UITestControl.FindInternal()
   at Microsoft.VisualStudio.TestTools.UITesting.UITestControl.&lt;Find&gt;b__3a()
   at Microsoft.VisualStudio.TestTools.UITesting.CodedUITestMethodInvoker.InvokeMethod[T](Func`1 function, UITestControl control, Boolean firePlaybackErrorEvent, Boolean logAsAction)
   at Microsoft.VisualStudio.TestTools.UITesting.UITestControl.Find()
   at Microsoft.VisualStudio.TestTools.UITesting.UITestControl.GetPropertyPrivate(String propertyName)
   at Microsoft.VisualStudio.TestTools.UITesting.UITestControl.GetPropertyOfType[T](String propertyName)
   at Microsoft.VisualStudio.TestTools.UITesting.UITestControl.get_Name()
   at TestAuto.LoggingAndSharedGenericMethods.MouseClick(UITestControl uiMenuItemTestControl) in c:\Builds\1\WebSphere\QATestAutomation\src\CodedUITest\SourceCode\Common\Logging\SharedMethods_Generic.cs:line 790
&lt;ERROR&gt;[5/15/2018 12:45:26 AM]&lt;Error&gt;MyAccountAdditionalFieldsForWishlist : failed executing ...The playback failed to find the control with the given search properties. Additional Details: 
TechnologyName:  'Web'
ControlType:  'Hyperlink'
TagName:  'A'
Id:  'ShoppingListLink_'
role:  'menuitem'
 Failed to find any control that matched the search condition ControlType='Hyperlink' &amp;&amp; Id=&gt;'ShoppingListLink_' &amp;&amp; role=&gt;'menuitem'</Message>
          <StackTrace>   at TestAuto.LoggingAndSharedGenericMethods.EndTest() in c:\Builds\1\WebSphere\QATestAutomation\src\CodedUITest\SourceCode\Common\Logging\Logging.cs:line 1628
   at TestAuto.MyAccount.TestCleanup() in c:\Builds\1\WebSphere\QATestAutomation\src\CodedUITest\SourceCode\HHobby\MyAccount\MyAccount.cs:line 3165
</StackTrace>
        </ErrorInfo>
      </Output>
      <ResultFiles>
        <ResultFile path="CMP01-INDIASQA.horizonhobby.com\MyAccountAdditionalFieldsForWishlist_20180515004220.log" />
        <ResultFile path="CMP01-INDIASQA.horizonhobby.com\MyAccountAdditionalFieldsForWishlist_20180515004517.png" />
        <ResultFile path="CMP01-INDIASQA.horizonhobby.com\MyAccountAdditionalFieldsForWishlist_20180515004526.png" />
        <ResultFile path="CMP01-INDIASQA.horizonhobby.com\MyAccountAdditionalFieldsForWishlist_ResultsONLY_20180515004220.log" />
        <ResultFile path="CMP01-INDIASQA.horizonhobby.com\MyAccountTestData_004220.xml" />
        <ResultFile path="CMP01-INDIASQA.horizonhobby.com\SharedCommonConfig.xml" />
      </ResultFiles>
    </UnitTestResult>
    <UnitTestResult executionId="7e331245-2b01-4bc9-9ef2-4d0110cb1b19" testId="345f528c-b4e2-586f-df1d-545581ac6078" testName="MyAccountOrderHistoryDetailDisplay" computerName="CMP01-INDIASQA" duration="00:00:44.0776600" startTime="2018-05-15T00:45:58.8523948-05:00" endTime="2018-05-15T00:46:42.9773948-05:00" testType="13cdc9d9-ddb5-4fa4-a97d-d965ccfc6d4b" outcome="Failed" testListId="8c84fa94-04c1-424b-9868-57a2d4851a1d">
      <Output>
        <StdOut>Logging to custom path:\\CMP01-YKumar\AutoLogAssert.Fail failed. 
#Other errors=2
[Error details below]
&lt;ERROR&gt;[5/15/2018 12:46:39 AM]&lt;ERROR&gt;UserRegistration : failed executing ...Cannot perform 'Click' on the hidden control. Additional Details: 
TechnologyName:  'Web'
ControlType:  'Pane'
TagName:  'SPAN'
Id:  ''
Name:  ''

&lt;ERROR&gt;[5/15/2018 12:46:39 AM]&lt;Error&gt;MyAccountOrderHistoryDetailDisplay : failed executing ...Index was outside the bounds of the array.   at TestAuto.LoggingAndSharedGenericMethods.EndTest() in c:\Builds\1\WebSphere\QATestAutomation\src\CodedUITest\SourceCode\Common\Logging\Logging.cs:line 1628
   at TestAuto.MyAccount.TestCleanup() in c:\Builds\1\WebSphere\QATestAutomation\src\CodedUITest\SourceCode\HHobby\MyAccount\MyAccount.cs:line 3165
[5/15/2018 12:45:58 AM]&lt;STARTLOG&gt;&lt;MyAccountOrderHistoryDetailDisplay&gt;Test Started: Expecting: #PASS=Undefined and #FAIL=0
Running from MTM=True, running on machine name:CMP01-INDIASQA, user name=ykumar, OS=Microsoft Windows NT 6.1.7601 Service Pack 1, Is64BitOS=True[5/15/2018 12:45:59 AM]&lt;INFO&gt;LogCPUAndMemoryUsage: Available Memory = 24284(MB), CPU Usage = 17.60241%[5/15/2018 12:45:59 AM]&lt;INFO&gt;Private Working Set for QTAgent32_40, usage=207268 (K)[5/15/2018 12:45:59 AM]&lt;INFO&gt;Path To TestConfig xml=E:\LoadTestResult\VSEQT\QTAgent\26973\CMP01-INDIASQA.horizonhobby.com\Deployment\SharedCommonConfig.xml[5/15/2018 12:45:59 AM]&lt;INFO&gt;Path To TestData xml=E:\LoadTestResult\VSEQT\QTAgent\26973\CMP01-INDIASQA.horizonhobby.com\Deployment\MyAccountTestData_004558.xml[5/15/2018 12:45:59 AM]&lt;INFO&gt;Path To HorizonHobbyQA Application Url=https://www-tst.horizonhobby.com[5/15/2018 12:45:59 AM]&lt;INFO&gt;HorizonHobbyQA sql connection string=Server=cmp02-ws-tst-db01:50000;Database=TST01DB;UID=wcdbuser;PWD=h0r1z0n;Connect Timeout=30[5/15/2018 12:45:59 AM]&lt;INFO&gt;Country is := US and language id is := '-1'[5/15/2018 12:45:59 AM]&lt;INFO&gt;Current browser used for test execution is = 'IE'[5/15/2018 12:46:05 AM]&lt;INFO&gt;SurveyWindow : method executing ...[5/15/2018 12:46:12 AM]&lt;INFO&gt;ContinueOnCertificationErrorClickexecuting ...[5/15/2018 12:46:12 AM]&lt;Info&gt;DEAllBrowserWindow : Locating browser window...[5/15/2018 12:46:20 AM]&lt;INFO&gt;UserRegistration : method executing ...[5/15/2018 12:46:20 AM]&lt;Info&gt;AllBrowserWindow : Locating browser window...Assert.Fail failed. [5/15/2018 12:46:39 AM]&lt;ERROR&gt;UserRegistration : failed executing ...Cannot perform 'Click' on the hidden control. Additional Details: 
TechnologyName:  'Web'
ControlType:  'Pane'
TagName:  'SPAN'
Id:  ''
Name:  ''
, 
    StackTrace:
    UserRegistration(),SharedUserRegistration.cs,Line Number:836
    RegisterNewUser(),SharedUserRegistration.cs,Line Number:1158
    MyAccountOrderHistoryDetailDisplay(),MyAccount.cs,Line Number:1138[5/15/2018 12:46:39 AM]&lt;CaptureImage&gt;\\CMP01-YKumar\AutoLog\CMP01-INDIASQA\MyAccountOrderHistoryDetailDisplay_20180515004639.pngAssert.Fail failed. [5/15/2018 12:46:39 AM]&lt;Error&gt;MyAccountOrderHistoryDetailDisplay : failed executing ...Index was outside the bounds of the array., 
    StackTrace:
    MyAccountOrderHistoryDetailDisplay(),MyAccount.cs,Line Number:1255[5/15/2018 12:46:39 AM]&lt;CaptureImage&gt;\\CMP01-YKumar\AutoLog\CMP01-INDIASQA\MyAccountOrderHistoryDetailDisplay_20180515004639.png[5/15/2018 12:46:39 AM]&lt;RESULT&gt;Test Ended:#PASS=0, #FAIL=0,#Other errors=2[5/15/2018 12:46:40 AM]&lt;INFO&gt;LogCPUAndMemoryUsage: Available Memory = 24262(MB), CPU Usage = 3.08438%[5/15/2018 12:46:40 AM]&lt;INFO&gt;Private Working Set for QTAgent32_40, usage=216492 (K)[5/15/2018 12:46:40 AM]&lt;RESULT&gt;&lt;MyAccountOrderHistoryDetailDisplay&gt; Test FAILED: #Other errors=2. See Error Message/logs for further details.</StdOut>
        <ErrorInfo>
          <Message>Assert.Fail failed. 
#Other errors=2
[Error details below]
&lt;ERROR&gt;[5/15/2018 12:46:39 AM]&lt;ERROR&gt;UserRegistration : failed executing ...Cannot perform 'Click' on the hidden control. Additional Details: 
TechnologyName:  'Web'
ControlType:  'Pane'
TagName:  'SPAN'
Id:  ''
Name:  ''

&lt;ERROR&gt;[5/15/2018 12:46:39 AM]&lt;Error&gt;MyAccountOrderHistoryDetailDisplay : failed executing ...Index was outside the bounds of the array.</Message>
          <StackTrace>   at TestAuto.LoggingAndSharedGenericMethods.EndTest() in c:\Builds\1\WebSphere\QATestAutomation\src\CodedUITest\SourceCode\Common\Logging\Logging.cs:line 1628
   at TestAuto.MyAccount.TestCleanup() in c:\Builds\1\WebSphere\QATestAutomation\src\CodedUITest\SourceCode\HHobby\MyAccount\MyAccount.cs:line 3165
</StackTrace>
        </ErrorInfo>
      </Output>
      <ResultFiles>
        <ResultFile path="CMP01-INDIASQA.horizonhobby.com\MyAccountOrderHistoryDetailDisplay_20180515004558.log" />
        <ResultFile path="CMP01-INDIASQA.horizonhobby.com\MyAccountOrderHistoryDetailDisplay_20180515004639.png" />
        <ResultFile path="CMP01-INDIASQA.horizonhobby.com\MyAccountOrderHistoryDetailDisplay_ResultsONLY_20180515004558.log" />
        <ResultFile path="CMP01-INDIASQA.horizonhobby.com\MyAccountTestData_004558.xml" />
        <ResultFile path="CMP01-INDIASQA.horizonhobby.com\SharedCommonConfig.xml" />
      </ResultFiles>
    </UnitTestResult>
    <UnitTestResult executionId="baa81998-3682-452d-9918-0204d0240e14" testId="2765b9ba-fe80-b712-0dc1-f01d5492e63b" testName="BrickAndMortarProductPage" computerName="CMP01-INDIASQA" duration="00:01:26.4324443" startTime="2018-05-15T00:46:42.9813948-05:00" endTime="2018-05-15T00:48:09.4583948-05:00" testType="13cdc9d9-ddb5-4fa4-a97d-d965ccfc6d4b" outcome="Passed" testListId="8c84fa94-04c1-424b-9868-57a2d4851a1d">
      <Output>
        <StdOut>Logging to custom path:\\CMP01-YKumar\AutoLog[5/15/2018 12:46:43 AM]&lt;STARTLOG&gt;&lt;BrickAndMortarProductPage&gt;Test Started: Expecting: #PASS=Undefined and #FAIL=0
Running from MTM=True, running on machine name:CMP01-INDIASQA, user name=ykumar, OS=Microsoft Windows NT 6.1.7601 Service Pack 1, Is64BitOS=True[5/15/2018 12:46:44 AM]&lt;INFO&gt;LogCPUAndMemoryUsage: Available Memory = 24389(MB), CPU Usage = 17.72181%[5/15/2018 12:46:44 AM]&lt;INFO&gt;Private Working Set for QTAgent32_40, usage=216760 (K)[5/15/2018 12:46:44 AM]&lt;INFO&gt;Path To TestConfig xml=E:\LoadTestResult\VSEQT\QTAgent\26973\CMP01-INDIASQA.horizonhobby.com\Deployment\SharedCommonConfig.xml[5/15/2018 12:46:44 AM]&lt;INFO&gt;Path To TestData xml=E:\LoadTestResult\VSEQT\QTAgent\26973\CMP01-INDIASQA.horizonhobby.com\Deployment\ProductPageTestData_004643.xml[5/15/2018 12:46:44 AM]&lt;INFO&gt;Path To HorizonHobbyQA Application Url=https://www-tst.horizonhobby.com[5/15/2018 12:46:44 AM]&lt;INFO&gt;HorizonHobbyQA sql connection string=Server=cmp02-ws-tst-db01:50000;Database=TST01DB;UID=wcdbuser;PWD=h0r1z0n;Connect Timeout=30[5/15/2018 12:46:44 AM]&lt;INFO&gt;Country is := US and language id is := '-1'[5/15/2018 12:46:44 AM]&lt;INFO&gt;Current browser used for test execution is = 'IE'[5/15/2018 12:46:47 AM]&lt;Info&gt;AllBrowserWindow : Locating browser window...[5/15/2018 12:46:47 AM]&lt;INFO&gt;GetSearchProductOnAttributeValue executing... [5/15/2018 12:46:47 AM]&lt;INFO&gt;SearchProductexecuting ... Searching term:= 'BLH8616'[5/15/2018 12:46:54 AM]&lt;Info&gt;AllBrowserWindow : Locating browser window...[5/15/2018 12:46:54 AM]&lt;Info&gt;AllBrowserWindow : Locating browser window...[5/15/2018 12:46:55 AM]&lt;PASS&gt;&lt;BrickAndMortarProductPage&gt;&lt;Validate Available in store message appears&gt;[5/15/2018 12:46:55 AM]&lt;PASS&gt;&lt;BrickAndMortarProductPage&gt;&lt;Validate Prices and availability may vary message appears&gt;[5/15/2018 12:46:56 AM]&lt;PASS&gt;&lt;BrickAndMortarProductPage&gt;&lt;Validate Price appears&gt;[5/15/2018 12:46:56 AM]&lt;PASS&gt;&lt;BrickAndMortarProductPage&gt;&lt;Validate ZipCode edit box exists&gt;[5/15/2018 12:46:56 AM]&lt;PASS&gt;&lt;BrickAndMortarProductPage&gt;&lt;Validate Find Nearby Store button exists&gt;[5/15/2018 12:47:00 AM]&lt;PASS&gt;&lt;BrickAndMortarProductPage&gt;&lt;Validate Free Shipping Message does not exist&gt;[5/15/2018 12:47:07 AM]&lt;PASS&gt;&lt;BrickAndMortarProductPage&gt;&lt;Validate Add To Cart button does not exist&gt;[5/15/2018 12:47:14 AM]&lt;PASS&gt;&lt;BrickAndMortarProductPage&gt;&lt;Validate Add To Wishlist button does not exist&gt;[5/15/2018 12:47:21 AM]&lt;PASS&gt;&lt;BrickAndMortarProductPage&gt;&lt;Validate Quantity box does not exist&gt;[5/15/2018 12:47:56 AM]&lt;PASS&gt;&lt;BrickAndMortarProductPage&gt;&lt;Validate user is redirected to find a retailer page on clicking in Find Nearby Store&gt;[5/15/2018 12:47:56 AM]&lt;RESULT&gt;Test Ended:#PASS=10, #FAIL=0[5/15/2018 12:47:57 AM]&lt;INFO&gt;LogCPUAndMemoryUsage: Available Memory = 24232(MB), CPU Usage = 7.077332%[5/15/2018 12:47:57 AM]&lt;INFO&gt;Private Working Set for QTAgent32_40, usage=206264 (K)[5/15/2018 12:47:57 AM]&lt;RESULT&gt;&lt;BrickAndMortarProductPage&gt; Test PASSED</StdOut>
      </Output>
      <ResultFiles>
        <ResultFile path="CMP01-INDIASQA.horizonhobby.com\BrickAndMortarProductPage_20180515004643.log" />
        <ResultFile path="CMP01-INDIASQA.horizonhobby.com\BrickAndMortarProductPage_ResultsONLY_20180515004643.log" />
        <ResultFile path="CMP01-INDIASQA.horizonhobby.com\ProductPageTestData_004643.xml" />
        <ResultFile path="CMP01-INDIASQA.horizonhobby.com\SharedCommonConfig.xml" />
      </ResultFiles>
    </UnitTestResult>
    <UnitTestResult executionId="292ae33d-2b6c-42d3-ae8a-988b1061a58a" testId="5a4ec664-a787-cb17-b021-6c0af292c1bf" testName="ProductPageAddToWishListDisplay" computerName="CMP01-INDIASQA" duration="00:03:16.5657336" startTime="2018-05-15T00:48:09.4603948-05:00" endTime="2018-05-15T00:51:26.0673948-05:00" testType="13cdc9d9-ddb5-4fa4-a97d-d965ccfc6d4b" outcome="Passed" testListId="8c84fa94-04c1-424b-9868-57a2d4851a1d">
      <Output>
        <StdOut>Logging to custom path:\\CMP01-YKumar\AutoLog[5/15/2018 12:48:09 AM]&lt;STARTLOG&gt;&lt;ProductPageAddToWishListDisplay&gt;Test Started: Expecting: #PASS=Undefined and #FAIL=0
Running from MTM=True, running on machine name:CMP01-INDIASQA, user name=ykumar, OS=Microsoft Windows NT 6.1.7601 Service Pack 1, Is64BitOS=True[5/15/2018 12:48:10 AM]&lt;INFO&gt;LogCPUAndMemoryUsage: Available Memory = 24232(MB), CPU Usage = 8.440969%[5/15/2018 12:48:10 AM]&lt;INFO&gt;Private Working Set for QTAgent32_40, usage=206640 (K)[5/15/2018 12:48:10 AM]&lt;INFO&gt;Path To TestConfig xml=E:\LoadTestResult\VSEQT\QTAgent\26973\CMP01-INDIASQA.horizonhobby.com\Deployment\SharedCommonConfig.xml[5/15/2018 12:48:10 AM]&lt;INFO&gt;Path To TestData xml=E:\LoadTestResult\VSEQT\QTAgent\26973\CMP01-INDIASQA.horizonhobby.com\Deployment\ProductPageTestData_004809.xml[5/15/2018 12:48:10 AM]&lt;INFO&gt;Path To HorizonHobbyQA Application Url=https://www-tst.horizonhobby.com[5/15/2018 12:48:10 AM]&lt;INFO&gt;HorizonHobbyQA sql connection string=Server=cmp02-ws-tst-db01:50000;Database=TST01DB;UID=wcdbuser;PWD=h0r1z0n;Connect Timeout=30[5/15/2018 12:48:10 AM]&lt;INFO&gt;Country is := US and language id is := '-1'[5/15/2018 12:48:10 AM]&lt;INFO&gt;Current browser used for test execution is = 'IE'[5/15/2018 12:48:13 AM]&lt;Info&gt;AllBrowserWindow : Locating browser window...[5/15/2018 12:48:15 AM]&lt;INFO&gt;SurveyWindow : method executing ...[5/15/2018 12:48:25 AM]&lt;INFO&gt;ContinueOnCertificationErrorClickexecuting ...[5/15/2018 12:48:25 AM]&lt;Info&gt;DEAllBrowserWindow : Locating browser window...[5/15/2018 12:48:31 AM]&lt;INFO&gt;ClickAcceptCookiesAgreement : failed executing ...[5/15/2018 12:48:37 AM]&lt;INFO&gt;UserRegistration : method executing ...[5/15/2018 12:48:37 AM]&lt;Info&gt;AllBrowserWindow : Locating browser window...[5/15/2018 12:49:03 AM]&lt;Info&gt;AllBrowserWindow : Locating browser window...[5/15/2018 12:49:23 AM]&lt;Info&gt;AllBrowserWindow : Locating browser window...[5/15/2018 12:49:35 AM]&lt;Info&gt;AllBrowserWindow : Locating browser window...[5/15/2018 12:49:41 AM]&lt;INFO&gt;SearchProductexecuting ... Searching term:= 'BLH3215'[5/15/2018 12:49:48 AM]&lt;Info&gt;AllBrowserWindow : Locating browser window...[5/15/2018 12:49:49 AM]&lt;INFO&gt;KeyboardSendKeys method executing...[5/15/2018 12:50:03 AM]&lt;PASS&gt;&lt;ProductPageAddToWishListDisplay&gt;&lt;Sign In Register required to proceed&gt;[5/15/2018 12:50:04 AM]&lt;Info&gt;AllBrowserWindow : Locating browser window...[5/15/2018 12:50:07 AM]&lt;INFO&gt;HHLogin method executing ...[5/15/2018 12:50:07 AM]&lt;Info&gt;AllBrowserWindow : Locating browser window...[5/15/2018 12:50:12 AM]&lt;Info&gt;AllBrowserWindow : Locating browser window...[5/15/2018 12:50:24 AM]&lt;INFO&gt;KeyboardSendKeys method executing...[5/15/2018 12:50:39 AM]&lt;PASS&gt;&lt;ProductPageAddToWishListDisplay&gt;&lt;Sign In Register link not appearing, instead Create New Wishlist Link appears&gt;[5/15/2018 12:50:53 AM]&lt;PASS&gt;&lt;ProductPageAddToWishListDisplay&gt;&lt;Verify user should be able to add Item in wish list after login and closed dialog box continue shopping.&gt;[5/15/2018 12:50:53 AM]&lt;INFO&gt;DeleteWishlistFromDatabase : method executing[5/15/2018 12:50:53 AM]&lt;INFO&gt;DeleteWishlistFromDatabase : method executing[5/15/2018 12:51:22 AM]&lt;RESULT&gt;Test Ended:#PASS=3, #FAIL=0[5/15/2018 12:51:23 AM]&lt;INFO&gt;LogCPUAndMemoryUsage: Available Memory = 24201(MB), CPU Usage = 1.817552%[5/15/2018 12:51:23 AM]&lt;INFO&gt;Private Working Set for QTAgent32_40, usage=205368 (K)[5/15/2018 12:51:23 AM]&lt;RESULT&gt;&lt;ProductPageAddToWishListDisplay&gt; Test PASSED</StdOut>
      </Output>
      <ResultFiles>
        <ResultFile path="CMP01-INDIASQA.horizonhobby.com\ProductPageAddToWishListDisplay_20180515004809.log" />
        <ResultFile path="CMP01-INDIASQA.horizonhobby.com\ProductPageAddToWishListDisplay_ResultsONLY_20180515004809.log" />
        <ResultFile path="CMP01-INDIASQA.horizonhobby.com\ProductPageTestData_004809.xml" />
        <ResultFile path="CMP01-INDIASQA.horizonhobby.com\SharedCommonConfig.xml" />
      </ResultFiles>
    </UnitTestResult>
    <UnitTestResult executionId="21984c6c-ccd3-4785-8bb7-853ab2663830" testId="d97a5a46-964b-df21-8bbb-b6de2ffb55bd" testName="CartOtherProductsYouMightConsiderListing" computerName="CMP01-INDIASQA" duration="00:01:09.8824134" startTime="2018-05-15T00:51:26.0703948-05:00" endTime="2018-05-15T00:52:36.2853948-05:00" testType="13cdc9d9-ddb5-4fa4-a97d-d965ccfc6d4b" outcome="Passed" testListId="8c84fa94-04c1-424b-9868-57a2d4851a1d">
      <Output>
        <StdOut>Logging to custom path:\\CMP01-YKumar\AutoLog[5/15/2018 12:51:26 AM]&lt;STARTLOG&gt;&lt;CartOtherProductsYouMightConsiderListing&gt;Test Started: Expecting: #PASS=Undefined and #FAIL=0
Running from MTM=True, running on machine name:CMP01-INDIASQA, user name=ykumar, OS=Microsoft Windows NT 6.1.7601 Service Pack 1, Is64BitOS=True[5/15/2018 12:51:28 AM]&lt;INFO&gt;LogCPUAndMemoryUsage: Available Memory = 24409(MB), CPU Usage = 10.38903%[5/15/2018 12:51:28 AM]&lt;INFO&gt;Private Working Set for QTAgent32_40, usage=208404 (K)[5/15/2018 12:51:28 AM]&lt;INFO&gt;Path To TestConfig xml=E:\LoadTestResult\VSEQT\QTAgent\26973\CMP01-INDIASQA.horizonhobby.com\Deployment\SharedCommonConfig.xml[5/15/2018 12:51:28 AM]&lt;INFO&gt;Path To TestData xml=E:\LoadTestResult\VSEQT\QTAgent\26973\CMP01-INDIASQA.horizonhobby.com\Deployment\CartDisplayTestData_005126.xml[5/15/2018 12:51:28 AM]&lt;INFO&gt;Path To HorizonHobbyQA Application Url=https://www-tst.horizonhobby.com[5/15/2018 12:51:28 AM]&lt;INFO&gt;HorizonHobbyQA sql connection string=Server=cmp02-ws-tst-db01:50000;Database=TST01DB;UID=wcdbuser;PWD=h0r1z0n;Connect Timeout=30[5/15/2018 12:51:28 AM]&lt;INFO&gt;Country is := US and language id is := '-1'[5/15/2018 12:51:28 AM]&lt;INFO&gt;Current browser used for test execution is = 'IE'[5/15/2018 12:51:28 AM]&lt;INFO&gt;GetSearchProductAndAssociatedProducts executing... [5/15/2018 12:51:32 AM]&lt;Info&gt;AllBrowserWindow : Locating browser window...[5/15/2018 12:51:32 AM]&lt;INFO&gt;SearchProductexecuting ... Searching term:= 'APCFH4'[5/15/2018 12:51:39 AM]&lt;Info&gt;AllBrowserWindow : Locating browser window...[5/15/2018 12:51:40 AM]&lt;INFO&gt;BackOrderClickexecuting ...[5/15/2018 12:51:41 AM]&lt;INFO&gt;GoToCartClickexecuting ...[5/15/2018 12:51:47 AM]&lt;Info&gt;AllBrowserWindow : Locating browser window...[5/15/2018 12:51:57 AM]&lt;Info&gt;AllBrowserWindow : Locating browser window...[5/15/2018 12:52:04 AM]&lt;INFO&gt;SurveyWindow : method executing ...[5/15/2018 12:52:13 AM]&lt;PASS&gt;&lt;CartOtherProductsYouMightConsiderListing&gt;&lt;Validate in You Might Also Consider Section displays name of associated item Electric Folding Propeller, 10 x 6&gt;[5/15/2018 12:52:13 AM]&lt;PASS&gt;&lt;CartOtherProductsYouMightConsiderListing&gt;&lt;Validate in You Might Also Consider Section displays sku of associated item Electric Folding Propeller, 10 x 6&gt;[5/15/2018 12:52:13 AM]&lt;PASS&gt;&lt;CartOtherProductsYouMightConsiderListing&gt;&lt;Validate in You Might Also Consider Section displays price of the associated item Electric Folding Propeller, 10 x 6&gt;[5/15/2018 12:52:13 AM]&lt;PASS&gt;&lt;CartOtherProductsYouMightConsiderListing&gt;&lt;Validate in You Might Also Consider Section displays price of the associated item Electric Folding Propeller, 10 x 6&gt;[5/15/2018 12:52:13 AM]&lt;PASS&gt;&lt;CartOtherProductsYouMightConsiderListing&gt;&lt;Validate in You Might Also Consider Section displays price of the associated item Electric Folding Propeller, 10 x 6&gt;[5/15/2018 12:52:20 AM]&lt;PASS&gt;&lt;CartOtherProductsYouMightConsiderListing&gt;&lt;Validate item Electric Folding Propeller, 10 x 6 in You Might Also Consider Section added to the cart &gt;[5/15/2018 12:52:20 AM]&lt;INFO&gt;SurveyWindow : method executing ...[5/15/2018 12:52:33 AM]&lt;PASS&gt;&lt;CartOtherProductsYouMightConsiderListing&gt;&lt;Validate in You Might Also Consider Section it does not display already added item Electric Folding Propeller, 10 x 6&gt;[5/15/2018 12:52:33 AM]&lt;RESULT&gt;Test Ended:#PASS=7, #FAIL=0[5/15/2018 12:52:34 AM]&lt;INFO&gt;LogCPUAndMemoryUsage: Available Memory = 24211(MB), CPU Usage = 15.95446%[5/15/2018 12:52:34 AM]&lt;INFO&gt;Private Working Set for QTAgent32_40, usage=213584 (K)[5/15/2018 12:52:34 AM]&lt;RESULT&gt;&lt;CartOtherProductsYouMightConsiderListing&gt; Test PASSED</StdOut>
      </Output>
      <ResultFiles>
        <ResultFile path="CMP01-INDIASQA.horizonhobby.com\CartDisplayTestData_005126.xml" />
        <ResultFile path="CMP01-INDIASQA.horizonhobby.com\CartOtherProductsYouMightConsiderListing_20180515005126.log" />
        <ResultFile path="CMP01-INDIASQA.horizonhobby.com\CartOtherProductsYouMightConsiderListing_ResultsONLY_20180515005126.log" />
        <ResultFile path="CMP01-INDIASQA.horizonhobby.com\SharedCommonConfig.xml" />
      </ResultFiles>
    </UnitTestResult>
    <UnitTestResult executionId="5229242e-1c66-4d58-8e2f-2ac2a29d68dc" testId="f700b8e4-82ed-82ef-8ac6-dcc647bfda88" testName="MerchandiseAssociationShoppingCartMultipleScenarios" computerName="CMP01-INDIASQA" duration="00:01:47.9858333" startTime="2018-05-15T00:52:36.2863948-05:00" endTime="2018-05-15T00:54:24.3023948-05:00" testType="13cdc9d9-ddb5-4fa4-a97d-d965ccfc6d4b" outcome="Failed" testListId="8c84fa94-04c1-424b-9868-57a2d4851a1d">
      <Output>
        <StdOut>Logging to custom path:\\CMP01-YKumar\AutoLogAssert.Fail failed. 
#Other errors=1
[Error details below]
&lt;ERROR&gt;[5/15/2018 12:54:21 AM]&lt;ERROR&gt;MerchandiseAssociationShoppingCartMultipleScenarios : failed executing ...The playback failed to find the control with the given search properties. Additional Details: 
TechnologyName:  'Web'
ControlType:  'Pane'
TagName:  'DIV'
Class:  'shopCart_youMayConsider'
 Failed to find any control that matched the search condition ControlType='Pane' &amp;&amp; Class=&gt;'shopCart_youMayConsider'   at TestAuto.LoggingAndSharedGenericMethods.EndTest() in c:\Builds\1\WebSphere\QATestAutomation\src\CodedUITest\SourceCode\Common\Logging\Logging.cs:line 1628
   at TestAuto.CartDisplayTest.TestCleanup() in c:\Builds\1\WebSphere\QATestAutomation\src\CodedUITest\SourceCode\HHobby\CartDisplay\CartDisplay.cs:line 5472
[5/15/2018 12:52:36 AM]&lt;STARTLOG&gt;&lt;MerchandiseAssociationShoppingCartMultipleScenarios&gt;Test Started: Expecting: #PASS=Undefined and #FAIL=0
Running from MTM=True, running on machine name:CMP01-INDIASQA, user name=ykumar, OS=Microsoft Windows NT 6.1.7601 Service Pack 1, Is64BitOS=True[5/15/2018 12:52:37 AM]&lt;INFO&gt;LogCPUAndMemoryUsage: Available Memory = 24383(MB), CPU Usage = 17.18094%[5/15/2018 12:52:37 AM]&lt;INFO&gt;Private Working Set for QTAgent32_40, usage=214004 (K)[5/15/2018 12:52:37 AM]&lt;INFO&gt;Path To TestConfig xml=E:\LoadTestResult\VSEQT\QTAgent\26973\CMP01-INDIASQA.horizonhobby.com\Deployment\SharedCommonConfig.xml[5/15/2018 12:52:37 AM]&lt;INFO&gt;Path To TestData xml=E:\LoadTestResult\VSEQT\QTAgent\26973\CMP01-INDIASQA.horizonhobby.com\Deployment\CartDisplayTestData_005236.xml[5/15/2018 12:52:37 AM]&lt;INFO&gt;Path To HorizonHobbyQA Application Url=https://www-tst.horizonhobby.com[5/15/2018 12:52:37 AM]&lt;INFO&gt;HorizonHobbyQA sql connection string=Server=cmp02-ws-tst-db01:50000;Database=TST01DB;UID=wcdbuser;PWD=h0r1z0n;Connect Timeout=30[5/15/2018 12:52:37 AM]&lt;INFO&gt;Country is := US and language id is := '-1'[5/15/2018 12:52:37 AM]&lt;INFO&gt;Current browser used for test execution is = 'IE'[5/15/2018 12:52:41 AM]&lt;Info&gt;AllBrowserWindow : Locating browser window...[5/15/2018 12:52:41 AM]&lt;INFO&gt;GetSearchProductAndAssociatedProducts executing... [5/15/2018 12:52:41 AM]&lt;INFO&gt;SearchProductexecuting ... Searching term:= 'APC07060'[5/15/2018 12:52:48 AM]&lt;Info&gt;AllBrowserWindow : Locating browser window...[5/15/2018 12:53:13 AM]&lt;Info&gt;AllBrowserWindow : Locating browser window...[5/15/2018 12:53:45 AM]&lt;Info&gt;AllBrowserWindow : Locating browser window...[5/15/2018 12:54:00 AM]&lt;INFO&gt;BackOrderClickexecuting ...[5/15/2018 12:54:00 AM]&lt;INFO&gt;GoToCartClickexecuting ...[5/15/2018 12:54:06 AM]&lt;Info&gt;AllBrowserWindow : Locating browser window...Assert.Fail failed. [5/15/2018 12:54:21 AM]&lt;ERROR&gt;MerchandiseAssociationShoppingCartMultipleScenarios : failed executing ...The playback failed to find the control with the given search properties. Additional Details: 
TechnologyName:  'Web'
ControlType:  'Pane'
TagName:  'DIV'
Class:  'shopCart_youMayConsider'
 Failed to find any control that matched the search condition ControlType='Pane' &amp;&amp; Class=&gt;'shopCart_youMayConsider', 
    StackTrace:
    MerchandiseAssociationShoppingCartMultipleScenarios(),CartDisplay.cs,Line Number:4504[5/15/2018 12:54:21 AM]&lt;CaptureImage&gt;\\CMP01-YKumar\AutoLog\CMP01-INDIASQA\MerchandiseAssociationShoppingCartMultipleScenarios_20180515005421.png[5/15/2018 12:54:21 AM]&lt;RESULT&gt;Test Ended:#PASS=0, #FAIL=0,#Other errors=1[5/15/2018 12:54:22 AM]&lt;INFO&gt;LogCPUAndMemoryUsage: Available Memory = 24234(MB), CPU Usage = 2.88937%[5/15/2018 12:54:22 AM]&lt;INFO&gt;Private Working Set for QTAgent32_40, usage=222272 (K)[5/15/2018 12:54:22 AM]&lt;RESULT&gt;&lt;MerchandiseAssociationShoppingCartMultipleScenarios&gt; Test FAILED: #Other errors=1. See Error Message/logs for further details.</StdOut>
        <ErrorInfo>
          <Message>Assert.Fail failed. 
#Other errors=1
[Error details below]
&lt;ERROR&gt;[5/15/2018 12:54:21 AM]&lt;ERROR&gt;MerchandiseAssociationShoppingCartMultipleScenarios : failed executing ...The playback failed to find the control with the given search properties. Additional Details: 
TechnologyName:  'Web'
ControlType:  'Pane'
TagName:  'DIV'
Class:  'shopCart_youMayConsider'
 Failed to find any control that matched the search condition ControlType='Pane' &amp;&amp; Class=&gt;'shopCart_youMayConsider'</Message>
          <StackTrace>   at TestAuto.LoggingAndSharedGenericMethods.EndTest() in c:\Builds\1\WebSphere\QATestAutomation\src\CodedUITest\SourceCode\Common\Logging\Logging.cs:line 1628
   at TestAuto.CartDisplayTest.TestCleanup() in c:\Builds\1\WebSphere\QATestAutomation\src\CodedUITest\SourceCode\HHobby\CartDisplay\CartDisplay.cs:line 5472
</StackTrace>
        </ErrorInfo>
      </Output>
      <ResultFiles>
        <ResultFile path="CMP01-INDIASQA.horizonhobby.com\CartDisplayTestData_005236.xml" />
        <ResultFile path="CMP01-INDIASQA.horizonhobby.com\MerchandiseAssociationShoppingCartMultipleScenarios_20180515005236.log" />
        <ResultFile path="CMP01-INDIASQA.horizonhobby.com\MerchandiseAssociationShoppingCartMultipleScenarios_20180515005421.png" />
        <ResultFile path="CMP01-INDIASQA.horizonhobby.com\MerchandiseAssociationShoppingCartMultipleScenarios_ResultsONLY_20180515005236.log" />
        <ResultFile path="CMP01-INDIASQA.horizonhobby.com\SharedCommonConfig.xml" />
      </ResultFiles>
    </UnitTestResult>
    <UnitTestResult executionId="cf98e211-bab8-46e8-bfca-596afb10b25d" testId="cfd8c3c2-699a-eadf-3c77-92a86b4cbb46" testName="CartFromAthearnSite" computerName="CMP01-INDIASQA" duration="00:02:20.4381415" startTime="2018-05-15T00:54:24.3033948-05:00" endTime="2018-05-15T00:56:44.7863948-05:00" testType="13cdc9d9-ddb5-4fa4-a97d-d965ccfc6d4b" outcome="Passed" testListId="8c84fa94-04c1-424b-9868-57a2d4851a1d">
      <Output>
        <StdOut>Logging to custom path:\\CMP01-YKumar\AutoLog[5/15/2018 12:54:24 AM]&lt;STARTLOG&gt;&lt;CartFromAthearnSite&gt;Test Started: Expecting: #PASS=Undefined and #FAIL=0
Running from MTM=True, running on machine name:CMP01-INDIASQA, user name=ykumar, OS=Microsoft Windows NT 6.1.7601 Service Pack 1, Is64BitOS=True[5/15/2018 12:54:25 AM]&lt;INFO&gt;LogCPUAndMemoryUsage: Available Memory = 24300(MB), CPU Usage = 16.20584%[5/15/2018 12:54:25 AM]&lt;INFO&gt;Private Working Set for QTAgent32_40, usage=222484 (K)[5/15/2018 12:54:25 AM]&lt;INFO&gt;Path To TestConfig xml=E:\LoadTestResult\VSEQT\QTAgent\26973\CMP01-INDIASQA.horizonhobby.com\Deployment\SharedCommonConfig.xml[5/15/2018 12:54:25 AM]&lt;INFO&gt;Path To TestData xml=E:\LoadTestResult\VSEQT\QTAgent\26973\CMP01-INDIASQA.horizonhobby.com\Deployment\CartDisplayTestData_005424.xml[5/15/2018 12:54:25 AM]&lt;INFO&gt;Path To HorizonHobbyQA Application Url=https://www-tst.horizonhobby.com[5/15/2018 12:54:25 AM]&lt;INFO&gt;HorizonHobbyQA sql connection string=Server=cmp02-ws-tst-db01:50000;Database=TST01DB;UID=wcdbuser;PWD=h0r1z0n;Connect Timeout=30[5/15/2018 12:54:25 AM]&lt;INFO&gt;Country is := US and language id is := '-1'[5/15/2018 12:54:25 AM]&lt;INFO&gt;Current browser used for test execution is = 'IE'[5/15/2018 12:56:31 AM]&lt;PASS&gt;&lt;CartFromAthearnSite&gt;&lt;User redirected to HorizonHobby Shopping cart page&gt;[5/15/2018 12:56:31 AM]&lt;RESULT&gt;Test Ended:#PASS=1, #FAIL=0[5/15/2018 12:56:32 AM]&lt;INFO&gt;LogCPUAndMemoryUsage: Available Memory = 24267(MB), CPU Usage = 3.181199%[5/15/2018 12:56:32 AM]&lt;INFO&gt;Private Working Set for QTAgent32_40, usage=224052 (K)[5/15/2018 12:56:32 AM]&lt;RESULT&gt;&lt;CartFromAthearnSite&gt; Test PASSED</StdOut>
      </Output>
      <ResultFiles>
        <ResultFile path="CMP01-INDIASQA.horizonhobby.com\CartDisplayTestData_005424.xml" />
        <ResultFile path="CMP01-INDIASQA.horizonhobby.com\CartFromAthearnSite_20180515005424.log" />
        <ResultFile path="CMP01-INDIASQA.horizonhobby.com\CartFromAthearnSite_ResultsONLY_20180515005424.log" />
        <ResultFile path="CMP01-INDIASQA.horizonhobby.com\SharedCommonConfig.xml" />
      </ResultFiles>
    </UnitTestResult>
    <UnitTestResult executionId="c3c17e00-8889-4f9b-94b7-4732f16d0ee0" testId="e54a7497-7824-dedd-ff6a-7879d5acc0fa" testName="ProductPageImageGalleryViewPopupOptions" computerName="CMP01-INDIASQA" duration="00:02:31.3641194" startTime="2018-05-15T00:56:44.7873948-05:00" endTime="2018-05-15T00:59:16.2103948-05:00" testType="13cdc9d9-ddb5-4fa4-a97d-d965ccfc6d4b" outcome="Failed" testListId="8c84fa94-04c1-424b-9868-57a2d4851a1d">
      <Output>
        <StdOut>Logging to custom path:\\CMP01-YKumar\AutoLogAssert.Fail failed. 
Actual #FAIL=4, #Expected FAIL=0
#Other errors=1
[Error details below]
&lt;FAIL&gt;&lt;ProductPageImageGalleryViewPopupOptions&gt;&lt;360 view link of the product exists&gt;.Assert.AreEqual failed. Expected:&lt;True&gt;. Actual:&lt;False&gt;. 
    StackTrace:
    ProductPageImageGalleryViewPopupOptions(),ProductPage.cs,Line Number:2918
&lt;FAIL&gt;&lt;ProductPageImageGalleryViewPopupOptions&gt;&lt;Gallery image exists&gt;.Assert.AreEqual failed. Expected:&lt;True&gt;. Actual:&lt;False&gt;. 
    StackTrace:
    ProductPageImageGalleryViewPopupOptions(),ProductPage.cs,Line Number:2922
&lt;ERROR&gt;[5/15/2018 12:59:10 AM]&lt;ERROR&gt;MouseClick Exception:Microsoft.VisualStudio.TestTools.UITest.Extension.UITestControlNotFoundException: The playback failed to find the control with the given search properties. Additional Details: 
TechnologyName:  'Web'
ControlType:  'Hyperlink'
TagName:  'A'
Class:  'prodMedia_item prodGallery_item gal_0'
 Failed to find any control that matched the search condition ControlType='Hyperlink' &amp;&amp; Class='prodMedia_item prodGallery_item gal_0' ---&gt; System.Runtime.InteropServices.COMException: Error HRESULT E_FAIL has been returned from a call to a COM component.
   at Microsoft.VisualStudio.TestTools.UITest.Playback.Engine.IScreenElement.FindAllDescendants(String bstrQueryId, Object&amp; pvarResKeys, Int32 cResKeys, Int32 nMaxDepth)
   at Microsoft.VisualStudio.TestTools.UITest.Playback.ScreenElement.FindAllScreenElement(String queryId, Int32 depth, Boolean singleQueryId, Boolean throwException, Boolean resetSkipStep)
   at Microsoft.VisualStudio.TestTools.UITest.Playback.ScreenElement.FindScreenElement(String queryId, Int32 depth, Boolean resetSkipStep)
   at Microsoft.VisualStudio.TestTools.UITesting.UITestControl.FindFirstDescendant(String queryId, Int32 maxDepth, Int32&amp; timeLeft)
   --- End of inner exception stack trace ---
   at Microsoft.VisualStudio.TestTools.UITesting.Playback.MapControlNotFoundException(COMException ex, IPlaybackContext context)
   at Microsoft.VisualStudio.TestTools.UITesting.Playback.MapAndThrowComException(COMException innerException, IPlaybackContext context)
   at Microsoft.VisualStudio.TestTools.UITesting.Playback.MapAndThrowException(SystemException exception, IPlaybackContext context)
   at Microsoft.VisualStudio.TestTools.UITesting.Playback.MapAndThrowException(SystemException exception, String queryId)
   at Microsoft.VisualStudio.TestTools.UITesting.UITestControl.FindFirstDescendant(String queryId, Int32 maxDepth, Int32&amp; timeLeft)
   at Microsoft.VisualStudio.TestTools.UITesting.SearchHelper.GetUITestControlRecursive(Boolean useCache, Boolean alwaysSearch, ISearchArgument searchArg, IList`1 windowTitles, Int32&amp; timeLeft)
   at Microsoft.VisualStudio.TestTools.UITesting.SearchHelper.GetElement(Boolean useCache, ISearchArgument searchArg)
   at Microsoft.VisualStudio.TestTools.UITesting.SearchHelper.Search(ISearchArgument searchArg)
   at Microsoft.VisualStudio.TestTools.UITesting.UITestControl.FindInternal()
   at Microsoft.VisualStudio.TestTools.UITesting.UITestControl.&lt;Find&gt;b__3a()
   at Microsoft.VisualStudio.TestTools.UITesting.CodedUITestMethodInvoker.InvokeMethod[T](Func`1 function, UITestControl control, Boolean firePlaybackErrorEvent, Boolean logAsAction)
   at Microsoft.VisualStudio.TestTools.UITesting.UITestControl.Find()
   at Microsoft.VisualStudio.TestTools.UITesting.UITestControl.GetPropertyPrivate(String propertyName)
   at Microsoft.VisualStudio.TestTools.UITesting.UITestControl.GetPropertyOfType[T](String propertyName)
   at Microsoft.VisualStudio.TestTools.UITesting.UITestControl.get_Name()
   at TestAuto.LoggingAndSharedGenericMethods.MouseClick(UITestControl uiMenuItemTestControl) in c:\Builds\1\WebSphere\QATestAutomation\src\CodedUITest\SourceCode\Common\Logging\SharedMethods_Generic.cs:line 790
&lt;FAIL&gt;&lt;ProductPageImageGalleryViewPopupOptions&gt;&lt;Product Gallery window exists&gt;.Assert.AreEqual failed. Expected:&lt;True&gt;. Actual:&lt;False&gt;. 
    StackTrace:
    ProductPageImageGalleryViewPopupOptions(),ProductPage.cs,Line Number:2931
&lt;FAIL&gt;&lt;ProductPageImageGalleryViewPopupOptions&gt;&lt;Gallery images exists as thumb&gt;.Assert.Fail failed. Assert.Fail failed. Actual:0 not &gt; expected:0
    StackTrace:
    ProductPageImageGalleryViewPopupOptions(),ProductPage.cs,Line Number:2937   at TestAuto.LoggingAndSharedGenericMethods.EndTest() in c:\Builds\1\WebSphere\QATestAutomation\src\CodedUITest\SourceCode\Common\Logging\Logging.cs:line 1628
   at TestAuto.ProductPageTest.TestCleanup() in c:\Builds\1\WebSphere\QATestAutomation\src\CodedUITest\SourceCode\HHobby\ProductPage\ProductPage.cs:line 6905
[5/15/2018 12:56:44 AM]&lt;STARTLOG&gt;&lt;ProductPageImageGalleryViewPopupOptions&gt;Test Started: Expecting: #PASS=Undefined and #FAIL=0
Running from MTM=True, running on machine name:CMP01-INDIASQA, user name=ykumar, OS=Microsoft Windows NT 6.1.7601 Service Pack 1, Is64BitOS=True[5/15/2018 12:56:45 AM]&lt;INFO&gt;LogCPUAndMemoryUsage: Available Memory = 24271(MB), CPU Usage = 5.029331%[5/15/2018 12:56:45 AM]&lt;INFO&gt;Private Working Set for QTAgent32_40, usage=224272 (K)[5/15/2018 12:56:45 AM]&lt;INFO&gt;Path To TestConfig xml=E:\LoadTestResult\VSEQT\QTAgent\26973\CMP01-INDIASQA.horizonhobby.com\Deployment\SharedCommonConfig.xml[5/15/2018 12:56:45 AM]&lt;INFO&gt;Path To TestData xml=E:\LoadTestResult\VSEQT\QTAgent\26973\CMP01-INDIASQA.horizonhobby.com\Deployment\ProductPageTestData_005644.xml[5/15/2018 12:56:45 AM]&lt;INFO&gt;Path To HorizonHobbyQA Application Url=https://www-tst.horizonhobby.com[5/15/2018 12:56:45 AM]&lt;INFO&gt;HorizonHobbyQA sql connection string=Server=cmp02-ws-tst-db01:50000;Database=TST01DB;UID=wcdbuser;PWD=h0r1z0n;Connect Timeout=30[5/15/2018 12:56:45 AM]&lt;INFO&gt;Country is := US and language id is := '-1'[5/15/2018 12:56:45 AM]&lt;INFO&gt;Current browser used for test execution is = 'IE'[5/15/2018 12:56:49 AM]&lt;Info&gt;AllBrowserWindow : Locating browser window...[5/15/2018 12:56:49 AM]&lt;INFO&gt;SearchProductexecuting ... Searching term:= 'TLR04004'[5/15/2018 12:56:56 AM]&lt;Info&gt;AllBrowserWindow : Locating browser window...[5/15/2018 12:57:20 AM]&lt;Info&gt;AllBrowserWindow : Locating browser window...[5/15/2018 12:59:01 AM]&lt;FAIL&gt;&lt;ProductPageImageGalleryViewPopupOptions&gt;&lt;360 view link of the product exists&gt;.Assert.AreEqual failed. Expected:&lt;True&gt;. Actual:&lt;False&gt;. 
    StackTrace:
    ProductPageImageGalleryViewPopupOptions(),ProductPage.cs,Line Number:2918[5/15/2018 12:59:02 AM]&lt;CaptureImage&gt;\\CMP01-YKumar\AutoLog\CMP01-INDIASQA\ProductPageImageGalleryViewPopupOptions_20180515005901.png[5/15/2018 12:59:04 AM]&lt;FAIL&gt;&lt;ProductPageImageGalleryViewPopupOptions&gt;&lt;Gallery image exists&gt;.Assert.AreEqual failed. Expected:&lt;True&gt;. Actual:&lt;False&gt;. 
    StackTrace:
    ProductPageImageGalleryViewPopupOptions(),ProductPage.cs,Line Number:2922[5/15/2018 12:59:04 AM]&lt;CaptureImage&gt;\\CMP01-YKumar\AutoLog\CMP01-INDIASQA\ProductPageImageGalleryViewPopupOptions_20180515005904.pngAssert.Fail failed. [5/15/2018 12:59:10 AM]&lt;ERROR&gt;MouseClick Exception:Microsoft.VisualStudio.TestTools.UITest.Extension.UITestControlNotFoundException: The playback failed to find the control with the given search properties. Additional Details: 
TechnologyName:  'Web'
ControlType:  'Hyperlink'
TagName:  'A'
Class:  'prodMedia_item prodGallery_item gal_0'
 Failed to find any control that matched the search condition ControlType='Hyperlink' &amp;&amp; Class='prodMedia_item prodGallery_item gal_0' ---&gt; System.Runtime.InteropServices.COMException: Error HRESULT E_FAIL has been returned from a call to a COM component.
   at Microsoft.VisualStudio.TestTools.UITest.Playback.Engine.IScreenElement.FindAllDescendants(String bstrQueryId, Object&amp; pvarResKeys, Int32 cResKeys, Int32 nMaxDepth)
   at Microsoft.VisualStudio.TestTools.UITest.Playback.ScreenElement.FindAllScreenElement(String queryId, Int32 depth, Boolean singleQueryId, Boolean throwException, Boolean resetSkipStep)
   at Microsoft.VisualStudio.TestTools.UITest.Playback.ScreenElement.FindScreenElement(String queryId, Int32 depth, Boolean resetSkipStep)
   at Microsoft.VisualStudio.TestTools.UITesting.UITestControl.FindFirstDescendant(String queryId, Int32 maxDepth, Int32&amp; timeLeft)
   --- End of inner exception stack trace ---
   at Microsoft.VisualStudio.TestTools.UITesting.Playback.MapControlNotFoundException(COMException ex, IPlaybackContext context)
   at Microsoft.VisualStudio.TestTools.UITesting.Playback.MapAndThrowComException(COMException innerException, IPlaybackContext context)
   at Microsoft.VisualStudio.TestTools.UITesting.Playback.MapAndThrowException(SystemException exception, IPlaybackContext context)
   at Microsoft.VisualStudio.TestTools.UITesting.Playback.MapAndThrowException(SystemException exception, String queryId)
   at Microsoft.VisualStudio.TestTools.UITesting.UITestControl.FindFirstDescendant(String queryId, Int32 maxDepth, Int32&amp; timeLeft)
   at Microsoft.VisualStudio.TestTools.UITesting.SearchHelper.GetUITestControlRecursive(Boolean useCache, Boolean alwaysSearch, ISearchArgument searchArg, IList`1 windowTitles, Int32&amp; timeLeft)
   at Microsoft.VisualStudio.TestTools.UITesting.SearchHelper.GetElement(Boolean useCache, ISearchArgument searchArg)
   at Microsoft.VisualStudio.TestTools.UITesting.SearchHelper.Search(ISearchArgument searchArg)
   at Microsoft.VisualStudio.TestTools.UITesting.UITestControl.FindInternal()
   at Microsoft.VisualStudio.TestTools.UITesting.UITestControl.&lt;Find&gt;b__3a()
   at Microsoft.VisualStudio.TestTools.UITesting.CodedUITestMethodInvoker.InvokeMethod[T](Func`1 function, UITestControl control, Boolean firePlaybackErrorEvent, Boolean logAsAction)
   at Microsoft.VisualStudio.TestTools.UITesting.UITestControl.Find()
   at Microsoft.VisualStudio.TestTools.UITesting.UITestControl.GetPropertyPrivate(String propertyName)
   at Microsoft.VisualStudio.TestTools.UITesting.UITestControl.GetPropertyOfType[T](String propertyName)
   at Microsoft.VisualStudio.TestTools.UITesting.UITestControl.get_Name()
   at TestAuto.LoggingAndSharedGenericMethods.MouseClick(UITestControl uiMenuItemTestControl) in c:\Builds\1\WebSphere\QATestAutomation\src\CodedUITest\SourceCode\Common\Logging\SharedMethods_Generic.cs:line 790, 
    StackTrace:
    MouseClick(),SharedMethods_Generic.cs,Line Number:822
    ProductPageImageGalleryViewPopupOptions(),ProductPage.cs,Line Number:2925[5/15/2018 12:59:10 AM]&lt;CaptureImage&gt;\\CMP01-YKumar\AutoLog\CMP01-INDIASQA\ProductPageImageGalleryViewPopupOptions_20180515005910.png[5/15/2018 12:59:12 AM]&lt;FAIL&gt;&lt;ProductPageImageGalleryViewPopupOptions&gt;&lt;Product Gallery window exists&gt;.Assert.AreEqual failed. Expected:&lt;True&gt;. Actual:&lt;False&gt;. 
    StackTrace:
    ProductPageImageGalleryViewPopupOptions(),ProductPage.cs,Line Number:2931[5/15/2018 12:59:12 AM]&lt;CaptureImage&gt;\\CMP01-YKumar\AutoLog\CMP01-INDIASQA\ProductPageImageGalleryViewPopupOptions_20180515005912.png[5/15/2018 12:59:13 AM]&lt;FAIL&gt;&lt;ProductPageImageGalleryViewPopupOptions&gt;&lt;Gallery images exists as thumb&gt;.Assert.Fail failed. Assert.Fail failed. Actual:0 not &gt; expected:0
    StackTrace:
    ProductPageImageGalleryViewPopupOptions(),ProductPage.cs,Line Number:2937[5/15/2018 12:59:13 AM]&lt;CaptureImage&gt;\\CMP01-YKumar\AutoLog\CMP01-INDIASQA\ProductPageImageGalleryViewPopupOptions_20180515005913.png[5/15/2018 12:59:13 AM]&lt;RESULT&gt;Test Ended:#PASS=0, #FAIL=4,#Other errors=1[5/15/2018 12:59:14 AM]&lt;INFO&gt;LogCPUAndMemoryUsage: Available Memory = 24327(MB), CPU Usage = 7.76441%[5/15/2018 12:59:14 AM]&lt;INFO&gt;Private Working Set for QTAgent32_40, usage=223100 (K)[5/15/2018 12:59:14 AM]&lt;RESULT&gt;&lt;ProductPageImageGalleryViewPopupOptions&gt; Test FAILED: Actual #FAIL=4, #Expected FAIL=0
#Other errors=1. See Error Message/logs for further details.</StdOut>
        <ErrorInfo>
          <Message>Assert.Fail failed. 
Actual #FAIL=4, #Expected FAIL=0
#Other errors=1
[Error details below]
&lt;FAIL&gt;&lt;ProductPageImageGalleryViewPopupOptions&gt;&lt;360 view link of the product exists&gt;.Assert.AreEqual failed. Expected:&lt;True&gt;. Actual:&lt;False&gt;. 
    StackTrace:
    ProductPageImageGalleryViewPopupOptions(),ProductPage.cs,Line Number:2918
&lt;FAIL&gt;&lt;ProductPageImageGalleryViewPopupOptions&gt;&lt;Gallery image exists&gt;.Assert.AreEqual failed. Expected:&lt;True&gt;. Actual:&lt;False&gt;. 
    StackTrace:
    ProductPageImageGalleryViewPopupOptions(),ProductPage.cs,Line Number:2922
&lt;ERROR&gt;[5/15/2018 12:59:10 AM]&lt;ERROR&gt;MouseClick Exception:Microsoft.VisualStudio.TestTools.UITest.Extension.UITestControlNotFoundException: The playback failed to find the control with the given search properties. Additional Details: 
TechnologyName:  'Web'
ControlType:  'Hyperlink'
TagName:  'A'
Class:  'prodMedia_item prodGallery_item gal_0'
 Failed to find any control that matched the search condition ControlType='Hyperlink' &amp;&amp; Class='prodMedia_item prodGallery_item gal_0' ---&gt; System.Runtime.InteropServices.COMException: Error HRESULT E_FAIL has been returned from a call to a COM component.
   at Microsoft.VisualStudio.TestTools.UITest.Playback.Engine.IScreenElement.FindAllDescendants(String bstrQueryId, Object&amp; pvarResKeys, Int32 cResKeys, Int32 nMaxDepth)
   at Microsoft.VisualStudio.TestTools.UITest.Playback.ScreenElement.FindAllScreenElement(String queryId, Int32 depth, Boolean singleQueryId, Boolean throwException, Boolean resetSkipStep)
   at Microsoft.VisualStudio.TestTools.UITest.Playback.ScreenElement.FindScreenElement(String queryId, Int32 depth, Boolean resetSkipStep)
   at Microsoft.VisualStudio.TestTools.UITesting.UITestControl.FindFirstDescendant(String queryId, Int32 maxDepth, Int32&amp; timeLeft)
   --- End of inner exception stack trace ---
   at Microsoft.VisualStudio.TestTools.UITesting.Playback.MapControlNotFoundException(COMException ex, IPlaybackContext context)
   at Microsoft.VisualStudio.TestTools.UITesting.Playback.MapAndThrowComException(COMException innerException, IPlaybackContext context)
   at Microsoft.VisualStudio.TestTools.UITesting.Playback.MapAndThrowException(SystemException exception, IPlaybackContext context)
   at Microsoft.VisualStudio.TestTools.UITesting.Playback.MapAndThrowException(SystemException exception, String queryId)
   at Microsoft.VisualStudio.TestTools.UITesting.UITestControl.FindFirstDescendant(String queryId, Int32 maxDepth, Int32&amp; timeLeft)
   at Microsoft.VisualStudio.TestTools.UITesting.SearchHelper.GetUITestControlRecursive(Boolean useCache, Boolean alwaysSearch, ISearchArgument searchArg, IList`1 windowTitles, Int32&amp; timeLeft)
   at Microsoft.VisualStudio.TestTools.UITesting.SearchHelper.GetElement(Boolean useCache, ISearchArgument searchArg)
   at Microsoft.VisualStudio.TestTools.UITesting.SearchHelper.Search(ISearchArgument searchArg)
   at Microsoft.VisualStudio.TestTools.UITesting.UITestControl.FindInternal()
   at Microsoft.VisualStudio.TestTools.UITesting.UITestControl.&lt;Find&gt;b__3a()
   at Microsoft.VisualStudio.TestTools.UITesting.CodedUITestMethodInvoker.InvokeMethod[T](Func`1 function, UITestControl control, Boolean firePlaybackErrorEvent, Boolean logAsAction)
   at Microsoft.VisualStudio.TestTools.UITesting.UITestControl.Find()
   at Microsoft.VisualStudio.TestTools.UITesting.UITestControl.GetPropertyPrivate(String propertyName)
   at Microsoft.VisualStudio.TestTools.UITesting.UITestControl.GetPropertyOfType[T](String propertyName)
   at Microsoft.VisualStudio.TestTools.UITesting.UITestControl.get_Name()
   at TestAuto.LoggingAndSharedGenericMethods.MouseClick(UITestControl uiMenuItemTestControl) in c:\Builds\1\WebSphere\QATestAutomation\src\CodedUITest\SourceCode\Common\Logging\SharedMethods_Generic.cs:line 790
&lt;FAIL&gt;&lt;ProductPageImageGalleryViewPopupOptions&gt;&lt;Product Gallery window exists&gt;.Assert.AreEqual failed. Expected:&lt;True&gt;. Actual:&lt;False&gt;. 
    StackTrace:
    ProductPageImageGalleryViewPopupOptions(),ProductPage.cs,Line Number:2931
&lt;FAIL&gt;&lt;ProductPageImageGalleryViewPopupOptions&gt;&lt;Gallery images exists as thumb&gt;.Assert.Fail failed. Assert.Fail failed. Actual:0 not &gt; expected:0
    StackTrace:
    ProductPageImageGalleryViewPopupOptions(),ProductPage.cs,Line Number:2937</Message>
          <StackTrace>   at TestAuto.LoggingAndSharedGenericMethods.EndTest() in c:\Builds\1\WebSphere\QATestAutomation\src\CodedUITest\SourceCode\Common\Logging\Logging.cs:line 1628
   at TestAuto.ProductPageTest.TestCleanup() in c:\Builds\1\WebSphere\QATestAutomation\src\CodedUITest\SourceCode\HHobby\ProductPage\ProductPage.cs:line 6905
</StackTrace>
        </ErrorInfo>
      </Output>
      <ResultFiles>
        <ResultFile path="CMP01-INDIASQA.horizonhobby.com\ProductPageImageGalleryViewPopupOptions_20180515005644.log" />
        <ResultFile path="CMP01-INDIASQA.horizonhobby.com\ProductPageImageGalleryViewPopupOptions_20180515005901.png" />
        <ResultFile path="CMP01-INDIASQA.horizonhobby.com\ProductPageImageGalleryViewPopupOptions_20180515005904.png" />
        <ResultFile path="CMP01-INDIASQA.horizonhobby.com\ProductPageImageGalleryViewPopupOptions_20180515005910.png" />
        <ResultFile path="CMP01-INDIASQA.horizonhobby.com\ProductPageImageGalleryViewPopupOptions_20180515005912.png" />
        <ResultFile path="CMP01-INDIASQA.horizonhobby.com\ProductPageImageGalleryViewPopupOptions_20180515005913.png" />
        <ResultFile path="CMP01-INDIASQA.horizonhobby.com\ProductPageImageGalleryViewPopupOptions_ResultsONLY_20180515005644.log" />
        <ResultFile path="CMP01-INDIASQA.horizonhobby.com\ProductPageTestData_005644.xml" />
        <ResultFile path="CMP01-INDIASQA.horizonhobby.com\SharedCommonConfig.xml" />
      </ResultFiles>
    </UnitTestResult>
    <UnitTestResult executionId="79ea99e9-36f7-404f-8851-47b8361fe6f0" testId="3bef58c6-9bb8-a64f-9dd6-4237f7d1b019" testName="ProductPagePartsAndAccessoriesTabMerchAssocDisplay" computerName="CMP01-INDIASQA" duration="00:02:01.3016691" startTime="2018-05-15T00:59:16.2123948-05:00" endTime="2018-05-15T01:01:17.5673948-05:00" testType="13cdc9d9-ddb5-4fa4-a97d-d965ccfc6d4b" outcome="Failed" testListId="8c84fa94-04c1-424b-9868-57a2d4851a1d">
      <Output>
        <StdOut>Logging to custom path:\\CMP01-YKumar\AutoLogAssert.Fail failed. 
#Other errors=4
[Error details below]
&lt;ERROR&gt;[5/15/2018 1:00:57 AM]&lt;Error&gt;SetObject : failed executing ...The playback failed to find the control with the given search properties. Additional Details: 
TechnologyName:  'Web'
ControlType:  'Hyperlink'
TagName:  'A'
Id:  'tab_parts_link'
 Failed to find any control that matched the value tab_parts_link for the search property Id.
&lt;ERROR&gt;[5/15/2018 1:01:06 AM]&lt;Error&gt;SetObject : failed executing ...The playback failed to find the control with the given search properties. Additional Details: 
TechnologyName:  'Web'
ControlType:  'Hyperlink'
TagName:  'A'
Id:  'tab_parts_link'
 Failed to find any control that matched the value tab_parts_link for the search property Id.
&lt;ERROR&gt;[5/15/2018 1:01:14 AM]&lt;Error&gt;GetPartsAndListingMerchendisingAssociatesList : failed executing ...The playback failed to find the control with the given search properties. Additional Details: 
TechnologyName:  'Web'
ControlType:  'Pane'
TagName:  'DIV'
Id:  'tab_parts_content'
 Failed to find any control that matched the search condition ControlType='Pane' &amp;&amp; Id=&gt;'tab_parts_content'
&lt;ERROR&gt;[5/15/2018 1:01:14 AM]&lt;Error&gt;ProductPagePartsAndAccessoriesTabMerchAssocDisplay : failed executing ...The given key was not present in the dictionary.   at TestAuto.LoggingAndSharedGenericMethods.EndTest() in c:\Builds\1\WebSphere\QATestAutomation\src\CodedUITest\SourceCode\Common\Logging\Logging.cs:line 1628
   at TestAuto.ProductPageTest.TestCleanup() in c:\Builds\1\WebSphere\QATestAutomation\src\CodedUITest\SourceCode\HHobby\ProductPage\ProductPage.cs:line 6905
[5/15/2018 12:59:16 AM]&lt;STARTLOG&gt;&lt;ProductPagePartsAndAccessoriesTabMerchAssocDisplay&gt;Test Started: Expecting: #PASS=Undefined and #FAIL=0
Running from MTM=True, running on machine name:CMP01-INDIASQA, user name=ykumar, OS=Microsoft Windows NT 6.1.7601 Service Pack 1, Is64BitOS=True[5/15/2018 12:59:17 AM]&lt;INFO&gt;LogCPUAndMemoryUsage: Available Memory = 24401(MB), CPU Usage = 16.20584%[5/15/2018 12:59:17 AM]&lt;INFO&gt;Private Working Set for QTAgent32_40, usage=223472 (K)[5/15/2018 12:59:17 AM]&lt;INFO&gt;Path To TestConfig xml=E:\LoadTestResult\VSEQT\QTAgent\26973\CMP01-INDIASQA.horizonhobby.com\Deployment\SharedCommonConfig.xml[5/15/2018 12:59:17 AM]&lt;INFO&gt;Path To TestData xml=E:\LoadTestResult\VSEQT\QTAgent\26973\CMP01-INDIASQA.horizonhobby.com\Deployment\ProductPageTestData_005916.xml[5/15/2018 12:59:17 AM]&lt;INFO&gt;Path To HorizonHobbyQA Application Url=https://www-tst.horizonhobby.com[5/15/2018 12:59:17 AM]&lt;INFO&gt;HorizonHobbyQA sql connection string=Server=cmp02-ws-tst-db01:50000;Database=TST01DB;UID=wcdbuser;PWD=h0r1z0n;Connect Timeout=30[5/15/2018 12:59:17 AM]&lt;INFO&gt;Country is := US and language id is := '-1'[5/15/2018 12:59:17 AM]&lt;INFO&gt;Current browser used for test execution is = 'IE'[5/15/2018 12:59:17 AM]&lt;INFO&gt;GetProductWithPartsAndListingAndCompletionGuide executing... [5/15/2018 12:59:22 AM]&lt;INFO&gt;SearchProductexecuting ... Searching term:= 'EVOE0520'[5/15/2018 12:59:28 AM]&lt;Info&gt;AllBrowserWindow : Locating browser window...[5/15/2018 12:59:53 AM]&lt;Info&gt;AllBrowserWindow : Locating browser window...[5/15/2018 1:00:20 AM]&lt;Info&gt;AllBrowserWindow : Locating browser window...[5/15/2018 1:00:20 AM]&lt;INFO&gt;ClickSearchResultCell : No product found on search page with title ... :- Evolution 52NX 8,5 cc Motor m. Schalldämpfer[5/15/2018 1:00:20 AM]&lt;CaptureImage&gt;\\CMP01-YKumar\AutoLog\CMP01-INDIASQA\ProductPagePartsAndAccessoriesTabMerchAssocDisplay_20180515010020.pngAssert.Fail failed. [5/15/2018 1:00:57 AM]&lt;Error&gt;SetObject : failed executing ...The playback failed to find the control with the given search properties. Additional Details: 
TechnologyName:  'Web'
ControlType:  'Hyperlink'
TagName:  'A'
Id:  'tab_parts_link'
 Failed to find any control that matched the value tab_parts_link for the search property Id., 
    StackTrace:
    SetObject(),SharedProductPage.cs,Line Number:1096
    SelectProductPageTab(),SharedProductPage.cs,Line Number:910
    ProductPagePartsAndAccessoriesTabMerchAssocDisplay(),ProductPage.cs,Line Number:5340[5/15/2018 1:00:57 AM]&lt;CaptureImage&gt;\\CMP01-YKumar\AutoLog\CMP01-INDIASQA\ProductPagePartsAndAccessoriesTabMerchAssocDisplay_20180515010057.pngAssert.Fail failed. [5/15/2018 1:01:06 AM]&lt;Error&gt;SetObject : failed executing ...The playback failed to find the control with the given search properties. Additional Details: 
TechnologyName:  'Web'
ControlType:  'Hyperlink'
TagName:  'A'
Id:  'tab_parts_link'
 Failed to find any control that matched the value tab_parts_link for the search property Id., 
    StackTrace:
    SetObject(),SharedProductPage.cs,Line Number:1096
    GetPartsAndListingMerchendisingAssociatesList(),SharedProductPage.cs,Line Number:1024
    ProductPagePartsAndAccessoriesTabMerchAssocDisplay(),ProductPage.cs,Line Number:5342[5/15/2018 1:01:06 AM]&lt;CaptureImage&gt;\\CMP01-YKumar\AutoLog\CMP01-INDIASQA\ProductPagePartsAndAccessoriesTabMerchAssocDisplay_20180515010106.pngAssert.Fail failed. [5/15/2018 1:01:14 AM]&lt;Error&gt;GetPartsAndListingMerchendisingAssociatesList : failed executing ...The playback failed to find the control with the given search properties. Additional Details: 
TechnologyName:  'Web'
ControlType:  'Pane'
TagName:  'DIV'
Id:  'tab_parts_content'
 Failed to find any control that matched the search condition ControlType='Pane' &amp;&amp; Id=&gt;'tab_parts_content', 
    StackTrace:
    GetPartsAndListingMerchendisingAssociatesList(),SharedProductPage.cs,Line Number:1068
    ProductPagePartsAndAccessoriesTabMerchAssocDisplay(),ProductPage.cs,Line Number:5342[5/15/2018 1:01:14 AM]&lt;CaptureImage&gt;\\CMP01-YKumar\AutoLog\CMP01-INDIASQA\ProductPagePartsAndAccessoriesTabMerchAssocDisplay_20180515010114.pngAssert.Fail failed. [5/15/2018 1:01:14 AM]&lt;Error&gt;ProductPagePartsAndAccessoriesTabMerchAssocDisplay : failed executing ...The given key was not present in the dictionary., 
    StackTrace:
    ProductPagePartsAndAccessoriesTabMerchAssocDisplay(),ProductPage.cs,Line Number:5370[5/15/2018 1:01:14 AM]&lt;CaptureImage&gt;\\CMP01-YKumar\AutoLog\CMP01-INDIASQA\ProductPagePartsAndAccessoriesTabMerchAssocDisplay_20180515010114.png[5/15/2018 1:01:14 AM]&lt;RESULT&gt;Test Ended:#PASS=0, #FAIL=0,#Other errors=4[5/15/2018 1:01:15 AM]&lt;INFO&gt;LogCPUAndMemoryUsage: Available Memory = 24261(MB), CPU Usage = 6.492907%[5/15/2018 1:01:15 AM]&lt;INFO&gt;Private Working Set for QTAgent32_40, usage=231632 (K)[5/15/2018 1:01:15 AM]&lt;RESULT&gt;&lt;ProductPagePartsAndAccessoriesTabMerchAssocDisplay&gt; Test FAILED: #Other errors=4. See Error Message/logs for further details.</StdOut>
        <ErrorInfo>
          <Message>Assert.Fail failed. 
#Other errors=4
[Error details below]
&lt;ERROR&gt;[5/15/2018 1:00:57 AM]&lt;Error&gt;SetObject : failed executing ...The playback failed to find the control with the given search properties. Additional Details: 
TechnologyName:  'Web'
ControlType:  'Hyperlink'
TagName:  'A'
Id:  'tab_parts_link'
 Failed to find any control that matched the value tab_parts_link for the search property Id.
&lt;ERROR&gt;[5/15/2018 1:01:06 AM]&lt;Error&gt;SetObject : failed executing ...The playback failed to find the control with the given search properties. Additional Details: 
TechnologyName:  'Web'
ControlType:  'Hyperlink'
TagName:  'A'
Id:  'tab_parts_link'
 Failed to find any control that matched the value tab_parts_link for the search property Id.
&lt;ERROR&gt;[5/15/2018 1:01:14 AM]&lt;Error&gt;GetPartsAndListingMerchendisingAssociatesList : failed executing ...The playback failed to find the control with the given search properties. Additional Details: 
TechnologyName:  'Web'
ControlType:  'Pane'
TagName:  'DIV'
Id:  'tab_parts_content'
 Failed to find any control that matched the search condition ControlType='Pane' &amp;&amp; Id=&gt;'tab_parts_content'
&lt;ERROR&gt;[5/15/2018 1:01:14 AM]&lt;Error&gt;ProductPagePartsAndAccessoriesTabMerchAssocDisplay : failed executing ...The given key was not present in the dictionary.</Message>
          <StackTrace>   at TestAuto.LoggingAndSharedGenericMethods.EndTest() in c:\Builds\1\WebSphere\QATestAutomation\src\CodedUITest\SourceCode\Common\Logging\Logging.cs:line 1628
   at TestAuto.ProductPageTest.TestCleanup() in c:\Builds\1\WebSphere\QATestAutomation\src\CodedUITest\SourceCode\HHobby\ProductPage\ProductPage.cs:line 6905
</StackTrace>
        </ErrorInfo>
      </Output>
      <ResultFiles>
        <ResultFile path="CMP01-INDIASQA.horizonhobby.com\ProductPagePartsAndAccessoriesTabMerchAssocDisplay_20180515005916.log" />
        <ResultFile path="CMP01-INDIASQA.horizonhobby.com\ProductPagePartsAndAccessoriesTabMerchAssocDisplay_20180515010020.png" />
        <ResultFile path="CMP01-INDIASQA.horizonhobby.com\ProductPagePartsAndAccessoriesTabMerchAssocDisplay_20180515010057.png" />
        <ResultFile path="CMP01-INDIASQA.horizonhobby.com\ProductPagePartsAndAccessoriesTabMerchAssocDisplay_20180515010106.png" />
        <ResultFile path="CMP01-INDIASQA.horizonhobby.com\ProductPagePartsAndAccessoriesTabMerchAssocDisplay_20180515010114.png" />
        <ResultFile path="CMP01-INDIASQA.horizonhobby.com\ProductPagePartsAndAccessoriesTabMerchAssocDisplay_ResultsONLY_20180515005916.log" />
        <ResultFile path="CMP01-INDIASQA.horizonhobby.com\ProductPageTestData_005916.xml" />
        <ResultFile path="CMP01-INDIASQA.horizonhobby.com\SharedCommonConfig.xml" />
      </ResultFiles>
    </UnitTestResult>
    <UnitTestResult executionId="4b3b3d8c-4914-4bee-a530-991ef9f5ad58" testId="f04049b0-8a45-29a6-0522-a2ffbed7f80e" testName="BrickAndMortarSearchResultPage" computerName="CMP01-INDIASQA" duration="00:00:29.6466033" startTime="2018-05-15T01:01:17.5683948-05:00" endTime="2018-05-15T01:01:47.2403948-05:00" testType="13cdc9d9-ddb5-4fa4-a97d-d965ccfc6d4b" outcome="Passed" testListId="8c84fa94-04c1-424b-9868-57a2d4851a1d">
      <Output>
        <StdOut>Logging to custom path:\\CMP01-YKumar\AutoLog[5/15/2018 1:01:17 AM]&lt;STARTLOG&gt;&lt;BrickAndMortarSearchResultPage&gt;Test Started: Expecting: #PASS=Undefined and #FAIL=0
Running from MTM=True, running on machine name:CMP01-INDIASQA, user name=ykumar, OS=Microsoft Windows NT 6.1.7601 Service Pack 1, Is64BitOS=True[5/15/2018 1:01:18 AM]&lt;INFO&gt;LogCPUAndMemoryUsage: Available Memory = 24391(MB), CPU Usage = 17.3658%[5/15/2018 1:01:18 AM]&lt;INFO&gt;Private Working Set for QTAgent32_40, usage=231860 (K)[5/15/2018 1:01:18 AM]&lt;INFO&gt;Path To TestConfig xml=E:\LoadTestResult\VSEQT\QTAgent\26973\CMP01-INDIASQA.horizonhobby.com\Deployment\SharedCommonConfig.xml[5/15/2018 1:01:18 AM]&lt;INFO&gt;Path To TestData xml=E:\LoadTestResult\VSEQT\QTAgent\26973\CMP01-INDIASQA.horizonhobby.com\Deployment\SearchTestData_010117.xml[5/15/2018 1:01:18 AM]&lt;INFO&gt;Path To HorizonHobbyQA Application Url=https://www-tst.horizonhobby.com[5/15/2018 1:01:18 AM]&lt;INFO&gt;HorizonHobbyQA sql connection string=Server=cmp02-ws-tst-db01:50000;Database=TST01DB;UID=wcdbuser;PWD=h0r1z0n;Connect Timeout=30[5/15/2018 1:01:18 AM]&lt;INFO&gt;Country is := US and language id is := '-1'[5/15/2018 1:01:18 AM]&lt;INFO&gt;Current browser used for test execution is = 'IE'[5/15/2018 1:01:22 AM]&lt;Info&gt;AllBrowserWindow : Locating browser window...[5/15/2018 1:01:22 AM]&lt;INFO&gt;SearchProductexecuting ... Searching term:= 'BLH7600'[5/15/2018 1:01:29 AM]&lt;Info&gt;AllBrowserWindow : Locating browser window...[5/15/2018 1:01:30 AM]&lt;PASS&gt;&lt;BrickAndMortarSearchResultPage&gt;&lt;Validates In Store only message exist&gt;[5/15/2018 1:01:31 AM]&lt;PASS&gt;&lt;BrickAndMortarSearchResultPage&gt;&lt;Validates Star Rating exist&gt;[5/15/2018 1:01:33 AM]&lt;PASS&gt;&lt;BrickAndMortarSearchResultPage&gt;&lt;Validates inventory stock status does not exist&gt;[5/15/2018 1:01:36 AM]&lt;PASS&gt;&lt;BrickAndMortarSearchResultPage&gt;&lt;Validates Free Shipping message does not exist&gt;[5/15/2018 1:01:36 AM]&lt;PASS&gt;&lt;BrickAndMortarSearchResultPage&gt;&lt;Validates Price exist&gt;[5/15/2018 1:01:38 AM]&lt;PASS&gt;&lt;BrickAndMortarSearchResultPage&gt;&lt;Find a retailer link does not exist&gt;[5/15/2018 1:01:41 AM]&lt;PASS&gt;&lt;BrickAndMortarSearchResultPage&gt;&lt;Compare checkbox does not exist&gt;[5/15/2018 1:01:44 AM]&lt;PASS&gt;&lt;BrickAndMortarSearchResultPage&gt;&lt;Quick Info link does not exist&gt;[5/15/2018 1:01:44 AM]&lt;RESULT&gt;Test Ended:#PASS=8, #FAIL=0[5/15/2018 1:01:45 AM]&lt;INFO&gt;LogCPUAndMemoryUsage: Available Memory = 24247(MB), CPU Usage = 2.88937%[5/15/2018 1:01:45 AM]&lt;INFO&gt;Private Working Set for QTAgent32_40, usage=215068 (K)[5/15/2018 1:01:45 AM]&lt;RESULT&gt;&lt;BrickAndMortarSearchResultPage&gt; Test PASSED</StdOut>
      </Output>
      <ResultFiles>
        <ResultFile path="CMP01-INDIASQA.horizonhobby.com\BrickAndMortarSearchResultPage_20180515010117.log" />
        <ResultFile path="CMP01-INDIASQA.horizonhobby.com\BrickAndMortarSearchResultPage_ResultsONLY_20180515010117.log" />
        <ResultFile path="CMP01-INDIASQA.horizonhobby.com\SearchTestData_010117.xml" />
        <ResultFile path="CMP01-INDIASQA.horizonhobby.com\SharedCommonConfig.xml" />
      </ResultFiles>
    </UnitTestResult>
    <UnitTestResult executionId="d7b5913c-a29a-4ddd-812b-e91cd56a185c" testId="5ca37790-c1bc-3fc7-2a19-9fe976f9c850" testName="GlobalSettingsFooterDisplay" computerName="CMP01-INDIASQA" duration="00:05:36.7194150" startTime="2018-05-15T01:01:47.2423948-05:00" endTime="2018-05-15T01:07:24.2433948-05:00" testType="13cdc9d9-ddb5-4fa4-a97d-d965ccfc6d4b" outcome="Passed" testListId="8c84fa94-04c1-424b-9868-57a2d4851a1d">
      <Output>
        <StdOut>Logging to custom path:\\CMP01-YKumar\AutoLog[5/15/2018 1:01:47 AM]&lt;STARTLOG&gt;&lt;GlobalSettingsFooterDisplay&gt;Test Started: Expecting: #PASS=Undefined and #FAIL=0
Running from MTM=True, running on machine name:CMP01-INDIASQA, user name=ykumar, OS=Microsoft Windows NT 6.1.7601 Service Pack 1, Is64BitOS=True[5/15/2018 1:01:49 AM]&lt;INFO&gt;LogCPUAndMemoryUsage: Available Memory = 24390(MB), CPU Usage = 15.45401%[5/15/2018 1:01:49 AM]&lt;INFO&gt;Private Working Set for QTAgent32_40, usage=218132 (K)[5/15/2018 1:01:50 AM]&lt;INFO&gt;Path To TestConfig xml=E:\LoadTestResult\VSEQT\QTAgent\26973\CMP01-INDIASQA.horizonhobby.com\Deployment\SharedCommonConfig.xml[5/15/2018 1:01:50 AM]&lt;INFO&gt;Path To TestData xml=E:\LoadTestResult\VSEQT\QTAgent\26973\CMP01-INDIASQA.horizonhobby.com\Deployment\GlobalSettingsTestData_010147.xml[5/15/2018 1:01:50 AM]&lt;INFO&gt;Path To HorizonHobbyQA Application Url=https://www-tst.horizonhobby.com[5/15/2018 1:01:50 AM]&lt;INFO&gt;HorizonHobbyQA sql connection string=Server=cmp02-ws-tst-db01:50000;Database=TST01DB;UID=wcdbuser;PWD=h0r1z0n;Connect Timeout=30[5/15/2018 1:01:50 AM]&lt;INFO&gt;Country is := US and language id is := '-1'[5/15/2018 1:01:50 AM]&lt;INFO&gt;Current browser used for test execution is = 'IE'[5/15/2018 1:01:55 AM]&lt;INFO&gt;KeyboardSendKeys method executing...[5/15/2018 1:02:04 AM]&lt;PASS&gt;&lt;GlobalSettingsFooterDisplay&gt;&lt; Validates footer url  Horizon Hobby Specials opens&gt;[5/15/2018 1:02:04 AM]&lt;INFO&gt;KeyboardSendKeys method executing...[5/15/2018 1:02:12 AM]&lt;PASS&gt;&lt;GlobalSettingsFooterDisplay&gt;&lt; Validates footer layout is not changed on page Horizon Hobby Specials.&gt;[5/15/2018 1:02:13 AM]&lt;INFO&gt;KeyboardSendKeys method executing...[5/15/2018 1:02:21 AM]&lt;PASS&gt;&lt;GlobalSettingsFooterDisplay&gt;&lt; Validates footer url  Online Publications opens&gt;[5/15/2018 1:02:21 AM]&lt;INFO&gt;KeyboardSendKeys method executing...[5/15/2018 1:02:22 AM]&lt;PASS&gt;&lt;GlobalSettingsFooterDisplay&gt;&lt; Validates footer layout is not changed on page Online Publications.&gt;[5/15/2018 1:02:23 AM]&lt;INFO&gt;KeyboardSendKeys method executing...[5/15/2018 1:02:31 AM]&lt;PASS&gt;&lt;GlobalSettingsFooterDisplay&gt;&lt; Validates footer url  eGift Cards opens&gt;[5/15/2018 1:02:31 AM]&lt;INFO&gt;KeyboardSendKeys method executing...[5/15/2018 1:02:34 AM]&lt;PASS&gt;&lt;GlobalSettingsFooterDisplay&gt;&lt; Validates footer layout is not changed on page eGift Cards.&gt;[5/15/2018 1:02:35 AM]&lt;INFO&gt;KeyboardSendKeys method executing...[5/15/2018 1:02:43 AM]&lt;PASS&gt;&lt;GlobalSettingsFooterDisplay&gt;&lt; Validates footer url  Battery Finder opens&gt;[5/15/2018 1:02:43 AM]&lt;INFO&gt;KeyboardSendKeys method executing...[5/15/2018 1:02:45 AM]&lt;PASS&gt;&lt;GlobalSettingsFooterDisplay&gt;&lt; Validates footer layout is not changed on page Battery Finder.&gt;[5/15/2018 1:02:46 AM]&lt;INFO&gt;KeyboardSendKeys method executing...[5/15/2018 1:02:54 AM]&lt;PASS&gt;&lt;GlobalSettingsFooterDisplay&gt;&lt; Validates footer url  Parts Finder opens&gt;[5/15/2018 1:02:54 AM]&lt;INFO&gt;KeyboardSendKeys method executing...[5/15/2018 1:02:55 AM]&lt;PASS&gt;&lt;GlobalSettingsFooterDisplay&gt;&lt; Validates footer layout is not changed on page Parts Finder.&gt;[5/15/2018 1:02:56 AM]&lt;INFO&gt;KeyboardSendKeys method executing...[5/15/2018 1:03:04 AM]&lt;PASS&gt;&lt;GlobalSettingsFooterDisplay&gt;&lt; Validates footer url  Horizon Hobby Video Channels opens&gt;[5/15/2018 1:03:04 AM]&lt;INFO&gt;KeyboardSendKeys method executing...[5/15/2018 1:03:06 AM]&lt;PASS&gt;&lt;GlobalSettingsFooterDisplay&gt;&lt; Validates footer layout is not changed on page Horizon Hobby Video Channels.&gt;[5/15/2018 1:03:06 AM]&lt;INFO&gt;KeyboardSendKeys method executing...[5/15/2018 1:03:15 AM]&lt;PASS&gt;&lt;GlobalSettingsFooterDisplay&gt;&lt; Validates footer url  Track Locator opens&gt;[5/15/2018 1:03:15 AM]&lt;INFO&gt;KeyboardSendKeys method executing...[5/15/2018 1:03:16 AM]&lt;PASS&gt;&lt;GlobalSettingsFooterDisplay&gt;&lt; Validates footer layout is not changed on page Track Locator.&gt;[5/15/2018 1:03:16 AM]&lt;INFO&gt;KeyboardSendKeys method executing...[5/15/2018 1:03:25 AM]&lt;PASS&gt;&lt;GlobalSettingsFooterDisplay&gt;&lt; Validates footer url  Events Calendar opens&gt;[5/15/2018 1:03:25 AM]&lt;INFO&gt;KeyboardSendKeys method executing...[5/15/2018 1:03:30 AM]&lt;PASS&gt;&lt;GlobalSettingsFooterDisplay&gt;&lt; Validates footer layout is not changed on page Events Calendar.&gt;[5/15/2018 1:03:31 AM]&lt;INFO&gt;KeyboardSendKeys method executing...[5/15/2018 1:03:39 AM]&lt;PASS&gt;&lt;GlobalSettingsFooterDisplay&gt;&lt; Validates footer url  Genuine Product Purchasing opens&gt;[5/15/2018 1:03:39 AM]&lt;INFO&gt;KeyboardSendKeys method executing...[5/15/2018 1:03:40 AM]&lt;PASS&gt;&lt;GlobalSettingsFooterDisplay&gt;&lt; Validates footer layout is not changed on page Genuine Product Purchasing.&gt;[5/15/2018 1:03:40 AM]&lt;INFO&gt;KeyboardSendKeys method executing...[5/15/2018 1:03:49 AM]&lt;PASS&gt;&lt;GlobalSettingsFooterDisplay&gt;&lt; Validates Footer URL Know Before You Fly open&gt;[5/15/2018 1:03:49 AM]&lt;Info&gt;AllBrowserWindow : Locating browser window...[5/15/2018 1:04:04 AM]&lt;INFO&gt;ClickAcceptCookiesAgreement : failed executing ...[5/15/2018 1:04:17 AM]&lt;INFO&gt;KeyboardSendKeys method executing...[5/15/2018 1:04:19 AM]&lt;INFO&gt;KeyboardSendKeys method executing...[5/15/2018 1:04:27 AM]&lt;PASS&gt;&lt;GlobalSettingsFooterDisplay&gt;&lt; Validates footer url  Unmanned Aircraft Systems (UAS) Registration do opens. Bug#9818&gt;[5/15/2018 1:04:28 AM]&lt;INFO&gt;KeyboardSendKeys method executing...[5/15/2018 1:04:37 AM]&lt;PASS&gt;&lt;GlobalSettingsFooterDisplay&gt;&lt; Validates footer url  Service Center opens&gt;[5/15/2018 1:04:37 AM]&lt;INFO&gt;KeyboardSendKeys method executing...[5/15/2018 1:04:38 AM]&lt;PASS&gt;&lt;GlobalSettingsFooterDisplay&gt;&lt; Validates footer layout is not changed on page Service Center.&gt;[5/15/2018 1:04:38 AM]&lt;INFO&gt;KeyboardSendKeys method executing...[5/15/2018 1:04:47 AM]&lt;PASS&gt;&lt;GlobalSettingsFooterDisplay&gt;&lt; Validates footer url  Return Policy opens&gt;[5/15/2018 1:04:47 AM]&lt;INFO&gt;KeyboardSendKeys method executing...[5/15/2018 1:04:48 AM]&lt;PASS&gt;&lt;GlobalSettingsFooterDisplay&gt;&lt; Validates footer layout is not changed on page Return Policy.&gt;[5/15/2018 1:04:48 AM]&lt;INFO&gt;KeyboardSendKeys method executing...[5/15/2018 1:04:57 AM]&lt;PASS&gt;&lt;GlobalSettingsFooterDisplay&gt;&lt; Validates footer url  Shipping Policy opens&gt;[5/15/2018 1:04:57 AM]&lt;INFO&gt;KeyboardSendKeys method executing...[5/15/2018 1:04:58 AM]&lt;PASS&gt;&lt;GlobalSettingsFooterDisplay&gt;&lt; Validates footer layout is not changed on page Shipping Policy.&gt;[5/15/2018 1:04:58 AM]&lt;INFO&gt;KeyboardSendKeys method executing...[5/15/2018 1:05:07 AM]&lt;PASS&gt;&lt;GlobalSettingsFooterDisplay&gt;&lt; Validates footer url  International Shipping Policy FAQs opens&gt;[5/15/2018 1:05:07 AM]&lt;INFO&gt;KeyboardSendKeys method executing...[5/15/2018 1:05:08 AM]&lt;PASS&gt;&lt;GlobalSettingsFooterDisplay&gt;&lt; Validates footer layout is not changed on page International Shipping Policy FAQs.&gt;[5/15/2018 1:05:08 AM]&lt;INFO&gt;KeyboardSendKeys method executing...[5/15/2018 1:05:17 AM]&lt;PASS&gt;&lt;GlobalSettingsFooterDisplay&gt;&lt; Validates footer url  Payment Options opens&gt;[5/15/2018 1:05:17 AM]&lt;INFO&gt;KeyboardSendKeys method executing...[5/15/2018 1:05:18 AM]&lt;PASS&gt;&lt;GlobalSettingsFooterDisplay&gt;&lt; Validates footer layout is not changed on page Payment Options.&gt;[5/15/2018 1:05:18 AM]&lt;INFO&gt;KeyboardSendKeys method executing...[5/15/2018 1:05:27 AM]&lt;PASS&gt;&lt;GlobalSettingsFooterDisplay&gt;&lt; Validates footer url  Tech Support opens&gt;[5/15/2018 1:05:27 AM]&lt;INFO&gt;KeyboardSendKeys method executing...[5/15/2018 1:05:28 AM]&lt;PASS&gt;&lt;GlobalSettingsFooterDisplay&gt;&lt; Validates footer layout is not changed on page Tech Support.&gt;[5/15/2018 1:05:28 AM]&lt;INFO&gt;KeyboardSendKeys method executing...[5/15/2018 1:05:37 AM]&lt;PASS&gt;&lt;GlobalSettingsFooterDisplay&gt;&lt; Validates Footer URL About Us open&gt;[5/15/2018 1:05:37 AM]&lt;Info&gt;AllBrowserWindow : Locating browser window...[5/15/2018 1:05:48 AM]&lt;INFO&gt;KeyboardSendKeys method executing...[5/15/2018 1:05:49 AM]&lt;INFO&gt;KeyboardSendKeys method executing...[5/15/2018 1:05:58 AM]&lt;PASS&gt;&lt;GlobalSettingsFooterDisplay&gt;&lt; Validates footer url  Best Brands opens&gt;[5/15/2018 1:05:58 AM]&lt;INFO&gt;KeyboardSendKeys method executing...[5/15/2018 1:05:59 AM]&lt;PASS&gt;&lt;GlobalSettingsFooterDisplay&gt;&lt; Validates footer layout is not changed on page Best Brands.&gt;[5/15/2018 1:05:59 AM]&lt;INFO&gt;KeyboardSendKeys method executing...[5/15/2018 1:06:08 AM]&lt;PASS&gt;&lt;GlobalSettingsFooterDisplay&gt;&lt; Validates Footer URL Become a Dealer open&gt;[5/15/2018 1:06:08 AM]&lt;Info&gt;AllBrowserWindow : Locating browser window...[5/15/2018 1:06:21 AM]&lt;INFO&gt;KeyboardSendKeys method executing...[5/15/2018 1:06:22 AM]&lt;INFO&gt;KeyboardSendKeys method executing...[5/15/2018 1:06:30 AM]&lt;PASS&gt;&lt;GlobalSettingsFooterDisplay&gt;&lt; Validates Footer URL Careers open&gt;[5/15/2018 1:06:30 AM]&lt;INFO&gt;KeyboardSendKeys method executing...[5/15/2018 1:06:39 AM]&lt;PASS&gt;&lt;GlobalSettingsFooterDisplay&gt;&lt; Validates footer url  Privacy Policy opens&gt;[5/15/2018 1:06:39 AM]&lt;INFO&gt;KeyboardSendKeys method executing...[5/15/2018 1:06:40 AM]&lt;PASS&gt;&lt;GlobalSettingsFooterDisplay&gt;&lt; Validates footer layout is not changed on page Privacy Policy.&gt;[5/15/2018 1:06:40 AM]&lt;INFO&gt;KeyboardSendKeys method executing...[5/15/2018 1:06:49 AM]&lt;PASS&gt;&lt;GlobalSettingsFooterDisplay&gt;&lt; Validates footer url  Terms of Use opens&gt;[5/15/2018 1:06:49 AM]&lt;INFO&gt;KeyboardSendKeys method executing...[5/15/2018 1:06:50 AM]&lt;PASS&gt;&lt;GlobalSettingsFooterDisplay&gt;&lt; Validates footer layout is not changed on page Terms of Use.&gt;[5/15/2018 1:06:50 AM]&lt;INFO&gt;KeyboardSendKeys method executing...[5/15/2018 1:06:59 AM]&lt;PASS&gt;&lt;GlobalSettingsFooterDisplay&gt;&lt; Validates footer url  Product Recalls opens&gt;[5/15/2018 1:06:59 AM]&lt;INFO&gt;KeyboardSendKeys method executing...[5/15/2018 1:07:00 AM]&lt;PASS&gt;&lt;GlobalSettingsFooterDisplay&gt;&lt; Validates footer layout is not changed on page Product Recalls.&gt;[5/15/2018 1:07:00 AM]&lt;INFO&gt;KeyboardSendKeys method executing...[5/15/2018 1:07:09 AM]&lt;PASS&gt;&lt;GlobalSettingsFooterDisplay&gt;&lt; Validates footer url  Certificates of Compliance opens&gt;[5/15/2018 1:07:09 AM]&lt;INFO&gt;KeyboardSendKeys method executing...[5/15/2018 1:07:10 AM]&lt;PASS&gt;&lt;GlobalSettingsFooterDisplay&gt;&lt; Validates footer layout is not changed on page Certificates of Compliance.&gt;[5/15/2018 1:07:10 AM]&lt;INFO&gt;KeyboardSendKeys method executing...[5/15/2018 1:07:19 AM]&lt;PASS&gt;&lt;GlobalSettingsFooterDisplay&gt;&lt; Validates footer url  Horizon Hobby Trademarks opens&gt;[5/15/2018 1:07:19 AM]&lt;INFO&gt;KeyboardSendKeys method executing...[5/15/2018 1:07:20 AM]&lt;PASS&gt;&lt;GlobalSettingsFooterDisplay&gt;&lt; Validates footer layout is not changed on page Horizon Hobby Trademarks.&gt;[5/15/2018 1:07:21 AM]&lt;RESULT&gt;Test Ended:#PASS=47, #FAIL=0[5/15/2018 1:07:22 AM]&lt;INFO&gt;LogCPUAndMemoryUsage: Available Memory = 23944(MB), CPU Usage = 0%[5/15/2018 1:07:22 AM]&lt;INFO&gt;Private Working Set for QTAgent32_40, usage=230252 (K)[5/15/2018 1:07:22 AM]&lt;RESULT&gt;&lt;GlobalSettingsFooterDisplay&gt; Test PASSED</StdOut>
      </Output>
      <ResultFiles />
    </UnitTestResult>
    <UnitTestResult executionId="e781cae3-a792-434a-b7e8-fae18089e516" testId="780f8ca6-0b89-206d-fa11-a594df9ce382" testName="MyAccountLandingPage" computerName="CMP01-INDIASQA" duration="00:02:24.0556835" startTime="2018-05-15T01:07:24.2443948-05:00" endTime="2018-05-15T01:09:48.3283948-05:00" testType="13cdc9d9-ddb5-4fa4-a97d-d965ccfc6d4b" outcome="Passed" testListId="8c84fa94-04c1-424b-9868-57a2d4851a1d">
      <Output>
        <StdOut>Logging to custom path:\\CMP01-YKumar\AutoLog[5/15/2018 1:07:24 AM]&lt;STARTLOG&gt;&lt;MyAccountLandingPage&gt;Test Started: Expecting: #PASS=Undefined and #FAIL=0
Running from MTM=True, running on machine name:CMP01-INDIASQA, user name=ykumar, OS=Microsoft Windows NT 6.1.7601 Service Pack 1, Is64BitOS=True[5/15/2018 1:07:25 AM]&lt;INFO&gt;LogCPUAndMemoryUsage: Available Memory = 24372(MB), CPU Usage = 13.8052%[5/15/2018 1:07:25 AM]&lt;INFO&gt;Private Working Set for QTAgent32_40, usage=230376 (K)[5/15/2018 1:07:25 AM]&lt;INFO&gt;Path To TestConfig xml=E:\LoadTestResult\VSEQT\QTAgent\26973\CMP01-INDIASQA.horizonhobby.com\Deployment\SharedCommonConfig.xml[5/15/2018 1:07:25 AM]&lt;INFO&gt;Path To TestData xml=E:\LoadTestResult\VSEQT\QTAgent\26973\CMP01-INDIASQA.horizonhobby.com\Deployment\MyAccountTestData_010724.xml[5/15/2018 1:07:25 AM]&lt;INFO&gt;Path To HorizonHobbyQA Application Url=https://www-tst.horizonhobby.com[5/15/2018 1:07:25 AM]&lt;INFO&gt;HorizonHobbyQA sql connection string=Server=cmp02-ws-tst-db01:50000;Database=TST01DB;UID=wcdbuser;PWD=h0r1z0n;Connect Timeout=30[5/15/2018 1:07:25 AM]&lt;INFO&gt;Country is := US and language id is := '-1'[5/15/2018 1:07:25 AM]&lt;INFO&gt;Current browser used for test execution is = 'IE'[5/15/2018 1:07:41 AM]&lt;INFO&gt;SurveyWindow : method executing ...[5/15/2018 1:07:51 AM]&lt;INFO&gt;ContinueOnCertificationErrorClickexecuting ...[5/15/2018 1:07:51 AM]&lt;Info&gt;DEAllBrowserWindow : Locating browser window...[5/15/2018 1:07:59 AM]&lt;INFO&gt;UserRegistration : method executing ...[5/15/2018 1:07:59 AM]&lt;Info&gt;AllBrowserWindow : Locating browser window...[5/15/2018 1:08:26 AM]&lt;Info&gt;AllBrowserWindow : Locating browser window...[5/15/2018 1:08:43 AM]&lt;Info&gt;AllBrowserWindow : Locating browser window...[5/15/2018 1:08:55 AM]&lt;PASS&gt;&lt;MyAccountLandingPage&gt;&lt; Validates that on My Account Header Text My Account exists &gt;[5/15/2018 1:09:17 AM]&lt;PASS&gt;&lt;MyAccountLandingPage&gt;&lt; Validates that on My Account Page Account Summary Text exists &gt;[5/15/2018 1:09:23 AM]&lt;PASS&gt;&lt;MyAccountLandingPage&gt;&lt; Validates that on My Account Page Account Summary Text exists &gt;[5/15/2018 1:09:23 AM]&lt;PASS&gt;&lt;MyAccountLandingPage&gt;&lt; Validates that on My Account, Account Information Header exists &gt;[5/15/2018 1:09:23 AM]&lt;PASS&gt;&lt;MyAccountLandingPage&gt;&lt; Validates that on My Account, Recent Order History Header exists &gt;[5/15/2018 1:09:24 AM]&lt;PASS&gt;&lt;MyAccountLandingPage&gt;&lt; Validates that on My Account page field Name exists&gt;[5/15/2018 1:09:24 AM]&lt;PASS&gt;&lt;MyAccountLandingPage&gt;&lt; Validates that on My Account page field Vicki Dunbar exists&gt;[5/15/2018 1:09:24 AM]&lt;PASS&gt;&lt;MyAccountLandingPage&gt;&lt; Validates that on My Account page field Address exists&gt;[5/15/2018 1:09:24 AM]&lt;PASS&gt;&lt;MyAccountLandingPage&gt;&lt; Validates that on My Account page field 898 Alaxandre Road exists&gt;[5/15/2018 1:09:24 AM]&lt;PASS&gt;&lt;MyAccountLandingPage&gt;&lt; Validates that on My Account page field City exists&gt;[5/15/2018 1:09:24 AM]&lt;PASS&gt;&lt;MyAccountLandingPage&gt;&lt; Validates that on My Account page field CA exists&gt;[5/15/2018 1:09:24 AM]&lt;PASS&gt;&lt;MyAccountLandingPage&gt;&lt; Validates that on My Account page field E-mail exists&gt;[5/15/2018 1:09:24 AM]&lt;PASS&gt;&lt;MyAccountLandingPage&gt;&lt; Validates that on My Account page field horizonhobbytest7@gmail.com exists&gt;[5/15/2018 1:09:24 AM]&lt;Info&gt;AllBrowserWindow : Locating browser window...[5/15/2018 1:09:34 AM]&lt;PASS&gt;&lt;MyAccountLandingPage&gt;&lt; Validates that Account Information Link exists on My Account page&gt;[5/15/2018 1:09:34 AM]&lt;PASS&gt;&lt;MyAccountLandingPage&gt;&lt; Validates that My Address Book Link exists on My Account page&gt;[5/15/2018 1:09:34 AM]&lt;PASS&gt;&lt;MyAccountLandingPage&gt;&lt; Validates that Payment Methods Link exists on My Account page&gt;[5/15/2018 1:09:34 AM]&lt;PASS&gt;&lt;MyAccountLandingPage&gt;&lt; Validates that Manage Wishlists Link exists on My Account page&gt;[5/15/2018 1:09:34 AM]&lt;PASS&gt;&lt;MyAccountLandingPage&gt;&lt; Validates that Order History Link exists on My Account page&gt;[5/15/2018 1:09:34 AM]&lt;Info&gt;AllBrowserWindow : Locating browser window...[5/15/2018 1:09:44 AM]&lt;PASS&gt;&lt;MyAccountLandingPage&gt;&lt; Validates that 'Active Coupons/Certificates' Link exist on My Account page&gt;[5/15/2018 1:09:44 AM]&lt;PASS&gt;&lt;MyAccountLandingPage&gt;&lt; Validates that 'Active Coupons/Certificates' Link display text is as expected on My Account page&gt;[5/15/2018 1:09:44 AM]&lt;PASS&gt;&lt;MyAccountLandingPage&gt;&lt; Validates that Rewards Dashboard Link exist on My Account page&gt;[5/15/2018 1:09:44 AM]&lt;PASS&gt;&lt;MyAccountLandingPage&gt;&lt; Validates that Rewards Dashboard Link display text is as expected on My Account page&gt;[5/15/2018 1:09:44 AM]&lt;PASS&gt;&lt;MyAccountLandingPage&gt;&lt; Validates that Points Activity Log Link exist on My Account page&gt;[5/15/2018 1:09:45 AM]&lt;PASS&gt;&lt;MyAccountLandingPage&gt;&lt; Validates that Points Activity Log Link display text is as expected on My Account page&gt;[5/15/2018 1:09:45 AM]&lt;PASS&gt;&lt;MyAccountLandingPage&gt;&lt; Validates that Rewards Profile Link exist on My Account page&gt;[5/15/2018 1:09:45 AM]&lt;PASS&gt;&lt;MyAccountLandingPage&gt;&lt; Validates that Rewards Profile Link Link display text is as expected on My Account page&gt;[5/15/2018 1:09:45 AM]&lt;PASS&gt;&lt;MyAccountLandingPage&gt;&lt; Validates that Rewards Profile Link exist on My Account page&gt;[5/15/2018 1:09:45 AM]&lt;PASS&gt;&lt;MyAccountLandingPage&gt;&lt; Validates that Rewards Profile Link Link display text is as expected on My Account page&gt;[5/15/2018 1:09:45 AM]&lt;RESULT&gt;Test Ended:#PASS=28, #FAIL=0[5/15/2018 1:09:46 AM]&lt;INFO&gt;LogCPUAndMemoryUsage: Available Memory = 24268(MB), CPU Usage = 7.95941%[5/15/2018 1:09:46 AM]&lt;INFO&gt;Private Working Set for QTAgent32_40, usage=236936 (K)[5/15/2018 1:09:46 AM]&lt;RESULT&gt;&lt;MyAccountLandingPage&gt; Test PASSED</StdOut>
      </Output>
      <ResultFiles />
    </UnitTestResult>
    <UnitTestResult executionId="8b341358-7822-43c0-8a8c-7a0b8aa67517" testId="6d9fd32a-a94f-b15c-8b40-3d3ca5789585" testName="CheckoutRestrictedCountriesSignedInUser" computerName="CMP01-INDIASQA" duration="00:04:56.3984444" startTime="2018-05-15T01:09:48.3303948-05:00" endTime="2018-05-15T01:14:44.7613948-05:00" testType="13cdc9d9-ddb5-4fa4-a97d-d965ccfc6d4b" outcome="Passed" testListId="8c84fa94-04c1-424b-9868-57a2d4851a1d">
      <Output>
        <StdOut>Logging to custom path:\\CMP01-YKumar\AutoLog[5/15/2018 1:09:48 AM]&lt;STARTLOG&gt;&lt;CheckoutRestrictedCountriesSignedInUser&gt;Test Started: Expecting: #PASS=Undefined and #FAIL=0
Running from MTM=True, running on machine name:CMP01-INDIASQA, user name=ykumar, OS=Microsoft Windows NT 6.1.7601 Service Pack 1, Is64BitOS=True[5/15/2018 1:09:49 AM]&lt;INFO&gt;LogCPUAndMemoryUsage: Available Memory = 24306(MB), CPU Usage = 17.84405%[5/15/2018 1:09:49 AM]&lt;INFO&gt;Private Working Set for QTAgent32_40, usage=237140 (K)[5/15/2018 1:09:49 AM]&lt;INFO&gt;Path To TestConfig xml=E:\LoadTestResult\VSEQT\QTAgent\26973\CMP01-INDIASQA.horizonhobby.com\Deployment\SharedCommonConfig.xml[5/15/2018 1:09:49 AM]&lt;INFO&gt;Path To TestData xml=E:\LoadTestResult\VSEQT\QTAgent\26973\CMP01-INDIASQA.horizonhobby.com\Deployment\CheckoutCommonTestData_010948.xml[5/15/2018 1:09:49 AM]&lt;INFO&gt;Path To HorizonHobbyQA Application Url=https://www-tst.horizonhobby.com[5/15/2018 1:09:49 AM]&lt;INFO&gt;HorizonHobbyQA sql connection string=Server=cmp02-ws-tst-db01:50000;Database=TST01DB;UID=wcdbuser;PWD=h0r1z0n;Connect Timeout=30[5/15/2018 1:09:49 AM]&lt;INFO&gt;Country is := US and language id is := '-1'[5/15/2018 1:09:49 AM]&lt;INFO&gt;Current browser used for test execution is = 'IE'[5/15/2018 1:09:56 AM]&lt;INFO&gt;SurveyWindow : method executing ...[5/15/2018 1:10:04 AM]&lt;INFO&gt;ContinueOnCertificationErrorClickexecuting ...[5/15/2018 1:10:04 AM]&lt;Info&gt;DEAllBrowserWindow : Locating browser window...[5/15/2018 1:10:15 AM]&lt;INFO&gt;UserRegistration : method executing ...[5/15/2018 1:10:15 AM]&lt;Info&gt;AllBrowserWindow : Locating browser window...[5/15/2018 1:10:41 AM]&lt;Info&gt;AllBrowserWindow : Locating browser window...[5/15/2018 1:10:58 AM]&lt;Info&gt;AllBrowserWindow : Locating browser window...[5/15/2018 1:11:14 AM]&lt;INFO&gt;SearchProductexecuting ... Searching term:= 'YUNQ4KBP'[5/15/2018 1:11:21 AM]&lt;Info&gt;AllBrowserWindow : Locating browser window...[5/15/2018 1:11:45 AM]&lt;Info&gt;AllBrowserWindow : Locating browser window...[5/15/2018 1:12:17 AM]&lt;Info&gt;AllBrowserWindow : Locating browser window...[5/15/2018 1:12:32 AM]&lt;INFO&gt;BackOrderClickexecuting ...[5/15/2018 1:12:33 AM]&lt;INFO&gt;GoToCartClickexecuting ...[5/15/2018 1:12:38 AM]&lt;INFO&gt;CheckoutProcessStartShoppingCart : method executing[5/15/2018 1:12:38 AM]&lt;Info&gt;AllBrowserWindow : Locating browser window...[5/15/2018 1:12:48 AM]&lt;INFO&gt;CheckoutShoppingCartControls : method executing[5/15/2018 1:12:48 AM]&lt;Info&gt;AllBrowserWindow : Locating browser window...[5/15/2018 1:12:55 AM]&lt;Info&gt;AllBrowserWindow : Locating browser window...[5/15/2018 1:13:00 AM]&lt;INFO&gt;SelectCheckoutPaymentRadiobutton : method executing[5/15/2018 1:13:00 AM]&lt;INFO&gt;CheckoutCreditCardShippingAndBillingControls : method executing[5/15/2018 1:13:00 AM]&lt;Info&gt;AllBrowserWindow : Locating browser window...[5/15/2018 1:13:12 AM]&lt;PASS&gt;&lt;CheckoutRestrictedCountriesSignedInUser&gt;&lt; Validates that link for Update Billing Address present&gt;[5/15/2018 1:13:15 AM]&lt;PASS&gt;&lt;CheckoutRestrictedCountriesSignedInUser&gt;&lt; Verify the actual item 'United States' is as expected and in order with expected: 'United States'&gt;[5/15/2018 1:13:15 AM]&lt;Info&gt;AllBrowserWindow : Locating browser window...[5/15/2018 1:13:19 AM]&lt;Info&gt;AllBrowserWindow : Locating browser window...[5/15/2018 1:13:23 AM]&lt;INFO&gt;SearchProductexecuting ... Searching term:= 'ZEN286912110'[5/15/2018 1:13:30 AM]&lt;Info&gt;AllBrowserWindow : Locating browser window...[5/15/2018 1:13:30 AM]&lt;INFO&gt;BackOrderClickexecuting ...[5/15/2018 1:13:31 AM]&lt;INFO&gt;GoToCartClickexecuting ...[5/15/2018 1:13:38 AM]&lt;INFO&gt;CheckoutProcessStartShoppingCart : method executing[5/15/2018 1:13:38 AM]&lt;Info&gt;AllBrowserWindow : Locating browser window...[5/15/2018 1:13:47 AM]&lt;INFO&gt;CheckoutShoppingCartControls : method executing[5/15/2018 1:13:47 AM]&lt;Info&gt;AllBrowserWindow : Locating browser window...[5/15/2018 1:14:08 AM]&lt;PASS&gt;&lt;CheckoutRestrictedCountriesSignedInUser&gt;&lt;Validate that Billing Country Combobox exist&gt;[5/15/2018 1:14:08 AM]&lt;PASS&gt;&lt;CheckoutRestrictedCountriesSignedInUser&gt;&lt; Verify the actual item 'Canada' is as expected and in order with expected: 'Canada'&gt;[5/15/2018 1:14:08 AM]&lt;PASS&gt;&lt;CheckoutRestrictedCountriesSignedInUser&gt;&lt; Verify the actual item 'United States' is as expected and in order with expected: 'United States'&gt;[5/15/2018 1:14:08 AM]&lt;PASS&gt;&lt;CheckoutRestrictedCountriesSignedInUser&gt;&lt;Validate that Shipping Country Combo box exist&gt;[5/15/2018 1:14:08 AM]&lt;PASS&gt;&lt;CheckoutRestrictedCountriesSignedInUser&gt;&lt; Verify the actual item 'United States' is as expected and in order with expected: 'United States'&gt;[5/15/2018 1:14:08 AM]&lt;INFO&gt;DeleteWishlistFromDatabase : method executing[5/15/2018 1:14:08 AM]&lt;INFO&gt;DeletOrderItem : method executing[5/15/2018 1:14:41 AM]&lt;RESULT&gt;Test Ended:#PASS=7, #FAIL=0[5/15/2018 1:14:42 AM]&lt;INFO&gt;LogCPUAndMemoryUsage: Available Memory = 24090(MB), CPU Usage = 28.89565%[5/15/2018 1:14:42 AM]&lt;INFO&gt;Private Working Set for QTAgent32_40, usage=233004 (K)[5/15/2018 1:14:42 AM]&lt;RESULT&gt;&lt;CheckoutRestrictedCountriesSignedInUser&gt; Test PASSED</StdOut>
      </Output>
      <ResultFiles>
        <ResultFile path="CMP01-INDIASQA.horizonhobby.com\CheckoutCommonTestData_010948.xml" />
        <ResultFile path="CMP01-INDIASQA.horizonhobby.com\CheckoutRestrictedCountriesSignedInUser_20180515010948.log" />
        <ResultFile path="CMP01-INDIASQA.horizonhobby.com\CheckoutRestrictedCountriesSignedInUser_ResultsONLY_20180515010948.log" />
        <ResultFile path="CMP01-INDIASQA.horizonhobby.com\SharedCommonConfig.xml" />
      </ResultFiles>
    </UnitTestResult>
    <UnitTestResult executionId="93da4fe0-f4b2-4ba7-ba58-6c38b77fb80f" testId="5e0ddda9-29bf-a604-6276-12249de1b0e3" testName="CheckoutRestrictedCountriesList" computerName="CMP01-INDIASQA" duration="00:00:58.9155621" startTime="2018-05-15T01:14:44.7633948-05:00" endTime="2018-05-15T01:15:43.7083948-05:00" testType="13cdc9d9-ddb5-4fa4-a97d-d965ccfc6d4b" outcome="Passed" testListId="8c84fa94-04c1-424b-9868-57a2d4851a1d">
      <Output>
        <StdOut>Logging to custom path:\\CMP01-YKumar\AutoLog[5/15/2018 1:14:44 AM]&lt;STARTLOG&gt;&lt;CheckoutRestrictedCountriesList&gt;Test Started: Expecting: #PASS=Undefined and #FAIL=0
Running from MTM=True, running on machine name:CMP01-INDIASQA, user name=ykumar, OS=Microsoft Windows NT 6.1.7601 Service Pack 1, Is64BitOS=True[5/15/2018 1:14:45 AM]&lt;INFO&gt;LogCPUAndMemoryUsage: Available Memory = 24124(MB), CPU Usage = 16.81764%[5/15/2018 1:14:45 AM]&lt;INFO&gt;Private Working Set for QTAgent32_40, usage=233228 (K)[5/15/2018 1:14:45 AM]&lt;INFO&gt;Path To TestConfig xml=E:\LoadTestResult\VSEQT\QTAgent\26973\CMP01-INDIASQA.horizonhobby.com\Deployment\SharedCommonConfig.xml[5/15/2018 1:14:45 AM]&lt;INFO&gt;Path To TestData xml=E:\LoadTestResult\VSEQT\QTAgent\26973\CMP01-INDIASQA.horizonhobby.com\Deployment\CheckoutCommonTestData_011444.xml[5/15/2018 1:14:45 AM]&lt;INFO&gt;Path To HorizonHobbyQA Application Url=https://www-tst.horizonhobby.com[5/15/2018 1:14:45 AM]&lt;INFO&gt;HorizonHobbyQA sql connection string=Server=cmp02-ws-tst-db01:50000;Database=TST01DB;UID=wcdbuser;PWD=h0r1z0n;Connect Timeout=30[5/15/2018 1:14:45 AM]&lt;INFO&gt;Country is := US and language id is := '-1'[5/15/2018 1:14:45 AM]&lt;INFO&gt;Current browser used for test execution is = 'IE'[5/15/2018 1:14:53 AM]&lt;INFO&gt;SearchProductexecuting ... Searching term:= 'SAIG84R301'[5/15/2018 1:14:59 AM]&lt;Info&gt;AllBrowserWindow : Locating browser window...[5/15/2018 1:15:00 AM]&lt;INFO&gt;BackOrderClickexecuting ...[5/15/2018 1:15:00 AM]&lt;INFO&gt;GoToCartClickexecuting ...[5/15/2018 1:15:07 AM]&lt;INFO&gt;CheckoutProcessStartShoppingCart : method executing[5/15/2018 1:15:07 AM]&lt;Info&gt;AllBrowserWindow : Locating browser window...[5/15/2018 1:15:16 AM]&lt;INFO&gt;CheckoutShoppingCartControls : method executing[5/15/2018 1:15:16 AM]&lt;Info&gt;AllBrowserWindow : Locating browser window...[5/15/2018 1:15:35 AM]&lt;PASS&gt;&lt;CheckoutRestrictedCountriesList&gt;&lt;Validate that Billing Country Combobox exist&gt;[5/15/2018 1:15:36 AM]&lt;PASS&gt;&lt;CheckoutRestrictedCountriesList&gt;&lt; Verify the actual item 'Canada' is as expected and in order with expected: 'Canada'&gt;[5/15/2018 1:15:36 AM]&lt;PASS&gt;&lt;CheckoutRestrictedCountriesList&gt;&lt; Verify the actual item 'United States' is as expected and in order with expected: 'United States'&gt;[5/15/2018 1:15:38 AM]&lt;PASS&gt;&lt;CheckoutRestrictedCountriesList&gt;&lt;Validate that selected Items is Canada&gt;[5/15/2018 1:15:38 AM]&lt;PASS&gt;&lt;CheckoutRestrictedCountriesList&gt;&lt;Validate that Shipping Country Combo box exist&gt;[5/15/2018 1:15:39 AM]&lt;PASS&gt;&lt;CheckoutRestrictedCountriesList&gt;&lt; Verify the actual item 'United States' is as expected and in order with expected: 'United States'&gt;[5/15/2018 1:15:40 AM]&lt;PASS&gt;&lt;CheckoutRestrictedCountriesList&gt;&lt;Validate that selected Country is United States and not India as per border free expected changes&gt;[5/15/2018 1:15:40 AM]&lt;RESULT&gt;Test Ended:#PASS=7, #FAIL=0[5/15/2018 1:15:41 AM]&lt;INFO&gt;LogCPUAndMemoryUsage: Available Memory = 24156(MB), CPU Usage = 9.32442%[5/15/2018 1:15:41 AM]&lt;INFO&gt;Private Working Set for QTAgent32_40, usage=231224 (K)[5/15/2018 1:15:41 AM]&lt;RESULT&gt;&lt;CheckoutRestrictedCountriesList&gt; Test PASSED</StdOut>
      </Output>
      <ResultFiles>
        <ResultFile path="CMP01-INDIASQA.horizonhobby.com\CheckoutCommonTestData_011444.xml" />
        <ResultFile path="CMP01-INDIASQA.horizonhobby.com\CheckoutRestrictedCountriesList_20180515011444.log" />
        <ResultFile path="CMP01-INDIASQA.horizonhobby.com\CheckoutRestrictedCountriesList_ResultsONLY_20180515011444.log" />
        <ResultFile path="CMP01-INDIASQA.horizonhobby.com\SharedCommonConfig.xml" />
      </ResultFiles>
    </UnitTestResult>
    <UnitTestResult executionId="7cd91bad-c58b-4f4e-94c3-b5b5249b8511" testId="cee3ac5d-f77a-85c9-c9cb-ecaa400c80e9" testName="ProductPageQuestionAndAnswer" computerName="CMP01-INDIASQA" duration="00:05:49.8303747" startTime="2018-05-15T01:15:43.7103948-05:00" endTime="2018-05-15T01:21:33.6123948-05:00" testType="13cdc9d9-ddb5-4fa4-a97d-d965ccfc6d4b" outcome="Failed" testListId="8c84fa94-04c1-424b-9868-57a2d4851a1d">
      <Output>
        <StdOut>Logging to custom path:\\CMP01-YKumar\AutoLogAssert.Fail failed. 
Actual #FAIL=2, #Expected FAIL=0
#Other errors=4
[Error details below]
&lt;ERROR&gt;[5/15/2018 1:20:24 AM]&lt;Error&gt;SetObject : failed executing ...The playback failed to find the control with the given search properties. Additional Details: 
TechnologyName:  'Web'
ControlType:  'Hyperlink'
TagName:  'A'
Id:  'tab_qa_link'
 Failed to find any control that matched the value tab_qa_link for the search property Id.
&lt;FAIL&gt;&lt;ProductPageQuestionAndAnswer&gt;&lt;Atleast 1 questions asked&gt;.Assert.AreEqual failed. Expected:&lt;False&gt;. Actual:&lt;True&gt;. 
    StackTrace:
    ProductPageQuestionAndAnswer(),ProductPage.cs,Line Number:2075
&lt;FAIL&gt;&lt;ProductPageQuestionAndAnswer&gt;&lt;Atleast 1 answers &gt;.Assert.AreEqual failed. Expected:&lt;False&gt;. Actual:&lt;True&gt;. 
    StackTrace:
    ProductPageQuestionAndAnswer(),ProductPage.cs,Line Number:2080
&lt;ERROR&gt;[5/15/2018 1:20:35 AM]&lt;Error&gt;ClickAndValidateQuestionAndAnswer : failed executing ...Script execution failed. Script: return document.getElementById('BVQAQuestionsID').childNodes[0].getAttribute('id');
&lt;ERROR&gt;[5/15/2018 1:20:57 AM]&lt;ERROR&gt;MouseClick Exception:Microsoft.VisualStudio.TestTools.UITest.Extension.UITestControlNotFoundException: The playback failed to find the control with the given search properties. Additional Details: 
TechnologyName:  'Web'
ControlType:  'Hyperlink'
TagName:  'a'
Name:  'BV_TrackingTag_Question_Display_AnswerThisQ_'
 Failed to find any control that matched the search condition ControlType='Hyperlink' &amp;&amp; Name=&gt;'BV_TrackingTag_Question_Display_AnswerThisQ_' ---&gt; System.Runtime.InteropServices.COMException: Error HRESULT E_FAIL has been returned from a call to a COM component.
   at Microsoft.VisualStudio.TestTools.UITest.Playback.Engine.IScreenElement.FindAllDescendants(String bstrQueryId, Object&amp; pvarResKeys, Int32 cResKeys, Int32 nMaxDepth)
   at Microsoft.VisualStudio.TestTools.UITest.Playback.ScreenElement.FindAllScreenElement(String queryId, Int32 depth, Boolean singleQueryId, Boolean throwException, Boolean resetSkipStep)
   at Microsoft.VisualStudio.TestTools.UITest.Playback.ScreenElement.FindScreenElement(String queryId, Int32 depth, Boolean resetSkipStep)
   at Microsoft.VisualStudio.TestTools.UITesting.UITestControl.FindFirstDescendant(String queryId, Int32 maxDepth, Int32&amp; timeLeft)
   --- End of inner exception stack trace ---
   at Microsoft.VisualStudio.TestTools.UITesting.Playback.MapControlNotFoundException(COMException ex, IPlaybackContext context)
   at Microsoft.VisualStudio.TestTools.UITesting.Playback.MapAndThrowComException(COMException innerException, IPlaybackContext context)
   at Microsoft.VisualStudio.TestTools.UITesting.Playback.MapAndThrowException(SystemException exception, IPlaybackContext context)
   at Microsoft.VisualStudio.TestTools.UITesting.Playback.MapAndThrowException(SystemException exception, String queryId)
   at Microsoft.VisualStudio.TestTools.UITesting.UITestControl.FindFirstDescendant(String queryId, Int32 maxDepth, Int32&amp; timeLeft)
   at Microsoft.VisualStudio.TestTools.UITesting.SearchHelper.GetUITestControlRecursive(Boolean useCache, Boolean alwaysSearch, ISearchArgument searchArg, IList`1 windowTitles, Int32&amp; timeLeft)
   at Microsoft.VisualStudio.TestTools.UITesting.SearchHelper.GetElement(Boolean useCache, ISearchArgument searchArg)
   at Microsoft.VisualStudio.TestTools.UITesting.SearchHelper.Search(ISearchArgument searchArg)
   at Microsoft.VisualStudio.TestTools.UITesting.UITestControl.FindInternal()
   at Microsoft.VisualStudio.TestTools.UITesting.UITestControl.&lt;Find&gt;b__3a()
   at Microsoft.VisualStudio.TestTools.UITesting.CodedUITestMethodInvoker.InvokeMethod[T](Func`1 function, UITestControl control, Boolean firePlaybackErrorEvent, Boolean logAsAction)
   at Microsoft.VisualStudio.TestTools.UITesting.UITestControl.Find()
   at Microsoft.VisualStudio.TestTools.UITesting.UITestControl.GetPropertyPrivate(String propertyName)
   at Microsoft.VisualStudio.TestTools.UITesting.UITestControl.GetPropertyOfType[T](String propertyName)
   at Microsoft.VisualStudio.TestTools.UITesting.UITestControl.get_Name()
   at TestAuto.LoggingAndSharedGenericMethods.MouseClick(UITestControl uiMenuItemTestControl) in c:\Builds\1\WebSphere\QATestAutomation\src\CodedUITest\SourceCode\Common\Logging\SharedMethods_Generic.cs:line 790
&lt;ERROR&gt;[5/15/2018 1:21:01 AM]&lt;Error&gt;ProductPageQuestionAndAnswer : failed executing ...The playback failed to find the control with the given search properties. Additional Details: 
TechnologyName:  'Web'
ControlType:  'Edit'
TagName:  'TEXTAREA'
Id:  'BVQAFieldTextAreaAnswerTextID'
 Failed to find any control that matched the value BVQAFieldTextAreaAnswerTextID for the search property Id.   at TestAuto.LoggingAndSharedGenericMethods.EndTest() in c:\Builds\1\WebSphere\QATestAutomation\src\CodedUITest\SourceCode\Common\Logging\Logging.cs:line 1628
   at TestAuto.ProductPageTest.TestCleanup() in c:\Builds\1\WebSphere\QATestAutomation\src\CodedUITest\SourceCode\HHobby\ProductPage\ProductPage.cs:line 6905
[5/15/2018 1:15:43 AM]&lt;STARTLOG&gt;&lt;ProductPageQuestionAndAnswer&gt;Test Started: Expecting: #PASS=Undefined and #FAIL=0
Running from MTM=True, running on machine name:CMP01-INDIASQA, user name=ykumar, OS=Microsoft Windows NT 6.1.7601 Service Pack 1, Is64BitOS=True[5/15/2018 1:15:44 AM]&lt;INFO&gt;LogCPUAndMemoryUsage: Available Memory = 24235(MB), CPU Usage = 17.79168%[5/15/2018 1:15:44 AM]&lt;INFO&gt;Private Working Set for QTAgent32_40, usage=231364 (K)[5/15/2018 1:15:44 AM]&lt;INFO&gt;Path To TestConfig xml=E:\LoadTestResult\VSEQT\QTAgent\26973\CMP01-INDIASQA.horizonhobby.com\Deployment\SharedCommonConfig.xml[5/15/2018 1:15:44 AM]&lt;INFO&gt;Path To TestData xml=E:\LoadTestResult\VSEQT\QTAgent\26973\CMP01-INDIASQA.horizonhobby.com\Deployment\ProductPageTestData_011543.xml[5/15/2018 1:15:44 AM]&lt;INFO&gt;Path To HorizonHobbyQA Application Url=https://www-tst.horizonhobby.com[5/15/2018 1:15:44 AM]&lt;INFO&gt;HorizonHobbyQA sql connection string=Server=cmp02-ws-tst-db01:50000;Database=TST01DB;UID=wcdbuser;PWD=h0r1z0n;Connect Timeout=30[5/15/2018 1:15:44 AM]&lt;INFO&gt;Country is := US and language id is := '-1'[5/15/2018 1:15:44 AM]&lt;INFO&gt;Current browser used for test execution is = 'IE'[5/15/2018 1:15:48 AM]&lt;Info&gt;AllBrowserWindow : Locating browser window...[5/15/2018 1:15:50 AM]&lt;INFO&gt;SurveyWindow : method executing ...[5/15/2018 1:15:57 AM]&lt;INFO&gt;ContinueOnCertificationErrorClickexecuting ...[5/15/2018 1:15:57 AM]&lt;Info&gt;DEAllBrowserWindow : Locating browser window...[5/15/2018 1:16:05 AM]&lt;INFO&gt;UserRegistration : method executing ...[5/15/2018 1:16:06 AM]&lt;Info&gt;AllBrowserWindow : Locating browser window...[5/15/2018 1:16:32 AM]&lt;Info&gt;AllBrowserWindow : Locating browser window...[5/15/2018 1:16:51 AM]&lt;Info&gt;AllBrowserWindow : Locating browser window...[5/15/2018 1:17:03 AM]&lt;INFO&gt;SearchProductexecuting ... Searching term:= 'DYN6010'[5/15/2018 1:17:09 AM]&lt;Info&gt;AllBrowserWindow : Locating browser window...[5/15/2018 1:17:23 AM]&lt;PASS&gt;&lt;ProductPageQuestionAndAnswer&gt;&lt;Zero questions asked&gt;[5/15/2018 1:17:23 AM]&lt;PASS&gt;&lt;ProductPageQuestionAndAnswer&gt;&lt;Zero answers &gt;[5/15/2018 1:17:44 AM]&lt;PASS&gt;&lt;ProductPageQuestionAndAnswer&gt;&lt;Preview button appears&gt;[5/15/2018 1:17:51 AM]&lt;PASS&gt;&lt;ProductPageQuestionAndAnswer&gt;&lt;Submit button appears&gt;[5/15/2018 1:17:56 AM]&lt;Info&gt;AllBrowserWindow : Locating browser window...[5/15/2018 1:17:56 AM]&lt;PASS&gt;&lt;ProductPageQuestionAndAnswer&gt;&lt;Thank You page appears&gt;[5/15/2018 1:17:57 AM]&lt;INFO&gt;SearchProductexecuting ... Searching term:= 'HBZ3100'[5/15/2018 1:18:04 AM]&lt;Info&gt;AllBrowserWindow : Locating browser window...[5/15/2018 1:18:28 AM]&lt;Info&gt;AllBrowserWindow : Locating browser window...Assert.Fail failed. [5/15/2018 1:20:24 AM]&lt;Error&gt;SetObject : failed executing ...The playback failed to find the control with the given search properties. Additional Details: 
TechnologyName:  'Web'
ControlType:  'Hyperlink'
TagName:  'A'
Id:  'tab_qa_link'
 Failed to find any control that matched the value tab_qa_link for the search property Id., 
    StackTrace:
    SetObject(),SharedProductPage.cs,Line Number:1096
    SelectProductPageTab(),SharedProductPage.cs,Line Number:918
    ProductPageQuestionAndAnswer(),ProductPage.cs,Line Number:2060[5/15/2018 1:20:24 AM]&lt;CaptureImage&gt;\\CMP01-YKumar\AutoLog\CMP01-INDIASQA\ProductPageQuestionAndAnswer_20180515012024.png[5/15/2018 1:20:35 AM]&lt;FAIL&gt;&lt;ProductPageQuestionAndAnswer&gt;&lt;Atleast 1 questions asked&gt;.Assert.AreEqual failed. Expected:&lt;False&gt;. Actual:&lt;True&gt;. 
    StackTrace:
    ProductPageQuestionAndAnswer(),ProductPage.cs,Line Number:2075[5/15/2018 1:20:35 AM]&lt;CaptureImage&gt;\\CMP01-YKumar\AutoLog\CMP01-INDIASQA\ProductPageQuestionAndAnswer_20180515012035.png[5/15/2018 1:20:35 AM]&lt;FAIL&gt;&lt;ProductPageQuestionAndAnswer&gt;&lt;Atleast 1 answers &gt;.Assert.AreEqual failed. Expected:&lt;False&gt;. Actual:&lt;True&gt;. 
    StackTrace:
    ProductPageQuestionAndAnswer(),ProductPage.cs,Line Number:2080[5/15/2018 1:20:35 AM]&lt;CaptureImage&gt;\\CMP01-YKumar\AutoLog\CMP01-INDIASQA\ProductPageQuestionAndAnswer_20180515012035.png[5/15/2018 1:20:35 AM]&lt;PASS&gt;&lt;ProductPageQuestionAndAnswer&gt;&lt;Number of questions on label match the number of actual question&gt;Assert.Fail failed. [5/15/2018 1:20:35 AM]&lt;Error&gt;ClickAndValidateQuestionAndAnswer : failed executing ...Script execution failed. Script: return document.getElementById('BVQAQuestionsID').childNodes[0].getAttribute('id');, 
    StackTrace:
    ClickAndValidateQuestionAndAnswer(),SharedProductPage.cs,Line Number:1424
    ProductPageQuestionAndAnswer(),ProductPage.cs,Line Number:2088[5/15/2018 1:20:35 AM]&lt;CaptureImage&gt;\\CMP01-YKumar\AutoLog\CMP01-INDIASQA\ProductPageQuestionAndAnswer_20180515012035.pngAssert.Fail failed. [5/15/2018 1:20:57 AM]&lt;ERROR&gt;MouseClick Exception:Microsoft.VisualStudio.TestTools.UITest.Extension.UITestControlNotFoundException: The playback failed to find the control with the given search properties. Additional Details: 
TechnologyName:  'Web'
ControlType:  'Hyperlink'
TagName:  'a'
Name:  'BV_TrackingTag_Question_Display_AnswerThisQ_'
 Failed to find any control that matched the search condition ControlType='Hyperlink' &amp;&amp; Name=&gt;'BV_TrackingTag_Question_Display_AnswerThisQ_' ---&gt; System.Runtime.InteropServices.COMException: Error HRESULT E_FAIL has been returned from a call to a COM component.
   at Microsoft.VisualStudio.TestTools.UITest.Playback.Engine.IScreenElement.FindAllDescendants(String bstrQueryId, Object&amp; pvarResKeys, Int32 cResKeys, Int32 nMaxDepth)
   at Microsoft.VisualStudio.TestTools.UITest.Playback.ScreenElement.FindAllScreenElement(String queryId, Int32 depth, Boolean singleQueryId, Boolean throwException, Boolean resetSkipStep)
   at Microsoft.VisualStudio.TestTools.UITest.Playback.ScreenElement.FindScreenElement(String queryId, Int32 depth, Boolean resetSkipStep)
   at Microsoft.VisualStudio.TestTools.UITesting.UITestControl.FindFirstDescendant(String queryId, Int32 maxDepth, Int32&amp; timeLeft)
   --- End of inner exception stack trace ---
   at Microsoft.VisualStudio.TestTools.UITesting.Playback.MapControlNotFoundException(COMException ex, IPlaybackContext context)
   at Microsoft.VisualStudio.TestTools.UITesting.Playback.MapAndThrowComException(COMException innerException, IPlaybackContext context)
   at Microsoft.VisualStudio.TestTools.UITesting.Playback.MapAndThrowException(SystemException exception, IPlaybackContext context)
   at Microsoft.VisualStudio.TestTools.UITesting.Playback.MapAndThrowException(SystemException exception, String queryId)
   at Microsoft.VisualStudio.TestTools.UITesting.UITestControl.FindFirstDescendant(String queryId, Int32 maxDepth, Int32&amp; timeLeft)
   at Microsoft.VisualStudio.TestTools.UITesting.SearchHelper.GetUITestControlRecursive(Boolean useCache, Boolean alwaysSearch, ISearchArgument searchArg, IList`1 windowTitles, Int32&amp; timeLeft)
   at Microsoft.VisualStudio.TestTools.UITesting.SearchHelper.GetElement(Boolean useCache, ISearchArgument searchArg)
   at Microsoft.VisualStudio.TestTools.UITesting.SearchHelper.Search(ISearchArgument searchArg)
   at Microsoft.VisualStudio.TestTools.UITesting.UITestControl.FindInternal()
   at Microsoft.VisualStudio.TestTools.UITesting.UITestControl.&lt;Find&gt;b__3a()
   at Microsoft.VisualStudio.TestTools.UITesting.CodedUITestMethodInvoker.InvokeMethod[T](Func`1 function, UITestControl control, Boolean firePlaybackErrorEvent, Boolean logAsAction)
   at Microsoft.VisualStudio.TestTools.UITesting.UITestControl.Find()
   at Microsoft.VisualStudio.TestTools.UITesting.UITestControl.GetPropertyPrivate(String propertyName)
   at Microsoft.VisualStudio.TestTools.UITesting.UITestControl.GetPropertyOfType[T](String propertyName)
   at Microsoft.VisualStudio.TestTools.UITesting.UITestControl.get_Name()
   at TestAuto.LoggingAndSharedGenericMethods.MouseClick(UITestControl uiMenuItemTestControl) in c:\Builds\1\WebSphere\QATestAutomation\src\CodedUITest\SourceCode\Common\Logging\SharedMethods_Generic.cs:line 790, 
    StackTrace:
    MouseClick(),SharedMethods_Generic.cs,Line Number:822
    ProductPageQuestionAndAnswer(),ProductPage.cs,Line Number:2093[5/15/2018 1:20:57 AM]&lt;CaptureImage&gt;\\CMP01-YKumar\AutoLog\CMP01-INDIASQA\ProductPageQuestionAndAnswer_20180515012057.pngAssert.Fail failed. [5/15/2018 1:21:01 AM]&lt;Error&gt;ProductPageQuestionAndAnswer : failed executing ...The playback failed to find the control with the given search properties. Additional Details: 
TechnologyName:  'Web'
ControlType:  'Edit'
TagName:  'TEXTAREA'
Id:  'BVQAFieldTextAreaAnswerTextID'
 Failed to find any control that matched the value BVQAFieldTextAreaAnswerTextID for the search property Id., 
    StackTrace:
    ProductPageQuestionAndAnswer(),ProductPage.cs,Line Number:2161[5/15/2018 1:21:01 AM]&lt;CaptureImage&gt;\\CMP01-YKumar\AutoLog\CMP01-INDIASQA\ProductPageQuestionAndAnswer_20180515012101.png[5/15/2018 1:21:01 AM]&lt;INFO&gt;DeleteWishlistFromDatabase : method executing[5/15/2018 1:21:30 AM]&lt;RESULT&gt;Test Ended:#PASS=6, #FAIL=2,#Other errors=4[5/15/2018 1:21:31 AM]&lt;INFO&gt;LogCPUAndMemoryUsage: Available Memory = 24189(MB), CPU Usage = 4.35003%[5/15/2018 1:21:31 AM]&lt;INFO&gt;Private Working Set for QTAgent32_40, usage=244276 (K)[5/15/2018 1:21:31 AM]&lt;RESULT&gt;&lt;ProductPageQuestionAndAnswer&gt; Test FAILED: Actual #FAIL=2, #Expected FAIL=0
#Other errors=4. See Error Message/logs for further details.</StdOut>
        <ErrorInfo>
          <Message>Assert.Fail failed. 
Actual #FAIL=2, #Expected FAIL=0
#Other errors=4
[Error details below]
&lt;ERROR&gt;[5/15/2018 1:20:24 AM]&lt;Error&gt;SetObject : failed executing ...The playback failed to find the control with the given search properties. Additional Details: 
TechnologyName:  'Web'
ControlType:  'Hyperlink'
TagName:  'A'
Id:  'tab_qa_link'
 Failed to find any control that matched the value tab_qa_link for the search property Id.
&lt;FAIL&gt;&lt;ProductPageQuestionAndAnswer&gt;&lt;Atleast 1 questions asked&gt;.Assert.AreEqual failed. Expected:&lt;False&gt;. Actual:&lt;True&gt;. 
    StackTrace:
    ProductPageQuestionAndAnswer(),ProductPage.cs,Line Number:2075
&lt;FAIL&gt;&lt;ProductPageQuestionAndAnswer&gt;&lt;Atleast 1 answers &gt;.Assert.AreEqual failed. Expected:&lt;False&gt;. Actual:&lt;True&gt;. 
    StackTrace:
    ProductPageQuestionAndAnswer(),ProductPage.cs,Line Number:2080
&lt;ERROR&gt;[5/15/2018 1:20:35 AM]&lt;Error&gt;ClickAndValidateQuestionAndAnswer : failed executing ...Script execution failed. Script: return document.getElementById('BVQAQuestionsID').childNodes[0].getAttribute('id');
&lt;ERROR&gt;[5/15/2018 1:20:57 AM]&lt;ERROR&gt;MouseClick Exception:Microsoft.VisualStudio.TestTools.UITest.Extension.UITestControlNotFoundException: The playback failed to find the control with the given search properties. Additional Details: 
TechnologyName:  'Web'
ControlType:  'Hyperlink'
TagName:  'a'
Name:  'BV_TrackingTag_Question_Display_AnswerThisQ_'
 Failed to find any control that matched the search condition ControlType='Hyperlink' &amp;&amp; Name=&gt;'BV_TrackingTag_Question_Display_AnswerThisQ_' ---&gt; System.Runtime.InteropServices.COMException: Error HRESULT E_FAIL has been returned from a call to a COM component.
   at Microsoft.VisualStudio.TestTools.UITest.Playback.Engine.IScreenElement.FindAllDescendants(String bstrQueryId, Object&amp; pvarResKeys, Int32 cResKeys, Int32 nMaxDepth)
   at Microsoft.VisualStudio.TestTools.UITest.Playback.ScreenElement.FindAllScreenElement(String queryId, Int32 depth, Boolean singleQueryId, Boolean throwException, Boolean resetSkipStep)
   at Microsoft.VisualStudio.TestTools.UITest.Playback.ScreenElement.FindScreenElement(String queryId, Int32 depth, Boolean resetSkipStep)
   at Microsoft.VisualStudio.TestTools.UITesting.UITestControl.FindFirstDescendant(String queryId, Int32 maxDepth, Int32&amp; timeLeft)
   --- End of inner exception stack trace ---
   at Microsoft.VisualStudio.TestTools.UITesting.Playback.MapControlNotFoundException(COMException ex, IPlaybackContext context)
   at Microsoft.VisualStudio.TestTools.UITesting.Playback.MapAndThrowComException(COMException innerException, IPlaybackContext context)
   at Microsoft.VisualStudio.TestTools.UITesting.Playback.MapAndThrowException(SystemException exception, IPlaybackContext context)
   at Microsoft.VisualStudio.TestTools.UITesting.Playback.MapAndThrowException(SystemException exception, String queryId)
   at Microsoft.VisualStudio.TestTools.UITesting.UITestControl.FindFirstDescendant(String queryId, Int32 maxDepth, Int32&amp; timeLeft)
   at Microsoft.VisualStudio.TestTools.UITesting.SearchHelper.GetUITestControlRecursive(Boolean useCache, Boolean alwaysSearch, ISearchArgument searchArg, IList`1 windowTitles, Int32&amp; timeLeft)
   at Microsoft.VisualStudio.TestTools.UITesting.SearchHelper.GetElement(Boolean useCache, ISearchArgument searchArg)
   at Microsoft.VisualStudio.TestTools.UITesting.SearchHelper.Search(ISearchArgument searchArg)
   at Microsoft.VisualStudio.TestTools.UITesting.UITestControl.FindInternal()
   at Microsoft.VisualStudio.TestTools.UITesting.UITestControl.&lt;Find&gt;b__3a()
   at Microsoft.VisualStudio.TestTools.UITesting.CodedUITestMethodInvoker.InvokeMethod[T](Func`1 function, UITestControl control, Boolean firePlaybackErrorEvent, Boolean logAsAction)
   at Microsoft.VisualStudio.TestTools.UITesting.UITestControl.Find()
   at Microsoft.VisualStudio.TestTools.UITesting.UITestControl.GetPropertyPrivate(String propertyName)
   at Microsoft.VisualStudio.TestTools.UITesting.UITestControl.GetPropertyOfType[T](String propertyName)
   at Microsoft.VisualStudio.TestTools.UITesting.UITestControl.get_Name()
   at TestAuto.LoggingAndSharedGenericMethods.MouseClick(UITestControl uiMenuItemTestControl) in c:\Builds\1\WebSphere\QATestAutomation\src\CodedUITest\SourceCode\Common\Logging\SharedMethods_Generic.cs:line 790
&lt;ERROR&gt;[5/15/2018 1:21:01 AM]&lt;Error&gt;ProductPageQuestionAndAnswer : failed executing ...The playback failed to find the control with the given search properties. Additional Details: 
TechnologyName:  'Web'
ControlType:  'Edit'
TagName:  'TEXTAREA'
Id:  'BVQAFieldTextAreaAnswerTextID'
 Failed to find any control that matched the value BVQAFieldTextAreaAnswerTextID for the search property Id.</Message>
          <StackTrace>   at TestAuto.LoggingAndSharedGenericMethods.EndTest() in c:\Builds\1\WebSphere\QATestAutomation\src\CodedUITest\SourceCode\Common\Logging\Logging.cs:line 1628
   at TestAuto.ProductPageTest.TestCleanup() in c:\Builds\1\WebSphere\QATestAutomation\src\CodedUITest\SourceCode\HHobby\ProductPage\ProductPage.cs:line 6905
</StackTrace>
        </ErrorInfo>
      </Output>
      <ResultFiles>
        <ResultFile path="CMP01-INDIASQA.horizonhobby.com\ProductPageQuestionAndAnswer_20180515011543.log" />
        <ResultFile path="CMP01-INDIASQA.horizonhobby.com\ProductPageQuestionAndAnswer_20180515012024.png" />
        <ResultFile path="CMP01-INDIASQA.horizonhobby.com\ProductPageQuestionAndAnswer_20180515012035.png" />
        <ResultFile path="CMP01-INDIASQA.horizonhobby.com\ProductPageQuestionAndAnswer_20180515012057.png" />
        <ResultFile path="CMP01-INDIASQA.horizonhobby.com\ProductPageQuestionAndAnswer_20180515012101.png" />
        <ResultFile path="CMP01-INDIASQA.horizonhobby.com\ProductPageQuestionAndAnswer_ResultsONLY_20180515011543.log" />
        <ResultFile path="CMP01-INDIASQA.horizonhobby.com\ProductPageTestData_011543.xml" />
        <ResultFile path="CMP01-INDIASQA.horizonhobby.com\SharedCommonConfig.xml" />
      </ResultFiles>
    </UnitTestResult>
    <UnitTestResult executionId="e5e09803-bf44-48fc-b8fb-2c1824bd8d37" testId="296661c2-466b-7276-3af9-9839531b4753" testName="ProductPageRelatedArticlesTab" computerName="CMP01-INDIASQA" duration="00:02:12.6460847" startTime="2018-05-15T01:21:33.6153948-05:00" endTime="2018-05-15T01:23:46.3013948-05:00" testType="13cdc9d9-ddb5-4fa4-a97d-d965ccfc6d4b" outcome="Passed" testListId="8c84fa94-04c1-424b-9868-57a2d4851a1d">
      <Output>
        <StdOut>Logging to custom path:\\CMP01-YKumar\AutoLog[5/15/2018 1:21:33 AM]&lt;STARTLOG&gt;&lt;ProductPageRelatedArticlesTab&gt;Test Started: Expecting: #PASS=Undefined and #FAIL=0
Running from MTM=True, running on machine name:CMP01-INDIASQA, user name=ykumar, OS=Microsoft Windows NT 6.1.7601 Service Pack 1, Is64BitOS=True[5/15/2018 1:21:34 AM]&lt;INFO&gt;LogCPUAndMemoryUsage: Available Memory = 24207(MB), CPU Usage = 8.267538%[5/15/2018 1:21:34 AM]&lt;INFO&gt;Private Working Set for QTAgent32_40, usage=244520 (K)[5/15/2018 1:21:34 AM]&lt;INFO&gt;Path To TestConfig xml=E:\LoadTestResult\VSEQT\QTAgent\26973\CMP01-INDIASQA.horizonhobby.com\Deployment\SharedCommonConfig.xml[5/15/2018 1:21:34 AM]&lt;INFO&gt;Path To TestData xml=E:\LoadTestResult\VSEQT\QTAgent\26973\CMP01-INDIASQA.horizonhobby.com\Deployment\ProductPageTestData_012133.xml[5/15/2018 1:21:34 AM]&lt;INFO&gt;Path To HorizonHobbyQA Application Url=https://www-tst.horizonhobby.com[5/15/2018 1:21:34 AM]&lt;INFO&gt;HorizonHobbyQA sql connection string=Server=cmp02-ws-tst-db01:50000;Database=TST01DB;UID=wcdbuser;PWD=h0r1z0n;Connect Timeout=30[5/15/2018 1:21:34 AM]&lt;INFO&gt;Country is := US and language id is := '-1'[5/15/2018 1:21:34 AM]&lt;INFO&gt;Current browser used for test execution is = 'IE'[5/15/2018 1:21:49 AM]&lt;Info&gt;AllBrowserWindow : Locating browser window...[5/15/2018 1:21:50 AM]&lt;INFO&gt;SearchProductexecuting ... Searching term:= 'BLH8616'[5/15/2018 1:21:57 AM]&lt;Info&gt;AllBrowserWindow : Locating browser window...[5/15/2018 1:22:00 AM]&lt;PASS&gt;&lt;ProductPageRelatedArticlesTab&gt;&lt;Validates Related Articles tab does not exist&gt;[5/15/2018 1:22:01 AM]&lt;INFO&gt;SearchProductexecuting ... Searching term:= 'HBZ8467'[5/15/2018 1:22:05 AM]&lt;Info&gt;AllBrowserWindow : Locating browser window...[5/15/2018 1:22:09 AM]&lt;PASS&gt;&lt;ProductPageRelatedArticlesTab&gt;&lt;Validates Related Articles tab does not exist&gt;[5/15/2018 1:22:10 AM]&lt;INFO&gt;SearchProductexecuting ... Searching term:= 'TRA2591'[5/15/2018 1:22:15 AM]&lt;Info&gt;AllBrowserWindow : Locating browser window...[5/15/2018 1:22:39 AM]&lt;Info&gt;AllBrowserWindow : Locating browser window...[5/15/2018 1:23:06 AM]&lt;Info&gt;AllBrowserWindow : Locating browser window...[5/15/2018 1:23:06 AM]&lt;INFO&gt;ClickSearchResultCell : No product found on search page with title ... :- Screws 3x23mm (6) Button-Head:VXL[5/15/2018 1:23:06 AM]&lt;CaptureImage&gt;\\CMP01-YKumar\AutoLog\CMP01-INDIASQA\ProductPageRelatedArticlesTab_20180515012306.png[5/15/2018 1:23:43 AM]&lt;PASS&gt;&lt;ProductPageRelatedArticlesTab&gt;&lt;Validates Related Articles tab does not exist&gt;[5/15/2018 1:23:43 AM]&lt;RESULT&gt;Test Ended:#PASS=3, #FAIL=0[5/15/2018 1:23:44 AM]&lt;INFO&gt;LogCPUAndMemoryUsage: Available Memory = 23705(MB), CPU Usage = 1.52437%[5/15/2018 1:23:44 AM]&lt;INFO&gt;Private Working Set for QTAgent32_40, usage=235264 (K)[5/15/2018 1:23:44 AM]&lt;RESULT&gt;&lt;ProductPageRelatedArticlesTab&gt; Test PASSED</StdOut>
      </Output>
      <ResultFiles />
    </UnitTestResult>
    <UnitTestResult executionId="2e58dcec-c3d8-42a7-ae4f-7b0a49992e73" testId="78aeb495-b9a5-e9e7-c407-84de9f56b82a" testName="ProductPageReviews" computerName="CMP01-INDIASQA" duration="00:10:42.7754526" startTime="2018-05-15T01:23:46.3023948-05:00" endTime="2018-05-15T01:34:29.1363948-05:00" testType="13cdc9d9-ddb5-4fa4-a97d-d965ccfc6d4b" outcome="Failed" testListId="8c84fa94-04c1-424b-9868-57a2d4851a1d">
      <Output>
        <StdOut>Logging to custom path:\\CMP01-YKumar\AutoLogAssert.Fail failed. 
Actual #FAIL=2, #Expected FAIL=0
#Other errors=2
[Error details below]
&lt;FAIL&gt;&lt;ProductPageReviews&gt;&lt;Review tab exist for backordered item&gt;.Assert.AreEqual failed. Expected:&lt;True&gt;. Actual:&lt;False&gt;. 
    StackTrace:
    ProductPageReviews(),ProductPage.cs,Line Number:2397
&lt;FAIL&gt;&lt;ProductPageReviews&gt;&lt;Write a review link exists with rating&gt;.Assert.AreEqual failed. Expected:&lt;True&gt;. Actual:&lt;False&gt;. 
    StackTrace:
    ProductPageReviews(),ProductPage.cs,Line Number:2417
&lt;ERROR&gt;[5/15/2018 1:31:45 AM]&lt;ERROR&gt;MouseClick Exception:Microsoft.VisualStudio.TestTools.UITest.Extension.UITestControlNotFoundException: The playback failed to find the control with the given search properties. Additional Details: 
TechnologyName:  'Web'
ControlType:  'Hyperlink'
TagName:  'A'
Class:  'writeReviews'
 Failed to find any control that matched the search condition ControlType='Hyperlink' &amp;&amp; Class='writeReviews' ---&gt; System.Runtime.InteropServices.COMException: Error HRESULT E_FAIL has been returned from a call to a COM component.
   at Microsoft.VisualStudio.TestTools.UITest.Playback.Engine.IScreenElement.FindAllDescendants(String bstrQueryId, Object&amp; pvarResKeys, Int32 cResKeys, Int32 nMaxDepth)
   at Microsoft.VisualStudio.TestTools.UITest.Playback.ScreenElement.FindAllScreenElement(String queryId, Int32 depth, Boolean singleQueryId, Boolean throwException, Boolean resetSkipStep)
   at Microsoft.VisualStudio.TestTools.UITest.Playback.ScreenElement.FindScreenElement(String queryId, Int32 depth, Boolean resetSkipStep)
   at Microsoft.VisualStudio.TestTools.UITesting.UITestControl.FindFirstDescendant(String queryId, Int32 maxDepth, Int32&amp; timeLeft)
   --- End of inner exception stack trace ---
   at Microsoft.VisualStudio.TestTools.UITesting.Playback.MapControlNotFoundException(COMException ex, IPlaybackContext context)
   at Microsoft.VisualStudio.TestTools.UITesting.Playback.MapAndThrowComException(COMException innerException, IPlaybackContext context)
   at Microsoft.VisualStudio.TestTools.UITesting.Playback.MapAndThrowException(SystemException exception, IPlaybackContext context)
   at Microsoft.VisualStudio.TestTools.UITesting.Playback.MapAndThrowException(SystemException exception, String queryId)
   at Microsoft.VisualStudio.TestTools.UITesting.UITestControl.FindFirstDescendant(String queryId, Int32 maxDepth, Int32&amp; timeLeft)
   at Microsoft.VisualStudio.TestTools.UITesting.SearchHelper.GetUITestControlRecursive(Boolean useCache, Boolean alwaysSearch, ISearchArgument searchArg, IList`1 windowTitles, Int32&amp; timeLeft)
   at Microsoft.VisualStudio.TestTools.UITesting.SearchHelper.GetElement(Boolean useCache, ISearchArgument searchArg)
   at Microsoft.VisualStudio.TestTools.UITesting.SearchHelper.Search(ISearchArgument searchArg)
   at Microsoft.VisualStudio.TestTools.UITesting.UITestControl.FindInternal()
   at Microsoft.VisualStudio.TestTools.UITesting.UITestControl.&lt;Find&gt;b__3a()
   at Microsoft.VisualStudio.TestTools.UITesting.CodedUITestMethodInvoker.InvokeMethod[T](Func`1 function, UITestControl control, Boolean firePlaybackErrorEvent, Boolean logAsAction)
   at Microsoft.VisualStudio.TestTools.UITesting.UITestControl.Find()
   at Microsoft.VisualStudio.TestTools.UITesting.UITestControl.GetPropertyPrivate(String propertyName)
   at Microsoft.VisualStudio.TestTools.UITesting.UITestControl.GetPropertyOfType[T](String propertyName)
   at Microsoft.VisualStudio.TestTools.UITesting.UITestControl.get_Name()
   at TestAuto.LoggingAndSharedGenericMethods.MouseClick(UITestControl uiMenuItemTestControl) in c:\Builds\1\WebSphere\QATestAutomation\src\CodedUITest\SourceCode\Common\Logging\SharedMethods_Generic.cs:line 790
&lt;ERROR&gt;[5/15/2018 1:33:56 AM]&lt;Error&gt;ProductPageReviews : failed executing ...Object reference not set to an instance of an object.   at TestAuto.LoggingAndSharedGenericMethods.EndTest() in c:\Builds\1\WebSphere\QATestAutomation\src\CodedUITest\SourceCode\Common\Logging\Logging.cs:line 1628
   at TestAuto.ProductPageTest.TestCleanup() in c:\Builds\1\WebSphere\QATestAutomation\src\CodedUITest\SourceCode\HHobby\ProductPage\ProductPage.cs:line 6905
[5/15/2018 1:23:46 AM]&lt;STARTLOG&gt;&lt;ProductPageReviews&gt;Test Started: Expecting: #PASS=Undefined and #FAIL=0
Running from MTM=True, running on machine name:CMP01-INDIASQA, user name=ykumar, OS=Microsoft Windows NT 6.1.7601 Service Pack 1, Is64BitOS=True[5/15/2018 1:23:47 AM]&lt;INFO&gt;LogCPUAndMemoryUsage: Available Memory = 23776(MB), CPU Usage = 17.40207%[5/15/2018 1:23:47 AM]&lt;INFO&gt;Private Working Set for QTAgent32_40, usage=235412 (K)[5/15/2018 1:23:47 AM]&lt;INFO&gt;Path To TestConfig xml=E:\LoadTestResult\VSEQT\QTAgent\26973\CMP01-INDIASQA.horizonhobby.com\Deployment\SharedCommonConfig.xml[5/15/2018 1:23:47 AM]&lt;INFO&gt;Path To TestData xml=E:\LoadTestResult\VSEQT\QTAgent\26973\CMP01-INDIASQA.horizonhobby.com\Deployment\ProductPageTestData_012346.xml[5/15/2018 1:23:47 AM]&lt;INFO&gt;Path To HorizonHobbyQA Application Url=https://www-tst.horizonhobby.com[5/15/2018 1:23:47 AM]&lt;INFO&gt;HorizonHobbyQA sql connection string=Server=cmp02-ws-tst-db01:50000;Database=TST01DB;UID=wcdbuser;PWD=h0r1z0n;Connect Timeout=30[5/15/2018 1:23:47 AM]&lt;INFO&gt;Country is := US and language id is := '-1'[5/15/2018 1:23:47 AM]&lt;INFO&gt;Current browser used for test execution is = 'IE'[5/15/2018 1:23:51 AM]&lt;Info&gt;AllBrowserWindow : Locating browser window...[5/15/2018 1:23:54 AM]&lt;INFO&gt;SearchProductexecuting ... Searching term:= 'SPMSP2043'[5/15/2018 1:24:01 AM]&lt;Info&gt;AllBrowserWindow : Locating browser window...[5/15/2018 1:24:26 AM]&lt;Info&gt;AllBrowserWindow : Locating browser window...[5/15/2018 1:24:53 AM]&lt;Info&gt;AllBrowserWindow : Locating browser window...[5/15/2018 1:24:53 AM]&lt;INFO&gt;ClickSearchResultCell : No product found on search page with title ... :- Case Set: A4030[5/15/2018 1:24:53 AM]&lt;CaptureImage&gt;\\CMP01-YKumar\AutoLog\CMP01-INDIASQA\ProductPageReviews_20180515012453.png[5/15/2018 1:25:30 AM]&lt;PASS&gt;&lt;ProductPageReviews&gt;&lt;Review tab does not exist for pre-order item&gt;[5/15/2018 1:25:34 AM]&lt;INFO&gt;SearchProductexecuting ... Searching term:= 'BLH4815'[5/15/2018 1:25:42 AM]&lt;Info&gt;AllBrowserWindow : Locating browser window...[5/15/2018 1:26:15 AM]&lt;PASS&gt;&lt;ProductPageReviews&gt;&lt;Review tab exist for in-stock item&gt;[5/15/2018 1:26:18 AM]&lt;INFO&gt;SearchProductexecuting ... Searching term:= 'SAI182TD91'[5/15/2018 1:26:23 AM]&lt;Info&gt;AllBrowserWindow : Locating browser window...[5/15/2018 1:26:48 AM]&lt;Info&gt;AllBrowserWindow : Locating browser window...[5/15/2018 1:27:15 AM]&lt;Info&gt;AllBrowserWindow : Locating browser window...[5/15/2018 1:27:15 AM]&lt;INFO&gt;ClickSearchResultCell : No product found on search page with title ... :- Carburetor Gasket Set:DD[5/15/2018 1:27:15 AM]&lt;CaptureImage&gt;\\CMP01-YKumar\AutoLog\CMP01-INDIASQA\ProductPageReviews_20180515012715.png[5/15/2018 1:27:53 AM]&lt;FAIL&gt;&lt;ProductPageReviews&gt;&lt;Review tab exist for backordered item&gt;.Assert.AreEqual failed. Expected:&lt;True&gt;. Actual:&lt;False&gt;. 
    StackTrace:
    ProductPageReviews(),ProductPage.cs,Line Number:2397[5/15/2018 1:27:53 AM]&lt;CaptureImage&gt;\\CMP01-YKumar\AutoLog\CMP01-INDIASQA\ProductPageReviews_20180515012753.png[5/15/2018 1:27:56 AM]&lt;INFO&gt;SurveyWindow : method executing ...[5/15/2018 1:28:05 AM]&lt;INFO&gt;ContinueOnCertificationErrorClickexecuting ...[5/15/2018 1:28:05 AM]&lt;Info&gt;DEAllBrowserWindow : Locating browser window...[5/15/2018 1:28:14 AM]&lt;INFO&gt;UserRegistration : method executing ...[5/15/2018 1:28:14 AM]&lt;Info&gt;AllBrowserWindow : Locating browser window...[5/15/2018 1:28:47 AM]&lt;Info&gt;AllBrowserWindow : Locating browser window...[5/15/2018 1:29:07 AM]&lt;Info&gt;AllBrowserWindow : Locating browser window...[5/15/2018 1:29:19 AM]&lt;INFO&gt;SearchProductexecuting ... Searching term:= 'HBZ3100'[5/15/2018 1:29:26 AM]&lt;Info&gt;AllBrowserWindow : Locating browser window...[5/15/2018 1:29:51 AM]&lt;Info&gt;AllBrowserWindow : Locating browser window...[5/15/2018 1:31:37 AM]&lt;FAIL&gt;&lt;ProductPageReviews&gt;&lt;Write a review link exists with rating&gt;.Assert.AreEqual failed. Expected:&lt;True&gt;. Actual:&lt;False&gt;. 
    StackTrace:
    ProductPageReviews(),ProductPage.cs,Line Number:2417[5/15/2018 1:31:37 AM]&lt;CaptureImage&gt;\\CMP01-YKumar\AutoLog\CMP01-INDIASQA\ProductPageReviews_20180515013137.pngAssert.Fail failed. [5/15/2018 1:31:45 AM]&lt;ERROR&gt;MouseClick Exception:Microsoft.VisualStudio.TestTools.UITest.Extension.UITestControlNotFoundException: The playback failed to find the control with the given search properties. Additional Details: 
TechnologyName:  'Web'
ControlType:  'Hyperlink'
TagName:  'A'
Class:  'writeReviews'
 Failed to find any control that matched the search condition ControlType='Hyperlink' &amp;&amp; Class='writeReviews' ---&gt; System.Runtime.InteropServices.COMException: Error HRESULT E_FAIL has been returned from a call to a COM component.
   at Microsoft.VisualStudio.TestTools.UITest.Playback.Engine.IScreenElement.FindAllDescendants(String bstrQueryId, Object&amp; pvarResKeys, Int32 cResKeys, Int32 nMaxDepth)
   at Microsoft.VisualStudio.TestTools.UITest.Playback.ScreenElement.FindAllScreenElement(String queryId, Int32 depth, Boolean singleQueryId, Boolean throwException, Boolean resetSkipStep)
   at Microsoft.VisualStudio.TestTools.UITest.Playback.ScreenElement.FindScreenElement(String queryId, Int32 depth, Boolean resetSkipStep)
   at Microsoft.VisualStudio.TestTools.UITesting.UITestControl.FindFirstDescendant(String queryId, Int32 maxDepth, Int32&amp; timeLeft)
   --- End of inner exception stack trace ---
   at Microsoft.VisualStudio.TestTools.UITesting.Playback.MapControlNotFoundException(COMException ex, IPlaybackContext context)
   at Microsoft.VisualStudio.TestTools.UITesting.Playback.MapAndThrowComException(COMException innerException, IPlaybackContext context)
   at Microsoft.VisualStudio.TestTools.UITesting.Playback.MapAndThrowException(SystemException exception, IPlaybackContext context)
   at Microsoft.VisualStudio.TestTools.UITesting.Playback.MapAndThrowException(SystemException exception, String queryId)
   at Microsoft.VisualStudio.TestTools.UITesting.UITestControl.FindFirstDescendant(String queryId, Int32 maxDepth, Int32&amp; timeLeft)
   at Microsoft.VisualStudio.TestTools.UITesting.SearchHelper.GetUITestControlRecursive(Boolean useCache, Boolean alwaysSearch, ISearchArgument searchArg, IList`1 windowTitles, Int32&amp; timeLeft)
   at Microsoft.VisualStudio.TestTools.UITesting.SearchHelper.GetElement(Boolean useCache, ISearchArgument searchArg)
   at Microsoft.VisualStudio.TestTools.UITesting.SearchHelper.Search(ISearchArgument searchArg)
   at Microsoft.VisualStudio.TestTools.UITesting.UITestControl.FindInternal()
   at Microsoft.VisualStudio.TestTools.UITesting.UITestControl.&lt;Find&gt;b__3a()
   at Microsoft.VisualStudio.TestTools.UITesting.CodedUITestMethodInvoker.InvokeMethod[T](Func`1 function, UITestControl control, Boolean firePlaybackErrorEvent, Boolean logAsAction)
   at Microsoft.VisualStudio.TestTools.UITesting.UITestControl.Find()
   at Microsoft.VisualStudio.TestTools.UITesting.UITestControl.GetPropertyPrivate(String propertyName)
   at Microsoft.VisualStudio.TestTools.UITesting.UITestControl.GetPropertyOfType[T](String propertyName)
   at Microsoft.VisualStudio.TestTools.UITesting.UITestControl.get_Name()
   at TestAuto.LoggingAndSharedGenericMethods.MouseClick(UITestControl uiMenuItemTestControl) in c:\Builds\1\WebSphere\QATestAutomation\src\CodedUITest\SourceCode\Common\Logging\SharedMethods_Generic.cs:line 790, 
    StackTrace:
    MouseClick(),SharedMethods_Generic.cs,Line Number:822
    ProductPageReviews(),ProductPage.cs,Line Number:2419[5/15/2018 1:31:45 AM]&lt;CaptureImage&gt;\\CMP01-YKumar\AutoLog\CMP01-INDIASQA\ProductPageReviews_20180515013145.png[5/15/2018 1:31:50 AM]&lt;Info&gt;AllBrowserWindow : Locating browser window...[5/15/2018 1:32:15 AM]&lt;Info&gt;AllBrowserWindow : Locating browser window...Assert.Fail failed. [5/15/2018 1:33:56 AM]&lt;Error&gt;ProductPageReviews : failed executing ...Object reference not set to an instance of an object., 
    StackTrace:
    ProductPageReviews(),ProductPage.cs,Line Number:2594[5/15/2018 1:33:56 AM]&lt;CaptureImage&gt;\\CMP01-YKumar\AutoLog\CMP01-INDIASQA\ProductPageReviews_20180515013356.png[5/15/2018 1:33:56 AM]&lt;INFO&gt;DeleteWishlistFromDatabase : method executing[5/15/2018 1:34:25 AM]&lt;RESULT&gt;Test Ended:#PASS=2, #FAIL=2,#Other errors=2[5/15/2018 1:34:26 AM]&lt;INFO&gt;LogCPUAndMemoryUsage: Available Memory = 24217(MB), CPU Usage = 0.8435165%[5/15/2018 1:34:27 AM]&lt;INFO&gt;Private Working Set for QTAgent32_40, usage=246064 (K)[5/15/2018 1:34:27 AM]&lt;RESULT&gt;&lt;ProductPageReviews&gt; Test FAILED: Actual #FAIL=2, #Expected FAIL=0
#Other errors=2. See Error Message/logs for further details.</StdOut>
        <ErrorInfo>
          <Message>Assert.Fail failed. 
Actual #FAIL=2, #Expected FAIL=0
#Other errors=2
[Error details below]
&lt;FAIL&gt;&lt;ProductPageReviews&gt;&lt;Review tab exist for backordered item&gt;.Assert.AreEqual failed. Expected:&lt;True&gt;. Actual:&lt;False&gt;. 
    StackTrace:
    ProductPageReviews(),ProductPage.cs,Line Number:2397
&lt;FAIL&gt;&lt;ProductPageReviews&gt;&lt;Write a review link exists with rating&gt;.Assert.AreEqual failed. Expected:&lt;True&gt;. Actual:&lt;False&gt;. 
    StackTrace:
    ProductPageReviews(),ProductPage.cs,Line Number:2417
&lt;ERROR&gt;[5/15/2018 1:31:45 AM]&lt;ERROR&gt;MouseClick Exception:Microsoft.VisualStudio.TestTools.UITest.Extension.UITestControlNotFoundException: The playback failed to find the control with the given search properties. Additional Details: 
TechnologyName:  'Web'
ControlType:  'Hyperlink'
TagName:  'A'
Class:  'writeReviews'
 Failed to find any control that matched the search condition ControlType='Hyperlink' &amp;&amp; Class='writeReviews' ---&gt; System.Runtime.InteropServices.COMException: Error HRESULT E_FAIL has been returned from a call to a COM component.
   at Microsoft.VisualStudio.TestTools.UITest.Playback.Engine.IScreenElement.FindAllDescendants(String bstrQueryId, Object&amp; pvarResKeys, Int32 cResKeys, Int32 nMaxDepth)
   at Microsoft.VisualStudio.TestTools.UITest.Playback.ScreenElement.FindAllScreenElement(String queryId, Int32 depth, Boolean singleQueryId, Boolean throwException, Boolean resetSkipStep)
   at Microsoft.VisualStudio.TestTools.UITest.Playback.ScreenElement.FindScreenElement(String queryId, Int32 depth, Boolean resetSkipStep)
   at Microsoft.VisualStudio.TestTools.UITesting.UITestControl.FindFirstDescendant(String queryId, Int32 maxDepth, Int32&amp; timeLeft)
   --- End of inner exception stack trace ---
   at Microsoft.VisualStudio.TestTools.UITesting.Playback.MapControlNotFoundException(COMException ex, IPlaybackContext context)
   at Microsoft.VisualStudio.TestTools.UITesting.Playback.MapAndThrowComException(COMException innerException, IPlaybackContext context)
   at Microsoft.VisualStudio.TestTools.UITesting.Playback.MapAndThrowException(SystemException exception, IPlaybackContext context)
   at Microsoft.VisualStudio.TestTools.UITesting.Playback.MapAndThrowException(SystemException exception, String queryId)
   at Microsoft.VisualStudio.TestTools.UITesting.UITestControl.FindFirstDescendant(String queryId, Int32 maxDepth, Int32&amp; timeLeft)
   at Microsoft.VisualStudio.TestTools.UITesting.SearchHelper.GetUITestControlRecursive(Boolean useCache, Boolean alwaysSearch, ISearchArgument searchArg, IList`1 windowTitles, Int32&amp; timeLeft)
   at Microsoft.VisualStudio.TestTools.UITesting.SearchHelper.GetElement(Boolean useCache, ISearchArgument searchArg)
   at Microsoft.VisualStudio.TestTools.UITesting.SearchHelper.Search(ISearchArgument searchArg)
   at Microsoft.VisualStudio.TestTools.UITesting.UITestControl.FindInternal()
   at Microsoft.VisualStudio.TestTools.UITesting.UITestControl.&lt;Find&gt;b__3a()
   at Microsoft.VisualStudio.TestTools.UITesting.CodedUITestMethodInvoker.InvokeMethod[T](Func`1 function, UITestControl control, Boolean firePlaybackErrorEvent, Boolean logAsAction)
   at Microsoft.VisualStudio.TestTools.UITesting.UITestControl.Find()
   at Microsoft.VisualStudio.TestTools.UITesting.UITestControl.GetPropertyPrivate(String propertyName)
   at Microsoft.VisualStudio.TestTools.UITesting.UITestControl.GetPropertyOfType[T](String propertyName)
   at Microsoft.VisualStudio.TestTools.UITesting.UITestControl.get_Name()
   at TestAuto.LoggingAndSharedGenericMethods.MouseClick(UITestControl uiMenuItemTestControl) in c:\Builds\1\WebSphere\QATestAutomation\src\CodedUITest\SourceCode\Common\Logging\SharedMethods_Generic.cs:line 790
&lt;ERROR&gt;[5/15/2018 1:33:56 AM]&lt;Error&gt;ProductPageReviews : failed executing ...Object reference not set to an instance of an object.</Message>
          <StackTrace>   at TestAuto.LoggingAndSharedGenericMethods.EndTest() in c:\Builds\1\WebSphere\QATestAutomation\src\CodedUITest\SourceCode\Common\Logging\Logging.cs:line 1628
   at TestAuto.ProductPageTest.TestCleanup() in c:\Builds\1\WebSphere\QATestAutomation\src\CodedUITest\SourceCode\HHobby\ProductPage\ProductPage.cs:line 6905
</StackTrace>
        </ErrorInfo>
      </Output>
      <ResultFiles>
        <ResultFile path="CMP01-INDIASQA.horizonhobby.com\ProductPageReviews_20180515012346.log" />
        <ResultFile path="CMP01-INDIASQA.horizonhobby.com\ProductPageReviews_20180515012453.png" />
        <ResultFile path="CMP01-INDIASQA.horizonhobby.com\ProductPageReviews_20180515012715.png" />
        <ResultFile path="CMP01-INDIASQA.horizonhobby.com\ProductPageReviews_20180515012753.png" />
        <ResultFile path="CMP01-INDIASQA.horizonhobby.com\ProductPageReviews_20180515013137.png" />
        <ResultFile path="CMP01-INDIASQA.horizonhobby.com\ProductPageReviews_20180515013145.png" />
        <ResultFile path="CMP01-INDIASQA.horizonhobby.com\ProductPageReviews_20180515013356.png" />
        <ResultFile path="CMP01-INDIASQA.horizonhobby.com\ProductPageReviews_ResultsONLY_20180515012346.log" />
        <ResultFile path="CMP01-INDIASQA.horizonhobby.com\ProductPageTestData_012346.xml" />
        <ResultFile path="CMP01-INDIASQA.horizonhobby.com\SharedCommonConfig.xml" />
      </ResultFiles>
    </UnitTestResult>
    <UnitTestResult executionId="ab49d489-7f64-4d98-ae4e-6c7a39d67ba9" testId="238d3e4d-0ef0-19f1-9d69-08c38bfa5bc5" testName="ProductPageQuickViewModal" computerName="CMP01-INDIASQA" duration="00:00:26.1707672" startTime="2018-05-15T01:34:29.1373948-05:00" endTime="2018-05-15T01:34:55.3373948-05:00" testType="13cdc9d9-ddb5-4fa4-a97d-d965ccfc6d4b" outcome="Passed" testListId="8c84fa94-04c1-424b-9868-57a2d4851a1d">
      <Output>
        <StdOut>Logging to custom path:\\CMP01-YKumar\AutoLog[5/15/2018 1:34:29 AM]&lt;STARTLOG&gt;&lt;ProductPageQuickViewModal&gt;Test Started: Expecting: #PASS=Undefined and #FAIL=0
Running from MTM=True, running on machine name:CMP01-INDIASQA, user name=ykumar, OS=Microsoft Windows NT 6.1.7601 Service Pack 1, Is64BitOS=True[5/15/2018 1:34:30 AM]&lt;INFO&gt;LogCPUAndMemoryUsage: Available Memory = 24217(MB), CPU Usage = 16.34447%[5/15/2018 1:34:30 AM]&lt;INFO&gt;Private Working Set for QTAgent32_40, usage=246224 (K)[5/15/2018 1:34:30 AM]&lt;INFO&gt;Path To TestConfig xml=E:\LoadTestResult\VSEQT\QTAgent\26973\CMP01-INDIASQA.horizonhobby.com\Deployment\SharedCommonConfig.xml[5/15/2018 1:34:30 AM]&lt;INFO&gt;Path To TestData xml=E:\LoadTestResult\VSEQT\QTAgent\26973\CMP01-INDIASQA.horizonhobby.com\Deployment\ProductPageTestData_013429.xml[5/15/2018 1:34:30 AM]&lt;INFO&gt;Path To HorizonHobbyQA Application Url=https://www-tst.horizonhobby.com[5/15/2018 1:34:30 AM]&lt;INFO&gt;HorizonHobbyQA sql connection string=Server=cmp02-ws-tst-db01:50000;Database=TST01DB;UID=wcdbuser;PWD=h0r1z0n;Connect Timeout=30[5/15/2018 1:34:30 AM]&lt;INFO&gt;Country is := US and language id is := '-1'[5/15/2018 1:34:30 AM]&lt;INFO&gt;Current browser used for test execution is = 'IE'[5/15/2018 1:34:33 AM]&lt;Info&gt;AllBrowserWindow : Locating browser window...[5/15/2018 1:34:34 AM]&lt;INFO&gt;SearchProductexecuting ... Searching term:= 'mcx'[5/15/2018 1:34:47 AM]&lt;PASS&gt;&lt;ProductPageQuickViewModal&gt;&lt;Move to wish list button exists&gt;[5/15/2018 1:34:47 AM]&lt;PASS&gt;&lt;ProductPageQuickViewModal&gt;&lt;Product Title appears as expected&gt;[5/15/2018 1:34:47 AM]&lt;PASS&gt;&lt;ProductPageQuickViewModal&gt;&lt;Brand image appears&gt;[5/15/2018 1:34:47 AM]&lt;PASS&gt;&lt;ProductPageQuickViewModal&gt;&lt;Brand image link&gt;[5/15/2018 1:34:48 AM]&lt;PASS&gt;&lt;ProductPageQuickViewModal&gt;&lt;Customer Rating appears&gt;[5/15/2018 1:34:49 AM]&lt;PASS&gt;&lt;ProductPageQuickViewModal&gt;&lt;Reviews count appears&gt;[5/15/2018 1:34:49 AM]&lt;PASS&gt;&lt;ProductPageQuickViewModal&gt;&lt;Write a review link exists&gt;[5/15/2018 1:34:49 AM]&lt;PASS&gt;&lt;ProductPageQuickViewModal&gt;&lt;Add to cart button exists&gt;[5/15/2018 1:34:50 AM]&lt;PASS&gt;&lt;ProductPageQuickViewModal&gt;&lt;Product is in stock appears&gt;[5/15/2018 1:34:50 AM]&lt;PASS&gt;&lt;ProductPageQuickViewModal&gt;&lt;Product is in stock appears&gt;[5/15/2018 1:34:50 AM]&lt;PASS&gt;&lt;ProductPageQuickViewModal&gt;&lt;Parts and upgrades link exists&gt;[5/15/2018 1:34:50 AM]&lt;PASS&gt;&lt;ProductPageQuickViewModal&gt;&lt;Manuals link exists&gt;[5/15/2018 1:34:51 AM]&lt;PASS&gt;&lt;ProductPageQuickViewModal&gt;&lt;Full Details link exists&gt;[5/15/2018 1:34:51 AM]&lt;PASS&gt;&lt;ProductPageQuickViewModal&gt;&lt;Product Image exists&gt;[5/15/2018 1:34:51 AM]&lt;PASS&gt;&lt;ProductPageQuickViewModal&gt;&lt;Product image gallery exists&gt;[5/15/2018 1:34:51 AM]&lt;PASS&gt;&lt;ProductPageQuickViewModal&gt;&lt;Product Free Shipping message appears&gt;[5/15/2018 1:34:52 AM]&lt;PASS&gt;&lt;ProductPageQuickViewModal&gt;&lt;Product Price appears&gt;[5/15/2018 1:34:52 AM]&lt;PASS&gt;&lt;ProductPageQuickViewModal&gt;&lt;Product quantity appears&gt;[5/15/2018 1:34:52 AM]&lt;RESULT&gt;Test Ended:#PASS=18, #FAIL=0[5/15/2018 1:34:53 AM]&lt;INFO&gt;LogCPUAndMemoryUsage: Available Memory = 24230(MB), CPU Usage = 8.15441%[5/15/2018 1:34:53 AM]&lt;INFO&gt;Private Working Set for QTAgent32_40, usage=232868 (K)[5/15/2018 1:34:53 AM]&lt;RESULT&gt;&lt;ProductPageQuickViewModal&gt; Test PASSED</StdOut>
      </Output>
      <ResultFiles>
        <ResultFile path="CMP01-INDIASQA.horizonhobby.com\ProductPageQuickViewModal_20180515013429.log" />
        <ResultFile path="CMP01-INDIASQA.horizonhobby.com\ProductPageQuickViewModal_ResultsONLY_20180515013429.log" />
        <ResultFile path="CMP01-INDIASQA.horizonhobby.com\ProductPageTestData_013429.xml" />
        <ResultFile path="CMP01-INDIASQA.horizonhobby.com\SharedCommonConfig.xml" />
      </ResultFiles>
    </UnitTestResult>
    <UnitTestResult executionId="0c5a8957-e4ca-479b-8ed6-c3666c8c121e" testId="03fed267-58c7-5339-529d-f4de37af4da6" testName="ProductFourCornerTagsPagesWithNWithout" computerName="CMP01-INDIASQA" duration="00:02:19.9093952" startTime="2018-05-15T01:34:55.3393948-05:00" endTime="2018-05-15T01:37:15.2863948-05:00" testType="13cdc9d9-ddb5-4fa4-a97d-d965ccfc6d4b" outcome="Failed" testListId="8c84fa94-04c1-424b-9868-57a2d4851a1d">
      <Output>
        <StdOut>Logging to custom path:\\CMP01-YKumar\AutoLogAssert.Fail failed. 
#Other errors=2
[Error details below]
&lt;ERROR&gt;[5/15/2018 1:37:12 AM]&lt;ERROR&gt;CompareProductsUIControlCollections : failed executing ...The playback failed to find the control with the given search properties. Additional Details: 
TechnologyName:  'Web'
ControlType:  'Pane'
TagName:  'DIV'
Class:  'compare_main'
 Failed to find any control that matched the search condition ControlType='Pane' &amp;&amp; Class=&gt;'compare_main'
&lt;ERROR&gt;[5/15/2018 1:37:12 AM]&lt;Error&gt;ProductFourCornerTagsPagesWithNWithout : failed executing ...The given key was not present in the dictionary.   at TestAuto.LoggingAndSharedGenericMethods.EndTest() in c:\Builds\1\WebSphere\QATestAutomation\src\CodedUITest\SourceCode\Common\Logging\Logging.cs:line 1628
   at TestAuto.ProductPageTest.TestCleanup() in c:\Builds\1\WebSphere\QATestAutomation\src\CodedUITest\SourceCode\HHobby\ProductPage\ProductPage.cs:line 6905
[5/15/2018 1:34:55 AM]&lt;STARTLOG&gt;&lt;ProductFourCornerTagsPagesWithNWithout&gt;Test Started: Expecting: #PASS=Undefined and #FAIL=0
Running from MTM=True, running on machine name:CMP01-INDIASQA, user name=ykumar, OS=Microsoft Windows NT 6.1.7601 Service Pack 1, Is64BitOS=True[5/15/2018 1:34:56 AM]&lt;INFO&gt;LogCPUAndMemoryUsage: Available Memory = 24371(MB), CPU Usage = 3.517901%[5/15/2018 1:34:56 AM]&lt;INFO&gt;Private Working Set for QTAgent32_40, usage=239232 (K)[5/15/2018 1:34:56 AM]&lt;INFO&gt;Path To TestConfig xml=E:\LoadTestResult\VSEQT\QTAgent\26973\CMP01-INDIASQA.horizonhobby.com\Deployment\SharedCommonConfig.xml[5/15/2018 1:34:56 AM]&lt;INFO&gt;Path To TestData xml=E:\LoadTestResult\VSEQT\QTAgent\26973\CMP01-INDIASQA.horizonhobby.com\Deployment\ProductPageTestData_013455.xml[5/15/2018 1:34:56 AM]&lt;INFO&gt;Path To HorizonHobbyQA Application Url=https://www-tst.horizonhobby.com[5/15/2018 1:34:56 AM]&lt;INFO&gt;HorizonHobbyQA sql connection string=Server=cmp02-ws-tst-db01:50000;Database=TST01DB;UID=wcdbuser;PWD=h0r1z0n;Connect Timeout=30[5/15/2018 1:34:56 AM]&lt;INFO&gt;Country is := US and language id is := '-1'[5/15/2018 1:34:56 AM]&lt;INFO&gt;Current browser used for test execution is = 'IE'[5/15/2018 1:34:56 AM]&lt;INFO&gt;GetSearchProductListWithCornerEdge executing... [5/15/2018 1:34:56 AM]&lt;INFO&gt;GetSearchProductListWithCornerEdge executing... [5/15/2018 1:34:57 AM]&lt;INFO&gt;GetSearchProductListWithCornerEdge executing... [5/15/2018 1:34:57 AM]&lt;INFO&gt;GetProductCatentryIdSkuIdAndNameData executing... [5/15/2018 1:34:58 AM]&lt;INFO&gt;GetSearchProductListWithCornerEdge executing... [5/15/2018 1:34:58 AM]&lt;INFO&gt;GetProductCatentryIdSkuIdAndNameData executing... [5/15/2018 1:35:02 AM]&lt;INFO&gt;GetMenuItems : method executing ... - HobbyZone[5/15/2018 1:35:04 AM]&lt;Info&gt;AllBrowserWindow : Locating browser window...[5/15/2018 1:35:39 AM]&lt;PASS&gt;&lt;ProductFourCornerTagsPagesWithNWithout&gt;&lt;Validates corner image for item in 3rd category page product shows correct Top Right Corner Tag NEW&gt;[5/15/2018 1:35:39 AM]&lt;INFO&gt;SearchProductexecuting ... Searching term:= 'new releases'[5/15/2018 1:35:46 AM]&lt;Info&gt;AllBrowserWindow : Locating browser window...[5/15/2018 1:35:46 AM]&lt;INFO&gt;ClickAndSelectSortByOptionexecuting ...[5/15/2018 1:36:02 AM]&lt;PASS&gt;&lt;ProductFourCornerTagsPagesWithNWithout&gt;&lt;Validates corner image for item in search result page product shows correct Top Right Corner Tag NEW&gt;[5/15/2018 1:36:02 AM]&lt;INFO&gt;ProductQuickInfoDetailsexecuting ...[5/15/2018 1:36:52 AM]&lt;PASS&gt;&lt;ProductFourCornerTagsPagesWithNWithout&gt;&lt;Validates corner image for item in quick info window page product shows correct Top Right Corner Tag NEW&gt;[5/15/2018 1:36:57 AM]&lt;Info&gt;AllBrowserWindow : Locating browser window...[5/15/2018 1:37:03 AM]&lt;INFO&gt;CompareProductsUIControlCollections : method executing ...[5/15/2018 1:37:03 AM]&lt;Info&gt;AllBrowserWindow : Locating browser window...Assert.Fail failed. [5/15/2018 1:37:12 AM]&lt;ERROR&gt;CompareProductsUIControlCollections : failed executing ...The playback failed to find the control with the given search properties. Additional Details: 
TechnologyName:  'Web'
ControlType:  'Pane'
TagName:  'DIV'
Class:  'compare_main'
 Failed to find any control that matched the search condition ControlType='Pane' &amp;&amp; Class=&gt;'compare_main', 
    StackTrace:
    CompareProductsUIControlCollections(),SharedCompareProducts.cs,Line Number:86
    ProductFourCornerTagsPagesWithNWithout(),ProductPage.cs,Line Number:4587[5/15/2018 1:37:12 AM]&lt;CaptureImage&gt;\\CMP01-YKumar\AutoLog\CMP01-INDIASQA\ProductFourCornerTagsPagesWithNWithout_20180515013712.pngAssert.Fail failed. [5/15/2018 1:37:12 AM]&lt;Error&gt;ProductFourCornerTagsPagesWithNWithout : failed executing ...The given key was not present in the dictionary., 
    StackTrace:
    ProductFourCornerTagsPagesWithNWithout(),ProductPage.cs,Line Number:4722[5/15/2018 1:37:12 AM]&lt;CaptureImage&gt;\\CMP01-YKumar\AutoLog\CMP01-INDIASQA\ProductFourCornerTagsPagesWithNWithout_20180515013712.png[5/15/2018 1:37:12 AM]&lt;RESULT&gt;Test Ended:#PASS=3, #FAIL=0,#Other errors=2[5/15/2018 1:37:13 AM]&lt;INFO&gt;LogCPUAndMemoryUsage: Available Memory = 24231(MB), CPU Usage = 6.2044%[5/15/2018 1:37:13 AM]&lt;INFO&gt;Private Working Set for QTAgent32_40, usage=248636 (K)[5/15/2018 1:37:13 AM]&lt;RESULT&gt;&lt;ProductFourCornerTagsPagesWithNWithout&gt; Test FAILED: #Other errors=2. See Error Message/logs for further details.</StdOut>
        <ErrorInfo>
          <Message>Assert.Fail failed. 
#Other errors=2
[Error details below]
&lt;ERROR&gt;[5/15/2018 1:37:12 AM]&lt;ERROR&gt;CompareProductsUIControlCollections : failed executing ...The playback failed to find the control with the given search properties. Additional Details: 
TechnologyName:  'Web'
ControlType:  'Pane'
TagName:  'DIV'
Class:  'compare_main'
 Failed to find any control that matched the search condition ControlType='Pane' &amp;&amp; Class=&gt;'compare_main'
&lt;ERROR&gt;[5/15/2018 1:37:12 AM]&lt;Error&gt;ProductFourCornerTagsPagesWithNWithout : failed executing ...The given key was not present in the dictionary.</Message>
          <StackTrace>   at TestAuto.LoggingAndSharedGenericMethods.EndTest() in c:\Builds\1\WebSphere\QATestAutomation\src\CodedUITest\SourceCode\Common\Logging\Logging.cs:line 1628
   at TestAuto.ProductPageTest.TestCleanup() in c:\Builds\1\WebSphere\QATestAutomation\src\CodedUITest\SourceCode\HHobby\ProductPage\ProductPage.cs:line 6905
</StackTrace>
        </ErrorInfo>
      </Output>
      <ResultFiles>
        <ResultFile path="CMP01-INDIASQA.horizonhobby.com\ProductFourCornerTagsPagesWithNWithout_20180515013455.log" />
        <ResultFile path="CMP01-INDIASQA.horizonhobby.com\ProductFourCornerTagsPagesWithNWithout_20180515013712.png" />
        <ResultFile path="CMP01-INDIASQA.horizonhobby.com\ProductFourCornerTagsPagesWithNWithout_ResultsONLY_20180515013455.log" />
        <ResultFile path="CMP01-INDIASQA.horizonhobby.com\ProductPageTestData_013455.xml" />
        <ResultFile path="CMP01-INDIASQA.horizonhobby.com\SharedCommonConfig.xml" />
      </ResultFiles>
    </UnitTestResult>
    <UnitTestResult executionId="409854d6-949e-4a4c-8fdc-0135b0b2486a" testId="f620249f-0052-c51d-b60c-639a6b3fe87f" testName="ProductFourCornerTags" computerName="CMP01-INDIASQA" duration="00:04:14.3431924" startTime="2018-05-15T01:37:15.2873948-05:00" endTime="2018-05-15T01:41:29.7033948-05:00" testType="13cdc9d9-ddb5-4fa4-a97d-d965ccfc6d4b" outcome="Failed" testListId="8c84fa94-04c1-424b-9868-57a2d4851a1d">
      <Output>
        <StdOut>Logging to custom path:\\CMP01-YKumar\AutoLogAssert.Fail failed. 
Actual #FAIL=5, #Expected FAIL=0
[Error details below]
&lt;FAIL&gt;&lt;ProductFourCornerTags&gt;&lt;Validates Image for item in product page shows correct Top Left Corner Tag&gt;.Assert.AreEqual failed. Expected:&lt;True&gt;. Actual:&lt;False&gt;. 
    StackTrace:
    ProductFourCornerTags(),ProductPage.cs,Line Number:4451
&lt;FAIL&gt;&lt;ProductFourCornerTags&gt;&lt;Validates Image for item in product page shows correct Top Right Corner Tag&gt;.Assert.AreEqual failed. Expected:&lt;True&gt;. Actual:&lt;False&gt;. 
    StackTrace:
    ProductFourCornerTags(),ProductPage.cs,Line Number:4453
&lt;FAIL&gt;&lt;ProductFourCornerTags&gt;&lt;Validates Image for item in product page shows correct Bottom Left Corner Tag&gt;.Assert.AreEqual failed. Expected:&lt;True&gt;. Actual:&lt;False&gt;. 
    StackTrace:
    ProductFourCornerTags(),ProductPage.cs,Line Number:4455
&lt;FAIL&gt;&lt;ProductFourCornerTags&gt;&lt;Validates Image for item in product page shows correct Bottom Right Corner Tag&gt;.Assert.AreEqual failed. Expected:&lt;True&gt;. Actual:&lt;False&gt;. 
    StackTrace:
    ProductFourCornerTags(),ProductPage.cs,Line Number:4457
&lt;FAIL&gt;&lt;ProductFourCornerTags&gt;&lt;Validates Image for item in product page shows correct Top Right Corner Tag with New&gt;.Assert.AreEqual failed. Expected:&lt;True&gt;. Actual:&lt;False&gt;. 
    StackTrace:
    ProductFourCornerTags(),ProductPage.cs,Line Number:4466   at TestAuto.LoggingAndSharedGenericMethods.EndTest() in c:\Builds\1\WebSphere\QATestAutomation\src\CodedUITest\SourceCode\Common\Logging\Logging.cs:line 1628
   at TestAuto.ProductPageTest.TestCleanup() in c:\Builds\1\WebSphere\QATestAutomation\src\CodedUITest\SourceCode\HHobby\ProductPage\ProductPage.cs:line 6905
[5/15/2018 1:37:15 AM]&lt;STARTLOG&gt;&lt;ProductFourCornerTags&gt;Test Started: Expecting: #PASS=Undefined and #FAIL=0
Running from MTM=True, running on machine name:CMP01-INDIASQA, user name=ykumar, OS=Microsoft Windows NT 6.1.7601 Service Pack 1, Is64BitOS=True[5/15/2018 1:37:16 AM]&lt;INFO&gt;LogCPUAndMemoryUsage: Available Memory = 24363(MB), CPU Usage = 24.4538%[5/15/2018 1:37:16 AM]&lt;INFO&gt;Private Working Set for QTAgent32_40, usage=249088 (K)[5/15/2018 1:37:16 AM]&lt;INFO&gt;Path To TestConfig xml=E:\LoadTestResult\VSEQT\QTAgent\26973\CMP01-INDIASQA.horizonhobby.com\Deployment\SharedCommonConfig.xml[5/15/2018 1:37:16 AM]&lt;INFO&gt;Path To TestData xml=E:\LoadTestResult\VSEQT\QTAgent\26973\CMP01-INDIASQA.horizonhobby.com\Deployment\ProductPageTestData_013715.xml[5/15/2018 1:37:16 AM]&lt;INFO&gt;Path To HorizonHobbyQA Application Url=https://www-tst.horizonhobby.com[5/15/2018 1:37:16 AM]&lt;INFO&gt;HorizonHobbyQA sql connection string=Server=cmp02-ws-tst-db01:50000;Database=TST01DB;UID=wcdbuser;PWD=h0r1z0n;Connect Timeout=30[5/15/2018 1:37:16 AM]&lt;INFO&gt;Country is := US and language id is := '-1'[5/15/2018 1:37:16 AM]&lt;INFO&gt;Current browser used for test execution is = 'IE'[5/15/2018 1:37:16 AM]&lt;INFO&gt;GetSearchProductListWithCornerEdge executing... [5/15/2018 1:37:26 AM]&lt;INFO&gt;SearchProductexecuting ... Searching term:= 'HBZ4900'[5/15/2018 1:37:32 AM]&lt;Info&gt;AllBrowserWindow : Locating browser window...[5/15/2018 1:37:57 AM]&lt;Info&gt;AllBrowserWindow : Locating browser window...[5/15/2018 1:38:24 AM]&lt;Info&gt;AllBrowserWindow : Locating browser window...[5/15/2018 1:38:24 AM]&lt;INFO&gt;ClickSearchResultCell : No product found on search page with title ... :- Champ RTF[5/15/2018 1:38:24 AM]&lt;CaptureImage&gt;\\CMP01-YKumar\AutoLog\CMP01-INDIASQA\ProductFourCornerTags_20180515013824.png[5/15/2018 1:38:58 AM]&lt;FAIL&gt;&lt;ProductFourCornerTags&gt;&lt;Validates Image for item in product page shows correct Top Left Corner Tag&gt;.Assert.AreEqual failed. Expected:&lt;True&gt;. Actual:&lt;False&gt;. 
    StackTrace:
    ProductFourCornerTags(),ProductPage.cs,Line Number:4451[5/15/2018 1:38:59 AM]&lt;CaptureImage&gt;\\CMP01-YKumar\AutoLog\CMP01-INDIASQA\ProductFourCornerTags_20180515013858.png[5/15/2018 1:39:02 AM]&lt;FAIL&gt;&lt;ProductFourCornerTags&gt;&lt;Validates Image for item in product page shows correct Top Right Corner Tag&gt;.Assert.AreEqual failed. Expected:&lt;True&gt;. Actual:&lt;False&gt;. 
    StackTrace:
    ProductFourCornerTags(),ProductPage.cs,Line Number:4453[5/15/2018 1:39:03 AM]&lt;CaptureImage&gt;\\CMP01-YKumar\AutoLog\CMP01-INDIASQA\ProductFourCornerTags_20180515013902.png[5/15/2018 1:39:06 AM]&lt;FAIL&gt;&lt;ProductFourCornerTags&gt;&lt;Validates Image for item in product page shows correct Bottom Left Corner Tag&gt;.Assert.AreEqual failed. Expected:&lt;True&gt;. Actual:&lt;False&gt;. 
    StackTrace:
    ProductFourCornerTags(),ProductPage.cs,Line Number:4455[5/15/2018 1:39:06 AM]&lt;CaptureImage&gt;\\CMP01-YKumar\AutoLog\CMP01-INDIASQA\ProductFourCornerTags_20180515013906.png[5/15/2018 1:39:10 AM]&lt;FAIL&gt;&lt;ProductFourCornerTags&gt;&lt;Validates Image for item in product page shows correct Bottom Right Corner Tag&gt;.Assert.AreEqual failed. Expected:&lt;True&gt;. Actual:&lt;False&gt;. 
    StackTrace:
    ProductFourCornerTags(),ProductPage.cs,Line Number:4457[5/15/2018 1:39:10 AM]&lt;CaptureImage&gt;\\CMP01-YKumar\AutoLog\CMP01-INDIASQA\ProductFourCornerTags_20180515013910.png[5/15/2018 1:39:10 AM]&lt;INFO&gt;SearchProductexecuting ... Searching term:= 'ZENT207081170'[5/15/2018 1:39:19 AM]&lt;Info&gt;AllBrowserWindow : Locating browser window...[5/15/2018 1:39:44 AM]&lt;Info&gt;AllBrowserWindow : Locating browser window...[5/15/2018 1:40:10 AM]&lt;Info&gt;AllBrowserWindow : Locating browser window...[5/15/2018 1:40:11 AM]&lt;INFO&gt;ClickSearchResultCell : No product found on search page with title ... :- Lo-Speed Needle[5/15/2018 1:40:11 AM]&lt;CaptureImage&gt;\\CMP01-YKumar\AutoLog\CMP01-INDIASQA\ProductFourCornerTags_20180515014011.png[5/15/2018 1:40:45 AM]&lt;FAIL&gt;&lt;ProductFourCornerTags&gt;&lt;Validates Image for item in product page shows correct Top Right Corner Tag with New&gt;.Assert.AreEqual failed. Expected:&lt;True&gt;. Actual:&lt;False&gt;. 
    StackTrace:
    ProductFourCornerTags(),ProductPage.cs,Line Number:4466[5/15/2018 1:40:45 AM]&lt;CaptureImage&gt;\\CMP01-YKumar\AutoLog\CMP01-INDIASQA\ProductFourCornerTags_20180515014045.png[5/15/2018 1:40:45 AM]&lt;INFO&gt;SearchProductexecuting ... Searching term:= 'DYN9150'[5/15/2018 1:40:53 AM]&lt;Info&gt;AllBrowserWindow : Locating browser window...[5/15/2018 1:41:18 AM]&lt;Info&gt;AllBrowserWindow : Locating browser window...[5/15/2018 1:41:23 AM]&lt;Info&gt;AllBrowserWindow : Locating browser window...[5/15/2018 1:41:26 AM]&lt;PASS&gt;&lt;ProductFourCornerTags&gt;&lt;Validates Image for item in product page shows correct Top Right Corner Tag with Discontinue&gt;[5/15/2018 1:41:26 AM]&lt;PASS&gt;&lt;ProductFourCornerTags&gt;&lt;Validates Image for item in product page shows correct Top Right Corner Tag with Discontinue class&gt;[5/15/2018 1:41:26 AM]&lt;RESULT&gt;Test Ended:#PASS=2, #FAIL=5[5/15/2018 1:41:27 AM]&lt;INFO&gt;LogCPUAndMemoryUsage: Available Memory = 24199(MB), CPU Usage = 17.90447%[5/15/2018 1:41:27 AM]&lt;INFO&gt;Private Working Set for QTAgent32_40, usage=242980 (K)[5/15/2018 1:41:27 AM]&lt;RESULT&gt;&lt;ProductFourCornerTags&gt; Test FAILED: Actual #FAIL=5, #Expected FAIL=0. See Error Message/logs for further details.</StdOut>
        <ErrorInfo>
          <Message>Assert.Fail failed. 
Actual #FAIL=5, #Expected FAIL=0
[Error details below]
&lt;FAIL&gt;&lt;ProductFourCornerTags&gt;&lt;Validates Image for item in product page shows correct Top Left Corner Tag&gt;.Assert.AreEqual failed. Expected:&lt;True&gt;. Actual:&lt;False&gt;. 
    StackTrace:
    ProductFourCornerTags(),ProductPage.cs,Line Number:4451
&lt;FAIL&gt;&lt;ProductFourCornerTags&gt;&lt;Validates Image for item in product page shows correct Top Right Corner Tag&gt;.Assert.AreEqual failed. Expected:&lt;True&gt;. Actual:&lt;False&gt;. 
    StackTrace:
    ProductFourCornerTags(),ProductPage.cs,Line Number:4453
&lt;FAIL&gt;&lt;ProductFourCornerTags&gt;&lt;Validates Image for item in product page shows correct Bottom Left Corner Tag&gt;.Assert.AreEqual failed. Expected:&lt;True&gt;. Actual:&lt;False&gt;. 
    StackTrace:
    ProductFourCornerTags(),ProductPage.cs,Line Number:4455
&lt;FAIL&gt;&lt;ProductFourCornerTags&gt;&lt;Validates Image for item in product page shows correct Bottom Right Corner Tag&gt;.Assert.AreEqual failed. Expected:&lt;True&gt;. Actual:&lt;False&gt;. 
    StackTrace:
    ProductFourCornerTags(),ProductPage.cs,Line Number:4457
&lt;FAIL&gt;&lt;ProductFourCornerTags&gt;&lt;Validates Image for item in product page shows correct Top Right Corner Tag with New&gt;.Assert.AreEqual failed. Expected:&lt;True&gt;. Actual:&lt;False&gt;. 
    StackTrace:
    ProductFourCornerTags(),ProductPage.cs,Line Number:4466</Message>
          <StackTrace>   at TestAuto.LoggingAndSharedGenericMethods.EndTest() in c:\Builds\1\WebSphere\QATestAutomation\src\CodedUITest\SourceCode\Common\Logging\Logging.cs:line 1628
   at TestAuto.ProductPageTest.TestCleanup() in c:\Builds\1\WebSphere\QATestAutomation\src\CodedUITest\SourceCode\HHobby\ProductPage\ProductPage.cs:line 6905
</StackTrace>
        </ErrorInfo>
      </Output>
      <ResultFiles>
        <ResultFile path="CMP01-INDIASQA.horizonhobby.com\ProductFourCornerTags_20180515013715.log" />
        <ResultFile path="CMP01-INDIASQA.horizonhobby.com\ProductFourCornerTags_20180515013824.png" />
        <ResultFile path="CMP01-INDIASQA.horizonhobby.com\ProductFourCornerTags_20180515013858.png" />
        <ResultFile path="CMP01-INDIASQA.horizonhobby.com\ProductFourCornerTags_20180515013902.png" />
        <ResultFile path="CMP01-INDIASQA.horizonhobby.com\ProductFourCornerTags_20180515013906.png" />
        <ResultFile path="CMP01-INDIASQA.horizonhobby.com\ProductFourCornerTags_20180515013910.png" />
        <ResultFile path="CMP01-INDIASQA.horizonhobby.com\ProductFourCornerTags_20180515014011.png" />
        <ResultFile path="CMP01-INDIASQA.horizonhobby.com\ProductFourCornerTags_20180515014045.png" />
        <ResultFile path="CMP01-INDIASQA.horizonhobby.com\ProductFourCornerTags_ResultsONLY_20180515013715.log" />
        <ResultFile path="CMP01-INDIASQA.horizonhobby.com\ProductPageTestData_013715.xml" />
        <ResultFile path="CMP01-INDIASQA.horizonhobby.com\SharedCommonConfig.xml" />
      </ResultFiles>
    </UnitTestResult>
    <UnitTestResult executionId="ca1bff67-d1c8-4c85-a526-35d1c4165c5c" testId="0f2b81de-20ba-5cfb-7c9c-0cdd7499e074" testName="AddToWishlistWithSignedInUser" computerName="CMP01-INDIASQA" duration="00:02:21.1834366" startTime="2018-05-15T01:41:29.7043948-05:00" endTime="2018-05-15T01:43:50.9233948-05:00" testType="13cdc9d9-ddb5-4fa4-a97d-d965ccfc6d4b" outcome="Passed" testListId="8c84fa94-04c1-424b-9868-57a2d4851a1d">
      <Output>
        <StdOut>Logging to custom path:\\CMP01-YKumar\AutoLog[5/15/2018 1:41:29 AM]&lt;STARTLOG&gt;&lt;AddToWishlistWithSignedInUser&gt;Test Started: Expecting: #PASS=Undefined and #FAIL=0
Running from MTM=True, running on machine name:CMP01-INDIASQA, user name=ykumar, OS=Microsoft Windows NT 6.1.7601 Service Pack 1, Is64BitOS=True[5/15/2018 1:41:30 AM]&lt;INFO&gt;LogCPUAndMemoryUsage: Available Memory = 24370(MB), CPU Usage = 17.09065%[5/15/2018 1:41:30 AM]&lt;INFO&gt;Private Working Set for QTAgent32_40, usage=243212 (K)[5/15/2018 1:41:30 AM]&lt;INFO&gt;Path To TestConfig xml=E:\LoadTestResult\VSEQT\QTAgent\26973\CMP01-INDIASQA.horizonhobby.com\Deployment\SharedCommonConfig.xml[5/15/2018 1:41:30 AM]&lt;INFO&gt;Path To TestData xml=E:\LoadTestResult\VSEQT\QTAgent\26973\CMP01-INDIASQA.horizonhobby.com\Deployment\ProductPageTestData_014129.xml[5/15/2018 1:41:30 AM]&lt;INFO&gt;Path To HorizonHobbyQA Application Url=https://www-tst.horizonhobby.com[5/15/2018 1:41:30 AM]&lt;INFO&gt;HorizonHobbyQA sql connection string=Server=cmp02-ws-tst-db01:50000;Database=TST01DB;UID=wcdbuser;PWD=h0r1z0n;Connect Timeout=30[5/15/2018 1:41:30 AM]&lt;INFO&gt;Country is := US and language id is := '-1'[5/15/2018 1:41:30 AM]&lt;INFO&gt;Current browser used for test execution is = 'IE'[5/15/2018 1:41:34 AM]&lt;Info&gt;AllBrowserWindow : Locating browser window...[5/15/2018 1:41:36 AM]&lt;INFO&gt;SurveyWindow : method executing ...[5/15/2018 1:41:43 AM]&lt;INFO&gt;ContinueOnCertificationErrorClickexecuting ...[5/15/2018 1:41:43 AM]&lt;Info&gt;DEAllBrowserWindow : Locating browser window...[5/15/2018 1:41:51 AM]&lt;INFO&gt;UserRegistration : method executing ...[5/15/2018 1:41:51 AM]&lt;Info&gt;AllBrowserWindow : Locating browser window...[5/15/2018 1:42:18 AM]&lt;Info&gt;AllBrowserWindow : Locating browser window...[5/15/2018 1:42:36 AM]&lt;Info&gt;AllBrowserWindow : Locating browser window...[5/15/2018 1:42:52 AM]&lt;INFO&gt;SearchProductexecuting ... Searching term:= 'INTC23584'[5/15/2018 1:42:58 AM]&lt;Info&gt;AllBrowserWindow : Locating browser window...[5/15/2018 1:43:12 AM]&lt;PASS&gt;&lt;AddToWishlistWithSignedInUser&gt;&lt;Sign In Register not required to proceed, instead Create new wish list option appears&gt;[5/15/2018 1:43:18 AM]&lt;INFO&gt;DeleteWishlistFromDatabase : method executing[5/15/2018 1:43:18 AM]&lt;INFO&gt;DeleteWishlistFromDatabase : method executing[5/15/2018 1:43:47 AM]&lt;RESULT&gt;Test Ended:#PASS=1, #FAIL=0[5/15/2018 1:43:48 AM]&lt;INFO&gt;LogCPUAndMemoryUsage: Available Memory = 24216(MB), CPU Usage = 8.143124%[5/15/2018 1:43:48 AM]&lt;INFO&gt;Private Working Set for QTAgent32_40, usage=239448 (K)[5/15/2018 1:43:48 AM]&lt;RESULT&gt;&lt;AddToWishlistWithSignedInUser&gt; Test PASSED</StdOut>
      </Output>
      <ResultFiles>
        <ResultFile path="CMP01-INDIASQA.horizonhobby.com\AddToWishlistWithSignedInUser_20180515014129.log" />
        <ResultFile path="CMP01-INDIASQA.horizonhobby.com\AddToWishlistWithSignedInUser_ResultsONLY_20180515014129.log" />
        <ResultFile path="CMP01-INDIASQA.horizonhobby.com\ProductPageTestData_014129.xml" />
        <ResultFile path="CMP01-INDIASQA.horizonhobby.com\SharedCommonConfig.xml" />
      </ResultFiles>
    </UnitTestResult>
    <UnitTestResult executionId="f1231435-75c3-4735-a6ab-c7ac4bda502a" testId="d943e4ea-2bc5-a462-1477-25992917a0ec" testName="CartPromoCodeRemoval" computerName="CMP01-INDIASQA" duration="00:01:53.2101561" startTime="2018-05-15T01:43:50.9263948-05:00" endTime="2018-05-15T01:45:44.1703948-05:00" testType="13cdc9d9-ddb5-4fa4-a97d-d965ccfc6d4b" outcome="Passed" testListId="8c84fa94-04c1-424b-9868-57a2d4851a1d">
      <Output>
        <StdOut>Logging to custom path:\\CMP01-YKumar\AutoLog[5/15/2018 1:43:50 AM]&lt;STARTLOG&gt;&lt;CartPromoCodeRemoval&gt;Test Started: Expecting: #PASS=Undefined and #FAIL=0
Running from MTM=True, running on machine name:CMP01-INDIASQA, user name=ykumar, OS=Microsoft Windows NT 6.1.7601 Service Pack 1, Is64BitOS=True[5/15/2018 1:43:51 AM]&lt;INFO&gt;LogCPUAndMemoryUsage: Available Memory = 24273(MB), CPU Usage = 17.14873%[5/15/2018 1:43:52 AM]&lt;INFO&gt;Private Working Set for QTAgent32_40, usage=239540 (K)[5/15/2018 1:43:52 AM]&lt;INFO&gt;Path To TestConfig xml=E:\LoadTestResult\VSEQT\QTAgent\26973\CMP01-INDIASQA.horizonhobby.com\Deployment\SharedCommonConfig.xml[5/15/2018 1:43:52 AM]&lt;INFO&gt;Path To TestData xml=E:\LoadTestResult\VSEQT\QTAgent\26973\CMP01-INDIASQA.horizonhobby.com\Deployment\CartDisplayTestData_014350.xml[5/15/2018 1:43:52 AM]&lt;INFO&gt;Path To HorizonHobbyQA Application Url=https://www-tst.horizonhobby.com[5/15/2018 1:43:52 AM]&lt;INFO&gt;HorizonHobbyQA sql connection string=Server=cmp02-ws-tst-db01:50000;Database=TST01DB;UID=wcdbuser;PWD=h0r1z0n;Connect Timeout=30[5/15/2018 1:43:52 AM]&lt;INFO&gt;Country is := US and language id is := '-1'[5/15/2018 1:43:52 AM]&lt;INFO&gt;Current browser used for test execution is = 'IE'[5/15/2018 1:43:55 AM]&lt;Info&gt;AllBrowserWindow : Locating browser window...[5/15/2018 1:43:59 AM]&lt;INFO&gt;SearchProductexecuting ... Searching term:= 'DYNM3930'[5/15/2018 1:44:06 AM]&lt;Info&gt;AllBrowserWindow : Locating browser window...[5/15/2018 1:44:06 AM]&lt;INFO&gt;BackOrderClickexecuting ...[5/15/2018 1:44:07 AM]&lt;INFO&gt;GoToCartClickexecuting ...[5/15/2018 1:44:13 AM]&lt;Info&gt;AllBrowserWindow : Locating browser window...[5/15/2018 1:44:24 AM]&lt;PASS&gt;&lt;CartPromoCodeRemoval&gt;&lt;Promo Code Text Box appears&gt;[5/15/2018 1:44:24 AM]&lt;PASS&gt;&lt;CartPromoCodeRemoval&gt;&lt;Apply Promo Code button appears&gt;[5/15/2018 1:44:24 AM]&lt;INFO&gt;KeyboardSendKeys method executing...[5/15/2018 1:44:24 AM]&lt;INFO&gt;CheckoutCreditCardShippingAndBillingControls : method executing[5/15/2018 1:44:24 AM]&lt;Info&gt;AllBrowserWindow : Locating browser window...[5/15/2018 1:44:41 AM]&lt;INFO&gt;GetOrderTotalAmount : is executing ...[5/15/2018 1:44:41 AM]&lt;INFO&gt;ApplyPromoCode : method executing ...  -funfrenz14[5/15/2018 1:44:41 AM]&lt;INFO&gt;SurveyWindow : method executing ...[5/15/2018 1:44:53 AM]&lt;PASS&gt;&lt;CartPromoCodeRemoval&gt;&lt;Applied Promo Code's Description Appears&gt;[5/15/2018 1:44:53 AM]&lt;INFO&gt;KeyboardSendKeys method executing...[5/15/2018 1:44:53 AM]&lt;INFO&gt;CheckoutCreditCardShippingAndBillingControls : method executing[5/15/2018 1:44:53 AM]&lt;Info&gt;AllBrowserWindow : Locating browser window...[5/15/2018 1:45:10 AM]&lt;PASS&gt;&lt;CartPromoCodeRemoval&gt;&lt;Product Discount appears in Order Total Table &gt;[5/15/2018 1:45:10 AM]&lt;PASS&gt;&lt;CartPromoCodeRemoval&gt;&lt;Order total after 10% discount is as expected &gt;[5/15/2018 1:45:10 AM]&lt;INFO&gt;RemoveAppliedPromoCode : is executing ...[5/15/2018 1:45:10 AM]&lt;Info&gt;AllBrowserWindow : Locating browser window...[5/15/2018 1:45:24 AM]&lt;INFO&gt;CheckoutCreditCardShippingAndBillingControls : method executing[5/15/2018 1:45:24 AM]&lt;Info&gt;AllBrowserWindow : Locating browser window...[5/15/2018 1:45:41 AM]&lt;PASS&gt;&lt;CartPromoCodeRemoval&gt;&lt;Product Discount does not appear in Order Total Table &gt;[5/15/2018 1:45:41 AM]&lt;PASS&gt;&lt;CartPromoCodeRemoval&gt;&lt;Order total updated after Promo Code removal &gt;[5/15/2018 1:45:41 AM]&lt;RESULT&gt;Test Ended:#PASS=7, #FAIL=0[5/15/2018 1:45:42 AM]&lt;INFO&gt;LogCPUAndMemoryUsage: Available Memory = 24204(MB), CPU Usage = 10.88442%[5/15/2018 1:45:42 AM]&lt;INFO&gt;Private Working Set for QTAgent32_40, usage=240168 (K)[5/15/2018 1:45:42 AM]&lt;RESULT&gt;&lt;CartPromoCodeRemoval&gt; Test PASSED</StdOut>
      </Output>
      <ResultFiles />
    </UnitTestResult>
    <UnitTestResult executionId="f3a80dd7-b32f-4546-a8a6-604dd1f240fe" testId="89a0ab30-1bbc-7fdd-12c1-67361a28bdcd" testName="CartOrderLevelPromotion" computerName="CMP01-INDIASQA" duration="00:06:02.7349762" startTime="2018-05-15T01:45:44.1723948-05:00" endTime="2018-05-15T01:51:47.0073948-05:00" testType="13cdc9d9-ddb5-4fa4-a97d-d965ccfc6d4b" outcome="Failed" testListId="8c84fa94-04c1-424b-9868-57a2d4851a1d">
      <Output>
        <StdOut>Logging to custom path:\\CMP01-YKumar\AutoLogAssert.Fail failed. 
#Other errors=11
[Error details below]
&lt;ERROR&gt;[5/15/2018 1:48:09 AM]&lt;ERROR&gt;BackOrderClick : failed executing ...The playback failed to find the control with the given search properties. Additional Details: 
TechnologyName:  'Web'
ControlType:  'Hyperlink'
TagName:  'A'
Id:  'add2CartBtn'
 Failed to find any control that matched the search condition Id='add2CartBtn' &amp;&amp; ControlType='Hyperlink'
&lt;ERROR&gt;[5/15/2018 1:48:15 AM]&lt;ERROR&gt;MouseClick Exception:Microsoft.VisualStudio.TestTools.UITest.Extension.UITestControlNotFoundException: The playback failed to find the control with the given search properties. Additional Details: 
TechnologyName:  'Web'
ControlType:  'Hyperlink'
TagName:  'A'
Id:  'MiniShopCartCloseButton_2'
 Failed to find any control that matched the search condition Id='MiniShopCartCloseButton_2' &amp;&amp; ControlType='Hyperlink' ---&gt; System.Runtime.InteropServices.COMException: Error HRESULT E_FAIL has been returned from a call to a COM component.
   at Microsoft.VisualStudio.TestTools.UITest.Playback.Engine.IScreenElement.FindAllDescendants(String bstrQueryId, Object&amp; pvarResKeys, Int32 cResKeys, Int32 nMaxDepth)
   at Microsoft.VisualStudio.TestTools.UITest.Playback.ScreenElement.FindAllScreenElement(String queryId, Int32 depth, Boolean singleQueryId, Boolean throwException, Boolean resetSkipStep)
   at Microsoft.VisualStudio.TestTools.UITest.Playback.ScreenElement.FindScreenElement(String queryId, Int32 depth, Boolean resetSkipStep)
   at Microsoft.VisualStudio.TestTools.UITesting.UITestControl.FindFirstDescendant(String queryId, Int32 maxDepth, Int32&amp; timeLeft)
   --- End of inner exception stack trace ---
   at Microsoft.VisualStudio.TestTools.UITesting.Playback.MapControlNotFoundException(COMException ex, IPlaybackContext context)
   at Microsoft.VisualStudio.TestTools.UITesting.Playback.MapAndThrowComException(COMException innerException, IPlaybackContext context)
   at Microsoft.VisualStudio.TestTools.UITesting.Playback.MapAndThrowException(SystemException exception, IPlaybackContext context)
   at Microsoft.VisualStudio.TestTools.UITesting.Playback.MapAndThrowException(SystemException exception, String queryId)
   at Microsoft.VisualStudio.TestTools.UITesting.UITestControl.FindFirstDescendant(String queryId, Int32 maxDepth, Int32&amp; timeLeft)
   at Microsoft.VisualStudio.TestTools.UITesting.SearchHelper.GetUITestControlRecursive(Boolean useCache, Boolean alwaysSearch, ISearchArgument searchArg, IList`1 windowTitles, Int32&amp; timeLeft)
   at Microsoft.VisualStudio.TestTools.UITesting.SearchHelper.GetElement(Boolean useCache, ISearchArgument searchArg)
   at Microsoft.VisualStudio.TestTools.UITesting.SearchHelper.Search(ISearchArgument searchArg)
   at Microsoft.VisualStudio.TestTools.UITesting.UITestControl.FindInternal()
   at Microsoft.VisualStudio.TestTools.UITesting.UITestControl.&lt;Find&gt;b__3a()
   at Microsoft.VisualStudio.TestTools.UITesting.CodedUITestMethodInvoker.InvokeMethod[T](Func`1 function, UITestControl control, Boolean firePlaybackErrorEvent, Boolean logAsAction)
   at Microsoft.VisualStudio.TestTools.UITesting.UITestControl.Find()
   at Microsoft.VisualStudio.TestTools.UITesting.UITestControl.GetPropertyPrivate(String propertyName)
   at Microsoft.VisualStudio.TestTools.UITesting.UITestControl.GetPropertyOfType[T](String propertyName)
   at Microsoft.VisualStudio.TestTools.UITesting.UITestControl.get_Name()
   at TestAuto.LoggingAndSharedGenericMethods.MouseClick(UITestControl uiMenuItemTestControl) in c:\Builds\1\WebSphere\QATestAutomation\src\CodedUITest\SourceCode\Common\Logging\SharedMethods_Generic.cs:line 790
&lt;ERROR&gt;[5/15/2018 1:48:22 AM]&lt;ERROR&gt;SearchProduct := RC4ZR0006 : failed executing ...The playback failed to find the control with the given search properties. Additional Details: 
TechnologyName:  'Web'
ControlType:  'Edit'
TagName:  'INPUT'
Id:  'SimpleSearchForm_SearchTerm'
 Failed to find any control that matched the search condition ControlType='Edit' &amp;&amp; Id=&gt;'SimpleSearchForm_SearchTerm'
&lt;ERROR&gt;[5/15/2018 1:50:32 AM]&lt;ERROR&gt;BackOrderClick : failed executing ...The playback failed to find the control with the given search properties. Additional Details: 
TechnologyName:  'Web'
ControlType:  'Hyperlink'
TagName:  'A'
Id:  'add2CartBtn'
 Failed to find any control that matched the search condition Id='add2CartBtn' &amp;&amp; ControlType='Hyperlink'
&lt;ERROR&gt;[5/15/2018 1:50:38 AM]&lt;ERROR&gt;MouseClick Exception:Microsoft.VisualStudio.TestTools.UITest.Extension.UITestControlNotFoundException: The playback failed to find the control with the given search properties. Additional Details: 
TechnologyName:  'Web'
ControlType:  'Hyperlink'
TagName:  'A'
Id:  'MiniShopCartCloseButton_2'
 Failed to find any control that matched the search condition Id='MiniShopCartCloseButton_2' &amp;&amp; ControlType='Hyperlink' ---&gt; System.Runtime.InteropServices.COMException: Error HRESULT E_FAIL has been returned from a call to a COM component.
   at Microsoft.VisualStudio.TestTools.UITest.Playback.Engine.IScreenElement.FindAllDescendants(String bstrQueryId, Object&amp; pvarResKeys, Int32 cResKeys, Int32 nMaxDepth)
   at Microsoft.VisualStudio.TestTools.UITest.Playback.ScreenElement.FindAllScreenElement(String queryId, Int32 depth, Boolean singleQueryId, Boolean throwException, Boolean resetSkipStep)
   at Microsoft.VisualStudio.TestTools.UITest.Playback.ScreenElement.FindScreenElement(String queryId, Int32 depth, Boolean resetSkipStep)
   at Microsoft.VisualStudio.TestTools.UITesting.UITestControl.FindFirstDescendant(String queryId, Int32 maxDepth, Int32&amp; timeLeft)
   --- End of inner exception stack trace ---
   at Microsoft.VisualStudio.TestTools.UITesting.Playback.MapControlNotFoundException(COMException ex, IPlaybackContext context)
   at Microsoft.VisualStudio.TestTools.UITesting.Playback.MapAndThrowComException(COMException innerException, IPlaybackContext context)
   at Microsoft.VisualStudio.TestTools.UITesting.Playback.MapAndThrowException(SystemException exception, IPlaybackContext context)
   at Microsoft.VisualStudio.TestTools.UITesting.Playback.MapAndThrowException(SystemException exception, String queryId)
   at Microsoft.VisualStudio.TestTools.UITesting.UITestControl.FindFirstDescendant(String queryId, Int32 maxDepth, Int32&amp; timeLeft)
   at Microsoft.VisualStudio.TestTools.UITesting.SearchHelper.GetUITestControlRecursive(Boolean useCache, Boolean alwaysSearch, ISearchArgument searchArg, IList`1 windowTitles, Int32&amp; timeLeft)
   at Microsoft.VisualStudio.TestTools.UITesting.SearchHelper.GetElement(Boolean useCache, ISearchArgument searchArg)
   at Microsoft.VisualStudio.TestTools.UITesting.SearchHelper.Search(ISearchArgument searchArg)
   at Microsoft.VisualStudio.TestTools.UITesting.UITestControl.FindInternal()
   at Microsoft.VisualStudio.TestTools.UITesting.UITestControl.&lt;Find&gt;b__3a()
   at Microsoft.VisualStudio.TestTools.UITesting.CodedUITestMethodInvoker.InvokeMethod[T](Func`1 function, UITestControl control, Boolean firePlaybackErrorEvent, Boolean logAsAction)
   at Microsoft.VisualStudio.TestTools.UITesting.UITestControl.Find()
   at Microsoft.VisualStudio.TestTools.UITesting.UITestControl.GetPropertyPrivate(String propertyName)
   at Microsoft.VisualStudio.TestTools.UITesting.UITestControl.GetPropertyOfType[T](String propertyName)
   at Microsoft.VisualStudio.TestTools.UITesting.UITestControl.get_Name()
   at TestAuto.LoggingAndSharedGenericMethods.MouseClick(UITestControl uiMenuItemTestControl) in c:\Builds\1\WebSphere\QATestAutomation\src\CodedUITest\SourceCode\Common\Logging\SharedMethods_Generic.cs:line 790
&lt;ERROR&gt;[5/15/2018 1:50:40 AM]&lt;ERROR&gt;CartIconClick : failed executing ...The playback failed to find the control with the given search properties. Additional Details: 
TechnologyName:  'Web'
ControlType:  'Pane'
TagName:  'SPAN'
Id:  'minishopcart_total'
 Failed to find any control that matched the search condition Id='minishopcart_total' &amp;&amp; ControlType='Pane'
&lt;ERROR&gt;[5/15/2018 1:50:46 AM]&lt;ERROR&gt;MouseClick Exception:Microsoft.VisualStudio.TestTools.UITest.Extension.UITestControlNotFoundException: The playback failed to find the control with the given search properties. Additional Details: 
TechnologyName:  'Web'
ControlType:  'Hyperlink'
TagName:  'A'
Id:  'GotoCartButton1'
Class:  'button'
InnerText:  'Go to Cart'
 Failed to find any control that matched the search condition Id='GotoCartButton1' &amp;&amp; ControlType='Hyperlink' &amp;&amp; Class='button' &amp;&amp; InnerText='Go to Cart' ---&gt; System.Runtime.InteropServices.COMException: Error HRESULT E_FAIL has been returned from a call to a COM component.
   at Microsoft.VisualStudio.TestTools.UITest.Playback.Engine.IScreenElement.FindAllDescendants(String bstrQueryId, Object&amp; pvarResKeys, Int32 cResKeys, Int32 nMaxDepth)
   at Microsoft.VisualStudio.TestTools.UITest.Playback.ScreenElement.FindAllScreenElement(String queryId, Int32 depth, Boolean singleQueryId, Boolean throwException, Boolean resetSkipStep)
   at Microsoft.VisualStudio.TestTools.UITest.Playback.ScreenElement.FindScreenElement(String queryId, Int32 depth, Boolean resetSkipStep)
   at Microsoft.VisualStudio.TestTools.UITesting.UITestControl.FindFirstDescendant(String queryId, Int32 maxDepth, Int32&amp; timeLeft)
   --- End of inner exception stack trace ---
   at Microsoft.VisualStudio.TestTools.UITesting.Playback.MapControlNotFoundException(COMException ex, IPlaybackContext context)
   at Microsoft.VisualStudio.TestTools.UITesting.Playback.MapAndThrowComException(COMException innerException, IPlaybackContext context)
   at Microsoft.VisualStudio.TestTools.UITesting.Playback.MapAndThrowException(SystemException exception, IPlaybackContext context)
   at Microsoft.VisualStudio.TestTools.UITesting.Playback.MapAndThrowException(SystemException exception, String queryId)
   at Microsoft.VisualStudio.TestTools.UITesting.UITestControl.FindFirstDescendant(String queryId, Int32 maxDepth, Int32&amp; timeLeft)
   at Microsoft.VisualStudio.TestTools.UITesting.SearchHelper.GetUITestControlRecursive(Boolean useCache, Boolean alwaysSearch, ISearchArgument searchArg, IList`1 windowTitles, Int32&amp; timeLeft)
   at Microsoft.VisualStudio.TestTools.UITesting.SearchHelper.GetElement(Boolean useCache, ISearchArgument searchArg)
   at Microsoft.VisualStudio.TestTools.UITesting.SearchHelper.Search(ISearchArgument searchArg)
   at Microsoft.VisualStudio.TestTools.UITesting.UITestControl.FindInternal()
   at Microsoft.VisualStudio.TestTools.UITesting.UITestControl.&lt;Find&gt;b__3a()
   at Microsoft.VisualStudio.TestTools.UITesting.CodedUITestMethodInvoker.InvokeMethod[T](Func`1 function, UITestControl control, Boolean firePlaybackErrorEvent, Boolean logAsAction)
   at Microsoft.VisualStudio.TestTools.UITesting.UITestControl.Find()
   at Microsoft.VisualStudio.TestTools.UITesting.UITestControl.GetPropertyPrivate(String propertyName)
   at Microsoft.VisualStudio.TestTools.UITesting.UITestControl.GetPropertyOfType[T](String propertyName)
   at Microsoft.VisualStudio.TestTools.UITesting.UITestControl.get_Name()
   at TestAuto.LoggingAndSharedGenericMethods.MouseClick(UITestControl uiMenuItemTestControl) in c:\Builds\1\WebSphere\QATestAutomation\src\CodedUITest\SourceCode\Common\Logging\SharedMethods_Generic.cs:line 790
&lt;ERROR&gt;[5/15/2018 1:51:11 AM]&lt;Error&gt;AllBrowserWindow : failed executing ...Unable to find Windows Internet Explorer window with 'Shopping Cart - Internet Explorer' in the title.
&lt;ERROR&gt;[5/15/2018 1:51:13 AM]&lt;ERROR&gt;SelectStateForShipping : failed executing ...The playback failed to find the control with the given search properties. Additional Details: 
TechnologyName:  'Web'
ControlType:  'ComboBox'
TagName:  'SELECT'
Id:  'cart_shopCart_shipEstSelect'
 Failed to find any control that matched the search condition Id='cart_shopCart_shipEstSelect' &amp;&amp; ControlType='ComboBox'
&lt;ERROR&gt;[5/15/2018 1:51:38 AM]&lt;Error&gt;AllBrowserWindow : failed executing ...Unable to find Windows Internet Explorer window with 'Shopping Cart - Internet Explorer' in the title.
&lt;ERROR&gt;[5/15/2018 1:51:43 AM]&lt;ERROR&gt;CartOrderLevelPromotion : failed executing ...Index was out of range. Must be non-negative and less than the size of the collection.
Parameter name: index   at TestAuto.LoggingAndSharedGenericMethods.EndTest() in c:\Builds\1\WebSphere\QATestAutomation\src\CodedUITest\SourceCode\Common\Logging\Logging.cs:line 1628
   at TestAuto.CartDisplayTest.TestCleanup() in c:\Builds\1\WebSphere\QATestAutomation\src\CodedUITest\SourceCode\HHobby\CartDisplay\CartDisplay.cs:line 5472
[5/15/2018 1:45:44 AM]&lt;STARTLOG&gt;&lt;CartOrderLevelPromotion&gt;Test Started: Expecting: #PASS=Undefined and #FAIL=0
Running from MTM=True, running on machine name:CMP01-INDIASQA, user name=ykumar, OS=Microsoft Windows NT 6.1.7601 Service Pack 1, Is64BitOS=True[5/15/2018 1:45:45 AM]&lt;INFO&gt;LogCPUAndMemoryUsage: Available Memory = 24206(MB), CPU Usage = 16.70605%[5/15/2018 1:45:45 AM]&lt;INFO&gt;Private Working Set for QTAgent32_40, usage=240388 (K)[5/15/2018 1:45:45 AM]&lt;INFO&gt;Path To TestConfig xml=E:\LoadTestResult\VSEQT\QTAgent\26973\CMP01-INDIASQA.horizonhobby.com\Deployment\SharedCommonConfig.xml[5/15/2018 1:45:45 AM]&lt;INFO&gt;Path To TestData xml=E:\LoadTestResult\VSEQT\QTAgent\26973\CMP01-INDIASQA.horizonhobby.com\Deployment\CartDisplayTestData_014544.xml[5/15/2018 1:45:45 AM]&lt;INFO&gt;Path To HorizonHobbyQA Application Url=https://www-tst.horizonhobby.com[5/15/2018 1:45:45 AM]&lt;INFO&gt;HorizonHobbyQA sql connection string=Server=cmp02-ws-tst-db01:50000;Database=TST01DB;UID=wcdbuser;PWD=h0r1z0n;Connect Timeout=30[5/15/2018 1:45:45 AM]&lt;INFO&gt;Country is := US and language id is := '-1'[5/15/2018 1:45:45 AM]&lt;INFO&gt;Current browser used for test execution is = 'IE'[5/15/2018 1:45:48 AM]&lt;Info&gt;AllBrowserWindow : Locating browser window...[5/15/2018 1:45:52 AM]&lt;INFO&gt;SearchProductexecuting ... Searching term:= 'HRC37955S'[5/15/2018 1:45:59 AM]&lt;Info&gt;AllBrowserWindow : Locating browser window...[5/15/2018 1:46:23 AM]&lt;Info&gt;AllBrowserWindow : Locating browser window...[5/15/2018 1:48:04 AM]&lt;INFO&gt;BackOrderClickexecuting ...Assert.Fail failed. [5/15/2018 1:48:09 AM]&lt;ERROR&gt;BackOrderClick : failed executing ...The playback failed to find the control with the given search properties. Additional Details: 
TechnologyName:  'Web'
ControlType:  'Hyperlink'
TagName:  'A'
Id:  'add2CartBtn'
 Failed to find any control that matched the search condition Id='add2CartBtn' &amp;&amp; ControlType='Hyperlink', 
    StackTrace:
    BackOrderClick(),SharedProductPage.cs,Line Number:498
    BackOrderClick(),SharedProductPage.cs,Line Number:505
    CartOrderLevelPromotion(),CartDisplay.cs,Line Number:2074[5/15/2018 1:48:09 AM]&lt;CaptureImage&gt;\\CMP01-YKumar\AutoLog\CMP01-INDIASQA\CartOrderLevelPromotion_20180515014809.pngAssert.Fail failed. [5/15/2018 1:48:15 AM]&lt;ERROR&gt;MouseClick Exception:Microsoft.VisualStudio.TestTools.UITest.Extension.UITestControlNotFoundException: The playback failed to find the control with the given search properties. Additional Details: 
TechnologyName:  'Web'
ControlType:  'Hyperlink'
TagName:  'A'
Id:  'MiniShopCartCloseButton_2'
 Failed to find any control that matched the search condition Id='MiniShopCartCloseButton_2' &amp;&amp; ControlType='Hyperlink' ---&gt; System.Runtime.InteropServices.COMException: Error HRESULT E_FAIL has been returned from a call to a COM component.
   at Microsoft.VisualStudio.TestTools.UITest.Playback.Engine.IScreenElement.FindAllDescendants(String bstrQueryId, Object&amp; pvarResKeys, Int32 cResKeys, Int32 nMaxDepth)
   at Microsoft.VisualStudio.TestTools.UITest.Playback.ScreenElement.FindAllScreenElement(String queryId, Int32 depth, Boolean singleQueryId, Boolean throwException, Boolean resetSkipStep)
   at Microsoft.VisualStudio.TestTools.UITest.Playback.ScreenElement.FindScreenElement(String queryId, Int32 depth, Boolean resetSkipStep)
   at Microsoft.VisualStudio.TestTools.UITesting.UITestControl.FindFirstDescendant(String queryId, Int32 maxDepth, Int32&amp; timeLeft)
   --- End of inner exception stack trace ---
   at Microsoft.VisualStudio.TestTools.UITesting.Playback.MapControlNotFoundException(COMException ex, IPlaybackContext context)
   at Microsoft.VisualStudio.TestTools.UITesting.Playback.MapAndThrowComException(COMException innerException, IPlaybackContext context)
   at Microsoft.VisualStudio.TestTools.UITesting.Playback.MapAndThrowException(SystemException exception, IPlaybackContext context)
   at Microsoft.VisualStudio.TestTools.UITesting.Playback.MapAndThrowException(SystemException exception, String queryId)
   at Microsoft.VisualStudio.TestTools.UITesting.UITestControl.FindFirstDescendant(String queryId, Int32 maxDepth, Int32&amp; timeLeft)
   at Microsoft.VisualStudio.TestTools.UITesting.SearchHelper.GetUITestControlRecursive(Boolean useCache, Boolean alwaysSearch, ISearchArgument searchArg, IList`1 windowTitles, Int32&amp; timeLeft)
   at Microsoft.VisualStudio.TestTools.UITesting.SearchHelper.GetElement(Boolean useCache, ISearchArgument searchArg)
   at Microsoft.VisualStudio.TestTools.UITesting.SearchHelper.Search(ISearchArgument searchArg)
   at Microsoft.VisualStudio.TestTools.UITesting.UITestControl.FindInternal()
   at Microsoft.VisualStudio.TestTools.UITesting.UITestControl.&lt;Find&gt;b__3a()
   at Microsoft.VisualStudio.TestTools.UITesting.CodedUITestMethodInvoker.InvokeMethod[T](Func`1 function, UITestControl control, Boolean firePlaybackErrorEvent, Boolean logAsAction)
   at Microsoft.VisualStudio.TestTools.UITesting.UITestControl.Find()
   at Microsoft.VisualStudio.TestTools.UITesting.UITestControl.GetPropertyPrivate(String propertyName)
   at Microsoft.VisualStudio.TestTools.UITesting.UITestControl.GetPropertyOfType[T](String propertyName)
   at Microsoft.VisualStudio.TestTools.UITesting.UITestControl.get_Name()
   at TestAuto.LoggingAndSharedGenericMethods.MouseClick(UITestControl uiMenuItemTestControl) in c:\Builds\1\WebSphere\QATestAutomation\src\CodedUITest\SourceCode\Common\Logging\SharedMethods_Generic.cs:line 790, 
    StackTrace:
    MouseClick(),SharedMethods_Generic.cs,Line Number:822
    CartOrderLevelPromotion(),CartDisplay.cs,Line Number:2077[5/15/2018 1:48:15 AM]&lt;CaptureImage&gt;\\CMP01-YKumar\AutoLog\CMP01-INDIASQA\CartOrderLevelPromotion_20180515014815.png[5/15/2018 1:48:19 AM]&lt;INFO&gt;SearchProductexecuting ... Searching term:= 'RC4ZR0006'Assert.Fail failed. [5/15/2018 1:48:22 AM]&lt;ERROR&gt;SearchProduct := RC4ZR0006 : failed executing ...The playback failed to find the control with the given search properties. Additional Details: 
TechnologyName:  'Web'
ControlType:  'Edit'
TagName:  'INPUT'
Id:  'SimpleSearchForm_SearchTerm'
 Failed to find any control that matched the search condition ControlType='Edit' &amp;&amp; Id=&gt;'SimpleSearchForm_SearchTerm', 
    StackTrace:
    SearchProduct(),SharedApplicationCommon.cs,Line Number:697
    CartOrderLevelPromotion(),CartDisplay.cs,Line Number:2069[5/15/2018 1:48:22 AM]&lt;CaptureImage&gt;\\CMP01-YKumar\AutoLog\CMP01-INDIASQA\CartOrderLevelPromotion_20180515014822.png[5/15/2018 1:48:22 AM]&lt;Info&gt;AllBrowserWindow : Locating browser window...[5/15/2018 1:48:46 AM]&lt;Info&gt;AllBrowserWindow : Locating browser window...[5/15/2018 1:50:27 AM]&lt;INFO&gt;BackOrderClickexecuting ...Assert.Fail failed. [5/15/2018 1:50:32 AM]&lt;ERROR&gt;BackOrderClick : failed executing ...The playback failed to find the control with the given search properties. Additional Details: 
TechnologyName:  'Web'
ControlType:  'Hyperlink'
TagName:  'A'
Id:  'add2CartBtn'
 Failed to find any control that matched the search condition Id='add2CartBtn' &amp;&amp; ControlType='Hyperlink', 
    StackTrace:
    BackOrderClick(),SharedProductPage.cs,Line Number:498
    BackOrderClick(),SharedProductPage.cs,Line Number:505
    CartOrderLevelPromotion(),CartDisplay.cs,Line Number:2074[5/15/2018 1:50:32 AM]&lt;CaptureImage&gt;\\CMP01-YKumar\AutoLog\CMP01-INDIASQA\CartOrderLevelPromotion_20180515015032.pngAssert.Fail failed. [5/15/2018 1:50:38 AM]&lt;ERROR&gt;MouseClick Exception:Microsoft.VisualStudio.TestTools.UITest.Extension.UITestControlNotFoundException: The playback failed to find the control with the given search properties. Additional Details: 
TechnologyName:  'Web'
ControlType:  'Hyperlink'
TagName:  'A'
Id:  'MiniShopCartCloseButton_2'
 Failed to find any control that matched the search condition Id='MiniShopCartCloseButton_2' &amp;&amp; ControlType='Hyperlink' ---&gt; System.Runtime.InteropServices.COMException: Error HRESULT E_FAIL has been returned from a call to a COM component.
   at Microsoft.VisualStudio.TestTools.UITest.Playback.Engine.IScreenElement.FindAllDescendants(String bstrQueryId, Object&amp; pvarResKeys, Int32 cResKeys, Int32 nMaxDepth)
   at Microsoft.VisualStudio.TestTools.UITest.Playback.ScreenElement.FindAllScreenElement(String queryId, Int32 depth, Boolean singleQueryId, Boolean throwException, Boolean resetSkipStep)
   at Microsoft.VisualStudio.TestTools.UITest.Playback.ScreenElement.FindScreenElement(String queryId, Int32 depth, Boolean resetSkipStep)
   at Microsoft.VisualStudio.TestTools.UITesting.UITestControl.FindFirstDescendant(String queryId, Int32 maxDepth, Int32&amp; timeLeft)
   --- End of inner exception stack trace ---
   at Microsoft.VisualStudio.TestTools.UITesting.Playback.MapControlNotFoundException(COMException ex, IPlaybackContext context)
   at Microsoft.VisualStudio.TestTools.UITesting.Playback.MapAndThrowComException(COMException innerException, IPlaybackContext context)
   at Microsoft.VisualStudio.TestTools.UITesting.Playback.MapAndThrowException(SystemException exception, IPlaybackContext context)
   at Microsoft.VisualStudio.TestTools.UITesting.Playback.MapAndThrowException(SystemException exception, String queryId)
   at Microsoft.VisualStudio.TestTools.UITesting.UITestControl.FindFirstDescendant(String queryId, Int32 maxDepth, Int32&amp; timeLeft)
   at Microsoft.VisualStudio.TestTools.UITesting.SearchHelper.GetUITestControlRecursive(Boolean useCache, Boolean alwaysSearch, ISearchArgument searchArg, IList`1 windowTitles, Int32&amp; timeLeft)
   at Microsoft.VisualStudio.TestTools.UITesting.SearchHelper.GetElement(Boolean useCache, ISearchArgument searchArg)
   at Microsoft.VisualStudio.TestTools.UITesting.SearchHelper.Search(ISearchArgument searchArg)
   at Microsoft.VisualStudio.TestTools.UITesting.UITestControl.FindInternal()
   at Microsoft.VisualStudio.TestTools.UITesting.UITestControl.&lt;Find&gt;b__3a()
   at Microsoft.VisualStudio.TestTools.UITesting.CodedUITestMethodInvoker.InvokeMethod[T](Func`1 function, UITestControl control, Boolean firePlaybackErrorEvent, Boolean logAsAction)
   at Microsoft.VisualStudio.TestTools.UITesting.UITestControl.Find()
   at Microsoft.VisualStudio.TestTools.UITesting.UITestControl.GetPropertyPrivate(String propertyName)
   at Microsoft.VisualStudio.TestTools.UITesting.UITestControl.GetPropertyOfType[T](String propertyName)
   at Microsoft.VisualStudio.TestTools.UITesting.UITestControl.get_Name()
   at TestAuto.LoggingAndSharedGenericMethods.MouseClick(UITestControl uiMenuItemTestControl) in c:\Builds\1\WebSphere\QATestAutomation\src\CodedUITest\SourceCode\Common\Logging\SharedMethods_Generic.cs:line 790, 
    StackTrace:
    MouseClick(),SharedMethods_Generic.cs,Line Number:822
    CartOrderLevelPromotion(),CartDisplay.cs,Line Number:2077[5/15/2018 1:50:38 AM]&lt;CaptureImage&gt;\\CMP01-YKumar\AutoLog\CMP01-INDIASQA\CartOrderLevelPromotion_20180515015038.png[5/15/2018 1:50:38 AM]&lt;INFO&gt;CartIconClickexecuting ...Assert.Fail failed. [5/15/2018 1:50:40 AM]&lt;ERROR&gt;CartIconClick : failed executing ...The playback failed to find the control with the given search properties. Additional Details: 
TechnologyName:  'Web'
ControlType:  'Pane'
TagName:  'SPAN'
Id:  'minishopcart_total'
 Failed to find any control that matched the search condition Id='minishopcart_total' &amp;&amp; ControlType='Pane', 
    StackTrace:
    CartIconClick(),SharedCartPopUp.cs,Line Number:62
    CartOrderLevelPromotion(),CartDisplay.cs,Line Number:2080[5/15/2018 1:50:40 AM]&lt;CaptureImage&gt;\\CMP01-YKumar\AutoLog\CMP01-INDIASQA\CartOrderLevelPromotion_20180515015040.pngAssert.Fail failed. [5/15/2018 1:50:46 AM]&lt;ERROR&gt;MouseClick Exception:Microsoft.VisualStudio.TestTools.UITest.Extension.UITestControlNotFoundException: The playback failed to find the control with the given search properties. Additional Details: 
TechnologyName:  'Web'
ControlType:  'Hyperlink'
TagName:  'A'
Id:  'GotoCartButton1'
Class:  'button'
InnerText:  'Go to Cart'
 Failed to find any control that matched the search condition Id='GotoCartButton1' &amp;&amp; ControlType='Hyperlink' &amp;&amp; Class='button' &amp;&amp; InnerText='Go to Cart' ---&gt; System.Runtime.InteropServices.COMException: Error HRESULT E_FAIL has been returned from a call to a COM component.
   at Microsoft.VisualStudio.TestTools.UITest.Playback.Engine.IScreenElement.FindAllDescendants(String bstrQueryId, Object&amp; pvarResKeys, Int32 cResKeys, Int32 nMaxDepth)
   at Microsoft.VisualStudio.TestTools.UITest.Playback.ScreenElement.FindAllScreenElement(String queryId, Int32 depth, Boolean singleQueryId, Boolean throwException, Boolean resetSkipStep)
   at Microsoft.VisualStudio.TestTools.UITest.Playback.ScreenElement.FindScreenElement(String queryId, Int32 depth, Boolean resetSkipStep)
   at Microsoft.VisualStudio.TestTools.UITesting.UITestControl.FindFirstDescendant(String queryId, Int32 maxDepth, Int32&amp; timeLeft)
   --- End of inner exception stack trace ---
   at Microsoft.VisualStudio.TestTools.UITesting.Playback.MapControlNotFoundException(COMException ex, IPlaybackContext context)
   at Microsoft.VisualStudio.TestTools.UITesting.Playback.MapAndThrowComException(COMException innerException, IPlaybackContext context)
   at Microsoft.VisualStudio.TestTools.UITesting.Playback.MapAndThrowException(SystemException exception, IPlaybackContext context)
   at Microsoft.VisualStudio.TestTools.UITesting.Playback.MapAndThrowException(SystemException exception, String queryId)
   at Microsoft.VisualStudio.TestTools.UITesting.UITestControl.FindFirstDescendant(String queryId, Int32 maxDepth, Int32&amp; timeLeft)
   at Microsoft.VisualStudio.TestTools.UITesting.SearchHelper.GetUITestControlRecursive(Boolean useCache, Boolean alwaysSearch, ISearchArgument searchArg, IList`1 windowTitles, Int32&amp; timeLeft)
   at Microsoft.VisualStudio.TestTools.UITesting.SearchHelper.GetElement(Boolean useCache, ISearchArgument searchArg)
   at Microsoft.VisualStudio.TestTools.UITesting.SearchHelper.Search(ISearchArgument searchArg)
   at Microsoft.VisualStudio.TestTools.UITesting.UITestControl.FindInternal()
   at Microsoft.VisualStudio.TestTools.UITesting.UITestControl.&lt;Find&gt;b__3a()
   at Microsoft.VisualStudio.TestTools.UITesting.CodedUITestMethodInvoker.InvokeMethod[T](Func`1 function, UITestControl control, Boolean firePlaybackErrorEvent, Boolean logAsAction)
   at Microsoft.VisualStudio.TestTools.UITesting.UITestControl.Find()
   at Microsoft.VisualStudio.TestTools.UITesting.UITestControl.GetPropertyPrivate(String propertyName)
   at Microsoft.VisualStudio.TestTools.UITesting.UITestControl.GetPropertyOfType[T](String propertyName)
   at Microsoft.VisualStudio.TestTools.UITesting.UITestControl.get_Name()
   at TestAuto.LoggingAndSharedGenericMethods.MouseClick(UITestControl uiMenuItemTestControl) in c:\Builds\1\WebSphere\QATestAutomation\src\CodedUITest\SourceCode\Common\Logging\SharedMethods_Generic.cs:line 790, 
    StackTrace:
    MouseClick(),SharedMethods_Generic.cs,Line Number:822
    CartOrderLevelPromotion(),CartDisplay.cs,Line Number:2086[5/15/2018 1:50:46 AM]&lt;CaptureImage&gt;\\CMP01-YKumar\AutoLog\CMP01-INDIASQA\CartOrderLevelPromotion_20180515015046.png[5/15/2018 1:50:46 AM]&lt;Info&gt;AllBrowserWindow : Locating browser window...Assert.Fail failed. [5/15/2018 1:51:11 AM]&lt;Error&gt;AllBrowserWindow : failed executing ...Unable to find Windows Internet Explorer window with 'Shopping Cart - Internet Explorer' in the title., 
    StackTrace:
    AllBrowserWindow(),SharedBorderFree.cs,Line Number:1037
    CartOrderLevelPromotion(),CartDisplay.cs,Line Number:2088[5/15/2018 1:51:11 AM]&lt;CaptureImage&gt;\\CMP01-YKumar\AutoLog\CMP01-INDIASQA\CartOrderLevelPromotion_20180515015111.png[5/15/2018 1:51:11 AM]&lt;INFO&gt;SelectStateForShipping : is executing ...Assert.Fail failed. [5/15/2018 1:51:13 AM]&lt;ERROR&gt;SelectStateForShipping : failed executing ...The playback failed to find the control with the given search properties. Additional Details: 
TechnologyName:  'Web'
ControlType:  'ComboBox'
TagName:  'SELECT'
Id:  'cart_shopCart_shipEstSelect'
 Failed to find any control that matched the search condition Id='cart_shopCart_shipEstSelect' &amp;&amp; ControlType='ComboBox', 
    StackTrace:
    SelectStateForShipping(),SharedShoppingCart.cs,Line Number:113
    CartOrderLevelPromotion(),CartDisplay.cs,Line Number:2095[5/15/2018 1:51:13 AM]&lt;CaptureImage&gt;\\CMP01-YKumar\AutoLog\CMP01-INDIASQA\CartOrderLevelPromotion_20180515015113.png[5/15/2018 1:51:14 AM]&lt;INFO&gt;GetAllShippingOptions : is executing ...[5/15/2018 1:51:14 AM]&lt;Info&gt;AllBrowserWindow : Locating browser window...Assert.Fail failed. [5/15/2018 1:51:38 AM]&lt;Error&gt;AllBrowserWindow : failed executing ...Unable to find Windows Internet Explorer window with 'Shopping Cart - Internet Explorer' in the title., 
    StackTrace:
    AllBrowserWindow(),SharedBorderFree.cs,Line Number:1037
    GetAllShippingOptions(),SharedShoppingCart.cs,Line Number:372
    CartOrderLevelPromotion(),CartDisplay.cs,Line Number:2105[5/15/2018 1:51:38 AM]&lt;CaptureImage&gt;\\CMP01-YKumar\AutoLog\CMP01-INDIASQA\CartOrderLevelPromotion_20180515015138.pngAssert.Fail failed. [5/15/2018 1:51:43 AM]&lt;ERROR&gt;CartOrderLevelPromotion : failed executing ...Index was out of range. Must be non-negative and less than the size of the collection.
Parameter name: index, 
    StackTrace:
    CartOrderLevelPromotion(),CartDisplay.cs,Line Number:2140[5/15/2018 1:51:43 AM]&lt;CaptureImage&gt;\\CMP01-YKumar\AutoLog\CMP01-INDIASQA\CartOrderLevelPromotion_20180515015143.png[5/15/2018 1:51:43 AM]&lt;RESULT&gt;Test Ended:#PASS=0, #FAIL=0,#Other errors=11[5/15/2018 1:51:44 AM]&lt;INFO&gt;LogCPUAndMemoryUsage: Available Memory = 24306(MB), CPU Usage = 0.4539061%[5/15/2018 1:51:44 AM]&lt;INFO&gt;Private Working Set for QTAgent32_40, usage=243748 (K)[5/15/2018 1:51:44 AM]&lt;RESULT&gt;&lt;CartOrderLevelPromotion&gt; Test FAILED: #Other errors=11. See Error Message/logs for further details.</StdOut>
        <ErrorInfo>
          <Message>Assert.Fail failed. 
#Other errors=11
[Error details below]
&lt;ERROR&gt;[5/15/2018 1:48:09 AM]&lt;ERROR&gt;BackOrderClick : failed executing ...The playback failed to find the control with the given search properties. Additional Details: 
TechnologyName:  'Web'
ControlType:  'Hyperlink'
TagName:  'A'
Id:  'add2CartBtn'
 Failed to find any control that matched the search condition Id='add2CartBtn' &amp;&amp; ControlType='Hyperlink'
&lt;ERROR&gt;[5/15/2018 1:48:15 AM]&lt;ERROR&gt;MouseClick Exception:Microsoft.VisualStudio.TestTools.UITest.Extension.UITestControlNotFoundException: The playback failed to find the control with the given search properties. Additional Details: 
TechnologyName:  'Web'
ControlType:  'Hyperlink'
TagName:  'A'
Id:  'MiniShopCartCloseButton_2'
 Failed to find any control that matched the search condition Id='MiniShopCartCloseButton_2' &amp;&amp; ControlType='Hyperlink' ---&gt; System.Runtime.InteropServices.COMException: Error HRESULT E_FAIL has been returned from a call to a COM component.
   at Microsoft.VisualStudio.TestTools.UITest.Playback.Engine.IScreenElement.FindAllDescendants(String bstrQueryId, Object&amp; pvarResKeys, Int32 cResKeys, Int32 nMaxDepth)
   at Microsoft.VisualStudio.TestTools.UITest.Playback.ScreenElement.FindAllScreenElement(String queryId, Int32 depth, Boolean singleQueryId, Boolean throwException, Boolean resetSkipStep)
   at Microsoft.VisualStudio.TestTools.UITest.Playback.ScreenElement.FindScreenElement(String queryId, Int32 depth, Boolean resetSkipStep)
   at Microsoft.VisualStudio.TestTools.UITesting.UITestControl.FindFirstDescendant(String queryId, Int32 maxDepth, Int32&amp; timeLeft)
   --- End of inner exception stack trace ---
   at Microsoft.VisualStudio.TestTools.UITesting.Playback.MapControlNotFoundException(COMException ex, IPlaybackContext context)
   at Microsoft.VisualStudio.TestTools.UITesting.Playback.MapAndThrowComException(COMException innerException, IPlaybackContext context)
   at Microsoft.VisualStudio.TestTools.UITesting.Playback.MapAndThrowException(SystemException exception, IPlaybackContext context)
   at Microsoft.VisualStudio.TestTools.UITesting.Playback.MapAndThrowException(SystemException exception, String queryId)
   at Microsoft.VisualStudio.TestTools.UITesting.UITestControl.FindFirstDescendant(String queryId, Int32 maxDepth, Int32&amp; timeLeft)
   at Microsoft.VisualStudio.TestTools.UITesting.SearchHelper.GetUITestControlRecursive(Boolean useCache, Boolean alwaysSearch, ISearchArgument searchArg, IList`1 windowTitles, Int32&amp; timeLeft)
   at Microsoft.VisualStudio.TestTools.UITesting.SearchHelper.GetElement(Boolean useCache, ISearchArgument searchArg)
   at Microsoft.VisualStudio.TestTools.UITesting.SearchHelper.Search(ISearchArgument searchArg)
   at Microsoft.VisualStudio.TestTools.UITesting.UITestControl.FindInternal()
   at Microsoft.VisualStudio.TestTools.UITesting.UITestControl.&lt;Find&gt;b__3a()
   at Microsoft.VisualStudio.TestTools.UITesting.CodedUITestMethodInvoker.InvokeMethod[T](Func`1 function, UITestControl control, Boolean firePlaybackErrorEvent, Boolean logAsAction)
   at Microsoft.VisualStudio.TestTools.UITesting.UITestControl.Find()
   at Microsoft.VisualStudio.TestTools.UITesting.UITestControl.GetPropertyPrivate(String propertyName)
   at Microsoft.VisualStudio.TestTools.UITesting.UITestControl.GetPropertyOfType[T](String propertyName)
   at Microsoft.VisualStudio.TestTools.UITesting.UITestControl.get_Name()
   at TestAuto.LoggingAndSharedGenericMethods.MouseClick(UITestControl uiMenuItemTestControl) in c:\Builds\1\WebSphere\QATestAutomation\src\CodedUITest\SourceCode\Common\Logging\SharedMethods_Generic.cs:line 790
&lt;ERROR&gt;[5/15/2018 1:48:22 AM]&lt;ERROR&gt;SearchProduct := RC4ZR0006 : failed executing ...The playback failed to find the control with the given search properties. Additional Details: 
TechnologyName:  'Web'
ControlType:  'Edit'
TagName:  'INPUT'
Id:  'SimpleSearchForm_SearchTerm'
 Failed to find any control that matched the search condition ControlType='Edit' &amp;&amp; Id=&gt;'SimpleSearchForm_SearchTerm'
&lt;ERROR&gt;[5/15/2018 1:50:32 AM]&lt;ERROR&gt;BackOrderClick : failed executing ...The playback failed to find the control with the given search properties. Additional Details: 
TechnologyName:  'Web'
ControlType:  'Hyperlink'
TagName:  'A'
Id:  'add2CartBtn'
 Failed to find any control that matched the search condition Id='add2CartBtn' &amp;&amp; ControlType='Hyperlink'
&lt;ERROR&gt;[5/15/2018 1:50:38 AM]&lt;ERROR&gt;MouseClick Exception:Microsoft.VisualStudio.TestTools.UITest.Extension.UITestControlNotFoundException: The playback failed to find the control with the given search properties. Additional Details: 
TechnologyName:  'Web'
ControlType:  'Hyperlink'
TagName:  'A'
Id:  'MiniShopCartCloseButton_2'
 Failed to find any control that matched the search condition Id='MiniShopCartCloseButton_2' &amp;&amp; ControlType='Hyperlink' ---&gt; System.Runtime.InteropServices.COMException: Error HRESULT E_FAIL has been returned from a call to a COM component.
   at Microsoft.VisualStudio.TestTools.UITest.Playback.Engine.IScreenElement.FindAllDescendants(String bstrQueryId, Object&amp; pvarResKeys, Int32 cResKeys, Int32 nMaxDepth)
   at Microsoft.VisualStudio.TestTools.UITest.Playback.ScreenElement.FindAllScreenElement(String queryId, Int32 depth, Boolean singleQueryId, Boolean throwException, Boolean resetSkipStep)
   at Microsoft.VisualStudio.TestTools.UITest.Playback.ScreenElement.FindScreenElement(String queryId, Int32 depth, Boolean resetSkipStep)
   at Microsoft.VisualStudio.TestTools.UITesting.UITestControl.FindFirstDescendant(String queryId, Int32 maxDepth, Int32&amp; timeLeft)
   --- End of inner exception stack trace ---
   at Microsoft.VisualStudio.TestTools.UITesting.Playback.MapControlNotFoundException(COMException ex, IPlaybackContext context)
   at Microsoft.VisualStudio.TestTools.UITesting.Playback.MapAndThrowComException(COMException innerException, IPlaybackContext context)
   at Microsoft.VisualStudio.TestTools.UITesting.Playback.MapAndThrowException(SystemException exception, IPlaybackContext context)
   at Microsoft.VisualStudio.TestTools.UITesting.Playback.MapAndThrowException(SystemException exception, String queryId)
   at Microsoft.VisualStudio.TestTools.UITesting.UITestControl.FindFirstDescendant(String queryId, Int32 maxDepth, Int32&amp; timeLeft)
   at Microsoft.VisualStudio.TestTools.UITesting.SearchHelper.GetUITestControlRecursive(Boolean useCache, Boolean alwaysSearch, ISearchArgument searchArg, IList`1 windowTitles, Int32&amp; timeLeft)
   at Microsoft.VisualStudio.TestTools.UITesting.SearchHelper.GetElement(Boolean useCache, ISearchArgument searchArg)
   at Microsoft.VisualStudio.TestTools.UITesting.SearchHelper.Search(ISearchArgument searchArg)
   at Microsoft.VisualStudio.TestTools.UITesting.UITestControl.FindInternal()
   at Microsoft.VisualStudio.TestTools.UITesting.UITestControl.&lt;Find&gt;b__3a()
   at Microsoft.VisualStudio.TestTools.UITesting.CodedUITestMethodInvoker.InvokeMethod[T](Func`1 function, UITestControl control, Boolean firePlaybackErrorEvent, Boolean logAsAction)
   at Microsoft.VisualStudio.TestTools.UITesting.UITestControl.Find()
   at Microsoft.VisualStudio.TestTools.UITesting.UITestControl.GetPropertyPrivate(String propertyName)
   at Microsoft.VisualStudio.TestTools.UITesting.UITestControl.GetPropertyOfType[T](String propertyName)
   at Microsoft.VisualStudio.TestTools.UITesting.UITestControl.get_Name()
   at TestAuto.LoggingAndSharedGenericMethods.MouseClick(UITestControl uiMenuItemTestControl) in c:\Builds\1\WebSphere\QATestAutomation\src\CodedUITest\SourceCode\Common\Logging\SharedMethods_Generic.cs:line 790
&lt;ERROR&gt;[5/15/2018 1:50:40 AM]&lt;ERROR&gt;CartIconClick : failed executing ...The playback failed to find the control with the given search properties. Additional Details: 
TechnologyName:  'Web'
ControlType:  'Pane'
TagName:  'SPAN'
Id:  'minishopcart_total'
 Failed to find any control that matched the search condition Id='minishopcart_total' &amp;&amp; ControlType='Pane'
&lt;ERROR&gt;[5/15/2018 1:50:46 AM]&lt;ERROR&gt;MouseClick Exception:Microsoft.VisualStudio.TestTools.UITest.Extension.UITestControlNotFoundException: The playback failed to find the control with the given search properties. Additional Details: 
TechnologyName:  'Web'
ControlType:  'Hyperlink'
TagName:  'A'
Id:  'GotoCartButton1'
Class:  'button'
InnerText:  'Go to Cart'
 Failed to find any control that matched the search condition Id='GotoCartButton1' &amp;&amp; ControlType='Hyperlink' &amp;&amp; Class='button' &amp;&amp; InnerText='Go to Cart' ---&gt; System.Runtime.InteropServices.COMException: Error HRESULT E_FAIL has been returned from a call to a COM component.
   at Microsoft.VisualStudio.TestTools.UITest.Playback.Engine.IScreenElement.FindAllDescendants(String bstrQueryId, Object&amp; pvarResKeys, Int32 cResKeys, Int32 nMaxDepth)
   at Microsoft.VisualStudio.TestTools.UITest.Playback.ScreenElement.FindAllScreenElement(String queryId, Int32 depth, Boolean singleQueryId, Boolean throwException, Boolean resetSkipStep)
   at Microsoft.VisualStudio.TestTools.UITest.Playback.ScreenElement.FindScreenElement(String queryId, Int32 depth, Boolean resetSkipStep)
   at Microsoft.VisualStudio.TestTools.UITesting.UITestControl.FindFirstDescendant(String queryId, Int32 maxDepth, Int32&amp; timeLeft)
   --- End of inner exception stack trace ---
   at Microsoft.VisualStudio.TestTools.UITesting.Playback.MapControlNotFoundException(COMException ex, IPlaybackContext context)
   at Microsoft.VisualStudio.TestTools.UITesting.Playback.MapAndThrowComException(COMException innerException, IPlaybackContext context)
   at Microsoft.VisualStudio.TestTools.UITesting.Playback.MapAndThrowException(SystemException exception, IPlaybackContext context)
   at Microsoft.VisualStudio.TestTools.UITesting.Playback.MapAndThrowException(SystemException exception, String queryId)
   at Microsoft.VisualStudio.TestTools.UITesting.UITestControl.FindFirstDescendant(String queryId, Int32 maxDepth, Int32&amp; timeLeft)
   at Microsoft.VisualStudio.TestTools.UITesting.SearchHelper.GetUITestControlRecursive(Boolean useCache, Boolean alwaysSearch, ISearchArgument searchArg, IList`1 windowTitles, Int32&amp; timeLeft)
   at Microsoft.VisualStudio.TestTools.UITesting.SearchHelper.GetElement(Boolean useCache, ISearchArgument searchArg)
   at Microsoft.VisualStudio.TestTools.UITesting.SearchHelper.Search(ISearchArgument searchArg)
   at Microsoft.VisualStudio.TestTools.UITesting.UITestControl.FindInternal()
   at Microsoft.VisualStudio.TestTools.UITesting.UITestControl.&lt;Find&gt;b__3a()
   at Microsoft.VisualStudio.TestTools.UITesting.CodedUITestMethodInvoker.InvokeMethod[T](Func`1 function, UITestControl control, Boolean firePlaybackErrorEvent, Boolean logAsAction)
   at Microsoft.VisualStudio.TestTools.UITesting.UITestControl.Find()
   at Microsoft.VisualStudio.TestTools.UITesting.UITestControl.GetPropertyPrivate(String propertyName)
   at Microsoft.VisualStudio.TestTools.UITesting.UITestControl.GetPropertyOfType[T](String propertyName)
   at Microsoft.VisualStudio.TestTools.UITesting.UITestControl.get_Name()
   at TestAuto.LoggingAndSharedGenericMethods.MouseClick(UITestControl uiMenuItemTestControl) in c:\Builds\1\WebSphere\QATestAutomation\src\CodedUITest\SourceCode\Common\Logging\SharedMethods_Generic.cs:line 790
&lt;ERROR&gt;[5/15/2018 1:51:11 AM]&lt;Error&gt;AllBrowserWindow : failed executing ...Unable to find Windows Internet Explorer window with 'Shopping Cart - Internet Explorer' in the title.
&lt;ERROR&gt;[5/15/2018 1:51:13 AM]&lt;ERROR&gt;SelectStateForShipping : failed executing ...The playback failed to find the control with the given search properties. Additional Details: 
TechnologyName:  'Web'
ControlType:  'ComboBox'
TagName:  'SELECT'
Id:  'cart_shopCart_shipEstSelect'
 Failed to find any control that matched the search condition Id='cart_shopCart_shipEstSelect' &amp;&amp; ControlType='ComboBox'
&lt;ERROR&gt;[5/15/2018 1:51:38 AM]&lt;Error&gt;AllBrowserWindow : failed executing ...Unable to find Windows Internet Explorer window with 'Shopping Cart - Internet Explorer' in the title.
&lt;ERROR&gt;[5/15/2018 1:51:43 AM]&lt;ERROR&gt;CartOrderLevelPromotion : failed executing ...Index was out of range. Must be non-negative and less than the size of the collection.
Parameter name: index</Message>
          <StackTrace>   at TestAuto.LoggingAndSharedGenericMethods.EndTest() in c:\Builds\1\WebSphere\QATestAutomation\src\CodedUITest\SourceCode\Common\Logging\Logging.cs:line 1628
   at TestAuto.CartDisplayTest.TestCleanup() in c:\Builds\1\WebSphere\QATestAutomation\src\CodedUITest\SourceCode\HHobby\CartDisplay\CartDisplay.cs:line 5472
</StackTrace>
        </ErrorInfo>
      </Output>
      <ResultFiles />
    </UnitTestResult>
    <UnitTestResult executionId="e881e341-2ed3-45b0-a3c3-1cafc0255020" testId="03ffa5b8-a450-204b-3cd7-0c8fbf4758a9" testName="ServiceCenterPage" computerName="CMP01-INDIASQA" duration="00:00:50.5961490" startTime="2018-05-15T01:51:47.0083948-05:00" endTime="2018-05-15T01:52:37.6203948-05:00" testType="13cdc9d9-ddb5-4fa4-a97d-d965ccfc6d4b" outcome="Passed" testListId="8c84fa94-04c1-424b-9868-57a2d4851a1d">
      <Output>
        <StdOut>Logging to custom path:\\CMP01-YKumar\AutoLog[5/15/2018 1:51:47 AM]&lt;STARTLOG&gt;&lt;ServiceCenterPage&gt;Test Started: Expecting: #PASS=Undefined and #FAIL=0
Running from MTM=True, running on machine name:CMP01-INDIASQA, user name=ykumar, OS=Microsoft Windows NT 6.1.7601 Service Pack 1, Is64BitOS=True[5/15/2018 1:51:48 AM]&lt;INFO&gt;LogCPUAndMemoryUsage: Available Memory = 24377(MB), CPU Usage = 16.53947%[5/15/2018 1:51:48 AM]&lt;INFO&gt;Private Working Set for QTAgent32_40, usage=243916 (K)[5/15/2018 1:51:48 AM]&lt;INFO&gt;Path To TestConfig xml=E:\LoadTestResult\VSEQT\QTAgent\26973\CMP01-INDIASQA.horizonhobby.com\Deployment\SharedCommonConfig.xml[5/15/2018 1:51:48 AM]&lt;INFO&gt;Path To TestData xml=E:\LoadTestResult\VSEQT\QTAgent\26973\CMP01-INDIASQA.horizonhobby.com\Deployment\GlobalSettingsTestData_015147.xml[5/15/2018 1:51:48 AM]&lt;INFO&gt;Path To HorizonHobbyQA Application Url=https://www-tst.horizonhobby.com[5/15/2018 1:51:48 AM]&lt;INFO&gt;HorizonHobbyQA sql connection string=Server=cmp02-ws-tst-db01:50000;Database=TST01DB;UID=wcdbuser;PWD=h0r1z0n;Connect Timeout=30[5/15/2018 1:51:48 AM]&lt;INFO&gt;Country is := US and language id is := '-1'[5/15/2018 1:51:48 AM]&lt;INFO&gt;Current browser used for test execution is = 'IE'[5/15/2018 1:51:54 AM]&lt;Info&gt;AllBrowserWindow : Locating browser window...[5/15/2018 1:51:57 AM]&lt;PASS&gt;&lt;ServiceCenterPage&gt;&lt; Validates Submit a Request Page Opens up from Help&gt;[5/15/2018 1:52:05 AM]&lt;PASS&gt;&lt;ServiceCenterPage&gt;&lt; Validates Submit a Request Page Opens up from Footer&gt;[5/15/2018 1:52:07 AM]&lt;INFO&gt;GetMenuItems : method executing ... - Submit a Service Request[5/15/2018 1:52:11 AM]&lt;Info&gt;AllBrowserWindow : Locating browser window...[5/15/2018 1:52:34 AM]&lt;PASS&gt;&lt;ServiceCenterPage&gt;&lt; Validates Submit a Request Page Opens up from Home &gt; Support menu&gt;[5/15/2018 1:52:34 AM]&lt;RESULT&gt;Test Ended:#PASS=3, #FAIL=0[5/15/2018 1:52:35 AM]&lt;INFO&gt;LogCPUAndMemoryUsage: Available Memory = 24185(MB), CPU Usage = 10.58384%[5/15/2018 1:52:35 AM]&lt;INFO&gt;Private Working Set for QTAgent32_40, usage=235088 (K)[5/15/2018 1:52:35 AM]&lt;RESULT&gt;&lt;ServiceCenterPage&gt; Test PASSED</StdOut>
      </Output>
      <ResultFiles />
    </UnitTestResult>
    <UnitTestResult executionId="b55e1e62-18db-4330-b6a6-a7ef4bd13869" testId="040ecc46-5b09-95d2-8145-cc12815fb627" testName="CartAddItemToWishlist" computerName="CMP01-INDIASQA" duration="00:03:33.2141218" startTime="2018-05-15T01:52:37.6213948-05:00" endTime="2018-05-15T01:56:10.8703948-05:00" testType="13cdc9d9-ddb5-4fa4-a97d-d965ccfc6d4b" outcome="Passed" testListId="8c84fa94-04c1-424b-9868-57a2d4851a1d">
      <Output>
        <StdOut>Logging to custom path:\\CMP01-YKumar\AutoLog[5/15/2018 1:52:37 AM]&lt;STARTLOG&gt;&lt;CartAddItemToWishlist&gt;Test Started: Expecting: #PASS=Undefined and #FAIL=0
Running from MTM=True, running on machine name:CMP01-INDIASQA, user name=ykumar, OS=Microsoft Windows NT 6.1.7601 Service Pack 1, Is64BitOS=True[5/15/2018 1:52:38 AM]&lt;INFO&gt;LogCPUAndMemoryUsage: Available Memory = 24367(MB), CPU Usage = 9.32441%[5/15/2018 1:52:38 AM]&lt;INFO&gt;Private Working Set for QTAgent32_40, usage=241428 (K)[5/15/2018 1:52:38 AM]&lt;INFO&gt;Path To TestConfig xml=E:\LoadTestResult\VSEQT\QTAgent\26973\CMP01-INDIASQA.horizonhobby.com\Deployment\SharedCommonConfig.xml[5/15/2018 1:52:38 AM]&lt;INFO&gt;Path To TestData xml=E:\LoadTestResult\VSEQT\QTAgent\26973\CMP01-INDIASQA.horizonhobby.com\Deployment\CartDisplayTestData_015237.xml[5/15/2018 1:52:38 AM]&lt;INFO&gt;Path To HorizonHobbyQA Application Url=https://www-tst.horizonhobby.com[5/15/2018 1:52:38 AM]&lt;INFO&gt;HorizonHobbyQA sql connection string=Server=cmp02-ws-tst-db01:50000;Database=TST01DB;UID=wcdbuser;PWD=h0r1z0n;Connect Timeout=30[5/15/2018 1:52:38 AM]&lt;INFO&gt;Country is := US and language id is := '-1'[5/15/2018 1:52:38 AM]&lt;INFO&gt;Current browser used for test execution is = 'IE'[5/15/2018 1:52:42 AM]&lt;Info&gt;AllBrowserWindow : Locating browser window...[5/15/2018 1:52:44 AM]&lt;INFO&gt;SurveyWindow : method executing ...[5/15/2018 1:52:54 AM]&lt;INFO&gt;ContinueOnCertificationErrorClickexecuting ...[5/15/2018 1:52:54 AM]&lt;Info&gt;DEAllBrowserWindow : Locating browser window...[5/15/2018 1:53:00 AM]&lt;INFO&gt;ClickAcceptCookiesAgreement : failed executing ...[5/15/2018 1:53:08 AM]&lt;INFO&gt;UserRegistration : method executing ...[5/15/2018 1:53:08 AM]&lt;Info&gt;AllBrowserWindow : Locating browser window...[5/15/2018 1:53:35 AM]&lt;Info&gt;AllBrowserWindow : Locating browser window...[5/15/2018 1:53:54 AM]&lt;Info&gt;AllBrowserWindow : Locating browser window...[5/15/2018 1:54:07 AM]&lt;Info&gt;AllBrowserWindow : Locating browser window...[5/15/2018 1:54:11 AM]&lt;INFO&gt;SearchProductexecuting ... Searching term:= 'DUB2125'[5/15/2018 1:54:18 AM]&lt;Info&gt;AllBrowserWindow : Locating browser window...[5/15/2018 1:54:18 AM]&lt;INFO&gt;BackOrderClickexecuting ...[5/15/2018 1:54:19 AM]&lt;INFO&gt;GoToCartClickexecuting ...[5/15/2018 1:54:25 AM]&lt;Info&gt;AllBrowserWindow : Locating browser window...[5/15/2018 1:54:34 AM]&lt;INFO&gt;SurveyWindow : method executing ...[5/15/2018 1:54:49 AM]&lt;PASS&gt;&lt;CartAddItemToWishlist&gt;&lt;SignIn Register Popup exists&gt;[5/15/2018 1:54:50 AM]&lt;Info&gt;AllBrowserWindow : Locating browser window...[5/15/2018 1:54:53 AM]&lt;INFO&gt;SurveyWindow : method executing ...[5/15/2018 1:55:05 AM]&lt;Info&gt;AllBrowserWindow : Locating browser window...[5/15/2018 1:55:16 AM]&lt;PASS&gt;&lt;CartAddItemToWishlist&gt;&lt;Cart consists of single item&gt;[5/15/2018 1:55:38 AM]&lt;PASS&gt;&lt;CartAddItemToWishlist&gt;&lt;Cart is empty, item moved to wishlist&gt;[5/15/2018 1:55:38 AM]&lt;INFO&gt;DeleteWishlistFromDatabase : method executing[5/15/2018 1:55:38 AM]&lt;INFO&gt;DeleteWishlistFromDatabase : method executing[5/15/2018 1:55:38 AM]&lt;INFO&gt;DeletOrderItem : method executing[5/15/2018 1:56:07 AM]&lt;RESULT&gt;Test Ended:#PASS=3, #FAIL=0[5/15/2018 1:56:08 AM]&lt;INFO&gt;LogCPUAndMemoryUsage: Available Memory = 24175(MB), CPU Usage = 7.466943%[5/15/2018 1:56:08 AM]&lt;INFO&gt;Private Working Set for QTAgent32_40, usage=239912 (K)[5/15/2018 1:56:08 AM]&lt;RESULT&gt;&lt;CartAddItemToWishlist&gt; Test PASSED</StdOut>
      </Output>
      <ResultFiles>
        <ResultFile path="CMP01-INDIASQA.horizonhobby.com\CartAddItemToWishlist_20180515015237.log" />
        <ResultFile path="CMP01-INDIASQA.horizonhobby.com\CartAddItemToWishlist_ResultsONLY_20180515015237.log" />
        <ResultFile path="CMP01-INDIASQA.horizonhobby.com\CartDisplayTestData_015237.xml" />
        <ResultFile path="CMP01-INDIASQA.horizonhobby.com\SharedCommonConfig.xml" />
      </ResultFiles>
    </UnitTestResult>
    <UnitTestResult executionId="7265983c-4b31-4d96-afa5-785785849aa1" testId="c8408e0e-7151-f4f0-cf36-3a61b3743b40" testName="CartModalAddToCart" computerName="CMP01-INDIASQA" duration="00:01:33.4673063" startTime="2018-05-15T01:56:10.8733948-05:00" endTime="2018-05-15T01:57:44.3733948-05:00" testType="13cdc9d9-ddb5-4fa4-a97d-d965ccfc6d4b" outcome="Passed" testListId="8c84fa94-04c1-424b-9868-57a2d4851a1d">
      <Output>
        <StdOut>Logging to custom path:\\CMP01-YKumar\AutoLog[5/15/2018 1:56:10 AM]&lt;STARTLOG&gt;&lt;CartModalAddToCart&gt;Test Started: Expecting: #PASS=Undefined and #FAIL=0
Running from MTM=True, running on machine name:CMP01-INDIASQA, user name=ykumar, OS=Microsoft Windows NT 6.1.7601 Service Pack 1, Is64BitOS=True[5/15/2018 1:56:11 AM]&lt;INFO&gt;LogCPUAndMemoryUsage: Available Memory = 24204(MB), CPU Usage = 19.14582%[5/15/2018 1:56:11 AM]&lt;INFO&gt;Private Working Set for QTAgent32_40, usage=239992 (K)[5/15/2018 1:56:11 AM]&lt;INFO&gt;Path To TestConfig xml=E:\LoadTestResult\VSEQT\QTAgent\26973\CMP01-INDIASQA.horizonhobby.com\Deployment\SharedCommonConfig.xml[5/15/2018 1:56:11 AM]&lt;INFO&gt;Path To TestData xml=E:\LoadTestResult\VSEQT\QTAgent\26973\CMP01-INDIASQA.horizonhobby.com\Deployment\CartDisplayTestData_015610.xml[5/15/2018 1:56:11 AM]&lt;INFO&gt;Path To HorizonHobbyQA Application Url=https://www-tst.horizonhobby.com[5/15/2018 1:56:12 AM]&lt;INFO&gt;HorizonHobbyQA sql connection string=Server=cmp02-ws-tst-db01:50000;Database=TST01DB;UID=wcdbuser;PWD=h0r1z0n;Connect Timeout=30[5/15/2018 1:56:12 AM]&lt;INFO&gt;Country is := US and language id is := '-1'[5/15/2018 1:56:12 AM]&lt;INFO&gt;Current browser used for test execution is = 'IE'[5/15/2018 1:56:15 AM]&lt;Info&gt;AllBrowserWindow : Locating browser window...[5/15/2018 1:56:19 AM]&lt;INFO&gt;SearchProductexecuting ... Searching term:= 'PRO117911'[5/15/2018 1:56:25 AM]&lt;Info&gt;AllBrowserWindow : Locating browser window...[5/15/2018 1:56:26 AM]&lt;INFO&gt;BackOrderClickexecuting ...[5/15/2018 1:56:40 AM]&lt;PASS&gt;&lt;CartModalAddToCart&gt;&lt;Validate cart popup appears&gt;[5/15/2018 1:56:41 AM]&lt;PASS&gt;&lt;CartModalAddToCart&gt;&lt;Validate Go To Cart Button appears&gt;[5/15/2018 1:56:43 AM]&lt;PASS&gt;&lt;CartModalAddToCart&gt;&lt;Validate cart popup has only single item&gt;[5/15/2018 1:56:43 AM]&lt;PASS&gt;&lt;CartModalAddToCart&gt;&lt;Quantity is one&gt;[5/15/2018 1:56:43 AM]&lt;PASS&gt;&lt;CartModalAddToCart&gt;&lt;Price on Cart Modal is “selling price” as given on Product Page&gt;[5/15/2018 1:56:43 AM]&lt;PASS&gt;&lt;CartModalAddToCart&gt;&lt;Close is displayed on corner&gt;[5/15/2018 1:56:43 AM]&lt;INFO&gt;GoToCartClickexecuting ...[5/15/2018 1:56:53 AM]&lt;INFO&gt;SearchProductexecuting ... Searching term:= 'MID4059'[5/15/2018 1:57:00 AM]&lt;Info&gt;AllBrowserWindow : Locating browser window...[5/15/2018 1:57:00 AM]&lt;INFO&gt;BackOrderClickexecuting ...[5/15/2018 1:57:14 AM]&lt;PASS&gt;&lt;CartModalAddToCart&gt;&lt;Validate cart popup appears&gt;[5/15/2018 1:57:14 AM]&lt;PASS&gt;&lt;CartModalAddToCart&gt;&lt;Validate Go To Cart Button appears&gt;[5/15/2018 1:57:16 AM]&lt;PASS&gt;&lt;CartModalAddToCart&gt;&lt;Validate cart popup has only single item&gt;[5/15/2018 1:57:17 AM]&lt;PASS&gt;&lt;CartModalAddToCart&gt;&lt;Quantity is one&gt;[5/15/2018 1:57:17 AM]&lt;PASS&gt;&lt;CartModalAddToCart&gt;&lt;Price on Cart Modal is “selling price” as given on Product Page&gt;[5/15/2018 1:57:18 AM]&lt;PASS&gt;&lt;CartModalAddToCart&gt;&lt;Close is displayed on corner&gt;[5/15/2018 1:57:18 AM]&lt;INFO&gt;GoToCartClickexecuting ...[5/15/2018 1:57:24 AM]&lt;Info&gt;AllBrowserWindow : Locating browser window...[5/15/2018 1:57:33 AM]&lt;PASS&gt;&lt;CartModalAddToCart&gt;&lt;Validate user redirected to Shopping Cart Page&gt;[5/15/2018 1:57:33 AM]&lt;INFO&gt;CartIconClickexecuting ...[5/15/2018 1:57:39 AM]&lt;PASS&gt;&lt;CartModalAddToCart&gt;&lt;Validate cart popup appears&gt;[5/15/2018 1:57:39 AM]&lt;PASS&gt;&lt;CartModalAddToCart&gt;&lt;Validate Go To Cart Button appears&gt;[5/15/2018 1:57:41 AM]&lt;PASS&gt;&lt;CartModalAddToCart&gt;&lt;Validate cart popup has multiple items&gt;[5/15/2018 1:57:41 AM]&lt;RESULT&gt;Test Ended:#PASS=16, #FAIL=0[5/15/2018 1:57:42 AM]&lt;INFO&gt;LogCPUAndMemoryUsage: Available Memory = 24184(MB), CPU Usage = 2.012358%[5/15/2018 1:57:42 AM]&lt;INFO&gt;Private Working Set for QTAgent32_40, usage=233660 (K)[5/15/2018 1:57:42 AM]&lt;RESULT&gt;&lt;CartModalAddToCart&gt; Test PASSED</StdOut>
      </Output>
      <ResultFiles>
        <ResultFile path="CMP01-INDIASQA.horizonhobby.com\CartDisplayTestData_015610.xml" />
        <ResultFile path="CMP01-INDIASQA.horizonhobby.com\CartModalAddToCart_20180515015610.log" />
        <ResultFile path="CMP01-INDIASQA.horizonhobby.com\CartModalAddToCart_ResultsONLY_20180515015610.log" />
        <ResultFile path="CMP01-INDIASQA.horizonhobby.com\SharedCommonConfig.xml" />
      </ResultFiles>
    </UnitTestResult>
    <UnitTestResult executionId="0508e065-cb93-4b18-b3cb-52196c934dc7" testId="4a2023df-cff0-a188-4800-e39042069fba" testName="AmountUpdatedOnShippingMethodSelection" computerName="CMP01-INDIASQA" duration="00:02:56.8248776" startTime="2018-05-15T01:57:44.3743948-05:00" endTime="2018-05-15T02:00:41.2353948-05:00" testType="13cdc9d9-ddb5-4fa4-a97d-d965ccfc6d4b" outcome="Passed" testListId="8c84fa94-04c1-424b-9868-57a2d4851a1d">
      <Output>
        <StdOut>Logging to custom path:\\CMP01-YKumar\AutoLog[5/15/2018 1:57:44 AM]&lt;STARTLOG&gt;&lt;AmountUpdatedOnShippingMethodSelection&gt;Test Started: Expecting: #PASS=Undefined and #FAIL=0
Running from MTM=True, running on machine name:CMP01-INDIASQA, user name=ykumar, OS=Microsoft Windows NT 6.1.7601 Service Pack 1, Is64BitOS=True[5/15/2018 1:57:45 AM]&lt;INFO&gt;LogCPUAndMemoryUsage: Available Memory = 24199(MB), CPU Usage = 15.0644%[5/15/2018 1:57:45 AM]&lt;INFO&gt;Private Working Set for QTAgent32_40, usage=239992 (K)[5/15/2018 1:57:45 AM]&lt;INFO&gt;Path To TestConfig xml=E:\LoadTestResult\VSEQT\QTAgent\26973\CMP01-INDIASQA.horizonhobby.com\Deployment\SharedCommonConfig.xml[5/15/2018 1:57:45 AM]&lt;INFO&gt;Path To TestData xml=E:\LoadTestResult\VSEQT\QTAgent\26973\CMP01-INDIASQA.horizonhobby.com\Deployment\CartDisplayTestData_015744.xml[5/15/2018 1:57:45 AM]&lt;INFO&gt;Path To HorizonHobbyQA Application Url=https://www-tst.horizonhobby.com[5/15/2018 1:57:45 AM]&lt;INFO&gt;HorizonHobbyQA sql connection string=Server=cmp02-ws-tst-db01:50000;Database=TST01DB;UID=wcdbuser;PWD=h0r1z0n;Connect Timeout=30[5/15/2018 1:57:45 AM]&lt;INFO&gt;Country is := US and language id is := '-1'[5/15/2018 1:57:45 AM]&lt;INFO&gt;Current browser used for test execution is = 'IE'[5/15/2018 1:57:48 AM]&lt;Info&gt;AllBrowserWindow : Locating browser window...[5/15/2018 1:57:50 AM]&lt;INFO&gt;SurveyWindow : method executing ...[5/15/2018 1:57:58 AM]&lt;INFO&gt;ContinueOnCertificationErrorClickexecuting ...[5/15/2018 1:57:58 AM]&lt;Info&gt;DEAllBrowserWindow : Locating browser window...[5/15/2018 1:58:05 AM]&lt;INFO&gt;UserRegistration : method executing ...[5/15/2018 1:58:05 AM]&lt;Info&gt;AllBrowserWindow : Locating browser window...[5/15/2018 1:58:30 AM]&lt;Info&gt;AllBrowserWindow : Locating browser window...[5/15/2018 1:58:50 AM]&lt;Info&gt;AllBrowserWindow : Locating browser window...[5/15/2018 1:59:03 AM]&lt;PASS&gt;&lt;AmountUpdatedOnShippingMethodSelection&gt;&lt;Verify User logged In successfully&gt;[5/15/2018 1:59:03 AM]&lt;Info&gt;AllBrowserWindow : Locating browser window...[5/15/2018 1:59:19 AM]&lt;INFO&gt;SearchProductexecuting ... Searching term:= 'TLR247000'[5/15/2018 1:59:26 AM]&lt;Info&gt;AllBrowserWindow : Locating browser window...[5/15/2018 1:59:26 AM]&lt;INFO&gt;BackOrderClickexecuting ...[5/15/2018 1:59:26 AM]&lt;INFO&gt;GoToCartClickexecuting ...[5/15/2018 1:59:33 AM]&lt;Info&gt;AllBrowserWindow : Locating browser window...[5/15/2018 1:59:42 AM]&lt;INFO&gt;GetOrderTotalAmount : is executing ...[5/15/2018 1:59:43 AM]&lt;INFO&gt;SelectStateForShipping : is executing ...[5/15/2018 1:59:43 AM]&lt;INFO&gt;SelectShippingMethod : is executing ...[5/15/2018 1:59:45 AM]&lt;INFO&gt;GetOrderTotalAmount : is executing ...[5/15/2018 1:59:46 AM]&lt;PASS&gt;&lt;AmountUpdatedOnShippingMethodSelection&gt;&lt;Order Total post shipping selection is valid&gt;[5/15/2018 1:59:46 AM]&lt;INFO&gt;SelectShippingMethod : is executing ...[5/15/2018 1:59:46 AM]&lt;INFO&gt;GetOrderTotalAmount : is executing ...[5/15/2018 1:59:47 AM]&lt;PASS&gt;&lt;AmountUpdatedOnShippingMethodSelection&gt;&lt;Order Total post shipping selection is valid&gt;[5/15/2018 1:59:47 AM]&lt;INFO&gt;SelectShippingMethod : is executing ...[5/15/2018 1:59:48 AM]&lt;INFO&gt;GetOrderTotalAmount : is executing ...[5/15/2018 1:59:49 AM]&lt;PASS&gt;&lt;AmountUpdatedOnShippingMethodSelection&gt;&lt;Order Total post shipping selection is valid&gt;[5/15/2018 1:59:49 AM]&lt;INFO&gt;SelectShippingMethod : is executing ...[5/15/2018 1:59:51 AM]&lt;INFO&gt;GetOrderTotalAmount : is executing ...[5/15/2018 1:59:51 AM]&lt;PASS&gt;&lt;AmountUpdatedOnShippingMethodSelection&gt;&lt;Order Total post shipping selection is valid&gt;[5/15/2018 1:59:51 AM]&lt;Info&gt;AllBrowserWindow : Locating browser window...[5/15/2018 1:59:59 AM]&lt;PASS&gt;&lt;AmountUpdatedOnShippingMethodSelection&gt;&lt;Verify if Estimated Shipping Costs section contains State Label&gt;[5/15/2018 2:00:00 AM]&lt;PASS&gt;&lt;AmountUpdatedOnShippingMethodSelection&gt;&lt;Verify State List has all 63 states&gt;[5/15/2018 2:00:00 AM]&lt;INFO&gt;SelectStateForShipping : is executing ...[5/15/2018 2:00:02 AM]&lt;PASS&gt;&lt;AmountUpdatedOnShippingMethodSelection&gt;&lt;Verify radio buttons for shipping method appears after state selection&gt;[5/15/2018 2:00:02 AM]&lt;INFO&gt;GetOrderTotalAmount : is executing ...[5/15/2018 2:00:02 AM]&lt;INFO&gt;SelectShippingMethod : is executing ...[5/15/2018 2:00:02 AM]&lt;INFO&gt;GetOrderTotalAmount : is executing ...[5/15/2018 2:00:03 AM]&lt;PASS&gt;&lt;AmountUpdatedOnShippingMethodSelection&gt;&lt;Verify radio button for shipping is selected&gt;[5/15/2018 2:00:03 AM]&lt;INFO&gt;SelectShippingMethod : is executing ...[5/15/2018 2:00:04 AM]&lt;INFO&gt;GetOrderTotalAmount : is executing ...[5/15/2018 2:00:05 AM]&lt;PASS&gt;&lt;AmountUpdatedOnShippingMethodSelection&gt;&lt;Verify radio button for shipping is selected&gt;[5/15/2018 2:00:05 AM]&lt;INFO&gt;SelectShippingMethod : is executing ...[5/15/2018 2:00:05 AM]&lt;INFO&gt;GetOrderTotalAmount : is executing ...[5/15/2018 2:00:06 AM]&lt;PASS&gt;&lt;AmountUpdatedOnShippingMethodSelection&gt;&lt;Verify radio button for shipping is selected&gt;[5/15/2018 2:00:06 AM]&lt;INFO&gt;SelectShippingMethod : is executing ...[5/15/2018 2:00:06 AM]&lt;INFO&gt;GetOrderTotalAmount : is executing ...[5/15/2018 2:00:07 AM]&lt;PASS&gt;&lt;AmountUpdatedOnShippingMethodSelection&gt;&lt;Verify radio button for shipping is selected&gt;[5/15/2018 2:00:07 AM]&lt;INFO&gt;SelectStateForShipping : is executing ...[5/15/2018 2:00:09 AM]&lt;PASS&gt;&lt;AmountUpdatedOnShippingMethodSelection&gt;&lt;Verify state is selected second time&gt;[5/15/2018 2:00:09 AM]&lt;INFO&gt;DeleteWishlistFromDatabase : method executing[5/15/2018 2:00:09 AM]&lt;INFO&gt;DeletOrderItem : method executing[5/15/2018 2:00:38 AM]&lt;RESULT&gt;Test Ended:#PASS=13, #FAIL=0[5/15/2018 2:00:39 AM]&lt;INFO&gt;LogCPUAndMemoryUsage: Available Memory = 24201(MB), CPU Usage = 9.025394%[5/15/2018 2:00:39 AM]&lt;INFO&gt;Private Working Set for QTAgent32_40, usage=239200 (K)[5/15/2018 2:00:39 AM]&lt;RESULT&gt;&lt;AmountUpdatedOnShippingMethodSelection&gt; Test PASSED</StdOut>
      </Output>
      <ResultFiles>
        <ResultFile path="CMP01-INDIASQA.horizonhobby.com\AmountUpdatedOnShippingMethodSelection_20180515015744.log" />
        <ResultFile path="CMP01-INDIASQA.horizonhobby.com\AmountUpdatedOnShippingMethodSelection_ResultsONLY_20180515015744.log" />
        <ResultFile path="CMP01-INDIASQA.horizonhobby.com\CartDisplayTestData_015744.xml" />
        <ResultFile path="CMP01-INDIASQA.horizonhobby.com\SharedCommonConfig.xml" />
      </ResultFiles>
    </UnitTestResult>
    <UnitTestResult executionId="4ce4c57f-305c-4d38-b766-267bb5b496cf" testId="5be7ec96-fa39-010e-613a-a900ff9a4de0" testName="PayPalOrderReviewNavigateBackToCart" computerName="CMP01-INDIASQA" duration="00:07:29.3827576" startTime="2018-05-15T02:00:41.2363948-05:00" endTime="2018-05-15T02:08:10.6523948-05:00" testType="13cdc9d9-ddb5-4fa4-a97d-d965ccfc6d4b" outcome="Passed" testListId="8c84fa94-04c1-424b-9868-57a2d4851a1d">
      <Output>
        <StdOut>Logging to custom path:\\CMP01-YKumar\AutoLog[5/15/2018 2:00:41 AM]&lt;STARTLOG&gt;&lt;PayPalOrderReviewNavigateBackToCart&gt;Test Started: Expecting: #PASS=Undefined and #FAIL=0
Running from MTM=True, running on machine name:CMP01-INDIASQA, user name=ykumar, OS=Microsoft Windows NT 6.1.7601 Service Pack 1, Is64BitOS=True[5/15/2018 2:00:42 AM]&lt;INFO&gt;LogCPUAndMemoryUsage: Available Memory = 24251(MB), CPU Usage = 17.20725%[5/15/2018 2:00:42 AM]&lt;INFO&gt;Private Working Set for QTAgent32_40, usage=239448 (K)[5/15/2018 2:00:42 AM]&lt;INFO&gt;Path To TestConfig xml=E:\LoadTestResult\VSEQT\QTAgent\26973\CMP01-INDIASQA.horizonhobby.com\Deployment\SharedCommonConfig.xml[5/15/2018 2:00:42 AM]&lt;INFO&gt;Path To TestData xml=E:\LoadTestResult\VSEQT\QTAgent\26973\CMP01-INDIASQA.horizonhobby.com\Deployment\CheckoutPaypalTestData_020041.xml[5/15/2018 2:00:42 AM]&lt;INFO&gt;Path To HorizonHobbyQA Application Url=https://www-tst.horizonhobby.com[5/15/2018 2:00:42 AM]&lt;INFO&gt;HorizonHobbyQA sql connection string=Server=cmp02-ws-tst-db01:50000;Database=TST01DB;UID=wcdbuser;PWD=h0r1z0n;Connect Timeout=30[5/15/2018 2:00:42 AM]&lt;INFO&gt;Country is := US and language id is := '-1'[5/15/2018 2:00:42 AM]&lt;INFO&gt;Current browser used for test execution is = 'IE'[5/15/2018 2:00:45 AM]&lt;Info&gt;AllBrowserWindow : Locating browser window...[5/15/2018 2:00:47 AM]&lt;INFO&gt;SurveyWindow : method executing ...[5/15/2018 2:00:56 AM]&lt;INFO&gt;ContinueOnCertificationErrorClickexecuting ...[5/15/2018 2:00:56 AM]&lt;Info&gt;DEAllBrowserWindow : Locating browser window...[5/15/2018 2:01:03 AM]&lt;INFO&gt;UserRegistration : method executing ...[5/15/2018 2:01:03 AM]&lt;Info&gt;AllBrowserWindow : Locating browser window...[5/15/2018 2:01:28 AM]&lt;Info&gt;AllBrowserWindow : Locating browser window...[5/15/2018 2:01:54 AM]&lt;Info&gt;AllBrowserWindow : Locating browser window...[5/15/2018 2:02:09 AM]&lt;INFO&gt;SearchProductexecuting ... Searching term:= 'ECX230001'[5/15/2018 2:02:16 AM]&lt;Info&gt;AllBrowserWindow : Locating browser window...[5/15/2018 2:02:16 AM]&lt;INFO&gt;BackOrderClickexecuting ...[5/15/2018 2:02:17 AM]&lt;INFO&gt;GoToCartClickexecuting ...[5/15/2018 2:02:23 AM]&lt;Info&gt;AllBrowserWindow : Locating browser window...[5/15/2018 2:02:33 AM]&lt;INFO&gt;CheckoutProcessStartShoppingCart : method executing[5/15/2018 2:02:33 AM]&lt;Info&gt;AllBrowserWindow : Locating browser window...[5/15/2018 2:02:40 AM]&lt;INFO&gt;CheckoutShoppingCartControls : method executing[5/15/2018 2:02:40 AM]&lt;Info&gt;AllBrowserWindow : Locating browser window...[5/15/2018 2:02:48 AM]&lt;Info&gt;AllBrowserWindow : Locating browser window...[5/15/2018 2:02:51 AM]&lt;INFO&gt;SelectCheckoutPaymentRadiobutton : method executing[5/15/2018 2:02:51 AM]&lt;INFO&gt;CheckoutCreditCardShippingAndBillingControls : method executing[5/15/2018 2:02:51 AM]&lt;Info&gt;AllBrowserWindow : Locating browser window...[5/15/2018 2:03:02 AM]&lt;INFO&gt;ClickPayPalLink : method executing...[5/15/2018 2:03:08 AM]&lt;INFO&gt;LoginPayPal : method executing...[5/15/2018 2:03:08 AM]&lt;Info&gt;AllBrowserWindow : Locating browser window...[5/15/2018 2:03:48 AM]&lt;INFO&gt;PaypalLoginNewControls : method executing...[5/15/2018 2:03:53 AM]&lt;Info&gt;AllBrowserWindow : Locating browser window...[5/15/2018 2:04:40 AM]&lt;INFO&gt;PaypalLoginNewControls : method executing...[5/15/2018 2:04:44 AM]&lt;INFO&gt;ClickLoginOnPayPal : method executing ...[5/15/2018 2:05:00 AM]&lt;INFO&gt;ClickContinueOnPayPal : method executing ...[5/15/2018 2:07:06 AM]&lt;Info&gt;AllBrowserWindow : Locating browser window...[5/15/2018 2:07:20 AM]&lt;Info&gt;AllBrowserWindow : Locating browser window...[5/15/2018 2:07:22 AM]&lt;PASS&gt;&lt;PayPalOrderReviewNavigateBackToCart&gt;&lt;Order Review Page Text Appears&gt;[5/15/2018 2:07:23 AM]&lt;Info&gt;AllBrowserWindow : Locating browser window...[5/15/2018 2:07:27 AM]&lt;PASS&gt;&lt;PayPalOrderReviewNavigateBackToCart&gt;&lt;Browser Window is on shipping and billing method page&gt;[5/15/2018 2:07:28 AM]&lt;Info&gt;AllBrowserWindow : Locating browser window...[5/15/2018 2:07:37 AM]&lt;PASS&gt;&lt;PayPalOrderReviewNavigateBackToCart&gt;&lt;Browser Window is on shopping cart page&gt;[5/15/2018 2:07:37 AM]&lt;INFO&gt;DeleteWishlistFromDatabase : method executing[5/15/2018 2:07:37 AM]&lt;INFO&gt;DeletOrderItem : method executing[5/15/2018 2:08:07 AM]&lt;INFO&gt;DeleteWishlistFromDatabase : method executing[5/15/2018 2:08:07 AM]&lt;RESULT&gt;Test Ended:#PASS=3, #FAIL=0[5/15/2018 2:08:08 AM]&lt;INFO&gt;LogCPUAndMemoryUsage: Available Memory = 23974(MB), CPU Usage = 18.18129%[5/15/2018 2:08:08 AM]&lt;INFO&gt;Private Working Set for QTAgent32_40, usage=241992 (K)[5/15/2018 2:08:08 AM]&lt;RESULT&gt;&lt;PayPalOrderReviewNavigateBackToCart&gt; Test PASSED</StdOut>
      </Output>
      <ResultFiles>
        <ResultFile path="CMP01-INDIASQA.horizonhobby.com\CheckoutPaypalTestData_020041.xml" />
        <ResultFile path="CMP01-INDIASQA.horizonhobby.com\PayPalOrderReviewNavigateBackToCart_20180515020041.log" />
        <ResultFile path="CMP01-INDIASQA.horizonhobby.com\PayPalOrderReviewNavigateBackToCart_ResultsONLY_20180515020041.log" />
        <ResultFile path="CMP01-INDIASQA.horizonhobby.com\SharedCommonConfig.xml" />
      </ResultFiles>
    </UnitTestResult>
    <UnitTestResult executionId="7b617435-202d-49d2-a952-2821394a84d7" testId="037aa6b0-8a63-4385-5fae-5d2a26d9632b" testName="CartPromoCodeShipping" computerName="CMP01-INDIASQA" duration="00:03:12.1789371" startTime="2018-05-15T02:08:10.6553948-05:00" endTime="2018-05-15T02:11:22.8723948-05:00" testType="13cdc9d9-ddb5-4fa4-a97d-d965ccfc6d4b" outcome="Passed" testListId="8c84fa94-04c1-424b-9868-57a2d4851a1d">
      <Output>
        <StdOut>Logging to custom path:\\CMP01-YKumar\AutoLog[5/15/2018 2:08:10 AM]&lt;STARTLOG&gt;&lt;CartPromoCodeShipping&gt;Test Started: Expecting: #PASS=Undefined and #FAIL=0
Running from MTM=True, running on machine name:CMP01-INDIASQA, user name=ykumar, OS=Microsoft Windows NT 6.1.7601 Service Pack 1, Is64BitOS=True[5/15/2018 2:08:11 AM]&lt;INFO&gt;LogCPUAndMemoryUsage: Available Memory = 23993(MB), CPU Usage = 20.2971%[5/15/2018 2:08:11 AM]&lt;INFO&gt;Private Working Set for QTAgent32_40, usage=242148 (K)[5/15/2018 2:08:11 AM]&lt;INFO&gt;Path To TestConfig xml=E:\LoadTestResult\VSEQT\QTAgent\26973\CMP01-INDIASQA.horizonhobby.com\Deployment\SharedCommonConfig.xml[5/15/2018 2:08:11 AM]&lt;INFO&gt;Path To TestData xml=E:\LoadTestResult\VSEQT\QTAgent\26973\CMP01-INDIASQA.horizonhobby.com\Deployment\CartDisplayTestData_020810.xml[5/15/2018 2:08:11 AM]&lt;INFO&gt;Path To HorizonHobbyQA Application Url=https://www-tst.horizonhobby.com[5/15/2018 2:08:11 AM]&lt;INFO&gt;HorizonHobbyQA sql connection string=Server=cmp02-ws-tst-db01:50000;Database=TST01DB;UID=wcdbuser;PWD=h0r1z0n;Connect Timeout=30[5/15/2018 2:08:11 AM]&lt;INFO&gt;Country is := US and language id is := '-1'[5/15/2018 2:08:11 AM]&lt;INFO&gt;Current browser used for test execution is = 'IE'[5/15/2018 2:08:15 AM]&lt;Info&gt;AllBrowserWindow : Locating browser window...[5/15/2018 2:08:17 AM]&lt;INFO&gt;SurveyWindow : method executing ...[5/15/2018 2:08:25 AM]&lt;INFO&gt;ContinueOnCertificationErrorClickexecuting ...[5/15/2018 2:08:25 AM]&lt;Info&gt;DEAllBrowserWindow : Locating browser window...[5/15/2018 2:08:32 AM]&lt;INFO&gt;UserRegistration : method executing ...[5/15/2018 2:08:32 AM]&lt;Info&gt;AllBrowserWindow : Locating browser window...[5/15/2018 2:08:58 AM]&lt;Info&gt;AllBrowserWindow : Locating browser window...[5/15/2018 2:09:17 AM]&lt;Info&gt;AllBrowserWindow : Locating browser window...[5/15/2018 2:09:34 AM]&lt;INFO&gt;SearchProductexecuting ... Searching term:= 'EFL490502'[5/15/2018 2:09:40 AM]&lt;Info&gt;AllBrowserWindow : Locating browser window...[5/15/2018 2:09:40 AM]&lt;INFO&gt;BackOrderClickexecuting ...[5/15/2018 2:09:41 AM]&lt;INFO&gt;GoToCartClickexecuting ...[5/15/2018 2:09:48 AM]&lt;Info&gt;AllBrowserWindow : Locating browser window...[5/15/2018 2:09:58 AM]&lt;PASS&gt;&lt;CartPromoCodeShipping&gt;&lt;Promo Code Text Box appears&gt;[5/15/2018 2:09:58 AM]&lt;PASS&gt;&lt;CartPromoCodeShipping&gt;&lt;Apply Promo Code button appears&gt;[5/15/2018 2:09:58 AM]&lt;INFO&gt;ApplyPromoCode : method executing ...  -test15dollarsoff[5/15/2018 2:09:58 AM]&lt;INFO&gt;SurveyWindow : method executing ...[5/15/2018 2:10:08 AM]&lt;INFO&gt;SelectStateForShipping : is executing ...[5/15/2018 2:10:10 AM]&lt;INFO&gt;GetAllShippingOptions : is executing ...[5/15/2018 2:10:10 AM]&lt;Info&gt;AllBrowserWindow : Locating browser window...[5/15/2018 2:10:21 AM]&lt;PASS&gt;&lt;CartPromoCodeShipping&gt;&lt;Ground shipping exists as Economy/SmartPost (4-9 days) - 2.99&gt;[5/15/2018 2:10:21 AM]&lt;INFO&gt;CheckoutProcessStartShoppingCart : method executing[5/15/2018 2:10:21 AM]&lt;Info&gt;AllBrowserWindow : Locating browser window...[5/15/2018 2:10:28 AM]&lt;INFO&gt;CheckoutShoppingCartControls : method executing[5/15/2018 2:10:28 AM]&lt;Info&gt;AllBrowserWindow : Locating browser window...[5/15/2018 2:10:36 AM]&lt;Info&gt;AllBrowserWindow : Locating browser window...[5/15/2018 2:10:45 AM]&lt;INFO&gt;GetAllShippingOptions : is executing ...[5/15/2018 2:10:45 AM]&lt;Info&gt;AllBrowserWindow : Locating browser window...[5/15/2018 2:10:47 AM]&lt;INFO&gt;GetShippingMethodRadioButtonControl : method executing[5/15/2018 2:10:47 AM]&lt;Info&gt;AllBrowserWindow : Locating browser window...[5/15/2018 2:10:50 AM]&lt;PASS&gt;&lt;CartPromoCodeShipping&gt;&lt;Standard shipping is selected Shipping and Billing method page&gt;[5/15/2018 2:10:50 AM]&lt;INFO&gt;DeleteWishlistFromDatabase : method executing[5/15/2018 2:10:50 AM]&lt;INFO&gt;DeletOrderItem : method executing[5/15/2018 2:11:19 AM]&lt;RESULT&gt;Test Ended:#PASS=4, #FAIL=0[5/15/2018 2:11:20 AM]&lt;INFO&gt;LogCPUAndMemoryUsage: Available Memory = 24116(MB), CPU Usage = 5.029331%[5/15/2018 2:11:20 AM]&lt;INFO&gt;Private Working Set for QTAgent32_40, usage=239692 (K)[5/15/2018 2:11:20 AM]&lt;RESULT&gt;&lt;CartPromoCodeShipping&gt; Test PASSED</StdOut>
      </Output>
      <ResultFiles>
        <ResultFile path="CMP01-INDIASQA.horizonhobby.com\CartDisplayTestData_020810.xml" />
        <ResultFile path="CMP01-INDIASQA.horizonhobby.com\CartPromoCodeShipping_20180515020810.log" />
        <ResultFile path="CMP01-INDIASQA.horizonhobby.com\CartPromoCodeShipping_ResultsONLY_20180515020810.log" />
        <ResultFile path="CMP01-INDIASQA.horizonhobby.com\SharedCommonConfig.xml" />
      </ResultFiles>
    </UnitTestResult>
    <UnitTestResult executionId="c7eea668-5e63-4c72-a7e8-bc0cafece938" testId="c2ae2699-e4cf-0063-ff28-66004470daf7" testName="NavigationGlobalHeaderSearchDropdown" computerName="CMP01-INDIASQA" duration="00:00:22.2070295" startTime="2018-05-15T02:11:22.8743948-05:00" endTime="2018-05-15T02:11:45.6903948-05:00" testType="13cdc9d9-ddb5-4fa4-a97d-d965ccfc6d4b" outcome="Passed" testListId="8c84fa94-04c1-424b-9868-57a2d4851a1d">
      <Output>
        <StdOut>Logging to custom path:\\CMP01-YKumar\AutoLog[5/15/2018 2:11:23 AM]&lt;STARTLOG&gt;&lt;NavigationGlobalHeaderSearchDropdown&gt;Test Started: Expecting: #PASS=Undefined and #FAIL=0
Running from MTM=True, running on machine name:CMP01-INDIASQA, user name=ykumar, OS=Microsoft Windows NT 6.1.7601 Service Pack 1, Is64BitOS=True[5/15/2018 2:11:26 AM]&lt;INFO&gt;LogCPUAndMemoryUsage: Available Memory = 24357(MB), CPU Usage = 13.61445%[5/15/2018 2:11:26 AM]&lt;INFO&gt;Private Working Set for QTAgent32_40, usage=242744 (K)[5/15/2018 2:11:26 AM]&lt;INFO&gt;Path To TestConfig xml=E:\LoadTestResult\VSEQT\QTAgent\26973\CMP01-INDIASQA.horizonhobby.com\Deployment\SharedCommonConfig.xml[5/15/2018 2:11:26 AM]&lt;INFO&gt;Path To TestData xml=E:\LoadTestResult\VSEQT\QTAgent\26973\CMP01-INDIASQA.horizonhobby.com\Deployment\HomePageTestData_021123.xml[5/15/2018 2:11:26 AM]&lt;INFO&gt;Path To HorizonHobbyQA Application Url=https://www-tst.horizonhobby.com[5/15/2018 2:11:26 AM]&lt;INFO&gt;HorizonHobbyQA sql connection string=Server=cmp02-ws-tst-db01:50000;Database=TST01DB;UID=wcdbuser;PWD=h0r1z0n;Connect Timeout=30[5/15/2018 2:11:26 AM]&lt;INFO&gt;Country is := US and language id is := '-1'[5/15/2018 2:11:26 AM]&lt;INFO&gt;Current browser used for test execution is = 'IE'[5/15/2018 2:11:29 AM]&lt;INFO&gt;SurveyWindow : method executing ...[5/15/2018 2:11:40 AM]&lt;PASS&gt;&lt;NavigationGlobalHeaderSearchDropdown&gt;&lt;Validates All Categories Button exists with Search bar&gt;[5/15/2018 2:11:42 AM]&lt;PASS&gt;&lt;NavigationGlobalHeaderSearchDropdown&gt;&lt;Bug# 9074 logged for variation in Menu items. Validates category Airplanes exists in search bar&gt;[5/15/2018 2:11:42 AM]&lt;PASS&gt;&lt;NavigationGlobalHeaderSearchDropdown&gt;&lt;Bug# 9074 logged for variation in Menu items. Validates category Boats exists in search bar&gt;[5/15/2018 2:11:42 AM]&lt;PASS&gt;&lt;NavigationGlobalHeaderSearchDropdown&gt;&lt;Bug# 9074 logged for variation in Menu items. Validates category Cameras / FPV exists in search bar&gt;[5/15/2018 2:11:42 AM]&lt;PASS&gt;&lt;NavigationGlobalHeaderSearchDropdown&gt;&lt;Bug# 9074 logged for variation in Menu items. Validates category First Person View (FPV) exists in search bar&gt;[5/15/2018 2:11:42 AM]&lt;PASS&gt;&lt;NavigationGlobalHeaderSearchDropdown&gt;&lt;Bug# 9074 logged for variation in Menu items. Validates category Helicopters exists in search bar&gt;[5/15/2018 2:11:42 AM]&lt;PASS&gt;&lt;NavigationGlobalHeaderSearchDropdown&gt;&lt;Bug# 9074 logged for variation in Menu items. Validates category Multirotor exists in search bar&gt;[5/15/2018 2:11:42 AM]&lt;PASS&gt;&lt;NavigationGlobalHeaderSearchDropdown&gt;&lt;Bug# 9074 logged for variation in Menu items. Validates category Radios exists in search bar&gt;[5/15/2018 2:11:42 AM]&lt;RESULT&gt;Test Ended:#PASS=8, #FAIL=0[5/15/2018 2:11:43 AM]&lt;INFO&gt;LogCPUAndMemoryUsage: Available Memory = 24225(MB), CPU Usage = 6.9844%[5/15/2018 2:11:43 AM]&lt;INFO&gt;Private Working Set for QTAgent32_40, usage=252128 (K)[5/15/2018 2:11:43 AM]&lt;RESULT&gt;&lt;NavigationGlobalHeaderSearchDropdown&gt; Test PASSED</StdOut>
      </Output>
      <ResultFiles>
        <ResultFile path="CMP01-INDIASQA.horizonhobby.com\HomePageTestData_021123.xml" />
        <ResultFile path="CMP01-INDIASQA.horizonhobby.com\NavigationGlobalHeaderSearchDropdown_20180515021123.log" />
        <ResultFile path="CMP01-INDIASQA.horizonhobby.com\NavigationGlobalHeaderSearchDropdown_ResultsONLY_20180515021123.log" />
        <ResultFile path="CMP01-INDIASQA.horizonhobby.com\SharedCommonConfig.xml" />
      </ResultFiles>
    </UnitTestResult>
    <UnitTestResult executionId="f4ad025c-21c8-4c65-83d8-5f7eb2306750" testId="05b4593e-f853-c4cd-7891-50a925ac2065" testName="CheckoutPayPalNotAvailableForPreorders" computerName="CMP01-INDIASQA" duration="00:03:39.0267807" startTime="2018-05-15T02:11:45.6923948-05:00" endTime="2018-05-15T02:15:24.7853948-05:00" testType="13cdc9d9-ddb5-4fa4-a97d-d965ccfc6d4b" outcome="Failed" testListId="8c84fa94-04c1-424b-9868-57a2d4851a1d">
      <Output>
        <StdOut>Logging to custom path:\\CMP01-YKumar\AutoLogAssert.Fail failed. 
Actual #FAIL=1, #Expected FAIL=0
#Other errors=4
[Error details below]   at TestAuto.LoggingAndSharedGenericMethods.EndTest() in c:\Builds\1\WebSphere\QATestAutomation\src\CodedUITest\SourceCode\Common\Logging\Logging.cs:line 1628
   at TestAuto.HHBvtSmokeTest.TestCleanup() in c:\Builds\1\WebSphere\QATestAutomation\src\CodedUITest\SourceCode\HHobby\Checkout\CheckoutCommon.cs:line 4805
[5/15/2018 2:11:45 AM]&lt;STARTLOG&gt;&lt;CheckoutPayPalNotAvailableForPreorders&gt;Test Started: Expecting: #PASS=Undefined and #FAIL=0
Running from MTM=True, running on machine name:CMP01-INDIASQA, user name=ykumar, OS=Microsoft Windows NT 6.1.7601 Service Pack 1, Is64BitOS=True[5/15/2018 2:11:46 AM]&lt;INFO&gt;LogCPUAndMemoryUsage: Available Memory = 24269(MB), CPU Usage = 10.49442%[5/15/2018 2:11:46 AM]&lt;INFO&gt;Private Working Set for QTAgent32_40, usage=252376 (K)[5/15/2018 2:11:46 AM]&lt;INFO&gt;Path To TestConfig xml=E:\LoadTestResult\VSEQT\QTAgent\26973\CMP01-INDIASQA.horizonhobby.com\Deployment\SharedCommonConfig.xml[5/15/2018 2:11:46 AM]&lt;INFO&gt;Path To TestData xml=E:\LoadTestResult\VSEQT\QTAgent\26973\CMP01-INDIASQA.horizonhobby.com\Deployment\CheckoutCommonTestData_021145.xml[5/15/2018 2:11:46 AM]&lt;INFO&gt;Path To HorizonHobbyQA Application Url=https://www-tst.horizonhobby.com[5/15/2018 2:11:46 AM]&lt;INFO&gt;HorizonHobbyQA sql connection string=Server=cmp02-ws-tst-db01:50000;Database=TST01DB;UID=wcdbuser;PWD=h0r1z0n;Connect Timeout=30[5/15/2018 2:11:46 AM]&lt;INFO&gt;Country is := US and language id is := '-1'[5/15/2018 2:11:46 AM]&lt;INFO&gt;Current browser used for test execution is = 'IE'[5/15/2018 2:11:52 AM]&lt;INFO&gt;SearchProductexecuting ... Searching term:= 'ZENT207081331'[5/15/2018 2:11:59 AM]&lt;Info&gt;AllBrowserWindow : Locating browser window...[5/15/2018 2:12:24 AM]&lt;Info&gt;AllBrowserWindow : Locating browser window...[5/15/2018 2:12:51 AM]&lt;Info&gt;AllBrowserWindow : Locating browser window...[5/15/2018 2:12:51 AM]&lt;INFO&gt;ClickSearchResultCell : No product found on search page with title ... :- Hi-Speed Needle[5/15/2018 2:12:51 AM]&lt;CaptureImage&gt;\\CMP01-YKumar\AutoLog\CMP01-INDIASQA\CheckoutPayPalNotAvailableForPreorders_20180515021251.png[5/15/2018 2:13:21 AM]&lt;INFO&gt;BackOrderClickexecuting ...Assert.Fail failed. [5/15/2018 2:13:34 AM]&lt;ERROR&gt;BackOrderClick : failed executing ...The playback failed to find the control with the given search properties. Additional Details: 
TechnologyName:  'Web'
ControlType:  'Hyperlink'
TagName:  'A'
Id:  'add2CartBtn'
 Failed to find any control that matched the value add2CartBtn for the search property Id., 
    StackTrace:
    BackOrderClick(),SharedProductPage.cs,Line Number:498
    BackOrderClick(),SharedProductPage.cs,Line Number:505
    CheckoutPayPalNotAvailableForPreorders(),CheckoutCommon.cs,Line Number:952[5/15/2018 2:13:34 AM]&lt;CaptureImage&gt;\\CMP01-YKumar\AutoLog\CMP01-INDIASQA\CheckoutPayPalNotAvailableForPreorders_20180515021334.png[5/15/2018 2:13:34 AM]&lt;INFO&gt;GoToCartClickexecuting ...Assert.Fail failed. [5/15/2018 2:13:48 AM]&lt;ERROR&gt;MouseClick Exception:Microsoft.VisualStudio.TestTools.UITest.Extension.FailedToPerformActionOnHiddenControlException: Cannot perform 'Click' on the hidden control. Additional Details: 
TechnologyName:  'Web'
ControlType:  'Hyperlink'
TagName:  'A'
Id:  'GotoCartButton1'
Name:  ''
Target:  ''
InnerText:  'Go to Cart'
 ---&gt; System.Runtime.InteropServices.COMException: Exception from HRESULT: 0xF004F002
   at Microsoft.VisualStudio.TestTools.UITest.Playback.Engine.IScreenElement.MouseButtonClick(Int32 x, Int32 y, Int32 nButton, Int32 fEnsureVisible, String bstrKeyModifiers)
   at Microsoft.VisualStudio.TestTools.UITest.Playback.ScreenElement.MouseButtonClick(Int32 x, Int32 y, MouseButtons button, ModifierKeys modifierKeys, Int32 ensureVisible)
   at Microsoft.VisualStudio.TestTools.UITesting.UITestControl.Click(MouseButtons button, ModifierKeys modifierKeys, Point relativeCoordinates)
   --- End of inner exception stack trace ---
   at Microsoft.VisualStudio.TestTools.UITesting.Playback.MapAndThrowComException(COMException innerException, IPlaybackContext context)
   at Microsoft.VisualStudio.TestTools.UITesting.Playback.MapAndThrowException(SystemException exception, IPlaybackContext context)
   at Microsoft.VisualStudio.TestTools.UITesting.Playback.MapAndThrowException(SystemException exception, String actionName, UITestControl uiControl, Point point)
   at Microsoft.VisualStudio.TestTools.UITesting.UITestControl.Click(MouseButtons button, ModifierKeys modifierKeys, Point relativeCoordinates)
   at Microsoft.VisualStudio.TestTools.UITesting.UITestActionExecutorCore.Click(UITestControl control, MouseButtons button, ModifierKeys modifierKeys, Point relativeCoordinate)
   at Microsoft.VisualStudio.TestTools.UITesting.Mouse.ClickImplementation(UITestControl control, MouseButtons button, ModifierKeys modifierKeys, Point relativeCoordinate)
   at Microsoft.VisualStudio.TestTools.UITesting.Mouse.&lt;&gt;c__DisplayClass6.&lt;Click&gt;b__5()
   at Microsoft.VisualStudio.TestTools.UITesting.CodedUITestMethodInvoker.InvokeMethod[T](Func`1 function, UITestControl control, Boolean firePlaybackErrorEvent, Boolean logAsAction)
   at Microsoft.VisualStudio.TestTools.UITesting.Mouse.Click(UITestControl control, MouseButtons button, ModifierKeys modifierKeys, Point relativeCoordinate)
   at Microsoft.VisualStudio.TestTools.UITesting.Mouse.Click(UITestControl control)
   at TestAuto.LoggingAndSharedGenericMethods.MouseClick(UITestControl uiMenuItemTestControl) in c:\Builds\1\WebSphere\QATestAutomation\src\CodedUITest\SourceCode\Common\Logging\SharedMethods_Generic.cs:line 785, 
    StackTrace:
    MouseClick(),SharedMethods_Generic.cs,Line Number:822
    GoToCartClick(),SharedCartPopUp.cs,Line Number:129
    CheckoutPayPalNotAvailableForPreorders(),CheckoutCommon.cs,Line Number:955[5/15/2018 2:13:48 AM]&lt;CaptureImage&gt;\\CMP01-YKumar\AutoLog\CMP01-INDIASQA\CheckoutPayPalNotAvailableForPreorders_20180515021348.png[5/15/2018 2:13:48 AM]&lt;INFO&gt;ContinueOnCertificationErrorClickexecuting ...[5/15/2018 2:13:48 AM]&lt;Info&gt;AllBrowserWindow : Locating browser window...Assert.Fail failed. [5/15/2018 2:14:13 AM]&lt;Error&gt;AllBrowserWindow : failed executing ...Unable to find Windows Internet Explorer window with 'Shopping Cart - Internet Explorer' in the title., 
    StackTrace:
    AllBrowserWindow(),SharedBorderFree.cs,Line Number:1037
    CheckoutPayPalNotAvailableForPreorders(),CheckoutCommon.cs,Line Number:958[5/15/2018 2:14:13 AM]&lt;CaptureImage&gt;\\CMP01-YKumar\AutoLog\CMP01-INDIASQA\CheckoutPayPalNotAvailableForPreorders_20180515021413.png[5/15/2018 2:14:21 AM]&lt;PASS&gt;&lt;CheckoutPayPalNotAvailableForPreorders&gt;&lt;Validate that Gift Wrap isn't available for the Pre Order Items&gt;[5/15/2018 2:14:24 AM]&lt;INFO&gt;SearchProductexecuting ... Searching term:= 'FMMDZ011'[5/15/2018 2:14:33 AM]&lt;Info&gt;AllBrowserWindow : Locating browser window...[5/15/2018 2:15:06 AM]&lt;INFO&gt;BackOrderClickexecuting ...[5/15/2018 2:15:06 AM]&lt;INFO&gt;GoToCartClickexecuting ...[5/15/2018 2:15:17 AM]&lt;FAIL&gt;&lt;CheckoutPayPalNotAvailableForPreorders&gt;&lt;Validate that Paypal button is diasbled for Backorder Item on Shopping Cart Page&gt;.Assert.AreEqual failed. Expected:&lt;True&gt;. Actual:&lt;False&gt;. 
    StackTrace:
    CheckoutPayPalNotAvailableForPreorders(),CheckoutCommon.cs,Line Number:981[5/15/2018 2:15:17 AM]&lt;CaptureImage&gt;\\CMP01-YKumar\AutoLog\CMP01-INDIASQA\CheckoutPayPalNotAvailableForPreorders_20180515021517.pngAssert.Fail failed. [5/15/2018 2:15:21 AM]&lt;ERROR&gt;CheckoutPayPalNotAvailableForPreorders : failed executing ...The playback failed to find the control with the given search properties. Additional Details: 
TechnologyName:  'Web'
ControlType:  'Custom'
TagName:  'p'
Class:  'payTypeWarning'
 Failed to find any control that matched the search condition ControlType='Custom' &amp;&amp; Class=&gt;'payTypeWarning', 
    StackTrace:
    CheckoutPayPalNotAvailableForPreorders(),CheckoutCommon.cs,Line Number:1047[5/15/2018 2:15:21 AM]&lt;CaptureImage&gt;\\CMP01-YKumar\AutoLog\CMP01-INDIASQA\CheckoutPayPalNotAvailableForPreorders_20180515021521.png[5/15/2018 2:15:21 AM]&lt;RESULT&gt;Test Ended:#PASS=1, #FAIL=1,#Other errors=4[5/15/2018 2:15:22 AM]&lt;INFO&gt;LogCPUAndMemoryUsage: Available Memory = 24196(MB), CPU Usage = 39.15961%[5/15/2018 2:15:22 AM]&lt;INFO&gt;Private Working Set for QTAgent32_40, usage=255280 (K)[5/15/2018 2:15:22 AM]&lt;RESULT&gt;&lt;CheckoutPayPalNotAvailableForPreorders&gt; Test FAILED: Actual #FAIL=1, #Expected FAIL=0
#Other errors=4. See Error Message/logs for further details.</StdOut>
        <ErrorInfo>
          <Message>Assert.Fail failed. 
Actual #FAIL=1, #Expected FAIL=0
#Other errors=4
[Error details below]</Message>
          <StackTrace>   at TestAuto.LoggingAndSharedGenericMethods.EndTest() in c:\Builds\1\WebSphere\QATestAutomation\src\CodedUITest\SourceCode\Common\Logging\Logging.cs:line 1628
   at TestAuto.HHBvtSmokeTest.TestCleanup() in c:\Builds\1\WebSphere\QATestAutomation\src\CodedUITest\SourceCode\HHobby\Checkout\CheckoutCommon.cs:line 4805
</StackTrace>
        </ErrorInfo>
      </Output>
      <ResultFiles />
    </UnitTestResult>
    <UnitTestResult executionId="34be2a46-4c05-49a3-9670-349ad196b8bd" testId="c711618d-799a-fae2-2b61-26375305c5d5" testName="CartProductStatusDisplay" computerName="CMP01-INDIASQA" duration="00:05:33.1957869" startTime="2018-05-15T02:15:24.7893948-05:00" endTime="2018-05-15T02:20:58.0423948-05:00" testType="13cdc9d9-ddb5-4fa4-a97d-d965ccfc6d4b" outcome="Failed" testListId="8c84fa94-04c1-424b-9868-57a2d4851a1d">
      <Output>
        <StdOut>Logging to custom path:\\CMP01-YKumar\AutoLogAssert.Fail failed. 
#Other errors=5
[Error details below]
&lt;ERROR&gt;[5/15/2018 2:17:36 AM]&lt;ERROR&gt;BackOrderClick : failed executing ...The playback failed to find the control with the given search properties. Additional Details: 
TechnologyName:  'Web'
ControlType:  'Hyperlink'
TagName:  'A'
Id:  'add2CartBtn'
 Failed to find any control that matched the value add2CartBtn for the search property Id.
&lt;ERROR&gt;[5/15/2018 2:17:38 AM]&lt;ERROR&gt;MouseClick Exception:Microsoft.VisualStudio.TestTools.UITest.Extension.FailedToPerformActionOnHiddenControlException: Cannot perform 'Click' on the hidden control. Additional Details: 
TechnologyName:  'Web'
ControlType:  'Hyperlink'
TagName:  'A'
Id:  'MiniShopCartCloseButton_2'
Name:  ''
Target:  ''
InnerText:  'Close  '
 ---&gt; System.Runtime.InteropServices.COMException: Exception from HRESULT: 0xF004F002
   at Microsoft.VisualStudio.TestTools.UITest.Playback.Engine.IScreenElement.MouseButtonClick(Int32 x, Int32 y, Int32 nButton, Int32 fEnsureVisible, String bstrKeyModifiers)
   at Microsoft.VisualStudio.TestTools.UITest.Playback.ScreenElement.MouseButtonClick(Int32 x, Int32 y, MouseButtons button, ModifierKeys modifierKeys, Int32 ensureVisible)
   at Microsoft.VisualStudio.TestTools.UITesting.UITestControl.Click(MouseButtons button, ModifierKeys modifierKeys, Point relativeCoordinates)
   --- End of inner exception stack trace ---
   at Microsoft.VisualStudio.TestTools.UITesting.Playback.MapAndThrowComException(COMException innerException, IPlaybackContext context)
   at Microsoft.VisualStudio.TestTools.UITesting.Playback.MapAndThrowException(SystemException exception, IPlaybackContext context)
   at Microsoft.VisualStudio.TestTools.UITesting.Playback.MapAndThrowException(SystemException exception, String actionName, UITestControl uiControl, Point point)
   at Microsoft.VisualStudio.TestTools.UITesting.UITestControl.Click(MouseButtons button, ModifierKeys modifierKeys, Point relativeCoordinates)
   at Microsoft.VisualStudio.TestTools.UITesting.UITestActionExecutorCore.Click(UITestControl control, MouseButtons button, ModifierKeys modifierKeys, Point relativeCoordinate)
   at Microsoft.VisualStudio.TestTools.UITesting.Mouse.ClickImplementation(UITestControl control, MouseButtons button, ModifierKeys modifierKeys, Point relativeCoordinate)
   at Microsoft.VisualStudio.TestTools.UITesting.Mouse.&lt;&gt;c__DisplayClass6.&lt;Click&gt;b__5()
   at Microsoft.VisualStudio.TestTools.UITesting.CodedUITestMethodInvoker.InvokeMethod[T](Func`1 function, UITestControl control, Boolean firePlaybackErrorEvent, Boolean logAsAction)
   at Microsoft.VisualStudio.TestTools.UITesting.Mouse.Click(UITestControl control, MouseButtons button, ModifierKeys modifierKeys, Point relativeCoordinate)
   at Microsoft.VisualStudio.TestTools.UITesting.Mouse.Click(UITestControl control)
   at TestAuto.LoggingAndSharedGenericMethods.MouseClick(UITestControl uiMenuItemTestControl) in c:\Builds\1\WebSphere\QATestAutomation\src\CodedUITest\SourceCode\Common\Logging\SharedMethods_Generic.cs:line 785
&lt;ERROR&gt;[5/15/2018 2:19:29 AM]&lt;ERROR&gt;BackOrderClick : failed executing ...The playback failed to find the control with the given search properties. Additional Details: 
TechnologyName:  'Web'
ControlType:  'Hyperlink'
TagName:  'A'
Id:  'add2CartBtn'
 Failed to find any control that matched the value add2CartBtn for the search property Id.
&lt;ERROR&gt;[5/15/2018 2:19:32 AM]&lt;ERROR&gt;MouseClick Exception:Microsoft.VisualStudio.TestTools.UITest.Extension.FailedToPerformActionOnHiddenControlException: Cannot perform 'Click' on the hidden control. Additional Details: 
TechnologyName:  'Web'
ControlType:  'Hyperlink'
TagName:  'A'
Id:  'MiniShopCartCloseButton_2'
Name:  ''
Target:  ''
InnerText:  'Close  '
 ---&gt; System.Runtime.InteropServices.COMException: Exception from HRESULT: 0xF004F002
   at Microsoft.VisualStudio.TestTools.UITest.Playback.Engine.IScreenElement.MouseButtonClick(Int32 x, Int32 y, Int32 nButton, Int32 fEnsureVisible, String bstrKeyModifiers)
   at Microsoft.VisualStudio.TestTools.UITest.Playback.ScreenElement.MouseButtonClick(Int32 x, Int32 y, MouseButtons button, ModifierKeys modifierKeys, Int32 ensureVisible)
   at Microsoft.VisualStudio.TestTools.UITesting.UITestControl.Click(MouseButtons button, ModifierKeys modifierKeys, Point relativeCoordinates)
   --- End of inner exception stack trace ---
   at Microsoft.VisualStudio.TestTools.UITesting.Playback.MapAndThrowComException(COMException innerException, IPlaybackContext context)
   at Microsoft.VisualStudio.TestTools.UITesting.Playback.MapAndThrowException(SystemException exception, IPlaybackContext context)
   at Microsoft.VisualStudio.TestTools.UITesting.Playback.MapAndThrowException(SystemException exception, String actionName, UITestControl uiControl, Point point)
   at Microsoft.VisualStudio.TestTools.UITesting.UITestControl.Click(MouseButtons button, ModifierKeys modifierKeys, Point relativeCoordinates)
   at Microsoft.VisualStudio.TestTools.UITesting.UITestActionExecutorCore.Click(UITestControl control, MouseButtons button, ModifierKeys modifierKeys, Point relativeCoordinate)
   at Microsoft.VisualStudio.TestTools.UITesting.Mouse.ClickImplementation(UITestControl control, MouseButtons button, ModifierKeys modifierKeys, Point relativeCoordinate)
   at Microsoft.VisualStudio.TestTools.UITesting.Mouse.&lt;&gt;c__DisplayClass6.&lt;Click&gt;b__5()
   at Microsoft.VisualStudio.TestTools.UITesting.CodedUITestMethodInvoker.InvokeMethod[T](Func`1 function, UITestControl control, Boolean firePlaybackErrorEvent, Boolean logAsAction)
   at Microsoft.VisualStudio.TestTools.UITesting.Mouse.Click(UITestControl control, MouseButtons button, ModifierKeys modifierKeys, Point relativeCoordinate)
   at Microsoft.VisualStudio.TestTools.UITesting.Mouse.Click(UITestControl control)
   at TestAuto.LoggingAndSharedGenericMethods.MouseClick(UITestControl uiMenuItemTestControl) in c:\Builds\1\WebSphere\QATestAutomation\src\CodedUITest\SourceCode\Common\Logging\SharedMethods_Generic.cs:line 785
&lt;ERROR&gt;[5/15/2018 2:20:54 AM]&lt;ERROR&gt;CartProductStatusDisplay : failed executing ...There is no row at position 1.   at TestAuto.LoggingAndSharedGenericMethods.EndTest() in c:\Builds\1\WebSphere\QATestAutomation\src\CodedUITest\SourceCode\Common\Logging\Logging.cs:line 1628
   at TestAuto.CartDisplayTest.TestCleanup() in c:\Builds\1\WebSphere\QATestAutomation\src\CodedUITest\SourceCode\HHobby\CartDisplay\CartDisplay.cs:line 5472
[5/15/2018 2:15:24 AM]&lt;STARTLOG&gt;&lt;CartProductStatusDisplay&gt;Test Started: Expecting: #PASS=Undefined and #FAIL=0
Running from MTM=True, running on machine name:CMP01-INDIASQA, user name=ykumar, OS=Microsoft Windows NT 6.1.7601 Service Pack 1, Is64BitOS=True[5/15/2018 2:15:25 AM]&lt;INFO&gt;LogCPUAndMemoryUsage: Available Memory = 24352(MB), CPU Usage = 20.71378%[5/15/2018 2:15:25 AM]&lt;INFO&gt;Private Working Set for QTAgent32_40, usage=255416 (K)[5/15/2018 2:15:25 AM]&lt;INFO&gt;Path To TestConfig xml=E:\LoadTestResult\VSEQT\QTAgent\26973\CMP01-INDIASQA.horizonhobby.com\Deployment\SharedCommonConfig.xml[5/15/2018 2:15:25 AM]&lt;INFO&gt;Path To TestData xml=E:\LoadTestResult\VSEQT\QTAgent\26973\CMP01-INDIASQA.horizonhobby.com\Deployment\CartDisplayTestData_021524.xml[5/15/2018 2:15:25 AM]&lt;INFO&gt;Path To HorizonHobbyQA Application Url=https://www-tst.horizonhobby.com[5/15/2018 2:15:25 AM]&lt;INFO&gt;HorizonHobbyQA sql connection string=Server=cmp02-ws-tst-db01:50000;Database=TST01DB;UID=wcdbuser;PWD=h0r1z0n;Connect Timeout=30[5/15/2018 2:15:25 AM]&lt;INFO&gt;Country is := US and language id is := '-1'[5/15/2018 2:15:25 AM]&lt;INFO&gt;Current browser used for test execution is = 'IE'[5/15/2018 2:15:34 AM]&lt;Info&gt;AllBrowserWindow : Locating browser window...[5/15/2018 2:15:37 AM]&lt;INFO&gt;SearchProductexecuting ... Searching term:= 'SPMA9550'[5/15/2018 2:15:44 AM]&lt;Info&gt;AllBrowserWindow : Locating browser window...[5/15/2018 2:15:47 AM]&lt;INFO&gt;BackOrderClickexecuting ...[5/15/2018 2:15:52 AM]&lt;INFO&gt;SearchProductexecuting ... Searching term:= 'VNR15056'[5/15/2018 2:15:57 AM]&lt;Info&gt;AllBrowserWindow : Locating browser window...[5/15/2018 2:16:21 AM]&lt;Info&gt;AllBrowserWindow : Locating browser window...[5/15/2018 2:16:48 AM]&lt;Info&gt;AllBrowserWindow : Locating browser window...[5/15/2018 2:16:48 AM]&lt;INFO&gt;ClickSearchResultCell : No product found on search page with title ... :- 40C 7.4V 4000mAh 2S Sport Power LiPo, UNI[5/15/2018 2:16:48 AM]&lt;CaptureImage&gt;\\CMP01-YKumar\AutoLog\CMP01-INDIASQA\CartProductStatusDisplay_20180515021648.png[5/15/2018 2:17:22 AM]&lt;INFO&gt;BackOrderClickexecuting ...Assert.Fail failed. [5/15/2018 2:17:36 AM]&lt;ERROR&gt;BackOrderClick : failed executing ...The playback failed to find the control with the given search properties. Additional Details: 
TechnologyName:  'Web'
ControlType:  'Hyperlink'
TagName:  'A'
Id:  'add2CartBtn'
 Failed to find any control that matched the value add2CartBtn for the search property Id., 
    StackTrace:
    BackOrderClick(),SharedProductPage.cs,Line Number:498
    BackOrderClick(),SharedProductPage.cs,Line Number:505
    CartProductStatusDisplay(),CartDisplay.cs,Line Number:770[5/15/2018 2:17:36 AM]&lt;CaptureImage&gt;\\CMP01-YKumar\AutoLog\CMP01-INDIASQA\CartProductStatusDisplay_20180515021736.pngAssert.Fail failed. [5/15/2018 2:17:38 AM]&lt;ERROR&gt;MouseClick Exception:Microsoft.VisualStudio.TestTools.UITest.Extension.FailedToPerformActionOnHiddenControlException: Cannot perform 'Click' on the hidden control. Additional Details: 
TechnologyName:  'Web'
ControlType:  'Hyperlink'
TagName:  'A'
Id:  'MiniShopCartCloseButton_2'
Name:  ''
Target:  ''
InnerText:  'Close  '
 ---&gt; System.Runtime.InteropServices.COMException: Exception from HRESULT: 0xF004F002
   at Microsoft.VisualStudio.TestTools.UITest.Playback.Engine.IScreenElement.MouseButtonClick(Int32 x, Int32 y, Int32 nButton, Int32 fEnsureVisible, String bstrKeyModifiers)
   at Microsoft.VisualStudio.TestTools.UITest.Playback.ScreenElement.MouseButtonClick(Int32 x, Int32 y, MouseButtons button, ModifierKeys modifierKeys, Int32 ensureVisible)
   at Microsoft.VisualStudio.TestTools.UITesting.UITestControl.Click(MouseButtons button, ModifierKeys modifierKeys, Point relativeCoordinates)
   --- End of inner exception stack trace ---
   at Microsoft.VisualStudio.TestTools.UITesting.Playback.MapAndThrowComException(COMException innerException, IPlaybackContext context)
   at Microsoft.VisualStudio.TestTools.UITesting.Playback.MapAndThrowException(SystemException exception, IPlaybackContext context)
   at Microsoft.VisualStudio.TestTools.UITesting.Playback.MapAndThrowException(SystemException exception, String actionName, UITestControl uiControl, Point point)
   at Microsoft.VisualStudio.TestTools.UITesting.UITestControl.Click(MouseButtons button, ModifierKeys modifierKeys, Point relativeCoordinates)
   at Microsoft.VisualStudio.TestTools.UITesting.UITestActionExecutorCore.Click(UITestControl control, MouseButtons button, ModifierKeys modifierKeys, Point relativeCoordinate)
   at Microsoft.VisualStudio.TestTools.UITesting.Mouse.ClickImplementation(UITestControl control, MouseButtons button, ModifierKeys modifierKeys, Point relativeCoordinate)
   at Microsoft.VisualStudio.TestTools.UITesting.Mouse.&lt;&gt;c__DisplayClass6.&lt;Click&gt;b__5()
   at Microsoft.VisualStudio.TestTools.UITesting.CodedUITestMethodInvoker.InvokeMethod[T](Func`1 function, UITestControl control, Boolean firePlaybackErrorEvent, Boolean logAsAction)
   at Microsoft.VisualStudio.TestTools.UITesting.Mouse.Click(UITestControl control, MouseButtons button, ModifierKeys modifierKeys, Point relativeCoordinate)
   at Microsoft.VisualStudio.TestTools.UITesting.Mouse.Click(UITestControl control)
   at TestAuto.LoggingAndSharedGenericMethods.MouseClick(UITestControl uiMenuItemTestControl) in c:\Builds\1\WebSphere\QATestAutomation\src\CodedUITest\SourceCode\Common\Logging\SharedMethods_Generic.cs:line 785, 
    StackTrace:
    MouseClick(),SharedMethods_Generic.cs,Line Number:822
    CartProductStatusDisplay(),CartDisplay.cs,Line Number:773[5/15/2018 2:17:38 AM]&lt;CaptureImage&gt;\\CMP01-YKumar\AutoLog\CMP01-INDIASQA\CartProductStatusDisplay_20180515021738.png[5/15/2018 2:17:41 AM]&lt;INFO&gt;SearchProductexecuting ... Searching term:= 'EVOG1250101'[5/15/2018 2:17:50 AM]&lt;Info&gt;AllBrowserWindow : Locating browser window...[5/15/2018 2:18:14 AM]&lt;Info&gt;AllBrowserWindow : Locating browser window...[5/15/2018 2:18:41 AM]&lt;Info&gt;AllBrowserWindow : Locating browser window...[5/15/2018 2:18:41 AM]&lt;INFO&gt;ClickSearchResultCell : No product found on search page with title ... :- Crankshaft Assemblly with Connecting Rods 125GX[5/15/2018 2:18:41 AM]&lt;CaptureImage&gt;\\CMP01-YKumar\AutoLog\CMP01-INDIASQA\CartProductStatusDisplay_20180515021841.png[5/15/2018 2:19:15 AM]&lt;INFO&gt;BackOrderClickexecuting ...Assert.Fail failed. [5/15/2018 2:19:29 AM]&lt;ERROR&gt;BackOrderClick : failed executing ...The playback failed to find the control with the given search properties. Additional Details: 
TechnologyName:  'Web'
ControlType:  'Hyperlink'
TagName:  'A'
Id:  'add2CartBtn'
 Failed to find any control that matched the value add2CartBtn for the search property Id., 
    StackTrace:
    BackOrderClick(),SharedProductPage.cs,Line Number:498
    BackOrderClick(),SharedProductPage.cs,Line Number:505
    CartProductStatusDisplay(),CartDisplay.cs,Line Number:770[5/15/2018 2:19:29 AM]&lt;CaptureImage&gt;\\CMP01-YKumar\AutoLog\CMP01-INDIASQA\CartProductStatusDisplay_20180515021929.pngAssert.Fail failed. [5/15/2018 2:19:32 AM]&lt;ERROR&gt;MouseClick Exception:Microsoft.VisualStudio.TestTools.UITest.Extension.FailedToPerformActionOnHiddenControlException: Cannot perform 'Click' on the hidden control. Additional Details: 
TechnologyName:  'Web'
ControlType:  'Hyperlink'
TagName:  'A'
Id:  'MiniShopCartCloseButton_2'
Name:  ''
Target:  ''
InnerText:  'Close  '
 ---&gt; System.Runtime.InteropServices.COMException: Exception from HRESULT: 0xF004F002
   at Microsoft.VisualStudio.TestTools.UITest.Playback.Engine.IScreenElement.MouseButtonClick(Int32 x, Int32 y, Int32 nButton, Int32 fEnsureVisible, String bstrKeyModifiers)
   at Microsoft.VisualStudio.TestTools.UITest.Playback.ScreenElement.MouseButtonClick(Int32 x, Int32 y, MouseButtons button, ModifierKeys modifierKeys, Int32 ensureVisible)
   at Microsoft.VisualStudio.TestTools.UITesting.UITestControl.Click(MouseButtons button, ModifierKeys modifierKeys, Point relativeCoordinates)
   --- End of inner exception stack trace ---
   at Microsoft.VisualStudio.TestTools.UITesting.Playback.MapAndThrowComException(COMException innerException, IPlaybackContext context)
   at Microsoft.VisualStudio.TestTools.UITesting.Playback.MapAndThrowException(SystemException exception, IPlaybackContext context)
   at Microsoft.VisualStudio.TestTools.UITesting.Playback.MapAndThrowException(SystemException exception, String actionName, UITestControl uiControl, Point point)
   at Microsoft.VisualStudio.TestTools.UITesting.UITestControl.Click(MouseButtons button, ModifierKeys modifierKeys, Point relativeCoordinates)
   at Microsoft.VisualStudio.TestTools.UITesting.UITestActionExecutorCore.Click(UITestControl control, MouseButtons button, ModifierKeys modifierKeys, Point relativeCoordinate)
   at Microsoft.VisualStudio.TestTools.UITesting.Mouse.ClickImplementation(UITestControl control, MouseButtons button, ModifierKeys modifierKeys, Point relativeCoordinate)
   at Microsoft.VisualStudio.TestTools.UITesting.Mouse.&lt;&gt;c__DisplayClass6.&lt;Click&gt;b__5()
   at Microsoft.VisualStudio.TestTools.UITesting.CodedUITestMethodInvoker.InvokeMethod[T](Func`1 function, UITestControl control, Boolean firePlaybackErrorEvent, Boolean logAsAction)
   at Microsoft.VisualStudio.TestTools.UITesting.Mouse.Click(UITestControl control, MouseButtons button, ModifierKeys modifierKeys, Point relativeCoordinate)
   at Microsoft.VisualStudio.TestTools.UITesting.Mouse.Click(UITestControl control)
   at TestAuto.LoggingAndSharedGenericMethods.MouseClick(UITestControl uiMenuItemTestControl) in c:\Builds\1\WebSphere\QATestAutomation\src\CodedUITest\SourceCode\Common\Logging\SharedMethods_Generic.cs:line 785, 
    StackTrace:
    MouseClick(),SharedMethods_Generic.cs,Line Number:822
    CartProductStatusDisplay(),CartDisplay.cs,Line Number:773[5/15/2018 2:19:32 AM]&lt;CaptureImage&gt;\\CMP01-YKumar\AutoLog\CMP01-INDIASQA\CartProductStatusDisplay_20180515021932.png[5/15/2018 2:19:35 AM]&lt;INFO&gt;There are no records found in the table for stock status InActive[5/15/2018 2:19:38 AM]&lt;INFO&gt;SearchProductexecuting ... Searching term:= 'LOSB1645'[5/15/2018 2:19:47 AM]&lt;Info&gt;AllBrowserWindow : Locating browser window...[5/15/2018 2:20:11 AM]&lt;Info&gt;AllBrowserWindow : Locating browser window...[5/15/2018 2:20:16 AM]&lt;PASS&gt;&lt;CartProductStatusDisplay&gt;&lt;Validate the Stock Status on shipping Cart page as : This item is no longer available&gt;[5/15/2018 2:20:16 AM]&lt;INFO&gt;CartIconClickexecuting ...[5/15/2018 2:20:32 AM]&lt;Info&gt;AllBrowserWindow : Locating browser window...[5/15/2018 2:20:42 AM]&lt;INFO&gt;ShoppingCartOrderDetailsInfoexecuting ...[5/15/2018 2:20:54 AM]&lt;PASS&gt;&lt;CartProductStatusDisplay&gt;&lt;Validate the Stock Status on shipping Cart page as : In Stock&gt;Assert.Fail failed. [5/15/2018 2:20:54 AM]&lt;ERROR&gt;CartProductStatusDisplay : failed executing ...There is no row at position 1., 
    StackTrace:
    CartProductStatusDisplay(),CartDisplay.cs,Line Number:806[5/15/2018 2:20:54 AM]&lt;CaptureImage&gt;\\CMP01-YKumar\AutoLog\CMP01-INDIASQA\CartProductStatusDisplay_20180515022054.png[5/15/2018 2:20:54 AM]&lt;RESULT&gt;Test Ended:#PASS=2, #FAIL=0,#Other errors=5[5/15/2018 2:20:55 AM]&lt;INFO&gt;LogCPUAndMemoryUsage: Available Memory = 23872(MB), CPU Usage = 11.55787%[5/15/2018 2:20:55 AM]&lt;INFO&gt;Private Working Set for QTAgent32_40, usage=267208 (K)[5/15/2018 2:20:55 AM]&lt;RESULT&gt;&lt;CartProductStatusDisplay&gt; Test FAILED: #Other errors=5. See Error Message/logs for further details.</StdOut>
        <ErrorInfo>
          <Message>Assert.Fail failed. 
#Other errors=5
[Error details below]
&lt;ERROR&gt;[5/15/2018 2:17:36 AM]&lt;ERROR&gt;BackOrderClick : failed executing ...The playback failed to find the control with the given search properties. Additional Details: 
TechnologyName:  'Web'
ControlType:  'Hyperlink'
TagName:  'A'
Id:  'add2CartBtn'
 Failed to find any control that matched the value add2CartBtn for the search property Id.
&lt;ERROR&gt;[5/15/2018 2:17:38 AM]&lt;ERROR&gt;MouseClick Exception:Microsoft.VisualStudio.TestTools.UITest.Extension.FailedToPerformActionOnHiddenControlException: Cannot perform 'Click' on the hidden control. Additional Details: 
TechnologyName:  'Web'
ControlType:  'Hyperlink'
TagName:  'A'
Id:  'MiniShopCartCloseButton_2'
Name:  ''
Target:  ''
InnerText:  'Close  '
 ---&gt; System.Runtime.InteropServices.COMException: Exception from HRESULT: 0xF004F002
   at Microsoft.VisualStudio.TestTools.UITest.Playback.Engine.IScreenElement.MouseButtonClick(Int32 x, Int32 y, Int32 nButton, Int32 fEnsureVisible, String bstrKeyModifiers)
   at Microsoft.VisualStudio.TestTools.UITest.Playback.ScreenElement.MouseButtonClick(Int32 x, Int32 y, MouseButtons button, ModifierKeys modifierKeys, Int32 ensureVisible)
   at Microsoft.VisualStudio.TestTools.UITesting.UITestControl.Click(MouseButtons button, ModifierKeys modifierKeys, Point relativeCoordinates)
   --- End of inner exception stack trace ---
   at Microsoft.VisualStudio.TestTools.UITesting.Playback.MapAndThrowComException(COMException innerException, IPlaybackContext context)
   at Microsoft.VisualStudio.TestTools.UITesting.Playback.MapAndThrowException(SystemException exception, IPlaybackContext context)
   at Microsoft.VisualStudio.TestTools.UITesting.Playback.MapAndThrowException(SystemException exception, String actionName, UITestControl uiControl, Point point)
   at Microsoft.VisualStudio.TestTools.UITesting.UITestControl.Click(MouseButtons button, ModifierKeys modifierKeys, Point relativeCoordinates)
   at Microsoft.VisualStudio.TestTools.UITesting.UITestActionExecutorCore.Click(UITestControl control, MouseButtons button, ModifierKeys modifierKeys, Point relativeCoordinate)
   at Microsoft.VisualStudio.TestTools.UITesting.Mouse.ClickImplementation(UITestControl control, MouseButtons button, ModifierKeys modifierKeys, Point relativeCoordinate)
   at Microsoft.VisualStudio.TestTools.UITesting.Mouse.&lt;&gt;c__DisplayClass6.&lt;Click&gt;b__5()
   at Microsoft.VisualStudio.TestTools.UITesting.CodedUITestMethodInvoker.InvokeMethod[T](Func`1 function, UITestControl control, Boolean firePlaybackErrorEvent, Boolean logAsAction)
   at Microsoft.VisualStudio.TestTools.UITesting.Mouse.Click(UITestControl control, MouseButtons button, ModifierKeys modifierKeys, Point relativeCoordinate)
   at Microsoft.VisualStudio.TestTools.UITesting.Mouse.Click(UITestControl control)
   at TestAuto.LoggingAndSharedGenericMethods.MouseClick(UITestControl uiMenuItemTestControl) in c:\Builds\1\WebSphere\QATestAutomation\src\CodedUITest\SourceCode\Common\Logging\SharedMethods_Generic.cs:line 785
&lt;ERROR&gt;[5/15/2018 2:19:29 AM]&lt;ERROR&gt;BackOrderClick : failed executing ...The playback failed to find the control with the given search properties. Additional Details: 
TechnologyName:  'Web'
ControlType:  'Hyperlink'
TagName:  'A'
Id:  'add2CartBtn'
 Failed to find any control that matched the value add2CartBtn for the search property Id.
&lt;ERROR&gt;[5/15/2018 2:19:32 AM]&lt;ERROR&gt;MouseClick Exception:Microsoft.VisualStudio.TestTools.UITest.Extension.FailedToPerformActionOnHiddenControlException: Cannot perform 'Click' on the hidden control. Additional Details: 
TechnologyName:  'Web'
ControlType:  'Hyperlink'
TagName:  'A'
Id:  'MiniShopCartCloseButton_2'
Name:  ''
Target:  ''
InnerText:  'Close  '
 ---&gt; System.Runtime.InteropServices.COMException: Exception from HRESULT: 0xF004F002
   at Microsoft.VisualStudio.TestTools.UITest.Playback.Engine.IScreenElement.MouseButtonClick(Int32 x, Int32 y, Int32 nButton, Int32 fEnsureVisible, String bstrKeyModifiers)
   at Microsoft.VisualStudio.TestTools.UITest.Playback.ScreenElement.MouseButtonClick(Int32 x, Int32 y, MouseButtons button, ModifierKeys modifierKeys, Int32 ensureVisible)
   at Microsoft.VisualStudio.TestTools.UITesting.UITestControl.Click(MouseButtons button, ModifierKeys modifierKeys, Point relativeCoordinates)
   --- End of inner exception stack trace ---
   at Microsoft.VisualStudio.TestTools.UITesting.Playback.MapAndThrowComException(COMException innerException, IPlaybackContext context)
   at Microsoft.VisualStudio.TestTools.UITesting.Playback.MapAndThrowException(SystemException exception, IPlaybackContext context)
   at Microsoft.VisualStudio.TestTools.UITesting.Playback.MapAndThrowException(SystemException exception, String actionName, UITestControl uiControl, Point point)
   at Microsoft.VisualStudio.TestTools.UITesting.UITestControl.Click(MouseButtons button, ModifierKeys modifierKeys, Point relativeCoordinates)
   at Microsoft.VisualStudio.TestTools.UITesting.UITestActionExecutorCore.Click(UITestControl control, MouseButtons button, ModifierKeys modifierKeys, Point relativeCoordinate)
   at Microsoft.VisualStudio.TestTools.UITesting.Mouse.ClickImplementation(UITestControl control, MouseButtons button, ModifierKeys modifierKeys, Point relativeCoordinate)
   at Microsoft.VisualStudio.TestTools.UITesting.Mouse.&lt;&gt;c__DisplayClass6.&lt;Click&gt;b__5()
   at Microsoft.VisualStudio.TestTools.UITesting.CodedUITestMethodInvoker.InvokeMethod[T](Func`1 function, UITestControl control, Boolean firePlaybackErrorEvent, Boolean logAsAction)
   at Microsoft.VisualStudio.TestTools.UITesting.Mouse.Click(UITestControl control, MouseButtons button, ModifierKeys modifierKeys, Point relativeCoordinate)
   at Microsoft.VisualStudio.TestTools.UITesting.Mouse.Click(UITestControl control)
   at TestAuto.LoggingAndSharedGenericMethods.MouseClick(UITestControl uiMenuItemTestControl) in c:\Builds\1\WebSphere\QATestAutomation\src\CodedUITest\SourceCode\Common\Logging\SharedMethods_Generic.cs:line 785
&lt;ERROR&gt;[5/15/2018 2:20:54 AM]&lt;ERROR&gt;CartProductStatusDisplay : failed executing ...There is no row at position 1.</Message>
          <StackTrace>   at TestAuto.LoggingAndSharedGenericMethods.EndTest() in c:\Builds\1\WebSphere\QATestAutomation\src\CodedUITest\SourceCode\Common\Logging\Logging.cs:line 1628
   at TestAuto.CartDisplayTest.TestCleanup() in c:\Builds\1\WebSphere\QATestAutomation\src\CodedUITest\SourceCode\HHobby\CartDisplay\CartDisplay.cs:line 5472
</StackTrace>
        </ErrorInfo>
      </Output>
      <ResultFiles>
        <ResultFile path="CMP01-INDIASQA.horizonhobby.com\CartDisplayTestData_021524.xml" />
        <ResultFile path="CMP01-INDIASQA.horizonhobby.com\CartProductStatusDisplay_20180515021524.log" />
        <ResultFile path="CMP01-INDIASQA.horizonhobby.com\CartProductStatusDisplay_20180515021648.png" />
        <ResultFile path="CMP01-INDIASQA.horizonhobby.com\CartProductStatusDisplay_20180515021736.png" />
        <ResultFile path="CMP01-INDIASQA.horizonhobby.com\CartProductStatusDisplay_20180515021738.png" />
        <ResultFile path="CMP01-INDIASQA.horizonhobby.com\CartProductStatusDisplay_20180515021841.png" />
        <ResultFile path="CMP01-INDIASQA.horizonhobby.com\CartProductStatusDisplay_20180515021929.png" />
        <ResultFile path="CMP01-INDIASQA.horizonhobby.com\CartProductStatusDisplay_20180515021932.png" />
        <ResultFile path="CMP01-INDIASQA.horizonhobby.com\CartProductStatusDisplay_20180515022054.png" />
        <ResultFile path="CMP01-INDIASQA.horizonhobby.com\CartProductStatusDisplay_ResultsONLY_20180515021524.log" />
        <ResultFile path="CMP01-INDIASQA.horizonhobby.com\SharedCommonConfig.xml" />
      </ResultFiles>
    </UnitTestResult>
    <UnitTestResult executionId="8a6c76e3-ea54-484a-aa4d-70ff0bb3eee1" testId="0f5ac5f7-9750-7d9c-0e4d-0a99233a20e7" testName="TabOrderOnRegistrationPage" computerName="CMP01-INDIASQA" duration="00:02:18.9265411" startTime="2018-05-15T02:20:58.0443948-05:00" endTime="2018-05-15T02:23:17.0063948-05:00" testType="13cdc9d9-ddb5-4fa4-a97d-d965ccfc6d4b" outcome="Passed" testListId="8c84fa94-04c1-424b-9868-57a2d4851a1d">
      <Output>
        <StdOut>Logging to custom path:\\CMP01-YKumar\AutoLog[5/15/2018 2:20:58 AM]&lt;STARTLOG&gt;&lt;TabOrderOnRegistrationPage&gt;Test Started: Expecting: #PASS=Undefined and #FAIL=0
Running from MTM=True, running on machine name:CMP01-INDIASQA, user name=ykumar, OS=Microsoft Windows NT 6.1.7601 Service Pack 1, Is64BitOS=True[5/15/2018 2:20:59 AM]&lt;INFO&gt;LogCPUAndMemoryUsage: Available Memory = 24063(MB), CPU Usage = 30.30153%[5/15/2018 2:20:59 AM]&lt;INFO&gt;Private Working Set for QTAgent32_40, usage=267456 (K)[5/15/2018 2:20:59 AM]&lt;INFO&gt;Path To TestConfig xml=E:\LoadTestResult\VSEQT\QTAgent\26973\CMP01-INDIASQA.horizonhobby.com\Deployment\SharedCommonConfig.xml[5/15/2018 2:20:59 AM]&lt;INFO&gt;Path To TestData xml=E:\LoadTestResult\VSEQT\QTAgent\26973\CMP01-INDIASQA.horizonhobby.com\Deployment\MyAccountTestData_022058.xml[5/15/2018 2:20:59 AM]&lt;INFO&gt;Path To HorizonHobbyQA Application Url=https://www-tst.horizonhobby.com[5/15/2018 2:20:59 AM]&lt;INFO&gt;HorizonHobbyQA sql connection string=Server=cmp02-ws-tst-db01:50000;Database=TST01DB;UID=wcdbuser;PWD=h0r1z0n;Connect Timeout=30[5/15/2018 2:20:59 AM]&lt;INFO&gt;Country is := US and language id is := '-1'[5/15/2018 2:20:59 AM]&lt;INFO&gt;Current browser used for test execution is = 'IE'[5/15/2018 2:21:08 AM]&lt;INFO&gt;SurveyWindow : method executing ...[5/15/2018 2:21:16 AM]&lt;INFO&gt;ContinueOnCertificationErrorClickexecuting ...[5/15/2018 2:21:16 AM]&lt;Info&gt;DEAllBrowserWindow : Locating browser window...[5/15/2018 2:21:23 AM]&lt;Info&gt;AllBrowserWindow : Locating browser window...[5/15/2018 2:21:26 AM]&lt;Info&gt;AllBrowserWindow : Locating browser window...[5/15/2018 2:21:27 AM]&lt;PASS&gt;&lt;TabOrderOnRegistrationPage&gt;&lt; Validates that Focus is on Email Address &gt;[5/15/2018 2:21:28 AM]&lt;PASS&gt;&lt;ValidateFocusAfterTab&gt;&lt; Validates that Focus is on Password &gt;[5/15/2018 2:21:29 AM]&lt;PASS&gt;&lt;ValidateFocusAfterTab&gt;&lt; Validates that Focus is on Verify Password &gt;[5/15/2018 2:21:30 AM]&lt;PASS&gt;&lt;ValidateFocusAfterTab&gt;&lt; Validates that Focus is on First Name &gt;[5/15/2018 2:21:30 AM]&lt;PASS&gt;&lt;ValidateFocusAfterTab&gt;&lt; Validates that Focus is on Last Name &gt;[5/15/2018 2:21:31 AM]&lt;PASS&gt;&lt;ValidateFocusAfterTab&gt;&lt; Validates that Focus is on Country &gt;[5/15/2018 2:21:32 AM]&lt;PASS&gt;&lt;ValidateFocusAfterTab&gt;&lt; Validates that Focus is on Street1 &gt;[5/15/2018 2:21:33 AM]&lt;PASS&gt;&lt;ValidateFocusAfterTab&gt;&lt; Validates that Focus is on Street2 &gt;[5/15/2018 2:21:34 AM]&lt;PASS&gt;&lt;ValidateFocusAfterTab&gt;&lt; Validates that Focus is on City &gt;[5/15/2018 2:21:35 AM]&lt;PASS&gt;&lt;ValidateFocusAfterTab&gt;&lt; Validates that Focus is on State &gt;[5/15/2018 2:21:36 AM]&lt;PASS&gt;&lt;ValidateFocusAfterTab&gt;&lt; Validates that Focus is on Zip &gt;[5/15/2018 2:21:37 AM]&lt;PASS&gt;&lt;ValidateFocusAfterTab&gt;&lt; Validates that Focus is on Phone &gt;[5/15/2018 2:21:37 AM]&lt;Info&gt;AllBrowserWindow : Locating browser window...[5/15/2018 2:21:38 AM]&lt;PASS&gt;&lt;TabOrderOnRegistrationPage&gt;&lt; Validates user unable to enter more than 15 digits in Phone Number field&gt;[5/15/2018 2:21:38 AM]&lt;PASS&gt;&lt;TabOrderOnRegistrationPage&gt;&lt; Validates user unable to enter more than 15 digits in Phone Number field&gt;[5/15/2018 2:21:40 AM]&lt;INFO&gt;SurveyWindow : method executing ...[5/15/2018 2:21:49 AM]&lt;INFO&gt;ContinueOnCertificationErrorClickexecuting ...[5/15/2018 2:21:49 AM]&lt;Info&gt;DEAllBrowserWindow : Locating browser window...[5/15/2018 2:21:57 AM]&lt;INFO&gt;UserRegistration : method executing ...[5/15/2018 2:21:57 AM]&lt;Info&gt;AllBrowserWindow : Locating browser window...[5/15/2018 2:22:23 AM]&lt;Info&gt;AllBrowserWindow : Locating browser window...[5/15/2018 2:22:41 AM]&lt;Info&gt;AllBrowserWindow : Locating browser window...[5/15/2018 2:22:53 AM]&lt;Info&gt;AllBrowserWindow : Locating browser window...[5/15/2018 2:23:04 AM]&lt;Info&gt;AllBrowserWindow : Locating browser window...[5/15/2018 2:23:09 AM]&lt;Info&gt;AllBrowserWindow : Locating browser window...[5/15/2018 2:23:09 AM]&lt;Info&gt;AllBrowserWindow : Locating browser window...[5/15/2018 2:23:09 AM]&lt;Info&gt;AllBrowserWindow : Locating browser window...[5/15/2018 2:23:10 AM]&lt;Info&gt;AllBrowserWindow : Locating browser window...[5/15/2018 2:23:13 AM]&lt;PASS&gt;&lt;TabOrderOnRegistrationPage&gt;&lt; Validates user unable to enter more than 15 digits in Phone Number field in My Address Book&gt;[5/15/2018 2:23:13 AM]&lt;Info&gt;AllBrowserWindow : Locating browser window...[5/15/2018 2:23:13 AM]&lt;RESULT&gt;Test Ended:#PASS=15, #FAIL=0[5/15/2018 2:23:14 AM]&lt;INFO&gt;LogCPUAndMemoryUsage: Available Memory = 23689(MB), CPU Usage = 3.765614%[5/15/2018 2:23:14 AM]&lt;INFO&gt;Private Working Set for QTAgent32_40, usage=259016 (K)[5/15/2018 2:23:14 AM]&lt;RESULT&gt;&lt;TabOrderOnRegistrationPage&gt; Test PASSED</StdOut>
      </Output>
      <ResultFiles>
        <ResultFile path="CMP01-INDIASQA.horizonhobby.com\MyAccountTestData_022058.xml" />
        <ResultFile path="CMP01-INDIASQA.horizonhobby.com\SharedCommonConfig.xml" />
        <ResultFile path="CMP01-INDIASQA.horizonhobby.com\TabOrderOnRegistrationPage_20180515022058.log" />
        <ResultFile path="CMP01-INDIASQA.horizonhobby.com\TabOrderOnRegistrationPage_ResultsONLY_20180515022058.log" />
      </ResultFiles>
    </UnitTestResult>
    <UnitTestResult executionId="dfa52acd-3652-4e1d-a420-1ca7215eacfb" testId="dad0e815-6d01-86c2-e8bc-431427efc725" testName="CartQuantityUpdationGiftWrap" computerName="CMP01-INDIASQA" duration="00:01:27.2770209" startTime="2018-05-15T02:23:17.0113948-05:00" endTime="2018-05-15T02:24:44.3223948-05:00" testType="13cdc9d9-ddb5-4fa4-a97d-d965ccfc6d4b" outcome="Passed" testListId="8c84fa94-04c1-424b-9868-57a2d4851a1d">
      <Output>
        <StdOut>Logging to custom path:\\CMP01-YKumar\AutoLog[5/15/2018 2:23:17 AM]&lt;STARTLOG&gt;&lt;CartQuantityUpdationGiftWrap&gt;Test Started: Expecting: #PASS=Undefined and #FAIL=0
Running from MTM=True, running on machine name:CMP01-INDIASQA, user name=ykumar, OS=Microsoft Windows NT 6.1.7601 Service Pack 1, Is64BitOS=True[5/15/2018 2:23:18 AM]&lt;INFO&gt;LogCPUAndMemoryUsage: Available Memory = 23742(MB), CPU Usage = 18.45756%[5/15/2018 2:23:18 AM]&lt;INFO&gt;Private Working Set for QTAgent32_40, usage=259232 (K)[5/15/2018 2:23:18 AM]&lt;INFO&gt;Path To TestConfig xml=E:\LoadTestResult\VSEQT\QTAgent\26973\CMP01-INDIASQA.horizonhobby.com\Deployment\SharedCommonConfig.xml[5/15/2018 2:23:18 AM]&lt;INFO&gt;Path To TestData xml=E:\LoadTestResult\VSEQT\QTAgent\26973\CMP01-INDIASQA.horizonhobby.com\Deployment\CartDisplayTestData_022317.xml[5/15/2018 2:23:18 AM]&lt;INFO&gt;Path To HorizonHobbyQA Application Url=https://www-tst.horizonhobby.com[5/15/2018 2:23:18 AM]&lt;INFO&gt;HorizonHobbyQA sql connection string=Server=cmp02-ws-tst-db01:50000;Database=TST01DB;UID=wcdbuser;PWD=h0r1z0n;Connect Timeout=30[5/15/2018 2:23:18 AM]&lt;INFO&gt;Country is := US and language id is := '-1'[5/15/2018 2:23:18 AM]&lt;INFO&gt;Current browser used for test execution is = 'IE'[5/15/2018 2:23:21 AM]&lt;Info&gt;AllBrowserWindow : Locating browser window...[5/15/2018 2:23:24 AM]&lt;INFO&gt;SearchProductexecuting ... Searching term:= 'PRO347000'[5/15/2018 2:23:31 AM]&lt;Info&gt;AllBrowserWindow : Locating browser window...[5/15/2018 2:23:53 AM]&lt;INFO&gt;BackOrderClickexecuting ...[5/15/2018 2:23:54 AM]&lt;INFO&gt;GoToCartClickexecuting ...[5/15/2018 2:24:00 AM]&lt;Info&gt;AllBrowserWindow : Locating browser window...[5/15/2018 2:24:11 AM]&lt;PASS&gt;&lt;CartQuantityUpdationGiftWrap&gt;&lt;Cart consists of single item&gt;[5/15/2018 2:24:38 AM]&lt;PASS&gt;&lt;CartQuantityUpdationGiftWrap&gt;&lt;Gift wrapped item has quantity edit box disabled&gt;[5/15/2018 2:24:39 AM]&lt;PASS&gt;&lt;CartQuantityUpdationGiftWrap&gt;&lt;Gift wrapped item has quantity edit box disabled&gt;[5/15/2018 2:24:41 AM]&lt;PASS&gt;&lt;CartQuantityUpdationGiftWrap&gt;&lt;Cart consists of two items&gt;[5/15/2018 2:24:41 AM]&lt;RESULT&gt;Test Ended:#PASS=4, #FAIL=0[5/15/2018 2:24:42 AM]&lt;INFO&gt;LogCPUAndMemoryUsage: Available Memory = 23660(MB), CPU Usage = 15.17446%[5/15/2018 2:24:42 AM]&lt;INFO&gt;Private Working Set for QTAgent32_40, usage=253328 (K)[5/15/2018 2:24:42 AM]&lt;RESULT&gt;&lt;CartQuantityUpdationGiftWrap&gt; Test PASSED</StdOut>
      </Output>
      <ResultFiles />
    </UnitTestResult>
    <UnitTestResult executionId="8eb056d8-7ccd-4c61-b2c6-dd6eae85d326" testId="3d6e0dd8-62f4-bfa7-d6dd-1b10af38a9c9" testName="LargeAmountCheckout" computerName="CMP01-INDIASQA" duration="00:05:36.6502138" startTime="2018-05-15T02:24:44.3253948-05:00" endTime="2018-05-15T02:30:21.0143948-05:00" testType="13cdc9d9-ddb5-4fa4-a97d-d965ccfc6d4b" outcome="Passed" testListId="8c84fa94-04c1-424b-9868-57a2d4851a1d">
      <Output>
        <StdOut>Logging to custom path:\\CMP01-YKumar\AutoLog[5/15/2018 2:24:44 AM]&lt;STARTLOG&gt;&lt;LargeAmountCheckout&gt;Test Started: Expecting: #PASS=Undefined and #FAIL=0
Running from MTM=True, running on machine name:CMP01-INDIASQA, user name=ykumar, OS=Microsoft Windows NT 6.1.7601 Service Pack 1, Is64BitOS=True[5/15/2018 2:24:45 AM]&lt;INFO&gt;LogCPUAndMemoryUsage: Available Memory = 23727(MB), CPU Usage = 18.25609%[5/15/2018 2:24:45 AM]&lt;INFO&gt;Private Working Set for QTAgent32_40, usage=259692 (K)[5/15/2018 2:24:45 AM]&lt;INFO&gt;Path To TestConfig xml=E:\LoadTestResult\VSEQT\QTAgent\26973\CMP01-INDIASQA.horizonhobby.com\Deployment\SharedCommonConfig.xml[5/15/2018 2:24:45 AM]&lt;INFO&gt;Path To TestData xml=E:\LoadTestResult\VSEQT\QTAgent\26973\CMP01-INDIASQA.horizonhobby.com\Deployment\CheckoutCreditCard_022444.xml[5/15/2018 2:24:45 AM]&lt;INFO&gt;Path To HorizonHobbyQA Application Url=https://www-tst.horizonhobby.com[5/15/2018 2:24:45 AM]&lt;INFO&gt;HorizonHobbyQA sql connection string=Server=cmp02-ws-tst-db01:50000;Database=TST01DB;UID=wcdbuser;PWD=h0r1z0n;Connect Timeout=30[5/15/2018 2:24:45 AM]&lt;INFO&gt;Country is := US and language id is := '-1'[5/15/2018 2:24:45 AM]&lt;INFO&gt;Current browser used for test execution is = 'IE'[5/15/2018 2:24:50 AM]&lt;INFO&gt;SurveyWindow : method executing ...[5/15/2018 2:24:57 AM]&lt;INFO&gt;ContinueOnCertificationErrorClickexecuting ...[5/15/2018 2:24:57 AM]&lt;Info&gt;DEAllBrowserWindow : Locating browser window...[5/15/2018 2:25:04 AM]&lt;INFO&gt;UserRegistration : method executing ...[5/15/2018 2:25:04 AM]&lt;Info&gt;AllBrowserWindow : Locating browser window...[5/15/2018 2:25:30 AM]&lt;Info&gt;AllBrowserWindow : Locating browser window...[5/15/2018 2:25:55 AM]&lt;INFO&gt;SearchProductexecuting ... Searching term:= 'EVOG620329'[5/15/2018 2:26:01 AM]&lt;Info&gt;AllBrowserWindow : Locating browser window...[5/15/2018 2:26:01 AM]&lt;INFO&gt;BackOrderClickexecuting ...[5/15/2018 2:26:02 AM]&lt;INFO&gt;UpdateProdutPageQuantity : executing ...[5/15/2018 2:26:19 AM]&lt;INFO&gt;GoToCartClickexecuting ...[5/15/2018 2:26:30 AM]&lt;INFO&gt;CheckoutProcessStartShoppingCart : method executing[5/15/2018 2:26:30 AM]&lt;Info&gt;AllBrowserWindow : Locating browser window...[5/15/2018 2:26:38 AM]&lt;INFO&gt;CheckoutShoppingCartControls : method executing[5/15/2018 2:26:38 AM]&lt;Info&gt;AllBrowserWindow : Locating browser window...[5/15/2018 2:26:46 AM]&lt;INFO&gt;SelectCheckoutPaymentRadiobutton : method executing[5/15/2018 2:26:46 AM]&lt;INFO&gt;CheckoutCreditCardShippingAndBillingControls : method executing[5/15/2018 2:26:46 AM]&lt;Info&gt;AllBrowserWindow : Locating browser window...[5/15/2018 2:27:00 AM]&lt;INFO&gt;FillCreditCardDetails : method executing[5/15/2018 2:27:00 AM]&lt;INFO&gt;CheckoutCreditCardShippingAndBillingControls : method executing[5/15/2018 2:27:00 AM]&lt;Info&gt;AllBrowserWindow : Locating browser window...[5/15/2018 2:27:10 AM]&lt;INFO&gt;ClickReviewOrder : method executing[5/15/2018 2:27:10 AM]&lt;INFO&gt;CheckoutCreditCardShippingAndBillingControls : method executing[5/15/2018 2:27:10 AM]&lt;Info&gt;AllBrowserWindow : Locating browser window...[5/15/2018 2:27:15 AM]&lt;Info&gt;AllBrowserWindow : Locating browser window...[5/15/2018 2:27:21 AM]&lt;INFO&gt;PlaceOrderCreditCard : method executing[5/15/2018 2:27:21 AM]&lt;INFO&gt;CheckoutCreditCardShippingAndBillingControls : method executing[5/15/2018 2:27:21 AM]&lt;Info&gt;AllBrowserWindow : Locating browser window...[5/15/2018 2:27:30 AM]&lt;INFO&gt;KeyboardSendKeys method executing...[5/15/2018 2:29:10 AM]&lt;Info&gt;AllBrowserWindow : Locating browser window...[5/15/2018 2:29:22 AM]&lt;INFO&gt;OrderConfirmation : method executing[5/15/2018 2:29:22 AM]&lt;INFO&gt;OrderConfirmationUIControls : method executing[5/15/2018 2:29:22 AM]&lt;Info&gt;AllBrowserWindow : Locating browser window...[5/15/2018 2:29:26 AM]&lt;INFO&gt;SurveyWindow : method executing ...[5/15/2018 2:29:34 AM]&lt;PASS&gt;&lt;OrderConfirmation&gt;&lt; Validates Order Number ''True'' is generated successfully&gt;[5/15/2018 2:29:34 AM]&lt;INFO&gt;KeyboardSendKeys method executing...[5/15/2018 2:29:44 AM]&lt;INFO&gt;SingleProductOrderAmountValidation : method executing[5/15/2018 2:29:44 AM]&lt;INFO&gt;OrderConfirmationUIControls : method executing[5/15/2018 2:29:44 AM]&lt;Info&gt;AllBrowserWindow : Locating browser window...[5/15/2018 2:29:48 AM]&lt;INFO&gt;SingleProductOrderAmountValidation : method executing[5/15/2018 2:29:48 AM]&lt;PASS&gt;&lt;SingleProductOrderAmountValidation&gt;&lt; Validates expected authorization amount: '13941.43000' is equals actual authorization amount: '13941.43000'&gt;[5/15/2018 2:29:48 AM]&lt;INFO&gt;DeletOrderItem : method executing[5/15/2018 2:29:48 AM]&lt;INFO&gt;DeletOrderItem : method executing[5/15/2018 2:29:48 AM]&lt;INFO&gt;DeleteWishlistFromDatabase : method executing[5/15/2018 2:30:17 AM]&lt;RESULT&gt;Test Ended:#PASS=2, #FAIL=0[5/15/2018 2:30:18 AM]&lt;INFO&gt;LogCPUAndMemoryUsage: Available Memory = 24076(MB), CPU Usage = 5.807775%[5/15/2018 2:30:18 AM]&lt;INFO&gt;Private Working Set for QTAgent32_40, usage=257320 (K)[5/15/2018 2:30:18 AM]&lt;RESULT&gt;&lt;LargeAmountCheckout&gt; Test PASSED</StdOut>
      </Output>
      <ResultFiles>
        <ResultFile path="CMP01-INDIASQA.horizonhobby.com\CheckoutCreditCard_022444.xml" />
        <ResultFile path="CMP01-INDIASQA.horizonhobby.com\LargeAmountCheckout_20180515022444.log" />
        <ResultFile path="CMP01-INDIASQA.horizonhobby.com\LargeAmountCheckout_ResultsONLY_20180515022444.log" />
        <ResultFile path="CMP01-INDIASQA.horizonhobby.com\SharedCommonConfig.xml" />
      </ResultFiles>
    </UnitTestResult>
    <UnitTestResult executionId="806cdf0b-8b57-4734-9a4c-b34b56c43bd5" testId="c3943335-6b67-2c1e-404c-63af4febda33" testName="CreditCardCheckoutUSAddress" computerName="CMP01-INDIASQA" duration="00:15:59.2131157" startTime="2018-05-15T02:30:21.0173948-05:00" endTime="2018-05-15T02:46:20.2693948-05:00" testType="13cdc9d9-ddb5-4fa4-a97d-d965ccfc6d4b" outcome="Passed" testListId="8c84fa94-04c1-424b-9868-57a2d4851a1d">
      <Output>
        <StdOut>Logging to custom path:\\CMP01-YKumar\AutoLog[5/15/2018 2:30:21 AM]&lt;STARTLOG&gt;&lt;CreditCardCheckoutUSAddress&gt;Test Started: Expecting: #PASS=Undefined and #FAIL=0
Running from MTM=True, running on machine name:CMP01-INDIASQA, user name=ykumar, OS=Microsoft Windows NT 6.1.7601 Service Pack 1, Is64BitOS=True[5/15/2018 2:30:22 AM]&lt;INFO&gt;LogCPUAndMemoryUsage: Available Memory = 24120(MB), CPU Usage = 19.349%[5/15/2018 2:30:22 AM]&lt;INFO&gt;Private Working Set for QTAgent32_40, usage=257448 (K)[5/15/2018 2:30:22 AM]&lt;INFO&gt;Path To TestConfig xml=E:\LoadTestResult\VSEQT\QTAgent\26973\CMP01-INDIASQA.horizonhobby.com\Deployment\SharedCommonConfig.xml[5/15/2018 2:30:22 AM]&lt;INFO&gt;Path To TestData xml=E:\LoadTestResult\VSEQT\QTAgent\26973\CMP01-INDIASQA.horizonhobby.com\Deployment\CheckoutCreditCard_023021.xml[5/15/2018 2:30:22 AM]&lt;INFO&gt;Path To HorizonHobbyQA Application Url=https://www-tst.horizonhobby.com[5/15/2018 2:30:22 AM]&lt;INFO&gt;HorizonHobbyQA sql connection string=Server=cmp02-ws-tst-db01:50000;Database=TST01DB;UID=wcdbuser;PWD=h0r1z0n;Connect Timeout=30[5/15/2018 2:30:22 AM]&lt;INFO&gt;Country is := US and language id is := '-1'[5/15/2018 2:30:22 AM]&lt;INFO&gt;Current browser used for test execution is = 'IE'[5/15/2018 2:30:27 AM]&lt;INFO&gt;SurveyWindow : method executing ...[5/15/2018 2:30:34 AM]&lt;INFO&gt;ContinueOnCertificationErrorClickexecuting ...[5/15/2018 2:30:34 AM]&lt;Info&gt;DEAllBrowserWindow : Locating browser window...[5/15/2018 2:30:41 AM]&lt;INFO&gt;UserRegistration : method executing ...[5/15/2018 2:30:41 AM]&lt;Info&gt;AllBrowserWindow : Locating browser window...[5/15/2018 2:31:05 AM]&lt;Info&gt;AllBrowserWindow : Locating browser window...[5/15/2018 2:31:22 AM]&lt;Info&gt;AllBrowserWindow : Locating browser window...[5/15/2018 2:31:34 AM]&lt;INFO&gt;CheckoutCommonWorkflow : method executing[5/15/2018 2:31:34 AM]&lt;INFO&gt;SearchProductexecuting ... Searching term:= 'DUB300MS'[5/15/2018 2:31:40 AM]&lt;Info&gt;AllBrowserWindow : Locating browser window...[5/15/2018 2:31:41 AM]&lt;INFO&gt;BackOrderClickexecuting ...[5/15/2018 2:31:41 AM]&lt;INFO&gt;GoToCartClickexecuting ...[5/15/2018 2:31:48 AM]&lt;INFO&gt;CheckoutProcessStartShoppingCart : method executing[5/15/2018 2:31:48 AM]&lt;Info&gt;AllBrowserWindow : Locating browser window...[5/15/2018 2:31:57 AM]&lt;INFO&gt;CheckoutShoppingCartControls : method executing[5/15/2018 2:31:57 AM]&lt;Info&gt;AllBrowserWindow : Locating browser window...[5/15/2018 2:32:05 AM]&lt;Info&gt;AllBrowserWindow : Locating browser window...[5/15/2018 2:32:08 AM]&lt;INFO&gt;TotalValue : method executing ...[5/15/2018 2:32:08 AM]&lt;Info&gt;AllBrowserWindow : Locating browser window...[5/15/2018 2:32:09 AM]&lt;INFO&gt;ShippingAddressSelection : method executing[5/15/2018 2:32:09 AM]&lt;INFO&gt;CheckoutCreditCardShippingAndBillingControls : method executing[5/15/2018 2:32:09 AM]&lt;Info&gt;AllBrowserWindow : Locating browser window...[5/15/2018 2:32:13 AM]&lt;INFO&gt;SelectCheckoutPaymentRadiobutton : method executing[5/15/2018 2:32:13 AM]&lt;INFO&gt;CheckoutCreditCardShippingAndBillingControls : method executing[5/15/2018 2:32:13 AM]&lt;Info&gt;AllBrowserWindow : Locating browser window...[5/15/2018 2:32:25 AM]&lt;INFO&gt;FillCreditCardDetails : method executing[5/15/2018 2:32:25 AM]&lt;INFO&gt;CheckoutCreditCardShippingAndBillingControls : method executing[5/15/2018 2:32:25 AM]&lt;Info&gt;AllBrowserWindow : Locating browser window...[5/15/2018 2:32:34 AM]&lt;INFO&gt;ClickReviewOrder : method executing[5/15/2018 2:32:34 AM]&lt;INFO&gt;CheckoutCreditCardShippingAndBillingControls : method executing[5/15/2018 2:32:34 AM]&lt;Info&gt;AllBrowserWindow : Locating browser window...[5/15/2018 2:32:39 AM]&lt;Info&gt;AllBrowserWindow : Locating browser window...[5/15/2018 2:32:46 AM]&lt;INFO&gt;PlaceOrderCreditCard : method executing[5/15/2018 2:32:46 AM]&lt;INFO&gt;CheckoutCreditCardShippingAndBillingControls : method executing[5/15/2018 2:32:46 AM]&lt;Info&gt;AllBrowserWindow : Locating browser window...[5/15/2018 2:32:54 AM]&lt;INFO&gt;KeyboardSendKeys method executing...[5/15/2018 2:34:35 AM]&lt;Info&gt;AllBrowserWindow : Locating browser window...[5/15/2018 2:34:46 AM]&lt;INFO&gt;OrderConfirmation : method executing[5/15/2018 2:34:46 AM]&lt;INFO&gt;OrderConfirmationUIControls : method executing[5/15/2018 2:34:46 AM]&lt;Info&gt;AllBrowserWindow : Locating browser window...[5/15/2018 2:34:50 AM]&lt;INFO&gt;SurveyWindow : method executing ...[5/15/2018 2:34:58 AM]&lt;PASS&gt;&lt;OrderConfirmation&gt;&lt; Validates Order Number ''True'' is generated successfully&gt;[5/15/2018 2:34:58 AM]&lt;INFO&gt;SingleProductOrderAmountValidation : method executing[5/15/2018 2:34:58 AM]&lt;INFO&gt;OrderConfirmationUIControls : method executing[5/15/2018 2:34:58 AM]&lt;Info&gt;AllBrowserWindow : Locating browser window...[5/15/2018 2:35:02 AM]&lt;INFO&gt;SingleProductOrderAmountValidation : method executing[5/15/2018 2:35:02 AM]&lt;PASS&gt;&lt;SingleProductOrderAmountValidation&gt;&lt; Validates expected authorization amount: '8.79000' is equals actual authorization amount: '8.79000'&gt;[5/15/2018 2:35:02 AM]&lt;INFO&gt;DeletOrderItem : method executing[5/15/2018 2:35:02 AM]&lt;INFO&gt;DeletOrderItem : method executing[5/15/2018 2:35:02 AM]&lt;INFO&gt;DeleteWishlistFromDatabase : method executing[5/15/2018 2:35:48 AM]&lt;INFO&gt;SurveyWindow : method executing ...[5/15/2018 2:35:56 AM]&lt;INFO&gt;ContinueOnCertificationErrorClickexecuting ...[5/15/2018 2:35:56 AM]&lt;Info&gt;DEAllBrowserWindow : Locating browser window...[5/15/2018 2:36:03 AM]&lt;INFO&gt;UserRegistration : method executing ...[5/15/2018 2:36:03 AM]&lt;Info&gt;AllBrowserWindow : Locating browser window...[5/15/2018 2:36:26 AM]&lt;Info&gt;AllBrowserWindow : Locating browser window...[5/15/2018 2:36:48 AM]&lt;Info&gt;AllBrowserWindow : Locating browser window...[5/15/2018 2:36:59 AM]&lt;INFO&gt;CheckoutCommonWorkflow : method executing[5/15/2018 2:36:59 AM]&lt;INFO&gt;SearchProductexecuting ... Searching term:= 'DUB300MS'[5/15/2018 2:37:06 AM]&lt;Info&gt;AllBrowserWindow : Locating browser window...[5/15/2018 2:37:07 AM]&lt;INFO&gt;BackOrderClickexecuting ...[5/15/2018 2:37:07 AM]&lt;INFO&gt;GoToCartClickexecuting ...[5/15/2018 2:37:14 AM]&lt;INFO&gt;CheckoutProcessStartShoppingCart : method executing[5/15/2018 2:37:14 AM]&lt;Info&gt;AllBrowserWindow : Locating browser window...[5/15/2018 2:37:23 AM]&lt;INFO&gt;CheckoutShoppingCartControls : method executing[5/15/2018 2:37:23 AM]&lt;Info&gt;AllBrowserWindow : Locating browser window...[5/15/2018 2:37:31 AM]&lt;Info&gt;AllBrowserWindow : Locating browser window...[5/15/2018 2:37:35 AM]&lt;INFO&gt;TotalValue : method executing ...[5/15/2018 2:37:35 AM]&lt;Info&gt;AllBrowserWindow : Locating browser window...[5/15/2018 2:37:35 AM]&lt;INFO&gt;ShippingAddressSelection : method executing[5/15/2018 2:37:35 AM]&lt;INFO&gt;CheckoutCreditCardShippingAndBillingControls : method executing[5/15/2018 2:37:35 AM]&lt;Info&gt;AllBrowserWindow : Locating browser window...[5/15/2018 2:37:40 AM]&lt;INFO&gt;SelectCheckoutPaymentRadiobutton : method executing[5/15/2018 2:37:40 AM]&lt;INFO&gt;CheckoutCreditCardShippingAndBillingControls : method executing[5/15/2018 2:37:40 AM]&lt;Info&gt;AllBrowserWindow : Locating browser window...[5/15/2018 2:37:51 AM]&lt;INFO&gt;FillCreditCardDetails : method executing[5/15/2018 2:37:51 AM]&lt;INFO&gt;CheckoutCreditCardShippingAndBillingControls : method executing[5/15/2018 2:37:51 AM]&lt;Info&gt;AllBrowserWindow : Locating browser window...[5/15/2018 2:38:00 AM]&lt;INFO&gt;ClickReviewOrder : method executing[5/15/2018 2:38:00 AM]&lt;INFO&gt;CheckoutCreditCardShippingAndBillingControls : method executing[5/15/2018 2:38:00 AM]&lt;Info&gt;AllBrowserWindow : Locating browser window...[5/15/2018 2:38:05 AM]&lt;Info&gt;AllBrowserWindow : Locating browser window...[5/15/2018 2:38:12 AM]&lt;INFO&gt;PlaceOrderCreditCard : method executing[5/15/2018 2:38:12 AM]&lt;INFO&gt;CheckoutCreditCardShippingAndBillingControls : method executing[5/15/2018 2:38:12 AM]&lt;Info&gt;AllBrowserWindow : Locating browser window...[5/15/2018 2:38:20 AM]&lt;INFO&gt;KeyboardSendKeys method executing...[5/15/2018 2:40:01 AM]&lt;Info&gt;AllBrowserWindow : Locating browser window...[5/15/2018 2:40:12 AM]&lt;INFO&gt;OrderConfirmation : method executing[5/15/2018 2:40:12 AM]&lt;INFO&gt;OrderConfirmationUIControls : method executing[5/15/2018 2:40:12 AM]&lt;Info&gt;AllBrowserWindow : Locating browser window...[5/15/2018 2:40:16 AM]&lt;INFO&gt;SurveyWindow : method executing ...[5/15/2018 2:40:24 AM]&lt;PASS&gt;&lt;OrderConfirmation&gt;&lt; Validates Order Number ''True'' is generated successfully&gt;[5/15/2018 2:40:25 AM]&lt;INFO&gt;SingleProductOrderAmountValidation : method executing[5/15/2018 2:40:25 AM]&lt;INFO&gt;OrderConfirmationUIControls : method executing[5/15/2018 2:40:25 AM]&lt;Info&gt;AllBrowserWindow : Locating browser window...[5/15/2018 2:40:28 AM]&lt;INFO&gt;SingleProductOrderAmountValidation : method executing[5/15/2018 2:40:28 AM]&lt;PASS&gt;&lt;SingleProductOrderAmountValidation&gt;&lt; Validates expected authorization amount: '8.19000' is equals actual authorization amount: '8.19000'&gt;[5/15/2018 2:40:28 AM]&lt;INFO&gt;DeletOrderItem : method executing[5/15/2018 2:40:28 AM]&lt;INFO&gt;DeletOrderItem : method executing[5/15/2018 2:40:28 AM]&lt;INFO&gt;DeleteWishlistFromDatabase : method executing[5/15/2018 2:41:05 AM]&lt;INFO&gt;SurveyWindow : method executing ...[5/15/2018 2:41:13 AM]&lt;INFO&gt;ContinueOnCertificationErrorClickexecuting ...[5/15/2018 2:41:13 AM]&lt;Info&gt;DEAllBrowserWindow : Locating browser window...[5/15/2018 2:41:20 AM]&lt;INFO&gt;UserRegistration : method executing ...[5/15/2018 2:41:20 AM]&lt;Info&gt;AllBrowserWindow : Locating browser window...[5/15/2018 2:41:45 AM]&lt;Info&gt;AllBrowserWindow : Locating browser window...[5/15/2018 2:42:05 AM]&lt;Info&gt;AllBrowserWindow : Locating browser window...[5/15/2018 2:42:17 AM]&lt;INFO&gt;CheckoutCommonWorkflow : method executing[5/15/2018 2:42:17 AM]&lt;INFO&gt;SearchProductexecuting ... Searching term:= 'DUB300MS'[5/15/2018 2:42:24 AM]&lt;Info&gt;AllBrowserWindow : Locating browser window...[5/15/2018 2:42:24 AM]&lt;INFO&gt;BackOrderClickexecuting ...[5/15/2018 2:42:24 AM]&lt;INFO&gt;GoToCartClickexecuting ...[5/15/2018 2:42:31 AM]&lt;INFO&gt;CheckoutProcessStartShoppingCart : method executing[5/15/2018 2:42:31 AM]&lt;Info&gt;AllBrowserWindow : Locating browser window...[5/15/2018 2:42:41 AM]&lt;INFO&gt;CheckoutShoppingCartControls : method executing[5/15/2018 2:42:41 AM]&lt;Info&gt;AllBrowserWindow : Locating browser window...[5/15/2018 2:42:49 AM]&lt;Info&gt;AllBrowserWindow : Locating browser window...[5/15/2018 2:42:53 AM]&lt;INFO&gt;TotalValue : method executing ...[5/15/2018 2:42:53 AM]&lt;Info&gt;AllBrowserWindow : Locating browser window...[5/15/2018 2:42:53 AM]&lt;INFO&gt;ShippingAddressSelection : method executing[5/15/2018 2:42:53 AM]&lt;INFO&gt;CheckoutCreditCardShippingAndBillingControls : method executing[5/15/2018 2:42:53 AM]&lt;Info&gt;AllBrowserWindow : Locating browser window...[5/15/2018 2:42:57 AM]&lt;INFO&gt;SelectCheckoutPaymentRadiobutton : method executing[5/15/2018 2:42:57 AM]&lt;INFO&gt;CheckoutCreditCardShippingAndBillingControls : method executing[5/15/2018 2:42:57 AM]&lt;Info&gt;AllBrowserWindow : Locating browser window...[5/15/2018 2:43:09 AM]&lt;INFO&gt;FillCreditCardDetails : method executing[5/15/2018 2:43:09 AM]&lt;INFO&gt;CheckoutCreditCardShippingAndBillingControls : method executing[5/15/2018 2:43:09 AM]&lt;Info&gt;AllBrowserWindow : Locating browser window...[5/15/2018 2:43:19 AM]&lt;INFO&gt;ClickReviewOrder : method executing[5/15/2018 2:43:19 AM]&lt;INFO&gt;CheckoutCreditCardShippingAndBillingControls : method executing[5/15/2018 2:43:19 AM]&lt;Info&gt;AllBrowserWindow : Locating browser window...[5/15/2018 2:43:24 AM]&lt;Info&gt;AllBrowserWindow : Locating browser window...[5/15/2018 2:43:31 AM]&lt;INFO&gt;PlaceOrderCreditCard : method executing[5/15/2018 2:43:31 AM]&lt;INFO&gt;CheckoutCreditCardShippingAndBillingControls : method executing[5/15/2018 2:43:31 AM]&lt;Info&gt;AllBrowserWindow : Locating browser window...[5/15/2018 2:43:39 AM]&lt;INFO&gt;KeyboardSendKeys method executing...[5/15/2018 2:45:21 AM]&lt;Info&gt;AllBrowserWindow : Locating browser window...[5/15/2018 2:45:32 AM]&lt;INFO&gt;OrderConfirmation : method executing[5/15/2018 2:45:32 AM]&lt;INFO&gt;OrderConfirmationUIControls : method executing[5/15/2018 2:45:32 AM]&lt;Info&gt;AllBrowserWindow : Locating browser window...[5/15/2018 2:45:35 AM]&lt;INFO&gt;SurveyWindow : method executing ...[5/15/2018 2:45:43 AM]&lt;PASS&gt;&lt;OrderConfirmation&gt;&lt; Validates Order Number ''True'' is generated successfully&gt;[5/15/2018 2:45:44 AM]&lt;INFO&gt;SingleProductOrderAmountValidation : method executing[5/15/2018 2:45:44 AM]&lt;INFO&gt;OrderConfirmationUIControls : method executing[5/15/2018 2:45:44 AM]&lt;Info&gt;AllBrowserWindow : Locating browser window...[5/15/2018 2:45:48 AM]&lt;INFO&gt;SingleProductOrderAmountValidation : method executing[5/15/2018 2:45:48 AM]&lt;PASS&gt;&lt;SingleProductOrderAmountValidation&gt;&lt; Validates expected authorization amount: '8.19000' is equals actual authorization amount: '8.19000'&gt;[5/15/2018 2:45:48 AM]&lt;INFO&gt;DeletOrderItem : method executing[5/15/2018 2:45:48 AM]&lt;INFO&gt;DeletOrderItem : method executing[5/15/2018 2:45:48 AM]&lt;INFO&gt;DeleteWishlistFromDatabase : method executing[5/15/2018 2:46:19 AM]&lt;RESULT&gt;Test Ended:#PASS=6, #FAIL=0[5/15/2018 2:46:20 AM]&lt;INFO&gt;LogCPUAndMemoryUsage: Available Memory = 24109(MB), CPU Usage = 40.58404%[5/15/2018 2:46:20 AM]&lt;INFO&gt;Private Working Set for QTAgent32_40, usage=262128 (K)[5/15/2018 2:46:20 AM]&lt;RESULT&gt;&lt;CreditCardCheckoutUSAddress&gt; Test PASSED</StdOut>
      </Output>
      <ResultFiles>
        <ResultFile path="CMP01-INDIASQA.horizonhobby.com\CheckoutCreditCard_023021.xml" />
        <ResultFile path="CMP01-INDIASQA.horizonhobby.com\CreditCardCheckoutUSAddress_20180515023021.log" />
        <ResultFile path="CMP01-INDIASQA.horizonhobby.com\CreditCardCheckoutUSAddress_ResultsONLY_20180515023021.log" />
        <ResultFile path="CMP01-INDIASQA.horizonhobby.com\SharedCommonConfig.xml" />
      </ResultFiles>
    </UnitTestResult>
    <UnitTestResult executionId="07bf9dd5-7f21-41f1-9e6b-48908eba849e" testId="31b64b20-2e38-7f68-e596-84cced91efc4" testName="CreditCardCheckoutAlaskaAndHawaiiStateAddress" computerName="CMP01-INDIASQA" duration="00:10:09.3565102" startTime="2018-05-15T02:46:20.2713948-05:00" endTime="2018-05-15T02:56:29.6693948-05:00" testType="13cdc9d9-ddb5-4fa4-a97d-d965ccfc6d4b" outcome="Passed" testListId="8c84fa94-04c1-424b-9868-57a2d4851a1d">
      <Output>
        <StdOut>Logging to custom path:\\CMP01-YKumar\AutoLog[5/15/2018 2:46:20 AM]&lt;STARTLOG&gt;&lt;CreditCardCheckoutAlaskaAndHawaiiStateAddress&gt;Test Started: Expecting: #PASS=Undefined and #FAIL=0
Running from MTM=True, running on machine name:CMP01-INDIASQA, user name=ykumar, OS=Microsoft Windows NT 6.1.7601 Service Pack 1, Is64BitOS=True[5/15/2018 2:46:21 AM]&lt;INFO&gt;LogCPUAndMemoryUsage: Available Memory = 24117(MB), CPU Usage = 16.78659%[5/15/2018 2:46:21 AM]&lt;INFO&gt;Private Working Set for QTAgent32_40, usage=262140 (K)[5/15/2018 2:46:21 AM]&lt;INFO&gt;Path To TestConfig xml=E:\LoadTestResult\VSEQT\QTAgent\26973\CMP01-INDIASQA.horizonhobby.com\Deployment\SharedCommonConfig.xml[5/15/2018 2:46:21 AM]&lt;INFO&gt;Path To TestData xml=E:\LoadTestResult\VSEQT\QTAgent\26973\CMP01-INDIASQA.horizonhobby.com\Deployment\CheckoutCreditCard_024620.xml[5/15/2018 2:46:21 AM]&lt;INFO&gt;Path To HorizonHobbyQA Application Url=https://www-tst.horizonhobby.com[5/15/2018 2:46:21 AM]&lt;INFO&gt;HorizonHobbyQA sql connection string=Server=cmp02-ws-tst-db01:50000;Database=TST01DB;UID=wcdbuser;PWD=h0r1z0n;Connect Timeout=30[5/15/2018 2:46:21 AM]&lt;INFO&gt;Country is := US and language id is := '-1'[5/15/2018 2:46:21 AM]&lt;INFO&gt;Current browser used for test execution is = 'IE'[5/15/2018 2:46:28 AM]&lt;INFO&gt;SearchProductexecuting ... Searching term:= 'EFLDF151'[5/15/2018 2:46:35 AM]&lt;INFO&gt;SurveyWindow : method executing ...[5/15/2018 2:46:53 AM]&lt;Info&gt;AllBrowserWindow : Locating browser window...[5/15/2018 2:46:53 AM]&lt;INFO&gt;BackOrderClickexecuting ...[5/15/2018 2:46:54 AM]&lt;INFO&gt;GoToCartClickexecuting ...[5/15/2018 2:47:00 AM]&lt;INFO&gt;CheckoutProcessStartShoppingCart : method executing[5/15/2018 2:47:00 AM]&lt;Info&gt;AllBrowserWindow : Locating browser window...[5/15/2018 2:47:11 AM]&lt;INFO&gt;CheckoutShoppingCartControls : method executing[5/15/2018 2:47:11 AM]&lt;Info&gt;AllBrowserWindow : Locating browser window...[5/15/2018 2:47:25 AM]&lt;Info&gt;AllBrowserWindow : Locating browser window...[5/15/2018 2:47:34 AM]&lt;Info&gt;AllBrowserWindow : Locating browser window...[5/15/2018 2:47:41 AM]&lt;INFO&gt;FillBillingAndShippingAddressexecuting ...[5/15/2018 2:47:41 AM]&lt;Info&gt;AllBrowserWindow : Locating browser window...[5/15/2018 2:47:44 AM]&lt;INFO&gt;SelectBillingCountryexecuting ...[5/15/2018 2:47:50 AM]&lt;INFO&gt;SelectBillingStateexecuting ...[5/15/2018 2:48:14 AM]&lt;INFO&gt;GetShippingMethodRadioButtonControl : method executing[5/15/2018 2:48:14 AM]&lt;Info&gt;AllBrowserWindow : Locating browser window...[5/15/2018 2:48:21 AM]&lt;INFO&gt;ShippingMethodSelection : method executing[5/15/2018 2:48:21 AM]&lt;Info&gt;AllBrowserWindow : Locating browser window...[5/15/2018 2:48:26 AM]&lt;INFO&gt;GetAllShippingOptions : is executing ...[5/15/2018 2:48:26 AM]&lt;Info&gt;AllBrowserWindow : Locating browser window...[5/15/2018 2:48:28 AM]&lt;INFO&gt;SelectCheckoutPaymentRadiobutton : method executing[5/15/2018 2:48:28 AM]&lt;INFO&gt;CheckoutCreditCardShippingAndBillingControls : method executing[5/15/2018 2:48:28 AM]&lt;Info&gt;AllBrowserWindow : Locating browser window...[5/15/2018 2:48:39 AM]&lt;INFO&gt;FillCreditCardDetails : method executing[5/15/2018 2:48:39 AM]&lt;INFO&gt;CheckoutCreditCardShippingAndBillingControls : method executing[5/15/2018 2:48:39 AM]&lt;Info&gt;AllBrowserWindow : Locating browser window...[5/15/2018 2:48:49 AM]&lt;INFO&gt;ClickReviewOrder : method executing[5/15/2018 2:48:49 AM]&lt;INFO&gt;CheckoutCreditCardShippingAndBillingControls : method executing[5/15/2018 2:48:49 AM]&lt;Info&gt;AllBrowserWindow : Locating browser window...[5/15/2018 2:48:54 AM]&lt;Info&gt;AllBrowserWindow : Locating browser window...[5/15/2018 2:49:01 AM]&lt;INFO&gt;PlaceOrderCreditCard : method executing[5/15/2018 2:49:01 AM]&lt;INFO&gt;CheckoutCreditCardShippingAndBillingControls : method executing[5/15/2018 2:49:01 AM]&lt;Info&gt;AllBrowserWindow : Locating browser window...[5/15/2018 2:49:10 AM]&lt;INFO&gt;KeyboardSendKeys method executing...[5/15/2018 2:50:51 AM]&lt;Info&gt;AllBrowserWindow : Locating browser window...[5/15/2018 2:51:00 AM]&lt;INFO&gt;OrderConfirmation : method executing[5/15/2018 2:51:00 AM]&lt;INFO&gt;OrderConfirmationUIControls : method executing[5/15/2018 2:51:00 AM]&lt;Info&gt;AllBrowserWindow : Locating browser window...[5/15/2018 2:51:01 AM]&lt;INFO&gt;SurveyWindow : method executing ...[5/15/2018 2:51:10 AM]&lt;PASS&gt;&lt;OrderConfirmation&gt;&lt; Validates Order Number ''True'' is generated successfully&gt;[5/15/2018 2:51:10 AM]&lt;INFO&gt;SingleProductOrderAmountValidation : method executing[5/15/2018 2:51:10 AM]&lt;INFO&gt;OrderConfirmationUIControls : method executing[5/15/2018 2:51:10 AM]&lt;Info&gt;AllBrowserWindow : Locating browser window...[5/15/2018 2:51:11 AM]&lt;INFO&gt;SingleProductOrderAmountValidation : method executing[5/15/2018 2:51:11 AM]&lt;PASS&gt;&lt;SingleProductOrderAmountValidation&gt;&lt; Validates expected authorization amount: '41.98000' is equals actual authorization amount: '41.98000'&gt;[5/15/2018 2:51:11 AM]&lt;Info&gt;AllBrowserWindow : Locating browser window...[5/15/2018 2:51:16 AM]&lt;INFO&gt;SearchProductexecuting ... Searching term:= 'IRLVX4CK2'[5/15/2018 2:51:23 AM]&lt;INFO&gt;SurveyWindow : method executing ...[5/15/2018 2:51:43 AM]&lt;Info&gt;AllBrowserWindow : Locating browser window...[5/15/2018 2:51:43 AM]&lt;INFO&gt;BackOrderClickexecuting ...[5/15/2018 2:51:43 AM]&lt;INFO&gt;GoToCartClickexecuting ...[5/15/2018 2:51:49 AM]&lt;INFO&gt;CheckoutProcessStartShoppingCart : method executing[5/15/2018 2:51:49 AM]&lt;Info&gt;AllBrowserWindow : Locating browser window...[5/15/2018 2:51:59 AM]&lt;INFO&gt;CheckoutShoppingCartControls : method executing[5/15/2018 2:51:59 AM]&lt;Info&gt;AllBrowserWindow : Locating browser window...[5/15/2018 2:52:15 AM]&lt;Info&gt;AllBrowserWindow : Locating browser window...[5/15/2018 2:52:24 AM]&lt;Info&gt;AllBrowserWindow : Locating browser window...[5/15/2018 2:52:30 AM]&lt;INFO&gt;FillShippingAddressEditexecuting ...[5/15/2018 2:52:30 AM]&lt;Info&gt;AllBrowserWindow : Locating browser window...[5/15/2018 2:52:45 AM]&lt;INFO&gt;CheckoutProcessStartShoppingCart : method executing[5/15/2018 2:52:45 AM]&lt;Info&gt;AllBrowserWindow : Locating browser window...[5/15/2018 2:52:55 AM]&lt;INFO&gt;CheckoutShoppingCartControls : method executing[5/15/2018 2:52:55 AM]&lt;Info&gt;AllBrowserWindow : Locating browser window...[5/15/2018 2:53:12 AM]&lt;INFO&gt;GetShippingMethodRadioButtonControl : method executing[5/15/2018 2:53:12 AM]&lt;Info&gt;AllBrowserWindow : Locating browser window...[5/15/2018 2:53:18 AM]&lt;INFO&gt;ShippingMethodSelection : method executing[5/15/2018 2:53:18 AM]&lt;Info&gt;AllBrowserWindow : Locating browser window...[5/15/2018 2:53:23 AM]&lt;INFO&gt;GetAllShippingOptions : is executing ...[5/15/2018 2:53:23 AM]&lt;Info&gt;AllBrowserWindow : Locating browser window...[5/15/2018 2:53:26 AM]&lt;INFO&gt;SelectCheckoutPaymentRadiobutton : method executing[5/15/2018 2:53:26 AM]&lt;INFO&gt;CheckoutCreditCardShippingAndBillingControls : method executing[5/15/2018 2:53:26 AM]&lt;Info&gt;AllBrowserWindow : Locating browser window...[5/15/2018 2:53:38 AM]&lt;INFO&gt;FillCreditCardDetails : method executing[5/15/2018 2:53:38 AM]&lt;INFO&gt;CheckoutCreditCardShippingAndBillingControls : method executing[5/15/2018 2:53:38 AM]&lt;Info&gt;AllBrowserWindow : Locating browser window...[5/15/2018 2:53:49 AM]&lt;INFO&gt;ClickReviewOrder : method executing[5/15/2018 2:53:49 AM]&lt;INFO&gt;CheckoutCreditCardShippingAndBillingControls : method executing[5/15/2018 2:53:49 AM]&lt;Info&gt;AllBrowserWindow : Locating browser window...[5/15/2018 2:53:56 AM]&lt;Info&gt;AllBrowserWindow : Locating browser window...[5/15/2018 2:54:04 AM]&lt;INFO&gt;PlaceOrderCreditCard : method executing[5/15/2018 2:54:04 AM]&lt;INFO&gt;CheckoutCreditCardShippingAndBillingControls : method executing[5/15/2018 2:54:04 AM]&lt;Info&gt;AllBrowserWindow : Locating browser window...[5/15/2018 2:54:14 AM]&lt;INFO&gt;KeyboardSendKeys method executing...[5/15/2018 2:55:55 AM]&lt;Info&gt;AllBrowserWindow : Locating browser window...[5/15/2018 2:56:08 AM]&lt;INFO&gt;OrderConfirmation : method executing[5/15/2018 2:56:08 AM]&lt;INFO&gt;OrderConfirmationUIControls : method executing[5/15/2018 2:56:08 AM]&lt;Info&gt;AllBrowserWindow : Locating browser window...[5/15/2018 2:56:12 AM]&lt;INFO&gt;SurveyWindow : method executing ...[5/15/2018 2:56:21 AM]&lt;PASS&gt;&lt;OrderConfirmation&gt;&lt; Validates Order Number ''True'' is generated successfully&gt;[5/15/2018 2:56:21 AM]&lt;INFO&gt;SingleProductOrderAmountValidation : method executing[5/15/2018 2:56:21 AM]&lt;INFO&gt;OrderConfirmationUIControls : method executing[5/15/2018 2:56:21 AM]&lt;Info&gt;AllBrowserWindow : Locating browser window...[5/15/2018 2:56:26 AM]&lt;INFO&gt;SingleProductOrderAmountValidation : method executing[5/15/2018 2:56:26 AM]&lt;PASS&gt;&lt;SingleProductOrderAmountValidation&gt;&lt; Validates expected authorization amount: '96.99000' is equals actual authorization amount: '96.99000'&gt;[5/15/2018 2:56:26 AM]&lt;INFO&gt;DeletOrderItem : method executing[5/15/2018 2:56:26 AM]&lt;INFO&gt;DeletOrderItem : method executing[5/15/2018 2:56:26 AM]&lt;INFO&gt;DeletOrderItem : method executing[5/15/2018 2:56:26 AM]&lt;INFO&gt;DeletOrderItem : method executing[5/15/2018 2:56:26 AM]&lt;RESULT&gt;Test Ended:#PASS=4, #FAIL=0[5/15/2018 2:56:27 AM]&lt;INFO&gt;LogCPUAndMemoryUsage: Available Memory = 24001(MB), CPU Usage = 1.427932%[5/15/2018 2:56:27 AM]&lt;INFO&gt;Private Working Set for QTAgent32_40, usage=262608 (K)[5/15/2018 2:56:27 AM]&lt;RESULT&gt;&lt;CreditCardCheckoutAlaskaAndHawaiiStateAddress&gt; Test PASSED</StdOut>
      </Output>
      <ResultFiles>
        <ResultFile path="CMP01-INDIASQA.horizonhobby.com\CheckoutCreditCard_024620.xml" />
        <ResultFile path="CMP01-INDIASQA.horizonhobby.com\CreditCardCheckoutAlaskaAndHawaiiStateAddress_20180515024620.log" />
        <ResultFile path="CMP01-INDIASQA.horizonhobby.com\CreditCardCheckoutAlaskaAndHawaiiStateAddress_ResultsONLY_20180515024620.log" />
        <ResultFile path="CMP01-INDIASQA.horizonhobby.com\SharedCommonConfig.xml" />
      </ResultFiles>
    </UnitTestResult>
    <UnitTestResult executionId="a3b80a42-21db-44f6-88cf-34da9a8ae38f" testId="1c46f8b2-092f-08d2-90da-504229765e5d" testName="CreditCardCheckoutPuertoRicoVirginIslandsAddress" computerName="CMP01-INDIASQA" duration="00:12:42.4926702" startTime="2018-05-15T02:56:29.6723948-05:00" endTime="2018-05-15T03:09:12.2003948-05:00" testType="13cdc9d9-ddb5-4fa4-a97d-d965ccfc6d4b" outcome="Passed" testListId="8c84fa94-04c1-424b-9868-57a2d4851a1d">
      <Output>
        <StdOut>Logging to custom path:\\CMP01-YKumar\AutoLog[5/15/2018 2:56:29 AM]&lt;STARTLOG&gt;&lt;CreditCardCheckoutPuertoRicoVirginIslandsAddress&gt;Test Started: Expecting: #PASS=Undefined and #FAIL=0
Running from MTM=True, running on machine name:CMP01-INDIASQA, user name=ykumar, OS=Microsoft Windows NT 6.1.7601 Service Pack 1, Is64BitOS=True[5/15/2018 2:56:30 AM]&lt;INFO&gt;LogCPUAndMemoryUsage: Available Memory = 24013(MB), CPU Usage = 20.45493%[5/15/2018 2:56:30 AM]&lt;INFO&gt;Private Working Set for QTAgent32_40, usage=262768 (K)[5/15/2018 2:56:30 AM]&lt;INFO&gt;Path To TestConfig xml=E:\LoadTestResult\VSEQT\QTAgent\26973\CMP01-INDIASQA.horizonhobby.com\Deployment\SharedCommonConfig.xml[5/15/2018 2:56:30 AM]&lt;INFO&gt;Path To TestData xml=E:\LoadTestResult\VSEQT\QTAgent\26973\CMP01-INDIASQA.horizonhobby.com\Deployment\CheckoutCreditCard_025629.xml[5/15/2018 2:56:30 AM]&lt;INFO&gt;Path To HorizonHobbyQA Application Url=https://www-tst.horizonhobby.com[5/15/2018 2:56:30 AM]&lt;INFO&gt;HorizonHobbyQA sql connection string=Server=cmp02-ws-tst-db01:50000;Database=TST01DB;UID=wcdbuser;PWD=h0r1z0n;Connect Timeout=30[5/15/2018 2:56:30 AM]&lt;INFO&gt;Country is := US and language id is := '-1'[5/15/2018 2:56:30 AM]&lt;INFO&gt;Current browser used for test execution is = 'IE'[5/15/2018 2:56:38 AM]&lt;INFO&gt;SearchProductexecuting ... Searching term:= 'TAM87083'[5/15/2018 2:56:45 AM]&lt;INFO&gt;SurveyWindow : method executing ...[5/15/2018 2:57:03 AM]&lt;Info&gt;AllBrowserWindow : Locating browser window...[5/15/2018 2:57:03 AM]&lt;INFO&gt;BackOrderClickexecuting ...[5/15/2018 2:57:03 AM]&lt;INFO&gt;GoToCartClickexecuting ...[5/15/2018 2:57:09 AM]&lt;INFO&gt;CheckoutProcessStartShoppingCart : method executing[5/15/2018 2:57:09 AM]&lt;Info&gt;AllBrowserWindow : Locating browser window...[5/15/2018 2:57:19 AM]&lt;INFO&gt;CheckoutShoppingCartControls : method executing[5/15/2018 2:57:19 AM]&lt;Info&gt;AllBrowserWindow : Locating browser window...[5/15/2018 2:57:34 AM]&lt;Info&gt;AllBrowserWindow : Locating browser window...[5/15/2018 2:57:42 AM]&lt;Info&gt;AllBrowserWindow : Locating browser window...[5/15/2018 2:57:49 AM]&lt;INFO&gt;FillBillingAndShippingAddressexecuting ...[5/15/2018 2:57:49 AM]&lt;Info&gt;AllBrowserWindow : Locating browser window...[5/15/2018 2:57:52 AM]&lt;INFO&gt;SelectBillingCountryexecuting ...[5/15/2018 2:57:58 AM]&lt;INFO&gt;SelectBillingStateexecuting ...[5/15/2018 2:58:22 AM]&lt;INFO&gt;GetShippingMethodRadioButtonControl : method executing[5/15/2018 2:58:22 AM]&lt;Info&gt;AllBrowserWindow : Locating browser window...[5/15/2018 2:58:29 AM]&lt;INFO&gt;ShippingMethodSelection : method executing[5/15/2018 2:58:29 AM]&lt;Info&gt;AllBrowserWindow : Locating browser window...[5/15/2018 2:58:34 AM]&lt;INFO&gt;GetAllShippingOptions : is executing ...[5/15/2018 2:58:34 AM]&lt;Info&gt;AllBrowserWindow : Locating browser window...[5/15/2018 2:58:35 AM]&lt;INFO&gt;SelectCheckoutPaymentRadiobutton : method executing[5/15/2018 2:58:35 AM]&lt;INFO&gt;CheckoutCreditCardShippingAndBillingControls : method executing[5/15/2018 2:58:35 AM]&lt;Info&gt;AllBrowserWindow : Locating browser window...[5/15/2018 2:58:46 AM]&lt;INFO&gt;FillCreditCardDetails : method executing[5/15/2018 2:58:46 AM]&lt;INFO&gt;CheckoutCreditCardShippingAndBillingControls : method executing[5/15/2018 2:58:46 AM]&lt;Info&gt;AllBrowserWindow : Locating browser window...[5/15/2018 2:58:56 AM]&lt;INFO&gt;ClickReviewOrder : method executing[5/15/2018 2:58:56 AM]&lt;INFO&gt;CheckoutCreditCardShippingAndBillingControls : method executing[5/15/2018 2:58:56 AM]&lt;Info&gt;AllBrowserWindow : Locating browser window...[5/15/2018 2:59:01 AM]&lt;Info&gt;AllBrowserWindow : Locating browser window...[5/15/2018 2:59:08 AM]&lt;INFO&gt;PlaceOrderCreditCard : method executing[5/15/2018 2:59:08 AM]&lt;INFO&gt;CheckoutCreditCardShippingAndBillingControls : method executing[5/15/2018 2:59:08 AM]&lt;Info&gt;AllBrowserWindow : Locating browser window...[5/15/2018 2:59:17 AM]&lt;INFO&gt;KeyboardSendKeys method executing...[5/15/2018 3:00:58 AM]&lt;Info&gt;AllBrowserWindow : Locating browser window...[5/15/2018 3:01:09 AM]&lt;INFO&gt;OrderConfirmation : method executing[5/15/2018 3:01:09 AM]&lt;INFO&gt;OrderConfirmationUIControls : method executing[5/15/2018 3:01:09 AM]&lt;Info&gt;AllBrowserWindow : Locating browser window...[5/15/2018 3:01:13 AM]&lt;INFO&gt;SurveyWindow : method executing ...[5/15/2018 3:01:21 AM]&lt;PASS&gt;&lt;OrderConfirmation&gt;&lt; Validates Order Number ''True'' is generated successfully&gt;[5/15/2018 3:01:21 AM]&lt;INFO&gt;SingleProductOrderAmountValidation : method executing[5/15/2018 3:01:21 AM]&lt;INFO&gt;OrderConfirmationUIControls : method executing[5/15/2018 3:01:21 AM]&lt;Info&gt;AllBrowserWindow : Locating browser window...[5/15/2018 3:01:25 AM]&lt;INFO&gt;SingleProductOrderAmountValidation : method executing[5/15/2018 3:01:25 AM]&lt;PASS&gt;&lt;SingleProductOrderAmountValidation&gt;&lt; Validates expected authorization amount: '16.49000' is equals actual authorization amount: '16.49000'&gt;[5/15/2018 3:01:30 AM]&lt;Info&gt;AllBrowserWindow : Locating browser window...[5/15/2018 3:01:37 AM]&lt;INFO&gt;SearchProductexecuting ... Searching term:= 'EVO100109'[5/15/2018 3:01:44 AM]&lt;INFO&gt;SurveyWindow : method executing ...[5/15/2018 3:02:04 AM]&lt;Info&gt;AllBrowserWindow : Locating browser window...[5/15/2018 3:02:04 AM]&lt;INFO&gt;BackOrderClickexecuting ...[5/15/2018 3:02:04 AM]&lt;INFO&gt;GoToCartClickexecuting ...[5/15/2018 3:02:10 AM]&lt;INFO&gt;CheckoutProcessStartShoppingCart : method executing[5/15/2018 3:02:10 AM]&lt;Info&gt;AllBrowserWindow : Locating browser window...[5/15/2018 3:02:20 AM]&lt;INFO&gt;CheckoutShoppingCartControls : method executing[5/15/2018 3:02:20 AM]&lt;Info&gt;AllBrowserWindow : Locating browser window...[5/15/2018 3:02:36 AM]&lt;Info&gt;AllBrowserWindow : Locating browser window...[5/15/2018 3:02:44 AM]&lt;Info&gt;AllBrowserWindow : Locating browser window...[5/15/2018 3:02:50 AM]&lt;INFO&gt;FillShippingAddressEditexecuting ...[5/15/2018 3:02:50 AM]&lt;Info&gt;AllBrowserWindow : Locating browser window...[5/15/2018 3:03:05 AM]&lt;INFO&gt;CheckoutProcessStartShoppingCart : method executing[5/15/2018 3:03:05 AM]&lt;Info&gt;AllBrowserWindow : Locating browser window...[5/15/2018 3:03:15 AM]&lt;INFO&gt;CheckoutShoppingCartControls : method executing[5/15/2018 3:03:15 AM]&lt;Info&gt;AllBrowserWindow : Locating browser window...[5/15/2018 3:03:33 AM]&lt;INFO&gt;GetShippingMethodRadioButtonControl : method executing[5/15/2018 3:03:33 AM]&lt;Info&gt;AllBrowserWindow : Locating browser window...[5/15/2018 3:05:47 AM]&lt;INFO&gt;ShippingMethodSelection : method executing[5/15/2018 3:05:47 AM]&lt;Info&gt;AllBrowserWindow : Locating browser window...[5/15/2018 3:05:53 AM]&lt;INFO&gt;GetAllShippingOptions : is executing ...[5/15/2018 3:05:53 AM]&lt;Info&gt;AllBrowserWindow : Locating browser window...[5/15/2018 3:05:54 AM]&lt;INFO&gt;SelectCheckoutPaymentRadiobutton : method executing[5/15/2018 3:05:54 AM]&lt;INFO&gt;CheckoutCreditCardShippingAndBillingControls : method executing[5/15/2018 3:05:54 AM]&lt;Info&gt;AllBrowserWindow : Locating browser window...[5/15/2018 3:06:13 AM]&lt;INFO&gt;FillCreditCardDetails : method executing[5/15/2018 3:06:13 AM]&lt;INFO&gt;CheckoutCreditCardShippingAndBillingControls : method executing[5/15/2018 3:06:13 AM]&lt;Info&gt;AllBrowserWindow : Locating browser window...[5/15/2018 3:06:24 AM]&lt;INFO&gt;ClickReviewOrder : method executing[5/15/2018 3:06:25 AM]&lt;INFO&gt;CheckoutCreditCardShippingAndBillingControls : method executing[5/15/2018 3:06:25 AM]&lt;Info&gt;AllBrowserWindow : Locating browser window...[5/15/2018 3:06:31 AM]&lt;Info&gt;AllBrowserWindow : Locating browser window...[5/15/2018 3:06:47 AM]&lt;INFO&gt;PlaceOrderCreditCard : method executing[5/15/2018 3:06:47 AM]&lt;INFO&gt;CheckoutCreditCardShippingAndBillingControls : method executing[5/15/2018 3:06:47 AM]&lt;Info&gt;AllBrowserWindow : Locating browser window...[5/15/2018 3:06:58 AM]&lt;INFO&gt;KeyboardSendKeys method executing...[5/15/2018 3:08:38 AM]&lt;Info&gt;AllBrowserWindow : Locating browser window...[5/15/2018 3:08:51 AM]&lt;INFO&gt;OrderConfirmation : method executing[5/15/2018 3:08:51 AM]&lt;INFO&gt;OrderConfirmationUIControls : method executing[5/15/2018 3:08:51 AM]&lt;Info&gt;AllBrowserWindow : Locating browser window...[5/15/2018 3:08:54 AM]&lt;INFO&gt;SurveyWindow : method executing ...[5/15/2018 3:09:04 AM]&lt;PASS&gt;&lt;OrderConfirmation&gt;&lt; Validates Order Number ''True'' is generated successfully&gt;[5/15/2018 3:09:04 AM]&lt;INFO&gt;SingleProductOrderAmountValidation : method executing[5/15/2018 3:09:04 AM]&lt;INFO&gt;OrderConfirmationUIControls : method executing[5/15/2018 3:09:04 AM]&lt;Info&gt;AllBrowserWindow : Locating browser window...[5/15/2018 3:09:08 AM]&lt;INFO&gt;SingleProductOrderAmountValidation : method executing[5/15/2018 3:09:08 AM]&lt;PASS&gt;&lt;SingleProductOrderAmountValidation&gt;&lt; Validates expected authorization amount: '42.98000' is equals actual authorization amount: '42.98000'&gt;[5/15/2018 3:09:08 AM]&lt;INFO&gt;DeletOrderItem : method executing[5/15/2018 3:09:08 AM]&lt;INFO&gt;DeletOrderItem : method executing[5/15/2018 3:09:08 AM]&lt;INFO&gt;DeletOrderItem : method executing[5/15/2018 3:09:08 AM]&lt;INFO&gt;DeletOrderItem : method executing[5/15/2018 3:09:09 AM]&lt;RESULT&gt;Test Ended:#PASS=4, #FAIL=0[5/15/2018 3:09:10 AM]&lt;INFO&gt;LogCPUAndMemoryUsage: Available Memory = 23996(MB), CPU Usage = 17.40207%[5/15/2018 3:09:10 AM]&lt;INFO&gt;Private Working Set for QTAgent32_40, usage=270328 (K)[5/15/2018 3:09:10 AM]&lt;RESULT&gt;&lt;CreditCardCheckoutPuertoRicoVirginIslandsAddress&gt; Test PASSED</StdOut>
      </Output>
      <ResultFiles>
        <ResultFile path="CMP01-INDIASQA.horizonhobby.com\CheckoutCreditCard_025629.xml" />
        <ResultFile path="CMP01-INDIASQA.horizonhobby.com\CreditCardCheckoutPuertoRicoVirginIslandsAddress_20180515025629.log" />
        <ResultFile path="CMP01-INDIASQA.horizonhobby.com\CreditCardCheckoutPuertoRicoVirginIslandsAddress_ResultsONLY_20180515025629.log" />
        <ResultFile path="CMP01-INDIASQA.horizonhobby.com\SharedCommonConfig.xml" />
      </ResultFiles>
    </UnitTestResult>
    <UnitTestResult executionId="c2451d4a-22f2-4791-b044-7b62413a5f2e" testId="33076d14-57a0-b796-95c6-3fe741efa6e1" testName="CreditCardCheckoutPOboxesAddress" computerName="CMP01-INDIASQA" duration="00:05:50.8324562" startTime="2018-05-15T03:09:12.2023948-05:00" endTime="2018-05-15T03:15:03.0663948-05:00" testType="13cdc9d9-ddb5-4fa4-a97d-d965ccfc6d4b" outcome="Passed" testListId="8c84fa94-04c1-424b-9868-57a2d4851a1d">
      <Output>
        <StdOut>Logging to custom path:\\CMP01-YKumar\AutoLog[5/15/2018 3:09:12 AM]&lt;STARTLOG&gt;&lt;CreditCardCheckoutPOboxesAddress&gt;Test Started: Expecting: #PASS=Undefined and #FAIL=0
Running from MTM=True, running on machine name:CMP01-INDIASQA, user name=ykumar, OS=Microsoft Windows NT 6.1.7601 Service Pack 1, Is64BitOS=True[5/15/2018 3:09:13 AM]&lt;INFO&gt;LogCPUAndMemoryUsage: Available Memory = 24005(MB), CPU Usage = 18.33116%[5/15/2018 3:09:13 AM]&lt;INFO&gt;Private Working Set for QTAgent32_40, usage=270552 (K)[5/15/2018 3:09:13 AM]&lt;INFO&gt;Path To TestConfig xml=E:\LoadTestResult\VSEQT\QTAgent\26973\CMP01-INDIASQA.horizonhobby.com\Deployment\SharedCommonConfig.xml[5/15/2018 3:09:13 AM]&lt;INFO&gt;Path To TestData xml=E:\LoadTestResult\VSEQT\QTAgent\26973\CMP01-INDIASQA.horizonhobby.com\Deployment\CheckoutCreditCard_030912.xml[5/15/2018 3:09:13 AM]&lt;INFO&gt;Path To HorizonHobbyQA Application Url=https://www-tst.horizonhobby.com[5/15/2018 3:09:13 AM]&lt;INFO&gt;HorizonHobbyQA sql connection string=Server=cmp02-ws-tst-db01:50000;Database=TST01DB;UID=wcdbuser;PWD=h0r1z0n;Connect Timeout=30[5/15/2018 3:09:13 AM]&lt;INFO&gt;Country is := US and language id is := '-1'[5/15/2018 3:09:13 AM]&lt;INFO&gt;Current browser used for test execution is = 'IE'[5/15/2018 3:09:20 AM]&lt;INFO&gt;SearchProductexecuting ... Searching term:= 'EXL16006'[5/15/2018 3:09:26 AM]&lt;INFO&gt;SurveyWindow : method executing ...[5/15/2018 3:09:45 AM]&lt;Info&gt;AllBrowserWindow : Locating browser window...[5/15/2018 3:09:45 AM]&lt;INFO&gt;BackOrderClickexecuting ...[5/15/2018 3:09:45 AM]&lt;INFO&gt;GoToCartClickexecuting ...[5/15/2018 3:09:51 AM]&lt;INFO&gt;CheckoutProcessStartShoppingCart : method executing[5/15/2018 3:09:51 AM]&lt;Info&gt;AllBrowserWindow : Locating browser window...[5/15/2018 3:10:01 AM]&lt;INFO&gt;CheckoutShoppingCartControls : method executing[5/15/2018 3:10:01 AM]&lt;Info&gt;AllBrowserWindow : Locating browser window...[5/15/2018 3:10:15 AM]&lt;Info&gt;AllBrowserWindow : Locating browser window...[5/15/2018 3:10:24 AM]&lt;Info&gt;AllBrowserWindow : Locating browser window...[5/15/2018 3:10:30 AM]&lt;INFO&gt;FillBillingAndShippingAddressexecuting ...[5/15/2018 3:10:30 AM]&lt;Info&gt;AllBrowserWindow : Locating browser window...[5/15/2018 3:10:32 AM]&lt;INFO&gt;SelectBillingCountryexecuting ...[5/15/2018 3:10:39 AM]&lt;INFO&gt;SelectBillingStateexecuting ...[5/15/2018 3:11:02 AM]&lt;INFO&gt;GetShippingMethodRadioButtonControl : method executing[5/15/2018 3:11:02 AM]&lt;Info&gt;AllBrowserWindow : Locating browser window...[5/15/2018 3:11:09 AM]&lt;INFO&gt;ShippingMethodSelection : method executing[5/15/2018 3:11:09 AM]&lt;Info&gt;AllBrowserWindow : Locating browser window...[5/15/2018 3:11:14 AM]&lt;INFO&gt;GetAllShippingOptions : is executing ...[5/15/2018 3:11:14 AM]&lt;Info&gt;AllBrowserWindow : Locating browser window...[5/15/2018 3:11:16 AM]&lt;INFO&gt;SelectCheckoutPaymentRadiobutton : method executing[5/15/2018 3:11:16 AM]&lt;INFO&gt;CheckoutCreditCardShippingAndBillingControls : method executing[5/15/2018 3:11:16 AM]&lt;Info&gt;AllBrowserWindow : Locating browser window...[5/15/2018 3:11:27 AM]&lt;INFO&gt;FillCreditCardDetails : method executing[5/15/2018 3:11:27 AM]&lt;INFO&gt;CheckoutCreditCardShippingAndBillingControls : method executing[5/15/2018 3:11:27 AM]&lt;Info&gt;AllBrowserWindow : Locating browser window...[5/15/2018 3:11:35 AM]&lt;INFO&gt;ClickReviewOrder : method executing[5/15/2018 3:11:35 AM]&lt;INFO&gt;CheckoutCreditCardShippingAndBillingControls : method executing[5/15/2018 3:11:35 AM]&lt;Info&gt;AllBrowserWindow : Locating browser window...[5/15/2018 3:11:40 AM]&lt;Info&gt;AllBrowserWindow : Locating browser window...[5/15/2018 3:11:48 AM]&lt;INFO&gt;PlaceOrderCreditCard : method executing[5/15/2018 3:11:48 AM]&lt;INFO&gt;CheckoutCreditCardShippingAndBillingControls : method executing[5/15/2018 3:11:48 AM]&lt;Info&gt;AllBrowserWindow : Locating browser window...[5/15/2018 3:11:57 AM]&lt;INFO&gt;KeyboardSendKeys method executing...[5/15/2018 3:13:37 AM]&lt;Info&gt;AllBrowserWindow : Locating browser window...[5/15/2018 3:13:45 AM]&lt;INFO&gt;OrderConfirmation : method executing[5/15/2018 3:13:45 AM]&lt;INFO&gt;OrderConfirmationUIControls : method executing[5/15/2018 3:13:45 AM]&lt;Info&gt;AllBrowserWindow : Locating browser window...[5/15/2018 3:13:46 AM]&lt;INFO&gt;SurveyWindow : method executing ...[5/15/2018 3:13:54 AM]&lt;PASS&gt;&lt;OrderConfirmation&gt;&lt; Validates Order Number ''True'' is generated successfully&gt;[5/15/2018 3:13:54 AM]&lt;INFO&gt;SingleProductOrderAmountValidation : method executing[5/15/2018 3:13:54 AM]&lt;INFO&gt;OrderConfirmationUIControls : method executing[5/15/2018 3:13:54 AM]&lt;Info&gt;AllBrowserWindow : Locating browser window...[5/15/2018 3:13:55 AM]&lt;INFO&gt;SingleProductOrderAmountValidation : method executing[5/15/2018 3:13:55 AM]&lt;PASS&gt;&lt;SingleProductOrderAmountValidation&gt;&lt; Validates expected authorization amount: '11.05000' is equals actual authorization amount: '11.05000'&gt;[5/15/2018 3:13:55 AM]&lt;Info&gt;AllBrowserWindow : Locating browser window...[5/15/2018 3:14:02 AM]&lt;INFO&gt;System.Data.DataTable GetProductConditional(ProductStockStatusType, PriceCondition, System.String, System.String, System.String, System.String, System.String, System.String, Boolean) : No record found for price condition - 'PriceRange-&gt; 300-500' ; and stock condition - 'InStock'[5/15/2018 3:14:02 AM]&lt;INFO&gt;SearchProductexecuting ... Searching term:= 'ALC101'[5/15/2018 3:14:09 AM]&lt;Info&gt;AllBrowserWindow : Locating browser window...[5/15/2018 3:14:09 AM]&lt;INFO&gt;BackOrderClickexecuting ...[5/15/2018 3:14:10 AM]&lt;INFO&gt;GoToCartClickexecuting ...[5/15/2018 3:14:16 AM]&lt;INFO&gt;CheckoutProcessStartShoppingCart : method executing[5/15/2018 3:14:16 AM]&lt;Info&gt;AllBrowserWindow : Locating browser window...[5/15/2018 3:14:26 AM]&lt;INFO&gt;CheckoutShoppingCartControls : method executing[5/15/2018 3:14:26 AM]&lt;Info&gt;AllBrowserWindow : Locating browser window...[5/15/2018 3:14:42 AM]&lt;Info&gt;AllBrowserWindow : Locating browser window...[5/15/2018 3:14:59 AM]&lt;PASS&gt;&lt;CreditCardCheckoutPOboxesAddress&gt;&lt;Validate No Shipping Method available when Amount is greater than $250 (for PO BOX Address)&gt;[5/15/2018 3:14:59 AM]&lt;INFO&gt;DeletOrderItem : method executing[5/15/2018 3:14:59 AM]&lt;INFO&gt;DeletOrderItem : method executing[5/15/2018 3:14:59 AM]&lt;RESULT&gt;Test Ended:#PASS=3, #FAIL=0[5/15/2018 3:15:00 AM]&lt;INFO&gt;LogCPUAndMemoryUsage: Available Memory = 23485(MB), CPU Usage = 2.10937%[5/15/2018 3:15:00 AM]&lt;INFO&gt;Private Working Set for QTAgent32_40, usage=266144 (K)[5/15/2018 3:15:00 AM]&lt;RESULT&gt;&lt;CreditCardCheckoutPOboxesAddress&gt; Test PASSED</StdOut>
      </Output>
      <ResultFiles>
        <ResultFile path="CMP01-INDIASQA.horizonhobby.com\CheckoutCreditCard_030912.xml" />
        <ResultFile path="CMP01-INDIASQA.horizonhobby.com\CreditCardCheckoutPOboxesAddress_20180515030912.log" />
        <ResultFile path="CMP01-INDIASQA.horizonhobby.com\CreditCardCheckoutPOboxesAddress_ResultsONLY_20180515030912.log" />
        <ResultFile path="CMP01-INDIASQA.horizonhobby.com\SharedCommonConfig.xml" />
      </ResultFiles>
    </UnitTestResult>
    <UnitTestResult executionId="647f1e1e-2a9d-4679-9d12-5dd7edad6edf" testId="d0323589-1247-fba8-02e1-edcdaa59d87c" testName="CreditCardCheckoutAPOFPOAddress" computerName="CMP01-INDIASQA" duration="00:11:28.0915332" startTime="2018-05-15T03:15:03.0673948-05:00" endTime="2018-05-15T03:26:31.2333948-05:00" testType="13cdc9d9-ddb5-4fa4-a97d-d965ccfc6d4b" outcome="Failed" testListId="8c84fa94-04c1-424b-9868-57a2d4851a1d">
      <Output>
        <StdOut>Logging to custom path:\\CMP01-YKumar\AutoLogAssert.Fail failed. 
#Other errors=8
[Error details below]   at TestAuto.LoggingAndSharedGenericMethods.EndTest() in c:\Builds\1\WebSphere\QATestAutomation\src\CodedUITest\SourceCode\Common\Logging\Logging.cs:line 1628
   at TestAuto.CheckoutCreditCard.TestCleanup() in c:\Builds\1\WebSphere\QATestAutomation\src\CodedUITest\SourceCode\HHobby\Checkout\CheckoutCreditCard.cs:line 4170
[5/15/2018 3:15:03 AM]&lt;STARTLOG&gt;&lt;CreditCardCheckoutAPOFPOAddress&gt;Test Started: Expecting: #PASS=Undefined and #FAIL=0
Running from MTM=True, running on machine name:CMP01-INDIASQA, user name=ykumar, OS=Microsoft Windows NT 6.1.7601 Service Pack 1, Is64BitOS=True[5/15/2018 3:15:04 AM]&lt;INFO&gt;LogCPUAndMemoryUsage: Available Memory = 23520(MB), CPU Usage = 19.35013%[5/15/2018 3:15:04 AM]&lt;INFO&gt;Private Working Set for QTAgent32_40, usage=266328 (K)[5/15/2018 3:15:04 AM]&lt;INFO&gt;Path To TestConfig xml=E:\LoadTestResult\VSEQT\QTAgent\26973\CMP01-INDIASQA.horizonhobby.com\Deployment\SharedCommonConfig.xml[5/15/2018 3:15:04 AM]&lt;INFO&gt;Path To TestData xml=E:\LoadTestResult\VSEQT\QTAgent\26973\CMP01-INDIASQA.horizonhobby.com\Deployment\CheckoutCreditCard_031503.xml[5/15/2018 3:15:04 AM]&lt;INFO&gt;Path To HorizonHobbyQA Application Url=https://www-tst.horizonhobby.com[5/15/2018 3:15:04 AM]&lt;INFO&gt;HorizonHobbyQA sql connection string=Server=cmp02-ws-tst-db01:50000;Database=TST01DB;UID=wcdbuser;PWD=h0r1z0n;Connect Timeout=30[5/15/2018 3:15:04 AM]&lt;INFO&gt;Country is := US and language id is := '-1'[5/15/2018 3:15:04 AM]&lt;INFO&gt;Current browser used for test execution is = 'IE'[5/15/2018 3:15:12 AM]&lt;INFO&gt;SearchProductexecuting ... Searching term:= 'RPM80832'[5/15/2018 3:15:19 AM]&lt;INFO&gt;SurveyWindow : method executing ...[5/15/2018 3:15:38 AM]&lt;Info&gt;AllBrowserWindow : Locating browser window...[5/15/2018 3:15:38 AM]&lt;INFO&gt;BackOrderClickexecuting ...[5/15/2018 3:15:38 AM]&lt;INFO&gt;GoToCartClickexecuting ...[5/15/2018 3:15:44 AM]&lt;INFO&gt;CheckoutProcessStartShoppingCart : method executing[5/15/2018 3:15:44 AM]&lt;Info&gt;AllBrowserWindow : Locating browser window...[5/15/2018 3:15:54 AM]&lt;INFO&gt;CheckoutShoppingCartControls : method executing[5/15/2018 3:15:54 AM]&lt;Info&gt;AllBrowserWindow : Locating browser window...[5/15/2018 3:16:09 AM]&lt;Info&gt;AllBrowserWindow : Locating browser window...[5/15/2018 3:16:18 AM]&lt;Info&gt;AllBrowserWindow : Locating browser window...[5/15/2018 3:16:24 AM]&lt;INFO&gt;FillBillingAndShippingAddressexecuting ...[5/15/2018 3:16:24 AM]&lt;Info&gt;AllBrowserWindow : Locating browser window...[5/15/2018 3:16:26 AM]&lt;INFO&gt;SelectBillingCountryexecuting ...[5/15/2018 3:16:32 AM]&lt;INFO&gt;SelectBillingStateexecuting ...[5/15/2018 3:16:56 AM]&lt;INFO&gt;GetShippingMethodRadioButtonControl : method executing[5/15/2018 3:16:56 AM]&lt;Info&gt;AllBrowserWindow : Locating browser window...[5/15/2018 3:17:04 AM]&lt;INFO&gt;ShippingMethodSelection : method executing[5/15/2018 3:17:04 AM]&lt;Info&gt;AllBrowserWindow : Locating browser window...[5/15/2018 3:17:09 AM]&lt;INFO&gt;GetAllShippingOptions : is executing ...[5/15/2018 3:17:09 AM]&lt;Info&gt;AllBrowserWindow : Locating browser window...[5/15/2018 3:17:11 AM]&lt;INFO&gt;SelectCheckoutPaymentRadiobutton : method executing[5/15/2018 3:17:11 AM]&lt;INFO&gt;CheckoutCreditCardShippingAndBillingControls : method executing[5/15/2018 3:17:11 AM]&lt;Info&gt;AllBrowserWindow : Locating browser window...[5/15/2018 3:17:21 AM]&lt;INFO&gt;FillCreditCardDetails : method executing[5/15/2018 3:17:21 AM]&lt;INFO&gt;CheckoutCreditCardShippingAndBillingControls : method executing[5/15/2018 3:17:21 AM]&lt;Info&gt;AllBrowserWindow : Locating browser window...[5/15/2018 3:17:31 AM]&lt;INFO&gt;ClickReviewOrder : method executing[5/15/2018 3:17:31 AM]&lt;INFO&gt;CheckoutCreditCardShippingAndBillingControls : method executing[5/15/2018 3:17:31 AM]&lt;Info&gt;AllBrowserWindow : Locating browser window...[5/15/2018 3:17:36 AM]&lt;Info&gt;AllBrowserWindow : Locating browser window...[5/15/2018 3:17:43 AM]&lt;INFO&gt;PlaceOrderCreditCard : method executing[5/15/2018 3:17:43 AM]&lt;INFO&gt;CheckoutCreditCardShippingAndBillingControls : method executing[5/15/2018 3:17:43 AM]&lt;Info&gt;AllBrowserWindow : Locating browser window...[5/15/2018 3:17:52 AM]&lt;INFO&gt;KeyboardSendKeys method executing...[5/15/2018 3:19:32 AM]&lt;Info&gt;AllBrowserWindow : Locating browser window...[5/15/2018 3:19:48 AM]&lt;INFO&gt;OrderConfirmation : method executing[5/15/2018 3:19:48 AM]&lt;INFO&gt;OrderConfirmationUIControls : method executing[5/15/2018 3:19:48 AM]&lt;Info&gt;AllBrowserWindow : Locating browser window...[5/15/2018 3:19:52 AM]&lt;INFO&gt;SurveyWindow : method executing ...[5/15/2018 3:20:00 AM]&lt;PASS&gt;&lt;OrderConfirmation&gt;&lt; Validates Order Number ''True'' is generated successfully&gt;[5/15/2018 3:20:10 AM]&lt;INFO&gt;SingleProductOrderAmountValidation : method executing[5/15/2018 3:20:10 AM]&lt;INFO&gt;OrderConfirmationUIControls : method executing[5/15/2018 3:20:11 AM]&lt;Info&gt;AllBrowserWindow : Locating browser window...[5/15/2018 3:20:14 AM]&lt;INFO&gt;SingleProductOrderAmountValidation : method executing[5/15/2018 3:20:14 AM]&lt;PASS&gt;&lt;SingleProductOrderAmountValidation&gt;&lt; Validates expected authorization amount: '8.95000' is equals actual authorization amount: '8.95000'&gt;[5/15/2018 3:20:14 AM]&lt;Info&gt;AllBrowserWindow : Locating browser window...[5/15/2018 3:20:21 AM]&lt;INFO&gt;SearchProductexecuting ... Searching term:= 'TUP803'[5/15/2018 3:20:28 AM]&lt;INFO&gt;SurveyWindow : method executing ...[5/15/2018 3:20:48 AM]&lt;Info&gt;AllBrowserWindow : Locating browser window...[5/15/2018 3:20:48 AM]&lt;INFO&gt;BackOrderClickexecuting ...[5/15/2018 3:20:48 AM]&lt;INFO&gt;GoToCartClickexecuting ...[5/15/2018 3:20:54 AM]&lt;INFO&gt;CheckoutProcessStartShoppingCart : method executing[5/15/2018 3:20:54 AM]&lt;Info&gt;AllBrowserWindow : Locating browser window...[5/15/2018 3:21:03 AM]&lt;INFO&gt;CheckoutShoppingCartControls : method executing[5/15/2018 3:21:03 AM]&lt;Info&gt;AllBrowserWindow : Locating browser window...[5/15/2018 3:21:19 AM]&lt;Info&gt;AllBrowserWindow : Locating browser window...[5/15/2018 3:21:28 AM]&lt;Info&gt;AllBrowserWindow : Locating browser window...[5/15/2018 3:21:32 AM]&lt;INFO&gt;FillShippingAddressEditexecuting ...[5/15/2018 3:21:32 AM]&lt;Info&gt;AllBrowserWindow : Locating browser window...[5/15/2018 3:21:48 AM]&lt;INFO&gt;CheckoutProcessStartShoppingCart : method executing[5/15/2018 3:21:48 AM]&lt;Info&gt;AllBrowserWindow : Locating browser window...[5/15/2018 3:22:00 AM]&lt;INFO&gt;CheckoutShoppingCartControls : method executing[5/15/2018 3:22:00 AM]&lt;Info&gt;AllBrowserWindow : Locating browser window...[5/15/2018 3:22:17 AM]&lt;INFO&gt;GetShippingMethodRadioButtonControl : method executing[5/15/2018 3:22:17 AM]&lt;Info&gt;AllBrowserWindow : Locating browser window...[5/15/2018 3:22:22 AM]&lt;INFO&gt;ShippingMethodSelection : method executing[5/15/2018 3:22:22 AM]&lt;Info&gt;AllBrowserWindow : Locating browser window...[5/15/2018 3:22:27 AM]&lt;INFO&gt;GetAllShippingOptions : is executing ...[5/15/2018 3:22:27 AM]&lt;Info&gt;AllBrowserWindow : Locating browser window...[5/15/2018 3:22:28 AM]&lt;INFO&gt;Shipping method to select - 'USPS' - from available shipping methods :Assert.Fail failed. [5/15/2018 3:22:29 AM]&lt;ERROR&gt;ShippingMethodSelection : failed executing ...Index was out of range. Must be non-negative and less than the size of the collection.
Parameter name: index, 
    StackTrace:
    ShippingMethodSelection(),SharedCheckoutCreditCard.cs,Line Number:408
    CheckoutCommonWorkflowGuestUser(),SharedCheckoutCreditCard.cs,Line Number:1152
    CreditCardCheckoutAPOFPOAddress(),CheckoutCreditCard.cs,Line Number:1047[5/15/2018 3:22:29 AM]&lt;CaptureImage&gt;\\CMP01-YKumar\AutoLog\CMP01-INDIASQA\CreditCardCheckoutAPOFPOAddress_20180515032229.png[5/15/2018 3:22:29 AM]&lt;INFO&gt;SelectCheckoutPaymentRadiobutton : method executing[5/15/2018 3:22:29 AM]&lt;INFO&gt;CheckoutCreditCardShippingAndBillingControls : method executing[5/15/2018 3:22:29 AM]&lt;Info&gt;AllBrowserWindow : Locating browser window...[5/15/2018 3:22:39 AM]&lt;INFO&gt;FillCreditCardDetails : method executing[5/15/2018 3:22:39 AM]&lt;INFO&gt;CheckoutCreditCardShippingAndBillingControls : method executing[5/15/2018 3:22:39 AM]&lt;Info&gt;AllBrowserWindow : Locating browser window...[5/15/2018 3:22:51 AM]&lt;INFO&gt;ClickReviewOrder : method executing[5/15/2018 3:22:51 AM]&lt;INFO&gt;CheckoutCreditCardShippingAndBillingControls : method executing[5/15/2018 3:22:51 AM]&lt;Info&gt;AllBrowserWindow : Locating browser window...Assert.Fail failed. [5/15/2018 3:22:58 AM]&lt;ERROR&gt;ClickReviewOrder : failed executing ...Cannot perform 'Click' on the hidden control. Additional Details: 
TechnologyName:  'Web'
ControlType:  'Hyperlink'
TagName:  'A'
Id:  'shippingBillingPageNextPrepareCall'
Name:  ''
Target:  ''
InnerText:  'Review Order'
, 
    StackTrace:
    ClickReviewOrder(),SharedCheckoutCreditCard.cs,Line Number:605
    CheckoutCommonWorkflowGuestUser(),SharedCheckoutCreditCard.cs,Line Number:1160
    CreditCardCheckoutAPOFPOAddress(),CheckoutCreditCard.cs,Line Number:1047[5/15/2018 3:22:58 AM]&lt;CaptureImage&gt;\\CMP01-YKumar\AutoLog\CMP01-INDIASQA\CreditCardCheckoutAPOFPOAddress_20180515032258.png[5/15/2018 3:22:58 AM]&lt;INFO&gt;PlaceOrderCreditCard : method executing[5/15/2018 3:22:58 AM]&lt;INFO&gt;CheckoutCreditCardShippingAndBillingControls : method executing[5/15/2018 3:22:58 AM]&lt;Info&gt;AllBrowserWindow : Locating browser window...[5/15/2018 3:23:08 AM]&lt;INFO&gt;KeyboardSendKeys method executing...Assert.Fail failed. [5/15/2018 3:23:10 AM]&lt;ERROR&gt;PlaceOrderCreditCard : failed executing ...Cannot perform 'Click' on the hidden control. Additional Details: 
TechnologyName:  'Web'
ControlType:  'Button'
TagName:  'INPUT'
Id:  'submitCS'
Name:  ''
DisplayText:  ' Place Order'
Type:  'submit'
, 
    StackTrace:
    PlaceOrderCreditCard(),SharedCheckoutCreditCard.cs,Line Number:758
    PlaceOrder(),SharedCheckoutCreditCard.cs,Line Number:630
    PlaceOrder(),SharedCheckoutCreditCard.cs,Line Number:615
    CheckoutCommonWorkflowGuestUser(),SharedCheckoutCreditCard.cs,Line Number:1163
    CreditCardCheckoutAPOFPOAddress(),CheckoutCreditCard.cs,Line Number:1047[5/15/2018 3:23:10 AM]&lt;CaptureImage&gt;\\CMP01-YKumar\AutoLog\CMP01-INDIASQA\CreditCardCheckoutAPOFPOAddress_20180515032310.png[5/15/2018 3:23:10 AM]&lt;Info&gt;AllBrowserWindow : Locating browser window...[5/15/2018 3:23:56 AM]&lt;INFO&gt;OrderConfirmation : method executing[5/15/2018 3:23:56 AM]&lt;INFO&gt;OrderConfirmationUIControls : method executing[5/15/2018 3:23:56 AM]&lt;Info&gt;AllBrowserWindow : Locating browser window...[5/15/2018 3:24:29 AM]&lt;INFO&gt;SurveyWindow : method executing ...Assert.Fail failed. [5/15/2018 3:25:39 AM]&lt;ERROR&gt;OrderConfirmation : failed executing ...The playback failed to find the control with the given search properties. Additional Details: 
TechnologyName:  'Web'
ControlType:  'Pane'
TagName:  'SPAN'
Class:  'cart_orderConfirm_ordNumValue'
 Failed to find any control that matched the search condition ControlType='Pane' &amp;&amp; Class='cart_orderConfirm_ordNumValue', 
    StackTrace:
    OrderConfirmation(),SharedOrderedItems.cs,Line Number:69
    CreditCardCheckoutAPOFPOAddress(),CheckoutCreditCard.cs,Line Number:1051[5/15/2018 3:25:39 AM]&lt;CaptureImage&gt;\\CMP01-YKumar\AutoLog\CMP01-INDIASQA\CreditCardCheckoutAPOFPOAddress_20180515032539.png[5/15/2018 3:25:50 AM]&lt;INFO&gt;SingleProductOrderAmountValidation : method executing[5/15/2018 3:25:50 AM]&lt;INFO&gt;OrderConfirmationUIControls : method executing[5/15/2018 3:25:50 AM]&lt;Info&gt;AllBrowserWindow : Locating browser window...Assert.Fail failed. [5/15/2018 3:26:27 AM]&lt;ERROR&gt;SingleProductOrderAmountValidation : failed executing ...The playback failed to find the control with the given search properties. Additional Details: 
TechnologyName:  'Web'
ControlType:  'Pane'
TagName:  'SPAN'
Class:  'cart_orderConfirm_ordNumValue'
 Failed to find any control that matched the search condition ControlType='Pane' &amp;&amp; Class='cart_orderConfirm_ordNumValue', 
    StackTrace:
    SingleProductOrderAmountValidation(),SharedOrderedItems.cs,Line Number:91
    CreditCardCheckoutAPOFPOAddress(),CheckoutCreditCard.cs,Line Number:1055[5/15/2018 3:26:27 AM]&lt;CaptureImage&gt;\\CMP01-YKumar\AutoLog\CMP01-INDIASQA\CreditCardCheckoutAPOFPOAddress_20180515032627.png[5/15/2018 3:26:27 AM]&lt;INFO&gt;DeletOrderItem : method executing[5/15/2018 3:26:27 AM]&lt;INFO&gt;DeletOrderItem : method executing[5/15/2018 3:26:27 AM]&lt;INFO&gt;DeletOrderItem : method executing[5/15/2018 3:26:27 AM]&lt;INFO&gt;DeletOrderItem : method executingAssert.Fail failed. [5/15/2018 3:26:27 AM]&lt;ERROR&gt;ExecuteSQL:Exception SQL=Delete from X_ORD_GIFTCARD WHERE ORDER_ID ='':IBM.Data.DB2.DB2Exception (0x80004005): ERROR [22018] [IBM][DB2/LINUXX8664] SQL0420N  Invalid character found in a character string argument of the function "DECFLOAT".
   at IBM.Data.DB2.DB2Connection.HandleError(IntPtr hHandle, SQL_HANDLE hType, RETCODE retcode)
   at IBM.Data.DB2.DB2Command.a(Boolean A_0)
   at IBM.Data.DB2.DB2Command.b()
   at IBM.Data.DB2.DB2Command.ExecuteNonQuery()
   at TestAuto.LoggingAndSharedGenericMethods.ExecuteDB2(String sql, String connectionString, Int32 commandTimeout) in c:\Builds\1\WebSphere\QATestAutomation\src\CodedUITest\SourceCode\Common\Logging\SharedMethods_Generic.cs:line 4323, 
    StackTrace:
    ExecuteDB2(),SharedMethods_Generic.cs,Line Number:4328
    DeletOrderItem(),SharedMethods_Database.cs,Line Number:1195
    DeletOrderItem(),SharedOrderedItems.cs,Line Number:176
    CreditCardCheckoutAPOFPOAddress(),CheckoutCreditCard.cs,Line Number:1057Assert.Fail failed. [5/15/2018 3:26:27 AM]&lt;ERROR&gt;ExecuteSQL:Exception SQL=Delete from X_GIFTCARD_TXN WHERE ORDER_ID ='':IBM.Data.DB2.DB2Exception (0x80004005): ERROR [22018] [IBM][DB2/LINUXX8664] SQL0420N  Invalid character found in a character string argument of the function "DECFLOAT".
   at IBM.Data.DB2.DB2Connection.HandleError(IntPtr hHandle, SQL_HANDLE hType, RETCODE retcode)
   at IBM.Data.DB2.DB2Command.a(Boolean A_0)
   at IBM.Data.DB2.DB2Command.b()
   at IBM.Data.DB2.DB2Command.ExecuteNonQuery()
   at TestAuto.LoggingAndSharedGenericMethods.ExecuteDB2(String sql, String connectionString, Int32 commandTimeout) in c:\Builds\1\WebSphere\QATestAutomation\src\CodedUITest\SourceCode\Common\Logging\SharedMethods_Generic.cs:line 4323, 
    StackTrace:
    ExecuteDB2(),SharedMethods_Generic.cs,Line Number:4328
    DeletOrderItem(),SharedMethods_Database.cs,Line Number:1198
    DeletOrderItem(),SharedOrderedItems.cs,Line Number:176
    CreditCardCheckoutAPOFPOAddress(),CheckoutCreditCard.cs,Line Number:1057Assert.Fail failed. [5/15/2018 3:26:27 AM]&lt;ERROR&gt;ExecuteSQL:Exception SQL=Delete from ORDERS WHERE ORDERS_ID ='' AND STOREENT_ID = 10151:IBM.Data.DB2.DB2Exception (0x80004005): ERROR [22018] [IBM][DB2/LINUXX8664] SQL0420N  Invalid character found in a character string argument of the function "DECFLOAT".
   at IBM.Data.DB2.DB2Connection.HandleError(IntPtr hHandle, SQL_HANDLE hType, RETCODE retcode)
   at IBM.Data.DB2.DB2Command.a(Boolean A_0)
   at IBM.Data.DB2.DB2Command.b()
   at IBM.Data.DB2.DB2Command.ExecuteNonQuery()
   at TestAuto.LoggingAndSharedGenericMethods.ExecuteDB2(String sql, String connectionString, Int32 commandTimeout) in c:\Builds\1\WebSphere\QATestAutomation\src\CodedUITest\SourceCode\Common\Logging\SharedMethods_Generic.cs:line 4323, 
    StackTrace:
    ExecuteDB2(),SharedMethods_Generic.cs,Line Number:4328
    DeletOrderItem(),SharedMethods_Database.cs,Line Number:1201
    DeletOrderItem(),SharedOrderedItems.cs,Line Number:176
    CreditCardCheckoutAPOFPOAddress(),CheckoutCreditCard.cs,Line Number:1057[5/15/2018 3:26:28 AM]&lt;RESULT&gt;Test Ended:#PASS=2, #FAIL=0,#Other errors=8[5/15/2018 3:26:29 AM]&lt;INFO&gt;LogCPUAndMemoryUsage: Available Memory = 24020(MB), CPU Usage = 3.96042%[5/15/2018 3:26:29 AM]&lt;INFO&gt;Private Working Set for QTAgent32_40, usage=269628 (K)[5/15/2018 3:26:29 AM]&lt;RESULT&gt;&lt;CreditCardCheckoutAPOFPOAddress&gt; Test FAILED: #Other errors=8. See Error Message/logs for further details.</StdOut>
        <ErrorInfo>
          <Message>Assert.Fail failed. 
#Other errors=8
[Error details below]</Message>
          <StackTrace>   at TestAuto.LoggingAndSharedGenericMethods.EndTest() in c:\Builds\1\WebSphere\QATestAutomation\src\CodedUITest\SourceCode\Common\Logging\Logging.cs:line 1628
   at TestAuto.CheckoutCreditCard.TestCleanup() in c:\Builds\1\WebSphere\QATestAutomation\src\CodedUITest\SourceCode\HHobby\Checkout\CheckoutCreditCard.cs:line 4170
</StackTrace>
        </ErrorInfo>
      </Output>
      <ResultFiles>
        <ResultFile path="CMP01-INDIASQA.horizonhobby.com\CheckoutCreditCard_031503.xml" />
        <ResultFile path="CMP01-INDIASQA.horizonhobby.com\CreditCardCheckoutAPOFPOAddress_20180515031503.log" />
        <ResultFile path="CMP01-INDIASQA.horizonhobby.com\CreditCardCheckoutAPOFPOAddress_20180515032229.png" />
        <ResultFile path="CMP01-INDIASQA.horizonhobby.com\CreditCardCheckoutAPOFPOAddress_20180515032258.png" />
        <ResultFile path="CMP01-INDIASQA.horizonhobby.com\CreditCardCheckoutAPOFPOAddress_20180515032310.png" />
        <ResultFile path="CMP01-INDIASQA.horizonhobby.com\CreditCardCheckoutAPOFPOAddress_20180515032539.png" />
        <ResultFile path="CMP01-INDIASQA.horizonhobby.com\CreditCardCheckoutAPOFPOAddress_20180515032627.png" />
        <ResultFile path="CMP01-INDIASQA.horizonhobby.com\CreditCardCheckoutAPOFPOAddress_ResultsONLY_20180515031503.log" />
        <ResultFile path="CMP01-INDIASQA.horizonhobby.com\SharedCommonConfig.xml" />
      </ResultFiles>
    </UnitTestResult>
    <UnitTestResult executionId="359fe93b-89d3-4264-bbfb-9d41d84940e7" testId="935bcd49-05e6-9bab-ed85-69d93082b9f8" testName="CreditCardCheckoutWithPromoCode" computerName="CMP01-INDIASQA" duration="00:04:46.0757318" startTime="2018-05-15T03:26:31.2353948-05:00" endTime="2018-05-15T03:31:17.3503948-05:00" testType="13cdc9d9-ddb5-4fa4-a97d-d965ccfc6d4b" outcome="Passed" testListId="8c84fa94-04c1-424b-9868-57a2d4851a1d">
      <Output>
        <StdOut>Logging to custom path:\\CMP01-YKumar\AutoLog[5/15/2018 3:26:31 AM]&lt;STARTLOG&gt;&lt;CreditCardCheckoutWithPromoCode&gt;Test Started: Expecting: #PASS=Undefined and #FAIL=0
Running from MTM=True, running on machine name:CMP01-INDIASQA, user name=ykumar, OS=Microsoft Windows NT 6.1.7601 Service Pack 1, Is64BitOS=True[5/15/2018 3:26:32 AM]&lt;INFO&gt;LogCPUAndMemoryUsage: Available Memory = 24034(MB), CPU Usage = 16.92947%[5/15/2018 3:26:32 AM]&lt;INFO&gt;Private Working Set for QTAgent32_40, usage=269860 (K)[5/15/2018 3:26:32 AM]&lt;INFO&gt;Path To TestConfig xml=E:\LoadTestResult\VSEQT\QTAgent\26973\CMP01-INDIASQA.horizonhobby.com\Deployment\SharedCommonConfig.xml[5/15/2018 3:26:32 AM]&lt;INFO&gt;Path To TestData xml=E:\LoadTestResult\VSEQT\QTAgent\26973\CMP01-INDIASQA.horizonhobby.com\Deployment\CheckoutCreditCard_032631.xml[5/15/2018 3:26:32 AM]&lt;INFO&gt;Path To HorizonHobbyQA Application Url=https://www-tst.horizonhobby.com[5/15/2018 3:26:32 AM]&lt;INFO&gt;HorizonHobbyQA sql connection string=Server=cmp02-ws-tst-db01:50000;Database=TST01DB;UID=wcdbuser;PWD=h0r1z0n;Connect Timeout=30[5/15/2018 3:26:32 AM]&lt;INFO&gt;Country is := US and language id is := '-1'[5/15/2018 3:26:32 AM]&lt;INFO&gt;Current browser used for test execution is = 'IE'[5/15/2018 3:26:47 AM]&lt;Info&gt;AllBrowserWindow : Locating browser window...[5/15/2018 3:26:48 AM]&lt;INFO&gt;SurveyWindow : method executing ...[5/15/2018 3:26:55 AM]&lt;INFO&gt;ContinueOnCertificationErrorClickexecuting ...[5/15/2018 3:26:55 AM]&lt;Info&gt;DEAllBrowserWindow : Locating browser window...[5/15/2018 3:27:02 AM]&lt;INFO&gt;UserRegistration : method executing ...[5/15/2018 3:27:02 AM]&lt;Info&gt;AllBrowserWindow : Locating browser window...[5/15/2018 3:27:28 AM]&lt;Info&gt;AllBrowserWindow : Locating browser window...[5/15/2018 3:27:45 AM]&lt;Info&gt;AllBrowserWindow : Locating browser window...[5/15/2018 3:28:00 AM]&lt;INFO&gt;SearchProductexecuting ... Searching term:= 'TAM85004'[5/15/2018 3:28:06 AM]&lt;Info&gt;AllBrowserWindow : Locating browser window...[5/15/2018 3:28:07 AM]&lt;INFO&gt;BackOrderClickexecuting ...[5/15/2018 3:28:07 AM]&lt;INFO&gt;GoToCartClickexecuting ...[5/15/2018 3:28:14 AM]&lt;Info&gt;AllBrowserWindow : Locating browser window...[5/15/2018 3:28:24 AM]&lt;PASS&gt;&lt;CreditCardCheckoutWithPromoCode&gt;&lt;Promo Code Text Box appears&gt;[5/15/2018 3:28:24 AM]&lt;PASS&gt;&lt;CreditCardCheckoutWithPromoCode&gt;&lt;Apply Promo Code button appears&gt;[5/15/2018 3:28:24 AM]&lt;INFO&gt;CheckoutCreditCardShippingAndBillingControls : method executing[5/15/2018 3:28:24 AM]&lt;Info&gt;AllBrowserWindow : Locating browser window...[5/15/2018 3:28:40 AM]&lt;INFO&gt;GetOrderTotalAmount : is executing ...[5/15/2018 3:28:40 AM]&lt;INFO&gt;ApplyPromoCode : method executing ...  -funfrenz14[5/15/2018 3:28:40 AM]&lt;INFO&gt;SurveyWindow : method executing ...[5/15/2018 3:28:55 AM]&lt;INFO&gt;KeyboardSendKeys method executing...[5/15/2018 3:29:00 AM]&lt;INFO&gt;CheckoutCreditCardShippingAndBillingControls : method executing[5/15/2018 3:29:00 AM]&lt;Info&gt;AllBrowserWindow : Locating browser window...[5/15/2018 3:29:17 AM]&lt;PASS&gt;&lt;CreditCardCheckoutWithPromoCode&gt;&lt;Product Discount appears in Order Total Table &gt;[5/15/2018 3:29:17 AM]&lt;PASS&gt;&lt;CreditCardCheckoutWithPromoCode&gt;&lt;Order total after 10% discount is as expected &gt;[5/15/2018 3:29:17 AM]&lt;INFO&gt;CheckoutProcessStartShoppingCart : method executing[5/15/2018 3:29:17 AM]&lt;Info&gt;AllBrowserWindow : Locating browser window...[5/15/2018 3:29:24 AM]&lt;INFO&gt;CheckoutShoppingCartControls : method executing[5/15/2018 3:29:24 AM]&lt;Info&gt;AllBrowserWindow : Locating browser window...[5/15/2018 3:29:32 AM]&lt;INFO&gt;SelectCheckoutPaymentRadiobutton : method executing[5/15/2018 3:29:32 AM]&lt;INFO&gt;CheckoutCreditCardShippingAndBillingControls : method executing[5/15/2018 3:29:32 AM]&lt;Info&gt;AllBrowserWindow : Locating browser window...[5/15/2018 3:29:46 AM]&lt;PASS&gt;&lt;CreditCardCheckoutWithPromoCode&gt;&lt;Credit Card Holder Name field does not exist&gt;[5/15/2018 3:29:50 AM]&lt;PASS&gt;&lt;CreditCardCheckoutWithPromoCode&gt;&lt;No alert message exists before clicking on Review Order Button&gt;[5/15/2018 3:29:50 AM]&lt;INFO&gt;ClickReviewOrder : method executing[5/15/2018 3:29:50 AM]&lt;INFO&gt;CheckoutCreditCardShippingAndBillingControls : method executing[5/15/2018 3:29:50 AM]&lt;Info&gt;AllBrowserWindow : Locating browser window...[5/15/2018 3:29:55 AM]&lt;Info&gt;AllBrowserWindow : Locating browser window...[5/15/2018 3:29:57 AM]&lt;PASS&gt;&lt;CreditCardCheckoutWithPromoCode&gt;&lt;Enter valid credit card details alert message appears&gt;[5/15/2018 3:29:57 AM]&lt;INFO&gt;FillCreditCardDetails : method executing[5/15/2018 3:29:57 AM]&lt;INFO&gt;CheckoutCreditCardShippingAndBillingControls : method executing[5/15/2018 3:29:57 AM]&lt;Info&gt;AllBrowserWindow : Locating browser window...[5/15/2018 3:30:06 AM]&lt;INFO&gt;ClickReviewOrder : method executing[5/15/2018 3:30:06 AM]&lt;INFO&gt;CheckoutCreditCardShippingAndBillingControls : method executing[5/15/2018 3:30:06 AM]&lt;Info&gt;AllBrowserWindow : Locating browser window...[5/15/2018 3:30:10 AM]&lt;Info&gt;AllBrowserWindow : Locating browser window...[5/15/2018 3:30:13 AM]&lt;Info&gt;AllBrowserWindow : Locating browser window...[5/15/2018 3:30:14 AM]&lt;PASS&gt;&lt;CreditCardCheckoutWithPromoCode&gt;&lt;Edit Address button exists&gt;[5/15/2018 3:30:14 AM]&lt;PASS&gt;&lt;CreditCardCheckoutWithPromoCode&gt;&lt;Credit Card Holder Name field does not exist on order review page&gt;[5/15/2018 3:30:14 AM]&lt;PASS&gt;&lt;CreditCardCheckoutWithPromoCode&gt;&lt;Validate Top Place Order Button is appearing when paying by Credit Card &gt;[5/15/2018 3:30:14 AM]&lt;PASS&gt;&lt;CreditCardCheckoutWithPromoCode&gt;&lt;Validate Bottom Place Order Button is appearing when paying by Credit Card  &gt;[5/15/2018 3:30:15 AM]&lt;INFO&gt;OrderConfirmation : method executing[5/15/2018 3:30:15 AM]&lt;INFO&gt;OrderConfirmationUIControls : method executing[5/15/2018 3:30:15 AM]&lt;Info&gt;AllBrowserWindow : Locating browser window...[5/15/2018 3:30:31 AM]&lt;INFO&gt;SurveyWindow : method executing ...[5/15/2018 3:30:40 AM]&lt;PASS&gt;&lt;OrderConfirmation&gt;&lt; Validates Order Number ''True'' is generated successfully&gt;[5/15/2018 3:30:40 AM]&lt;INFO&gt;SingleProductOrderAmountValidation : method executing[5/15/2018 3:30:40 AM]&lt;INFO&gt;OrderConfirmationUIControls : method executing[5/15/2018 3:30:40 AM]&lt;Info&gt;AllBrowserWindow : Locating browser window...[5/15/2018 3:30:43 AM]&lt;INFO&gt;SingleProductOrderAmountValidation : method executing[5/15/2018 3:30:44 AM]&lt;PASS&gt;&lt;SingleProductOrderAmountValidation&gt;&lt; Validates expected authorization amount: '9.97000' is equals actual authorization amount: '9.97000'&gt;[5/15/2018 3:30:44 AM]&lt;INFO&gt;DeletOrderItem : method executing[5/15/2018 3:30:44 AM]&lt;INFO&gt;DeletOrderItem : method executing[5/15/2018 3:30:44 AM]&lt;INFO&gt;DeleteWishlistFromDatabase : method executing[5/15/2018 3:31:14 AM]&lt;RESULT&gt;Test Ended:#PASS=13, #FAIL=0[5/15/2018 3:31:15 AM]&lt;INFO&gt;LogCPUAndMemoryUsage: Available Memory = 24075(MB), CPU Usage = 25.77874%[5/15/2018 3:31:15 AM]&lt;INFO&gt;Private Working Set for QTAgent32_40, usage=265140 (K)[5/15/2018 3:31:15 AM]&lt;RESULT&gt;&lt;CreditCardCheckoutWithPromoCode&gt; Test PASSED</StdOut>
      </Output>
      <ResultFiles>
        <ResultFile path="CMP01-INDIASQA.horizonhobby.com\CheckoutCreditCard_032631.xml" />
        <ResultFile path="CMP01-INDIASQA.horizonhobby.com\CreditCardCheckoutWithPromoCode_20180515032631.log" />
        <ResultFile path="CMP01-INDIASQA.horizonhobby.com\CreditCardCheckoutWithPromoCode_ResultsONLY_20180515032631.log" />
        <ResultFile path="CMP01-INDIASQA.horizonhobby.com\SharedCommonConfig.xml" />
      </ResultFiles>
    </UnitTestResult>
    <UnitTestResult executionId="23581de1-e083-4c45-91b2-e1f04f5f8cf0" testId="aea2bd12-36fb-e640-fffa-97311e64b9a9" testName="CreditCardCheckoutCvvValidationLoggedInUsers" computerName="CMP01-INDIASQA" duration="00:05:49.7154565" startTime="2018-05-15T03:31:17.3533948-05:00" endTime="2018-05-15T03:37:07.1103948-05:00" testType="13cdc9d9-ddb5-4fa4-a97d-d965ccfc6d4b" outcome="Passed" testListId="8c84fa94-04c1-424b-9868-57a2d4851a1d">
      <Output>
        <StdOut>Logging to custom path:\\CMP01-YKumar\AutoLog[5/15/2018 3:31:17 AM]&lt;STARTLOG&gt;&lt;CreditCardCheckoutCvvValidationLoggedInUsers&gt;Test Started: Expecting: #PASS=Undefined and #FAIL=0
Running from MTM=True, running on machine name:CMP01-INDIASQA, user name=ykumar, OS=Microsoft Windows NT 6.1.7601 Service Pack 1, Is64BitOS=True[5/15/2018 3:31:18 AM]&lt;INFO&gt;LogCPUAndMemoryUsage: Available Memory = 24100(MB), CPU Usage = 16.14947%[5/15/2018 3:31:18 AM]&lt;INFO&gt;Private Working Set for QTAgent32_40, usage=265284 (K)[5/15/2018 3:31:18 AM]&lt;INFO&gt;Path To TestConfig xml=E:\LoadTestResult\VSEQT\QTAgent\26973\CMP01-INDIASQA.horizonhobby.com\Deployment\SharedCommonConfig.xml[5/15/2018 3:31:18 AM]&lt;INFO&gt;Path To TestData xml=E:\LoadTestResult\VSEQT\QTAgent\26973\CMP01-INDIASQA.horizonhobby.com\Deployment\CheckoutCreditCard_033117.xml[5/15/2018 3:31:18 AM]&lt;INFO&gt;Path To HorizonHobbyQA Application Url=https://www-tst.horizonhobby.com[5/15/2018 3:31:18 AM]&lt;INFO&gt;HorizonHobbyQA sql connection string=Server=cmp02-ws-tst-db01:50000;Database=TST01DB;UID=wcdbuser;PWD=h0r1z0n;Connect Timeout=30[5/15/2018 3:31:18 AM]&lt;INFO&gt;Country is := US and language id is := '-1'[5/15/2018 3:31:18 AM]&lt;INFO&gt;Current browser used for test execution is = 'IE'[5/15/2018 3:31:21 AM]&lt;INFO&gt;SurveyWindow : method executing ...[5/15/2018 3:31:31 AM]&lt;INFO&gt;SurveyWindow : method executing ...[5/15/2018 3:31:39 AM]&lt;INFO&gt;ContinueOnCertificationErrorClickexecuting ...[5/15/2018 3:31:39 AM]&lt;Info&gt;DEAllBrowserWindow : Locating browser window...[5/15/2018 3:31:46 AM]&lt;INFO&gt;UserRegistration : method executing ...[5/15/2018 3:31:46 AM]&lt;Info&gt;AllBrowserWindow : Locating browser window...[5/15/2018 3:32:14 AM]&lt;Info&gt;AllBrowserWindow : Locating browser window...[5/15/2018 3:32:32 AM]&lt;INFO&gt;SurveyWindow : method executing ...[5/15/2018 3:32:44 AM]&lt;INFO&gt;CommonWorkflow : method executing[5/15/2018 3:32:44 AM]&lt;INFO&gt;SearchProductexecuting ... Searching term:= 'ZENPH06'[5/15/2018 3:32:50 AM]&lt;Info&gt;AllBrowserWindow : Locating browser window...[5/15/2018 3:32:50 AM]&lt;INFO&gt;SurveyWindow : method executing ...[5/15/2018 3:33:09 AM]&lt;INFO&gt;BackOrderClickexecuting ...[5/15/2018 3:33:09 AM]&lt;INFO&gt;GoToCartClickexecuting ...[5/15/2018 3:33:15 AM]&lt;INFO&gt;CheckoutProcessStartShoppingCart : method executing[5/15/2018 3:33:15 AM]&lt;Info&gt;AllBrowserWindow : Locating browser window...[5/15/2018 3:33:24 AM]&lt;INFO&gt;CheckoutShoppingCartControls : method executing[5/15/2018 3:33:24 AM]&lt;Info&gt;AllBrowserWindow : Locating browser window...[5/15/2018 3:33:32 AM]&lt;Info&gt;AllBrowserWindow : Locating browser window...[5/15/2018 3:33:35 AM]&lt;INFO&gt;SelectCheckoutPaymentRadiobutton : method executing[5/15/2018 3:33:35 AM]&lt;INFO&gt;CheckoutCreditCardShippingAndBillingControls : method executing[5/15/2018 3:33:35 AM]&lt;Info&gt;AllBrowserWindow : Locating browser window...[5/15/2018 3:33:46 AM]&lt;Info&gt;AllBrowserWindow : Locating browser window...[5/15/2018 3:33:47 AM]&lt;PASS&gt;&lt;CreditCardCheckoutCvvValidationLoggedInUsers&gt;&lt;Credit Card Month Combo Default Value is blank&gt;[5/15/2018 3:33:47 AM]&lt;PASS&gt;&lt;CreditCardCheckoutCvvValidationLoggedInUsers&gt;&lt;Credit Card Year Combo Default Value is blank&gt;[5/15/2018 3:33:47 AM]&lt;INFO&gt;FillCreditCardDetails : method executing[5/15/2018 3:33:47 AM]&lt;INFO&gt;CheckoutCreditCardShippingAndBillingControls : method executing[5/15/2018 3:33:47 AM]&lt;Info&gt;AllBrowserWindow : Locating browser window...[5/15/2018 3:33:57 AM]&lt;INFO&gt;ClickReviewOrder : method executing[5/15/2018 3:33:57 AM]&lt;INFO&gt;CheckoutCreditCardShippingAndBillingControls : method executing[5/15/2018 3:33:57 AM]&lt;Info&gt;AllBrowserWindow : Locating browser window...[5/15/2018 3:34:02 AM]&lt;Info&gt;AllBrowserWindow : Locating browser window...[5/15/2018 3:34:04 AM]&lt;PASS&gt;&lt;CreditCardCheckoutCvvValidationLoggedInUsers&gt;&lt;CVV Error message appears on not entering CVV&gt;[5/15/2018 3:34:04 AM]&lt;Info&gt;AllBrowserWindow : Locating browser window...[5/15/2018 3:34:05 AM]&lt;PASS&gt;&lt;CreditCardCheckoutCvvValidationLoggedInUsers&gt;&lt;User not able to proceed without entering CVV&gt;[5/15/2018 3:34:05 AM]&lt;INFO&gt;FillCreditCardDetails : method executing[5/15/2018 3:34:05 AM]&lt;INFO&gt;CheckoutCreditCardShippingAndBillingControls : method executing[5/15/2018 3:34:05 AM]&lt;Info&gt;AllBrowserWindow : Locating browser window...[5/15/2018 3:34:12 AM]&lt;INFO&gt;ClickReviewOrder : method executing[5/15/2018 3:34:12 AM]&lt;INFO&gt;CheckoutCreditCardShippingAndBillingControls : method executing[5/15/2018 3:34:12 AM]&lt;Info&gt;AllBrowserWindow : Locating browser window...[5/15/2018 3:34:16 AM]&lt;Info&gt;AllBrowserWindow : Locating browser window...[5/15/2018 3:34:18 AM]&lt;INFO&gt;PlaceOrderCreditCard : method executing[5/15/2018 3:34:18 AM]&lt;INFO&gt;CheckoutCreditCardShippingAndBillingControls : method executing[5/15/2018 3:34:18 AM]&lt;Info&gt;AllBrowserWindow : Locating browser window...[5/15/2018 3:34:27 AM]&lt;INFO&gt;KeyboardSendKeys method executing...[5/15/2018 3:36:07 AM]&lt;Info&gt;AllBrowserWindow : Locating browser window...[5/15/2018 3:36:18 AM]&lt;INFO&gt;SingleProductOrderAmountValidation : method executing[5/15/2018 3:36:18 AM]&lt;INFO&gt;OrderConfirmationUIControls : method executing[5/15/2018 3:36:18 AM]&lt;Info&gt;AllBrowserWindow : Locating browser window...[5/15/2018 3:36:22 AM]&lt;INFO&gt;SingleProductOrderAmountValidation : method executing[5/15/2018 3:36:22 AM]&lt;PASS&gt;&lt;SingleProductOrderAmountValidation&gt;&lt; Validates expected authorization amount: '5.77000' is equals actual authorization amount: '5.77000'&gt;[5/15/2018 3:36:22 AM]&lt;INFO&gt;OrderConfirmation : method executing[5/15/2018 3:36:22 AM]&lt;INFO&gt;OrderConfirmationUIControls : method executing[5/15/2018 3:36:22 AM]&lt;Info&gt;AllBrowserWindow : Locating browser window...[5/15/2018 3:36:26 AM]&lt;INFO&gt;SurveyWindow : method executing ...[5/15/2018 3:36:34 AM]&lt;PASS&gt;&lt;OrderConfirmation&gt;&lt; Validates Order Number ''True'' is generated successfully&gt;[5/15/2018 3:36:34 AM]&lt;INFO&gt;DeletOrderItem : method executing[5/15/2018 3:36:34 AM]&lt;INFO&gt;DeletOrderItem : method executing[5/15/2018 3:36:34 AM]&lt;INFO&gt;DeleteWishlistFromDatabase : method executing[5/15/2018 3:37:03 AM]&lt;RESULT&gt;Test Ended:#PASS=6, #FAIL=0[5/15/2018 3:37:04 AM]&lt;INFO&gt;LogCPUAndMemoryUsage: Available Memory = 24129(MB), CPU Usage = 21.68781%[5/15/2018 3:37:05 AM]&lt;INFO&gt;Private Working Set for QTAgent32_40, usage=267464 (K)[5/15/2018 3:37:05 AM]&lt;RESULT&gt;&lt;CreditCardCheckoutCvvValidationLoggedInUsers&gt; Test PASSED</StdOut>
      </Output>
      <ResultFiles>
        <ResultFile path="CMP01-INDIASQA.horizonhobby.com\CheckoutCreditCard_033117.xml" />
        <ResultFile path="CMP01-INDIASQA.horizonhobby.com\CreditCardCheckoutCvvValidationLoggedInUsers_20180515033117.log" />
        <ResultFile path="CMP01-INDIASQA.horizonhobby.com\CreditCardCheckoutCvvValidationLoggedInUsers_ResultsONLY_20180515033117.log" />
        <ResultFile path="CMP01-INDIASQA.horizonhobby.com\SharedCommonConfig.xml" />
      </ResultFiles>
    </UnitTestResult>
  </Results>
  <TestDefinitions>
    <UnitTest id="c8982089-768d-ab8a-a955-d5b5cc39b49d" name="InternationalOrderLinkInDomesticSession" storage="\\cmp01-ykumar\qatestautomationbuildsdrop\qatestautomation\qatestautomation_20180514.3\borderfree.dll">
      <TcmInformation testCaseId="4531" testRunId="26974" testResultId="100016" />
      <Execution id="a50c9ecd-159a-4e05-977d-0c66701f2c2a" />
      <TestMethod codeBase="file://CMP01-YKUMAR/QATestAutomationBuildsDrop/QATestAutomation/QATestAutomation_20180514.3/BorderFree.DLL" className="TestAuto.BorderFree, BorderFree, Version=1.0.0.0, Culture=neutral, PublicKeyToken=null" name="InternationalOrderLinkInDomesticSession" adapterTypeName="Microsoft.VisualStudio.TestTools.TestTypes.Unit.UnitTestAdapter, Microsoft.VisualStudio.QualityTools.Tips.UnitTest.Adapter, Version=12.0.0.0, Culture=neutral, PublicKeyToken=b03f5f7f11d50a3a" />
    </UnitTest>
    <UnitTest id="64d6c1ec-8b93-695c-21fb-3a5995d3f809" name="CrossSiteScriptingUserRegistrationMyAccount" storage="\\cmp01-ykumar\qatestautomationbuildsdrop\qatestautomation\qatestautomation_20180514.3\crosssitescripting.dll">
      <TcmInformation testCaseId="6023" testRunId="26974" testResultId="100033" />
      <Execution id="19dba804-7011-460e-88e5-cab12ca24e06" />
      <TestMethod codeBase="file://CMP01-YKUMAR/QATestAutomationBuildsDrop/QATestAutomation/QATestAutomation_20180514.3/CrossSiteScripting.DLL" className="TestAuto.CrossSiteScripting, CrossSiteScripting, Version=1.0.0.0, Culture=neutral, PublicKeyToken=null" name="CrossSiteScriptingUserRegistrationMyAccount" adapterTypeName="Microsoft.VisualStudio.TestTools.TestTypes.Unit.UnitTestAdapter, Microsoft.VisualStudio.QualityTools.Tips.UnitTest.Adapter, Version=12.0.0.0, Culture=neutral, PublicKeyToken=b03f5f7f11d50a3a" />
    </UnitTest>
    <UnitTest id="db2ef7e1-7719-7bf2-58cf-5214e6db9b54" name="CrossSiteScriptingWebsiteVulnerabilitySearchProductPage" storage="\\cmp01-ykumar\qatestautomationbuildsdrop\qatestautomation\qatestautomation_20180514.3\crosssitescripting.dll">
      <TcmInformation testCaseId="6020" testRunId="26974" testResultId="100030" />
      <Execution id="f767d866-76a2-4e23-b340-e3c1114dfa23" />
      <TestMethod codeBase="file://CMP01-YKUMAR/QATestAutomationBuildsDrop/QATestAutomation/QATestAutomation_20180514.3/CrossSiteScripting.DLL" className="TestAuto.CrossSiteScripting, CrossSiteScripting, Version=1.0.0.0, Culture=neutral, PublicKeyToken=null" name="CrossSiteScriptingWebsiteVulnerabilitySearchProductPage" adapterTypeName="Microsoft.VisualStudio.TestTools.TestTypes.Unit.UnitTestAdapter, Microsoft.VisualStudio.QualityTools.Tips.UnitTest.Adapter, Version=12.0.0.0, Culture=neutral, PublicKeyToken=b03f5f7f11d50a3a" />
    </UnitTest>
    <UnitTest id="acfe74cc-d057-8fb8-9d6a-794ddd8c2552" name="ErrorMessagePostCorrectionOrderReviewPage" storage="\\cmp01-ykumar\qatestautomationbuildsdrop\qatestautomation\qatestautomation_20180514.3\checkout_test.dll">
      <TcmInformation testCaseId="6106" testRunId="26974" testResultId="100041" />
      <Execution id="cae26683-899a-4f68-9cce-307212da238a" />
      <TestMethod codeBase="file://CMP01-YKUMAR/QATestAutomationBuildsDrop/QATestAutomation/QATestAutomation_20180514.3/Checkout_Test.DLL" className="TestAuto.CheckoutCreditCard, Checkout_Test, Version=1.0.0.0, Culture=neutral, PublicKeyToken=null" name="ErrorMessagePostCorrectionOrderReviewPage" adapterTypeName="Microsoft.VisualStudio.TestTools.TestTypes.Unit.UnitTestAdapter, Microsoft.VisualStudio.QualityTools.Tips.UnitTest.Adapter, Version=12.0.0.0, Culture=neutral, PublicKeyToken=b03f5f7f11d50a3a" />
    </UnitTest>
    <UnitTest id="9b2292a3-d2a0-697b-3f1d-0ea34bc5a681" name="ContextChooserForInternationalAndDomestic" storage="\\cmp01-ykumar\qatestautomationbuildsdrop\qatestautomation\qatestautomation_20180514.3\borderfree.dll">
      <TcmInformation testCaseId="4530" testRunId="26974" testResultId="100015" />
      <Execution id="ffe07430-460d-48b8-accf-7eb360cb84fe" />
      <TestMethod codeBase="file://CMP01-YKUMAR/QATestAutomationBuildsDrop/QATestAutomation/QATestAutomation_20180514.3/BorderFree.DLL" className="TestAuto.BorderFree, BorderFree, Version=1.0.0.0, Culture=neutral, PublicKeyToken=null" name="ContextChooserForInternationalAndDomestic" adapterTypeName="Microsoft.VisualStudio.TestTools.TestTypes.Unit.UnitTestAdapter, Microsoft.VisualStudio.QualityTools.Tips.UnitTest.Adapter, Version=12.0.0.0, Culture=neutral, PublicKeyToken=b03f5f7f11d50a3a" />
    </UnitTest>
    <UnitTest id="f48df787-9539-ddea-93b2-f3fc233757e7" name="PreventEntryOfNonUSAddressesInShippingBillingMethodSignInUser" storage="\\cmp01-ykumar\qatestautomationbuildsdrop\qatestautomation\qatestautomation_20180514.3\borderfree.dll">
      <TcmInformation testCaseId="5112" testRunId="26974" testResultId="100019" />
      <Execution id="2fd400e9-2a86-42c6-8053-ebdc1a6063f0" />
      <TestMethod codeBase="file://CMP01-YKUMAR/QATestAutomationBuildsDrop/QATestAutomation/QATestAutomation_20180514.3/BorderFree.DLL" className="TestAuto.BorderFree, BorderFree, Version=1.0.0.0, Culture=neutral, PublicKeyToken=null" name="PreventEntryOfNonUSAddressesInShippingBillingMethodSignInUser" adapterTypeName="Microsoft.VisualStudio.TestTools.TestTypes.Unit.UnitTestAdapter, Microsoft.VisualStudio.QualityTools.Tips.UnitTest.Adapter, Version=12.0.0.0, Culture=neutral, PublicKeyToken=b03f5f7f11d50a3a" />
    </UnitTest>
    <UnitTest id="57c32460-3c38-efd3-dc3b-849a079eea64" name="PreventEntryOfNonUSAddressesInShippingBillinMethodGuestUser" storage="\\cmp01-ykumar\qatestautomationbuildsdrop\qatestautomation\qatestautomation_20180514.3\borderfree.dll">
      <TcmInformation testCaseId="5113" testRunId="26974" testResultId="100020" />
      <Execution id="f8a02a60-add5-4cf0-8cb3-ccad276d737e" />
      <TestMethod codeBase="file://CMP01-YKUMAR/QATestAutomationBuildsDrop/QATestAutomation/QATestAutomation_20180514.3/BorderFree.DLL" className="TestAuto.BorderFree, BorderFree, Version=1.0.0.0, Culture=neutral, PublicKeyToken=null" name="PreventEntryOfNonUSAddressesInShippingBillinMethodGuestUser" adapterTypeName="Microsoft.VisualStudio.TestTools.TestTypes.Unit.UnitTestAdapter, Microsoft.VisualStudio.QualityTools.Tips.UnitTest.Adapter, Version=12.0.0.0, Culture=neutral, PublicKeyToken=b03f5f7f11d50a3a" />
    </UnitTest>
    <UnitTest id="2c13f11c-4c3b-b325-ad09-0cb39bb944c1" name="ShoppingCartProductAndOrderDiscount" storage="\\cmp01-ykumar\qatestautomationbuildsdrop\qatestautomation\qatestautomation_20180514.3\cartdisplaytest.dll">
      <TcmInformation testCaseId="4425" testRunId="26974" testResultId="100004" />
      <Execution id="413544e4-8230-4c6e-9348-bd2ccecd4e66" />
      <TestMethod codeBase="file://CMP01-YKUMAR/QATestAutomationBuildsDrop/QATestAutomation/QATestAutomation_20180514.3/CartDisplayTest.DLL" className="TestAuto.CartDisplayTest, CartDisplayTest, Version=1.0.0.0, Culture=neutral, PublicKeyToken=null" name="ShoppingCartProductAndOrderDiscount" adapterTypeName="Microsoft.VisualStudio.TestTools.TestTypes.Unit.UnitTestAdapter, Microsoft.VisualStudio.QualityTools.Tips.UnitTest.Adapter, Version=12.0.0.0, Culture=neutral, PublicKeyToken=b03f5f7f11d50a3a" />
    </UnitTest>
    <UnitTest id="7eab8c63-501f-43ca-23a2-0e182a0a7362" name="AffirmWithGiftCardItem" storage="\\cmp01-ykumar\qatestautomationbuildsdrop\qatestautomation\qatestautomation_20180514.3\checkout_test.dll">
      <TcmInformation testCaseId="6665" testRunId="26974" testResultId="100048" />
      <Execution id="279c3447-1752-474c-b0c9-31c6691f6033" />
      <TestMethod codeBase="file://CMP01-YKUMAR/QATestAutomationBuildsDrop/QATestAutomation/QATestAutomation_20180514.3/Checkout_Test.DLL" className="TestAuto.CheckoutAffirmTest, Checkout_Test, Version=1.0.0.0, Culture=neutral, PublicKeyToken=null" name="AffirmWithGiftCardItem" adapterTypeName="Microsoft.VisualStudio.TestTools.TestTypes.Unit.UnitTestAdapter, Microsoft.VisualStudio.QualityTools.Tips.UnitTest.Adapter, Version=12.0.0.0, Culture=neutral, PublicKeyToken=b03f5f7f11d50a3a" />
    </UnitTest>
    <UnitTest id="f09ffc63-6939-094e-bfd3-b209000ae3f0" name="AddToWishlistQuickInfoWindow" storage="\\cmp01-ykumar\qatestautomationbuildsdrop\qatestautomation\qatestautomation_20180514.3\productpagetest.dll">
      <TcmInformation testCaseId="3982" testRunId="26974" testResultId="100001" />
      <Execution id="2a9964a9-a455-4774-be5f-bafdfcf65e94" />
      <TestMethod codeBase="file://CMP01-YKUMAR/QATestAutomationBuildsDrop/QATestAutomation/QATestAutomation_20180514.3/ProductPageTest.DLL" className="TestAuto.ProductPageTest, ProductPageTest, Version=1.0.0.0, Culture=neutral, PublicKeyToken=null" name="AddToWishlistQuickInfoWindow" adapterTypeName="Microsoft.VisualStudio.TestTools.TestTypes.Unit.UnitTestAdapter, Microsoft.VisualStudio.QualityTools.Tips.UnitTest.Adapter, Version=12.0.0.0, Culture=neutral, PublicKeyToken=b03f5f7f11d50a3a" />
    </UnitTest>
    <UnitTest id="fc2aed92-b13d-123f-b4ca-3415a10c51b2" name="SecondCheckoutButtonGuestUser" storage="\\cmp01-ykumar\qatestautomationbuildsdrop\qatestautomation\qatestautomation_20180514.3\cartdisplaytest.dll">
      <TcmInformation testCaseId="7646" testRunId="26974" testResultId="100053" />
      <Execution id="b0b85147-fdee-4469-9b3e-b87d1cbfb764" />
      <TestMethod codeBase="file://CMP01-YKUMAR/QATestAutomationBuildsDrop/QATestAutomation/QATestAutomation_20180514.3/CartDisplayTest.DLL" className="TestAuto.CartDisplayTest, CartDisplayTest, Version=1.0.0.0, Culture=neutral, PublicKeyToken=null" name="SecondCheckoutButtonGuestUser" adapterTypeName="Microsoft.VisualStudio.TestTools.TestTypes.Unit.UnitTestAdapter, Microsoft.VisualStudio.QualityTools.Tips.UnitTest.Adapter, Version=12.0.0.0, Culture=neutral, PublicKeyToken=b03f5f7f11d50a3a" />
    </UnitTest>
    <UnitTest id="b0b77c4a-4f91-b581-b588-dd4bb8fe9b11" name="AffirmPromotionMessageOnProductPage" storage="\\cmp01-ykumar\qatestautomationbuildsdrop\qatestautomation\qatestautomation_20180514.3\productpagetest.dll">
      <TcmInformation testCaseId="8546" testRunId="26974" testResultId="100056" />
      <Execution id="8f3c595f-2846-4342-8db4-e254b5e6ab83" />
      <TestMethod codeBase="file://CMP01-YKUMAR/QATestAutomationBuildsDrop/QATestAutomation/QATestAutomation_20180514.3/ProductPageTest.DLL" className="TestAuto.ProductPageTest, ProductPageTest, Version=1.0.0.0, Culture=neutral, PublicKeyToken=null" name="AffirmPromotionMessageOnProductPage" adapterTypeName="Microsoft.VisualStudio.TestTools.TestTypes.Unit.UnitTestAdapter, Microsoft.VisualStudio.QualityTools.Tips.UnitTest.Adapter, Version=12.0.0.0, Culture=neutral, PublicKeyToken=b03f5f7f11d50a3a" />
    </UnitTest>
    <UnitTest id="030d9fc9-3b7b-9ae0-5a95-356745756623" name="AffirmPromotionMessageOnShoppingCartPage" storage="\\cmp01-ykumar\qatestautomationbuildsdrop\qatestautomation\qatestautomation_20180514.3\cartdisplaytest.dll">
      <TcmInformation testCaseId="8547" testRunId="26974" testResultId="100057" />
      <Execution id="086d37b5-9683-44b4-8e7c-d501fa661d84" />
      <TestMethod codeBase="file://CMP01-YKUMAR/QATestAutomationBuildsDrop/QATestAutomation/QATestAutomation_20180514.3/CartDisplayTest.DLL" className="TestAuto.CartDisplayTest, CartDisplayTest, Version=1.0.0.0, Culture=neutral, PublicKeyToken=null" name="AffirmPromotionMessageOnShoppingCartPage" adapterTypeName="Microsoft.VisualStudio.TestTools.TestTypes.Unit.UnitTestAdapter, Microsoft.VisualStudio.QualityTools.Tips.UnitTest.Adapter, Version=12.0.0.0, Culture=neutral, PublicKeyToken=b03f5f7f11d50a3a" />
    </UnitTest>
    <UnitTest id="0f45a732-09ea-e362-9222-cd27f8f983e8" name="ShoppingCartProductExclusion" storage="\\cmp01-ykumar\qatestautomationbuildsdrop\qatestautomation\qatestautomation_20180514.3\borderfree.dll">
      <TcmInformation testCaseId="5130" testRunId="26974" testResultId="100024" />
      <Execution id="02e25375-812a-4323-88b3-86bb21e9bc2d" />
      <TestMethod codeBase="file://CMP01-YKUMAR/QATestAutomationBuildsDrop/QATestAutomation/QATestAutomation_20180514.3/BorderFree.DLL" className="TestAuto.BorderFree, BorderFree, Version=1.0.0.0, Culture=neutral, PublicKeyToken=null" name="ShoppingCartProductExclusion" adapterTypeName="Microsoft.VisualStudio.TestTools.TestTypes.Unit.UnitTestAdapter, Microsoft.VisualStudio.QualityTools.Tips.UnitTest.Adapter, Version=12.0.0.0, Culture=neutral, PublicKeyToken=b03f5f7f11d50a3a" />
    </UnitTest>
    <UnitTest id="e4b43ad5-67fc-68cb-e612-10a4fc8dab10" name="ProductReviewQuestionAnswerReviewComment" storage="\\cmp01-ykumar\qatestautomationbuildsdrop\qatestautomation\qatestautomation_20180514.3\productpagetest.dll">
      <TcmInformation testCaseId="6166" testRunId="26974" testResultId="100042" />
      <Execution id="8e3ba439-4a81-4091-8ce0-4a3fb3a41eea" />
      <TestMethod codeBase="file://CMP01-YKUMAR/QATestAutomationBuildsDrop/QATestAutomation/QATestAutomation_20180514.3/ProductPageTest.DLL" className="TestAuto.ProductPageTest, ProductPageTest, Version=1.0.0.0, Culture=neutral, PublicKeyToken=null" name="ProductReviewQuestionAnswerReviewComment" adapterTypeName="Microsoft.VisualStudio.TestTools.TestTypes.Unit.UnitTestAdapter, Microsoft.VisualStudio.QualityTools.Tips.UnitTest.Adapter, Version=12.0.0.0, Culture=neutral, PublicKeyToken=b03f5f7f11d50a3a" />
    </UnitTest>
    <UnitTest id="cb9cd5f6-f8b1-731b-2bf3-2acf7ea49542" name="SwitchFromUSToInternationalShipping" storage="\\cmp01-ykumar\qatestautomationbuildsdrop\qatestautomation\qatestautomation_20180514.3\borderfree.dll">
      <TcmInformation testCaseId="5119" testRunId="26974" testResultId="100022" />
      <Execution id="bf42a9cb-9d11-4379-826e-605bc55368ae" />
      <TestMethod codeBase="file://CMP01-YKUMAR/QATestAutomationBuildsDrop/QATestAutomation/QATestAutomation_20180514.3/BorderFree.DLL" className="TestAuto.BorderFree, BorderFree, Version=1.0.0.0, Culture=neutral, PublicKeyToken=null" name="SwitchFromUSToInternationalShipping" adapterTypeName="Microsoft.VisualStudio.TestTools.TestTypes.Unit.UnitTestAdapter, Microsoft.VisualStudio.QualityTools.Tips.UnitTest.Adapter, Version=12.0.0.0, Culture=neutral, PublicKeyToken=b03f5f7f11d50a3a" />
    </UnitTest>
    <UnitTest id="cb6178eb-e764-d9cf-32c9-c2fd3f8cc531" name="CheckoutChangeCountryFromCart" storage="\\cmp01-ykumar\qatestautomationbuildsdrop\qatestautomation\qatestautomation_20180514.3\borderfree.dll">
      <TcmInformation testCaseId="5110" testRunId="26974" testResultId="100017" />
      <Execution id="3b7e7743-4181-45f7-9f87-2cf2d0ea7ea9" />
      <TestMethod codeBase="file://CMP01-YKUMAR/QATestAutomationBuildsDrop/QATestAutomation/QATestAutomation_20180514.3/BorderFree.DLL" className="TestAuto.BorderFree, BorderFree, Version=1.0.0.0, Culture=neutral, PublicKeyToken=null" name="CheckoutChangeCountryFromCart" adapterTypeName="Microsoft.VisualStudio.TestTools.TestTypes.Unit.UnitTestAdapter, Microsoft.VisualStudio.QualityTools.Tips.UnitTest.Adapter, Version=12.0.0.0, Culture=neutral, PublicKeyToken=b03f5f7f11d50a3a" />
    </UnitTest>
    <UnitTest id="45b1a834-6dba-8125-6aa8-bec09e7d335a" name="EnvoyCheckoutMilitaryAndUSTerritoryShippingAddresses" storage="\\cmp01-ykumar\qatestautomationbuildsdrop\qatestautomation\qatestautomation_20180514.3\borderfree.dll">
      <TcmInformation testCaseId="4506" testRunId="26974" testResultId="100009" />
      <Execution id="f293377f-e539-4547-bdd3-82ea32c8b3fb" />
      <TestMethod codeBase="file://CMP01-YKUMAR/QATestAutomationBuildsDrop/QATestAutomation/QATestAutomation_20180514.3/BorderFree.DLL" className="TestAuto.BorderFree, BorderFree, Version=1.0.0.0, Culture=neutral, PublicKeyToken=null" name="EnvoyCheckoutMilitaryAndUSTerritoryShippingAddresses" adapterTypeName="Microsoft.VisualStudio.TestTools.TestTypes.Unit.UnitTestAdapter, Microsoft.VisualStudio.QualityTools.Tips.UnitTest.Adapter, Version=12.0.0.0, Culture=neutral, PublicKeyToken=b03f5f7f11d50a3a" />
    </UnitTest>
    <UnitTest id="6e1fe203-b9fd-05bc-7ba1-69539f6ed3c1" name="ChangeToUSAddressFromBorderFreeCheckoutProcess" storage="\\cmp01-ykumar\qatestautomationbuildsdrop\qatestautomation\qatestautomation_20180514.3\borderfree.dll">
      <TcmInformation testCaseId="5111" testRunId="26974" testResultId="100018" />
      <Execution id="51009c1b-eaed-4581-8a84-a946e4207bd2" />
      <TestMethod codeBase="file://CMP01-YKUMAR/QATestAutomationBuildsDrop/QATestAutomation/QATestAutomation_20180514.3/BorderFree.DLL" className="TestAuto.BorderFree, BorderFree, Version=1.0.0.0, Culture=neutral, PublicKeyToken=null" name="ChangeToUSAddressFromBorderFreeCheckoutProcess" adapterTypeName="Microsoft.VisualStudio.TestTools.TestTypes.Unit.UnitTestAdapter, Microsoft.VisualStudio.QualityTools.Tips.UnitTest.Adapter, Version=12.0.0.0, Culture=neutral, PublicKeyToken=b03f5f7f11d50a3a" />
    </UnitTest>
    <UnitTest id="f80a6ce6-1d30-c9e5-57f3-4fc76f5f957b" name="ProductComparePage" storage="\\cmp01-ykumar\qatestautomationbuildsdrop\qatestautomation\qatestautomation_20180514.3\borderfree.dll">
      <TcmInformation testCaseId="5227" testRunId="26974" testResultId="100028" />
      <Execution id="ba7d0b43-11e1-477b-87f2-e7b0b8743a93" />
      <TestMethod codeBase="file://CMP01-YKUMAR/QATestAutomationBuildsDrop/QATestAutomation/QATestAutomation_20180514.3/BorderFree.DLL" className="TestAuto.BorderFree, BorderFree, Version=1.0.0.0, Culture=neutral, PublicKeyToken=null" name="ProductComparePage" adapterTypeName="Microsoft.VisualStudio.TestTools.TestTypes.Unit.UnitTestAdapter, Microsoft.VisualStudio.QualityTools.Tips.UnitTest.Adapter, Version=12.0.0.0, Culture=neutral, PublicKeyToken=b03f5f7f11d50a3a" />
    </UnitTest>
    <UnitTest id="92a77678-fa66-5044-0e88-a87f571a2c55" name="LocalizationHeaderDisplay" storage="\\cmp01-ykumar\qatestautomationbuildsdrop\qatestautomation\qatestautomation_20180514.3\borderfree.dll">
      <TcmInformation testCaseId="5131" testRunId="26974" testResultId="100025" />
      <Execution id="5240e5cb-40b3-49a9-b153-e201c64e0ec5" />
      <TestMethod codeBase="file://CMP01-YKUMAR/QATestAutomationBuildsDrop/QATestAutomation/QATestAutomation_20180514.3/BorderFree.DLL" className="TestAuto.BorderFree, BorderFree, Version=1.0.0.0, Culture=neutral, PublicKeyToken=null" name="LocalizationHeaderDisplay" adapterTypeName="Microsoft.VisualStudio.TestTools.TestTypes.Unit.UnitTestAdapter, Microsoft.VisualStudio.QualityTools.Tips.UnitTest.Adapter, Version=12.0.0.0, Culture=neutral, PublicKeyToken=b03f5f7f11d50a3a" />
    </UnitTest>
    <UnitTest id="a54af7ba-7178-e223-f9f1-484174ca129a" name="AppropriateCurrencyDisplayOnDifferentPagesForDifferentCountriesFromContextChooser" storage="\\cmp01-ykumar\qatestautomationbuildsdrop\qatestautomation\qatestautomation_20180514.3\borderfree.dll">
      <TcmInformation testCaseId="5127" testRunId="26974" testResultId="100023" />
      <Execution id="3c64e29a-fbd9-4da0-9bc9-04cf28c8f19b" />
      <TestMethod codeBase="file://CMP01-YKUMAR/QATestAutomationBuildsDrop/QATestAutomation/QATestAutomation_20180514.3/BorderFree.DLL" className="TestAuto.BorderFree, BorderFree, Version=1.0.0.0, Culture=neutral, PublicKeyToken=null" name="AppropriateCurrencyDisplayOnDifferentPagesForDifferentCountriesFromContextChooser" adapterTypeName="Microsoft.VisualStudio.TestTools.TestTypes.Unit.UnitTestAdapter, Microsoft.VisualStudio.QualityTools.Tips.UnitTest.Adapter, Version=12.0.0.0, Culture=neutral, PublicKeyToken=b03f5f7f11d50a3a" />
    </UnitTest>
    <UnitTest id="7c0938cd-c2b7-7885-9aa1-d793678dc5aa" name="CrossSiteScriptingShoppingCartAndWishlist" storage="\\cmp01-ykumar\qatestautomationbuildsdrop\qatestautomation\qatestautomation_20180514.3\crosssitescripting.dll">
      <TcmInformation testCaseId="6021" testRunId="26974" testResultId="100031" />
      <Execution id="2f6d36ee-37a2-449f-8303-6a13c4f1a167" />
      <TestMethod codeBase="file://CMP01-YKUMAR/QATestAutomationBuildsDrop/QATestAutomation/QATestAutomation_20180514.3/CrossSiteScripting.DLL" className="TestAuto.CrossSiteScripting, CrossSiteScripting, Version=1.0.0.0, Culture=neutral, PublicKeyToken=null" name="CrossSiteScriptingShoppingCartAndWishlist" adapterTypeName="Microsoft.VisualStudio.TestTools.TestTypes.Unit.UnitTestAdapter, Microsoft.VisualStudio.QualityTools.Tips.UnitTest.Adapter, Version=12.0.0.0, Culture=neutral, PublicKeyToken=b03f5f7f11d50a3a" />
    </UnitTest>
    <UnitTest id="5a65d206-0b02-f645-bcdc-16639cfb140f" name="CrossSiteScriptingGuestCheckout" storage="\\cmp01-ykumar\qatestautomationbuildsdrop\qatestautomation\qatestautomation_20180514.3\crosssitescripting.dll">
      <TcmInformation testCaseId="6022" testRunId="26974" testResultId="100032" />
      <Execution id="8e5e21b2-324b-4274-a006-5b60c3a44cb6" />
      <TestMethod codeBase="file://CMP01-YKUMAR/QATestAutomationBuildsDrop/QATestAutomation/QATestAutomation_20180514.3/CrossSiteScripting.DLL" className="TestAuto.CrossSiteScripting, CrossSiteScripting, Version=1.0.0.0, Culture=neutral, PublicKeyToken=null" name="CrossSiteScriptingGuestCheckout" adapterTypeName="Microsoft.VisualStudio.TestTools.TestTypes.Unit.UnitTestAdapter, Microsoft.VisualStudio.QualityTools.Tips.UnitTest.Adapter, Version=12.0.0.0, Culture=neutral, PublicKeyToken=b03f5f7f11d50a3a" />
    </UnitTest>
    <UnitTest id="1ef77637-eddc-d6b3-fd0c-5a2e7dc4a1e5" name="MonthFieldValidationCCExpirationField" storage="\\cmp01-ykumar\qatestautomationbuildsdrop\qatestautomation\qatestautomation_20180514.3\checkout_test.dll">
      <TcmInformation testCaseId="6101" testRunId="26974" testResultId="100039" />
      <Execution id="13b37d79-c537-4da9-894e-80f111ed4f26" />
      <TestMethod codeBase="file://CMP01-YKUMAR/QATestAutomationBuildsDrop/QATestAutomation/QATestAutomation_20180514.3/Checkout_Test.DLL" className="TestAuto.CheckoutCreditCard, Checkout_Test, Version=1.0.0.0, Culture=neutral, PublicKeyToken=null" name="MonthFieldValidationCCExpirationField" adapterTypeName="Microsoft.VisualStudio.TestTools.TestTypes.Unit.UnitTestAdapter, Microsoft.VisualStudio.QualityTools.Tips.UnitTest.Adapter, Version=12.0.0.0, Culture=neutral, PublicKeyToken=b03f5f7f11d50a3a" />
    </UnitTest>
    <UnitTest id="e5ee7485-0038-6613-3647-634475f050c3" name="CheckoutWithLoyaltyCertificateAndGiftCard" storage="\\cmp01-ykumar\qatestautomationbuildsdrop\qatestautomation\qatestautomation_20180514.3\checkout_test.dll">
      <TcmInformation testCaseId="6941" testRunId="26974" testResultId="100051" />
      <Execution id="dbb648cd-f7c4-4b50-97ca-9e72bc180407" />
      <TestMethod codeBase="file://CMP01-YKUMAR/QATestAutomationBuildsDrop/QATestAutomation/QATestAutomation_20180514.3/Checkout_Test.DLL" className="TestAuto.CheckoutCreditCard, Checkout_Test, Version=1.0.0.0, Culture=neutral, PublicKeyToken=null" name="CheckoutWithLoyaltyCertificateAndGiftCard" adapterTypeName="Microsoft.VisualStudio.TestTools.TestTypes.Unit.UnitTestAdapter, Microsoft.VisualStudio.QualityTools.Tips.UnitTest.Adapter, Version=12.0.0.0, Culture=neutral, PublicKeyToken=b03f5f7f11d50a3a" />
    </UnitTest>
    <UnitTest id="5493a8ff-1c6a-c57f-78d6-f2d89a1cf4eb" name="ContinueShoppingFromCategory3ProductShoppingCart" storage="\\cmp01-ykumar\qatestautomationbuildsdrop\qatestautomation\qatestautomation_20180514.3\cartdisplaytest.dll">
      <TcmInformation testCaseId="7627" testRunId="26974" testResultId="100052" />
      <Execution id="a6f7381d-42b8-4518-9981-3175317fe28a" />
      <TestMethod codeBase="file://CMP01-YKUMAR/QATestAutomationBuildsDrop/QATestAutomation/QATestAutomation_20180514.3/CartDisplayTest.DLL" className="TestAuto.CartDisplayTest, CartDisplayTest, Version=1.0.0.0, Culture=neutral, PublicKeyToken=null" name="ContinueShoppingFromCategory3ProductShoppingCart" adapterTypeName="Microsoft.VisualStudio.TestTools.TestTypes.Unit.UnitTestAdapter, Microsoft.VisualStudio.QualityTools.Tips.UnitTest.Adapter, Version=12.0.0.0, Culture=neutral, PublicKeyToken=b03f5f7f11d50a3a" />
    </UnitTest>
    <UnitTest id="82caa765-f8d8-09ef-451b-07327fe67fd2" name="SupportedBillingCurrencyList" storage="\\cmp01-ykumar\qatestautomationbuildsdrop\qatestautomation\qatestautomation_20180514.3\borderfree.dll">
      <TcmInformation testCaseId="4511" testRunId="26974" testResultId="100013" />
      <Execution id="a5173cc6-fac1-41bd-8c5c-48e0650f192f" />
      <TestMethod codeBase="file://CMP01-YKUMAR/QATestAutomationBuildsDrop/QATestAutomation/QATestAutomation_20180514.3/BorderFree.DLL" className="TestAuto.BorderFree, BorderFree, Version=1.0.0.0, Culture=neutral, PublicKeyToken=null" name="SupportedBillingCurrencyList" adapterTypeName="Microsoft.VisualStudio.TestTools.TestTypes.Unit.UnitTestAdapter, Microsoft.VisualStudio.QualityTools.Tips.UnitTest.Adapter, Version=12.0.0.0, Culture=neutral, PublicKeyToken=b03f5f7f11d50a3a" />
    </UnitTest>
    <UnitTest id="e40a695d-e877-95a9-5f1c-90dd0cda05f6" name="ChangingShipToCountryFromCart" storage="\\cmp01-ykumar\qatestautomationbuildsdrop\qatestautomation\qatestautomation_20180514.3\borderfree.dll">
      <TcmInformation testCaseId="4510" testRunId="26974" testResultId="100012" />
      <Execution id="05e976cc-3db8-4cbe-946f-b1241c090809" />
      <TestMethod codeBase="file://CMP01-YKUMAR/QATestAutomationBuildsDrop/QATestAutomation/QATestAutomation_20180514.3/BorderFree.DLL" className="TestAuto.BorderFree, BorderFree, Version=1.0.0.0, Culture=neutral, PublicKeyToken=null" name="ChangingShipToCountryFromCart" adapterTypeName="Microsoft.VisualStudio.TestTools.TestTypes.Unit.UnitTestAdapter, Microsoft.VisualStudio.QualityTools.Tips.UnitTest.Adapter, Version=12.0.0.0, Culture=neutral, PublicKeyToken=b03f5f7f11d50a3a" />
    </UnitTest>
    <UnitTest id="ed0cd291-6105-7bed-a3db-826a91264a2b" name="CheckoutGuestUserPhoneAndEmailFieldAndSaveCCToAccountValidation" storage="\\cmp01-ykumar\qatestautomationbuildsdrop\qatestautomation\qatestautomation_20180514.3\checkout_test.dll">
      <TcmInformation testCaseId="4395" testRunId="26974" testResultId="100003" />
      <Execution id="77703c1a-4fc4-4239-bb4b-c96031b977f3" />
      <TestMethod codeBase="file://CMP01-YKUMAR/QATestAutomationBuildsDrop/QATestAutomation/QATestAutomation_20180514.3/Checkout_Test.DLL" className="TestAuto.HHBvtSmokeTest, Checkout_Test, Version=1.0.0.0, Culture=neutral, PublicKeyToken=null" name="CheckoutGuestUserPhoneAndEmailFieldAndSaveCCToAccountValidation" adapterTypeName="Microsoft.VisualStudio.TestTools.TestTypes.Unit.UnitTestAdapter, Microsoft.VisualStudio.QualityTools.Tips.UnitTest.Adapter, Version=12.0.0.0, Culture=neutral, PublicKeyToken=b03f5f7f11d50a3a" />
    </UnitTest>
    <UnitTest id="0531377d-c278-d1fe-a5e4-5a3dcd41c4c1" name="CartCheckoutCartDisplayPart3" storage="\\cmp01-ykumar\qatestautomationbuildsdrop\qatestautomation\qatestautomation_20180514.3\cartdisplaytest.dll">
      <TcmInformation testCaseId="6365" testRunId="26974" testResultId="100044" />
      <Execution id="36c8c004-c844-4413-87d2-cad76f07a007" />
      <TestMethod codeBase="file://CMP01-YKUMAR/QATestAutomationBuildsDrop/QATestAutomation/QATestAutomation_20180514.3/CartDisplayTest.DLL" className="TestAuto.CartDisplayTest, CartDisplayTest, Version=1.0.0.0, Culture=neutral, PublicKeyToken=null" name="CartCheckoutCartDisplayPart3" adapterTypeName="Microsoft.VisualStudio.TestTools.TestTypes.Unit.UnitTestAdapter, Microsoft.VisualStudio.QualityTools.Tips.UnitTest.Adapter, Version=12.0.0.0, Culture=neutral, PublicKeyToken=b03f5f7f11d50a3a" />
    </UnitTest>
    <UnitTest id="d4fbc256-95d2-4162-ab66-62980f649e57" name="SecondCheckoutButtonNonUSUser" storage="\\cmp01-ykumar\qatestautomationbuildsdrop\qatestautomation\qatestautomation_20180514.3\cartdisplaytest.dll">
      <TcmInformation testCaseId="7648" testRunId="26974" testResultId="100055" />
      <Execution id="0a184718-a01a-4201-9a44-8805ec8a7958" />
      <TestMethod codeBase="file://CMP01-YKUMAR/QATestAutomationBuildsDrop/QATestAutomation/QATestAutomation_20180514.3/CartDisplayTest.DLL" className="TestAuto.CartDisplayTest, CartDisplayTest, Version=1.0.0.0, Culture=neutral, PublicKeyToken=null" name="SecondCheckoutButtonNonUSUser" adapterTypeName="Microsoft.VisualStudio.TestTools.TestTypes.Unit.UnitTestAdapter, Microsoft.VisualStudio.QualityTools.Tips.UnitTest.Adapter, Version=12.0.0.0, Culture=neutral, PublicKeyToken=b03f5f7f11d50a3a" />
    </UnitTest>
    <UnitTest id="6c229ca4-b17b-fa56-cfbb-866932b72df2" name="CartCheckoutCartDisplayPart2" storage="\\cmp01-ykumar\qatestautomationbuildsdrop\qatestautomation\qatestautomation_20180514.3\cartdisplaytest.dll">
      <TcmInformation testCaseId="6364" testRunId="26974" testResultId="100043" />
      <Execution id="07c1e70d-71a1-4566-bcb8-8c9a31ef834d" />
      <TestMethod codeBase="file://CMP01-YKUMAR/QATestAutomationBuildsDrop/QATestAutomation/QATestAutomation_20180514.3/CartDisplayTest.DLL" className="TestAuto.CartDisplayTest, CartDisplayTest, Version=1.0.0.0, Culture=neutral, PublicKeyToken=null" name="CartCheckoutCartDisplayPart2" adapterTypeName="Microsoft.VisualStudio.TestTools.TestTypes.Unit.UnitTestAdapter, Microsoft.VisualStudio.QualityTools.Tips.UnitTest.Adapter, Version=12.0.0.0, Culture=neutral, PublicKeyToken=b03f5f7f11d50a3a" />
    </UnitTest>
    <UnitTest id="a25899a1-e687-7c00-505a-68a1f4e19996" name="GiftWrapTaxAppliedValidationILState" storage="\\cmp01-ykumar\qatestautomationbuildsdrop\qatestautomation\qatestautomation_20180514.3\checkout_test.dll">
      <TcmInformation testCaseId="6078" testRunId="26974" testResultId="100037" />
      <Execution id="a7239ea9-8b7d-4d5a-a28d-4c8d8e50f729" />
      <TestMethod codeBase="file://CMP01-YKUMAR/QATestAutomationBuildsDrop/QATestAutomation/QATestAutomation_20180514.3/Checkout_Test.DLL" className="TestAuto.HHBvtSmokeTest, Checkout_Test, Version=1.0.0.0, Culture=neutral, PublicKeyToken=null" name="GiftWrapTaxAppliedValidationILState" adapterTypeName="Microsoft.VisualStudio.TestTools.TestTypes.Unit.UnitTestAdapter, Microsoft.VisualStudio.QualityTools.Tips.UnitTest.Adapter, Version=12.0.0.0, Culture=neutral, PublicKeyToken=b03f5f7f11d50a3a" />
    </UnitTest>
    <UnitTest id="2f4b8b7e-db4c-e56b-cf0c-2b5250a84596" name="MiniCartExpressCheckoutNonUSUser" storage="\\cmp01-ykumar\qatestautomationbuildsdrop\qatestautomation\qatestautomation_20180514.3\checkout_test.dll">
      <TcmInformation testCaseId="6653" testRunId="26974" testResultId="100047" />
      <Execution id="687e1b6b-6c4f-4870-baa6-fdb4293a1d2f" />
      <TestMethod codeBase="file://CMP01-YKUMAR/QATestAutomationBuildsDrop/QATestAutomation/QATestAutomation_20180514.3/Checkout_Test.DLL" className="TestAuto.CheckoutCreditCard, Checkout_Test, Version=1.0.0.0, Culture=neutral, PublicKeyToken=null" name="MiniCartExpressCheckoutNonUSUser" adapterTypeName="Microsoft.VisualStudio.TestTools.TestTypes.Unit.UnitTestAdapter, Microsoft.VisualStudio.QualityTools.Tips.UnitTest.Adapter, Version=12.0.0.0, Culture=neutral, PublicKeyToken=b03f5f7f11d50a3a" />
    </UnitTest>
    <UnitTest id="450d2f15-c119-dd8f-390f-261cea6330a3" name="ProductDiscountValidation" storage="\\cmp01-ykumar\qatestautomationbuildsdrop\qatestautomation\qatestautomation_20180514.3\cartdisplaytest.dll">
      <TcmInformation testCaseId="4428" testRunId="26974" testResultId="100007" />
      <Execution id="1a0591eb-46c5-4a51-9a7e-8a2e055a7db0" />
      <TestMethod codeBase="file://CMP01-YKUMAR/QATestAutomationBuildsDrop/QATestAutomation/QATestAutomation_20180514.3/CartDisplayTest.DLL" className="TestAuto.CartDisplayTest, CartDisplayTest, Version=1.0.0.0, Culture=neutral, PublicKeyToken=null" name="ProductDiscountValidation" adapterTypeName="Microsoft.VisualStudio.TestTools.TestTypes.Unit.UnitTestAdapter, Microsoft.VisualStudio.QualityTools.Tips.UnitTest.Adapter, Version=12.0.0.0, Culture=neutral, PublicKeyToken=b03f5f7f11d50a3a" />
    </UnitTest>
    <UnitTest id="50f26e18-dca4-70e9-774b-381d34771859" name="UntilFreeShippingAmountValidation" storage="\\cmp01-ykumar\qatestautomationbuildsdrop\qatestautomation\qatestautomation_20180514.3\searchtest.dll">
      <TcmInformation testCaseId="6103" testRunId="26974" testResultId="100040" />
      <Execution id="3734f087-95cd-4539-b005-52f4e9a72d19" />
      <TestMethod codeBase="file://CMP01-YKUMAR/QATestAutomationBuildsDrop/QATestAutomation/QATestAutomation_20180514.3/SearchTest.DLL" className="TestAuto.SearchTest, SearchTest, Version=1.0.0.0, Culture=neutral, PublicKeyToken=null" name="UntilFreeShippingAmountValidation" adapterTypeName="Microsoft.VisualStudio.TestTools.TestTypes.Unit.UnitTestAdapter, Microsoft.VisualStudio.QualityTools.Tips.UnitTest.Adapter, Version=12.0.0.0, Culture=neutral, PublicKeyToken=b03f5f7f11d50a3a" />
    </UnitTest>
    <UnitTest id="dd4b11c1-81d7-df8d-7302-64904eb6f786" name="HRCCRewardPageVisiblityToNonUSCountries" storage="\\cmp01-ykumar\qatestautomationbuildsdrop\qatestautomation\qatestautomation_20180514.3\myaccount.dll">
      <TcmInformation testCaseId="6818" testRunId="26974" testResultId="100049" />
      <Execution id="5b74f4db-b885-414d-834a-c6c104499c67" />
      <TestMethod codeBase="file://CMP01-YKUMAR/QATestAutomationBuildsDrop/QATestAutomation/QATestAutomation_20180514.3/MyAccount.DLL" className="TestAuto.MyAccount, MyAccount, Version=1.0.0.0, Culture=neutral, PublicKeyToken=null" name="HRCCRewardPageVisiblityToNonUSCountries" adapterTypeName="Microsoft.VisualStudio.TestTools.TestTypes.Unit.UnitTestAdapter, Microsoft.VisualStudio.QualityTools.Tips.UnitTest.Adapter, Version=12.0.0.0, Culture=neutral, PublicKeyToken=b03f5f7f11d50a3a" />
    </UnitTest>
    <UnitTest id="b1b1dcc2-abc3-a156-1698-d995de0ff230" name="IPDetectionFunctionality" storage="\\cmp01-ykumar\qatestautomationbuildsdrop\qatestautomation\qatestautomation_20180514.3\borderfree.dll">
      <TcmInformation testCaseId="4507" testRunId="26974" testResultId="100010" />
      <Execution id="319478a3-ff29-4baf-bbf8-776f90cd9b3a" />
      <TestMethod codeBase="file://CMP01-YKUMAR/QATestAutomationBuildsDrop/QATestAutomation/QATestAutomation_20180514.3/BorderFree.DLL" className="TestAuto.BorderFree, BorderFree, Version=1.0.0.0, Culture=neutral, PublicKeyToken=null" name="IPDetectionFunctionality" adapterTypeName="Microsoft.VisualStudio.TestTools.TestTypes.Unit.UnitTestAdapter, Microsoft.VisualStudio.QualityTools.Tips.UnitTest.Adapter, Version=12.0.0.0, Culture=neutral, PublicKeyToken=b03f5f7f11d50a3a" />
    </UnitTest>
    <UnitTest id="ecd8322c-b1bd-3a91-9d3d-ba738bd4609b" name="WelcomeMatDisplay" storage="\\cmp01-ykumar\qatestautomationbuildsdrop\qatestautomation\qatestautomation_20180514.3\borderfree.dll">
      <TcmInformation testCaseId="5134" testRunId="26974" testResultId="100027" />
      <Execution id="cd37cd59-5d51-4b24-aed7-194890a0ca9a" />
      <TestMethod codeBase="file://CMP01-YKUMAR/QATestAutomationBuildsDrop/QATestAutomation/QATestAutomation_20180514.3/BorderFree.DLL" className="TestAuto.BorderFree, BorderFree, Version=1.0.0.0, Culture=neutral, PublicKeyToken=null" name="WelcomeMatDisplay" adapterTypeName="Microsoft.VisualStudio.TestTools.TestTypes.Unit.UnitTestAdapter, Microsoft.VisualStudio.QualityTools.Tips.UnitTest.Adapter, Version=12.0.0.0, Culture=neutral, PublicKeyToken=b03f5f7f11d50a3a" />
    </UnitTest>
    <UnitTest id="0cb4de40-b2a4-e13d-df4a-231d00f4969a" name="FaqsTipsWarrantiesProductSupportInfoDisplayManualsTab" storage="\\cmp01-ykumar\qatestautomationbuildsdrop\qatestautomation\qatestautomation_20180514.3\productpagetest.dll">
      <TcmInformation testCaseId="6061" testRunId="26974" testResultId="100035" />
      <Execution id="3db166a3-c514-4de2-b22b-adf89dd7cc45" />
      <TestMethod codeBase="file://CMP01-YKUMAR/QATestAutomationBuildsDrop/QATestAutomation/QATestAutomation_20180514.3/ProductPageTest.DLL" className="TestAuto.ProductPageTest, ProductPageTest, Version=1.0.0.0, Culture=neutral, PublicKeyToken=null" name="FaqsTipsWarrantiesProductSupportInfoDisplayManualsTab" adapterTypeName="Microsoft.VisualStudio.TestTools.TestTypes.Unit.UnitTestAdapter, Microsoft.VisualStudio.QualityTools.Tips.UnitTest.Adapter, Version=12.0.0.0, Culture=neutral, PublicKeyToken=b03f5f7f11d50a3a" />
    </UnitTest>
    <UnitTest id="204ede5b-9101-4469-f06d-b4fe1ea896a8" name="EnvoyCheckoutPromotionsAndDiscountsSentToBorderFree" storage="\\cmp01-ykumar\qatestautomationbuildsdrop\qatestautomation\qatestautomation_20180514.3\borderfree.dll">
      <TcmInformation testCaseId="5114" testRunId="26974" testResultId="100021" />
      <Execution id="f956685c-2089-488f-b7d1-e9c036bd172c" />
      <TestMethod codeBase="file://CMP01-YKUMAR/QATestAutomationBuildsDrop/QATestAutomation/QATestAutomation_20180514.3/BorderFree.DLL" className="TestAuto.BorderFree, BorderFree, Version=1.0.0.0, Culture=neutral, PublicKeyToken=null" name="EnvoyCheckoutPromotionsAndDiscountsSentToBorderFree" adapterTypeName="Microsoft.VisualStudio.TestTools.TestTypes.Unit.UnitTestAdapter, Microsoft.VisualStudio.QualityTools.Tips.UnitTest.Adapter, Version=12.0.0.0, Culture=neutral, PublicKeyToken=b03f5f7f11d50a3a" />
    </UnitTest>
    <UnitTest id="c3b8c5bd-70ce-bbe8-dbe7-62a9f3c2bf1c" name="ProductPageDisplay" storage="\\cmp01-ykumar\qatestautomationbuildsdrop\qatestautomation\qatestautomation_20180514.3\borderfree.dll">
      <TcmInformation testCaseId="5132" testRunId="26974" testResultId="100026" />
      <Execution id="0a55688f-c2ab-4643-9ba4-35e50b43d937" />
      <TestMethod codeBase="file://CMP01-YKUMAR/QATestAutomationBuildsDrop/QATestAutomation/QATestAutomation_20180514.3/BorderFree.DLL" className="TestAuto.BorderFree, BorderFree, Version=1.0.0.0, Culture=neutral, PublicKeyToken=null" name="ProductPageDisplay" adapterTypeName="Microsoft.VisualStudio.TestTools.TestTypes.Unit.UnitTestAdapter, Microsoft.VisualStudio.QualityTools.Tips.UnitTest.Adapter, Version=12.0.0.0, Culture=neutral, PublicKeyToken=b03f5f7f11d50a3a" />
    </UnitTest>
    <UnitTest id="50aa2fb6-b044-c396-06a8-a45273ee0484" name="SecondCheckoutButtonSignedInUser" storage="\\cmp01-ykumar\qatestautomationbuildsdrop\qatestautomation\qatestautomation_20180514.3\cartdisplaytest.dll">
      <TcmInformation testCaseId="7647" testRunId="26974" testResultId="100054" />
      <Execution id="e2edde9a-8bf5-4ee4-8387-e606e954fc60" />
      <TestMethod codeBase="file://CMP01-YKUMAR/QATestAutomationBuildsDrop/QATestAutomation/QATestAutomation_20180514.3/CartDisplayTest.DLL" className="TestAuto.CartDisplayTest, CartDisplayTest, Version=1.0.0.0, Culture=neutral, PublicKeyToken=null" name="SecondCheckoutButtonSignedInUser" adapterTypeName="Microsoft.VisualStudio.TestTools.TestTypes.Unit.UnitTestAdapter, Microsoft.VisualStudio.QualityTools.Tips.UnitTest.Adapter, Version=12.0.0.0, Culture=neutral, PublicKeyToken=b03f5f7f11d50a3a" />
    </UnitTest>
    <UnitTest id="39df8b46-7e5f-4fc4-f833-051f052c360a" name="WishlistAssociatedWithUserAccount" storage="\\cmp01-ykumar\qatestautomationbuildsdrop\qatestautomation\qatestautomation_20180514.3\productpagetest.dll">
      <TcmInformation testCaseId="3981" testRunId="26974" testResultId="100000" />
      <Execution id="2c248269-982b-46fa-91be-ddb7aa1ddc7f" />
      <TestMethod codeBase="file://CMP01-YKUMAR/QATestAutomationBuildsDrop/QATestAutomation/QATestAutomation_20180514.3/ProductPageTest.DLL" className="TestAuto.ProductPageTest, ProductPageTest, Version=1.0.0.0, Culture=neutral, PublicKeyToken=null" name="WishlistAssociatedWithUserAccount" adapterTypeName="Microsoft.VisualStudio.TestTools.TestTypes.Unit.UnitTestAdapter, Microsoft.VisualStudio.QualityTools.Tips.UnitTest.Adapter, Version=12.0.0.0, Culture=neutral, PublicKeyToken=b03f5f7f11d50a3a" />
    </UnitTest>
    <UnitTest id="d2d49f6b-8732-4b2d-609f-ebcf8240af10" name="ShoppingCartAssociatedMerchandiseDisplayOrder" storage="\\cmp01-ykumar\qatestautomationbuildsdrop\qatestautomation\qatestautomation_20180514.3\cartdisplaytest.dll">
      <TcmInformation testCaseId="6627" testRunId="26974" testResultId="100045" />
      <Execution id="cc9a06d9-48d7-4455-9634-3ad4981d4c88" />
      <TestMethod codeBase="file://CMP01-YKUMAR/QATestAutomationBuildsDrop/QATestAutomation/QATestAutomation_20180514.3/CartDisplayTest.DLL" className="TestAuto.CartDisplayTest, CartDisplayTest, Version=1.0.0.0, Culture=neutral, PublicKeyToken=null" name="ShoppingCartAssociatedMerchandiseDisplayOrder" adapterTypeName="Microsoft.VisualStudio.TestTools.TestTypes.Unit.UnitTestAdapter, Microsoft.VisualStudio.QualityTools.Tips.UnitTest.Adapter, Version=12.0.0.0, Culture=neutral, PublicKeyToken=b03f5f7f11d50a3a" />
    </UnitTest>
    <UnitTest id="99b3a27f-e572-1547-e9e9-e6d48e0e8ff4" name="NoResultFound" storage="\\cmp01-ykumar\qatestautomationbuildsdrop\qatestautomation\qatestautomation_20180514.3\searchtest.dll">
      <TcmInformation testCaseId="6093" testRunId="26974" testResultId="100038" />
      <Execution id="fc87a0d0-8070-4714-9368-02185767e20d" />
      <TestMethod codeBase="file://CMP01-YKUMAR/QATestAutomationBuildsDrop/QATestAutomation/QATestAutomation_20180514.3/SearchTest.DLL" className="TestAuto.SearchTest, SearchTest, Version=1.0.0.0, Culture=neutral, PublicKeyToken=null" name="NoResultFound" adapterTypeName="Microsoft.VisualStudio.TestTools.TestTypes.Unit.UnitTestAdapter, Microsoft.VisualStudio.QualityTools.Tips.UnitTest.Adapter, Version=12.0.0.0, Culture=neutral, PublicKeyToken=b03f5f7f11d50a3a" />
    </UnitTest>
    <UnitTest id="dde6b755-fcb2-dc1a-cc9e-5654c102de21" name="HRCCRewardProfileDetails" storage="\\cmp01-ykumar\qatestautomationbuildsdrop\qatestautomation\qatestautomation_20180514.3\myaccount.dll">
      <TcmInformation testCaseId="9428" testRunId="26974" testResultId="100058" />
      <Execution id="dfcdf7da-28f8-4a13-a691-590a754a1101" />
      <TestMethod codeBase="file://CMP01-YKUMAR/QATestAutomationBuildsDrop/QATestAutomation/QATestAutomation_20180514.3/MyAccount.DLL" className="TestAuto.MyAccount, MyAccount, Version=1.0.0.0, Culture=neutral, PublicKeyToken=null" name="HRCCRewardProfileDetails" adapterTypeName="Microsoft.VisualStudio.TestTools.TestTypes.Unit.UnitTestAdapter, Microsoft.VisualStudio.QualityTools.Tips.UnitTest.Adapter, Version=12.0.0.0, Culture=neutral, PublicKeyToken=b03f5f7f11d50a3a" />
    </UnitTest>
    <UnitTest id="259bf6c0-ed43-8fa1-4f46-d7735f91353e" name="ShippingDiscountValidation" storage="\\cmp01-ykumar\qatestautomationbuildsdrop\qatestautomation\qatestautomation_20180514.3\cartdisplaytest.dll">
      <TcmInformation testCaseId="4429" testRunId="26974" testResultId="100008" />
      <Execution id="d174e0f4-03ab-4111-8dbb-708c8802e8df" />
      <TestMethod codeBase="file://CMP01-YKUMAR/QATestAutomationBuildsDrop/QATestAutomation/QATestAutomation_20180514.3/CartDisplayTest.DLL" className="TestAuto.CartDisplayTest, CartDisplayTest, Version=1.0.0.0, Culture=neutral, PublicKeyToken=null" name="ShippingDiscountValidation" adapterTypeName="Microsoft.VisualStudio.TestTools.TestTypes.Unit.UnitTestAdapter, Microsoft.VisualStudio.QualityTools.Tips.UnitTest.Adapter, Version=12.0.0.0, Culture=neutral, PublicKeyToken=b03f5f7f11d50a3a" />
    </UnitTest>
    <UnitTest id="2708ff07-8623-9769-dea9-d61a209e0e62" name="LocalizationGiftWrapModal" storage="\\cmp01-ykumar\qatestautomationbuildsdrop\qatestautomation\qatestautomation_20180514.3\borderfree.dll">
      <TcmInformation testCaseId="5349" testRunId="26974" testResultId="100029" />
      <Execution id="8120bb2e-8197-45a6-b705-5c52f9559d91" />
      <TestMethod codeBase="file://CMP01-YKUMAR/QATestAutomationBuildsDrop/QATestAutomation/QATestAutomation_20180514.3/BorderFree.DLL" className="TestAuto.BorderFree, BorderFree, Version=1.0.0.0, Culture=neutral, PublicKeyToken=null" name="LocalizationGiftWrapModal" adapterTypeName="Microsoft.VisualStudio.TestTools.TestTypes.Unit.UnitTestAdapter, Microsoft.VisualStudio.QualityTools.Tips.UnitTest.Adapter, Version=12.0.0.0, Culture=neutral, PublicKeyToken=b03f5f7f11d50a3a" />
    </UnitTest>
    <UnitTest id="13a9ceaa-27b9-e071-75b8-0ad6bc006d10" name="OrderConfirmationEmailSentGuestUser" storage="\\cmp01-ykumar\qatestautomationbuildsdrop\qatestautomation\qatestautomation_20180514.3\checkout_test.dll">
      <TcmInformation testCaseId="4371" testRunId="26974" testResultId="100002" />
      <Execution id="a15d7aba-f39e-4a96-b479-fcfbefb91386" />
      <TestMethod codeBase="file://CMP01-YKUMAR/QATestAutomationBuildsDrop/QATestAutomation/QATestAutomation_20180514.3/Checkout_Test.DLL" className="TestAuto.CheckoutCreditCard, Checkout_Test, Version=1.0.0.0, Culture=neutral, PublicKeyToken=null" name="OrderConfirmationEmailSentGuestUser" adapterTypeName="Microsoft.VisualStudio.TestTools.TestTypes.Unit.UnitTestAdapter, Microsoft.VisualStudio.QualityTools.Tips.UnitTest.Adapter, Version=12.0.0.0, Culture=neutral, PublicKeyToken=b03f5f7f11d50a3a" />
    </UnitTest>
    <UnitTest id="935f70be-4f3b-e60d-8e35-2214456580b7" name="POBoxAddressFilter" storage="\\cmp01-ykumar\qatestautomationbuildsdrop\qatestautomation\qatestautomation_20180514.3\checkout_test.dll">
      <TcmInformation testCaseId="6058" testRunId="26974" testResultId="100034" />
      <Execution id="eff42dbe-4ee6-4ff1-9add-9007dbc47716" />
      <TestMethod codeBase="file://CMP01-YKUMAR/QATestAutomationBuildsDrop/QATestAutomation/QATestAutomation_20180514.3/Checkout_Test.DLL" className="TestAuto.CheckoutCreditCard, Checkout_Test, Version=1.0.0.0, Culture=neutral, PublicKeyToken=null" name="POBoxAddressFilter" adapterTypeName="Microsoft.VisualStudio.TestTools.TestTypes.Unit.UnitTestAdapter, Microsoft.VisualStudio.QualityTools.Tips.UnitTest.Adapter, Version=12.0.0.0, Culture=neutral, PublicKeyToken=b03f5f7f11d50a3a" />
    </UnitTest>
    <UnitTest id="a4c6fb01-f8de-6088-b50b-566ca4c3804b" name="InternationalUserShoppingCartUsability" storage="\\cmp01-ykumar\qatestautomationbuildsdrop\qatestautomation\qatestautomation_20180514.3\borderfree.dll">
      <TcmInformation testCaseId="6628" testRunId="26974" testResultId="100046" />
      <Execution id="e48f9ff7-c46c-4946-87b2-54d446cc48c1" />
      <TestMethod codeBase="file://CMP01-YKUMAR/QATestAutomationBuildsDrop/QATestAutomation/QATestAutomation_20180514.3/BorderFree.DLL" className="TestAuto.BorderFree, BorderFree, Version=1.0.0.0, Culture=neutral, PublicKeyToken=null" name="InternationalUserShoppingCartUsability" adapterTypeName="Microsoft.VisualStudio.TestTools.TestTypes.Unit.UnitTestAdapter, Microsoft.VisualStudio.QualityTools.Tips.UnitTest.Adapter, Version=12.0.0.0, Culture=neutral, PublicKeyToken=b03f5f7f11d50a3a" />
    </UnitTest>
    <UnitTest id="e3edf36e-a94b-6a3e-ff33-5de15c13ef49" name="ShippingPromoCodes" storage="\\cmp01-ykumar\qatestautomationbuildsdrop\qatestautomation\qatestautomation_20180514.3\cartdisplaytest.dll">
      <TcmInformation testCaseId="4426" testRunId="26974" testResultId="100005" />
      <Execution id="7a5fa7da-892c-4f57-89d8-b9e9bcdc923e" />
      <TestMethod codeBase="file://CMP01-YKUMAR/QATestAutomationBuildsDrop/QATestAutomation/QATestAutomation_20180514.3/CartDisplayTest.DLL" className="TestAuto.CartDisplayTest, CartDisplayTest, Version=1.0.0.0, Culture=neutral, PublicKeyToken=null" name="ShippingPromoCodes" adapterTypeName="Microsoft.VisualStudio.TestTools.TestTypes.Unit.UnitTestAdapter, Microsoft.VisualStudio.QualityTools.Tips.UnitTest.Adapter, Version=12.0.0.0, Culture=neutral, PublicKeyToken=b03f5f7f11d50a3a" />
    </UnitTest>
    <UnitTest id="0f2e97b5-1865-1de8-ef2e-e732370e80e3" name="SupportedShippingCountryList" storage="\\cmp01-ykumar\qatestautomationbuildsdrop\qatestautomation\qatestautomation_20180514.3\borderfree.dll">
      <TcmInformation testCaseId="4509" testRunId="26974" testResultId="100011" />
      <Execution id="f9b664ea-33f7-422d-a529-c533a0f50c3a" />
      <TestMethod codeBase="file://CMP01-YKUMAR/QATestAutomationBuildsDrop/QATestAutomation/QATestAutomation_20180514.3/BorderFree.DLL" className="TestAuto.BorderFree, BorderFree, Version=1.0.0.0, Culture=neutral, PublicKeyToken=null" name="SupportedShippingCountryList" adapterTypeName="Microsoft.VisualStudio.TestTools.TestTypes.Unit.UnitTestAdapter, Microsoft.VisualStudio.QualityTools.Tips.UnitTest.Adapter, Version=12.0.0.0, Culture=neutral, PublicKeyToken=b03f5f7f11d50a3a" />
    </UnitTest>
    <UnitTest id="98b5fb22-71a5-9721-bc0c-bc58bb495add" name="SelectDifferentCountryAndCurrencyFromContextChooser" storage="\\cmp01-ykumar\qatestautomationbuildsdrop\qatestautomation\qatestautomation_20180514.3\borderfree.dll">
      <TcmInformation testCaseId="4514" testRunId="26974" testResultId="100014" />
      <Execution id="b86d4894-a9ce-40d6-970e-4f2d5c06541a" />
      <TestMethod codeBase="file://CMP01-YKUMAR/QATestAutomationBuildsDrop/QATestAutomation/QATestAutomation_20180514.3/BorderFree.DLL" className="TestAuto.BorderFree, BorderFree, Version=1.0.0.0, Culture=neutral, PublicKeyToken=null" name="SelectDifferentCountryAndCurrencyFromContextChooser" adapterTypeName="Microsoft.VisualStudio.TestTools.TestTypes.Unit.UnitTestAdapter, Microsoft.VisualStudio.QualityTools.Tips.UnitTest.Adapter, Version=12.0.0.0, Culture=neutral, PublicKeyToken=b03f5f7f11d50a3a" />
    </UnitTest>
    <UnitTest id="2dec7498-7786-1f8c-3663-a6007e5c6521" name="OrderDiscountValidation" storage="\\cmp01-ykumar\qatestautomationbuildsdrop\qatestautomation\qatestautomation_20180514.3\cartdisplaytest.dll">
      <TcmInformation testCaseId="4427" testRunId="26974" testResultId="100006" />
      <Execution id="ebcd2c24-826b-47a8-a45b-2414596776ea" />
      <TestMethod codeBase="file://CMP01-YKUMAR/QATestAutomationBuildsDrop/QATestAutomation/QATestAutomation_20180514.3/CartDisplayTest.DLL" className="TestAuto.CartDisplayTest, CartDisplayTest, Version=1.0.0.0, Culture=neutral, PublicKeyToken=null" name="OrderDiscountValidation" adapterTypeName="Microsoft.VisualStudio.TestTools.TestTypes.Unit.UnitTestAdapter, Microsoft.VisualStudio.QualityTools.Tips.UnitTest.Adapter, Version=12.0.0.0, Culture=neutral, PublicKeyToken=b03f5f7f11d50a3a" />
    </UnitTest>
    <UnitTest id="e58a3493-6306-79a3-4243-24dce3ab53ea" name="HRCCOrderConfirmationSignInNonRewardEnabledUser" storage="\\cmp01-ykumar\qatestautomationbuildsdrop\qatestautomation\qatestautomation_20180514.3\myaccount.dll">
      <TcmInformation testCaseId="9523" testRunId="26974" testResultId="100059" />
      <Execution id="dea567e5-df3a-43a1-ab2a-ea6b29ca0472" />
      <TestMethod codeBase="file://CMP01-YKUMAR/QATestAutomationBuildsDrop/QATestAutomation/QATestAutomation_20180514.3/MyAccount.DLL" className="TestAuto.MyAccount, MyAccount, Version=1.0.0.0, Culture=neutral, PublicKeyToken=null" name="HRCCOrderConfirmationSignInNonRewardEnabledUser" adapterTypeName="Microsoft.VisualStudio.TestTools.TestTypes.Unit.UnitTestAdapter, Microsoft.VisualStudio.QualityTools.Tips.UnitTest.Adapter, Version=12.0.0.0, Culture=neutral, PublicKeyToken=b03f5f7f11d50a3a" />
    </UnitTest>
    <UnitTest id="89c165a1-7ac9-607c-28d5-09565c26a1ac" name="HRCCRewardDashboardpage" storage="\\cmp01-ykumar\qatestautomationbuildsdrop\qatestautomation\qatestautomation_20180514.3\myaccount.dll">
      <TcmInformation testCaseId="6898" testRunId="26974" testResultId="100050" />
      <Execution id="3420b618-cd24-4511-b027-f5a7801eb67b" />
      <TestMethod codeBase="file://CMP01-YKUMAR/QATestAutomationBuildsDrop/QATestAutomation/QATestAutomation_20180514.3/MyAccount.DLL" className="TestAuto.MyAccount, MyAccount, Version=1.0.0.0, Culture=neutral, PublicKeyToken=null" name="HRCCRewardDashboardpage" adapterTypeName="Microsoft.VisualStudio.TestTools.TestTypes.Unit.UnitTestAdapter, Microsoft.VisualStudio.QualityTools.Tips.UnitTest.Adapter, Version=12.0.0.0, Culture=neutral, PublicKeyToken=b03f5f7f11d50a3a" />
    </UnitTest>
    <UnitTest id="1c6493b6-afc9-e1f2-1eda-b83b6f072138" name="POBoxAddressFilterWithoutSpace" storage="\\cmp01-ykumar\qatestautomationbuildsdrop\qatestautomation\qatestautomation_20180514.3\checkout_test.dll">
      <TcmInformation testCaseId="6064" testRunId="26974" testResultId="100036" />
      <Execution id="a04309c8-1df7-45b0-854b-ae100b6df480" />
      <TestMethod codeBase="file://CMP01-YKUMAR/QATestAutomationBuildsDrop/QATestAutomation/QATestAutomation_20180514.3/Checkout_Test.DLL" className="TestAuto.CheckoutCreditCard, Checkout_Test, Version=1.0.0.0, Culture=neutral, PublicKeyToken=null" name="POBoxAddressFilterWithoutSpace" adapterTypeName="Microsoft.VisualStudio.TestTools.TestTypes.Unit.UnitTestAdapter, Microsoft.VisualStudio.QualityTools.Tips.UnitTest.Adapter, Version=12.0.0.0, Culture=neutral, PublicKeyToken=b03f5f7f11d50a3a" />
    </UnitTest>
    <UnitTest id="7f0202ed-77b7-ab54-2efb-451781aaebb9" name="CheckoutGiftCardInformationRemovedBackToCart" storage="\\cmp01-ykumar\qatestautomationbuildsdrop\qatestautomation\qatestautomation_20180514.3\checkout_test.dll">
      <TcmInformation testCaseId="1516" testRunId="26973" testResultId="100007" />
      <Execution id="0a10b19b-376e-49da-b54a-6704d75d2bd2" />
      <TestMethod codeBase="file://CMP01-YKUMAR/QATestAutomationBuildsDrop/QATestAutomation/QATestAutomation_20180514.3/Checkout_Test.DLL" className="TestAuto.HHBvtSmokeTest, Checkout_Test, Version=1.0.0.0, Culture=neutral, PublicKeyToken=null" name="CheckoutGiftCardInformationRemovedBackToCart" adapterTypeName="Microsoft.VisualStudio.TestTools.TestTypes.Unit.UnitTestAdapter, Microsoft.VisualStudio.QualityTools.Tips.UnitTest.Adapter, Version=12.0.0.0, Culture=neutral, PublicKeyToken=b03f5f7f11d50a3a" />
    </UnitTest>
    <UnitTest id="e8d25b85-f9e1-12c4-ed05-9a9babe54f89" name="MyAccountAdditionalFieldsForWishlist" storage="\\cmp01-ykumar\qatestautomationbuildsdrop\qatestautomation\qatestautomation_20180514.3\myaccount.dll">
      <TcmInformation testCaseId="1644" testRunId="26973" testResultId="100024" />
      <Execution id="6821ebe7-2388-4045-af67-aba9a4fe3b72" />
      <TestMethod codeBase="file://CMP01-YKUMAR/QATestAutomationBuildsDrop/QATestAutomation/QATestAutomation_20180514.3/MyAccount.DLL" className="TestAuto.MyAccount, MyAccount, Version=1.0.0.0, Culture=neutral, PublicKeyToken=null" name="MyAccountAdditionalFieldsForWishlist" adapterTypeName="Microsoft.VisualStudio.TestTools.TestTypes.Unit.UnitTestAdapter, Microsoft.VisualStudio.QualityTools.Tips.UnitTest.Adapter, Version=12.0.0.0, Culture=neutral, PublicKeyToken=b03f5f7f11d50a3a" />
    </UnitTest>
    <UnitTest id="3edd0b63-bf6f-08bc-7a35-6f63ec5b1606" name="CheckoutCartUpdateRules" storage="\\cmp01-ykumar\qatestautomationbuildsdrop\qatestautomation\qatestautomation_20180514.3\checkout_test.dll">
      <TcmInformation testCaseId="1525" testRunId="26973" testResultId="100008" />
      <Execution id="ea0d5047-c6fc-4121-81cf-e8535a103ff1" />
      <TestMethod codeBase="file://CMP01-YKUMAR/QATestAutomationBuildsDrop/QATestAutomation/QATestAutomation_20180514.3/Checkout_Test.DLL" className="TestAuto.HHBvtSmokeTest, Checkout_Test, Version=1.0.0.0, Culture=neutral, PublicKeyToken=null" name="CheckoutCartUpdateRules" adapterTypeName="Microsoft.VisualStudio.TestTools.TestTypes.Unit.UnitTestAdapter, Microsoft.VisualStudio.QualityTools.Tips.UnitTest.Adapter, Version=12.0.0.0, Culture=neutral, PublicKeyToken=b03f5f7f11d50a3a" />
    </UnitTest>
    <UnitTest id="4a2023df-cff0-a188-4800-e39042069fba" name="AmountUpdatedOnShippingMethodSelection" storage="\\cmp01-ykumar\qatestautomationbuildsdrop\qatestautomation\qatestautomation_20180514.3\cartdisplaytest.dll">
      <TcmInformation testCaseId="2096" testRunId="26973" testResultId="100050" />
      <Execution id="0508e065-cb93-4b18-b3cb-52196c934dc7" />
      <TestMethod codeBase="file://CMP01-YKUMAR/QATestAutomationBuildsDrop/QATestAutomation/QATestAutomation_20180514.3/CartDisplayTest.DLL" className="TestAuto.CartDisplayTest, CartDisplayTest, Version=1.0.0.0, Culture=neutral, PublicKeyToken=null" name="AmountUpdatedOnShippingMethodSelection" adapterTypeName="Microsoft.VisualStudio.TestTools.TestTypes.Unit.UnitTestAdapter, Microsoft.VisualStudio.QualityTools.Tips.UnitTest.Adapter, Version=12.0.0.0, Culture=neutral, PublicKeyToken=b03f5f7f11d50a3a" />
    </UnitTest>
    <UnitTest id="09387ed1-c2fb-d547-481c-d59c0b415953" name="PayPalCheckoutCanadaAddress" storage="\\cmp01-ykumar\qatestautomationbuildsdrop\qatestautomation\qatestautomation_20180514.3\checkout_test.dll">
      <TcmInformation testCaseId="1570" testRunId="26973" testResultId="100016" />
      <Execution id="a14d14b0-88f3-47fe-a32a-09c90c331e89" />
      <TestMethod codeBase="file://CMP01-YKUMAR/QATestAutomationBuildsDrop/QATestAutomation/QATestAutomation_20180514.3/Checkout_Test.DLL" className="TestAuto.CheckoutPayPal, Checkout_Test, Version=1.0.0.0, Culture=neutral, PublicKeyToken=null" name="PayPalCheckoutCanadaAddress" adapterTypeName="Microsoft.VisualStudio.TestTools.TestTypes.Unit.UnitTestAdapter, Microsoft.VisualStudio.QualityTools.Tips.UnitTest.Adapter, Version=12.0.0.0, Culture=neutral, PublicKeyToken=b03f5f7f11d50a3a" />
    </UnitTest>
    <UnitTest id="d943e4ea-2bc5-a462-1477-25992917a0ec" name="CartPromoCodeRemoval" storage="\\cmp01-ykumar\qatestautomationbuildsdrop\qatestautomation\qatestautomation_20180514.3\cartdisplaytest.dll">
      <TcmInformation testCaseId="2011" testRunId="26973" testResultId="100045" />
      <Execution id="f1231435-75c3-4735-a6ab-c7ac4bda502a" />
      <TestMethod codeBase="file://CMP01-YKUMAR/QATestAutomationBuildsDrop/QATestAutomation/QATestAutomation_20180514.3/CartDisplayTest.DLL" className="TestAuto.CartDisplayTest, CartDisplayTest, Version=1.0.0.0, Culture=neutral, PublicKeyToken=null" name="CartPromoCodeRemoval" adapterTypeName="Microsoft.VisualStudio.TestTools.TestTypes.Unit.UnitTestAdapter, Microsoft.VisualStudio.QualityTools.Tips.UnitTest.Adapter, Version=12.0.0.0, Culture=neutral, PublicKeyToken=b03f5f7f11d50a3a" />
    </UnitTest>
    <UnitTest id="31b64b20-2e38-7f68-e596-84cced91efc4" name="CreditCardCheckoutAlaskaAndHawaiiStateAddress" storage="\\cmp01-ykumar\qatestautomationbuildsdrop\qatestautomation\qatestautomation_20180514.3\checkout_test.dll">
      <TcmInformation testCaseId="3433" testRunId="26973" testResultId="100060" />
      <Execution id="07bf9dd5-7f21-41f1-9e6b-48908eba849e" />
      <TestMethod codeBase="file://CMP01-YKUMAR/QATestAutomationBuildsDrop/QATestAutomation/QATestAutomation_20180514.3/Checkout_Test.DLL" className="TestAuto.CheckoutCreditCard, Checkout_Test, Version=1.0.0.0, Culture=neutral, PublicKeyToken=null" name="CreditCardCheckoutAlaskaAndHawaiiStateAddress" adapterTypeName="Microsoft.VisualStudio.TestTools.TestTypes.Unit.UnitTestAdapter, Microsoft.VisualStudio.QualityTools.Tips.UnitTest.Adapter, Version=12.0.0.0, Culture=neutral, PublicKeyToken=b03f5f7f11d50a3a" />
    </UnitTest>
    <UnitTest id="8a0c4599-8d47-4829-d166-868c7eeefeab" name="CreditCardCheckoutBillingAndShippingAddressAreDifferentAsSigninUser" storage="\\cmp01-ykumar\qatestautomationbuildsdrop\qatestautomation\qatestautomation_20180514.3\checkout_test.dll">
      <TcmInformation testCaseId="1499" testRunId="26973" testResultId="100005" />
      <Execution id="d3460402-6e9a-4ec4-9d9c-9218e7d88f69" />
      <TestMethod codeBase="file://CMP01-YKUMAR/QATestAutomationBuildsDrop/QATestAutomation/QATestAutomation_20180514.3/Checkout_Test.DLL" className="TestAuto.CheckoutCreditCard, Checkout_Test, Version=1.0.0.0, Culture=neutral, PublicKeyToken=null" name="CreditCardCheckoutBillingAndShippingAddressAreDifferentAsSigninUser" adapterTypeName="Microsoft.VisualStudio.TestTools.TestTypes.Unit.UnitTestAdapter, Microsoft.VisualStudio.QualityTools.Tips.UnitTest.Adapter, Version=12.0.0.0, Culture=neutral, PublicKeyToken=b03f5f7f11d50a3a" />
    </UnitTest>
    <UnitTest id="2f29873d-6ea4-c4ab-692f-c7469884039b" name="PayPalCheckoutGuestUser" storage="\\cmp01-ykumar\qatestautomationbuildsdrop\qatestautomation\qatestautomation_20180514.3\checkout_test.dll">
      <TcmInformation testCaseId="1560" testRunId="26973" testResultId="100011" />
      <Execution id="6e6046dd-4e4d-4515-a9f0-0d84e6102576" />
      <TestMethod codeBase="file://CMP01-YKUMAR/QATestAutomationBuildsDrop/QATestAutomation/QATestAutomation_20180514.3/Checkout_Test.DLL" className="TestAuto.CheckoutPayPal, Checkout_Test, Version=1.0.0.0, Culture=neutral, PublicKeyToken=null" name="PayPalCheckoutGuestUser" adapterTypeName="Microsoft.VisualStudio.TestTools.TestTypes.Unit.UnitTestAdapter, Microsoft.VisualStudio.QualityTools.Tips.UnitTest.Adapter, Version=12.0.0.0, Culture=neutral, PublicKeyToken=b03f5f7f11d50a3a" />
    </UnitTest>
    <UnitTest id="89a0ab30-1bbc-7fdd-12c1-67361a28bdcd" name="CartOrderLevelPromotion" storage="\\cmp01-ykumar\qatestautomationbuildsdrop\qatestautomation\qatestautomation_20180514.3\cartdisplaytest.dll">
      <TcmInformation testCaseId="2012" testRunId="26973" testResultId="100046" />
      <Execution id="f3a80dd7-b32f-4546-a8a6-604dd1f240fe" />
      <TestMethod codeBase="file://CMP01-YKUMAR/QATestAutomationBuildsDrop/QATestAutomation/QATestAutomation_20180514.3/CartDisplayTest.DLL" className="TestAuto.CartDisplayTest, CartDisplayTest, Version=1.0.0.0, Culture=neutral, PublicKeyToken=null" name="CartOrderLevelPromotion" adapterTypeName="Microsoft.VisualStudio.TestTools.TestTypes.Unit.UnitTestAdapter, Microsoft.VisualStudio.QualityTools.Tips.UnitTest.Adapter, Version=12.0.0.0, Culture=neutral, PublicKeyToken=b03f5f7f11d50a3a" />
    </UnitTest>
    <UnitTest id="238d3e4d-0ef0-19f1-9d69-08c38bfa5bc5" name="ProductPageQuickViewModal" storage="\\cmp01-ykumar\qatestautomationbuildsdrop\qatestautomation\qatestautomation_20180514.3\productpagetest.dll">
      <TcmInformation testCaseId="1972" testRunId="26973" testResultId="100041" />
      <Execution id="ab49d489-7f64-4d98-ae4e-6c7a39d67ba9" />
      <TestMethod codeBase="file://CMP01-YKUMAR/QATestAutomationBuildsDrop/QATestAutomation/QATestAutomation_20180514.3/ProductPageTest.DLL" className="TestAuto.ProductPageTest, ProductPageTest, Version=1.0.0.0, Culture=neutral, PublicKeyToken=null" name="ProductPageQuickViewModal" adapterTypeName="Microsoft.VisualStudio.TestTools.TestTypes.Unit.UnitTestAdapter, Microsoft.VisualStudio.QualityTools.Tips.UnitTest.Adapter, Version=12.0.0.0, Culture=neutral, PublicKeyToken=b03f5f7f11d50a3a" />
    </UnitTest>
    <UnitTest id="eec2d756-645d-92d4-97c2-9841d0a94e3c" name="CheckoutBillingAddressEntryAsGuestUser" storage="\\cmp01-ykumar\qatestautomationbuildsdrop\qatestautomation\qatestautomation_20180514.3\checkout_test.dll">
      <TcmInformation testCaseId="1497" testRunId="26973" testResultId="100004" />
      <Execution id="76c062ec-1a80-4d1d-8765-c76de7bf449b" />
      <TestMethod codeBase="file://CMP01-YKUMAR/QATestAutomationBuildsDrop/QATestAutomation/QATestAutomation_20180514.3/Checkout_Test.DLL" className="TestAuto.HHBvtSmokeTest, Checkout_Test, Version=1.0.0.0, Culture=neutral, PublicKeyToken=null" name="CheckoutBillingAddressEntryAsGuestUser" adapterTypeName="Microsoft.VisualStudio.TestTools.TestTypes.Unit.UnitTestAdapter, Microsoft.VisualStudio.QualityTools.Tips.UnitTest.Adapter, Version=12.0.0.0, Culture=neutral, PublicKeyToken=b03f5f7f11d50a3a" />
    </UnitTest>
    <UnitTest id="f6b3acd0-94c8-e8cd-2e09-516123a72c87" name="PayPalCheckoutInternationalAddress" storage="\\cmp01-ykumar\qatestautomationbuildsdrop\qatestautomation\qatestautomation_20180514.3\borderfree.dll">
      <TcmInformation testCaseId="1564" testRunId="26973" testResultId="100014" />
      <Execution id="0abc5787-7bac-4e67-9ab3-6ad727b4b4ad" />
      <TestMethod codeBase="file://CMP01-YKUMAR/QATestAutomationBuildsDrop/QATestAutomation/QATestAutomation_20180514.3/BorderFree.DLL" className="TestAuto.BorderFree, BorderFree, Version=1.0.0.0, Culture=neutral, PublicKeyToken=null" name="PayPalCheckoutInternationalAddress" adapterTypeName="Microsoft.VisualStudio.TestTools.TestTypes.Unit.UnitTestAdapter, Microsoft.VisualStudio.QualityTools.Tips.UnitTest.Adapter, Version=12.0.0.0, Culture=neutral, PublicKeyToken=b03f5f7f11d50a3a" />
    </UnitTest>
    <UnitTest id="792adc99-70fb-1ca0-96eb-07e0876db0a8" name="CheckoutShippingMethodsBasedOnAddress" storage="\\cmp01-ykumar\qatestautomationbuildsdrop\qatestautomation\qatestautomation_20180514.3\checkout_test.dll">
      <TcmInformation testCaseId="1627" testRunId="26973" testResultId="100021" />
      <Execution id="f70704a5-17d5-44be-8e4b-6c445ba3c6bc" />
      <TestMethod codeBase="file://CMP01-YKUMAR/QATestAutomationBuildsDrop/QATestAutomation/QATestAutomation_20180514.3/Checkout_Test.DLL" className="TestAuto.HHBvtSmokeTest, Checkout_Test, Version=1.0.0.0, Culture=neutral, PublicKeyToken=null" name="CheckoutShippingMethodsBasedOnAddress" adapterTypeName="Microsoft.VisualStudio.TestTools.TestTypes.Unit.UnitTestAdapter, Microsoft.VisualStudio.QualityTools.Tips.UnitTest.Adapter, Version=12.0.0.0, Culture=neutral, PublicKeyToken=b03f5f7f11d50a3a" />
    </UnitTest>
    <UnitTest id="cee3ac5d-f77a-85c9-c9cb-ecaa400c80e9" name="ProductPageQuestionAndAnswer" storage="\\cmp01-ykumar\qatestautomationbuildsdrop\qatestautomation\qatestautomation_20180514.3\productpagetest.dll">
      <TcmInformation testCaseId="1959" testRunId="26973" testResultId="100038" />
      <Execution id="7cd91bad-c58b-4f4e-94c3-b5b5249b8511" />
      <TestMethod codeBase="file://CMP01-YKUMAR/QATestAutomationBuildsDrop/QATestAutomation/QATestAutomation_20180514.3/ProductPageTest.DLL" className="TestAuto.ProductPageTest, ProductPageTest, Version=1.0.0.0, Culture=neutral, PublicKeyToken=null" name="ProductPageQuestionAndAnswer" adapterTypeName="Microsoft.VisualStudio.TestTools.TestTypes.Unit.UnitTestAdapter, Microsoft.VisualStudio.QualityTools.Tips.UnitTest.Adapter, Version=12.0.0.0, Culture=neutral, PublicKeyToken=b03f5f7f11d50a3a" />
    </UnitTest>
    <UnitTest id="d375cf4a-6c91-7010-63c2-a619691df60f" name="CheckoutGiftCardPartialPaymentWithPayPalForBackorder" storage="\\cmp01-ykumar\qatestautomationbuildsdrop\qatestautomation\qatestautomation_20180514.3\checkout_test.dll">
      <TcmInformation testCaseId="1494" testRunId="26973" testResultId="100002" />
      <Execution id="2b98d8b1-680c-4bfc-9196-1ec38940bcce" />
      <TestMethod codeBase="file://CMP01-YKUMAR/QATestAutomationBuildsDrop/QATestAutomation/QATestAutomation_20180514.3/Checkout_Test.DLL" className="TestAuto.CheckoutPayPal, Checkout_Test, Version=1.0.0.0, Culture=neutral, PublicKeyToken=null" name="CheckoutGiftCardPartialPaymentWithPayPalForBackorder" adapterTypeName="Microsoft.VisualStudio.TestTools.TestTypes.Unit.UnitTestAdapter, Microsoft.VisualStudio.QualityTools.Tips.UnitTest.Adapter, Version=12.0.0.0, Culture=neutral, PublicKeyToken=b03f5f7f11d50a3a" />
    </UnitTest>
    <UnitTest id="d9578ff4-933a-5dce-cbc2-f2db675f0281" name="MyAccountIncorporateCpsiaWarningsInWishlist" storage="\\cmp01-ykumar\qatestautomationbuildsdrop\qatestautomation\qatestautomation_20180514.3\myaccount.dll">
      <TcmInformation testCaseId="1643" testRunId="26973" testResultId="100023" />
      <Execution id="4777d0a6-036c-4995-bf6c-097abd7c7221" />
      <TestMethod codeBase="file://CMP01-YKUMAR/QATestAutomationBuildsDrop/QATestAutomation/QATestAutomation_20180514.3/MyAccount.DLL" className="TestAuto.MyAccount, MyAccount, Version=1.0.0.0, Culture=neutral, PublicKeyToken=null" name="MyAccountIncorporateCpsiaWarningsInWishlist" adapterTypeName="Microsoft.VisualStudio.TestTools.TestTypes.Unit.UnitTestAdapter, Microsoft.VisualStudio.QualityTools.Tips.UnitTest.Adapter, Version=12.0.0.0, Culture=neutral, PublicKeyToken=b03f5f7f11d50a3a" />
    </UnitTest>
    <UnitTest id="56d44d20-c125-9b5d-e497-2cae662431f5" name="ProductPageQuickSupportOther" storage="\\cmp01-ykumar\qatestautomationbuildsdrop\qatestautomation\qatestautomation_20180514.3\productpagetest.dll">
      <TcmInformation testCaseId="1384" testRunId="26973" testResultId="100000" />
      <Execution id="a2c43408-ea19-4090-86ef-3a8e3cd81fac" />
      <TestMethod codeBase="file://CMP01-YKUMAR/QATestAutomationBuildsDrop/QATestAutomation/QATestAutomation_20180514.3/ProductPageTest.DLL" className="TestAuto.ProductPageTest, ProductPageTest, Version=1.0.0.0, Culture=neutral, PublicKeyToken=null" name="ProductPageQuickSupportOther" adapterTypeName="Microsoft.VisualStudio.TestTools.TestTypes.Unit.UnitTestAdapter, Microsoft.VisualStudio.QualityTools.Tips.UnitTest.Adapter, Version=12.0.0.0, Culture=neutral, PublicKeyToken=b03f5f7f11d50a3a" />
    </UnitTest>
    <UnitTest id="f700b8e4-82ed-82ef-8ac6-dcc647bfda88" name="MerchandiseAssociationShoppingCartMultipleScenarios" storage="\\cmp01-ykumar\qatestautomationbuildsdrop\qatestautomation\qatestautomation_20180514.3\cartdisplaytest.dll">
      <TcmInformation testCaseId="1799" testRunId="26973" testResultId="100029" />
      <Execution id="5229242e-1c66-4d58-8e2f-2ac2a29d68dc" />
      <TestMethod codeBase="file://CMP01-YKUMAR/QATestAutomationBuildsDrop/QATestAutomation/QATestAutomation_20180514.3/CartDisplayTest.DLL" className="TestAuto.CartDisplayTest, CartDisplayTest, Version=1.0.0.0, Culture=neutral, PublicKeyToken=null" name="MerchandiseAssociationShoppingCartMultipleScenarios" adapterTypeName="Microsoft.VisualStudio.TestTools.TestTypes.Unit.UnitTestAdapter, Microsoft.VisualStudio.QualityTools.Tips.UnitTest.Adapter, Version=12.0.0.0, Culture=neutral, PublicKeyToken=b03f5f7f11d50a3a" />
    </UnitTest>
    <UnitTest id="33076d14-57a0-b796-95c6-3fe741efa6e1" name="CreditCardCheckoutPOboxesAddress" storage="\\cmp01-ykumar\qatestautomationbuildsdrop\qatestautomation\qatestautomation_20180514.3\checkout_test.dll">
      <TcmInformation testCaseId="3435" testRunId="26973" testResultId="100062" />
      <Execution id="c2451d4a-22f2-4791-b044-7b62413a5f2e" />
      <TestMethod codeBase="file://CMP01-YKUMAR/QATestAutomationBuildsDrop/QATestAutomation/QATestAutomation_20180514.3/Checkout_Test.DLL" className="TestAuto.CheckoutCreditCard, Checkout_Test, Version=1.0.0.0, Culture=neutral, PublicKeyToken=null" name="CreditCardCheckoutPOboxesAddress" adapterTypeName="Microsoft.VisualStudio.TestTools.TestTypes.Unit.UnitTestAdapter, Microsoft.VisualStudio.QualityTools.Tips.UnitTest.Adapter, Version=12.0.0.0, Culture=neutral, PublicKeyToken=b03f5f7f11d50a3a" />
    </UnitTest>
    <UnitTest id="5a4ec664-a787-cb17-b021-6c0af292c1bf" name="ProductPageAddToWishListDisplay" storage="\\cmp01-ykumar\qatestautomationbuildsdrop\qatestautomation\qatestautomation_20180514.3\productpagetest.dll">
      <TcmInformation testCaseId="1656" testRunId="26973" testResultId="100027" />
      <Execution id="292ae33d-2b6c-42d3-ae8a-988b1061a58a" />
      <TestMethod codeBase="file://CMP01-YKUMAR/QATestAutomationBuildsDrop/QATestAutomation/QATestAutomation_20180514.3/ProductPageTest.DLL" className="TestAuto.ProductPageTest, ProductPageTest, Version=1.0.0.0, Culture=neutral, PublicKeyToken=null" name="ProductPageAddToWishListDisplay" adapterTypeName="Microsoft.VisualStudio.TestTools.TestTypes.Unit.UnitTestAdapter, Microsoft.VisualStudio.QualityTools.Tips.UnitTest.Adapter, Version=12.0.0.0, Culture=neutral, PublicKeyToken=b03f5f7f11d50a3a" />
    </UnitTest>
    <UnitTest id="3d6e0dd8-62f4-bfa7-d6dd-1b10af38a9c9" name="LargeAmountCheckout" storage="\\cmp01-ykumar\qatestautomationbuildsdrop\qatestautomation\qatestautomation_20180514.3\checkout_test.dll">
      <TcmInformation testCaseId="3331" testRunId="26973" testResultId="100058" />
      <Execution id="8eb056d8-7ccd-4c61-b2c6-dd6eae85d326" />
      <TestMethod codeBase="file://CMP01-YKUMAR/QATestAutomationBuildsDrop/QATestAutomation/QATestAutomation_20180514.3/Checkout_Test.DLL" className="TestAuto.CheckoutCreditCard, Checkout_Test, Version=1.0.0.0, Culture=neutral, PublicKeyToken=null" name="LargeAmountCheckout" adapterTypeName="Microsoft.VisualStudio.TestTools.TestTypes.Unit.UnitTestAdapter, Microsoft.VisualStudio.QualityTools.Tips.UnitTest.Adapter, Version=12.0.0.0, Culture=neutral, PublicKeyToken=b03f5f7f11d50a3a" />
    </UnitTest>
    <UnitTest id="78aeb495-b9a5-e9e7-c407-84de9f56b82a" name="ProductPageReviews" storage="\\cmp01-ykumar\qatestautomationbuildsdrop\qatestautomation\qatestautomation_20180514.3\productpagetest.dll">
      <TcmInformation testCaseId="1970" testRunId="26973" testResultId="100040" />
      <Execution id="2e58dcec-c3d8-42a7-ae4f-7b0a49992e73" />
      <TestMethod codeBase="file://CMP01-YKUMAR/QATestAutomationBuildsDrop/QATestAutomation/QATestAutomation_20180514.3/ProductPageTest.DLL" className="TestAuto.ProductPageTest, ProductPageTest, Version=1.0.0.0, Culture=neutral, PublicKeyToken=null" name="ProductPageReviews" adapterTypeName="Microsoft.VisualStudio.TestTools.TestTypes.Unit.UnitTestAdapter, Microsoft.VisualStudio.QualityTools.Tips.UnitTest.Adapter, Version=12.0.0.0, Culture=neutral, PublicKeyToken=b03f5f7f11d50a3a" />
    </UnitTest>
    <UnitTest id="d0323589-1247-fba8-02e1-edcdaa59d87c" name="CreditCardCheckoutAPOFPOAddress" storage="\\cmp01-ykumar\qatestautomationbuildsdrop\qatestautomation\qatestautomation_20180514.3\checkout_test.dll">
      <TcmInformation testCaseId="3436" testRunId="26973" testResultId="100063" />
      <Execution id="647f1e1e-2a9d-4679-9d12-5dd7edad6edf" />
      <TestMethod codeBase="file://CMP01-YKUMAR/QATestAutomationBuildsDrop/QATestAutomation/QATestAutomation_20180514.3/Checkout_Test.DLL" className="TestAuto.CheckoutCreditCard, Checkout_Test, Version=1.0.0.0, Culture=neutral, PublicKeyToken=null" name="CreditCardCheckoutAPOFPOAddress" adapterTypeName="Microsoft.VisualStudio.TestTools.TestTypes.Unit.UnitTestAdapter, Microsoft.VisualStudio.QualityTools.Tips.UnitTest.Adapter, Version=12.0.0.0, Culture=neutral, PublicKeyToken=b03f5f7f11d50a3a" />
    </UnitTest>
    <UnitTest id="5be7ec96-fa39-010e-613a-a900ff9a4de0" name="PayPalOrderReviewNavigateBackToCart" storage="\\cmp01-ykumar\qatestautomationbuildsdrop\qatestautomation\qatestautomation_20180514.3\checkout_test.dll">
      <TcmInformation testCaseId="2097" testRunId="26973" testResultId="100051" />
      <Execution id="4ce4c57f-305c-4d38-b766-267bb5b496cf" />
      <TestMethod codeBase="file://CMP01-YKUMAR/QATestAutomationBuildsDrop/QATestAutomation/QATestAutomation_20180514.3/Checkout_Test.DLL" className="TestAuto.CheckoutPayPal, Checkout_Test, Version=1.0.0.0, Culture=neutral, PublicKeyToken=null" name="PayPalOrderReviewNavigateBackToCart" adapterTypeName="Microsoft.VisualStudio.TestTools.TestTypes.Unit.UnitTestAdapter, Microsoft.VisualStudio.QualityTools.Tips.UnitTest.Adapter, Version=12.0.0.0, Culture=neutral, PublicKeyToken=b03f5f7f11d50a3a" />
    </UnitTest>
    <UnitTest id="8ef35005-3886-2833-7a0a-94f1fb3a232d" name="PayPalExpressCheckoutBasicWorkflowSignedIn" storage="\\cmp01-ykumar\qatestautomationbuildsdrop\qatestautomation\qatestautomation_20180514.3\checkout_test.dll">
      <TcmInformation testCaseId="1563" testRunId="26973" testResultId="100013" />
      <Execution id="38287274-d793-4f01-9405-1977d2d1bf01" />
      <TestMethod codeBase="file://CMP01-YKUMAR/QATestAutomationBuildsDrop/QATestAutomation/QATestAutomation_20180514.3/Checkout_Test.DLL" className="TestAuto.CheckoutPayPal, Checkout_Test, Version=1.0.0.0, Culture=neutral, PublicKeyToken=null" name="PayPalExpressCheckoutBasicWorkflowSignedIn" adapterTypeName="Microsoft.VisualStudio.TestTools.TestTypes.Unit.UnitTestAdapter, Microsoft.VisualStudio.QualityTools.Tips.UnitTest.Adapter, Version=12.0.0.0, Culture=neutral, PublicKeyToken=b03f5f7f11d50a3a" />
    </UnitTest>
    <UnitTest id="5e55e692-4563-a9d8-eba3-9d0611f5a523" name="PayPalCheckoutAlaskaAndHawaiiStateAddress" storage="\\cmp01-ykumar\qatestautomationbuildsdrop\qatestautomation\qatestautomation_20180514.3\checkout_test.dll">
      <TcmInformation testCaseId="1566" testRunId="26973" testResultId="100015" />
      <Execution id="aa5e1c08-b3e6-46cf-a2fe-54d98e63d3b4" />
      <TestMethod codeBase="file://CMP01-YKUMAR/QATestAutomationBuildsDrop/QATestAutomation/QATestAutomation_20180514.3/Checkout_Test.DLL" className="TestAuto.CheckoutPayPal, Checkout_Test, Version=1.0.0.0, Culture=neutral, PublicKeyToken=null" name="PayPalCheckoutAlaskaAndHawaiiStateAddress" adapterTypeName="Microsoft.VisualStudio.TestTools.TestTypes.Unit.UnitTestAdapter, Microsoft.VisualStudio.QualityTools.Tips.UnitTest.Adapter, Version=12.0.0.0, Culture=neutral, PublicKeyToken=b03f5f7f11d50a3a" />
    </UnitTest>
    <UnitTest id="c2ae2699-e4cf-0063-ff28-66004470daf7" name="NavigationGlobalHeaderSearchDropdown" storage="\\cmp01-ykumar\qatestautomationbuildsdrop\qatestautomation\qatestautomation_20180514.3\homepagetest.dll">
      <TcmInformation testCaseId="2302" testRunId="26973" testResultId="100053" />
      <Execution id="c7eea668-5e63-4c72-a7e8-bc0cafece938" />
      <TestMethod codeBase="file://CMP01-YKUMAR/QATestAutomationBuildsDrop/QATestAutomation/QATestAutomation_20180514.3/HomePageTest.DLL" className="TestAuto.HomePageTest, HomePageTest, Version=1.0.0.0, Culture=neutral, PublicKeyToken=null" name="NavigationGlobalHeaderSearchDropdown" adapterTypeName="Microsoft.VisualStudio.TestTools.TestTypes.Unit.UnitTestAdapter, Microsoft.VisualStudio.QualityTools.Tips.UnitTest.Adapter, Version=12.0.0.0, Culture=neutral, PublicKeyToken=b03f5f7f11d50a3a" />
    </UnitTest>
    <UnitTest id="05b4593e-f853-c4cd-7891-50a925ac2065" name="CheckoutPayPalNotAvailableForPreorders" storage="\\cmp01-ykumar\qatestautomationbuildsdrop\qatestautomation\qatestautomation_20180514.3\checkout_test.dll">
      <TcmInformation testCaseId="2492" testRunId="26973" testResultId="100054" />
      <Execution id="f4ad025c-21c8-4c65-83d8-5f7eb2306750" />
      <TestMethod codeBase="file://CMP01-YKUMAR/QATestAutomationBuildsDrop/QATestAutomation/QATestAutomation_20180514.3/Checkout_Test.DLL" className="TestAuto.HHBvtSmokeTest, Checkout_Test, Version=1.0.0.0, Culture=neutral, PublicKeyToken=null" name="CheckoutPayPalNotAvailableForPreorders" adapterTypeName="Microsoft.VisualStudio.TestTools.TestTypes.Unit.UnitTestAdapter, Microsoft.VisualStudio.QualityTools.Tips.UnitTest.Adapter, Version=12.0.0.0, Culture=neutral, PublicKeyToken=b03f5f7f11d50a3a" />
    </UnitTest>
    <UnitTest id="227538fd-0eda-ee49-efa8-42264e3489b8" name="CreditCardCheckoutAuthorizationUnderReviewWithGiftCards" storage="\\cmp01-ykumar\qatestautomationbuildsdrop\qatestautomation\qatestautomation_20180514.3\checkout_test.dll">
      <TcmInformation testCaseId="1532" testRunId="26973" testResultId="100009" />
      <Execution id="ffab471c-aeaf-4bf5-830a-8a8089b42c3f" />
      <TestMethod codeBase="file://CMP01-YKUMAR/QATestAutomationBuildsDrop/QATestAutomation/QATestAutomation_20180514.3/Checkout_Test.DLL" className="TestAuto.CheckoutCreditCard, Checkout_Test, Version=1.0.0.0, Culture=neutral, PublicKeyToken=null" name="CreditCardCheckoutAuthorizationUnderReviewWithGiftCards" adapterTypeName="Microsoft.VisualStudio.TestTools.TestTypes.Unit.UnitTestAdapter, Microsoft.VisualStudio.QualityTools.Tips.UnitTest.Adapter, Version=12.0.0.0, Culture=neutral, PublicKeyToken=b03f5f7f11d50a3a" />
    </UnitTest>
    <UnitTest id="780f8ca6-0b89-206d-fa11-a594df9ce382" name="MyAccountLandingPage" storage="\\cmp01-ykumar\qatestautomationbuildsdrop\qatestautomation\qatestautomation_20180514.3\myaccount.dll">
      <TcmInformation testCaseId="1945" testRunId="26973" testResultId="100035" />
      <Execution id="e781cae3-a792-434a-b7e8-fae18089e516" />
      <TestMethod codeBase="file://CMP01-YKUMAR/QATestAutomationBuildsDrop/QATestAutomation/QATestAutomation_20180514.3/MyAccount.DLL" className="TestAuto.MyAccount, MyAccount, Version=1.0.0.0, Culture=neutral, PublicKeyToken=null" name="MyAccountLandingPage" adapterTypeName="Microsoft.VisualStudio.TestTools.TestTypes.Unit.UnitTestAdapter, Microsoft.VisualStudio.QualityTools.Tips.UnitTest.Adapter, Version=12.0.0.0, Culture=neutral, PublicKeyToken=b03f5f7f11d50a3a" />
    </UnitTest>
    <UnitTest id="c8408e0e-7151-f4f0-cf36-3a61b3743b40" name="CartModalAddToCart" storage="\\cmp01-ykumar\qatestautomationbuildsdrop\qatestautomation\qatestautomation_20180514.3\cartdisplaytest.dll">
      <TcmInformation testCaseId="2082" testRunId="26973" testResultId="100049" />
      <Execution id="7265983c-4b31-4d96-afa5-785785849aa1" />
      <TestMethod codeBase="file://CMP01-YKUMAR/QATestAutomationBuildsDrop/QATestAutomation/QATestAutomation_20180514.3/CartDisplayTest.DLL" className="TestAuto.CartDisplayTest, CartDisplayTest, Version=1.0.0.0, Culture=neutral, PublicKeyToken=null" name="CartModalAddToCart" adapterTypeName="Microsoft.VisualStudio.TestTools.TestTypes.Unit.UnitTestAdapter, Microsoft.VisualStudio.QualityTools.Tips.UnitTest.Adapter, Version=12.0.0.0, Culture=neutral, PublicKeyToken=b03f5f7f11d50a3a" />
    </UnitTest>
    <UnitTest id="03ffa5b8-a450-204b-3cd7-0c8fbf4758a9" name="ServiceCenterPage" storage="\\cmp01-ykumar\qatestautomationbuildsdrop\qatestautomation\qatestautomation_20180514.3\globalsettings.dll">
      <TcmInformation testCaseId="2013" testRunId="26973" testResultId="100047" />
      <Execution id="e881e341-2ed3-45b0-a3c3-1cafc0255020" />
      <TestMethod codeBase="file://CMP01-YKUMAR/QATestAutomationBuildsDrop/QATestAutomation/QATestAutomation_20180514.3/GlobalSettings.DLL" className="TestAuto.GlobalSettings, GlobalSettings, Version=1.0.0.0, Culture=neutral, PublicKeyToken=null" name="ServiceCenterPage" adapterTypeName="Microsoft.VisualStudio.TestTools.TestTypes.Unit.UnitTestAdapter, Microsoft.VisualStudio.QualityTools.Tips.UnitTest.Adapter, Version=12.0.0.0, Culture=neutral, PublicKeyToken=b03f5f7f11d50a3a" />
    </UnitTest>
    <UnitTest id="7b45ab1a-cab5-7f38-3c0d-cd6f577b07ef" name="SearchFilterResultsCategory" storage="\\cmp01-ykumar\qatestautomationbuildsdrop\qatestautomation\qatestautomation_20180514.3\searchtest.dll">
      <TcmInformation testCaseId="1595" testRunId="26973" testResultId="100017" />
      <Execution id="09feb18a-7fe3-48e3-95d4-8bd04ef7ec80" />
      <TestMethod codeBase="file://CMP01-YKUMAR/QATestAutomationBuildsDrop/QATestAutomation/QATestAutomation_20180514.3/SearchTest.DLL" className="TestAuto.SearchTest, SearchTest, Version=1.0.0.0, Culture=neutral, PublicKeyToken=null" name="SearchFilterResultsCategory" adapterTypeName="Microsoft.VisualStudio.TestTools.TestTypes.Unit.UnitTestAdapter, Microsoft.VisualStudio.QualityTools.Tips.UnitTest.Adapter, Version=12.0.0.0, Culture=neutral, PublicKeyToken=b03f5f7f11d50a3a" />
    </UnitTest>
    <UnitTest id="6d9fd32a-a94f-b15c-8b40-3d3ca5789585" name="CheckoutRestrictedCountriesSignedInUser" storage="\\cmp01-ykumar\qatestautomationbuildsdrop\qatestautomation\qatestautomation_20180514.3\checkout_test.dll">
      <TcmInformation testCaseId="1955" testRunId="26973" testResultId="100036" />
      <Execution id="8b341358-7822-43c0-8a8c-7a0b8aa67517" />
      <TestMethod codeBase="file://CMP01-YKUMAR/QATestAutomationBuildsDrop/QATestAutomation/QATestAutomation_20180514.3/Checkout_Test.DLL" className="TestAuto.HHBvtSmokeTest, Checkout_Test, Version=1.0.0.0, Culture=neutral, PublicKeyToken=null" name="CheckoutRestrictedCountriesSignedInUser" adapterTypeName="Microsoft.VisualStudio.TestTools.TestTypes.Unit.UnitTestAdapter, Microsoft.VisualStudio.QualityTools.Tips.UnitTest.Adapter, Version=12.0.0.0, Culture=neutral, PublicKeyToken=b03f5f7f11d50a3a" />
    </UnitTest>
    <UnitTest id="0dcaec80-5f87-999f-d4b6-ab154e5db421" name="CreditCardCheckoutGiftCardPartialPaymentBackorder" storage="\\cmp01-ykumar\qatestautomationbuildsdrop\qatestautomation\qatestautomation_20180514.3\checkout_test.dll">
      <TcmInformation testCaseId="1495" testRunId="26973" testResultId="100003" />
      <Execution id="ddee163a-d4bd-4cd3-8895-02f6de67fdae" />
      <TestMethod codeBase="file://CMP01-YKUMAR/QATestAutomationBuildsDrop/QATestAutomation/QATestAutomation_20180514.3/Checkout_Test.DLL" className="TestAuto.CheckoutCreditCard, Checkout_Test, Version=1.0.0.0, Culture=neutral, PublicKeyToken=null" name="CreditCardCheckoutGiftCardPartialPaymentBackorder" adapterTypeName="Microsoft.VisualStudio.TestTools.TestTypes.Unit.UnitTestAdapter, Microsoft.VisualStudio.QualityTools.Tips.UnitTest.Adapter, Version=12.0.0.0, Culture=neutral, PublicKeyToken=b03f5f7f11d50a3a" />
    </UnitTest>
    <UnitTest id="5ca37790-c1bc-3fc7-2a19-9fe976f9c850" name="GlobalSettingsFooterDisplay" storage="\\cmp01-ykumar\qatestautomationbuildsdrop\qatestautomation\qatestautomation_20180514.3\globalsettings.dll">
      <TcmInformation testCaseId="1833" testRunId="26973" testResultId="100034" />
      <Execution id="d7b5913c-a29a-4ddd-812b-e91cd56a185c" />
      <TestMethod codeBase="file://CMP01-YKUMAR/QATestAutomationBuildsDrop/QATestAutomation/QATestAutomation_20180514.3/GlobalSettings.DLL" className="TestAuto.GlobalSettings, GlobalSettings, Version=1.0.0.0, Culture=neutral, PublicKeyToken=null" name="GlobalSettingsFooterDisplay" adapterTypeName="Microsoft.VisualStudio.TestTools.TestTypes.Unit.UnitTestAdapter, Microsoft.VisualStudio.QualityTools.Tips.UnitTest.Adapter, Version=12.0.0.0, Culture=neutral, PublicKeyToken=b03f5f7f11d50a3a" />
    </UnitTest>
    <UnitTest id="51838aef-ffd7-68ee-fa7e-313e146815b6" name="ProductPageProductRatingDisplay" storage="\\cmp01-ykumar\qatestautomationbuildsdrop\qatestautomation\qatestautomation_20180514.3\productpagetest.dll">
      <TcmInformation testCaseId="1604" testRunId="26973" testResultId="100019" />
      <Execution id="5cba2dc0-5bd5-43b9-bcde-526e71383003" />
      <TestMethod codeBase="file://CMP01-YKUMAR/QATestAutomationBuildsDrop/QATestAutomation/QATestAutomation_20180514.3/ProductPageTest.DLL" className="TestAuto.ProductPageTest, ProductPageTest, Version=1.0.0.0, Culture=neutral, PublicKeyToken=null" name="ProductPageProductRatingDisplay" adapterTypeName="Microsoft.VisualStudio.TestTools.TestTypes.Unit.UnitTestAdapter, Microsoft.VisualStudio.QualityTools.Tips.UnitTest.Adapter, Version=12.0.0.0, Culture=neutral, PublicKeyToken=b03f5f7f11d50a3a" />
    </UnitTest>
    <UnitTest id="0f2b81de-20ba-5cfb-7c9c-0cdd7499e074" name="AddToWishlistWithSignedInUser" storage="\\cmp01-ykumar\qatestautomationbuildsdrop\qatestautomation\qatestautomation_20180514.3\productpagetest.dll">
      <TcmInformation testCaseId="2007" testRunId="26973" testResultId="100044" />
      <Execution id="ca1bff67-d1c8-4c85-a526-35d1c4165c5c" />
      <TestMethod codeBase="file://CMP01-YKUMAR/QATestAutomationBuildsDrop/QATestAutomation/QATestAutomation_20180514.3/ProductPageTest.DLL" className="TestAuto.ProductPageTest, ProductPageTest, Version=1.0.0.0, Culture=neutral, PublicKeyToken=null" name="AddToWishlistWithSignedInUser" adapterTypeName="Microsoft.VisualStudio.TestTools.TestTypes.Unit.UnitTestAdapter, Microsoft.VisualStudio.QualityTools.Tips.UnitTest.Adapter, Version=12.0.0.0, Culture=neutral, PublicKeyToken=b03f5f7f11d50a3a" />
    </UnitTest>
    <UnitTest id="677ce03c-d3c9-70be-5ab3-0e67df872a8e" name="CheckoutCommonGiftCardVerifyGiftCardPurchasedFromHH" storage="\\cmp01-ykumar\qatestautomationbuildsdrop\qatestautomation\qatestautomation_20180514.3\checkout_test.dll">
      <TcmInformation testCaseId="1503" testRunId="26973" testResultId="100006" />
      <Execution id="1466d8ae-d51f-4a07-8418-eb842f44f68c" />
      <TestMethod codeBase="file://CMP01-YKUMAR/QATestAutomationBuildsDrop/QATestAutomation/QATestAutomation_20180514.3/Checkout_Test.DLL" className="TestAuto.CheckoutCreditCard, Checkout_Test, Version=1.0.0.0, Culture=neutral, PublicKeyToken=null" name="CheckoutCommonGiftCardVerifyGiftCardPurchasedFromHH" adapterTypeName="Microsoft.VisualStudio.TestTools.TestTypes.Unit.UnitTestAdapter, Microsoft.VisualStudio.QualityTools.Tips.UnitTest.Adapter, Version=12.0.0.0, Culture=neutral, PublicKeyToken=b03f5f7f11d50a3a" />
    </UnitTest>
    <UnitTest id="ae1d61bc-d7f5-c2a5-ecb3-db8f54fef6a6" name="SearchFilterResultsBrand" storage="\\cmp01-ykumar\qatestautomationbuildsdrop\qatestautomation\qatestautomation_20180514.3\searchtest.dll">
      <TcmInformation testCaseId="1597" testRunId="26973" testResultId="100018" />
      <Execution id="0f6c3c1d-1ad9-4bbd-be37-a84b2d82c8da" />
      <TestMethod codeBase="file://CMP01-YKUMAR/QATestAutomationBuildsDrop/QATestAutomation/QATestAutomation_20180514.3/SearchTest.DLL" className="TestAuto.SearchTest, SearchTest, Version=1.0.0.0, Culture=neutral, PublicKeyToken=null" name="SearchFilterResultsBrand" adapterTypeName="Microsoft.VisualStudio.TestTools.TestTypes.Unit.UnitTestAdapter, Microsoft.VisualStudio.QualityTools.Tips.UnitTest.Adapter, Version=12.0.0.0, Culture=neutral, PublicKeyToken=b03f5f7f11d50a3a" />
    </UnitTest>
    <UnitTest id="cfd8c3c2-699a-eadf-3c77-92a86b4cbb46" name="CartFromAthearnSite" storage="\\cmp01-ykumar\qatestautomationbuildsdrop\qatestautomation\qatestautomation_20180514.3\cartdisplaytest.dll">
      <TcmInformation testCaseId="1807" testRunId="26973" testResultId="100030" />
      <Execution id="cf98e211-bab8-46e8-bfca-596afb10b25d" />
      <TestMethod codeBase="file://CMP01-YKUMAR/QATestAutomationBuildsDrop/QATestAutomation/QATestAutomation_20180514.3/CartDisplayTest.DLL" className="TestAuto.CartDisplayTest, CartDisplayTest, Version=1.0.0.0, Culture=neutral, PublicKeyToken=null" name="CartFromAthearnSite" adapterTypeName="Microsoft.VisualStudio.TestTools.TestTypes.Unit.UnitTestAdapter, Microsoft.VisualStudio.QualityTools.Tips.UnitTest.Adapter, Version=12.0.0.0, Culture=neutral, PublicKeyToken=b03f5f7f11d50a3a" />
    </UnitTest>
    <UnitTest id="e54a7497-7824-dedd-ff6a-7879d5acc0fa" name="ProductPageImageGalleryViewPopupOptions" storage="\\cmp01-ykumar\qatestautomationbuildsdrop\qatestautomation\qatestautomation_20180514.3\productpagetest.dll">
      <TcmInformation testCaseId="1814" testRunId="26973" testResultId="100031" />
      <Execution id="c3c17e00-8889-4f9b-94b7-4732f16d0ee0" />
      <TestMethod codeBase="file://CMP01-YKUMAR/QATestAutomationBuildsDrop/QATestAutomation/QATestAutomation_20180514.3/ProductPageTest.DLL" className="TestAuto.ProductPageTest, ProductPageTest, Version=1.0.0.0, Culture=neutral, PublicKeyToken=null" name="ProductPageImageGalleryViewPopupOptions" adapterTypeName="Microsoft.VisualStudio.TestTools.TestTypes.Unit.UnitTestAdapter, Microsoft.VisualStudio.QualityTools.Tips.UnitTest.Adapter, Version=12.0.0.0, Culture=neutral, PublicKeyToken=b03f5f7f11d50a3a" />
    </UnitTest>
    <UnitTest id="cbf7caa6-9332-34a1-3fa6-5a08c0d038ea" name="PayPalCheckoutSignedIn" storage="\\cmp01-ykumar\qatestautomationbuildsdrop\qatestautomation\qatestautomation_20180514.3\checkout_test.dll">
      <TcmInformation testCaseId="1562" testRunId="26973" testResultId="100012" />
      <Execution id="6bfd18c6-9652-4098-8c00-a0add9d7038a" />
      <TestMethod codeBase="file://CMP01-YKUMAR/QATestAutomationBuildsDrop/QATestAutomation/QATestAutomation_20180514.3/Checkout_Test.DLL" className="TestAuto.CheckoutPayPal, Checkout_Test, Version=1.0.0.0, Culture=neutral, PublicKeyToken=null" name="PayPalCheckoutSignedIn" adapterTypeName="Microsoft.VisualStudio.TestTools.TestTypes.Unit.UnitTestAdapter, Microsoft.VisualStudio.QualityTools.Tips.UnitTest.Adapter, Version=12.0.0.0, Culture=neutral, PublicKeyToken=b03f5f7f11d50a3a" />
    </UnitTest>
    <UnitTest id="5e0ddda9-29bf-a604-6276-12249de1b0e3" name="CheckoutRestrictedCountriesList" storage="\\cmp01-ykumar\qatestautomationbuildsdrop\qatestautomation\qatestautomation_20180514.3\checkout_test.dll">
      <TcmInformation testCaseId="1957" testRunId="26973" testResultId="100037" />
      <Execution id="93da4fe0-f4b2-4ba7-ba58-6c38b77fb80f" />
      <TestMethod codeBase="file://CMP01-YKUMAR/QATestAutomationBuildsDrop/QATestAutomation/QATestAutomation_20180514.3/Checkout_Test.DLL" className="TestAuto.HHBvtSmokeTest, Checkout_Test, Version=1.0.0.0, Culture=neutral, PublicKeyToken=null" name="CheckoutRestrictedCountriesList" adapterTypeName="Microsoft.VisualStudio.TestTools.TestTypes.Unit.UnitTestAdapter, Microsoft.VisualStudio.QualityTools.Tips.UnitTest.Adapter, Version=12.0.0.0, Culture=neutral, PublicKeyToken=b03f5f7f11d50a3a" />
    </UnitTest>
    <UnitTest id="3bef58c6-9bb8-a64f-9dd6-4237f7d1b019" name="ProductPagePartsAndAccessoriesTabMerchAssocDisplay" storage="\\cmp01-ykumar\qatestautomationbuildsdrop\qatestautomation\qatestautomation_20180514.3\productpagetest.dll">
      <TcmInformation testCaseId="1816" testRunId="26973" testResultId="100032" />
      <Execution id="79ea99e9-36f7-404f-8851-47b8361fe6f0" />
      <TestMethod codeBase="file://CMP01-YKUMAR/QATestAutomationBuildsDrop/QATestAutomation/QATestAutomation_20180514.3/ProductPageTest.DLL" className="TestAuto.ProductPageTest, ProductPageTest, Version=1.0.0.0, Culture=neutral, PublicKeyToken=null" name="ProductPagePartsAndAccessoriesTabMerchAssocDisplay" adapterTypeName="Microsoft.VisualStudio.TestTools.TestTypes.Unit.UnitTestAdapter, Microsoft.VisualStudio.QualityTools.Tips.UnitTest.Adapter, Version=12.0.0.0, Culture=neutral, PublicKeyToken=b03f5f7f11d50a3a" />
    </UnitTest>
    <UnitTest id="1c46f8b2-092f-08d2-90da-504229765e5d" name="CreditCardCheckoutPuertoRicoVirginIslandsAddress" storage="\\cmp01-ykumar\qatestautomationbuildsdrop\qatestautomation\qatestautomation_20180514.3\checkout_test.dll">
      <TcmInformation testCaseId="3434" testRunId="26973" testResultId="100061" />
      <Execution id="a3b80a42-21db-44f6-88cf-34da9a8ae38f" />
      <TestMethod codeBase="file://CMP01-YKUMAR/QATestAutomationBuildsDrop/QATestAutomation/QATestAutomation_20180514.3/Checkout_Test.DLL" className="TestAuto.CheckoutCreditCard, Checkout_Test, Version=1.0.0.0, Culture=neutral, PublicKeyToken=null" name="CreditCardCheckoutPuertoRicoVirginIslandsAddress" adapterTypeName="Microsoft.VisualStudio.TestTools.TestTypes.Unit.UnitTestAdapter, Microsoft.VisualStudio.QualityTools.Tips.UnitTest.Adapter, Version=12.0.0.0, Culture=neutral, PublicKeyToken=b03f5f7f11d50a3a" />
    </UnitTest>
    <UnitTest id="c711618d-799a-fae2-2b61-26375305c5d5" name="CartProductStatusDisplay" storage="\\cmp01-ykumar\qatestautomationbuildsdrop\qatestautomation\qatestautomation_20180514.3\cartdisplaytest.dll">
      <TcmInformation testCaseId="2903" testRunId="26973" testResultId="100055" />
      <Execution id="34be2a46-4c05-49a3-9670-349ad196b8bd" />
      <TestMethod codeBase="file://CMP01-YKUMAR/QATestAutomationBuildsDrop/QATestAutomation/QATestAutomation_20180514.3/CartDisplayTest.DLL" className="TestAuto.CartDisplayTest, CartDisplayTest, Version=1.0.0.0, Culture=neutral, PublicKeyToken=null" name="CartProductStatusDisplay" adapterTypeName="Microsoft.VisualStudio.TestTools.TestTypes.Unit.UnitTestAdapter, Microsoft.VisualStudio.QualityTools.Tips.UnitTest.Adapter, Version=12.0.0.0, Culture=neutral, PublicKeyToken=b03f5f7f11d50a3a" />
    </UnitTest>
    <UnitTest id="24249209-6e78-9a6e-b5c3-ed128615d53f" name="CheckoutShippingAddressChanged" storage="\\cmp01-ykumar\qatestautomationbuildsdrop\qatestautomation\qatestautomation_20180514.3\checkout_test.dll">
      <TcmInformation testCaseId="1629" testRunId="26973" testResultId="100022" />
      <Execution id="ce16caf7-015c-4570-8dbd-a4a63684facd" />
      <TestMethod codeBase="file://CMP01-YKUMAR/QATestAutomationBuildsDrop/QATestAutomation/QATestAutomation_20180514.3/Checkout_Test.DLL" className="TestAuto.HHBvtSmokeTest, Checkout_Test, Version=1.0.0.0, Culture=neutral, PublicKeyToken=null" name="CheckoutShippingAddressChanged" adapterTypeName="Microsoft.VisualStudio.TestTools.TestTypes.Unit.UnitTestAdapter, Microsoft.VisualStudio.QualityTools.Tips.UnitTest.Adapter, Version=12.0.0.0, Culture=neutral, PublicKeyToken=b03f5f7f11d50a3a" />
    </UnitTest>
    <UnitTest id="d97a5a46-964b-df21-8bbb-b6de2ffb55bd" name="CartOtherProductsYouMightConsiderListing" storage="\\cmp01-ykumar\qatestautomationbuildsdrop\qatestautomation\qatestautomation_20180514.3\cartdisplaytest.dll">
      <TcmInformation testCaseId="1666" testRunId="26973" testResultId="100028" />
      <Execution id="21984c6c-ccd3-4785-8bb7-853ab2663830" />
      <TestMethod codeBase="file://CMP01-YKUMAR/QATestAutomationBuildsDrop/QATestAutomation/QATestAutomation_20180514.3/CartDisplayTest.DLL" className="TestAuto.CartDisplayTest, CartDisplayTest, Version=1.0.0.0, Culture=neutral, PublicKeyToken=null" name="CartOtherProductsYouMightConsiderListing" adapterTypeName="Microsoft.VisualStudio.TestTools.TestTypes.Unit.UnitTestAdapter, Microsoft.VisualStudio.QualityTools.Tips.UnitTest.Adapter, Version=12.0.0.0, Culture=neutral, PublicKeyToken=b03f5f7f11d50a3a" />
    </UnitTest>
    <UnitTest id="037aa6b0-8a63-4385-5fae-5d2a26d9632b" name="CartPromoCodeShipping" storage="\\cmp01-ykumar\qatestautomationbuildsdrop\qatestautomation\qatestautomation_20180514.3\cartdisplaytest.dll">
      <TcmInformation testCaseId="2153" testRunId="26973" testResultId="100052" />
      <Execution id="7b617435-202d-49d2-a952-2821394a84d7" />
      <TestMethod codeBase="file://CMP01-YKUMAR/QATestAutomationBuildsDrop/QATestAutomation/QATestAutomation_20180514.3/CartDisplayTest.DLL" className="TestAuto.CartDisplayTest, CartDisplayTest, Version=1.0.0.0, Culture=neutral, PublicKeyToken=null" name="CartPromoCodeShipping" adapterTypeName="Microsoft.VisualStudio.TestTools.TestTypes.Unit.UnitTestAdapter, Microsoft.VisualStudio.QualityTools.Tips.UnitTest.Adapter, Version=12.0.0.0, Culture=neutral, PublicKeyToken=b03f5f7f11d50a3a" />
    </UnitTest>
    <UnitTest id="040ecc46-5b09-95d2-8145-cc12815fb627" name="CartAddItemToWishlist" storage="\\cmp01-ykumar\qatestautomationbuildsdrop\qatestautomation\qatestautomation_20180514.3\cartdisplaytest.dll">
      <TcmInformation testCaseId="2063" testRunId="26973" testResultId="100048" />
      <Execution id="b55e1e62-18db-4330-b6a6-a7ef4bd13869" />
      <TestMethod codeBase="file://CMP01-YKUMAR/QATestAutomationBuildsDrop/QATestAutomation/QATestAutomation_20180514.3/CartDisplayTest.DLL" className="TestAuto.CartDisplayTest, CartDisplayTest, Version=1.0.0.0, Culture=neutral, PublicKeyToken=null" name="CartAddItemToWishlist" adapterTypeName="Microsoft.VisualStudio.TestTools.TestTypes.Unit.UnitTestAdapter, Microsoft.VisualStudio.QualityTools.Tips.UnitTest.Adapter, Version=12.0.0.0, Culture=neutral, PublicKeyToken=b03f5f7f11d50a3a" />
    </UnitTest>
    <UnitTest id="f620249f-0052-c51d-b60c-639a6b3fe87f" name="ProductFourCornerTags" storage="\\cmp01-ykumar\qatestautomationbuildsdrop\qatestautomation\qatestautomation_20180514.3\productpagetest.dll">
      <TcmInformation testCaseId="2006" testRunId="26973" testResultId="100043" />
      <Execution id="409854d6-949e-4a4c-8fdc-0135b0b2486a" />
      <TestMethod codeBase="file://CMP01-YKUMAR/QATestAutomationBuildsDrop/QATestAutomation/QATestAutomation_20180514.3/ProductPageTest.DLL" className="TestAuto.ProductPageTest, ProductPageTest, Version=1.0.0.0, Culture=neutral, PublicKeyToken=null" name="ProductFourCornerTags" adapterTypeName="Microsoft.VisualStudio.TestTools.TestTypes.Unit.UnitTestAdapter, Microsoft.VisualStudio.QualityTools.Tips.UnitTest.Adapter, Version=12.0.0.0, Culture=neutral, PublicKeyToken=b03f5f7f11d50a3a" />
    </UnitTest>
    <UnitTest id="2765b9ba-fe80-b712-0dc1-f01d5492e63b" name="BrickAndMortarProductPage" storage="\\cmp01-ykumar\qatestautomationbuildsdrop\qatestautomation\qatestautomation_20180514.3\productpagetest.dll">
      <TcmInformation testCaseId="1653" testRunId="26973" testResultId="100026" />
      <Execution id="baa81998-3682-452d-9918-0204d0240e14" />
      <TestMethod codeBase="file://CMP01-YKUMAR/QATestAutomationBuildsDrop/QATestAutomation/QATestAutomation_20180514.3/ProductPageTest.DLL" className="TestAuto.ProductPageTest, ProductPageTest, Version=1.0.0.0, Culture=neutral, PublicKeyToken=null" name="BrickAndMortarProductPage" adapterTypeName="Microsoft.VisualStudio.TestTools.TestTypes.Unit.UnitTestAdapter, Microsoft.VisualStudio.QualityTools.Tips.UnitTest.Adapter, Version=12.0.0.0, Culture=neutral, PublicKeyToken=b03f5f7f11d50a3a" />
    </UnitTest>
    <UnitTest id="935bcd49-05e6-9bab-ed85-69d93082b9f8" name="CreditCardCheckoutWithPromoCode" storage="\\cmp01-ykumar\qatestautomationbuildsdrop\qatestautomation\qatestautomation_20180514.3\checkout_test.dll">
      <TcmInformation testCaseId="3438" testRunId="26973" testResultId="100064" />
      <Execution id="359fe93b-89d3-4264-bbfb-9d41d84940e7" />
      <TestMethod codeBase="file://CMP01-YKUMAR/QATestAutomationBuildsDrop/QATestAutomation/QATestAutomation_20180514.3/Checkout_Test.DLL" className="TestAuto.CheckoutCreditCard, Checkout_Test, Version=1.0.0.0, Culture=neutral, PublicKeyToken=null" name="CreditCardCheckoutWithPromoCode" adapterTypeName="Microsoft.VisualStudio.TestTools.TestTypes.Unit.UnitTestAdapter, Microsoft.VisualStudio.QualityTools.Tips.UnitTest.Adapter, Version=12.0.0.0, Culture=neutral, PublicKeyToken=b03f5f7f11d50a3a" />
    </UnitTest>
    <UnitTest id="dbe4b041-f370-0433-8925-09cada2a681e" name="CreditCardCheckoutAuthorizationSuccessfullyWithGiftCards" storage="\\cmp01-ykumar\qatestautomationbuildsdrop\qatestautomation\qatestautomation_20180514.3\checkout_test.dll">
      <TcmInformation testCaseId="1533" testRunId="26973" testResultId="100010" />
      <Execution id="c2aba3b0-ba48-4440-b459-81f46ccfd549" />
      <TestMethod codeBase="file://CMP01-YKUMAR/QATestAutomationBuildsDrop/QATestAutomation/QATestAutomation_20180514.3/Checkout_Test.DLL" className="TestAuto.CheckoutCreditCard, Checkout_Test, Version=1.0.0.0, Culture=neutral, PublicKeyToken=null" name="CreditCardCheckoutAuthorizationSuccessfullyWithGiftCards" adapterTypeName="Microsoft.VisualStudio.TestTools.TestTypes.Unit.UnitTestAdapter, Microsoft.VisualStudio.QualityTools.Tips.UnitTest.Adapter, Version=12.0.0.0, Culture=neutral, PublicKeyToken=b03f5f7f11d50a3a" />
    </UnitTest>
    <UnitTest id="c3943335-6b67-2c1e-404c-63af4febda33" name="CreditCardCheckoutUSAddress" storage="\\cmp01-ykumar\qatestautomationbuildsdrop\qatestautomation\qatestautomation_20180514.3\checkout_test.dll">
      <TcmInformation testCaseId="3432" testRunId="26973" testResultId="100059" />
      <Execution id="806cdf0b-8b57-4734-9a4c-b34b56c43bd5" />
      <TestMethod codeBase="file://CMP01-YKUMAR/QATestAutomationBuildsDrop/QATestAutomation/QATestAutomation_20180514.3/Checkout_Test.DLL" className="TestAuto.CheckoutCreditCard, Checkout_Test, Version=1.0.0.0, Culture=neutral, PublicKeyToken=null" name="CreditCardCheckoutUSAddress" adapterTypeName="Microsoft.VisualStudio.TestTools.TestTypes.Unit.UnitTestAdapter, Microsoft.VisualStudio.QualityTools.Tips.UnitTest.Adapter, Version=12.0.0.0, Culture=neutral, PublicKeyToken=b03f5f7f11d50a3a" />
    </UnitTest>
    <UnitTest id="345f528c-b4e2-586f-df1d-545581ac6078" name="MyAccountOrderHistoryDetailDisplay" storage="\\cmp01-ykumar\qatestautomationbuildsdrop\qatestautomation\qatestautomation_20180514.3\myaccount.dll">
      <TcmInformation testCaseId="1645" testRunId="26973" testResultId="100025" />
      <Execution id="7e331245-2b01-4bc9-9ef2-4d0110cb1b19" />
      <TestMethod codeBase="file://CMP01-YKUMAR/QATestAutomationBuildsDrop/QATestAutomation/QATestAutomation_20180514.3/MyAccount.DLL" className="TestAuto.MyAccount, MyAccount, Version=1.0.0.0, Culture=neutral, PublicKeyToken=null" name="MyAccountOrderHistoryDetailDisplay" adapterTypeName="Microsoft.VisualStudio.TestTools.TestTypes.Unit.UnitTestAdapter, Microsoft.VisualStudio.QualityTools.Tips.UnitTest.Adapter, Version=12.0.0.0, Culture=neutral, PublicKeyToken=b03f5f7f11d50a3a" />
    </UnitTest>
    <UnitTest id="85bac158-e789-43a3-ccc0-2b7440ff591d" name="CheckoutShippingAddressChangedGuestUser" storage="\\cmp01-ykumar\qatestautomationbuildsdrop\qatestautomation\qatestautomation_20180514.3\checkout_test.dll">
      <TcmInformation testCaseId="1616" testRunId="26973" testResultId="100020" />
      <Execution id="d829d3ea-6918-496e-914c-f3e5cb3f1e32" />
      <TestMethod codeBase="file://CMP01-YKUMAR/QATestAutomationBuildsDrop/QATestAutomation/QATestAutomation_20180514.3/Checkout_Test.DLL" className="TestAuto.HHBvtSmokeTest, Checkout_Test, Version=1.0.0.0, Culture=neutral, PublicKeyToken=null" name="CheckoutShippingAddressChangedGuestUser" adapterTypeName="Microsoft.VisualStudio.TestTools.TestTypes.Unit.UnitTestAdapter, Microsoft.VisualStudio.QualityTools.Tips.UnitTest.Adapter, Version=12.0.0.0, Culture=neutral, PublicKeyToken=b03f5f7f11d50a3a" />
    </UnitTest>
    <UnitTest id="aea2bd12-36fb-e640-fffa-97311e64b9a9" name="CreditCardCheckoutCvvValidationLoggedInUsers" storage="\\cmp01-ykumar\qatestautomationbuildsdrop\qatestautomation\qatestautomation_20180514.3\checkout_test.dll">
      <TcmInformation testCaseId="3562" testRunId="26973" testResultId="100065" />
      <Execution id="23581de1-e083-4c45-91b2-e1f04f5f8cf0" />
      <TestMethod codeBase="file://CMP01-YKUMAR/QATestAutomationBuildsDrop/QATestAutomation/QATestAutomation_20180514.3/Checkout_Test.DLL" className="TestAuto.CheckoutCreditCard, Checkout_Test, Version=1.0.0.0, Culture=neutral, PublicKeyToken=null" name="CreditCardCheckoutCvvValidationLoggedInUsers" adapterTypeName="Microsoft.VisualStudio.TestTools.TestTypes.Unit.UnitTestAdapter, Microsoft.VisualStudio.QualityTools.Tips.UnitTest.Adapter, Version=12.0.0.0, Culture=neutral, PublicKeyToken=b03f5f7f11d50a3a" />
    </UnitTest>
    <UnitTest id="03fed267-58c7-5339-529d-f4de37af4da6" name="ProductFourCornerTagsPagesWithNWithout" storage="\\cmp01-ykumar\qatestautomationbuildsdrop\qatestautomation\qatestautomation_20180514.3\productpagetest.dll">
      <TcmInformation testCaseId="2005" testRunId="26973" testResultId="100042" />
      <Execution id="0c5a8957-e4ca-479b-8ed6-c3666c8c121e" />
      <TestMethod codeBase="file://CMP01-YKUMAR/QATestAutomationBuildsDrop/QATestAutomation/QATestAutomation_20180514.3/ProductPageTest.DLL" className="TestAuto.ProductPageTest, ProductPageTest, Version=1.0.0.0, Culture=neutral, PublicKeyToken=null" name="ProductFourCornerTagsPagesWithNWithout" adapterTypeName="Microsoft.VisualStudio.TestTools.TestTypes.Unit.UnitTestAdapter, Microsoft.VisualStudio.QualityTools.Tips.UnitTest.Adapter, Version=12.0.0.0, Culture=neutral, PublicKeyToken=b03f5f7f11d50a3a" />
    </UnitTest>
    <UnitTest id="f04049b0-8a45-29a6-0522-a2ffbed7f80e" name="BrickAndMortarSearchResultPage" storage="\\cmp01-ykumar\qatestautomationbuildsdrop\qatestautomation\qatestautomation_20180514.3\searchtest.dll">
      <TcmInformation testCaseId="1817" testRunId="26973" testResultId="100033" />
      <Execution id="4b3b3d8c-4914-4bee-a530-991ef9f5ad58" />
      <TestMethod codeBase="file://CMP01-YKUMAR/QATestAutomationBuildsDrop/QATestAutomation/QATestAutomation_20180514.3/SearchTest.DLL" className="TestAuto.SearchTest, SearchTest, Version=1.0.0.0, Culture=neutral, PublicKeyToken=null" name="BrickAndMortarSearchResultPage" adapterTypeName="Microsoft.VisualStudio.TestTools.TestTypes.Unit.UnitTestAdapter, Microsoft.VisualStudio.QualityTools.Tips.UnitTest.Adapter, Version=12.0.0.0, Culture=neutral, PublicKeyToken=b03f5f7f11d50a3a" />
    </UnitTest>
    <UnitTest id="0f5ac5f7-9750-7d9c-0e4d-0a99233a20e7" name="TabOrderOnRegistrationPage" storage="\\cmp01-ykumar\qatestautomationbuildsdrop\qatestautomation\qatestautomation_20180514.3\myaccount.dll">
      <TcmInformation testCaseId="2952" testRunId="26973" testResultId="100056" />
      <Execution id="8a6c76e3-ea54-484a-aa4d-70ff0bb3eee1" />
      <TestMethod codeBase="file://CMP01-YKUMAR/QATestAutomationBuildsDrop/QATestAutomation/QATestAutomation_20180514.3/MyAccount.DLL" className="TestAuto.MyAccount, MyAccount, Version=1.0.0.0, Culture=neutral, PublicKeyToken=null" name="TabOrderOnRegistrationPage" adapterTypeName="Microsoft.VisualStudio.TestTools.TestTypes.Unit.UnitTestAdapter, Microsoft.VisualStudio.QualityTools.Tips.UnitTest.Adapter, Version=12.0.0.0, Culture=neutral, PublicKeyToken=b03f5f7f11d50a3a" />
    </UnitTest>
    <UnitTest id="b3505676-1d5e-00f3-fda9-00b5f663f5d2" name="CategoryListPaginationBottomOfPage" storage="\\cmp01-ykumar\qatestautomationbuildsdrop\qatestautomation\qatestautomation_20180514.3\categorylistlevel3.dll">
      <TcmInformation testCaseId="1425" testRunId="26973" testResultId="100001" />
      <Execution id="9b15df8b-4eed-4cea-8f64-78d2280ec45f" />
      <TestMethod codeBase="file://CMP01-YKUMAR/QATestAutomationBuildsDrop/QATestAutomation/QATestAutomation_20180514.3/CategoryListLevel3.DLL" className="TestAuto.CategoryListLevel3, CategoryListLevel3, Version=1.0.0.0, Culture=neutral, PublicKeyToken=null" name="CategoryListPaginationBottomOfPage" adapterTypeName="Microsoft.VisualStudio.TestTools.TestTypes.Unit.UnitTestAdapter, Microsoft.VisualStudio.QualityTools.Tips.UnitTest.Adapter, Version=12.0.0.0, Culture=neutral, PublicKeyToken=b03f5f7f11d50a3a" />
    </UnitTest>
    <UnitTest id="dad0e815-6d01-86c2-e8bc-431427efc725" name="CartQuantityUpdationGiftWrap" storage="\\cmp01-ykumar\qatestautomationbuildsdrop\qatestautomation\qatestautomation_20180514.3\cartdisplaytest.dll">
      <TcmInformation testCaseId="2967" testRunId="26973" testResultId="100057" />
      <Execution id="dfa52acd-3652-4e1d-a420-1ca7215eacfb" />
      <TestMethod codeBase="file://CMP01-YKUMAR/QATestAutomationBuildsDrop/QATestAutomation/QATestAutomation_20180514.3/CartDisplayTest.DLL" className="TestAuto.CartDisplayTest, CartDisplayTest, Version=1.0.0.0, Culture=neutral, PublicKeyToken=null" name="CartQuantityUpdationGiftWrap" adapterTypeName="Microsoft.VisualStudio.TestTools.TestTypes.Unit.UnitTestAdapter, Microsoft.VisualStudio.QualityTools.Tips.UnitTest.Adapter, Version=12.0.0.0, Culture=neutral, PublicKeyToken=b03f5f7f11d50a3a" />
    </UnitTest>
    <UnitTest id="296661c2-466b-7276-3af9-9839531b4753" name="ProductPageRelatedArticlesTab" storage="\\cmp01-ykumar\qatestautomationbuildsdrop\qatestautomation\qatestautomation_20180514.3\productpagetest.dll">
      <TcmInformation testCaseId="1968" testRunId="26973" testResultId="100039" />
      <Execution id="e5e09803-bf44-48fc-b8fb-2c1824bd8d37" />
      <TestMethod codeBase="file://CMP01-YKUMAR/QATestAutomationBuildsDrop/QATestAutomation/QATestAutomation_20180514.3/ProductPageTest.DLL" className="TestAuto.ProductPageTest, ProductPageTest, Version=1.0.0.0, Culture=neutral, PublicKeyToken=null" name="ProductPageRelatedArticlesTab" adapterTypeName="Microsoft.VisualStudio.TestTools.TestTypes.Unit.UnitTestAdapter, Microsoft.VisualStudio.QualityTools.Tips.UnitTest.Adapter, Version=12.0.0.0, Culture=neutral, PublicKeyToken=b03f5f7f11d50a3a" />
    </UnitTest>
  </TestDefinitions>
  <TestEntries>
    <TestEntry testId="39df8b46-7e5f-4fc4-f833-051f052c360a" executionId="2c248269-982b-46fa-91be-ddb7aa1ddc7f" testListId="8c84fa94-04c1-424b-9868-57a2d4851a1d" />
    <TestEntry testId="f09ffc63-6939-094e-bfd3-b209000ae3f0" executionId="2a9964a9-a455-4774-be5f-bafdfcf65e94" testListId="8c84fa94-04c1-424b-9868-57a2d4851a1d" />
    <TestEntry testId="13a9ceaa-27b9-e071-75b8-0ad6bc006d10" executionId="a15d7aba-f39e-4a96-b479-fcfbefb91386" testListId="8c84fa94-04c1-424b-9868-57a2d4851a1d" />
    <TestEntry testId="ed0cd291-6105-7bed-a3db-826a91264a2b" executionId="77703c1a-4fc4-4239-bb4b-c96031b977f3" testListId="8c84fa94-04c1-424b-9868-57a2d4851a1d" />
    <TestEntry testId="2c13f11c-4c3b-b325-ad09-0cb39bb944c1" executionId="413544e4-8230-4c6e-9348-bd2ccecd4e66" testListId="8c84fa94-04c1-424b-9868-57a2d4851a1d" />
    <TestEntry testId="e3edf36e-a94b-6a3e-ff33-5de15c13ef49" executionId="7a5fa7da-892c-4f57-89d8-b9e9bcdc923e" testListId="8c84fa94-04c1-424b-9868-57a2d4851a1d" />
    <TestEntry testId="2dec7498-7786-1f8c-3663-a6007e5c6521" executionId="ebcd2c24-826b-47a8-a45b-2414596776ea" testListId="8c84fa94-04c1-424b-9868-57a2d4851a1d" />
    <TestEntry testId="450d2f15-c119-dd8f-390f-261cea6330a3" executionId="1a0591eb-46c5-4a51-9a7e-8a2e055a7db0" testListId="8c84fa94-04c1-424b-9868-57a2d4851a1d" />
    <TestEntry testId="259bf6c0-ed43-8fa1-4f46-d7735f91353e" executionId="d174e0f4-03ab-4111-8dbb-708c8802e8df" testListId="8c84fa94-04c1-424b-9868-57a2d4851a1d" />
    <TestEntry testId="45b1a834-6dba-8125-6aa8-bec09e7d335a" executionId="f293377f-e539-4547-bdd3-82ea32c8b3fb" testListId="8c84fa94-04c1-424b-9868-57a2d4851a1d" />
    <TestEntry testId="b1b1dcc2-abc3-a156-1698-d995de0ff230" executionId="319478a3-ff29-4baf-bbf8-776f90cd9b3a" testListId="8c84fa94-04c1-424b-9868-57a2d4851a1d" />
    <TestEntry testId="0f2e97b5-1865-1de8-ef2e-e732370e80e3" executionId="f9b664ea-33f7-422d-a529-c533a0f50c3a" testListId="8c84fa94-04c1-424b-9868-57a2d4851a1d" />
    <TestEntry testId="e40a695d-e877-95a9-5f1c-90dd0cda05f6" executionId="05e976cc-3db8-4cbe-946f-b1241c090809" testListId="8c84fa94-04c1-424b-9868-57a2d4851a1d" />
    <TestEntry testId="82caa765-f8d8-09ef-451b-07327fe67fd2" executionId="a5173cc6-fac1-41bd-8c5c-48e0650f192f" testListId="8c84fa94-04c1-424b-9868-57a2d4851a1d" />
    <TestEntry testId="98b5fb22-71a5-9721-bc0c-bc58bb495add" executionId="b86d4894-a9ce-40d6-970e-4f2d5c06541a" testListId="8c84fa94-04c1-424b-9868-57a2d4851a1d" />
    <TestEntry testId="9b2292a3-d2a0-697b-3f1d-0ea34bc5a681" executionId="ffe07430-460d-48b8-accf-7eb360cb84fe" testListId="8c84fa94-04c1-424b-9868-57a2d4851a1d" />
    <TestEntry testId="c8982089-768d-ab8a-a955-d5b5cc39b49d" executionId="a50c9ecd-159a-4e05-977d-0c66701f2c2a" testListId="8c84fa94-04c1-424b-9868-57a2d4851a1d" />
    <TestEntry testId="cb6178eb-e764-d9cf-32c9-c2fd3f8cc531" executionId="3b7e7743-4181-45f7-9f87-2cf2d0ea7ea9" testListId="8c84fa94-04c1-424b-9868-57a2d4851a1d" />
    <TestEntry testId="6e1fe203-b9fd-05bc-7ba1-69539f6ed3c1" executionId="51009c1b-eaed-4581-8a84-a946e4207bd2" testListId="8c84fa94-04c1-424b-9868-57a2d4851a1d" />
    <TestEntry testId="f48df787-9539-ddea-93b2-f3fc233757e7" executionId="2fd400e9-2a86-42c6-8053-ebdc1a6063f0" testListId="8c84fa94-04c1-424b-9868-57a2d4851a1d" />
    <TestEntry testId="57c32460-3c38-efd3-dc3b-849a079eea64" executionId="f8a02a60-add5-4cf0-8cb3-ccad276d737e" testListId="8c84fa94-04c1-424b-9868-57a2d4851a1d" />
    <TestEntry testId="204ede5b-9101-4469-f06d-b4fe1ea896a8" executionId="f956685c-2089-488f-b7d1-e9c036bd172c" testListId="8c84fa94-04c1-424b-9868-57a2d4851a1d" />
    <TestEntry testId="cb9cd5f6-f8b1-731b-2bf3-2acf7ea49542" executionId="bf42a9cb-9d11-4379-826e-605bc55368ae" testListId="8c84fa94-04c1-424b-9868-57a2d4851a1d" />
    <TestEntry testId="a54af7ba-7178-e223-f9f1-484174ca129a" executionId="3c64e29a-fbd9-4da0-9bc9-04cf28c8f19b" testListId="8c84fa94-04c1-424b-9868-57a2d4851a1d" />
    <TestEntry testId="0f45a732-09ea-e362-9222-cd27f8f983e8" executionId="02e25375-812a-4323-88b3-86bb21e9bc2d" testListId="8c84fa94-04c1-424b-9868-57a2d4851a1d" />
    <TestEntry testId="92a77678-fa66-5044-0e88-a87f571a2c55" executionId="5240e5cb-40b3-49a9-b153-e201c64e0ec5" testListId="8c84fa94-04c1-424b-9868-57a2d4851a1d" />
    <TestEntry testId="c3b8c5bd-70ce-bbe8-dbe7-62a9f3c2bf1c" executionId="0a55688f-c2ab-4643-9ba4-35e50b43d937" testListId="8c84fa94-04c1-424b-9868-57a2d4851a1d" />
    <TestEntry testId="ecd8322c-b1bd-3a91-9d3d-ba738bd4609b" executionId="cd37cd59-5d51-4b24-aed7-194890a0ca9a" testListId="8c84fa94-04c1-424b-9868-57a2d4851a1d" />
    <TestEntry testId="f80a6ce6-1d30-c9e5-57f3-4fc76f5f957b" executionId="ba7d0b43-11e1-477b-87f2-e7b0b8743a93" testListId="8c84fa94-04c1-424b-9868-57a2d4851a1d" />
    <TestEntry testId="2708ff07-8623-9769-dea9-d61a209e0e62" executionId="8120bb2e-8197-45a6-b705-5c52f9559d91" testListId="8c84fa94-04c1-424b-9868-57a2d4851a1d" />
    <TestEntry testId="db2ef7e1-7719-7bf2-58cf-5214e6db9b54" executionId="f767d866-76a2-4e23-b340-e3c1114dfa23" testListId="8c84fa94-04c1-424b-9868-57a2d4851a1d" />
    <TestEntry testId="7c0938cd-c2b7-7885-9aa1-d793678dc5aa" executionId="2f6d36ee-37a2-449f-8303-6a13c4f1a167" testListId="8c84fa94-04c1-424b-9868-57a2d4851a1d" />
    <TestEntry testId="5a65d206-0b02-f645-bcdc-16639cfb140f" executionId="8e5e21b2-324b-4274-a006-5b60c3a44cb6" testListId="8c84fa94-04c1-424b-9868-57a2d4851a1d" />
    <TestEntry testId="64d6c1ec-8b93-695c-21fb-3a5995d3f809" executionId="19dba804-7011-460e-88e5-cab12ca24e06" testListId="8c84fa94-04c1-424b-9868-57a2d4851a1d" />
    <TestEntry testId="935f70be-4f3b-e60d-8e35-2214456580b7" executionId="eff42dbe-4ee6-4ff1-9add-9007dbc47716" testListId="8c84fa94-04c1-424b-9868-57a2d4851a1d" />
    <TestEntry testId="0cb4de40-b2a4-e13d-df4a-231d00f4969a" executionId="3db166a3-c514-4de2-b22b-adf89dd7cc45" testListId="8c84fa94-04c1-424b-9868-57a2d4851a1d" />
    <TestEntry testId="1c6493b6-afc9-e1f2-1eda-b83b6f072138" executionId="a04309c8-1df7-45b0-854b-ae100b6df480" testListId="8c84fa94-04c1-424b-9868-57a2d4851a1d" />
    <TestEntry testId="a25899a1-e687-7c00-505a-68a1f4e19996" executionId="a7239ea9-8b7d-4d5a-a28d-4c8d8e50f729" testListId="8c84fa94-04c1-424b-9868-57a2d4851a1d" />
    <TestEntry testId="99b3a27f-e572-1547-e9e9-e6d48e0e8ff4" executionId="fc87a0d0-8070-4714-9368-02185767e20d" testListId="8c84fa94-04c1-424b-9868-57a2d4851a1d" />
    <TestEntry testId="1ef77637-eddc-d6b3-fd0c-5a2e7dc4a1e5" executionId="13b37d79-c537-4da9-894e-80f111ed4f26" testListId="8c84fa94-04c1-424b-9868-57a2d4851a1d" />
    <TestEntry testId="50f26e18-dca4-70e9-774b-381d34771859" executionId="3734f087-95cd-4539-b005-52f4e9a72d19" testListId="8c84fa94-04c1-424b-9868-57a2d4851a1d" />
    <TestEntry testId="acfe74cc-d057-8fb8-9d6a-794ddd8c2552" executionId="cae26683-899a-4f68-9cce-307212da238a" testListId="8c84fa94-04c1-424b-9868-57a2d4851a1d" />
    <TestEntry testId="e4b43ad5-67fc-68cb-e612-10a4fc8dab10" executionId="8e3ba439-4a81-4091-8ce0-4a3fb3a41eea" testListId="8c84fa94-04c1-424b-9868-57a2d4851a1d" />
    <TestEntry testId="6c229ca4-b17b-fa56-cfbb-866932b72df2" executionId="07c1e70d-71a1-4566-bcb8-8c9a31ef834d" testListId="8c84fa94-04c1-424b-9868-57a2d4851a1d" />
    <TestEntry testId="0531377d-c278-d1fe-a5e4-5a3dcd41c4c1" executionId="36c8c004-c844-4413-87d2-cad76f07a007" testListId="8c84fa94-04c1-424b-9868-57a2d4851a1d" />
    <TestEntry testId="d2d49f6b-8732-4b2d-609f-ebcf8240af10" executionId="cc9a06d9-48d7-4455-9634-3ad4981d4c88" testListId="8c84fa94-04c1-424b-9868-57a2d4851a1d" />
    <TestEntry testId="a4c6fb01-f8de-6088-b50b-566ca4c3804b" executionId="e48f9ff7-c46c-4946-87b2-54d446cc48c1" testListId="8c84fa94-04c1-424b-9868-57a2d4851a1d" />
    <TestEntry testId="2f4b8b7e-db4c-e56b-cf0c-2b5250a84596" executionId="687e1b6b-6c4f-4870-baa6-fdb4293a1d2f" testListId="8c84fa94-04c1-424b-9868-57a2d4851a1d" />
    <TestEntry testId="7eab8c63-501f-43ca-23a2-0e182a0a7362" executionId="279c3447-1752-474c-b0c9-31c6691f6033" testListId="8c84fa94-04c1-424b-9868-57a2d4851a1d" />
    <TestEntry testId="dd4b11c1-81d7-df8d-7302-64904eb6f786" executionId="5b74f4db-b885-414d-834a-c6c104499c67" testListId="8c84fa94-04c1-424b-9868-57a2d4851a1d" />
    <TestEntry testId="89c165a1-7ac9-607c-28d5-09565c26a1ac" executionId="3420b618-cd24-4511-b027-f5a7801eb67b" testListId="8c84fa94-04c1-424b-9868-57a2d4851a1d" />
    <TestEntry testId="e5ee7485-0038-6613-3647-634475f050c3" executionId="dbb648cd-f7c4-4b50-97ca-9e72bc180407" testListId="8c84fa94-04c1-424b-9868-57a2d4851a1d" />
    <TestEntry testId="5493a8ff-1c6a-c57f-78d6-f2d89a1cf4eb" executionId="a6f7381d-42b8-4518-9981-3175317fe28a" testListId="8c84fa94-04c1-424b-9868-57a2d4851a1d" />
    <TestEntry testId="fc2aed92-b13d-123f-b4ca-3415a10c51b2" executionId="b0b85147-fdee-4469-9b3e-b87d1cbfb764" testListId="8c84fa94-04c1-424b-9868-57a2d4851a1d" />
    <TestEntry testId="50aa2fb6-b044-c396-06a8-a45273ee0484" executionId="e2edde9a-8bf5-4ee4-8387-e606e954fc60" testListId="8c84fa94-04c1-424b-9868-57a2d4851a1d" />
    <TestEntry testId="d4fbc256-95d2-4162-ab66-62980f649e57" executionId="0a184718-a01a-4201-9a44-8805ec8a7958" testListId="8c84fa94-04c1-424b-9868-57a2d4851a1d" />
    <TestEntry testId="b0b77c4a-4f91-b581-b588-dd4bb8fe9b11" executionId="8f3c595f-2846-4342-8db4-e254b5e6ab83" testListId="8c84fa94-04c1-424b-9868-57a2d4851a1d" />
    <TestEntry testId="030d9fc9-3b7b-9ae0-5a95-356745756623" executionId="086d37b5-9683-44b4-8e7c-d501fa661d84" testListId="8c84fa94-04c1-424b-9868-57a2d4851a1d" />
    <TestEntry testId="dde6b755-fcb2-dc1a-cc9e-5654c102de21" executionId="dfcdf7da-28f8-4a13-a691-590a754a1101" testListId="8c84fa94-04c1-424b-9868-57a2d4851a1d" />
    <TestEntry testId="e58a3493-6306-79a3-4243-24dce3ab53ea" executionId="dea567e5-df3a-43a1-ab2a-ea6b29ca0472" testListId="8c84fa94-04c1-424b-9868-57a2d4851a1d" />
    <TestEntry testId="56d44d20-c125-9b5d-e497-2cae662431f5" executionId="a2c43408-ea19-4090-86ef-3a8e3cd81fac" testListId="8c84fa94-04c1-424b-9868-57a2d4851a1d" />
    <TestEntry testId="b3505676-1d5e-00f3-fda9-00b5f663f5d2" executionId="9b15df8b-4eed-4cea-8f64-78d2280ec45f" testListId="8c84fa94-04c1-424b-9868-57a2d4851a1d" />
    <TestEntry testId="d375cf4a-6c91-7010-63c2-a619691df60f" executionId="2b98d8b1-680c-4bfc-9196-1ec38940bcce" testListId="8c84fa94-04c1-424b-9868-57a2d4851a1d" />
    <TestEntry testId="0dcaec80-5f87-999f-d4b6-ab154e5db421" executionId="ddee163a-d4bd-4cd3-8895-02f6de67fdae" testListId="8c84fa94-04c1-424b-9868-57a2d4851a1d" />
    <TestEntry testId="eec2d756-645d-92d4-97c2-9841d0a94e3c" executionId="76c062ec-1a80-4d1d-8765-c76de7bf449b" testListId="8c84fa94-04c1-424b-9868-57a2d4851a1d" />
    <TestEntry testId="8a0c4599-8d47-4829-d166-868c7eeefeab" executionId="d3460402-6e9a-4ec4-9d9c-9218e7d88f69" testListId="8c84fa94-04c1-424b-9868-57a2d4851a1d" />
    <TestEntry testId="677ce03c-d3c9-70be-5ab3-0e67df872a8e" executionId="1466d8ae-d51f-4a07-8418-eb842f44f68c" testListId="8c84fa94-04c1-424b-9868-57a2d4851a1d" />
    <TestEntry testId="7f0202ed-77b7-ab54-2efb-451781aaebb9" executionId="0a10b19b-376e-49da-b54a-6704d75d2bd2" testListId="8c84fa94-04c1-424b-9868-57a2d4851a1d" />
    <TestEntry testId="3edd0b63-bf6f-08bc-7a35-6f63ec5b1606" executionId="ea0d5047-c6fc-4121-81cf-e8535a103ff1" testListId="8c84fa94-04c1-424b-9868-57a2d4851a1d" />
    <TestEntry testId="227538fd-0eda-ee49-efa8-42264e3489b8" executionId="ffab471c-aeaf-4bf5-830a-8a8089b42c3f" testListId="8c84fa94-04c1-424b-9868-57a2d4851a1d" />
    <TestEntry testId="dbe4b041-f370-0433-8925-09cada2a681e" executionId="c2aba3b0-ba48-4440-b459-81f46ccfd549" testListId="8c84fa94-04c1-424b-9868-57a2d4851a1d" />
    <TestEntry testId="2f29873d-6ea4-c4ab-692f-c7469884039b" executionId="6e6046dd-4e4d-4515-a9f0-0d84e6102576" testListId="8c84fa94-04c1-424b-9868-57a2d4851a1d" />
    <TestEntry testId="cbf7caa6-9332-34a1-3fa6-5a08c0d038ea" executionId="6bfd18c6-9652-4098-8c00-a0add9d7038a" testListId="8c84fa94-04c1-424b-9868-57a2d4851a1d" />
    <TestEntry testId="8ef35005-3886-2833-7a0a-94f1fb3a232d" executionId="38287274-d793-4f01-9405-1977d2d1bf01" testListId="8c84fa94-04c1-424b-9868-57a2d4851a1d" />
    <TestEntry testId="f6b3acd0-94c8-e8cd-2e09-516123a72c87" executionId="0abc5787-7bac-4e67-9ab3-6ad727b4b4ad" testListId="8c84fa94-04c1-424b-9868-57a2d4851a1d" />
    <TestEntry testId="5e55e692-4563-a9d8-eba3-9d0611f5a523" executionId="aa5e1c08-b3e6-46cf-a2fe-54d98e63d3b4" testListId="8c84fa94-04c1-424b-9868-57a2d4851a1d" />
    <TestEntry testId="09387ed1-c2fb-d547-481c-d59c0b415953" executionId="a14d14b0-88f3-47fe-a32a-09c90c331e89" testListId="8c84fa94-04c1-424b-9868-57a2d4851a1d" />
    <TestEntry testId="7b45ab1a-cab5-7f38-3c0d-cd6f577b07ef" executionId="09feb18a-7fe3-48e3-95d4-8bd04ef7ec80" testListId="8c84fa94-04c1-424b-9868-57a2d4851a1d" />
    <TestEntry testId="ae1d61bc-d7f5-c2a5-ecb3-db8f54fef6a6" executionId="0f6c3c1d-1ad9-4bbd-be37-a84b2d82c8da" testListId="8c84fa94-04c1-424b-9868-57a2d4851a1d" />
    <TestEntry testId="51838aef-ffd7-68ee-fa7e-313e146815b6" executionId="5cba2dc0-5bd5-43b9-bcde-526e71383003" testListId="8c84fa94-04c1-424b-9868-57a2d4851a1d" />
    <TestEntry testId="85bac158-e789-43a3-ccc0-2b7440ff591d" executionId="d829d3ea-6918-496e-914c-f3e5cb3f1e32" testListId="8c84fa94-04c1-424b-9868-57a2d4851a1d" />
    <TestEntry testId="792adc99-70fb-1ca0-96eb-07e0876db0a8" executionId="f70704a5-17d5-44be-8e4b-6c445ba3c6bc" testListId="8c84fa94-04c1-424b-9868-57a2d4851a1d" />
    <TestEntry testId="24249209-6e78-9a6e-b5c3-ed128615d53f" executionId="ce16caf7-015c-4570-8dbd-a4a63684facd" testListId="8c84fa94-04c1-424b-9868-57a2d4851a1d" />
    <TestEntry testId="d9578ff4-933a-5dce-cbc2-f2db675f0281" executionId="4777d0a6-036c-4995-bf6c-097abd7c7221" testListId="8c84fa94-04c1-424b-9868-57a2d4851a1d" />
    <TestEntry testId="e8d25b85-f9e1-12c4-ed05-9a9babe54f89" executionId="6821ebe7-2388-4045-af67-aba9a4fe3b72" testListId="8c84fa94-04c1-424b-9868-57a2d4851a1d" />
    <TestEntry testId="345f528c-b4e2-586f-df1d-545581ac6078" executionId="7e331245-2b01-4bc9-9ef2-4d0110cb1b19" testListId="8c84fa94-04c1-424b-9868-57a2d4851a1d" />
    <TestEntry testId="2765b9ba-fe80-b712-0dc1-f01d5492e63b" executionId="baa81998-3682-452d-9918-0204d0240e14" testListId="8c84fa94-04c1-424b-9868-57a2d4851a1d" />
    <TestEntry testId="5a4ec664-a787-cb17-b021-6c0af292c1bf" executionId="292ae33d-2b6c-42d3-ae8a-988b1061a58a" testListId="8c84fa94-04c1-424b-9868-57a2d4851a1d" />
    <TestEntry testId="d97a5a46-964b-df21-8bbb-b6de2ffb55bd" executionId="21984c6c-ccd3-4785-8bb7-853ab2663830" testListId="8c84fa94-04c1-424b-9868-57a2d4851a1d" />
    <TestEntry testId="f700b8e4-82ed-82ef-8ac6-dcc647bfda88" executionId="5229242e-1c66-4d58-8e2f-2ac2a29d68dc" testListId="8c84fa94-04c1-424b-9868-57a2d4851a1d" />
    <TestEntry testId="cfd8c3c2-699a-eadf-3c77-92a86b4cbb46" executionId="cf98e211-bab8-46e8-bfca-596afb10b25d" testListId="8c84fa94-04c1-424b-9868-57a2d4851a1d" />
    <TestEntry testId="e54a7497-7824-dedd-ff6a-7879d5acc0fa" executionId="c3c17e00-8889-4f9b-94b7-4732f16d0ee0" testListId="8c84fa94-04c1-424b-9868-57a2d4851a1d" />
    <TestEntry testId="3bef58c6-9bb8-a64f-9dd6-4237f7d1b019" executionId="79ea99e9-36f7-404f-8851-47b8361fe6f0" testListId="8c84fa94-04c1-424b-9868-57a2d4851a1d" />
    <TestEntry testId="f04049b0-8a45-29a6-0522-a2ffbed7f80e" executionId="4b3b3d8c-4914-4bee-a530-991ef9f5ad58" testListId="8c84fa94-04c1-424b-9868-57a2d4851a1d" />
    <TestEntry testId="5ca37790-c1bc-3fc7-2a19-9fe976f9c850" executionId="d7b5913c-a29a-4ddd-812b-e91cd56a185c" testListId="8c84fa94-04c1-424b-9868-57a2d4851a1d" />
    <TestEntry testId="780f8ca6-0b89-206d-fa11-a594df9ce382" executionId="e781cae3-a792-434a-b7e8-fae18089e516" testListId="8c84fa94-04c1-424b-9868-57a2d4851a1d" />
    <TestEntry testId="6d9fd32a-a94f-b15c-8b40-3d3ca5789585" executionId="8b341358-7822-43c0-8a8c-7a0b8aa67517" testListId="8c84fa94-04c1-424b-9868-57a2d4851a1d" />
    <TestEntry testId="5e0ddda9-29bf-a604-6276-12249de1b0e3" executionId="93da4fe0-f4b2-4ba7-ba58-6c38b77fb80f" testListId="8c84fa94-04c1-424b-9868-57a2d4851a1d" />
    <TestEntry testId="cee3ac5d-f77a-85c9-c9cb-ecaa400c80e9" executionId="7cd91bad-c58b-4f4e-94c3-b5b5249b8511" testListId="8c84fa94-04c1-424b-9868-57a2d4851a1d" />
    <TestEntry testId="296661c2-466b-7276-3af9-9839531b4753" executionId="e5e09803-bf44-48fc-b8fb-2c1824bd8d37" testListId="8c84fa94-04c1-424b-9868-57a2d4851a1d" />
    <TestEntry testId="78aeb495-b9a5-e9e7-c407-84de9f56b82a" executionId="2e58dcec-c3d8-42a7-ae4f-7b0a49992e73" testListId="8c84fa94-04c1-424b-9868-57a2d4851a1d" />
    <TestEntry testId="238d3e4d-0ef0-19f1-9d69-08c38bfa5bc5" executionId="ab49d489-7f64-4d98-ae4e-6c7a39d67ba9" testListId="8c84fa94-04c1-424b-9868-57a2d4851a1d" />
    <TestEntry testId="03fed267-58c7-5339-529d-f4de37af4da6" executionId="0c5a8957-e4ca-479b-8ed6-c3666c8c121e" testListId="8c84fa94-04c1-424b-9868-57a2d4851a1d" />
    <TestEntry testId="f620249f-0052-c51d-b60c-639a6b3fe87f" executionId="409854d6-949e-4a4c-8fdc-0135b0b2486a" testListId="8c84fa94-04c1-424b-9868-57a2d4851a1d" />
    <TestEntry testId="0f2b81de-20ba-5cfb-7c9c-0cdd7499e074" executionId="ca1bff67-d1c8-4c85-a526-35d1c4165c5c" testListId="8c84fa94-04c1-424b-9868-57a2d4851a1d" />
    <TestEntry testId="d943e4ea-2bc5-a462-1477-25992917a0ec" executionId="f1231435-75c3-4735-a6ab-c7ac4bda502a" testListId="8c84fa94-04c1-424b-9868-57a2d4851a1d" />
    <TestEntry testId="89a0ab30-1bbc-7fdd-12c1-67361a28bdcd" executionId="f3a80dd7-b32f-4546-a8a6-604dd1f240fe" testListId="8c84fa94-04c1-424b-9868-57a2d4851a1d" />
    <TestEntry testId="03ffa5b8-a450-204b-3cd7-0c8fbf4758a9" executionId="e881e341-2ed3-45b0-a3c3-1cafc0255020" testListId="8c84fa94-04c1-424b-9868-57a2d4851a1d" />
    <TestEntry testId="040ecc46-5b09-95d2-8145-cc12815fb627" executionId="b55e1e62-18db-4330-b6a6-a7ef4bd13869" testListId="8c84fa94-04c1-424b-9868-57a2d4851a1d" />
    <TestEntry testId="c8408e0e-7151-f4f0-cf36-3a61b3743b40" executionId="7265983c-4b31-4d96-afa5-785785849aa1" testListId="8c84fa94-04c1-424b-9868-57a2d4851a1d" />
    <TestEntry testId="4a2023df-cff0-a188-4800-e39042069fba" executionId="0508e065-cb93-4b18-b3cb-52196c934dc7" testListId="8c84fa94-04c1-424b-9868-57a2d4851a1d" />
    <TestEntry testId="5be7ec96-fa39-010e-613a-a900ff9a4de0" executionId="4ce4c57f-305c-4d38-b766-267bb5b496cf" testListId="8c84fa94-04c1-424b-9868-57a2d4851a1d" />
    <TestEntry testId="037aa6b0-8a63-4385-5fae-5d2a26d9632b" executionId="7b617435-202d-49d2-a952-2821394a84d7" testListId="8c84fa94-04c1-424b-9868-57a2d4851a1d" />
    <TestEntry testId="c2ae2699-e4cf-0063-ff28-66004470daf7" executionId="c7eea668-5e63-4c72-a7e8-bc0cafece938" testListId="8c84fa94-04c1-424b-9868-57a2d4851a1d" />
    <TestEntry testId="05b4593e-f853-c4cd-7891-50a925ac2065" executionId="f4ad025c-21c8-4c65-83d8-5f7eb2306750" testListId="8c84fa94-04c1-424b-9868-57a2d4851a1d" />
    <TestEntry testId="c711618d-799a-fae2-2b61-26375305c5d5" executionId="34be2a46-4c05-49a3-9670-349ad196b8bd" testListId="8c84fa94-04c1-424b-9868-57a2d4851a1d" />
    <TestEntry testId="0f5ac5f7-9750-7d9c-0e4d-0a99233a20e7" executionId="8a6c76e3-ea54-484a-aa4d-70ff0bb3eee1" testListId="8c84fa94-04c1-424b-9868-57a2d4851a1d" />
    <TestEntry testId="dad0e815-6d01-86c2-e8bc-431427efc725" executionId="dfa52acd-3652-4e1d-a420-1ca7215eacfb" testListId="8c84fa94-04c1-424b-9868-57a2d4851a1d" />
    <TestEntry testId="3d6e0dd8-62f4-bfa7-d6dd-1b10af38a9c9" executionId="8eb056d8-7ccd-4c61-b2c6-dd6eae85d326" testListId="8c84fa94-04c1-424b-9868-57a2d4851a1d" />
    <TestEntry testId="c3943335-6b67-2c1e-404c-63af4febda33" executionId="806cdf0b-8b57-4734-9a4c-b34b56c43bd5" testListId="8c84fa94-04c1-424b-9868-57a2d4851a1d" />
    <TestEntry testId="31b64b20-2e38-7f68-e596-84cced91efc4" executionId="07bf9dd5-7f21-41f1-9e6b-48908eba849e" testListId="8c84fa94-04c1-424b-9868-57a2d4851a1d" />
    <TestEntry testId="1c46f8b2-092f-08d2-90da-504229765e5d" executionId="a3b80a42-21db-44f6-88cf-34da9a8ae38f" testListId="8c84fa94-04c1-424b-9868-57a2d4851a1d" />
    <TestEntry testId="33076d14-57a0-b796-95c6-3fe741efa6e1" executionId="c2451d4a-22f2-4791-b044-7b62413a5f2e" testListId="8c84fa94-04c1-424b-9868-57a2d4851a1d" />
    <TestEntry testId="d0323589-1247-fba8-02e1-edcdaa59d87c" executionId="647f1e1e-2a9d-4679-9d12-5dd7edad6edf" testListId="8c84fa94-04c1-424b-9868-57a2d4851a1d" />
    <TestEntry testId="935bcd49-05e6-9bab-ed85-69d93082b9f8" executionId="359fe93b-89d3-4264-bbfb-9d41d84940e7" testListId="8c84fa94-04c1-424b-9868-57a2d4851a1d" />
    <TestEntry testId="aea2bd12-36fb-e640-fffa-97311e64b9a9" executionId="23581de1-e083-4c45-91b2-e1f04f5f8cf0" testListId="8c84fa94-04c1-424b-9868-57a2d4851a1d" />
  </TestEntries>
  <TestLists>
    <TestList name="Results Not in a List" id="8c84fa94-04c1-424b-9868-57a2d4851a1d" />
    <TestList name="All Loaded Results" id="19431567-8539-422a-85d7-44ee4e166bda" />
  </TestLists>
  <ResultSummary outcome="Failed">
    <Counters aborted="0" completed="0" disconnected="0" executed="126" failed="43" inconclusive="0" inProgress="0" notExecuted="0" notRunnable="0" passed="83" passedButRunAborted="0" pending="0" timeout="0" total="126" warning="0" />
    <RunInfos>
      <RunInfo computerName="CMP01-YKUMAR" outcome="Error" timestamp="2018-05-15T01:39:59.4292310-05:00">
        <Text>Exception during deploying files back to host application: System.IO.PathTooLongException: The specified path, file name, or both are too long. The fully qualified file name must be less than 260 characters, and the directory name must be less than 248 characters..</Text>
      </RunInfo>
      <RunInfo computerName="CMP01-YKUMAR" outcome="Error" timestamp="2018-05-15T03:37:11.4111681-05:00">
        <Text>Exception during deploying files back to host application: System.IO.PathTooLongException: The specified path, file name, or both are too long. The fully qualified file name must be less than 260 characters, and the directory name must be less than 248 characters..</Text>
      </RunInfo>
    </RunInfos>
  </ResultSummary>
</TestRun>