<?xml version="1.0" encoding="UTF-8"?>
<TestRun id="00467ece-be72-4b0d-9e16-e8b35b5054e6" name="ksharma@CMP01-YKUMAR 2018-05-14 21:41:32" runUser="DOMAIN\ksharma" xmlns="http://microsoft.com/schemas/VisualStudio/TeamTest/2010">
  <TestSettings name="BS2AutomationTestSetting - Kanchan" id="8d5b6331-c83c-4097-af25-270a30f0eacb">
    <Description>BS2AutomationTestSetting - Kanchan</Description>
    <Deployment userDeploymentRoot="C:\Users\ksharma\AppData\Local\VSEQT\QTController\rm\26974" useDefaultDeploymentRoot="false" runDeploymentRoot="ksharma_CMP01-YKUMAR 2018-05-14 21_41_32" />
    <RemoteController name="CMP01-YKUMAR.horizonhobby.com:6901" />
    <Execution location="Remote">
      <Timeouts testTimeout="0" />
      <TestTypeSpecific />
      <AgentRule name="BS2CUIT">
        <SelectionCriteria>
          <AgentProperty name="__Test Environment" value="WebSphere.0.CMP01-YKumar" />
          <AgentProperty name="__Machine Role" value="BS2CUIT" />
        </SelectionCriteria>
      </AgentRule>
    </Execution>
    <Properties />
  </TestSettings>
  <Times creation="2018-05-14T21:41:32.6272310-05:00" queuing="2018-05-14T21:41:33.5602310-05:00" start="2018-05-14T21:41:34.1762310-05:00" finish="2018-05-15T01:42:14.1902310-05:00" />
  <ResultSummary outcome="Error">
    <Counters total="60" executed="60" passed="39" error="0" failed="21" timeout="0" aborted="0" inconclusive="0" passedButRunAborted="0" notRunnable="0" notExecuted="0" disconnected="0" warning="0" completed="0" inProgress="0" pending="0" />
    <RunInfos>
      <RunInfo computerName="CMP01-YKUMAR" outcome="Error" timestamp="2018-05-15T01:39:59.4292310-05:00">
        <Text>Exception during deploying files back to host application: System.IO.PathTooLongException: The specified path, file name, or both are too long. The fully qualified file name must be less than 260 characters, and the directory name must be less than 248 characters..</Text>
        <Exception>System.IO.PathTooLongException: The specified path, file name, or both are too long. The fully qualified file name must be less than 260 characters, and the directory name must be less than 248 characters.
   at System.IO.Path.LegacyNormalizePath(String path, Boolean fullCheck, Int32 maxPathLength, Boolean expandShortPaths)
   at System.IO.Path.NormalizePath(String path, Boolean fullCheck, Int32 maxPathLength, Boolean expandShortPaths)
   at System.IO.Path.InternalGetDirectoryName(String path)
   at Microsoft.VisualStudio.TestTools.Common.FileHelper.GetFirstAvailableFilePath(String desiredFilePath, Boolean createFile)
   at Microsoft.VisualStudio.TestTools.TestManagement.Tmi.FileCopyMessageArrived(FileCopyTestResultMessage message)</Exception>
      </RunInfo>
    </RunInfos>
  </ResultSummary>
  <TestDefinitions>
    <UnitTest name="InternationalOrderLinkInDomesticSession" storage="\\cmp01-ykumar\qatestautomationbuildsdrop\qatestautomation\qatestautomation_20180514.3\borderfree.dll" id="c8982089-768d-ab8a-a955-d5b5cc39b49d">
      <DeploymentItems>
        <DeploymentItem filename="TestData\BorderFreeTestData.xml" />
        <DeploymentItem filename="SharedCommonConfig\SharedCommonConfig.xml" />
      </DeploymentItems>
      <TcmInformation testCaseId="4531" testRunId="26974" testResultId="100016" />
      <Execution id="a50c9ecd-159a-4e05-977d-0c66701f2c2a" />
      <Properties>
        <Property>
          <Key>__Tfs_BuildUri__</Key>
          <Value>vstfs:///Build/Build/1903</Value>
        </Property>
        <Property>
          <Key>__Tfs_IsInLabEnvironment__</Key>
          <Value>true</Value>
        </Property>
        <Property>
          <Key>__Tfs_TestRunId__</Key>
          <Value>26974</Value>
        </Property>
        <Property>
          <Key>__Tfs_TestCaseId__</Key>
          <Value>4531</Value>
        </Property>
        <Property>
          <Key>__Tfs_TeamProject__</Key>
          <Value>WebSphere</Value>
        </Property>
        <Property>
          <Key>__Tfs_BuildDirectory__</Key>
          <Value>\\CMP01-YKUMAR\QATestAutomationBuildsDrop\QATestAutomation\QATestAutomation_20180514.3</Value>
        </Property>
        <Property>
          <Key>__Tfs_LabEnvironment__</Key>
          <Value>&lt;?xml version="1.0" encoding="utf-16"?&gt;&lt;LabEnvironment Id="877963a7-28da-4117-9475-1e22fce445cb" Name="CMP01-YKumar" Uri="vstfs:///LabManagement/LabEnvironment/268"&gt;&lt;LabSystems&gt;&lt;LabSystem Name="cmp01-ykumar" ComputerName="CMP01-YKUMAR.horizonhobby.com" Roles="BS2CUIT"&gt;&lt;CustomProperties /&gt;&lt;/LabSystem&gt;&lt;/LabSystems&gt;&lt;/LabEnvironment&gt;</Value>
        </Property>
        <Property>
          <Key>__Tfs_TestConfigurationId__</Key>
          <Value>17</Value>
        </Property>
        <Property>
          <Key>__Tfs_TestPlanId__</Key>
          <Value>13</Value>
        </Property>
        <Property>
          <Key>__Tfs_TestConfigurationName__</Key>
          <Value>Win 7 with IE 11</Value>
        </Property>
        <Property>
          <Key>__Tfs_TestPointId__</Key>
          <Value>110271</Value>
        </Property>
        <Property>
          <Key>__Tfs_TfsServerCollectionUrl__</Key>
          <Value>http://cmp02-app05:8080/tfs/defaultcollection</Value>
        </Property>
        <Property>
          <Key>__Tfs_BuildPlatform__</Key>
          <Value>Any CPU</Value>
        </Property>
        <Property>
          <Key>__Tfs_BuildNumber__</Key>
          <Value>QATestAutomation_20180514.3</Value>
        </Property>
        <Property>
          <Key>__Tfs_BuildFlavor__</Key>
          <Value>Debug</Value>
        </Property>
        <Property>
          <Key>__Tfs_BuildConfigurationId__</Key>
          <Value>26978</Value>
        </Property>
      </Properties>
      <TestMethod codeBase="file://CMP01-YKUMAR/QATestAutomationBuildsDrop/QATestAutomation/QATestAutomation_20180514.3/BorderFree.DLL" adapterTypeName="Microsoft.VisualStudio.TestTools.TestTypes.Unit.UnitTestAdapter, Microsoft.VisualStudio.QualityTools.Tips.UnitTest.Adapter, Version=12.0.0.0, Culture=neutral, PublicKeyToken=b03f5f7f11d50a3a" className="TestAuto.BorderFree, BorderFree, Version=1.0.0.0, Culture=neutral, PublicKeyToken=null" name="InternationalOrderLinkInDomesticSession" />
      <Extension>Microsoft.VisualStudio.TestTools.UITesting.CodedUITestAttribute, Microsoft.VisualStudio.QualityTools.CodedUITestFramework, Version=12.0.0.0, Culture=neutral, PublicKeyToken=b03f5f7f11d50a3a</Extension>
    </UnitTest>
    <UnitTest name="CrossSiteScriptingUserRegistrationMyAccount" storage="\\cmp01-ykumar\qatestautomationbuildsdrop\qatestautomation\qatestautomation_20180514.3\crosssitescripting.dll" id="64d6c1ec-8b93-695c-21fb-3a5995d3f809">
      <DeploymentItems>
        <DeploymentItem filename="TestData\CrossSiteScriptingTestData.xml" />
        <DeploymentItem filename="SharedCommonConfig\SharedCommonConfig.xml" />
      </DeploymentItems>
      <TcmInformation testCaseId="6023" testRunId="26974" testResultId="100033" />
      <Execution id="19dba804-7011-460e-88e5-cab12ca24e06" />
      <Properties>
        <Property>
          <Key>__Tfs_BuildUri__</Key>
          <Value>vstfs:///Build/Build/1903</Value>
        </Property>
        <Property>
          <Key>__Tfs_IsInLabEnvironment__</Key>
          <Value>true</Value>
        </Property>
        <Property>
          <Key>__Tfs_TestRunId__</Key>
          <Value>26974</Value>
        </Property>
        <Property>
          <Key>__Tfs_TestCaseId__</Key>
          <Value>6023</Value>
        </Property>
        <Property>
          <Key>__Tfs_TeamProject__</Key>
          <Value>WebSphere</Value>
        </Property>
        <Property>
          <Key>__Tfs_BuildDirectory__</Key>
          <Value>\\CMP01-YKUMAR\QATestAutomationBuildsDrop\QATestAutomation\QATestAutomation_20180514.3</Value>
        </Property>
        <Property>
          <Key>__Tfs_LabEnvironment__</Key>
          <Value>&lt;?xml version="1.0" encoding="utf-16"?&gt;&lt;LabEnvironment Id="877963a7-28da-4117-9475-1e22fce445cb" Name="CMP01-YKumar" Uri="vstfs:///LabManagement/LabEnvironment/268"&gt;&lt;LabSystems&gt;&lt;LabSystem Name="cmp01-ykumar" ComputerName="CMP01-YKUMAR.horizonhobby.com" Roles="BS2CUIT"&gt;&lt;CustomProperties /&gt;&lt;/LabSystem&gt;&lt;/LabSystems&gt;&lt;/LabEnvironment&gt;</Value>
        </Property>
        <Property>
          <Key>__Tfs_TestConfigurationId__</Key>
          <Value>17</Value>
        </Property>
        <Property>
          <Key>__Tfs_TestPlanId__</Key>
          <Value>13</Value>
        </Property>
        <Property>
          <Key>__Tfs_TestConfigurationName__</Key>
          <Value>Win 7 with IE 11</Value>
        </Property>
        <Property>
          <Key>__Tfs_TestPointId__</Key>
          <Value>110290</Value>
        </Property>
        <Property>
          <Key>__Tfs_TfsServerCollectionUrl__</Key>
          <Value>http://cmp02-app05:8080/tfs/defaultcollection</Value>
        </Property>
        <Property>
          <Key>__Tfs_BuildPlatform__</Key>
          <Value>Any CPU</Value>
        </Property>
        <Property>
          <Key>__Tfs_BuildNumber__</Key>
          <Value>QATestAutomation_20180514.3</Value>
        </Property>
        <Property>
          <Key>__Tfs_BuildFlavor__</Key>
          <Value>Debug</Value>
        </Property>
        <Property>
          <Key>__Tfs_BuildConfigurationId__</Key>
          <Value>26978</Value>
        </Property>
      </Properties>
      <TestMethod codeBase="file://CMP01-YKUMAR/QATestAutomationBuildsDrop/QATestAutomation/QATestAutomation_20180514.3/CrossSiteScripting.DLL" adapterTypeName="Microsoft.VisualStudio.TestTools.TestTypes.Unit.UnitTestAdapter, Microsoft.VisualStudio.QualityTools.Tips.UnitTest.Adapter, Version=12.0.0.0, Culture=neutral, PublicKeyToken=b03f5f7f11d50a3a" className="TestAuto.CrossSiteScripting, CrossSiteScripting, Version=1.0.0.0, Culture=neutral, PublicKeyToken=null" name="CrossSiteScriptingUserRegistrationMyAccount" />
      <Extension>Microsoft.VisualStudio.TestTools.UITesting.CodedUITestAttribute, Microsoft.VisualStudio.QualityTools.CodedUITestFramework, Version=12.0.0.0, Culture=neutral, PublicKeyToken=b03f5f7f11d50a3a</Extension>
    </UnitTest>
    <UnitTest name="CrossSiteScriptingWebsiteVulnerabilitySearchProductPage" storage="\\cmp01-ykumar\qatestautomationbuildsdrop\qatestautomation\qatestautomation_20180514.3\crosssitescripting.dll" id="db2ef7e1-7719-7bf2-58cf-5214e6db9b54">
      <DeploymentItems>
        <DeploymentItem filename="TestData\CrossSiteScriptingTestData.xml" />
        <DeploymentItem filename="SharedCommonConfig\SharedCommonConfig.xml" />
      </DeploymentItems>
      <TcmInformation testCaseId="6020" testRunId="26974" testResultId="100030" />
      <Execution id="f767d866-76a2-4e23-b340-e3c1114dfa23" />
      <Properties>
        <Property>
          <Key>__Tfs_BuildUri__</Key>
          <Value>vstfs:///Build/Build/1903</Value>
        </Property>
        <Property>
          <Key>__Tfs_IsInLabEnvironment__</Key>
          <Value>true</Value>
        </Property>
        <Property>
          <Key>__Tfs_TestRunId__</Key>
          <Value>26974</Value>
        </Property>
        <Property>
          <Key>__Tfs_TestCaseId__</Key>
          <Value>6020</Value>
        </Property>
        <Property>
          <Key>__Tfs_TeamProject__</Key>
          <Value>WebSphere</Value>
        </Property>
        <Property>
          <Key>__Tfs_BuildDirectory__</Key>
          <Value>\\CMP01-YKUMAR\QATestAutomationBuildsDrop\QATestAutomation\QATestAutomation_20180514.3</Value>
        </Property>
        <Property>
          <Key>__Tfs_LabEnvironment__</Key>
          <Value>&lt;?xml version="1.0" encoding="utf-16"?&gt;&lt;LabEnvironment Id="877963a7-28da-4117-9475-1e22fce445cb" Name="CMP01-YKumar" Uri="vstfs:///LabManagement/LabEnvironment/268"&gt;&lt;LabSystems&gt;&lt;LabSystem Name="cmp01-ykumar" ComputerName="CMP01-YKUMAR.horizonhobby.com" Roles="BS2CUIT"&gt;&lt;CustomProperties /&gt;&lt;/LabSystem&gt;&lt;/LabSystems&gt;&lt;/LabEnvironment&gt;</Value>
        </Property>
        <Property>
          <Key>__Tfs_TestConfigurationId__</Key>
          <Value>17</Value>
        </Property>
        <Property>
          <Key>__Tfs_TestPlanId__</Key>
          <Value>13</Value>
        </Property>
        <Property>
          <Key>__Tfs_TestConfigurationName__</Key>
          <Value>Win 7 with IE 11</Value>
        </Property>
        <Property>
          <Key>__Tfs_TestPointId__</Key>
          <Value>110287</Value>
        </Property>
        <Property>
          <Key>__Tfs_TfsServerCollectionUrl__</Key>
          <Value>http://cmp02-app05:8080/tfs/defaultcollection</Value>
        </Property>
        <Property>
          <Key>__Tfs_BuildPlatform__</Key>
          <Value>Any CPU</Value>
        </Property>
        <Property>
          <Key>__Tfs_BuildNumber__</Key>
          <Value>QATestAutomation_20180514.3</Value>
        </Property>
        <Property>
          <Key>__Tfs_BuildFlavor__</Key>
          <Value>Debug</Value>
        </Property>
        <Property>
          <Key>__Tfs_BuildConfigurationId__</Key>
          <Value>26978</Value>
        </Property>
      </Properties>
      <TestMethod codeBase="file://CMP01-YKUMAR/QATestAutomationBuildsDrop/QATestAutomation/QATestAutomation_20180514.3/CrossSiteScripting.DLL" adapterTypeName="Microsoft.VisualStudio.TestTools.TestTypes.Unit.UnitTestAdapter, Microsoft.VisualStudio.QualityTools.Tips.UnitTest.Adapter, Version=12.0.0.0, Culture=neutral, PublicKeyToken=b03f5f7f11d50a3a" className="TestAuto.CrossSiteScripting, CrossSiteScripting, Version=1.0.0.0, Culture=neutral, PublicKeyToken=null" name="CrossSiteScriptingWebsiteVulnerabilitySearchProductPage" />
      <Extension>Microsoft.VisualStudio.TestTools.UITesting.CodedUITestAttribute, Microsoft.VisualStudio.QualityTools.CodedUITestFramework, Version=12.0.0.0, Culture=neutral, PublicKeyToken=b03f5f7f11d50a3a</Extension>
    </UnitTest>
    <UnitTest name="ErrorMessagePostCorrectionOrderReviewPage" storage="\\cmp01-ykumar\qatestautomationbuildsdrop\qatestautomation\qatestautomation_20180514.3\checkout_test.dll" id="acfe74cc-d057-8fb8-9d6a-794ddd8c2552">
      <DeploymentItems>
        <DeploymentItem filename="TestData\CheckoutCreditCard.xml" />
        <DeploymentItem filename="SharedCommonConfig\SharedCommonConfig.xml" />
      </DeploymentItems>
      <TcmInformation testCaseId="6106" testRunId="26974" testResultId="100041" />
      <Execution id="cae26683-899a-4f68-9cce-307212da238a" />
      <Properties>
        <Property>
          <Key>__Tfs_BuildUri__</Key>
          <Value>vstfs:///Build/Build/1903</Value>
        </Property>
        <Property>
          <Key>__Tfs_IsInLabEnvironment__</Key>
          <Value>true</Value>
        </Property>
        <Property>
          <Key>__Tfs_TestRunId__</Key>
          <Value>26974</Value>
        </Property>
        <Property>
          <Key>__Tfs_TestCaseId__</Key>
          <Value>6106</Value>
        </Property>
        <Property>
          <Key>__Tfs_TeamProject__</Key>
          <Value>WebSphere</Value>
        </Property>
        <Property>
          <Key>__Tfs_BuildDirectory__</Key>
          <Value>\\CMP01-YKUMAR\QATestAutomationBuildsDrop\QATestAutomation\QATestAutomation_20180514.3</Value>
        </Property>
        <Property>
          <Key>__Tfs_LabEnvironment__</Key>
          <Value>&lt;?xml version="1.0" encoding="utf-16"?&gt;&lt;LabEnvironment Id="877963a7-28da-4117-9475-1e22fce445cb" Name="CMP01-YKumar" Uri="vstfs:///LabManagement/LabEnvironment/268"&gt;&lt;LabSystems&gt;&lt;LabSystem Name="cmp01-ykumar" ComputerName="CMP01-YKUMAR.horizonhobby.com" Roles="BS2CUIT"&gt;&lt;CustomProperties /&gt;&lt;/LabSystem&gt;&lt;/LabSystems&gt;&lt;/LabEnvironment&gt;</Value>
        </Property>
        <Property>
          <Key>__Tfs_TestConfigurationId__</Key>
          <Value>17</Value>
        </Property>
        <Property>
          <Key>__Tfs_TestPlanId__</Key>
          <Value>13</Value>
        </Property>
        <Property>
          <Key>__Tfs_TestConfigurationName__</Key>
          <Value>Win 7 with IE 11</Value>
        </Property>
        <Property>
          <Key>__Tfs_TestPointId__</Key>
          <Value>110299</Value>
        </Property>
        <Property>
          <Key>__Tfs_TfsServerCollectionUrl__</Key>
          <Value>http://cmp02-app05:8080/tfs/defaultcollection</Value>
        </Property>
        <Property>
          <Key>__Tfs_BuildPlatform__</Key>
          <Value>Any CPU</Value>
        </Property>
        <Property>
          <Key>__Tfs_BuildNumber__</Key>
          <Value>QATestAutomation_20180514.3</Value>
        </Property>
        <Property>
          <Key>__Tfs_BuildFlavor__</Key>
          <Value>Debug</Value>
        </Property>
        <Property>
          <Key>__Tfs_BuildConfigurationId__</Key>
          <Value>26978</Value>
        </Property>
      </Properties>
      <TestMethod codeBase="file://CMP01-YKUMAR/QATestAutomationBuildsDrop/QATestAutomation/QATestAutomation_20180514.3/Checkout_Test.DLL" adapterTypeName="Microsoft.VisualStudio.TestTools.TestTypes.Unit.UnitTestAdapter, Microsoft.VisualStudio.QualityTools.Tips.UnitTest.Adapter, Version=12.0.0.0, Culture=neutral, PublicKeyToken=b03f5f7f11d50a3a" className="TestAuto.CheckoutCreditCard, Checkout_Test, Version=1.0.0.0, Culture=neutral, PublicKeyToken=null" name="ErrorMessagePostCorrectionOrderReviewPage" />
      <Extension>Microsoft.VisualStudio.TestTools.UITesting.CodedUITestAttribute, Microsoft.VisualStudio.QualityTools.CodedUITestFramework, Version=12.0.0.0, Culture=neutral, PublicKeyToken=b03f5f7f11d50a3a</Extension>
    </UnitTest>
    <UnitTest name="ContextChooserForInternationalAndDomestic" storage="\\cmp01-ykumar\qatestautomationbuildsdrop\qatestautomation\qatestautomation_20180514.3\borderfree.dll" id="9b2292a3-d2a0-697b-3f1d-0ea34bc5a681">
      <DeploymentItems>
        <DeploymentItem filename="TestData\BorderFreeTestData.xml" />
        <DeploymentItem filename="SharedCommonConfig\SharedCommonConfig.xml" />
      </DeploymentItems>
      <TcmInformation testCaseId="4530" testRunId="26974" testResultId="100015" />
      <Execution id="ffe07430-460d-48b8-accf-7eb360cb84fe" />
      <Properties>
        <Property>
          <Key>__Tfs_BuildUri__</Key>
          <Value>vstfs:///Build/Build/1903</Value>
        </Property>
        <Property>
          <Key>__Tfs_IsInLabEnvironment__</Key>
          <Value>true</Value>
        </Property>
        <Property>
          <Key>__Tfs_TestRunId__</Key>
          <Value>26974</Value>
        </Property>
        <Property>
          <Key>__Tfs_TestCaseId__</Key>
          <Value>4530</Value>
        </Property>
        <Property>
          <Key>__Tfs_TeamProject__</Key>
          <Value>WebSphere</Value>
        </Property>
        <Property>
          <Key>__Tfs_BuildDirectory__</Key>
          <Value>\\CMP01-YKUMAR\QATestAutomationBuildsDrop\QATestAutomation\QATestAutomation_20180514.3</Value>
        </Property>
        <Property>
          <Key>__Tfs_LabEnvironment__</Key>
          <Value>&lt;?xml version="1.0" encoding="utf-16"?&gt;&lt;LabEnvironment Id="877963a7-28da-4117-9475-1e22fce445cb" Name="CMP01-YKumar" Uri="vstfs:///LabManagement/LabEnvironment/268"&gt;&lt;LabSystems&gt;&lt;LabSystem Name="cmp01-ykumar" ComputerName="CMP01-YKUMAR.horizonhobby.com" Roles="BS2CUIT"&gt;&lt;CustomProperties /&gt;&lt;/LabSystem&gt;&lt;/LabSystems&gt;&lt;/LabEnvironment&gt;</Value>
        </Property>
        <Property>
          <Key>__Tfs_TestConfigurationId__</Key>
          <Value>17</Value>
        </Property>
        <Property>
          <Key>__Tfs_TestPlanId__</Key>
          <Value>13</Value>
        </Property>
        <Property>
          <Key>__Tfs_TestConfigurationName__</Key>
          <Value>Win 7 with IE 11</Value>
        </Property>
        <Property>
          <Key>__Tfs_TestPointId__</Key>
          <Value>110270</Value>
        </Property>
        <Property>
          <Key>__Tfs_TfsServerCollectionUrl__</Key>
          <Value>http://cmp02-app05:8080/tfs/defaultcollection</Value>
        </Property>
        <Property>
          <Key>__Tfs_BuildPlatform__</Key>
          <Value>Any CPU</Value>
        </Property>
        <Property>
          <Key>__Tfs_BuildNumber__</Key>
          <Value>QATestAutomation_20180514.3</Value>
        </Property>
        <Property>
          <Key>__Tfs_BuildFlavor__</Key>
          <Value>Debug</Value>
        </Property>
        <Property>
          <Key>__Tfs_BuildConfigurationId__</Key>
          <Value>26978</Value>
        </Property>
      </Properties>
      <TestMethod codeBase="file://CMP01-YKUMAR/QATestAutomationBuildsDrop/QATestAutomation/QATestAutomation_20180514.3/BorderFree.DLL" adapterTypeName="Microsoft.VisualStudio.TestTools.TestTypes.Unit.UnitTestAdapter, Microsoft.VisualStudio.QualityTools.Tips.UnitTest.Adapter, Version=12.0.0.0, Culture=neutral, PublicKeyToken=b03f5f7f11d50a3a" className="TestAuto.BorderFree, BorderFree, Version=1.0.0.0, Culture=neutral, PublicKeyToken=null" name="ContextChooserForInternationalAndDomestic" />
      <Extension>Microsoft.VisualStudio.TestTools.UITesting.CodedUITestAttribute, Microsoft.VisualStudio.QualityTools.CodedUITestFramework, Version=12.0.0.0, Culture=neutral, PublicKeyToken=b03f5f7f11d50a3a</Extension>
    </UnitTest>
    <UnitTest name="PreventEntryOfNonUSAddressesInShippingBillingMethodSignInUser" storage="\\cmp01-ykumar\qatestautomationbuildsdrop\qatestautomation\qatestautomation_20180514.3\borderfree.dll" id="f48df787-9539-ddea-93b2-f3fc233757e7">
      <DeploymentItems>
        <DeploymentItem filename="TestData\BorderFreeTestData.xml" />
        <DeploymentItem filename="SharedCommonConfig\SharedCommonConfig.xml" />
      </DeploymentItems>
      <TcmInformation testCaseId="5112" testRunId="26974" testResultId="100019" />
      <Execution id="2fd400e9-2a86-42c6-8053-ebdc1a6063f0" />
      <Properties>
        <Property>
          <Key>__Tfs_BuildUri__</Key>
          <Value>vstfs:///Build/Build/1903</Value>
        </Property>
        <Property>
          <Key>__Tfs_IsInLabEnvironment__</Key>
          <Value>true</Value>
        </Property>
        <Property>
          <Key>__Tfs_TestRunId__</Key>
          <Value>26974</Value>
        </Property>
        <Property>
          <Key>__Tfs_TestCaseId__</Key>
          <Value>5112</Value>
        </Property>
        <Property>
          <Key>__Tfs_TeamProject__</Key>
          <Value>WebSphere</Value>
        </Property>
        <Property>
          <Key>__Tfs_BuildDirectory__</Key>
          <Value>\\CMP01-YKUMAR\QATestAutomationBuildsDrop\QATestAutomation\QATestAutomation_20180514.3</Value>
        </Property>
        <Property>
          <Key>__Tfs_LabEnvironment__</Key>
          <Value>&lt;?xml version="1.0" encoding="utf-16"?&gt;&lt;LabEnvironment Id="877963a7-28da-4117-9475-1e22fce445cb" Name="CMP01-YKumar" Uri="vstfs:///LabManagement/LabEnvironment/268"&gt;&lt;LabSystems&gt;&lt;LabSystem Name="cmp01-ykumar" ComputerName="CMP01-YKUMAR.horizonhobby.com" Roles="BS2CUIT"&gt;&lt;CustomProperties /&gt;&lt;/LabSystem&gt;&lt;/LabSystems&gt;&lt;/LabEnvironment&gt;</Value>
        </Property>
        <Property>
          <Key>__Tfs_TestConfigurationId__</Key>
          <Value>17</Value>
        </Property>
        <Property>
          <Key>__Tfs_TestPlanId__</Key>
          <Value>13</Value>
        </Property>
        <Property>
          <Key>__Tfs_TestConfigurationName__</Key>
          <Value>Win 7 with IE 11</Value>
        </Property>
        <Property>
          <Key>__Tfs_TestPointId__</Key>
          <Value>110274</Value>
        </Property>
        <Property>
          <Key>__Tfs_TfsServerCollectionUrl__</Key>
          <Value>http://cmp02-app05:8080/tfs/defaultcollection</Value>
        </Property>
        <Property>
          <Key>__Tfs_BuildPlatform__</Key>
          <Value>Any CPU</Value>
        </Property>
        <Property>
          <Key>__Tfs_BuildNumber__</Key>
          <Value>QATestAutomation_20180514.3</Value>
        </Property>
        <Property>
          <Key>__Tfs_BuildFlavor__</Key>
          <Value>Debug</Value>
        </Property>
        <Property>
          <Key>__Tfs_BuildConfigurationId__</Key>
          <Value>26978</Value>
        </Property>
      </Properties>
      <TestMethod codeBase="file://CMP01-YKUMAR/QATestAutomationBuildsDrop/QATestAutomation/QATestAutomation_20180514.3/BorderFree.DLL" adapterTypeName="Microsoft.VisualStudio.TestTools.TestTypes.Unit.UnitTestAdapter, Microsoft.VisualStudio.QualityTools.Tips.UnitTest.Adapter, Version=12.0.0.0, Culture=neutral, PublicKeyToken=b03f5f7f11d50a3a" className="TestAuto.BorderFree, BorderFree, Version=1.0.0.0, Culture=neutral, PublicKeyToken=null" name="PreventEntryOfNonUSAddressesInShippingBillingMethodSignInUser" />
      <Extension>Microsoft.VisualStudio.TestTools.UITesting.CodedUITestAttribute, Microsoft.VisualStudio.QualityTools.CodedUITestFramework, Version=12.0.0.0, Culture=neutral, PublicKeyToken=b03f5f7f11d50a3a</Extension>
    </UnitTest>
    <UnitTest name="PreventEntryOfNonUSAddressesInShippingBillinMethodGuestUser" storage="\\cmp01-ykumar\qatestautomationbuildsdrop\qatestautomation\qatestautomation_20180514.3\borderfree.dll" id="57c32460-3c38-efd3-dc3b-849a079eea64">
      <DeploymentItems>
        <DeploymentItem filename="TestData\BorderFreeTestData.xml" />
        <DeploymentItem filename="SharedCommonConfig\SharedCommonConfig.xml" />
      </DeploymentItems>
      <TcmInformation testCaseId="5113" testRunId="26974" testResultId="100020" />
      <Execution id="f8a02a60-add5-4cf0-8cb3-ccad276d737e" />
      <Properties>
        <Property>
          <Key>__Tfs_BuildUri__</Key>
          <Value>vstfs:///Build/Build/1903</Value>
        </Property>
        <Property>
          <Key>__Tfs_IsInLabEnvironment__</Key>
          <Value>true</Value>
        </Property>
        <Property>
          <Key>__Tfs_TestRunId__</Key>
          <Value>26974</Value>
        </Property>
        <Property>
          <Key>__Tfs_TestCaseId__</Key>
          <Value>5113</Value>
        </Property>
        <Property>
          <Key>__Tfs_TeamProject__</Key>
          <Value>WebSphere</Value>
        </Property>
        <Property>
          <Key>__Tfs_BuildDirectory__</Key>
          <Value>\\CMP01-YKUMAR\QATestAutomationBuildsDrop\QATestAutomation\QATestAutomation_20180514.3</Value>
        </Property>
        <Property>
          <Key>__Tfs_LabEnvironment__</Key>
          <Value>&lt;?xml version="1.0" encoding="utf-16"?&gt;&lt;LabEnvironment Id="877963a7-28da-4117-9475-1e22fce445cb" Name="CMP01-YKumar" Uri="vstfs:///LabManagement/LabEnvironment/268"&gt;&lt;LabSystems&gt;&lt;LabSystem Name="cmp01-ykumar" ComputerName="CMP01-YKUMAR.horizonhobby.com" Roles="BS2CUIT"&gt;&lt;CustomProperties /&gt;&lt;/LabSystem&gt;&lt;/LabSystems&gt;&lt;/LabEnvironment&gt;</Value>
        </Property>
        <Property>
          <Key>__Tfs_TestConfigurationId__</Key>
          <Value>17</Value>
        </Property>
        <Property>
          <Key>__Tfs_TestPlanId__</Key>
          <Value>13</Value>
        </Property>
        <Property>
          <Key>__Tfs_TestConfigurationName__</Key>
          <Value>Win 7 with IE 11</Value>
        </Property>
        <Property>
          <Key>__Tfs_TestPointId__</Key>
          <Value>110275</Value>
        </Property>
        <Property>
          <Key>__Tfs_TfsServerCollectionUrl__</Key>
          <Value>http://cmp02-app05:8080/tfs/defaultcollection</Value>
        </Property>
        <Property>
          <Key>__Tfs_BuildPlatform__</Key>
          <Value>Any CPU</Value>
        </Property>
        <Property>
          <Key>__Tfs_BuildNumber__</Key>
          <Value>QATestAutomation_20180514.3</Value>
        </Property>
        <Property>
          <Key>__Tfs_BuildFlavor__</Key>
          <Value>Debug</Value>
        </Property>
        <Property>
          <Key>__Tfs_BuildConfigurationId__</Key>
          <Value>26978</Value>
        </Property>
      </Properties>
      <TestMethod codeBase="file://CMP01-YKUMAR/QATestAutomationBuildsDrop/QATestAutomation/QATestAutomation_20180514.3/BorderFree.DLL" adapterTypeName="Microsoft.VisualStudio.TestTools.TestTypes.Unit.UnitTestAdapter, Microsoft.VisualStudio.QualityTools.Tips.UnitTest.Adapter, Version=12.0.0.0, Culture=neutral, PublicKeyToken=b03f5f7f11d50a3a" className="TestAuto.BorderFree, BorderFree, Version=1.0.0.0, Culture=neutral, PublicKeyToken=null" name="PreventEntryOfNonUSAddressesInShippingBillinMethodGuestUser" />
      <Extension>Microsoft.VisualStudio.TestTools.UITesting.CodedUITestAttribute, Microsoft.VisualStudio.QualityTools.CodedUITestFramework, Version=12.0.0.0, Culture=neutral, PublicKeyToken=b03f5f7f11d50a3a</Extension>
    </UnitTest>
    <UnitTest name="ShoppingCartProductAndOrderDiscount" storage="\\cmp01-ykumar\qatestautomationbuildsdrop\qatestautomation\qatestautomation_20180514.3\cartdisplaytest.dll" id="2c13f11c-4c3b-b325-ad09-0cb39bb944c1">
      <DeploymentItems>
        <DeploymentItem filename="TestData\CartDisplayTestData.xml" />
        <DeploymentItem filename="SharedCommonConfig\SharedCommonConfig.xml" />
      </DeploymentItems>
      <TcmInformation testCaseId="4425" testRunId="26974" testResultId="100004" />
      <Execution id="413544e4-8230-4c6e-9348-bd2ccecd4e66" />
      <Properties>
        <Property>
          <Key>__Tfs_BuildUri__</Key>
          <Value>vstfs:///Build/Build/1903</Value>
        </Property>
        <Property>
          <Key>__Tfs_IsInLabEnvironment__</Key>
          <Value>true</Value>
        </Property>
        <Property>
          <Key>__Tfs_TestRunId__</Key>
          <Value>26974</Value>
        </Property>
        <Property>
          <Key>__Tfs_TestCaseId__</Key>
          <Value>4425</Value>
        </Property>
        <Property>
          <Key>__Tfs_TeamProject__</Key>
          <Value>WebSphere</Value>
        </Property>
        <Property>
          <Key>__Tfs_BuildDirectory__</Key>
          <Value>\\CMP01-YKUMAR\QATestAutomationBuildsDrop\QATestAutomation\QATestAutomation_20180514.3</Value>
        </Property>
        <Property>
          <Key>__Tfs_LabEnvironment__</Key>
          <Value>&lt;?xml version="1.0" encoding="utf-16"?&gt;&lt;LabEnvironment Id="877963a7-28da-4117-9475-1e22fce445cb" Name="CMP01-YKumar" Uri="vstfs:///LabManagement/LabEnvironment/268"&gt;&lt;LabSystems&gt;&lt;LabSystem Name="cmp01-ykumar" ComputerName="CMP01-YKUMAR.horizonhobby.com" Roles="BS2CUIT"&gt;&lt;CustomProperties /&gt;&lt;/LabSystem&gt;&lt;/LabSystems&gt;&lt;/LabEnvironment&gt;</Value>
        </Property>
        <Property>
          <Key>__Tfs_TestConfigurationId__</Key>
          <Value>17</Value>
        </Property>
        <Property>
          <Key>__Tfs_TestPlanId__</Key>
          <Value>13</Value>
        </Property>
        <Property>
          <Key>__Tfs_TestConfigurationName__</Key>
          <Value>Win 7 with IE 11</Value>
        </Property>
        <Property>
          <Key>__Tfs_TestPointId__</Key>
          <Value>110258</Value>
        </Property>
        <Property>
          <Key>__Tfs_TfsServerCollectionUrl__</Key>
          <Value>http://cmp02-app05:8080/tfs/defaultcollection</Value>
        </Property>
        <Property>
          <Key>__Tfs_BuildPlatform__</Key>
          <Value>Any CPU</Value>
        </Property>
        <Property>
          <Key>__Tfs_BuildNumber__</Key>
          <Value>QATestAutomation_20180514.3</Value>
        </Property>
        <Property>
          <Key>__Tfs_BuildFlavor__</Key>
          <Value>Debug</Value>
        </Property>
        <Property>
          <Key>__Tfs_BuildConfigurationId__</Key>
          <Value>26978</Value>
        </Property>
      </Properties>
      <TestMethod codeBase="file://CMP01-YKUMAR/QATestAutomationBuildsDrop/QATestAutomation/QATestAutomation_20180514.3/CartDisplayTest.DLL" adapterTypeName="Microsoft.VisualStudio.TestTools.TestTypes.Unit.UnitTestAdapter, Microsoft.VisualStudio.QualityTools.Tips.UnitTest.Adapter, Version=12.0.0.0, Culture=neutral, PublicKeyToken=b03f5f7f11d50a3a" className="TestAuto.CartDisplayTest, CartDisplayTest, Version=1.0.0.0, Culture=neutral, PublicKeyToken=null" name="ShoppingCartProductAndOrderDiscount" />
      <Extension>Microsoft.VisualStudio.TestTools.UITesting.CodedUITestAttribute, Microsoft.VisualStudio.QualityTools.CodedUITestFramework, Version=12.0.0.0, Culture=neutral, PublicKeyToken=b03f5f7f11d50a3a</Extension>
    </UnitTest>
    <UnitTest name="AffirmWithGiftCardItem" storage="\\cmp01-ykumar\qatestautomationbuildsdrop\qatestautomation\qatestautomation_20180514.3\checkout_test.dll" id="7eab8c63-501f-43ca-23a2-0e182a0a7362">
      <DeploymentItems>
        <DeploymentItem filename="TestData\CheckoutAffirmTestData.xml" />
        <DeploymentItem filename="SharedCommonConfig\SharedCommonConfig.xml" />
      </DeploymentItems>
      <TcmInformation testCaseId="6665" testRunId="26974" testResultId="100048" />
      <Execution id="279c3447-1752-474c-b0c9-31c6691f6033" />
      <Properties>
        <Property>
          <Key>__Tfs_BuildUri__</Key>
          <Value>vstfs:///Build/Build/1903</Value>
        </Property>
        <Property>
          <Key>__Tfs_IsInLabEnvironment__</Key>
          <Value>true</Value>
        </Property>
        <Property>
          <Key>__Tfs_TestRunId__</Key>
          <Value>26974</Value>
        </Property>
        <Property>
          <Key>__Tfs_TestCaseId__</Key>
          <Value>6665</Value>
        </Property>
        <Property>
          <Key>__Tfs_TeamProject__</Key>
          <Value>WebSphere</Value>
        </Property>
        <Property>
          <Key>__Tfs_BuildDirectory__</Key>
          <Value>\\CMP01-YKUMAR\QATestAutomationBuildsDrop\QATestAutomation\QATestAutomation_20180514.3</Value>
        </Property>
        <Property>
          <Key>__Tfs_LabEnvironment__</Key>
          <Value>&lt;?xml version="1.0" encoding="utf-16"?&gt;&lt;LabEnvironment Id="877963a7-28da-4117-9475-1e22fce445cb" Name="CMP01-YKumar" Uri="vstfs:///LabManagement/LabEnvironment/268"&gt;&lt;LabSystems&gt;&lt;LabSystem Name="cmp01-ykumar" ComputerName="CMP01-YKUMAR.horizonhobby.com" Roles="BS2CUIT"&gt;&lt;CustomProperties /&gt;&lt;/LabSystem&gt;&lt;/LabSystems&gt;&lt;/LabEnvironment&gt;</Value>
        </Property>
        <Property>
          <Key>__Tfs_TestConfigurationId__</Key>
          <Value>17</Value>
        </Property>
        <Property>
          <Key>__Tfs_TestPlanId__</Key>
          <Value>13</Value>
        </Property>
        <Property>
          <Key>__Tfs_TestConfigurationName__</Key>
          <Value>Win 7 with IE 11</Value>
        </Property>
        <Property>
          <Key>__Tfs_TestPointId__</Key>
          <Value>110368</Value>
        </Property>
        <Property>
          <Key>__Tfs_TfsServerCollectionUrl__</Key>
          <Value>http://cmp02-app05:8080/tfs/defaultcollection</Value>
        </Property>
        <Property>
          <Key>__Tfs_BuildPlatform__</Key>
          <Value>Any CPU</Value>
        </Property>
        <Property>
          <Key>__Tfs_BuildNumber__</Key>
          <Value>QATestAutomation_20180514.3</Value>
        </Property>
        <Property>
          <Key>__Tfs_BuildFlavor__</Key>
          <Value>Debug</Value>
        </Property>
        <Property>
          <Key>__Tfs_BuildConfigurationId__</Key>
          <Value>26978</Value>
        </Property>
      </Properties>
      <TestMethod codeBase="file://CMP01-YKUMAR/QATestAutomationBuildsDrop/QATestAutomation/QATestAutomation_20180514.3/Checkout_Test.DLL" adapterTypeName="Microsoft.VisualStudio.TestTools.TestTypes.Unit.UnitTestAdapter, Microsoft.VisualStudio.QualityTools.Tips.UnitTest.Adapter, Version=12.0.0.0, Culture=neutral, PublicKeyToken=b03f5f7f11d50a3a" className="TestAuto.CheckoutAffirmTest, Checkout_Test, Version=1.0.0.0, Culture=neutral, PublicKeyToken=null" name="AffirmWithGiftCardItem" />
      <Extension>Microsoft.VisualStudio.TestTools.UITesting.CodedUITestAttribute, Microsoft.VisualStudio.QualityTools.CodedUITestFramework, Version=12.0.0.0, Culture=neutral, PublicKeyToken=b03f5f7f11d50a3a</Extension>
    </UnitTest>
    <UnitTest name="AddToWishlistQuickInfoWindow" storage="\\cmp01-ykumar\qatestautomationbuildsdrop\qatestautomation\qatestautomation_20180514.3\productpagetest.dll" id="f09ffc63-6939-094e-bfd3-b209000ae3f0">
      <DeploymentItems>
        <DeploymentItem filename="TestData\ProductPageTestData.xml" />
        <DeploymentItem filename="SharedCommonConfig\SharedCommonConfig.xml" />
      </DeploymentItems>
      <TcmInformation testCaseId="3982" testRunId="26974" testResultId="100001" />
      <Execution id="2a9964a9-a455-4774-be5f-bafdfcf65e94" />
      <Properties>
        <Property>
          <Key>__Tfs_BuildUri__</Key>
          <Value>vstfs:///Build/Build/1903</Value>
        </Property>
        <Property>
          <Key>__Tfs_IsInLabEnvironment__</Key>
          <Value>true</Value>
        </Property>
        <Property>
          <Key>__Tfs_TestRunId__</Key>
          <Value>26974</Value>
        </Property>
        <Property>
          <Key>__Tfs_TestCaseId__</Key>
          <Value>3982</Value>
        </Property>
        <Property>
          <Key>__Tfs_TeamProject__</Key>
          <Value>WebSphere</Value>
        </Property>
        <Property>
          <Key>__Tfs_BuildDirectory__</Key>
          <Value>\\CMP01-YKUMAR\QATestAutomationBuildsDrop\QATestAutomation\QATestAutomation_20180514.3</Value>
        </Property>
        <Property>
          <Key>__Tfs_LabEnvironment__</Key>
          <Value>&lt;?xml version="1.0" encoding="utf-16"?&gt;&lt;LabEnvironment Id="877963a7-28da-4117-9475-1e22fce445cb" Name="CMP01-YKumar" Uri="vstfs:///LabManagement/LabEnvironment/268"&gt;&lt;LabSystems&gt;&lt;LabSystem Name="cmp01-ykumar" ComputerName="CMP01-YKUMAR.horizonhobby.com" Roles="BS2CUIT"&gt;&lt;CustomProperties /&gt;&lt;/LabSystem&gt;&lt;/LabSystems&gt;&lt;/LabEnvironment&gt;</Value>
        </Property>
        <Property>
          <Key>__Tfs_TestConfigurationId__</Key>
          <Value>17</Value>
        </Property>
        <Property>
          <Key>__Tfs_TestPlanId__</Key>
          <Value>13</Value>
        </Property>
        <Property>
          <Key>__Tfs_TestConfigurationName__</Key>
          <Value>Win 7 with IE 11</Value>
        </Property>
        <Property>
          <Key>__Tfs_TestPointId__</Key>
          <Value>110254</Value>
        </Property>
        <Property>
          <Key>__Tfs_TfsServerCollectionUrl__</Key>
          <Value>http://cmp02-app05:8080/tfs/defaultcollection</Value>
        </Property>
        <Property>
          <Key>__Tfs_BuildPlatform__</Key>
          <Value>Any CPU</Value>
        </Property>
        <Property>
          <Key>__Tfs_BuildNumber__</Key>
          <Value>QATestAutomation_20180514.3</Value>
        </Property>
        <Property>
          <Key>__Tfs_BuildFlavor__</Key>
          <Value>Debug</Value>
        </Property>
        <Property>
          <Key>__Tfs_BuildConfigurationId__</Key>
          <Value>26978</Value>
        </Property>
      </Properties>
      <TestMethod codeBase="file://CMP01-YKUMAR/QATestAutomationBuildsDrop/QATestAutomation/QATestAutomation_20180514.3/ProductPageTest.DLL" adapterTypeName="Microsoft.VisualStudio.TestTools.TestTypes.Unit.UnitTestAdapter, Microsoft.VisualStudio.QualityTools.Tips.UnitTest.Adapter, Version=12.0.0.0, Culture=neutral, PublicKeyToken=b03f5f7f11d50a3a" className="TestAuto.ProductPageTest, ProductPageTest, Version=1.0.0.0, Culture=neutral, PublicKeyToken=null" name="AddToWishlistQuickInfoWindow" />
      <Extension>Microsoft.VisualStudio.TestTools.UITesting.CodedUITestAttribute, Microsoft.VisualStudio.QualityTools.CodedUITestFramework, Version=12.0.0.0, Culture=neutral, PublicKeyToken=b03f5f7f11d50a3a</Extension>
    </UnitTest>
    <UnitTest name="SecondCheckoutButtonGuestUser" storage="\\cmp01-ykumar\qatestautomationbuildsdrop\qatestautomation\qatestautomation_20180514.3\cartdisplaytest.dll" id="fc2aed92-b13d-123f-b4ca-3415a10c51b2">
      <DeploymentItems>
        <DeploymentItem filename="TestData\CartDisplayTestData.xml" />
        <DeploymentItem filename="SharedCommonConfig\SharedCommonConfig.xml" />
      </DeploymentItems>
      <TcmInformation testCaseId="7646" testRunId="26974" testResultId="100053" />
      <Execution id="b0b85147-fdee-4469-9b3e-b87d1cbfb764" />
      <Properties>
        <Property>
          <Key>__Tfs_BuildUri__</Key>
          <Value>vstfs:///Build/Build/1903</Value>
        </Property>
        <Property>
          <Key>__Tfs_IsInLabEnvironment__</Key>
          <Value>true</Value>
        </Property>
        <Property>
          <Key>__Tfs_TestRunId__</Key>
          <Value>26974</Value>
        </Property>
        <Property>
          <Key>__Tfs_TestCaseId__</Key>
          <Value>7646</Value>
        </Property>
        <Property>
          <Key>__Tfs_TeamProject__</Key>
          <Value>WebSphere</Value>
        </Property>
        <Property>
          <Key>__Tfs_BuildDirectory__</Key>
          <Value>\\CMP01-YKUMAR\QATestAutomationBuildsDrop\QATestAutomation\QATestAutomation_20180514.3</Value>
        </Property>
        <Property>
          <Key>__Tfs_LabEnvironment__</Key>
          <Value>&lt;?xml version="1.0" encoding="utf-16"?&gt;&lt;LabEnvironment Id="877963a7-28da-4117-9475-1e22fce445cb" Name="CMP01-YKumar" Uri="vstfs:///LabManagement/LabEnvironment/268"&gt;&lt;LabSystems&gt;&lt;LabSystem Name="cmp01-ykumar" ComputerName="CMP01-YKUMAR.horizonhobby.com" Roles="BS2CUIT"&gt;&lt;CustomProperties /&gt;&lt;/LabSystem&gt;&lt;/LabSystems&gt;&lt;/LabEnvironment&gt;</Value>
        </Property>
        <Property>
          <Key>__Tfs_TestConfigurationId__</Key>
          <Value>17</Value>
        </Property>
        <Property>
          <Key>__Tfs_TestPlanId__</Key>
          <Value>13</Value>
        </Property>
        <Property>
          <Key>__Tfs_TestConfigurationName__</Key>
          <Value>Win 7 with IE 11</Value>
        </Property>
        <Property>
          <Key>__Tfs_TestPointId__</Key>
          <Value>110319</Value>
        </Property>
        <Property>
          <Key>__Tfs_TfsServerCollectionUrl__</Key>
          <Value>http://cmp02-app05:8080/tfs/defaultcollection</Value>
        </Property>
        <Property>
          <Key>__Tfs_BuildPlatform__</Key>
          <Value>Any CPU</Value>
        </Property>
        <Property>
          <Key>__Tfs_BuildNumber__</Key>
          <Value>QATestAutomation_20180514.3</Value>
        </Property>
        <Property>
          <Key>__Tfs_BuildFlavor__</Key>
          <Value>Debug</Value>
        </Property>
        <Property>
          <Key>__Tfs_BuildConfigurationId__</Key>
          <Value>26978</Value>
        </Property>
      </Properties>
      <TestMethod codeBase="file://CMP01-YKUMAR/QATestAutomationBuildsDrop/QATestAutomation/QATestAutomation_20180514.3/CartDisplayTest.DLL" adapterTypeName="Microsoft.VisualStudio.TestTools.TestTypes.Unit.UnitTestAdapter, Microsoft.VisualStudio.QualityTools.Tips.UnitTest.Adapter, Version=12.0.0.0, Culture=neutral, PublicKeyToken=b03f5f7f11d50a3a" className="TestAuto.CartDisplayTest, CartDisplayTest, Version=1.0.0.0, Culture=neutral, PublicKeyToken=null" name="SecondCheckoutButtonGuestUser" />
      <Extension>Microsoft.VisualStudio.TestTools.UITesting.CodedUITestAttribute, Microsoft.VisualStudio.QualityTools.CodedUITestFramework, Version=12.0.0.0, Culture=neutral, PublicKeyToken=b03f5f7f11d50a3a</Extension>
    </UnitTest>
    <UnitTest name="AffirmPromotionMessageOnProductPage" storage="\\cmp01-ykumar\qatestautomationbuildsdrop\qatestautomation\qatestautomation_20180514.3\productpagetest.dll" id="b0b77c4a-4f91-b581-b588-dd4bb8fe9b11">
      <DeploymentItems>
        <DeploymentItem filename="TestData\ProductPageTestData.xml" />
        <DeploymentItem filename="SharedCommonConfig\SharedCommonConfig.xml" />
      </DeploymentItems>
      <TcmInformation testCaseId="8546" testRunId="26974" testResultId="100056" />
      <Execution id="8f3c595f-2846-4342-8db4-e254b5e6ab83" />
      <Properties>
        <Property>
          <Key>__Tfs_BuildUri__</Key>
          <Value>vstfs:///Build/Build/1903</Value>
        </Property>
        <Property>
          <Key>__Tfs_IsInLabEnvironment__</Key>
          <Value>true</Value>
        </Property>
        <Property>
          <Key>__Tfs_TestRunId__</Key>
          <Value>26974</Value>
        </Property>
        <Property>
          <Key>__Tfs_TestCaseId__</Key>
          <Value>8546</Value>
        </Property>
        <Property>
          <Key>__Tfs_TeamProject__</Key>
          <Value>WebSphere</Value>
        </Property>
        <Property>
          <Key>__Tfs_BuildDirectory__</Key>
          <Value>\\CMP01-YKUMAR\QATestAutomationBuildsDrop\QATestAutomation\QATestAutomation_20180514.3</Value>
        </Property>
        <Property>
          <Key>__Tfs_LabEnvironment__</Key>
          <Value>&lt;?xml version="1.0" encoding="utf-16"?&gt;&lt;LabEnvironment Id="877963a7-28da-4117-9475-1e22fce445cb" Name="CMP01-YKumar" Uri="vstfs:///LabManagement/LabEnvironment/268"&gt;&lt;LabSystems&gt;&lt;LabSystem Name="cmp01-ykumar" ComputerName="CMP01-YKUMAR.horizonhobby.com" Roles="BS2CUIT"&gt;&lt;CustomProperties /&gt;&lt;/LabSystem&gt;&lt;/LabSystems&gt;&lt;/LabEnvironment&gt;</Value>
        </Property>
        <Property>
          <Key>__Tfs_TestConfigurationId__</Key>
          <Value>17</Value>
        </Property>
        <Property>
          <Key>__Tfs_TestPlanId__</Key>
          <Value>13</Value>
        </Property>
        <Property>
          <Key>__Tfs_TestConfigurationName__</Key>
          <Value>Win 7 with IE 11</Value>
        </Property>
        <Property>
          <Key>__Tfs_TestPointId__</Key>
          <Value>110322</Value>
        </Property>
        <Property>
          <Key>__Tfs_TfsServerCollectionUrl__</Key>
          <Value>http://cmp02-app05:8080/tfs/defaultcollection</Value>
        </Property>
        <Property>
          <Key>__Tfs_BuildPlatform__</Key>
          <Value>Any CPU</Value>
        </Property>
        <Property>
          <Key>__Tfs_BuildNumber__</Key>
          <Value>QATestAutomation_20180514.3</Value>
        </Property>
        <Property>
          <Key>__Tfs_BuildFlavor__</Key>
          <Value>Debug</Value>
        </Property>
        <Property>
          <Key>__Tfs_BuildConfigurationId__</Key>
          <Value>26978</Value>
        </Property>
      </Properties>
      <TestMethod codeBase="file://CMP01-YKUMAR/QATestAutomationBuildsDrop/QATestAutomation/QATestAutomation_20180514.3/ProductPageTest.DLL" adapterTypeName="Microsoft.VisualStudio.TestTools.TestTypes.Unit.UnitTestAdapter, Microsoft.VisualStudio.QualityTools.Tips.UnitTest.Adapter, Version=12.0.0.0, Culture=neutral, PublicKeyToken=b03f5f7f11d50a3a" className="TestAuto.ProductPageTest, ProductPageTest, Version=1.0.0.0, Culture=neutral, PublicKeyToken=null" name="AffirmPromotionMessageOnProductPage" />
      <Extension>Microsoft.VisualStudio.TestTools.UITesting.CodedUITestAttribute, Microsoft.VisualStudio.QualityTools.CodedUITestFramework, Version=12.0.0.0, Culture=neutral, PublicKeyToken=b03f5f7f11d50a3a</Extension>
    </UnitTest>
    <UnitTest name="AffirmPromotionMessageOnShoppingCartPage" storage="\\cmp01-ykumar\qatestautomationbuildsdrop\qatestautomation\qatestautomation_20180514.3\cartdisplaytest.dll" id="030d9fc9-3b7b-9ae0-5a95-356745756623">
      <DeploymentItems>
        <DeploymentItem filename="TestData\CartDisplayTestData.xml" />
        <DeploymentItem filename="SharedCommonConfig\SharedCommonConfig.xml" />
      </DeploymentItems>
      <TcmInformation testCaseId="8547" testRunId="26974" testResultId="100057" />
      <Execution id="086d37b5-9683-44b4-8e7c-d501fa661d84" />
      <Properties>
        <Property>
          <Key>__Tfs_BuildUri__</Key>
          <Value>vstfs:///Build/Build/1903</Value>
        </Property>
        <Property>
          <Key>__Tfs_IsInLabEnvironment__</Key>
          <Value>true</Value>
        </Property>
        <Property>
          <Key>__Tfs_TestRunId__</Key>
          <Value>26974</Value>
        </Property>
        <Property>
          <Key>__Tfs_TestCaseId__</Key>
          <Value>8547</Value>
        </Property>
        <Property>
          <Key>__Tfs_TeamProject__</Key>
          <Value>WebSphere</Value>
        </Property>
        <Property>
          <Key>__Tfs_BuildDirectory__</Key>
          <Value>\\CMP01-YKUMAR\QATestAutomationBuildsDrop\QATestAutomation\QATestAutomation_20180514.3</Value>
        </Property>
        <Property>
          <Key>__Tfs_LabEnvironment__</Key>
          <Value>&lt;?xml version="1.0" encoding="utf-16"?&gt;&lt;LabEnvironment Id="877963a7-28da-4117-9475-1e22fce445cb" Name="CMP01-YKumar" Uri="vstfs:///LabManagement/LabEnvironment/268"&gt;&lt;LabSystems&gt;&lt;LabSystem Name="cmp01-ykumar" ComputerName="CMP01-YKUMAR.horizonhobby.com" Roles="BS2CUIT"&gt;&lt;CustomProperties /&gt;&lt;/LabSystem&gt;&lt;/LabSystems&gt;&lt;/LabEnvironment&gt;</Value>
        </Property>
        <Property>
          <Key>__Tfs_TestConfigurationId__</Key>
          <Value>17</Value>
        </Property>
        <Property>
          <Key>__Tfs_TestPlanId__</Key>
          <Value>13</Value>
        </Property>
        <Property>
          <Key>__Tfs_TestConfigurationName__</Key>
          <Value>Win 7 with IE 11</Value>
        </Property>
        <Property>
          <Key>__Tfs_TestPointId__</Key>
          <Value>110323</Value>
        </Property>
        <Property>
          <Key>__Tfs_TfsServerCollectionUrl__</Key>
          <Value>http://cmp02-app05:8080/tfs/defaultcollection</Value>
        </Property>
        <Property>
          <Key>__Tfs_BuildPlatform__</Key>
          <Value>Any CPU</Value>
        </Property>
        <Property>
          <Key>__Tfs_BuildNumber__</Key>
          <Value>QATestAutomation_20180514.3</Value>
        </Property>
        <Property>
          <Key>__Tfs_BuildFlavor__</Key>
          <Value>Debug</Value>
        </Property>
        <Property>
          <Key>__Tfs_BuildConfigurationId__</Key>
          <Value>26978</Value>
        </Property>
      </Properties>
      <TestMethod codeBase="file://CMP01-YKUMAR/QATestAutomationBuildsDrop/QATestAutomation/QATestAutomation_20180514.3/CartDisplayTest.DLL" adapterTypeName="Microsoft.VisualStudio.TestTools.TestTypes.Unit.UnitTestAdapter, Microsoft.VisualStudio.QualityTools.Tips.UnitTest.Adapter, Version=12.0.0.0, Culture=neutral, PublicKeyToken=b03f5f7f11d50a3a" className="TestAuto.CartDisplayTest, CartDisplayTest, Version=1.0.0.0, Culture=neutral, PublicKeyToken=null" name="AffirmPromotionMessageOnShoppingCartPage" />
      <Extension>Microsoft.VisualStudio.TestTools.UITesting.CodedUITestAttribute, Microsoft.VisualStudio.QualityTools.CodedUITestFramework, Version=12.0.0.0, Culture=neutral, PublicKeyToken=b03f5f7f11d50a3a</Extension>
    </UnitTest>
    <UnitTest name="ShoppingCartProductExclusion" storage="\\cmp01-ykumar\qatestautomationbuildsdrop\qatestautomation\qatestautomation_20180514.3\borderfree.dll" id="0f45a732-09ea-e362-9222-cd27f8f983e8">
      <DeploymentItems>
        <DeploymentItem filename="TestData\BorderFreeTestData.xml" />
        <DeploymentItem filename="SharedCommonConfig\SharedCommonConfig.xml" />
      </DeploymentItems>
      <TcmInformation testCaseId="5130" testRunId="26974" testResultId="100024" />
      <Execution id="02e25375-812a-4323-88b3-86bb21e9bc2d" />
      <Properties>
        <Property>
          <Key>__Tfs_BuildUri__</Key>
          <Value>vstfs:///Build/Build/1903</Value>
        </Property>
        <Property>
          <Key>__Tfs_IsInLabEnvironment__</Key>
          <Value>true</Value>
        </Property>
        <Property>
          <Key>__Tfs_TestRunId__</Key>
          <Value>26974</Value>
        </Property>
        <Property>
          <Key>__Tfs_TestCaseId__</Key>
          <Value>5130</Value>
        </Property>
        <Property>
          <Key>__Tfs_TeamProject__</Key>
          <Value>WebSphere</Value>
        </Property>
        <Property>
          <Key>__Tfs_BuildDirectory__</Key>
          <Value>\\CMP01-YKUMAR\QATestAutomationBuildsDrop\QATestAutomation\QATestAutomation_20180514.3</Value>
        </Property>
        <Property>
          <Key>__Tfs_LabEnvironment__</Key>
          <Value>&lt;?xml version="1.0" encoding="utf-16"?&gt;&lt;LabEnvironment Id="877963a7-28da-4117-9475-1e22fce445cb" Name="CMP01-YKumar" Uri="vstfs:///LabManagement/LabEnvironment/268"&gt;&lt;LabSystems&gt;&lt;LabSystem Name="cmp01-ykumar" ComputerName="CMP01-YKUMAR.horizonhobby.com" Roles="BS2CUIT"&gt;&lt;CustomProperties /&gt;&lt;/LabSystem&gt;&lt;/LabSystems&gt;&lt;/LabEnvironment&gt;</Value>
        </Property>
        <Property>
          <Key>__Tfs_TestConfigurationId__</Key>
          <Value>17</Value>
        </Property>
        <Property>
          <Key>__Tfs_TestPlanId__</Key>
          <Value>13</Value>
        </Property>
        <Property>
          <Key>__Tfs_TestConfigurationName__</Key>
          <Value>Win 7 with IE 11</Value>
        </Property>
        <Property>
          <Key>__Tfs_TestPointId__</Key>
          <Value>110279</Value>
        </Property>
        <Property>
          <Key>__Tfs_TfsServerCollectionUrl__</Key>
          <Value>http://cmp02-app05:8080/tfs/defaultcollection</Value>
        </Property>
        <Property>
          <Key>__Tfs_BuildPlatform__</Key>
          <Value>Any CPU</Value>
        </Property>
        <Property>
          <Key>__Tfs_BuildNumber__</Key>
          <Value>QATestAutomation_20180514.3</Value>
        </Property>
        <Property>
          <Key>__Tfs_BuildFlavor__</Key>
          <Value>Debug</Value>
        </Property>
        <Property>
          <Key>__Tfs_BuildConfigurationId__</Key>
          <Value>26978</Value>
        </Property>
      </Properties>
      <TestMethod codeBase="file://CMP01-YKUMAR/QATestAutomationBuildsDrop/QATestAutomation/QATestAutomation_20180514.3/BorderFree.DLL" adapterTypeName="Microsoft.VisualStudio.TestTools.TestTypes.Unit.UnitTestAdapter, Microsoft.VisualStudio.QualityTools.Tips.UnitTest.Adapter, Version=12.0.0.0, Culture=neutral, PublicKeyToken=b03f5f7f11d50a3a" className="TestAuto.BorderFree, BorderFree, Version=1.0.0.0, Culture=neutral, PublicKeyToken=null" name="ShoppingCartProductExclusion" />
      <Extension>Microsoft.VisualStudio.TestTools.UITesting.CodedUITestAttribute, Microsoft.VisualStudio.QualityTools.CodedUITestFramework, Version=12.0.0.0, Culture=neutral, PublicKeyToken=b03f5f7f11d50a3a</Extension>
    </UnitTest>
    <UnitTest name="ProductReviewQuestionAnswerReviewComment" storage="\\cmp01-ykumar\qatestautomationbuildsdrop\qatestautomation\qatestautomation_20180514.3\productpagetest.dll" id="e4b43ad5-67fc-68cb-e612-10a4fc8dab10">
      <DeploymentItems>
        <DeploymentItem filename="TestData\ProductPageTestData.xml" />
        <DeploymentItem filename="SharedCommonConfig\SharedCommonConfig.xml" />
      </DeploymentItems>
      <TcmInformation testCaseId="6166" testRunId="26974" testResultId="100042" />
      <Execution id="8e3ba439-4a81-4091-8ce0-4a3fb3a41eea" />
      <Properties>
        <Property>
          <Key>__Tfs_BuildUri__</Key>
          <Value>vstfs:///Build/Build/1903</Value>
        </Property>
        <Property>
          <Key>__Tfs_IsInLabEnvironment__</Key>
          <Value>true</Value>
        </Property>
        <Property>
          <Key>__Tfs_TestRunId__</Key>
          <Value>26974</Value>
        </Property>
        <Property>
          <Key>__Tfs_TestCaseId__</Key>
          <Value>6166</Value>
        </Property>
        <Property>
          <Key>__Tfs_TeamProject__</Key>
          <Value>WebSphere</Value>
        </Property>
        <Property>
          <Key>__Tfs_BuildDirectory__</Key>
          <Value>\\CMP01-YKUMAR\QATestAutomationBuildsDrop\QATestAutomation\QATestAutomation_20180514.3</Value>
        </Property>
        <Property>
          <Key>__Tfs_LabEnvironment__</Key>
          <Value>&lt;?xml version="1.0" encoding="utf-16"?&gt;&lt;LabEnvironment Id="877963a7-28da-4117-9475-1e22fce445cb" Name="CMP01-YKumar" Uri="vstfs:///LabManagement/LabEnvironment/268"&gt;&lt;LabSystems&gt;&lt;LabSystem Name="cmp01-ykumar" ComputerName="CMP01-YKUMAR.horizonhobby.com" Roles="BS2CUIT"&gt;&lt;CustomProperties /&gt;&lt;/LabSystem&gt;&lt;/LabSystems&gt;&lt;/LabEnvironment&gt;</Value>
        </Property>
        <Property>
          <Key>__Tfs_TestConfigurationId__</Key>
          <Value>17</Value>
        </Property>
        <Property>
          <Key>__Tfs_TestPlanId__</Key>
          <Value>13</Value>
        </Property>
        <Property>
          <Key>__Tfs_TestConfigurationName__</Key>
          <Value>Win 7 with IE 11</Value>
        </Property>
        <Property>
          <Key>__Tfs_TestPointId__</Key>
          <Value>110307</Value>
        </Property>
        <Property>
          <Key>__Tfs_TfsServerCollectionUrl__</Key>
          <Value>http://cmp02-app05:8080/tfs/defaultcollection</Value>
        </Property>
        <Property>
          <Key>__Tfs_BuildPlatform__</Key>
          <Value>Any CPU</Value>
        </Property>
        <Property>
          <Key>__Tfs_BuildNumber__</Key>
          <Value>QATestAutomation_20180514.3</Value>
        </Property>
        <Property>
          <Key>__Tfs_BuildFlavor__</Key>
          <Value>Debug</Value>
        </Property>
        <Property>
          <Key>__Tfs_BuildConfigurationId__</Key>
          <Value>26978</Value>
        </Property>
      </Properties>
      <TestMethod codeBase="file://CMP01-YKUMAR/QATestAutomationBuildsDrop/QATestAutomation/QATestAutomation_20180514.3/ProductPageTest.DLL" adapterTypeName="Microsoft.VisualStudio.TestTools.TestTypes.Unit.UnitTestAdapter, Microsoft.VisualStudio.QualityTools.Tips.UnitTest.Adapter, Version=12.0.0.0, Culture=neutral, PublicKeyToken=b03f5f7f11d50a3a" className="TestAuto.ProductPageTest, ProductPageTest, Version=1.0.0.0, Culture=neutral, PublicKeyToken=null" name="ProductReviewQuestionAnswerReviewComment" />
      <Extension>Microsoft.VisualStudio.TestTools.UITesting.CodedUITestAttribute, Microsoft.VisualStudio.QualityTools.CodedUITestFramework, Version=12.0.0.0, Culture=neutral, PublicKeyToken=b03f5f7f11d50a3a</Extension>
    </UnitTest>
    <UnitTest name="SwitchFromUSToInternationalShipping" storage="\\cmp01-ykumar\qatestautomationbuildsdrop\qatestautomation\qatestautomation_20180514.3\borderfree.dll" id="cb9cd5f6-f8b1-731b-2bf3-2acf7ea49542">
      <DeploymentItems>
        <DeploymentItem filename="TestData\BorderFreeTestData.xml" />
        <DeploymentItem filename="SharedCommonConfig\SharedCommonConfig.xml" />
      </DeploymentItems>
      <TcmInformation testCaseId="5119" testRunId="26974" testResultId="100022" />
      <Execution id="bf42a9cb-9d11-4379-826e-605bc55368ae" />
      <Properties>
        <Property>
          <Key>__Tfs_BuildUri__</Key>
          <Value>vstfs:///Build/Build/1903</Value>
        </Property>
        <Property>
          <Key>__Tfs_IsInLabEnvironment__</Key>
          <Value>true</Value>
        </Property>
        <Property>
          <Key>__Tfs_TestRunId__</Key>
          <Value>26974</Value>
        </Property>
        <Property>
          <Key>__Tfs_TestCaseId__</Key>
          <Value>5119</Value>
        </Property>
        <Property>
          <Key>__Tfs_TeamProject__</Key>
          <Value>WebSphere</Value>
        </Property>
        <Property>
          <Key>__Tfs_BuildDirectory__</Key>
          <Value>\\CMP01-YKUMAR\QATestAutomationBuildsDrop\QATestAutomation\QATestAutomation_20180514.3</Value>
        </Property>
        <Property>
          <Key>__Tfs_LabEnvironment__</Key>
          <Value>&lt;?xml version="1.0" encoding="utf-16"?&gt;&lt;LabEnvironment Id="877963a7-28da-4117-9475-1e22fce445cb" Name="CMP01-YKumar" Uri="vstfs:///LabManagement/LabEnvironment/268"&gt;&lt;LabSystems&gt;&lt;LabSystem Name="cmp01-ykumar" ComputerName="CMP01-YKUMAR.horizonhobby.com" Roles="BS2CUIT"&gt;&lt;CustomProperties /&gt;&lt;/LabSystem&gt;&lt;/LabSystems&gt;&lt;/LabEnvironment&gt;</Value>
        </Property>
        <Property>
          <Key>__Tfs_TestConfigurationId__</Key>
          <Value>17</Value>
        </Property>
        <Property>
          <Key>__Tfs_TestPlanId__</Key>
          <Value>13</Value>
        </Property>
        <Property>
          <Key>__Tfs_TestConfigurationName__</Key>
          <Value>Win 7 with IE 11</Value>
        </Property>
        <Property>
          <Key>__Tfs_TestPointId__</Key>
          <Value>110277</Value>
        </Property>
        <Property>
          <Key>__Tfs_TfsServerCollectionUrl__</Key>
          <Value>http://cmp02-app05:8080/tfs/defaultcollection</Value>
        </Property>
        <Property>
          <Key>__Tfs_BuildPlatform__</Key>
          <Value>Any CPU</Value>
        </Property>
        <Property>
          <Key>__Tfs_BuildNumber__</Key>
          <Value>QATestAutomation_20180514.3</Value>
        </Property>
        <Property>
          <Key>__Tfs_BuildFlavor__</Key>
          <Value>Debug</Value>
        </Property>
        <Property>
          <Key>__Tfs_BuildConfigurationId__</Key>
          <Value>26978</Value>
        </Property>
      </Properties>
      <TestMethod codeBase="file://CMP01-YKUMAR/QATestAutomationBuildsDrop/QATestAutomation/QATestAutomation_20180514.3/BorderFree.DLL" adapterTypeName="Microsoft.VisualStudio.TestTools.TestTypes.Unit.UnitTestAdapter, Microsoft.VisualStudio.QualityTools.Tips.UnitTest.Adapter, Version=12.0.0.0, Culture=neutral, PublicKeyToken=b03f5f7f11d50a3a" className="TestAuto.BorderFree, BorderFree, Version=1.0.0.0, Culture=neutral, PublicKeyToken=null" name="SwitchFromUSToInternationalShipping" />
      <Extension>Microsoft.VisualStudio.TestTools.UITesting.CodedUITestAttribute, Microsoft.VisualStudio.QualityTools.CodedUITestFramework, Version=12.0.0.0, Culture=neutral, PublicKeyToken=b03f5f7f11d50a3a</Extension>
    </UnitTest>
    <UnitTest name="CheckoutChangeCountryFromCart" storage="\\cmp01-ykumar\qatestautomationbuildsdrop\qatestautomation\qatestautomation_20180514.3\borderfree.dll" id="cb6178eb-e764-d9cf-32c9-c2fd3f8cc531">
      <DeploymentItems>
        <DeploymentItem filename="TestData\BorderFreeTestData.xml" />
        <DeploymentItem filename="SharedCommonConfig\SharedCommonConfig.xml" />
      </DeploymentItems>
      <TcmInformation testCaseId="5110" testRunId="26974" testResultId="100017" />
      <Execution id="3b7e7743-4181-45f7-9f87-2cf2d0ea7ea9" />
      <Properties>
        <Property>
          <Key>__Tfs_BuildUri__</Key>
          <Value>vstfs:///Build/Build/1903</Value>
        </Property>
        <Property>
          <Key>__Tfs_IsInLabEnvironment__</Key>
          <Value>true</Value>
        </Property>
        <Property>
          <Key>__Tfs_TestRunId__</Key>
          <Value>26974</Value>
        </Property>
        <Property>
          <Key>__Tfs_TestCaseId__</Key>
          <Value>5110</Value>
        </Property>
        <Property>
          <Key>__Tfs_TeamProject__</Key>
          <Value>WebSphere</Value>
        </Property>
        <Property>
          <Key>__Tfs_BuildDirectory__</Key>
          <Value>\\CMP01-YKUMAR\QATestAutomationBuildsDrop\QATestAutomation\QATestAutomation_20180514.3</Value>
        </Property>
        <Property>
          <Key>__Tfs_LabEnvironment__</Key>
          <Value>&lt;?xml version="1.0" encoding="utf-16"?&gt;&lt;LabEnvironment Id="877963a7-28da-4117-9475-1e22fce445cb" Name="CMP01-YKumar" Uri="vstfs:///LabManagement/LabEnvironment/268"&gt;&lt;LabSystems&gt;&lt;LabSystem Name="cmp01-ykumar" ComputerName="CMP01-YKUMAR.horizonhobby.com" Roles="BS2CUIT"&gt;&lt;CustomProperties /&gt;&lt;/LabSystem&gt;&lt;/LabSystems&gt;&lt;/LabEnvironment&gt;</Value>
        </Property>
        <Property>
          <Key>__Tfs_TestConfigurationId__</Key>
          <Value>17</Value>
        </Property>
        <Property>
          <Key>__Tfs_TestPlanId__</Key>
          <Value>13</Value>
        </Property>
        <Property>
          <Key>__Tfs_TestConfigurationName__</Key>
          <Value>Win 7 with IE 11</Value>
        </Property>
        <Property>
          <Key>__Tfs_TestPointId__</Key>
          <Value>110272</Value>
        </Property>
        <Property>
          <Key>__Tfs_TfsServerCollectionUrl__</Key>
          <Value>http://cmp02-app05:8080/tfs/defaultcollection</Value>
        </Property>
        <Property>
          <Key>__Tfs_BuildPlatform__</Key>
          <Value>Any CPU</Value>
        </Property>
        <Property>
          <Key>__Tfs_BuildNumber__</Key>
          <Value>QATestAutomation_20180514.3</Value>
        </Property>
        <Property>
          <Key>__Tfs_BuildFlavor__</Key>
          <Value>Debug</Value>
        </Property>
        <Property>
          <Key>__Tfs_BuildConfigurationId__</Key>
          <Value>26978</Value>
        </Property>
      </Properties>
      <TestMethod codeBase="file://CMP01-YKUMAR/QATestAutomationBuildsDrop/QATestAutomation/QATestAutomation_20180514.3/BorderFree.DLL" adapterTypeName="Microsoft.VisualStudio.TestTools.TestTypes.Unit.UnitTestAdapter, Microsoft.VisualStudio.QualityTools.Tips.UnitTest.Adapter, Version=12.0.0.0, Culture=neutral, PublicKeyToken=b03f5f7f11d50a3a" className="TestAuto.BorderFree, BorderFree, Version=1.0.0.0, Culture=neutral, PublicKeyToken=null" name="CheckoutChangeCountryFromCart" />
      <Extension>Microsoft.VisualStudio.TestTools.UITesting.CodedUITestAttribute, Microsoft.VisualStudio.QualityTools.CodedUITestFramework, Version=12.0.0.0, Culture=neutral, PublicKeyToken=b03f5f7f11d50a3a</Extension>
    </UnitTest>
    <UnitTest name="EnvoyCheckoutMilitaryAndUSTerritoryShippingAddresses" storage="\\cmp01-ykumar\qatestautomationbuildsdrop\qatestautomation\qatestautomation_20180514.3\borderfree.dll" id="45b1a834-6dba-8125-6aa8-bec09e7d335a">
      <DeploymentItems>
        <DeploymentItem filename="TestData\BorderFreeTestData.xml" />
        <DeploymentItem filename="SharedCommonConfig\SharedCommonConfig.xml" />
      </DeploymentItems>
      <TcmInformation testCaseId="4506" testRunId="26974" testResultId="100009" />
      <Execution id="f293377f-e539-4547-bdd3-82ea32c8b3fb" />
      <Properties>
        <Property>
          <Key>__Tfs_BuildUri__</Key>
          <Value>vstfs:///Build/Build/1903</Value>
        </Property>
        <Property>
          <Key>__Tfs_IsInLabEnvironment__</Key>
          <Value>true</Value>
        </Property>
        <Property>
          <Key>__Tfs_TestRunId__</Key>
          <Value>26974</Value>
        </Property>
        <Property>
          <Key>__Tfs_TestCaseId__</Key>
          <Value>4506</Value>
        </Property>
        <Property>
          <Key>__Tfs_TeamProject__</Key>
          <Value>WebSphere</Value>
        </Property>
        <Property>
          <Key>__Tfs_BuildDirectory__</Key>
          <Value>\\CMP01-YKUMAR\QATestAutomationBuildsDrop\QATestAutomation\QATestAutomation_20180514.3</Value>
        </Property>
        <Property>
          <Key>__Tfs_LabEnvironment__</Key>
          <Value>&lt;?xml version="1.0" encoding="utf-16"?&gt;&lt;LabEnvironment Id="877963a7-28da-4117-9475-1e22fce445cb" Name="CMP01-YKumar" Uri="vstfs:///LabManagement/LabEnvironment/268"&gt;&lt;LabSystems&gt;&lt;LabSystem Name="cmp01-ykumar" ComputerName="CMP01-YKUMAR.horizonhobby.com" Roles="BS2CUIT"&gt;&lt;CustomProperties /&gt;&lt;/LabSystem&gt;&lt;/LabSystems&gt;&lt;/LabEnvironment&gt;</Value>
        </Property>
        <Property>
          <Key>__Tfs_TestConfigurationId__</Key>
          <Value>17</Value>
        </Property>
        <Property>
          <Key>__Tfs_TestPlanId__</Key>
          <Value>13</Value>
        </Property>
        <Property>
          <Key>__Tfs_TestConfigurationName__</Key>
          <Value>Win 7 with IE 11</Value>
        </Property>
        <Property>
          <Key>__Tfs_TestPointId__</Key>
          <Value>110264</Value>
        </Property>
        <Property>
          <Key>__Tfs_TfsServerCollectionUrl__</Key>
          <Value>http://cmp02-app05:8080/tfs/defaultcollection</Value>
        </Property>
        <Property>
          <Key>__Tfs_BuildPlatform__</Key>
          <Value>Any CPU</Value>
        </Property>
        <Property>
          <Key>__Tfs_BuildNumber__</Key>
          <Value>QATestAutomation_20180514.3</Value>
        </Property>
        <Property>
          <Key>__Tfs_BuildFlavor__</Key>
          <Value>Debug</Value>
        </Property>
        <Property>
          <Key>__Tfs_BuildConfigurationId__</Key>
          <Value>26978</Value>
        </Property>
      </Properties>
      <TestMethod codeBase="file://CMP01-YKUMAR/QATestAutomationBuildsDrop/QATestAutomation/QATestAutomation_20180514.3/BorderFree.DLL" adapterTypeName="Microsoft.VisualStudio.TestTools.TestTypes.Unit.UnitTestAdapter, Microsoft.VisualStudio.QualityTools.Tips.UnitTest.Adapter, Version=12.0.0.0, Culture=neutral, PublicKeyToken=b03f5f7f11d50a3a" className="TestAuto.BorderFree, BorderFree, Version=1.0.0.0, Culture=neutral, PublicKeyToken=null" name="EnvoyCheckoutMilitaryAndUSTerritoryShippingAddresses" />
      <Extension>Microsoft.VisualStudio.TestTools.UITesting.CodedUITestAttribute, Microsoft.VisualStudio.QualityTools.CodedUITestFramework, Version=12.0.0.0, Culture=neutral, PublicKeyToken=b03f5f7f11d50a3a</Extension>
    </UnitTest>
    <UnitTest name="ChangeToUSAddressFromBorderFreeCheckoutProcess" storage="\\cmp01-ykumar\qatestautomationbuildsdrop\qatestautomation\qatestautomation_20180514.3\borderfree.dll" id="6e1fe203-b9fd-05bc-7ba1-69539f6ed3c1">
      <DeploymentItems>
        <DeploymentItem filename="TestData\BorderFreeTestData.xml" />
        <DeploymentItem filename="SharedCommonConfig\SharedCommonConfig.xml" />
      </DeploymentItems>
      <TcmInformation testCaseId="5111" testRunId="26974" testResultId="100018" />
      <Execution id="51009c1b-eaed-4581-8a84-a946e4207bd2" />
      <Properties>
        <Property>
          <Key>__Tfs_BuildUri__</Key>
          <Value>vstfs:///Build/Build/1903</Value>
        </Property>
        <Property>
          <Key>__Tfs_IsInLabEnvironment__</Key>
          <Value>true</Value>
        </Property>
        <Property>
          <Key>__Tfs_TestRunId__</Key>
          <Value>26974</Value>
        </Property>
        <Property>
          <Key>__Tfs_TestCaseId__</Key>
          <Value>5111</Value>
        </Property>
        <Property>
          <Key>__Tfs_TeamProject__</Key>
          <Value>WebSphere</Value>
        </Property>
        <Property>
          <Key>__Tfs_BuildDirectory__</Key>
          <Value>\\CMP01-YKUMAR\QATestAutomationBuildsDrop\QATestAutomation\QATestAutomation_20180514.3</Value>
        </Property>
        <Property>
          <Key>__Tfs_LabEnvironment__</Key>
          <Value>&lt;?xml version="1.0" encoding="utf-16"?&gt;&lt;LabEnvironment Id="877963a7-28da-4117-9475-1e22fce445cb" Name="CMP01-YKumar" Uri="vstfs:///LabManagement/LabEnvironment/268"&gt;&lt;LabSystems&gt;&lt;LabSystem Name="cmp01-ykumar" ComputerName="CMP01-YKUMAR.horizonhobby.com" Roles="BS2CUIT"&gt;&lt;CustomProperties /&gt;&lt;/LabSystem&gt;&lt;/LabSystems&gt;&lt;/LabEnvironment&gt;</Value>
        </Property>
        <Property>
          <Key>__Tfs_TestConfigurationId__</Key>
          <Value>17</Value>
        </Property>
        <Property>
          <Key>__Tfs_TestPlanId__</Key>
          <Value>13</Value>
        </Property>
        <Property>
          <Key>__Tfs_TestConfigurationName__</Key>
          <Value>Win 7 with IE 11</Value>
        </Property>
        <Property>
          <Key>__Tfs_TestPointId__</Key>
          <Value>110273</Value>
        </Property>
        <Property>
          <Key>__Tfs_TfsServerCollectionUrl__</Key>
          <Value>http://cmp02-app05:8080/tfs/defaultcollection</Value>
        </Property>
        <Property>
          <Key>__Tfs_BuildPlatform__</Key>
          <Value>Any CPU</Value>
        </Property>
        <Property>
          <Key>__Tfs_BuildNumber__</Key>
          <Value>QATestAutomation_20180514.3</Value>
        </Property>
        <Property>
          <Key>__Tfs_BuildFlavor__</Key>
          <Value>Debug</Value>
        </Property>
        <Property>
          <Key>__Tfs_BuildConfigurationId__</Key>
          <Value>26978</Value>
        </Property>
      </Properties>
      <TestMethod codeBase="file://CMP01-YKUMAR/QATestAutomationBuildsDrop/QATestAutomation/QATestAutomation_20180514.3/BorderFree.DLL" adapterTypeName="Microsoft.VisualStudio.TestTools.TestTypes.Unit.UnitTestAdapter, Microsoft.VisualStudio.QualityTools.Tips.UnitTest.Adapter, Version=12.0.0.0, Culture=neutral, PublicKeyToken=b03f5f7f11d50a3a" className="TestAuto.BorderFree, BorderFree, Version=1.0.0.0, Culture=neutral, PublicKeyToken=null" name="ChangeToUSAddressFromBorderFreeCheckoutProcess" />
      <Extension>Microsoft.VisualStudio.TestTools.UITesting.CodedUITestAttribute, Microsoft.VisualStudio.QualityTools.CodedUITestFramework, Version=12.0.0.0, Culture=neutral, PublicKeyToken=b03f5f7f11d50a3a</Extension>
    </UnitTest>
    <UnitTest name="ProductComparePage" storage="\\cmp01-ykumar\qatestautomationbuildsdrop\qatestautomation\qatestautomation_20180514.3\borderfree.dll" id="f80a6ce6-1d30-c9e5-57f3-4fc76f5f957b">
      <DeploymentItems>
        <DeploymentItem filename="TestData\BorderFreeTestData.xml" />
        <DeploymentItem filename="SharedCommonConfig\SharedCommonConfig.xml" />
      </DeploymentItems>
      <TcmInformation testCaseId="5227" testRunId="26974" testResultId="100028" />
      <Execution id="ba7d0b43-11e1-477b-87f2-e7b0b8743a93" />
      <Properties>
        <Property>
          <Key>__Tfs_BuildUri__</Key>
          <Value>vstfs:///Build/Build/1903</Value>
        </Property>
        <Property>
          <Key>__Tfs_IsInLabEnvironment__</Key>
          <Value>true</Value>
        </Property>
        <Property>
          <Key>__Tfs_TestRunId__</Key>
          <Value>26974</Value>
        </Property>
        <Property>
          <Key>__Tfs_TestCaseId__</Key>
          <Value>5227</Value>
        </Property>
        <Property>
          <Key>__Tfs_TeamProject__</Key>
          <Value>WebSphere</Value>
        </Property>
        <Property>
          <Key>__Tfs_BuildDirectory__</Key>
          <Value>\\CMP01-YKUMAR\QATestAutomationBuildsDrop\QATestAutomation\QATestAutomation_20180514.3</Value>
        </Property>
        <Property>
          <Key>__Tfs_LabEnvironment__</Key>
          <Value>&lt;?xml version="1.0" encoding="utf-16"?&gt;&lt;LabEnvironment Id="877963a7-28da-4117-9475-1e22fce445cb" Name="CMP01-YKumar" Uri="vstfs:///LabManagement/LabEnvironment/268"&gt;&lt;LabSystems&gt;&lt;LabSystem Name="cmp01-ykumar" ComputerName="CMP01-YKUMAR.horizonhobby.com" Roles="BS2CUIT"&gt;&lt;CustomProperties /&gt;&lt;/LabSystem&gt;&lt;/LabSystems&gt;&lt;/LabEnvironment&gt;</Value>
        </Property>
        <Property>
          <Key>__Tfs_TestConfigurationId__</Key>
          <Value>17</Value>
        </Property>
        <Property>
          <Key>__Tfs_TestPlanId__</Key>
          <Value>13</Value>
        </Property>
        <Property>
          <Key>__Tfs_TestConfigurationName__</Key>
          <Value>Win 7 with IE 11</Value>
        </Property>
        <Property>
          <Key>__Tfs_TestPointId__</Key>
          <Value>110284</Value>
        </Property>
        <Property>
          <Key>__Tfs_TfsServerCollectionUrl__</Key>
          <Value>http://cmp02-app05:8080/tfs/defaultcollection</Value>
        </Property>
        <Property>
          <Key>__Tfs_BuildPlatform__</Key>
          <Value>Any CPU</Value>
        </Property>
        <Property>
          <Key>__Tfs_BuildNumber__</Key>
          <Value>QATestAutomation_20180514.3</Value>
        </Property>
        <Property>
          <Key>__Tfs_BuildFlavor__</Key>
          <Value>Debug</Value>
        </Property>
        <Property>
          <Key>__Tfs_BuildConfigurationId__</Key>
          <Value>26978</Value>
        </Property>
      </Properties>
      <TestMethod codeBase="file://CMP01-YKUMAR/QATestAutomationBuildsDrop/QATestAutomation/QATestAutomation_20180514.3/BorderFree.DLL" adapterTypeName="Microsoft.VisualStudio.TestTools.TestTypes.Unit.UnitTestAdapter, Microsoft.VisualStudio.QualityTools.Tips.UnitTest.Adapter, Version=12.0.0.0, Culture=neutral, PublicKeyToken=b03f5f7f11d50a3a" className="TestAuto.BorderFree, BorderFree, Version=1.0.0.0, Culture=neutral, PublicKeyToken=null" name="ProductComparePage" />
      <Extension>Microsoft.VisualStudio.TestTools.UITesting.CodedUITestAttribute, Microsoft.VisualStudio.QualityTools.CodedUITestFramework, Version=12.0.0.0, Culture=neutral, PublicKeyToken=b03f5f7f11d50a3a</Extension>
    </UnitTest>
    <UnitTest name="LocalizationHeaderDisplay" storage="\\cmp01-ykumar\qatestautomationbuildsdrop\qatestautomation\qatestautomation_20180514.3\borderfree.dll" id="92a77678-fa66-5044-0e88-a87f571a2c55">
      <DeploymentItems>
        <DeploymentItem filename="TestData\BorderFreeTestData.xml" />
        <DeploymentItem filename="SharedCommonConfig\SharedCommonConfig.xml" />
      </DeploymentItems>
      <TcmInformation testCaseId="5131" testRunId="26974" testResultId="100025" />
      <Execution id="5240e5cb-40b3-49a9-b153-e201c64e0ec5" />
      <Properties>
        <Property>
          <Key>__Tfs_BuildUri__</Key>
          <Value>vstfs:///Build/Build/1903</Value>
        </Property>
        <Property>
          <Key>__Tfs_IsInLabEnvironment__</Key>
          <Value>true</Value>
        </Property>
        <Property>
          <Key>__Tfs_TestRunId__</Key>
          <Value>26974</Value>
        </Property>
        <Property>
          <Key>__Tfs_TestCaseId__</Key>
          <Value>5131</Value>
        </Property>
        <Property>
          <Key>__Tfs_TeamProject__</Key>
          <Value>WebSphere</Value>
        </Property>
        <Property>
          <Key>__Tfs_BuildDirectory__</Key>
          <Value>\\CMP01-YKUMAR\QATestAutomationBuildsDrop\QATestAutomation\QATestAutomation_20180514.3</Value>
        </Property>
        <Property>
          <Key>__Tfs_LabEnvironment__</Key>
          <Value>&lt;?xml version="1.0" encoding="utf-16"?&gt;&lt;LabEnvironment Id="877963a7-28da-4117-9475-1e22fce445cb" Name="CMP01-YKumar" Uri="vstfs:///LabManagement/LabEnvironment/268"&gt;&lt;LabSystems&gt;&lt;LabSystem Name="cmp01-ykumar" ComputerName="CMP01-YKUMAR.horizonhobby.com" Roles="BS2CUIT"&gt;&lt;CustomProperties /&gt;&lt;/LabSystem&gt;&lt;/LabSystems&gt;&lt;/LabEnvironment&gt;</Value>
        </Property>
        <Property>
          <Key>__Tfs_TestConfigurationId__</Key>
          <Value>17</Value>
        </Property>
        <Property>
          <Key>__Tfs_TestPlanId__</Key>
          <Value>13</Value>
        </Property>
        <Property>
          <Key>__Tfs_TestConfigurationName__</Key>
          <Value>Win 7 with IE 11</Value>
        </Property>
        <Property>
          <Key>__Tfs_TestPointId__</Key>
          <Value>110280</Value>
        </Property>
        <Property>
          <Key>__Tfs_TfsServerCollectionUrl__</Key>
          <Value>http://cmp02-app05:8080/tfs/defaultcollection</Value>
        </Property>
        <Property>
          <Key>__Tfs_BuildPlatform__</Key>
          <Value>Any CPU</Value>
        </Property>
        <Property>
          <Key>__Tfs_BuildNumber__</Key>
          <Value>QATestAutomation_20180514.3</Value>
        </Property>
        <Property>
          <Key>__Tfs_BuildFlavor__</Key>
          <Value>Debug</Value>
        </Property>
        <Property>
          <Key>__Tfs_BuildConfigurationId__</Key>
          <Value>26978</Value>
        </Property>
      </Properties>
      <TestMethod codeBase="file://CMP01-YKUMAR/QATestAutomationBuildsDrop/QATestAutomation/QATestAutomation_20180514.3/BorderFree.DLL" adapterTypeName="Microsoft.VisualStudio.TestTools.TestTypes.Unit.UnitTestAdapter, Microsoft.VisualStudio.QualityTools.Tips.UnitTest.Adapter, Version=12.0.0.0, Culture=neutral, PublicKeyToken=b03f5f7f11d50a3a" className="TestAuto.BorderFree, BorderFree, Version=1.0.0.0, Culture=neutral, PublicKeyToken=null" name="LocalizationHeaderDisplay" />
      <Extension>Microsoft.VisualStudio.TestTools.UITesting.CodedUITestAttribute, Microsoft.VisualStudio.QualityTools.CodedUITestFramework, Version=12.0.0.0, Culture=neutral, PublicKeyToken=b03f5f7f11d50a3a</Extension>
    </UnitTest>
    <UnitTest name="AppropriateCurrencyDisplayOnDifferentPagesForDifferentCountriesFromContextChooser" storage="\\cmp01-ykumar\qatestautomationbuildsdrop\qatestautomation\qatestautomation_20180514.3\borderfree.dll" id="a54af7ba-7178-e223-f9f1-484174ca129a">
      <DeploymentItems>
        <DeploymentItem filename="TestData\BorderFreeTestData.xml" />
        <DeploymentItem filename="SharedCommonConfig\SharedCommonConfig.xml" />
      </DeploymentItems>
      <TcmInformation testCaseId="5127" testRunId="26974" testResultId="100023" />
      <Execution id="3c64e29a-fbd9-4da0-9bc9-04cf28c8f19b" />
      <Properties>
        <Property>
          <Key>__Tfs_BuildUri__</Key>
          <Value>vstfs:///Build/Build/1903</Value>
        </Property>
        <Property>
          <Key>__Tfs_IsInLabEnvironment__</Key>
          <Value>true</Value>
        </Property>
        <Property>
          <Key>__Tfs_TestRunId__</Key>
          <Value>26974</Value>
        </Property>
        <Property>
          <Key>__Tfs_TestCaseId__</Key>
          <Value>5127</Value>
        </Property>
        <Property>
          <Key>__Tfs_TeamProject__</Key>
          <Value>WebSphere</Value>
        </Property>
        <Property>
          <Key>__Tfs_BuildDirectory__</Key>
          <Value>\\CMP01-YKUMAR\QATestAutomationBuildsDrop\QATestAutomation\QATestAutomation_20180514.3</Value>
        </Property>
        <Property>
          <Key>__Tfs_LabEnvironment__</Key>
          <Value>&lt;?xml version="1.0" encoding="utf-16"?&gt;&lt;LabEnvironment Id="877963a7-28da-4117-9475-1e22fce445cb" Name="CMP01-YKumar" Uri="vstfs:///LabManagement/LabEnvironment/268"&gt;&lt;LabSystems&gt;&lt;LabSystem Name="cmp01-ykumar" ComputerName="CMP01-YKUMAR.horizonhobby.com" Roles="BS2CUIT"&gt;&lt;CustomProperties /&gt;&lt;/LabSystem&gt;&lt;/LabSystems&gt;&lt;/LabEnvironment&gt;</Value>
        </Property>
        <Property>
          <Key>__Tfs_TestConfigurationId__</Key>
          <Value>17</Value>
        </Property>
        <Property>
          <Key>__Tfs_TestPlanId__</Key>
          <Value>13</Value>
        </Property>
        <Property>
          <Key>__Tfs_TestConfigurationName__</Key>
          <Value>Win 7 with IE 11</Value>
        </Property>
        <Property>
          <Key>__Tfs_TestPointId__</Key>
          <Value>110278</Value>
        </Property>
        <Property>
          <Key>__Tfs_TfsServerCollectionUrl__</Key>
          <Value>http://cmp02-app05:8080/tfs/defaultcollection</Value>
        </Property>
        <Property>
          <Key>__Tfs_BuildPlatform__</Key>
          <Value>Any CPU</Value>
        </Property>
        <Property>
          <Key>__Tfs_BuildNumber__</Key>
          <Value>QATestAutomation_20180514.3</Value>
        </Property>
        <Property>
          <Key>__Tfs_BuildFlavor__</Key>
          <Value>Debug</Value>
        </Property>
        <Property>
          <Key>__Tfs_BuildConfigurationId__</Key>
          <Value>26978</Value>
        </Property>
      </Properties>
      <TestMethod codeBase="file://CMP01-YKUMAR/QATestAutomationBuildsDrop/QATestAutomation/QATestAutomation_20180514.3/BorderFree.DLL" adapterTypeName="Microsoft.VisualStudio.TestTools.TestTypes.Unit.UnitTestAdapter, Microsoft.VisualStudio.QualityTools.Tips.UnitTest.Adapter, Version=12.0.0.0, Culture=neutral, PublicKeyToken=b03f5f7f11d50a3a" className="TestAuto.BorderFree, BorderFree, Version=1.0.0.0, Culture=neutral, PublicKeyToken=null" name="AppropriateCurrencyDisplayOnDifferentPagesForDifferentCountriesFromContextChooser" />
      <Extension>Microsoft.VisualStudio.TestTools.UITesting.CodedUITestAttribute, Microsoft.VisualStudio.QualityTools.CodedUITestFramework, Version=12.0.0.0, Culture=neutral, PublicKeyToken=b03f5f7f11d50a3a</Extension>
    </UnitTest>
    <UnitTest name="CrossSiteScriptingShoppingCartAndWishlist" storage="\\cmp01-ykumar\qatestautomationbuildsdrop\qatestautomation\qatestautomation_20180514.3\crosssitescripting.dll" id="7c0938cd-c2b7-7885-9aa1-d793678dc5aa">
      <DeploymentItems>
        <DeploymentItem filename="TestData\CrossSiteScriptingTestData.xml" />
        <DeploymentItem filename="SharedCommonConfig\SharedCommonConfig.xml" />
      </DeploymentItems>
      <TcmInformation testCaseId="6021" testRunId="26974" testResultId="100031" />
      <Execution id="2f6d36ee-37a2-449f-8303-6a13c4f1a167" />
      <Properties>
        <Property>
          <Key>__Tfs_BuildUri__</Key>
          <Value>vstfs:///Build/Build/1903</Value>
        </Property>
        <Property>
          <Key>__Tfs_IsInLabEnvironment__</Key>
          <Value>true</Value>
        </Property>
        <Property>
          <Key>__Tfs_TestRunId__</Key>
          <Value>26974</Value>
        </Property>
        <Property>
          <Key>__Tfs_TestCaseId__</Key>
          <Value>6021</Value>
        </Property>
        <Property>
          <Key>__Tfs_TeamProject__</Key>
          <Value>WebSphere</Value>
        </Property>
        <Property>
          <Key>__Tfs_BuildDirectory__</Key>
          <Value>\\CMP01-YKUMAR\QATestAutomationBuildsDrop\QATestAutomation\QATestAutomation_20180514.3</Value>
        </Property>
        <Property>
          <Key>__Tfs_LabEnvironment__</Key>
          <Value>&lt;?xml version="1.0" encoding="utf-16"?&gt;&lt;LabEnvironment Id="877963a7-28da-4117-9475-1e22fce445cb" Name="CMP01-YKumar" Uri="vstfs:///LabManagement/LabEnvironment/268"&gt;&lt;LabSystems&gt;&lt;LabSystem Name="cmp01-ykumar" ComputerName="CMP01-YKUMAR.horizonhobby.com" Roles="BS2CUIT"&gt;&lt;CustomProperties /&gt;&lt;/LabSystem&gt;&lt;/LabSystems&gt;&lt;/LabEnvironment&gt;</Value>
        </Property>
        <Property>
          <Key>__Tfs_TestConfigurationId__</Key>
          <Value>17</Value>
        </Property>
        <Property>
          <Key>__Tfs_TestPlanId__</Key>
          <Value>13</Value>
        </Property>
        <Property>
          <Key>__Tfs_TestConfigurationName__</Key>
          <Value>Win 7 with IE 11</Value>
        </Property>
        <Property>
          <Key>__Tfs_TestPointId__</Key>
          <Value>110288</Value>
        </Property>
        <Property>
          <Key>__Tfs_TfsServerCollectionUrl__</Key>
          <Value>http://cmp02-app05:8080/tfs/defaultcollection</Value>
        </Property>
        <Property>
          <Key>__Tfs_BuildPlatform__</Key>
          <Value>Any CPU</Value>
        </Property>
        <Property>
          <Key>__Tfs_BuildNumber__</Key>
          <Value>QATestAutomation_20180514.3</Value>
        </Property>
        <Property>
          <Key>__Tfs_BuildFlavor__</Key>
          <Value>Debug</Value>
        </Property>
        <Property>
          <Key>__Tfs_BuildConfigurationId__</Key>
          <Value>26978</Value>
        </Property>
      </Properties>
      <TestMethod codeBase="file://CMP01-YKUMAR/QATestAutomationBuildsDrop/QATestAutomation/QATestAutomation_20180514.3/CrossSiteScripting.DLL" adapterTypeName="Microsoft.VisualStudio.TestTools.TestTypes.Unit.UnitTestAdapter, Microsoft.VisualStudio.QualityTools.Tips.UnitTest.Adapter, Version=12.0.0.0, Culture=neutral, PublicKeyToken=b03f5f7f11d50a3a" className="TestAuto.CrossSiteScripting, CrossSiteScripting, Version=1.0.0.0, Culture=neutral, PublicKeyToken=null" name="CrossSiteScriptingShoppingCartAndWishlist" />
      <Extension>Microsoft.VisualStudio.TestTools.UITesting.CodedUITestAttribute, Microsoft.VisualStudio.QualityTools.CodedUITestFramework, Version=12.0.0.0, Culture=neutral, PublicKeyToken=b03f5f7f11d50a3a</Extension>
    </UnitTest>
    <UnitTest name="CrossSiteScriptingGuestCheckout" storage="\\cmp01-ykumar\qatestautomationbuildsdrop\qatestautomation\qatestautomation_20180514.3\crosssitescripting.dll" id="5a65d206-0b02-f645-bcdc-16639cfb140f">
      <DeploymentItems>
        <DeploymentItem filename="TestData\CrossSiteScriptingTestData.xml" />
        <DeploymentItem filename="SharedCommonConfig\SharedCommonConfig.xml" />
      </DeploymentItems>
      <TcmInformation testCaseId="6022" testRunId="26974" testResultId="100032" />
      <Execution id="8e5e21b2-324b-4274-a006-5b60c3a44cb6" />
      <Properties>
        <Property>
          <Key>__Tfs_BuildUri__</Key>
          <Value>vstfs:///Build/Build/1903</Value>
        </Property>
        <Property>
          <Key>__Tfs_IsInLabEnvironment__</Key>
          <Value>true</Value>
        </Property>
        <Property>
          <Key>__Tfs_TestRunId__</Key>
          <Value>26974</Value>
        </Property>
        <Property>
          <Key>__Tfs_TestCaseId__</Key>
          <Value>6022</Value>
        </Property>
        <Property>
          <Key>__Tfs_TeamProject__</Key>
          <Value>WebSphere</Value>
        </Property>
        <Property>
          <Key>__Tfs_BuildDirectory__</Key>
          <Value>\\CMP01-YKUMAR\QATestAutomationBuildsDrop\QATestAutomation\QATestAutomation_20180514.3</Value>
        </Property>
        <Property>
          <Key>__Tfs_LabEnvironment__</Key>
          <Value>&lt;?xml version="1.0" encoding="utf-16"?&gt;&lt;LabEnvironment Id="877963a7-28da-4117-9475-1e22fce445cb" Name="CMP01-YKumar" Uri="vstfs:///LabManagement/LabEnvironment/268"&gt;&lt;LabSystems&gt;&lt;LabSystem Name="cmp01-ykumar" ComputerName="CMP01-YKUMAR.horizonhobby.com" Roles="BS2CUIT"&gt;&lt;CustomProperties /&gt;&lt;/LabSystem&gt;&lt;/LabSystems&gt;&lt;/LabEnvironment&gt;</Value>
        </Property>
        <Property>
          <Key>__Tfs_TestConfigurationId__</Key>
          <Value>17</Value>
        </Property>
        <Property>
          <Key>__Tfs_TestPlanId__</Key>
          <Value>13</Value>
        </Property>
        <Property>
          <Key>__Tfs_TestConfigurationName__</Key>
          <Value>Win 7 with IE 11</Value>
        </Property>
        <Property>
          <Key>__Tfs_TestPointId__</Key>
          <Value>110289</Value>
        </Property>
        <Property>
          <Key>__Tfs_TfsServerCollectionUrl__</Key>
          <Value>http://cmp02-app05:8080/tfs/defaultcollection</Value>
        </Property>
        <Property>
          <Key>__Tfs_BuildPlatform__</Key>
          <Value>Any CPU</Value>
        </Property>
        <Property>
          <Key>__Tfs_BuildNumber__</Key>
          <Value>QATestAutomation_20180514.3</Value>
        </Property>
        <Property>
          <Key>__Tfs_BuildFlavor__</Key>
          <Value>Debug</Value>
        </Property>
        <Property>
          <Key>__Tfs_BuildConfigurationId__</Key>
          <Value>26978</Value>
        </Property>
      </Properties>
      <TestMethod codeBase="file://CMP01-YKUMAR/QATestAutomationBuildsDrop/QATestAutomation/QATestAutomation_20180514.3/CrossSiteScripting.DLL" adapterTypeName="Microsoft.VisualStudio.TestTools.TestTypes.Unit.UnitTestAdapter, Microsoft.VisualStudio.QualityTools.Tips.UnitTest.Adapter, Version=12.0.0.0, Culture=neutral, PublicKeyToken=b03f5f7f11d50a3a" className="TestAuto.CrossSiteScripting, CrossSiteScripting, Version=1.0.0.0, Culture=neutral, PublicKeyToken=null" name="CrossSiteScriptingGuestCheckout" />
      <Extension>Microsoft.VisualStudio.TestTools.UITesting.CodedUITestAttribute, Microsoft.VisualStudio.QualityTools.CodedUITestFramework, Version=12.0.0.0, Culture=neutral, PublicKeyToken=b03f5f7f11d50a3a</Extension>
    </UnitTest>
    <UnitTest name="MonthFieldValidationCCExpirationField" storage="\\cmp01-ykumar\qatestautomationbuildsdrop\qatestautomation\qatestautomation_20180514.3\checkout_test.dll" id="1ef77637-eddc-d6b3-fd0c-5a2e7dc4a1e5">
      <DeploymentItems>
        <DeploymentItem filename="TestData\CheckoutCreditCard.xml" />
        <DeploymentItem filename="SharedCommonConfig\SharedCommonConfig.xml" />
      </DeploymentItems>
      <TcmInformation testCaseId="6101" testRunId="26974" testResultId="100039" />
      <Execution id="13b37d79-c537-4da9-894e-80f111ed4f26" />
      <Properties>
        <Property>
          <Key>__Tfs_BuildUri__</Key>
          <Value>vstfs:///Build/Build/1903</Value>
        </Property>
        <Property>
          <Key>__Tfs_IsInLabEnvironment__</Key>
          <Value>true</Value>
        </Property>
        <Property>
          <Key>__Tfs_TestRunId__</Key>
          <Value>26974</Value>
        </Property>
        <Property>
          <Key>__Tfs_TestCaseId__</Key>
          <Value>6101</Value>
        </Property>
        <Property>
          <Key>__Tfs_TeamProject__</Key>
          <Value>WebSphere</Value>
        </Property>
        <Property>
          <Key>__Tfs_BuildDirectory__</Key>
          <Value>\\CMP01-YKUMAR\QATestAutomationBuildsDrop\QATestAutomation\QATestAutomation_20180514.3</Value>
        </Property>
        <Property>
          <Key>__Tfs_LabEnvironment__</Key>
          <Value>&lt;?xml version="1.0" encoding="utf-16"?&gt;&lt;LabEnvironment Id="877963a7-28da-4117-9475-1e22fce445cb" Name="CMP01-YKumar" Uri="vstfs:///LabManagement/LabEnvironment/268"&gt;&lt;LabSystems&gt;&lt;LabSystem Name="cmp01-ykumar" ComputerName="CMP01-YKUMAR.horizonhobby.com" Roles="BS2CUIT"&gt;&lt;CustomProperties /&gt;&lt;/LabSystem&gt;&lt;/LabSystems&gt;&lt;/LabEnvironment&gt;</Value>
        </Property>
        <Property>
          <Key>__Tfs_TestConfigurationId__</Key>
          <Value>17</Value>
        </Property>
        <Property>
          <Key>__Tfs_TestPlanId__</Key>
          <Value>13</Value>
        </Property>
        <Property>
          <Key>__Tfs_TestConfigurationName__</Key>
          <Value>Win 7 with IE 11</Value>
        </Property>
        <Property>
          <Key>__Tfs_TestPointId__</Key>
          <Value>110297</Value>
        </Property>
        <Property>
          <Key>__Tfs_TfsServerCollectionUrl__</Key>
          <Value>http://cmp02-app05:8080/tfs/defaultcollection</Value>
        </Property>
        <Property>
          <Key>__Tfs_BuildPlatform__</Key>
          <Value>Any CPU</Value>
        </Property>
        <Property>
          <Key>__Tfs_BuildNumber__</Key>
          <Value>QATestAutomation_20180514.3</Value>
        </Property>
        <Property>
          <Key>__Tfs_BuildFlavor__</Key>
          <Value>Debug</Value>
        </Property>
        <Property>
          <Key>__Tfs_BuildConfigurationId__</Key>
          <Value>26978</Value>
        </Property>
      </Properties>
      <TestMethod codeBase="file://CMP01-YKUMAR/QATestAutomationBuildsDrop/QATestAutomation/QATestAutomation_20180514.3/Checkout_Test.DLL" adapterTypeName="Microsoft.VisualStudio.TestTools.TestTypes.Unit.UnitTestAdapter, Microsoft.VisualStudio.QualityTools.Tips.UnitTest.Adapter, Version=12.0.0.0, Culture=neutral, PublicKeyToken=b03f5f7f11d50a3a" className="TestAuto.CheckoutCreditCard, Checkout_Test, Version=1.0.0.0, Culture=neutral, PublicKeyToken=null" name="MonthFieldValidationCCExpirationField" />
      <Extension>Microsoft.VisualStudio.TestTools.UITesting.CodedUITestAttribute, Microsoft.VisualStudio.QualityTools.CodedUITestFramework, Version=12.0.0.0, Culture=neutral, PublicKeyToken=b03f5f7f11d50a3a</Extension>
    </UnitTest>
    <UnitTest name="CheckoutWithLoyaltyCertificateAndGiftCard" storage="\\cmp01-ykumar\qatestautomationbuildsdrop\qatestautomation\qatestautomation_20180514.3\checkout_test.dll" id="e5ee7485-0038-6613-3647-634475f050c3">
      <DeploymentItems>
        <DeploymentItem filename="TestData\CheckoutCreditCard.xml" />
        <DeploymentItem filename="SharedCommonConfig\SharedCommonConfig.xml" />
      </DeploymentItems>
      <TcmInformation testCaseId="6941" testRunId="26974" testResultId="100051" />
      <Execution id="dbb648cd-f7c4-4b50-97ca-9e72bc180407" />
      <Properties>
        <Property>
          <Key>__Tfs_BuildUri__</Key>
          <Value>vstfs:///Build/Build/1903</Value>
        </Property>
        <Property>
          <Key>__Tfs_IsInLabEnvironment__</Key>
          <Value>true</Value>
        </Property>
        <Property>
          <Key>__Tfs_TestRunId__</Key>
          <Value>26974</Value>
        </Property>
        <Property>
          <Key>__Tfs_TestCaseId__</Key>
          <Value>6941</Value>
        </Property>
        <Property>
          <Key>__Tfs_TeamProject__</Key>
          <Value>WebSphere</Value>
        </Property>
        <Property>
          <Key>__Tfs_BuildDirectory__</Key>
          <Value>\\CMP01-YKUMAR\QATestAutomationBuildsDrop\QATestAutomation\QATestAutomation_20180514.3</Value>
        </Property>
        <Property>
          <Key>__Tfs_LabEnvironment__</Key>
          <Value>&lt;?xml version="1.0" encoding="utf-16"?&gt;&lt;LabEnvironment Id="877963a7-28da-4117-9475-1e22fce445cb" Name="CMP01-YKumar" Uri="vstfs:///LabManagement/LabEnvironment/268"&gt;&lt;LabSystems&gt;&lt;LabSystem Name="cmp01-ykumar" ComputerName="CMP01-YKUMAR.horizonhobby.com" Roles="BS2CUIT"&gt;&lt;CustomProperties /&gt;&lt;/LabSystem&gt;&lt;/LabSystems&gt;&lt;/LabEnvironment&gt;</Value>
        </Property>
        <Property>
          <Key>__Tfs_TestConfigurationId__</Key>
          <Value>17</Value>
        </Property>
        <Property>
          <Key>__Tfs_TestPlanId__</Key>
          <Value>13</Value>
        </Property>
        <Property>
          <Key>__Tfs_TestConfigurationName__</Key>
          <Value>Win 7 with IE 11</Value>
        </Property>
        <Property>
          <Key>__Tfs_TestPointId__</Key>
          <Value>153071</Value>
        </Property>
        <Property>
          <Key>__Tfs_TfsServerCollectionUrl__</Key>
          <Value>http://cmp02-app05:8080/tfs/defaultcollection</Value>
        </Property>
        <Property>
          <Key>__Tfs_BuildPlatform__</Key>
          <Value>Any CPU</Value>
        </Property>
        <Property>
          <Key>__Tfs_BuildNumber__</Key>
          <Value>QATestAutomation_20180514.3</Value>
        </Property>
        <Property>
          <Key>__Tfs_BuildFlavor__</Key>
          <Value>Debug</Value>
        </Property>
        <Property>
          <Key>__Tfs_BuildConfigurationId__</Key>
          <Value>26978</Value>
        </Property>
      </Properties>
      <TestMethod codeBase="file://CMP01-YKUMAR/QATestAutomationBuildsDrop/QATestAutomation/QATestAutomation_20180514.3/Checkout_Test.DLL" adapterTypeName="Microsoft.VisualStudio.TestTools.TestTypes.Unit.UnitTestAdapter, Microsoft.VisualStudio.QualityTools.Tips.UnitTest.Adapter, Version=12.0.0.0, Culture=neutral, PublicKeyToken=b03f5f7f11d50a3a" className="TestAuto.CheckoutCreditCard, Checkout_Test, Version=1.0.0.0, Culture=neutral, PublicKeyToken=null" name="CheckoutWithLoyaltyCertificateAndGiftCard" />
      <Extension>Microsoft.VisualStudio.TestTools.UITesting.CodedUITestAttribute, Microsoft.VisualStudio.QualityTools.CodedUITestFramework, Version=12.0.0.0, Culture=neutral, PublicKeyToken=b03f5f7f11d50a3a</Extension>
    </UnitTest>
    <UnitTest name="ContinueShoppingFromCategory3ProductShoppingCart" storage="\\cmp01-ykumar\qatestautomationbuildsdrop\qatestautomation\qatestautomation_20180514.3\cartdisplaytest.dll" id="5493a8ff-1c6a-c57f-78d6-f2d89a1cf4eb">
      <DeploymentItems>
        <DeploymentItem filename="TestData\CartDisplayTestData.xml" />
        <DeploymentItem filename="SharedCommonConfig\SharedCommonConfig.xml" />
      </DeploymentItems>
      <TcmInformation testCaseId="7627" testRunId="26974" testResultId="100052" />
      <Execution id="a6f7381d-42b8-4518-9981-3175317fe28a" />
      <Properties>
        <Property>
          <Key>__Tfs_BuildUri__</Key>
          <Value>vstfs:///Build/Build/1903</Value>
        </Property>
        <Property>
          <Key>__Tfs_IsInLabEnvironment__</Key>
          <Value>true</Value>
        </Property>
        <Property>
          <Key>__Tfs_TestRunId__</Key>
          <Value>26974</Value>
        </Property>
        <Property>
          <Key>__Tfs_TestCaseId__</Key>
          <Value>7627</Value>
        </Property>
        <Property>
          <Key>__Tfs_TeamProject__</Key>
          <Value>WebSphere</Value>
        </Property>
        <Property>
          <Key>__Tfs_BuildDirectory__</Key>
          <Value>\\CMP01-YKUMAR\QATestAutomationBuildsDrop\QATestAutomation\QATestAutomation_20180514.3</Value>
        </Property>
        <Property>
          <Key>__Tfs_LabEnvironment__</Key>
          <Value>&lt;?xml version="1.0" encoding="utf-16"?&gt;&lt;LabEnvironment Id="877963a7-28da-4117-9475-1e22fce445cb" Name="CMP01-YKumar" Uri="vstfs:///LabManagement/LabEnvironment/268"&gt;&lt;LabSystems&gt;&lt;LabSystem Name="cmp01-ykumar" ComputerName="CMP01-YKUMAR.horizonhobby.com" Roles="BS2CUIT"&gt;&lt;CustomProperties /&gt;&lt;/LabSystem&gt;&lt;/LabSystems&gt;&lt;/LabEnvironment&gt;</Value>
        </Property>
        <Property>
          <Key>__Tfs_TestConfigurationId__</Key>
          <Value>17</Value>
        </Property>
        <Property>
          <Key>__Tfs_TestPlanId__</Key>
          <Value>13</Value>
        </Property>
        <Property>
          <Key>__Tfs_TestConfigurationName__</Key>
          <Value>Win 7 with IE 11</Value>
        </Property>
        <Property>
          <Key>__Tfs_TestPointId__</Key>
          <Value>110318</Value>
        </Property>
        <Property>
          <Key>__Tfs_TfsServerCollectionUrl__</Key>
          <Value>http://cmp02-app05:8080/tfs/defaultcollection</Value>
        </Property>
        <Property>
          <Key>__Tfs_BuildPlatform__</Key>
          <Value>Any CPU</Value>
        </Property>
        <Property>
          <Key>__Tfs_BuildNumber__</Key>
          <Value>QATestAutomation_20180514.3</Value>
        </Property>
        <Property>
          <Key>__Tfs_BuildFlavor__</Key>
          <Value>Debug</Value>
        </Property>
        <Property>
          <Key>__Tfs_BuildConfigurationId__</Key>
          <Value>26978</Value>
        </Property>
      </Properties>
      <TestMethod codeBase="file://CMP01-YKUMAR/QATestAutomationBuildsDrop/QATestAutomation/QATestAutomation_20180514.3/CartDisplayTest.DLL" adapterTypeName="Microsoft.VisualStudio.TestTools.TestTypes.Unit.UnitTestAdapter, Microsoft.VisualStudio.QualityTools.Tips.UnitTest.Adapter, Version=12.0.0.0, Culture=neutral, PublicKeyToken=b03f5f7f11d50a3a" className="TestAuto.CartDisplayTest, CartDisplayTest, Version=1.0.0.0, Culture=neutral, PublicKeyToken=null" name="ContinueShoppingFromCategory3ProductShoppingCart" />
      <Extension>Microsoft.VisualStudio.TestTools.UITesting.CodedUITestAttribute, Microsoft.VisualStudio.QualityTools.CodedUITestFramework, Version=12.0.0.0, Culture=neutral, PublicKeyToken=b03f5f7f11d50a3a</Extension>
    </UnitTest>
    <UnitTest name="SupportedBillingCurrencyList" storage="\\cmp01-ykumar\qatestautomationbuildsdrop\qatestautomation\qatestautomation_20180514.3\borderfree.dll" id="82caa765-f8d8-09ef-451b-07327fe67fd2">
      <DeploymentItems>
        <DeploymentItem filename="TestData\BorderFreeTestData.xml" />
        <DeploymentItem filename="SharedCommonConfig\SharedCommonConfig.xml" />
      </DeploymentItems>
      <TcmInformation testCaseId="4511" testRunId="26974" testResultId="100013" />
      <Execution id="a5173cc6-fac1-41bd-8c5c-48e0650f192f" />
      <Properties>
        <Property>
          <Key>__Tfs_BuildUri__</Key>
          <Value>vstfs:///Build/Build/1903</Value>
        </Property>
        <Property>
          <Key>__Tfs_IsInLabEnvironment__</Key>
          <Value>true</Value>
        </Property>
        <Property>
          <Key>__Tfs_TestRunId__</Key>
          <Value>26974</Value>
        </Property>
        <Property>
          <Key>__Tfs_TestCaseId__</Key>
          <Value>4511</Value>
        </Property>
        <Property>
          <Key>__Tfs_TeamProject__</Key>
          <Value>WebSphere</Value>
        </Property>
        <Property>
          <Key>__Tfs_BuildDirectory__</Key>
          <Value>\\CMP01-YKUMAR\QATestAutomationBuildsDrop\QATestAutomation\QATestAutomation_20180514.3</Value>
        </Property>
        <Property>
          <Key>__Tfs_LabEnvironment__</Key>
          <Value>&lt;?xml version="1.0" encoding="utf-16"?&gt;&lt;LabEnvironment Id="877963a7-28da-4117-9475-1e22fce445cb" Name="CMP01-YKumar" Uri="vstfs:///LabManagement/LabEnvironment/268"&gt;&lt;LabSystems&gt;&lt;LabSystem Name="cmp01-ykumar" ComputerName="CMP01-YKUMAR.horizonhobby.com" Roles="BS2CUIT"&gt;&lt;CustomProperties /&gt;&lt;/LabSystem&gt;&lt;/LabSystems&gt;&lt;/LabEnvironment&gt;</Value>
        </Property>
        <Property>
          <Key>__Tfs_TestConfigurationId__</Key>
          <Value>17</Value>
        </Property>
        <Property>
          <Key>__Tfs_TestPlanId__</Key>
          <Value>13</Value>
        </Property>
        <Property>
          <Key>__Tfs_TestConfigurationName__</Key>
          <Value>Win 7 with IE 11</Value>
        </Property>
        <Property>
          <Key>__Tfs_TestPointId__</Key>
          <Value>110268</Value>
        </Property>
        <Property>
          <Key>__Tfs_TfsServerCollectionUrl__</Key>
          <Value>http://cmp02-app05:8080/tfs/defaultcollection</Value>
        </Property>
        <Property>
          <Key>__Tfs_BuildPlatform__</Key>
          <Value>Any CPU</Value>
        </Property>
        <Property>
          <Key>__Tfs_BuildNumber__</Key>
          <Value>QATestAutomation_20180514.3</Value>
        </Property>
        <Property>
          <Key>__Tfs_BuildFlavor__</Key>
          <Value>Debug</Value>
        </Property>
        <Property>
          <Key>__Tfs_BuildConfigurationId__</Key>
          <Value>26978</Value>
        </Property>
      </Properties>
      <TestMethod codeBase="file://CMP01-YKUMAR/QATestAutomationBuildsDrop/QATestAutomation/QATestAutomation_20180514.3/BorderFree.DLL" adapterTypeName="Microsoft.VisualStudio.TestTools.TestTypes.Unit.UnitTestAdapter, Microsoft.VisualStudio.QualityTools.Tips.UnitTest.Adapter, Version=12.0.0.0, Culture=neutral, PublicKeyToken=b03f5f7f11d50a3a" className="TestAuto.BorderFree, BorderFree, Version=1.0.0.0, Culture=neutral, PublicKeyToken=null" name="SupportedBillingCurrencyList" />
      <Extension>Microsoft.VisualStudio.TestTools.UITesting.CodedUITestAttribute, Microsoft.VisualStudio.QualityTools.CodedUITestFramework, Version=12.0.0.0, Culture=neutral, PublicKeyToken=b03f5f7f11d50a3a</Extension>
    </UnitTest>
    <UnitTest name="ChangingShipToCountryFromCart" storage="\\cmp01-ykumar\qatestautomationbuildsdrop\qatestautomation\qatestautomation_20180514.3\borderfree.dll" id="e40a695d-e877-95a9-5f1c-90dd0cda05f6">
      <DeploymentItems>
        <DeploymentItem filename="TestData\BorderFreeTestData.xml" />
        <DeploymentItem filename="SharedCommonConfig\SharedCommonConfig.xml" />
      </DeploymentItems>
      <TcmInformation testCaseId="4510" testRunId="26974" testResultId="100012" />
      <Execution id="05e976cc-3db8-4cbe-946f-b1241c090809" />
      <Properties>
        <Property>
          <Key>__Tfs_BuildUri__</Key>
          <Value>vstfs:///Build/Build/1903</Value>
        </Property>
        <Property>
          <Key>__Tfs_IsInLabEnvironment__</Key>
          <Value>true</Value>
        </Property>
        <Property>
          <Key>__Tfs_TestRunId__</Key>
          <Value>26974</Value>
        </Property>
        <Property>
          <Key>__Tfs_TestCaseId__</Key>
          <Value>4510</Value>
        </Property>
        <Property>
          <Key>__Tfs_TeamProject__</Key>
          <Value>WebSphere</Value>
        </Property>
        <Property>
          <Key>__Tfs_BuildDirectory__</Key>
          <Value>\\CMP01-YKUMAR\QATestAutomationBuildsDrop\QATestAutomation\QATestAutomation_20180514.3</Value>
        </Property>
        <Property>
          <Key>__Tfs_LabEnvironment__</Key>
          <Value>&lt;?xml version="1.0" encoding="utf-16"?&gt;&lt;LabEnvironment Id="877963a7-28da-4117-9475-1e22fce445cb" Name="CMP01-YKumar" Uri="vstfs:///LabManagement/LabEnvironment/268"&gt;&lt;LabSystems&gt;&lt;LabSystem Name="cmp01-ykumar" ComputerName="CMP01-YKUMAR.horizonhobby.com" Roles="BS2CUIT"&gt;&lt;CustomProperties /&gt;&lt;/LabSystem&gt;&lt;/LabSystems&gt;&lt;/LabEnvironment&gt;</Value>
        </Property>
        <Property>
          <Key>__Tfs_TestConfigurationId__</Key>
          <Value>17</Value>
        </Property>
        <Property>
          <Key>__Tfs_TestPlanId__</Key>
          <Value>13</Value>
        </Property>
        <Property>
          <Key>__Tfs_TestConfigurationName__</Key>
          <Value>Win 7 with IE 11</Value>
        </Property>
        <Property>
          <Key>__Tfs_TestPointId__</Key>
          <Value>110267</Value>
        </Property>
        <Property>
          <Key>__Tfs_TfsServerCollectionUrl__</Key>
          <Value>http://cmp02-app05:8080/tfs/defaultcollection</Value>
        </Property>
        <Property>
          <Key>__Tfs_BuildPlatform__</Key>
          <Value>Any CPU</Value>
        </Property>
        <Property>
          <Key>__Tfs_BuildNumber__</Key>
          <Value>QATestAutomation_20180514.3</Value>
        </Property>
        <Property>
          <Key>__Tfs_BuildFlavor__</Key>
          <Value>Debug</Value>
        </Property>
        <Property>
          <Key>__Tfs_BuildConfigurationId__</Key>
          <Value>26978</Value>
        </Property>
      </Properties>
      <TestMethod codeBase="file://CMP01-YKUMAR/QATestAutomationBuildsDrop/QATestAutomation/QATestAutomation_20180514.3/BorderFree.DLL" adapterTypeName="Microsoft.VisualStudio.TestTools.TestTypes.Unit.UnitTestAdapter, Microsoft.VisualStudio.QualityTools.Tips.UnitTest.Adapter, Version=12.0.0.0, Culture=neutral, PublicKeyToken=b03f5f7f11d50a3a" className="TestAuto.BorderFree, BorderFree, Version=1.0.0.0, Culture=neutral, PublicKeyToken=null" name="ChangingShipToCountryFromCart" />
      <Extension>Microsoft.VisualStudio.TestTools.UITesting.CodedUITestAttribute, Microsoft.VisualStudio.QualityTools.CodedUITestFramework, Version=12.0.0.0, Culture=neutral, PublicKeyToken=b03f5f7f11d50a3a</Extension>
    </UnitTest>
    <UnitTest name="CheckoutGuestUserPhoneAndEmailFieldAndSaveCCToAccountValidation" storage="\\cmp01-ykumar\qatestautomationbuildsdrop\qatestautomation\qatestautomation_20180514.3\checkout_test.dll" id="ed0cd291-6105-7bed-a3db-826a91264a2b">
      <DeploymentItems>
        <DeploymentItem filename="TestData\CheckoutCommonTestData.xml" />
        <DeploymentItem filename="SharedCommonConfig\SharedCommonConfig.xml" />
      </DeploymentItems>
      <TcmInformation testCaseId="4395" testRunId="26974" testResultId="100003" />
      <Execution id="77703c1a-4fc4-4239-bb4b-c96031b977f3" />
      <Properties>
        <Property>
          <Key>__Tfs_BuildUri__</Key>
          <Value>vstfs:///Build/Build/1903</Value>
        </Property>
        <Property>
          <Key>__Tfs_IsInLabEnvironment__</Key>
          <Value>true</Value>
        </Property>
        <Property>
          <Key>__Tfs_TestRunId__</Key>
          <Value>26974</Value>
        </Property>
        <Property>
          <Key>__Tfs_TestCaseId__</Key>
          <Value>4395</Value>
        </Property>
        <Property>
          <Key>__Tfs_TeamProject__</Key>
          <Value>WebSphere</Value>
        </Property>
        <Property>
          <Key>__Tfs_BuildDirectory__</Key>
          <Value>\\CMP01-YKUMAR\QATestAutomationBuildsDrop\QATestAutomation\QATestAutomation_20180514.3</Value>
        </Property>
        <Property>
          <Key>__Tfs_LabEnvironment__</Key>
          <Value>&lt;?xml version="1.0" encoding="utf-16"?&gt;&lt;LabEnvironment Id="877963a7-28da-4117-9475-1e22fce445cb" Name="CMP01-YKumar" Uri="vstfs:///LabManagement/LabEnvironment/268"&gt;&lt;LabSystems&gt;&lt;LabSystem Name="cmp01-ykumar" ComputerName="CMP01-YKUMAR.horizonhobby.com" Roles="BS2CUIT"&gt;&lt;CustomProperties /&gt;&lt;/LabSystem&gt;&lt;/LabSystems&gt;&lt;/LabEnvironment&gt;</Value>
        </Property>
        <Property>
          <Key>__Tfs_TestConfigurationId__</Key>
          <Value>17</Value>
        </Property>
        <Property>
          <Key>__Tfs_TestPlanId__</Key>
          <Value>13</Value>
        </Property>
        <Property>
          <Key>__Tfs_TestConfigurationName__</Key>
          <Value>Win 7 with IE 11</Value>
        </Property>
        <Property>
          <Key>__Tfs_TestPointId__</Key>
          <Value>110256</Value>
        </Property>
        <Property>
          <Key>__Tfs_TfsServerCollectionUrl__</Key>
          <Value>http://cmp02-app05:8080/tfs/defaultcollection</Value>
        </Property>
        <Property>
          <Key>__Tfs_BuildPlatform__</Key>
          <Value>Any CPU</Value>
        </Property>
        <Property>
          <Key>__Tfs_BuildNumber__</Key>
          <Value>QATestAutomation_20180514.3</Value>
        </Property>
        <Property>
          <Key>__Tfs_BuildFlavor__</Key>
          <Value>Debug</Value>
        </Property>
        <Property>
          <Key>__Tfs_BuildConfigurationId__</Key>
          <Value>26978</Value>
        </Property>
      </Properties>
      <TestMethod codeBase="file://CMP01-YKUMAR/QATestAutomationBuildsDrop/QATestAutomation/QATestAutomation_20180514.3/Checkout_Test.DLL" adapterTypeName="Microsoft.VisualStudio.TestTools.TestTypes.Unit.UnitTestAdapter, Microsoft.VisualStudio.QualityTools.Tips.UnitTest.Adapter, Version=12.0.0.0, Culture=neutral, PublicKeyToken=b03f5f7f11d50a3a" className="TestAuto.HHBvtSmokeTest, Checkout_Test, Version=1.0.0.0, Culture=neutral, PublicKeyToken=null" name="CheckoutGuestUserPhoneAndEmailFieldAndSaveCCToAccountValidation" />
      <Extension>Microsoft.VisualStudio.TestTools.UITesting.CodedUITestAttribute, Microsoft.VisualStudio.QualityTools.CodedUITestFramework, Version=12.0.0.0, Culture=neutral, PublicKeyToken=b03f5f7f11d50a3a</Extension>
    </UnitTest>
    <UnitTest name="CartCheckoutCartDisplayPart3" storage="\\cmp01-ykumar\qatestautomationbuildsdrop\qatestautomation\qatestautomation_20180514.3\cartdisplaytest.dll" id="0531377d-c278-d1fe-a5e4-5a3dcd41c4c1">
      <DeploymentItems>
        <DeploymentItem filename="TestData\CartDisplayTestData.xml" />
        <DeploymentItem filename="SharedCommonConfig\SharedCommonConfig.xml" />
      </DeploymentItems>
      <TcmInformation testCaseId="6365" testRunId="26974" testResultId="100044" />
      <Execution id="36c8c004-c844-4413-87d2-cad76f07a007" />
      <Properties>
        <Property>
          <Key>__Tfs_BuildUri__</Key>
          <Value>vstfs:///Build/Build/1903</Value>
        </Property>
        <Property>
          <Key>__Tfs_IsInLabEnvironment__</Key>
          <Value>true</Value>
        </Property>
        <Property>
          <Key>__Tfs_TestRunId__</Key>
          <Value>26974</Value>
        </Property>
        <Property>
          <Key>__Tfs_TestCaseId__</Key>
          <Value>6365</Value>
        </Property>
        <Property>
          <Key>__Tfs_TeamProject__</Key>
          <Value>WebSphere</Value>
        </Property>
        <Property>
          <Key>__Tfs_BuildDirectory__</Key>
          <Value>\\CMP01-YKUMAR\QATestAutomationBuildsDrop\QATestAutomation\QATestAutomation_20180514.3</Value>
        </Property>
        <Property>
          <Key>__Tfs_LabEnvironment__</Key>
          <Value>&lt;?xml version="1.0" encoding="utf-16"?&gt;&lt;LabEnvironment Id="877963a7-28da-4117-9475-1e22fce445cb" Name="CMP01-YKumar" Uri="vstfs:///LabManagement/LabEnvironment/268"&gt;&lt;LabSystems&gt;&lt;LabSystem Name="cmp01-ykumar" ComputerName="CMP01-YKUMAR.horizonhobby.com" Roles="BS2CUIT"&gt;&lt;CustomProperties /&gt;&lt;/LabSystem&gt;&lt;/LabSystems&gt;&lt;/LabEnvironment&gt;</Value>
        </Property>
        <Property>
          <Key>__Tfs_TestConfigurationId__</Key>
          <Value>17</Value>
        </Property>
        <Property>
          <Key>__Tfs_TestPlanId__</Key>
          <Value>13</Value>
        </Property>
        <Property>
          <Key>__Tfs_TestConfigurationName__</Key>
          <Value>Win 7 with IE 11</Value>
        </Property>
        <Property>
          <Key>__Tfs_TestPointId__</Key>
          <Value>110312</Value>
        </Property>
        <Property>
          <Key>__Tfs_TfsServerCollectionUrl__</Key>
          <Value>http://cmp02-app05:8080/tfs/defaultcollection</Value>
        </Property>
        <Property>
          <Key>__Tfs_BuildPlatform__</Key>
          <Value>Any CPU</Value>
        </Property>
        <Property>
          <Key>__Tfs_BuildNumber__</Key>
          <Value>QATestAutomation_20180514.3</Value>
        </Property>
        <Property>
          <Key>__Tfs_BuildFlavor__</Key>
          <Value>Debug</Value>
        </Property>
        <Property>
          <Key>__Tfs_BuildConfigurationId__</Key>
          <Value>26978</Value>
        </Property>
      </Properties>
      <TestMethod codeBase="file://CMP01-YKUMAR/QATestAutomationBuildsDrop/QATestAutomation/QATestAutomation_20180514.3/CartDisplayTest.DLL" adapterTypeName="Microsoft.VisualStudio.TestTools.TestTypes.Unit.UnitTestAdapter, Microsoft.VisualStudio.QualityTools.Tips.UnitTest.Adapter, Version=12.0.0.0, Culture=neutral, PublicKeyToken=b03f5f7f11d50a3a" className="TestAuto.CartDisplayTest, CartDisplayTest, Version=1.0.0.0, Culture=neutral, PublicKeyToken=null" name="CartCheckoutCartDisplayPart3" />
      <Extension>Microsoft.VisualStudio.TestTools.UITesting.CodedUITestAttribute, Microsoft.VisualStudio.QualityTools.CodedUITestFramework, Version=12.0.0.0, Culture=neutral, PublicKeyToken=b03f5f7f11d50a3a</Extension>
    </UnitTest>
    <UnitTest name="SecondCheckoutButtonNonUSUser" storage="\\cmp01-ykumar\qatestautomationbuildsdrop\qatestautomation\qatestautomation_20180514.3\cartdisplaytest.dll" id="d4fbc256-95d2-4162-ab66-62980f649e57">
      <DeploymentItems>
        <DeploymentItem filename="TestData\CartDisplayTestData.xml" />
        <DeploymentItem filename="SharedCommonConfig\SharedCommonConfig.xml" />
      </DeploymentItems>
      <TcmInformation testCaseId="7648" testRunId="26974" testResultId="100055" />
      <Execution id="0a184718-a01a-4201-9a44-8805ec8a7958" />
      <Properties>
        <Property>
          <Key>__Tfs_BuildUri__</Key>
          <Value>vstfs:///Build/Build/1903</Value>
        </Property>
        <Property>
          <Key>__Tfs_IsInLabEnvironment__</Key>
          <Value>true</Value>
        </Property>
        <Property>
          <Key>__Tfs_TestRunId__</Key>
          <Value>26974</Value>
        </Property>
        <Property>
          <Key>__Tfs_TestCaseId__</Key>
          <Value>7648</Value>
        </Property>
        <Property>
          <Key>__Tfs_TeamProject__</Key>
          <Value>WebSphere</Value>
        </Property>
        <Property>
          <Key>__Tfs_BuildDirectory__</Key>
          <Value>\\CMP01-YKUMAR\QATestAutomationBuildsDrop\QATestAutomation\QATestAutomation_20180514.3</Value>
        </Property>
        <Property>
          <Key>__Tfs_LabEnvironment__</Key>
          <Value>&lt;?xml version="1.0" encoding="utf-16"?&gt;&lt;LabEnvironment Id="877963a7-28da-4117-9475-1e22fce445cb" Name="CMP01-YKumar" Uri="vstfs:///LabManagement/LabEnvironment/268"&gt;&lt;LabSystems&gt;&lt;LabSystem Name="cmp01-ykumar" ComputerName="CMP01-YKUMAR.horizonhobby.com" Roles="BS2CUIT"&gt;&lt;CustomProperties /&gt;&lt;/LabSystem&gt;&lt;/LabSystems&gt;&lt;/LabEnvironment&gt;</Value>
        </Property>
        <Property>
          <Key>__Tfs_TestConfigurationId__</Key>
          <Value>17</Value>
        </Property>
        <Property>
          <Key>__Tfs_TestPlanId__</Key>
          <Value>13</Value>
        </Property>
        <Property>
          <Key>__Tfs_TestConfigurationName__</Key>
          <Value>Win 7 with IE 11</Value>
        </Property>
        <Property>
          <Key>__Tfs_TestPointId__</Key>
          <Value>110321</Value>
        </Property>
        <Property>
          <Key>__Tfs_TfsServerCollectionUrl__</Key>
          <Value>http://cmp02-app05:8080/tfs/defaultcollection</Value>
        </Property>
        <Property>
          <Key>__Tfs_BuildPlatform__</Key>
          <Value>Any CPU</Value>
        </Property>
        <Property>
          <Key>__Tfs_BuildNumber__</Key>
          <Value>QATestAutomation_20180514.3</Value>
        </Property>
        <Property>
          <Key>__Tfs_BuildFlavor__</Key>
          <Value>Debug</Value>
        </Property>
        <Property>
          <Key>__Tfs_BuildConfigurationId__</Key>
          <Value>26978</Value>
        </Property>
      </Properties>
      <TestMethod codeBase="file://CMP01-YKUMAR/QATestAutomationBuildsDrop/QATestAutomation/QATestAutomation_20180514.3/CartDisplayTest.DLL" adapterTypeName="Microsoft.VisualStudio.TestTools.TestTypes.Unit.UnitTestAdapter, Microsoft.VisualStudio.QualityTools.Tips.UnitTest.Adapter, Version=12.0.0.0, Culture=neutral, PublicKeyToken=b03f5f7f11d50a3a" className="TestAuto.CartDisplayTest, CartDisplayTest, Version=1.0.0.0, Culture=neutral, PublicKeyToken=null" name="SecondCheckoutButtonNonUSUser" />
      <Extension>Microsoft.VisualStudio.TestTools.UITesting.CodedUITestAttribute, Microsoft.VisualStudio.QualityTools.CodedUITestFramework, Version=12.0.0.0, Culture=neutral, PublicKeyToken=b03f5f7f11d50a3a</Extension>
    </UnitTest>
    <UnitTest name="CartCheckoutCartDisplayPart2" storage="\\cmp01-ykumar\qatestautomationbuildsdrop\qatestautomation\qatestautomation_20180514.3\cartdisplaytest.dll" id="6c229ca4-b17b-fa56-cfbb-866932b72df2">
      <DeploymentItems>
        <DeploymentItem filename="TestData\CartDisplayTestData.xml" />
        <DeploymentItem filename="SharedCommonConfig\SharedCommonConfig.xml" />
      </DeploymentItems>
      <TcmInformation testCaseId="6364" testRunId="26974" testResultId="100043" />
      <Execution id="07c1e70d-71a1-4566-bcb8-8c9a31ef834d" />
      <Properties>
        <Property>
          <Key>__Tfs_BuildUri__</Key>
          <Value>vstfs:///Build/Build/1903</Value>
        </Property>
        <Property>
          <Key>__Tfs_IsInLabEnvironment__</Key>
          <Value>true</Value>
        </Property>
        <Property>
          <Key>__Tfs_TestRunId__</Key>
          <Value>26974</Value>
        </Property>
        <Property>
          <Key>__Tfs_TestCaseId__</Key>
          <Value>6364</Value>
        </Property>
        <Property>
          <Key>__Tfs_TeamProject__</Key>
          <Value>WebSphere</Value>
        </Property>
        <Property>
          <Key>__Tfs_BuildDirectory__</Key>
          <Value>\\CMP01-YKUMAR\QATestAutomationBuildsDrop\QATestAutomation\QATestAutomation_20180514.3</Value>
        </Property>
        <Property>
          <Key>__Tfs_LabEnvironment__</Key>
          <Value>&lt;?xml version="1.0" encoding="utf-16"?&gt;&lt;LabEnvironment Id="877963a7-28da-4117-9475-1e22fce445cb" Name="CMP01-YKumar" Uri="vstfs:///LabManagement/LabEnvironment/268"&gt;&lt;LabSystems&gt;&lt;LabSystem Name="cmp01-ykumar" ComputerName="CMP01-YKUMAR.horizonhobby.com" Roles="BS2CUIT"&gt;&lt;CustomProperties /&gt;&lt;/LabSystem&gt;&lt;/LabSystems&gt;&lt;/LabEnvironment&gt;</Value>
        </Property>
        <Property>
          <Key>__Tfs_TestConfigurationId__</Key>
          <Value>17</Value>
        </Property>
        <Property>
          <Key>__Tfs_TestPlanId__</Key>
          <Value>13</Value>
        </Property>
        <Property>
          <Key>__Tfs_TestConfigurationName__</Key>
          <Value>Win 7 with IE 11</Value>
        </Property>
        <Property>
          <Key>__Tfs_TestPointId__</Key>
          <Value>110311</Value>
        </Property>
        <Property>
          <Key>__Tfs_TfsServerCollectionUrl__</Key>
          <Value>http://cmp02-app05:8080/tfs/defaultcollection</Value>
        </Property>
        <Property>
          <Key>__Tfs_BuildPlatform__</Key>
          <Value>Any CPU</Value>
        </Property>
        <Property>
          <Key>__Tfs_BuildNumber__</Key>
          <Value>QATestAutomation_20180514.3</Value>
        </Property>
        <Property>
          <Key>__Tfs_BuildFlavor__</Key>
          <Value>Debug</Value>
        </Property>
        <Property>
          <Key>__Tfs_BuildConfigurationId__</Key>
          <Value>26978</Value>
        </Property>
      </Properties>
      <TestMethod codeBase="file://CMP01-YKUMAR/QATestAutomationBuildsDrop/QATestAutomation/QATestAutomation_20180514.3/CartDisplayTest.DLL" adapterTypeName="Microsoft.VisualStudio.TestTools.TestTypes.Unit.UnitTestAdapter, Microsoft.VisualStudio.QualityTools.Tips.UnitTest.Adapter, Version=12.0.0.0, Culture=neutral, PublicKeyToken=b03f5f7f11d50a3a" className="TestAuto.CartDisplayTest, CartDisplayTest, Version=1.0.0.0, Culture=neutral, PublicKeyToken=null" name="CartCheckoutCartDisplayPart2" />
      <Extension>Microsoft.VisualStudio.TestTools.UITesting.CodedUITestAttribute, Microsoft.VisualStudio.QualityTools.CodedUITestFramework, Version=12.0.0.0, Culture=neutral, PublicKeyToken=b03f5f7f11d50a3a</Extension>
    </UnitTest>
    <UnitTest name="GiftWrapTaxAppliedValidationILState" storage="\\cmp01-ykumar\qatestautomationbuildsdrop\qatestautomation\qatestautomation_20180514.3\checkout_test.dll" id="a25899a1-e687-7c00-505a-68a1f4e19996">
      <DeploymentItems>
        <DeploymentItem filename="TestData\CheckoutCommonTestData.xml" />
        <DeploymentItem filename="SharedCommonConfig\SharedCommonConfig.xml" />
      </DeploymentItems>
      <TcmInformation testCaseId="6078" testRunId="26974" testResultId="100037" />
      <Execution id="a7239ea9-8b7d-4d5a-a28d-4c8d8e50f729" />
      <Properties>
        <Property>
          <Key>__Tfs_BuildUri__</Key>
          <Value>vstfs:///Build/Build/1903</Value>
        </Property>
        <Property>
          <Key>__Tfs_IsInLabEnvironment__</Key>
          <Value>true</Value>
        </Property>
        <Property>
          <Key>__Tfs_TestRunId__</Key>
          <Value>26974</Value>
        </Property>
        <Property>
          <Key>__Tfs_TestCaseId__</Key>
          <Value>6078</Value>
        </Property>
        <Property>
          <Key>__Tfs_TeamProject__</Key>
          <Value>WebSphere</Value>
        </Property>
        <Property>
          <Key>__Tfs_BuildDirectory__</Key>
          <Value>\\CMP01-YKUMAR\QATestAutomationBuildsDrop\QATestAutomation\QATestAutomation_20180514.3</Value>
        </Property>
        <Property>
          <Key>__Tfs_LabEnvironment__</Key>
          <Value>&lt;?xml version="1.0" encoding="utf-16"?&gt;&lt;LabEnvironment Id="877963a7-28da-4117-9475-1e22fce445cb" Name="CMP01-YKumar" Uri="vstfs:///LabManagement/LabEnvironment/268"&gt;&lt;LabSystems&gt;&lt;LabSystem Name="cmp01-ykumar" ComputerName="CMP01-YKUMAR.horizonhobby.com" Roles="BS2CUIT"&gt;&lt;CustomProperties /&gt;&lt;/LabSystem&gt;&lt;/LabSystems&gt;&lt;/LabEnvironment&gt;</Value>
        </Property>
        <Property>
          <Key>__Tfs_TestConfigurationId__</Key>
          <Value>17</Value>
        </Property>
        <Property>
          <Key>__Tfs_TestPlanId__</Key>
          <Value>13</Value>
        </Property>
        <Property>
          <Key>__Tfs_TestConfigurationName__</Key>
          <Value>Win 7 with IE 11</Value>
        </Property>
        <Property>
          <Key>__Tfs_TestPointId__</Key>
          <Value>110295</Value>
        </Property>
        <Property>
          <Key>__Tfs_TfsServerCollectionUrl__</Key>
          <Value>http://cmp02-app05:8080/tfs/defaultcollection</Value>
        </Property>
        <Property>
          <Key>__Tfs_BuildPlatform__</Key>
          <Value>Any CPU</Value>
        </Property>
        <Property>
          <Key>__Tfs_BuildNumber__</Key>
          <Value>QATestAutomation_20180514.3</Value>
        </Property>
        <Property>
          <Key>__Tfs_BuildFlavor__</Key>
          <Value>Debug</Value>
        </Property>
        <Property>
          <Key>__Tfs_BuildConfigurationId__</Key>
          <Value>26978</Value>
        </Property>
      </Properties>
      <TestMethod codeBase="file://CMP01-YKUMAR/QATestAutomationBuildsDrop/QATestAutomation/QATestAutomation_20180514.3/Checkout_Test.DLL" adapterTypeName="Microsoft.VisualStudio.TestTools.TestTypes.Unit.UnitTestAdapter, Microsoft.VisualStudio.QualityTools.Tips.UnitTest.Adapter, Version=12.0.0.0, Culture=neutral, PublicKeyToken=b03f5f7f11d50a3a" className="TestAuto.HHBvtSmokeTest, Checkout_Test, Version=1.0.0.0, Culture=neutral, PublicKeyToken=null" name="GiftWrapTaxAppliedValidationILState" />
      <Extension>Microsoft.VisualStudio.TestTools.UITesting.CodedUITestAttribute, Microsoft.VisualStudio.QualityTools.CodedUITestFramework, Version=12.0.0.0, Culture=neutral, PublicKeyToken=b03f5f7f11d50a3a</Extension>
    </UnitTest>
    <UnitTest name="MiniCartExpressCheckoutNonUSUser" storage="\\cmp01-ykumar\qatestautomationbuildsdrop\qatestautomation\qatestautomation_20180514.3\checkout_test.dll" id="2f4b8b7e-db4c-e56b-cf0c-2b5250a84596">
      <DeploymentItems>
        <DeploymentItem filename="TestData\CheckoutCreditCard.xml" />
        <DeploymentItem filename="SharedCommonConfig\SharedCommonConfig.xml" />
      </DeploymentItems>
      <TcmInformation testCaseId="6653" testRunId="26974" testResultId="100047" />
      <Execution id="687e1b6b-6c4f-4870-baa6-fdb4293a1d2f" />
      <Properties>
        <Property>
          <Key>__Tfs_BuildUri__</Key>
          <Value>vstfs:///Build/Build/1903</Value>
        </Property>
        <Property>
          <Key>__Tfs_IsInLabEnvironment__</Key>
          <Value>true</Value>
        </Property>
        <Property>
          <Key>__Tfs_TestRunId__</Key>
          <Value>26974</Value>
        </Property>
        <Property>
          <Key>__Tfs_TestCaseId__</Key>
          <Value>6653</Value>
        </Property>
        <Property>
          <Key>__Tfs_TeamProject__</Key>
          <Value>WebSphere</Value>
        </Property>
        <Property>
          <Key>__Tfs_BuildDirectory__</Key>
          <Value>\\CMP01-YKUMAR\QATestAutomationBuildsDrop\QATestAutomation\QATestAutomation_20180514.3</Value>
        </Property>
        <Property>
          <Key>__Tfs_LabEnvironment__</Key>
          <Value>&lt;?xml version="1.0" encoding="utf-16"?&gt;&lt;LabEnvironment Id="877963a7-28da-4117-9475-1e22fce445cb" Name="CMP01-YKumar" Uri="vstfs:///LabManagement/LabEnvironment/268"&gt;&lt;LabSystems&gt;&lt;LabSystem Name="cmp01-ykumar" ComputerName="CMP01-YKUMAR.horizonhobby.com" Roles="BS2CUIT"&gt;&lt;CustomProperties /&gt;&lt;/LabSystem&gt;&lt;/LabSystems&gt;&lt;/LabEnvironment&gt;</Value>
        </Property>
        <Property>
          <Key>__Tfs_TestConfigurationId__</Key>
          <Value>17</Value>
        </Property>
        <Property>
          <Key>__Tfs_TestPlanId__</Key>
          <Value>13</Value>
        </Property>
        <Property>
          <Key>__Tfs_TestConfigurationName__</Key>
          <Value>Win 7 with IE 11</Value>
        </Property>
        <Property>
          <Key>__Tfs_TestPointId__</Key>
          <Value>110316</Value>
        </Property>
        <Property>
          <Key>__Tfs_TfsServerCollectionUrl__</Key>
          <Value>http://cmp02-app05:8080/tfs/defaultcollection</Value>
        </Property>
        <Property>
          <Key>__Tfs_BuildPlatform__</Key>
          <Value>Any CPU</Value>
        </Property>
        <Property>
          <Key>__Tfs_BuildNumber__</Key>
          <Value>QATestAutomation_20180514.3</Value>
        </Property>
        <Property>
          <Key>__Tfs_BuildFlavor__</Key>
          <Value>Debug</Value>
        </Property>
        <Property>
          <Key>__Tfs_BuildConfigurationId__</Key>
          <Value>26978</Value>
        </Property>
      </Properties>
      <TestMethod codeBase="file://CMP01-YKUMAR/QATestAutomationBuildsDrop/QATestAutomation/QATestAutomation_20180514.3/Checkout_Test.DLL" adapterTypeName="Microsoft.VisualStudio.TestTools.TestTypes.Unit.UnitTestAdapter, Microsoft.VisualStudio.QualityTools.Tips.UnitTest.Adapter, Version=12.0.0.0, Culture=neutral, PublicKeyToken=b03f5f7f11d50a3a" className="TestAuto.CheckoutCreditCard, Checkout_Test, Version=1.0.0.0, Culture=neutral, PublicKeyToken=null" name="MiniCartExpressCheckoutNonUSUser" />
      <Extension>Microsoft.VisualStudio.TestTools.UITesting.CodedUITestAttribute, Microsoft.VisualStudio.QualityTools.CodedUITestFramework, Version=12.0.0.0, Culture=neutral, PublicKeyToken=b03f5f7f11d50a3a</Extension>
    </UnitTest>
    <UnitTest name="ProductDiscountValidation" storage="\\cmp01-ykumar\qatestautomationbuildsdrop\qatestautomation\qatestautomation_20180514.3\cartdisplaytest.dll" id="450d2f15-c119-dd8f-390f-261cea6330a3">
      <DeploymentItems>
        <DeploymentItem filename="TestData\CartDisplayTestData.xml" />
        <DeploymentItem filename="SharedCommonConfig\SharedCommonConfig.xml" />
      </DeploymentItems>
      <TcmInformation testCaseId="4428" testRunId="26974" testResultId="100007" />
      <Execution id="1a0591eb-46c5-4a51-9a7e-8a2e055a7db0" />
      <Properties>
        <Property>
          <Key>__Tfs_BuildUri__</Key>
          <Value>vstfs:///Build/Build/1903</Value>
        </Property>
        <Property>
          <Key>__Tfs_IsInLabEnvironment__</Key>
          <Value>true</Value>
        </Property>
        <Property>
          <Key>__Tfs_TestRunId__</Key>
          <Value>26974</Value>
        </Property>
        <Property>
          <Key>__Tfs_TestCaseId__</Key>
          <Value>4428</Value>
        </Property>
        <Property>
          <Key>__Tfs_TeamProject__</Key>
          <Value>WebSphere</Value>
        </Property>
        <Property>
          <Key>__Tfs_BuildDirectory__</Key>
          <Value>\\CMP01-YKUMAR\QATestAutomationBuildsDrop\QATestAutomation\QATestAutomation_20180514.3</Value>
        </Property>
        <Property>
          <Key>__Tfs_LabEnvironment__</Key>
          <Value>&lt;?xml version="1.0" encoding="utf-16"?&gt;&lt;LabEnvironment Id="877963a7-28da-4117-9475-1e22fce445cb" Name="CMP01-YKumar" Uri="vstfs:///LabManagement/LabEnvironment/268"&gt;&lt;LabSystems&gt;&lt;LabSystem Name="cmp01-ykumar" ComputerName="CMP01-YKUMAR.horizonhobby.com" Roles="BS2CUIT"&gt;&lt;CustomProperties /&gt;&lt;/LabSystem&gt;&lt;/LabSystems&gt;&lt;/LabEnvironment&gt;</Value>
        </Property>
        <Property>
          <Key>__Tfs_TestConfigurationId__</Key>
          <Value>17</Value>
        </Property>
        <Property>
          <Key>__Tfs_TestPlanId__</Key>
          <Value>13</Value>
        </Property>
        <Property>
          <Key>__Tfs_TestConfigurationName__</Key>
          <Value>Win 7 with IE 11</Value>
        </Property>
        <Property>
          <Key>__Tfs_TestPointId__</Key>
          <Value>110261</Value>
        </Property>
        <Property>
          <Key>__Tfs_TfsServerCollectionUrl__</Key>
          <Value>http://cmp02-app05:8080/tfs/defaultcollection</Value>
        </Property>
        <Property>
          <Key>__Tfs_BuildPlatform__</Key>
          <Value>Any CPU</Value>
        </Property>
        <Property>
          <Key>__Tfs_BuildNumber__</Key>
          <Value>QATestAutomation_20180514.3</Value>
        </Property>
        <Property>
          <Key>__Tfs_BuildFlavor__</Key>
          <Value>Debug</Value>
        </Property>
        <Property>
          <Key>__Tfs_BuildConfigurationId__</Key>
          <Value>26978</Value>
        </Property>
      </Properties>
      <TestMethod codeBase="file://CMP01-YKUMAR/QATestAutomationBuildsDrop/QATestAutomation/QATestAutomation_20180514.3/CartDisplayTest.DLL" adapterTypeName="Microsoft.VisualStudio.TestTools.TestTypes.Unit.UnitTestAdapter, Microsoft.VisualStudio.QualityTools.Tips.UnitTest.Adapter, Version=12.0.0.0, Culture=neutral, PublicKeyToken=b03f5f7f11d50a3a" className="TestAuto.CartDisplayTest, CartDisplayTest, Version=1.0.0.0, Culture=neutral, PublicKeyToken=null" name="ProductDiscountValidation" />
      <Extension>Microsoft.VisualStudio.TestTools.UITesting.CodedUITestAttribute, Microsoft.VisualStudio.QualityTools.CodedUITestFramework, Version=12.0.0.0, Culture=neutral, PublicKeyToken=b03f5f7f11d50a3a</Extension>
    </UnitTest>
    <UnitTest name="UntilFreeShippingAmountValidation" storage="\\cmp01-ykumar\qatestautomationbuildsdrop\qatestautomation\qatestautomation_20180514.3\searchtest.dll" id="50f26e18-dca4-70e9-774b-381d34771859">
      <DeploymentItems>
        <DeploymentItem filename="TestData\SearchTestData.xml" />
        <DeploymentItem filename="SharedCommonConfig\SharedCommonConfig.xml" />
      </DeploymentItems>
      <TcmInformation testCaseId="6103" testRunId="26974" testResultId="100040" />
      <Execution id="3734f087-95cd-4539-b005-52f4e9a72d19" />
      <Properties>
        <Property>
          <Key>__Tfs_BuildUri__</Key>
          <Value>vstfs:///Build/Build/1903</Value>
        </Property>
        <Property>
          <Key>__Tfs_IsInLabEnvironment__</Key>
          <Value>true</Value>
        </Property>
        <Property>
          <Key>__Tfs_TestRunId__</Key>
          <Value>26974</Value>
        </Property>
        <Property>
          <Key>__Tfs_TestCaseId__</Key>
          <Value>6103</Value>
        </Property>
        <Property>
          <Key>__Tfs_TeamProject__</Key>
          <Value>WebSphere</Value>
        </Property>
        <Property>
          <Key>__Tfs_BuildDirectory__</Key>
          <Value>\\CMP01-YKUMAR\QATestAutomationBuildsDrop\QATestAutomation\QATestAutomation_20180514.3</Value>
        </Property>
        <Property>
          <Key>__Tfs_LabEnvironment__</Key>
          <Value>&lt;?xml version="1.0" encoding="utf-16"?&gt;&lt;LabEnvironment Id="877963a7-28da-4117-9475-1e22fce445cb" Name="CMP01-YKumar" Uri="vstfs:///LabManagement/LabEnvironment/268"&gt;&lt;LabSystems&gt;&lt;LabSystem Name="cmp01-ykumar" ComputerName="CMP01-YKUMAR.horizonhobby.com" Roles="BS2CUIT"&gt;&lt;CustomProperties /&gt;&lt;/LabSystem&gt;&lt;/LabSystems&gt;&lt;/LabEnvironment&gt;</Value>
        </Property>
        <Property>
          <Key>__Tfs_TestConfigurationId__</Key>
          <Value>17</Value>
        </Property>
        <Property>
          <Key>__Tfs_TestPlanId__</Key>
          <Value>13</Value>
        </Property>
        <Property>
          <Key>__Tfs_TestConfigurationName__</Key>
          <Value>Win 7 with IE 11</Value>
        </Property>
        <Property>
          <Key>__Tfs_TestPointId__</Key>
          <Value>110298</Value>
        </Property>
        <Property>
          <Key>__Tfs_TfsServerCollectionUrl__</Key>
          <Value>http://cmp02-app05:8080/tfs/defaultcollection</Value>
        </Property>
        <Property>
          <Key>__Tfs_BuildPlatform__</Key>
          <Value>Any CPU</Value>
        </Property>
        <Property>
          <Key>__Tfs_BuildNumber__</Key>
          <Value>QATestAutomation_20180514.3</Value>
        </Property>
        <Property>
          <Key>__Tfs_BuildFlavor__</Key>
          <Value>Debug</Value>
        </Property>
        <Property>
          <Key>__Tfs_BuildConfigurationId__</Key>
          <Value>26978</Value>
        </Property>
      </Properties>
      <TestMethod codeBase="file://CMP01-YKUMAR/QATestAutomationBuildsDrop/QATestAutomation/QATestAutomation_20180514.3/SearchTest.DLL" adapterTypeName="Microsoft.VisualStudio.TestTools.TestTypes.Unit.UnitTestAdapter, Microsoft.VisualStudio.QualityTools.Tips.UnitTest.Adapter, Version=12.0.0.0, Culture=neutral, PublicKeyToken=b03f5f7f11d50a3a" className="TestAuto.SearchTest, SearchTest, Version=1.0.0.0, Culture=neutral, PublicKeyToken=null" name="UntilFreeShippingAmountValidation" />
      <Extension>Microsoft.VisualStudio.TestTools.UITesting.CodedUITestAttribute, Microsoft.VisualStudio.QualityTools.CodedUITestFramework, Version=12.0.0.0, Culture=neutral, PublicKeyToken=b03f5f7f11d50a3a</Extension>
    </UnitTest>
    <UnitTest name="HRCCRewardPageVisiblityToNonUSCountries" storage="\\cmp01-ykumar\qatestautomationbuildsdrop\qatestautomation\qatestautomation_20180514.3\myaccount.dll" id="dd4b11c1-81d7-df8d-7302-64904eb6f786">
      <DeploymentItems>
        <DeploymentItem filename="TestData\MyAccountTestData.xml" />
        <DeploymentItem filename="SharedCommonConfig\SharedCommonConfig.xml" />
      </DeploymentItems>
      <TcmInformation testCaseId="6818" testRunId="26974" testResultId="100049" />
      <Execution id="5b74f4db-b885-414d-834a-c6c104499c67" />
      <Properties>
        <Property>
          <Key>__Tfs_BuildUri__</Key>
          <Value>vstfs:///Build/Build/1903</Value>
        </Property>
        <Property>
          <Key>__Tfs_IsInLabEnvironment__</Key>
          <Value>true</Value>
        </Property>
        <Property>
          <Key>__Tfs_TestRunId__</Key>
          <Value>26974</Value>
        </Property>
        <Property>
          <Key>__Tfs_TestCaseId__</Key>
          <Value>6818</Value>
        </Property>
        <Property>
          <Key>__Tfs_TeamProject__</Key>
          <Value>WebSphere</Value>
        </Property>
        <Property>
          <Key>__Tfs_BuildDirectory__</Key>
          <Value>\\CMP01-YKUMAR\QATestAutomationBuildsDrop\QATestAutomation\QATestAutomation_20180514.3</Value>
        </Property>
        <Property>
          <Key>__Tfs_LabEnvironment__</Key>
          <Value>&lt;?xml version="1.0" encoding="utf-16"?&gt;&lt;LabEnvironment Id="877963a7-28da-4117-9475-1e22fce445cb" Name="CMP01-YKumar" Uri="vstfs:///LabManagement/LabEnvironment/268"&gt;&lt;LabSystems&gt;&lt;LabSystem Name="cmp01-ykumar" ComputerName="CMP01-YKUMAR.horizonhobby.com" Roles="BS2CUIT"&gt;&lt;CustomProperties /&gt;&lt;/LabSystem&gt;&lt;/LabSystems&gt;&lt;/LabEnvironment&gt;</Value>
        </Property>
        <Property>
          <Key>__Tfs_TestConfigurationId__</Key>
          <Value>17</Value>
        </Property>
        <Property>
          <Key>__Tfs_TestPlanId__</Key>
          <Value>13</Value>
        </Property>
        <Property>
          <Key>__Tfs_TestConfigurationName__</Key>
          <Value>Win 7 with IE 11</Value>
        </Property>
        <Property>
          <Key>__Tfs_TestPointId__</Key>
          <Value>153626</Value>
        </Property>
        <Property>
          <Key>__Tfs_TfsServerCollectionUrl__</Key>
          <Value>http://cmp02-app05:8080/tfs/defaultcollection</Value>
        </Property>
        <Property>
          <Key>__Tfs_BuildPlatform__</Key>
          <Value>Any CPU</Value>
        </Property>
        <Property>
          <Key>__Tfs_BuildNumber__</Key>
          <Value>QATestAutomation_20180514.3</Value>
        </Property>
        <Property>
          <Key>__Tfs_BuildFlavor__</Key>
          <Value>Debug</Value>
        </Property>
        <Property>
          <Key>__Tfs_BuildConfigurationId__</Key>
          <Value>26978</Value>
        </Property>
      </Properties>
      <TestMethod codeBase="file://CMP01-YKUMAR/QATestAutomationBuildsDrop/QATestAutomation/QATestAutomation_20180514.3/MyAccount.DLL" adapterTypeName="Microsoft.VisualStudio.TestTools.TestTypes.Unit.UnitTestAdapter, Microsoft.VisualStudio.QualityTools.Tips.UnitTest.Adapter, Version=12.0.0.0, Culture=neutral, PublicKeyToken=b03f5f7f11d50a3a" className="TestAuto.MyAccount, MyAccount, Version=1.0.0.0, Culture=neutral, PublicKeyToken=null" name="HRCCRewardPageVisiblityToNonUSCountries" />
      <Extension>Microsoft.VisualStudio.TestTools.UITesting.CodedUITestAttribute, Microsoft.VisualStudio.QualityTools.CodedUITestFramework, Version=12.0.0.0, Culture=neutral, PublicKeyToken=b03f5f7f11d50a3a</Extension>
    </UnitTest>
    <UnitTest name="IPDetectionFunctionality" storage="\\cmp01-ykumar\qatestautomationbuildsdrop\qatestautomation\qatestautomation_20180514.3\borderfree.dll" id="b1b1dcc2-abc3-a156-1698-d995de0ff230">
      <DeploymentItems>
        <DeploymentItem filename="TestData\BorderFreeTestData.xml" />
        <DeploymentItem filename="SharedCommonConfig\SharedCommonConfig.xml" />
      </DeploymentItems>
      <TcmInformation testCaseId="4507" testRunId="26974" testResultId="100010" />
      <Execution id="319478a3-ff29-4baf-bbf8-776f90cd9b3a" />
      <Properties>
        <Property>
          <Key>__Tfs_BuildUri__</Key>
          <Value>vstfs:///Build/Build/1903</Value>
        </Property>
        <Property>
          <Key>__Tfs_IsInLabEnvironment__</Key>
          <Value>true</Value>
        </Property>
        <Property>
          <Key>__Tfs_TestRunId__</Key>
          <Value>26974</Value>
        </Property>
        <Property>
          <Key>__Tfs_TestCaseId__</Key>
          <Value>4507</Value>
        </Property>
        <Property>
          <Key>__Tfs_TeamProject__</Key>
          <Value>WebSphere</Value>
        </Property>
        <Property>
          <Key>__Tfs_BuildDirectory__</Key>
          <Value>\\CMP01-YKUMAR\QATestAutomationBuildsDrop\QATestAutomation\QATestAutomation_20180514.3</Value>
        </Property>
        <Property>
          <Key>__Tfs_LabEnvironment__</Key>
          <Value>&lt;?xml version="1.0" encoding="utf-16"?&gt;&lt;LabEnvironment Id="877963a7-28da-4117-9475-1e22fce445cb" Name="CMP01-YKumar" Uri="vstfs:///LabManagement/LabEnvironment/268"&gt;&lt;LabSystems&gt;&lt;LabSystem Name="cmp01-ykumar" ComputerName="CMP01-YKUMAR.horizonhobby.com" Roles="BS2CUIT"&gt;&lt;CustomProperties /&gt;&lt;/LabSystem&gt;&lt;/LabSystems&gt;&lt;/LabEnvironment&gt;</Value>
        </Property>
        <Property>
          <Key>__Tfs_TestConfigurationId__</Key>
          <Value>17</Value>
        </Property>
        <Property>
          <Key>__Tfs_TestPlanId__</Key>
          <Value>13</Value>
        </Property>
        <Property>
          <Key>__Tfs_TestConfigurationName__</Key>
          <Value>Win 7 with IE 11</Value>
        </Property>
        <Property>
          <Key>__Tfs_TestPointId__</Key>
          <Value>110265</Value>
        </Property>
        <Property>
          <Key>__Tfs_TfsServerCollectionUrl__</Key>
          <Value>http://cmp02-app05:8080/tfs/defaultcollection</Value>
        </Property>
        <Property>
          <Key>__Tfs_BuildPlatform__</Key>
          <Value>Any CPU</Value>
        </Property>
        <Property>
          <Key>__Tfs_BuildNumber__</Key>
          <Value>QATestAutomation_20180514.3</Value>
        </Property>
        <Property>
          <Key>__Tfs_BuildFlavor__</Key>
          <Value>Debug</Value>
        </Property>
        <Property>
          <Key>__Tfs_BuildConfigurationId__</Key>
          <Value>26978</Value>
        </Property>
      </Properties>
      <TestMethod codeBase="file://CMP01-YKUMAR/QATestAutomationBuildsDrop/QATestAutomation/QATestAutomation_20180514.3/BorderFree.DLL" adapterTypeName="Microsoft.VisualStudio.TestTools.TestTypes.Unit.UnitTestAdapter, Microsoft.VisualStudio.QualityTools.Tips.UnitTest.Adapter, Version=12.0.0.0, Culture=neutral, PublicKeyToken=b03f5f7f11d50a3a" className="TestAuto.BorderFree, BorderFree, Version=1.0.0.0, Culture=neutral, PublicKeyToken=null" name="IPDetectionFunctionality" />
      <Extension>Microsoft.VisualStudio.TestTools.UITesting.CodedUITestAttribute, Microsoft.VisualStudio.QualityTools.CodedUITestFramework, Version=12.0.0.0, Culture=neutral, PublicKeyToken=b03f5f7f11d50a3a</Extension>
    </UnitTest>
    <UnitTest name="WelcomeMatDisplay" storage="\\cmp01-ykumar\qatestautomationbuildsdrop\qatestautomation\qatestautomation_20180514.3\borderfree.dll" id="ecd8322c-b1bd-3a91-9d3d-ba738bd4609b">
      <DeploymentItems>
        <DeploymentItem filename="TestData\BorderFreeTestData.xml" />
        <DeploymentItem filename="SharedCommonConfig\SharedCommonConfig.xml" />
      </DeploymentItems>
      <TcmInformation testCaseId="5134" testRunId="26974" testResultId="100027" />
      <Execution id="cd37cd59-5d51-4b24-aed7-194890a0ca9a" />
      <Properties>
        <Property>
          <Key>__Tfs_BuildUri__</Key>
          <Value>vstfs:///Build/Build/1903</Value>
        </Property>
        <Property>
          <Key>__Tfs_IsInLabEnvironment__</Key>
          <Value>true</Value>
        </Property>
        <Property>
          <Key>__Tfs_TestRunId__</Key>
          <Value>26974</Value>
        </Property>
        <Property>
          <Key>__Tfs_TestCaseId__</Key>
          <Value>5134</Value>
        </Property>
        <Property>
          <Key>__Tfs_TeamProject__</Key>
          <Value>WebSphere</Value>
        </Property>
        <Property>
          <Key>__Tfs_BuildDirectory__</Key>
          <Value>\\CMP01-YKUMAR\QATestAutomationBuildsDrop\QATestAutomation\QATestAutomation_20180514.3</Value>
        </Property>
        <Property>
          <Key>__Tfs_LabEnvironment__</Key>
          <Value>&lt;?xml version="1.0" encoding="utf-16"?&gt;&lt;LabEnvironment Id="877963a7-28da-4117-9475-1e22fce445cb" Name="CMP01-YKumar" Uri="vstfs:///LabManagement/LabEnvironment/268"&gt;&lt;LabSystems&gt;&lt;LabSystem Name="cmp01-ykumar" ComputerName="CMP01-YKUMAR.horizonhobby.com" Roles="BS2CUIT"&gt;&lt;CustomProperties /&gt;&lt;/LabSystem&gt;&lt;/LabSystems&gt;&lt;/LabEnvironment&gt;</Value>
        </Property>
        <Property>
          <Key>__Tfs_TestConfigurationId__</Key>
          <Value>17</Value>
        </Property>
        <Property>
          <Key>__Tfs_TestPlanId__</Key>
          <Value>13</Value>
        </Property>
        <Property>
          <Key>__Tfs_TestConfigurationName__</Key>
          <Value>Win 7 with IE 11</Value>
        </Property>
        <Property>
          <Key>__Tfs_TestPointId__</Key>
          <Value>110282</Value>
        </Property>
        <Property>
          <Key>__Tfs_TfsServerCollectionUrl__</Key>
          <Value>http://cmp02-app05:8080/tfs/defaultcollection</Value>
        </Property>
        <Property>
          <Key>__Tfs_BuildPlatform__</Key>
          <Value>Any CPU</Value>
        </Property>
        <Property>
          <Key>__Tfs_BuildNumber__</Key>
          <Value>QATestAutomation_20180514.3</Value>
        </Property>
        <Property>
          <Key>__Tfs_BuildFlavor__</Key>
          <Value>Debug</Value>
        </Property>
        <Property>
          <Key>__Tfs_BuildConfigurationId__</Key>
          <Value>26978</Value>
        </Property>
      </Properties>
      <TestMethod codeBase="file://CMP01-YKUMAR/QATestAutomationBuildsDrop/QATestAutomation/QATestAutomation_20180514.3/BorderFree.DLL" adapterTypeName="Microsoft.VisualStudio.TestTools.TestTypes.Unit.UnitTestAdapter, Microsoft.VisualStudio.QualityTools.Tips.UnitTest.Adapter, Version=12.0.0.0, Culture=neutral, PublicKeyToken=b03f5f7f11d50a3a" className="TestAuto.BorderFree, BorderFree, Version=1.0.0.0, Culture=neutral, PublicKeyToken=null" name="WelcomeMatDisplay" />
      <Extension>Microsoft.VisualStudio.TestTools.UITesting.CodedUITestAttribute, Microsoft.VisualStudio.QualityTools.CodedUITestFramework, Version=12.0.0.0, Culture=neutral, PublicKeyToken=b03f5f7f11d50a3a</Extension>
    </UnitTest>
    <UnitTest name="FaqsTipsWarrantiesProductSupportInfoDisplayManualsTab" storage="\\cmp01-ykumar\qatestautomationbuildsdrop\qatestautomation\qatestautomation_20180514.3\productpagetest.dll" id="0cb4de40-b2a4-e13d-df4a-231d00f4969a">
      <DeploymentItems>
        <DeploymentItem filename="TestData\ProductPageTestData.xml" />
        <DeploymentItem filename="SharedCommonConfig\SharedCommonConfig.xml" />
      </DeploymentItems>
      <TcmInformation testCaseId="6061" testRunId="26974" testResultId="100035" />
      <Execution id="3db166a3-c514-4de2-b22b-adf89dd7cc45" />
      <Properties>
        <Property>
          <Key>__Tfs_BuildUri__</Key>
          <Value>vstfs:///Build/Build/1903</Value>
        </Property>
        <Property>
          <Key>__Tfs_IsInLabEnvironment__</Key>
          <Value>true</Value>
        </Property>
        <Property>
          <Key>__Tfs_TestRunId__</Key>
          <Value>26974</Value>
        </Property>
        <Property>
          <Key>__Tfs_TestCaseId__</Key>
          <Value>6061</Value>
        </Property>
        <Property>
          <Key>__Tfs_TeamProject__</Key>
          <Value>WebSphere</Value>
        </Property>
        <Property>
          <Key>__Tfs_BuildDirectory__</Key>
          <Value>\\CMP01-YKUMAR\QATestAutomationBuildsDrop\QATestAutomation\QATestAutomation_20180514.3</Value>
        </Property>
        <Property>
          <Key>__Tfs_LabEnvironment__</Key>
          <Value>&lt;?xml version="1.0" encoding="utf-16"?&gt;&lt;LabEnvironment Id="877963a7-28da-4117-9475-1e22fce445cb" Name="CMP01-YKumar" Uri="vstfs:///LabManagement/LabEnvironment/268"&gt;&lt;LabSystems&gt;&lt;LabSystem Name="cmp01-ykumar" ComputerName="CMP01-YKUMAR.horizonhobby.com" Roles="BS2CUIT"&gt;&lt;CustomProperties /&gt;&lt;/LabSystem&gt;&lt;/LabSystems&gt;&lt;/LabEnvironment&gt;</Value>
        </Property>
        <Property>
          <Key>__Tfs_TestConfigurationId__</Key>
          <Value>17</Value>
        </Property>
        <Property>
          <Key>__Tfs_TestPlanId__</Key>
          <Value>13</Value>
        </Property>
        <Property>
          <Key>__Tfs_TestConfigurationName__</Key>
          <Value>Win 7 with IE 11</Value>
        </Property>
        <Property>
          <Key>__Tfs_TestPointId__</Key>
          <Value>110293</Value>
        </Property>
        <Property>
          <Key>__Tfs_TfsServerCollectionUrl__</Key>
          <Value>http://cmp02-app05:8080/tfs/defaultcollection</Value>
        </Property>
        <Property>
          <Key>__Tfs_BuildPlatform__</Key>
          <Value>Any CPU</Value>
        </Property>
        <Property>
          <Key>__Tfs_BuildNumber__</Key>
          <Value>QATestAutomation_20180514.3</Value>
        </Property>
        <Property>
          <Key>__Tfs_BuildFlavor__</Key>
          <Value>Debug</Value>
        </Property>
        <Property>
          <Key>__Tfs_BuildConfigurationId__</Key>
          <Value>26978</Value>
        </Property>
      </Properties>
      <TestMethod codeBase="file://CMP01-YKUMAR/QATestAutomationBuildsDrop/QATestAutomation/QATestAutomation_20180514.3/ProductPageTest.DLL" adapterTypeName="Microsoft.VisualStudio.TestTools.TestTypes.Unit.UnitTestAdapter, Microsoft.VisualStudio.QualityTools.Tips.UnitTest.Adapter, Version=12.0.0.0, Culture=neutral, PublicKeyToken=b03f5f7f11d50a3a" className="TestAuto.ProductPageTest, ProductPageTest, Version=1.0.0.0, Culture=neutral, PublicKeyToken=null" name="FaqsTipsWarrantiesProductSupportInfoDisplayManualsTab" />
      <Extension>Microsoft.VisualStudio.TestTools.UITesting.CodedUITestAttribute, Microsoft.VisualStudio.QualityTools.CodedUITestFramework, Version=12.0.0.0, Culture=neutral, PublicKeyToken=b03f5f7f11d50a3a</Extension>
    </UnitTest>
    <UnitTest name="EnvoyCheckoutPromotionsAndDiscountsSentToBorderFree" storage="\\cmp01-ykumar\qatestautomationbuildsdrop\qatestautomation\qatestautomation_20180514.3\borderfree.dll" id="204ede5b-9101-4469-f06d-b4fe1ea896a8">
      <DeploymentItems>
        <DeploymentItem filename="TestData\BorderFreeTestData.xml" />
        <DeploymentItem filename="SharedCommonConfig\SharedCommonConfig.xml" />
      </DeploymentItems>
      <TcmInformation testCaseId="5114" testRunId="26974" testResultId="100021" />
      <Execution id="f956685c-2089-488f-b7d1-e9c036bd172c" />
      <Properties>
        <Property>
          <Key>__Tfs_BuildUri__</Key>
          <Value>vstfs:///Build/Build/1903</Value>
        </Property>
        <Property>
          <Key>__Tfs_IsInLabEnvironment__</Key>
          <Value>true</Value>
        </Property>
        <Property>
          <Key>__Tfs_TestRunId__</Key>
          <Value>26974</Value>
        </Property>
        <Property>
          <Key>__Tfs_TestCaseId__</Key>
          <Value>5114</Value>
        </Property>
        <Property>
          <Key>__Tfs_TeamProject__</Key>
          <Value>WebSphere</Value>
        </Property>
        <Property>
          <Key>__Tfs_BuildDirectory__</Key>
          <Value>\\CMP01-YKUMAR\QATestAutomationBuildsDrop\QATestAutomation\QATestAutomation_20180514.3</Value>
        </Property>
        <Property>
          <Key>__Tfs_LabEnvironment__</Key>
          <Value>&lt;?xml version="1.0" encoding="utf-16"?&gt;&lt;LabEnvironment Id="877963a7-28da-4117-9475-1e22fce445cb" Name="CMP01-YKumar" Uri="vstfs:///LabManagement/LabEnvironment/268"&gt;&lt;LabSystems&gt;&lt;LabSystem Name="cmp01-ykumar" ComputerName="CMP01-YKUMAR.horizonhobby.com" Roles="BS2CUIT"&gt;&lt;CustomProperties /&gt;&lt;/LabSystem&gt;&lt;/LabSystems&gt;&lt;/LabEnvironment&gt;</Value>
        </Property>
        <Property>
          <Key>__Tfs_TestConfigurationId__</Key>
          <Value>17</Value>
        </Property>
        <Property>
          <Key>__Tfs_TestPlanId__</Key>
          <Value>13</Value>
        </Property>
        <Property>
          <Key>__Tfs_TestConfigurationName__</Key>
          <Value>Win 7 with IE 11</Value>
        </Property>
        <Property>
          <Key>__Tfs_TestPointId__</Key>
          <Value>110276</Value>
        </Property>
        <Property>
          <Key>__Tfs_TfsServerCollectionUrl__</Key>
          <Value>http://cmp02-app05:8080/tfs/defaultcollection</Value>
        </Property>
        <Property>
          <Key>__Tfs_BuildPlatform__</Key>
          <Value>Any CPU</Value>
        </Property>
        <Property>
          <Key>__Tfs_BuildNumber__</Key>
          <Value>QATestAutomation_20180514.3</Value>
        </Property>
        <Property>
          <Key>__Tfs_BuildFlavor__</Key>
          <Value>Debug</Value>
        </Property>
        <Property>
          <Key>__Tfs_BuildConfigurationId__</Key>
          <Value>26978</Value>
        </Property>
      </Properties>
      <TestMethod codeBase="file://CMP01-YKUMAR/QATestAutomationBuildsDrop/QATestAutomation/QATestAutomation_20180514.3/BorderFree.DLL" adapterTypeName="Microsoft.VisualStudio.TestTools.TestTypes.Unit.UnitTestAdapter, Microsoft.VisualStudio.QualityTools.Tips.UnitTest.Adapter, Version=12.0.0.0, Culture=neutral, PublicKeyToken=b03f5f7f11d50a3a" className="TestAuto.BorderFree, BorderFree, Version=1.0.0.0, Culture=neutral, PublicKeyToken=null" name="EnvoyCheckoutPromotionsAndDiscountsSentToBorderFree" />
      <Extension>Microsoft.VisualStudio.TestTools.UITesting.CodedUITestAttribute, Microsoft.VisualStudio.QualityTools.CodedUITestFramework, Version=12.0.0.0, Culture=neutral, PublicKeyToken=b03f5f7f11d50a3a</Extension>
    </UnitTest>
    <UnitTest name="ProductPageDisplay" storage="\\cmp01-ykumar\qatestautomationbuildsdrop\qatestautomation\qatestautomation_20180514.3\borderfree.dll" id="c3b8c5bd-70ce-bbe8-dbe7-62a9f3c2bf1c">
      <DeploymentItems>
        <DeploymentItem filename="TestData\BorderFreeTestData.xml" />
        <DeploymentItem filename="SharedCommonConfig\SharedCommonConfig.xml" />
      </DeploymentItems>
      <TcmInformation testCaseId="5132" testRunId="26974" testResultId="100026" />
      <Execution id="0a55688f-c2ab-4643-9ba4-35e50b43d937" />
      <Properties>
        <Property>
          <Key>__Tfs_BuildUri__</Key>
          <Value>vstfs:///Build/Build/1903</Value>
        </Property>
        <Property>
          <Key>__Tfs_IsInLabEnvironment__</Key>
          <Value>true</Value>
        </Property>
        <Property>
          <Key>__Tfs_TestRunId__</Key>
          <Value>26974</Value>
        </Property>
        <Property>
          <Key>__Tfs_TestCaseId__</Key>
          <Value>5132</Value>
        </Property>
        <Property>
          <Key>__Tfs_TeamProject__</Key>
          <Value>WebSphere</Value>
        </Property>
        <Property>
          <Key>__Tfs_BuildDirectory__</Key>
          <Value>\\CMP01-YKUMAR\QATestAutomationBuildsDrop\QATestAutomation\QATestAutomation_20180514.3</Value>
        </Property>
        <Property>
          <Key>__Tfs_LabEnvironment__</Key>
          <Value>&lt;?xml version="1.0" encoding="utf-16"?&gt;&lt;LabEnvironment Id="877963a7-28da-4117-9475-1e22fce445cb" Name="CMP01-YKumar" Uri="vstfs:///LabManagement/LabEnvironment/268"&gt;&lt;LabSystems&gt;&lt;LabSystem Name="cmp01-ykumar" ComputerName="CMP01-YKUMAR.horizonhobby.com" Roles="BS2CUIT"&gt;&lt;CustomProperties /&gt;&lt;/LabSystem&gt;&lt;/LabSystems&gt;&lt;/LabEnvironment&gt;</Value>
        </Property>
        <Property>
          <Key>__Tfs_TestConfigurationId__</Key>
          <Value>17</Value>
        </Property>
        <Property>
          <Key>__Tfs_TestPlanId__</Key>
          <Value>13</Value>
        </Property>
        <Property>
          <Key>__Tfs_TestConfigurationName__</Key>
          <Value>Win 7 with IE 11</Value>
        </Property>
        <Property>
          <Key>__Tfs_TestPointId__</Key>
          <Value>110281</Value>
        </Property>
        <Property>
          <Key>__Tfs_TfsServerCollectionUrl__</Key>
          <Value>http://cmp02-app05:8080/tfs/defaultcollection</Value>
        </Property>
        <Property>
          <Key>__Tfs_BuildPlatform__</Key>
          <Value>Any CPU</Value>
        </Property>
        <Property>
          <Key>__Tfs_BuildNumber__</Key>
          <Value>QATestAutomation_20180514.3</Value>
        </Property>
        <Property>
          <Key>__Tfs_BuildFlavor__</Key>
          <Value>Debug</Value>
        </Property>
        <Property>
          <Key>__Tfs_BuildConfigurationId__</Key>
          <Value>26978</Value>
        </Property>
      </Properties>
      <TestMethod codeBase="file://CMP01-YKUMAR/QATestAutomationBuildsDrop/QATestAutomation/QATestAutomation_20180514.3/BorderFree.DLL" adapterTypeName="Microsoft.VisualStudio.TestTools.TestTypes.Unit.UnitTestAdapter, Microsoft.VisualStudio.QualityTools.Tips.UnitTest.Adapter, Version=12.0.0.0, Culture=neutral, PublicKeyToken=b03f5f7f11d50a3a" className="TestAuto.BorderFree, BorderFree, Version=1.0.0.0, Culture=neutral, PublicKeyToken=null" name="ProductPageDisplay" />
      <Extension>Microsoft.VisualStudio.TestTools.UITesting.CodedUITestAttribute, Microsoft.VisualStudio.QualityTools.CodedUITestFramework, Version=12.0.0.0, Culture=neutral, PublicKeyToken=b03f5f7f11d50a3a</Extension>
    </UnitTest>
    <UnitTest name="SecondCheckoutButtonSignedInUser" storage="\\cmp01-ykumar\qatestautomationbuildsdrop\qatestautomation\qatestautomation_20180514.3\cartdisplaytest.dll" id="50aa2fb6-b044-c396-06a8-a45273ee0484">
      <DeploymentItems>
        <DeploymentItem filename="TestData\CartDisplayTestData.xml" />
        <DeploymentItem filename="SharedCommonConfig\SharedCommonConfig.xml" />
      </DeploymentItems>
      <TcmInformation testCaseId="7647" testRunId="26974" testResultId="100054" />
      <Execution id="e2edde9a-8bf5-4ee4-8387-e606e954fc60" />
      <Properties>
        <Property>
          <Key>__Tfs_BuildUri__</Key>
          <Value>vstfs:///Build/Build/1903</Value>
        </Property>
        <Property>
          <Key>__Tfs_IsInLabEnvironment__</Key>
          <Value>true</Value>
        </Property>
        <Property>
          <Key>__Tfs_TestRunId__</Key>
          <Value>26974</Value>
        </Property>
        <Property>
          <Key>__Tfs_TestCaseId__</Key>
          <Value>7647</Value>
        </Property>
        <Property>
          <Key>__Tfs_TeamProject__</Key>
          <Value>WebSphere</Value>
        </Property>
        <Property>
          <Key>__Tfs_BuildDirectory__</Key>
          <Value>\\CMP01-YKUMAR\QATestAutomationBuildsDrop\QATestAutomation\QATestAutomation_20180514.3</Value>
        </Property>
        <Property>
          <Key>__Tfs_LabEnvironment__</Key>
          <Value>&lt;?xml version="1.0" encoding="utf-16"?&gt;&lt;LabEnvironment Id="877963a7-28da-4117-9475-1e22fce445cb" Name="CMP01-YKumar" Uri="vstfs:///LabManagement/LabEnvironment/268"&gt;&lt;LabSystems&gt;&lt;LabSystem Name="cmp01-ykumar" ComputerName="CMP01-YKUMAR.horizonhobby.com" Roles="BS2CUIT"&gt;&lt;CustomProperties /&gt;&lt;/LabSystem&gt;&lt;/LabSystems&gt;&lt;/LabEnvironment&gt;</Value>
        </Property>
        <Property>
          <Key>__Tfs_TestConfigurationId__</Key>
          <Value>17</Value>
        </Property>
        <Property>
          <Key>__Tfs_TestPlanId__</Key>
          <Value>13</Value>
        </Property>
        <Property>
          <Key>__Tfs_TestConfigurationName__</Key>
          <Value>Win 7 with IE 11</Value>
        </Property>
        <Property>
          <Key>__Tfs_TestPointId__</Key>
          <Value>110320</Value>
        </Property>
        <Property>
          <Key>__Tfs_TfsServerCollectionUrl__</Key>
          <Value>http://cmp02-app05:8080/tfs/defaultcollection</Value>
        </Property>
        <Property>
          <Key>__Tfs_BuildPlatform__</Key>
          <Value>Any CPU</Value>
        </Property>
        <Property>
          <Key>__Tfs_BuildNumber__</Key>
          <Value>QATestAutomation_20180514.3</Value>
        </Property>
        <Property>
          <Key>__Tfs_BuildFlavor__</Key>
          <Value>Debug</Value>
        </Property>
        <Property>
          <Key>__Tfs_BuildConfigurationId__</Key>
          <Value>26978</Value>
        </Property>
      </Properties>
      <TestMethod codeBase="file://CMP01-YKUMAR/QATestAutomationBuildsDrop/QATestAutomation/QATestAutomation_20180514.3/CartDisplayTest.DLL" adapterTypeName="Microsoft.VisualStudio.TestTools.TestTypes.Unit.UnitTestAdapter, Microsoft.VisualStudio.QualityTools.Tips.UnitTest.Adapter, Version=12.0.0.0, Culture=neutral, PublicKeyToken=b03f5f7f11d50a3a" className="TestAuto.CartDisplayTest, CartDisplayTest, Version=1.0.0.0, Culture=neutral, PublicKeyToken=null" name="SecondCheckoutButtonSignedInUser" />
      <Extension>Microsoft.VisualStudio.TestTools.UITesting.CodedUITestAttribute, Microsoft.VisualStudio.QualityTools.CodedUITestFramework, Version=12.0.0.0, Culture=neutral, PublicKeyToken=b03f5f7f11d50a3a</Extension>
    </UnitTest>
    <UnitTest name="WishlistAssociatedWithUserAccount" storage="\\cmp01-ykumar\qatestautomationbuildsdrop\qatestautomation\qatestautomation_20180514.3\productpagetest.dll" id="39df8b46-7e5f-4fc4-f833-051f052c360a">
      <DeploymentItems>
        <DeploymentItem filename="TestData\ProductPageTestData.xml" />
        <DeploymentItem filename="SharedCommonConfig\SharedCommonConfig.xml" />
      </DeploymentItems>
      <TcmInformation testCaseId="3981" testRunId="26974" testResultId="100000" />
      <Execution id="2c248269-982b-46fa-91be-ddb7aa1ddc7f" />
      <Properties>
        <Property>
          <Key>__Tfs_BuildUri__</Key>
          <Value>vstfs:///Build/Build/1903</Value>
        </Property>
        <Property>
          <Key>__Tfs_IsInLabEnvironment__</Key>
          <Value>true</Value>
        </Property>
        <Property>
          <Key>__Tfs_TestRunId__</Key>
          <Value>26974</Value>
        </Property>
        <Property>
          <Key>__Tfs_TestCaseId__</Key>
          <Value>3981</Value>
        </Property>
        <Property>
          <Key>__Tfs_TeamProject__</Key>
          <Value>WebSphere</Value>
        </Property>
        <Property>
          <Key>__Tfs_BuildDirectory__</Key>
          <Value>\\CMP01-YKUMAR\QATestAutomationBuildsDrop\QATestAutomation\QATestAutomation_20180514.3</Value>
        </Property>
        <Property>
          <Key>__Tfs_LabEnvironment__</Key>
          <Value>&lt;?xml version="1.0" encoding="utf-16"?&gt;&lt;LabEnvironment Id="877963a7-28da-4117-9475-1e22fce445cb" Name="CMP01-YKumar" Uri="vstfs:///LabManagement/LabEnvironment/268"&gt;&lt;LabSystems&gt;&lt;LabSystem Name="cmp01-ykumar" ComputerName="CMP01-YKUMAR.horizonhobby.com" Roles="BS2CUIT"&gt;&lt;CustomProperties /&gt;&lt;/LabSystem&gt;&lt;/LabSystems&gt;&lt;/LabEnvironment&gt;</Value>
        </Property>
        <Property>
          <Key>__Tfs_TestConfigurationId__</Key>
          <Value>17</Value>
        </Property>
        <Property>
          <Key>__Tfs_TestPlanId__</Key>
          <Value>13</Value>
        </Property>
        <Property>
          <Key>__Tfs_TestConfigurationName__</Key>
          <Value>Win 7 with IE 11</Value>
        </Property>
        <Property>
          <Key>__Tfs_TestPointId__</Key>
          <Value>110253</Value>
        </Property>
        <Property>
          <Key>__Tfs_TfsServerCollectionUrl__</Key>
          <Value>http://cmp02-app05:8080/tfs/defaultcollection</Value>
        </Property>
        <Property>
          <Key>__Tfs_BuildPlatform__</Key>
          <Value>Any CPU</Value>
        </Property>
        <Property>
          <Key>__Tfs_BuildNumber__</Key>
          <Value>QATestAutomation_20180514.3</Value>
        </Property>
        <Property>
          <Key>__Tfs_BuildFlavor__</Key>
          <Value>Debug</Value>
        </Property>
        <Property>
          <Key>__Tfs_BuildConfigurationId__</Key>
          <Value>26978</Value>
        </Property>
      </Properties>
      <TestMethod codeBase="file://CMP01-YKUMAR/QATestAutomationBuildsDrop/QATestAutomation/QATestAutomation_20180514.3/ProductPageTest.DLL" adapterTypeName="Microsoft.VisualStudio.TestTools.TestTypes.Unit.UnitTestAdapter, Microsoft.VisualStudio.QualityTools.Tips.UnitTest.Adapter, Version=12.0.0.0, Culture=neutral, PublicKeyToken=b03f5f7f11d50a3a" className="TestAuto.ProductPageTest, ProductPageTest, Version=1.0.0.0, Culture=neutral, PublicKeyToken=null" name="WishlistAssociatedWithUserAccount" />
      <Extension>Microsoft.VisualStudio.TestTools.UITesting.CodedUITestAttribute, Microsoft.VisualStudio.QualityTools.CodedUITestFramework, Version=12.0.0.0, Culture=neutral, PublicKeyToken=b03f5f7f11d50a3a</Extension>
    </UnitTest>
    <UnitTest name="ShoppingCartAssociatedMerchandiseDisplayOrder" storage="\\cmp01-ykumar\qatestautomationbuildsdrop\qatestautomation\qatestautomation_20180514.3\cartdisplaytest.dll" id="d2d49f6b-8732-4b2d-609f-ebcf8240af10">
      <DeploymentItems>
        <DeploymentItem filename="TestData\CartDisplayTestData.xml" />
        <DeploymentItem filename="SharedCommonConfig\SharedCommonConfig.xml" />
      </DeploymentItems>
      <TcmInformation testCaseId="6627" testRunId="26974" testResultId="100045" />
      <Execution id="cc9a06d9-48d7-4455-9634-3ad4981d4c88" />
      <Properties>
        <Property>
          <Key>__Tfs_BuildUri__</Key>
          <Value>vstfs:///Build/Build/1903</Value>
        </Property>
        <Property>
          <Key>__Tfs_IsInLabEnvironment__</Key>
          <Value>true</Value>
        </Property>
        <Property>
          <Key>__Tfs_TestRunId__</Key>
          <Value>26974</Value>
        </Property>
        <Property>
          <Key>__Tfs_TestCaseId__</Key>
          <Value>6627</Value>
        </Property>
        <Property>
          <Key>__Tfs_TeamProject__</Key>
          <Value>WebSphere</Value>
        </Property>
        <Property>
          <Key>__Tfs_BuildDirectory__</Key>
          <Value>\\CMP01-YKUMAR\QATestAutomationBuildsDrop\QATestAutomation\QATestAutomation_20180514.3</Value>
        </Property>
        <Property>
          <Key>__Tfs_LabEnvironment__</Key>
          <Value>&lt;?xml version="1.0" encoding="utf-16"?&gt;&lt;LabEnvironment Id="877963a7-28da-4117-9475-1e22fce445cb" Name="CMP01-YKumar" Uri="vstfs:///LabManagement/LabEnvironment/268"&gt;&lt;LabSystems&gt;&lt;LabSystem Name="cmp01-ykumar" ComputerName="CMP01-YKUMAR.horizonhobby.com" Roles="BS2CUIT"&gt;&lt;CustomProperties /&gt;&lt;/LabSystem&gt;&lt;/LabSystems&gt;&lt;/LabEnvironment&gt;</Value>
        </Property>
        <Property>
          <Key>__Tfs_TestConfigurationId__</Key>
          <Value>17</Value>
        </Property>
        <Property>
          <Key>__Tfs_TestPlanId__</Key>
          <Value>13</Value>
        </Property>
        <Property>
          <Key>__Tfs_TestConfigurationName__</Key>
          <Value>Win 7 with IE 11</Value>
        </Property>
        <Property>
          <Key>__Tfs_TestPointId__</Key>
          <Value>110314</Value>
        </Property>
        <Property>
          <Key>__Tfs_TfsServerCollectionUrl__</Key>
          <Value>http://cmp02-app05:8080/tfs/defaultcollection</Value>
        </Property>
        <Property>
          <Key>__Tfs_BuildPlatform__</Key>
          <Value>Any CPU</Value>
        </Property>
        <Property>
          <Key>__Tfs_BuildNumber__</Key>
          <Value>QATestAutomation_20180514.3</Value>
        </Property>
        <Property>
          <Key>__Tfs_BuildFlavor__</Key>
          <Value>Debug</Value>
        </Property>
        <Property>
          <Key>__Tfs_BuildConfigurationId__</Key>
          <Value>26978</Value>
        </Property>
      </Properties>
      <TestMethod codeBase="file://CMP01-YKUMAR/QATestAutomationBuildsDrop/QATestAutomation/QATestAutomation_20180514.3/CartDisplayTest.DLL" adapterTypeName="Microsoft.VisualStudio.TestTools.TestTypes.Unit.UnitTestAdapter, Microsoft.VisualStudio.QualityTools.Tips.UnitTest.Adapter, Version=12.0.0.0, Culture=neutral, PublicKeyToken=b03f5f7f11d50a3a" className="TestAuto.CartDisplayTest, CartDisplayTest, Version=1.0.0.0, Culture=neutral, PublicKeyToken=null" name="ShoppingCartAssociatedMerchandiseDisplayOrder" />
      <Extension>Microsoft.VisualStudio.TestTools.UITesting.CodedUITestAttribute, Microsoft.VisualStudio.QualityTools.CodedUITestFramework, Version=12.0.0.0, Culture=neutral, PublicKeyToken=b03f5f7f11d50a3a</Extension>
    </UnitTest>
    <UnitTest name="NoResultFound" storage="\\cmp01-ykumar\qatestautomationbuildsdrop\qatestautomation\qatestautomation_20180514.3\searchtest.dll" id="99b3a27f-e572-1547-e9e9-e6d48e0e8ff4">
      <DeploymentItems>
        <DeploymentItem filename="TestData\SearchTestData.xml" />
        <DeploymentItem filename="SharedCommonConfig\SharedCommonConfig.xml" />
      </DeploymentItems>
      <TcmInformation testCaseId="6093" testRunId="26974" testResultId="100038" />
      <Execution id="fc87a0d0-8070-4714-9368-02185767e20d" />
      <Properties>
        <Property>
          <Key>__Tfs_BuildUri__</Key>
          <Value>vstfs:///Build/Build/1903</Value>
        </Property>
        <Property>
          <Key>__Tfs_IsInLabEnvironment__</Key>
          <Value>true</Value>
        </Property>
        <Property>
          <Key>__Tfs_TestRunId__</Key>
          <Value>26974</Value>
        </Property>
        <Property>
          <Key>__Tfs_TestCaseId__</Key>
          <Value>6093</Value>
        </Property>
        <Property>
          <Key>__Tfs_TeamProject__</Key>
          <Value>WebSphere</Value>
        </Property>
        <Property>
          <Key>__Tfs_BuildDirectory__</Key>
          <Value>\\CMP01-YKUMAR\QATestAutomationBuildsDrop\QATestAutomation\QATestAutomation_20180514.3</Value>
        </Property>
        <Property>
          <Key>__Tfs_LabEnvironment__</Key>
          <Value>&lt;?xml version="1.0" encoding="utf-16"?&gt;&lt;LabEnvironment Id="877963a7-28da-4117-9475-1e22fce445cb" Name="CMP01-YKumar" Uri="vstfs:///LabManagement/LabEnvironment/268"&gt;&lt;LabSystems&gt;&lt;LabSystem Name="cmp01-ykumar" ComputerName="CMP01-YKUMAR.horizonhobby.com" Roles="BS2CUIT"&gt;&lt;CustomProperties /&gt;&lt;/LabSystem&gt;&lt;/LabSystems&gt;&lt;/LabEnvironment&gt;</Value>
        </Property>
        <Property>
          <Key>__Tfs_TestConfigurationId__</Key>
          <Value>17</Value>
        </Property>
        <Property>
          <Key>__Tfs_TestPlanId__</Key>
          <Value>13</Value>
        </Property>
        <Property>
          <Key>__Tfs_TestConfigurationName__</Key>
          <Value>Win 7 with IE 11</Value>
        </Property>
        <Property>
          <Key>__Tfs_TestPointId__</Key>
          <Value>110296</Value>
        </Property>
        <Property>
          <Key>__Tfs_TfsServerCollectionUrl__</Key>
          <Value>http://cmp02-app05:8080/tfs/defaultcollection</Value>
        </Property>
        <Property>
          <Key>__Tfs_BuildPlatform__</Key>
          <Value>Any CPU</Value>
        </Property>
        <Property>
          <Key>__Tfs_BuildNumber__</Key>
          <Value>QATestAutomation_20180514.3</Value>
        </Property>
        <Property>
          <Key>__Tfs_BuildFlavor__</Key>
          <Value>Debug</Value>
        </Property>
        <Property>
          <Key>__Tfs_BuildConfigurationId__</Key>
          <Value>26978</Value>
        </Property>
      </Properties>
      <TestMethod codeBase="file://CMP01-YKUMAR/QATestAutomationBuildsDrop/QATestAutomation/QATestAutomation_20180514.3/SearchTest.DLL" adapterTypeName="Microsoft.VisualStudio.TestTools.TestTypes.Unit.UnitTestAdapter, Microsoft.VisualStudio.QualityTools.Tips.UnitTest.Adapter, Version=12.0.0.0, Culture=neutral, PublicKeyToken=b03f5f7f11d50a3a" className="TestAuto.SearchTest, SearchTest, Version=1.0.0.0, Culture=neutral, PublicKeyToken=null" name="NoResultFound" />
      <Extension>Microsoft.VisualStudio.TestTools.UITesting.CodedUITestAttribute, Microsoft.VisualStudio.QualityTools.CodedUITestFramework, Version=12.0.0.0, Culture=neutral, PublicKeyToken=b03f5f7f11d50a3a</Extension>
    </UnitTest>
    <UnitTest name="HRCCRewardProfileDetails" storage="\\cmp01-ykumar\qatestautomationbuildsdrop\qatestautomation\qatestautomation_20180514.3\myaccount.dll" id="dde6b755-fcb2-dc1a-cc9e-5654c102de21">
      <DeploymentItems>
        <DeploymentItem filename="TestData\MyAccountTestData.xml" />
        <DeploymentItem filename="SharedCommonConfig\SharedCommonConfig.xml" />
      </DeploymentItems>
      <TcmInformation testCaseId="9428" testRunId="26974" testResultId="100058" />
      <Execution id="dfcdf7da-28f8-4a13-a691-590a754a1101" />
      <Properties>
        <Property>
          <Key>__Tfs_BuildUri__</Key>
          <Value>vstfs:///Build/Build/1903</Value>
        </Property>
        <Property>
          <Key>__Tfs_IsInLabEnvironment__</Key>
          <Value>true</Value>
        </Property>
        <Property>
          <Key>__Tfs_TestRunId__</Key>
          <Value>26974</Value>
        </Property>
        <Property>
          <Key>__Tfs_TestCaseId__</Key>
          <Value>9428</Value>
        </Property>
        <Property>
          <Key>__Tfs_TeamProject__</Key>
          <Value>WebSphere</Value>
        </Property>
        <Property>
          <Key>__Tfs_BuildDirectory__</Key>
          <Value>\\CMP01-YKUMAR\QATestAutomationBuildsDrop\QATestAutomation\QATestAutomation_20180514.3</Value>
        </Property>
        <Property>
          <Key>__Tfs_LabEnvironment__</Key>
          <Value>&lt;?xml version="1.0" encoding="utf-16"?&gt;&lt;LabEnvironment Id="877963a7-28da-4117-9475-1e22fce445cb" Name="CMP01-YKumar" Uri="vstfs:///LabManagement/LabEnvironment/268"&gt;&lt;LabSystems&gt;&lt;LabSystem Name="cmp01-ykumar" ComputerName="CMP01-YKUMAR.horizonhobby.com" Roles="BS2CUIT"&gt;&lt;CustomProperties /&gt;&lt;/LabSystem&gt;&lt;/LabSystems&gt;&lt;/LabEnvironment&gt;</Value>
        </Property>
        <Property>
          <Key>__Tfs_TestConfigurationId__</Key>
          <Value>17</Value>
        </Property>
        <Property>
          <Key>__Tfs_TestPlanId__</Key>
          <Value>13</Value>
        </Property>
        <Property>
          <Key>__Tfs_TestConfigurationName__</Key>
          <Value>Win 7 with IE 11</Value>
        </Property>
        <Property>
          <Key>__Tfs_TestPointId__</Key>
          <Value>153627</Value>
        </Property>
        <Property>
          <Key>__Tfs_TfsServerCollectionUrl__</Key>
          <Value>http://cmp02-app05:8080/tfs/defaultcollection</Value>
        </Property>
        <Property>
          <Key>__Tfs_BuildPlatform__</Key>
          <Value>Any CPU</Value>
        </Property>
        <Property>
          <Key>__Tfs_BuildNumber__</Key>
          <Value>QATestAutomation_20180514.3</Value>
        </Property>
        <Property>
          <Key>__Tfs_BuildFlavor__</Key>
          <Value>Debug</Value>
        </Property>
        <Property>
          <Key>__Tfs_BuildConfigurationId__</Key>
          <Value>26978</Value>
        </Property>
      </Properties>
      <TestMethod codeBase="file://CMP01-YKUMAR/QATestAutomationBuildsDrop/QATestAutomation/QATestAutomation_20180514.3/MyAccount.DLL" adapterTypeName="Microsoft.VisualStudio.TestTools.TestTypes.Unit.UnitTestAdapter, Microsoft.VisualStudio.QualityTools.Tips.UnitTest.Adapter, Version=12.0.0.0, Culture=neutral, PublicKeyToken=b03f5f7f11d50a3a" className="TestAuto.MyAccount, MyAccount, Version=1.0.0.0, Culture=neutral, PublicKeyToken=null" name="HRCCRewardProfileDetails" />
      <Extension>Microsoft.VisualStudio.TestTools.UITesting.CodedUITestAttribute, Microsoft.VisualStudio.QualityTools.CodedUITestFramework, Version=12.0.0.0, Culture=neutral, PublicKeyToken=b03f5f7f11d50a3a</Extension>
    </UnitTest>
    <UnitTest name="ShippingDiscountValidation" storage="\\cmp01-ykumar\qatestautomationbuildsdrop\qatestautomation\qatestautomation_20180514.3\cartdisplaytest.dll" id="259bf6c0-ed43-8fa1-4f46-d7735f91353e">
      <DeploymentItems>
        <DeploymentItem filename="TestData\CartDisplayTestData.xml" />
        <DeploymentItem filename="SharedCommonConfig\SharedCommonConfig.xml" />
      </DeploymentItems>
      <TcmInformation testCaseId="4429" testRunId="26974" testResultId="100008" />
      <Execution id="d174e0f4-03ab-4111-8dbb-708c8802e8df" />
      <Properties>
        <Property>
          <Key>__Tfs_BuildUri__</Key>
          <Value>vstfs:///Build/Build/1903</Value>
        </Property>
        <Property>
          <Key>__Tfs_IsInLabEnvironment__</Key>
          <Value>true</Value>
        </Property>
        <Property>
          <Key>__Tfs_TestRunId__</Key>
          <Value>26974</Value>
        </Property>
        <Property>
          <Key>__Tfs_TestCaseId__</Key>
          <Value>4429</Value>
        </Property>
        <Property>
          <Key>__Tfs_TeamProject__</Key>
          <Value>WebSphere</Value>
        </Property>
        <Property>
          <Key>__Tfs_BuildDirectory__</Key>
          <Value>\\CMP01-YKUMAR\QATestAutomationBuildsDrop\QATestAutomation\QATestAutomation_20180514.3</Value>
        </Property>
        <Property>
          <Key>__Tfs_LabEnvironment__</Key>
          <Value>&lt;?xml version="1.0" encoding="utf-16"?&gt;&lt;LabEnvironment Id="877963a7-28da-4117-9475-1e22fce445cb" Name="CMP01-YKumar" Uri="vstfs:///LabManagement/LabEnvironment/268"&gt;&lt;LabSystems&gt;&lt;LabSystem Name="cmp01-ykumar" ComputerName="CMP01-YKUMAR.horizonhobby.com" Roles="BS2CUIT"&gt;&lt;CustomProperties /&gt;&lt;/LabSystem&gt;&lt;/LabSystems&gt;&lt;/LabEnvironment&gt;</Value>
        </Property>
        <Property>
          <Key>__Tfs_TestConfigurationId__</Key>
          <Value>17</Value>
        </Property>
        <Property>
          <Key>__Tfs_TestPlanId__</Key>
          <Value>13</Value>
        </Property>
        <Property>
          <Key>__Tfs_TestConfigurationName__</Key>
          <Value>Win 7 with IE 11</Value>
        </Property>
        <Property>
          <Key>__Tfs_TestPointId__</Key>
          <Value>110262</Value>
        </Property>
        <Property>
          <Key>__Tfs_TfsServerCollectionUrl__</Key>
          <Value>http://cmp02-app05:8080/tfs/defaultcollection</Value>
        </Property>
        <Property>
          <Key>__Tfs_BuildPlatform__</Key>
          <Value>Any CPU</Value>
        </Property>
        <Property>
          <Key>__Tfs_BuildNumber__</Key>
          <Value>QATestAutomation_20180514.3</Value>
        </Property>
        <Property>
          <Key>__Tfs_BuildFlavor__</Key>
          <Value>Debug</Value>
        </Property>
        <Property>
          <Key>__Tfs_BuildConfigurationId__</Key>
          <Value>26978</Value>
        </Property>
      </Properties>
      <TestMethod codeBase="file://CMP01-YKUMAR/QATestAutomationBuildsDrop/QATestAutomation/QATestAutomation_20180514.3/CartDisplayTest.DLL" adapterTypeName="Microsoft.VisualStudio.TestTools.TestTypes.Unit.UnitTestAdapter, Microsoft.VisualStudio.QualityTools.Tips.UnitTest.Adapter, Version=12.0.0.0, Culture=neutral, PublicKeyToken=b03f5f7f11d50a3a" className="TestAuto.CartDisplayTest, CartDisplayTest, Version=1.0.0.0, Culture=neutral, PublicKeyToken=null" name="ShippingDiscountValidation" />
      <Extension>Microsoft.VisualStudio.TestTools.UITesting.CodedUITestAttribute, Microsoft.VisualStudio.QualityTools.CodedUITestFramework, Version=12.0.0.0, Culture=neutral, PublicKeyToken=b03f5f7f11d50a3a</Extension>
    </UnitTest>
    <UnitTest name="LocalizationGiftWrapModal" storage="\\cmp01-ykumar\qatestautomationbuildsdrop\qatestautomation\qatestautomation_20180514.3\borderfree.dll" id="2708ff07-8623-9769-dea9-d61a209e0e62">
      <DeploymentItems>
        <DeploymentItem filename="TestData\BorderFreeTestData.xml" />
        <DeploymentItem filename="SharedCommonConfig\SharedCommonConfig.xml" />
      </DeploymentItems>
      <TcmInformation testCaseId="5349" testRunId="26974" testResultId="100029" />
      <Execution id="8120bb2e-8197-45a6-b705-5c52f9559d91" />
      <Properties>
        <Property>
          <Key>__Tfs_BuildUri__</Key>
          <Value>vstfs:///Build/Build/1903</Value>
        </Property>
        <Property>
          <Key>__Tfs_IsInLabEnvironment__</Key>
          <Value>true</Value>
        </Property>
        <Property>
          <Key>__Tfs_TestRunId__</Key>
          <Value>26974</Value>
        </Property>
        <Property>
          <Key>__Tfs_TestCaseId__</Key>
          <Value>5349</Value>
        </Property>
        <Property>
          <Key>__Tfs_TeamProject__</Key>
          <Value>WebSphere</Value>
        </Property>
        <Property>
          <Key>__Tfs_BuildDirectory__</Key>
          <Value>\\CMP01-YKUMAR\QATestAutomationBuildsDrop\QATestAutomation\QATestAutomation_20180514.3</Value>
        </Property>
        <Property>
          <Key>__Tfs_LabEnvironment__</Key>
          <Value>&lt;?xml version="1.0" encoding="utf-16"?&gt;&lt;LabEnvironment Id="877963a7-28da-4117-9475-1e22fce445cb" Name="CMP01-YKumar" Uri="vstfs:///LabManagement/LabEnvironment/268"&gt;&lt;LabSystems&gt;&lt;LabSystem Name="cmp01-ykumar" ComputerName="CMP01-YKUMAR.horizonhobby.com" Roles="BS2CUIT"&gt;&lt;CustomProperties /&gt;&lt;/LabSystem&gt;&lt;/LabSystems&gt;&lt;/LabEnvironment&gt;</Value>
        </Property>
        <Property>
          <Key>__Tfs_TestConfigurationId__</Key>
          <Value>17</Value>
        </Property>
        <Property>
          <Key>__Tfs_TestPlanId__</Key>
          <Value>13</Value>
        </Property>
        <Property>
          <Key>__Tfs_TestConfigurationName__</Key>
          <Value>Win 7 with IE 11</Value>
        </Property>
        <Property>
          <Key>__Tfs_TestPointId__</Key>
          <Value>110285</Value>
        </Property>
        <Property>
          <Key>__Tfs_TfsServerCollectionUrl__</Key>
          <Value>http://cmp02-app05:8080/tfs/defaultcollection</Value>
        </Property>
        <Property>
          <Key>__Tfs_BuildPlatform__</Key>
          <Value>Any CPU</Value>
        </Property>
        <Property>
          <Key>__Tfs_BuildNumber__</Key>
          <Value>QATestAutomation_20180514.3</Value>
        </Property>
        <Property>
          <Key>__Tfs_BuildFlavor__</Key>
          <Value>Debug</Value>
        </Property>
        <Property>
          <Key>__Tfs_BuildConfigurationId__</Key>
          <Value>26978</Value>
        </Property>
      </Properties>
      <TestMethod codeBase="file://CMP01-YKUMAR/QATestAutomationBuildsDrop/QATestAutomation/QATestAutomation_20180514.3/BorderFree.DLL" adapterTypeName="Microsoft.VisualStudio.TestTools.TestTypes.Unit.UnitTestAdapter, Microsoft.VisualStudio.QualityTools.Tips.UnitTest.Adapter, Version=12.0.0.0, Culture=neutral, PublicKeyToken=b03f5f7f11d50a3a" className="TestAuto.BorderFree, BorderFree, Version=1.0.0.0, Culture=neutral, PublicKeyToken=null" name="LocalizationGiftWrapModal" />
      <Extension>Microsoft.VisualStudio.TestTools.UITesting.CodedUITestAttribute, Microsoft.VisualStudio.QualityTools.CodedUITestFramework, Version=12.0.0.0, Culture=neutral, PublicKeyToken=b03f5f7f11d50a3a</Extension>
    </UnitTest>
    <UnitTest name="OrderConfirmationEmailSentGuestUser" storage="\\cmp01-ykumar\qatestautomationbuildsdrop\qatestautomation\qatestautomation_20180514.3\checkout_test.dll" id="13a9ceaa-27b9-e071-75b8-0ad6bc006d10">
      <DeploymentItems>
        <DeploymentItem filename="TestData\CheckoutCreditCard.xml" />
        <DeploymentItem filename="SharedCommonConfig\SharedCommonConfig.xml" />
      </DeploymentItems>
      <TcmInformation testCaseId="4371" testRunId="26974" testResultId="100002" />
      <Execution id="a15d7aba-f39e-4a96-b479-fcfbefb91386" />
      <Properties>
        <Property>
          <Key>__Tfs_BuildUri__</Key>
          <Value>vstfs:///Build/Build/1903</Value>
        </Property>
        <Property>
          <Key>__Tfs_IsInLabEnvironment__</Key>
          <Value>true</Value>
        </Property>
        <Property>
          <Key>__Tfs_TestRunId__</Key>
          <Value>26974</Value>
        </Property>
        <Property>
          <Key>__Tfs_TestCaseId__</Key>
          <Value>4371</Value>
        </Property>
        <Property>
          <Key>__Tfs_TeamProject__</Key>
          <Value>WebSphere</Value>
        </Property>
        <Property>
          <Key>__Tfs_BuildDirectory__</Key>
          <Value>\\CMP01-YKUMAR\QATestAutomationBuildsDrop\QATestAutomation\QATestAutomation_20180514.3</Value>
        </Property>
        <Property>
          <Key>__Tfs_LabEnvironment__</Key>
          <Value>&lt;?xml version="1.0" encoding="utf-16"?&gt;&lt;LabEnvironment Id="877963a7-28da-4117-9475-1e22fce445cb" Name="CMP01-YKumar" Uri="vstfs:///LabManagement/LabEnvironment/268"&gt;&lt;LabSystems&gt;&lt;LabSystem Name="cmp01-ykumar" ComputerName="CMP01-YKUMAR.horizonhobby.com" Roles="BS2CUIT"&gt;&lt;CustomProperties /&gt;&lt;/LabSystem&gt;&lt;/LabSystems&gt;&lt;/LabEnvironment&gt;</Value>
        </Property>
        <Property>
          <Key>__Tfs_TestConfigurationId__</Key>
          <Value>17</Value>
        </Property>
        <Property>
          <Key>__Tfs_TestPlanId__</Key>
          <Value>13</Value>
        </Property>
        <Property>
          <Key>__Tfs_TestConfigurationName__</Key>
          <Value>Win 7 with IE 11</Value>
        </Property>
        <Property>
          <Key>__Tfs_TestPointId__</Key>
          <Value>110255</Value>
        </Property>
        <Property>
          <Key>__Tfs_TfsServerCollectionUrl__</Key>
          <Value>http://cmp02-app05:8080/tfs/defaultcollection</Value>
        </Property>
        <Property>
          <Key>__Tfs_BuildPlatform__</Key>
          <Value>Any CPU</Value>
        </Property>
        <Property>
          <Key>__Tfs_BuildNumber__</Key>
          <Value>QATestAutomation_20180514.3</Value>
        </Property>
        <Property>
          <Key>__Tfs_BuildFlavor__</Key>
          <Value>Debug</Value>
        </Property>
        <Property>
          <Key>__Tfs_BuildConfigurationId__</Key>
          <Value>26978</Value>
        </Property>
      </Properties>
      <TestMethod codeBase="file://CMP01-YKUMAR/QATestAutomationBuildsDrop/QATestAutomation/QATestAutomation_20180514.3/Checkout_Test.DLL" adapterTypeName="Microsoft.VisualStudio.TestTools.TestTypes.Unit.UnitTestAdapter, Microsoft.VisualStudio.QualityTools.Tips.UnitTest.Adapter, Version=12.0.0.0, Culture=neutral, PublicKeyToken=b03f5f7f11d50a3a" className="TestAuto.CheckoutCreditCard, Checkout_Test, Version=1.0.0.0, Culture=neutral, PublicKeyToken=null" name="OrderConfirmationEmailSentGuestUser" />
      <Extension>Microsoft.VisualStudio.TestTools.UITesting.CodedUITestAttribute, Microsoft.VisualStudio.QualityTools.CodedUITestFramework, Version=12.0.0.0, Culture=neutral, PublicKeyToken=b03f5f7f11d50a3a</Extension>
    </UnitTest>
    <UnitTest name="POBoxAddressFilter" storage="\\cmp01-ykumar\qatestautomationbuildsdrop\qatestautomation\qatestautomation_20180514.3\checkout_test.dll" id="935f70be-4f3b-e60d-8e35-2214456580b7">
      <DeploymentItems>
        <DeploymentItem filename="TestData\CheckoutCreditCard.xml" />
        <DeploymentItem filename="SharedCommonConfig\SharedCommonConfig.xml" />
      </DeploymentItems>
      <TcmInformation testCaseId="6058" testRunId="26974" testResultId="100034" />
      <Execution id="eff42dbe-4ee6-4ff1-9add-9007dbc47716" />
      <Properties>
        <Property>
          <Key>__Tfs_BuildUri__</Key>
          <Value>vstfs:///Build/Build/1903</Value>
        </Property>
        <Property>
          <Key>__Tfs_IsInLabEnvironment__</Key>
          <Value>true</Value>
        </Property>
        <Property>
          <Key>__Tfs_TestRunId__</Key>
          <Value>26974</Value>
        </Property>
        <Property>
          <Key>__Tfs_TestCaseId__</Key>
          <Value>6058</Value>
        </Property>
        <Property>
          <Key>__Tfs_TeamProject__</Key>
          <Value>WebSphere</Value>
        </Property>
        <Property>
          <Key>__Tfs_BuildDirectory__</Key>
          <Value>\\CMP01-YKUMAR\QATestAutomationBuildsDrop\QATestAutomation\QATestAutomation_20180514.3</Value>
        </Property>
        <Property>
          <Key>__Tfs_LabEnvironment__</Key>
          <Value>&lt;?xml version="1.0" encoding="utf-16"?&gt;&lt;LabEnvironment Id="877963a7-28da-4117-9475-1e22fce445cb" Name="CMP01-YKumar" Uri="vstfs:///LabManagement/LabEnvironment/268"&gt;&lt;LabSystems&gt;&lt;LabSystem Name="cmp01-ykumar" ComputerName="CMP01-YKUMAR.horizonhobby.com" Roles="BS2CUIT"&gt;&lt;CustomProperties /&gt;&lt;/LabSystem&gt;&lt;/LabSystems&gt;&lt;/LabEnvironment&gt;</Value>
        </Property>
        <Property>
          <Key>__Tfs_TestConfigurationId__</Key>
          <Value>17</Value>
        </Property>
        <Property>
          <Key>__Tfs_TestPlanId__</Key>
          <Value>13</Value>
        </Property>
        <Property>
          <Key>__Tfs_TestConfigurationName__</Key>
          <Value>Win 7 with IE 11</Value>
        </Property>
        <Property>
          <Key>__Tfs_TestPointId__</Key>
          <Value>110291</Value>
        </Property>
        <Property>
          <Key>__Tfs_TfsServerCollectionUrl__</Key>
          <Value>http://cmp02-app05:8080/tfs/defaultcollection</Value>
        </Property>
        <Property>
          <Key>__Tfs_BuildPlatform__</Key>
          <Value>Any CPU</Value>
        </Property>
        <Property>
          <Key>__Tfs_BuildNumber__</Key>
          <Value>QATestAutomation_20180514.3</Value>
        </Property>
        <Property>
          <Key>__Tfs_BuildFlavor__</Key>
          <Value>Debug</Value>
        </Property>
        <Property>
          <Key>__Tfs_BuildConfigurationId__</Key>
          <Value>26978</Value>
        </Property>
      </Properties>
      <TestMethod codeBase="file://CMP01-YKUMAR/QATestAutomationBuildsDrop/QATestAutomation/QATestAutomation_20180514.3/Checkout_Test.DLL" adapterTypeName="Microsoft.VisualStudio.TestTools.TestTypes.Unit.UnitTestAdapter, Microsoft.VisualStudio.QualityTools.Tips.UnitTest.Adapter, Version=12.0.0.0, Culture=neutral, PublicKeyToken=b03f5f7f11d50a3a" className="TestAuto.CheckoutCreditCard, Checkout_Test, Version=1.0.0.0, Culture=neutral, PublicKeyToken=null" name="POBoxAddressFilter" />
      <Extension>Microsoft.VisualStudio.TestTools.UITesting.CodedUITestAttribute, Microsoft.VisualStudio.QualityTools.CodedUITestFramework, Version=12.0.0.0, Culture=neutral, PublicKeyToken=b03f5f7f11d50a3a</Extension>
    </UnitTest>
    <UnitTest name="InternationalUserShoppingCartUsability" storage="\\cmp01-ykumar\qatestautomationbuildsdrop\qatestautomation\qatestautomation_20180514.3\borderfree.dll" id="a4c6fb01-f8de-6088-b50b-566ca4c3804b">
      <DeploymentItems>
        <DeploymentItem filename="TestData\BorderFreeTestData.xml" />
        <DeploymentItem filename="SharedCommonConfig\SharedCommonConfig.xml" />
      </DeploymentItems>
      <TcmInformation testCaseId="6628" testRunId="26974" testResultId="100046" />
      <Execution id="e48f9ff7-c46c-4946-87b2-54d446cc48c1" />
      <Properties>
        <Property>
          <Key>__Tfs_BuildUri__</Key>
          <Value>vstfs:///Build/Build/1903</Value>
        </Property>
        <Property>
          <Key>__Tfs_IsInLabEnvironment__</Key>
          <Value>true</Value>
        </Property>
        <Property>
          <Key>__Tfs_TestRunId__</Key>
          <Value>26974</Value>
        </Property>
        <Property>
          <Key>__Tfs_TestCaseId__</Key>
          <Value>6628</Value>
        </Property>
        <Property>
          <Key>__Tfs_TeamProject__</Key>
          <Value>WebSphere</Value>
        </Property>
        <Property>
          <Key>__Tfs_BuildDirectory__</Key>
          <Value>\\CMP01-YKUMAR\QATestAutomationBuildsDrop\QATestAutomation\QATestAutomation_20180514.3</Value>
        </Property>
        <Property>
          <Key>__Tfs_LabEnvironment__</Key>
          <Value>&lt;?xml version="1.0" encoding="utf-16"?&gt;&lt;LabEnvironment Id="877963a7-28da-4117-9475-1e22fce445cb" Name="CMP01-YKumar" Uri="vstfs:///LabManagement/LabEnvironment/268"&gt;&lt;LabSystems&gt;&lt;LabSystem Name="cmp01-ykumar" ComputerName="CMP01-YKUMAR.horizonhobby.com" Roles="BS2CUIT"&gt;&lt;CustomProperties /&gt;&lt;/LabSystem&gt;&lt;/LabSystems&gt;&lt;/LabEnvironment&gt;</Value>
        </Property>
        <Property>
          <Key>__Tfs_TestConfigurationId__</Key>
          <Value>17</Value>
        </Property>
        <Property>
          <Key>__Tfs_TestPlanId__</Key>
          <Value>13</Value>
        </Property>
        <Property>
          <Key>__Tfs_TestConfigurationName__</Key>
          <Value>Win 7 with IE 11</Value>
        </Property>
        <Property>
          <Key>__Tfs_TestPointId__</Key>
          <Value>110315</Value>
        </Property>
        <Property>
          <Key>__Tfs_TfsServerCollectionUrl__</Key>
          <Value>http://cmp02-app05:8080/tfs/defaultcollection</Value>
        </Property>
        <Property>
          <Key>__Tfs_BuildPlatform__</Key>
          <Value>Any CPU</Value>
        </Property>
        <Property>
          <Key>__Tfs_BuildNumber__</Key>
          <Value>QATestAutomation_20180514.3</Value>
        </Property>
        <Property>
          <Key>__Tfs_BuildFlavor__</Key>
          <Value>Debug</Value>
        </Property>
        <Property>
          <Key>__Tfs_BuildConfigurationId__</Key>
          <Value>26978</Value>
        </Property>
      </Properties>
      <TestMethod codeBase="file://CMP01-YKUMAR/QATestAutomationBuildsDrop/QATestAutomation/QATestAutomation_20180514.3/BorderFree.DLL" adapterTypeName="Microsoft.VisualStudio.TestTools.TestTypes.Unit.UnitTestAdapter, Microsoft.VisualStudio.QualityTools.Tips.UnitTest.Adapter, Version=12.0.0.0, Culture=neutral, PublicKeyToken=b03f5f7f11d50a3a" className="TestAuto.BorderFree, BorderFree, Version=1.0.0.0, Culture=neutral, PublicKeyToken=null" name="InternationalUserShoppingCartUsability" />
      <Extension>Microsoft.VisualStudio.TestTools.UITesting.CodedUITestAttribute, Microsoft.VisualStudio.QualityTools.CodedUITestFramework, Version=12.0.0.0, Culture=neutral, PublicKeyToken=b03f5f7f11d50a3a</Extension>
    </UnitTest>
    <UnitTest name="ShippingPromoCodes" storage="\\cmp01-ykumar\qatestautomationbuildsdrop\qatestautomation\qatestautomation_20180514.3\cartdisplaytest.dll" id="e3edf36e-a94b-6a3e-ff33-5de15c13ef49">
      <DeploymentItems>
        <DeploymentItem filename="TestData\CartDisplayTestData.xml" />
        <DeploymentItem filename="SharedCommonConfig\SharedCommonConfig.xml" />
      </DeploymentItems>
      <TcmInformation testCaseId="4426" testRunId="26974" testResultId="100005" />
      <Execution id="7a5fa7da-892c-4f57-89d8-b9e9bcdc923e" />
      <Properties>
        <Property>
          <Key>__Tfs_BuildUri__</Key>
          <Value>vstfs:///Build/Build/1903</Value>
        </Property>
        <Property>
          <Key>__Tfs_IsInLabEnvironment__</Key>
          <Value>true</Value>
        </Property>
        <Property>
          <Key>__Tfs_TestRunId__</Key>
          <Value>26974</Value>
        </Property>
        <Property>
          <Key>__Tfs_TestCaseId__</Key>
          <Value>4426</Value>
        </Property>
        <Property>
          <Key>__Tfs_TeamProject__</Key>
          <Value>WebSphere</Value>
        </Property>
        <Property>
          <Key>__Tfs_BuildDirectory__</Key>
          <Value>\\CMP01-YKUMAR\QATestAutomationBuildsDrop\QATestAutomation\QATestAutomation_20180514.3</Value>
        </Property>
        <Property>
          <Key>__Tfs_LabEnvironment__</Key>
          <Value>&lt;?xml version="1.0" encoding="utf-16"?&gt;&lt;LabEnvironment Id="877963a7-28da-4117-9475-1e22fce445cb" Name="CMP01-YKumar" Uri="vstfs:///LabManagement/LabEnvironment/268"&gt;&lt;LabSystems&gt;&lt;LabSystem Name="cmp01-ykumar" ComputerName="CMP01-YKUMAR.horizonhobby.com" Roles="BS2CUIT"&gt;&lt;CustomProperties /&gt;&lt;/LabSystem&gt;&lt;/LabSystems&gt;&lt;/LabEnvironment&gt;</Value>
        </Property>
        <Property>
          <Key>__Tfs_TestConfigurationId__</Key>
          <Value>17</Value>
        </Property>
        <Property>
          <Key>__Tfs_TestPlanId__</Key>
          <Value>13</Value>
        </Property>
        <Property>
          <Key>__Tfs_TestConfigurationName__</Key>
          <Value>Win 7 with IE 11</Value>
        </Property>
        <Property>
          <Key>__Tfs_TestPointId__</Key>
          <Value>110259</Value>
        </Property>
        <Property>
          <Key>__Tfs_TfsServerCollectionUrl__</Key>
          <Value>http://cmp02-app05:8080/tfs/defaultcollection</Value>
        </Property>
        <Property>
          <Key>__Tfs_BuildPlatform__</Key>
          <Value>Any CPU</Value>
        </Property>
        <Property>
          <Key>__Tfs_BuildNumber__</Key>
          <Value>QATestAutomation_20180514.3</Value>
        </Property>
        <Property>
          <Key>__Tfs_BuildFlavor__</Key>
          <Value>Debug</Value>
        </Property>
        <Property>
          <Key>__Tfs_BuildConfigurationId__</Key>
          <Value>26978</Value>
        </Property>
      </Properties>
      <TestMethod codeBase="file://CMP01-YKUMAR/QATestAutomationBuildsDrop/QATestAutomation/QATestAutomation_20180514.3/CartDisplayTest.DLL" adapterTypeName="Microsoft.VisualStudio.TestTools.TestTypes.Unit.UnitTestAdapter, Microsoft.VisualStudio.QualityTools.Tips.UnitTest.Adapter, Version=12.0.0.0, Culture=neutral, PublicKeyToken=b03f5f7f11d50a3a" className="TestAuto.CartDisplayTest, CartDisplayTest, Version=1.0.0.0, Culture=neutral, PublicKeyToken=null" name="ShippingPromoCodes" />
      <Extension>Microsoft.VisualStudio.TestTools.UITesting.CodedUITestAttribute, Microsoft.VisualStudio.QualityTools.CodedUITestFramework, Version=12.0.0.0, Culture=neutral, PublicKeyToken=b03f5f7f11d50a3a</Extension>
    </UnitTest>
    <UnitTest name="SupportedShippingCountryList" storage="\\cmp01-ykumar\qatestautomationbuildsdrop\qatestautomation\qatestautomation_20180514.3\borderfree.dll" id="0f2e97b5-1865-1de8-ef2e-e732370e80e3">
      <DeploymentItems>
        <DeploymentItem filename="TestData\BorderFreeTestData.xml" />
        <DeploymentItem filename="SharedCommonConfig\SharedCommonConfig.xml" />
      </DeploymentItems>
      <TcmInformation testCaseId="4509" testRunId="26974" testResultId="100011" />
      <Execution id="f9b664ea-33f7-422d-a529-c533a0f50c3a" />
      <Properties>
        <Property>
          <Key>__Tfs_BuildUri__</Key>
          <Value>vstfs:///Build/Build/1903</Value>
        </Property>
        <Property>
          <Key>__Tfs_IsInLabEnvironment__</Key>
          <Value>true</Value>
        </Property>
        <Property>
          <Key>__Tfs_TestRunId__</Key>
          <Value>26974</Value>
        </Property>
        <Property>
          <Key>__Tfs_TestCaseId__</Key>
          <Value>4509</Value>
        </Property>
        <Property>
          <Key>__Tfs_TeamProject__</Key>
          <Value>WebSphere</Value>
        </Property>
        <Property>
          <Key>__Tfs_BuildDirectory__</Key>
          <Value>\\CMP01-YKUMAR\QATestAutomationBuildsDrop\QATestAutomation\QATestAutomation_20180514.3</Value>
        </Property>
        <Property>
          <Key>__Tfs_LabEnvironment__</Key>
          <Value>&lt;?xml version="1.0" encoding="utf-16"?&gt;&lt;LabEnvironment Id="877963a7-28da-4117-9475-1e22fce445cb" Name="CMP01-YKumar" Uri="vstfs:///LabManagement/LabEnvironment/268"&gt;&lt;LabSystems&gt;&lt;LabSystem Name="cmp01-ykumar" ComputerName="CMP01-YKUMAR.horizonhobby.com" Roles="BS2CUIT"&gt;&lt;CustomProperties /&gt;&lt;/LabSystem&gt;&lt;/LabSystems&gt;&lt;/LabEnvironment&gt;</Value>
        </Property>
        <Property>
          <Key>__Tfs_TestConfigurationId__</Key>
          <Value>17</Value>
        </Property>
        <Property>
          <Key>__Tfs_TestPlanId__</Key>
          <Value>13</Value>
        </Property>
        <Property>
          <Key>__Tfs_TestConfigurationName__</Key>
          <Value>Win 7 with IE 11</Value>
        </Property>
        <Property>
          <Key>__Tfs_TestPointId__</Key>
          <Value>110266</Value>
        </Property>
        <Property>
          <Key>__Tfs_TfsServerCollectionUrl__</Key>
          <Value>http://cmp02-app05:8080/tfs/defaultcollection</Value>
        </Property>
        <Property>
          <Key>__Tfs_BuildPlatform__</Key>
          <Value>Any CPU</Value>
        </Property>
        <Property>
          <Key>__Tfs_BuildNumber__</Key>
          <Value>QATestAutomation_20180514.3</Value>
        </Property>
        <Property>
          <Key>__Tfs_BuildFlavor__</Key>
          <Value>Debug</Value>
        </Property>
        <Property>
          <Key>__Tfs_BuildConfigurationId__</Key>
          <Value>26978</Value>
        </Property>
      </Properties>
      <TestMethod codeBase="file://CMP01-YKUMAR/QATestAutomationBuildsDrop/QATestAutomation/QATestAutomation_20180514.3/BorderFree.DLL" adapterTypeName="Microsoft.VisualStudio.TestTools.TestTypes.Unit.UnitTestAdapter, Microsoft.VisualStudio.QualityTools.Tips.UnitTest.Adapter, Version=12.0.0.0, Culture=neutral, PublicKeyToken=b03f5f7f11d50a3a" className="TestAuto.BorderFree, BorderFree, Version=1.0.0.0, Culture=neutral, PublicKeyToken=null" name="SupportedShippingCountryList" />
      <Extension>Microsoft.VisualStudio.TestTools.UITesting.CodedUITestAttribute, Microsoft.VisualStudio.QualityTools.CodedUITestFramework, Version=12.0.0.0, Culture=neutral, PublicKeyToken=b03f5f7f11d50a3a</Extension>
    </UnitTest>
    <UnitTest name="SelectDifferentCountryAndCurrencyFromContextChooser" storage="\\cmp01-ykumar\qatestautomationbuildsdrop\qatestautomation\qatestautomation_20180514.3\borderfree.dll" id="98b5fb22-71a5-9721-bc0c-bc58bb495add">
      <DeploymentItems>
        <DeploymentItem filename="TestData\BorderFreeTestData.xml" />
        <DeploymentItem filename="SharedCommonConfig\SharedCommonConfig.xml" />
      </DeploymentItems>
      <TcmInformation testCaseId="4514" testRunId="26974" testResultId="100014" />
      <Execution id="b86d4894-a9ce-40d6-970e-4f2d5c06541a" />
      <Properties>
        <Property>
          <Key>__Tfs_BuildUri__</Key>
          <Value>vstfs:///Build/Build/1903</Value>
        </Property>
        <Property>
          <Key>__Tfs_IsInLabEnvironment__</Key>
          <Value>true</Value>
        </Property>
        <Property>
          <Key>__Tfs_TestRunId__</Key>
          <Value>26974</Value>
        </Property>
        <Property>
          <Key>__Tfs_TestCaseId__</Key>
          <Value>4514</Value>
        </Property>
        <Property>
          <Key>__Tfs_TeamProject__</Key>
          <Value>WebSphere</Value>
        </Property>
        <Property>
          <Key>__Tfs_BuildDirectory__</Key>
          <Value>\\CMP01-YKUMAR\QATestAutomationBuildsDrop\QATestAutomation\QATestAutomation_20180514.3</Value>
        </Property>
        <Property>
          <Key>__Tfs_LabEnvironment__</Key>
          <Value>&lt;?xml version="1.0" encoding="utf-16"?&gt;&lt;LabEnvironment Id="877963a7-28da-4117-9475-1e22fce445cb" Name="CMP01-YKumar" Uri="vstfs:///LabManagement/LabEnvironment/268"&gt;&lt;LabSystems&gt;&lt;LabSystem Name="cmp01-ykumar" ComputerName="CMP01-YKUMAR.horizonhobby.com" Roles="BS2CUIT"&gt;&lt;CustomProperties /&gt;&lt;/LabSystem&gt;&lt;/LabSystems&gt;&lt;/LabEnvironment&gt;</Value>
        </Property>
        <Property>
          <Key>__Tfs_TestConfigurationId__</Key>
          <Value>17</Value>
        </Property>
        <Property>
          <Key>__Tfs_TestPlanId__</Key>
          <Value>13</Value>
        </Property>
        <Property>
          <Key>__Tfs_TestConfigurationName__</Key>
          <Value>Win 7 with IE 11</Value>
        </Property>
        <Property>
          <Key>__Tfs_TestPointId__</Key>
          <Value>110269</Value>
        </Property>
        <Property>
          <Key>__Tfs_TfsServerCollectionUrl__</Key>
          <Value>http://cmp02-app05:8080/tfs/defaultcollection</Value>
        </Property>
        <Property>
          <Key>__Tfs_BuildPlatform__</Key>
          <Value>Any CPU</Value>
        </Property>
        <Property>
          <Key>__Tfs_BuildNumber__</Key>
          <Value>QATestAutomation_20180514.3</Value>
        </Property>
        <Property>
          <Key>__Tfs_BuildFlavor__</Key>
          <Value>Debug</Value>
        </Property>
        <Property>
          <Key>__Tfs_BuildConfigurationId__</Key>
          <Value>26978</Value>
        </Property>
      </Properties>
      <TestMethod codeBase="file://CMP01-YKUMAR/QATestAutomationBuildsDrop/QATestAutomation/QATestAutomation_20180514.3/BorderFree.DLL" adapterTypeName="Microsoft.VisualStudio.TestTools.TestTypes.Unit.UnitTestAdapter, Microsoft.VisualStudio.QualityTools.Tips.UnitTest.Adapter, Version=12.0.0.0, Culture=neutral, PublicKeyToken=b03f5f7f11d50a3a" className="TestAuto.BorderFree, BorderFree, Version=1.0.0.0, Culture=neutral, PublicKeyToken=null" name="SelectDifferentCountryAndCurrencyFromContextChooser" />
      <Extension>Microsoft.VisualStudio.TestTools.UITesting.CodedUITestAttribute, Microsoft.VisualStudio.QualityTools.CodedUITestFramework, Version=12.0.0.0, Culture=neutral, PublicKeyToken=b03f5f7f11d50a3a</Extension>
    </UnitTest>
    <UnitTest name="OrderDiscountValidation" storage="\\cmp01-ykumar\qatestautomationbuildsdrop\qatestautomation\qatestautomation_20180514.3\cartdisplaytest.dll" id="2dec7498-7786-1f8c-3663-a6007e5c6521">
      <DeploymentItems>
        <DeploymentItem filename="TestData\CartDisplayTestData.xml" />
        <DeploymentItem filename="SharedCommonConfig\SharedCommonConfig.xml" />
      </DeploymentItems>
      <TcmInformation testCaseId="4427" testRunId="26974" testResultId="100006" />
      <Execution id="ebcd2c24-826b-47a8-a45b-2414596776ea" />
      <Properties>
        <Property>
          <Key>__Tfs_BuildUri__</Key>
          <Value>vstfs:///Build/Build/1903</Value>
        </Property>
        <Property>
          <Key>__Tfs_IsInLabEnvironment__</Key>
          <Value>true</Value>
        </Property>
        <Property>
          <Key>__Tfs_TestRunId__</Key>
          <Value>26974</Value>
        </Property>
        <Property>
          <Key>__Tfs_TestCaseId__</Key>
          <Value>4427</Value>
        </Property>
        <Property>
          <Key>__Tfs_TeamProject__</Key>
          <Value>WebSphere</Value>
        </Property>
        <Property>
          <Key>__Tfs_BuildDirectory__</Key>
          <Value>\\CMP01-YKUMAR\QATestAutomationBuildsDrop\QATestAutomation\QATestAutomation_20180514.3</Value>
        </Property>
        <Property>
          <Key>__Tfs_LabEnvironment__</Key>
          <Value>&lt;?xml version="1.0" encoding="utf-16"?&gt;&lt;LabEnvironment Id="877963a7-28da-4117-9475-1e22fce445cb" Name="CMP01-YKumar" Uri="vstfs:///LabManagement/LabEnvironment/268"&gt;&lt;LabSystems&gt;&lt;LabSystem Name="cmp01-ykumar" ComputerName="CMP01-YKUMAR.horizonhobby.com" Roles="BS2CUIT"&gt;&lt;CustomProperties /&gt;&lt;/LabSystem&gt;&lt;/LabSystems&gt;&lt;/LabEnvironment&gt;</Value>
        </Property>
        <Property>
          <Key>__Tfs_TestConfigurationId__</Key>
          <Value>17</Value>
        </Property>
        <Property>
          <Key>__Tfs_TestPlanId__</Key>
          <Value>13</Value>
        </Property>
        <Property>
          <Key>__Tfs_TestConfigurationName__</Key>
          <Value>Win 7 with IE 11</Value>
        </Property>
        <Property>
          <Key>__Tfs_TestPointId__</Key>
          <Value>110260</Value>
        </Property>
        <Property>
          <Key>__Tfs_TfsServerCollectionUrl__</Key>
          <Value>http://cmp02-app05:8080/tfs/defaultcollection</Value>
        </Property>
        <Property>
          <Key>__Tfs_BuildPlatform__</Key>
          <Value>Any CPU</Value>
        </Property>
        <Property>
          <Key>__Tfs_BuildNumber__</Key>
          <Value>QATestAutomation_20180514.3</Value>
        </Property>
        <Property>
          <Key>__Tfs_BuildFlavor__</Key>
          <Value>Debug</Value>
        </Property>
        <Property>
          <Key>__Tfs_BuildConfigurationId__</Key>
          <Value>26978</Value>
        </Property>
      </Properties>
      <TestMethod codeBase="file://CMP01-YKUMAR/QATestAutomationBuildsDrop/QATestAutomation/QATestAutomation_20180514.3/CartDisplayTest.DLL" adapterTypeName="Microsoft.VisualStudio.TestTools.TestTypes.Unit.UnitTestAdapter, Microsoft.VisualStudio.QualityTools.Tips.UnitTest.Adapter, Version=12.0.0.0, Culture=neutral, PublicKeyToken=b03f5f7f11d50a3a" className="TestAuto.CartDisplayTest, CartDisplayTest, Version=1.0.0.0, Culture=neutral, PublicKeyToken=null" name="OrderDiscountValidation" />
      <Extension>Microsoft.VisualStudio.TestTools.UITesting.CodedUITestAttribute, Microsoft.VisualStudio.QualityTools.CodedUITestFramework, Version=12.0.0.0, Culture=neutral, PublicKeyToken=b03f5f7f11d50a3a</Extension>
    </UnitTest>
    <UnitTest name="HRCCOrderConfirmationSignInNonRewardEnabledUser" storage="\\cmp01-ykumar\qatestautomationbuildsdrop\qatestautomation\qatestautomation_20180514.3\myaccount.dll" id="e58a3493-6306-79a3-4243-24dce3ab53ea">
      <DeploymentItems>
        <DeploymentItem filename="TestData\MyAccountTestData.xml" />
        <DeploymentItem filename="SharedCommonConfig\SharedCommonConfig.xml" />
      </DeploymentItems>
      <TcmInformation testCaseId="9523" testRunId="26974" testResultId="100059" />
      <Execution id="dea567e5-df3a-43a1-ab2a-ea6b29ca0472" />
      <Properties>
        <Property>
          <Key>__Tfs_BuildUri__</Key>
          <Value>vstfs:///Build/Build/1903</Value>
        </Property>
        <Property>
          <Key>__Tfs_IsInLabEnvironment__</Key>
          <Value>true</Value>
        </Property>
        <Property>
          <Key>__Tfs_TestRunId__</Key>
          <Value>26974</Value>
        </Property>
        <Property>
          <Key>__Tfs_TestCaseId__</Key>
          <Value>9523</Value>
        </Property>
        <Property>
          <Key>__Tfs_TeamProject__</Key>
          <Value>WebSphere</Value>
        </Property>
        <Property>
          <Key>__Tfs_BuildDirectory__</Key>
          <Value>\\CMP01-YKUMAR\QATestAutomationBuildsDrop\QATestAutomation\QATestAutomation_20180514.3</Value>
        </Property>
        <Property>
          <Key>__Tfs_LabEnvironment__</Key>
          <Value>&lt;?xml version="1.0" encoding="utf-16"?&gt;&lt;LabEnvironment Id="877963a7-28da-4117-9475-1e22fce445cb" Name="CMP01-YKumar" Uri="vstfs:///LabManagement/LabEnvironment/268"&gt;&lt;LabSystems&gt;&lt;LabSystem Name="cmp01-ykumar" ComputerName="CMP01-YKUMAR.horizonhobby.com" Roles="BS2CUIT"&gt;&lt;CustomProperties /&gt;&lt;/LabSystem&gt;&lt;/LabSystems&gt;&lt;/LabEnvironment&gt;</Value>
        </Property>
        <Property>
          <Key>__Tfs_TestConfigurationId__</Key>
          <Value>17</Value>
        </Property>
        <Property>
          <Key>__Tfs_TestPlanId__</Key>
          <Value>13</Value>
        </Property>
        <Property>
          <Key>__Tfs_TestConfigurationName__</Key>
          <Value>Win 7 with IE 11</Value>
        </Property>
        <Property>
          <Key>__Tfs_TestPointId__</Key>
          <Value>154184</Value>
        </Property>
        <Property>
          <Key>__Tfs_TfsServerCollectionUrl__</Key>
          <Value>http://cmp02-app05:8080/tfs/defaultcollection</Value>
        </Property>
        <Property>
          <Key>__Tfs_BuildPlatform__</Key>
          <Value>Any CPU</Value>
        </Property>
        <Property>
          <Key>__Tfs_BuildNumber__</Key>
          <Value>QATestAutomation_20180514.3</Value>
        </Property>
        <Property>
          <Key>__Tfs_BuildFlavor__</Key>
          <Value>Debug</Value>
        </Property>
        <Property>
          <Key>__Tfs_BuildConfigurationId__</Key>
          <Value>26978</Value>
        </Property>
      </Properties>
      <TestMethod codeBase="file://CMP01-YKUMAR/QATestAutomationBuildsDrop/QATestAutomation/QATestAutomation_20180514.3/MyAccount.DLL" adapterTypeName="Microsoft.VisualStudio.TestTools.TestTypes.Unit.UnitTestAdapter, Microsoft.VisualStudio.QualityTools.Tips.UnitTest.Adapter, Version=12.0.0.0, Culture=neutral, PublicKeyToken=b03f5f7f11d50a3a" className="TestAuto.MyAccount, MyAccount, Version=1.0.0.0, Culture=neutral, PublicKeyToken=null" name="HRCCOrderConfirmationSignInNonRewardEnabledUser" />
      <Extension>Microsoft.VisualStudio.TestTools.UITesting.CodedUITestAttribute, Microsoft.VisualStudio.QualityTools.CodedUITestFramework, Version=12.0.0.0, Culture=neutral, PublicKeyToken=b03f5f7f11d50a3a</Extension>
    </UnitTest>
    <UnitTest name="HRCCRewardDashboardpage" storage="\\cmp01-ykumar\qatestautomationbuildsdrop\qatestautomation\qatestautomation_20180514.3\myaccount.dll" id="89c165a1-7ac9-607c-28d5-09565c26a1ac">
      <DeploymentItems>
        <DeploymentItem filename="TestData\MyAccountTestData.xml" />
        <DeploymentItem filename="SharedCommonConfig\SharedCommonConfig.xml" />
      </DeploymentItems>
      <TcmInformation testCaseId="6898" testRunId="26974" testResultId="100050" />
      <Execution id="3420b618-cd24-4511-b027-f5a7801eb67b" />
      <Properties>
        <Property>
          <Key>__Tfs_BuildUri__</Key>
          <Value>vstfs:///Build/Build/1903</Value>
        </Property>
        <Property>
          <Key>__Tfs_IsInLabEnvironment__</Key>
          <Value>true</Value>
        </Property>
        <Property>
          <Key>__Tfs_TestRunId__</Key>
          <Value>26974</Value>
        </Property>
        <Property>
          <Key>__Tfs_TestCaseId__</Key>
          <Value>6898</Value>
        </Property>
        <Property>
          <Key>__Tfs_TeamProject__</Key>
          <Value>WebSphere</Value>
        </Property>
        <Property>
          <Key>__Tfs_BuildDirectory__</Key>
          <Value>\\CMP01-YKUMAR\QATestAutomationBuildsDrop\QATestAutomation\QATestAutomation_20180514.3</Value>
        </Property>
        <Property>
          <Key>__Tfs_LabEnvironment__</Key>
          <Value>&lt;?xml version="1.0" encoding="utf-16"?&gt;&lt;LabEnvironment Id="877963a7-28da-4117-9475-1e22fce445cb" Name="CMP01-YKumar" Uri="vstfs:///LabManagement/LabEnvironment/268"&gt;&lt;LabSystems&gt;&lt;LabSystem Name="cmp01-ykumar" ComputerName="CMP01-YKUMAR.horizonhobby.com" Roles="BS2CUIT"&gt;&lt;CustomProperties /&gt;&lt;/LabSystem&gt;&lt;/LabSystems&gt;&lt;/LabEnvironment&gt;</Value>
        </Property>
        <Property>
          <Key>__Tfs_TestConfigurationId__</Key>
          <Value>17</Value>
        </Property>
        <Property>
          <Key>__Tfs_TestPlanId__</Key>
          <Value>13</Value>
        </Property>
        <Property>
          <Key>__Tfs_TestConfigurationName__</Key>
          <Value>Win 7 with IE 11</Value>
        </Property>
        <Property>
          <Key>__Tfs_TestPointId__</Key>
          <Value>150430</Value>
        </Property>
        <Property>
          <Key>__Tfs_TfsServerCollectionUrl__</Key>
          <Value>http://cmp02-app05:8080/tfs/defaultcollection</Value>
        </Property>
        <Property>
          <Key>__Tfs_BuildPlatform__</Key>
          <Value>Any CPU</Value>
        </Property>
        <Property>
          <Key>__Tfs_BuildNumber__</Key>
          <Value>QATestAutomation_20180514.3</Value>
        </Property>
        <Property>
          <Key>__Tfs_BuildFlavor__</Key>
          <Value>Debug</Value>
        </Property>
        <Property>
          <Key>__Tfs_BuildConfigurationId__</Key>
          <Value>26978</Value>
        </Property>
      </Properties>
      <TestMethod codeBase="file://CMP01-YKUMAR/QATestAutomationBuildsDrop/QATestAutomation/QATestAutomation_20180514.3/MyAccount.DLL" adapterTypeName="Microsoft.VisualStudio.TestTools.TestTypes.Unit.UnitTestAdapter, Microsoft.VisualStudio.QualityTools.Tips.UnitTest.Adapter, Version=12.0.0.0, Culture=neutral, PublicKeyToken=b03f5f7f11d50a3a" className="TestAuto.MyAccount, MyAccount, Version=1.0.0.0, Culture=neutral, PublicKeyToken=null" name="HRCCRewardDashboardpage" />
      <Extension>Microsoft.VisualStudio.TestTools.UITesting.CodedUITestAttribute, Microsoft.VisualStudio.QualityTools.CodedUITestFramework, Version=12.0.0.0, Culture=neutral, PublicKeyToken=b03f5f7f11d50a3a</Extension>
    </UnitTest>
    <UnitTest name="POBoxAddressFilterWithoutSpace" storage="\\cmp01-ykumar\qatestautomationbuildsdrop\qatestautomation\qatestautomation_20180514.3\checkout_test.dll" id="1c6493b6-afc9-e1f2-1eda-b83b6f072138">
      <DeploymentItems>
        <DeploymentItem filename="TestData\CheckoutCreditCard.xml" />
        <DeploymentItem filename="SharedCommonConfig\SharedCommonConfig.xml" />
      </DeploymentItems>
      <TcmInformation testCaseId="6064" testRunId="26974" testResultId="100036" />
      <Execution id="a04309c8-1df7-45b0-854b-ae100b6df480" />
      <Properties>
        <Property>
          <Key>__Tfs_BuildUri__</Key>
          <Value>vstfs:///Build/Build/1903</Value>
        </Property>
        <Property>
          <Key>__Tfs_IsInLabEnvironment__</Key>
          <Value>true</Value>
        </Property>
        <Property>
          <Key>__Tfs_TestRunId__</Key>
          <Value>26974</Value>
        </Property>
        <Property>
          <Key>__Tfs_TestCaseId__</Key>
          <Value>6064</Value>
        </Property>
        <Property>
          <Key>__Tfs_TeamProject__</Key>
          <Value>WebSphere</Value>
        </Property>
        <Property>
          <Key>__Tfs_BuildDirectory__</Key>
          <Value>\\CMP01-YKUMAR\QATestAutomationBuildsDrop\QATestAutomation\QATestAutomation_20180514.3</Value>
        </Property>
        <Property>
          <Key>__Tfs_LabEnvironment__</Key>
          <Value>&lt;?xml version="1.0" encoding="utf-16"?&gt;&lt;LabEnvironment Id="877963a7-28da-4117-9475-1e22fce445cb" Name="CMP01-YKumar" Uri="vstfs:///LabManagement/LabEnvironment/268"&gt;&lt;LabSystems&gt;&lt;LabSystem Name="cmp01-ykumar" ComputerName="CMP01-YKUMAR.horizonhobby.com" Roles="BS2CUIT"&gt;&lt;CustomProperties /&gt;&lt;/LabSystem&gt;&lt;/LabSystems&gt;&lt;/LabEnvironment&gt;</Value>
        </Property>
        <Property>
          <Key>__Tfs_TestConfigurationId__</Key>
          <Value>17</Value>
        </Property>
        <Property>
          <Key>__Tfs_TestPlanId__</Key>
          <Value>13</Value>
        </Property>
        <Property>
          <Key>__Tfs_TestConfigurationName__</Key>
          <Value>Win 7 with IE 11</Value>
        </Property>
        <Property>
          <Key>__Tfs_TestPointId__</Key>
          <Value>110294</Value>
        </Property>
        <Property>
          <Key>__Tfs_TfsServerCollectionUrl__</Key>
          <Value>http://cmp02-app05:8080/tfs/defaultcollection</Value>
        </Property>
        <Property>
          <Key>__Tfs_BuildPlatform__</Key>
          <Value>Any CPU</Value>
        </Property>
        <Property>
          <Key>__Tfs_BuildNumber__</Key>
          <Value>QATestAutomation_20180514.3</Value>
        </Property>
        <Property>
          <Key>__Tfs_BuildFlavor__</Key>
          <Value>Debug</Value>
        </Property>
        <Property>
          <Key>__Tfs_BuildConfigurationId__</Key>
          <Value>26978</Value>
        </Property>
      </Properties>
      <TestMethod codeBase="file://CMP01-YKUMAR/QATestAutomationBuildsDrop/QATestAutomation/QATestAutomation_20180514.3/Checkout_Test.DLL" adapterTypeName="Microsoft.VisualStudio.TestTools.TestTypes.Unit.UnitTestAdapter, Microsoft.VisualStudio.QualityTools.Tips.UnitTest.Adapter, Version=12.0.0.0, Culture=neutral, PublicKeyToken=b03f5f7f11d50a3a" className="TestAuto.CheckoutCreditCard, Checkout_Test, Version=1.0.0.0, Culture=neutral, PublicKeyToken=null" name="POBoxAddressFilterWithoutSpace" />
      <Extension>Microsoft.VisualStudio.TestTools.UITesting.CodedUITestAttribute, Microsoft.VisualStudio.QualityTools.CodedUITestFramework, Version=12.0.0.0, Culture=neutral, PublicKeyToken=b03f5f7f11d50a3a</Extension>
    </UnitTest>
  </TestDefinitions>
  <TestLists>
    <TestList name="Results Not in a List" id="8c84fa94-04c1-424b-9868-57a2d4851a1d" />
    <TestList name="All Loaded Results" id="19431567-8539-422a-85d7-44ee4e166bda" />
  </TestLists>
  <TestEntries>
    <TestEntry testId="39df8b46-7e5f-4fc4-f833-051f052c360a" executionId="2c248269-982b-46fa-91be-ddb7aa1ddc7f" testListId="8c84fa94-04c1-424b-9868-57a2d4851a1d">
      <TcmInformation testCaseId="3981" testRunId="26974" testResultId="100000" />
    </TestEntry>
    <TestEntry testId="f09ffc63-6939-094e-bfd3-b209000ae3f0" executionId="2a9964a9-a455-4774-be5f-bafdfcf65e94" testListId="8c84fa94-04c1-424b-9868-57a2d4851a1d">
      <TcmInformation testCaseId="3982" testRunId="26974" testResultId="100001" />
    </TestEntry>
    <TestEntry testId="13a9ceaa-27b9-e071-75b8-0ad6bc006d10" executionId="a15d7aba-f39e-4a96-b479-fcfbefb91386" testListId="8c84fa94-04c1-424b-9868-57a2d4851a1d">
      <TcmInformation testCaseId="4371" testRunId="26974" testResultId="100002" />
    </TestEntry>
    <TestEntry testId="ed0cd291-6105-7bed-a3db-826a91264a2b" executionId="77703c1a-4fc4-4239-bb4b-c96031b977f3" testListId="8c84fa94-04c1-424b-9868-57a2d4851a1d">
      <TcmInformation testCaseId="4395" testRunId="26974" testResultId="100003" />
    </TestEntry>
    <TestEntry testId="2c13f11c-4c3b-b325-ad09-0cb39bb944c1" executionId="413544e4-8230-4c6e-9348-bd2ccecd4e66" testListId="8c84fa94-04c1-424b-9868-57a2d4851a1d">
      <TcmInformation testCaseId="4425" testRunId="26974" testResultId="100004" />
    </TestEntry>
    <TestEntry testId="e3edf36e-a94b-6a3e-ff33-5de15c13ef49" executionId="7a5fa7da-892c-4f57-89d8-b9e9bcdc923e" testListId="8c84fa94-04c1-424b-9868-57a2d4851a1d">
      <TcmInformation testCaseId="4426" testRunId="26974" testResultId="100005" />
    </TestEntry>
    <TestEntry testId="2dec7498-7786-1f8c-3663-a6007e5c6521" executionId="ebcd2c24-826b-47a8-a45b-2414596776ea" testListId="8c84fa94-04c1-424b-9868-57a2d4851a1d">
      <TcmInformation testCaseId="4427" testRunId="26974" testResultId="100006" />
    </TestEntry>
    <TestEntry testId="450d2f15-c119-dd8f-390f-261cea6330a3" executionId="1a0591eb-46c5-4a51-9a7e-8a2e055a7db0" testListId="8c84fa94-04c1-424b-9868-57a2d4851a1d">
      <TcmInformation testCaseId="4428" testRunId="26974" testResultId="100007" />
    </TestEntry>
    <TestEntry testId="259bf6c0-ed43-8fa1-4f46-d7735f91353e" executionId="d174e0f4-03ab-4111-8dbb-708c8802e8df" testListId="8c84fa94-04c1-424b-9868-57a2d4851a1d">
      <TcmInformation testCaseId="4429" testRunId="26974" testResultId="100008" />
    </TestEntry>
    <TestEntry testId="45b1a834-6dba-8125-6aa8-bec09e7d335a" executionId="f293377f-e539-4547-bdd3-82ea32c8b3fb" testListId="8c84fa94-04c1-424b-9868-57a2d4851a1d">
      <TcmInformation testCaseId="4506" testRunId="26974" testResultId="100009" />
    </TestEntry>
    <TestEntry testId="b1b1dcc2-abc3-a156-1698-d995de0ff230" executionId="319478a3-ff29-4baf-bbf8-776f90cd9b3a" testListId="8c84fa94-04c1-424b-9868-57a2d4851a1d">
      <TcmInformation testCaseId="4507" testRunId="26974" testResultId="100010" />
    </TestEntry>
    <TestEntry testId="0f2e97b5-1865-1de8-ef2e-e732370e80e3" executionId="f9b664ea-33f7-422d-a529-c533a0f50c3a" testListId="8c84fa94-04c1-424b-9868-57a2d4851a1d">
      <TcmInformation testCaseId="4509" testRunId="26974" testResultId="100011" />
    </TestEntry>
    <TestEntry testId="e40a695d-e877-95a9-5f1c-90dd0cda05f6" executionId="05e976cc-3db8-4cbe-946f-b1241c090809" testListId="8c84fa94-04c1-424b-9868-57a2d4851a1d">
      <TcmInformation testCaseId="4510" testRunId="26974" testResultId="100012" />
    </TestEntry>
    <TestEntry testId="82caa765-f8d8-09ef-451b-07327fe67fd2" executionId="a5173cc6-fac1-41bd-8c5c-48e0650f192f" testListId="8c84fa94-04c1-424b-9868-57a2d4851a1d">
      <TcmInformation testCaseId="4511" testRunId="26974" testResultId="100013" />
    </TestEntry>
    <TestEntry testId="98b5fb22-71a5-9721-bc0c-bc58bb495add" executionId="b86d4894-a9ce-40d6-970e-4f2d5c06541a" testListId="8c84fa94-04c1-424b-9868-57a2d4851a1d">
      <TcmInformation testCaseId="4514" testRunId="26974" testResultId="100014" />
    </TestEntry>
    <TestEntry testId="9b2292a3-d2a0-697b-3f1d-0ea34bc5a681" executionId="ffe07430-460d-48b8-accf-7eb360cb84fe" testListId="8c84fa94-04c1-424b-9868-57a2d4851a1d">
      <TcmInformation testCaseId="4530" testRunId="26974" testResultId="100015" />
    </TestEntry>
    <TestEntry testId="c8982089-768d-ab8a-a955-d5b5cc39b49d" executionId="a50c9ecd-159a-4e05-977d-0c66701f2c2a" testListId="8c84fa94-04c1-424b-9868-57a2d4851a1d">
      <TcmInformation testCaseId="4531" testRunId="26974" testResultId="100016" />
    </TestEntry>
    <TestEntry testId="cb6178eb-e764-d9cf-32c9-c2fd3f8cc531" executionId="3b7e7743-4181-45f7-9f87-2cf2d0ea7ea9" testListId="8c84fa94-04c1-424b-9868-57a2d4851a1d">
      <TcmInformation testCaseId="5110" testRunId="26974" testResultId="100017" />
    </TestEntry>
    <TestEntry testId="6e1fe203-b9fd-05bc-7ba1-69539f6ed3c1" executionId="51009c1b-eaed-4581-8a84-a946e4207bd2" testListId="8c84fa94-04c1-424b-9868-57a2d4851a1d">
      <TcmInformation testCaseId="5111" testRunId="26974" testResultId="100018" />
    </TestEntry>
    <TestEntry testId="f48df787-9539-ddea-93b2-f3fc233757e7" executionId="2fd400e9-2a86-42c6-8053-ebdc1a6063f0" testListId="8c84fa94-04c1-424b-9868-57a2d4851a1d">
      <TcmInformation testCaseId="5112" testRunId="26974" testResultId="100019" />
    </TestEntry>
    <TestEntry testId="57c32460-3c38-efd3-dc3b-849a079eea64" executionId="f8a02a60-add5-4cf0-8cb3-ccad276d737e" testListId="8c84fa94-04c1-424b-9868-57a2d4851a1d">
      <TcmInformation testCaseId="5113" testRunId="26974" testResultId="100020" />
    </TestEntry>
    <TestEntry testId="204ede5b-9101-4469-f06d-b4fe1ea896a8" executionId="f956685c-2089-488f-b7d1-e9c036bd172c" testListId="8c84fa94-04c1-424b-9868-57a2d4851a1d">
      <TcmInformation testCaseId="5114" testRunId="26974" testResultId="100021" />
    </TestEntry>
    <TestEntry testId="cb9cd5f6-f8b1-731b-2bf3-2acf7ea49542" executionId="bf42a9cb-9d11-4379-826e-605bc55368ae" testListId="8c84fa94-04c1-424b-9868-57a2d4851a1d">
      <TcmInformation testCaseId="5119" testRunId="26974" testResultId="100022" />
    </TestEntry>
    <TestEntry testId="a54af7ba-7178-e223-f9f1-484174ca129a" executionId="3c64e29a-fbd9-4da0-9bc9-04cf28c8f19b" testListId="8c84fa94-04c1-424b-9868-57a2d4851a1d">
      <TcmInformation testCaseId="5127" testRunId="26974" testResultId="100023" />
    </TestEntry>
    <TestEntry testId="0f45a732-09ea-e362-9222-cd27f8f983e8" executionId="02e25375-812a-4323-88b3-86bb21e9bc2d" testListId="8c84fa94-04c1-424b-9868-57a2d4851a1d">
      <TcmInformation testCaseId="5130" testRunId="26974" testResultId="100024" />
    </TestEntry>
    <TestEntry testId="92a77678-fa66-5044-0e88-a87f571a2c55" executionId="5240e5cb-40b3-49a9-b153-e201c64e0ec5" testListId="8c84fa94-04c1-424b-9868-57a2d4851a1d">
      <TcmInformation testCaseId="5131" testRunId="26974" testResultId="100025" />
    </TestEntry>
    <TestEntry testId="c3b8c5bd-70ce-bbe8-dbe7-62a9f3c2bf1c" executionId="0a55688f-c2ab-4643-9ba4-35e50b43d937" testListId="8c84fa94-04c1-424b-9868-57a2d4851a1d">
      <TcmInformation testCaseId="5132" testRunId="26974" testResultId="100026" />
    </TestEntry>
    <TestEntry testId="ecd8322c-b1bd-3a91-9d3d-ba738bd4609b" executionId="cd37cd59-5d51-4b24-aed7-194890a0ca9a" testListId="8c84fa94-04c1-424b-9868-57a2d4851a1d">
      <TcmInformation testCaseId="5134" testRunId="26974" testResultId="100027" />
    </TestEntry>
    <TestEntry testId="f80a6ce6-1d30-c9e5-57f3-4fc76f5f957b" executionId="ba7d0b43-11e1-477b-87f2-e7b0b8743a93" testListId="8c84fa94-04c1-424b-9868-57a2d4851a1d">
      <TcmInformation testCaseId="5227" testRunId="26974" testResultId="100028" />
    </TestEntry>
    <TestEntry testId="2708ff07-8623-9769-dea9-d61a209e0e62" executionId="8120bb2e-8197-45a6-b705-5c52f9559d91" testListId="8c84fa94-04c1-424b-9868-57a2d4851a1d">
      <TcmInformation testCaseId="5349" testRunId="26974" testResultId="100029" />
    </TestEntry>
    <TestEntry testId="db2ef7e1-7719-7bf2-58cf-5214e6db9b54" executionId="f767d866-76a2-4e23-b340-e3c1114dfa23" testListId="8c84fa94-04c1-424b-9868-57a2d4851a1d">
      <TcmInformation testCaseId="6020" testRunId="26974" testResultId="100030" />
    </TestEntry>
    <TestEntry testId="7c0938cd-c2b7-7885-9aa1-d793678dc5aa" executionId="2f6d36ee-37a2-449f-8303-6a13c4f1a167" testListId="8c84fa94-04c1-424b-9868-57a2d4851a1d">
      <TcmInformation testCaseId="6021" testRunId="26974" testResultId="100031" />
    </TestEntry>
    <TestEntry testId="5a65d206-0b02-f645-bcdc-16639cfb140f" executionId="8e5e21b2-324b-4274-a006-5b60c3a44cb6" testListId="8c84fa94-04c1-424b-9868-57a2d4851a1d">
      <TcmInformation testCaseId="6022" testRunId="26974" testResultId="100032" />
    </TestEntry>
    <TestEntry testId="64d6c1ec-8b93-695c-21fb-3a5995d3f809" executionId="19dba804-7011-460e-88e5-cab12ca24e06" testListId="8c84fa94-04c1-424b-9868-57a2d4851a1d">
      <TcmInformation testCaseId="6023" testRunId="26974" testResultId="100033" />
    </TestEntry>
    <TestEntry testId="935f70be-4f3b-e60d-8e35-2214456580b7" executionId="eff42dbe-4ee6-4ff1-9add-9007dbc47716" testListId="8c84fa94-04c1-424b-9868-57a2d4851a1d">
      <TcmInformation testCaseId="6058" testRunId="26974" testResultId="100034" />
    </TestEntry>
    <TestEntry testId="0cb4de40-b2a4-e13d-df4a-231d00f4969a" executionId="3db166a3-c514-4de2-b22b-adf89dd7cc45" testListId="8c84fa94-04c1-424b-9868-57a2d4851a1d">
      <TcmInformation testCaseId="6061" testRunId="26974" testResultId="100035" />
    </TestEntry>
    <TestEntry testId="1c6493b6-afc9-e1f2-1eda-b83b6f072138" executionId="a04309c8-1df7-45b0-854b-ae100b6df480" testListId="8c84fa94-04c1-424b-9868-57a2d4851a1d">
      <TcmInformation testCaseId="6064" testRunId="26974" testResultId="100036" />
    </TestEntry>
    <TestEntry testId="a25899a1-e687-7c00-505a-68a1f4e19996" executionId="a7239ea9-8b7d-4d5a-a28d-4c8d8e50f729" testListId="8c84fa94-04c1-424b-9868-57a2d4851a1d">
      <TcmInformation testCaseId="6078" testRunId="26974" testResultId="100037" />
    </TestEntry>
    <TestEntry testId="99b3a27f-e572-1547-e9e9-e6d48e0e8ff4" executionId="fc87a0d0-8070-4714-9368-02185767e20d" testListId="8c84fa94-04c1-424b-9868-57a2d4851a1d">
      <TcmInformation testCaseId="6093" testRunId="26974" testResultId="100038" />
    </TestEntry>
    <TestEntry testId="1ef77637-eddc-d6b3-fd0c-5a2e7dc4a1e5" executionId="13b37d79-c537-4da9-894e-80f111ed4f26" testListId="8c84fa94-04c1-424b-9868-57a2d4851a1d">
      <TcmInformation testCaseId="6101" testRunId="26974" testResultId="100039" />
    </TestEntry>
    <TestEntry testId="50f26e18-dca4-70e9-774b-381d34771859" executionId="3734f087-95cd-4539-b005-52f4e9a72d19" testListId="8c84fa94-04c1-424b-9868-57a2d4851a1d">
      <TcmInformation testCaseId="6103" testRunId="26974" testResultId="100040" />
    </TestEntry>
    <TestEntry testId="acfe74cc-d057-8fb8-9d6a-794ddd8c2552" executionId="cae26683-899a-4f68-9cce-307212da238a" testListId="8c84fa94-04c1-424b-9868-57a2d4851a1d">
      <TcmInformation testCaseId="6106" testRunId="26974" testResultId="100041" />
    </TestEntry>
    <TestEntry testId="e4b43ad5-67fc-68cb-e612-10a4fc8dab10" executionId="8e3ba439-4a81-4091-8ce0-4a3fb3a41eea" testListId="8c84fa94-04c1-424b-9868-57a2d4851a1d">
      <TcmInformation testCaseId="6166" testRunId="26974" testResultId="100042" />
    </TestEntry>
    <TestEntry testId="6c229ca4-b17b-fa56-cfbb-866932b72df2" executionId="07c1e70d-71a1-4566-bcb8-8c9a31ef834d" testListId="8c84fa94-04c1-424b-9868-57a2d4851a1d">
      <TcmInformation testCaseId="6364" testRunId="26974" testResultId="100043" />
    </TestEntry>
    <TestEntry testId="0531377d-c278-d1fe-a5e4-5a3dcd41c4c1" executionId="36c8c004-c844-4413-87d2-cad76f07a007" testListId="8c84fa94-04c1-424b-9868-57a2d4851a1d">
      <TcmInformation testCaseId="6365" testRunId="26974" testResultId="100044" />
    </TestEntry>
    <TestEntry testId="d2d49f6b-8732-4b2d-609f-ebcf8240af10" executionId="cc9a06d9-48d7-4455-9634-3ad4981d4c88" testListId="8c84fa94-04c1-424b-9868-57a2d4851a1d">
      <TcmInformation testCaseId="6627" testRunId="26974" testResultId="100045" />
    </TestEntry>
    <TestEntry testId="a4c6fb01-f8de-6088-b50b-566ca4c3804b" executionId="e48f9ff7-c46c-4946-87b2-54d446cc48c1" testListId="8c84fa94-04c1-424b-9868-57a2d4851a1d">
      <TcmInformation testCaseId="6628" testRunId="26974" testResultId="100046" />
    </TestEntry>
    <TestEntry testId="2f4b8b7e-db4c-e56b-cf0c-2b5250a84596" executionId="687e1b6b-6c4f-4870-baa6-fdb4293a1d2f" testListId="8c84fa94-04c1-424b-9868-57a2d4851a1d">
      <TcmInformation testCaseId="6653" testRunId="26974" testResultId="100047" />
    </TestEntry>
    <TestEntry testId="7eab8c63-501f-43ca-23a2-0e182a0a7362" executionId="279c3447-1752-474c-b0c9-31c6691f6033" testListId="8c84fa94-04c1-424b-9868-57a2d4851a1d">
      <TcmInformation testCaseId="6665" testRunId="26974" testResultId="100048" />
    </TestEntry>
    <TestEntry testId="dd4b11c1-81d7-df8d-7302-64904eb6f786" executionId="5b74f4db-b885-414d-834a-c6c104499c67" testListId="8c84fa94-04c1-424b-9868-57a2d4851a1d">
      <TcmInformation testCaseId="6818" testRunId="26974" testResultId="100049" />
    </TestEntry>
    <TestEntry testId="89c165a1-7ac9-607c-28d5-09565c26a1ac" executionId="3420b618-cd24-4511-b027-f5a7801eb67b" testListId="8c84fa94-04c1-424b-9868-57a2d4851a1d">
      <TcmInformation testCaseId="6898" testRunId="26974" testResultId="100050" />
    </TestEntry>
    <TestEntry testId="e5ee7485-0038-6613-3647-634475f050c3" executionId="dbb648cd-f7c4-4b50-97ca-9e72bc180407" testListId="8c84fa94-04c1-424b-9868-57a2d4851a1d">
      <TcmInformation testCaseId="6941" testRunId="26974" testResultId="100051" />
    </TestEntry>
    <TestEntry testId="5493a8ff-1c6a-c57f-78d6-f2d89a1cf4eb" executionId="a6f7381d-42b8-4518-9981-3175317fe28a" testListId="8c84fa94-04c1-424b-9868-57a2d4851a1d">
      <TcmInformation testCaseId="7627" testRunId="26974" testResultId="100052" />
    </TestEntry>
    <TestEntry testId="fc2aed92-b13d-123f-b4ca-3415a10c51b2" executionId="b0b85147-fdee-4469-9b3e-b87d1cbfb764" testListId="8c84fa94-04c1-424b-9868-57a2d4851a1d">
      <TcmInformation testCaseId="7646" testRunId="26974" testResultId="100053" />
    </TestEntry>
    <TestEntry testId="50aa2fb6-b044-c396-06a8-a45273ee0484" executionId="e2edde9a-8bf5-4ee4-8387-e606e954fc60" testListId="8c84fa94-04c1-424b-9868-57a2d4851a1d">
      <TcmInformation testCaseId="7647" testRunId="26974" testResultId="100054" />
    </TestEntry>
    <TestEntry testId="d4fbc256-95d2-4162-ab66-62980f649e57" executionId="0a184718-a01a-4201-9a44-8805ec8a7958" testListId="8c84fa94-04c1-424b-9868-57a2d4851a1d">
      <TcmInformation testCaseId="7648" testRunId="26974" testResultId="100055" />
    </TestEntry>
    <TestEntry testId="b0b77c4a-4f91-b581-b588-dd4bb8fe9b11" executionId="8f3c595f-2846-4342-8db4-e254b5e6ab83" testListId="8c84fa94-04c1-424b-9868-57a2d4851a1d">
      <TcmInformation testCaseId="8546" testRunId="26974" testResultId="100056" />
    </TestEntry>
    <TestEntry testId="030d9fc9-3b7b-9ae0-5a95-356745756623" executionId="086d37b5-9683-44b4-8e7c-d501fa661d84" testListId="8c84fa94-04c1-424b-9868-57a2d4851a1d">
      <TcmInformation testCaseId="8547" testRunId="26974" testResultId="100057" />
    </TestEntry>
    <TestEntry testId="dde6b755-fcb2-dc1a-cc9e-5654c102de21" executionId="dfcdf7da-28f8-4a13-a691-590a754a1101" testListId="8c84fa94-04c1-424b-9868-57a2d4851a1d">
      <TcmInformation testCaseId="9428" testRunId="26974" testResultId="100058" />
    </TestEntry>
    <TestEntry testId="e58a3493-6306-79a3-4243-24dce3ab53ea" executionId="dea567e5-df3a-43a1-ab2a-ea6b29ca0472" testListId="8c84fa94-04c1-424b-9868-57a2d4851a1d">
      <TcmInformation testCaseId="9523" testRunId="26974" testResultId="100059" />
    </TestEntry>
  </TestEntries>
  <Results>
    <UnitTestResult executionId="2c248269-982b-46fa-91be-ddb7aa1ddc7f" testId="39df8b46-7e5f-4fc4-f833-051f052c360a" testName="WishlistAssociatedWithUserAccount" computerName="CMP01-YKUMAR" duration="00:03:32.5049794" startTime="2018-05-14T21:41:34.5252310-05:00" endTime="2018-05-14T21:45:07.4562310-05:00" testType="13cdc9d9-ddb5-4fa4-a97d-d965ccfc6d4b" outcome="Passed" testListId="8c84fa94-04c1-424b-9868-57a2d4851a1d" relativeResultsDirectory="2c248269-982b-46fa-91be-ddb7aa1ddc7f">
      <Output>
        <StdOut>Logging to custom path:\\CMP01-YKumar\AutoLog</StdOut>
        <TextMessages>
          <Message>[5/14/2018 9:41:35 PM]&lt;STARTLOG&gt;&lt;WishlistAssociatedWithUserAccount&gt;Test Started: Expecting: #PASS=Undefined and #FAIL=0
Running from MTM=True, running on machine name:CMP01-YKUMAR, user name=ykumar, OS=Microsoft Windows NT 6.1.7601 Service Pack 1, Is64BitOS=True</Message>
          <Message>[5/14/2018 9:41:36 PM]&lt;INFO&gt;LogCPUAndMemoryUsage: Available Memory = 25446(MB), CPU Usage = 19.35013%</Message>
          <Message>[5/14/2018 9:41:36 PM]&lt;INFO&gt;Private Working Set for QTAgent32_40, usage=160684 (K)</Message>
          <Message>[5/14/2018 9:41:37 PM]&lt;INFO&gt;Path To TestConfig xml=C:\Users\ykumar\AppData\Local\VSEQT\QTAgent\26974\CMP01-YKUMAR.horizonhobby.com\Deployment\SharedCommonConfig.xml</Message>
          <Message>[5/14/2018 9:41:37 PM]&lt;INFO&gt;Path To TestData xml=C:\Users\ykumar\AppData\Local\VSEQT\QTAgent\26974\CMP01-YKUMAR.horizonhobby.com\Deployment\ProductPageTestData_214135.xml</Message>
          <Message>[5/14/2018 9:41:37 PM]&lt;INFO&gt;Path To HorizonHobbyQA Application Url=https://www-tst.horizonhobby.com</Message>
          <Message>[5/14/2018 9:41:37 PM]&lt;INFO&gt;HorizonHobbyQA sql connection string=Server=cmp02-ws-tst-db01:50000;Database=TST01DB;UID=wcdbuser;PWD=h0r1z0n;Connect Timeout=30</Message>
          <Message>[5/14/2018 9:41:37 PM]&lt;INFO&gt;Country is := US and language id is := '-1'</Message>
          <Message>[5/14/2018 9:41:37 PM]&lt;INFO&gt;Current browser used for test execution is = 'IE'</Message>
          <Message>[5/14/2018 9:42:00 PM]&lt;Info&gt;AllBrowserWindow : Locating browser window...</Message>
          <Message>[5/14/2018 9:42:10 PM]&lt;INFO&gt;SurveyWindow : method executing ...</Message>
          <Message>[5/14/2018 9:42:14 PM]&lt;INFO&gt;ContinueOnCertificationErrorClickexecuting ...</Message>
          <Message>[5/14/2018 9:42:14 PM]&lt;Info&gt;DEAllBrowserWindow : Locating browser window...</Message>
          <Message>[5/14/2018 9:42:17 PM]&lt;INFO&gt;ClickAcceptCookiesAgreement : failed executing ...</Message>
          <Message>[5/14/2018 9:42:21 PM]&lt;INFO&gt;UserRegistration : method executing ...</Message>
          <Message>[5/14/2018 9:42:21 PM]&lt;Info&gt;AllBrowserWindow : Locating browser window...</Message>
          <Message>[5/14/2018 9:42:49 PM]&lt;Info&gt;AllBrowserWindow : Locating browser window...</Message>
          <Message>[5/14/2018 9:43:13 PM]&lt;Info&gt;AllBrowserWindow : Locating browser window...</Message>
          <Message>[5/14/2018 9:43:23 PM]&lt;INFO&gt;SearchProductexecuting ... Searching term:= 'TRA3045X'</Message>
          <Message>[5/14/2018 9:43:29 PM]&lt;Info&gt;AllBrowserWindow : Locating browser window...</Message>
          <Message>[5/14/2018 9:43:46 PM]&lt;PASS&gt;&lt;WishlistAssociatedWithUserAccount&gt;&lt;Sign In Register not required to proceed, instead Create new wish list option appears&gt;</Message>
          <Message>[5/14/2018 9:43:58 PM]&lt;PASS&gt;&lt;WishlistAssociatedWithUserAccount&gt;&lt;Item added to wishlist dialog appeared with image&gt;</Message>
          <Message>[5/14/2018 9:44:11 PM]&lt;Info&gt;AllBrowserWindow : Locating browser window...</Message>
          <Message>[5/14/2018 9:44:12 PM]&lt;INFO&gt;SearchProductexecuting ... Searching term:= 'TRA3045X'</Message>
          <Message>[5/14/2018 9:44:20 PM]&lt;Info&gt;AllBrowserWindow : Locating browser window...</Message>
          <Message>[5/14/2018 9:44:34 PM]&lt;PASS&gt;&lt;WishlistAssociatedWithUserAccount&gt;&lt;Sign In Register is required to proceed&gt;</Message>
          <Message>[5/14/2018 9:44:35 PM]&lt;PASS&gt;&lt;WishlistAssociatedWithUserAccount&gt;&lt;No wishlists appear with the product without signing in&gt;</Message>
          <Message>[5/14/2018 9:44:35 PM]&lt;INFO&gt;DeleteWishlistFromDatabase : method executing</Message>
          <Message>[5/14/2018 9:44:35 PM]&lt;INFO&gt;DeleteWishlistFromDatabase : method executing</Message>
          <Message>[5/14/2018 9:45:04 PM]&lt;RESULT&gt;Test Ended:#PASS=4, #FAIL=0</Message>
          <Message>[5/14/2018 9:45:05 PM]&lt;INFO&gt;LogCPUAndMemoryUsage: Available Memory = 25252(MB), CPU Usage = 10.68943%</Message>
          <Message>[5/14/2018 9:45:05 PM]&lt;INFO&gt;Private Working Set for QTAgent32_40, usage=166476 (K)</Message>
          <Message>[5/14/2018 9:45:05 PM]&lt;RESULT&gt;&lt;WishlistAssociatedWithUserAccount&gt; Test PASSED</Message>
        </TextMessages>
      </Output>
      <ResultFiles>
        <ResultFile path="CMP01-YKUMAR.horizonhobby.com\ProductPageTestData_214135.xml" />
        <ResultFile path="CMP01-YKUMAR.horizonhobby.com\SharedCommonConfig.xml" />
        <ResultFile path="CMP01-YKUMAR.horizonhobby.com\WishlistAssociatedWithUserAccount_20180514214135.log" />
        <ResultFile path="CMP01-YKUMAR.horizonhobby.com\WishlistAssociatedWithUserAccount_ResultsONLY_20180514214135.log" />
      </ResultFiles>
    </UnitTestResult>
    <UnitTestResult executionId="2a9964a9-a455-4774-be5f-bafdfcf65e94" testId="f09ffc63-6939-094e-bfd3-b209000ae3f0" testName="AddToWishlistQuickInfoWindow" computerName="CMP01-YKUMAR" duration="00:02:43.6731021" startTime="2018-05-14T21:45:07.4582310-05:00" endTime="2018-05-14T21:47:51.1392310-05:00" testType="13cdc9d9-ddb5-4fa4-a97d-d965ccfc6d4b" outcome="Passed" testListId="8c84fa94-04c1-424b-9868-57a2d4851a1d" relativeResultsDirectory="2a9964a9-a455-4774-be5f-bafdfcf65e94">
      <Output>
        <StdOut>Logging to custom path:\\CMP01-YKumar\AutoLog</StdOut>
        <TextMessages>
          <Message>[5/14/2018 9:45:07 PM]&lt;STARTLOG&gt;&lt;AddToWishlistQuickInfoWindow&gt;Test Started: Expecting: #PASS=Undefined and #FAIL=0
Running from MTM=True, running on machine name:CMP01-YKUMAR, user name=ykumar, OS=Microsoft Windows NT 6.1.7601 Service Pack 1, Is64BitOS=True</Message>
          <Message>[5/14/2018 9:45:08 PM]&lt;INFO&gt;LogCPUAndMemoryUsage: Available Memory = 25346(MB), CPU Usage = 36.13662%</Message>
          <Message>[5/14/2018 9:45:08 PM]&lt;INFO&gt;Private Working Set for QTAgent32_40, usage=166584 (K)</Message>
          <Message>[5/14/2018 9:45:08 PM]&lt;INFO&gt;Path To TestConfig xml=C:\Users\ykumar\AppData\Local\VSEQT\QTAgent\26974\CMP01-YKUMAR.horizonhobby.com\Deployment\SharedCommonConfig.xml</Message>
          <Message>[5/14/2018 9:45:08 PM]&lt;INFO&gt;Path To TestData xml=C:\Users\ykumar\AppData\Local\VSEQT\QTAgent\26974\CMP01-YKUMAR.horizonhobby.com\Deployment\ProductPageTestData_214507.xml</Message>
          <Message>[5/14/2018 9:45:08 PM]&lt;INFO&gt;Path To HorizonHobbyQA Application Url=https://www-tst.horizonhobby.com</Message>
          <Message>[5/14/2018 9:45:08 PM]&lt;INFO&gt;HorizonHobbyQA sql connection string=Server=cmp02-ws-tst-db01:50000;Database=TST01DB;UID=wcdbuser;PWD=h0r1z0n;Connect Timeout=30</Message>
          <Message>[5/14/2018 9:45:08 PM]&lt;INFO&gt;Country is := US and language id is := '-1'</Message>
          <Message>[5/14/2018 9:45:08 PM]&lt;INFO&gt;Current browser used for test execution is = 'IE'</Message>
          <Message>[5/14/2018 9:45:11 PM]&lt;Info&gt;AllBrowserWindow : Locating browser window...</Message>
          <Message>[5/14/2018 9:45:13 PM]&lt;INFO&gt;SurveyWindow : method executing ...</Message>
          <Message>[5/14/2018 9:45:19 PM]&lt;INFO&gt;ContinueOnCertificationErrorClickexecuting ...</Message>
          <Message>[5/14/2018 9:45:19 PM]&lt;Info&gt;DEAllBrowserWindow : Locating browser window...</Message>
          <Message>[5/14/2018 9:45:24 PM]&lt;INFO&gt;UserRegistration : method executing ...</Message>
          <Message>[5/14/2018 9:45:24 PM]&lt;Info&gt;AllBrowserWindow : Locating browser window...</Message>
          <Message>[5/14/2018 9:45:47 PM]&lt;Info&gt;AllBrowserWindow : Locating browser window...</Message>
          <Message>[5/14/2018 9:46:01 PM]&lt;Info&gt;AllBrowserWindow : Locating browser window...</Message>
          <Message>[5/14/2018 9:46:11 PM]&lt;INFO&gt;SearchProductexecuting ... Searching term:= 'mcx'</Message>
          <Message>[5/14/2018 9:46:17 PM]&lt;Info&gt;AllBrowserWindow : Locating browser window...</Message>
          <Message>[5/14/2018 9:46:17 PM]&lt;INFO&gt;SurveyWindow : method executing ...</Message>
          <Message>[5/14/2018 9:46:50 PM]&lt;PASS&gt;&lt;AddToWishlistQuickInfoWindow&gt;&lt;Sign In Register not required to proceed, instead Create new wish list option appears&gt;</Message>
          <Message>[5/14/2018 9:47:03 PM]&lt;PASS&gt;&lt;AddToWishlistQuickInfoWindow&gt;&lt;Item added to wishlist dialog appeared with image&gt;</Message>
          <Message>[5/14/2018 9:47:05 PM]&lt;Info&gt;AllBrowserWindow : Locating browser window...</Message>
          <Message>[5/14/2018 9:47:12 PM]&lt;PASS&gt;&lt;AddToWishlistQuickInfoWindow&gt;&lt;Item added in wishlist&gt;</Message>
          <Message>[5/14/2018 9:47:12 PM]&lt;INFO&gt;DeleteWishlist : is executing ...</Message>
          <Message>[5/14/2018 9:47:19 PM]&lt;INFO&gt;DeleteWishlistFromDatabase : method executing</Message>
          <Message>[5/14/2018 9:47:48 PM]&lt;RESULT&gt;Test Ended:#PASS=3, #FAIL=0</Message>
          <Message>[5/14/2018 9:47:49 PM]&lt;INFO&gt;LogCPUAndMemoryUsage: Available Memory = 25294(MB), CPU Usage = 7.37441%</Message>
          <Message>[5/14/2018 9:47:49 PM]&lt;INFO&gt;Private Working Set for QTAgent32_40, usage=169184 (K)</Message>
          <Message>[5/14/2018 9:47:49 PM]&lt;RESULT&gt;&lt;AddToWishlistQuickInfoWindow&gt; Test PASSED</Message>
        </TextMessages>
      </Output>
      <ResultFiles>
        <ResultFile path="CMP01-YKUMAR.horizonhobby.com\AddToWishlistQuickInfoWindow_20180514214507.log" />
        <ResultFile path="CMP01-YKUMAR.horizonhobby.com\AddToWishlistQuickInfoWindow_ResultsONLY_20180514214507.log" />
        <ResultFile path="CMP01-YKUMAR.horizonhobby.com\ProductPageTestData_214507.xml" />
        <ResultFile path="CMP01-YKUMAR.horizonhobby.com\SharedCommonConfig.xml" />
      </ResultFiles>
    </UnitTestResult>
    <UnitTestResult executionId="a15d7aba-f39e-4a96-b479-fcfbefb91386" testId="13a9ceaa-27b9-e071-75b8-0ad6bc006d10" testName="OrderConfirmationEmailSentGuestUser" computerName="CMP01-YKUMAR" duration="00:05:23.7520349" startTime="2018-05-14T21:47:51.1402310-05:00" endTime="2018-05-14T21:53:15.2522310-05:00" testType="13cdc9d9-ddb5-4fa4-a97d-d965ccfc6d4b" outcome="Passed" testListId="8c84fa94-04c1-424b-9868-57a2d4851a1d" relativeResultsDirectory="a15d7aba-f39e-4a96-b479-fcfbefb91386">
      <Output>
        <StdOut>Logging to custom path:\\CMP01-YKumar\AutoLog</StdOut>
        <TextMessages>
          <Message>[5/14/2018 9:47:51 PM]&lt;STARTLOG&gt;&lt;OrderConfirmationEmailSentGuestUser&gt;Test Started: Expecting: #PASS=Undefined and #FAIL=0
Running from MTM=True, running on machine name:CMP01-YKUMAR, user name=ykumar, OS=Microsoft Windows NT 6.1.7601 Service Pack 1, Is64BitOS=True</Message>
          <Message>[5/14/2018 9:47:54 PM]&lt;INFO&gt;LogCPUAndMemoryUsage: Available Memory = 25447(MB), CPU Usage = 17.01246%</Message>
          <Message>[5/14/2018 9:47:54 PM]&lt;INFO&gt;Private Working Set for QTAgent32_40, usage=172340 (K)</Message>
          <Message>[5/14/2018 9:47:54 PM]&lt;INFO&gt;Path To TestConfig xml=C:\Users\ykumar\AppData\Local\VSEQT\QTAgent\26974\CMP01-YKUMAR.horizonhobby.com\Deployment\SharedCommonConfig.xml</Message>
          <Message>[5/14/2018 9:47:54 PM]&lt;INFO&gt;Path To TestData xml=C:\Users\ykumar\AppData\Local\VSEQT\QTAgent\26974\CMP01-YKUMAR.horizonhobby.com\Deployment\CheckoutCreditCard_214751.xml</Message>
          <Message>[5/14/2018 9:47:54 PM]&lt;INFO&gt;Path To HorizonHobbyQA Application Url=https://www-tst.horizonhobby.com</Message>
          <Message>[5/14/2018 9:47:54 PM]&lt;INFO&gt;HorizonHobbyQA sql connection string=Server=cmp02-ws-tst-db01:50000;Database=TST01DB;UID=wcdbuser;PWD=h0r1z0n;Connect Timeout=30</Message>
          <Message>[5/14/2018 9:47:54 PM]&lt;INFO&gt;Country is := US and language id is := '-1'</Message>
          <Message>[5/14/2018 9:47:54 PM]&lt;INFO&gt;Current browser used for test execution is = 'IE'</Message>
          <Message>[5/14/2018 9:48:01 PM]&lt;INFO&gt;SearchProductexecuting ... Searching term:= 'EVOG08108'</Message>
          <Message>[5/14/2018 9:48:07 PM]&lt;INFO&gt;SurveyWindow : method executing ...</Message>
          <Message>[5/14/2018 9:48:26 PM]&lt;Info&gt;AllBrowserWindow : Locating browser window...</Message>
          <Message>[5/14/2018 9:48:26 PM]&lt;INFO&gt;BackOrderClickexecuting ...</Message>
          <Message>[5/14/2018 9:48:26 PM]&lt;INFO&gt;GoToCartClickexecuting ...</Message>
          <Message>[5/14/2018 9:48:32 PM]&lt;INFO&gt;UpdateCartQuantity : executing ... :- 1</Message>
          <Message>[5/14/2018 9:48:57 PM]&lt;INFO&gt;CheckoutProcessStartShoppingCart : method executing</Message>
          <Message>[5/14/2018 9:48:57 PM]&lt;Info&gt;AllBrowserWindow : Locating browser window...</Message>
          <Message>[5/14/2018 9:49:04 PM]&lt;INFO&gt;CheckoutShoppingCartControls : method executing</Message>
          <Message>[5/14/2018 9:49:04 PM]&lt;Info&gt;AllBrowserWindow : Locating browser window...</Message>
          <Message>[5/14/2018 9:49:15 PM]&lt;Info&gt;AllBrowserWindow : Locating browser window...</Message>
          <Message>[5/14/2018 9:49:24 PM]&lt;Info&gt;AllBrowserWindow : Locating browser window...</Message>
          <Message>[5/14/2018 9:49:36 PM]&lt;INFO&gt;FillBillingAndShippingAddressexecuting ...</Message>
          <Message>[5/14/2018 9:49:36 PM]&lt;Info&gt;AllBrowserWindow : Locating browser window...</Message>
          <Message>[5/14/2018 9:49:38 PM]&lt;INFO&gt;SelectBillingCountryexecuting ...</Message>
          <Message>[5/14/2018 9:49:47 PM]&lt;INFO&gt;SelectBillingStateexecuting ...</Message>
          <Message>[5/14/2018 9:50:01 PM]&lt;INFO&gt;SelectShippingCountryexecuting ...</Message>
          <Message>[5/14/2018 9:50:05 PM]&lt;INFO&gt;SelectShippingStateexecuting ...</Message>
          <Message>[5/14/2018 9:50:11 PM]&lt;INFO&gt;GetShippingMethodRadioButtonControl : method executing</Message>
          <Message>[5/14/2018 9:50:11 PM]&lt;Info&gt;AllBrowserWindow : Locating browser window...</Message>
          <Message>[5/14/2018 9:50:28 PM]&lt;INFO&gt;ShippingMethodSelection : method executing</Message>
          <Message>[5/14/2018 9:50:28 PM]&lt;Info&gt;AllBrowserWindow : Locating browser window...</Message>
          <Message>[5/14/2018 9:50:33 PM]&lt;INFO&gt;GetAllShippingOptions : is executing ...</Message>
          <Message>[5/14/2018 9:50:33 PM]&lt;Info&gt;AllBrowserWindow : Locating browser window...</Message>
          <Message>[5/14/2018 9:50:34 PM]&lt;INFO&gt;SelectCheckoutPaymentRadiobutton : method executing</Message>
          <Message>[5/14/2018 9:50:34 PM]&lt;INFO&gt;CheckoutCreditCardShippingAndBillingControls : method executing</Message>
          <Message>[5/14/2018 9:50:34 PM]&lt;Info&gt;AllBrowserWindow : Locating browser window...</Message>
          <Message>[5/14/2018 9:50:44 PM]&lt;INFO&gt;FillCreditCardDetails : method executing</Message>
          <Message>[5/14/2018 9:50:44 PM]&lt;INFO&gt;CheckoutCreditCardShippingAndBillingControls : method executing</Message>
          <Message>[5/14/2018 9:50:44 PM]&lt;Info&gt;AllBrowserWindow : Locating browser window...</Message>
          <Message>[5/14/2018 9:50:53 PM]&lt;INFO&gt;ClickReviewOrder : method executing</Message>
          <Message>[5/14/2018 9:50:53 PM]&lt;INFO&gt;CheckoutCreditCardShippingAndBillingControls : method executing</Message>
          <Message>[5/14/2018 9:50:53 PM]&lt;Info&gt;AllBrowserWindow : Locating browser window...</Message>
          <Message>[5/14/2018 9:50:58 PM]&lt;Info&gt;AllBrowserWindow : Locating browser window...</Message>
          <Message>[5/14/2018 9:51:06 PM]&lt;INFO&gt;PlaceOrderCreditCard : method executing</Message>
          <Message>[5/14/2018 9:51:06 PM]&lt;INFO&gt;CheckoutCreditCardShippingAndBillingControls : method executing</Message>
          <Message>[5/14/2018 9:51:06 PM]&lt;Info&gt;AllBrowserWindow : Locating browser window...</Message>
          <Message>[5/14/2018 9:51:15 PM]&lt;INFO&gt;KeyboardSendKeys method executing...</Message>
          <Message>[5/14/2018 9:52:46 PM]&lt;Info&gt;AllBrowserWindow : Locating browser window...</Message>
          <Message>[5/14/2018 9:52:57 PM]&lt;Info&gt;AllBrowserWindow : Locating browser window...</Message>
          <Message>[5/14/2018 9:53:00 PM]&lt;PASS&gt;&lt;OrderConfirmationEmailSentGuestUser&gt;&lt;Email Sent Message should display the Billing Address Email id for Guest user&gt;</Message>
          <Message>[5/14/2018 9:53:00 PM]&lt;INFO&gt;OrderConfirmation : method executing</Message>
          <Message>[5/14/2018 9:53:00 PM]&lt;INFO&gt;OrderConfirmationUIControls : method executing</Message>
          <Message>[5/14/2018 9:53:00 PM]&lt;Info&gt;AllBrowserWindow : Locating browser window...</Message>
          <Message>[5/14/2018 9:53:03 PM]&lt;INFO&gt;SurveyWindow : method executing ...</Message>
          <Message>[5/14/2018 9:53:12 PM]&lt;PASS&gt;&lt;OrderConfirmation&gt;&lt; Validates Order Number ''True'' is generated successfully&gt;</Message>
          <Message>[5/14/2018 9:53:12 PM]&lt;RESULT&gt;Test Ended:#PASS=2, #FAIL=0</Message>
          <Message>[5/14/2018 9:53:13 PM]&lt;INFO&gt;LogCPUAndMemoryUsage: Available Memory = 24686(MB), CPU Usage = 17.90447%</Message>
          <Message>[5/14/2018 9:53:13 PM]&lt;INFO&gt;Private Working Set for QTAgent32_40, usage=181864 (K)</Message>
          <Message>[5/14/2018 9:53:13 PM]&lt;RESULT&gt;&lt;OrderConfirmationEmailSentGuestUser&gt; Test PASSED</Message>
        </TextMessages>
      </Output>
    </UnitTestResult>
    <UnitTestResult executionId="77703c1a-4fc4-4239-bb4b-c96031b977f3" testId="ed0cd291-6105-7bed-a3db-826a91264a2b" testName="CheckoutGuestUserPhoneAndEmailFieldAndSaveCCToAccountValidation" computerName="CMP01-YKUMAR" duration="00:02:17.7513956" startTime="2018-05-14T21:53:15.2532310-05:00" endTime="2018-05-14T21:55:33.0122310-05:00" testType="13cdc9d9-ddb5-4fa4-a97d-d965ccfc6d4b" outcome="Passed" testListId="8c84fa94-04c1-424b-9868-57a2d4851a1d" relativeResultsDirectory="77703c1a-4fc4-4239-bb4b-c96031b977f3">
      <Output>
        <StdOut>Logging to custom path:\\CMP01-YKumar\AutoLog</StdOut>
        <TextMessages>
          <Message>[5/14/2018 9:53:15 PM]&lt;STARTLOG&gt;&lt;CheckoutGuestUserPhoneAndEmailFieldAndSaveCCToAccountValidation&gt;Test Started: Expecting: #PASS=Undefined and #FAIL=0
Running from MTM=True, running on machine name:CMP01-YKUMAR, user name=ykumar, OS=Microsoft Windows NT 6.1.7601 Service Pack 1, Is64BitOS=True</Message>
          <Message>[5/14/2018 9:53:16 PM]&lt;INFO&gt;LogCPUAndMemoryUsage: Available Memory = 24728(MB), CPU Usage = 30.38379%</Message>
          <Message>[5/14/2018 9:53:16 PM]&lt;INFO&gt;Private Working Set for QTAgent32_40, usage=181980 (K)</Message>
          <Message>[5/14/2018 9:53:16 PM]&lt;INFO&gt;Path To TestConfig xml=C:\Users\ykumar\AppData\Local\VSEQT\QTAgent\26974\CMP01-YKUMAR.horizonhobby.com\Deployment\SharedCommonConfig.xml</Message>
          <Message>[5/14/2018 9:53:16 PM]&lt;INFO&gt;Path To TestData xml=C:\Users\ykumar\AppData\Local\VSEQT\QTAgent\26974\CMP01-YKUMAR.horizonhobby.com\Deployment\CheckoutCommonTestData_215315.xml</Message>
          <Message>[5/14/2018 9:53:16 PM]&lt;INFO&gt;Path To HorizonHobbyQA Application Url=https://www-tst.horizonhobby.com</Message>
          <Message>[5/14/2018 9:53:16 PM]&lt;INFO&gt;HorizonHobbyQA sql connection string=Server=cmp02-ws-tst-db01:50000;Database=TST01DB;UID=wcdbuser;PWD=h0r1z0n;Connect Timeout=30</Message>
          <Message>[5/14/2018 9:53:16 PM]&lt;INFO&gt;Country is := US and language id is := '-1'</Message>
          <Message>[5/14/2018 9:53:16 PM]&lt;INFO&gt;Current browser used for test execution is = 'IE'</Message>
          <Message>[5/14/2018 9:53:23 PM]&lt;INFO&gt;SearchProductexecuting ... Searching term:= 'EVOG620112'</Message>
          <Message>[5/14/2018 9:53:29 PM]&lt;Info&gt;AllBrowserWindow : Locating browser window...</Message>
          <Message>[5/14/2018 9:53:30 PM]&lt;INFO&gt;BackOrderClickexecuting ...</Message>
          <Message>[5/14/2018 9:53:31 PM]&lt;INFO&gt;GoToCartClickexecuting ...</Message>
          <Message>[5/14/2018 9:53:37 PM]&lt;INFO&gt;CheckoutProcessStartShoppingCart : method executing</Message>
          <Message>[5/14/2018 9:53:37 PM]&lt;Info&gt;AllBrowserWindow : Locating browser window...</Message>
          <Message>[5/14/2018 9:53:46 PM]&lt;INFO&gt;CheckoutShoppingCartControls : method executing</Message>
          <Message>[5/14/2018 9:53:46 PM]&lt;Info&gt;AllBrowserWindow : Locating browser window...</Message>
          <Message>[5/14/2018 9:54:01 PM]&lt;Info&gt;AllBrowserWindow : Locating browser window...</Message>
          <Message>[5/14/2018 9:54:05 PM]&lt;PASS&gt;&lt;CheckoutGuestUserPhoneAndEmailFieldAndSaveCCToAccountValidation&gt;&lt; Validates phone number in billing address section field did not allow more than 15 digits&gt;</Message>
          <Message>[5/14/2018 9:54:05 PM]&lt;PASS&gt;&lt;CheckoutGuestUserPhoneAndEmailFieldAndSaveCCToAccountValidation&gt;&lt; Validates only 15 digits were entered in phone number field in billing address section&gt;</Message>
          <Message>[5/14/2018 9:54:07 PM]&lt;PASS&gt;&lt;CheckoutGuestUserPhoneAndEmailFieldAndSaveCCToAccountValidation&gt;&lt; Validates phone number field did not allow more than 15 digits&gt;</Message>
          <Message>[5/14/2018 9:54:07 PM]&lt;PASS&gt;&lt;CheckoutGuestUserPhoneAndEmailFieldAndSaveCCToAccountValidation&gt;&lt; Validates only 15 digits were entered&gt;</Message>
          <Message>[5/14/2018 9:54:09 PM]&lt;PASS&gt;&lt;CheckoutGuestUserPhoneAndEmailFieldAndSaveCCToAccountValidation&gt;&lt;Validate email address field does not allow more than 32 characters in billing address section&gt;</Message>
          <Message>[5/14/2018 9:54:09 PM]&lt;PASS&gt;&lt;CheckoutGuestUserPhoneAndEmailFieldAndSaveCCToAccountValidation&gt;&lt; Validates only 32 digits were entered in email address field in billing address section&gt;</Message>
          <Message>[5/14/2018 9:54:11 PM]&lt;PASS&gt;&lt;CheckoutGuestUserPhoneAndEmailFieldAndSaveCCToAccountValidation&gt;&lt;Validate email address field does not allow more than 32 characters in shipping address section&gt;</Message>
          <Message>[5/14/2018 9:54:11 PM]&lt;PASS&gt;&lt;CheckoutGuestUserPhoneAndEmailFieldAndSaveCCToAccountValidation&gt;&lt; Validates only 32 digits were entered in email address field in shipping address section&gt;</Message>
          <Message>[5/14/2018 9:54:11 PM]&lt;INFO&gt;FillBillingAndShippingAddressexecuting ...</Message>
          <Message>[5/14/2018 9:54:11 PM]&lt;Info&gt;AllBrowserWindow : Locating browser window...</Message>
          <Message>[5/14/2018 9:54:13 PM]&lt;INFO&gt;SelectBillingCountryexecuting ...</Message>
          <Message>[5/14/2018 9:54:19 PM]&lt;INFO&gt;SelectBillingStateexecuting ...</Message>
          <Message>[5/14/2018 9:54:24 PM]&lt;INFO&gt;SelectShippingCountryexecuting ...</Message>
          <Message>[5/14/2018 9:54:28 PM]&lt;INFO&gt;SelectShippingStateexecuting ...</Message>
          <Message>[5/14/2018 9:54:34 PM]&lt;Info&gt;AllBrowserWindow : Locating browser window...</Message>
          <Message>[5/14/2018 9:54:40 PM]&lt;INFO&gt;SelectCheckoutPaymentRadiobutton : method executing</Message>
          <Message>[5/14/2018 9:54:40 PM]&lt;INFO&gt;CheckoutCreditCardShippingAndBillingControls : method executing</Message>
          <Message>[5/14/2018 9:54:40 PM]&lt;Info&gt;AllBrowserWindow : Locating browser window...</Message>
          <Message>[5/14/2018 9:54:55 PM]&lt;PASS&gt;&lt;CheckoutGuestUserPhoneAndEmailFieldAndSaveCCToAccountValidation&gt;&lt;Validate that Save this card to my account checkbox doesn't exists for Guest User&gt;</Message>
          <Message>[5/14/2018 9:55:03 PM]&lt;PASS&gt;&lt;CheckoutGuestUserPhoneAndEmailFieldAndSaveCCToAccountValidation&gt;&lt; Validates phone number in billing address section field did not allow more than 15 digits&gt;</Message>
          <Message>[5/14/2018 9:55:03 PM]&lt;PASS&gt;&lt;CheckoutGuestUserPhoneAndEmailFieldAndSaveCCToAccountValidation&gt;&lt; Validates only 15 digits were entered in phone number field in billing address section&gt;</Message>
          <Message>[5/14/2018 9:55:05 PM]&lt;PASS&gt;&lt;CheckoutGuestUserPhoneAndEmailFieldAndSaveCCToAccountValidation&gt;&lt;Validate email address field does not allow more than 32 characters in shipping address section&gt;</Message>
          <Message>[5/14/2018 9:55:05 PM]&lt;PASS&gt;&lt;CheckoutGuestUserPhoneAndEmailFieldAndSaveCCToAccountValidation&gt;&lt; Validates only 32 digits were entered in email address field in shipping address section&gt;</Message>
          <Message>[5/14/2018 9:55:08 PM]&lt;INFO&gt;SelectCheckoutPaymentRadiobutton : method executing</Message>
          <Message>[5/14/2018 9:55:08 PM]&lt;INFO&gt;CheckoutCreditCardShippingAndBillingControls : method executing</Message>
          <Message>[5/14/2018 9:55:08 PM]&lt;Info&gt;AllBrowserWindow : Locating browser window...</Message>
          <Message>[5/14/2018 9:55:27 PM]&lt;PASS&gt;&lt;CheckoutGuestUserPhoneAndEmailFieldAndSaveCCToAccountValidation&gt;&lt; Validates phone number in billing address section field did not allow more than 15 digits&gt;</Message>
          <Message>[5/14/2018 9:55:27 PM]&lt;PASS&gt;&lt;CheckoutGuestUserPhoneAndEmailFieldAndSaveCCToAccountValidation&gt;&lt; Validates only 15 digits were entered in phone number field in billing address section&gt;</Message>
          <Message>[5/14/2018 9:55:29 PM]&lt;PASS&gt;&lt;CheckoutGuestUserPhoneAndEmailFieldAndSaveCCToAccountValidation&gt;&lt;Validate email address field does not allow more than 32 characters in shipping address section&gt;</Message>
          <Message>[5/14/2018 9:55:29 PM]&lt;PASS&gt;&lt;CheckoutGuestUserPhoneAndEmailFieldAndSaveCCToAccountValidation&gt;&lt; Validates only 32 digits were entered in email address field in shipping address section&gt;</Message>
          <Message>[5/14/2018 9:55:29 PM]&lt;RESULT&gt;Test Ended:#PASS=17, #FAIL=0</Message>
          <Message>[5/14/2018 9:55:30 PM]&lt;INFO&gt;LogCPUAndMemoryUsage: Available Memory = 24696(MB), CPU Usage = 14.78445%</Message>
          <Message>[5/14/2018 9:55:30 PM]&lt;INFO&gt;Private Working Set for QTAgent32_40, usage=181880 (K)</Message>
          <Message>[5/14/2018 9:55:30 PM]&lt;RESULT&gt;&lt;CheckoutGuestUserPhoneAndEmailFieldAndSaveCCToAccountValidation&gt; Test PASSED</Message>
        </TextMessages>
      </Output>
    </UnitTestResult>
    <UnitTestResult executionId="413544e4-8230-4c6e-9348-bd2ccecd4e66" testId="2c13f11c-4c3b-b325-ad09-0cb39bb944c1" testName="ShoppingCartProductAndOrderDiscount" computerName="CMP01-YKUMAR" duration="00:02:37.4193166" startTime="2018-05-14T21:55:33.0122310-05:00" endTime="2018-05-14T21:58:10.7742310-05:00" testType="13cdc9d9-ddb5-4fa4-a97d-d965ccfc6d4b" outcome="Failed" testListId="8c84fa94-04c1-424b-9868-57a2d4851a1d" relativeResultsDirectory="413544e4-8230-4c6e-9348-bd2ccecd4e66">
      <Output>
        <StdOut>Logging to custom path:\\CMP01-YKumar\AutoLog</StdOut>
        <ErrorInfo>
          <Message>Assert.Fail failed. 
#Other errors=3
[Error details below]
&lt;ERROR&gt;[5/14/2018 9:57:52 PM]&lt;ERROR&gt;BackOrderClick : failed executing ...The playback failed to find the control with the given search properties. Additional Details: 
TechnologyName:  'Web'
ControlType:  'Hyperlink'
TagName:  'A'
Id:  'add2CartBtn'
 Failed to find any control that matched the search condition Id='add2CartBtn' &amp;&amp; ControlType='Hyperlink'
&lt;ERROR&gt;[5/14/2018 9:58:05 PM]&lt;ERROR&gt;MouseClick Exception:Microsoft.VisualStudio.TestTools.UITest.Extension.UITestControlNotFoundException: The playback failed to find the control with the given search properties. Additional Details: 
TechnologyName:  'Web'
ControlType:  'Hyperlink'
TagName:  'A'
Id:  'GotoCartButton1'
Class:  'button'
InnerText:  'Go to Cart'
 Failed to find any control that matched the search condition Id='GotoCartButton1' &amp;&amp; ControlType='Hyperlink' &amp;&amp; Class='button' &amp;&amp; InnerText='Go to Cart' ---&gt; System.Runtime.InteropServices.COMException: Error HRESULT E_FAIL has been returned from a call to a COM component.
   at Microsoft.VisualStudio.TestTools.UITest.Playback.Engine.IScreenElement.FindAllDescendants(String bstrQueryId, Object&amp; pvarResKeys, Int32 cResKeys, Int32 nMaxDepth)
   at Microsoft.VisualStudio.TestTools.UITest.Playback.ScreenElement.FindAllScreenElement(String queryId, Int32 depth, Boolean singleQueryId, Boolean throwException, Boolean resetSkipStep)
   at Microsoft.VisualStudio.TestTools.UITest.Playback.ScreenElement.FindScreenElement(String queryId, Int32 depth, Boolean resetSkipStep)
   at Microsoft.VisualStudio.TestTools.UITesting.UITestControl.FindFirstDescendant(String queryId, Int32 maxDepth, Int32&amp; timeLeft)
   --- End of inner exception stack trace ---
   at Microsoft.VisualStudio.TestTools.UITesting.Playback.MapControlNotFoundException(COMException ex, IPlaybackContext context)
   at Microsoft.VisualStudio.TestTools.UITesting.Playback.MapAndThrowComException(COMException innerException, IPlaybackContext context)
   at Microsoft.VisualStudio.TestTools.UITesting.Playback.MapAndThrowException(SystemException exception, IPlaybackContext context)
   at Microsoft.VisualStudio.TestTools.UITesting.Playback.MapAndThrowException(SystemException exception, String queryId)
   at Microsoft.VisualStudio.TestTools.UITesting.UITestControl.FindFirstDescendant(String queryId, Int32 maxDepth, Int32&amp; timeLeft)
   at Microsoft.VisualStudio.TestTools.UITesting.SearchHelper.GetUITestControlRecursive(Boolean useCache, Boolean alwaysSearch, ISearchArgument searchArg, IList`1 windowTitles, Int32&amp; timeLeft)
   at Microsoft.VisualStudio.TestTools.UITesting.SearchHelper.GetElement(Boolean useCache, ISearchArgument searchArg)
   at Microsoft.VisualStudio.TestTools.UITesting.SearchHelper.Search(ISearchArgument searchArg)
   at Microsoft.VisualStudio.TestTools.UITesting.UITestControl.FindInternal()
   at Microsoft.VisualStudio.TestTools.UITesting.UITestControl.&lt;Find&gt;b__3a()
   at Microsoft.VisualStudio.TestTools.UITesting.CodedUITestMethodInvoker.InvokeMethod[T](Func`1 function, UITestControl control, Boolean firePlaybackErrorEvent, Boolean logAsAction)
   at Microsoft.VisualStudio.TestTools.UITesting.UITestControl.Find()
   at Microsoft.VisualStudio.TestTools.UITesting.UITestControl.GetPropertyPrivate(String propertyName)
   at Microsoft.VisualStudio.TestTools.UITesting.UITestControl.GetPropertyOfType[T](String propertyName)
   at Microsoft.VisualStudio.TestTools.UITesting.UITestControl.get_Name()
   at TestAuto.LoggingAndSharedGenericMethods.MouseClick(UITestControl uiMenuItemTestControl) in c:\Builds\1\WebSphere\QATestAutomation\src\CodedUITest\SourceCode\Common\Logging\SharedMethods_Generic.cs:line 790
&lt;ERROR&gt;[5/14/2018 9:58:07 PM]&lt;ERROR&gt;ShoppingCartProductAndOrderDiscount : failed executing ...The playback failed to find the control with the given search properties. Additional Details: 
TechnologyName:  'Web'
ControlType:  'Cell'
TagName:  'TD'
Id:  'WC_SingleShipmentOrderTotalsSummary_td_3'
 Failed to find any control that matched the search condition Id='WC_SingleShipmentOrderTotalsSummary_td_3' &amp;&amp; ControlType='Cell'</Message>
          <StackTrace>   at TestAuto.LoggingAndSharedGenericMethods.EndTest() in c:\Builds\1\WebSphere\QATestAutomation\src\CodedUITest\SourceCode\Common\Logging\Logging.cs:line 1628
   at TestAuto.CartDisplayTest.TestCleanup() in c:\Builds\1\WebSphere\QATestAutomation\src\CodedUITest\SourceCode\HHobby\CartDisplay\CartDisplay.cs:line 5472
</StackTrace>
        </ErrorInfo>
        <TextMessages>
          <Message>[5/14/2018 9:55:33 PM]&lt;STARTLOG&gt;&lt;ShoppingCartProductAndOrderDiscount&gt;Test Started: Expecting: #PASS=Undefined and #FAIL=0
Running from MTM=True, running on machine name:CMP01-YKUMAR, user name=ykumar, OS=Microsoft Windows NT 6.1.7601 Service Pack 1, Is64BitOS=True</Message>
          <Message>[5/14/2018 9:55:35 PM]&lt;INFO&gt;LogCPUAndMemoryUsage: Available Memory = 24950(MB), CPU Usage = 25.77875%</Message>
          <Message>[5/14/2018 9:55:35 PM]&lt;INFO&gt;Private Working Set for QTAgent32_40, usage=184904 (K)</Message>
          <Message>[5/14/2018 9:55:36 PM]&lt;INFO&gt;Path To TestConfig xml=C:\Users\ykumar\AppData\Local\VSEQT\QTAgent\26974\CMP01-YKUMAR.horizonhobby.com\Deployment\SharedCommonConfig.xml</Message>
          <Message>[5/14/2018 9:55:36 PM]&lt;INFO&gt;Path To TestData xml=C:\Users\ykumar\AppData\Local\VSEQT\QTAgent\26974\CMP01-YKUMAR.horizonhobby.com\Deployment\CartDisplayTestData_215533.xml</Message>
          <Message>[5/14/2018 9:55:36 PM]&lt;INFO&gt;Path To HorizonHobbyQA Application Url=https://www-tst.horizonhobby.com</Message>
          <Message>[5/14/2018 9:55:36 PM]&lt;INFO&gt;HorizonHobbyQA sql connection string=Server=cmp02-ws-tst-db01:50000;Database=TST01DB;UID=wcdbuser;PWD=h0r1z0n;Connect Timeout=30</Message>
          <Message>[5/14/2018 9:55:36 PM]&lt;INFO&gt;Country is := US and language id is := '-1'</Message>
          <Message>[5/14/2018 9:55:36 PM]&lt;INFO&gt;Current browser used for test execution is = 'IE'</Message>
          <Message>[5/14/2018 9:55:43 PM]&lt;INFO&gt;SearchProductexecuting ... Searching term:= 'EFL2951T'</Message>
          <Message>[5/14/2018 9:55:49 PM]&lt;Info&gt;AllBrowserWindow : Locating browser window...</Message>
          <Message>[5/14/2018 9:56:12 PM]&lt;Info&gt;AllBrowserWindow : Locating browser window...</Message>
          <Message>[5/14/2018 9:57:44 PM]&lt;INFO&gt;SurveyWindow : method executing ...</Message>
          <Message>[5/14/2018 9:57:46 PM]&lt;INFO&gt;BackOrderClickexecuting ...</Message>
          <Message>Assert.Fail failed. [5/14/2018 9:57:52 PM]&lt;ERROR&gt;BackOrderClick : failed executing ...The playback failed to find the control with the given search properties. Additional Details: 
TechnologyName:  'Web'
ControlType:  'Hyperlink'
TagName:  'A'
Id:  'add2CartBtn'
 Failed to find any control that matched the search condition Id='add2CartBtn' &amp;&amp; ControlType='Hyperlink', 
    StackTrace:
    BackOrderClick(),SharedProductPage.cs,Line Number:498
    BackOrderClick(),SharedProductPage.cs,Line Number:505
    ShoppingCartProductAndOrderDiscount(),CartDisplay.cs,Line Number:3256</Message>
          <Message>[5/14/2018 9:57:52 PM]&lt;CaptureImage&gt;\\CMP01-YKumar\AutoLog\CMP01-YKUMAR\ShoppingCartProductAndOrderDiscount_20180514215752.png</Message>
          <Message>[5/14/2018 9:57:52 PM]&lt;INFO&gt;GoToCartClickexecuting ...</Message>
          <Message>Assert.Fail failed. [5/14/2018 9:58:05 PM]&lt;ERROR&gt;MouseClick Exception:Microsoft.VisualStudio.TestTools.UITest.Extension.UITestControlNotFoundException: The playback failed to find the control with the given search properties. Additional Details: 
TechnologyName:  'Web'
ControlType:  'Hyperlink'
TagName:  'A'
Id:  'GotoCartButton1'
Class:  'button'
InnerText:  'Go to Cart'
 Failed to find any control that matched the search condition Id='GotoCartButton1' &amp;&amp; ControlType='Hyperlink' &amp;&amp; Class='button' &amp;&amp; InnerText='Go to Cart' ---&gt; System.Runtime.InteropServices.COMException: Error HRESULT E_FAIL has been returned from a call to a COM component.
   at Microsoft.VisualStudio.TestTools.UITest.Playback.Engine.IScreenElement.FindAllDescendants(String bstrQueryId, Object&amp; pvarResKeys, Int32 cResKeys, Int32 nMaxDepth)
   at Microsoft.VisualStudio.TestTools.UITest.Playback.ScreenElement.FindAllScreenElement(String queryId, Int32 depth, Boolean singleQueryId, Boolean throwException, Boolean resetSkipStep)
   at Microsoft.VisualStudio.TestTools.UITest.Playback.ScreenElement.FindScreenElement(String queryId, Int32 depth, Boolean resetSkipStep)
   at Microsoft.VisualStudio.TestTools.UITesting.UITestControl.FindFirstDescendant(String queryId, Int32 maxDepth, Int32&amp; timeLeft)
   --- End of inner exception stack trace ---
   at Microsoft.VisualStudio.TestTools.UITesting.Playback.MapControlNotFoundException(COMException ex, IPlaybackContext context)
   at Microsoft.VisualStudio.TestTools.UITesting.Playback.MapAndThrowComException(COMException innerException, IPlaybackContext context)
   at Microsoft.VisualStudio.TestTools.UITesting.Playback.MapAndThrowException(SystemException exception, IPlaybackContext context)
   at Microsoft.VisualStudio.TestTools.UITesting.Playback.MapAndThrowException(SystemException exception, String queryId)
   at Microsoft.VisualStudio.TestTools.UITesting.UITestControl.FindFirstDescendant(String queryId, Int32 maxDepth, Int32&amp; timeLeft)
   at Microsoft.VisualStudio.TestTools.UITesting.SearchHelper.GetUITestControlRecursive(Boolean useCache, Boolean alwaysSearch, ISearchArgument searchArg, IList`1 windowTitles, Int32&amp; timeLeft)
   at Microsoft.VisualStudio.TestTools.UITesting.SearchHelper.GetElement(Boolean useCache, ISearchArgument searchArg)
   at Microsoft.VisualStudio.TestTools.UITesting.SearchHelper.Search(ISearchArgument searchArg)
   at Microsoft.VisualStudio.TestTools.UITesting.UITestControl.FindInternal()
   at Microsoft.VisualStudio.TestTools.UITesting.UITestControl.&lt;Find&gt;b__3a()
   at Microsoft.VisualStudio.TestTools.UITesting.CodedUITestMethodInvoker.InvokeMethod[T](Func`1 function, UITestControl control, Boolean firePlaybackErrorEvent, Boolean logAsAction)
   at Microsoft.VisualStudio.TestTools.UITesting.UITestControl.Find()
   at Microsoft.VisualStudio.TestTools.UITesting.UITestControl.GetPropertyPrivate(String propertyName)
   at Microsoft.VisualStudio.TestTools.UITesting.UITestControl.GetPropertyOfType[T](String propertyName)
   at Microsoft.VisualStudio.TestTools.UITesting.UITestControl.get_Name()
   at TestAuto.LoggingAndSharedGenericMethods.MouseClick(UITestControl uiMenuItemTestControl) in c:\Builds\1\WebSphere\QATestAutomation\src\CodedUITest\SourceCode\Common\Logging\SharedMethods_Generic.cs:line 790, 
    StackTrace:
    MouseClick(),SharedMethods_Generic.cs,Line Number:822
    GoToCartClick(),SharedCartPopUp.cs,Line Number:101
    ShoppingCartProductAndOrderDiscount(),CartDisplay.cs,Line Number:3259</Message>
          <Message>[5/14/2018 9:58:05 PM]&lt;CaptureImage&gt;\\CMP01-YKumar\AutoLog\CMP01-YKUMAR\ShoppingCartProductAndOrderDiscount_20180514215805.png</Message>
          <Message>Assert.Fail failed. [5/14/2018 9:58:07 PM]&lt;ERROR&gt;ShoppingCartProductAndOrderDiscount : failed executing ...The playback failed to find the control with the given search properties. Additional Details: 
TechnologyName:  'Web'
ControlType:  'Cell'
TagName:  'TD'
Id:  'WC_SingleShipmentOrderTotalsSummary_td_3'
 Failed to find any control that matched the search condition Id='WC_SingleShipmentOrderTotalsSummary_td_3' &amp;&amp; ControlType='Cell', 
    StackTrace:
    ShoppingCartProductAndOrderDiscount(),CartDisplay.cs,Line Number:3309</Message>
          <Message>[5/14/2018 9:58:07 PM]&lt;CaptureImage&gt;\\CMP01-YKumar\AutoLog\CMP01-YKUMAR\ShoppingCartProductAndOrderDiscount_20180514215807.png</Message>
          <Message>[5/14/2018 9:58:07 PM]&lt;RESULT&gt;Test Ended:#PASS=0, #FAIL=0,#Other errors=3</Message>
          <Message>[5/14/2018 9:58:08 PM]&lt;INFO&gt;LogCPUAndMemoryUsage: Available Memory = 25340(MB), CPU Usage = 16.34447%</Message>
          <Message>[5/14/2018 9:58:08 PM]&lt;INFO&gt;Private Working Set for QTAgent32_40, usage=201492 (K)</Message>
          <Message>[5/14/2018 9:58:08 PM]&lt;RESULT&gt;&lt;ShoppingCartProductAndOrderDiscount&gt; Test FAILED: #Other errors=3. See Error Message/logs for further details.</Message>
        </TextMessages>
      </Output>
    </UnitTestResult>
    <UnitTestResult executionId="7a5fa7da-892c-4f57-89d8-b9e9bcdc923e" testId="e3edf36e-a94b-6a3e-ff33-5de15c13ef49" testName="ShippingPromoCodes" computerName="CMP01-YKUMAR" duration="00:03:17.7455090" startTime="2018-05-14T21:58:10.7762310-05:00" endTime="2018-05-14T22:01:28.5292310-05:00" testType="13cdc9d9-ddb5-4fa4-a97d-d965ccfc6d4b" outcome="Passed" testListId="8c84fa94-04c1-424b-9868-57a2d4851a1d" relativeResultsDirectory="7a5fa7da-892c-4f57-89d8-b9e9bcdc923e">
      <Output>
        <StdOut>Logging to custom path:\\CMP01-YKumar\AutoLog</StdOut>
        <TextMessages>
          <Message>[5/14/2018 9:58:10 PM]&lt;STARTLOG&gt;&lt;ShippingPromoCodes&gt;Test Started: Expecting: #PASS=Undefined and #FAIL=0
Running from MTM=True, running on machine name:CMP01-YKUMAR, user name=ykumar, OS=Microsoft Windows NT 6.1.7601 Service Pack 1, Is64BitOS=True</Message>
          <Message>[5/14/2018 9:58:11 PM]&lt;INFO&gt;LogCPUAndMemoryUsage: Available Memory = 25425(MB), CPU Usage = 34.54504%</Message>
          <Message>[5/14/2018 9:58:11 PM]&lt;INFO&gt;Private Working Set for QTAgent32_40, usage=201612 (K)</Message>
          <Message>[5/14/2018 9:58:11 PM]&lt;INFO&gt;Path To TestConfig xml=C:\Users\ykumar\AppData\Local\VSEQT\QTAgent\26974\CMP01-YKUMAR.horizonhobby.com\Deployment\SharedCommonConfig.xml</Message>
          <Message>[5/14/2018 9:58:11 PM]&lt;INFO&gt;Path To TestData xml=C:\Users\ykumar\AppData\Local\VSEQT\QTAgent\26974\CMP01-YKUMAR.horizonhobby.com\Deployment\CartDisplayTestData_215810.xml</Message>
          <Message>[5/14/2018 9:58:11 PM]&lt;INFO&gt;Path To HorizonHobbyQA Application Url=https://www-tst.horizonhobby.com</Message>
          <Message>[5/14/2018 9:58:11 PM]&lt;INFO&gt;HorizonHobbyQA sql connection string=Server=cmp02-ws-tst-db01:50000;Database=TST01DB;UID=wcdbuser;PWD=h0r1z0n;Connect Timeout=30</Message>
          <Message>[5/14/2018 9:58:11 PM]&lt;INFO&gt;Country is := US and language id is := '-1'</Message>
          <Message>[5/14/2018 9:58:11 PM]&lt;INFO&gt;Current browser used for test execution is = 'IE'</Message>
          <Message>[5/14/2018 9:58:18 PM]&lt;INFO&gt;SearchProductexecuting ... Searching term:= 'TEKTT2705'</Message>
          <Message>[5/14/2018 9:58:25 PM]&lt;Info&gt;AllBrowserWindow : Locating browser window...</Message>
          <Message>[5/14/2018 9:58:25 PM]&lt;INFO&gt;BackOrderClickexecuting ...</Message>
          <Message>[5/14/2018 9:58:26 PM]&lt;INFO&gt;GoToCartClickexecuting ...</Message>
          <Message>[5/14/2018 9:58:32 PM]&lt;INFO&gt;ApplyPromoCode : method executing ...  -FIXEDHALF</Message>
          <Message>[5/14/2018 9:58:32 PM]&lt;INFO&gt;SurveyWindow : method executing ...</Message>
          <Message>[5/14/2018 9:58:47 PM]&lt;INFO&gt;SelectStateForShipping : is executing ...</Message>
          <Message>[5/14/2018 9:58:50 PM]&lt;INFO&gt;GetAllShippingOptions : is executing ...</Message>
          <Message>[5/14/2018 9:58:50 PM]&lt;Info&gt;AllBrowserWindow : Locating browser window...</Message>
          <Message>[5/14/2018 9:58:59 PM]&lt;PASS&gt;&lt;ApplyPromoCodeAndValidate&gt;&lt;Ground shipping is displayed as- FedEx&gt;</Message>
          <Message>[5/14/2018 9:58:59 PM]&lt;INFO&gt;RemoveAppliedPromoCode : is executing ...</Message>
          <Message>[5/14/2018 9:58:59 PM]&lt;Info&gt;AllBrowserWindow : Locating browser window...</Message>
          <Message>[5/14/2018 9:59:10 PM]&lt;INFO&gt;ApplyPromoCode : method executing ...  -FIXEDFREE</Message>
          <Message>[5/14/2018 9:59:10 PM]&lt;INFO&gt;SurveyWindow : method executing ...</Message>
          <Message>[5/14/2018 9:59:20 PM]&lt;INFO&gt;SelectStateForShipping : is executing ...</Message>
          <Message>[5/14/2018 9:59:23 PM]&lt;INFO&gt;GetAllShippingOptions : is executing ...</Message>
          <Message>[5/14/2018 9:59:23 PM]&lt;Info&gt;AllBrowserWindow : Locating browser window...</Message>
          <Message>[5/14/2018 9:59:31 PM]&lt;PASS&gt;&lt;ApplyPromoCodeAndValidate&gt;&lt;Ground shipping is displayed as- FedEx&gt;</Message>
          <Message>[5/14/2018 9:59:31 PM]&lt;INFO&gt;RemoveAppliedPromoCode : is executing ...</Message>
          <Message>[5/14/2018 9:59:31 PM]&lt;Info&gt;AllBrowserWindow : Locating browser window...</Message>
          <Message>[5/14/2018 9:59:42 PM]&lt;INFO&gt;ApplyPromoCode : method executing ...  -AMOUNTHALF</Message>
          <Message>[5/14/2018 9:59:42 PM]&lt;INFO&gt;SurveyWindow : method executing ...</Message>
          <Message>[5/14/2018 9:59:50 PM]&lt;INFO&gt;CheckoutProcessStartShoppingCart : method executing</Message>
          <Message>[5/14/2018 9:59:50 PM]&lt;Info&gt;AllBrowserWindow : Locating browser window...</Message>
          <Message>[5/14/2018 9:59:59 PM]&lt;INFO&gt;CheckoutShoppingCartControls : method executing</Message>
          <Message>[5/14/2018 9:59:59 PM]&lt;Info&gt;AllBrowserWindow : Locating browser window...</Message>
          <Message>[5/14/2018 10:00:11 PM]&lt;Info&gt;AllBrowserWindow : Locating browser window...</Message>
          <Message>[5/14/2018 10:00:13 PM]&lt;INFO&gt;FillBillingAndShippingAddressexecuting ...</Message>
          <Message>[5/14/2018 10:00:13 PM]&lt;Info&gt;AllBrowserWindow : Locating browser window...</Message>
          <Message>[5/14/2018 10:00:16 PM]&lt;INFO&gt;SelectBillingCountryexecuting ...</Message>
          <Message>[5/14/2018 10:00:22 PM]&lt;INFO&gt;SelectBillingStateexecuting ...</Message>
          <Message>[5/14/2018 10:00:36 PM]&lt;INFO&gt;SelectShippingCountryexecuting ...</Message>
          <Message>[5/14/2018 10:00:40 PM]&lt;INFO&gt;SelectShippingStateexecuting ...</Message>
          <Message>[5/14/2018 10:00:46 PM]&lt;Info&gt;AllBrowserWindow : Locating browser window...</Message>
          <Message>[5/14/2018 10:00:53 PM]&lt;INFO&gt;GetShippingMethodRadioButtonControl : method executing</Message>
          <Message>[5/14/2018 10:00:53 PM]&lt;Info&gt;AllBrowserWindow : Locating browser window...</Message>
          <Message>[5/14/2018 10:00:54 PM]&lt;INFO&gt;ShippingMethodSelection : method executing</Message>
          <Message>[5/14/2018 10:00:54 PM]&lt;Info&gt;AllBrowserWindow : Locating browser window...</Message>
          <Message>[5/14/2018 10:00:59 PM]&lt;INFO&gt;GetAllShippingOptions : is executing ...</Message>
          <Message>[5/14/2018 10:00:59 PM]&lt;Info&gt;AllBrowserWindow : Locating browser window...</Message>
          <Message>[5/14/2018 10:01:05 PM]&lt;PASS&gt;&lt;ShippingPromoCodes&gt;&lt;Under Order Total Section Shipping Amount $0.00 is displayed&gt;</Message>
          <Message>[5/14/2018 10:01:05 PM]&lt;PASS&gt;&lt;ShippingPromoCodes&gt;&lt;Under Order Total Section Shipping Discount ($2.99) is displayed&gt;</Message>
          <Message>[5/14/2018 10:01:07 PM]&lt;INFO&gt;RemoveAppliedPromoCode : is executing ...</Message>
          <Message>[5/14/2018 10:01:07 PM]&lt;Info&gt;AllBrowserWindow : Locating browser window...</Message>
          <Message>[5/14/2018 10:01:11 PM]&lt;INFO&gt;ApplyPromoCode : method executing ...  -AMOUNTFREE</Message>
          <Message>[5/14/2018 10:01:25 PM]&lt;PASS&gt;&lt;ShippingPromoCodes&gt;&lt;Under Order Total Section Shipping Amount $0.00 is displayed&gt;</Message>
          <Message>[5/14/2018 10:01:25 PM]&lt;PASS&gt;&lt;ShippingPromoCodes&gt;&lt;Under Order Total Section Shipping Discount ($2.99) is displayed&gt;</Message>
          <Message>[5/14/2018 10:01:25 PM]&lt;RESULT&gt;Test Ended:#PASS=6, #FAIL=0</Message>
          <Message>[5/14/2018 10:01:26 PM]&lt;INFO&gt;LogCPUAndMemoryUsage: Available Memory = 25154(MB), CPU Usage = 5.8144%</Message>
          <Message>[5/14/2018 10:01:26 PM]&lt;INFO&gt;Private Working Set for QTAgent32_40, usage=194228 (K)</Message>
          <Message>[5/14/2018 10:01:26 PM]&lt;RESULT&gt;&lt;ShippingPromoCodes&gt; Test PASSED</Message>
        </TextMessages>
      </Output>
    </UnitTestResult>
    <UnitTestResult executionId="ebcd2c24-826b-47a8-a45b-2414596776ea" testId="2dec7498-7786-1f8c-3663-a6007e5c6521" testName="OrderDiscountValidation" computerName="CMP01-YKUMAR" duration="00:08:33.6480695" startTime="2018-05-14T22:01:28.5302310-05:00" endTime="2018-05-14T22:10:02.1832310-05:00" testType="13cdc9d9-ddb5-4fa4-a97d-d965ccfc6d4b" outcome="Passed" testListId="8c84fa94-04c1-424b-9868-57a2d4851a1d" relativeResultsDirectory="ebcd2c24-826b-47a8-a45b-2414596776ea">
      <Output>
        <StdOut>Logging to custom path:\\CMP01-YKumar\AutoLog</StdOut>
        <TextMessages>
          <Message>[5/14/2018 10:01:28 PM]&lt;STARTLOG&gt;&lt;OrderDiscountValidation&gt;Test Started: Expecting: #PASS=Undefined and #FAIL=0
Running from MTM=True, running on machine name:CMP01-YKUMAR, user name=ykumar, OS=Microsoft Windows NT 6.1.7601 Service Pack 1, Is64BitOS=True</Message>
          <Message>[5/14/2018 10:01:29 PM]&lt;INFO&gt;LogCPUAndMemoryUsage: Available Memory = 25186(MB), CPU Usage = 34.49177%</Message>
          <Message>[5/14/2018 10:01:29 PM]&lt;INFO&gt;Private Working Set for QTAgent32_40, usage=194364 (K)</Message>
          <Message>[5/14/2018 10:01:29 PM]&lt;INFO&gt;Path To TestConfig xml=C:\Users\ykumar\AppData\Local\VSEQT\QTAgent\26974\CMP01-YKUMAR.horizonhobby.com\Deployment\SharedCommonConfig.xml</Message>
          <Message>[5/14/2018 10:01:29 PM]&lt;INFO&gt;Path To TestData xml=C:\Users\ykumar\AppData\Local\VSEQT\QTAgent\26974\CMP01-YKUMAR.horizonhobby.com\Deployment\CartDisplayTestData_220128.xml</Message>
          <Message>[5/14/2018 10:01:29 PM]&lt;INFO&gt;Path To HorizonHobbyQA Application Url=https://www-tst.horizonhobby.com</Message>
          <Message>[5/14/2018 10:01:29 PM]&lt;INFO&gt;HorizonHobbyQA sql connection string=Server=cmp02-ws-tst-db01:50000;Database=TST01DB;UID=wcdbuser;PWD=h0r1z0n;Connect Timeout=30</Message>
          <Message>[5/14/2018 10:01:29 PM]&lt;INFO&gt;Country is := US and language id is := '-1'</Message>
          <Message>[5/14/2018 10:01:29 PM]&lt;INFO&gt;Current browser used for test execution is = 'IE'</Message>
          <Message>[5/14/2018 10:01:32 PM]&lt;Info&gt;AllBrowserWindow : Locating browser window...</Message>
          <Message>[5/14/2018 10:01:34 PM]&lt;INFO&gt;SurveyWindow : method executing ...</Message>
          <Message>[5/14/2018 10:01:40 PM]&lt;INFO&gt;ContinueOnCertificationErrorClickexecuting ...</Message>
          <Message>[5/14/2018 10:01:40 PM]&lt;Info&gt;DEAllBrowserWindow : Locating browser window...</Message>
          <Message>[5/14/2018 10:01:43 PM]&lt;INFO&gt;ClickAcceptCookiesAgreement : failed executing ...</Message>
          <Message>[5/14/2018 10:01:48 PM]&lt;INFO&gt;UserRegistration : method executing ...</Message>
          <Message>[5/14/2018 10:01:48 PM]&lt;Info&gt;AllBrowserWindow : Locating browser window...</Message>
          <Message>[5/14/2018 10:02:10 PM]&lt;Info&gt;AllBrowserWindow : Locating browser window...</Message>
          <Message>[5/14/2018 10:02:25 PM]&lt;Info&gt;AllBrowserWindow : Locating browser window...</Message>
          <Message>[5/14/2018 10:02:38 PM]&lt;INFO&gt;SearchProductexecuting ... Searching term:= 'LOS250014'</Message>
          <Message>[5/14/2018 10:02:44 PM]&lt;Info&gt;AllBrowserWindow : Locating browser window...</Message>
          <Message>[5/14/2018 10:03:15 PM]&lt;INFO&gt;BackOrderClickexecuting ...</Message>
          <Message>[5/14/2018 10:03:15 PM]&lt;INFO&gt;GoToCartClickexecuting ...</Message>
          <Message>[5/14/2018 10:03:26 PM]&lt;Info&gt;AllBrowserWindow : Locating browser window...</Message>
          <Message>[5/14/2018 10:03:34 PM]&lt;PASS&gt;&lt;OrderDiscountValidation&gt;&lt;Promo Code Text Box appears&gt;</Message>
          <Message>[5/14/2018 10:03:34 PM]&lt;PASS&gt;&lt;OrderDiscountValidation&gt;&lt;Apply Promo Code button appears&gt;</Message>
          <Message>[5/14/2018 10:03:34 PM]&lt;INFO&gt;ApplyPromoCode : method executing ...  -test15dollarsoff</Message>
          <Message>[5/14/2018 10:03:34 PM]&lt;INFO&gt;SurveyWindow : method executing ...</Message>
          <Message>[5/14/2018 10:03:43 PM]&lt;INFO&gt;KeyboardSendKeys method executing...</Message>
          <Message>[5/14/2018 10:03:45 PM]&lt;PASS&gt;&lt;OrderDiscountValidation&gt;&lt;Order Discount Appearing in order table on shopping cart page&gt;</Message>
          <Message>[5/14/2018 10:03:45 PM]&lt;INFO&gt;CheckoutProcessStartShoppingCart : method executing</Message>
          <Message>[5/14/2018 10:03:45 PM]&lt;Info&gt;AllBrowserWindow : Locating browser window...</Message>
          <Message>[5/14/2018 10:03:53 PM]&lt;INFO&gt;CheckoutShoppingCartControls : method executing</Message>
          <Message>[5/14/2018 10:03:53 PM]&lt;Info&gt;AllBrowserWindow : Locating browser window...</Message>
          <Message>[5/14/2018 10:04:00 PM]&lt;Info&gt;AllBrowserWindow : Locating browser window...</Message>
          <Message>[5/14/2018 10:06:16 PM]&lt;PASS&gt;&lt;OrderDiscountValidation&gt;&lt;Order Discount Appearing in order table on shipping and billing method page&gt;</Message>
          <Message>[5/14/2018 10:06:16 PM]&lt;INFO&gt;CheckoutCreditCardShippingAndBillingControls : method executing</Message>
          <Message>[5/14/2018 10:06:16 PM]&lt;Info&gt;AllBrowserWindow : Locating browser window...</Message>
          <Message>[5/14/2018 10:06:25 PM]&lt;PASS&gt;&lt;OrderDiscountValidation&gt;&lt;Order Discount $15.00 Appearing in order table on shipping and billing method page&gt;</Message>
          <Message>[5/14/2018 10:06:25 PM]&lt;INFO&gt;SelectCheckoutPaymentRadiobutton : method executing</Message>
          <Message>[5/14/2018 10:06:25 PM]&lt;INFO&gt;CheckoutCreditCardShippingAndBillingControls : method executing</Message>
          <Message>[5/14/2018 10:06:25 PM]&lt;Info&gt;AllBrowserWindow : Locating browser window...</Message>
          <Message>[5/14/2018 10:06:34 PM]&lt;INFO&gt;FillCreditCardDetails : method executing</Message>
          <Message>[5/14/2018 10:06:34 PM]&lt;INFO&gt;CheckoutCreditCardShippingAndBillingControls : method executing</Message>
          <Message>[5/14/2018 10:06:34 PM]&lt;Info&gt;AllBrowserWindow : Locating browser window...</Message>
          <Message>[5/14/2018 10:06:42 PM]&lt;INFO&gt;ClickReviewOrder : method executing</Message>
          <Message>[5/14/2018 10:06:42 PM]&lt;INFO&gt;CheckoutCreditCardShippingAndBillingControls : method executing</Message>
          <Message>[5/14/2018 10:06:42 PM]&lt;Info&gt;AllBrowserWindow : Locating browser window...</Message>
          <Message>[5/14/2018 10:06:47 PM]&lt;Info&gt;AllBrowserWindow : Locating browser window...</Message>
          <Message>[5/14/2018 10:06:59 PM]&lt;Info&gt;AllBrowserWindow : Locating browser window...</Message>
          <Message>[5/14/2018 10:06:59 PM]&lt;INFO&gt;KeyboardSendKeys method executing...</Message>
          <Message>[5/14/2018 10:06:59 PM]&lt;PASS&gt;&lt;OrderDiscountValidation&gt;&lt;Order Discount Appearing in order table on review order page&gt;</Message>
          <Message>[5/14/2018 10:06:59 PM]&lt;INFO&gt;CheckoutCreditCardShippingAndBillingControls : method executing</Message>
          <Message>[5/14/2018 10:06:59 PM]&lt;Info&gt;AllBrowserWindow : Locating browser window...</Message>
          <Message>[5/14/2018 10:07:08 PM]&lt;PASS&gt;&lt;OrderDiscountValidation&gt;&lt;Order Discount $15.00 Appearing in order table on review order page&gt;</Message>
          <Message>[5/14/2018 10:07:08 PM]&lt;INFO&gt;PlaceOrderCreditCard : method executing</Message>
          <Message>[5/14/2018 10:07:08 PM]&lt;INFO&gt;CheckoutCreditCardShippingAndBillingControls : method executing</Message>
          <Message>[5/14/2018 10:07:08 PM]&lt;Info&gt;AllBrowserWindow : Locating browser window...</Message>
          <Message>[5/14/2018 10:07:16 PM]&lt;INFO&gt;KeyboardSendKeys method executing...</Message>
          <Message>[5/14/2018 10:08:47 PM]&lt;Info&gt;AllBrowserWindow : Locating browser window...</Message>
          <Message>[5/14/2018 10:08:57 PM]&lt;Info&gt;AllBrowserWindow : Locating browser window...</Message>
          <Message>[5/14/2018 10:09:00 PM]&lt;INFO&gt;KeyboardSendKeys method executing...</Message>
          <Message>[5/14/2018 10:09:01 PM]&lt;PASS&gt;&lt;OrderDiscountValidation&gt;&lt;Order Discount Appearing in order table on order confirmation page&gt;</Message>
          <Message>[5/14/2018 10:09:01 PM]&lt;INFO&gt;CheckoutCreditCardShippingAndBillingControls : method executing</Message>
          <Message>[5/14/2018 10:09:01 PM]&lt;Info&gt;AllBrowserWindow : Locating browser window...</Message>
          <Message>[5/14/2018 10:09:30 PM]&lt;PASS&gt;&lt;OrderDiscountValidation&gt;&lt;Order Discount $15.00 Appearing in order table on order confirmation page&gt;</Message>
          <Message>[5/14/2018 10:09:30 PM]&lt;INFO&gt;DeleteWishlistFromDatabase : method executing</Message>
          <Message>[5/14/2018 10:09:30 PM]&lt;INFO&gt;DeletOrderItem : method executing</Message>
          <Message>[5/14/2018 10:09:59 PM]&lt;RESULT&gt;Test Ended:#PASS=9, #FAIL=0</Message>
          <Message>[5/14/2018 10:10:00 PM]&lt;INFO&gt;LogCPUAndMemoryUsage: Available Memory = 25192(MB), CPU Usage = 2.69438%</Message>
          <Message>[5/14/2018 10:10:00 PM]&lt;INFO&gt;Private Working Set for QTAgent32_40, usage=194724 (K)</Message>
          <Message>[5/14/2018 10:10:00 PM]&lt;RESULT&gt;&lt;OrderDiscountValidation&gt; Test PASSED</Message>
        </TextMessages>
      </Output>
    </UnitTestResult>
    <UnitTestResult executionId="1a0591eb-46c5-4a51-9a7e-8a2e055a7db0" testId="450d2f15-c119-dd8f-390f-261cea6330a3" testName="ProductDiscountValidation" computerName="CMP01-YKUMAR" duration="00:05:59.5517996" startTime="2018-05-14T22:10:02.1852310-05:00" endTime="2018-05-14T22:16:01.7422310-05:00" testType="13cdc9d9-ddb5-4fa4-a97d-d965ccfc6d4b" outcome="Passed" testListId="8c84fa94-04c1-424b-9868-57a2d4851a1d" relativeResultsDirectory="1a0591eb-46c5-4a51-9a7e-8a2e055a7db0">
      <Output>
        <StdOut>Logging to custom path:\\CMP01-YKumar\AutoLog</StdOut>
        <TextMessages>
          <Message>[5/14/2018 10:10:02 PM]&lt;STARTLOG&gt;&lt;ProductDiscountValidation&gt;Test Started: Expecting: #PASS=Undefined and #FAIL=0
Running from MTM=True, running on machine name:CMP01-YKUMAR, user name=ykumar, OS=Microsoft Windows NT 6.1.7601 Service Pack 1, Is64BitOS=True</Message>
          <Message>[5/14/2018 10:10:03 PM]&lt;INFO&gt;LogCPUAndMemoryUsage: Available Memory = 25265(MB), CPU Usage = 39.74461%</Message>
          <Message>[5/14/2018 10:10:03 PM]&lt;INFO&gt;Private Working Set for QTAgent32_40, usage=194832 (K)</Message>
          <Message>[5/14/2018 10:10:03 PM]&lt;INFO&gt;Path To TestConfig xml=C:\Users\ykumar\AppData\Local\VSEQT\QTAgent\26974\CMP01-YKUMAR.horizonhobby.com\Deployment\SharedCommonConfig.xml</Message>
          <Message>[5/14/2018 10:10:03 PM]&lt;INFO&gt;Path To TestData xml=C:\Users\ykumar\AppData\Local\VSEQT\QTAgent\26974\CMP01-YKUMAR.horizonhobby.com\Deployment\CartDisplayTestData_221002.xml</Message>
          <Message>[5/14/2018 10:10:03 PM]&lt;INFO&gt;Path To HorizonHobbyQA Application Url=https://www-tst.horizonhobby.com</Message>
          <Message>[5/14/2018 10:10:03 PM]&lt;INFO&gt;HorizonHobbyQA sql connection string=Server=cmp02-ws-tst-db01:50000;Database=TST01DB;UID=wcdbuser;PWD=h0r1z0n;Connect Timeout=30</Message>
          <Message>[5/14/2018 10:10:03 PM]&lt;INFO&gt;Country is := US and language id is := '-1'</Message>
          <Message>[5/14/2018 10:10:03 PM]&lt;INFO&gt;Current browser used for test execution is = 'IE'</Message>
          <Message>[5/14/2018 10:10:06 PM]&lt;Info&gt;AllBrowserWindow : Locating browser window...</Message>
          <Message>[5/14/2018 10:10:08 PM]&lt;INFO&gt;SurveyWindow : method executing ...</Message>
          <Message>[5/14/2018 10:10:13 PM]&lt;INFO&gt;ContinueOnCertificationErrorClickexecuting ...</Message>
          <Message>[5/14/2018 10:10:13 PM]&lt;Info&gt;DEAllBrowserWindow : Locating browser window...</Message>
          <Message>[5/14/2018 10:10:18 PM]&lt;INFO&gt;UserRegistration : method executing ...</Message>
          <Message>[5/14/2018 10:10:18 PM]&lt;Info&gt;AllBrowserWindow : Locating browser window...</Message>
          <Message>[5/14/2018 10:10:40 PM]&lt;Info&gt;AllBrowserWindow : Locating browser window...</Message>
          <Message>[5/14/2018 10:10:54 PM]&lt;Info&gt;AllBrowserWindow : Locating browser window...</Message>
          <Message>[5/14/2018 10:11:08 PM]&lt;INFO&gt;SearchProductexecuting ... Searching term:= 'RC4ZS0518'</Message>
          <Message>[5/14/2018 10:11:14 PM]&lt;Info&gt;AllBrowserWindow : Locating browser window...</Message>
          <Message>[5/14/2018 10:11:14 PM]&lt;INFO&gt;SurveyWindow : method executing ...</Message>
          <Message>[5/14/2018 10:11:32 PM]&lt;INFO&gt;BackOrderClickexecuting ...</Message>
          <Message>[5/14/2018 10:11:32 PM]&lt;INFO&gt;GoToCartClickexecuting ...</Message>
          <Message>[5/14/2018 10:11:38 PM]&lt;Info&gt;AllBrowserWindow : Locating browser window...</Message>
          <Message>[5/14/2018 10:11:47 PM]&lt;PASS&gt;&lt;ProductDiscountValidation&gt;&lt;Promo Code Text Box appears&gt;</Message>
          <Message>[5/14/2018 10:11:47 PM]&lt;PASS&gt;&lt;ProductDiscountValidation&gt;&lt;Apply Promo Code button appears&gt;</Message>
          <Message>[5/14/2018 10:11:47 PM]&lt;INFO&gt;ApplyPromoCode : method executing ...  -funfrenz14</Message>
          <Message>[5/14/2018 10:11:47 PM]&lt;INFO&gt;SurveyWindow : method executing ...</Message>
          <Message>[5/14/2018 10:11:59 PM]&lt;INFO&gt;KeyboardSendKeys method executing...</Message>
          <Message>[5/14/2018 10:12:00 PM]&lt;INFO&gt;CheckoutCreditCardShippingAndBillingControls : method executing</Message>
          <Message>[5/14/2018 10:12:00 PM]&lt;Info&gt;AllBrowserWindow : Locating browser window...</Message>
          <Message>[5/14/2018 10:12:15 PM]&lt;PASS&gt;&lt;ProductDiscountValidation&gt;&lt;Product Discount Appearing in order table on shopping cart page&gt;</Message>
          <Message>[5/14/2018 10:12:15 PM]&lt;INFO&gt;CheckoutProcessStartShoppingCart : method executing</Message>
          <Message>[5/14/2018 10:12:15 PM]&lt;Info&gt;AllBrowserWindow : Locating browser window...</Message>
          <Message>[5/14/2018 10:12:22 PM]&lt;INFO&gt;CheckoutShoppingCartControls : method executing</Message>
          <Message>[5/14/2018 10:12:22 PM]&lt;Info&gt;AllBrowserWindow : Locating browser window...</Message>
          <Message>[5/14/2018 10:12:30 PM]&lt;Info&gt;AllBrowserWindow : Locating browser window...</Message>
          <Message>[5/14/2018 10:12:33 PM]&lt;INFO&gt;KeyboardSendKeys method executing...</Message>
          <Message>[5/14/2018 10:12:33 PM]&lt;INFO&gt;CheckoutCreditCardShippingAndBillingControls : method executing</Message>
          <Message>[5/14/2018 10:12:33 PM]&lt;Info&gt;AllBrowserWindow : Locating browser window...</Message>
          <Message>[5/14/2018 10:12:43 PM]&lt;PASS&gt;&lt;ProductDiscountValidation&gt;&lt;Product Discount $3.00Appearing in order table on shipping and billing method page&gt;</Message>
          <Message>[5/14/2018 10:12:43 PM]&lt;INFO&gt;SelectCheckoutPaymentRadiobutton : method executing</Message>
          <Message>[5/14/2018 10:12:43 PM]&lt;INFO&gt;CheckoutCreditCardShippingAndBillingControls : method executing</Message>
          <Message>[5/14/2018 10:12:43 PM]&lt;Info&gt;AllBrowserWindow : Locating browser window...</Message>
          <Message>[5/14/2018 10:12:52 PM]&lt;INFO&gt;FillCreditCardDetails : method executing</Message>
          <Message>[5/14/2018 10:12:52 PM]&lt;INFO&gt;CheckoutCreditCardShippingAndBillingControls : method executing</Message>
          <Message>[5/14/2018 10:12:52 PM]&lt;Info&gt;AllBrowserWindow : Locating browser window...</Message>
          <Message>[5/14/2018 10:13:01 PM]&lt;INFO&gt;ClickReviewOrder : method executing</Message>
          <Message>[5/14/2018 10:13:01 PM]&lt;INFO&gt;CheckoutCreditCardShippingAndBillingControls : method executing</Message>
          <Message>[5/14/2018 10:13:01 PM]&lt;Info&gt;AllBrowserWindow : Locating browser window...</Message>
          <Message>[5/14/2018 10:13:05 PM]&lt;Info&gt;AllBrowserWindow : Locating browser window...</Message>
          <Message>[5/14/2018 10:13:21 PM]&lt;INFO&gt;CheckoutCreditCardShippingAndBillingControls : method executing</Message>
          <Message>[5/14/2018 10:13:21 PM]&lt;Info&gt;AllBrowserWindow : Locating browser window...</Message>
          <Message>[5/14/2018 10:13:30 PM]&lt;PASS&gt;&lt;ProductDiscountValidation&gt;&lt;Product Discount $3.00 Appearing in order table on review order page&gt;</Message>
          <Message>[5/14/2018 10:13:30 PM]&lt;INFO&gt;PlaceOrderCreditCard : method executing</Message>
          <Message>[5/14/2018 10:13:30 PM]&lt;INFO&gt;CheckoutCreditCardShippingAndBillingControls : method executing</Message>
          <Message>[5/14/2018 10:13:30 PM]&lt;Info&gt;AllBrowserWindow : Locating browser window...</Message>
          <Message>[5/14/2018 10:13:39 PM]&lt;INFO&gt;KeyboardSendKeys method executing...</Message>
          <Message>[5/14/2018 10:15:10 PM]&lt;Info&gt;AllBrowserWindow : Locating browser window...</Message>
          <Message>[5/14/2018 10:15:18 PM]&lt;Info&gt;AllBrowserWindow : Locating browser window...</Message>
          <Message>[5/14/2018 10:15:18 PM]&lt;INFO&gt;KeyboardSendKeys method executing...</Message>
          <Message>[5/14/2018 10:15:18 PM]&lt;INFO&gt;CheckoutCreditCardShippingAndBillingControls : method executing</Message>
          <Message>[5/14/2018 10:15:18 PM]&lt;Info&gt;AllBrowserWindow : Locating browser window...</Message>
          <Message>[5/14/2018 10:15:28 PM]&lt;PASS&gt;&lt;ProductDiscountValidation&gt;&lt;Product Discount $2.50 Appearing in order table on order confirmation page&gt;</Message>
          <Message>[5/14/2018 10:15:28 PM]&lt;INFO&gt;DeleteWishlistFromDatabase : method executing</Message>
          <Message>[5/14/2018 10:15:28 PM]&lt;INFO&gt;DeletOrderItem : method executing</Message>
          <Message>[5/14/2018 10:15:58 PM]&lt;RESULT&gt;Test Ended:#PASS=6, #FAIL=0</Message>
          <Message>[5/14/2018 10:15:59 PM]&lt;INFO&gt;LogCPUAndMemoryUsage: Available Memory = 25200(MB), CPU Usage = 8.54441%</Message>
          <Message>[5/14/2018 10:15:59 PM]&lt;INFO&gt;Private Working Set for QTAgent32_40, usage=195116 (K)</Message>
          <Message>[5/14/2018 10:15:59 PM]&lt;RESULT&gt;&lt;ProductDiscountValidation&gt; Test PASSED</Message>
        </TextMessages>
      </Output>
      <ResultFiles>
        <ResultFile path="CMP01-YKUMAR.horizonhobby.com\CartDisplayTestData_221002.xml" />
        <ResultFile path="CMP01-YKUMAR.horizonhobby.com\ProductDiscountValidation_20180514221002.log" />
        <ResultFile path="CMP01-YKUMAR.horizonhobby.com\ProductDiscountValidation_ResultsONLY_20180514221002.log" />
        <ResultFile path="CMP01-YKUMAR.horizonhobby.com\SharedCommonConfig.xml" />
      </ResultFiles>
    </UnitTestResult>
    <UnitTestResult executionId="d174e0f4-03ab-4111-8dbb-708c8802e8df" testId="259bf6c0-ed43-8fa1-4f46-d7735f91353e" testName="ShippingDiscountValidation" computerName="CMP01-YKUMAR" duration="00:04:52.9635782" startTime="2018-05-14T22:16:01.7442310-05:00" endTime="2018-05-14T22:20:54.7152310-05:00" testType="13cdc9d9-ddb5-4fa4-a97d-d965ccfc6d4b" outcome="Passed" testListId="8c84fa94-04c1-424b-9868-57a2d4851a1d" relativeResultsDirectory="d174e0f4-03ab-4111-8dbb-708c8802e8df">
      <Output>
        <StdOut>Logging to custom path:\\CMP01-YKumar\AutoLog</StdOut>
        <TextMessages>
          <Message>[5/14/2018 10:16:01 PM]&lt;STARTLOG&gt;&lt;ShippingDiscountValidation&gt;Test Started: Expecting: #PASS=Undefined and #FAIL=0
Running from MTM=True, running on machine name:CMP01-YKUMAR, user name=ykumar, OS=Microsoft Windows NT 6.1.7601 Service Pack 1, Is64BitOS=True</Message>
          <Message>[5/14/2018 10:16:02 PM]&lt;INFO&gt;LogCPUAndMemoryUsage: Available Memory = 25213(MB), CPU Usage = 36.71012%</Message>
          <Message>[5/14/2018 10:16:02 PM]&lt;INFO&gt;Private Working Set for QTAgent32_40, usage=195204 (K)</Message>
          <Message>[5/14/2018 10:16:02 PM]&lt;INFO&gt;Path To TestConfig xml=C:\Users\ykumar\AppData\Local\VSEQT\QTAgent\26974\CMP01-YKUMAR.horizonhobby.com\Deployment\SharedCommonConfig.xml</Message>
          <Message>[5/14/2018 10:16:02 PM]&lt;INFO&gt;Path To TestData xml=C:\Users\ykumar\AppData\Local\VSEQT\QTAgent\26974\CMP01-YKUMAR.horizonhobby.com\Deployment\CartDisplayTestData_221601.xml</Message>
          <Message>[5/14/2018 10:16:02 PM]&lt;INFO&gt;Path To HorizonHobbyQA Application Url=https://www-tst.horizonhobby.com</Message>
          <Message>[5/14/2018 10:16:02 PM]&lt;INFO&gt;HorizonHobbyQA sql connection string=Server=cmp02-ws-tst-db01:50000;Database=TST01DB;UID=wcdbuser;PWD=h0r1z0n;Connect Timeout=30</Message>
          <Message>[5/14/2018 10:16:02 PM]&lt;INFO&gt;Country is := US and language id is := '-1'</Message>
          <Message>[5/14/2018 10:16:02 PM]&lt;INFO&gt;Current browser used for test execution is = 'IE'</Message>
          <Message>[5/14/2018 10:16:09 PM]&lt;INFO&gt;SearchProductexecuting ... Searching term:= 'INTT7983S'</Message>
          <Message>[5/14/2018 10:16:15 PM]&lt;Info&gt;AllBrowserWindow : Locating browser window...</Message>
          <Message>[5/14/2018 10:16:16 PM]&lt;INFO&gt;BackOrderClickexecuting ...</Message>
          <Message>[5/14/2018 10:16:16 PM]&lt;INFO&gt;GoToCartClickexecuting ...</Message>
          <Message>[5/14/2018 10:16:23 PM]&lt;Info&gt;AllBrowserWindow : Locating browser window...</Message>
          <Message>[5/14/2018 10:16:36 PM]&lt;PASS&gt;&lt;ShippingDiscountValidation&gt;&lt;Order Discount not Appearing in order table on shopping cart page&gt;</Message>
          <Message>[5/14/2018 10:16:36 PM]&lt;INFO&gt;CheckoutProcessStartShoppingCart : method executing</Message>
          <Message>[5/14/2018 10:16:36 PM]&lt;Info&gt;AllBrowserWindow : Locating browser window...</Message>
          <Message>[5/14/2018 10:16:43 PM]&lt;INFO&gt;CheckoutShoppingCartControls : method executing</Message>
          <Message>[5/14/2018 10:16:43 PM]&lt;Info&gt;AllBrowserWindow : Locating browser window...</Message>
          <Message>[5/14/2018 10:16:57 PM]&lt;Info&gt;AllBrowserWindow : Locating browser window...</Message>
          <Message>[5/14/2018 10:17:05 PM]&lt;INFO&gt;FillBillingAndShippingAddressexecuting ...</Message>
          <Message>[5/14/2018 10:17:05 PM]&lt;Info&gt;AllBrowserWindow : Locating browser window...</Message>
          <Message>[5/14/2018 10:17:11 PM]&lt;INFO&gt;SelectBillingCountryexecuting ...</Message>
          <Message>[5/14/2018 10:17:19 PM]&lt;INFO&gt;SelectBillingStateexecuting ...</Message>
          <Message>[5/14/2018 10:17:42 PM]&lt;Info&gt;AllBrowserWindow : Locating browser window...</Message>
          <Message>[5/14/2018 10:17:50 PM]&lt;INFO&gt;GetShippingMethodRadioButtonControl : method executing</Message>
          <Message>[5/14/2018 10:17:50 PM]&lt;Info&gt;AllBrowserWindow : Locating browser window...</Message>
          <Message>[5/14/2018 10:17:52 PM]&lt;INFO&gt;ShippingMethodSelection : method executing</Message>
          <Message>[5/14/2018 10:17:52 PM]&lt;Info&gt;AllBrowserWindow : Locating browser window...</Message>
          <Message>[5/14/2018 10:17:57 PM]&lt;INFO&gt;GetAllShippingOptions : is executing ...</Message>
          <Message>[5/14/2018 10:17:57 PM]&lt;Info&gt;AllBrowserWindow : Locating browser window...</Message>
          <Message>[5/14/2018 10:18:00 PM]&lt;INFO&gt;ApplyPromoCode : method executing ...  -FIXEDHALF</Message>
          <Message>[5/14/2018 10:18:08 PM]&lt;PASS&gt;&lt;ShippingDiscountValidation&gt;&lt; The ground cost comes out to be $2.99&gt;</Message>
          <Message>[5/14/2018 10:18:08 PM]&lt;PASS&gt;&lt;ShippingDiscountValidation&gt;&lt; Label for the 'Shipping discount' and the adjoin amount (say $0.00) will  be displayed.&gt;</Message>
          <Message>[5/14/2018 10:18:08 PM]&lt;INFO&gt;SelectCheckoutPaymentRadiobutton : method executing</Message>
          <Message>[5/14/2018 10:18:08 PM]&lt;INFO&gt;CheckoutCreditCardShippingAndBillingControls : method executing</Message>
          <Message>[5/14/2018 10:18:08 PM]&lt;Info&gt;AllBrowserWindow : Locating browser window...</Message>
          <Message>[5/14/2018 10:18:16 PM]&lt;INFO&gt;FillCreditCardDetails : method executing</Message>
          <Message>[5/14/2018 10:18:16 PM]&lt;INFO&gt;CheckoutCreditCardShippingAndBillingControls : method executing</Message>
          <Message>[5/14/2018 10:18:16 PM]&lt;Info&gt;AllBrowserWindow : Locating browser window...</Message>
          <Message>[5/14/2018 10:18:25 PM]&lt;INFO&gt;ClickReviewOrder : method executing</Message>
          <Message>[5/14/2018 10:18:25 PM]&lt;INFO&gt;CheckoutCreditCardShippingAndBillingControls : method executing</Message>
          <Message>[5/14/2018 10:18:25 PM]&lt;Info&gt;AllBrowserWindow : Locating browser window...</Message>
          <Message>[5/14/2018 10:18:29 PM]&lt;Info&gt;AllBrowserWindow : Locating browser window...</Message>
          <Message>[5/14/2018 10:18:39 PM]&lt;INFO&gt;CheckoutCreditCardShippingAndBillingControls : method executing</Message>
          <Message>[5/14/2018 10:18:39 PM]&lt;Info&gt;AllBrowserWindow : Locating browser window...</Message>
          <Message>[5/14/2018 10:18:48 PM]&lt;PASS&gt;&lt;ShippingDiscountValidation&gt;&lt;Shipping Discount $0.00 Appearing in order table on review order page&gt;</Message>
          <Message>[5/14/2018 10:18:48 PM]&lt;INFO&gt;PlaceOrderCreditCard : method executing</Message>
          <Message>[5/14/2018 10:18:48 PM]&lt;INFO&gt;CheckoutCreditCardShippingAndBillingControls : method executing</Message>
          <Message>[5/14/2018 10:18:48 PM]&lt;Info&gt;AllBrowserWindow : Locating browser window...</Message>
          <Message>[5/14/2018 10:18:57 PM]&lt;INFO&gt;KeyboardSendKeys method executing...</Message>
          <Message>[5/14/2018 10:20:28 PM]&lt;Info&gt;AllBrowserWindow : Locating browser window...</Message>
          <Message>[5/14/2018 10:20:36 PM]&lt;Info&gt;AllBrowserWindow : Locating browser window...</Message>
          <Message>[5/14/2018 10:20:42 PM]&lt;INFO&gt;CheckoutCreditCardShippingAndBillingControls : method executing</Message>
          <Message>[5/14/2018 10:20:42 PM]&lt;Info&gt;AllBrowserWindow : Locating browser window...</Message>
          <Message>[5/14/2018 10:20:51 PM]&lt;PASS&gt;&lt;ShippingDiscountValidation&gt;&lt;Shipping discount $0.00 Appearing in order table on order confirmation page&gt;</Message>
          <Message>[5/14/2018 10:20:51 PM]&lt;RESULT&gt;Test Ended:#PASS=5, #FAIL=0</Message>
          <Message>[5/14/2018 10:20:52 PM]&lt;INFO&gt;LogCPUAndMemoryUsage: Available Memory = 25167(MB), CPU Usage = 3.66938%</Message>
          <Message>[5/14/2018 10:20:52 PM]&lt;INFO&gt;Private Working Set for QTAgent32_40, usage=195836 (K)</Message>
          <Message>[5/14/2018 10:20:52 PM]&lt;RESULT&gt;&lt;ShippingDiscountValidation&gt; Test PASSED</Message>
        </TextMessages>
      </Output>
    </UnitTestResult>
    <UnitTestResult executionId="f293377f-e539-4547-bdd3-82ea32c8b3fb" testId="45b1a834-6dba-8125-6aa8-bec09e7d335a" testName="EnvoyCheckoutMilitaryAndUSTerritoryShippingAddresses" computerName="CMP01-YKUMAR" duration="00:01:17.7131793" startTime="2018-05-14T22:20:54.7162310-05:00" endTime="2018-05-14T22:22:12.7952310-05:00" testType="13cdc9d9-ddb5-4fa4-a97d-d965ccfc6d4b" outcome="Failed" testListId="8c84fa94-04c1-424b-9868-57a2d4851a1d" relativeResultsDirectory="f293377f-e539-4547-bdd3-82ea32c8b3fb">
      <Output>
        <StdOut>Logging to custom path:\\CMP01-YKumar\AutoLog</StdOut>
        <ErrorInfo>
          <Message>Assert.Fail failed. 
#Other errors=1
[Error details below]
&lt;ERROR&gt;[5/14/2018 10:22:09 PM]&lt;Error&gt;EnvoyCheckoutMilitaryAndUSTerritoryShippingAddresses : failed executing ...There is no row at position 0.</Message>
          <StackTrace>   at TestAuto.LoggingAndSharedGenericMethods.EndTest() in c:\Builds\1\WebSphere\QATestAutomation\src\CodedUITest\SourceCode\Common\Logging\Logging.cs:line 1628
   at TestAuto.BorderFree.TestCleanup() in c:\Builds\1\WebSphere\QATestAutomation\src\CodedUITest\SourceCode\HHobby\BorderFree\BorderFree.cs:line 2628
</StackTrace>
        </ErrorInfo>
        <TextMessages>
          <Message>[5/14/2018 10:20:55 PM]&lt;STARTLOG&gt;&lt;EnvoyCheckoutMilitaryAndUSTerritoryShippingAddresses&gt;Test Started: Expecting: #PASS=Undefined and #FAIL=0
Running from MTM=True, running on machine name:CMP01-YKUMAR, user name=ykumar, OS=Microsoft Windows NT 6.1.7601 Service Pack 1, Is64BitOS=True</Message>
          <Message>[5/14/2018 10:20:56 PM]&lt;INFO&gt;LogCPUAndMemoryUsage: Available Memory = 25413(MB), CPU Usage = 28.50603%</Message>
          <Message>[5/14/2018 10:20:56 PM]&lt;INFO&gt;Private Working Set for QTAgent32_40, usage=199064 (K)</Message>
          <Message>[5/14/2018 10:20:56 PM]&lt;INFO&gt;Path To TestConfig xml=C:\Users\ykumar\AppData\Local\VSEQT\QTAgent\26974\CMP01-YKUMAR.horizonhobby.com\Deployment\SharedCommonConfig.xml</Message>
          <Message>[5/14/2018 10:20:56 PM]&lt;INFO&gt;Path To TestData xml=C:\Users\ykumar\AppData\Local\VSEQT\QTAgent\26974\CMP01-YKUMAR.horizonhobby.com\Deployment\BorderFreeTestData_222055.xml</Message>
          <Message>[5/14/2018 10:20:56 PM]&lt;INFO&gt;Path To HorizonHobbyQA Application Url=https://www-tst.horizonhobby.com</Message>
          <Message>[5/14/2018 10:20:56 PM]&lt;INFO&gt;HorizonHobbyQA sql connection string=Server=cmp02-ws-tst-db01:50000;Database=TST01DB;UID=wcdbuser;PWD=h0r1z0n;Connect Timeout=30</Message>
          <Message>[5/14/2018 10:20:56 PM]&lt;INFO&gt;Country is := US and language id is := '-1'</Message>
          <Message>[5/14/2018 10:20:56 PM]&lt;INFO&gt;Current browser used for test execution is = 'IE'</Message>
          <Message>[5/14/2018 10:21:00 PM]&lt;Info&gt;AllBrowserWindow : Locating browser window...</Message>
          <Message>[5/14/2018 10:21:13 PM]&lt;INFO&gt;GetShippingRestrictedProductsWithCountry executing... </Message>
          <Message>[5/14/2018 10:21:13 PM]&lt;INFO&gt;SearchProductexecuting ... Searching term:= 'BLH4003'</Message>
          <Message>[5/14/2018 10:21:18 PM]&lt;Info&gt;AllBrowserWindow : Locating browser window...</Message>
          <Message>[5/14/2018 10:21:18 PM]&lt;INFO&gt;BackOrderClickexecuting ...</Message>
          <Message>[5/14/2018 10:21:21 PM]&lt;INFO&gt;GoToCartClickexecuting ...</Message>
          <Message>[5/14/2018 10:21:32 PM]&lt;Info&gt;AllBrowserWindow : Locating browser window...</Message>
          <Message>[5/14/2018 10:21:40 PM]&lt;Info&gt;AllBrowserWindow : Locating browser window...</Message>
          <Message>[5/14/2018 10:21:48 PM]&lt;Info&gt;AllBrowserWindow : Locating browser window...</Message>
          <Message>[5/14/2018 10:21:58 PM]&lt;PASS&gt;&lt;EnvoyCheckoutMilitaryAndUSTerritoryShippingAddresses&gt;&lt;Interrupt window did not appear for guest user on clicking checkout on shopping cart page&gt;</Message>
          <Message>[5/14/2018 10:21:58 PM]&lt;Info&gt;AllBrowserWindow : Locating browser window...</Message>
          <Message>[5/14/2018 10:21:58 PM]&lt;Info&gt;AllBrowserWindow : Locating browser window...</Message>
          <Message>[5/14/2018 10:21:58 PM]&lt;Info&gt;AllBrowserWindow : Locating browser window...</Message>
          <Message>Assert.Fail failed. [5/14/2018 10:22:09 PM]&lt;Error&gt;EnvoyCheckoutMilitaryAndUSTerritoryShippingAddresses : failed executing ...There is no row at position 0., 
    StackTrace:
    EnvoyCheckoutMilitaryAndUSTerritoryShippingAddresses(),BorderFree.cs,Line Number:2511</Message>
          <Message>[5/14/2018 10:22:09 PM]&lt;CaptureImage&gt;\\CMP01-YKumar\AutoLog\CMP01-YKUMAR\EnvoyCheckoutMilitaryAndUSTerritoryShippingAddresses_20180514222209.png</Message>
          <Message>[5/14/2018 10:22:09 PM]&lt;RESULT&gt;Test Ended:#PASS=1, #FAIL=0,#Other errors=1</Message>
          <Message>[5/14/2018 10:22:10 PM]&lt;INFO&gt;LogCPUAndMemoryUsage: Available Memory = 25143(MB), CPU Usage = 1.32937%</Message>
          <Message>[5/14/2018 10:22:10 PM]&lt;INFO&gt;Private Working Set for QTAgent32_40, usage=216076 (K)</Message>
          <Message>[5/14/2018 10:22:10 PM]&lt;RESULT&gt;&lt;EnvoyCheckoutMilitaryAndUSTerritoryShippingAddresses&gt; Test FAILED: #Other errors=1. See Error Message/logs for further details.</Message>
        </TextMessages>
      </Output>
    </UnitTestResult>
    <UnitTestResult executionId="319478a3-ff29-4baf-bbf8-776f90cd9b3a" testId="b1b1dcc2-abc3-a156-1698-d995de0ff230" testName="IPDetectionFunctionality" computerName="CMP01-YKUMAR" duration="00:03:15.1667425" startTime="2018-05-14T22:22:12.7962310-05:00" endTime="2018-05-14T22:25:27.9702310-05:00" testType="13cdc9d9-ddb5-4fa4-a97d-d965ccfc6d4b" outcome="Passed" testListId="8c84fa94-04c1-424b-9868-57a2d4851a1d" relativeResultsDirectory="319478a3-ff29-4baf-bbf8-776f90cd9b3a">
      <Output>
        <StdOut>Logging to custom path:\\CMP01-YKumar\AutoLog</StdOut>
        <TextMessages>
          <Message>[5/14/2018 10:22:12 PM]&lt;STARTLOG&gt;&lt;IPDetectionFunctionality&gt;Test Started: Expecting: #PASS=Undefined and #FAIL=0
Running from MTM=True, running on machine name:CMP01-YKUMAR, user name=ykumar, OS=Microsoft Windows NT 6.1.7601 Service Pack 1, Is64BitOS=True</Message>
          <Message>[5/14/2018 10:22:13 PM]&lt;INFO&gt;LogCPUAndMemoryUsage: Available Memory = 25238(MB), CPU Usage = 36.34574%</Message>
          <Message>[5/14/2018 10:22:13 PM]&lt;INFO&gt;Private Working Set for QTAgent32_40, usage=216220 (K)</Message>
          <Message>[5/14/2018 10:22:13 PM]&lt;INFO&gt;Path To TestConfig xml=C:\Users\ykumar\AppData\Local\VSEQT\QTAgent\26974\CMP01-YKUMAR.horizonhobby.com\Deployment\SharedCommonConfig.xml</Message>
          <Message>[5/14/2018 10:22:13 PM]&lt;INFO&gt;Path To TestData xml=C:\Users\ykumar\AppData\Local\VSEQT\QTAgent\26974\CMP01-YKUMAR.horizonhobby.com\Deployment\BorderFreeTestData_222212.xml</Message>
          <Message>[5/14/2018 10:22:13 PM]&lt;INFO&gt;Path To HorizonHobbyQA Application Url=https://www-tst.horizonhobby.com</Message>
          <Message>[5/14/2018 10:22:13 PM]&lt;INFO&gt;HorizonHobbyQA sql connection string=Server=cmp02-ws-tst-db01:50000;Database=TST01DB;UID=wcdbuser;PWD=h0r1z0n;Connect Timeout=30</Message>
          <Message>[5/14/2018 10:22:13 PM]&lt;INFO&gt;Country is := US and language id is := '-1'</Message>
          <Message>[5/14/2018 10:22:13 PM]&lt;INFO&gt;Current browser used for test execution is = 'IE'</Message>
          <Message>[5/14/2018 10:22:27 PM]&lt;INFO&gt;SurveyWindow : method executing ...</Message>
          <Message>[5/14/2018 10:22:33 PM]&lt;PASS&gt;&lt;GetSelectedShipToCountryFlag&gt;&lt;Expected country's flag appears as IN.gif&gt;</Message>
          <Message>[5/14/2018 10:22:37 PM]&lt;Info&gt;AllBrowserWindow : Locating browser window...</Message>
          <Message>[5/14/2018 10:22:37 PM]&lt;INFO&gt;GetProductPriceFromProductPage : method executing ...</Message>
          <Message>[5/14/2018 10:22:50 PM]&lt;PASS&gt;&lt;IPDetectionFunctionality&gt;&lt;Price of the product is shown with user's currency INRpre-populated detected from the proxy&gt;</Message>
          <Message>[5/14/2018 10:23:05 PM]&lt;INFO&gt;SurveyWindow : method executing ...</Message>
          <Message>[5/14/2018 10:23:12 PM]&lt;PASS&gt;&lt;GetSelectedShipToCountryFlag&gt;&lt;Expected country's flag appears as RU.gif&gt;</Message>
          <Message>[5/14/2018 10:23:14 PM]&lt;Info&gt;AllBrowserWindow : Locating browser window...</Message>
          <Message>[5/14/2018 10:23:15 PM]&lt;INFO&gt;GetProductPriceFromProductPage : method executing ...</Message>
          <Message>[5/14/2018 10:23:28 PM]&lt;PASS&gt;&lt;IPDetectionFunctionality&gt;&lt;Price of the product is shown with user's currency RUBpre-populated detected from the proxy&gt;</Message>
          <Message>[5/14/2018 10:23:43 PM]&lt;INFO&gt;SurveyWindow : method executing ...</Message>
          <Message>[5/14/2018 10:23:51 PM]&lt;PASS&gt;&lt;GetSelectedShipToCountryFlag&gt;&lt;Expected country's flag appears as CN.gif&gt;</Message>
          <Message>[5/14/2018 10:23:53 PM]&lt;Info&gt;AllBrowserWindow : Locating browser window...</Message>
          <Message>[5/14/2018 10:23:53 PM]&lt;INFO&gt;GetProductPriceFromProductPage : method executing ...</Message>
          <Message>[5/14/2018 10:24:06 PM]&lt;PASS&gt;&lt;IPDetectionFunctionality&gt;&lt;Price of the product is shown with user's currency CNYpre-populated detected from the proxy&gt;</Message>
          <Message>[5/14/2018 10:24:22 PM]&lt;INFO&gt;SurveyWindow : method executing ...</Message>
          <Message>[5/14/2018 10:24:30 PM]&lt;PASS&gt;&lt;GetSelectedShipToCountryFlag&gt;&lt;Expected country's flag appears as DE.gif&gt;</Message>
          <Message>[5/14/2018 10:24:32 PM]&lt;Info&gt;AllBrowserWindow : Locating browser window...</Message>
          <Message>[5/14/2018 10:24:33 PM]&lt;INFO&gt;GetProductPriceFromProductPage : method executing ...</Message>
          <Message>[5/14/2018 10:24:46 PM]&lt;PASS&gt;&lt;IPDetectionFunctionality&gt;&lt;Price of the product is shown with user's currency EURpre-populated detected from the proxy&gt;</Message>
          <Message>[5/14/2018 10:25:01 PM]&lt;INFO&gt;SurveyWindow : method executing ...</Message>
          <Message>[5/14/2018 10:25:08 PM]&lt;PASS&gt;&lt;GetSelectedShipToCountryFlag&gt;&lt;Expected country's flag appears as AT.gif&gt;</Message>
          <Message>[5/14/2018 10:25:12 PM]&lt;Info&gt;AllBrowserWindow : Locating browser window...</Message>
          <Message>[5/14/2018 10:25:12 PM]&lt;INFO&gt;GetProductPriceFromProductPage : method executing ...</Message>
          <Message>[5/14/2018 10:25:24 PM]&lt;PASS&gt;&lt;IPDetectionFunctionality&gt;&lt;Price of the product is shown with user's currency EURpre-populated detected from the proxy&gt;</Message>
          <Message>[5/14/2018 10:25:26 PM]&lt;RESULT&gt;Test Ended:#PASS=10, #FAIL=0</Message>
          <Message>[5/14/2018 10:25:27 PM]&lt;INFO&gt;LogCPUAndMemoryUsage: Available Memory = 25405(MB), CPU Usage = 18.68447%</Message>
          <Message>[5/14/2018 10:25:27 PM]&lt;INFO&gt;Private Working Set for QTAgent32_40, usage=219192 (K)</Message>
          <Message>[5/14/2018 10:25:27 PM]&lt;RESULT&gt;&lt;IPDetectionFunctionality&gt; Test PASSED</Message>
        </TextMessages>
      </Output>
    </UnitTestResult>
    <UnitTestResult executionId="f9b664ea-33f7-422d-a529-c533a0f50c3a" testId="0f2e97b5-1865-1de8-ef2e-e732370e80e3" testName="SupportedShippingCountryList" computerName="CMP01-YKUMAR" duration="00:00:14.8302642" startTime="2018-05-14T22:25:27.9712310-05:00" endTime="2018-05-14T22:25:42.8102310-05:00" testType="13cdc9d9-ddb5-4fa4-a97d-d965ccfc6d4b" outcome="Passed" testListId="8c84fa94-04c1-424b-9868-57a2d4851a1d" relativeResultsDirectory="f9b664ea-33f7-422d-a529-c533a0f50c3a">
      <Output>
        <StdOut>Logging to custom path:\\CMP01-YKumar\AutoLog</StdOut>
        <TextMessages>
          <Message>[5/14/2018 10:25:27 PM]&lt;STARTLOG&gt;&lt;SupportedShippingCountryList&gt;Test Started: Expecting: #PASS=Undefined and #FAIL=0
Running from MTM=True, running on machine name:CMP01-YKUMAR, user name=ykumar, OS=Microsoft Windows NT 6.1.7601 Service Pack 1, Is64BitOS=True</Message>
          <Message>[5/14/2018 10:25:29 PM]&lt;INFO&gt;LogCPUAndMemoryUsage: Available Memory = 25405(MB), CPU Usage = 16.62016%</Message>
          <Message>[5/14/2018 10:25:29 PM]&lt;INFO&gt;Private Working Set for QTAgent32_40, usage=219456 (K)</Message>
          <Message>[5/14/2018 10:25:29 PM]&lt;INFO&gt;Path To TestConfig xml=C:\Users\ykumar\AppData\Local\VSEQT\QTAgent\26974\CMP01-YKUMAR.horizonhobby.com\Deployment\SharedCommonConfig.xml</Message>
          <Message>[5/14/2018 10:25:29 PM]&lt;INFO&gt;Path To TestData xml=C:\Users\ykumar\AppData\Local\VSEQT\QTAgent\26974\CMP01-YKUMAR.horizonhobby.com\Deployment\BorderFreeTestData_222527.xml</Message>
          <Message>[5/14/2018 10:25:29 PM]&lt;INFO&gt;Path To HorizonHobbyQA Application Url=https://www-tst.horizonhobby.com</Message>
          <Message>[5/14/2018 10:25:29 PM]&lt;INFO&gt;HorizonHobbyQA sql connection string=Server=cmp02-ws-tst-db01:50000;Database=TST01DB;UID=wcdbuser;PWD=h0r1z0n;Connect Timeout=30</Message>
          <Message>[5/14/2018 10:25:29 PM]&lt;INFO&gt;Country is := US and language id is := '-1'</Message>
          <Message>[5/14/2018 10:25:29 PM]&lt;INFO&gt;Current browser used for test execution is = 'IE'</Message>
          <Message>[5/14/2018 10:25:39 PM]&lt;PASS&gt;&lt;SupportedShippingCountryList&gt;&lt; Verify the items are same as expected : &gt;</Message>
          <Message>[5/14/2018 10:25:39 PM]&lt;PASS&gt;&lt;SupportedShippingCountryList&gt;&lt;Country list from GUI matches to that in database&gt;</Message>
          <Message>[5/14/2018 10:25:39 PM]&lt;RESULT&gt;Test Ended:#PASS=2, #FAIL=0</Message>
          <Message>[5/14/2018 10:25:40 PM]&lt;INFO&gt;LogCPUAndMemoryUsage: Available Memory = 25299(MB), CPU Usage = 1.817552%</Message>
          <Message>[5/14/2018 10:25:40 PM]&lt;INFO&gt;Private Working Set for QTAgent32_40, usage=219476 (K)</Message>
          <Message>[5/14/2018 10:25:40 PM]&lt;RESULT&gt;&lt;SupportedShippingCountryList&gt; Test PASSED</Message>
        </TextMessages>
      </Output>
    </UnitTestResult>
    <UnitTestResult executionId="05e976cc-3db8-4cbe-946f-b1241c090809" testId="e40a695d-e877-95a9-5f1c-90dd0cda05f6" testName="ChangingShipToCountryFromCart" computerName="CMP01-YKUMAR" duration="00:03:19.1475569" startTime="2018-05-14T22:25:42.8112310-05:00" endTime="2018-05-14T22:29:01.9702310-05:00" testType="13cdc9d9-ddb5-4fa4-a97d-d965ccfc6d4b" outcome="Failed" testListId="8c84fa94-04c1-424b-9868-57a2d4851a1d" relativeResultsDirectory="05e976cc-3db8-4cbe-946f-b1241c090809">
      <Output>
        <StdOut>Logging to custom path:\\CMP01-YKumar\AutoLog</StdOut>
        <ErrorInfo>
          <Message>Assert.Fail failed. 
Actual #FAIL=1, #Expected FAIL=0
#Other errors=1
[Error details below]
&lt;FAIL&gt;&lt;ChangingShipToCountryFromCart&gt;&lt;Validate that Checkout Button Exists now&gt;.Assert.AreEqual failed. Expected:&lt;False&gt;. Actual:&lt;True&gt;. 
    StackTrace:
    ChangingShipToCountryFromCart(),BorderFree.cs,Line Number:1109
&lt;ERROR&gt;[5/14/2018 10:28:58 PM]&lt;ERROR&gt;MouseClick Exception:Microsoft.VisualStudio.TestTools.UITest.Extension.UITestControlNotFoundException: The playback failed to find the control with the given search properties. Additional Details: 
TechnologyName:  'Web'
ControlType:  'Button'
TagName:  'BUTTON'
Class:  'button shopCart_checkout intCheckout'
 Failed to find any control that matched the search condition ControlType='Button' &amp;&amp; Class='button shopCart_checkout intCheckout' ---&gt; System.Runtime.InteropServices.COMException: Error HRESULT E_FAIL has been returned from a call to a COM component.
   at Microsoft.VisualStudio.TestTools.UITest.Playback.Engine.IScreenElement.FindAllDescendants(String bstrQueryId, Object&amp; pvarResKeys, Int32 cResKeys, Int32 nMaxDepth)
   at Microsoft.VisualStudio.TestTools.UITest.Playback.ScreenElement.FindAllScreenElement(String queryId, Int32 depth, Boolean singleQueryId, Boolean throwException, Boolean resetSkipStep)
   at Microsoft.VisualStudio.TestTools.UITest.Playback.ScreenElement.FindScreenElement(String queryId, Int32 depth, Boolean resetSkipStep)
   at Microsoft.VisualStudio.TestTools.UITesting.UITestControl.FindFirstDescendant(String queryId, Int32 maxDepth, Int32&amp; timeLeft)
   --- End of inner exception stack trace ---
   at Microsoft.VisualStudio.TestTools.UITesting.Playback.MapControlNotFoundException(COMException ex, IPlaybackContext context)
   at Microsoft.VisualStudio.TestTools.UITesting.Playback.MapAndThrowComException(COMException innerException, IPlaybackContext context)
   at Microsoft.VisualStudio.TestTools.UITesting.Playback.MapAndThrowException(SystemException exception, IPlaybackContext context)
   at Microsoft.VisualStudio.TestTools.UITesting.Playback.MapAndThrowException(SystemException exception, String queryId)
   at Microsoft.VisualStudio.TestTools.UITesting.UITestControl.FindFirstDescendant(String queryId, Int32 maxDepth, Int32&amp; timeLeft)
   at Microsoft.VisualStudio.TestTools.UITesting.SearchHelper.GetUITestControlRecursive(Boolean useCache, Boolean alwaysSearch, ISearchArgument searchArg, IList`1 windowTitles, Int32&amp; timeLeft)
   at Microsoft.VisualStudio.TestTools.UITesting.SearchHelper.GetElement(Boolean useCache, ISearchArgument searchArg)
   at Microsoft.VisualStudio.TestTools.UITesting.SearchHelper.Search(ISearchArgument searchArg)
   at Microsoft.VisualStudio.TestTools.UITesting.UITestControl.FindInternal()
   at Microsoft.VisualStudio.TestTools.UITesting.UITestControl.&lt;Find&gt;b__3a()
   at Microsoft.VisualStudio.TestTools.UITesting.CodedUITestMethodInvoker.InvokeMethod[T](Func`1 function, UITestControl control, Boolean firePlaybackErrorEvent, Boolean logAsAction)
   at Microsoft.VisualStudio.TestTools.UITesting.UITestControl.Find()
   at Microsoft.VisualStudio.TestTools.UITesting.UITestControl.GetPropertyPrivate(String propertyName)
   at Microsoft.VisualStudio.TestTools.UITesting.UITestControl.GetPropertyOfType[T](String propertyName)
   at Microsoft.VisualStudio.TestTools.UITesting.UITestControl.get_Name()
   at TestAuto.LoggingAndSharedGenericMethods.MouseClick(UITestControl uiMenuItemTestControl) in c:\Builds\1\WebSphere\QATestAutomation\src\CodedUITest\SourceCode\Common\Logging\SharedMethods_Generic.cs:line 790</Message>
          <StackTrace>   at TestAuto.LoggingAndSharedGenericMethods.EndTest() in c:\Builds\1\WebSphere\QATestAutomation\src\CodedUITest\SourceCode\Common\Logging\Logging.cs:line 1628
   at TestAuto.BorderFree.TestCleanup() in c:\Builds\1\WebSphere\QATestAutomation\src\CodedUITest\SourceCode\HHobby\BorderFree\BorderFree.cs:line 2628
</StackTrace>
        </ErrorInfo>
        <TextMessages>
          <Message>[5/14/2018 10:25:42 PM]&lt;STARTLOG&gt;&lt;ChangingShipToCountryFromCart&gt;Test Started: Expecting: #PASS=Undefined and #FAIL=0
Running from MTM=True, running on machine name:CMP01-YKUMAR, user name=ykumar, OS=Microsoft Windows NT 6.1.7601 Service Pack 1, Is64BitOS=True</Message>
          <Message>[5/14/2018 10:25:43 PM]&lt;INFO&gt;LogCPUAndMemoryUsage: Available Memory = 25393(MB), CPU Usage = 14.47997%</Message>
          <Message>[5/14/2018 10:25:43 PM]&lt;INFO&gt;Private Working Set for QTAgent32_40, usage=227704 (K)</Message>
          <Message>[5/14/2018 10:25:43 PM]&lt;INFO&gt;Path To TestConfig xml=C:\Users\ykumar\AppData\Local\VSEQT\QTAgent\26974\CMP01-YKUMAR.horizonhobby.com\Deployment\SharedCommonConfig.xml</Message>
          <Message>[5/14/2018 10:25:43 PM]&lt;INFO&gt;Path To TestData xml=C:\Users\ykumar\AppData\Local\VSEQT\QTAgent\26974\CMP01-YKUMAR.horizonhobby.com\Deployment\BorderFreeTestData_222542.xml</Message>
          <Message>[5/14/2018 10:25:43 PM]&lt;INFO&gt;Path To HorizonHobbyQA Application Url=https://www-tst.horizonhobby.com</Message>
          <Message>[5/14/2018 10:25:43 PM]&lt;INFO&gt;HorizonHobbyQA sql connection string=Server=cmp02-ws-tst-db01:50000;Database=TST01DB;UID=wcdbuser;PWD=h0r1z0n;Connect Timeout=30</Message>
          <Message>[5/14/2018 10:25:43 PM]&lt;INFO&gt;Country is := US and language id is := '-1'</Message>
          <Message>[5/14/2018 10:25:43 PM]&lt;INFO&gt;Current browser used for test execution is = 'IE'</Message>
          <Message>[5/14/2018 10:25:43 PM]&lt;INFO&gt;GetShippingRestrictedProductsWithCountry executing... </Message>
          <Message>[5/14/2018 10:25:47 PM]&lt;Info&gt;AllBrowserWindow : Locating browser window...</Message>
          <Message>[5/14/2018 10:25:47 PM]&lt;INFO&gt;SearchProductexecuting ... Searching term:= 'ORI28324'</Message>
          <Message>[5/14/2018 10:25:53 PM]&lt;Info&gt;AllBrowserWindow : Locating browser window...</Message>
          <Message>[5/14/2018 10:26:15 PM]&lt;Info&gt;AllBrowserWindow : Locating browser window...</Message>
          <Message>[5/14/2018 10:27:53 PM]&lt;INFO&gt;BackOrderClickexecuting ...</Message>
          <Message>[5/14/2018 10:27:54 PM]&lt;INFO&gt;GoToCartClickexecuting ...</Message>
          <Message>[5/14/2018 10:28:03 PM]&lt;INFO&gt;SearchProductexecuting ... Searching term:= 'TRA7381'</Message>
          <Message>[5/14/2018 10:28:10 PM]&lt;Info&gt;AllBrowserWindow : Locating browser window...</Message>
          <Message>[5/14/2018 10:28:10 PM]&lt;INFO&gt;BackOrderClickexecuting ...</Message>
          <Message>[5/14/2018 10:28:11 PM]&lt;INFO&gt;GoToCartClickexecuting ...</Message>
          <Message>[5/14/2018 10:28:17 PM]&lt;Info&gt;AllBrowserWindow : Locating browser window...</Message>
          <Message>[5/14/2018 10:28:42 PM]&lt;PASS&gt;&lt;ChangingShipToCountryFromCart&gt;&lt;Validate that Shipping Restriction Message is displayed&gt;</Message>
          <Message>[5/14/2018 10:28:42 PM]&lt;PASS&gt;&lt;ChangingShipToCountryFromCart&gt;&lt;Validate that Shipping Restriction Text&gt;</Message>
          <Message>[5/14/2018 10:28:46 PM]&lt;PASS&gt;&lt;ChangingShipToCountryFromCart&gt;&lt;Validate that Checkout Button doesn't Exists&gt;</Message>
          <Message>[5/14/2018 10:28:46 PM]&lt;PASS&gt;&lt;ChangingShipToCountryFromCart&gt;&lt;Validate that Shipping Restriction Text at Bottom&gt;</Message>
          <Message>[5/14/2018 10:28:51 PM]&lt;FAIL&gt;&lt;ChangingShipToCountryFromCart&gt;&lt;Validate that Checkout Button Exists now&gt;.Assert.AreEqual failed. Expected:&lt;False&gt;. Actual:&lt;True&gt;. 
    StackTrace:
    ChangingShipToCountryFromCart(),BorderFree.cs,Line Number:1109</Message>
          <Message>[5/14/2018 10:28:51 PM]&lt;CaptureImage&gt;\\CMP01-YKumar\AutoLog\CMP01-YKUMAR\ChangingShipToCountryFromCart_20180514222851.png</Message>
          <Message>Assert.Fail failed. [5/14/2018 10:28:58 PM]&lt;ERROR&gt;MouseClick Exception:Microsoft.VisualStudio.TestTools.UITest.Extension.UITestControlNotFoundException: The playback failed to find the control with the given search properties. Additional Details: 
TechnologyName:  'Web'
ControlType:  'Button'
TagName:  'BUTTON'
Class:  'button shopCart_checkout intCheckout'
 Failed to find any control that matched the search condition ControlType='Button' &amp;&amp; Class='button shopCart_checkout intCheckout' ---&gt; System.Runtime.InteropServices.COMException: Error HRESULT E_FAIL has been returned from a call to a COM component.
   at Microsoft.VisualStudio.TestTools.UITest.Playback.Engine.IScreenElement.FindAllDescendants(String bstrQueryId, Object&amp; pvarResKeys, Int32 cResKeys, Int32 nMaxDepth)
   at Microsoft.VisualStudio.TestTools.UITest.Playback.ScreenElement.FindAllScreenElement(String queryId, Int32 depth, Boolean singleQueryId, Boolean throwException, Boolean resetSkipStep)
   at Microsoft.VisualStudio.TestTools.UITest.Playback.ScreenElement.FindScreenElement(String queryId, Int32 depth, Boolean resetSkipStep)
   at Microsoft.VisualStudio.TestTools.UITesting.UITestControl.FindFirstDescendant(String queryId, Int32 maxDepth, Int32&amp; timeLeft)
   --- End of inner exception stack trace ---
   at Microsoft.VisualStudio.TestTools.UITesting.Playback.MapControlNotFoundException(COMException ex, IPlaybackContext context)
   at Microsoft.VisualStudio.TestTools.UITesting.Playback.MapAndThrowComException(COMException innerException, IPlaybackContext context)
   at Microsoft.VisualStudio.TestTools.UITesting.Playback.MapAndThrowException(SystemException exception, IPlaybackContext context)
   at Microsoft.VisualStudio.TestTools.UITesting.Playback.MapAndThrowException(SystemException exception, String queryId)
   at Microsoft.VisualStudio.TestTools.UITesting.UITestControl.FindFirstDescendant(String queryId, Int32 maxDepth, Int32&amp; timeLeft)
   at Microsoft.VisualStudio.TestTools.UITesting.SearchHelper.GetUITestControlRecursive(Boolean useCache, Boolean alwaysSearch, ISearchArgument searchArg, IList`1 windowTitles, Int32&amp; timeLeft)
   at Microsoft.VisualStudio.TestTools.UITesting.SearchHelper.GetElement(Boolean useCache, ISearchArgument searchArg)
   at Microsoft.VisualStudio.TestTools.UITesting.SearchHelper.Search(ISearchArgument searchArg)
   at Microsoft.VisualStudio.TestTools.UITesting.UITestControl.FindInternal()
   at Microsoft.VisualStudio.TestTools.UITesting.UITestControl.&lt;Find&gt;b__3a()
   at Microsoft.VisualStudio.TestTools.UITesting.CodedUITestMethodInvoker.InvokeMethod[T](Func`1 function, UITestControl control, Boolean firePlaybackErrorEvent, Boolean logAsAction)
   at Microsoft.VisualStudio.TestTools.UITesting.UITestControl.Find()
   at Microsoft.VisualStudio.TestTools.UITesting.UITestControl.GetPropertyPrivate(String propertyName)
   at Microsoft.VisualStudio.TestTools.UITesting.UITestControl.GetPropertyOfType[T](String propertyName)
   at Microsoft.VisualStudio.TestTools.UITesting.UITestControl.get_Name()
   at TestAuto.LoggingAndSharedGenericMethods.MouseClick(UITestControl uiMenuItemTestControl) in c:\Builds\1\WebSphere\QATestAutomation\src\CodedUITest\SourceCode\Common\Logging\SharedMethods_Generic.cs:line 790, 
    StackTrace:
    MouseClick(),SharedMethods_Generic.cs,Line Number:822
    ChangingShipToCountryFromCart(),BorderFree.cs,Line Number:1110</Message>
          <Message>[5/14/2018 10:28:58 PM]&lt;CaptureImage&gt;\\CMP01-YKumar\AutoLog\CMP01-YKUMAR\ChangingShipToCountryFromCart_20180514222858.png</Message>
          <Message>[5/14/2018 10:28:58 PM]&lt;RESULT&gt;Test Ended:#PASS=4, #FAIL=1,#Other errors=1</Message>
          <Message>[5/14/2018 10:28:59 PM]&lt;INFO&gt;LogCPUAndMemoryUsage: Available Memory = 25157(MB), CPU Usage = 13.02944%</Message>
          <Message>[5/14/2018 10:28:59 PM]&lt;INFO&gt;Private Working Set for QTAgent32_40, usage=227248 (K)</Message>
          <Message>[5/14/2018 10:28:59 PM]&lt;RESULT&gt;&lt;ChangingShipToCountryFromCart&gt; Test FAILED: Actual #FAIL=1, #Expected FAIL=0
#Other errors=1. See Error Message/logs for further details.</Message>
        </TextMessages>
      </Output>
      <ResultFiles>
        <ResultFile path="CMP01-YKUMAR.horizonhobby.com\BorderFreeTestData_222542.xml" />
        <ResultFile path="CMP01-YKUMAR.horizonhobby.com\ChangingShipToCountryFromCart_20180514222542.log" />
        <ResultFile path="CMP01-YKUMAR.horizonhobby.com\ChangingShipToCountryFromCart_20180514222851.png" />
        <ResultFile path="CMP01-YKUMAR.horizonhobby.com\ChangingShipToCountryFromCart_20180514222858.png" />
        <ResultFile path="CMP01-YKUMAR.horizonhobby.com\ChangingShipToCountryFromCart_ResultsONLY_20180514222542.log" />
        <ResultFile path="CMP01-YKUMAR.horizonhobby.com\SharedCommonConfig.xml" />
      </ResultFiles>
    </UnitTestResult>
    <UnitTestResult executionId="a5173cc6-fac1-41bd-8c5c-48e0650f192f" testId="82caa765-f8d8-09ef-451b-07327fe67fd2" testName="SupportedBillingCurrencyList" computerName="CMP01-YKUMAR" duration="00:00:13.2645690" startTime="2018-05-14T22:29:01.9712310-05:00" endTime="2018-05-14T22:29:15.2452310-05:00" testType="13cdc9d9-ddb5-4fa4-a97d-d965ccfc6d4b" outcome="Passed" testListId="8c84fa94-04c1-424b-9868-57a2d4851a1d" relativeResultsDirectory="a5173cc6-fac1-41bd-8c5c-48e0650f192f">
      <Output>
        <StdOut>Logging to custom path:\\CMP01-YKumar\AutoLog</StdOut>
        <TextMessages>
          <Message>[5/14/2018 10:29:01 PM]&lt;STARTLOG&gt;&lt;SupportedBillingCurrencyList&gt;Test Started: Expecting: #PASS=Undefined and #FAIL=0
Running from MTM=True, running on machine name:CMP01-YKUMAR, user name=ykumar, OS=Microsoft Windows NT 6.1.7601 Service Pack 1, Is64BitOS=True</Message>
          <Message>[5/14/2018 10:29:03 PM]&lt;INFO&gt;LogCPUAndMemoryUsage: Available Memory = 25197(MB), CPU Usage = 36.40018%</Message>
          <Message>[5/14/2018 10:29:03 PM]&lt;INFO&gt;Private Working Set for QTAgent32_40, usage=227384 (K)</Message>
          <Message>[5/14/2018 10:29:03 PM]&lt;INFO&gt;Path To TestConfig xml=C:\Users\ykumar\AppData\Local\VSEQT\QTAgent\26974\CMP01-YKUMAR.horizonhobby.com\Deployment\SharedCommonConfig.xml</Message>
          <Message>[5/14/2018 10:29:03 PM]&lt;INFO&gt;Path To TestData xml=C:\Users\ykumar\AppData\Local\VSEQT\QTAgent\26974\CMP01-YKUMAR.horizonhobby.com\Deployment\BorderFreeTestData_222901.xml</Message>
          <Message>[5/14/2018 10:29:03 PM]&lt;INFO&gt;Path To HorizonHobbyQA Application Url=https://www-tst.horizonhobby.com</Message>
          <Message>[5/14/2018 10:29:03 PM]&lt;INFO&gt;HorizonHobbyQA sql connection string=Server=cmp02-ws-tst-db01:50000;Database=TST01DB;UID=wcdbuser;PWD=h0r1z0n;Connect Timeout=30</Message>
          <Message>[5/14/2018 10:29:03 PM]&lt;INFO&gt;Country is := US and language id is := '-1'</Message>
          <Message>[5/14/2018 10:29:03 PM]&lt;INFO&gt;Current browser used for test execution is = 'IE'</Message>
          <Message>[5/14/2018 10:29:12 PM]&lt;PASS&gt;&lt;SupportedBillingCurrencyList&gt;&lt; Verify the items are same as expected : &gt;</Message>
          <Message>[5/14/2018 10:29:12 PM]&lt;PASS&gt;&lt;SupportedBillingCurrencyList&gt;&lt;Currency list from GUI matches to that in database&gt;</Message>
          <Message>[5/14/2018 10:29:12 PM]&lt;RESULT&gt;Test Ended:#PASS=2, #FAIL=0</Message>
          <Message>[5/14/2018 10:29:13 PM]&lt;INFO&gt;LogCPUAndMemoryUsage: Available Memory = 25294(MB), CPU Usage = 17.70947%</Message>
          <Message>[5/14/2018 10:29:13 PM]&lt;INFO&gt;Private Working Set for QTAgent32_40, usage=219160 (K)</Message>
          <Message>[5/14/2018 10:29:13 PM]&lt;RESULT&gt;&lt;SupportedBillingCurrencyList&gt; Test PASSED</Message>
        </TextMessages>
      </Output>
    </UnitTestResult>
    <UnitTestResult executionId="b86d4894-a9ce-40d6-970e-4f2d5c06541a" testId="98b5fb22-71a5-9721-bc0c-bc58bb495add" testName="SelectDifferentCountryAndCurrencyFromContextChooser" computerName="CMP01-YKUMAR" duration="00:00:45.6963636" startTime="2018-05-14T22:29:15.2462310-05:00" endTime="2018-05-14T22:30:00.9532310-05:00" testType="13cdc9d9-ddb5-4fa4-a97d-d965ccfc6d4b" outcome="Passed" testListId="8c84fa94-04c1-424b-9868-57a2d4851a1d" relativeResultsDirectory="b86d4894-a9ce-40d6-970e-4f2d5c06541a">
      <Output>
        <StdOut>Logging to custom path:\\CMP01-YKumar\AutoLog</StdOut>
        <TextMessages>
          <Message>[5/14/2018 10:29:15 PM]&lt;STARTLOG&gt;&lt;SelectDifferentCountryAndCurrencyFromContextChooser&gt;Test Started: Expecting: #PASS=Undefined and #FAIL=0
Running from MTM=True, running on machine name:CMP01-YKUMAR, user name=ykumar, OS=Microsoft Windows NT 6.1.7601 Service Pack 1, Is64BitOS=True</Message>
          <Message>[5/14/2018 10:29:16 PM]&lt;INFO&gt;LogCPUAndMemoryUsage: Available Memory = 25398(MB), CPU Usage = 16.62285%</Message>
          <Message>[5/14/2018 10:29:16 PM]&lt;INFO&gt;Private Working Set for QTAgent32_40, usage=227456 (K)</Message>
          <Message>[5/14/2018 10:29:16 PM]&lt;INFO&gt;Path To TestConfig xml=C:\Users\ykumar\AppData\Local\VSEQT\QTAgent\26974\CMP01-YKUMAR.horizonhobby.com\Deployment\SharedCommonConfig.xml</Message>
          <Message>[5/14/2018 10:29:16 PM]&lt;INFO&gt;Path To TestData xml=C:\Users\ykumar\AppData\Local\VSEQT\QTAgent\26974\CMP01-YKUMAR.horizonhobby.com\Deployment\BorderFreeTestData_222915.xml</Message>
          <Message>[5/14/2018 10:29:16 PM]&lt;INFO&gt;Path To HorizonHobbyQA Application Url=https://www-tst.horizonhobby.com</Message>
          <Message>[5/14/2018 10:29:16 PM]&lt;INFO&gt;HorizonHobbyQA sql connection string=Server=cmp02-ws-tst-db01:50000;Database=TST01DB;UID=wcdbuser;PWD=h0r1z0n;Connect Timeout=30</Message>
          <Message>[5/14/2018 10:29:16 PM]&lt;INFO&gt;Country is := US and language id is := '-1'</Message>
          <Message>[5/14/2018 10:29:16 PM]&lt;INFO&gt;Current browser used for test execution is = 'IE'</Message>
          <Message>[5/14/2018 10:29:35 PM]&lt;INFO&gt;SearchProductexecuting ... Searching term:= 'TAM89911'</Message>
          <Message>[5/14/2018 10:29:39 PM]&lt;Info&gt;AllBrowserWindow : Locating browser window...</Message>
          <Message>[5/14/2018 10:29:40 PM]&lt;PASS&gt;&lt;SelectDifferentCountryAndCurrencyFromContextChooser&gt;&lt; Validates that Currency is displayed as INR on Product page &gt;</Message>
          <Message>[5/14/2018 10:29:53 PM]&lt;PASS&gt;&lt;SelectDifferentCountryAndCurrencyFromContextChooser&gt;&lt; Validates that India is selected as default Country &gt;</Message>
          <Message>[5/14/2018 10:29:54 PM]&lt;PASS&gt;&lt;SelectDifferentCountryAndCurrencyFromContextChooser&gt;&lt; Validates Indian Rupee is selected as default Currency&gt;</Message>
          <Message>[5/14/2018 10:29:57 PM]&lt;PASS&gt;&lt;SelectDifferentCountryAndCurrencyFromContextChooser&gt;&lt; Validates that Currency is displayed as CAD on Product page &gt;</Message>
          <Message>[5/14/2018 10:29:57 PM]&lt;RESULT&gt;Test Ended:#PASS=4, #FAIL=0</Message>
          <Message>[5/14/2018 10:29:58 PM]&lt;INFO&gt;LogCPUAndMemoryUsage: Available Memory = 25185(MB), CPU Usage = 14.00445%</Message>
          <Message>[5/14/2018 10:29:58 PM]&lt;INFO&gt;Private Working Set for QTAgent32_40, usage=217244 (K)</Message>
          <Message>[5/14/2018 10:29:58 PM]&lt;RESULT&gt;&lt;SelectDifferentCountryAndCurrencyFromContextChooser&gt; Test PASSED</Message>
        </TextMessages>
      </Output>
    </UnitTestResult>
    <UnitTestResult executionId="ffe07430-460d-48b8-accf-7eb360cb84fe" testId="9b2292a3-d2a0-697b-3f1d-0ea34bc5a681" testName="ContextChooserForInternationalAndDomestic" computerName="CMP01-YKUMAR" duration="00:00:16.1222373" startTime="2018-05-14T22:30:00.9542310-05:00" endTime="2018-05-14T22:30:17.0852310-05:00" testType="13cdc9d9-ddb5-4fa4-a97d-d965ccfc6d4b" outcome="Passed" testListId="8c84fa94-04c1-424b-9868-57a2d4851a1d" relativeResultsDirectory="ffe07430-460d-48b8-accf-7eb360cb84fe">
      <Output>
        <StdOut>Logging to custom path:\\CMP01-YKumar\AutoLog</StdOut>
        <TextMessages>
          <Message>[5/14/2018 10:30:00 PM]&lt;STARTLOG&gt;&lt;ContextChooserForInternationalAndDomestic&gt;Test Started: Expecting: #PASS=Undefined and #FAIL=0
Running from MTM=True, running on machine name:CMP01-YKUMAR, user name=ykumar, OS=Microsoft Windows NT 6.1.7601 Service Pack 1, Is64BitOS=True</Message>
          <Message>[5/14/2018 10:30:02 PM]&lt;INFO&gt;LogCPUAndMemoryUsage: Available Memory = 25263(MB), CPU Usage = 33.41883%</Message>
          <Message>[5/14/2018 10:30:02 PM]&lt;INFO&gt;Private Working Set for QTAgent32_40, usage=225504 (K)</Message>
          <Message>[5/14/2018 10:30:02 PM]&lt;INFO&gt;Path To TestConfig xml=C:\Users\ykumar\AppData\Local\VSEQT\QTAgent\26974\CMP01-YKUMAR.horizonhobby.com\Deployment\SharedCommonConfig.xml</Message>
          <Message>[5/14/2018 10:30:02 PM]&lt;INFO&gt;Path To TestData xml=C:\Users\ykumar\AppData\Local\VSEQT\QTAgent\26974\CMP01-YKUMAR.horizonhobby.com\Deployment\BorderFreeTestData_223000.xml</Message>
          <Message>[5/14/2018 10:30:02 PM]&lt;INFO&gt;Path To HorizonHobbyQA Application Url=https://www-tst.horizonhobby.com</Message>
          <Message>[5/14/2018 10:30:02 PM]&lt;INFO&gt;HorizonHobbyQA sql connection string=Server=cmp02-ws-tst-db01:50000;Database=TST01DB;UID=wcdbuser;PWD=h0r1z0n;Connect Timeout=30</Message>
          <Message>[5/14/2018 10:30:02 PM]&lt;INFO&gt;Country is := US and language id is := '-1'</Message>
          <Message>[5/14/2018 10:30:02 PM]&lt;INFO&gt;Current browser used for test execution is = 'IE'</Message>
          <Message>[5/14/2018 10:30:10 PM]&lt;PASS&gt;&lt;ContextChooserForInternationalAndDomestic&gt;&lt;Validate that Switzerland-Swiss Franc is selected&gt;</Message>
          <Message>[5/14/2018 10:30:10 PM]&lt;PASS&gt;&lt;ContextChooserForInternationalAndDomestic&gt;&lt;Validate that United States-US Dollar is selected&gt;</Message>
          <Message>[5/14/2018 10:30:14 PM]&lt;PASS&gt;&lt;ContextChooserForInternationalAndDomestic&gt;&lt;Validate that United States Flag is displayed on Homepage&gt;</Message>
          <Message>[5/14/2018 10:30:14 PM]&lt;RESULT&gt;Test Ended:#PASS=3, #FAIL=0</Message>
          <Message>[5/14/2018 10:30:15 PM]&lt;INFO&gt;LogCPUAndMemoryUsage: Available Memory = 25261(MB), CPU Usage = 21.4145%</Message>
          <Message>[5/14/2018 10:30:15 PM]&lt;INFO&gt;Private Working Set for QTAgent32_40, usage=217344 (K)</Message>
          <Message>[5/14/2018 10:30:15 PM]&lt;RESULT&gt;&lt;ContextChooserForInternationalAndDomestic&gt; Test PASSED</Message>
        </TextMessages>
      </Output>
    </UnitTestResult>
    <UnitTestResult executionId="a50c9ecd-159a-4e05-977d-0c66701f2c2a" testId="c8982089-768d-ab8a-a955-d5b5cc39b49d" testName="InternationalOrderLinkInDomesticSession" computerName="CMP01-YKUMAR" duration="00:01:52.2841947" startTime="2018-05-14T22:30:17.0862310-05:00" endTime="2018-05-14T22:32:09.3802310-05:00" testType="13cdc9d9-ddb5-4fa4-a97d-d965ccfc6d4b" outcome="Failed" testListId="8c84fa94-04c1-424b-9868-57a2d4851a1d" relativeResultsDirectory="a50c9ecd-159a-4e05-977d-0c66701f2c2a">
      <Output>
        <StdOut>Logging to custom path:\\CMP01-YKumar\AutoLog</StdOut>
        <ErrorInfo>
          <Message>Assert.Fail failed. 
Actual #FAIL=1, #Expected FAIL=0
[Error details below]
&lt;FAIL&gt;&lt;InternationalOrderLinkInDomesticSession&gt;&lt;Do you want to ship internationally? link exists on Shipping and Billing page&gt;.Assert.AreEqual failed. Expected:&lt;False&gt;. Actual:&lt;True&gt;. 
    StackTrace:
    InternationalOrderLinkInDomesticSession(),BorderFree.cs,Line Number:267</Message>
          <StackTrace>   at TestAuto.LoggingAndSharedGenericMethods.EndTest() in c:\Builds\1\WebSphere\QATestAutomation\src\CodedUITest\SourceCode\Common\Logging\Logging.cs:line 1628
   at TestAuto.BorderFree.TestCleanup() in c:\Builds\1\WebSphere\QATestAutomation\src\CodedUITest\SourceCode\HHobby\BorderFree\BorderFree.cs:line 2628
</StackTrace>
        </ErrorInfo>
        <TextMessages>
          <Message>[5/14/2018 10:30:17 PM]&lt;STARTLOG&gt;&lt;InternationalOrderLinkInDomesticSession&gt;Test Started: Expecting: #PASS=Undefined and #FAIL=0
Running from MTM=True, running on machine name:CMP01-YKUMAR, user name=ykumar, OS=Microsoft Windows NT 6.1.7601 Service Pack 1, Is64BitOS=True</Message>
          <Message>[5/14/2018 10:30:18 PM]&lt;INFO&gt;LogCPUAndMemoryUsage: Available Memory = 25390(MB), CPU Usage = 18.87948%</Message>
          <Message>[5/14/2018 10:30:18 PM]&lt;INFO&gt;Private Working Set for QTAgent32_40, usage=225600 (K)</Message>
          <Message>[5/14/2018 10:30:18 PM]&lt;INFO&gt;Path To TestConfig xml=C:\Users\ykumar\AppData\Local\VSEQT\QTAgent\26974\CMP01-YKUMAR.horizonhobby.com\Deployment\SharedCommonConfig.xml</Message>
          <Message>[5/14/2018 10:30:18 PM]&lt;INFO&gt;Path To TestData xml=C:\Users\ykumar\AppData\Local\VSEQT\QTAgent\26974\CMP01-YKUMAR.horizonhobby.com\Deployment\BorderFreeTestData_223017.xml</Message>
          <Message>[5/14/2018 10:30:18 PM]&lt;INFO&gt;Path To HorizonHobbyQA Application Url=https://www-tst.horizonhobby.com</Message>
          <Message>[5/14/2018 10:30:18 PM]&lt;INFO&gt;HorizonHobbyQA sql connection string=Server=cmp02-ws-tst-db01:50000;Database=TST01DB;UID=wcdbuser;PWD=h0r1z0n;Connect Timeout=30</Message>
          <Message>[5/14/2018 10:30:18 PM]&lt;INFO&gt;Country is := US and language id is := '-1'</Message>
          <Message>[5/14/2018 10:30:18 PM]&lt;INFO&gt;Current browser used for test execution is = 'IE'</Message>
          <Message>[5/14/2018 10:30:21 PM]&lt;INFO&gt;SurveyWindow : method executing ...</Message>
          <Message>[5/14/2018 10:30:27 PM]&lt;PASS&gt;&lt;GetSelectedShipToCountryFlag&gt;&lt;Expected country's flag appears as US.gif&gt;</Message>
          <Message>[5/14/2018 10:30:30 PM]&lt;INFO&gt;SearchProductexecuting ... Searching term:= 'SUL440'</Message>
          <Message>[5/14/2018 10:30:36 PM]&lt;Info&gt;AllBrowserWindow : Locating browser window...</Message>
          <Message>[5/14/2018 10:30:37 PM]&lt;INFO&gt;BackOrderClickexecuting ...</Message>
          <Message>[5/14/2018 10:30:38 PM]&lt;INFO&gt;GoToCartClickexecuting ...</Message>
          <Message>[5/14/2018 10:30:44 PM]&lt;Info&gt;AllBrowserWindow : Locating browser window...</Message>
          <Message>[5/14/2018 10:30:55 PM]&lt;PASS&gt;&lt;InternationalOrderLinkInDomesticSession&gt;&lt;Shipping outside the United States? link exists on Shopping Cart page&gt;</Message>
          <Message>[5/14/2018 10:30:58 PM]&lt;PASS&gt;&lt;InternationalOrderLinkInDomesticSession&gt;&lt; Context Chooser opens up &gt;</Message>
          <Message>[5/14/2018 10:31:00 PM]&lt;INFO&gt;CheckoutProcessStartShoppingCart : method executing</Message>
          <Message>[5/14/2018 10:31:00 PM]&lt;Info&gt;AllBrowserWindow : Locating browser window...</Message>
          <Message>[5/14/2018 10:31:07 PM]&lt;INFO&gt;CheckoutShoppingCartControls : method executing</Message>
          <Message>[5/14/2018 10:31:07 PM]&lt;Info&gt;AllBrowserWindow : Locating browser window...</Message>
          <Message>[5/14/2018 10:31:19 PM]&lt;Info&gt;AllBrowserWindow : Locating browser window...</Message>
          <Message>[5/14/2018 10:31:22 PM]&lt;PASS&gt;&lt;InternationalOrderLinkInDomesticSession&gt;&lt;Do you want to ship internationally? link exists on Address page&gt;</Message>
          <Message>[5/14/2018 10:31:22 PM]&lt;INFO&gt;FillBillingAndShippingAddressexecuting ...</Message>
          <Message>[5/14/2018 10:31:22 PM]&lt;Info&gt;AllBrowserWindow : Locating browser window...</Message>
          <Message>[5/14/2018 10:31:25 PM]&lt;INFO&gt;SelectBillingCountryexecuting ...</Message>
          <Message>[5/14/2018 10:31:31 PM]&lt;INFO&gt;SelectBillingStateexecuting ...</Message>
          <Message>[5/14/2018 10:31:45 PM]&lt;INFO&gt;SelectShippingCountryexecuting ...</Message>
          <Message>[5/14/2018 10:31:48 PM]&lt;INFO&gt;SelectShippingStateexecuting ...</Message>
          <Message>[5/14/2018 10:32:01 PM]&lt;FAIL&gt;&lt;InternationalOrderLinkInDomesticSession&gt;&lt;Do you want to ship internationally? link exists on Shipping and Billing page&gt;.Assert.AreEqual failed. Expected:&lt;False&gt;. Actual:&lt;True&gt;. 
    StackTrace:
    InternationalOrderLinkInDomesticSession(),BorderFree.cs,Line Number:267</Message>
          <Message>[5/14/2018 10:32:01 PM]&lt;CaptureImage&gt;\\CMP01-YKumar\AutoLog\CMP01-YKUMAR\InternationalOrderLinkInDomesticSession_20180514223201.png</Message>
          <Message>[5/14/2018 10:32:05 PM]&lt;PASS&gt;&lt;InternationalOrderLinkInDomesticSession&gt;&lt; Context Chooser opens up &gt;</Message>
          <Message>[5/14/2018 10:32:06 PM]&lt;RESULT&gt;Test Ended:#PASS=5, #FAIL=1</Message>
          <Message>[5/14/2018 10:32:07 PM]&lt;INFO&gt;LogCPUAndMemoryUsage: Available Memory = 25133(MB), CPU Usage = 24.32502%</Message>
          <Message>[5/14/2018 10:32:07 PM]&lt;INFO&gt;Private Working Set for QTAgent32_40, usage=219660 (K)</Message>
          <Message>[5/14/2018 10:32:07 PM]&lt;RESULT&gt;&lt;InternationalOrderLinkInDomesticSession&gt; Test FAILED: Actual #FAIL=1, #Expected FAIL=0. See Error Message/logs for further details.</Message>
        </TextMessages>
      </Output>
    </UnitTestResult>
    <UnitTestResult executionId="3b7e7743-4181-45f7-9f87-2cf2d0ea7ea9" testId="cb6178eb-e764-d9cf-32c9-c2fd3f8cc531" testName="CheckoutChangeCountryFromCart" computerName="CMP01-YKUMAR" duration="00:01:27.3988931" startTime="2018-05-14T22:32:09.3812310-05:00" endTime="2018-05-14T22:33:36.7872310-05:00" testType="13cdc9d9-ddb5-4fa4-a97d-d965ccfc6d4b" outcome="Passed" testListId="8c84fa94-04c1-424b-9868-57a2d4851a1d" relativeResultsDirectory="3b7e7743-4181-45f7-9f87-2cf2d0ea7ea9">
      <Output>
        <StdOut>Logging to custom path:\\CMP01-YKumar\AutoLog</StdOut>
        <TextMessages>
          <Message>[5/14/2018 10:32:09 PM]&lt;STARTLOG&gt;&lt;CheckoutChangeCountryFromCart&gt;Test Started: Expecting: #PASS=Undefined and #FAIL=0
Running from MTM=True, running on machine name:CMP01-YKUMAR, user name=ykumar, OS=Microsoft Windows NT 6.1.7601 Service Pack 1, Is64BitOS=True</Message>
          <Message>[5/14/2018 10:32:10 PM]&lt;INFO&gt;LogCPUAndMemoryUsage: Available Memory = 25168(MB), CPU Usage = 33.97596%</Message>
          <Message>[5/14/2018 10:32:10 PM]&lt;INFO&gt;Private Working Set for QTAgent32_40, usage=219788 (K)</Message>
          <Message>[5/14/2018 10:32:10 PM]&lt;INFO&gt;Path To TestConfig xml=C:\Users\ykumar\AppData\Local\VSEQT\QTAgent\26974\CMP01-YKUMAR.horizonhobby.com\Deployment\SharedCommonConfig.xml</Message>
          <Message>[5/14/2018 10:32:10 PM]&lt;INFO&gt;Path To TestData xml=C:\Users\ykumar\AppData\Local\VSEQT\QTAgent\26974\CMP01-YKUMAR.horizonhobby.com\Deployment\BorderFreeTestData_223209.xml</Message>
          <Message>[5/14/2018 10:32:10 PM]&lt;INFO&gt;Path To HorizonHobbyQA Application Url=https://www-tst.horizonhobby.com</Message>
          <Message>[5/14/2018 10:32:10 PM]&lt;INFO&gt;HorizonHobbyQA sql connection string=Server=cmp02-ws-tst-db01:50000;Database=TST01DB;UID=wcdbuser;PWD=h0r1z0n;Connect Timeout=30</Message>
          <Message>[5/14/2018 10:32:10 PM]&lt;INFO&gt;Country is := US and language id is := '-1'</Message>
          <Message>[5/14/2018 10:32:10 PM]&lt;INFO&gt;Current browser used for test execution is = 'IE'</Message>
          <Message>[5/14/2018 10:32:13 PM]&lt;INFO&gt;SurveyWindow : method executing ...</Message>
          <Message>[5/14/2018 10:32:22 PM]&lt;INFO&gt;SearchProductexecuting ... Searching term:= 'SPMSP2033'</Message>
          <Message>[5/14/2018 10:32:29 PM]&lt;Info&gt;AllBrowserWindow : Locating browser window...</Message>
          <Message>[5/14/2018 10:32:49 PM]&lt;INFO&gt;BackOrderClickexecuting ...</Message>
          <Message>[5/14/2018 10:32:49 PM]&lt;INFO&gt;GoToCartClickexecuting ...</Message>
          <Message>[5/14/2018 10:32:56 PM]&lt;INFO&gt;SurveyWindow : method executing ...</Message>
          <Message>[5/14/2018 10:33:15 PM]&lt;PASS&gt;&lt;CheckoutChangeCountryFromCart&gt;&lt;Validate that Total Price is in US Dollar&gt;</Message>
          <Message>[5/14/2018 10:33:15 PM]&lt;PASS&gt;&lt;CheckoutChangeCountryFromCart&gt;&lt;Validate that Order Total Price is in US Dollar&gt;</Message>
          <Message>[5/14/2018 10:33:15 PM]&lt;INFO&gt;SurveyWindow : method executing ...</Message>
          <Message>[5/14/2018 10:33:33 PM]&lt;PASS&gt;&lt;CheckoutChangeCountryFromCart&gt;&lt;Validate that Total Price is in CAD Dollar&gt;</Message>
          <Message>[5/14/2018 10:33:33 PM]&lt;PASS&gt;&lt;CheckoutChangeCountryFromCart&gt;&lt;Validate that Order Total Price is in CAD Dollar&gt;</Message>
          <Message>[5/14/2018 10:33:33 PM]&lt;RESULT&gt;Test Ended:#PASS=4, #FAIL=0</Message>
          <Message>[5/14/2018 10:33:34 PM]&lt;INFO&gt;LogCPUAndMemoryUsage: Available Memory = 25210(MB), CPU Usage = 5.61939%</Message>
          <Message>[5/14/2018 10:33:34 PM]&lt;INFO&gt;Private Working Set for QTAgent32_40, usage=225512 (K)</Message>
          <Message>[5/14/2018 10:33:34 PM]&lt;RESULT&gt;&lt;CheckoutChangeCountryFromCart&gt; Test PASSED</Message>
        </TextMessages>
      </Output>
    </UnitTestResult>
    <UnitTestResult executionId="51009c1b-eaed-4581-8a84-a946e4207bd2" testId="6e1fe203-b9fd-05bc-7ba1-69539f6ed3c1" testName="ChangeToUSAddressFromBorderFreeCheckoutProcess" computerName="CMP01-YKUMAR" duration="00:01:06.8254598" startTime="2018-05-14T22:33:36.7882310-05:00" endTime="2018-05-14T22:34:43.6242310-05:00" testType="13cdc9d9-ddb5-4fa4-a97d-d965ccfc6d4b" outcome="Failed" testListId="8c84fa94-04c1-424b-9868-57a2d4851a1d" relativeResultsDirectory="51009c1b-eaed-4581-8a84-a946e4207bd2">
      <Output>
        <StdOut>Logging to custom path:\\CMP01-YKumar\AutoLog</StdOut>
        <ErrorInfo>
          <Message>Assert.Fail failed. 
Actual #FAIL=1, #Expected FAIL=0
[Error details below]
&lt;FAIL&gt;&lt;ChangeToUSAddressFromBorderFreeCheckoutProcess&gt;&lt;Ship To United States Link on Border Free page exists.. Bug#11860&gt;.Assert.AreEqual failed. Expected:&lt;True&gt;. Actual:&lt;False&gt;. 
    StackTrace:
    ChangeToUSAddressFromBorderFreeCheckoutProcess(),BorderFree.cs,Line Number:996</Message>
          <StackTrace>   at TestAuto.LoggingAndSharedGenericMethods.EndTest() in c:\Builds\1\WebSphere\QATestAutomation\src\CodedUITest\SourceCode\Common\Logging\Logging.cs:line 1628
   at TestAuto.BorderFree.TestCleanup() in c:\Builds\1\WebSphere\QATestAutomation\src\CodedUITest\SourceCode\HHobby\BorderFree\BorderFree.cs:line 2628
</StackTrace>
        </ErrorInfo>
        <TextMessages>
          <Message>[5/14/2018 10:33:36 PM]&lt;STARTLOG&gt;&lt;ChangeToUSAddressFromBorderFreeCheckoutProcess&gt;Test Started: Expecting: #PASS=Undefined and #FAIL=0
Running from MTM=True, running on machine name:CMP01-YKUMAR, user name=ykumar, OS=Microsoft Windows NT 6.1.7601 Service Pack 1, Is64BitOS=True</Message>
          <Message>[5/14/2018 10:33:37 PM]&lt;INFO&gt;LogCPUAndMemoryUsage: Available Memory = 25266(MB), CPU Usage = 34.04087%</Message>
          <Message>[5/14/2018 10:33:37 PM]&lt;INFO&gt;Private Working Set for QTAgent32_40, usage=225620 (K)</Message>
          <Message>[5/14/2018 10:33:37 PM]&lt;INFO&gt;Path To TestConfig xml=C:\Users\ykumar\AppData\Local\VSEQT\QTAgent\26974\CMP01-YKUMAR.horizonhobby.com\Deployment\SharedCommonConfig.xml</Message>
          <Message>[5/14/2018 10:33:37 PM]&lt;INFO&gt;Path To TestData xml=C:\Users\ykumar\AppData\Local\VSEQT\QTAgent\26974\CMP01-YKUMAR.horizonhobby.com\Deployment\BorderFreeTestData_223336.xml</Message>
          <Message>[5/14/2018 10:33:37 PM]&lt;INFO&gt;Path To HorizonHobbyQA Application Url=https://www-tst.horizonhobby.com</Message>
          <Message>[5/14/2018 10:33:37 PM]&lt;INFO&gt;HorizonHobbyQA sql connection string=Server=cmp02-ws-tst-db01:50000;Database=TST01DB;UID=wcdbuser;PWD=h0r1z0n;Connect Timeout=30</Message>
          <Message>[5/14/2018 10:33:37 PM]&lt;INFO&gt;Country is := US and language id is := '-1'</Message>
          <Message>[5/14/2018 10:33:37 PM]&lt;INFO&gt;Current browser used for test execution is = 'IE'</Message>
          <Message>[5/14/2018 10:33:41 PM]&lt;Info&gt;AllBrowserWindow : Locating browser window...</Message>
          <Message>[5/14/2018 10:33:51 PM]&lt;INFO&gt;SurveyWindow : method executing ...</Message>
          <Message>[5/14/2018 10:34:00 PM]&lt;INFO&gt;SearchProductexecuting ... Searching term:= 'BLH7406'</Message>
          <Message>[5/14/2018 10:34:04 PM]&lt;Info&gt;AllBrowserWindow : Locating browser window...</Message>
          <Message>[5/14/2018 10:34:04 PM]&lt;INFO&gt;BackOrderClickexecuting ...</Message>
          <Message>[5/14/2018 10:34:05 PM]&lt;INFO&gt;GoToCartClickexecuting ...</Message>
          <Message>[5/14/2018 10:34:11 PM]&lt;Info&gt;AllBrowserWindow : Locating browser window...</Message>
          <Message>[5/14/2018 10:34:20 PM]&lt;Info&gt;AllBrowserWindow : Locating browser window...</Message>
          <Message>[5/14/2018 10:34:28 PM]&lt;Info&gt;AllBrowserWindow : Locating browser window...</Message>
          <Message>[5/14/2018 10:34:37 PM]&lt;Info&gt;AllBrowserWindow : Locating browser window...</Message>
          <Message>[5/14/2018 10:34:37 PM]&lt;Info&gt;AllBrowserWindow : Locating browser window...</Message>
          <Message>[5/14/2018 10:34:40 PM]&lt;FAIL&gt;&lt;ChangeToUSAddressFromBorderFreeCheckoutProcess&gt;&lt;Ship To United States Link on Border Free page exists.. Bug#11860&gt;.Assert.AreEqual failed. Expected:&lt;True&gt;. Actual:&lt;False&gt;. 
    StackTrace:
    ChangeToUSAddressFromBorderFreeCheckoutProcess(),BorderFree.cs,Line Number:996</Message>
          <Message>[5/14/2018 10:34:40 PM]&lt;CaptureImage&gt;\\CMP01-YKumar\AutoLog\CMP01-YKUMAR\ChangeToUSAddressFromBorderFreeCheckoutProcess_20180514223440.png</Message>
          <Message>[5/14/2018 10:34:40 PM]&lt;RESULT&gt;Test Ended:#PASS=0, #FAIL=1</Message>
          <Message>[5/14/2018 10:34:41 PM]&lt;INFO&gt;LogCPUAndMemoryUsage: Available Memory = 25089(MB), CPU Usage = 15.36945%</Message>
          <Message>[5/14/2018 10:34:41 PM]&lt;INFO&gt;Private Working Set for QTAgent32_40, usage=233652 (K)</Message>
          <Message>[5/14/2018 10:34:41 PM]&lt;RESULT&gt;&lt;ChangeToUSAddressFromBorderFreeCheckoutProcess&gt; Test FAILED: Actual #FAIL=1, #Expected FAIL=0. See Error Message/logs for further details.</Message>
        </TextMessages>
      </Output>
    </UnitTestResult>
    <UnitTestResult executionId="2fd400e9-2a86-42c6-8053-ebdc1a6063f0" testId="f48df787-9539-ddea-93b2-f3fc233757e7" testName="PreventEntryOfNonUSAddressesInShippingBillingMethodSignInUser" computerName="CMP01-YKUMAR" duration="00:03:41.1004913" startTime="2018-05-14T22:34:43.6252310-05:00" endTime="2018-05-14T22:38:24.7322310-05:00" testType="13cdc9d9-ddb5-4fa4-a97d-d965ccfc6d4b" outcome="Passed" testListId="8c84fa94-04c1-424b-9868-57a2d4851a1d" relativeResultsDirectory="2fd400e9-2a86-42c6-8053-ebdc1a6063f0">
      <Output>
        <StdOut>Logging to custom path:\\CMP01-YKumar\AutoLog</StdOut>
        <TextMessages>
          <Message>[5/14/2018 10:34:43 PM]&lt;STARTLOG&gt;&lt;PreventEntryOfNonUSAddressesInShippingBillingMethodSignInUser&gt;Test Started: Expecting: #PASS=Undefined and #FAIL=0
Running from MTM=True, running on machine name:CMP01-YKUMAR, user name=ykumar, OS=Microsoft Windows NT 6.1.7601 Service Pack 1, Is64BitOS=True</Message>
          <Message>[5/14/2018 10:34:44 PM]&lt;INFO&gt;LogCPUAndMemoryUsage: Available Memory = 25137(MB), CPU Usage = 33.37621%</Message>
          <Message>[5/14/2018 10:34:44 PM]&lt;INFO&gt;Private Working Set for QTAgent32_40, usage=233688 (K)</Message>
          <Message>[5/14/2018 10:34:44 PM]&lt;INFO&gt;Path To TestConfig xml=C:\Users\ykumar\AppData\Local\VSEQT\QTAgent\26974\CMP01-YKUMAR.horizonhobby.com\Deployment\SharedCommonConfig.xml</Message>
          <Message>[5/14/2018 10:34:44 PM]&lt;INFO&gt;Path To TestData xml=C:\Users\ykumar\AppData\Local\VSEQT\QTAgent\26974\CMP01-YKUMAR.horizonhobby.com\Deployment\BorderFreeTestData_223443.xml</Message>
          <Message>[5/14/2018 10:34:44 PM]&lt;INFO&gt;Path To HorizonHobbyQA Application Url=https://www-tst.horizonhobby.com</Message>
          <Message>[5/14/2018 10:34:44 PM]&lt;INFO&gt;HorizonHobbyQA sql connection string=Server=cmp02-ws-tst-db01:50000;Database=TST01DB;UID=wcdbuser;PWD=h0r1z0n;Connect Timeout=30</Message>
          <Message>[5/14/2018 10:34:44 PM]&lt;INFO&gt;Country is := US and language id is := '-1'</Message>
          <Message>[5/14/2018 10:34:44 PM]&lt;INFO&gt;Current browser used for test execution is = 'IE'</Message>
          <Message>[5/14/2018 10:34:47 PM]&lt;INFO&gt;SurveyWindow : method executing ...</Message>
          <Message>[5/14/2018 10:34:55 PM]&lt;INFO&gt;SurveyWindow : method executing ...</Message>
          <Message>[5/14/2018 10:35:01 PM]&lt;INFO&gt;ContinueOnCertificationErrorClickexecuting ...</Message>
          <Message>[5/14/2018 10:35:01 PM]&lt;Info&gt;DEAllBrowserWindow : Locating browser window...</Message>
          <Message>[5/14/2018 10:35:04 PM]&lt;INFO&gt;ClickAcceptCookiesAgreement : failed executing ...</Message>
          <Message>[5/14/2018 10:35:09 PM]&lt;INFO&gt;UserRegistration : method executing ...</Message>
          <Message>[5/14/2018 10:35:09 PM]&lt;Info&gt;AllBrowserWindow : Locating browser window...</Message>
          <Message>[5/14/2018 10:35:30 PM]&lt;Info&gt;AllBrowserWindow : Locating browser window...</Message>
          <Message>[5/14/2018 10:35:46 PM]&lt;INFO&gt;SurveyWindow : method executing ...</Message>
          <Message>[5/14/2018 10:35:56 PM]&lt;INFO&gt;SearchProductexecuting ... Searching term:= 'BLH3408'</Message>
          <Message>[5/14/2018 10:36:02 PM]&lt;Info&gt;AllBrowserWindow : Locating browser window...</Message>
          <Message>[5/14/2018 10:36:24 PM]&lt;Info&gt;AllBrowserWindow : Locating browser window...</Message>
          <Message>[5/14/2018 10:36:55 PM]&lt;Info&gt;AllBrowserWindow : Locating browser window...</Message>
          <Message>[5/14/2018 10:37:09 PM]&lt;INFO&gt;BackOrderClickexecuting ...</Message>
          <Message>[5/14/2018 10:37:09 PM]&lt;INFO&gt;GoToCartClickexecuting ...</Message>
          <Message>[5/14/2018 10:37:15 PM]&lt;INFO&gt;SurveyWindow : method executing ...</Message>
          <Message>[5/14/2018 10:37:26 PM]&lt;INFO&gt;CheckoutProcessStartShoppingCart : method executing</Message>
          <Message>[5/14/2018 10:37:26 PM]&lt;Info&gt;AllBrowserWindow : Locating browser window...</Message>
          <Message>[5/14/2018 10:37:33 PM]&lt;INFO&gt;CheckoutShoppingCartControls : method executing</Message>
          <Message>[5/14/2018 10:37:33 PM]&lt;Info&gt;AllBrowserWindow : Locating browser window...</Message>
          <Message>[5/14/2018 10:37:41 PM]&lt;Info&gt;AllBrowserWindow : Locating browser window...</Message>
          <Message>[5/14/2018 10:37:48 PM]&lt;PASS&gt;&lt;PreventEntryOfNonUSAddressesInShippingBillingMethodSignInUser&gt;&lt;Validate that Only single Item is displayed&gt;</Message>
          <Message>[5/14/2018 10:37:48 PM]&lt;PASS&gt;&lt;PreventEntryOfNonUSAddressesInShippingBillingMethodSignInUser&gt;&lt;Validate that Only single Item is United States&gt;</Message>
          <Message>[5/14/2018 10:37:51 PM]&lt;PASS&gt;&lt;PreventEntryOfNonUSAddressesInShippingBillingMethodSignInUser&gt;&lt;Validate that Only single Item is displayed&gt;</Message>
          <Message>[5/14/2018 10:37:51 PM]&lt;PASS&gt;&lt;PreventEntryOfNonUSAddressesInShippingBillingMethodSignInUser&gt;&lt;Validate that Only single Item is United States&gt;</Message>
          <Message>[5/14/2018 10:37:51 PM]&lt;INFO&gt;DeleteWishlistFromDatabase : method executing</Message>
          <Message>[5/14/2018 10:37:51 PM]&lt;INFO&gt;DeletOrderItem : method executing</Message>
          <Message>[5/14/2018 10:38:21 PM]&lt;RESULT&gt;Test Ended:#PASS=4, #FAIL=0</Message>
          <Message>[5/14/2018 10:38:22 PM]&lt;INFO&gt;LogCPUAndMemoryUsage: Available Memory = 25159(MB), CPU Usage = 0.15936%</Message>
          <Message>[5/14/2018 10:38:22 PM]&lt;INFO&gt;Private Working Set for QTAgent32_40, usage=219696 (K)</Message>
          <Message>[5/14/2018 10:38:22 PM]&lt;RESULT&gt;&lt;PreventEntryOfNonUSAddressesInShippingBillingMethodSignInUser&gt; Test PASSED</Message>
        </TextMessages>
      </Output>
      <ResultFiles>
        <ResultFile path="CMP01-YKUMAR.horizonhobby.com\BorderFreeTestData_223443.xml" />
        <ResultFile path="CMP01-YKUMAR.horizonhobby.com\PreventEntryOfNonUSAddressesInShippingBillingMethodSignInUser_20180514223443.log" />
      </ResultFiles>
    </UnitTestResult>
    <UnitTestResult executionId="f8a02a60-add5-4cf0-8cb3-ccad276d737e" testId="57c32460-3c38-efd3-dc3b-849a079eea64" testName="PreventEntryOfNonUSAddressesInShippingBillinMethodGuestUser" computerName="CMP01-YKUMAR" duration="00:01:48.4010556" startTime="2018-05-14T22:38:24.7342310-05:00" endTime="2018-05-14T22:40:13.1462310-05:00" testType="13cdc9d9-ddb5-4fa4-a97d-d965ccfc6d4b" outcome="Passed" testListId="8c84fa94-04c1-424b-9868-57a2d4851a1d" relativeResultsDirectory="f8a02a60-add5-4cf0-8cb3-ccad276d737e">
      <Output>
        <StdOut>Logging to custom path:\\CMP01-YKumar\AutoLog</StdOut>
        <TextMessages>
          <Message>[5/14/2018 10:38:24 PM]&lt;STARTLOG&gt;&lt;PreventEntryOfNonUSAddressesInShippingBillinMethodGuestUser&gt;Test Started: Expecting: #PASS=Undefined and #FAIL=0
Running from MTM=True, running on machine name:CMP01-YKUMAR, user name=ykumar, OS=Microsoft Windows NT 6.1.7601 Service Pack 1, Is64BitOS=True</Message>
          <Message>[5/14/2018 10:38:25 PM]&lt;INFO&gt;LogCPUAndMemoryUsage: Available Memory = 25201(MB), CPU Usage = 36.22723%</Message>
          <Message>[5/14/2018 10:38:25 PM]&lt;INFO&gt;Private Working Set for QTAgent32_40, usage=219836 (K)</Message>
          <Message>[5/14/2018 10:38:25 PM]&lt;INFO&gt;Path To TestConfig xml=C:\Users\ykumar\AppData\Local\VSEQT\QTAgent\26974\CMP01-YKUMAR.horizonhobby.com\Deployment\SharedCommonConfig.xml</Message>
          <Message>[5/14/2018 10:38:25 PM]&lt;INFO&gt;Path To TestData xml=C:\Users\ykumar\AppData\Local\VSEQT\QTAgent\26974\CMP01-YKUMAR.horizonhobby.com\Deployment\BorderFreeTestData_223824.xml</Message>
          <Message>[5/14/2018 10:38:25 PM]&lt;INFO&gt;Path To HorizonHobbyQA Application Url=https://www-tst.horizonhobby.com</Message>
          <Message>[5/14/2018 10:38:25 PM]&lt;INFO&gt;HorizonHobbyQA sql connection string=Server=cmp02-ws-tst-db01:50000;Database=TST01DB;UID=wcdbuser;PWD=h0r1z0n;Connect Timeout=30</Message>
          <Message>[5/14/2018 10:38:25 PM]&lt;INFO&gt;Country is := US and language id is := '-1'</Message>
          <Message>[5/14/2018 10:38:25 PM]&lt;INFO&gt;Current browser used for test execution is = 'IE'</Message>
          <Message>[5/14/2018 10:38:29 PM]&lt;INFO&gt;SurveyWindow : method executing ...</Message>
          <Message>[5/14/2018 10:38:38 PM]&lt;INFO&gt;SearchProductexecuting ... Searching term:= 'SPM9044'</Message>
          <Message>[5/14/2018 10:38:44 PM]&lt;Info&gt;AllBrowserWindow : Locating browser window...</Message>
          <Message>[5/14/2018 10:38:44 PM]&lt;INFO&gt;BackOrderClickexecuting ...</Message>
          <Message>[5/14/2018 10:38:45 PM]&lt;INFO&gt;GoToCartClickexecuting ...</Message>
          <Message>[5/14/2018 10:38:51 PM]&lt;INFO&gt;SurveyWindow : method executing ...</Message>
          <Message>[5/14/2018 10:39:01 PM]&lt;INFO&gt;CheckoutProcessStartShoppingCart : method executing</Message>
          <Message>[5/14/2018 10:39:01 PM]&lt;Info&gt;AllBrowserWindow : Locating browser window...</Message>
          <Message>[5/14/2018 10:39:08 PM]&lt;INFO&gt;CheckoutShoppingCartControls : method executing</Message>
          <Message>[5/14/2018 10:39:08 PM]&lt;Info&gt;AllBrowserWindow : Locating browser window...</Message>
          <Message>[5/14/2018 10:39:20 PM]&lt;Info&gt;AllBrowserWindow : Locating browser window...</Message>
          <Message>[5/14/2018 10:39:23 PM]&lt;INFO&gt;FillBillingAndShippingAddressexecuting ...</Message>
          <Message>[5/14/2018 10:39:23 PM]&lt;Info&gt;AllBrowserWindow : Locating browser window...</Message>
          <Message>[5/14/2018 10:39:26 PM]&lt;INFO&gt;SelectBillingCountryexecuting ...</Message>
          <Message>[5/14/2018 10:39:32 PM]&lt;INFO&gt;SelectBillingStateexecuting ...</Message>
          <Message>[5/14/2018 10:39:46 PM]&lt;INFO&gt;SelectShippingCountryexecuting ...</Message>
          <Message>[5/14/2018 10:39:49 PM]&lt;INFO&gt;SelectShippingStateexecuting ...</Message>
          <Message>[5/14/2018 10:40:08 PM]&lt;PASS&gt;&lt;PreventEntryOfNonUSAddressesInShippingBillinMethodGuestUser&gt;&lt;Validate that Only single Item is displayed&gt;</Message>
          <Message>[5/14/2018 10:40:08 PM]&lt;PASS&gt;&lt;PreventEntryOfNonUSAddressesInShippingBillinMethodGuestUser&gt;&lt;Validate that Only single Item is United States&gt;</Message>
          <Message>[5/14/2018 10:40:10 PM]&lt;RESULT&gt;Test Ended:#PASS=2, #FAIL=0</Message>
          <Message>[5/14/2018 10:40:11 PM]&lt;INFO&gt;LogCPUAndMemoryUsage: Available Memory = 25129(MB), CPU Usage = 17.4628%</Message>
          <Message>[5/14/2018 10:40:11 PM]&lt;INFO&gt;Private Working Set for QTAgent32_40, usage=219628 (K)</Message>
          <Message>[5/14/2018 10:40:11 PM]&lt;RESULT&gt;&lt;PreventEntryOfNonUSAddressesInShippingBillinMethodGuestUser&gt; Test PASSED</Message>
        </TextMessages>
      </Output>
    </UnitTestResult>
    <UnitTestResult executionId="f956685c-2089-488f-b7d1-e9c036bd172c" testId="204ede5b-9101-4469-f06d-b4fe1ea896a8" testName="EnvoyCheckoutPromotionsAndDiscountsSentToBorderFree" computerName="CMP01-YKUMAR" duration="00:01:45.8039064" startTime="2018-05-14T22:40:13.1472310-05:00" endTime="2018-05-14T22:41:58.9612310-05:00" testType="13cdc9d9-ddb5-4fa4-a97d-d965ccfc6d4b" outcome="Failed" testListId="8c84fa94-04c1-424b-9868-57a2d4851a1d" relativeResultsDirectory="f956685c-2089-488f-b7d1-e9c036bd172c">
      <Output>
        <StdOut>Logging to custom path:\\CMP01-YKumar\AutoLog</StdOut>
        <ErrorInfo>
          <Message>Assert.Fail failed. 
Actual #FAIL=1, #Expected FAIL=0
[Error details below]
&lt;FAIL&gt;&lt;EnvoyCheckoutPromotionsAndDiscountsSentToBorderFree&gt;&lt;Promo code discount is carried to Border Free envoy page&gt;.Assert.AreEqual failed. Expected:&lt;True&gt;. Actual:&lt;False&gt;. 
    StackTrace:
    EnvoyCheckoutPromotionsAndDiscountsSentToBorderFree(),BorderFree.cs,Line Number:1208</Message>
          <StackTrace>   at TestAuto.LoggingAndSharedGenericMethods.EndTest() in c:\Builds\1\WebSphere\QATestAutomation\src\CodedUITest\SourceCode\Common\Logging\Logging.cs:line 1628
   at TestAuto.BorderFree.TestCleanup() in c:\Builds\1\WebSphere\QATestAutomation\src\CodedUITest\SourceCode\HHobby\BorderFree\BorderFree.cs:line 2628
</StackTrace>
        </ErrorInfo>
        <TextMessages>
          <Message>[5/14/2018 10:40:13 PM]&lt;STARTLOG&gt;&lt;EnvoyCheckoutPromotionsAndDiscountsSentToBorderFree&gt;Test Started: Expecting: #PASS=Undefined and #FAIL=0
Running from MTM=True, running on machine name:CMP01-YKUMAR, user name=ykumar, OS=Microsoft Windows NT 6.1.7601 Service Pack 1, Is64BitOS=True</Message>
          <Message>[5/14/2018 10:40:14 PM]&lt;INFO&gt;LogCPUAndMemoryUsage: Available Memory = 25182(MB), CPU Usage = 34.93635%</Message>
          <Message>[5/14/2018 10:40:14 PM]&lt;INFO&gt;Private Working Set for QTAgent32_40, usage=219784 (K)</Message>
          <Message>[5/14/2018 10:40:14 PM]&lt;INFO&gt;Path To TestConfig xml=C:\Users\ykumar\AppData\Local\VSEQT\QTAgent\26974\CMP01-YKUMAR.horizonhobby.com\Deployment\SharedCommonConfig.xml</Message>
          <Message>[5/14/2018 10:40:14 PM]&lt;INFO&gt;Path To TestData xml=C:\Users\ykumar\AppData\Local\VSEQT\QTAgent\26974\CMP01-YKUMAR.horizonhobby.com\Deployment\BorderFreeTestData_224013.xml</Message>
          <Message>[5/14/2018 10:40:14 PM]&lt;INFO&gt;Path To HorizonHobbyQA Application Url=https://www-tst.horizonhobby.com</Message>
          <Message>[5/14/2018 10:40:14 PM]&lt;INFO&gt;HorizonHobbyQA sql connection string=Server=cmp02-ws-tst-db01:50000;Database=TST01DB;UID=wcdbuser;PWD=h0r1z0n;Connect Timeout=30</Message>
          <Message>[5/14/2018 10:40:14 PM]&lt;INFO&gt;Country is := US and language id is := '-1'</Message>
          <Message>[5/14/2018 10:40:14 PM]&lt;INFO&gt;Current browser used for test execution is = 'IE'</Message>
          <Message>[5/14/2018 10:40:17 PM]&lt;Info&gt;AllBrowserWindow : Locating browser window...</Message>
          <Message>[5/14/2018 10:40:21 PM]&lt;INFO&gt;SearchProductexecuting ... Searching term:= 'YUNQ500114A'</Message>
          <Message>[5/14/2018 10:40:27 PM]&lt;Info&gt;AllBrowserWindow : Locating browser window...</Message>
          <Message>[5/14/2018 10:40:29 PM]&lt;INFO&gt;BackOrderClickexecuting ...</Message>
          <Message>[5/14/2018 10:40:29 PM]&lt;INFO&gt;GoToCartClickexecuting ...</Message>
          <Message>[5/14/2018 10:40:35 PM]&lt;Info&gt;AllBrowserWindow : Locating browser window...</Message>
          <Message>[5/14/2018 10:40:58 PM]&lt;INFO&gt;ApplyPromoCode : method executing ...  -TEST15DOLLARSOFF</Message>
          <Message>[5/14/2018 10:40:58 PM]&lt;INFO&gt;SurveyWindow : method executing ...</Message>
          <Message>[5/14/2018 10:41:17 PM]&lt;INFO&gt;KeyboardSendKeys method executing...</Message>
          <Message>[5/14/2018 10:41:17 PM]&lt;INFO&gt;CheckoutCreditCardShippingAndBillingControls : method executing</Message>
          <Message>[5/14/2018 10:41:17 PM]&lt;Info&gt;AllBrowserWindow : Locating browser window...</Message>
          <Message>[5/14/2018 10:41:33 PM]&lt;PASS&gt;&lt;EnvoyCheckoutPromotionsAndDiscountsSentToBorderFree&gt;&lt;Promo code discount is applied&gt;</Message>
          <Message>[5/14/2018 10:41:33 PM]&lt;Info&gt;AllBrowserWindow : Locating browser window...</Message>
          <Message>[5/14/2018 10:41:40 PM]&lt;Info&gt;AllBrowserWindow : Locating browser window...</Message>
          <Message>[5/14/2018 10:41:44 PM]&lt;Info&gt;AllBrowserWindow : Locating browser window...</Message>
          <Message>[5/14/2018 10:41:44 PM]&lt;Info&gt;AllBrowserWindow : Locating browser window...</Message>
          <Message>[5/14/2018 10:41:55 PM]&lt;FAIL&gt;&lt;EnvoyCheckoutPromotionsAndDiscountsSentToBorderFree&gt;&lt;Promo code discount is carried to Border Free envoy page&gt;.Assert.AreEqual failed. Expected:&lt;True&gt;. Actual:&lt;False&gt;. 
    StackTrace:
    EnvoyCheckoutPromotionsAndDiscountsSentToBorderFree(),BorderFree.cs,Line Number:1208</Message>
          <Message>[5/14/2018 10:41:55 PM]&lt;CaptureImage&gt;\\CMP01-YKumar\AutoLog\CMP01-YKUMAR\EnvoyCheckoutPromotionsAndDiscountsSentToBorderFree_20180514224155.png</Message>
          <Message>[5/14/2018 10:41:55 PM]&lt;RESULT&gt;Test Ended:#PASS=1, #FAIL=1</Message>
          <Message>[5/14/2018 10:41:56 PM]&lt;INFO&gt;LogCPUAndMemoryUsage: Available Memory = 25161(MB), CPU Usage = 1.52437%</Message>
          <Message>[5/14/2018 10:41:56 PM]&lt;INFO&gt;Private Working Set for QTAgent32_40, usage=229328 (K)</Message>
          <Message>[5/14/2018 10:41:56 PM]&lt;RESULT&gt;&lt;EnvoyCheckoutPromotionsAndDiscountsSentToBorderFree&gt; Test FAILED: Actual #FAIL=1, #Expected FAIL=0. See Error Message/logs for further details.</Message>
        </TextMessages>
      </Output>
    </UnitTestResult>
    <UnitTestResult executionId="bf42a9cb-9d11-4379-826e-605bc55368ae" testId="cb9cd5f6-f8b1-731b-2bf3-2acf7ea49542" testName="SwitchFromUSToInternationalShipping" computerName="CMP01-YKUMAR" duration="00:06:15.2508734" startTime="2018-05-14T22:41:58.9682310-05:00" endTime="2018-05-14T22:48:14.2402310-05:00" testType="13cdc9d9-ddb5-4fa4-a97d-d965ccfc6d4b" outcome="Failed" testListId="8c84fa94-04c1-424b-9868-57a2d4851a1d" relativeResultsDirectory="bf42a9cb-9d11-4379-826e-605bc55368ae">
      <Output>
        <StdOut>Logging to custom path:\\CMP01-YKumar\AutoLog</StdOut>
        <ErrorInfo>
          <Message>Assert.Fail failed. 
Actual #FAIL=1, #Expected FAIL=0
#Other errors=9
[Error details below]
&lt;ERROR&gt;[5/14/2018 10:43:40 PM]&lt;ERROR&gt;SearchProduct := M3 x 6mm Flat Head Screw (10) : failed executing ...Cannot perform 'SetProperty of Text with value "M3 x 6mm Flat Head Screw (10)"' on the control. Additional Details: 
TechnologyName:  'Web'
ControlType:  'Edit'
TagName:  'INPUT'
Id:  'SimpleSearchForm_SearchTerm'
Name:  'searchTerm'

&lt;ERROR&gt;[5/14/2018 10:45:45 PM]&lt;ERROR&gt;BackOrderClick : failed executing ...The playback failed to find the control with the given search properties. Additional Details: 
TechnologyName:  'Web'
ControlType:  'Hyperlink'
TagName:  'A'
Id:  'add2CartBtn'
 Failed to find any control that matched the value add2CartBtn for the search property Id.
&lt;ERROR&gt;[5/14/2018 10:45:58 PM]&lt;ERROR&gt;MouseClick Exception:Microsoft.VisualStudio.TestTools.UITest.Extension.FailedToPerformActionOnHiddenControlException: Cannot perform 'Click' on the hidden control. Additional Details: 
TechnologyName:  'Web'
ControlType:  'Hyperlink'
TagName:  'A'
Id:  'GotoCartButton1'
Name:  ''
Target:  ''
InnerText:  'Go to Cart'
 ---&gt; System.Runtime.InteropServices.COMException: Exception from HRESULT: 0xF004F002
   at Microsoft.VisualStudio.TestTools.UITest.Playback.Engine.IScreenElement.MouseButtonClick(Int32 x, Int32 y, Int32 nButton, Int32 fEnsureVisible, String bstrKeyModifiers)
   at Microsoft.VisualStudio.TestTools.UITest.Playback.ScreenElement.MouseButtonClick(Int32 x, Int32 y, MouseButtons button, ModifierKeys modifierKeys, Int32 ensureVisible)
   at Microsoft.VisualStudio.TestTools.UITesting.UITestControl.Click(MouseButtons button, ModifierKeys modifierKeys, Point relativeCoordinates)
   --- End of inner exception stack trace ---
   at Microsoft.VisualStudio.TestTools.UITesting.Playback.MapAndThrowComException(COMException innerException, IPlaybackContext context)
   at Microsoft.VisualStudio.TestTools.UITesting.Playback.MapAndThrowException(SystemException exception, IPlaybackContext context)
   at Microsoft.VisualStudio.TestTools.UITesting.Playback.MapAndThrowException(SystemException exception, String actionName, UITestControl uiControl, Point point)
   at Microsoft.VisualStudio.TestTools.UITesting.UITestControl.Click(MouseButtons button, ModifierKeys modifierKeys, Point relativeCoordinates)
   at Microsoft.VisualStudio.TestTools.UITesting.UITestActionExecutorCore.Click(UITestControl control, MouseButtons button, ModifierKeys modifierKeys, Point relativeCoordinate)
   at Microsoft.VisualStudio.TestTools.UITesting.Mouse.ClickImplementation(UITestControl control, MouseButtons button, ModifierKeys modifierKeys, Point relativeCoordinate)
   at Microsoft.VisualStudio.TestTools.UITesting.Mouse.&lt;&gt;c__DisplayClass6.&lt;Click&gt;b__5()
   at Microsoft.VisualStudio.TestTools.UITesting.CodedUITestMethodInvoker.InvokeMethod[T](Func`1 function, UITestControl control, Boolean firePlaybackErrorEvent, Boolean logAsAction)
   at Microsoft.VisualStudio.TestTools.UITesting.Mouse.Click(UITestControl control, MouseButtons button, ModifierKeys modifierKeys, Point relativeCoordinate)
   at Microsoft.VisualStudio.TestTools.UITesting.Mouse.Click(UITestControl control)
   at TestAuto.LoggingAndSharedGenericMethods.MouseClick(UITestControl uiMenuItemTestControl) in c:\Builds\1\WebSphere\QATestAutomation\src\CodedUITest\SourceCode\Common\Logging\SharedMethods_Generic.cs:line 785
&lt;ERROR&gt;[5/14/2018 10:46:20 PM]&lt;Error&gt;AllBrowserWindow : failed executing ...Unable to find Windows Internet Explorer window with 'Shopping Cart - Microsoft Internet Explorer provided by Horizon Hobby' in the title.
&lt;ERROR&gt;[5/14/2018 10:46:42 PM]&lt;Error&gt;AllBrowserWindow : failed executing ...Unable to find Windows Internet Explorer window with 'Shopping Cart - Microsoft Internet Explorer provided by Horizon Hobby' in the title.
&lt;ERROR&gt;[5/14/2018 10:47:05 PM]&lt;Error&gt;AllBrowserWindow : failed executing ...Unable to find Windows Internet Explorer window with 'Shopping Cart - Microsoft Internet Explorer provided by Horizon Hobby' in the title.
&lt;ERROR&gt;[5/14/2018 10:47:27 PM]&lt;Error&gt;AllBrowserWindow : failed executing ...Unable to find Windows Internet Explorer window with 'HorizonHobby - Shipping and Billing Display - Microsoft Internet Explorer provided by Horizon Hobby' in the title.
&lt;FAIL&gt;&lt;SwitchFromUSToInternationalShipping&gt;&lt;Do you want to ship internationally? link exists on Address page&gt;.Assert.AreEqual failed. Expected:&lt;True&gt;. Actual:&lt;False&gt;. 
    StackTrace:
    SwitchFromUSToInternationalShipping(),BorderFree.cs,Line Number:840
&lt;ERROR&gt;[5/14/2018 10:47:37 PM]&lt;ERROR&gt;MouseClick Exception:Microsoft.VisualStudio.TestTools.UITest.Extension.UITestControlNotFoundException: The playback failed to find the control with the given search properties. Additional Details: 
TechnologyName:  'Web'
ControlType:  'Hyperlink'
TagName:  'A'
Id:  'contextChooserLink'
 Failed to find any control that matched the value contextChooserLink for the search property Id. ---&gt; System.Runtime.InteropServices.COMException: Error HRESULT E_FAIL has been returned from a call to a COM component.
   at Microsoft.VisualStudio.TestTools.UITest.Playback.Engine.IScreenElement.FindAllDescendants(String bstrQueryId, Object&amp; pvarResKeys, Int32 cResKeys, Int32 nMaxDepth)
   at Microsoft.VisualStudio.TestTools.UITest.Playback.ScreenElement.FindAllScreenElement(String queryId, Int32 depth, Boolean singleQueryId, Boolean throwException, Boolean resetSkipStep)
   at Microsoft.VisualStudio.TestTools.UITest.Playback.ScreenElement.FindScreenElement(String queryId, Int32 depth, Boolean resetSkipStep)
   at Microsoft.VisualStudio.TestTools.UITesting.UITestControl.FindFirstDescendant(String queryId, Int32 maxDepth, Int32&amp; timeLeft)
   --- End of inner exception stack trace ---
   at Microsoft.VisualStudio.TestTools.UITesting.Playback.MapControlNotFoundException(COMException ex, IPlaybackContext context)
   at Microsoft.VisualStudio.TestTools.UITesting.Playback.MapAndThrowComException(COMException innerException, IPlaybackContext context)
   at Microsoft.VisualStudio.TestTools.UITesting.Playback.MapAndThrowException(SystemException exception, IPlaybackContext context)
   at Microsoft.VisualStudio.TestTools.UITesting.Playback.MapAndThrowException(SystemException exception, String queryId)
   at Microsoft.VisualStudio.TestTools.UITesting.UITestControl.FindFirstDescendant(String queryId, Int32 maxDepth, Int32&amp; timeLeft)
   at Microsoft.VisualStudio.TestTools.UITesting.SearchHelper.GetUITestControlRecursive(Boolean useCache, Boolean alwaysSearch, ISearchArgument searchArg, IList`1 windowTitles, Int32&amp; timeLeft)
   at Microsoft.VisualStudio.TestTools.UITesting.SearchHelper.GetElement(Boolean useCache, ISearchArgument searchArg)
   at Microsoft.VisualStudio.TestTools.UITesting.SearchHelper.Search(ISearchArgument searchArg)
   at Microsoft.VisualStudio.TestTools.UITesting.UITestControl.FindInternal()
   at Microsoft.VisualStudio.TestTools.UITesting.UITestControl.&lt;Find&gt;b__3a()
   at Microsoft.VisualStudio.TestTools.UITesting.CodedUITestMethodInvoker.InvokeMethod[T](Func`1 function, UITestControl control, Boolean firePlaybackErrorEvent, Boolean logAsAction)
   at Microsoft.VisualStudio.TestTools.UITesting.UITestControl.Find()
   at Microsoft.VisualStudio.TestTools.UITesting.UITestControl.GetPropertyPrivate(String propertyName)
   at Microsoft.VisualStudio.TestTools.UITesting.UITestControl.GetPropertyOfType[T](String propertyName)
   at Microsoft.VisualStudio.TestTools.UITesting.UITestControl.get_Name()
   at TestAuto.LoggingAndSharedGenericMethods.MouseClick(UITestControl uiMenuItemTestControl) in c:\Builds\1\WebSphere\QATestAutomation\src\CodedUITest\SourceCode\Common\Logging\SharedMethods_Generic.cs:line 790
&lt;ERROR&gt;[5/14/2018 10:47:40 PM]&lt;Error&gt;SwitchFromUSToInternationalShipping : failed executing ...The playback failed to find the control with the given search properties. Additional Details: 
TechnologyName:  'Web'
ControlType:  'Custom'
TagName:  'h1'
Class:  'bfreeHdr'
 Failed to find any control that matched the search condition ControlType='Custom' &amp;&amp; Class=&gt;'bfreeHdr'</Message>
          <StackTrace>   at TestAuto.LoggingAndSharedGenericMethods.EndTest() in c:\Builds\1\WebSphere\QATestAutomation\src\CodedUITest\SourceCode\Common\Logging\Logging.cs:line 1628
   at TestAuto.BorderFree.TestCleanup() in c:\Builds\1\WebSphere\QATestAutomation\src\CodedUITest\SourceCode\HHobby\BorderFree\BorderFree.cs:line 2628
</StackTrace>
        </ErrorInfo>
        <TextMessages>
          <Message>[5/14/2018 10:41:58 PM]&lt;STARTLOG&gt;&lt;SwitchFromUSToInternationalShipping&gt;Test Started: Expecting: #PASS=Undefined and #FAIL=0
Running from MTM=True, running on machine name:CMP01-YKUMAR, user name=ykumar, OS=Microsoft Windows NT 6.1.7601 Service Pack 1, Is64BitOS=True</Message>
          <Message>[5/14/2018 10:42:00 PM]&lt;INFO&gt;LogCPUAndMemoryUsage: Available Memory = 25185(MB), CPU Usage = 36.10349%</Message>
          <Message>[5/14/2018 10:42:00 PM]&lt;INFO&gt;Private Working Set for QTAgent32_40, usage=229432 (K)</Message>
          <Message>[5/14/2018 10:42:00 PM]&lt;INFO&gt;Path To TestConfig xml=C:\Users\ykumar\AppData\Local\VSEQT\QTAgent\26974\CMP01-YKUMAR.horizonhobby.com\Deployment\SharedCommonConfig.xml</Message>
          <Message>[5/14/2018 10:42:00 PM]&lt;INFO&gt;Path To TestData xml=C:\Users\ykumar\AppData\Local\VSEQT\QTAgent\26974\CMP01-YKUMAR.horizonhobby.com\Deployment\BorderFreeTestData_224158.xml</Message>
          <Message>[5/14/2018 10:42:00 PM]&lt;INFO&gt;Path To HorizonHobbyQA Application Url=https://www-tst.horizonhobby.com</Message>
          <Message>[5/14/2018 10:42:00 PM]&lt;INFO&gt;HorizonHobbyQA sql connection string=Server=cmp02-ws-tst-db01:50000;Database=TST01DB;UID=wcdbuser;PWD=h0r1z0n;Connect Timeout=30</Message>
          <Message>[5/14/2018 10:42:00 PM]&lt;INFO&gt;Country is := US and language id is := '-1'</Message>
          <Message>[5/14/2018 10:42:00 PM]&lt;INFO&gt;Current browser used for test execution is = 'IE'</Message>
          <Message>[5/14/2018 10:42:03 PM]&lt;Info&gt;AllBrowserWindow : Locating browser window...</Message>
          <Message>[5/14/2018 10:42:08 PM]&lt;PASS&gt;&lt;GetSelectedShipToCountryOrCurrency&gt;&lt;The country selected is India as expected&gt;</Message>
          <Message>[5/14/2018 10:42:08 PM]&lt;PASS&gt;&lt;GetSelectedShipToCountryOrCurrency&gt;&lt;The currency selected is Indian Rupee as expected&gt;</Message>
          <Message>[5/14/2018 10:42:08 PM]&lt;PASS&gt;&lt;GetSelectedShipToCountryOrCurrency&gt;&lt;The currency combobox is enabled &gt;</Message>
          <Message>[5/14/2018 10:42:12 PM]&lt;PASS&gt;&lt;GetSelectedShipToCountryOrCurrency&gt;&lt;The country selected is United States as expected&gt;</Message>
          <Message>[5/14/2018 10:42:12 PM]&lt;PASS&gt;&lt;GetSelectedShipToCountryOrCurrency&gt;&lt;The currency selected is US Dollar as expected&gt;</Message>
          <Message>[5/14/2018 10:42:12 PM]&lt;PASS&gt;&lt;GetSelectedShipToCountryOrCurrency&gt;&lt;The currency combobox is disabled &gt;</Message>
          <Message>[5/14/2018 10:42:15 PM]&lt;PASS&gt;&lt;GetSelectedShipToCountryOrCurrency&gt;&lt;The country selected is India as expected&gt;</Message>
          <Message>[5/14/2018 10:42:15 PM]&lt;PASS&gt;&lt;GetSelectedShipToCountryOrCurrency&gt;&lt;The currency selected is US Dollar as expected&gt;</Message>
          <Message>[5/14/2018 10:42:15 PM]&lt;PASS&gt;&lt;GetSelectedShipToCountryOrCurrency&gt;&lt;The currency combobox is enabled &gt;</Message>
          <Message>[5/14/2018 10:42:30 PM]&lt;INFO&gt;SurveyWindow : method executing ...</Message>
          <Message>[5/14/2018 10:42:39 PM]&lt;INFO&gt;ContinueOnCertificationErrorClickexecuting ...</Message>
          <Message>[5/14/2018 10:42:39 PM]&lt;Info&gt;DEAllBrowserWindow : Locating browser window...</Message>
          <Message>[5/14/2018 10:42:46 PM]&lt;INFO&gt;UserRegistration : method executing ...</Message>
          <Message>[5/14/2018 10:42:46 PM]&lt;Info&gt;AllBrowserWindow : Locating browser window...</Message>
          <Message>[5/14/2018 10:43:10 PM]&lt;Info&gt;AllBrowserWindow : Locating browser window...</Message>
          <Message>[5/14/2018 10:43:25 PM]&lt;INFO&gt;SurveyWindow : method executing ...</Message>
          <Message>[5/14/2018 10:43:36 PM]&lt;INFO&gt;SearchProductexecuting ... Searching term:= 'M3 x 6mm Flat Head Screw (10)'</Message>
          <Message>Assert.Fail failed. [5/14/2018 10:43:40 PM]&lt;ERROR&gt;SearchProduct := M3 x 6mm Flat Head Screw (10) : failed executing ...Cannot perform 'SetProperty of Text with value "M3 x 6mm Flat Head Screw (10)"' on the control. Additional Details: 
TechnologyName:  'Web'
ControlType:  'Edit'
TagName:  'INPUT'
Id:  'SimpleSearchForm_SearchTerm'
Name:  'searchTerm'
, 
    StackTrace:
    SearchProduct(),SharedApplicationCommon.cs,Line Number:697
    SwitchFromUSToInternationalShipping(),BorderFree.cs,Line Number:818</Message>
          <Message>[5/14/2018 10:43:40 PM]&lt;CaptureImage&gt;\\CMP01-YKumar\AutoLog\CMP01-YKUMAR\SwitchFromUSToInternationalShipping_20180514224340.png</Message>
          <Message>[5/14/2018 10:43:40 PM]&lt;Info&gt;AllBrowserWindow : Locating browser window...</Message>
          <Message>[5/14/2018 10:44:03 PM]&lt;Info&gt;AllBrowserWindow : Locating browser window...</Message>
          <Message>[5/14/2018 10:45:38 PM]&lt;INFO&gt;BackOrderClickexecuting ...</Message>
          <Message>Assert.Fail failed. [5/14/2018 10:45:45 PM]&lt;ERROR&gt;BackOrderClick : failed executing ...The playback failed to find the control with the given search properties. Additional Details: 
TechnologyName:  'Web'
ControlType:  'Hyperlink'
TagName:  'A'
Id:  'add2CartBtn'
 Failed to find any control that matched the value add2CartBtn for the search property Id., 
    StackTrace:
    BackOrderClick(),SharedProductPage.cs,Line Number:498
    BackOrderClick(),SharedProductPage.cs,Line Number:505
    SwitchFromUSToInternationalShipping(),BorderFree.cs,Line Number:823</Message>
          <Message>[5/14/2018 10:45:45 PM]&lt;CaptureImage&gt;\\CMP01-YKumar\AutoLog\CMP01-YKUMAR\SwitchFromUSToInternationalShipping_20180514224545.png</Message>
          <Message>[5/14/2018 10:45:45 PM]&lt;INFO&gt;GoToCartClickexecuting ...</Message>
          <Message>Assert.Fail failed. [5/14/2018 10:45:58 PM]&lt;ERROR&gt;MouseClick Exception:Microsoft.VisualStudio.TestTools.UITest.Extension.FailedToPerformActionOnHiddenControlException: Cannot perform 'Click' on the hidden control. Additional Details: 
TechnologyName:  'Web'
ControlType:  'Hyperlink'
TagName:  'A'
Id:  'GotoCartButton1'
Name:  ''
Target:  ''
InnerText:  'Go to Cart'
 ---&gt; System.Runtime.InteropServices.COMException: Exception from HRESULT: 0xF004F002
   at Microsoft.VisualStudio.TestTools.UITest.Playback.Engine.IScreenElement.MouseButtonClick(Int32 x, Int32 y, Int32 nButton, Int32 fEnsureVisible, String bstrKeyModifiers)
   at Microsoft.VisualStudio.TestTools.UITest.Playback.ScreenElement.MouseButtonClick(Int32 x, Int32 y, MouseButtons button, ModifierKeys modifierKeys, Int32 ensureVisible)
   at Microsoft.VisualStudio.TestTools.UITesting.UITestControl.Click(MouseButtons button, ModifierKeys modifierKeys, Point relativeCoordinates)
   --- End of inner exception stack trace ---
   at Microsoft.VisualStudio.TestTools.UITesting.Playback.MapAndThrowComException(COMException innerException, IPlaybackContext context)
   at Microsoft.VisualStudio.TestTools.UITesting.Playback.MapAndThrowException(SystemException exception, IPlaybackContext context)
   at Microsoft.VisualStudio.TestTools.UITesting.Playback.MapAndThrowException(SystemException exception, String actionName, UITestControl uiControl, Point point)
   at Microsoft.VisualStudio.TestTools.UITesting.UITestControl.Click(MouseButtons button, ModifierKeys modifierKeys, Point relativeCoordinates)
   at Microsoft.VisualStudio.TestTools.UITesting.UITestActionExecutorCore.Click(UITestControl control, MouseButtons button, ModifierKeys modifierKeys, Point relativeCoordinate)
   at Microsoft.VisualStudio.TestTools.UITesting.Mouse.ClickImplementation(UITestControl control, MouseButtons button, ModifierKeys modifierKeys, Point relativeCoordinate)
   at Microsoft.VisualStudio.TestTools.UITesting.Mouse.&lt;&gt;c__DisplayClass6.&lt;Click&gt;b__5()
   at Microsoft.VisualStudio.TestTools.UITesting.CodedUITestMethodInvoker.InvokeMethod[T](Func`1 function, UITestControl control, Boolean firePlaybackErrorEvent, Boolean logAsAction)
   at Microsoft.VisualStudio.TestTools.UITesting.Mouse.Click(UITestControl control, MouseButtons button, ModifierKeys modifierKeys, Point relativeCoordinate)
   at Microsoft.VisualStudio.TestTools.UITesting.Mouse.Click(UITestControl control)
   at TestAuto.LoggingAndSharedGenericMethods.MouseClick(UITestControl uiMenuItemTestControl) in c:\Builds\1\WebSphere\QATestAutomation\src\CodedUITest\SourceCode\Common\Logging\SharedMethods_Generic.cs:line 785, 
    StackTrace:
    MouseClick(),SharedMethods_Generic.cs,Line Number:822
    GoToCartClick(),SharedCartPopUp.cs,Line Number:129
    SwitchFromUSToInternationalShipping(),BorderFree.cs,Line Number:826</Message>
          <Message>[5/14/2018 10:45:58 PM]&lt;CaptureImage&gt;\\CMP01-YKumar\AutoLog\CMP01-YKUMAR\SwitchFromUSToInternationalShipping_20180514224558.png</Message>
          <Message>[5/14/2018 10:45:58 PM]&lt;INFO&gt;ContinueOnCertificationErrorClickexecuting ...</Message>
          <Message>[5/14/2018 10:45:58 PM]&lt;Info&gt;AllBrowserWindow : Locating browser window...</Message>
          <Message>Assert.Fail failed. [5/14/2018 10:46:20 PM]&lt;Error&gt;AllBrowserWindow : failed executing ...Unable to find Windows Internet Explorer window with 'Shopping Cart - Microsoft Internet Explorer provided by Horizon Hobby' in the title., 
    StackTrace:
    AllBrowserWindow(),SharedBorderFree.cs,Line Number:1037
    SwitchFromUSToInternationalShipping(),BorderFree.cs,Line Number:828</Message>
          <Message>[5/14/2018 10:46:20 PM]&lt;CaptureImage&gt;\\CMP01-YKumar\AutoLog\CMP01-YKUMAR\SwitchFromUSToInternationalShipping_20180514224620.png</Message>
          <Message>[5/14/2018 10:46:20 PM]&lt;INFO&gt;CheckoutProcessStartShoppingCart : method executing</Message>
          <Message>[5/14/2018 10:46:20 PM]&lt;Info&gt;AllBrowserWindow : Locating browser window...</Message>
          <Message>Assert.Fail failed. [5/14/2018 10:46:42 PM]&lt;Error&gt;AllBrowserWindow : failed executing ...Unable to find Windows Internet Explorer window with 'Shopping Cart - Microsoft Internet Explorer provided by Horizon Hobby' in the title., 
    StackTrace:
    AllBrowserWindow(),SharedBorderFree.cs,Line Number:1037
    CheckoutProcessStartShoppingCart(),SharedCheckoutCreditCard.cs,Line Number:771
    CheckoutProcessStartShoppingCart(),SharedCheckoutCreditCard.cs,Line Number:808
    SwitchFromUSToInternationalShipping(),BorderFree.cs,Line Number:831</Message>
          <Message>[5/14/2018 10:46:42 PM]&lt;CaptureImage&gt;\\CMP01-YKumar\AutoLog\CMP01-YKUMAR\SwitchFromUSToInternationalShipping_20180514224642.png</Message>
          <Message>[5/14/2018 10:46:42 PM]&lt;INFO&gt;CheckoutShoppingCartControls : method executing</Message>
          <Message>[5/14/2018 10:46:42 PM]&lt;Info&gt;AllBrowserWindow : Locating browser window...</Message>
          <Message>Assert.Fail failed. [5/14/2018 10:47:05 PM]&lt;Error&gt;AllBrowserWindow : failed executing ...Unable to find Windows Internet Explorer window with 'Shopping Cart - Microsoft Internet Explorer provided by Horizon Hobby' in the title., 
    StackTrace:
    AllBrowserWindow(),SharedBorderFree.cs,Line Number:1037
    CheckoutShoppingCartControls(),SharedCheckoutCreditCard.cs,Line Number:191
    CheckoutProcessStartShoppingCart(),SharedCheckoutCreditCard.cs,Line Number:772
    CheckoutProcessStartShoppingCart(),SharedCheckoutCreditCard.cs,Line Number:808
    SwitchFromUSToInternationalShipping(),BorderFree.cs,Line Number:831</Message>
          <Message>[5/14/2018 10:47:05 PM]&lt;CaptureImage&gt;\\CMP01-YKumar\AutoLog\CMP01-YKUMAR\SwitchFromUSToInternationalShipping_20180514224705.png</Message>
          <Message>[5/14/2018 10:47:05 PM]&lt;Info&gt;AllBrowserWindow : Locating browser window...</Message>
          <Message>Assert.Fail failed. [5/14/2018 10:47:27 PM]&lt;Error&gt;AllBrowserWindow : failed executing ...Unable to find Windows Internet Explorer window with 'HorizonHobby - Shipping and Billing Display - Microsoft Internet Explorer provided by Horizon Hobby' in the title., 
    StackTrace:
    AllBrowserWindow(),SharedBorderFree.cs,Line Number:1037
    SwitchFromUSToInternationalShipping(),BorderFree.cs,Line Number:833</Message>
          <Message>[5/14/2018 10:47:27 PM]&lt;CaptureImage&gt;\\CMP01-YKumar\AutoLog\CMP01-YKUMAR\SwitchFromUSToInternationalShipping_20180514224727.png</Message>
          <Message>[5/14/2018 10:47:31 PM]&lt;FAIL&gt;&lt;SwitchFromUSToInternationalShipping&gt;&lt;Do you want to ship internationally? link exists on Address page&gt;.Assert.AreEqual failed. Expected:&lt;True&gt;. Actual:&lt;False&gt;. 
    StackTrace:
    SwitchFromUSToInternationalShipping(),BorderFree.cs,Line Number:840</Message>
          <Message>[5/14/2018 10:47:31 PM]&lt;CaptureImage&gt;\\CMP01-YKumar\AutoLog\CMP01-YKUMAR\SwitchFromUSToInternationalShipping_20180514224731.png</Message>
          <Message>Assert.Fail failed. [5/14/2018 10:47:37 PM]&lt;ERROR&gt;MouseClick Exception:Microsoft.VisualStudio.TestTools.UITest.Extension.UITestControlNotFoundException: The playback failed to find the control with the given search properties. Additional Details: 
TechnologyName:  'Web'
ControlType:  'Hyperlink'
TagName:  'A'
Id:  'contextChooserLink'
 Failed to find any control that matched the value contextChooserLink for the search property Id. ---&gt; System.Runtime.InteropServices.COMException: Error HRESULT E_FAIL has been returned from a call to a COM component.
   at Microsoft.VisualStudio.TestTools.UITest.Playback.Engine.IScreenElement.FindAllDescendants(String bstrQueryId, Object&amp; pvarResKeys, Int32 cResKeys, Int32 nMaxDepth)
   at Microsoft.VisualStudio.TestTools.UITest.Playback.ScreenElement.FindAllScreenElement(String queryId, Int32 depth, Boolean singleQueryId, Boolean throwException, Boolean resetSkipStep)
   at Microsoft.VisualStudio.TestTools.UITest.Playback.ScreenElement.FindScreenElement(String queryId, Int32 depth, Boolean resetSkipStep)
   at Microsoft.VisualStudio.TestTools.UITesting.UITestControl.FindFirstDescendant(String queryId, Int32 maxDepth, Int32&amp; timeLeft)
   --- End of inner exception stack trace ---
   at Microsoft.VisualStudio.TestTools.UITesting.Playback.MapControlNotFoundException(COMException ex, IPlaybackContext context)
   at Microsoft.VisualStudio.TestTools.UITesting.Playback.MapAndThrowComException(COMException innerException, IPlaybackContext context)
   at Microsoft.VisualStudio.TestTools.UITesting.Playback.MapAndThrowException(SystemException exception, IPlaybackContext context)
   at Microsoft.VisualStudio.TestTools.UITesting.Playback.MapAndThrowException(SystemException exception, String queryId)
   at Microsoft.VisualStudio.TestTools.UITesting.UITestControl.FindFirstDescendant(String queryId, Int32 maxDepth, Int32&amp; timeLeft)
   at Microsoft.VisualStudio.TestTools.UITesting.SearchHelper.GetUITestControlRecursive(Boolean useCache, Boolean alwaysSearch, ISearchArgument searchArg, IList`1 windowTitles, Int32&amp; timeLeft)
   at Microsoft.VisualStudio.TestTools.UITesting.SearchHelper.GetElement(Boolean useCache, ISearchArgument searchArg)
   at Microsoft.VisualStudio.TestTools.UITesting.SearchHelper.Search(ISearchArgument searchArg)
   at Microsoft.VisualStudio.TestTools.UITesting.UITestControl.FindInternal()
   at Microsoft.VisualStudio.TestTools.UITesting.UITestControl.&lt;Find&gt;b__3a()
   at Microsoft.VisualStudio.TestTools.UITesting.CodedUITestMethodInvoker.InvokeMethod[T](Func`1 function, UITestControl control, Boolean firePlaybackErrorEvent, Boolean logAsAction)
   at Microsoft.VisualStudio.TestTools.UITesting.UITestControl.Find()
   at Microsoft.VisualStudio.TestTools.UITesting.UITestControl.GetPropertyPrivate(String propertyName)
   at Microsoft.VisualStudio.TestTools.UITesting.UITestControl.GetPropertyOfType[T](String propertyName)
   at Microsoft.VisualStudio.TestTools.UITesting.UITestControl.get_Name()
   at TestAuto.LoggingAndSharedGenericMethods.MouseClick(UITestControl uiMenuItemTestControl) in c:\Builds\1\WebSphere\QATestAutomation\src\CodedUITest\SourceCode\Common\Logging\SharedMethods_Generic.cs:line 790, 
    StackTrace:
    MouseClick(),SharedMethods_Generic.cs,Line Number:822
    SwitchFromUSToInternationalShipping(),BorderFree.cs,Line Number:843</Message>
          <Message>[5/14/2018 10:47:37 PM]&lt;CaptureImage&gt;\\CMP01-YKumar\AutoLog\CMP01-YKUMAR\SwitchFromUSToInternationalShipping_20180514224737.png</Message>
          <Message>Assert.Fail failed. [5/14/2018 10:47:40 PM]&lt;Error&gt;SwitchFromUSToInternationalShipping : failed executing ...The playback failed to find the control with the given search properties. Additional Details: 
TechnologyName:  'Web'
ControlType:  'Custom'
TagName:  'h1'
Class:  'bfreeHdr'
 Failed to find any control that matched the search condition ControlType='Custom' &amp;&amp; Class=&gt;'bfreeHdr', 
    StackTrace:
    SwitchFromUSToInternationalShipping(),BorderFree.cs,Line Number:875</Message>
          <Message>[5/14/2018 10:47:40 PM]&lt;CaptureImage&gt;\\CMP01-YKumar\AutoLog\CMP01-YKUMAR\SwitchFromUSToInternationalShipping_20180514224740.png</Message>
          <Message>[5/14/2018 10:47:40 PM]&lt;INFO&gt;DeleteWishlistFromDatabase : method executing</Message>
          <Message>[5/14/2018 10:48:11 PM]&lt;RESULT&gt;Test Ended:#PASS=9, #FAIL=1,#Other errors=9</Message>
          <Message>[5/14/2018 10:48:12 PM]&lt;INFO&gt;LogCPUAndMemoryUsage: Available Memory = 24779(MB), CPU Usage = 6.7894%</Message>
          <Message>[5/14/2018 10:48:12 PM]&lt;INFO&gt;Private Working Set for QTAgent32_40, usage=229532 (K)</Message>
          <Message>[5/14/2018 10:48:12 PM]&lt;RESULT&gt;&lt;SwitchFromUSToInternationalShipping&gt; Test FAILED: Actual #FAIL=1, #Expected FAIL=0
#Other errors=9. See Error Message/logs for further details.</Message>
        </TextMessages>
      </Output>
    </UnitTestResult>
    <UnitTestResult executionId="3c64e29a-fbd9-4da0-9bc9-04cf28c8f19b" testId="a54af7ba-7178-e223-f9f1-484174ca129a" testName="AppropriateCurrencyDisplayOnDifferentPagesForDifferentCountriesFromContextChooser" computerName="CMP01-YKUMAR" duration="00:09:11.9553583" startTime="2018-05-14T22:48:14.2412310-05:00" endTime="2018-05-14T22:57:26.2032310-05:00" testType="13cdc9d9-ddb5-4fa4-a97d-d965ccfc6d4b" outcome="Failed" testListId="8c84fa94-04c1-424b-9868-57a2d4851a1d" relativeResultsDirectory="3c64e29a-fbd9-4da0-9bc9-04cf28c8f19b">
      <Output>
        <StdOut>Logging to custom path:\\CMP01-YKumar\AutoLog</StdOut>
        <ErrorInfo>
          <Message>Assert.Fail failed. 
#Other errors=1
[Error details below]
&lt;ERROR&gt;[5/14/2018 10:56:53 PM]&lt;Error&gt;AppropriateCurrencyDisplayOnDifferentPagesForDifferentCountriesFromContextChooser : failed executing ...The playback failed to find the control with the given search properties. Additional Details: 
TechnologyName:  'Web'
ControlType:  'Pane'
TagName:  'DIV'
Class:  'product_name'
 Failed to find any control that matched the search condition ControlType='Pane' &amp;&amp; Class=&gt;'product_name'</Message>
          <StackTrace>   at TestAuto.LoggingAndSharedGenericMethods.EndTest() in c:\Builds\1\WebSphere\QATestAutomation\src\CodedUITest\SourceCode\Common\Logging\Logging.cs:line 1628
   at TestAuto.BorderFree.TestCleanup() in c:\Builds\1\WebSphere\QATestAutomation\src\CodedUITest\SourceCode\HHobby\BorderFree\BorderFree.cs:line 2628
</StackTrace>
        </ErrorInfo>
        <TextMessages>
          <Message>[5/14/2018 10:48:14 PM]&lt;STARTLOG&gt;&lt;AppropriateCurrencyDisplayOnDifferentPagesForDifferentCountriesFromContextChooser&gt;Test Started: Expecting: #PASS=Undefined and #FAIL=0
Running from MTM=True, running on machine name:CMP01-YKUMAR, user name=ykumar, OS=Microsoft Windows NT 6.1.7601 Service Pack 1, Is64BitOS=True</Message>
          <Message>[5/14/2018 10:48:15 PM]&lt;INFO&gt;LogCPUAndMemoryUsage: Available Memory = 24829(MB), CPU Usage = 39.85036%</Message>
          <Message>[5/14/2018 10:48:15 PM]&lt;INFO&gt;Private Working Set for QTAgent32_40, usage=229680 (K)</Message>
          <Message>[5/14/2018 10:48:15 PM]&lt;INFO&gt;Path To TestConfig xml=C:\Users\ykumar\AppData\Local\VSEQT\QTAgent\26974\CMP01-YKUMAR.horizonhobby.com\Deployment\SharedCommonConfig.xml</Message>
          <Message>[5/14/2018 10:48:15 PM]&lt;INFO&gt;Path To TestData xml=C:\Users\ykumar\AppData\Local\VSEQT\QTAgent\26974\CMP01-YKUMAR.horizonhobby.com\Deployment\BorderFreeTestData_224814.xml</Message>
          <Message>[5/14/2018 10:48:15 PM]&lt;INFO&gt;Path To HorizonHobbyQA Application Url=https://www-tst.horizonhobby.com</Message>
          <Message>[5/14/2018 10:48:15 PM]&lt;INFO&gt;HorizonHobbyQA sql connection string=Server=cmp02-ws-tst-db01:50000;Database=TST01DB;UID=wcdbuser;PWD=h0r1z0n;Connect Timeout=30</Message>
          <Message>[5/14/2018 10:48:15 PM]&lt;INFO&gt;Country is := US and language id is := '-1'</Message>
          <Message>[5/14/2018 10:48:15 PM]&lt;INFO&gt;Current browser used for test execution is = 'IE'</Message>
          <Message>[5/14/2018 10:48:15 PM]&lt;INFO&gt;GetProductWithPartsAndListingAndCompletionGuide executing... </Message>
          <Message>[5/14/2018 10:48:19 PM]&lt;INFO&gt;GetMenuItems : method executing ... - Almost Ready-to-Fly</Message>
          <Message>[5/14/2018 10:48:22 PM]&lt;INFO&gt;SurveyWindow : method executing ...</Message>
          <Message>[5/14/2018 10:48:28 PM]&lt;INFO&gt;ContinueOnCertificationErrorClickexecuting ...</Message>
          <Message>[5/14/2018 10:48:28 PM]&lt;Info&gt;DEAllBrowserWindow : Locating browser window...</Message>
          <Message>[5/14/2018 10:48:32 PM]&lt;INFO&gt;UserRegistration : method executing ...</Message>
          <Message>[5/14/2018 10:48:32 PM]&lt;Info&gt;AllBrowserWindow : Locating browser window...</Message>
          <Message>[5/14/2018 10:48:54 PM]&lt;Info&gt;AllBrowserWindow : Locating browser window...</Message>
          <Message>[5/14/2018 10:49:18 PM]&lt;INFO&gt;SurveyWindow : method executing ...</Message>
          <Message>[5/14/2018 10:49:23 PM]&lt;Info&gt;AllBrowserWindow : Locating browser window...</Message>
          <Message>[5/14/2018 10:49:34 PM]&lt;Info&gt;AllBrowserWindow : Locating browser window...</Message>
          <Message>[5/14/2018 10:49:40 PM]&lt;Info&gt;AllBrowserWindow : Locating browser window...</Message>
          <Message>[5/14/2018 10:49:48 PM]&lt;INFO&gt;UIBestSellerProductsexecuting ...</Message>
          <Message>[5/14/2018 10:49:48 PM]&lt;Info&gt;AllBrowserWindow : Locating browser window...</Message>
          <Message>[5/14/2018 10:50:04 PM]&lt;PASS&gt;&lt;ValidateCurrencyOnPages&gt;&lt;Validate there is space between 3 letter currency code INR and the amount. CategoryLevel2&gt;</Message>
          <Message>[5/14/2018 10:50:04 PM]&lt;PASS&gt;&lt;ValidateCurrencyOnPages&gt;&lt;Validates currency for the best seller section on Page CategoryLevel1&gt;</Message>
          <Message>[5/14/2018 10:50:04 PM]&lt;INFO&gt;GetMenuItems : method executing ... - Aircraft Radio Systems</Message>
          <Message>[5/14/2018 10:50:11 PM]&lt;Info&gt;AllBrowserWindow : Locating browser window...</Message>
          <Message>[5/14/2018 10:50:11 PM]&lt;INFO&gt;UIBestSellerProductsexecuting ...</Message>
          <Message>[5/14/2018 10:50:11 PM]&lt;Info&gt;AllBrowserWindow : Locating browser window...</Message>
          <Message>[5/14/2018 10:50:18 PM]&lt;PASS&gt;&lt;ValidateCurrencyOnPages&gt;&lt;Validate there is space between 3 letter currency code INR and the amount. CategoryLevel2&gt;</Message>
          <Message>[5/14/2018 10:50:18 PM]&lt;PASS&gt;&lt;ValidateCurrencyOnPages&gt;&lt;Validates currency for the best seller section on Page CategoryLevel2&gt;</Message>
          <Message>[5/14/2018 10:50:20 PM]&lt;Info&gt;AllBrowserWindow : Locating browser window...</Message>
          <Message>[5/14/2018 10:51:33 PM]&lt;PASS&gt;&lt;ValidateCurrencyOnPages&gt;&lt;Validate there is space between 3 letter currency code INR and the amount. CategoryLevel2&gt;</Message>
          <Message>[5/14/2018 10:51:33 PM]&lt;PASS&gt;&lt;ValidateCurrencyOnPages&gt;&lt;Validates currency for the product listing on Page CategoryLevel3&gt;</Message>
          <Message>[5/14/2018 10:51:33 PM]&lt;PASS&gt;&lt;ValidateCurrencyOnPages&gt;&lt;Validate there is space between 3 letter currency code INR and the amount. CategoryLevel2&gt;</Message>
          <Message>[5/14/2018 10:51:33 PM]&lt;PASS&gt;&lt;ValidateCurrencyOnPages&gt;&lt;Validates currency for the product listing on Page CategoryLevel3&gt;</Message>
          <Message>[5/14/2018 10:51:35 PM]&lt;PASS&gt;&lt;AppropriateCurrencyDisplayOnDifferentPagesForDifferentCountriesFromContextChooser&gt;&lt;Validates currency for the price category section on Page CategoryLevel3&gt;</Message>
          <Message>[5/14/2018 10:51:35 PM]&lt;INFO&gt;SearchProductexecuting ... Searching term:= 'Heli'</Message>
          <Message>[5/14/2018 10:51:46 PM]&lt;Info&gt;AllBrowserWindow : Locating browser window...</Message>
          <Message>[5/14/2018 10:51:47 PM]&lt;INFO&gt;SelectSearchInventoryOptionexecuting ...</Message>
          <Message>[5/14/2018 10:52:07 PM]&lt;PASS&gt;&lt;ValidateCurrencyOnPages&gt;&lt;Validate there is space between 3 letter currency code INR and the amount. CategoryLevel2&gt;</Message>
          <Message>[5/14/2018 10:52:07 PM]&lt;PASS&gt;&lt;ValidateCurrencyOnPages&gt;&lt;Validates currency for the product listing on Page SearchResultPage&gt;</Message>
          <Message>[5/14/2018 10:52:07 PM]&lt;PASS&gt;&lt;ValidateCurrencyOnPages&gt;&lt;Validate there is space between 3 letter currency code INR and the amount. CategoryLevel2&gt;</Message>
          <Message>[5/14/2018 10:52:07 PM]&lt;PASS&gt;&lt;ValidateCurrencyOnPages&gt;&lt;Validates currency for the product listing on Page SearchResultPage&gt;</Message>
          <Message>[5/14/2018 10:52:09 PM]&lt;PASS&gt;&lt;AppropriateCurrencyDisplayOnDifferentPagesForDifferentCountriesFromContextChooser&gt;&lt;Validates currency for the price category section on Page SearchResultPage&gt;</Message>
          <Message>[5/14/2018 10:52:15 PM]&lt;INFO&gt;ProductQuickInfoDetailsexecuting ...</Message>
          <Message>[5/14/2018 10:53:07 PM]&lt;PASS&gt;&lt;AppropriateCurrencyDisplayOnDifferentPagesForDifferentCountriesFromContextChooser&gt;&lt;Validates offer price currency for quickinfo popup on CategoryLevel1&gt;</Message>
          <Message>[5/14/2018 10:53:07 PM]&lt;PASS&gt;&lt;AppropriateCurrencyDisplayOnDifferentPagesForDifferentCountriesFromContextChooser&gt;&lt;Validates List price currency for quickinfo popup on CategoryLevel1&gt;</Message>
          <Message>[5/14/2018 10:53:07 PM]&lt;Info&gt;AllBrowserWindow : Locating browser window...</Message>
          <Message>[5/14/2018 10:53:08 PM]&lt;INFO&gt;SearchProductexecuting ... Searching term:= 'PKZ6875'</Message>
          <Message>[5/14/2018 10:53:16 PM]&lt;Info&gt;AllBrowserWindow : Locating browser window...</Message>
          <Message>[5/14/2018 10:53:24 PM]&lt;INFO&gt;ItemOfferPriceexecuting ...</Message>
          <Message>[5/14/2018 10:53:37 PM]&lt;PASS&gt;&lt;AppropriateCurrencyDisplayOnDifferentPagesForDifferentCountriesFromContextChooser&gt;&lt;Validates currency for the item price on Page ProductPage&gt;</Message>
          <Message>[5/14/2018 10:53:37 PM]&lt;INFO&gt;ProductsYouMightConsiderProductsexecuting ...</Message>
          <Message>[5/14/2018 10:54:53 PM]&lt;PASS&gt;&lt;AppropriateCurrencyDisplayOnDifferentPagesForDifferentCountriesFromContextChooser&gt;&lt;Validates currency for the product you might consider price on Page ProductPage&gt;</Message>
          <Message>[5/14/2018 10:54:56 PM]&lt;INFO&gt;ProductsPartsListingProductsexecuting ...</Message>
          <Message>[5/14/2018 10:55:11 PM]&lt;PASS&gt;&lt;AppropriateCurrencyDisplayOnDifferentPagesForDifferentCountriesFromContextChooser&gt;&lt;Validates currency for the parts listing price on Page ProductPage&gt;</Message>
          <Message>[5/14/2018 10:55:20 PM]&lt;INFO&gt;ProductsPartsListingProductsexecuting ...</Message>
          <Message>[5/14/2018 10:55:47 PM]&lt;PASS&gt;&lt;AppropriateCurrencyDisplayOnDifferentPagesForDifferentCountriesFromContextChooser&gt;&lt;Validates currency for the optional accessories parts listing price on Page ProductPage&gt;</Message>
          <Message>[5/14/2018 10:55:50 PM]&lt;INFO&gt;ProductsCompletionGuideProductsexecuting ...</Message>
          <Message>[5/14/2018 10:55:53 PM]&lt;PASS&gt;&lt;AppropriateCurrencyDisplayOnDifferentPagesForDifferentCountriesFromContextChooser&gt;&lt;Validates currency for the Completion guide price on Page ProductPage&gt;</Message>
          <Message>[5/14/2018 10:55:53 PM]&lt;Info&gt;AllBrowserWindow : Locating browser window...</Message>
          <Message>[5/14/2018 10:56:15 PM]&lt;INFO&gt;BackOrderClickexecuting ...</Message>
          <Message>[5/14/2018 10:56:15 PM]&lt;INFO&gt;CartPopupInfoexecuting ...</Message>
          <Message>Assert.Fail failed. [5/14/2018 10:56:53 PM]&lt;Error&gt;AppropriateCurrencyDisplayOnDifferentPagesForDifferentCountriesFromContextChooser : failed executing ...The playback failed to find the control with the given search properties. Additional Details: 
TechnologyName:  'Web'
ControlType:  'Pane'
TagName:  'DIV'
Class:  'product_name'
 Failed to find any control that matched the search condition ControlType='Pane' &amp;&amp; Class=&gt;'product_name', 
    StackTrace:
    AppropriateCurrencyDisplayOnDifferentPagesForDifferentCountriesFromContextChooser(),BorderFree.cs,Line Number:2092</Message>
          <Message>[5/14/2018 10:56:53 PM]&lt;CaptureImage&gt;\\CMP01-YKumar\AutoLog\CMP01-YKUMAR\AppropriateCurrencyDisplayOnDifferentPagesForDifferentCountriesFromContextChooser_20180514225653.png</Message>
          <Message>[5/14/2018 10:56:53 PM]&lt;INFO&gt;DeleteWishlistFromDatabase : method executing</Message>
          <Message>[5/14/2018 10:57:23 PM]&lt;RESULT&gt;Test Ended:#PASS=21, #FAIL=0,#Other errors=1</Message>
          <Message>[5/14/2018 10:57:24 PM]&lt;INFO&gt;LogCPUAndMemoryUsage: Available Memory = 25129(MB), CPU Usage = 5.518881%</Message>
          <Message>[5/14/2018 10:57:24 PM]&lt;INFO&gt;Private Working Set for QTAgent32_40, usage=230204 (K)</Message>
          <Message>[5/14/2018 10:57:24 PM]&lt;RESULT&gt;&lt;AppropriateCurrencyDisplayOnDifferentPagesForDifferentCountriesFromContextChooser&gt; Test FAILED: #Other errors=1. See Error Message/logs for further details.</Message>
          <Message>The specified path, file name, or both are too long. The fully qualified file name must be less than 260 characters, and the directory name must be less than 248 characters.</Message>
        </TextMessages>
      </Output>
    </UnitTestResult>
    <UnitTestResult executionId="02e25375-812a-4323-88b3-86bb21e9bc2d" testId="0f45a732-09ea-e362-9222-cd27f8f983e8" testName="ShoppingCartProductExclusion" computerName="CMP01-YKUMAR" duration="00:05:45.8156388" startTime="2018-05-14T22:57:26.2042310-05:00" endTime="2018-05-14T23:03:12.0262310-05:00" testType="13cdc9d9-ddb5-4fa4-a97d-d965ccfc6d4b" outcome="Passed" testListId="8c84fa94-04c1-424b-9868-57a2d4851a1d" relativeResultsDirectory="02e25375-812a-4323-88b3-86bb21e9bc2d">
      <Output>
        <StdOut>Logging to custom path:\\CMP01-YKumar\AutoLog</StdOut>
        <TextMessages>
          <Message>[5/14/2018 10:57:26 PM]&lt;STARTLOG&gt;&lt;ShoppingCartProductExclusion&gt;Test Started: Expecting: #PASS=Undefined and #FAIL=0
Running from MTM=True, running on machine name:CMP01-YKUMAR, user name=ykumar, OS=Microsoft Windows NT 6.1.7601 Service Pack 1, Is64BitOS=True</Message>
          <Message>[5/14/2018 10:57:27 PM]&lt;INFO&gt;LogCPUAndMemoryUsage: Available Memory = 25163(MB), CPU Usage = 35.64379%</Message>
          <Message>[5/14/2018 10:57:27 PM]&lt;INFO&gt;Private Working Set for QTAgent32_40, usage=230408 (K)</Message>
          <Message>[5/14/2018 10:57:27 PM]&lt;INFO&gt;Path To TestConfig xml=C:\Users\ykumar\AppData\Local\VSEQT\QTAgent\26974\CMP01-YKUMAR.horizonhobby.com\Deployment\SharedCommonConfig.xml</Message>
          <Message>[5/14/2018 10:57:27 PM]&lt;INFO&gt;Path To TestData xml=C:\Users\ykumar\AppData\Local\VSEQT\QTAgent\26974\CMP01-YKUMAR.horizonhobby.com\Deployment\BorderFreeTestData_225726.xml</Message>
          <Message>[5/14/2018 10:57:27 PM]&lt;INFO&gt;Path To HorizonHobbyQA Application Url=https://www-tst.horizonhobby.com</Message>
          <Message>[5/14/2018 10:57:27 PM]&lt;INFO&gt;HorizonHobbyQA sql connection string=Server=cmp02-ws-tst-db01:50000;Database=TST01DB;UID=wcdbuser;PWD=h0r1z0n;Connect Timeout=30</Message>
          <Message>[5/14/2018 10:57:27 PM]&lt;INFO&gt;Country is := US and language id is := '-1'</Message>
          <Message>[5/14/2018 10:57:27 PM]&lt;INFO&gt;Current browser used for test execution is = 'IE'</Message>
          <Message>[5/14/2018 10:57:27 PM]&lt;INFO&gt;GetShippingRestrictedProductsWithCountry executing... </Message>
          <Message>[5/14/2018 10:57:30 PM]&lt;INFO&gt;SearchProductexecuting ... Searching term:= 'PKZ3341'</Message>
          <Message>[5/14/2018 10:57:36 PM]&lt;Info&gt;AllBrowserWindow : Locating browser window...</Message>
          <Message>[5/14/2018 10:57:59 PM]&lt;Info&gt;AllBrowserWindow : Locating browser window...</Message>
          <Message>[5/14/2018 10:59:39 PM]&lt;Info&gt;AllBrowserWindow : Locating browser window...</Message>
          <Message>[5/14/2018 11:00:01 PM]&lt;Info&gt;AllBrowserWindow : Locating browser window...</Message>
          <Message>[5/14/2018 11:01:42 PM]&lt;INFO&gt;BackOrderClickexecuting ...</Message>
          <Message>[5/14/2018 11:01:57 PM]&lt;INFO&gt;SurveyWindow : method executing ...</Message>
          <Message>[5/14/2018 11:02:06 PM]&lt;PASS&gt;&lt;ShoppingCartProductExclusion&gt;&lt;Validates shipping restriction message appears on ProductPage&gt;</Message>
          <Message>[5/14/2018 11:02:06 PM]&lt;INFO&gt;CartIconClickexecuting ...</Message>
          <Message>[5/14/2018 11:02:11 PM]&lt;INFO&gt;GoToCartClickexecuting ...</Message>
          <Message>[5/14/2018 11:02:23 PM]&lt;INFO&gt;ContinueOnCertificationErrorClickexecuting ...</Message>
          <Message>[5/14/2018 11:02:29 PM]&lt;Info&gt;AllBrowserWindow : Locating browser window...</Message>
          <Message>[5/14/2018 11:02:38 PM]&lt;PASS&gt;&lt;ShoppingCartProductExclusion&gt;&lt;Validates shipping restriction message appears on ShoppingCart&gt;</Message>
          <Message>[5/14/2018 11:02:38 PM]&lt;PASS&gt;&lt;ShoppingCartProductExclusion&gt;&lt;Validates shipping restriction no proceed message appears on ShoppingCart&gt;</Message>
          <Message>[5/14/2018 11:02:53 PM]&lt;INFO&gt;SurveyWindow : method executing ...</Message>
          <Message>[5/14/2018 11:03:08 PM]&lt;PASS&gt;&lt;ShoppingCartProductExclusion&gt;&lt;Validates shipping restriction message do not appears on ShoppingCart&gt;</Message>
          <Message>[5/14/2018 11:03:08 PM]&lt;PASS&gt;&lt;ShoppingCartProductExclusion&gt;&lt;Validates shipping restriction no proceed message  do not appears on ShoppingCart&gt;</Message>
          <Message>[5/14/2018 11:03:08 PM]&lt;RESULT&gt;Test Ended:#PASS=5, #FAIL=0</Message>
          <Message>[5/14/2018 11:03:09 PM]&lt;INFO&gt;LogCPUAndMemoryUsage: Available Memory = 25212(MB), CPU Usage = 5.6194%</Message>
          <Message>[5/14/2018 11:03:09 PM]&lt;INFO&gt;Private Working Set for QTAgent32_40, usage=221932 (K)</Message>
          <Message>[5/14/2018 11:03:10 PM]&lt;RESULT&gt;&lt;ShoppingCartProductExclusion&gt; Test PASSED</Message>
        </TextMessages>
      </Output>
      <ResultFiles>
        <ResultFile path="CMP01-YKUMAR.horizonhobby.com\BorderFreeTestData_225726.xml" />
        <ResultFile path="CMP01-YKUMAR.horizonhobby.com\SharedCommonConfig.xml" />
        <ResultFile path="CMP01-YKUMAR.horizonhobby.com\ShoppingCartProductExclusion_20180514225726.log" />
        <ResultFile path="CMP01-YKUMAR.horizonhobby.com\ShoppingCartProductExclusion_ResultsONLY_20180514225726.log" />
      </ResultFiles>
    </UnitTestResult>
    <UnitTestResult executionId="5240e5cb-40b3-49a9-b153-e201c64e0ec5" testId="92a77678-fa66-5044-0e88-a87f571a2c55" testName="LocalizationHeaderDisplay" computerName="CMP01-YKUMAR" duration="00:00:30.2951585" startTime="2018-05-14T23:03:12.0272310-05:00" endTime="2018-05-14T23:03:42.3332310-05:00" testType="13cdc9d9-ddb5-4fa4-a97d-d965ccfc6d4b" outcome="Passed" testListId="8c84fa94-04c1-424b-9868-57a2d4851a1d" relativeResultsDirectory="5240e5cb-40b3-49a9-b153-e201c64e0ec5">
      <Output>
        <StdOut>Logging to custom path:\\CMP01-YKumar\AutoLog</StdOut>
        <TextMessages>
          <Message>[5/14/2018 11:03:12 PM]&lt;STARTLOG&gt;&lt;LocalizationHeaderDisplay&gt;Test Started: Expecting: #PASS=Undefined and #FAIL=0
Running from MTM=True, running on machine name:CMP01-YKUMAR, user name=ykumar, OS=Microsoft Windows NT 6.1.7601 Service Pack 1, Is64BitOS=True</Message>
          <Message>[5/14/2018 11:03:13 PM]&lt;INFO&gt;LogCPUAndMemoryUsage: Available Memory = 25247(MB), CPU Usage = 33.45655%</Message>
          <Message>[5/14/2018 11:03:13 PM]&lt;INFO&gt;Private Working Set for QTAgent32_40, usage=222056 (K)</Message>
          <Message>[5/14/2018 11:03:13 PM]&lt;INFO&gt;Path To TestConfig xml=C:\Users\ykumar\AppData\Local\VSEQT\QTAgent\26974\CMP01-YKUMAR.horizonhobby.com\Deployment\SharedCommonConfig.xml</Message>
          <Message>[5/14/2018 11:03:13 PM]&lt;INFO&gt;Path To TestData xml=C:\Users\ykumar\AppData\Local\VSEQT\QTAgent\26974\CMP01-YKUMAR.horizonhobby.com\Deployment\BorderFreeTestData_230312.xml</Message>
          <Message>[5/14/2018 11:03:13 PM]&lt;INFO&gt;Path To HorizonHobbyQA Application Url=https://www-tst.horizonhobby.com</Message>
          <Message>[5/14/2018 11:03:13 PM]&lt;INFO&gt;HorizonHobbyQA sql connection string=Server=cmp02-ws-tst-db01:50000;Database=TST01DB;UID=wcdbuser;PWD=h0r1z0n;Connect Timeout=30</Message>
          <Message>[5/14/2018 11:03:13 PM]&lt;INFO&gt;Country is := US and language id is := '-1'</Message>
          <Message>[5/14/2018 11:03:13 PM]&lt;INFO&gt;Current browser used for test execution is = 'IE'</Message>
          <Message>[5/14/2018 11:03:16 PM]&lt;INFO&gt;SurveyWindow : method executing ...</Message>
          <Message>[5/14/2018 11:03:22 PM]&lt;PASS&gt;&lt;GetSelectedShipToCountryFlag&gt;&lt;Expected country's flag appears as US.gif&gt;</Message>
          <Message>[5/14/2018 11:03:22 PM]&lt;PASS&gt;&lt;LocalizationHeaderDisplay&gt;&lt;By default US currency appears&gt;</Message>
          <Message>[5/14/2018 11:03:22 PM]&lt;PASS&gt;&lt;LocalizationHeaderDisplay&gt;&lt;Free shipping message appears for US as Ship To Country &gt;</Message>
          <Message>[5/14/2018 11:03:24 PM]&lt;PASS&gt;&lt;LocalizationHeaderDisplay&gt;&lt; Context Chooser opens up &gt;</Message>
          <Message>[5/14/2018 11:03:36 PM]&lt;PASS&gt;&lt;GetSelectedShipToCountryFlag&gt;&lt;Expected country's flag appears as TH.gif&gt;</Message>
          <Message>[5/14/2018 11:03:36 PM]&lt;PASS&gt;&lt;LocalizationHeaderDisplay&gt;&lt;Thai Bhat THB appears as currency in Subtotal section&gt;</Message>
          <Message>[5/14/2018 11:03:39 PM]&lt;PASS&gt;&lt;LocalizationHeaderDisplay&gt;&lt;Free shipping message disappears for international user&gt;</Message>
          <Message>[5/14/2018 11:03:39 PM]&lt;RESULT&gt;Test Ended:#PASS=7, #FAIL=0</Message>
          <Message>[5/14/2018 11:03:40 PM]&lt;INFO&gt;LogCPUAndMemoryUsage: Available Memory = 25241(MB), CPU Usage = 14.97946%</Message>
          <Message>[5/14/2018 11:03:40 PM]&lt;INFO&gt;Private Working Set for QTAgent32_40, usage=230368 (K)</Message>
          <Message>[5/14/2018 11:03:40 PM]&lt;RESULT&gt;&lt;LocalizationHeaderDisplay&gt; Test PASSED</Message>
        </TextMessages>
      </Output>
    </UnitTestResult>
    <UnitTestResult executionId="0a55688f-c2ab-4643-9ba4-35e50b43d937" testId="c3b8c5bd-70ce-bbe8-dbe7-62a9f3c2bf1c" testName="ProductPageDisplay" computerName="CMP01-YKUMAR" duration="00:03:15.4477342" startTime="2018-05-14T23:03:42.3342310-05:00" endTime="2018-05-14T23:06:57.7932310-05:00" testType="13cdc9d9-ddb5-4fa4-a97d-d965ccfc6d4b" outcome="Failed" testListId="8c84fa94-04c1-424b-9868-57a2d4851a1d" relativeResultsDirectory="0a55688f-c2ab-4643-9ba4-35e50b43d937">
      <Output>
        <StdOut>Logging to custom path:\\CMP01-YKumar\AutoLog</StdOut>
        <ErrorInfo>
          <Message>Assert.Fail failed. 
#Other errors=1
[Error details below]
&lt;ERROR&gt;[5/14/2018 11:06:54 PM]&lt;Error&gt;ProductPageDisplay : failed executing ...The playback failed to find the control with the given search properties. Additional Details: 
TechnologyName:  'Web'
ControlType:  'Pane'
TagName:  'DIV'
Class:  'restrictBL transDecline text-center'
 Failed to find any control that matched the search condition ControlType='Pane' &amp;&amp; Class=&gt;'restrictBL transDecline text-center'</Message>
          <StackTrace>   at TestAuto.LoggingAndSharedGenericMethods.EndTest() in c:\Builds\1\WebSphere\QATestAutomation\src\CodedUITest\SourceCode\Common\Logging\Logging.cs:line 1628
   at TestAuto.BorderFree.TestCleanup() in c:\Builds\1\WebSphere\QATestAutomation\src\CodedUITest\SourceCode\HHobby\BorderFree\BorderFree.cs:line 2628
</StackTrace>
        </ErrorInfo>
        <TextMessages>
          <Message>[5/14/2018 11:03:42 PM]&lt;STARTLOG&gt;&lt;ProductPageDisplay&gt;Test Started: Expecting: #PASS=Undefined and #FAIL=0
Running from MTM=True, running on machine name:CMP01-YKUMAR, user name=ykumar, OS=Microsoft Windows NT 6.1.7601 Service Pack 1, Is64BitOS=True</Message>
          <Message>[5/14/2018 11:03:43 PM]&lt;INFO&gt;LogCPUAndMemoryUsage: Available Memory = 25294(MB), CPU Usage = 13.31113%</Message>
          <Message>[5/14/2018 11:03:43 PM]&lt;INFO&gt;Private Working Set for QTAgent32_40, usage=230424 (K)</Message>
          <Message>[5/14/2018 11:03:43 PM]&lt;INFO&gt;Path To TestConfig xml=C:\Users\ykumar\AppData\Local\VSEQT\QTAgent\26974\CMP01-YKUMAR.horizonhobby.com\Deployment\SharedCommonConfig.xml</Message>
          <Message>[5/14/2018 11:03:43 PM]&lt;INFO&gt;Path To TestData xml=C:\Users\ykumar\AppData\Local\VSEQT\QTAgent\26974\CMP01-YKUMAR.horizonhobby.com\Deployment\BorderFreeTestData_230342.xml</Message>
          <Message>[5/14/2018 11:03:43 PM]&lt;INFO&gt;Path To HorizonHobbyQA Application Url=https://www-tst.horizonhobby.com</Message>
          <Message>[5/14/2018 11:03:43 PM]&lt;INFO&gt;HorizonHobbyQA sql connection string=Server=cmp02-ws-tst-db01:50000;Database=TST01DB;UID=wcdbuser;PWD=h0r1z0n;Connect Timeout=30</Message>
          <Message>[5/14/2018 11:03:43 PM]&lt;INFO&gt;Country is := US and language id is := '-1'</Message>
          <Message>[5/14/2018 11:03:43 PM]&lt;INFO&gt;Current browser used for test execution is = 'IE'</Message>
          <Message>[5/14/2018 11:03:43 PM]&lt;INFO&gt;GetShippingRestrictedProductsWithCountry executing... </Message>
          <Message>[5/14/2018 11:03:56 PM]&lt;INFO&gt;SurveyWindow : method executing ...</Message>
          <Message>[5/14/2018 11:04:02 PM]&lt;INFO&gt;SearchProductexecuting ... Searching term:= 'HBZ4900'</Message>
          <Message>[5/14/2018 11:04:06 PM]&lt;Info&gt;AllBrowserWindow : Locating browser window...</Message>
          <Message>[5/14/2018 11:04:28 PM]&lt;Info&gt;AllBrowserWindow : Locating browser window...</Message>
          <Message>[5/14/2018 11:04:53 PM]&lt;Info&gt;AllBrowserWindow : Locating browser window...</Message>
          <Message>[5/14/2018 11:04:53 PM]&lt;INFO&gt;ClickSearchResultCell : No product found on search page with title ... :- Champ RTF</Message>
          <Message>[5/14/2018 11:04:53 PM]&lt;CaptureImage&gt;\\CMP01-YKumar\AutoLog\CMP01-YKUMAR\ProductPageDisplay_20180514230453.png</Message>
          <Message>[5/14/2018 11:05:21 PM]&lt;Info&gt;AllBrowserWindow : Locating browser window...</Message>
          <Message>[5/14/2018 11:05:27 PM]&lt;Info&gt;AllBrowserWindow : Locating browser window...</Message>
          <Message>[5/14/2018 11:05:50 PM]&lt;Info&gt;AllBrowserWindow : Locating browser window...</Message>
          <Message>[5/14/2018 11:06:20 PM]&lt;Info&gt;AllBrowserWindow : Locating browser window...</Message>
          <Message>[5/14/2018 11:06:20 PM]&lt;INFO&gt;ClickSearchResultCell : No product found on search page with title ... :- Champ RTF</Message>
          <Message>[5/14/2018 11:06:20 PM]&lt;CaptureImage&gt;\\CMP01-YKumar\AutoLog\CMP01-YKUMAR\ProductPageDisplay_20180514230620.png</Message>
          <Message>[5/14/2018 11:06:50 PM]&lt;PASS&gt;&lt;ProductPageDisplay&gt;&lt;Validates Add to cart button do not appear on shipping restricted product for the country India on ProductPage&gt;</Message>
          <Message>Assert.Fail failed. [5/14/2018 11:06:54 PM]&lt;Error&gt;ProductPageDisplay : failed executing ...The playback failed to find the control with the given search properties. Additional Details: 
TechnologyName:  'Web'
ControlType:  'Pane'
TagName:  'DIV'
Class:  'restrictBL transDecline text-center'
 Failed to find any control that matched the search condition ControlType='Pane' &amp;&amp; Class=&gt;'restrictBL transDecline text-center', 
    StackTrace:
    ProductPageDisplay(),BorderFree.cs,Line Number:2288</Message>
          <Message>[5/14/2018 11:06:54 PM]&lt;CaptureImage&gt;\\CMP01-YKumar\AutoLog\CMP01-YKUMAR\ProductPageDisplay_20180514230654.png</Message>
          <Message>[5/14/2018 11:06:54 PM]&lt;RESULT&gt;Test Ended:#PASS=1, #FAIL=0,#Other errors=1</Message>
          <Message>[5/14/2018 11:06:55 PM]&lt;INFO&gt;LogCPUAndMemoryUsage: Available Memory = 25263(MB), CPU Usage = 18.96052%</Message>
          <Message>[5/14/2018 11:06:55 PM]&lt;INFO&gt;Private Working Set for QTAgent32_40, usage=230544 (K)</Message>
          <Message>[5/14/2018 11:06:55 PM]&lt;RESULT&gt;&lt;ProductPageDisplay&gt; Test FAILED: #Other errors=1. See Error Message/logs for further details.</Message>
        </TextMessages>
      </Output>
      <ResultFiles>
        <ResultFile path="CMP01-YKUMAR.horizonhobby.com\BorderFreeTestData_230342.xml" />
        <ResultFile path="CMP01-YKUMAR.horizonhobby.com\ProductPageDisplay_20180514230342.log" />
        <ResultFile path="CMP01-YKUMAR.horizonhobby.com\ProductPageDisplay_20180514230453.png" />
        <ResultFile path="CMP01-YKUMAR.horizonhobby.com\ProductPageDisplay_20180514230620.png" />
        <ResultFile path="CMP01-YKUMAR.horizonhobby.com\ProductPageDisplay_20180514230654.png" />
        <ResultFile path="CMP01-YKUMAR.horizonhobby.com\ProductPageDisplay_ResultsONLY_20180514230342.log" />
        <ResultFile path="CMP01-YKUMAR.horizonhobby.com\SharedCommonConfig.xml" />
      </ResultFiles>
    </UnitTestResult>
    <UnitTestResult executionId="cd37cd59-5d51-4b24-aed7-194890a0ca9a" testId="ecd8322c-b1bd-3a91-9d3d-ba738bd4609b" testName="WelcomeMatDisplay" computerName="CMP01-YKUMAR" duration="00:02:15.7123489" startTime="2018-05-14T23:06:57.7952310-05:00" endTime="2018-05-14T23:09:13.5152310-05:00" testType="13cdc9d9-ddb5-4fa4-a97d-d965ccfc6d4b" outcome="Passed" testListId="8c84fa94-04c1-424b-9868-57a2d4851a1d" relativeResultsDirectory="cd37cd59-5d51-4b24-aed7-194890a0ca9a">
      <Output>
        <StdOut>Logging to custom path:\\CMP01-YKumar\AutoLog</StdOut>
        <TextMessages>
          <Message>[5/14/2018 11:06:57 PM]&lt;STARTLOG&gt;&lt;WelcomeMatDisplay&gt;Test Started: Expecting: #PASS=Undefined and #FAIL=0
Running from MTM=True, running on machine name:CMP01-YKUMAR, user name=ykumar, OS=Microsoft Windows NT 6.1.7601 Service Pack 1, Is64BitOS=True</Message>
          <Message>[5/14/2018 11:06:58 PM]&lt;INFO&gt;LogCPUAndMemoryUsage: Available Memory = 25394(MB), CPU Usage = 32.75819%</Message>
          <Message>[5/14/2018 11:06:58 PM]&lt;INFO&gt;Private Working Set for QTAgent32_40, usage=230628 (K)</Message>
          <Message>[5/14/2018 11:06:58 PM]&lt;INFO&gt;Path To TestConfig xml=C:\Users\ykumar\AppData\Local\VSEQT\QTAgent\26974\CMP01-YKUMAR.horizonhobby.com\Deployment\SharedCommonConfig.xml</Message>
          <Message>[5/14/2018 11:06:58 PM]&lt;INFO&gt;Path To TestData xml=C:\Users\ykumar\AppData\Local\VSEQT\QTAgent\26974\CMP01-YKUMAR.horizonhobby.com\Deployment\BorderFreeTestData_230657.xml</Message>
          <Message>[5/14/2018 11:06:58 PM]&lt;INFO&gt;Path To HorizonHobbyQA Application Url=https://www-tst.horizonhobby.com</Message>
          <Message>[5/14/2018 11:06:58 PM]&lt;INFO&gt;HorizonHobbyQA sql connection string=Server=cmp02-ws-tst-db01:50000;Database=TST01DB;UID=wcdbuser;PWD=h0r1z0n;Connect Timeout=30</Message>
          <Message>[5/14/2018 11:06:58 PM]&lt;INFO&gt;Country is := US and language id is := '-1'</Message>
          <Message>[5/14/2018 11:06:58 PM]&lt;INFO&gt;Current browser used for test execution is = 'IE'</Message>
          <Message>[5/14/2018 11:07:02 PM]&lt;Info&gt;AllBrowserWindow : Locating browser window...</Message>
          <Message>[5/14/2018 11:07:11 PM]&lt;PASS&gt;&lt;WelcomeMatDisplay&gt;&lt; Validates that welcome mat appears with language of France &gt;</Message>
          <Message>[5/14/2018 11:07:11 PM]&lt;Info&gt;AllBrowserWindow : Locating browser window...</Message>
          <Message>[5/14/2018 11:07:11 PM]&lt;PASS&gt;&lt;WelcomeMatDisplay&gt;&lt;User is directed to home page   &gt;</Message>
          <Message>[5/14/2018 11:07:11 PM]&lt;INFO&gt;SurveyWindow : method executing ...</Message>
          <Message>[5/14/2018 11:07:36 PM]&lt;PASS&gt;&lt;GetSelectedShipToCountryFlag&gt;&lt;Expected country's flag appears as US.gif&gt;</Message>
          <Message>[5/14/2018 11:07:36 PM]&lt;PASS&gt;&lt;WelcomeMatDisplay&gt;&lt; US appears as currency in Subtotal section&gt;</Message>
          <Message>[5/14/2018 11:07:40 PM]&lt;INFO&gt;SearchProductexecuting ... Searching term:= 'DYN8866'</Message>
          <Message>[5/14/2018 11:07:43 PM]&lt;Info&gt;AllBrowserWindow : Locating browser window...</Message>
          <Message>[5/14/2018 11:07:44 PM]&lt;INFO&gt;BackOrderClickexecuting ...</Message>
          <Message>[5/14/2018 11:07:44 PM]&lt;INFO&gt;GoToCartClickexecuting ...</Message>
          <Message>[5/14/2018 11:07:51 PM]&lt;INFO&gt;SurveyWindow : method executing ...</Message>
          <Message>[5/14/2018 11:08:01 PM]&lt;PASS&gt;&lt;WelcomeMatDisplay&gt;&lt; US appears as currency in Subtotal section&gt;</Message>
          <Message>[5/14/2018 11:08:45 PM]&lt;INFO&gt;SurveyWindow : method executing ...</Message>
          <Message>[5/14/2018 11:08:53 PM]&lt;INFO&gt;SearchProductexecuting ... Searching term:= 'Heli'</Message>
          <Message>[5/14/2018 11:08:59 PM]&lt;PASS&gt;&lt;WelcomeMatDisplay&gt;&lt;User is directed to search page   &gt;</Message>
          <Message>[5/14/2018 11:09:10 PM]&lt;PASS&gt;&lt;WelcomeMatDisplay&gt;&lt;User is directed to search page&gt;</Message>
          <Message>[5/14/2018 11:09:10 PM]&lt;RESULT&gt;Test Ended:#PASS=7, #FAIL=0</Message>
          <Message>[5/14/2018 11:09:11 PM]&lt;INFO&gt;LogCPUAndMemoryUsage: Available Memory = 25257(MB), CPU Usage = 22.77951%</Message>
          <Message>[5/14/2018 11:09:11 PM]&lt;INFO&gt;Private Working Set for QTAgent32_40, usage=222412 (K)</Message>
          <Message>[5/14/2018 11:09:11 PM]&lt;RESULT&gt;&lt;WelcomeMatDisplay&gt; Test PASSED</Message>
        </TextMessages>
      </Output>
    </UnitTestResult>
    <UnitTestResult executionId="ba7d0b43-11e1-477b-87f2-e7b0b8743a93" testId="f80a6ce6-1d30-c9e5-57f3-4fc76f5f957b" testName="ProductComparePage" computerName="CMP01-YKUMAR" duration="00:00:43.6058883" startTime="2018-05-14T23:09:13.5172310-05:00" endTime="2018-05-14T23:09:57.1342310-05:00" testType="13cdc9d9-ddb5-4fa4-a97d-d965ccfc6d4b" outcome="Passed" testListId="8c84fa94-04c1-424b-9868-57a2d4851a1d" relativeResultsDirectory="ba7d0b43-11e1-477b-87f2-e7b0b8743a93">
      <Output>
        <StdOut>Logging to custom path:\\CMP01-YKumar\AutoLog</StdOut>
        <TextMessages>
          <Message>[5/14/2018 11:09:13 PM]&lt;STARTLOG&gt;&lt;ProductComparePage&gt;Test Started: Expecting: #PASS=Undefined and #FAIL=0
Running from MTM=True, running on machine name:CMP01-YKUMAR, user name=ykumar, OS=Microsoft Windows NT 6.1.7601 Service Pack 1, Is64BitOS=True</Message>
          <Message>[5/14/2018 11:09:14 PM]&lt;INFO&gt;LogCPUAndMemoryUsage: Available Memory = 25391(MB), CPU Usage = 15.43511%</Message>
          <Message>[5/14/2018 11:09:14 PM]&lt;INFO&gt;Private Working Set for QTAgent32_40, usage=222532 (K)</Message>
          <Message>[5/14/2018 11:09:14 PM]&lt;INFO&gt;Path To TestConfig xml=C:\Users\ykumar\AppData\Local\VSEQT\QTAgent\26974\CMP01-YKUMAR.horizonhobby.com\Deployment\SharedCommonConfig.xml</Message>
          <Message>[5/14/2018 11:09:14 PM]&lt;INFO&gt;Path To TestData xml=C:\Users\ykumar\AppData\Local\VSEQT\QTAgent\26974\CMP01-YKUMAR.horizonhobby.com\Deployment\BorderFreeTestData_230913.xml</Message>
          <Message>[5/14/2018 11:09:14 PM]&lt;INFO&gt;Path To HorizonHobbyQA Application Url=https://www-tst.horizonhobby.com</Message>
          <Message>[5/14/2018 11:09:14 PM]&lt;INFO&gt;HorizonHobbyQA sql connection string=Server=cmp02-ws-tst-db01:50000;Database=TST01DB;UID=wcdbuser;PWD=h0r1z0n;Connect Timeout=30</Message>
          <Message>[5/14/2018 11:09:14 PM]&lt;INFO&gt;Country is := US and language id is := '-1'</Message>
          <Message>[5/14/2018 11:09:14 PM]&lt;INFO&gt;Current browser used for test execution is = 'IE'</Message>
          <Message>[5/14/2018 11:09:27 PM]&lt;INFO&gt;SurveyWindow : method executing ...</Message>
          <Message>[5/14/2018 11:09:33 PM]&lt;INFO&gt;SearchProductexecuting ... Searching term:= 'PNP'</Message>
          <Message>[5/14/2018 11:09:49 PM]&lt;Info&gt;AllBrowserWindow : Locating browser window...</Message>
          <Message>[5/14/2018 11:09:53 PM]&lt;PASS&gt;&lt;ProductComparePage&gt;&lt;The list price conversion INRis reflected in the Product Compare page&gt;</Message>
          <Message>[5/14/2018 11:09:53 PM]&lt;PASS&gt;&lt;ProductComparePage&gt;&lt;The offer price conversion INRis reflected in the Product Compare page&gt;</Message>
          <Message>[5/14/2018 11:09:53 PM]&lt;PASS&gt;&lt;ProductComparePage&gt;&lt;The list price conversion INRis reflected in the Product Compare page&gt;</Message>
          <Message>[5/14/2018 11:09:54 PM]&lt;PASS&gt;&lt;ProductComparePage&gt;&lt;The offer price conversion INRis reflected in the Product Compare page&gt;</Message>
          <Message>[5/14/2018 11:09:54 PM]&lt;RESULT&gt;Test Ended:#PASS=4, #FAIL=0</Message>
          <Message>[5/14/2018 11:09:55 PM]&lt;INFO&gt;LogCPUAndMemoryUsage: Available Memory = 25209(MB), CPU Usage = 15.36946%</Message>
          <Message>[5/14/2018 11:09:55 PM]&lt;INFO&gt;Private Working Set for QTAgent32_40, usage=222624 (K)</Message>
          <Message>[5/14/2018 11:09:55 PM]&lt;RESULT&gt;&lt;ProductComparePage&gt; Test PASSED</Message>
        </TextMessages>
      </Output>
    </UnitTestResult>
    <UnitTestResult executionId="8120bb2e-8197-45a6-b705-5c52f9559d91" testId="2708ff07-8623-9769-dea9-d61a209e0e62" testName="LocalizationGiftWrapModal" computerName="CMP01-YKUMAR" duration="00:00:58.0241251" startTime="2018-05-14T23:09:57.1352310-05:00" endTime="2018-05-14T23:10:55.1702310-05:00" testType="13cdc9d9-ddb5-4fa4-a97d-d965ccfc6d4b" outcome="Failed" testListId="8c84fa94-04c1-424b-9868-57a2d4851a1d" relativeResultsDirectory="8120bb2e-8197-45a6-b705-5c52f9559d91">
      <Output>
        <StdOut>Logging to custom path:\\CMP01-YKumar\AutoLog</StdOut>
        <ErrorInfo>
          <Message>Assert.Fail failed. 
Actual #FAIL=1, #Expected FAIL=0
[Error details below]
&lt;FAIL&gt;&lt;LocalizationGiftWrapModal&gt;&lt;Validate that Gift Wrap is available on Shopping Cart for US Order&gt;.Assert.AreEqual failed. Expected:&lt;True&gt;. Actual:&lt;False&gt;. 
    StackTrace:
    LocalizationGiftWrapModal(),BorderFree.cs,Line Number:486</Message>
          <StackTrace>   at TestAuto.LoggingAndSharedGenericMethods.EndTest() in c:\Builds\1\WebSphere\QATestAutomation\src\CodedUITest\SourceCode\Common\Logging\Logging.cs:line 1628
   at TestAuto.BorderFree.TestCleanup() in c:\Builds\1\WebSphere\QATestAutomation\src\CodedUITest\SourceCode\HHobby\BorderFree\BorderFree.cs:line 2628
</StackTrace>
        </ErrorInfo>
        <TextMessages>
          <Message>[5/14/2018 11:09:57 PM]&lt;STARTLOG&gt;&lt;LocalizationGiftWrapModal&gt;Test Started: Expecting: #PASS=Undefined and #FAIL=0
Running from MTM=True, running on machine name:CMP01-YKUMAR, user name=ykumar, OS=Microsoft Windows NT 6.1.7601 Service Pack 1, Is64BitOS=True</Message>
          <Message>[5/14/2018 11:09:58 PM]&lt;INFO&gt;LogCPUAndMemoryUsage: Available Memory = 25285(MB), CPU Usage = 33.39066%</Message>
          <Message>[5/14/2018 11:09:58 PM]&lt;INFO&gt;Private Working Set for QTAgent32_40, usage=222700 (K)</Message>
          <Message>[5/14/2018 11:09:58 PM]&lt;INFO&gt;Path To TestConfig xml=C:\Users\ykumar\AppData\Local\VSEQT\QTAgent\26974\CMP01-YKUMAR.horizonhobby.com\Deployment\SharedCommonConfig.xml</Message>
          <Message>[5/14/2018 11:09:58 PM]&lt;INFO&gt;Path To TestData xml=C:\Users\ykumar\AppData\Local\VSEQT\QTAgent\26974\CMP01-YKUMAR.horizonhobby.com\Deployment\BorderFreeTestData_230957.xml</Message>
          <Message>[5/14/2018 11:09:58 PM]&lt;INFO&gt;Path To HorizonHobbyQA Application Url=https://www-tst.horizonhobby.com</Message>
          <Message>[5/14/2018 11:09:58 PM]&lt;INFO&gt;HorizonHobbyQA sql connection string=Server=cmp02-ws-tst-db01:50000;Database=TST01DB;UID=wcdbuser;PWD=h0r1z0n;Connect Timeout=30</Message>
          <Message>[5/14/2018 11:09:58 PM]&lt;INFO&gt;Country is := US and language id is := '-1'</Message>
          <Message>[5/14/2018 11:09:58 PM]&lt;INFO&gt;Current browser used for test execution is = 'IE'</Message>
          <Message>[5/14/2018 11:10:15 PM]&lt;INFO&gt;SurveyWindow : method executing ...</Message>
          <Message>[5/14/2018 11:10:25 PM]&lt;INFO&gt;SearchProductexecuting ... Searching term:= 'TES1244T'</Message>
          <Message>[5/14/2018 11:10:29 PM]&lt;Info&gt;AllBrowserWindow : Locating browser window...</Message>
          <Message>[5/14/2018 11:10:29 PM]&lt;INFO&gt;BackOrderClickexecuting ...</Message>
          <Message>[5/14/2018 11:10:29 PM]&lt;INFO&gt;GoToCartClickexecuting ...</Message>
          <Message>[5/14/2018 11:10:45 PM]&lt;PASS&gt;&lt;LocalizationGiftWrapModal&gt;&lt;Validate that Gift Wrap is not available on Shopping Cart for International Order&gt;</Message>
          <Message>[5/14/2018 11:10:52 PM]&lt;FAIL&gt;&lt;LocalizationGiftWrapModal&gt;&lt;Validate that Gift Wrap is available on Shopping Cart for US Order&gt;.Assert.AreEqual failed. Expected:&lt;True&gt;. Actual:&lt;False&gt;. 
    StackTrace:
    LocalizationGiftWrapModal(),BorderFree.cs,Line Number:486</Message>
          <Message>[5/14/2018 11:10:52 PM]&lt;CaptureImage&gt;\\CMP01-YKumar\AutoLog\CMP01-YKUMAR\LocalizationGiftWrapModal_20180514231052.png</Message>
          <Message>[5/14/2018 11:10:52 PM]&lt;RESULT&gt;Test Ended:#PASS=1, #FAIL=1</Message>
          <Message>[5/14/2018 11:10:53 PM]&lt;INFO&gt;LogCPUAndMemoryUsage: Available Memory = 25174(MB), CPU Usage = 14.47997%</Message>
          <Message>[5/14/2018 11:10:53 PM]&lt;INFO&gt;Private Working Set for QTAgent32_40, usage=230860 (K)</Message>
          <Message>[5/14/2018 11:10:53 PM]&lt;RESULT&gt;&lt;LocalizationGiftWrapModal&gt; Test FAILED: Actual #FAIL=1, #Expected FAIL=0. See Error Message/logs for further details.</Message>
        </TextMessages>
      </Output>
    </UnitTestResult>
    <UnitTestResult executionId="f767d866-76a2-4e23-b340-e3c1114dfa23" testId="db2ef7e1-7719-7bf2-58cf-5214e6db9b54" testName="CrossSiteScriptingWebsiteVulnerabilitySearchProductPage" computerName="CMP01-YKUMAR" duration="00:01:21.1262182" startTime="2018-05-14T23:10:55.1732310-05:00" endTime="2018-05-14T23:12:16.6732310-05:00" testType="13cdc9d9-ddb5-4fa4-a97d-d965ccfc6d4b" outcome="Passed" testListId="8c84fa94-04c1-424b-9868-57a2d4851a1d" relativeResultsDirectory="f767d866-76a2-4e23-b340-e3c1114dfa23">
      <Output>
        <StdOut>Logging to custom path:\\CMP01-YKumar\AutoLog</StdOut>
        <TextMessages>
          <Message>[5/14/2018 11:10:55 PM]&lt;STARTLOG&gt;&lt;CrossSiteScriptingWebsiteVulnerabilitySearchProductPage&gt;Test Started: Expecting: #PASS=Undefined and #FAIL=0
Running from MTM=True, running on machine name:CMP01-YKUMAR, user name=ykumar, OS=Microsoft Windows NT 6.1.7601 Service Pack 1, Is64BitOS=True</Message>
          <Message>[5/14/2018 11:10:58 PM]&lt;INFO&gt;LogCPUAndMemoryUsage: Available Memory = 25383(MB), CPU Usage = 16.42804%</Message>
          <Message>[5/14/2018 11:10:58 PM]&lt;INFO&gt;Private Working Set for QTAgent32_40, usage=234004 (K)</Message>
          <Message>[5/14/2018 11:10:58 PM]&lt;INFO&gt;Path To TestConfig xml=C:\Users\ykumar\AppData\Local\VSEQT\QTAgent\26974\CMP01-YKUMAR.horizonhobby.com\Deployment\SharedCommonConfig.xml</Message>
          <Message>[5/14/2018 11:10:58 PM]&lt;INFO&gt;Path To TestData xml=C:\Users\ykumar\AppData\Local\VSEQT\QTAgent\26974\CMP01-YKUMAR.horizonhobby.com\Deployment\CrossSiteScriptingTestData_231055.xml</Message>
          <Message>[5/14/2018 11:10:58 PM]&lt;INFO&gt;Path To HorizonHobbyQA Application Url=https://www-tst.horizonhobby.com</Message>
          <Message>[5/14/2018 11:10:58 PM]&lt;INFO&gt;HorizonHobbyQA sql connection string=Server=cmp02-ws-tst-db01:50000;Database=TST01DB;UID=wcdbuser;PWD=h0r1z0n;Connect Timeout=30</Message>
          <Message>[5/14/2018 11:10:58 PM]&lt;INFO&gt;Country is := US and language id is := '-1'</Message>
          <Message>[5/14/2018 11:10:58 PM]&lt;INFO&gt;Current browser used for test execution is = 'IE'</Message>
          <Message>[5/14/2018 11:11:03 PM]&lt;PASS&gt;&lt;EnterNonPermittedCharacters&gt;&lt;Edit Box does not takes special character &lt; as input&gt;</Message>
          <Message>[5/14/2018 11:11:03 PM]&lt;PASS&gt;&lt;EnterNonPermittedCharacters&gt;&lt;Edit Box does not takes special character &gt; as input&gt;</Message>
          <Message>[5/14/2018 11:11:04 PM]&lt;PASS&gt;&lt;EnterNonPermittedCharacters&gt;&lt;Edit Box does not takes special character &amp; as input&gt;</Message>
          <Message>[5/14/2018 11:11:04 PM]&lt;PASS&gt;&lt;EnterNonPermittedCharacters&gt;&lt;Edit Box does not takes special character ( as input&gt;</Message>
          <Message>[5/14/2018 11:11:04 PM]&lt;PASS&gt;&lt;EnterNonPermittedCharacters&gt;&lt;Edit Box does not takes special character ) as input&gt;</Message>
          <Message>[5/14/2018 11:11:04 PM]&lt;PASS&gt;&lt;EnterPermittedCharacters&gt;&lt;Edit Box takes special character . as input&gt;</Message>
          <Message>[5/14/2018 11:11:05 PM]&lt;PASS&gt;&lt;EnterPermittedCharacters&gt;&lt;Edit Box takes special character , as input&gt;</Message>
          <Message>[5/14/2018 11:11:05 PM]&lt;PASS&gt;&lt;EnterPermittedCharacters&gt;&lt;Edit Box takes special character - as input&gt;</Message>
          <Message>[5/14/2018 11:11:05 PM]&lt;PASS&gt;&lt;EnterPermittedCharacters&gt;&lt;Edit Box takes special character : as input&gt;</Message>
          <Message>[5/14/2018 11:11:06 PM]&lt;PASS&gt;&lt;EnterPermittedCharacters&gt;&lt;Edit Box takes special character ! as input&gt;</Message>
          <Message>[5/14/2018 11:11:06 PM]&lt;PASS&gt;&lt;EnterPermittedCharacters&gt;&lt;Edit Box takes special character @ as input&gt;</Message>
          <Message>[5/14/2018 11:11:06 PM]&lt;PASS&gt;&lt;EnterPermittedCharacters&gt;&lt;Edit Box takes special character # as input&gt;</Message>
          <Message>[5/14/2018 11:11:07 PM]&lt;PASS&gt;&lt;EnterPermittedCharacters&gt;&lt;Edit Box takes special character ? as input&gt;</Message>
          <Message>[5/14/2018 11:11:10 PM]&lt;INFO&gt;SearchProductexecuting ... Searching term:= 'DYNC0138'</Message>
          <Message>[5/14/2018 11:12:08 PM]&lt;PASS&gt;&lt;CrossSiteScriptingWebsiteVulnerabilitySearchProductPage&gt;&lt;Invalid character errors message appears&gt;</Message>
          <Message>[5/14/2018 11:12:10 PM]&lt;PASS&gt;&lt;CrossSiteScriptingWebsiteVulnerabilitySearchProductPage&gt;&lt;Invalid character errors message appears&gt;</Message>
          <Message>[5/14/2018 11:12:13 PM]&lt;PASS&gt;&lt;CrossSiteScriptingWebsiteVulnerabilitySearchProductPage&gt;&lt;Invalid character errors message appears&gt;</Message>
          <Message>[5/14/2018 11:12:13 PM]&lt;RESULT&gt;Test Ended:#PASS=16, #FAIL=0</Message>
          <Message>[5/14/2018 11:12:14 PM]&lt;INFO&gt;LogCPUAndMemoryUsage: Available Memory = 25211(MB), CPU Usage = 14.39445%</Message>
          <Message>[5/14/2018 11:12:14 PM]&lt;INFO&gt;Private Working Set for QTAgent32_40, usage=238160 (K)</Message>
          <Message>[5/14/2018 11:12:14 PM]&lt;RESULT&gt;&lt;CrossSiteScriptingWebsiteVulnerabilitySearchProductPage&gt; Test PASSED</Message>
        </TextMessages>
      </Output>
    </UnitTestResult>
    <UnitTestResult executionId="2f6d36ee-37a2-449f-8303-6a13c4f1a167" testId="7c0938cd-c2b7-7885-9aa1-d793678dc5aa" testName="CrossSiteScriptingShoppingCartAndWishlist" computerName="CMP01-YKUMAR" duration="00:04:49.5037496" startTime="2018-05-14T23:12:16.6752310-05:00" endTime="2018-05-14T23:17:06.1862310-05:00" testType="13cdc9d9-ddb5-4fa4-a97d-d965ccfc6d4b" outcome="Passed" testListId="8c84fa94-04c1-424b-9868-57a2d4851a1d" relativeResultsDirectory="2f6d36ee-37a2-449f-8303-6a13c4f1a167">
      <Output>
        <StdOut>Logging to custom path:\\CMP01-YKumar\AutoLog</StdOut>
        <TextMessages>
          <Message>[5/14/2018 11:12:16 PM]&lt;STARTLOG&gt;&lt;CrossSiteScriptingShoppingCartAndWishlist&gt;Test Started: Expecting: #PASS=Undefined and #FAIL=0
Running from MTM=True, running on machine name:CMP01-YKUMAR, user name=ykumar, OS=Microsoft Windows NT 6.1.7601 Service Pack 1, Is64BitOS=True</Message>
          <Message>[5/14/2018 11:12:17 PM]&lt;INFO&gt;LogCPUAndMemoryUsage: Available Memory = 25293(MB), CPU Usage = 34.99959%</Message>
          <Message>[5/14/2018 11:12:17 PM]&lt;INFO&gt;Private Working Set for QTAgent32_40, usage=238288 (K)</Message>
          <Message>[5/14/2018 11:12:17 PM]&lt;INFO&gt;Path To TestConfig xml=C:\Users\ykumar\AppData\Local\VSEQT\QTAgent\26974\CMP01-YKUMAR.horizonhobby.com\Deployment\SharedCommonConfig.xml</Message>
          <Message>[5/14/2018 11:12:17 PM]&lt;INFO&gt;Path To TestData xml=C:\Users\ykumar\AppData\Local\VSEQT\QTAgent\26974\CMP01-YKUMAR.horizonhobby.com\Deployment\CrossSiteScriptingTestData_231216.xml</Message>
          <Message>[5/14/2018 11:12:17 PM]&lt;INFO&gt;Path To HorizonHobbyQA Application Url=https://www-tst.horizonhobby.com</Message>
          <Message>[5/14/2018 11:12:17 PM]&lt;INFO&gt;HorizonHobbyQA sql connection string=Server=cmp02-ws-tst-db01:50000;Database=TST01DB;UID=wcdbuser;PWD=h0r1z0n;Connect Timeout=30</Message>
          <Message>[5/14/2018 11:12:17 PM]&lt;INFO&gt;Country is := US and language id is := '-1'</Message>
          <Message>[5/14/2018 11:12:17 PM]&lt;INFO&gt;Current browser used for test execution is = 'IE'</Message>
          <Message>[5/14/2018 11:12:20 PM]&lt;Info&gt;AllBrowserWindow : Locating browser window...</Message>
          <Message>[5/14/2018 11:12:23 PM]&lt;INFO&gt;SurveyWindow : method executing ...</Message>
          <Message>[5/14/2018 11:12:30 PM]&lt;INFO&gt;ContinueOnCertificationErrorClickexecuting ...</Message>
          <Message>[5/14/2018 11:12:30 PM]&lt;Info&gt;DEAllBrowserWindow : Locating browser window...</Message>
          <Message>[5/14/2018 11:12:33 PM]&lt;INFO&gt;ClickAcceptCookiesAgreement : failed executing ...</Message>
          <Message>[5/14/2018 11:12:38 PM]&lt;INFO&gt;UserRegistration : method executing ...</Message>
          <Message>[5/14/2018 11:12:38 PM]&lt;Info&gt;AllBrowserWindow : Locating browser window...</Message>
          <Message>[5/14/2018 11:12:59 PM]&lt;Info&gt;AllBrowserWindow : Locating browser window...</Message>
          <Message>[5/14/2018 11:13:14 PM]&lt;Info&gt;AllBrowserWindow : Locating browser window...</Message>
          <Message>[5/14/2018 11:13:28 PM]&lt;INFO&gt;SearchProductexecuting ... Searching term:= 'TRA2535'</Message>
          <Message>[5/14/2018 11:13:34 PM]&lt;Info&gt;AllBrowserWindow : Locating browser window...</Message>
          <Message>[5/14/2018 11:13:34 PM]&lt;INFO&gt;BackOrderClickexecuting ...</Message>
          <Message>[5/14/2018 11:13:35 PM]&lt;INFO&gt;GoToCartClickexecuting ...</Message>
          <Message>[5/14/2018 11:13:42 PM]&lt;Info&gt;AllBrowserWindow : Locating browser window...</Message>
          <Message>[5/14/2018 11:13:51 PM]&lt;INFO&gt;Validation starts for Promo code field</Message>
          <Message>[5/14/2018 11:13:51 PM]&lt;INFO&gt;ApplyPromoCode : method executing ...  -&lt;</Message>
          <Message>[5/14/2018 11:13:51 PM]&lt;INFO&gt;SurveyWindow : method executing ...</Message>
          <Message>[5/14/2018 11:14:00 PM]&lt;Info&gt;AllBrowserWindow : Locating browser window...</Message>
          <Message>[5/14/2018 11:14:21 PM]&lt;PASS&gt;&lt;CrossSiteScriptingShoppingCartAndWishlist&gt;&lt;User redirected to Prohibited Characters Error page&gt;</Message>
          <Message>[5/14/2018 11:14:22 PM]&lt;Info&gt;AllBrowserWindow : Locating browser window...</Message>
          <Message>[5/14/2018 11:14:29 PM]&lt;INFO&gt;ApplyPromoCode : method executing ...  -&gt;</Message>
          <Message>[5/14/2018 11:14:29 PM]&lt;INFO&gt;SurveyWindow : method executing ...</Message>
          <Message>[5/14/2018 11:14:39 PM]&lt;Info&gt;AllBrowserWindow : Locating browser window...</Message>
          <Message>[5/14/2018 11:14:59 PM]&lt;PASS&gt;&lt;CrossSiteScriptingShoppingCartAndWishlist&gt;&lt;User redirected to Prohibited Characters Error page&gt;</Message>
          <Message>[5/14/2018 11:15:01 PM]&lt;Info&gt;AllBrowserWindow : Locating browser window...</Message>
          <Message>[5/14/2018 11:15:08 PM]&lt;INFO&gt;Validation starts for Gift Wrap</Message>
          <Message>[5/14/2018 11:15:25 PM]&lt;PASS&gt;&lt;CrossSiteScriptingShoppingCartAndWishlist&gt;&lt;Count of Invalid character error message appears&gt;</Message>
          <Message>[5/14/2018 11:15:25 PM]&lt;PASS&gt;&lt;CrossSiteScriptingShoppingCartAndWishlist&gt;&lt;Invalid character error message appears&gt;</Message>
          <Message>[5/14/2018 11:15:30 PM]&lt;INFO&gt;Validation starts for Wish list</Message>
          <Message>[5/14/2018 11:15:47 PM]&lt;PASS&gt;&lt;CrossSiteScriptingShoppingCartAndWishlist&gt;&lt;Invalid character error message appears&gt;</Message>
          <Message>[5/14/2018 11:16:12 PM]&lt;Info&gt;AllBrowserWindow : Locating browser window...</Message>
          <Message>[5/14/2018 11:16:28 PM]&lt;PASS&gt;&lt;CrossSiteScriptingShoppingCartAndWishlist&gt;&lt;Invalid character errors when entered email a wishlist does not work&gt;</Message>
          <Message>[5/14/2018 11:16:33 PM]&lt;INFO&gt;DeleteWishlistFromDatabase : method executing</Message>
          <Message>[5/14/2018 11:16:33 PM]&lt;INFO&gt;DeleteWishlistFromDatabase : method executing</Message>
          <Message>[5/14/2018 11:16:33 PM]&lt;INFO&gt;DeletOrderItem : method executing</Message>
          <Message>[5/14/2018 11:17:03 PM]&lt;RESULT&gt;Test Ended:#PASS=6, #FAIL=0</Message>
          <Message>[5/14/2018 11:17:04 PM]&lt;INFO&gt;LogCPUAndMemoryUsage: Available Memory = 25211(MB), CPU Usage = 1.817552%</Message>
          <Message>[5/14/2018 11:17:04 PM]&lt;INFO&gt;Private Working Set for QTAgent32_40, usage=234684 (K)</Message>
          <Message>[5/14/2018 11:17:04 PM]&lt;RESULT&gt;&lt;CrossSiteScriptingShoppingCartAndWishlist&gt; Test PASSED</Message>
        </TextMessages>
      </Output>
      <ResultFiles>
        <ResultFile path="CMP01-YKUMAR.horizonhobby.com\CrossSiteScriptingShoppingCartAndWishlist_20180514231216.log" />
        <ResultFile path="CMP01-YKUMAR.horizonhobby.com\CrossSiteScriptingShoppingCartAndWishlist_ResultsONLY_20180514231216.log" />
        <ResultFile path="CMP01-YKUMAR.horizonhobby.com\CrossSiteScriptingTestData_231216.xml" />
        <ResultFile path="CMP01-YKUMAR.horizonhobby.com\SharedCommonConfig.xml" />
      </ResultFiles>
    </UnitTestResult>
    <UnitTestResult executionId="8e5e21b2-324b-4274-a006-5b60c3a44cb6" testId="5a65d206-0b02-f645-bcdc-16639cfb140f" testName="CrossSiteScriptingGuestCheckout" computerName="CMP01-YKUMAR" duration="00:08:15.1805142" startTime="2018-05-14T23:17:06.1882310-05:00" endTime="2018-05-14T23:25:21.3742310-05:00" testType="13cdc9d9-ddb5-4fa4-a97d-d965ccfc6d4b" outcome="Passed" testListId="8c84fa94-04c1-424b-9868-57a2d4851a1d" relativeResultsDirectory="8e5e21b2-324b-4274-a006-5b60c3a44cb6">
      <Output>
        <StdOut>Logging to custom path:\\CMP01-YKumar\AutoLog</StdOut>
        <TextMessages>
          <Message>[5/14/2018 11:17:06 PM]&lt;STARTLOG&gt;&lt;CrossSiteScriptingGuestCheckout&gt;Test Started: Expecting: #PASS=Undefined and #FAIL=0
Running from MTM=True, running on machine name:CMP01-YKUMAR, user name=ykumar, OS=Microsoft Windows NT 6.1.7601 Service Pack 1, Is64BitOS=True</Message>
          <Message>[5/14/2018 11:17:07 PM]&lt;INFO&gt;LogCPUAndMemoryUsage: Available Memory = 25304(MB), CPU Usage = 37.10838%</Message>
          <Message>[5/14/2018 11:17:07 PM]&lt;INFO&gt;Private Working Set for QTAgent32_40, usage=234780 (K)</Message>
          <Message>[5/14/2018 11:17:07 PM]&lt;INFO&gt;Path To TestConfig xml=C:\Users\ykumar\AppData\Local\VSEQT\QTAgent\26974\CMP01-YKUMAR.horizonhobby.com\Deployment\SharedCommonConfig.xml</Message>
          <Message>[5/14/2018 11:17:07 PM]&lt;INFO&gt;Path To TestData xml=C:\Users\ykumar\AppData\Local\VSEQT\QTAgent\26974\CMP01-YKUMAR.horizonhobby.com\Deployment\CrossSiteScriptingTestData_231706.xml</Message>
          <Message>[5/14/2018 11:17:07 PM]&lt;INFO&gt;Path To HorizonHobbyQA Application Url=https://www-tst.horizonhobby.com</Message>
          <Message>[5/14/2018 11:17:07 PM]&lt;INFO&gt;HorizonHobbyQA sql connection string=Server=cmp02-ws-tst-db01:50000;Database=TST01DB;UID=wcdbuser;PWD=h0r1z0n;Connect Timeout=30</Message>
          <Message>[5/14/2018 11:17:07 PM]&lt;INFO&gt;Country is := US and language id is := '-1'</Message>
          <Message>[5/14/2018 11:17:07 PM]&lt;INFO&gt;Current browser used for test execution is = 'IE'</Message>
          <Message>[5/14/2018 11:17:10 PM]&lt;Info&gt;AllBrowserWindow : Locating browser window...</Message>
          <Message>[5/14/2018 11:17:14 PM]&lt;INFO&gt;SearchProductexecuting ... Searching term:= 'XUR501'</Message>
          <Message>[5/14/2018 11:17:20 PM]&lt;Info&gt;AllBrowserWindow : Locating browser window...</Message>
          <Message>[5/14/2018 11:17:21 PM]&lt;INFO&gt;BackOrderClickexecuting ...</Message>
          <Message>[5/14/2018 11:17:22 PM]&lt;INFO&gt;GoToCartClickexecuting ...</Message>
          <Message>[5/14/2018 11:17:28 PM]&lt;Info&gt;AllBrowserWindow : Locating browser window...</Message>
          <Message>[5/14/2018 11:17:37 PM]&lt;INFO&gt;CheckoutProcessStartShoppingCart : method executing</Message>
          <Message>[5/14/2018 11:17:37 PM]&lt;Info&gt;AllBrowserWindow : Locating browser window...</Message>
          <Message>[5/14/2018 11:17:44 PM]&lt;INFO&gt;CheckoutShoppingCartControls : method executing</Message>
          <Message>[5/14/2018 11:17:44 PM]&lt;Info&gt;AllBrowserWindow : Locating browser window...</Message>
          <Message>[5/14/2018 11:18:02 PM]&lt;Info&gt;AllBrowserWindow : Locating browser window...</Message>
          <Message>[5/14/2018 11:18:07 PM]&lt;PASS&gt;&lt;CrossSiteScriptingGuestCheckout&gt;&lt;Invalid character error message appears&gt;</Message>
          <Message>[5/14/2018 11:18:11 PM]&lt;PASS&gt;&lt;CrossSiteScriptingGuestCheckout&gt;&lt;Invalid character error message appears&gt;</Message>
          <Message>[5/14/2018 11:18:15 PM]&lt;PASS&gt;&lt;CrossSiteScriptingGuestCheckout&gt;&lt;Invalid character error message appears&gt;</Message>
          <Message>[5/14/2018 11:18:19 PM]&lt;PASS&gt;&lt;CrossSiteScriptingGuestCheckout&gt;&lt;Invalid character error message appears&gt;</Message>
          <Message>[5/14/2018 11:18:22 PM]&lt;PASS&gt;&lt;CrossSiteScriptingGuestCheckout&gt;&lt;Invalid character error message appears&gt;</Message>
          <Message>[5/14/2018 11:18:26 PM]&lt;PASS&gt;&lt;CrossSiteScriptingGuestCheckout&gt;&lt;Invalid character error message appears&gt;</Message>
          <Message>[5/14/2018 11:18:30 PM]&lt;PASS&gt;&lt;CrossSiteScriptingGuestCheckout&gt;&lt;Invalid character error message appears&gt;</Message>
          <Message>[5/14/2018 11:18:36 PM]&lt;PASS&gt;&lt;CrossSiteScriptingGuestCheckout&gt;&lt;Invalid character error message appears&gt;</Message>
          <Message>[5/14/2018 11:18:36 PM]&lt;Info&gt;AllBrowserWindow : Locating browser window...</Message>
          <Message>[5/14/2018 11:18:40 PM]&lt;PASS&gt;&lt;CrossSiteScriptingGuestCheckout&gt;&lt;Invalid character error message appears&gt;</Message>
          <Message>[5/14/2018 11:18:44 PM]&lt;PASS&gt;&lt;CrossSiteScriptingGuestCheckout&gt;&lt;Invalid character error message appears&gt;</Message>
          <Message>[5/14/2018 11:18:48 PM]&lt;PASS&gt;&lt;CrossSiteScriptingGuestCheckout&gt;&lt;Invalid character error message appears&gt;</Message>
          <Message>[5/14/2018 11:18:52 PM]&lt;PASS&gt;&lt;CrossSiteScriptingGuestCheckout&gt;&lt;Invalid character error message appears&gt;</Message>
          <Message>[5/14/2018 11:18:55 PM]&lt;PASS&gt;&lt;CrossSiteScriptingGuestCheckout&gt;&lt;Invalid character error message appears&gt;</Message>
          <Message>[5/14/2018 11:18:59 PM]&lt;PASS&gt;&lt;CrossSiteScriptingGuestCheckout&gt;&lt;Invalid character error message appears&gt;</Message>
          <Message>[5/14/2018 11:19:03 PM]&lt;PASS&gt;&lt;CrossSiteScriptingGuestCheckout&gt;&lt;Invalid character error message appears&gt;</Message>
          <Message>[5/14/2018 11:19:08 PM]&lt;PASS&gt;&lt;CrossSiteScriptingGuestCheckout&gt;&lt;Invalid character error message appears&gt;</Message>
          <Message>[5/14/2018 11:19:27 PM]&lt;PASS&gt;&lt;CrossSiteScriptingGuestCheckout&gt;&lt;Validates acceptable characters are accepted and Review page opens&gt;</Message>
          <Message>[5/14/2018 11:19:32 PM]&lt;INFO&gt;SelectCheckoutPaymentRadiobutton : method executing</Message>
          <Message>[5/14/2018 11:19:32 PM]&lt;INFO&gt;CheckoutCreditCardShippingAndBillingControls : method executing</Message>
          <Message>[5/14/2018 11:19:32 PM]&lt;Info&gt;AllBrowserWindow : Locating browser window...</Message>
          <Message>[5/14/2018 11:19:42 PM]&lt;INFO&gt;FillCreditCardDetails : method executing</Message>
          <Message>[5/14/2018 11:19:42 PM]&lt;INFO&gt;CheckoutCreditCardShippingAndBillingControls : method executing</Message>
          <Message>[5/14/2018 11:19:42 PM]&lt;Info&gt;AllBrowserWindow : Locating browser window...</Message>
          <Message>[5/14/2018 11:19:50 PM]&lt;INFO&gt;ClickReviewOrder : method executing</Message>
          <Message>[5/14/2018 11:19:50 PM]&lt;INFO&gt;CheckoutCreditCardShippingAndBillingControls : method executing</Message>
          <Message>[5/14/2018 11:19:50 PM]&lt;Info&gt;AllBrowserWindow : Locating browser window...</Message>
          <Message>[5/14/2018 11:19:55 PM]&lt;Info&gt;AllBrowserWindow : Locating browser window...</Message>
          <Message>[5/14/2018 11:20:12 PM]&lt;INFO&gt;PlaceOrderCreditCard : method executing</Message>
          <Message>[5/14/2018 11:20:12 PM]&lt;INFO&gt;CheckoutCreditCardShippingAndBillingControls : method executing</Message>
          <Message>[5/14/2018 11:20:12 PM]&lt;Info&gt;AllBrowserWindow : Locating browser window...</Message>
          <Message>[5/14/2018 11:20:21 PM]&lt;INFO&gt;KeyboardSendKeys method executing...</Message>
          <Message>[5/14/2018 11:21:52 PM]&lt;Info&gt;AllBrowserWindow : Locating browser window...</Message>
          <Message>[5/14/2018 11:22:00 PM]&lt;Info&gt;AllBrowserWindow : Locating browser window...</Message>
          <Message>[5/14/2018 11:22:03 PM]&lt;Info&gt;AllBrowserWindow : Locating browser window...</Message>
          <Message>[5/14/2018 11:22:23 PM]&lt;PASS&gt;&lt;CrossSiteScriptingGuestCheckout&gt;&lt;Validates Prohibited characters error page opens&gt;</Message>
          <Message>[5/14/2018 11:22:26 PM]&lt;Info&gt;AllBrowserWindow : Locating browser window...</Message>
          <Message>[5/14/2018 11:22:36 PM]&lt;Info&gt;AllBrowserWindow : Locating browser window...</Message>
          <Message>[5/14/2018 11:23:00 PM]&lt;PASS&gt;&lt;CrossSiteScriptingGuestCheckout&gt;&lt;Validates Prohibited characters error page opens&gt;</Message>
          <Message>[5/14/2018 11:23:02 PM]&lt;Info&gt;AllBrowserWindow : Locating browser window...</Message>
          <Message>[5/14/2018 11:23:12 PM]&lt;PASS&gt;&lt;CrossSiteScriptingGuestCheckout&gt;&lt;Invalid character error message appears&gt;</Message>
          <Message>[5/14/2018 11:23:20 PM]&lt;Info&gt;AllBrowserWindow : Locating browser window...</Message>
          <Message>[5/14/2018 11:23:40 PM]&lt;PASS&gt;&lt;CrossSiteScriptingGuestCheckout&gt;&lt;Validates Prohibited characters error page opens&gt;</Message>
          <Message>[5/14/2018 11:23:41 PM]&lt;Info&gt;AllBrowserWindow : Locating browser window...</Message>
          <Message>[5/14/2018 11:23:56 PM]&lt;Info&gt;AllBrowserWindow : Locating browser window...</Message>
          <Message>[5/14/2018 11:24:16 PM]&lt;PASS&gt;&lt;CrossSiteScriptingGuestCheckout&gt;&lt;Validates Prohibited characters error page opens&gt;</Message>
          <Message>[5/14/2018 11:24:18 PM]&lt;Info&gt;AllBrowserWindow : Locating browser window...</Message>
          <Message>[5/14/2018 11:24:38 PM]&lt;Info&gt;AllBrowserWindow : Locating browser window...</Message>
          <Message>[5/14/2018 11:24:48 PM]&lt;PASS&gt;&lt;CrossSiteScriptingGuestCheckout&gt;&lt;Validates My Account page opens&gt;</Message>
          <Message>[5/14/2018 11:24:48 PM]&lt;INFO&gt;DeleteWishlistFromDatabase : method executing</Message>
          <Message>[5/14/2018 11:24:48 PM]&lt;INFO&gt;DeletOrderItem : method executing</Message>
          <Message>[5/14/2018 11:25:18 PM]&lt;RESULT&gt;Test Ended:#PASS=23, #FAIL=0</Message>
          <Message>[5/14/2018 11:25:19 PM]&lt;INFO&gt;LogCPUAndMemoryUsage: Available Memory = 25109(MB), CPU Usage = 2.30437%</Message>
          <Message>[5/14/2018 11:25:19 PM]&lt;INFO&gt;Private Working Set for QTAgent32_40, usage=234924 (K)</Message>
          <Message>[5/14/2018 11:25:19 PM]&lt;RESULT&gt;&lt;CrossSiteScriptingGuestCheckout&gt; Test PASSED</Message>
        </TextMessages>
      </Output>
    </UnitTestResult>
    <UnitTestResult executionId="19dba804-7011-460e-88e5-cab12ca24e06" testId="64d6c1ec-8b93-695c-21fb-3a5995d3f809" testName="CrossSiteScriptingUserRegistrationMyAccount" computerName="CMP01-YKUMAR" duration="00:08:30.3561230" startTime="2018-05-14T23:25:21.3752310-05:00" endTime="2018-05-14T23:33:51.7912310-05:00" testType="13cdc9d9-ddb5-4fa4-a97d-d965ccfc6d4b" outcome="Failed" testListId="8c84fa94-04c1-424b-9868-57a2d4851a1d" relativeResultsDirectory="19dba804-7011-460e-88e5-cab12ca24e06">
      <Output>
        <StdOut>Logging to custom path:\\CMP01-YKumar\AutoLog</StdOut>
        <ErrorInfo>
          <Message>Assert.Fail failed. 
Actual #FAIL=4, #Expected FAIL=0
#Other errors=34
[Error details below]
&lt;ERROR&gt;[5/14/2018 11:26:34 PM]&lt;Error&gt;AllBrowserWindow : failed executing ...Unable to find Windows Internet Explorer window with 'Register - Microsoft Internet Explorer provided by Horizon Hobby' in the title.
&lt;ERROR&gt;[5/14/2018 11:26:37 PM]&lt;ERROR&gt;UserRegistration : failed executing ...The playback failed to find the control with the given search properties. Additional Details: 
TechnologyName:  'Web'
ControlType:  'ComboBox'
TagName:  'SELECT'
Id:  'WC_UserRegistrationAddForm_AddressEntryForm_FormInput_country_1'
 Failed to find any control that matched the search condition Id='WC_UserRegistrationAddForm_AddressEntryForm_FormInput_country_1' &amp;&amp; ControlType='ComboBox'
&lt;ERROR&gt;[5/14/2018 11:26:59 PM]&lt;Error&gt;AllBrowserWindow : failed executing ...Unable to find Windows Internet Explorer window with 'Register - Microsoft Internet Explorer provided by Horizon Hobby' in the title.
&lt;ERROR&gt;[5/14/2018 11:27:04 PM]&lt;ERROR&gt;MouseClick Exception:Microsoft.VisualStudio.TestTools.UITest.Extension.UITestControlNotFoundException: The playback failed to find the control with the given search properties. Additional Details: 
TechnologyName:  'Web'
ControlType:  'Hyperlink'
TagName:  'A'
Id:  'WC_UserRegistrationAddForm_links_1'
 Failed to find any control that matched the search condition Id='WC_UserRegistrationAddForm_links_1' &amp;&amp; ControlType='Hyperlink' ---&gt; System.Runtime.InteropServices.COMException: Error HRESULT E_FAIL has been returned from a call to a COM component.
   at Microsoft.VisualStudio.TestTools.UITest.Playback.Engine.IScreenElement.FindAllDescendants(String bstrQueryId, Object&amp; pvarResKeys, Int32 cResKeys, Int32 nMaxDepth)
   at Microsoft.VisualStudio.TestTools.UITest.Playback.ScreenElement.FindAllScreenElement(String queryId, Int32 depth, Boolean singleQueryId, Boolean throwException, Boolean resetSkipStep)
   at Microsoft.VisualStudio.TestTools.UITest.Playback.ScreenElement.FindScreenElement(String queryId, Int32 depth, Boolean resetSkipStep)
   at Microsoft.VisualStudio.TestTools.UITesting.UITestControl.FindFirstDescendant(String queryId, Int32 maxDepth, Int32&amp; timeLeft)
   --- End of inner exception stack trace ---
   at Microsoft.VisualStudio.TestTools.UITesting.Playback.MapControlNotFoundException(COMException ex, IPlaybackContext context)
   at Microsoft.VisualStudio.TestTools.UITesting.Playback.MapAndThrowComException(COMException innerException, IPlaybackContext context)
   at Microsoft.VisualStudio.TestTools.UITesting.Playback.MapAndThrowException(SystemException exception, IPlaybackContext context)
   at Microsoft.VisualStudio.TestTools.UITesting.Playback.MapAndThrowException(SystemException exception, String queryId)
   at Microsoft.VisualStudio.TestTools.UITesting.UITestControl.FindFirstDescendant(String queryId, Int32 maxDepth, Int32&amp; timeLeft)
   at Microsoft.VisualStudio.TestTools.UITesting.SearchHelper.GetUITestControlRecursive(Boolean useCache, Boolean alwaysSearch, ISearchArgument searchArg, IList`1 windowTitles, Int32&amp; timeLeft)
   at Microsoft.VisualStudio.TestTools.UITesting.SearchHelper.GetElement(Boolean useCache, ISearchArgument searchArg)
   at Microsoft.VisualStudio.TestTools.UITesting.SearchHelper.Search(ISearchArgument searchArg)
   at Microsoft.VisualStudio.TestTools.UITesting.UITestControl.FindInternal()
   at Microsoft.VisualStudio.TestTools.UITesting.UITestControl.&lt;Find&gt;b__3a()
   at Microsoft.VisualStudio.TestTools.UITesting.CodedUITestMethodInvoker.InvokeMethod[T](Func`1 function, UITestControl control, Boolean firePlaybackErrorEvent, Boolean logAsAction)
   at Microsoft.VisualStudio.TestTools.UITesting.UITestControl.Find()
   at Microsoft.VisualStudio.TestTools.UITesting.UITestControl.GetPropertyPrivate(String propertyName)
   at Microsoft.VisualStudio.TestTools.UITesting.UITestControl.GetPropertyOfType[T](String propertyName)
   at Microsoft.VisualStudio.TestTools.UITesting.UITestControl.get_Name()
   at TestAuto.LoggingAndSharedGenericMethods.MouseClick(UITestControl uiMenuItemTestControl) in c:\Builds\1\WebSphere\QATestAutomation\src\CodedUITest\SourceCode\Common\Logging\SharedMethods_Generic.cs:line 790
&lt;FAIL&gt;&lt;CrossSiteScriptingUserRegistrationMyAccount&gt;&lt;Invalid character errors message appears&gt;.Assert.AreEqual failed. Expected:&lt;True&gt;. Actual:&lt;False&gt;. 
    StackTrace:
    ValidateToolTipTextForInvaildCharacters(),SharedCrossSiteScripting.cs,Line Number:112
    CrossSiteScriptingUserRegistrationMyAccount(),CrossSiteScripting.cs,Line Number:254
&lt;ERROR&gt;[5/14/2018 11:27:29 PM]&lt;Error&gt;AllBrowserWindow : failed executing ...Unable to find Windows Internet Explorer window with 'Register - Microsoft Internet Explorer provided by Horizon Hobby' in the title.
&lt;ERROR&gt;[5/14/2018 11:27:35 PM]&lt;ERROR&gt;MouseClick Exception:Microsoft.VisualStudio.TestTools.UITest.Extension.UITestControlNotFoundException: The playback failed to find the control with the given search properties. Additional Details: 
TechnologyName:  'Web'
ControlType:  'Hyperlink'
TagName:  'A'
Id:  'SignInLink'
 Failed to find any control that matched the search condition Id='SignInLink' &amp;&amp; ControlType='Hyperlink' ---&gt; System.Runtime.InteropServices.COMException: Error HRESULT E_FAIL has been returned from a call to a COM component.
   at Microsoft.VisualStudio.TestTools.UITest.Playback.Engine.IScreenElement.FindAllDescendants(String bstrQueryId, Object&amp; pvarResKeys, Int32 cResKeys, Int32 nMaxDepth)
   at Microsoft.VisualStudio.TestTools.UITest.Playback.ScreenElement.FindAllScreenElement(String queryId, Int32 depth, Boolean singleQueryId, Boolean throwException, Boolean resetSkipStep)
   at Microsoft.VisualStudio.TestTools.UITest.Playback.ScreenElement.FindScreenElement(String queryId, Int32 depth, Boolean resetSkipStep)
   at Microsoft.VisualStudio.TestTools.UITesting.UITestControl.FindFirstDescendant(String queryId, Int32 maxDepth, Int32&amp; timeLeft)
   --- End of inner exception stack trace ---
   at Microsoft.VisualStudio.TestTools.UITesting.Playback.MapControlNotFoundException(COMException ex, IPlaybackContext context)
   at Microsoft.VisualStudio.TestTools.UITesting.Playback.MapAndThrowComException(COMException innerException, IPlaybackContext context)
   at Microsoft.VisualStudio.TestTools.UITesting.Playback.MapAndThrowException(SystemException exception, IPlaybackContext context)
   at Microsoft.VisualStudio.TestTools.UITesting.Playback.MapAndThrowException(SystemException exception, String queryId)
   at Microsoft.VisualStudio.TestTools.UITesting.UITestControl.FindFirstDescendant(String queryId, Int32 maxDepth, Int32&amp; timeLeft)
   at Microsoft.VisualStudio.TestTools.UITesting.SearchHelper.GetUITestControlRecursive(Boolean useCache, Boolean alwaysSearch, ISearchArgument searchArg, IList`1 windowTitles, Int32&amp; timeLeft)
   at Microsoft.VisualStudio.TestTools.UITesting.SearchHelper.GetElement(Boolean useCache, ISearchArgument searchArg)
   at Microsoft.VisualStudio.TestTools.UITesting.SearchHelper.Search(ISearchArgument searchArg)
   at Microsoft.VisualStudio.TestTools.UITesting.UITestControl.FindInternal()
   at Microsoft.VisualStudio.TestTools.UITesting.UITestControl.&lt;Find&gt;b__3a()
   at Microsoft.VisualStudio.TestTools.UITesting.CodedUITestMethodInvoker.InvokeMethod[T](Func`1 function, UITestControl control, Boolean firePlaybackErrorEvent, Boolean logAsAction)
   at Microsoft.VisualStudio.TestTools.UITesting.UITestControl.Find()
   at Microsoft.VisualStudio.TestTools.UITesting.UITestControl.GetPropertyPrivate(String propertyName)
   at Microsoft.VisualStudio.TestTools.UITesting.UITestControl.GetPropertyOfType[T](String propertyName)
   at Microsoft.VisualStudio.TestTools.UITesting.UITestControl.get_Name()
   at TestAuto.LoggingAndSharedGenericMethods.MouseClick(UITestControl uiMenuItemTestControl) in c:\Builds\1\WebSphere\QATestAutomation\src\CodedUITest\SourceCode\Common\Logging\SharedMethods_Generic.cs:line 790
&lt;ERROR&gt;[5/14/2018 11:27:43 PM]&lt;ERROR&gt;ClickSignInAndRegister : failed executing ...The playback failed to find the control with the given search properties. Additional Details: 
TechnologyName:  'Web'
ControlType:  'Hyperlink'
TagName:  'A'
Class:  'button large logon_registerBtn'
 Failed to find any control that matched the search condition ControlType='Hyperlink' &amp;&amp; Class='button large logon_registerBtn'
&lt;ERROR&gt;[5/14/2018 11:28:05 PM]&lt;Error&gt;AllBrowserWindow : failed executing ...Unable to find Windows Internet Explorer window with 'Register - Microsoft Internet Explorer provided by Horizon Hobby' in the title.
&lt;ERROR&gt;[5/14/2018 11:28:08 PM]&lt;ERROR&gt;UserRegistration : failed executing ...The playback failed to find the control with the given search properties. Additional Details: 
TechnologyName:  'Web'
ControlType:  'ComboBox'
TagName:  'SELECT'
Id:  'WC_UserRegistrationAddForm_AddressEntryForm_FormInput_country_1'
 Failed to find any control that matched the search condition Id='WC_UserRegistrationAddForm_AddressEntryForm_FormInput_country_1' &amp;&amp; ControlType='ComboBox'
&lt;ERROR&gt;[5/14/2018 11:28:30 PM]&lt;Error&gt;AllBrowserWindow : failed executing ...Unable to find Windows Internet Explorer window with 'Register - Microsoft Internet Explorer provided by Horizon Hobby' in the title.
&lt;ERROR&gt;[5/14/2018 11:28:36 PM]&lt;ERROR&gt;MouseClick Exception:Microsoft.VisualStudio.TestTools.UITest.Extension.UITestControlNotFoundException: The playback failed to find the control with the given search properties. Additional Details: 
TechnologyName:  'Web'
ControlType:  'Hyperlink'
TagName:  'A'
Id:  'WC_UserRegistrationAddForm_links_1'
 Failed to find any control that matched the search condition Id='WC_UserRegistrationAddForm_links_1' &amp;&amp; ControlType='Hyperlink' ---&gt; System.Runtime.InteropServices.COMException: Error HRESULT E_FAIL has been returned from a call to a COM component.
   at Microsoft.VisualStudio.TestTools.UITest.Playback.Engine.IScreenElement.FindAllDescendants(String bstrQueryId, Object&amp; pvarResKeys, Int32 cResKeys, Int32 nMaxDepth)
   at Microsoft.VisualStudio.TestTools.UITest.Playback.ScreenElement.FindAllScreenElement(String queryId, Int32 depth, Boolean singleQueryId, Boolean throwException, Boolean resetSkipStep)
   at Microsoft.VisualStudio.TestTools.UITest.Playback.ScreenElement.FindScreenElement(String queryId, Int32 depth, Boolean resetSkipStep)
   at Microsoft.VisualStudio.TestTools.UITesting.UITestControl.FindFirstDescendant(String queryId, Int32 maxDepth, Int32&amp; timeLeft)
   --- End of inner exception stack trace ---
   at Microsoft.VisualStudio.TestTools.UITesting.Playback.MapControlNotFoundException(COMException ex, IPlaybackContext context)
   at Microsoft.VisualStudio.TestTools.UITesting.Playback.MapAndThrowComException(COMException innerException, IPlaybackContext context)
   at Microsoft.VisualStudio.TestTools.UITesting.Playback.MapAndThrowException(SystemException exception, IPlaybackContext context)
   at Microsoft.VisualStudio.TestTools.UITesting.Playback.MapAndThrowException(SystemException exception, String queryId)
   at Microsoft.VisualStudio.TestTools.UITesting.UITestControl.FindFirstDescendant(String queryId, Int32 maxDepth, Int32&amp; timeLeft)
   at Microsoft.VisualStudio.TestTools.UITesting.SearchHelper.GetUITestControlRecursive(Boolean useCache, Boolean alwaysSearch, ISearchArgument searchArg, IList`1 windowTitles, Int32&amp; timeLeft)
   at Microsoft.VisualStudio.TestTools.UITesting.SearchHelper.GetElement(Boolean useCache, ISearchArgument searchArg)
   at Microsoft.VisualStudio.TestTools.UITesting.SearchHelper.Search(ISearchArgument searchArg)
   at Microsoft.VisualStudio.TestTools.UITesting.UITestControl.FindInternal()
   at Microsoft.VisualStudio.TestTools.UITesting.UITestControl.&lt;Find&gt;b__3a()
   at Microsoft.VisualStudio.TestTools.UITesting.CodedUITestMethodInvoker.InvokeMethod[T](Func`1 function, UITestControl control, Boolean firePlaybackErrorEvent, Boolean logAsAction)
   at Microsoft.VisualStudio.TestTools.UITesting.UITestControl.Find()
   at Microsoft.VisualStudio.TestTools.UITesting.UITestControl.GetPropertyPrivate(String propertyName)
   at Microsoft.VisualStudio.TestTools.UITesting.UITestControl.GetPropertyOfType[T](String propertyName)
   at Microsoft.VisualStudio.TestTools.UITesting.UITestControl.get_Name()
   at TestAuto.LoggingAndSharedGenericMethods.MouseClick(UITestControl uiMenuItemTestControl) in c:\Builds\1\WebSphere\QATestAutomation\src\CodedUITest\SourceCode\Common\Logging\SharedMethods_Generic.cs:line 790
&lt;FAIL&gt;&lt;CrossSiteScriptingUserRegistrationMyAccount&gt;&lt;Invalid character errors message appears&gt;.Assert.AreEqual failed. Expected:&lt;True&gt;. Actual:&lt;False&gt;. 
    StackTrace:
    ValidateToolTipTextForInvaildCharacters(),SharedCrossSiteScripting.cs,Line Number:112
    CrossSiteScriptingUserRegistrationMyAccount(),CrossSiteScripting.cs,Line Number:254
&lt;ERROR&gt;[5/14/2018 11:29:01 PM]&lt;Error&gt;AllBrowserWindow : failed executing ...Unable to find Windows Internet Explorer window with 'Register - Microsoft Internet Explorer provided by Horizon Hobby' in the title.
&lt;ERROR&gt;[5/14/2018 11:29:06 PM]&lt;ERROR&gt;MouseClick Exception:Microsoft.VisualStudio.TestTools.UITest.Extension.UITestControlNotFoundException: The playback failed to find the control with the given search properties. Additional Details: 
TechnologyName:  'Web'
ControlType:  'Hyperlink'
TagName:  'A'
Id:  'SignInLink'
 Failed to find any control that matched the search condition Id='SignInLink' &amp;&amp; ControlType='Hyperlink' ---&gt; System.Runtime.InteropServices.COMException: Error HRESULT E_FAIL has been returned from a call to a COM component.
   at Microsoft.VisualStudio.TestTools.UITest.Playback.Engine.IScreenElement.FindAllDescendants(String bstrQueryId, Object&amp; pvarResKeys, Int32 cResKeys, Int32 nMaxDepth)
   at Microsoft.VisualStudio.TestTools.UITest.Playback.ScreenElement.FindAllScreenElement(String queryId, Int32 depth, Boolean singleQueryId, Boolean throwException, Boolean resetSkipStep)
   at Microsoft.VisualStudio.TestTools.UITest.Playback.ScreenElement.FindScreenElement(String queryId, Int32 depth, Boolean resetSkipStep)
   at Microsoft.VisualStudio.TestTools.UITesting.UITestControl.FindFirstDescendant(String queryId, Int32 maxDepth, Int32&amp; timeLeft)
   --- End of inner exception stack trace ---
   at Microsoft.VisualStudio.TestTools.UITesting.Playback.MapControlNotFoundException(COMException ex, IPlaybackContext context)
   at Microsoft.VisualStudio.TestTools.UITesting.Playback.MapAndThrowComException(COMException innerException, IPlaybackContext context)
   at Microsoft.VisualStudio.TestTools.UITesting.Playback.MapAndThrowException(SystemException exception, IPlaybackContext context)
   at Microsoft.VisualStudio.TestTools.UITesting.Playback.MapAndThrowException(SystemException exception, String queryId)
   at Microsoft.VisualStudio.TestTools.UITesting.UITestControl.FindFirstDescendant(String queryId, Int32 maxDepth, Int32&amp; timeLeft)
   at Microsoft.VisualStudio.TestTools.UITesting.SearchHelper.GetUITestControlRecursive(Boolean useCache, Boolean alwaysSearch, ISearchArgument searchArg, IList`1 windowTitles, Int32&amp; timeLeft)
   at Microsoft.VisualStudio.TestTools.UITesting.SearchHelper.GetElement(Boolean useCache, ISearchArgument searchArg)
   at Microsoft.VisualStudio.TestTools.UITesting.SearchHelper.Search(ISearchArgument searchArg)
   at Microsoft.VisualStudio.TestTools.UITesting.UITestControl.FindInternal()
   at Microsoft.VisualStudio.TestTools.UITesting.UITestControl.&lt;Find&gt;b__3a()
   at Microsoft.VisualStudio.TestTools.UITesting.CodedUITestMethodInvoker.InvokeMethod[T](Func`1 function, UITestControl control, Boolean firePlaybackErrorEvent, Boolean logAsAction)
   at Microsoft.VisualStudio.TestTools.UITesting.UITestControl.Find()
   at Microsoft.VisualStudio.TestTools.UITesting.UITestControl.GetPropertyPrivate(String propertyName)
   at Microsoft.VisualStudio.TestTools.UITesting.UITestControl.GetPropertyOfType[T](String propertyName)
   at Microsoft.VisualStudio.TestTools.UITesting.UITestControl.get_Name()
   at TestAuto.LoggingAndSharedGenericMethods.MouseClick(UITestControl uiMenuItemTestControl) in c:\Builds\1\WebSphere\QATestAutomation\src\CodedUITest\SourceCode\Common\Logging\SharedMethods_Generic.cs:line 790
&lt;ERROR&gt;[5/14/2018 11:29:14 PM]&lt;ERROR&gt;ClickSignInAndRegister : failed executing ...The playback failed to find the control with the given search properties. Additional Details: 
TechnologyName:  'Web'
ControlType:  'Hyperlink'
TagName:  'A'
Class:  'button large logon_registerBtn'
 Failed to find any control that matched the search condition ControlType='Hyperlink' &amp;&amp; Class='button large logon_registerBtn'
&lt;ERROR&gt;[5/14/2018 11:29:37 PM]&lt;Error&gt;AllBrowserWindow : failed executing ...Unable to find Windows Internet Explorer window with 'Register - Microsoft Internet Explorer provided by Horizon Hobby' in the title.
&lt;ERROR&gt;[5/14/2018 11:29:39 PM]&lt;ERROR&gt;UserRegistration : failed executing ...The playback failed to find the control with the given search properties. Additional Details: 
TechnologyName:  'Web'
ControlType:  'ComboBox'
TagName:  'SELECT'
Id:  'WC_UserRegistrationAddForm_AddressEntryForm_FormInput_country_1'
 Failed to find any control that matched the search condition Id='WC_UserRegistrationAddForm_AddressEntryForm_FormInput_country_1' &amp;&amp; ControlType='ComboBox'
&lt;ERROR&gt;[5/14/2018 11:30:02 PM]&lt;Error&gt;AllBrowserWindow : failed executing ...Unable to find Windows Internet Explorer window with 'Register - Microsoft Internet Explorer provided by Horizon Hobby' in the title.
&lt;ERROR&gt;[5/14/2018 11:30:07 PM]&lt;ERROR&gt;MouseClick Exception:Microsoft.VisualStudio.TestTools.UITest.Extension.UITestControlNotFoundException: The playback failed to find the control with the given search properties. Additional Details: 
TechnologyName:  'Web'
ControlType:  'Hyperlink'
TagName:  'A'
Id:  'WC_UserRegistrationAddForm_links_1'
 Failed to find any control that matched the search condition Id='WC_UserRegistrationAddForm_links_1' &amp;&amp; ControlType='Hyperlink' ---&gt; System.Runtime.InteropServices.COMException: Error HRESULT E_FAIL has been returned from a call to a COM component.
   at Microsoft.VisualStudio.TestTools.UITest.Playback.Engine.IScreenElement.FindAllDescendants(String bstrQueryId, Object&amp; pvarResKeys, Int32 cResKeys, Int32 nMaxDepth)
   at Microsoft.VisualStudio.TestTools.UITest.Playback.ScreenElement.FindAllScreenElement(String queryId, Int32 depth, Boolean singleQueryId, Boolean throwException, Boolean resetSkipStep)
   at Microsoft.VisualStudio.TestTools.UITest.Playback.ScreenElement.FindScreenElement(String queryId, Int32 depth, Boolean resetSkipStep)
   at Microsoft.VisualStudio.TestTools.UITesting.UITestControl.FindFirstDescendant(String queryId, Int32 maxDepth, Int32&amp; timeLeft)
   --- End of inner exception stack trace ---
   at Microsoft.VisualStudio.TestTools.UITesting.Playback.MapControlNotFoundException(COMException ex, IPlaybackContext context)
   at Microsoft.VisualStudio.TestTools.UITesting.Playback.MapAndThrowComException(COMException innerException, IPlaybackContext context)
   at Microsoft.VisualStudio.TestTools.UITesting.Playback.MapAndThrowException(SystemException exception, IPlaybackContext context)
   at Microsoft.VisualStudio.TestTools.UITesting.Playback.MapAndThrowException(SystemException exception, String queryId)
   at Microsoft.VisualStudio.TestTools.UITesting.UITestControl.FindFirstDescendant(String queryId, Int32 maxDepth, Int32&amp; timeLeft)
   at Microsoft.VisualStudio.TestTools.UITesting.SearchHelper.GetUITestControlRecursive(Boolean useCache, Boolean alwaysSearch, ISearchArgument searchArg, IList`1 windowTitles, Int32&amp; timeLeft)
   at Microsoft.VisualStudio.TestTools.UITesting.SearchHelper.GetElement(Boolean useCache, ISearchArgument searchArg)
   at Microsoft.VisualStudio.TestTools.UITesting.SearchHelper.Search(ISearchArgument searchArg)
   at Microsoft.VisualStudio.TestTools.UITesting.UITestControl.FindInternal()
   at Microsoft.VisualStudio.TestTools.UITesting.UITestControl.&lt;Find&gt;b__3a()
   at Microsoft.VisualStudio.TestTools.UITesting.CodedUITestMethodInvoker.InvokeMethod[T](Func`1 function, UITestControl control, Boolean firePlaybackErrorEvent, Boolean logAsAction)
   at Microsoft.VisualStudio.TestTools.UITesting.UITestControl.Find()
   at Microsoft.VisualStudio.TestTools.UITesting.UITestControl.GetPropertyPrivate(String propertyName)
   at Microsoft.VisualStudio.TestTools.UITesting.UITestControl.GetPropertyOfType[T](String propertyName)
   at Microsoft.VisualStudio.TestTools.UITesting.UITestControl.get_Name()
   at TestAuto.LoggingAndSharedGenericMethods.MouseClick(UITestControl uiMenuItemTestControl) in c:\Builds\1\WebSphere\QATestAutomation\src\CodedUITest\SourceCode\Common\Logging\SharedMethods_Generic.cs:line 790
&lt;FAIL&gt;&lt;CrossSiteScriptingUserRegistrationMyAccount&gt;&lt;Invalid character errors message appears&gt;.Assert.AreEqual failed. Expected:&lt;True&gt;. Actual:&lt;False&gt;. 
    StackTrace:
    ValidateToolTipTextForInvaildCharacters(),SharedCrossSiteScripting.cs,Line Number:112
    CrossSiteScriptingUserRegistrationMyAccount(),CrossSiteScripting.cs,Line Number:254
&lt;ERROR&gt;[5/14/2018 11:30:32 PM]&lt;Error&gt;AllBrowserWindow : failed executing ...Unable to find Windows Internet Explorer window with 'Register - Microsoft Internet Explorer provided by Horizon Hobby' in the title.
&lt;ERROR&gt;[5/14/2018 11:30:38 PM]&lt;ERROR&gt;MouseClick Exception:Microsoft.VisualStudio.TestTools.UITest.Extension.UITestControlNotFoundException: The playback failed to find the control with the given search properties. Additional Details: 
TechnologyName:  'Web'
ControlType:  'Hyperlink'
TagName:  'A'
Id:  'SignInLink'
 Failed to find any control that matched the search condition Id='SignInLink' &amp;&amp; ControlType='Hyperlink' ---&gt; System.Runtime.InteropServices.COMException: Error HRESULT E_FAIL has been returned from a call to a COM component.
   at Microsoft.VisualStudio.TestTools.UITest.Playback.Engine.IScreenElement.FindAllDescendants(String bstrQueryId, Object&amp; pvarResKeys, Int32 cResKeys, Int32 nMaxDepth)
   at Microsoft.VisualStudio.TestTools.UITest.Playback.ScreenElement.FindAllScreenElement(String queryId, Int32 depth, Boolean singleQueryId, Boolean throwException, Boolean resetSkipStep)
   at Microsoft.VisualStudio.TestTools.UITest.Playback.ScreenElement.FindScreenElement(String queryId, Int32 depth, Boolean resetSkipStep)
   at Microsoft.VisualStudio.TestTools.UITesting.UITestControl.FindFirstDescendant(String queryId, Int32 maxDepth, Int32&amp; timeLeft)
   --- End of inner exception stack trace ---
   at Microsoft.VisualStudio.TestTools.UITesting.Playback.MapControlNotFoundException(COMException ex, IPlaybackContext context)
   at Microsoft.VisualStudio.TestTools.UITesting.Playback.MapAndThrowComException(COMException innerException, IPlaybackContext context)
   at Microsoft.VisualStudio.TestTools.UITesting.Playback.MapAndThrowException(SystemException exception, IPlaybackContext context)
   at Microsoft.VisualStudio.TestTools.UITesting.Playback.MapAndThrowException(SystemException exception, String queryId)
   at Microsoft.VisualStudio.TestTools.UITesting.UITestControl.FindFirstDescendant(String queryId, Int32 maxDepth, Int32&amp; timeLeft)
   at Microsoft.VisualStudio.TestTools.UITesting.SearchHelper.GetUITestControlRecursive(Boolean useCache, Boolean alwaysSearch, ISearchArgument searchArg, IList`1 windowTitles, Int32&amp; timeLeft)
   at Microsoft.VisualStudio.TestTools.UITesting.SearchHelper.GetElement(Boolean useCache, ISearchArgument searchArg)
   at Microsoft.VisualStudio.TestTools.UITesting.SearchHelper.Search(ISearchArgument searchArg)
   at Microsoft.VisualStudio.TestTools.UITesting.UITestControl.FindInternal()
   at Microsoft.VisualStudio.TestTools.UITesting.UITestControl.&lt;Find&gt;b__3a()
   at Microsoft.VisualStudio.TestTools.UITesting.CodedUITestMethodInvoker.InvokeMethod[T](Func`1 function, UITestControl control, Boolean firePlaybackErrorEvent, Boolean logAsAction)
   at Microsoft.VisualStudio.TestTools.UITesting.UITestControl.Find()
   at Microsoft.VisualStudio.TestTools.UITesting.UITestControl.GetPropertyPrivate(String propertyName)
   at Microsoft.VisualStudio.TestTools.UITesting.UITestControl.GetPropertyOfType[T](String propertyName)
   at Microsoft.VisualStudio.TestTools.UITesting.UITestControl.get_Name()
   at TestAuto.LoggingAndSharedGenericMethods.MouseClick(UITestControl uiMenuItemTestControl) in c:\Builds\1\WebSphere\QATestAutomation\src\CodedUITest\SourceCode\Common\Logging\SharedMethods_Generic.cs:line 790
&lt;ERROR&gt;[5/14/2018 11:30:46 PM]&lt;ERROR&gt;ClickSignInAndRegister : failed executing ...The playback failed to find the control with the given search properties. Additional Details: 
TechnologyName:  'Web'
ControlType:  'Hyperlink'
TagName:  'A'
Class:  'button large logon_registerBtn'
 Failed to find any control that matched the search condition ControlType='Hyperlink' &amp;&amp; Class='button large logon_registerBtn'
&lt;ERROR&gt;[5/14/2018 11:31:08 PM]&lt;Error&gt;AllBrowserWindow : failed executing ...Unable to find Windows Internet Explorer window with 'Register - Microsoft Internet Explorer provided by Horizon Hobby' in the title.
&lt;ERROR&gt;[5/14/2018 11:31:11 PM]&lt;ERROR&gt;UserRegistration : failed executing ...The playback failed to find the control with the given search properties. Additional Details: 
TechnologyName:  'Web'
ControlType:  'ComboBox'
TagName:  'SELECT'
Id:  'WC_UserRegistrationAddForm_AddressEntryForm_FormInput_country_1'
 Failed to find any control that matched the search condition Id='WC_UserRegistrationAddForm_AddressEntryForm_FormInput_country_1' &amp;&amp; ControlType='ComboBox'
&lt;ERROR&gt;[5/14/2018 11:31:33 PM]&lt;Error&gt;AllBrowserWindow : failed executing ...Unable to find Windows Internet Explorer window with 'Register - Microsoft Internet Explorer provided by Horizon Hobby' in the title.
&lt;ERROR&gt;[5/14/2018 11:31:39 PM]&lt;ERROR&gt;MouseClick Exception:Microsoft.VisualStudio.TestTools.UITest.Extension.UITestControlNotFoundException: The playback failed to find the control with the given search properties. Additional Details: 
TechnologyName:  'Web'
ControlType:  'Hyperlink'
TagName:  'A'
Id:  'WC_UserRegistrationAddForm_links_1'
 Failed to find any control that matched the search condition Id='WC_UserRegistrationAddForm_links_1' &amp;&amp; ControlType='Hyperlink' ---&gt; System.Runtime.InteropServices.COMException: Error HRESULT E_FAIL has been returned from a call to a COM component.
   at Microsoft.VisualStudio.TestTools.UITest.Playback.Engine.IScreenElement.FindAllDescendants(String bstrQueryId, Object&amp; pvarResKeys, Int32 cResKeys, Int32 nMaxDepth)
   at Microsoft.VisualStudio.TestTools.UITest.Playback.ScreenElement.FindAllScreenElement(String queryId, Int32 depth, Boolean singleQueryId, Boolean throwException, Boolean resetSkipStep)
   at Microsoft.VisualStudio.TestTools.UITest.Playback.ScreenElement.FindScreenElement(String queryId, Int32 depth, Boolean resetSkipStep)
   at Microsoft.VisualStudio.TestTools.UITesting.UITestControl.FindFirstDescendant(String queryId, Int32 maxDepth, Int32&amp; timeLeft)
   --- End of inner exception stack trace ---
   at Microsoft.VisualStudio.TestTools.UITesting.Playback.MapControlNotFoundException(COMException ex, IPlaybackContext context)
   at Microsoft.VisualStudio.TestTools.UITesting.Playback.MapAndThrowComException(COMException innerException, IPlaybackContext context)
   at Microsoft.VisualStudio.TestTools.UITesting.Playback.MapAndThrowException(SystemException exception, IPlaybackContext context)
   at Microsoft.VisualStudio.TestTools.UITesting.Playback.MapAndThrowException(SystemException exception, String queryId)
   at Microsoft.VisualStudio.TestTools.UITesting.UITestControl.FindFirstDescendant(String queryId, Int32 maxDepth, Int32&amp; timeLeft)
   at Microsoft.VisualStudio.TestTools.UITesting.SearchHelper.GetUITestControlRecursive(Boolean useCache, Boolean alwaysSearch, ISearchArgument searchArg, IList`1 windowTitles, Int32&amp; timeLeft)
   at Microsoft.VisualStudio.TestTools.UITesting.SearchHelper.GetElement(Boolean useCache, ISearchArgument searchArg)
   at Microsoft.VisualStudio.TestTools.UITesting.SearchHelper.Search(ISearchArgument searchArg)
   at Microsoft.VisualStudio.TestTools.UITesting.UITestControl.FindInternal()
   at Microsoft.VisualStudio.TestTools.UITesting.UITestControl.&lt;Find&gt;b__3a()
   at Microsoft.VisualStudio.TestTools.UITesting.CodedUITestMethodInvoker.InvokeMethod[T](Func`1 function, UITestControl control, Boolean firePlaybackErrorEvent, Boolean logAsAction)
   at Microsoft.VisualStudio.TestTools.UITesting.UITestControl.Find()
   at Microsoft.VisualStudio.TestTools.UITesting.UITestControl.GetPropertyPrivate(String propertyName)
   at Microsoft.VisualStudio.TestTools.UITesting.UITestControl.GetPropertyOfType[T](String propertyName)
   at Microsoft.VisualStudio.TestTools.UITesting.UITestControl.get_Name()
   at TestAuto.LoggingAndSharedGenericMethods.MouseClick(UITestControl uiMenuItemTestControl) in c:\Builds\1\WebSphere\QATestAutomation\src\CodedUITest\SourceCode\Common\Logging\SharedMethods_Generic.cs:line 790
&lt;FAIL&gt;&lt;CrossSiteScriptingUserRegistrationMyAccount&gt;&lt;Invalid character errors message appears&gt;.Assert.AreEqual failed. Expected:&lt;True&gt;. Actual:&lt;False&gt;. 
    StackTrace:
    ValidateToolTipTextForInvaildCharacters(),SharedCrossSiteScripting.cs,Line Number:112
    CrossSiteScriptingUserRegistrationMyAccount(),CrossSiteScripting.cs,Line Number:254
&lt;ERROR&gt;[5/14/2018 11:32:04 PM]&lt;Error&gt;AllBrowserWindow : failed executing ...Unable to find Windows Internet Explorer window with 'Register - Microsoft Internet Explorer provided by Horizon Hobby' in the title.
&lt;ERROR&gt;[5/14/2018 11:32:22 PM]&lt;ERROR&gt;MouseClick Exception:Microsoft.VisualStudio.TestTools.UITest.Extension.UITestControlNotFoundException: The playback failed to find the control with the given search properties. Additional Details: 
TechnologyName:  'Web'
ControlType:  'Hyperlink'
TagName:  'A'
Id:  'SignInLink'
 Failed to find any control that matched the search condition Id='SignInLink' &amp;&amp; ControlType='Hyperlink' ---&gt; System.Runtime.InteropServices.COMException: Error HRESULT E_FAIL has been returned from a call to a COM component.
   at Microsoft.VisualStudio.TestTools.UITest.Playback.Engine.IScreenElement.FindAllDescendants(String bstrQueryId, Object&amp; pvarResKeys, Int32 cResKeys, Int32 nMaxDepth)
   at Microsoft.VisualStudio.TestTools.UITest.Playback.ScreenElement.FindAllScreenElement(String queryId, Int32 depth, Boolean singleQueryId, Boolean throwException, Boolean resetSkipStep)
   at Microsoft.VisualStudio.TestTools.UITest.Playback.ScreenElement.FindScreenElement(String queryId, Int32 depth, Boolean resetSkipStep)
   at Microsoft.VisualStudio.TestTools.UITesting.UITestControl.FindFirstDescendant(String queryId, Int32 maxDepth, Int32&amp; timeLeft)
   --- End of inner exception stack trace ---
   at Microsoft.VisualStudio.TestTools.UITesting.Playback.MapControlNotFoundException(COMException ex, IPlaybackContext context)
   at Microsoft.VisualStudio.TestTools.UITesting.Playback.MapAndThrowComException(COMException innerException, IPlaybackContext context)
   at Microsoft.VisualStudio.TestTools.UITesting.Playback.MapAndThrowException(SystemException exception, IPlaybackContext context)
   at Microsoft.VisualStudio.TestTools.UITesting.Playback.MapAndThrowException(SystemException exception, String queryId)
   at Microsoft.VisualStudio.TestTools.UITesting.UITestControl.FindFirstDescendant(String queryId, Int32 maxDepth, Int32&amp; timeLeft)
   at Microsoft.VisualStudio.TestTools.UITesting.SearchHelper.GetUITestControlRecursive(Boolean useCache, Boolean alwaysSearch, ISearchArgument searchArg, IList`1 windowTitles, Int32&amp; timeLeft)
   at Microsoft.VisualStudio.TestTools.UITesting.SearchHelper.GetElement(Boolean useCache, ISearchArgument searchArg)
   at Microsoft.VisualStudio.TestTools.UITesting.SearchHelper.Search(ISearchArgument searchArg)
   at Microsoft.VisualStudio.TestTools.UITesting.UITestControl.FindInternal()
   at Microsoft.VisualStudio.TestTools.UITesting.UITestControl.&lt;Find&gt;b__3a()
   at Microsoft.VisualStudio.TestTools.UITesting.CodedUITestMethodInvoker.InvokeMethod[T](Func`1 function, UITestControl control, Boolean firePlaybackErrorEvent, Boolean logAsAction)
   at Microsoft.VisualStudio.TestTools.UITesting.UITestControl.Find()
   at Microsoft.VisualStudio.TestTools.UITesting.UITestControl.GetPropertyPrivate(String propertyName)
   at Microsoft.VisualStudio.TestTools.UITesting.UITestControl.GetPropertyOfType[T](String propertyName)
   at Microsoft.VisualStudio.TestTools.UITesting.UITestControl.get_Name()
   at TestAuto.LoggingAndSharedGenericMethods.MouseClick(UITestControl uiMenuItemTestControl) in c:\Builds\1\WebSphere\QATestAutomation\src\CodedUITest\SourceCode\Common\Logging\SharedMethods_Generic.cs:line 790
&lt;ERROR&gt;[5/14/2018 11:32:30 PM]&lt;ERROR&gt;ClickSignInAndRegister : failed executing ...The playback failed to find the control with the given search properties. Additional Details: 
TechnologyName:  'Web'
ControlType:  'Hyperlink'
TagName:  'A'
Class:  'button large logon_registerBtn'
 Failed to find any control that matched the search condition ControlType='Hyperlink' &amp;&amp; Class='button large logon_registerBtn'
&lt;ERROR&gt;[5/14/2018 11:32:53 PM]&lt;Error&gt;AllBrowserWindow : failed executing ...Unable to find Windows Internet Explorer window with 'Register - Microsoft Internet Explorer provided by Horizon Hobby' in the title.
&lt;ERROR&gt;[5/14/2018 11:32:55 PM]&lt;ERROR&gt;UserRegistration : failed executing ...The playback failed to find the control with the given search properties. Additional Details: 
TechnologyName:  'Web'
ControlType:  'ComboBox'
TagName:  'SELECT'
Id:  'WC_UserRegistrationAddForm_AddressEntryForm_FormInput_country_1'
 Failed to find any control that matched the search condition Id='WC_UserRegistrationAddForm_AddressEntryForm_FormInput_country_1' &amp;&amp; ControlType='ComboBox'
&lt;ERROR&gt;[5/14/2018 11:33:18 PM]&lt;Error&gt;AllBrowserWindow : failed executing ...Unable to find Windows Internet Explorer window with 'My Account - Microsoft Internet Explorer provided by Horizon Hobby' in the title.
&lt;ERROR&gt;[5/14/2018 11:33:23 PM]&lt;ERROR&gt;MouseClick Exception:Microsoft.VisualStudio.TestTools.UITest.Extension.UITestControlNotFoundException: The playback failed to find the control with the given search properties. Additional Details: 
TechnologyName:  'Web'
ControlType:  'Hyperlink'
TagName:  'A'
Id:  'WC_MyAccountCenterLinkDisplay_inputs_1'
 Failed to find any control that matched the search condition Id='WC_MyAccountCenterLinkDisplay_inputs_1' &amp;&amp; ControlType='Hyperlink' ---&gt; System.Runtime.InteropServices.COMException: Error HRESULT E_FAIL has been returned from a call to a COM component.
   at Microsoft.VisualStudio.TestTools.UITest.Playback.Engine.IScreenElement.FindAllDescendants(String bstrQueryId, Object&amp; pvarResKeys, Int32 cResKeys, Int32 nMaxDepth)
   at Microsoft.VisualStudio.TestTools.UITest.Playback.ScreenElement.FindAllScreenElement(String queryId, Int32 depth, Boolean singleQueryId, Boolean throwException, Boolean resetSkipStep)
   at Microsoft.VisualStudio.TestTools.UITest.Playback.ScreenElement.FindScreenElement(String queryId, Int32 depth, Boolean resetSkipStep)
   at Microsoft.VisualStudio.TestTools.UITesting.UITestControl.FindFirstDescendant(String queryId, Int32 maxDepth, Int32&amp; timeLeft)
   --- End of inner exception stack trace ---
   at Microsoft.VisualStudio.TestTools.UITesting.Playback.MapControlNotFoundException(COMException ex, IPlaybackContext context)
   at Microsoft.VisualStudio.TestTools.UITesting.Playback.MapAndThrowComException(COMException innerException, IPlaybackContext context)
   at Microsoft.VisualStudio.TestTools.UITesting.Playback.MapAndThrowException(SystemException exception, IPlaybackContext context)
   at Microsoft.VisualStudio.TestTools.UITesting.Playback.MapAndThrowException(SystemException exception, String queryId)
   at Microsoft.VisualStudio.TestTools.UITesting.UITestControl.FindFirstDescendant(String queryId, Int32 maxDepth, Int32&amp; timeLeft)
   at Microsoft.VisualStudio.TestTools.UITesting.SearchHelper.GetUITestControlRecursive(Boolean useCache, Boolean alwaysSearch, ISearchArgument searchArg, IList`1 windowTitles, Int32&amp; timeLeft)
   at Microsoft.VisualStudio.TestTools.UITesting.SearchHelper.GetElement(Boolean useCache, ISearchArgument searchArg)
   at Microsoft.VisualStudio.TestTools.UITesting.SearchHelper.Search(ISearchArgument searchArg)
   at Microsoft.VisualStudio.TestTools.UITesting.UITestControl.FindInternal()
   at Microsoft.VisualStudio.TestTools.UITesting.UITestControl.&lt;Find&gt;b__3a()
   at Microsoft.VisualStudio.TestTools.UITesting.CodedUITestMethodInvoker.InvokeMethod[T](Func`1 function, UITestControl control, Boolean firePlaybackErrorEvent, Boolean logAsAction)
   at Microsoft.VisualStudio.TestTools.UITesting.UITestControl.Find()
   at Microsoft.VisualStudio.TestTools.UITesting.UITestControl.GetPropertyPrivate(String propertyName)
   at Microsoft.VisualStudio.TestTools.UITesting.UITestControl.GetPropertyOfType[T](String propertyName)
   at Microsoft.VisualStudio.TestTools.UITesting.UITestControl.get_Name()
   at TestAuto.LoggingAndSharedGenericMethods.MouseClick(UITestControl uiMenuItemTestControl) in c:\Builds\1\WebSphere\QATestAutomation\src\CodedUITest\SourceCode\Common\Logging\SharedMethods_Generic.cs:line 790
&lt;ERROR&gt;[5/14/2018 11:33:46 PM]&lt;Error&gt;AllBrowserWindow : failed executing ...Unable to find Windows Internet Explorer window with 'Account Information - Microsoft Internet Explorer provided by Horizon Hobby' in the title.
&lt;ERROR&gt;[5/14/2018 11:33:48 PM]&lt;Error&gt;CrossSiteScriptingUserRegistrationMyAccount : failed executing ...The playback failed to find the control with the given search properties. Additional Details: 
TechnologyName:  'Web'
ControlType:  'Edit'
TagName:  'INPUT'
Id:  'WC_UserRegistrationUpdateForm_FormInput_email_In_Register_1'
 Failed to find any control that matched the search condition ControlType='Edit' &amp;&amp; Id=&gt;'WC_UserRegistrationUpdateForm_FormInput_email_In_Register_1'</Message>
          <StackTrace>   at TestAuto.LoggingAndSharedGenericMethods.EndTest() in c:\Builds\1\WebSphere\QATestAutomation\src\CodedUITest\SourceCode\Common\Logging\Logging.cs:line 1628
   at TestAuto.CrossSiteScripting.TestCleanup() in c:\Builds\1\WebSphere\QATestAutomation\src\CodedUITest\SourceCode\HHobby\CrossSiteScripting\CrossSiteScripting.cs:line 795
</StackTrace>
        </ErrorInfo>
        <TextMessages>
          <Message>[5/14/2018 11:25:21 PM]&lt;STARTLOG&gt;&lt;CrossSiteScriptingUserRegistrationMyAccount&gt;Test Started: Expecting: #PASS=Undefined and #FAIL=0
Running from MTM=True, running on machine name:CMP01-YKUMAR, user name=ykumar, OS=Microsoft Windows NT 6.1.7601 Service Pack 1, Is64BitOS=True</Message>
          <Message>[5/14/2018 11:25:22 PM]&lt;INFO&gt;LogCPUAndMemoryUsage: Available Memory = 25117(MB), CPU Usage = 36.11707%</Message>
          <Message>[5/14/2018 11:25:22 PM]&lt;INFO&gt;Private Working Set for QTAgent32_40, usage=235000 (K)</Message>
          <Message>[5/14/2018 11:25:22 PM]&lt;INFO&gt;Path To TestConfig xml=C:\Users\ykumar\AppData\Local\VSEQT\QTAgent\26974\CMP01-YKUMAR.horizonhobby.com\Deployment\SharedCommonConfig.xml</Message>
          <Message>[5/14/2018 11:25:22 PM]&lt;INFO&gt;Path To TestData xml=C:\Users\ykumar\AppData\Local\VSEQT\QTAgent\26974\CMP01-YKUMAR.horizonhobby.com\Deployment\CrossSiteScriptingTestData_232521.xml</Message>
          <Message>[5/14/2018 11:25:22 PM]&lt;INFO&gt;Path To HorizonHobbyQA Application Url=https://www-tst.horizonhobby.com</Message>
          <Message>[5/14/2018 11:25:22 PM]&lt;INFO&gt;HorizonHobbyQA sql connection string=Server=cmp02-ws-tst-db01:50000;Database=TST01DB;UID=wcdbuser;PWD=h0r1z0n;Connect Timeout=30</Message>
          <Message>[5/14/2018 11:25:22 PM]&lt;INFO&gt;Country is := US and language id is := '-1'</Message>
          <Message>[5/14/2018 11:25:22 PM]&lt;INFO&gt;Current browser used for test execution is = 'IE'</Message>
          <Message>[5/14/2018 11:25:25 PM]&lt;Info&gt;AllBrowserWindow : Locating browser window...</Message>
          <Message>[5/14/2018 11:25:27 PM]&lt;INFO&gt;SurveyWindow : method executing ...</Message>
          <Message>[5/14/2018 11:25:32 PM]&lt;INFO&gt;ContinueOnCertificationErrorClickexecuting ...</Message>
          <Message>[5/14/2018 11:25:32 PM]&lt;Info&gt;DEAllBrowserWindow : Locating browser window...</Message>
          <Message>[5/14/2018 11:25:37 PM]&lt;INFO&gt;UserRegistration : method executing ...</Message>
          <Message>[5/14/2018 11:25:37 PM]&lt;Info&gt;AllBrowserWindow : Locating browser window...</Message>
          <Message>[5/14/2018 11:25:55 PM]&lt;INFO&gt;UserRegistrationSubmit : method executing ...</Message>
          <Message>[5/14/2018 11:25:55 PM]&lt;Info&gt;AllBrowserWindow : Locating browser window...</Message>
          <Message>[5/14/2018 11:25:57 PM]&lt;PASS&gt;&lt;CrossSiteScriptingUserRegistrationMyAccount&gt;&lt;Invalid character errors message appears&gt;</Message>
          <Message>[5/14/2018 11:25:57 PM]&lt;Info&gt;AllBrowserWindow : Locating browser window...</Message>
          <Message>[5/14/2018 11:25:58 PM]&lt;INFO&gt;SurveyWindow : method executing ...</Message>
          <Message>[5/14/2018 11:26:05 PM]&lt;INFO&gt;ContinueOnCertificationErrorClickexecuting ...</Message>
          <Message>[5/14/2018 11:26:05 PM]&lt;Info&gt;DEAllBrowserWindow : Locating browser window...</Message>
          <Message>[5/14/2018 11:26:11 PM]&lt;INFO&gt;UserRegistration : method executing ...</Message>
          <Message>[5/14/2018 11:26:11 PM]&lt;Info&gt;AllBrowserWindow : Locating browser window...</Message>
          <Message>Assert.Fail failed. [5/14/2018 11:26:34 PM]&lt;Error&gt;AllBrowserWindow : failed executing ...Unable to find Windows Internet Explorer window with 'Register - Microsoft Internet Explorer provided by Horizon Hobby' in the title., 
    StackTrace:
    AllBrowserWindow(),SharedBorderFree.cs,Line Number:1037
    UserRegistration(),SharedUserRegistration.cs,Line Number:622
    RegisterNewUser(),SharedUserRegistration.cs,Line Number:1158
    RegisterNewUser(),SharedUserRegistration.cs,Line Number:1171
    CrossSiteScriptingUserRegistrationMyAccount(),CrossSiteScripting.cs,Line Number:252</Message>
          <Message>[5/14/2018 11:26:34 PM]&lt;CaptureImage&gt;\\CMP01-YKumar\AutoLog\CMP01-YKUMAR\CrossSiteScriptingUserRegistrationMyAccount_20180514232634.png</Message>
          <Message>Assert.Fail failed. [5/14/2018 11:26:37 PM]&lt;ERROR&gt;UserRegistration : failed executing ...The playback failed to find the control with the given search properties. Additional Details: 
TechnologyName:  'Web'
ControlType:  'ComboBox'
TagName:  'SELECT'
Id:  'WC_UserRegistrationAddForm_AddressEntryForm_FormInput_country_1'
 Failed to find any control that matched the search condition Id='WC_UserRegistrationAddForm_AddressEntryForm_FormInput_country_1' &amp;&amp; ControlType='ComboBox', 
    StackTrace:
    UserRegistration(),SharedUserRegistration.cs,Line Number:836
    RegisterNewUser(),SharedUserRegistration.cs,Line Number:1158
    RegisterNewUser(),SharedUserRegistration.cs,Line Number:1171
    CrossSiteScriptingUserRegistrationMyAccount(),CrossSiteScripting.cs,Line Number:252</Message>
          <Message>[5/14/2018 11:26:37 PM]&lt;CaptureImage&gt;\\CMP01-YKumar\AutoLog\CMP01-YKUMAR\CrossSiteScriptingUserRegistrationMyAccount_20180514232637.png</Message>
          <Message>[5/14/2018 11:26:37 PM]&lt;INFO&gt;UserRegistrationSubmit : method executing ...</Message>
          <Message>[5/14/2018 11:26:37 PM]&lt;Info&gt;AllBrowserWindow : Locating browser window...</Message>
          <Message>Assert.Fail failed. [5/14/2018 11:26:59 PM]&lt;Error&gt;AllBrowserWindow : failed executing ...Unable to find Windows Internet Explorer window with 'Register - Microsoft Internet Explorer provided by Horizon Hobby' in the title., 
    StackTrace:
    AllBrowserWindow(),SharedBorderFree.cs,Line Number:1037
    UserRegistrationSubmit(),SharedUserRegistration.cs,Line Number:847
    CrossSiteScriptingUserRegistrationMyAccount(),CrossSiteScripting.cs,Line Number:253</Message>
          <Message>[5/14/2018 11:26:59 PM]&lt;CaptureImage&gt;\\CMP01-YKumar\AutoLog\CMP01-YKUMAR\CrossSiteScriptingUserRegistrationMyAccount_20180514232659.png</Message>
          <Message>Assert.Fail failed. [5/14/2018 11:27:04 PM]&lt;ERROR&gt;MouseClick Exception:Microsoft.VisualStudio.TestTools.UITest.Extension.UITestControlNotFoundException: The playback failed to find the control with the given search properties. Additional Details: 
TechnologyName:  'Web'
ControlType:  'Hyperlink'
TagName:  'A'
Id:  'WC_UserRegistrationAddForm_links_1'
 Failed to find any control that matched the search condition Id='WC_UserRegistrationAddForm_links_1' &amp;&amp; ControlType='Hyperlink' ---&gt; System.Runtime.InteropServices.COMException: Error HRESULT E_FAIL has been returned from a call to a COM component.
   at Microsoft.VisualStudio.TestTools.UITest.Playback.Engine.IScreenElement.FindAllDescendants(String bstrQueryId, Object&amp; pvarResKeys, Int32 cResKeys, Int32 nMaxDepth)
   at Microsoft.VisualStudio.TestTools.UITest.Playback.ScreenElement.FindAllScreenElement(String queryId, Int32 depth, Boolean singleQueryId, Boolean throwException, Boolean resetSkipStep)
   at Microsoft.VisualStudio.TestTools.UITest.Playback.ScreenElement.FindScreenElement(String queryId, Int32 depth, Boolean resetSkipStep)
   at Microsoft.VisualStudio.TestTools.UITesting.UITestControl.FindFirstDescendant(String queryId, Int32 maxDepth, Int32&amp; timeLeft)
   --- End of inner exception stack trace ---
   at Microsoft.VisualStudio.TestTools.UITesting.Playback.MapControlNotFoundException(COMException ex, IPlaybackContext context)
   at Microsoft.VisualStudio.TestTools.UITesting.Playback.MapAndThrowComException(COMException innerException, IPlaybackContext context)
   at Microsoft.VisualStudio.TestTools.UITesting.Playback.MapAndThrowException(SystemException exception, IPlaybackContext context)
   at Microsoft.VisualStudio.TestTools.UITesting.Playback.MapAndThrowException(SystemException exception, String queryId)
   at Microsoft.VisualStudio.TestTools.UITesting.UITestControl.FindFirstDescendant(String queryId, Int32 maxDepth, Int32&amp; timeLeft)
   at Microsoft.VisualStudio.TestTools.UITesting.SearchHelper.GetUITestControlRecursive(Boolean useCache, Boolean alwaysSearch, ISearchArgument searchArg, IList`1 windowTitles, Int32&amp; timeLeft)
   at Microsoft.VisualStudio.TestTools.UITesting.SearchHelper.GetElement(Boolean useCache, ISearchArgument searchArg)
   at Microsoft.VisualStudio.TestTools.UITesting.SearchHelper.Search(ISearchArgument searchArg)
   at Microsoft.VisualStudio.TestTools.UITesting.UITestControl.FindInternal()
   at Microsoft.VisualStudio.TestTools.UITesting.UITestControl.&lt;Find&gt;b__3a()
   at Microsoft.VisualStudio.TestTools.UITesting.CodedUITestMethodInvoker.InvokeMethod[T](Func`1 function, UITestControl control, Boolean firePlaybackErrorEvent, Boolean logAsAction)
   at Microsoft.VisualStudio.TestTools.UITesting.UITestControl.Find()
   at Microsoft.VisualStudio.TestTools.UITesting.UITestControl.GetPropertyPrivate(String propertyName)
   at Microsoft.VisualStudio.TestTools.UITesting.UITestControl.GetPropertyOfType[T](String propertyName)
   at Microsoft.VisualStudio.TestTools.UITesting.UITestControl.get_Name()
   at TestAuto.LoggingAndSharedGenericMethods.MouseClick(UITestControl uiMenuItemTestControl) in c:\Builds\1\WebSphere\QATestAutomation\src\CodedUITest\SourceCode\Common\Logging\SharedMethods_Generic.cs:line 790, 
    StackTrace:
    MouseClick(),SharedMethods_Generic.cs,Line Number:822
    UserRegistrationSubmit(),SharedUserRegistration.cs,Line Number:851
    CrossSiteScriptingUserRegistrationMyAccount(),CrossSiteScripting.cs,Line Number:253</Message>
          <Message>[5/14/2018 11:27:04 PM]&lt;CaptureImage&gt;\\CMP01-YKumar\AutoLog\CMP01-YKUMAR\CrossSiteScriptingUserRegistrationMyAccount_20180514232704.png</Message>
          <Message>[5/14/2018 11:27:07 PM]&lt;FAIL&gt;&lt;CrossSiteScriptingUserRegistrationMyAccount&gt;&lt;Invalid character errors message appears&gt;.Assert.AreEqual failed. Expected:&lt;True&gt;. Actual:&lt;False&gt;. 
    StackTrace:
    ValidateToolTipTextForInvaildCharacters(),SharedCrossSiteScripting.cs,Line Number:112
    CrossSiteScriptingUserRegistrationMyAccount(),CrossSiteScripting.cs,Line Number:254</Message>
          <Message>[5/14/2018 11:27:07 PM]&lt;CaptureImage&gt;\\CMP01-YKumar\AutoLog\CMP01-YKUMAR\CrossSiteScriptingUserRegistrationMyAccount_20180514232707.png</Message>
          <Message>[5/14/2018 11:27:07 PM]&lt;Info&gt;AllBrowserWindow : Locating browser window...</Message>
          <Message>Assert.Fail failed. [5/14/2018 11:27:29 PM]&lt;Error&gt;AllBrowserWindow : failed executing ...Unable to find Windows Internet Explorer window with 'Register - Microsoft Internet Explorer provided by Horizon Hobby' in the title., 
    StackTrace:
    AllBrowserWindow(),SharedBorderFree.cs,Line Number:1037
    CrossSiteScriptingUserRegistrationMyAccount(),CrossSiteScripting.cs,Line Number:255</Message>
          <Message>[5/14/2018 11:27:29 PM]&lt;CaptureImage&gt;\\CMP01-YKumar\AutoLog\CMP01-YKUMAR\CrossSiteScriptingUserRegistrationMyAccount_20180514232729.png</Message>
          <Message>Assert.Fail failed. [5/14/2018 11:27:35 PM]&lt;ERROR&gt;MouseClick Exception:Microsoft.VisualStudio.TestTools.UITest.Extension.UITestControlNotFoundException: The playback failed to find the control with the given search properties. Additional Details: 
TechnologyName:  'Web'
ControlType:  'Hyperlink'
TagName:  'A'
Id:  'SignInLink'
 Failed to find any control that matched the search condition Id='SignInLink' &amp;&amp; ControlType='Hyperlink' ---&gt; System.Runtime.InteropServices.COMException: Error HRESULT E_FAIL has been returned from a call to a COM component.
   at Microsoft.VisualStudio.TestTools.UITest.Playback.Engine.IScreenElement.FindAllDescendants(String bstrQueryId, Object&amp; pvarResKeys, Int32 cResKeys, Int32 nMaxDepth)
   at Microsoft.VisualStudio.TestTools.UITest.Playback.ScreenElement.FindAllScreenElement(String queryId, Int32 depth, Boolean singleQueryId, Boolean throwException, Boolean resetSkipStep)
   at Microsoft.VisualStudio.TestTools.UITest.Playback.ScreenElement.FindScreenElement(String queryId, Int32 depth, Boolean resetSkipStep)
   at Microsoft.VisualStudio.TestTools.UITesting.UITestControl.FindFirstDescendant(String queryId, Int32 maxDepth, Int32&amp; timeLeft)
   --- End of inner exception stack trace ---
   at Microsoft.VisualStudio.TestTools.UITesting.Playback.MapControlNotFoundException(COMException ex, IPlaybackContext context)
   at Microsoft.VisualStudio.TestTools.UITesting.Playback.MapAndThrowComException(COMException innerException, IPlaybackContext context)
   at Microsoft.VisualStudio.TestTools.UITesting.Playback.MapAndThrowException(SystemException exception, IPlaybackContext context)
   at Microsoft.VisualStudio.TestTools.UITesting.Playback.MapAndThrowException(SystemException exception, String queryId)
   at Microsoft.VisualStudio.TestTools.UITesting.UITestControl.FindFirstDescendant(String queryId, Int32 maxDepth, Int32&amp; timeLeft)
   at Microsoft.VisualStudio.TestTools.UITesting.SearchHelper.GetUITestControlRecursive(Boolean useCache, Boolean alwaysSearch, ISearchArgument searchArg, IList`1 windowTitles, Int32&amp; timeLeft)
   at Microsoft.VisualStudio.TestTools.UITesting.SearchHelper.GetElement(Boolean useCache, ISearchArgument searchArg)
   at Microsoft.VisualStudio.TestTools.UITesting.SearchHelper.Search(ISearchArgument searchArg)
   at Microsoft.VisualStudio.TestTools.UITesting.UITestControl.FindInternal()
   at Microsoft.VisualStudio.TestTools.UITesting.UITestControl.&lt;Find&gt;b__3a()
   at Microsoft.VisualStudio.TestTools.UITesting.CodedUITestMethodInvoker.InvokeMethod[T](Func`1 function, UITestControl control, Boolean firePlaybackErrorEvent, Boolean logAsAction)
   at Microsoft.VisualStudio.TestTools.UITesting.UITestControl.Find()
   at Microsoft.VisualStudio.TestTools.UITesting.UITestControl.GetPropertyPrivate(String propertyName)
   at Microsoft.VisualStudio.TestTools.UITesting.UITestControl.GetPropertyOfType[T](String propertyName)
   at Microsoft.VisualStudio.TestTools.UITesting.UITestControl.get_Name()
   at TestAuto.LoggingAndSharedGenericMethods.MouseClick(UITestControl uiMenuItemTestControl) in c:\Builds\1\WebSphere\QATestAutomation\src\CodedUITest\SourceCode\Common\Logging\SharedMethods_Generic.cs:line 790, 
    StackTrace:
    MouseClick(),SharedMethods_Generic.cs,Line Number:822
    ClickSignInAndRegister(),SharedUserRegistration.cs,Line Number:1065
    RegisterNewUser(),SharedUserRegistration.cs,Line Number:1157
    RegisterNewUser(),SharedUserRegistration.cs,Line Number:1171
    CrossSiteScriptingUserRegistrationMyAccount(),CrossSiteScripting.cs,Line Number:252</Message>
          <Message>[5/14/2018 11:27:35 PM]&lt;CaptureImage&gt;\\CMP01-YKumar\AutoLog\CMP01-YKUMAR\CrossSiteScriptingUserRegistrationMyAccount_20180514232735.png</Message>
          <Message>[5/14/2018 11:27:35 PM]&lt;INFO&gt;SurveyWindow : method executing ...</Message>
          <Message>[5/14/2018 11:27:38 PM]&lt;INFO&gt;ContinueOnCertificationErrorClickexecuting ...</Message>
          <Message>[5/14/2018 11:27:38 PM]&lt;Info&gt;DEAllBrowserWindow : Locating browser window...</Message>
          <Message>Assert.Fail failed. [5/14/2018 11:27:43 PM]&lt;ERROR&gt;ClickSignInAndRegister : failed executing ...The playback failed to find the control with the given search properties. Additional Details: 
TechnologyName:  'Web'
ControlType:  'Hyperlink'
TagName:  'A'
Class:  'button large logon_registerBtn'
 Failed to find any control that matched the search condition ControlType='Hyperlink' &amp;&amp; Class='button large logon_registerBtn', 
    StackTrace:
    ClickSignInAndRegister(),SharedUserRegistration.cs,Line Number:1083
    RegisterNewUser(),SharedUserRegistration.cs,Line Number:1157
    RegisterNewUser(),SharedUserRegistration.cs,Line Number:1171
    CrossSiteScriptingUserRegistrationMyAccount(),CrossSiteScripting.cs,Line Number:252</Message>
          <Message>[5/14/2018 11:27:43 PM]&lt;CaptureImage&gt;\\CMP01-YKumar\AutoLog\CMP01-YKUMAR\CrossSiteScriptingUserRegistrationMyAccount_20180514232743.png</Message>
          <Message>[5/14/2018 11:27:43 PM]&lt;INFO&gt;UserRegistration : method executing ...</Message>
          <Message>[5/14/2018 11:27:43 PM]&lt;Info&gt;AllBrowserWindow : Locating browser window...</Message>
          <Message>Assert.Fail failed. [5/14/2018 11:28:05 PM]&lt;Error&gt;AllBrowserWindow : failed executing ...Unable to find Windows Internet Explorer window with 'Register - Microsoft Internet Explorer provided by Horizon Hobby' in the title., 
    StackTrace:
    AllBrowserWindow(),SharedBorderFree.cs,Line Number:1037
    UserRegistration(),SharedUserRegistration.cs,Line Number:622
    RegisterNewUser(),SharedUserRegistration.cs,Line Number:1158
    RegisterNewUser(),SharedUserRegistration.cs,Line Number:1171
    CrossSiteScriptingUserRegistrationMyAccount(),CrossSiteScripting.cs,Line Number:252</Message>
          <Message>[5/14/2018 11:28:05 PM]&lt;CaptureImage&gt;\\CMP01-YKumar\AutoLog\CMP01-YKUMAR\CrossSiteScriptingUserRegistrationMyAccount_20180514232805.png</Message>
          <Message>Assert.Fail failed. [5/14/2018 11:28:08 PM]&lt;ERROR&gt;UserRegistration : failed executing ...The playback failed to find the control with the given search properties. Additional Details: 
TechnologyName:  'Web'
ControlType:  'ComboBox'
TagName:  'SELECT'
Id:  'WC_UserRegistrationAddForm_AddressEntryForm_FormInput_country_1'
 Failed to find any control that matched the search condition Id='WC_UserRegistrationAddForm_AddressEntryForm_FormInput_country_1' &amp;&amp; ControlType='ComboBox', 
    StackTrace:
    UserRegistration(),SharedUserRegistration.cs,Line Number:836
    RegisterNewUser(),SharedUserRegistration.cs,Line Number:1158
    RegisterNewUser(),SharedUserRegistration.cs,Line Number:1171
    CrossSiteScriptingUserRegistrationMyAccount(),CrossSiteScripting.cs,Line Number:252</Message>
          <Message>[5/14/2018 11:28:08 PM]&lt;CaptureImage&gt;\\CMP01-YKumar\AutoLog\CMP01-YKUMAR\CrossSiteScriptingUserRegistrationMyAccount_20180514232808.png</Message>
          <Message>[5/14/2018 11:28:08 PM]&lt;INFO&gt;UserRegistrationSubmit : method executing ...</Message>
          <Message>[5/14/2018 11:28:08 PM]&lt;Info&gt;AllBrowserWindow : Locating browser window...</Message>
          <Message>Assert.Fail failed. [5/14/2018 11:28:30 PM]&lt;Error&gt;AllBrowserWindow : failed executing ...Unable to find Windows Internet Explorer window with 'Register - Microsoft Internet Explorer provided by Horizon Hobby' in the title., 
    StackTrace:
    AllBrowserWindow(),SharedBorderFree.cs,Line Number:1037
    UserRegistrationSubmit(),SharedUserRegistration.cs,Line Number:847
    CrossSiteScriptingUserRegistrationMyAccount(),CrossSiteScripting.cs,Line Number:253</Message>
          <Message>[5/14/2018 11:28:30 PM]&lt;CaptureImage&gt;\\CMP01-YKumar\AutoLog\CMP01-YKUMAR\CrossSiteScriptingUserRegistrationMyAccount_20180514232830.png</Message>
          <Message>Assert.Fail failed. [5/14/2018 11:28:36 PM]&lt;ERROR&gt;MouseClick Exception:Microsoft.VisualStudio.TestTools.UITest.Extension.UITestControlNotFoundException: The playback failed to find the control with the given search properties. Additional Details: 
TechnologyName:  'Web'
ControlType:  'Hyperlink'
TagName:  'A'
Id:  'WC_UserRegistrationAddForm_links_1'
 Failed to find any control that matched the search condition Id='WC_UserRegistrationAddForm_links_1' &amp;&amp; ControlType='Hyperlink' ---&gt; System.Runtime.InteropServices.COMException: Error HRESULT E_FAIL has been returned from a call to a COM component.
   at Microsoft.VisualStudio.TestTools.UITest.Playback.Engine.IScreenElement.FindAllDescendants(String bstrQueryId, Object&amp; pvarResKeys, Int32 cResKeys, Int32 nMaxDepth)
   at Microsoft.VisualStudio.TestTools.UITest.Playback.ScreenElement.FindAllScreenElement(String queryId, Int32 depth, Boolean singleQueryId, Boolean throwException, Boolean resetSkipStep)
   at Microsoft.VisualStudio.TestTools.UITest.Playback.ScreenElement.FindScreenElement(String queryId, Int32 depth, Boolean resetSkipStep)
   at Microsoft.VisualStudio.TestTools.UITesting.UITestControl.FindFirstDescendant(String queryId, Int32 maxDepth, Int32&amp; timeLeft)
   --- End of inner exception stack trace ---
   at Microsoft.VisualStudio.TestTools.UITesting.Playback.MapControlNotFoundException(COMException ex, IPlaybackContext context)
   at Microsoft.VisualStudio.TestTools.UITesting.Playback.MapAndThrowComException(COMException innerException, IPlaybackContext context)
   at Microsoft.VisualStudio.TestTools.UITesting.Playback.MapAndThrowException(SystemException exception, IPlaybackContext context)
   at Microsoft.VisualStudio.TestTools.UITesting.Playback.MapAndThrowException(SystemException exception, String queryId)
   at Microsoft.VisualStudio.TestTools.UITesting.UITestControl.FindFirstDescendant(String queryId, Int32 maxDepth, Int32&amp; timeLeft)
   at Microsoft.VisualStudio.TestTools.UITesting.SearchHelper.GetUITestControlRecursive(Boolean useCache, Boolean alwaysSearch, ISearchArgument searchArg, IList`1 windowTitles, Int32&amp; timeLeft)
   at Microsoft.VisualStudio.TestTools.UITesting.SearchHelper.GetElement(Boolean useCache, ISearchArgument searchArg)
   at Microsoft.VisualStudio.TestTools.UITesting.SearchHelper.Search(ISearchArgument searchArg)
   at Microsoft.VisualStudio.TestTools.UITesting.UITestControl.FindInternal()
   at Microsoft.VisualStudio.TestTools.UITesting.UITestControl.&lt;Find&gt;b__3a()
   at Microsoft.VisualStudio.TestTools.UITesting.CodedUITestMethodInvoker.InvokeMethod[T](Func`1 function, UITestControl control, Boolean firePlaybackErrorEvent, Boolean logAsAction)
   at Microsoft.VisualStudio.TestTools.UITesting.UITestControl.Find()
   at Microsoft.VisualStudio.TestTools.UITesting.UITestControl.GetPropertyPrivate(String propertyName)
   at Microsoft.VisualStudio.TestTools.UITesting.UITestControl.GetPropertyOfType[T](String propertyName)
   at Microsoft.VisualStudio.TestTools.UITesting.UITestControl.get_Name()
   at TestAuto.LoggingAndSharedGenericMethods.MouseClick(UITestControl uiMenuItemTestControl) in c:\Builds\1\WebSphere\QATestAutomation\src\CodedUITest\SourceCode\Common\Logging\SharedMethods_Generic.cs:line 790, 
    StackTrace:
    MouseClick(),SharedMethods_Generic.cs,Line Number:822
    UserRegistrationSubmit(),SharedUserRegistration.cs,Line Number:851
    CrossSiteScriptingUserRegistrationMyAccount(),CrossSiteScripting.cs,Line Number:253</Message>
          <Message>[5/14/2018 11:28:36 PM]&lt;CaptureImage&gt;\\CMP01-YKumar\AutoLog\CMP01-YKUMAR\CrossSiteScriptingUserRegistrationMyAccount_20180514232836.png</Message>
          <Message>[5/14/2018 11:28:38 PM]&lt;FAIL&gt;&lt;CrossSiteScriptingUserRegistrationMyAccount&gt;&lt;Invalid character errors message appears&gt;.Assert.AreEqual failed. Expected:&lt;True&gt;. Actual:&lt;False&gt;. 
    StackTrace:
    ValidateToolTipTextForInvaildCharacters(),SharedCrossSiteScripting.cs,Line Number:112
    CrossSiteScriptingUserRegistrationMyAccount(),CrossSiteScripting.cs,Line Number:254</Message>
          <Message>[5/14/2018 11:28:38 PM]&lt;CaptureImage&gt;\\CMP01-YKumar\AutoLog\CMP01-YKUMAR\CrossSiteScriptingUserRegistrationMyAccount_20180514232838.png</Message>
          <Message>[5/14/2018 11:28:38 PM]&lt;Info&gt;AllBrowserWindow : Locating browser window...</Message>
          <Message>Assert.Fail failed. [5/14/2018 11:29:01 PM]&lt;Error&gt;AllBrowserWindow : failed executing ...Unable to find Windows Internet Explorer window with 'Register - Microsoft Internet Explorer provided by Horizon Hobby' in the title., 
    StackTrace:
    AllBrowserWindow(),SharedBorderFree.cs,Line Number:1037
    CrossSiteScriptingUserRegistrationMyAccount(),CrossSiteScripting.cs,Line Number:255</Message>
          <Message>[5/14/2018 11:29:01 PM]&lt;CaptureImage&gt;\\CMP01-YKumar\AutoLog\CMP01-YKUMAR\CrossSiteScriptingUserRegistrationMyAccount_20180514232901.png</Message>
          <Message>Assert.Fail failed. [5/14/2018 11:29:06 PM]&lt;ERROR&gt;MouseClick Exception:Microsoft.VisualStudio.TestTools.UITest.Extension.UITestControlNotFoundException: The playback failed to find the control with the given search properties. Additional Details: 
TechnologyName:  'Web'
ControlType:  'Hyperlink'
TagName:  'A'
Id:  'SignInLink'
 Failed to find any control that matched the search condition Id='SignInLink' &amp;&amp; ControlType='Hyperlink' ---&gt; System.Runtime.InteropServices.COMException: Error HRESULT E_FAIL has been returned from a call to a COM component.
   at Microsoft.VisualStudio.TestTools.UITest.Playback.Engine.IScreenElement.FindAllDescendants(String bstrQueryId, Object&amp; pvarResKeys, Int32 cResKeys, Int32 nMaxDepth)
   at Microsoft.VisualStudio.TestTools.UITest.Playback.ScreenElement.FindAllScreenElement(String queryId, Int32 depth, Boolean singleQueryId, Boolean throwException, Boolean resetSkipStep)
   at Microsoft.VisualStudio.TestTools.UITest.Playback.ScreenElement.FindScreenElement(String queryId, Int32 depth, Boolean resetSkipStep)
   at Microsoft.VisualStudio.TestTools.UITesting.UITestControl.FindFirstDescendant(String queryId, Int32 maxDepth, Int32&amp; timeLeft)
   --- End of inner exception stack trace ---
   at Microsoft.VisualStudio.TestTools.UITesting.Playback.MapControlNotFoundException(COMException ex, IPlaybackContext context)
   at Microsoft.VisualStudio.TestTools.UITesting.Playback.MapAndThrowComException(COMException innerException, IPlaybackContext context)
   at Microsoft.VisualStudio.TestTools.UITesting.Playback.MapAndThrowException(SystemException exception, IPlaybackContext context)
   at Microsoft.VisualStudio.TestTools.UITesting.Playback.MapAndThrowException(SystemException exception, String queryId)
   at Microsoft.VisualStudio.TestTools.UITesting.UITestControl.FindFirstDescendant(String queryId, Int32 maxDepth, Int32&amp; timeLeft)
   at Microsoft.VisualStudio.TestTools.UITesting.SearchHelper.GetUITestControlRecursive(Boolean useCache, Boolean alwaysSearch, ISearchArgument searchArg, IList`1 windowTitles, Int32&amp; timeLeft)
   at Microsoft.VisualStudio.TestTools.UITesting.SearchHelper.GetElement(Boolean useCache, ISearchArgument searchArg)
   at Microsoft.VisualStudio.TestTools.UITesting.SearchHelper.Search(ISearchArgument searchArg)
   at Microsoft.VisualStudio.TestTools.UITesting.UITestControl.FindInternal()
   at Microsoft.VisualStudio.TestTools.UITesting.UITestControl.&lt;Find&gt;b__3a()
   at Microsoft.VisualStudio.TestTools.UITesting.CodedUITestMethodInvoker.InvokeMethod[T](Func`1 function, UITestControl control, Boolean firePlaybackErrorEvent, Boolean logAsAction)
   at Microsoft.VisualStudio.TestTools.UITesting.UITestControl.Find()
   at Microsoft.VisualStudio.TestTools.UITesting.UITestControl.GetPropertyPrivate(String propertyName)
   at Microsoft.VisualStudio.TestTools.UITesting.UITestControl.GetPropertyOfType[T](String propertyName)
   at Microsoft.VisualStudio.TestTools.UITesting.UITestControl.get_Name()
   at TestAuto.LoggingAndSharedGenericMethods.MouseClick(UITestControl uiMenuItemTestControl) in c:\Builds\1\WebSphere\QATestAutomation\src\CodedUITest\SourceCode\Common\Logging\SharedMethods_Generic.cs:line 790, 
    StackTrace:
    MouseClick(),SharedMethods_Generic.cs,Line Number:822
    ClickSignInAndRegister(),SharedUserRegistration.cs,Line Number:1065
    RegisterNewUser(),SharedUserRegistration.cs,Line Number:1157
    RegisterNewUser(),SharedUserRegistration.cs,Line Number:1171
    CrossSiteScriptingUserRegistrationMyAccount(),CrossSiteScripting.cs,Line Number:252</Message>
          <Message>[5/14/2018 11:29:06 PM]&lt;CaptureImage&gt;\\CMP01-YKumar\AutoLog\CMP01-YKUMAR\CrossSiteScriptingUserRegistrationMyAccount_20180514232906.png</Message>
          <Message>[5/14/2018 11:29:06 PM]&lt;INFO&gt;SurveyWindow : method executing ...</Message>
          <Message>[5/14/2018 11:29:09 PM]&lt;INFO&gt;ContinueOnCertificationErrorClickexecuting ...</Message>
          <Message>[5/14/2018 11:29:09 PM]&lt;Info&gt;DEAllBrowserWindow : Locating browser window...</Message>
          <Message>Assert.Fail failed. [5/14/2018 11:29:14 PM]&lt;ERROR&gt;ClickSignInAndRegister : failed executing ...The playback failed to find the control with the given search properties. Additional Details: 
TechnologyName:  'Web'
ControlType:  'Hyperlink'
TagName:  'A'
Class:  'button large logon_registerBtn'
 Failed to find any control that matched the search condition ControlType='Hyperlink' &amp;&amp; Class='button large logon_registerBtn', 
    StackTrace:
    ClickSignInAndRegister(),SharedUserRegistration.cs,Line Number:1083
    RegisterNewUser(),SharedUserRegistration.cs,Line Number:1157
    RegisterNewUser(),SharedUserRegistration.cs,Line Number:1171
    CrossSiteScriptingUserRegistrationMyAccount(),CrossSiteScripting.cs,Line Number:252</Message>
          <Message>[5/14/2018 11:29:14 PM]&lt;CaptureImage&gt;\\CMP01-YKumar\AutoLog\CMP01-YKUMAR\CrossSiteScriptingUserRegistrationMyAccount_20180514232914.png</Message>
          <Message>[5/14/2018 11:29:14 PM]&lt;INFO&gt;UserRegistration : method executing ...</Message>
          <Message>[5/14/2018 11:29:14 PM]&lt;Info&gt;AllBrowserWindow : Locating browser window...</Message>
          <Message>Assert.Fail failed. [5/14/2018 11:29:37 PM]&lt;Error&gt;AllBrowserWindow : failed executing ...Unable to find Windows Internet Explorer window with 'Register - Microsoft Internet Explorer provided by Horizon Hobby' in the title., 
    StackTrace:
    AllBrowserWindow(),SharedBorderFree.cs,Line Number:1037
    UserRegistration(),SharedUserRegistration.cs,Line Number:622
    RegisterNewUser(),SharedUserRegistration.cs,Line Number:1158
    RegisterNewUser(),SharedUserRegistration.cs,Line Number:1171
    CrossSiteScriptingUserRegistrationMyAccount(),CrossSiteScripting.cs,Line Number:252</Message>
          <Message>[5/14/2018 11:29:37 PM]&lt;CaptureImage&gt;\\CMP01-YKumar\AutoLog\CMP01-YKUMAR\CrossSiteScriptingUserRegistrationMyAccount_20180514232937.png</Message>
          <Message>Assert.Fail failed. [5/14/2018 11:29:39 PM]&lt;ERROR&gt;UserRegistration : failed executing ...The playback failed to find the control with the given search properties. Additional Details: 
TechnologyName:  'Web'
ControlType:  'ComboBox'
TagName:  'SELECT'
Id:  'WC_UserRegistrationAddForm_AddressEntryForm_FormInput_country_1'
 Failed to find any control that matched the search condition Id='WC_UserRegistrationAddForm_AddressEntryForm_FormInput_country_1' &amp;&amp; ControlType='ComboBox', 
    StackTrace:
    UserRegistration(),SharedUserRegistration.cs,Line Number:836
    RegisterNewUser(),SharedUserRegistration.cs,Line Number:1158
    RegisterNewUser(),SharedUserRegistration.cs,Line Number:1171
    CrossSiteScriptingUserRegistrationMyAccount(),CrossSiteScripting.cs,Line Number:252</Message>
          <Message>[5/14/2018 11:29:39 PM]&lt;CaptureImage&gt;\\CMP01-YKumar\AutoLog\CMP01-YKUMAR\CrossSiteScriptingUserRegistrationMyAccount_20180514232939.png</Message>
          <Message>[5/14/2018 11:29:39 PM]&lt;INFO&gt;UserRegistrationSubmit : method executing ...</Message>
          <Message>[5/14/2018 11:29:39 PM]&lt;Info&gt;AllBrowserWindow : Locating browser window...</Message>
          <Message>Assert.Fail failed. [5/14/2018 11:30:02 PM]&lt;Error&gt;AllBrowserWindow : failed executing ...Unable to find Windows Internet Explorer window with 'Register - Microsoft Internet Explorer provided by Horizon Hobby' in the title., 
    StackTrace:
    AllBrowserWindow(),SharedBorderFree.cs,Line Number:1037
    UserRegistrationSubmit(),SharedUserRegistration.cs,Line Number:847
    CrossSiteScriptingUserRegistrationMyAccount(),CrossSiteScripting.cs,Line Number:253</Message>
          <Message>[5/14/2018 11:30:02 PM]&lt;CaptureImage&gt;\\CMP01-YKumar\AutoLog\CMP01-YKUMAR\CrossSiteScriptingUserRegistrationMyAccount_20180514233002.png</Message>
          <Message>Assert.Fail failed. [5/14/2018 11:30:07 PM]&lt;ERROR&gt;MouseClick Exception:Microsoft.VisualStudio.TestTools.UITest.Extension.UITestControlNotFoundException: The playback failed to find the control with the given search properties. Additional Details: 
TechnologyName:  'Web'
ControlType:  'Hyperlink'
TagName:  'A'
Id:  'WC_UserRegistrationAddForm_links_1'
 Failed to find any control that matched the search condition Id='WC_UserRegistrationAddForm_links_1' &amp;&amp; ControlType='Hyperlink' ---&gt; System.Runtime.InteropServices.COMException: Error HRESULT E_FAIL has been returned from a call to a COM component.
   at Microsoft.VisualStudio.TestTools.UITest.Playback.Engine.IScreenElement.FindAllDescendants(String bstrQueryId, Object&amp; pvarResKeys, Int32 cResKeys, Int32 nMaxDepth)
   at Microsoft.VisualStudio.TestTools.UITest.Playback.ScreenElement.FindAllScreenElement(String queryId, Int32 depth, Boolean singleQueryId, Boolean throwException, Boolean resetSkipStep)
   at Microsoft.VisualStudio.TestTools.UITest.Playback.ScreenElement.FindScreenElement(String queryId, Int32 depth, Boolean resetSkipStep)
   at Microsoft.VisualStudio.TestTools.UITesting.UITestControl.FindFirstDescendant(String queryId, Int32 maxDepth, Int32&amp; timeLeft)
   --- End of inner exception stack trace ---
   at Microsoft.VisualStudio.TestTools.UITesting.Playback.MapControlNotFoundException(COMException ex, IPlaybackContext context)
   at Microsoft.VisualStudio.TestTools.UITesting.Playback.MapAndThrowComException(COMException innerException, IPlaybackContext context)
   at Microsoft.VisualStudio.TestTools.UITesting.Playback.MapAndThrowException(SystemException exception, IPlaybackContext context)
   at Microsoft.VisualStudio.TestTools.UITesting.Playback.MapAndThrowException(SystemException exception, String queryId)
   at Microsoft.VisualStudio.TestTools.UITesting.UITestControl.FindFirstDescendant(String queryId, Int32 maxDepth, Int32&amp; timeLeft)
   at Microsoft.VisualStudio.TestTools.UITesting.SearchHelper.GetUITestControlRecursive(Boolean useCache, Boolean alwaysSearch, ISearchArgument searchArg, IList`1 windowTitles, Int32&amp; timeLeft)
   at Microsoft.VisualStudio.TestTools.UITesting.SearchHelper.GetElement(Boolean useCache, ISearchArgument searchArg)
   at Microsoft.VisualStudio.TestTools.UITesting.SearchHelper.Search(ISearchArgument searchArg)
   at Microsoft.VisualStudio.TestTools.UITesting.UITestControl.FindInternal()
   at Microsoft.VisualStudio.TestTools.UITesting.UITestControl.&lt;Find&gt;b__3a()
   at Microsoft.VisualStudio.TestTools.UITesting.CodedUITestMethodInvoker.InvokeMethod[T](Func`1 function, UITestControl control, Boolean firePlaybackErrorEvent, Boolean logAsAction)
   at Microsoft.VisualStudio.TestTools.UITesting.UITestControl.Find()
   at Microsoft.VisualStudio.TestTools.UITesting.UITestControl.GetPropertyPrivate(String propertyName)
   at Microsoft.VisualStudio.TestTools.UITesting.UITestControl.GetPropertyOfType[T](String propertyName)
   at Microsoft.VisualStudio.TestTools.UITesting.UITestControl.get_Name()
   at TestAuto.LoggingAndSharedGenericMethods.MouseClick(UITestControl uiMenuItemTestControl) in c:\Builds\1\WebSphere\QATestAutomation\src\CodedUITest\SourceCode\Common\Logging\SharedMethods_Generic.cs:line 790, 
    StackTrace:
    MouseClick(),SharedMethods_Generic.cs,Line Number:822
    UserRegistrationSubmit(),SharedUserRegistration.cs,Line Number:851
    CrossSiteScriptingUserRegistrationMyAccount(),CrossSiteScripting.cs,Line Number:253</Message>
          <Message>[5/14/2018 11:30:07 PM]&lt;CaptureImage&gt;\\CMP01-YKumar\AutoLog\CMP01-YKUMAR\CrossSiteScriptingUserRegistrationMyAccount_20180514233007.png</Message>
          <Message>[5/14/2018 11:30:10 PM]&lt;FAIL&gt;&lt;CrossSiteScriptingUserRegistrationMyAccount&gt;&lt;Invalid character errors message appears&gt;.Assert.AreEqual failed. Expected:&lt;True&gt;. Actual:&lt;False&gt;. 
    StackTrace:
    ValidateToolTipTextForInvaildCharacters(),SharedCrossSiteScripting.cs,Line Number:112
    CrossSiteScriptingUserRegistrationMyAccount(),CrossSiteScripting.cs,Line Number:254</Message>
          <Message>[5/14/2018 11:30:10 PM]&lt;CaptureImage&gt;\\CMP01-YKumar\AutoLog\CMP01-YKUMAR\CrossSiteScriptingUserRegistrationMyAccount_20180514233010.png</Message>
          <Message>[5/14/2018 11:30:10 PM]&lt;Info&gt;AllBrowserWindow : Locating browser window...</Message>
          <Message>Assert.Fail failed. [5/14/2018 11:30:32 PM]&lt;Error&gt;AllBrowserWindow : failed executing ...Unable to find Windows Internet Explorer window with 'Register - Microsoft Internet Explorer provided by Horizon Hobby' in the title., 
    StackTrace:
    AllBrowserWindow(),SharedBorderFree.cs,Line Number:1037
    CrossSiteScriptingUserRegistrationMyAccount(),CrossSiteScripting.cs,Line Number:255</Message>
          <Message>[5/14/2018 11:30:32 PM]&lt;CaptureImage&gt;\\CMP01-YKumar\AutoLog\CMP01-YKUMAR\CrossSiteScriptingUserRegistrationMyAccount_20180514233032.png</Message>
          <Message>Assert.Fail failed. [5/14/2018 11:30:38 PM]&lt;ERROR&gt;MouseClick Exception:Microsoft.VisualStudio.TestTools.UITest.Extension.UITestControlNotFoundException: The playback failed to find the control with the given search properties. Additional Details: 
TechnologyName:  'Web'
ControlType:  'Hyperlink'
TagName:  'A'
Id:  'SignInLink'
 Failed to find any control that matched the search condition Id='SignInLink' &amp;&amp; ControlType='Hyperlink' ---&gt; System.Runtime.InteropServices.COMException: Error HRESULT E_FAIL has been returned from a call to a COM component.
   at Microsoft.VisualStudio.TestTools.UITest.Playback.Engine.IScreenElement.FindAllDescendants(String bstrQueryId, Object&amp; pvarResKeys, Int32 cResKeys, Int32 nMaxDepth)
   at Microsoft.VisualStudio.TestTools.UITest.Playback.ScreenElement.FindAllScreenElement(String queryId, Int32 depth, Boolean singleQueryId, Boolean throwException, Boolean resetSkipStep)
   at Microsoft.VisualStudio.TestTools.UITest.Playback.ScreenElement.FindScreenElement(String queryId, Int32 depth, Boolean resetSkipStep)
   at Microsoft.VisualStudio.TestTools.UITesting.UITestControl.FindFirstDescendant(String queryId, Int32 maxDepth, Int32&amp; timeLeft)
   --- End of inner exception stack trace ---
   at Microsoft.VisualStudio.TestTools.UITesting.Playback.MapControlNotFoundException(COMException ex, IPlaybackContext context)
   at Microsoft.VisualStudio.TestTools.UITesting.Playback.MapAndThrowComException(COMException innerException, IPlaybackContext context)
   at Microsoft.VisualStudio.TestTools.UITesting.Playback.MapAndThrowException(SystemException exception, IPlaybackContext context)
   at Microsoft.VisualStudio.TestTools.UITesting.Playback.MapAndThrowException(SystemException exception, String queryId)
   at Microsoft.VisualStudio.TestTools.UITesting.UITestControl.FindFirstDescendant(String queryId, Int32 maxDepth, Int32&amp; timeLeft)
   at Microsoft.VisualStudio.TestTools.UITesting.SearchHelper.GetUITestControlRecursive(Boolean useCache, Boolean alwaysSearch, ISearchArgument searchArg, IList`1 windowTitles, Int32&amp; timeLeft)
   at Microsoft.VisualStudio.TestTools.UITesting.SearchHelper.GetElement(Boolean useCache, ISearchArgument searchArg)
   at Microsoft.VisualStudio.TestTools.UITesting.SearchHelper.Search(ISearchArgument searchArg)
   at Microsoft.VisualStudio.TestTools.UITesting.UITestControl.FindInternal()
   at Microsoft.VisualStudio.TestTools.UITesting.UITestControl.&lt;Find&gt;b__3a()
   at Microsoft.VisualStudio.TestTools.UITesting.CodedUITestMethodInvoker.InvokeMethod[T](Func`1 function, UITestControl control, Boolean firePlaybackErrorEvent, Boolean logAsAction)
   at Microsoft.VisualStudio.TestTools.UITesting.UITestControl.Find()
   at Microsoft.VisualStudio.TestTools.UITesting.UITestControl.GetPropertyPrivate(String propertyName)
   at Microsoft.VisualStudio.TestTools.UITesting.UITestControl.GetPropertyOfType[T](String propertyName)
   at Microsoft.VisualStudio.TestTools.UITesting.UITestControl.get_Name()
   at TestAuto.LoggingAndSharedGenericMethods.MouseClick(UITestControl uiMenuItemTestControl) in c:\Builds\1\WebSphere\QATestAutomation\src\CodedUITest\SourceCode\Common\Logging\SharedMethods_Generic.cs:line 790, 
    StackTrace:
    MouseClick(),SharedMethods_Generic.cs,Line Number:822
    ClickSignInAndRegister(),SharedUserRegistration.cs,Line Number:1065
    RegisterNewUser(),SharedUserRegistration.cs,Line Number:1157
    RegisterNewUser(),SharedUserRegistration.cs,Line Number:1171
    CrossSiteScriptingUserRegistrationMyAccount(),CrossSiteScripting.cs,Line Number:252</Message>
          <Message>[5/14/2018 11:30:38 PM]&lt;CaptureImage&gt;\\CMP01-YKumar\AutoLog\CMP01-YKUMAR\CrossSiteScriptingUserRegistrationMyAccount_20180514233038.png</Message>
          <Message>[5/14/2018 11:30:38 PM]&lt;INFO&gt;SurveyWindow : method executing ...</Message>
          <Message>[5/14/2018 11:30:40 PM]&lt;INFO&gt;ContinueOnCertificationErrorClickexecuting ...</Message>
          <Message>[5/14/2018 11:30:40 PM]&lt;Info&gt;DEAllBrowserWindow : Locating browser window...</Message>
          <Message>Assert.Fail failed. [5/14/2018 11:30:46 PM]&lt;ERROR&gt;ClickSignInAndRegister : failed executing ...The playback failed to find the control with the given search properties. Additional Details: 
TechnologyName:  'Web'
ControlType:  'Hyperlink'
TagName:  'A'
Class:  'button large logon_registerBtn'
 Failed to find any control that matched the search condition ControlType='Hyperlink' &amp;&amp; Class='button large logon_registerBtn', 
    StackTrace:
    ClickSignInAndRegister(),SharedUserRegistration.cs,Line Number:1083
    RegisterNewUser(),SharedUserRegistration.cs,Line Number:1157
    RegisterNewUser(),SharedUserRegistration.cs,Line Number:1171
    CrossSiteScriptingUserRegistrationMyAccount(),CrossSiteScripting.cs,Line Number:252</Message>
          <Message>[5/14/2018 11:30:46 PM]&lt;CaptureImage&gt;\\CMP01-YKumar\AutoLog\CMP01-YKUMAR\CrossSiteScriptingUserRegistrationMyAccount_20180514233046.png</Message>
          <Message>[5/14/2018 11:30:46 PM]&lt;INFO&gt;UserRegistration : method executing ...</Message>
          <Message>[5/14/2018 11:30:46 PM]&lt;Info&gt;AllBrowserWindow : Locating browser window...</Message>
          <Message>Assert.Fail failed. [5/14/2018 11:31:08 PM]&lt;Error&gt;AllBrowserWindow : failed executing ...Unable to find Windows Internet Explorer window with 'Register - Microsoft Internet Explorer provided by Horizon Hobby' in the title., 
    StackTrace:
    AllBrowserWindow(),SharedBorderFree.cs,Line Number:1037
    UserRegistration(),SharedUserRegistration.cs,Line Number:622
    RegisterNewUser(),SharedUserRegistration.cs,Line Number:1158
    RegisterNewUser(),SharedUserRegistration.cs,Line Number:1171
    CrossSiteScriptingUserRegistrationMyAccount(),CrossSiteScripting.cs,Line Number:252</Message>
          <Message>[5/14/2018 11:31:08 PM]&lt;CaptureImage&gt;\\CMP01-YKumar\AutoLog\CMP01-YKUMAR\CrossSiteScriptingUserRegistrationMyAccount_20180514233108.png</Message>
          <Message>Assert.Fail failed. [5/14/2018 11:31:11 PM]&lt;ERROR&gt;UserRegistration : failed executing ...The playback failed to find the control with the given search properties. Additional Details: 
TechnologyName:  'Web'
ControlType:  'ComboBox'
TagName:  'SELECT'
Id:  'WC_UserRegistrationAddForm_AddressEntryForm_FormInput_country_1'
 Failed to find any control that matched the search condition Id='WC_UserRegistrationAddForm_AddressEntryForm_FormInput_country_1' &amp;&amp; ControlType='ComboBox', 
    StackTrace:
    UserRegistration(),SharedUserRegistration.cs,Line Number:836
    RegisterNewUser(),SharedUserRegistration.cs,Line Number:1158
    RegisterNewUser(),SharedUserRegistration.cs,Line Number:1171
    CrossSiteScriptingUserRegistrationMyAccount(),CrossSiteScripting.cs,Line Number:252</Message>
          <Message>[5/14/2018 11:31:11 PM]&lt;CaptureImage&gt;\\CMP01-YKumar\AutoLog\CMP01-YKUMAR\CrossSiteScriptingUserRegistrationMyAccount_20180514233111.png</Message>
          <Message>[5/14/2018 11:31:11 PM]&lt;INFO&gt;UserRegistrationSubmit : method executing ...</Message>
          <Message>[5/14/2018 11:31:11 PM]&lt;Info&gt;AllBrowserWindow : Locating browser window...</Message>
          <Message>Assert.Fail failed. [5/14/2018 11:31:33 PM]&lt;Error&gt;AllBrowserWindow : failed executing ...Unable to find Windows Internet Explorer window with 'Register - Microsoft Internet Explorer provided by Horizon Hobby' in the title., 
    StackTrace:
    AllBrowserWindow(),SharedBorderFree.cs,Line Number:1037
    UserRegistrationSubmit(),SharedUserRegistration.cs,Line Number:847
    CrossSiteScriptingUserRegistrationMyAccount(),CrossSiteScripting.cs,Line Number:253</Message>
          <Message>[5/14/2018 11:31:33 PM]&lt;CaptureImage&gt;\\CMP01-YKumar\AutoLog\CMP01-YKUMAR\CrossSiteScriptingUserRegistrationMyAccount_20180514233133.png</Message>
          <Message>Assert.Fail failed. [5/14/2018 11:31:39 PM]&lt;ERROR&gt;MouseClick Exception:Microsoft.VisualStudio.TestTools.UITest.Extension.UITestControlNotFoundException: The playback failed to find the control with the given search properties. Additional Details: 
TechnologyName:  'Web'
ControlType:  'Hyperlink'
TagName:  'A'
Id:  'WC_UserRegistrationAddForm_links_1'
 Failed to find any control that matched the search condition Id='WC_UserRegistrationAddForm_links_1' &amp;&amp; ControlType='Hyperlink' ---&gt; System.Runtime.InteropServices.COMException: Error HRESULT E_FAIL has been returned from a call to a COM component.
   at Microsoft.VisualStudio.TestTools.UITest.Playback.Engine.IScreenElement.FindAllDescendants(String bstrQueryId, Object&amp; pvarResKeys, Int32 cResKeys, Int32 nMaxDepth)
   at Microsoft.VisualStudio.TestTools.UITest.Playback.ScreenElement.FindAllScreenElement(String queryId, Int32 depth, Boolean singleQueryId, Boolean throwException, Boolean resetSkipStep)
   at Microsoft.VisualStudio.TestTools.UITest.Playback.ScreenElement.FindScreenElement(String queryId, Int32 depth, Boolean resetSkipStep)
   at Microsoft.VisualStudio.TestTools.UITesting.UITestControl.FindFirstDescendant(String queryId, Int32 maxDepth, Int32&amp; timeLeft)
   --- End of inner exception stack trace ---
   at Microsoft.VisualStudio.TestTools.UITesting.Playback.MapControlNotFoundException(COMException ex, IPlaybackContext context)
   at Microsoft.VisualStudio.TestTools.UITesting.Playback.MapAndThrowComException(COMException innerException, IPlaybackContext context)
   at Microsoft.VisualStudio.TestTools.UITesting.Playback.MapAndThrowException(SystemException exception, IPlaybackContext context)
   at Microsoft.VisualStudio.TestTools.UITesting.Playback.MapAndThrowException(SystemException exception, String queryId)
   at Microsoft.VisualStudio.TestTools.UITesting.UITestControl.FindFirstDescendant(String queryId, Int32 maxDepth, Int32&amp; timeLeft)
   at Microsoft.VisualStudio.TestTools.UITesting.SearchHelper.GetUITestControlRecursive(Boolean useCache, Boolean alwaysSearch, ISearchArgument searchArg, IList`1 windowTitles, Int32&amp; timeLeft)
   at Microsoft.VisualStudio.TestTools.UITesting.SearchHelper.GetElement(Boolean useCache, ISearchArgument searchArg)
   at Microsoft.VisualStudio.TestTools.UITesting.SearchHelper.Search(ISearchArgument searchArg)
   at Microsoft.VisualStudio.TestTools.UITesting.UITestControl.FindInternal()
   at Microsoft.VisualStudio.TestTools.UITesting.UITestControl.&lt;Find&gt;b__3a()
   at Microsoft.VisualStudio.TestTools.UITesting.CodedUITestMethodInvoker.InvokeMethod[T](Func`1 function, UITestControl control, Boolean firePlaybackErrorEvent, Boolean logAsAction)
   at Microsoft.VisualStudio.TestTools.UITesting.UITestControl.Find()
   at Microsoft.VisualStudio.TestTools.UITesting.UITestControl.GetPropertyPrivate(String propertyName)
   at Microsoft.VisualStudio.TestTools.UITesting.UITestControl.GetPropertyOfType[T](String propertyName)
   at Microsoft.VisualStudio.TestTools.UITesting.UITestControl.get_Name()
   at TestAuto.LoggingAndSharedGenericMethods.MouseClick(UITestControl uiMenuItemTestControl) in c:\Builds\1\WebSphere\QATestAutomation\src\CodedUITest\SourceCode\Common\Logging\SharedMethods_Generic.cs:line 790, 
    StackTrace:
    MouseClick(),SharedMethods_Generic.cs,Line Number:822
    UserRegistrationSubmit(),SharedUserRegistration.cs,Line Number:851
    CrossSiteScriptingUserRegistrationMyAccount(),CrossSiteScripting.cs,Line Number:253</Message>
          <Message>[5/14/2018 11:31:39 PM]&lt;CaptureImage&gt;\\CMP01-YKumar\AutoLog\CMP01-YKUMAR\CrossSiteScriptingUserRegistrationMyAccount_20180514233139.png</Message>
          <Message>[5/14/2018 11:31:41 PM]&lt;FAIL&gt;&lt;CrossSiteScriptingUserRegistrationMyAccount&gt;&lt;Invalid character errors message appears&gt;.Assert.AreEqual failed. Expected:&lt;True&gt;. Actual:&lt;False&gt;. 
    StackTrace:
    ValidateToolTipTextForInvaildCharacters(),SharedCrossSiteScripting.cs,Line Number:112
    CrossSiteScriptingUserRegistrationMyAccount(),CrossSiteScripting.cs,Line Number:254</Message>
          <Message>[5/14/2018 11:31:41 PM]&lt;CaptureImage&gt;\\CMP01-YKumar\AutoLog\CMP01-YKUMAR\CrossSiteScriptingUserRegistrationMyAccount_20180514233141.png</Message>
          <Message>[5/14/2018 11:31:41 PM]&lt;Info&gt;AllBrowserWindow : Locating browser window...</Message>
          <Message>Assert.Fail failed. [5/14/2018 11:32:04 PM]&lt;Error&gt;AllBrowserWindow : failed executing ...Unable to find Windows Internet Explorer window with 'Register - Microsoft Internet Explorer provided by Horizon Hobby' in the title., 
    StackTrace:
    AllBrowserWindow(),SharedBorderFree.cs,Line Number:1037
    CrossSiteScriptingUserRegistrationMyAccount(),CrossSiteScripting.cs,Line Number:255</Message>
          <Message>[5/14/2018 11:32:04 PM]&lt;CaptureImage&gt;\\CMP01-YKumar\AutoLog\CMP01-YKUMAR\CrossSiteScriptingUserRegistrationMyAccount_20180514233204.png</Message>
          <Message>[5/14/2018 11:32:06 PM]&lt;PASS&gt;&lt;EnterNonPermittedCharacters&gt;&lt;Edit Box does not takes special character &lt; as input&gt;</Message>
          <Message>[5/14/2018 11:32:09 PM]&lt;PASS&gt;&lt;EnterNonPermittedCharacters&gt;&lt;Edit Box does not takes special character &gt; as input&gt;</Message>
          <Message>[5/14/2018 11:32:12 PM]&lt;PASS&gt;&lt;EnterNonPermittedCharacters&gt;&lt;Edit Box does not takes special character &amp; as input&gt;</Message>
          <Message>[5/14/2018 11:32:14 PM]&lt;PASS&gt;&lt;EnterNonPermittedCharacters&gt;&lt;Edit Box does not takes special character ( as input&gt;</Message>
          <Message>[5/14/2018 11:32:17 PM]&lt;PASS&gt;&lt;EnterNonPermittedCharacters&gt;&lt;Edit Box does not takes special character ) as input&gt;</Message>
          <Message>Assert.Fail failed. [5/14/2018 11:32:22 PM]&lt;ERROR&gt;MouseClick Exception:Microsoft.VisualStudio.TestTools.UITest.Extension.UITestControlNotFoundException: The playback failed to find the control with the given search properties. Additional Details: 
TechnologyName:  'Web'
ControlType:  'Hyperlink'
TagName:  'A'
Id:  'SignInLink'
 Failed to find any control that matched the search condition Id='SignInLink' &amp;&amp; ControlType='Hyperlink' ---&gt; System.Runtime.InteropServices.COMException: Error HRESULT E_FAIL has been returned from a call to a COM component.
   at Microsoft.VisualStudio.TestTools.UITest.Playback.Engine.IScreenElement.FindAllDescendants(String bstrQueryId, Object&amp; pvarResKeys, Int32 cResKeys, Int32 nMaxDepth)
   at Microsoft.VisualStudio.TestTools.UITest.Playback.ScreenElement.FindAllScreenElement(String queryId, Int32 depth, Boolean singleQueryId, Boolean throwException, Boolean resetSkipStep)
   at Microsoft.VisualStudio.TestTools.UITest.Playback.ScreenElement.FindScreenElement(String queryId, Int32 depth, Boolean resetSkipStep)
   at Microsoft.VisualStudio.TestTools.UITesting.UITestControl.FindFirstDescendant(String queryId, Int32 maxDepth, Int32&amp; timeLeft)
   --- End of inner exception stack trace ---
   at Microsoft.VisualStudio.TestTools.UITesting.Playback.MapControlNotFoundException(COMException ex, IPlaybackContext context)
   at Microsoft.VisualStudio.TestTools.UITesting.Playback.MapAndThrowComException(COMException innerException, IPlaybackContext context)
   at Microsoft.VisualStudio.TestTools.UITesting.Playback.MapAndThrowException(SystemException exception, IPlaybackContext context)
   at Microsoft.VisualStudio.TestTools.UITesting.Playback.MapAndThrowException(SystemException exception, String queryId)
   at Microsoft.VisualStudio.TestTools.UITesting.UITestControl.FindFirstDescendant(String queryId, Int32 maxDepth, Int32&amp; timeLeft)
   at Microsoft.VisualStudio.TestTools.UITesting.SearchHelper.GetUITestControlRecursive(Boolean useCache, Boolean alwaysSearch, ISearchArgument searchArg, IList`1 windowTitles, Int32&amp; timeLeft)
   at Microsoft.VisualStudio.TestTools.UITesting.SearchHelper.GetElement(Boolean useCache, ISearchArgument searchArg)
   at Microsoft.VisualStudio.TestTools.UITesting.SearchHelper.Search(ISearchArgument searchArg)
   at Microsoft.VisualStudio.TestTools.UITesting.UITestControl.FindInternal()
   at Microsoft.VisualStudio.TestTools.UITesting.UITestControl.&lt;Find&gt;b__3a()
   at Microsoft.VisualStudio.TestTools.UITesting.CodedUITestMethodInvoker.InvokeMethod[T](Func`1 function, UITestControl control, Boolean firePlaybackErrorEvent, Boolean logAsAction)
   at Microsoft.VisualStudio.TestTools.UITesting.UITestControl.Find()
   at Microsoft.VisualStudio.TestTools.UITesting.UITestControl.GetPropertyPrivate(String propertyName)
   at Microsoft.VisualStudio.TestTools.UITesting.UITestControl.GetPropertyOfType[T](String propertyName)
   at Microsoft.VisualStudio.TestTools.UITesting.UITestControl.get_Name()
   at TestAuto.LoggingAndSharedGenericMethods.MouseClick(UITestControl uiMenuItemTestControl) in c:\Builds\1\WebSphere\QATestAutomation\src\CodedUITest\SourceCode\Common\Logging\SharedMethods_Generic.cs:line 790, 
    StackTrace:
    MouseClick(),SharedMethods_Generic.cs,Line Number:822
    ClickSignInAndRegister(),SharedUserRegistration.cs,Line Number:1065
    RegisterNewUser(),SharedUserRegistration.cs,Line Number:1157
    RegisterNewUser(),SharedUserRegistration.cs,Line Number:1171
    CrossSiteScriptingUserRegistrationMyAccount(),CrossSiteScripting.cs,Line Number:262</Message>
          <Message>[5/14/2018 11:32:22 PM]&lt;CaptureImage&gt;\\CMP01-YKumar\AutoLog\CMP01-YKUMAR\CrossSiteScriptingUserRegistrationMyAccount_20180514233222.png</Message>
          <Message>[5/14/2018 11:32:22 PM]&lt;INFO&gt;SurveyWindow : method executing ...</Message>
          <Message>[5/14/2018 11:32:25 PM]&lt;INFO&gt;ContinueOnCertificationErrorClickexecuting ...</Message>
          <Message>[5/14/2018 11:32:25 PM]&lt;Info&gt;DEAllBrowserWindow : Locating browser window...</Message>
          <Message>Assert.Fail failed. [5/14/2018 11:32:30 PM]&lt;ERROR&gt;ClickSignInAndRegister : failed executing ...The playback failed to find the control with the given search properties. Additional Details: 
TechnologyName:  'Web'
ControlType:  'Hyperlink'
TagName:  'A'
Class:  'button large logon_registerBtn'
 Failed to find any control that matched the search condition ControlType='Hyperlink' &amp;&amp; Class='button large logon_registerBtn', 
    StackTrace:
    ClickSignInAndRegister(),SharedUserRegistration.cs,Line Number:1083
    RegisterNewUser(),SharedUserRegistration.cs,Line Number:1157
    RegisterNewUser(),SharedUserRegistration.cs,Line Number:1171
    CrossSiteScriptingUserRegistrationMyAccount(),CrossSiteScripting.cs,Line Number:262</Message>
          <Message>[5/14/2018 11:32:30 PM]&lt;CaptureImage&gt;\\CMP01-YKumar\AutoLog\CMP01-YKUMAR\CrossSiteScriptingUserRegistrationMyAccount_20180514233230.png</Message>
          <Message>[5/14/2018 11:32:30 PM]&lt;INFO&gt;UserRegistration : method executing ...</Message>
          <Message>[5/14/2018 11:32:30 PM]&lt;Info&gt;AllBrowserWindow : Locating browser window...</Message>
          <Message>Assert.Fail failed. [5/14/2018 11:32:53 PM]&lt;Error&gt;AllBrowserWindow : failed executing ...Unable to find Windows Internet Explorer window with 'Register - Microsoft Internet Explorer provided by Horizon Hobby' in the title., 
    StackTrace:
    AllBrowserWindow(),SharedBorderFree.cs,Line Number:1037
    UserRegistration(),SharedUserRegistration.cs,Line Number:622
    RegisterNewUser(),SharedUserRegistration.cs,Line Number:1158
    RegisterNewUser(),SharedUserRegistration.cs,Line Number:1171
    CrossSiteScriptingUserRegistrationMyAccount(),CrossSiteScripting.cs,Line Number:262</Message>
          <Message>[5/14/2018 11:32:53 PM]&lt;CaptureImage&gt;\\CMP01-YKumar\AutoLog\CMP01-YKUMAR\CrossSiteScriptingUserRegistrationMyAccount_20180514233253.png</Message>
          <Message>Assert.Fail failed. [5/14/2018 11:32:55 PM]&lt;ERROR&gt;UserRegistration : failed executing ...The playback failed to find the control with the given search properties. Additional Details: 
TechnologyName:  'Web'
ControlType:  'ComboBox'
TagName:  'SELECT'
Id:  'WC_UserRegistrationAddForm_AddressEntryForm_FormInput_country_1'
 Failed to find any control that matched the search condition Id='WC_UserRegistrationAddForm_AddressEntryForm_FormInput_country_1' &amp;&amp; ControlType='ComboBox', 
    StackTrace:
    UserRegistration(),SharedUserRegistration.cs,Line Number:836
    RegisterNewUser(),SharedUserRegistration.cs,Line Number:1158
    RegisterNewUser(),SharedUserRegistration.cs,Line Number:1171
    CrossSiteScriptingUserRegistrationMyAccount(),CrossSiteScripting.cs,Line Number:262</Message>
          <Message>[5/14/2018 11:32:55 PM]&lt;CaptureImage&gt;\\CMP01-YKumar\AutoLog\CMP01-YKUMAR\CrossSiteScriptingUserRegistrationMyAccount_20180514233255.png</Message>
          <Message>[5/14/2018 11:32:55 PM]&lt;Info&gt;AllBrowserWindow : Locating browser window...</Message>
          <Message>Assert.Fail failed. [5/14/2018 11:33:18 PM]&lt;Error&gt;AllBrowserWindow : failed executing ...Unable to find Windows Internet Explorer window with 'My Account - Microsoft Internet Explorer provided by Horizon Hobby' in the title., 
    StackTrace:
    AllBrowserWindow(),SharedBorderFree.cs,Line Number:1037
    CrossSiteScriptingUserRegistrationMyAccount(),CrossSiteScripting.cs,Line Number:264</Message>
          <Message>[5/14/2018 11:33:18 PM]&lt;CaptureImage&gt;\\CMP01-YKumar\AutoLog\CMP01-YKUMAR\CrossSiteScriptingUserRegistrationMyAccount_20180514233318.png</Message>
          <Message>Assert.Fail failed. [5/14/2018 11:33:23 PM]&lt;ERROR&gt;MouseClick Exception:Microsoft.VisualStudio.TestTools.UITest.Extension.UITestControlNotFoundException: The playback failed to find the control with the given search properties. Additional Details: 
TechnologyName:  'Web'
ControlType:  'Hyperlink'
TagName:  'A'
Id:  'WC_MyAccountCenterLinkDisplay_inputs_1'
 Failed to find any control that matched the search condition Id='WC_MyAccountCenterLinkDisplay_inputs_1' &amp;&amp; ControlType='Hyperlink' ---&gt; System.Runtime.InteropServices.COMException: Error HRESULT E_FAIL has been returned from a call to a COM component.
   at Microsoft.VisualStudio.TestTools.UITest.Playback.Engine.IScreenElement.FindAllDescendants(String bstrQueryId, Object&amp; pvarResKeys, Int32 cResKeys, Int32 nMaxDepth)
   at Microsoft.VisualStudio.TestTools.UITest.Playback.ScreenElement.FindAllScreenElement(String queryId, Int32 depth, Boolean singleQueryId, Boolean throwException, Boolean resetSkipStep)
   at Microsoft.VisualStudio.TestTools.UITest.Playback.ScreenElement.FindScreenElement(String queryId, Int32 depth, Boolean resetSkipStep)
   at Microsoft.VisualStudio.TestTools.UITesting.UITestControl.FindFirstDescendant(String queryId, Int32 maxDepth, Int32&amp; timeLeft)
   --- End of inner exception stack trace ---
   at Microsoft.VisualStudio.TestTools.UITesting.Playback.MapControlNotFoundException(COMException ex, IPlaybackContext context)
   at Microsoft.VisualStudio.TestTools.UITesting.Playback.MapAndThrowComException(COMException innerException, IPlaybackContext context)
   at Microsoft.VisualStudio.TestTools.UITesting.Playback.MapAndThrowException(SystemException exception, IPlaybackContext context)
   at Microsoft.VisualStudio.TestTools.UITesting.Playback.MapAndThrowException(SystemException exception, String queryId)
   at Microsoft.VisualStudio.TestTools.UITesting.UITestControl.FindFirstDescendant(String queryId, Int32 maxDepth, Int32&amp; timeLeft)
   at Microsoft.VisualStudio.TestTools.UITesting.SearchHelper.GetUITestControlRecursive(Boolean useCache, Boolean alwaysSearch, ISearchArgument searchArg, IList`1 windowTitles, Int32&amp; timeLeft)
   at Microsoft.VisualStudio.TestTools.UITesting.SearchHelper.GetElement(Boolean useCache, ISearchArgument searchArg)
   at Microsoft.VisualStudio.TestTools.UITesting.SearchHelper.Search(ISearchArgument searchArg)
   at Microsoft.VisualStudio.TestTools.UITesting.UITestControl.FindInternal()
   at Microsoft.VisualStudio.TestTools.UITesting.UITestControl.&lt;Find&gt;b__3a()
   at Microsoft.VisualStudio.TestTools.UITesting.CodedUITestMethodInvoker.InvokeMethod[T](Func`1 function, UITestControl control, Boolean firePlaybackErrorEvent, Boolean logAsAction)
   at Microsoft.VisualStudio.TestTools.UITesting.UITestControl.Find()
   at Microsoft.VisualStudio.TestTools.UITesting.UITestControl.GetPropertyPrivate(String propertyName)
   at Microsoft.VisualStudio.TestTools.UITesting.UITestControl.GetPropertyOfType[T](String propertyName)
   at Microsoft.VisualStudio.TestTools.UITesting.UITestControl.get_Name()
   at TestAuto.LoggingAndSharedGenericMethods.MouseClick(UITestControl uiMenuItemTestControl) in c:\Builds\1\WebSphere\QATestAutomation\src\CodedUITest\SourceCode\Common\Logging\SharedMethods_Generic.cs:line 790, 
    StackTrace:
    MouseClick(),SharedMethods_Generic.cs,Line Number:822
    CrossSiteScriptingUserRegistrationMyAccount(),CrossSiteScripting.cs,Line Number:267</Message>
          <Message>[5/14/2018 11:33:23 PM]&lt;CaptureImage&gt;\\CMP01-YKumar\AutoLog\CMP01-YKUMAR\CrossSiteScriptingUserRegistrationMyAccount_20180514233323.png</Message>
          <Message>[5/14/2018 11:33:23 PM]&lt;Info&gt;AllBrowserWindow : Locating browser window...</Message>
          <Message>Assert.Fail failed. [5/14/2018 11:33:46 PM]&lt;Error&gt;AllBrowserWindow : failed executing ...Unable to find Windows Internet Explorer window with 'Account Information - Microsoft Internet Explorer provided by Horizon Hobby' in the title., 
    StackTrace:
    AllBrowserWindow(),SharedBorderFree.cs,Line Number:1037
    CrossSiteScriptingUserRegistrationMyAccount(),CrossSiteScripting.cs,Line Number:269</Message>
          <Message>[5/14/2018 11:33:46 PM]&lt;CaptureImage&gt;\\CMP01-YKumar\AutoLog\CMP01-YKUMAR\CrossSiteScriptingUserRegistrationMyAccount_20180514233346.png</Message>
          <Message>Assert.Fail failed. [5/14/2018 11:33:48 PM]&lt;Error&gt;CrossSiteScriptingUserRegistrationMyAccount : failed executing ...The playback failed to find the control with the given search properties. Additional Details: 
TechnologyName:  'Web'
ControlType:  'Edit'
TagName:  'INPUT'
Id:  'WC_UserRegistrationUpdateForm_FormInput_email_In_Register_1'
 Failed to find any control that matched the search condition ControlType='Edit' &amp;&amp; Id=&gt;'WC_UserRegistrationUpdateForm_FormInput_email_In_Register_1', 
    StackTrace:
    CrossSiteScriptingUserRegistrationMyAccount(),CrossSiteScripting.cs,Line Number:315</Message>
          <Message>[5/14/2018 11:33:48 PM]&lt;CaptureImage&gt;\\CMP01-YKumar\AutoLog\CMP01-YKUMAR\CrossSiteScriptingUserRegistrationMyAccount_20180514233348.png</Message>
          <Message>[5/14/2018 11:33:48 PM]&lt;RESULT&gt;Test Ended:#PASS=6, #FAIL=4,#Other errors=34</Message>
          <Message>[5/14/2018 11:33:49 PM]&lt;INFO&gt;LogCPUAndMemoryUsage: Available Memory = 25305(MB), CPU Usage = 19.26948%</Message>
          <Message>[5/14/2018 11:33:49 PM]&lt;INFO&gt;Private Working Set for QTAgent32_40, usage=243880 (K)</Message>
          <Message>[5/14/2018 11:33:49 PM]&lt;RESULT&gt;&lt;CrossSiteScriptingUserRegistrationMyAccount&gt; Test FAILED: Actual #FAIL=4, #Expected FAIL=0
#Other errors=34. See Error Message/logs for further details.</Message>
        </TextMessages>
      </Output>
      <ResultFiles>
        <ResultFile path="CMP01-YKUMAR.horizonhobby.com\CrossSiteScriptingTestData_232521.xml" />
        <ResultFile path="CMP01-YKUMAR.horizonhobby.com\CrossSiteScriptingUserRegistrationMyAccount_20180514232521.log" />
        <ResultFile path="CMP01-YKUMAR.horizonhobby.com\CrossSiteScriptingUserRegistrationMyAccount_20180514232634.png" />
        <ResultFile path="CMP01-YKUMAR.horizonhobby.com\CrossSiteScriptingUserRegistrationMyAccount_20180514232637.png" />
        <ResultFile path="CMP01-YKUMAR.horizonhobby.com\CrossSiteScriptingUserRegistrationMyAccount_20180514232659.png" />
        <ResultFile path="CMP01-YKUMAR.horizonhobby.com\CrossSiteScriptingUserRegistrationMyAccount_20180514232704.png" />
        <ResultFile path="CMP01-YKUMAR.horizonhobby.com\CrossSiteScriptingUserRegistrationMyAccount_20180514232707.png" />
        <ResultFile path="CMP01-YKUMAR.horizonhobby.com\CrossSiteScriptingUserRegistrationMyAccount_20180514232729.png" />
        <ResultFile path="CMP01-YKUMAR.horizonhobby.com\CrossSiteScriptingUserRegistrationMyAccount_20180514232735.png" />
        <ResultFile path="CMP01-YKUMAR.horizonhobby.com\CrossSiteScriptingUserRegistrationMyAccount_20180514232743.png" />
        <ResultFile path="CMP01-YKUMAR.horizonhobby.com\CrossSiteScriptingUserRegistrationMyAccount_20180514232805.png" />
        <ResultFile path="CMP01-YKUMAR.horizonhobby.com\CrossSiteScriptingUserRegistrationMyAccount_20180514232808.png" />
        <ResultFile path="CMP01-YKUMAR.horizonhobby.com\CrossSiteScriptingUserRegistrationMyAccount_20180514232830.png" />
        <ResultFile path="CMP01-YKUMAR.horizonhobby.com\CrossSiteScriptingUserRegistrationMyAccount_20180514232836.png" />
        <ResultFile path="CMP01-YKUMAR.horizonhobby.com\CrossSiteScriptingUserRegistrationMyAccount_20180514232838.png" />
        <ResultFile path="CMP01-YKUMAR.horizonhobby.com\CrossSiteScriptingUserRegistrationMyAccount_20180514232901.png" />
        <ResultFile path="CMP01-YKUMAR.horizonhobby.com\CrossSiteScriptingUserRegistrationMyAccount_20180514232906.png" />
        <ResultFile path="CMP01-YKUMAR.horizonhobby.com\CrossSiteScriptingUserRegistrationMyAccount_20180514232914.png" />
        <ResultFile path="CMP01-YKUMAR.horizonhobby.com\CrossSiteScriptingUserRegistrationMyAccount_20180514232937.png" />
        <ResultFile path="CMP01-YKUMAR.horizonhobby.com\CrossSiteScriptingUserRegistrationMyAccount_20180514232939.png" />
        <ResultFile path="CMP01-YKUMAR.horizonhobby.com\CrossSiteScriptingUserRegistrationMyAccount_20180514233002.png" />
        <ResultFile path="CMP01-YKUMAR.horizonhobby.com\CrossSiteScriptingUserRegistrationMyAccount_20180514233007.png" />
        <ResultFile path="CMP01-YKUMAR.horizonhobby.com\CrossSiteScriptingUserRegistrationMyAccount_20180514233010.png" />
        <ResultFile path="CMP01-YKUMAR.horizonhobby.com\CrossSiteScriptingUserRegistrationMyAccount_20180514233032.png" />
        <ResultFile path="CMP01-YKUMAR.horizonhobby.com\CrossSiteScriptingUserRegistrationMyAccount_20180514233038.png" />
        <ResultFile path="CMP01-YKUMAR.horizonhobby.com\CrossSiteScriptingUserRegistrationMyAccount_20180514233046.png" />
        <ResultFile path="CMP01-YKUMAR.horizonhobby.com\CrossSiteScriptingUserRegistrationMyAccount_20180514233108.png" />
        <ResultFile path="CMP01-YKUMAR.horizonhobby.com\CrossSiteScriptingUserRegistrationMyAccount_20180514233111.png" />
        <ResultFile path="CMP01-YKUMAR.horizonhobby.com\CrossSiteScriptingUserRegistrationMyAccount_20180514233133.png" />
        <ResultFile path="CMP01-YKUMAR.horizonhobby.com\CrossSiteScriptingUserRegistrationMyAccount_20180514233139.png" />
        <ResultFile path="CMP01-YKUMAR.horizonhobby.com\CrossSiteScriptingUserRegistrationMyAccount_20180514233141.png" />
        <ResultFile path="CMP01-YKUMAR.horizonhobby.com\CrossSiteScriptingUserRegistrationMyAccount_20180514233204.png" />
        <ResultFile path="CMP01-YKUMAR.horizonhobby.com\CrossSiteScriptingUserRegistrationMyAccount_20180514233222.png" />
        <ResultFile path="CMP01-YKUMAR.horizonhobby.com\CrossSiteScriptingUserRegistrationMyAccount_20180514233230.png" />
        <ResultFile path="CMP01-YKUMAR.horizonhobby.com\CrossSiteScriptingUserRegistrationMyAccount_20180514233253.png" />
        <ResultFile path="CMP01-YKUMAR.horizonhobby.com\CrossSiteScriptingUserRegistrationMyAccount_20180514233255.png" />
        <ResultFile path="CMP01-YKUMAR.horizonhobby.com\CrossSiteScriptingUserRegistrationMyAccount_20180514233318.png" />
        <ResultFile path="CMP01-YKUMAR.horizonhobby.com\CrossSiteScriptingUserRegistrationMyAccount_20180514233323.png" />
        <ResultFile path="CMP01-YKUMAR.horizonhobby.com\CrossSiteScriptingUserRegistrationMyAccount_20180514233346.png" />
        <ResultFile path="CMP01-YKUMAR.horizonhobby.com\CrossSiteScriptingUserRegistrationMyAccount_20180514233348.png" />
        <ResultFile path="CMP01-YKUMAR.horizonhobby.com\CrossSiteScriptingUserRegistrationMyAccount_ResultsONLY_20180514232521.log" />
        <ResultFile path="CMP01-YKUMAR.horizonhobby.com\SharedCommonConfig.xml" />
      </ResultFiles>
    </UnitTestResult>
    <UnitTestResult executionId="eff42dbe-4ee6-4ff1-9add-9007dbc47716" testId="935f70be-4f3b-e60d-8e35-2214456580b7" testName="POBoxAddressFilter" computerName="CMP01-YKUMAR" duration="00:08:27.1083602" startTime="2018-05-14T23:33:51.7922310-05:00" endTime="2018-05-14T23:42:18.9072310-05:00" testType="13cdc9d9-ddb5-4fa4-a97d-d965ccfc6d4b" outcome="Passed" testListId="8c84fa94-04c1-424b-9868-57a2d4851a1d" relativeResultsDirectory="eff42dbe-4ee6-4ff1-9add-9007dbc47716">
      <Output>
        <StdOut>Logging to custom path:\\CMP01-YKumar\AutoLog</StdOut>
        <TextMessages>
          <Message>[5/14/2018 11:33:51 PM]&lt;STARTLOG&gt;&lt;POBoxAddressFilter&gt;Test Started: Expecting: #PASS=Undefined and #FAIL=0
Running from MTM=True, running on machine name:CMP01-YKUMAR, user name=ykumar, OS=Microsoft Windows NT 6.1.7601 Service Pack 1, Is64BitOS=True</Message>
          <Message>[5/14/2018 11:33:52 PM]&lt;INFO&gt;LogCPUAndMemoryUsage: Available Memory = 25405(MB), CPU Usage = 38.04243%</Message>
          <Message>[5/14/2018 11:33:52 PM]&lt;INFO&gt;Private Working Set for QTAgent32_40, usage=244200 (K)</Message>
          <Message>[5/14/2018 11:33:52 PM]&lt;INFO&gt;Path To TestConfig xml=C:\Users\ykumar\AppData\Local\VSEQT\QTAgent\26974\CMP01-YKUMAR.horizonhobby.com\Deployment\SharedCommonConfig.xml</Message>
          <Message>[5/14/2018 11:33:52 PM]&lt;INFO&gt;Path To TestData xml=C:\Users\ykumar\AppData\Local\VSEQT\QTAgent\26974\CMP01-YKUMAR.horizonhobby.com\Deployment\CheckoutCreditCard_233351.xml</Message>
          <Message>[5/14/2018 11:33:52 PM]&lt;INFO&gt;Path To HorizonHobbyQA Application Url=https://www-tst.horizonhobby.com</Message>
          <Message>[5/14/2018 11:33:52 PM]&lt;INFO&gt;HorizonHobbyQA sql connection string=Server=cmp02-ws-tst-db01:50000;Database=TST01DB;UID=wcdbuser;PWD=h0r1z0n;Connect Timeout=30</Message>
          <Message>[5/14/2018 11:33:52 PM]&lt;INFO&gt;Country is := US and language id is := '-1'</Message>
          <Message>[5/14/2018 11:33:52 PM]&lt;INFO&gt;Current browser used for test execution is = 'IE'</Message>
          <Message>[5/14/2018 11:34:05 PM]&lt;INFO&gt;SearchProductexecuting ... Searching term:= 'SAI8075B'</Message>
          <Message>[5/14/2018 11:34:18 PM]&lt;Info&gt;AllBrowserWindow : Locating browser window...</Message>
          <Message>[5/14/2018 11:34:18 PM]&lt;INFO&gt;BackOrderClickexecuting ...</Message>
          <Message>[5/14/2018 11:34:25 PM]&lt;INFO&gt;GoToCartClickexecuting ...</Message>
          <Message>[5/14/2018 11:34:39 PM]&lt;INFO&gt;ClickCheckoutButtonBottomexecuting ...</Message>
          <Message>[5/14/2018 11:34:39 PM]&lt;Info&gt;AllBrowserWindow : Locating browser window...</Message>
          <Message>[5/14/2018 11:34:51 PM]&lt;INFO&gt;ContinueAsGuestCheckoutButtonexecuting ...</Message>
          <Message>[5/14/2018 11:34:51 PM]&lt;Info&gt;AllBrowserWindow : Locating browser window...</Message>
          <Message>[5/14/2018 11:35:03 PM]&lt;INFO&gt;FillBillingAndShippingAddressexecuting ...</Message>
          <Message>[5/14/2018 11:35:03 PM]&lt;Info&gt;AllBrowserWindow : Locating browser window...</Message>
          <Message>[5/14/2018 11:35:11 PM]&lt;INFO&gt;SelectBillingCountryexecuting ...</Message>
          <Message>[5/14/2018 11:35:31 PM]&lt;INFO&gt;SelectBillingStateexecuting ...</Message>
          <Message>[5/14/2018 11:36:08 PM]&lt;Info&gt;AllBrowserWindow : Locating browser window...</Message>
          <Message>[5/14/2018 11:36:12 PM]&lt;INFO&gt;GetShippingMethodRadioButtonControl : method executing</Message>
          <Message>[5/14/2018 11:36:12 PM]&lt;Info&gt;AllBrowserWindow : Locating browser window...</Message>
          <Message>[5/14/2018 11:36:14 PM]&lt;INFO&gt;ShippingMethodSelection : method executing</Message>
          <Message>[5/14/2018 11:36:14 PM]&lt;Info&gt;AllBrowserWindow : Locating browser window...</Message>
          <Message>[5/14/2018 11:36:19 PM]&lt;INFO&gt;GetAllShippingOptions : is executing ...</Message>
          <Message>[5/14/2018 11:36:19 PM]&lt;Info&gt;AllBrowserWindow : Locating browser window...</Message>
          <Message>[5/14/2018 11:36:19 PM]&lt;PASS&gt;&lt;POBoxAddressFilter&gt;&lt;Validates only 1 shipping method appears&gt;</Message>
          <Message>[5/14/2018 11:36:19 PM]&lt;INFO&gt;GetShippingMethodRadioButtonControl : method executing</Message>
          <Message>[5/14/2018 11:36:19 PM]&lt;Info&gt;AllBrowserWindow : Locating browser window...</Message>
          <Message>[5/14/2018 11:36:19 PM]&lt;PASS&gt;&lt;POBoxAddressFilter&gt;&lt;Validates Standard shipping method appears&gt;</Message>
          <Message>[5/14/2018 11:36:23 PM]&lt;Info&gt;AllBrowserWindow : Locating browser window...</Message>
          <Message>[5/14/2018 11:36:27 PM]&lt;INFO&gt;FillShippingAddressEditexecuting ...</Message>
          <Message>[5/14/2018 11:36:27 PM]&lt;Info&gt;AllBrowserWindow : Locating browser window...</Message>
          <Message>[5/14/2018 11:37:10 PM]&lt;INFO&gt;GetShippingMethodRadioButtonControl : method executing</Message>
          <Message>[5/14/2018 11:37:10 PM]&lt;Info&gt;AllBrowserWindow : Locating browser window...</Message>
          <Message>[5/14/2018 11:37:20 PM]&lt;INFO&gt;ShippingMethodSelection : method executing</Message>
          <Message>[5/14/2018 11:37:20 PM]&lt;Info&gt;AllBrowserWindow : Locating browser window...</Message>
          <Message>[5/14/2018 11:37:26 PM]&lt;INFO&gt;GetAllShippingOptions : is executing ...</Message>
          <Message>[5/14/2018 11:37:26 PM]&lt;Info&gt;AllBrowserWindow : Locating browser window...</Message>
          <Message>[5/14/2018 11:37:26 PM]&lt;PASS&gt;&lt;POBoxAddressFilter&gt;&lt;Validates only 1 shipping method appears&gt;</Message>
          <Message>[5/14/2018 11:37:26 PM]&lt;INFO&gt;GetShippingMethodRadioButtonControl : method executing</Message>
          <Message>[5/14/2018 11:37:26 PM]&lt;Info&gt;AllBrowserWindow : Locating browser window...</Message>
          <Message>[5/14/2018 11:37:26 PM]&lt;PASS&gt;&lt;POBoxAddressFilter&gt;&lt;Validates Standard shipping method appears&gt;</Message>
          <Message>[5/14/2018 11:37:30 PM]&lt;Info&gt;AllBrowserWindow : Locating browser window...</Message>
          <Message>[5/14/2018 11:37:33 PM]&lt;INFO&gt;FillShippingAddressEditexecuting ...</Message>
          <Message>[5/14/2018 11:37:33 PM]&lt;Info&gt;AllBrowserWindow : Locating browser window...</Message>
          <Message>[5/14/2018 11:38:16 PM]&lt;INFO&gt;GetShippingMethodRadioButtonControl : method executing</Message>
          <Message>[5/14/2018 11:38:16 PM]&lt;Info&gt;AllBrowserWindow : Locating browser window...</Message>
          <Message>[5/14/2018 11:38:17 PM]&lt;INFO&gt;ShippingMethodSelection : method executing</Message>
          <Message>[5/14/2018 11:38:17 PM]&lt;Info&gt;AllBrowserWindow : Locating browser window...</Message>
          <Message>[5/14/2018 11:38:22 PM]&lt;INFO&gt;GetAllShippingOptions : is executing ...</Message>
          <Message>[5/14/2018 11:38:22 PM]&lt;Info&gt;AllBrowserWindow : Locating browser window...</Message>
          <Message>[5/14/2018 11:38:23 PM]&lt;PASS&gt;&lt;POBoxAddressFilter&gt;&lt;Validates only 1 shipping method appears&gt;</Message>
          <Message>[5/14/2018 11:38:23 PM]&lt;INFO&gt;GetShippingMethodRadioButtonControl : method executing</Message>
          <Message>[5/14/2018 11:38:23 PM]&lt;Info&gt;AllBrowserWindow : Locating browser window...</Message>
          <Message>[5/14/2018 11:38:23 PM]&lt;PASS&gt;&lt;POBoxAddressFilter&gt;&lt;Validates Standard shipping method appears&gt;</Message>
          <Message>[5/14/2018 11:38:26 PM]&lt;Info&gt;AllBrowserWindow : Locating browser window...</Message>
          <Message>[5/14/2018 11:38:30 PM]&lt;INFO&gt;FillShippingAddressEditexecuting ...</Message>
          <Message>[5/14/2018 11:38:30 PM]&lt;Info&gt;AllBrowserWindow : Locating browser window...</Message>
          <Message>[5/14/2018 11:39:13 PM]&lt;INFO&gt;GetShippingMethodRadioButtonControl : method executing</Message>
          <Message>[5/14/2018 11:39:13 PM]&lt;Info&gt;AllBrowserWindow : Locating browser window...</Message>
          <Message>[5/14/2018 11:39:15 PM]&lt;INFO&gt;ShippingMethodSelection : method executing</Message>
          <Message>[5/14/2018 11:39:15 PM]&lt;Info&gt;AllBrowserWindow : Locating browser window...</Message>
          <Message>[5/14/2018 11:39:20 PM]&lt;INFO&gt;GetAllShippingOptions : is executing ...</Message>
          <Message>[5/14/2018 11:39:20 PM]&lt;Info&gt;AllBrowserWindow : Locating browser window...</Message>
          <Message>[5/14/2018 11:39:20 PM]&lt;PASS&gt;&lt;POBoxAddressFilter&gt;&lt;Validates only 1 shipping method appears&gt;</Message>
          <Message>[5/14/2018 11:39:20 PM]&lt;INFO&gt;GetShippingMethodRadioButtonControl : method executing</Message>
          <Message>[5/14/2018 11:39:20 PM]&lt;Info&gt;AllBrowserWindow : Locating browser window...</Message>
          <Message>[5/14/2018 11:39:20 PM]&lt;PASS&gt;&lt;POBoxAddressFilter&gt;&lt;Validates Standard shipping method appears&gt;</Message>
          <Message>[5/14/2018 11:39:24 PM]&lt;Info&gt;AllBrowserWindow : Locating browser window...</Message>
          <Message>[5/14/2018 11:39:27 PM]&lt;INFO&gt;FillShippingAddressEditexecuting ...</Message>
          <Message>[5/14/2018 11:39:27 PM]&lt;Info&gt;AllBrowserWindow : Locating browser window...</Message>
          <Message>[5/14/2018 11:40:10 PM]&lt;INFO&gt;GetShippingMethodRadioButtonControl : method executing</Message>
          <Message>[5/14/2018 11:40:10 PM]&lt;Info&gt;AllBrowserWindow : Locating browser window...</Message>
          <Message>[5/14/2018 11:40:13 PM]&lt;INFO&gt;ShippingMethodSelection : method executing</Message>
          <Message>[5/14/2018 11:40:13 PM]&lt;Info&gt;AllBrowserWindow : Locating browser window...</Message>
          <Message>[5/14/2018 11:40:18 PM]&lt;INFO&gt;GetAllShippingOptions : is executing ...</Message>
          <Message>[5/14/2018 11:40:18 PM]&lt;Info&gt;AllBrowserWindow : Locating browser window...</Message>
          <Message>[5/14/2018 11:40:19 PM]&lt;PASS&gt;&lt;POBoxAddressFilter&gt;&lt;Validates only 1 shipping method appears&gt;</Message>
          <Message>[5/14/2018 11:40:19 PM]&lt;INFO&gt;GetShippingMethodRadioButtonControl : method executing</Message>
          <Message>[5/14/2018 11:40:19 PM]&lt;Info&gt;AllBrowserWindow : Locating browser window...</Message>
          <Message>[5/14/2018 11:40:19 PM]&lt;PASS&gt;&lt;POBoxAddressFilter&gt;&lt;Validates Standard shipping method appears&gt;</Message>
          <Message>[5/14/2018 11:40:22 PM]&lt;Info&gt;AllBrowserWindow : Locating browser window...</Message>
          <Message>[5/14/2018 11:40:26 PM]&lt;INFO&gt;FillShippingAddressEditexecuting ...</Message>
          <Message>[5/14/2018 11:40:26 PM]&lt;Info&gt;AllBrowserWindow : Locating browser window...</Message>
          <Message>[5/14/2018 11:41:09 PM]&lt;INFO&gt;GetShippingMethodRadioButtonControl : method executing</Message>
          <Message>[5/14/2018 11:41:09 PM]&lt;Info&gt;AllBrowserWindow : Locating browser window...</Message>
          <Message>[5/14/2018 11:41:13 PM]&lt;INFO&gt;ShippingMethodSelection : method executing</Message>
          <Message>[5/14/2018 11:41:13 PM]&lt;Info&gt;AllBrowserWindow : Locating browser window...</Message>
          <Message>[5/14/2018 11:41:18 PM]&lt;INFO&gt;GetAllShippingOptions : is executing ...</Message>
          <Message>[5/14/2018 11:41:18 PM]&lt;Info&gt;AllBrowserWindow : Locating browser window...</Message>
          <Message>[5/14/2018 11:41:18 PM]&lt;PASS&gt;&lt;POBoxAddressFilter&gt;&lt;Validates only 1 shipping method appears&gt;</Message>
          <Message>[5/14/2018 11:41:18 PM]&lt;INFO&gt;GetShippingMethodRadioButtonControl : method executing</Message>
          <Message>[5/14/2018 11:41:18 PM]&lt;Info&gt;AllBrowserWindow : Locating browser window...</Message>
          <Message>[5/14/2018 11:41:19 PM]&lt;PASS&gt;&lt;POBoxAddressFilter&gt;&lt;Validates Standard shipping method appears&gt;</Message>
          <Message>[5/14/2018 11:41:22 PM]&lt;Info&gt;AllBrowserWindow : Locating browser window...</Message>
          <Message>[5/14/2018 11:41:26 PM]&lt;INFO&gt;FillShippingAddressEditexecuting ...</Message>
          <Message>[5/14/2018 11:41:26 PM]&lt;Info&gt;AllBrowserWindow : Locating browser window...</Message>
          <Message>[5/14/2018 11:42:08 PM]&lt;INFO&gt;GetShippingMethodRadioButtonControl : method executing</Message>
          <Message>[5/14/2018 11:42:08 PM]&lt;Info&gt;AllBrowserWindow : Locating browser window...</Message>
          <Message>[5/14/2018 11:42:10 PM]&lt;INFO&gt;ShippingMethodSelection : method executing</Message>
          <Message>[5/14/2018 11:42:10 PM]&lt;Info&gt;AllBrowserWindow : Locating browser window...</Message>
          <Message>[5/14/2018 11:42:15 PM]&lt;INFO&gt;GetAllShippingOptions : is executing ...</Message>
          <Message>[5/14/2018 11:42:15 PM]&lt;Info&gt;AllBrowserWindow : Locating browser window...</Message>
          <Message>[5/14/2018 11:42:15 PM]&lt;PASS&gt;&lt;POBoxAddressFilter&gt;&lt;Validates only 1 shipping method appears&gt;</Message>
          <Message>[5/14/2018 11:42:15 PM]&lt;INFO&gt;GetShippingMethodRadioButtonControl : method executing</Message>
          <Message>[5/14/2018 11:42:15 PM]&lt;Info&gt;AllBrowserWindow : Locating browser window...</Message>
          <Message>[5/14/2018 11:42:15 PM]&lt;PASS&gt;&lt;POBoxAddressFilter&gt;&lt;Validates Standard shipping method appears&gt;</Message>
          <Message>[5/14/2018 11:42:15 PM]&lt;RESULT&gt;Test Ended:#PASS=14, #FAIL=0</Message>
          <Message>[5/14/2018 11:42:16 PM]&lt;INFO&gt;LogCPUAndMemoryUsage: Available Memory = 25157(MB), CPU Usage = 20.63449%</Message>
          <Message>[5/14/2018 11:42:16 PM]&lt;INFO&gt;Private Working Set for QTAgent32_40, usage=231968 (K)</Message>
          <Message>[5/14/2018 11:42:16 PM]&lt;RESULT&gt;&lt;POBoxAddressFilter&gt; Test PASSED</Message>
        </TextMessages>
      </Output>
    </UnitTestResult>
    <UnitTestResult executionId="3db166a3-c514-4de2-b22b-adf89dd7cc45" testId="0cb4de40-b2a4-e13d-df4a-231d00f4969a" testName="FaqsTipsWarrantiesProductSupportInfoDisplayManualsTab" computerName="CMP01-YKUMAR" duration="00:01:22.2063416" startTime="2018-05-14T23:42:18.9082310-05:00" endTime="2018-05-14T23:43:41.1232310-05:00" testType="13cdc9d9-ddb5-4fa4-a97d-d965ccfc6d4b" outcome="Passed" testListId="8c84fa94-04c1-424b-9868-57a2d4851a1d" relativeResultsDirectory="3db166a3-c514-4de2-b22b-adf89dd7cc45">
      <Output>
        <StdOut>Logging to custom path:\\CMP01-YKumar\AutoLog</StdOut>
        <TextMessages>
          <Message>[5/14/2018 11:42:18 PM]&lt;STARTLOG&gt;&lt;FaqsTipsWarrantiesProductSupportInfoDisplayManualsTab&gt;Test Started: Expecting: #PASS=Undefined and #FAIL=0
Running from MTM=True, running on machine name:CMP01-YKUMAR, user name=ykumar, OS=Microsoft Windows NT 6.1.7601 Service Pack 1, Is64BitOS=True</Message>
          <Message>[5/14/2018 11:42:20 PM]&lt;INFO&gt;LogCPUAndMemoryUsage: Available Memory = 25217(MB), CPU Usage = 35.12642%</Message>
          <Message>[5/14/2018 11:42:20 PM]&lt;INFO&gt;Private Working Set for QTAgent32_40, usage=240316 (K)</Message>
          <Message>[5/14/2018 11:42:20 PM]&lt;INFO&gt;Path To TestConfig xml=C:\Users\ykumar\AppData\Local\VSEQT\QTAgent\26974\CMP01-YKUMAR.horizonhobby.com\Deployment\SharedCommonConfig.xml</Message>
          <Message>[5/14/2018 11:42:20 PM]&lt;INFO&gt;Path To TestData xml=C:\Users\ykumar\AppData\Local\VSEQT\QTAgent\26974\CMP01-YKUMAR.horizonhobby.com\Deployment\ProductPageTestData_234218.xml</Message>
          <Message>[5/14/2018 11:42:20 PM]&lt;INFO&gt;Path To HorizonHobbyQA Application Url=https://www-tst.horizonhobby.com</Message>
          <Message>[5/14/2018 11:42:20 PM]&lt;INFO&gt;HorizonHobbyQA sql connection string=Server=cmp02-ws-tst-db01:50000;Database=TST01DB;UID=wcdbuser;PWD=h0r1z0n;Connect Timeout=30</Message>
          <Message>[5/14/2018 11:42:20 PM]&lt;INFO&gt;Country is := US and language id is := '-1'</Message>
          <Message>[5/14/2018 11:42:20 PM]&lt;INFO&gt;Current browser used for test execution is = 'IE'</Message>
          <Message>[5/14/2018 11:42:23 PM]&lt;Info&gt;AllBrowserWindow : Locating browser window...</Message>
          <Message>[5/14/2018 11:42:23 PM]&lt;INFO&gt;SearchProductexecuting ... Searching term:= 'EFLB12502S'</Message>
          <Message>[5/14/2018 11:42:29 PM]&lt;Info&gt;AllBrowserWindow : Locating browser window...</Message>
          <Message>[5/14/2018 11:42:45 PM]&lt;PASS&gt;&lt;FaqsTipsWarrantiesProductSupportInfoDisplayManualsTab&gt;&lt;FAQs title appears&gt;</Message>
          <Message>[5/14/2018 11:42:47 PM]&lt;PASS&gt;&lt;FaqsTipsWarrantiesProductSupportInfoDisplayManualsTab&gt;&lt;FAQs section exists&gt;</Message>
          <Message>[5/14/2018 11:42:47 PM]&lt;PASS&gt;&lt;FaqsTipsWarrantiesProductSupportInfoDisplayManualsTab&gt;&lt;FAQs section content exists&gt;</Message>
          <Message>[5/14/2018 11:42:47 PM]&lt;INFO&gt;SearchProductexecuting ... Searching term:= '1250mAh LiPo'</Message>
          <Message>[5/14/2018 11:43:02 PM]&lt;Info&gt;AllBrowserWindow : Locating browser window...</Message>
          <Message>[5/14/2018 11:43:19 PM]&lt;Info&gt;AllBrowserWindow : Locating browser window...</Message>
          <Message>[5/14/2018 11:43:36 PM]&lt;PASS&gt;&lt;FaqsTipsWarrantiesProductSupportInfoDisplayManualsTab&gt;&lt;FAQs title appears&gt;</Message>
          <Message>[5/14/2018 11:43:38 PM]&lt;PASS&gt;&lt;FaqsTipsWarrantiesProductSupportInfoDisplayManualsTab&gt;&lt;FAQs section exists&gt;</Message>
          <Message>[5/14/2018 11:43:38 PM]&lt;PASS&gt;&lt;FaqsTipsWarrantiesProductSupportInfoDisplayManualsTab&gt;&lt;FAQs section content exists&gt;</Message>
          <Message>[5/14/2018 11:43:38 PM]&lt;RESULT&gt;Test Ended:#PASS=6, #FAIL=0</Message>
          <Message>[5/14/2018 11:43:39 PM]&lt;INFO&gt;LogCPUAndMemoryUsage: Available Memory = 25216(MB), CPU Usage = 15.75946%</Message>
          <Message>[5/14/2018 11:43:39 PM]&lt;INFO&gt;Private Working Set for QTAgent32_40, usage=248732 (K)</Message>
          <Message>[5/14/2018 11:43:39 PM]&lt;RESULT&gt;&lt;FaqsTipsWarrantiesProductSupportInfoDisplayManualsTab&gt; Test PASSED</Message>
        </TextMessages>
      </Output>
    </UnitTestResult>
    <UnitTestResult executionId="a04309c8-1df7-45b0-854b-ae100b6df480" testId="1c6493b6-afc9-e1f2-1eda-b83b6f072138" testName="POBoxAddressFilterWithoutSpace" computerName="CMP01-YKUMAR" duration="00:05:51.5567564" startTime="2018-05-14T23:43:41.1242310-05:00" endTime="2018-05-14T23:49:32.6862310-05:00" testType="13cdc9d9-ddb5-4fa4-a97d-d965ccfc6d4b" outcome="Passed" testListId="8c84fa94-04c1-424b-9868-57a2d4851a1d" relativeResultsDirectory="a04309c8-1df7-45b0-854b-ae100b6df480">
      <Output>
        <StdOut>Logging to custom path:\\CMP01-YKumar\AutoLog</StdOut>
        <TextMessages>
          <Message>[5/14/2018 11:43:41 PM]&lt;STARTLOG&gt;&lt;POBoxAddressFilterWithoutSpace&gt;Test Started: Expecting: #PASS=Undefined and #FAIL=0
Running from MTM=True, running on machine name:CMP01-YKUMAR, user name=ykumar, OS=Microsoft Windows NT 6.1.7601 Service Pack 1, Is64BitOS=True</Message>
          <Message>[5/14/2018 11:43:42 PM]&lt;INFO&gt;LogCPUAndMemoryUsage: Available Memory = 25237(MB), CPU Usage = 32.55159%</Message>
          <Message>[5/14/2018 11:43:42 PM]&lt;INFO&gt;Private Working Set for QTAgent32_40, usage=248792 (K)</Message>
          <Message>[5/14/2018 11:43:42 PM]&lt;INFO&gt;Path To TestConfig xml=C:\Users\ykumar\AppData\Local\VSEQT\QTAgent\26974\CMP01-YKUMAR.horizonhobby.com\Deployment\SharedCommonConfig.xml</Message>
          <Message>[5/14/2018 11:43:42 PM]&lt;INFO&gt;Path To TestData xml=C:\Users\ykumar\AppData\Local\VSEQT\QTAgent\26974\CMP01-YKUMAR.horizonhobby.com\Deployment\CheckoutCreditCard_234341.xml</Message>
          <Message>[5/14/2018 11:43:42 PM]&lt;INFO&gt;Path To HorizonHobbyQA Application Url=https://www-tst.horizonhobby.com</Message>
          <Message>[5/14/2018 11:43:42 PM]&lt;INFO&gt;HorizonHobbyQA sql connection string=Server=cmp02-ws-tst-db01:50000;Database=TST01DB;UID=wcdbuser;PWD=h0r1z0n;Connect Timeout=30</Message>
          <Message>[5/14/2018 11:43:42 PM]&lt;INFO&gt;Country is := US and language id is := '-1'</Message>
          <Message>[5/14/2018 11:43:42 PM]&lt;INFO&gt;Current browser used for test execution is = 'IE'</Message>
          <Message>[5/14/2018 11:43:48 PM]&lt;INFO&gt;SearchProductexecuting ... Searching term:= 'YUNQ500111'</Message>
          <Message>[5/14/2018 11:43:55 PM]&lt;Info&gt;AllBrowserWindow : Locating browser window...</Message>
          <Message>[5/14/2018 11:43:55 PM]&lt;INFO&gt;BackOrderClickexecuting ...</Message>
          <Message>[5/14/2018 11:43:59 PM]&lt;INFO&gt;GoToCartClickexecuting ...</Message>
          <Message>[5/14/2018 11:44:10 PM]&lt;INFO&gt;ClickCheckoutButtonBottomexecuting ...</Message>
          <Message>[5/14/2018 11:44:10 PM]&lt;Info&gt;AllBrowserWindow : Locating browser window...</Message>
          <Message>[5/14/2018 11:44:18 PM]&lt;INFO&gt;ContinueAsGuestCheckoutButtonexecuting ...</Message>
          <Message>[5/14/2018 11:44:18 PM]&lt;Info&gt;AllBrowserWindow : Locating browser window...</Message>
          <Message>[5/14/2018 11:44:27 PM]&lt;INFO&gt;FillBillingAndShippingAddressexecuting ...</Message>
          <Message>[5/14/2018 11:44:27 PM]&lt;Info&gt;AllBrowserWindow : Locating browser window...</Message>
          <Message>[5/14/2018 11:44:32 PM]&lt;INFO&gt;SelectBillingCountryexecuting ...</Message>
          <Message>[5/14/2018 11:44:37 PM]&lt;INFO&gt;SelectBillingStateexecuting ...</Message>
          <Message>[5/14/2018 11:45:00 PM]&lt;Info&gt;AllBrowserWindow : Locating browser window...</Message>
          <Message>[5/14/2018 11:45:05 PM]&lt;INFO&gt;GetShippingMethodRadioButtonControl : method executing</Message>
          <Message>[5/14/2018 11:45:05 PM]&lt;Info&gt;AllBrowserWindow : Locating browser window...</Message>
          <Message>[5/14/2018 11:45:07 PM]&lt;INFO&gt;ShippingMethodSelection : method executing</Message>
          <Message>[5/14/2018 11:45:07 PM]&lt;Info&gt;AllBrowserWindow : Locating browser window...</Message>
          <Message>[5/14/2018 11:45:12 PM]&lt;INFO&gt;GetAllShippingOptions : is executing ...</Message>
          <Message>[5/14/2018 11:45:12 PM]&lt;Info&gt;AllBrowserWindow : Locating browser window...</Message>
          <Message>[5/14/2018 11:45:12 PM]&lt;PASS&gt;&lt;POBoxAddressFilterWithoutSpace&gt;&lt;Validates only 1 shipping method appears&gt;</Message>
          <Message>[5/14/2018 11:45:12 PM]&lt;INFO&gt;GetShippingMethodRadioButtonControl : method executing</Message>
          <Message>[5/14/2018 11:45:12 PM]&lt;Info&gt;AllBrowserWindow : Locating browser window...</Message>
          <Message>[5/14/2018 11:45:12 PM]&lt;PASS&gt;&lt;POBoxAddressFilterWithoutSpace&gt;&lt;Validates Standard shipping method appears&gt;</Message>
          <Message>[5/14/2018 11:45:12 PM]&lt;INFO&gt;SelectCheckoutPaymentRadiobutton : method executing</Message>
          <Message>[5/14/2018 11:45:12 PM]&lt;INFO&gt;CheckoutCreditCardShippingAndBillingControls : method executing</Message>
          <Message>[5/14/2018 11:45:12 PM]&lt;Info&gt;AllBrowserWindow : Locating browser window...</Message>
          <Message>[5/14/2018 11:45:21 PM]&lt;INFO&gt;FillCreditCardDetails : method executing</Message>
          <Message>[5/14/2018 11:45:21 PM]&lt;INFO&gt;CheckoutCreditCardShippingAndBillingControls : method executing</Message>
          <Message>[5/14/2018 11:45:21 PM]&lt;Info&gt;AllBrowserWindow : Locating browser window...</Message>
          <Message>[5/14/2018 11:45:29 PM]&lt;INFO&gt;ClickReviewOrder : method executing</Message>
          <Message>[5/14/2018 11:45:29 PM]&lt;INFO&gt;CheckoutCreditCardShippingAndBillingControls : method executing</Message>
          <Message>[5/14/2018 11:45:29 PM]&lt;Info&gt;AllBrowserWindow : Locating browser window...</Message>
          <Message>[5/14/2018 11:45:34 PM]&lt;Info&gt;AllBrowserWindow : Locating browser window...</Message>
          <Message>[5/14/2018 11:45:41 PM]&lt;INFO&gt;PlaceOrderCreditCard : method executing</Message>
          <Message>[5/14/2018 11:45:41 PM]&lt;INFO&gt;CheckoutCreditCardShippingAndBillingControls : method executing</Message>
          <Message>[5/14/2018 11:45:41 PM]&lt;Info&gt;AllBrowserWindow : Locating browser window...</Message>
          <Message>[5/14/2018 11:45:50 PM]&lt;INFO&gt;KeyboardSendKeys method executing...</Message>
          <Message>[5/14/2018 11:47:21 PM]&lt;Info&gt;AllBrowserWindow : Locating browser window...</Message>
          <Message>[5/14/2018 11:47:35 PM]&lt;Info&gt;AllBrowserWindow : Locating browser window...</Message>
          <Message>[5/14/2018 11:47:41 PM]&lt;INFO&gt;OrderConfirmation : method executing</Message>
          <Message>[5/14/2018 11:47:41 PM]&lt;INFO&gt;OrderConfirmationUIControls : method executing</Message>
          <Message>[5/14/2018 11:47:41 PM]&lt;Info&gt;AllBrowserWindow : Locating browser window...</Message>
          <Message>[5/14/2018 11:47:48 PM]&lt;INFO&gt;SurveyWindow : method executing ...</Message>
          <Message>[5/14/2018 11:47:56 PM]&lt;PASS&gt;&lt;OrderConfirmation&gt;&lt; Validates Order Number ''True'' is generated successfully&gt;</Message>
          <Message>[5/14/2018 11:47:56 PM]&lt;INFO&gt;SingleProductOrderAmountValidation : method executing</Message>
          <Message>[5/14/2018 11:47:56 PM]&lt;INFO&gt;OrderConfirmationUIControls : method executing</Message>
          <Message>[5/14/2018 11:47:56 PM]&lt;Info&gt;AllBrowserWindow : Locating browser window...</Message>
          <Message>[5/14/2018 11:48:03 PM]&lt;INFO&gt;SingleProductOrderAmountValidation : method executing</Message>
          <Message>[5/14/2018 11:48:03 PM]&lt;PASS&gt;&lt;SingleProductOrderAmountValidation&gt;&lt; Validates expected authorization amount: '17.98000' is equals actual authorization amount: '17.98000'&gt;</Message>
          <Message>[5/14/2018 11:48:07 PM]&lt;INFO&gt;SearchProductexecuting ... Searching term:= 'RRP7857'</Message>
          <Message>[5/14/2018 11:48:14 PM]&lt;Info&gt;AllBrowserWindow : Locating browser window...</Message>
          <Message>[5/14/2018 11:48:44 PM]&lt;INFO&gt;BackOrderClickexecuting ...</Message>
          <Message>[5/14/2018 11:48:48 PM]&lt;INFO&gt;GoToCartClickexecuting ...</Message>
          <Message>[5/14/2018 11:48:58 PM]&lt;INFO&gt;ClickCheckoutButtonBottomexecuting ...</Message>
          <Message>[5/14/2018 11:48:58 PM]&lt;Info&gt;AllBrowserWindow : Locating browser window...</Message>
          <Message>[5/14/2018 11:49:07 PM]&lt;INFO&gt;ContinueAsGuestCheckoutButtonexecuting ...</Message>
          <Message>[5/14/2018 11:49:07 PM]&lt;Info&gt;AllBrowserWindow : Locating browser window...</Message>
          <Message>[5/14/2018 11:49:16 PM]&lt;Info&gt;AllBrowserWindow : Locating browser window...</Message>
          <Message>[5/14/2018 11:49:21 PM]&lt;INFO&gt;GetShippingMethodRadioButtonControl : method executing</Message>
          <Message>[5/14/2018 11:49:21 PM]&lt;Info&gt;AllBrowserWindow : Locating browser window...</Message>
          <Message>[5/14/2018 11:49:23 PM]&lt;INFO&gt;ShippingMethodSelection : method executing</Message>
          <Message>[5/14/2018 11:49:23 PM]&lt;Info&gt;AllBrowserWindow : Locating browser window...</Message>
          <Message>[5/14/2018 11:49:28 PM]&lt;INFO&gt;GetAllShippingOptions : is executing ...</Message>
          <Message>[5/14/2018 11:49:28 PM]&lt;Info&gt;AllBrowserWindow : Locating browser window...</Message>
          <Message>[5/14/2018 11:49:29 PM]&lt;PASS&gt;&lt;POBoxAddressFilterWithoutSpace&gt;&lt;Validates only 1 shipping method appears&gt;</Message>
          <Message>[5/14/2018 11:49:29 PM]&lt;INFO&gt;GetShippingMethodRadioButtonControl : method executing</Message>
          <Message>[5/14/2018 11:49:29 PM]&lt;Info&gt;AllBrowserWindow : Locating browser window...</Message>
          <Message>[5/14/2018 11:49:29 PM]&lt;PASS&gt;&lt;POBoxAddressFilterWithoutSpace&gt;&lt;Validates Standard shipping method appears&gt;</Message>
          <Message>[5/14/2018 11:49:29 PM]&lt;RESULT&gt;Test Ended:#PASS=6, #FAIL=0</Message>
          <Message>[5/14/2018 11:49:30 PM]&lt;INFO&gt;LogCPUAndMemoryUsage: Available Memory = 25051(MB), CPU Usage = 18.68448%</Message>
          <Message>[5/14/2018 11:49:30 PM]&lt;INFO&gt;Private Working Set for QTAgent32_40, usage=240592 (K)</Message>
          <Message>[5/14/2018 11:49:30 PM]&lt;RESULT&gt;&lt;POBoxAddressFilterWithoutSpace&gt; Test PASSED</Message>
        </TextMessages>
      </Output>
    </UnitTestResult>
    <UnitTestResult executionId="a7239ea9-8b7d-4d5a-a28d-4c8d8e50f729" testId="a25899a1-e687-7c00-505a-68a1f4e19996" testName="GiftWrapTaxAppliedValidationILState" computerName="CMP01-YKUMAR" duration="00:02:12.0314036" startTime="2018-05-14T23:49:32.6882310-05:00" endTime="2018-05-14T23:51:44.7282310-05:00" testType="13cdc9d9-ddb5-4fa4-a97d-d965ccfc6d4b" outcome="Passed" testListId="8c84fa94-04c1-424b-9868-57a2d4851a1d" relativeResultsDirectory="a7239ea9-8b7d-4d5a-a28d-4c8d8e50f729">
      <Output>
        <StdOut>Logging to custom path:\\CMP01-YKumar\AutoLog</StdOut>
        <TextMessages>
          <Message>[5/14/2018 11:49:32 PM]&lt;STARTLOG&gt;&lt;GiftWrapTaxAppliedValidationILState&gt;Test Started: Expecting: #PASS=Undefined and #FAIL=0
Running from MTM=True, running on machine name:CMP01-YKUMAR, user name=ykumar, OS=Microsoft Windows NT 6.1.7601 Service Pack 1, Is64BitOS=True</Message>
          <Message>[5/14/2018 11:49:33 PM]&lt;INFO&gt;LogCPUAndMemoryUsage: Available Memory = 25110(MB), CPU Usage = 34.02943%</Message>
          <Message>[5/14/2018 11:49:33 PM]&lt;INFO&gt;Private Working Set for QTAgent32_40, usage=240692 (K)</Message>
          <Message>[5/14/2018 11:49:33 PM]&lt;INFO&gt;Path To TestConfig xml=C:\Users\ykumar\AppData\Local\VSEQT\QTAgent\26974\CMP01-YKUMAR.horizonhobby.com\Deployment\SharedCommonConfig.xml</Message>
          <Message>[5/14/2018 11:49:33 PM]&lt;INFO&gt;Path To TestData xml=C:\Users\ykumar\AppData\Local\VSEQT\QTAgent\26974\CMP01-YKUMAR.horizonhobby.com\Deployment\CheckoutCommonTestData_234932.xml</Message>
          <Message>[5/14/2018 11:49:33 PM]&lt;INFO&gt;Path To HorizonHobbyQA Application Url=https://www-tst.horizonhobby.com</Message>
          <Message>[5/14/2018 11:49:33 PM]&lt;INFO&gt;HorizonHobbyQA sql connection string=Server=cmp02-ws-tst-db01:50000;Database=TST01DB;UID=wcdbuser;PWD=h0r1z0n;Connect Timeout=30</Message>
          <Message>[5/14/2018 11:49:33 PM]&lt;INFO&gt;Country is := US and language id is := '-1'</Message>
          <Message>[5/14/2018 11:49:33 PM]&lt;INFO&gt;Current browser used for test execution is = 'IE'</Message>
          <Message>[5/14/2018 11:49:40 PM]&lt;INFO&gt;SearchProductexecuting ... Searching term:= 'EVOG620112'</Message>
          <Message>[5/14/2018 11:49:46 PM]&lt;Info&gt;AllBrowserWindow : Locating browser window...</Message>
          <Message>[5/14/2018 11:49:47 PM]&lt;INFO&gt;BackOrderClickexecuting ...</Message>
          <Message>[5/14/2018 11:49:47 PM]&lt;INFO&gt;GoToCartClickexecuting ...</Message>
          <Message>[5/14/2018 11:49:54 PM]&lt;INFO&gt;CheckoutProcessStartShoppingCart : method executing</Message>
          <Message>[5/14/2018 11:49:54 PM]&lt;Info&gt;AllBrowserWindow : Locating browser window...</Message>
          <Message>[5/14/2018 11:50:03 PM]&lt;INFO&gt;CheckoutShoppingCartControls : method executing</Message>
          <Message>[5/14/2018 11:50:03 PM]&lt;Info&gt;AllBrowserWindow : Locating browser window...</Message>
          <Message>[5/14/2018 11:50:18 PM]&lt;Info&gt;AllBrowserWindow : Locating browser window...</Message>
          <Message>[5/14/2018 11:50:20 PM]&lt;INFO&gt;FillBillingAndShippingAddressexecuting ...</Message>
          <Message>[5/14/2018 11:50:20 PM]&lt;Info&gt;AllBrowserWindow : Locating browser window...</Message>
          <Message>[5/14/2018 11:50:23 PM]&lt;INFO&gt;SelectBillingCountryexecuting ...</Message>
          <Message>[5/14/2018 11:50:29 PM]&lt;INFO&gt;SelectBillingStateexecuting ...</Message>
          <Message>[5/14/2018 11:50:43 PM]&lt;INFO&gt;SelectShippingCountryexecuting ...</Message>
          <Message>[5/14/2018 11:50:46 PM]&lt;INFO&gt;SelectShippingStateexecuting ...</Message>
          <Message>[5/14/2018 11:51:12 PM]&lt;INFO&gt;CheckoutProcessStartShoppingCart : method executing</Message>
          <Message>[5/14/2018 11:51:12 PM]&lt;Info&gt;AllBrowserWindow : Locating browser window...</Message>
          <Message>[5/14/2018 11:51:20 PM]&lt;INFO&gt;CheckoutShoppingCartControls : method executing</Message>
          <Message>[5/14/2018 11:51:20 PM]&lt;Info&gt;AllBrowserWindow : Locating browser window...</Message>
          <Message>[5/14/2018 11:51:41 PM]&lt;PASS&gt;&lt;GiftWrapTaxAppliedValidationILState&gt;&lt; Validates that Tax isn't added for Gift Wrap (IL State)&gt;</Message>
          <Message>[5/14/2018 11:51:41 PM]&lt;RESULT&gt;Test Ended:#PASS=1, #FAIL=0</Message>
          <Message>[5/14/2018 11:51:42 PM]&lt;INFO&gt;LogCPUAndMemoryUsage: Available Memory = 25088(MB), CPU Usage = 2.10937%</Message>
          <Message>[5/14/2018 11:51:42 PM]&lt;INFO&gt;Private Working Set for QTAgent32_40, usage=240824 (K)</Message>
          <Message>[5/14/2018 11:51:42 PM]&lt;RESULT&gt;&lt;GiftWrapTaxAppliedValidationILState&gt; Test PASSED</Message>
        </TextMessages>
      </Output>
    </UnitTestResult>
    <UnitTestResult executionId="fc87a0d0-8070-4714-9368-02185767e20d" testId="99b3a27f-e572-1547-e9e9-e6d48e0e8ff4" testName="NoResultFound" computerName="CMP01-YKUMAR" duration="00:00:21.1655311" startTime="2018-05-14T23:51:44.7292310-05:00" endTime="2018-05-14T23:52:06.2382310-05:00" testType="13cdc9d9-ddb5-4fa4-a97d-d965ccfc6d4b" outcome="Passed" testListId="8c84fa94-04c1-424b-9868-57a2d4851a1d" relativeResultsDirectory="fc87a0d0-8070-4714-9368-02185767e20d">
      <Output>
        <StdOut>Logging to custom path:\\CMP01-YKumar\AutoLog</StdOut>
        <TextMessages>
          <Message>[5/14/2018 11:51:45 PM]&lt;STARTLOG&gt;&lt;NoResultFound&gt;Test Started: Expecting: #PASS=Undefined and #FAIL=0
Running from MTM=True, running on machine name:CMP01-YKUMAR, user name=ykumar, OS=Microsoft Windows NT 6.1.7601 Service Pack 1, Is64BitOS=True</Message>
          <Message>[5/14/2018 11:51:47 PM]&lt;INFO&gt;LogCPUAndMemoryUsage: Available Memory = 25389(MB), CPU Usage = 19.35013%</Message>
          <Message>[5/14/2018 11:51:47 PM]&lt;INFO&gt;Private Working Set for QTAgent32_40, usage=242804 (K)</Message>
          <Message>[5/14/2018 11:51:47 PM]&lt;INFO&gt;Path To TestConfig xml=C:\Users\ykumar\AppData\Local\VSEQT\QTAgent\26974\CMP01-YKUMAR.horizonhobby.com\Deployment\SharedCommonConfig.xml</Message>
          <Message>[5/14/2018 11:51:47 PM]&lt;INFO&gt;Path To TestData xml=C:\Users\ykumar\AppData\Local\VSEQT\QTAgent\26974\CMP01-YKUMAR.horizonhobby.com\Deployment\SearchTestData_235145.xml</Message>
          <Message>[5/14/2018 11:51:47 PM]&lt;INFO&gt;Path To HorizonHobbyQA Application Url=https://www-tst.horizonhobby.com</Message>
          <Message>[5/14/2018 11:51:47 PM]&lt;INFO&gt;HorizonHobbyQA sql connection string=Server=cmp02-ws-tst-db01:50000;Database=TST01DB;UID=wcdbuser;PWD=h0r1z0n;Connect Timeout=30</Message>
          <Message>[5/14/2018 11:51:47 PM]&lt;INFO&gt;Country is := US and language id is := '-1'</Message>
          <Message>[5/14/2018 11:51:47 PM]&lt;INFO&gt;Current browser used for test execution is = 'IE'</Message>
          <Message>[5/14/2018 11:51:51 PM]&lt;INFO&gt;SearchProductexecuting ... Searching term:= 'SPMRT8810'</Message>
          <Message>[5/14/2018 11:51:57 PM]&lt;Info&gt;AllBrowserWindow : Locating browser window...</Message>
          <Message>[5/14/2018 11:51:58 PM]&lt;Info&gt;AllBrowserWindow : Locating browser window...</Message>
          <Message>[5/14/2018 11:51:59 PM]&lt;PASS&gt;&lt;NoResultFoundOnSearch&gt;&lt; Validates that No Result is displayed&gt;</Message>
          <Message>[5/14/2018 11:51:59 PM]&lt;PASS&gt;&lt;NoResultFoundOnSearch&gt;&lt; Validates that message No Result Found is displayed for Item SPMRT8810&gt;</Message>
          <Message>[5/14/2018 11:52:03 PM]&lt;PASS&gt;&lt;NoResultFound&gt;&lt; Validate Showing results for "SPMRT8810" (0 matches.) is displayed&gt;</Message>
          <Message>[5/14/2018 11:52:03 PM]&lt;RESULT&gt;Test Ended:#PASS=3, #FAIL=0</Message>
          <Message>[5/14/2018 11:52:04 PM]&lt;INFO&gt;LogCPUAndMemoryUsage: Available Memory = 25274(MB), CPU Usage = 14.45608%</Message>
          <Message>[5/14/2018 11:52:04 PM]&lt;INFO&gt;Private Working Set for QTAgent32_40, usage=244012 (K)</Message>
          <Message>[5/14/2018 11:52:04 PM]&lt;RESULT&gt;&lt;NoResultFound&gt; Test PASSED</Message>
        </TextMessages>
      </Output>
    </UnitTestResult>
    <UnitTestResult executionId="13b37d79-c537-4da9-894e-80f111ed4f26" testId="1ef77637-eddc-d6b3-fd0c-5a2e7dc4a1e5" testName="MonthFieldValidationCCExpirationField" computerName="CMP01-YKUMAR" duration="00:10:10.4077596" startTime="2018-05-14T23:52:06.2392310-05:00" endTime="2018-05-15T00:02:16.6522310-05:00" testType="13cdc9d9-ddb5-4fa4-a97d-d965ccfc6d4b" outcome="Passed" testListId="8c84fa94-04c1-424b-9868-57a2d4851a1d" relativeResultsDirectory="13b37d79-c537-4da9-894e-80f111ed4f26">
      <Output>
        <StdOut>Logging to custom path:\\CMP01-YKumar\AutoLog</StdOut>
        <TextMessages>
          <Message>[5/14/2018 11:52:06 PM]&lt;STARTLOG&gt;&lt;MonthFieldValidationCCExpirationField&gt;Test Started: Expecting: #PASS=Undefined and #FAIL=0
Running from MTM=True, running on machine name:CMP01-YKUMAR, user name=ykumar, OS=Microsoft Windows NT 6.1.7601 Service Pack 1, Is64BitOS=True</Message>
          <Message>[5/14/2018 11:52:07 PM]&lt;INFO&gt;LogCPUAndMemoryUsage: Available Memory = 25379(MB), CPU Usage = 14.1686%</Message>
          <Message>[5/14/2018 11:52:07 PM]&lt;INFO&gt;Private Working Set for QTAgent32_40, usage=252256 (K)</Message>
          <Message>[5/14/2018 11:52:07 PM]&lt;INFO&gt;Path To TestConfig xml=C:\Users\ykumar\AppData\Local\VSEQT\QTAgent\26974\CMP01-YKUMAR.horizonhobby.com\Deployment\SharedCommonConfig.xml</Message>
          <Message>[5/14/2018 11:52:07 PM]&lt;INFO&gt;Path To TestData xml=C:\Users\ykumar\AppData\Local\VSEQT\QTAgent\26974\CMP01-YKUMAR.horizonhobby.com\Deployment\CheckoutCreditCard_235206.xml</Message>
          <Message>[5/14/2018 11:52:07 PM]&lt;INFO&gt;Path To HorizonHobbyQA Application Url=https://www-tst.horizonhobby.com</Message>
          <Message>[5/14/2018 11:52:07 PM]&lt;INFO&gt;HorizonHobbyQA sql connection string=Server=cmp02-ws-tst-db01:50000;Database=TST01DB;UID=wcdbuser;PWD=h0r1z0n;Connect Timeout=30</Message>
          <Message>[5/14/2018 11:52:07 PM]&lt;INFO&gt;Country is := US and language id is := '-1'</Message>
          <Message>[5/14/2018 11:52:07 PM]&lt;INFO&gt;Current browser used for test execution is = 'IE'</Message>
          <Message>[5/14/2018 11:52:12 PM]&lt;INFO&gt;SurveyWindow : method executing ...</Message>
          <Message>[5/14/2018 11:52:17 PM]&lt;INFO&gt;ContinueOnCertificationErrorClickexecuting ...</Message>
          <Message>[5/14/2018 11:52:17 PM]&lt;Info&gt;DEAllBrowserWindow : Locating browser window...</Message>
          <Message>[5/14/2018 11:52:21 PM]&lt;INFO&gt;ClickAcceptCookiesAgreement : failed executing ...</Message>
          <Message>[5/14/2018 11:52:25 PM]&lt;INFO&gt;UserRegistration : method executing ...</Message>
          <Message>[5/14/2018 11:52:25 PM]&lt;Info&gt;AllBrowserWindow : Locating browser window...</Message>
          <Message>[5/14/2018 11:52:45 PM]&lt;Info&gt;AllBrowserWindow : Locating browser window...</Message>
          <Message>[5/14/2018 11:53:00 PM]&lt;Info&gt;AllBrowserWindow : Locating browser window...</Message>
          <Message>[5/14/2018 11:53:14 PM]&lt;INFO&gt;SearchProductexecuting ... Searching term:= 'ZEN286912110'</Message>
          <Message>[5/14/2018 11:53:20 PM]&lt;Info&gt;AllBrowserWindow : Locating browser window...</Message>
          <Message>[5/14/2018 11:53:20 PM]&lt;INFO&gt;BackOrderClickexecuting ...</Message>
          <Message>[5/14/2018 11:53:24 PM]&lt;INFO&gt;GoToCartClickexecuting ...</Message>
          <Message>[5/14/2018 11:53:35 PM]&lt;INFO&gt;CheckoutProcessStartShoppingCart : method executing</Message>
          <Message>[5/14/2018 11:53:35 PM]&lt;Info&gt;AllBrowserWindow : Locating browser window...</Message>
          <Message>[5/14/2018 11:53:42 PM]&lt;INFO&gt;CheckoutShoppingCartControls : method executing</Message>
          <Message>[5/14/2018 11:53:42 PM]&lt;Info&gt;AllBrowserWindow : Locating browser window...</Message>
          <Message>[5/14/2018 11:53:50 PM]&lt;INFO&gt;SelectCheckoutPaymentRadiobutton : method executing</Message>
          <Message>[5/14/2018 11:53:50 PM]&lt;INFO&gt;CheckoutCreditCardShippingAndBillingControls : method executing</Message>
          <Message>[5/14/2018 11:53:50 PM]&lt;Info&gt;AllBrowserWindow : Locating browser window...</Message>
          <Message>[5/14/2018 11:54:03 PM]&lt;INFO&gt;FillCreditCardDetails : method executing</Message>
          <Message>[5/14/2018 11:54:03 PM]&lt;INFO&gt;CheckoutCreditCardShippingAndBillingControls : method executing</Message>
          <Message>[5/14/2018 11:54:03 PM]&lt;Info&gt;AllBrowserWindow : Locating browser window...</Message>
          <Message>[5/14/2018 11:54:12 PM]&lt;INFO&gt;ClickReviewOrder : method executing</Message>
          <Message>[5/14/2018 11:54:12 PM]&lt;INFO&gt;CheckoutCreditCardShippingAndBillingControls : method executing</Message>
          <Message>[5/14/2018 11:54:12 PM]&lt;Info&gt;AllBrowserWindow : Locating browser window...</Message>
          <Message>[5/14/2018 11:54:16 PM]&lt;Info&gt;AllBrowserWindow : Locating browser window...</Message>
          <Message>[5/14/2018 11:54:23 PM]&lt;INFO&gt;PlaceOrderCreditCard : method executing</Message>
          <Message>[5/14/2018 11:54:23 PM]&lt;INFO&gt;CheckoutCreditCardShippingAndBillingControls : method executing</Message>
          <Message>[5/14/2018 11:54:23 PM]&lt;Info&gt;AllBrowserWindow : Locating browser window...</Message>
          <Message>[5/14/2018 11:54:30 PM]&lt;INFO&gt;KeyboardSendKeys method executing...</Message>
          <Message>[5/14/2018 11:56:02 PM]&lt;Info&gt;AllBrowserWindow : Locating browser window...</Message>
          <Message>[5/14/2018 11:56:39 PM]&lt;Info&gt;AllBrowserWindow : Locating browser window...</Message>
          <Message>[5/14/2018 11:56:39 PM]&lt;PASS&gt;&lt;MonthFieldValidationCCExpirationField&gt;&lt;Validates error message that appears for not entering Month filed&gt;</Message>
          <Message>[5/14/2018 11:56:39 PM]&lt;INFO&gt;SelectCheckoutPaymentRadiobutton : method executing</Message>
          <Message>[5/14/2018 11:56:39 PM]&lt;INFO&gt;CheckoutCreditCardShippingAndBillingControls : method executing</Message>
          <Message>[5/14/2018 11:56:39 PM]&lt;Info&gt;AllBrowserWindow : Locating browser window...</Message>
          <Message>[5/14/2018 11:56:52 PM]&lt;PASS&gt;&lt;MonthFieldValidationCCExpirationField&gt;&lt;Validate that Popup Modal Window appears&gt;</Message>
          <Message>[5/14/2018 11:56:52 PM]&lt;INFO&gt;SelectCheckoutPaymentRadiobutton : method executing</Message>
          <Message>[5/14/2018 11:56:52 PM]&lt;INFO&gt;CheckoutCreditCardShippingAndBillingControls : method executing</Message>
          <Message>[5/14/2018 11:56:52 PM]&lt;Info&gt;AllBrowserWindow : Locating browser window...</Message>
          <Message>[5/14/2018 11:57:00 PM]&lt;Info&gt;AllBrowserWindow : Locating browser window...</Message>
          <Message>[5/14/2018 11:57:02 PM]&lt;PASS&gt;&lt;CvvLogoValidation&gt;&lt;Validate that VISA Logo gets Highlighted&gt;</Message>
          <Message>[5/14/2018 11:57:05 PM]&lt;PASS&gt;&lt;MonthFieldValidationCCExpirationField&gt;&lt;Validate that VISA, MASTER, Discover Headings Exist&gt;</Message>
          <Message>[5/14/2018 11:57:05 PM]&lt;PASS&gt;&lt;MonthFieldValidationCCExpirationField&gt;&lt;Validate that for VISA, MASTER, Discover 3 digits required text&gt;</Message>
          <Message>[5/14/2018 11:57:06 PM]&lt;Info&gt;AllBrowserWindow : Locating browser window...</Message>
          <Message>[5/14/2018 11:57:08 PM]&lt;PASS&gt;&lt;CvvLogoValidation&gt;&lt;Validate that Master Card Logo gets Highlighted&gt;</Message>
          <Message>[5/14/2018 11:57:11 PM]&lt;PASS&gt;&lt;MonthFieldValidationCCExpirationField&gt;&lt;Validate that VISA, MASTER, Discover Headings Exist&gt;</Message>
          <Message>[5/14/2018 11:57:11 PM]&lt;PASS&gt;&lt;MonthFieldValidationCCExpirationField&gt;&lt;Validate that for VISA, MASTER, Discover 3 digits required text&gt;</Message>
          <Message>[5/14/2018 11:57:11 PM]&lt;Info&gt;AllBrowserWindow : Locating browser window...</Message>
          <Message>[5/14/2018 11:57:14 PM]&lt;PASS&gt;&lt;CvvLogoValidation&gt;&lt;Validate that Discover Logo gets Highlighted&gt;</Message>
          <Message>[5/14/2018 11:57:16 PM]&lt;PASS&gt;&lt;MonthFieldValidationCCExpirationField&gt;&lt;Validate that VISA, MASTER, Discover Headings Exist&gt;</Message>
          <Message>[5/14/2018 11:57:16 PM]&lt;PASS&gt;&lt;MonthFieldValidationCCExpirationField&gt;&lt;Validate that for VISA, MASTER, Discover 3 digits required text&gt;</Message>
          <Message>[5/14/2018 11:57:17 PM]&lt;Info&gt;AllBrowserWindow : Locating browser window...</Message>
          <Message>[5/14/2018 11:57:19 PM]&lt;PASS&gt;&lt;CvvLogoValidation&gt;&lt;Validate that AMEX Logo gets Highlighted&gt;</Message>
          <Message>[5/14/2018 11:57:22 PM]&lt;PASS&gt;&lt;MonthFieldValidationCCExpirationField&gt;&lt;Validate that Master card Headings Exist&gt;</Message>
          <Message>[5/14/2018 11:57:22 PM]&lt;PASS&gt;&lt;MonthFieldValidationCCExpirationField&gt;&lt;Validate that for Master card 4 digits required text&gt;</Message>
          <Message>[5/14/2018 11:57:22 PM]&lt;INFO&gt;FillCreditCardDetails : method executing</Message>
          <Message>[5/14/2018 11:57:22 PM]&lt;INFO&gt;CheckoutCreditCardShippingAndBillingControls : method executing</Message>
          <Message>[5/14/2018 11:57:22 PM]&lt;Info&gt;AllBrowserWindow : Locating browser window...</Message>
          <Message>[5/14/2018 11:57:30 PM]&lt;INFO&gt;ClickReviewOrder : method executing</Message>
          <Message>[5/14/2018 11:57:30 PM]&lt;INFO&gt;CheckoutCreditCardShippingAndBillingControls : method executing</Message>
          <Message>[5/14/2018 11:57:30 PM]&lt;Info&gt;AllBrowserWindow : Locating browser window...</Message>
          <Message>[5/14/2018 11:57:35 PM]&lt;Info&gt;AllBrowserWindow : Locating browser window...</Message>
          <Message>[5/14/2018 11:57:40 PM]&lt;INFO&gt;PlaceOrderCreditCard : method executing</Message>
          <Message>[5/14/2018 11:57:40 PM]&lt;INFO&gt;CheckoutCreditCardShippingAndBillingControls : method executing</Message>
          <Message>[5/14/2018 11:57:40 PM]&lt;Info&gt;AllBrowserWindow : Locating browser window...</Message>
          <Message>[5/14/2018 11:57:49 PM]&lt;INFO&gt;KeyboardSendKeys method executing...</Message>
          <Message>[5/14/2018 11:59:20 PM]&lt;Info&gt;AllBrowserWindow : Locating browser window...</Message>
          <Message>[5/14/2018 11:59:36 PM]&lt;INFO&gt;OrderConfirmation : method executing</Message>
          <Message>[5/14/2018 11:59:36 PM]&lt;INFO&gt;OrderConfirmationUIControls : method executing</Message>
          <Message>[5/14/2018 11:59:36 PM]&lt;Info&gt;AllBrowserWindow : Locating browser window...</Message>
          <Message>[5/14/2018 11:59:39 PM]&lt;INFO&gt;SurveyWindow : method executing ...</Message>
          <Message>[5/14/2018 11:59:48 PM]&lt;PASS&gt;&lt;OrderConfirmation&gt;&lt; Validates Order Number ''True'' is generated successfully&gt;</Message>
          <Message>[5/14/2018 11:59:48 PM]&lt;INFO&gt;SingleProductOrderAmountValidation : method executing</Message>
          <Message>[5/14/2018 11:59:48 PM]&lt;INFO&gt;OrderConfirmationUIControls : method executing</Message>
          <Message>[5/14/2018 11:59:48 PM]&lt;Info&gt;AllBrowserWindow : Locating browser window...</Message>
          <Message>[5/14/2018 11:59:52 PM]&lt;INFO&gt;SingleProductOrderAmountValidation : method executing</Message>
          <Message>[5/14/2018 11:59:52 PM]&lt;PASS&gt;&lt;SingleProductOrderAmountValidation&gt;&lt; Validates expected authorization amount: '114.24000' is equals actual authorization amount: '114.24000'&gt;</Message>
          <Message>[5/14/2018 11:59:52 PM]&lt;Info&gt;AllBrowserWindow : Locating browser window...</Message>
          <Message>[5/14/2018 11:59:56 PM]&lt;INFO&gt;DeletOrderItem : method executing</Message>
          <Message>[5/14/2018 11:59:56 PM]&lt;INFO&gt;DeletOrderItem : method executing</Message>
          <Message>[5/14/2018 11:59:56 PM]&lt;INFO&gt;DeleteWishlistFromDatabase : method executing</Message>
          <Message>[5/15/2018 12:00:27 AM]&lt;Info&gt;AllBrowserWindow : Locating browser window...</Message>
          <Message>[5/15/2018 12:00:30 AM]&lt;INFO&gt;SearchProductexecuting ... Searching term:= 'ECX0850'</Message>
          <Message>[5/15/2018 12:00:36 AM]&lt;Info&gt;AllBrowserWindow : Locating browser window...</Message>
          <Message>[5/15/2018 12:00:37 AM]&lt;INFO&gt;BackOrderClickexecuting ...</Message>
          <Message>[5/15/2018 12:00:40 AM]&lt;INFO&gt;GoToCartClickexecuting ...</Message>
          <Message>[5/15/2018 12:00:52 AM]&lt;INFO&gt;ClickCheckoutButtonBottomexecuting ...</Message>
          <Message>[5/15/2018 12:00:52 AM]&lt;Info&gt;AllBrowserWindow : Locating browser window...</Message>
          <Message>[5/15/2018 12:01:00 AM]&lt;INFO&gt;ContinueAsGuestCheckoutButtonexecuting ...</Message>
          <Message>[5/15/2018 12:01:00 AM]&lt;Info&gt;AllBrowserWindow : Locating browser window...</Message>
          <Message>[5/15/2018 12:01:10 AM]&lt;INFO&gt;FillBillingAndShippingAddressexecuting ...</Message>
          <Message>[5/15/2018 12:01:10 AM]&lt;Info&gt;AllBrowserWindow : Locating browser window...</Message>
          <Message>[5/15/2018 12:01:16 AM]&lt;INFO&gt;SelectBillingCountryexecuting ...</Message>
          <Message>[5/15/2018 12:01:23 AM]&lt;INFO&gt;SelectBillingStateexecuting ...</Message>
          <Message>[5/15/2018 12:01:46 AM]&lt;Info&gt;AllBrowserWindow : Locating browser window...</Message>
          <Message>[5/15/2018 12:01:52 AM]&lt;INFO&gt;SelectCheckoutPaymentRadiobutton : method executing</Message>
          <Message>[5/15/2018 12:01:52 AM]&lt;INFO&gt;CheckoutCreditCardShippingAndBillingControls : method executing</Message>
          <Message>[5/15/2018 12:01:52 AM]&lt;Info&gt;AllBrowserWindow : Locating browser window...</Message>
          <Message>[5/15/2018 12:02:03 AM]&lt;Info&gt;AllBrowserWindow : Locating browser window...</Message>
          <Message>[5/15/2018 12:02:07 AM]&lt;PASS&gt;&lt;CvvLogoValidation&gt;&lt;Validate that VISA Logo gets Highlighted&gt;</Message>
          <Message>[5/15/2018 12:02:07 AM]&lt;Info&gt;AllBrowserWindow : Locating browser window...</Message>
          <Message>[5/15/2018 12:02:09 AM]&lt;PASS&gt;&lt;CvvLogoValidation&gt;&lt;Validate that Master Card Logo gets Highlighted&gt;</Message>
          <Message>[5/15/2018 12:02:09 AM]&lt;Info&gt;AllBrowserWindow : Locating browser window...</Message>
          <Message>[5/15/2018 12:02:11 AM]&lt;PASS&gt;&lt;CvvLogoValidation&gt;&lt;Validate that Discover Logo gets Highlighted&gt;</Message>
          <Message>[5/15/2018 12:02:11 AM]&lt;Info&gt;AllBrowserWindow : Locating browser window...</Message>
          <Message>[5/15/2018 12:02:13 AM]&lt;PASS&gt;&lt;CvvLogoValidation&gt;&lt;Validate that AMEX Logo gets Highlighted&gt;</Message>
          <Message>[5/15/2018 12:02:13 AM]&lt;RESULT&gt;Test Ended:#PASS=20, #FAIL=0</Message>
          <Message>[5/15/2018 12:02:14 AM]&lt;INFO&gt;LogCPUAndMemoryUsage: Available Memory = 25025(MB), CPU Usage = 21.02449%</Message>
          <Message>[5/15/2018 12:02:14 AM]&lt;INFO&gt;Private Working Set for QTAgent32_40, usage=252708 (K)</Message>
          <Message>[5/15/2018 12:02:14 AM]&lt;RESULT&gt;&lt;MonthFieldValidationCCExpirationField&gt; Test PASSED</Message>
        </TextMessages>
      </Output>
      <ResultFiles>
        <ResultFile path="CMP01-YKUMAR.horizonhobby.com\CheckoutCreditCard_235206.xml" />
        <ResultFile path="CMP01-YKUMAR.horizonhobby.com\MonthFieldValidationCCExpirationField_20180514235206.log" />
        <ResultFile path="CMP01-YKUMAR.horizonhobby.com\MonthFieldValidationCCExpirationField_ResultsONLY_20180514235206.log" />
        <ResultFile path="CMP01-YKUMAR.horizonhobby.com\SharedCommonConfig.xml" />
      </ResultFiles>
    </UnitTestResult>
    <UnitTestResult executionId="3734f087-95cd-4539-b005-52f4e9a72d19" testId="50f26e18-dca4-70e9-774b-381d34771859" testName="UntilFreeShippingAmountValidation" computerName="CMP01-YKUMAR" duration="00:01:01.7992481" startTime="2018-05-15T00:02:16.6532310-05:00" endTime="2018-05-15T00:03:18.4612310-05:00" testType="13cdc9d9-ddb5-4fa4-a97d-d965ccfc6d4b" outcome="Passed" testListId="8c84fa94-04c1-424b-9868-57a2d4851a1d" relativeResultsDirectory="3734f087-95cd-4539-b005-52f4e9a72d19">
      <Output>
        <StdOut>Logging to custom path:\\CMP01-YKumar\AutoLog</StdOut>
        <TextMessages>
          <Message>[5/15/2018 12:02:16 AM]&lt;STARTLOG&gt;&lt;UntilFreeShippingAmountValidation&gt;Test Started: Expecting: #PASS=Undefined and #FAIL=0
Running from MTM=True, running on machine name:CMP01-YKUMAR, user name=ykumar, OS=Microsoft Windows NT 6.1.7601 Service Pack 1, Is64BitOS=True</Message>
          <Message>[5/15/2018 12:02:17 AM]&lt;INFO&gt;LogCPUAndMemoryUsage: Available Memory = 25054(MB), CPU Usage = 42.15274%</Message>
          <Message>[5/15/2018 12:02:17 AM]&lt;INFO&gt;Private Working Set for QTAgent32_40, usage=252800 (K)</Message>
          <Message>[5/15/2018 12:02:17 AM]&lt;INFO&gt;Path To TestConfig xml=C:\Users\ykumar\AppData\Local\VSEQT\QTAgent\26974\CMP01-YKUMAR.horizonhobby.com\Deployment\SharedCommonConfig.xml</Message>
          <Message>[5/15/2018 12:02:17 AM]&lt;INFO&gt;Path To TestData xml=C:\Users\ykumar\AppData\Local\VSEQT\QTAgent\26974\CMP01-YKUMAR.horizonhobby.com\Deployment\SearchTestData_000216.xml</Message>
          <Message>[5/15/2018 12:02:17 AM]&lt;INFO&gt;Path To HorizonHobbyQA Application Url=https://www-tst.horizonhobby.com</Message>
          <Message>[5/15/2018 12:02:17 AM]&lt;INFO&gt;HorizonHobbyQA sql connection string=Server=cmp02-ws-tst-db01:50000;Database=TST01DB;UID=wcdbuser;PWD=h0r1z0n;Connect Timeout=30</Message>
          <Message>[5/15/2018 12:02:17 AM]&lt;INFO&gt;Country is := US and language id is := '-1'</Message>
          <Message>[5/15/2018 12:02:17 AM]&lt;INFO&gt;Current browser used for test execution is = 'IE'</Message>
          <Message>[5/15/2018 12:02:21 AM]&lt;PASS&gt;&lt;UntilFreeShippingAmountValidation&gt;&lt; Validates that Until Free Shipping text on the Homepage &gt;</Message>
          <Message>[5/15/2018 12:02:24 AM]&lt;INFO&gt;SearchProductexecuting ... Searching term:= 'RRP1418'</Message>
          <Message>[5/15/2018 12:02:30 AM]&lt;Info&gt;AllBrowserWindow : Locating browser window...</Message>
          <Message>[5/15/2018 12:02:31 AM]&lt;INFO&gt;GetProductPriceFromProductPage : method executing ...</Message>
          <Message>[5/15/2018 12:02:42 AM]&lt;INFO&gt;BackOrderClickexecuting ...</Message>
          <Message>[5/15/2018 12:02:54 AM]&lt;PASS&gt;&lt;UntilFreeShippingAmountValidation&gt;&lt;Validates that Until Free Shipping Amount is Updated &gt;</Message>
          <Message>[5/15/2018 12:02:58 AM]&lt;INFO&gt;SearchProductexecuting ... Searching term:= 'SAI125A01A'</Message>
          <Message>[5/15/2018 12:03:02 AM]&lt;Info&gt;AllBrowserWindow : Locating browser window...</Message>
          <Message>[5/15/2018 12:03:03 AM]&lt;INFO&gt;BackOrderClickexecuting ...</Message>
          <Message>[5/15/2018 12:03:15 AM]&lt;PASS&gt;&lt;UntilFreeShippingAmountValidation&gt;&lt;Validate that Qualified for Free shipping* is displayed now&gt;</Message>
          <Message>[5/15/2018 12:03:15 AM]&lt;RESULT&gt;Test Ended:#PASS=3, #FAIL=0</Message>
          <Message>[5/15/2018 12:03:16 AM]&lt;INFO&gt;LogCPUAndMemoryUsage: Available Memory = 25207(MB), CPU Usage = 4.64439%</Message>
          <Message>[5/15/2018 12:03:16 AM]&lt;INFO&gt;Private Working Set for QTAgent32_40, usage=249840 (K)</Message>
          <Message>[5/15/2018 12:03:16 AM]&lt;RESULT&gt;&lt;UntilFreeShippingAmountValidation&gt; Test PASSED</Message>
        </TextMessages>
      </Output>
    </UnitTestResult>
    <UnitTestResult executionId="cae26683-899a-4f68-9cce-307212da238a" testId="acfe74cc-d057-8fb8-9d6a-794ddd8c2552" testName="ErrorMessagePostCorrectionOrderReviewPage" computerName="CMP01-YKUMAR" duration="00:08:42.6923525" startTime="2018-05-15T00:03:18.4622310-05:00" endTime="2018-05-15T00:12:01.1582310-05:00" testType="13cdc9d9-ddb5-4fa4-a97d-d965ccfc6d4b" outcome="Passed" testListId="8c84fa94-04c1-424b-9868-57a2d4851a1d" relativeResultsDirectory="cae26683-899a-4f68-9cce-307212da238a">
      <Output>
        <StdOut>Logging to custom path:\\CMP01-YKumar\AutoLog</StdOut>
        <TextMessages>
          <Message>[5/15/2018 12:03:18 AM]&lt;STARTLOG&gt;&lt;ErrorMessagePostCorrectionOrderReviewPage&gt;Test Started: Expecting: #PASS=Undefined and #FAIL=0
Running from MTM=True, running on machine name:CMP01-YKUMAR, user name=ykumar, OS=Microsoft Windows NT 6.1.7601 Service Pack 1, Is64BitOS=True</Message>
          <Message>[5/15/2018 12:03:19 AM]&lt;INFO&gt;LogCPUAndMemoryUsage: Available Memory = 25217(MB), CPU Usage = 33.96371%</Message>
          <Message>[5/15/2018 12:03:19 AM]&lt;INFO&gt;Private Working Set for QTAgent32_40, usage=258164 (K)</Message>
          <Message>[5/15/2018 12:03:19 AM]&lt;INFO&gt;Path To TestConfig xml=C:\Users\ykumar\AppData\Local\VSEQT\QTAgent\26974\CMP01-YKUMAR.horizonhobby.com\Deployment\SharedCommonConfig.xml</Message>
          <Message>[5/15/2018 12:03:19 AM]&lt;INFO&gt;Path To TestData xml=C:\Users\ykumar\AppData\Local\VSEQT\QTAgent\26974\CMP01-YKUMAR.horizonhobby.com\Deployment\CheckoutCreditCard_000318.xml</Message>
          <Message>[5/15/2018 12:03:19 AM]&lt;INFO&gt;Path To HorizonHobbyQA Application Url=https://www-tst.horizonhobby.com</Message>
          <Message>[5/15/2018 12:03:19 AM]&lt;INFO&gt;HorizonHobbyQA sql connection string=Server=cmp02-ws-tst-db01:50000;Database=TST01DB;UID=wcdbuser;PWD=h0r1z0n;Connect Timeout=30</Message>
          <Message>[5/15/2018 12:03:19 AM]&lt;INFO&gt;Country is := US and language id is := '-1'</Message>
          <Message>[5/15/2018 12:03:19 AM]&lt;INFO&gt;Current browser used for test execution is = 'IE'</Message>
          <Message>[5/15/2018 12:03:24 AM]&lt;INFO&gt;SurveyWindow : method executing ...</Message>
          <Message>[5/15/2018 12:03:30 AM]&lt;INFO&gt;ContinueOnCertificationErrorClickexecuting ...</Message>
          <Message>[5/15/2018 12:03:30 AM]&lt;Info&gt;DEAllBrowserWindow : Locating browser window...</Message>
          <Message>[5/15/2018 12:03:34 AM]&lt;INFO&gt;UserRegistration : method executing ...</Message>
          <Message>[5/15/2018 12:03:34 AM]&lt;Info&gt;AllBrowserWindow : Locating browser window...</Message>
          <Message>[5/15/2018 12:03:54 AM]&lt;Info&gt;AllBrowserWindow : Locating browser window...</Message>
          <Message>[5/15/2018 12:04:10 AM]&lt;Info&gt;AllBrowserWindow : Locating browser window...</Message>
          <Message>[5/15/2018 12:04:23 AM]&lt;INFO&gt;SearchProductexecuting ... Searching term:= 'TES9169'</Message>
          <Message>[5/15/2018 12:04:29 AM]&lt;Info&gt;AllBrowserWindow : Locating browser window...</Message>
          <Message>[5/15/2018 12:04:29 AM]&lt;INFO&gt;BackOrderClickexecuting ...</Message>
          <Message>[5/15/2018 12:04:33 AM]&lt;INFO&gt;GoToCartClickexecuting ...</Message>
          <Message>[5/15/2018 12:04:44 AM]&lt;INFO&gt;ClickSecondCheckoutButtonexecuting ...</Message>
          <Message>[5/15/2018 12:04:44 AM]&lt;Info&gt;AllBrowserWindow : Locating browser window...</Message>
          <Message>[5/15/2018 12:04:52 AM]&lt;Info&gt;AllBrowserWindow : Locating browser window...</Message>
          <Message>[5/15/2018 12:04:57 AM]&lt;INFO&gt;SelectCheckoutPaymentRadiobutton : method executing</Message>
          <Message>[5/15/2018 12:04:57 AM]&lt;INFO&gt;CheckoutCreditCardShippingAndBillingControls : method executing</Message>
          <Message>[5/15/2018 12:04:57 AM]&lt;Info&gt;AllBrowserWindow : Locating browser window...</Message>
          <Message>[5/15/2018 12:05:06 AM]&lt;INFO&gt;SelectCheckoutPaymentRadiobutton : method executing</Message>
          <Message>[5/15/2018 12:05:06 AM]&lt;INFO&gt;CheckoutCreditCardShippingAndBillingControls : method executing</Message>
          <Message>[5/15/2018 12:05:06 AM]&lt;Info&gt;AllBrowserWindow : Locating browser window...</Message>
          <Message>[5/15/2018 12:05:19 AM]&lt;INFO&gt;FillCreditCardDetails : method executing</Message>
          <Message>[5/15/2018 12:05:19 AM]&lt;INFO&gt;CheckoutCreditCardShippingAndBillingControls : method executing</Message>
          <Message>[5/15/2018 12:05:19 AM]&lt;Info&gt;AllBrowserWindow : Locating browser window...</Message>
          <Message>[5/15/2018 12:05:31 AM]&lt;INFO&gt;GetShippingMethodRadioButtonControl : method executing</Message>
          <Message>[5/15/2018 12:05:31 AM]&lt;Info&gt;AllBrowserWindow : Locating browser window...</Message>
          <Message>[5/15/2018 12:05:31 AM]&lt;INFO&gt;ShippingMethodSelection : method executing</Message>
          <Message>[5/15/2018 12:05:31 AM]&lt;Info&gt;AllBrowserWindow : Locating browser window...</Message>
          <Message>[5/15/2018 12:05:36 AM]&lt;INFO&gt;GetAllShippingOptions : is executing ...</Message>
          <Message>[5/15/2018 12:05:36 AM]&lt;Info&gt;AllBrowserWindow : Locating browser window...</Message>
          <Message>[5/15/2018 12:05:38 AM]&lt;INFO&gt;ClickReviewOrder : method executing</Message>
          <Message>[5/15/2018 12:05:38 AM]&lt;INFO&gt;CheckoutCreditCardShippingAndBillingControls : method executing</Message>
          <Message>[5/15/2018 12:05:38 AM]&lt;Info&gt;AllBrowserWindow : Locating browser window...</Message>
          <Message>[5/15/2018 12:05:44 AM]&lt;Info&gt;AllBrowserWindow : Locating browser window...</Message>
          <Message>[5/15/2018 12:05:52 AM]&lt;Info&gt;AllBrowserWindow : Locating browser window...</Message>
          <Message>[5/15/2018 12:06:11 AM]&lt;INFO&gt;PlaceOrderCreditCard : method executing</Message>
          <Message>[5/15/2018 12:06:11 AM]&lt;INFO&gt;CheckoutCreditCardShippingAndBillingControls : method executing</Message>
          <Message>[5/15/2018 12:06:11 AM]&lt;Info&gt;AllBrowserWindow : Locating browser window...</Message>
          <Message>[5/15/2018 12:06:20 AM]&lt;INFO&gt;KeyboardSendKeys method executing...</Message>
          <Message>[5/15/2018 12:07:54 AM]&lt;Info&gt;AllBrowserWindow : Locating browser window...</Message>
          <Message>[5/15/2018 12:08:31 AM]&lt;PASS&gt;&lt;ErrorMessagePostCorrectionOrderReviewPage&gt;&lt;Validates error message that appears for not entering Month filed&gt;</Message>
          <Message>[5/15/2018 12:08:41 AM]&lt;INFO&gt;GetShippingMethodRadioButtonControl : method executing</Message>
          <Message>[5/15/2018 12:08:41 AM]&lt;Info&gt;AllBrowserWindow : Locating browser window...</Message>
          <Message>[5/15/2018 12:08:41 AM]&lt;INFO&gt;ShippingMethodSelection : method executing</Message>
          <Message>[5/15/2018 12:08:41 AM]&lt;Info&gt;AllBrowserWindow : Locating browser window...</Message>
          <Message>[5/15/2018 12:08:46 AM]&lt;INFO&gt;GetAllShippingOptions : is executing ...</Message>
          <Message>[5/15/2018 12:08:46 AM]&lt;Info&gt;AllBrowserWindow : Locating browser window...</Message>
          <Message>[5/15/2018 12:08:48 AM]&lt;INFO&gt;FillCreditCardDetails : method executing</Message>
          <Message>[5/15/2018 12:08:48 AM]&lt;INFO&gt;CheckoutCreditCardShippingAndBillingControls : method executing</Message>
          <Message>[5/15/2018 12:08:48 AM]&lt;Info&gt;AllBrowserWindow : Locating browser window...</Message>
          <Message>[5/15/2018 12:08:58 AM]&lt;INFO&gt;ClickReviewOrder : method executing</Message>
          <Message>[5/15/2018 12:08:58 AM]&lt;INFO&gt;CheckoutCreditCardShippingAndBillingControls : method executing</Message>
          <Message>[5/15/2018 12:08:58 AM]&lt;Info&gt;AllBrowserWindow : Locating browser window...</Message>
          <Message>[5/15/2018 12:09:03 AM]&lt;Info&gt;AllBrowserWindow : Locating browser window...</Message>
          <Message>[5/15/2018 12:09:15 AM]&lt;Info&gt;AllBrowserWindow : Locating browser window...</Message>
          <Message>[5/15/2018 12:09:35 AM]&lt;INFO&gt;PlaceOrderCreditCard : method executing</Message>
          <Message>[5/15/2018 12:09:35 AM]&lt;INFO&gt;CheckoutCreditCardShippingAndBillingControls : method executing</Message>
          <Message>[5/15/2018 12:09:35 AM]&lt;Info&gt;AllBrowserWindow : Locating browser window...</Message>
          <Message>[5/15/2018 12:09:44 AM]&lt;INFO&gt;KeyboardSendKeys method executing...</Message>
          <Message>[5/15/2018 12:11:15 AM]&lt;Info&gt;AllBrowserWindow : Locating browser window...</Message>
          <Message>[5/15/2018 12:11:25 AM]&lt;INFO&gt;SingleProductOrderAmountValidation : method executing</Message>
          <Message>[5/15/2018 12:11:25 AM]&lt;INFO&gt;OrderConfirmationUIControls : method executing</Message>
          <Message>[5/15/2018 12:11:25 AM]&lt;Info&gt;AllBrowserWindow : Locating browser window...</Message>
          <Message>[5/15/2018 12:11:29 AM]&lt;INFO&gt;SingleProductOrderAmountValidation : method executing</Message>
          <Message>[5/15/2018 12:11:29 AM]&lt;PASS&gt;&lt;SingleProductOrderAmountValidation&gt;&lt; Validates expected authorization amount: '101.23000' is equals actual authorization amount: '101.23000'&gt;</Message>
          <Message>[5/15/2018 12:11:29 AM]&lt;INFO&gt;DeleteWishlistFromDatabase : method executing</Message>
          <Message>[5/15/2018 12:11:29 AM]&lt;INFO&gt;DeletOrderItem : method executing</Message>
          <Message>[5/15/2018 12:11:58 AM]&lt;RESULT&gt;Test Ended:#PASS=2, #FAIL=0</Message>
          <Message>[5/15/2018 12:11:59 AM]&lt;INFO&gt;LogCPUAndMemoryUsage: Available Memory = 25134(MB), CPU Usage = 8.34942%</Message>
          <Message>[5/15/2018 12:11:59 AM]&lt;INFO&gt;Private Working Set for QTAgent32_40, usage=256384 (K)</Message>
          <Message>[5/15/2018 12:11:59 AM]&lt;RESULT&gt;&lt;ErrorMessagePostCorrectionOrderReviewPage&gt; Test PASSED</Message>
        </TextMessages>
      </Output>
    </UnitTestResult>
    <UnitTestResult executionId="8e3ba439-4a81-4091-8ce0-4a3fb3a41eea" testId="e4b43ad5-67fc-68cb-e612-10a4fc8dab10" testName="ProductReviewQuestionAnswerReviewComment" computerName="CMP01-YKUMAR" duration="00:04:16.5032277" startTime="2018-05-15T00:12:01.1622310-05:00" endTime="2018-05-15T00:16:17.6732310-05:00" testType="13cdc9d9-ddb5-4fa4-a97d-d965ccfc6d4b" outcome="Passed" testListId="8c84fa94-04c1-424b-9868-57a2d4851a1d" relativeResultsDirectory="8e3ba439-4a81-4091-8ce0-4a3fb3a41eea">
      <Output>
        <StdOut>Logging to custom path:\\CMP01-YKumar\AutoLog</StdOut>
        <TextMessages>
          <Message>[5/15/2018 12:12:01 AM]&lt;STARTLOG&gt;&lt;ProductReviewQuestionAnswerReviewComment&gt;Test Started: Expecting: #PASS=Undefined and #FAIL=0
Running from MTM=True, running on machine name:CMP01-YKUMAR, user name=ykumar, OS=Microsoft Windows NT 6.1.7601 Service Pack 1, Is64BitOS=True</Message>
          <Message>[5/15/2018 12:12:02 AM]&lt;INFO&gt;LogCPUAndMemoryUsage: Available Memory = 25196(MB), CPU Usage = 36.72018%</Message>
          <Message>[5/15/2018 12:12:02 AM]&lt;INFO&gt;Private Working Set for QTAgent32_40, usage=256496 (K)</Message>
          <Message>[5/15/2018 12:12:02 AM]&lt;INFO&gt;Path To TestConfig xml=C:\Users\ykumar\AppData\Local\VSEQT\QTAgent\26974\CMP01-YKUMAR.horizonhobby.com\Deployment\SharedCommonConfig.xml</Message>
          <Message>[5/15/2018 12:12:02 AM]&lt;INFO&gt;Path To TestData xml=C:\Users\ykumar\AppData\Local\VSEQT\QTAgent\26974\CMP01-YKUMAR.horizonhobby.com\Deployment\ProductPageTestData_001201.xml</Message>
          <Message>[5/15/2018 12:12:02 AM]&lt;INFO&gt;Path To HorizonHobbyQA Application Url=https://www-tst.horizonhobby.com</Message>
          <Message>[5/15/2018 12:12:02 AM]&lt;INFO&gt;HorizonHobbyQA sql connection string=Server=cmp02-ws-tst-db01:50000;Database=TST01DB;UID=wcdbuser;PWD=h0r1z0n;Connect Timeout=30</Message>
          <Message>[5/15/2018 12:12:02 AM]&lt;INFO&gt;Country is := US and language id is := '-1'</Message>
          <Message>[5/15/2018 12:12:02 AM]&lt;INFO&gt;Current browser used for test execution is = 'IE'</Message>
          <Message>[5/15/2018 12:12:05 AM]&lt;Info&gt;AllBrowserWindow : Locating browser window...</Message>
          <Message>[5/15/2018 12:12:07 AM]&lt;INFO&gt;SurveyWindow : method executing ...</Message>
          <Message>[5/15/2018 12:12:13 AM]&lt;INFO&gt;ContinueOnCertificationErrorClickexecuting ...</Message>
          <Message>[5/15/2018 12:12:13 AM]&lt;Info&gt;DEAllBrowserWindow : Locating browser window...</Message>
          <Message>[5/15/2018 12:12:18 AM]&lt;INFO&gt;UserRegistration : method executing ...</Message>
          <Message>[5/15/2018 12:12:18 AM]&lt;Info&gt;AllBrowserWindow : Locating browser window...</Message>
          <Message>[5/15/2018 12:12:41 AM]&lt;Info&gt;AllBrowserWindow : Locating browser window...</Message>
          <Message>[5/15/2018 12:12:56 AM]&lt;Info&gt;AllBrowserWindow : Locating browser window...</Message>
          <Message>[5/15/2018 12:13:06 AM]&lt;INFO&gt;SearchProductexecuting ... Searching term:= 'HAN4495'</Message>
          <Message>[5/15/2018 12:13:12 AM]&lt;Info&gt;AllBrowserWindow : Locating browser window...</Message>
          <Message>[5/15/2018 12:13:50 AM]&lt;PASS&gt;&lt;ClickAndValidateQuestionAndAnswer&gt;&lt; Validates answer section opens up&gt;</Message>
          <Message>[5/15/2018 12:14:39 AM]&lt;Info&gt;AllBrowserWindow : Locating browser window...</Message>
          <Message>[5/15/2018 12:14:43 AM]&lt;Info&gt;AllBrowserWindow : Locating browser window...</Message>
          <Message>[5/15/2018 12:14:46 AM]&lt;INFO&gt;SearchProductexecuting ... Searching term:= 'EFLH2400'</Message>
          <Message>[5/15/2018 12:15:02 AM]&lt;Info&gt;AllBrowserWindow : Locating browser window...</Message>
          <Message>[5/15/2018 12:15:39 AM]&lt;Info&gt;AllBrowserWindow : Locating browser window...</Message>
          <Message>[5/15/2018 12:15:43 AM]&lt;PASS&gt;&lt;ProductReviewQuestionAnswerReviewComment&gt;&lt;Nickname pre-populated by default on Write a review page&gt;</Message>
          <Message>[5/15/2018 12:15:43 AM]&lt;INFO&gt;DeleteWishlistFromDatabase : method executing</Message>
          <Message>[5/15/2018 12:16:14 AM]&lt;RESULT&gt;Test Ended:#PASS=2, #FAIL=0</Message>
          <Message>[5/15/2018 12:16:15 AM]&lt;INFO&gt;LogCPUAndMemoryUsage: Available Memory = 25080(MB), CPU Usage = 2.69437%</Message>
          <Message>[5/15/2018 12:16:15 AM]&lt;INFO&gt;Private Working Set for QTAgent32_40, usage=258956 (K)</Message>
          <Message>[5/15/2018 12:16:15 AM]&lt;RESULT&gt;&lt;ProductReviewQuestionAnswerReviewComment&gt; Test PASSED</Message>
        </TextMessages>
      </Output>
    </UnitTestResult>
    <UnitTestResult executionId="07c1e70d-71a1-4566-bcb8-8c9a31ef834d" testId="6c229ca4-b17b-fa56-cfbb-866932b72df2" testName="CartCheckoutCartDisplayPart2" computerName="CMP01-YKUMAR" duration="00:00:35.2117056" startTime="2018-05-15T00:16:17.6742310-05:00" endTime="2018-05-15T00:16:52.8972310-05:00" testType="13cdc9d9-ddb5-4fa4-a97d-d965ccfc6d4b" outcome="Failed" testListId="8c84fa94-04c1-424b-9868-57a2d4851a1d" relativeResultsDirectory="07c1e70d-71a1-4566-bcb8-8c9a31ef834d">
      <Output>
        <StdOut>Logging to custom path:\\CMP01-YKumar\AutoLog</StdOut>
        <ErrorInfo>
          <Message>Assert.Fail failed. 
#Other errors=1
[Error details below]
&lt;ERROR&gt;[5/15/2018 12:16:49 AM]&lt;ERROR&gt;CartCheckoutCartDisplayPart2 : failed executing ...The playback failed to find the control with the given search properties. Additional Details: 
TechnologyName:  'Web'
ControlType:  'Pane'
TagName:  'SPAN'
Class:  'invMessage disc'
 Failed to find any control that matched the search condition ControlType='Pane' &amp;&amp; Class='invMessage disc'</Message>
          <StackTrace>   at TestAuto.LoggingAndSharedGenericMethods.EndTest() in c:\Builds\1\WebSphere\QATestAutomation\src\CodedUITest\SourceCode\Common\Logging\Logging.cs:line 1628
   at TestAuto.CartDisplayTest.TestCleanup() in c:\Builds\1\WebSphere\QATestAutomation\src\CodedUITest\SourceCode\HHobby\CartDisplay\CartDisplay.cs:line 5472
</StackTrace>
        </ErrorInfo>
        <TextMessages>
          <Message>[5/15/2018 12:16:17 AM]&lt;STARTLOG&gt;&lt;CartCheckoutCartDisplayPart2&gt;Test Started: Expecting: #PASS=Undefined and #FAIL=0
Running from MTM=True, running on machine name:CMP01-YKUMAR, user name=ykumar, OS=Microsoft Windows NT 6.1.7601 Service Pack 1, Is64BitOS=True</Message>
          <Message>[5/15/2018 12:16:18 AM]&lt;INFO&gt;LogCPUAndMemoryUsage: Available Memory = 25108(MB), CPU Usage = 36.02726%</Message>
          <Message>[5/15/2018 12:16:18 AM]&lt;INFO&gt;Private Working Set for QTAgent32_40, usage=259060 (K)</Message>
          <Message>[5/15/2018 12:16:18 AM]&lt;INFO&gt;Path To TestConfig xml=C:\Users\ykumar\AppData\Local\VSEQT\QTAgent\26974\CMP01-YKUMAR.horizonhobby.com\Deployment\SharedCommonConfig.xml</Message>
          <Message>[5/15/2018 12:16:18 AM]&lt;INFO&gt;Path To TestData xml=C:\Users\ykumar\AppData\Local\VSEQT\QTAgent\26974\CMP01-YKUMAR.horizonhobby.com\Deployment\CartDisplayTestData_001617.xml</Message>
          <Message>[5/15/2018 12:16:18 AM]&lt;INFO&gt;Path To HorizonHobbyQA Application Url=https://www-tst.horizonhobby.com</Message>
          <Message>[5/15/2018 12:16:18 AM]&lt;INFO&gt;HorizonHobbyQA sql connection string=Server=cmp02-ws-tst-db01:50000;Database=TST01DB;UID=wcdbuser;PWD=h0r1z0n;Connect Timeout=30</Message>
          <Message>[5/15/2018 12:16:18 AM]&lt;INFO&gt;Country is := US and language id is := '-1'</Message>
          <Message>[5/15/2018 12:16:18 AM]&lt;INFO&gt;Current browser used for test execution is = 'IE'</Message>
          <Message>[5/15/2018 12:16:22 AM]&lt;Info&gt;AllBrowserWindow : Locating browser window...</Message>
          <Message>[5/15/2018 12:16:24 AM]&lt;INFO&gt;There are no records found in the table for stock status InStockField1Value4</Message>
          <Message>[5/15/2018 12:16:27 AM]&lt;INFO&gt;SearchProductexecuting ... Searching term:= 'TESA4709'</Message>
          <Message>[5/15/2018 12:16:33 AM]&lt;Info&gt;AllBrowserWindow : Locating browser window...</Message>
          <Message>Assert.Fail failed. [5/15/2018 12:16:49 AM]&lt;ERROR&gt;CartCheckoutCartDisplayPart2 : failed executing ...The playback failed to find the control with the given search properties. Additional Details: 
TechnologyName:  'Web'
ControlType:  'Pane'
TagName:  'SPAN'
Class:  'invMessage disc'
 Failed to find any control that matched the search condition ControlType='Pane' &amp;&amp; Class='invMessage disc', 
    StackTrace:
    CartCheckoutCartDisplayPart2(),CartDisplay.cs,Line Number:3593</Message>
          <Message>[5/15/2018 12:16:49 AM]&lt;CaptureImage&gt;\\CMP01-YKumar\AutoLog\CMP01-YKUMAR\CartCheckoutCartDisplayPart2_20180515001649.png</Message>
          <Message>[5/15/2018 12:16:49 AM]&lt;RESULT&gt;Test Ended:#PASS=0, #FAIL=0,#Other errors=1</Message>
          <Message>[5/15/2018 12:16:50 AM]&lt;INFO&gt;LogCPUAndMemoryUsage: Available Memory = 25214(MB), CPU Usage = 1.622737%</Message>
          <Message>[5/15/2018 12:16:50 AM]&lt;INFO&gt;Private Working Set for QTAgent32_40, usage=263604 (K)</Message>
          <Message>[5/15/2018 12:16:50 AM]&lt;RESULT&gt;&lt;CartCheckoutCartDisplayPart2&gt; Test FAILED: #Other errors=1. See Error Message/logs for further details.</Message>
        </TextMessages>
      </Output>
      <ResultFiles>
        <ResultFile path="CMP01-YKUMAR.horizonhobby.com\CartCheckoutCartDisplayPart2_20180515001617.log" />
        <ResultFile path="CMP01-YKUMAR.horizonhobby.com\CartCheckoutCartDisplayPart2_20180515001649.png" />
        <ResultFile path="CMP01-YKUMAR.horizonhobby.com\CartCheckoutCartDisplayPart2_ResultsONLY_20180515001617.log" />
        <ResultFile path="CMP01-YKUMAR.horizonhobby.com\CartDisplayTestData_001617.xml" />
        <ResultFile path="CMP01-YKUMAR.horizonhobby.com\SharedCommonConfig.xml" />
      </ResultFiles>
    </UnitTestResult>
    <UnitTestResult executionId="36c8c004-c844-4413-87d2-cad76f07a007" testId="0531377d-c278-d1fe-a5e4-5a3dcd41c4c1" testName="CartCheckoutCartDisplayPart3" computerName="CMP01-YKUMAR" duration="00:06:30.4228725" startTime="2018-05-15T00:16:52.8982310-05:00" endTime="2018-05-15T00:23:23.3382310-05:00" testType="13cdc9d9-ddb5-4fa4-a97d-d965ccfc6d4b" outcome="Failed" testListId="8c84fa94-04c1-424b-9868-57a2d4851a1d" relativeResultsDirectory="36c8c004-c844-4413-87d2-cad76f07a007">
      <Output>
        <StdOut>Logging to custom path:\\CMP01-YKumar\AutoLog</StdOut>
        <ErrorInfo>
          <Message>Assert.Fail failed. 
Actual #FAIL=1, #Expected FAIL=0
#Other errors=6
[Error details below]
&lt;ERROR&gt;[5/15/2018 12:21:10 AM]&lt;ERROR&gt;BackOrderClick : failed executing ...The playback failed to find the control with the given search properties. Additional Details: 
TechnologyName:  'Web'
ControlType:  'Hyperlink'
TagName:  'A'
Id:  'add2CartBtn'
 Failed to find any control that matched the value add2CartBtn for the search property Id.
&lt;ERROR&gt;[5/15/2018 12:21:26 AM]&lt;ERROR&gt;MouseClick Exception:Microsoft.VisualStudio.TestTools.UITest.Extension.FailedToPerformActionOnHiddenControlException: Cannot perform 'Click' on the hidden control. Additional Details: 
TechnologyName:  'Web'
ControlType:  'Hyperlink'
TagName:  'A'
Id:  'GotoCartButton1'
Name:  ''
Target:  ''
InnerText:  'Go to Cart'
 ---&gt; System.Runtime.InteropServices.COMException: Exception from HRESULT: 0xF004F002
   at Microsoft.VisualStudio.TestTools.UITest.Playback.Engine.IScreenElement.MouseButtonClick(Int32 x, Int32 y, Int32 nButton, Int32 fEnsureVisible, String bstrKeyModifiers)
   at Microsoft.VisualStudio.TestTools.UITest.Playback.ScreenElement.MouseButtonClick(Int32 x, Int32 y, MouseButtons button, ModifierKeys modifierKeys, Int32 ensureVisible)
   at Microsoft.VisualStudio.TestTools.UITesting.UITestControl.Click(MouseButtons button, ModifierKeys modifierKeys, Point relativeCoordinates)
   --- End of inner exception stack trace ---
   at Microsoft.VisualStudio.TestTools.UITesting.Playback.MapAndThrowComException(COMException innerException, IPlaybackContext context)
   at Microsoft.VisualStudio.TestTools.UITesting.Playback.MapAndThrowException(SystemException exception, IPlaybackContext context)
   at Microsoft.VisualStudio.TestTools.UITesting.Playback.MapAndThrowException(SystemException exception, String actionName, UITestControl uiControl, Point point)
   at Microsoft.VisualStudio.TestTools.UITesting.UITestControl.Click(MouseButtons button, ModifierKeys modifierKeys, Point relativeCoordinates)
   at Microsoft.VisualStudio.TestTools.UITesting.UITestActionExecutorCore.Click(UITestControl control, MouseButtons button, ModifierKeys modifierKeys, Point relativeCoordinate)
   at Microsoft.VisualStudio.TestTools.UITesting.Mouse.ClickImplementation(UITestControl control, MouseButtons button, ModifierKeys modifierKeys, Point relativeCoordinate)
   at Microsoft.VisualStudio.TestTools.UITesting.Mouse.&lt;&gt;c__DisplayClass6.&lt;Click&gt;b__5()
   at Microsoft.VisualStudio.TestTools.UITesting.CodedUITestMethodInvoker.InvokeMethod[T](Func`1 function, UITestControl control, Boolean firePlaybackErrorEvent, Boolean logAsAction)
   at Microsoft.VisualStudio.TestTools.UITesting.Mouse.Click(UITestControl control, MouseButtons button, ModifierKeys modifierKeys, Point relativeCoordinate)
   at Microsoft.VisualStudio.TestTools.UITesting.Mouse.Click(UITestControl control)
   at TestAuto.LoggingAndSharedGenericMethods.MouseClick(UITestControl uiMenuItemTestControl) in c:\Builds\1\WebSphere\QATestAutomation\src\CodedUITest\SourceCode\Common\Logging\SharedMethods_Generic.cs:line 785
&lt;ERROR&gt;[5/15/2018 12:21:49 AM]&lt;Error&gt;AllBrowserWindow : failed executing ...Unable to find Windows Internet Explorer window with 'Shopping Cart - Microsoft Internet Explorer provided by Horizon Hobby' in the title.
&lt;ERROR&gt;[5/15/2018 12:22:33 AM]&lt;ERROR&gt;GetInventoryStockStatusFromCart : failed executing ...Unable to find Windows Internet Explorer window with 'Shopping Cart' in the title.
&lt;FAIL&gt;&lt;CartCheckoutCartDisplayPart3&gt;&lt;Validate the Stock Status on shipping Cart page as : &gt;.Assert.AreEqual failed. Expected:&lt;Backorder&gt;. Actual:&lt;&gt;. 
    StackTrace:
    CartCheckoutCartDisplayPart3(),CartDisplay.cs,Line Number:3701
&lt;ERROR&gt;[5/15/2018 12:22:58 AM]&lt;Error&gt;AllBrowserWindow : failed executing ...Unable to find Windows Internet Explorer window with 'Shopping Cart - Microsoft Internet Explorer provided by Horizon Hobby' in the title.
&lt;ERROR&gt;[5/15/2018 12:23:15 AM]&lt;ERROR&gt;MouseClick Exception:Microsoft.VisualStudio.TestTools.UITest.Extension.UITestControlNotFoundException: The playback failed to find the control with the given search properties. Additional Details: 
TechnologyName:  'Web'
ControlType:  'Hyperlink'
TagName:  'A'
Id:  'WC_OrderItemDetailsf_links_2_1'
 Failed to find any control that matched the value WC_OrderItemDetailsf_links_2_1 for the search property Id. ---&gt; System.Runtime.InteropServices.COMException: Error HRESULT E_FAIL has been returned from a call to a COM component.
   at Microsoft.VisualStudio.TestTools.UITest.Playback.Engine.IScreenElement.FindAllDescendants(String bstrQueryId, Object&amp; pvarResKeys, Int32 cResKeys, Int32 nMaxDepth)
   at Microsoft.VisualStudio.TestTools.UITest.Playback.ScreenElement.FindAllScreenElement(String queryId, Int32 depth, Boolean singleQueryId, Boolean throwException, Boolean resetSkipStep)
   at Microsoft.VisualStudio.TestTools.UITest.Playback.ScreenElement.FindScreenElement(String queryId, Int32 depth, Boolean resetSkipStep)
   at Microsoft.VisualStudio.TestTools.UITesting.UITestControl.FindFirstDescendant(String queryId, Int32 maxDepth, Int32&amp; timeLeft)
   --- End of inner exception stack trace ---
   at Microsoft.VisualStudio.TestTools.UITesting.Playback.MapControlNotFoundException(COMException ex, IPlaybackContext context)
   at Microsoft.VisualStudio.TestTools.UITesting.Playback.MapAndThrowComException(COMException innerException, IPlaybackContext context)
   at Microsoft.VisualStudio.TestTools.UITesting.Playback.MapAndThrowException(SystemException exception, IPlaybackContext context)
   at Microsoft.VisualStudio.TestTools.UITesting.Playback.MapAndThrowException(SystemException exception, String queryId)
   at Microsoft.VisualStudio.TestTools.UITesting.UITestControl.FindFirstDescendant(String queryId, Int32 maxDepth, Int32&amp; timeLeft)
   at Microsoft.VisualStudio.TestTools.UITesting.SearchHelper.GetUITestControlRecursive(Boolean useCache, Boolean alwaysSearch, ISearchArgument searchArg, IList`1 windowTitles, Int32&amp; timeLeft)
   at Microsoft.VisualStudio.TestTools.UITesting.SearchHelper.GetElement(Boolean useCache, ISearchArgument searchArg)
   at Microsoft.VisualStudio.TestTools.UITesting.SearchHelper.Search(ISearchArgument searchArg)
   at Microsoft.VisualStudio.TestTools.UITesting.UITestControl.FindInternal()
   at Microsoft.VisualStudio.TestTools.UITesting.UITestControl.&lt;Find&gt;b__3a()
   at Microsoft.VisualStudio.TestTools.UITesting.CodedUITestMethodInvoker.InvokeMethod[T](Func`1 function, UITestControl control, Boolean firePlaybackErrorEvent, Boolean logAsAction)
   at Microsoft.VisualStudio.TestTools.UITesting.UITestControl.Find()
   at Microsoft.VisualStudio.TestTools.UITesting.UITestControl.GetPropertyPrivate(String propertyName)
   at Microsoft.VisualStudio.TestTools.UITesting.UITestControl.GetPropertyOfType[T](String propertyName)
   at Microsoft.VisualStudio.TestTools.UITesting.UITestControl.get_Name()
   at TestAuto.LoggingAndSharedGenericMethods.MouseClick(UITestControl uiMenuItemTestControl) in c:\Builds\1\WebSphere\QATestAutomation\src\CodedUITest\SourceCode\Common\Logging\SharedMethods_Generic.cs:line 790</Message>
          <StackTrace>   at TestAuto.LoggingAndSharedGenericMethods.EndTest() in c:\Builds\1\WebSphere\QATestAutomation\src\CodedUITest\SourceCode\Common\Logging\Logging.cs:line 1628
   at TestAuto.CartDisplayTest.TestCleanup() in c:\Builds\1\WebSphere\QATestAutomation\src\CodedUITest\SourceCode\HHobby\CartDisplay\CartDisplay.cs:line 5472
</StackTrace>
        </ErrorInfo>
        <TextMessages>
          <Message>[5/15/2018 12:16:52 AM]&lt;STARTLOG&gt;&lt;CartCheckoutCartDisplayPart3&gt;Test Started: Expecting: #PASS=Undefined and #FAIL=0
Running from MTM=True, running on machine name:CMP01-YKUMAR, user name=ykumar, OS=Microsoft Windows NT 6.1.7601 Service Pack 1, Is64BitOS=True</Message>
          <Message>[5/15/2018 12:16:53 AM]&lt;INFO&gt;LogCPUAndMemoryUsage: Available Memory = 25368(MB), CPU Usage = 35.2565%</Message>
          <Message>[5/15/2018 12:16:53 AM]&lt;INFO&gt;Private Working Set for QTAgent32_40, usage=263680 (K)</Message>
          <Message>[5/15/2018 12:16:53 AM]&lt;INFO&gt;Path To TestConfig xml=C:\Users\ykumar\AppData\Local\VSEQT\QTAgent\26974\CMP01-YKUMAR.horizonhobby.com\Deployment\SharedCommonConfig.xml</Message>
          <Message>[5/15/2018 12:16:53 AM]&lt;INFO&gt;Path To TestData xml=C:\Users\ykumar\AppData\Local\VSEQT\QTAgent\26974\CMP01-YKUMAR.horizonhobby.com\Deployment\CartDisplayTestData_001652.xml</Message>
          <Message>[5/15/2018 12:16:54 AM]&lt;INFO&gt;Path To HorizonHobbyQA Application Url=https://www-tst.horizonhobby.com</Message>
          <Message>[5/15/2018 12:16:54 AM]&lt;INFO&gt;HorizonHobbyQA sql connection string=Server=cmp02-ws-tst-db01:50000;Database=TST01DB;UID=wcdbuser;PWD=h0r1z0n;Connect Timeout=30</Message>
          <Message>[5/15/2018 12:16:54 AM]&lt;INFO&gt;Country is := US and language id is := '-1'</Message>
          <Message>[5/15/2018 12:16:54 AM]&lt;INFO&gt;Current browser used for test execution is = 'IE'</Message>
          <Message>[5/15/2018 12:16:57 AM]&lt;Info&gt;AllBrowserWindow : Locating browser window...</Message>
          <Message>[5/15/2018 12:17:00 AM]&lt;INFO&gt;SearchProductexecuting ... Searching term:= 'TES3517CT'</Message>
          <Message>[5/15/2018 12:17:06 AM]&lt;Info&gt;AllBrowserWindow : Locating browser window...</Message>
          <Message>[5/15/2018 12:17:08 AM]&lt;INFO&gt;BackOrderClickexecuting ...</Message>
          <Message>[5/15/2018 12:17:11 AM]&lt;INFO&gt;GoToCartClickexecuting ...</Message>
          <Message>[5/15/2018 12:17:17 AM]&lt;Info&gt;AllBrowserWindow : Locating browser window...</Message>
          <Message>[5/15/2018 12:17:27 AM]&lt;INFO&gt;SurveyWindow : method executing ...</Message>
          <Message>[5/15/2018 12:17:38 AM]&lt;PASS&gt;&lt;CartCheckoutCartDisplayPart3&gt;&lt;Validate the Stock Status on shipping Cart page as : In Stock&gt;</Message>
          <Message>[5/15/2018 12:17:38 AM]&lt;Info&gt;AllBrowserWindow : Locating browser window...</Message>
          <Message>[5/15/2018 12:17:54 AM]&lt;INFO&gt;SearchProductexecuting ... Searching term:= 'TAM50985'</Message>
          <Message>[5/15/2018 12:18:00 AM]&lt;Info&gt;AllBrowserWindow : Locating browser window...</Message>
          <Message>[5/15/2018 12:18:01 AM]&lt;PASS&gt;&lt;CartCheckoutCartDisplayPart3&gt;&lt;Validate the Stock Status on shipping Cart page as : This item is no longer available&gt;</Message>
          <Message>[5/15/2018 12:18:04 AM]&lt;INFO&gt;SearchProductexecuting ... Searching term:= 'TRA390864T1'</Message>
          <Message>[5/15/2018 12:18:19 AM]&lt;Info&gt;AllBrowserWindow : Locating browser window...</Message>
          <Message>[5/15/2018 12:18:49 AM]&lt;INFO&gt;BackOrderClickexecuting ...</Message>
          <Message>[5/15/2018 12:18:51 AM]&lt;INFO&gt;GoToCartClickexecuting ...</Message>
          <Message>[5/15/2018 12:18:57 AM]&lt;Info&gt;AllBrowserWindow : Locating browser window...</Message>
          <Message>[5/15/2018 12:19:06 AM]&lt;INFO&gt;SurveyWindow : method executing ...</Message>
          <Message>[5/15/2018 12:19:17 AM]&lt;PASS&gt;&lt;CartCheckoutCartDisplayPart3&gt;&lt;Validate the Stock Status on shipping Cart page as : In Stock&gt;</Message>
          <Message>[5/15/2018 12:19:17 AM]&lt;Info&gt;AllBrowserWindow : Locating browser window...</Message>
          <Message>[5/15/2018 12:19:33 AM]&lt;INFO&gt;SearchProductexecuting ... Searching term:= 'EVOM4'</Message>
          <Message>[5/15/2018 12:19:40 AM]&lt;Info&gt;AllBrowserWindow : Locating browser window...</Message>
          <Message>[5/15/2018 12:20:02 AM]&lt;Info&gt;AllBrowserWindow : Locating browser window...</Message>
          <Message>[5/15/2018 12:20:28 AM]&lt;Info&gt;AllBrowserWindow : Locating browser window...</Message>
          <Message>[5/15/2018 12:20:28 AM]&lt;INFO&gt;ClickSearchResultCell : No product found on search page with title ... :- EVO 33cc Pitts Muffler, Dual Outlet</Message>
          <Message>[5/15/2018 12:20:28 AM]&lt;CaptureImage&gt;\\CMP01-YKumar\AutoLog\CMP01-YKUMAR\CartCheckoutCartDisplayPart3_20180515002028.png</Message>
          <Message>[5/15/2018 12:20:55 AM]&lt;INFO&gt;BackOrderClickexecuting ...</Message>
          <Message>Assert.Fail failed. [5/15/2018 12:21:10 AM]&lt;ERROR&gt;BackOrderClick : failed executing ...The playback failed to find the control with the given search properties. Additional Details: 
TechnologyName:  'Web'
ControlType:  'Hyperlink'
TagName:  'A'
Id:  'add2CartBtn'
 Failed to find any control that matched the value add2CartBtn for the search property Id., 
    StackTrace:
    BackOrderClick(),SharedProductPage.cs,Line Number:498
    BackOrderClick(),SharedProductPage.cs,Line Number:505
    CartCheckoutCartDisplayPart3(),CartDisplay.cs,Line Number:3694</Message>
          <Message>[5/15/2018 12:21:10 AM]&lt;CaptureImage&gt;\\CMP01-YKumar\AutoLog\CMP01-YKUMAR\CartCheckoutCartDisplayPart3_20180515002110.png</Message>
          <Message>[5/15/2018 12:21:13 AM]&lt;INFO&gt;GoToCartClickexecuting ...</Message>
          <Message>Assert.Fail failed. [5/15/2018 12:21:26 AM]&lt;ERROR&gt;MouseClick Exception:Microsoft.VisualStudio.TestTools.UITest.Extension.FailedToPerformActionOnHiddenControlException: Cannot perform 'Click' on the hidden control. Additional Details: 
TechnologyName:  'Web'
ControlType:  'Hyperlink'
TagName:  'A'
Id:  'GotoCartButton1'
Name:  ''
Target:  ''
InnerText:  'Go to Cart'
 ---&gt; System.Runtime.InteropServices.COMException: Exception from HRESULT: 0xF004F002
   at Microsoft.VisualStudio.TestTools.UITest.Playback.Engine.IScreenElement.MouseButtonClick(Int32 x, Int32 y, Int32 nButton, Int32 fEnsureVisible, String bstrKeyModifiers)
   at Microsoft.VisualStudio.TestTools.UITest.Playback.ScreenElement.MouseButtonClick(Int32 x, Int32 y, MouseButtons button, ModifierKeys modifierKeys, Int32 ensureVisible)
   at Microsoft.VisualStudio.TestTools.UITesting.UITestControl.Click(MouseButtons button, ModifierKeys modifierKeys, Point relativeCoordinates)
   --- End of inner exception stack trace ---
   at Microsoft.VisualStudio.TestTools.UITesting.Playback.MapAndThrowComException(COMException innerException, IPlaybackContext context)
   at Microsoft.VisualStudio.TestTools.UITesting.Playback.MapAndThrowException(SystemException exception, IPlaybackContext context)
   at Microsoft.VisualStudio.TestTools.UITesting.Playback.MapAndThrowException(SystemException exception, String actionName, UITestControl uiControl, Point point)
   at Microsoft.VisualStudio.TestTools.UITesting.UITestControl.Click(MouseButtons button, ModifierKeys modifierKeys, Point relativeCoordinates)
   at Microsoft.VisualStudio.TestTools.UITesting.UITestActionExecutorCore.Click(UITestControl control, MouseButtons button, ModifierKeys modifierKeys, Point relativeCoordinate)
   at Microsoft.VisualStudio.TestTools.UITesting.Mouse.ClickImplementation(UITestControl control, MouseButtons button, ModifierKeys modifierKeys, Point relativeCoordinate)
   at Microsoft.VisualStudio.TestTools.UITesting.Mouse.&lt;&gt;c__DisplayClass6.&lt;Click&gt;b__5()
   at Microsoft.VisualStudio.TestTools.UITesting.CodedUITestMethodInvoker.InvokeMethod[T](Func`1 function, UITestControl control, Boolean firePlaybackErrorEvent, Boolean logAsAction)
   at Microsoft.VisualStudio.TestTools.UITesting.Mouse.Click(UITestControl control, MouseButtons button, ModifierKeys modifierKeys, Point relativeCoordinate)
   at Microsoft.VisualStudio.TestTools.UITesting.Mouse.Click(UITestControl control)
   at TestAuto.LoggingAndSharedGenericMethods.MouseClick(UITestControl uiMenuItemTestControl) in c:\Builds\1\WebSphere\QATestAutomation\src\CodedUITest\SourceCode\Common\Logging\SharedMethods_Generic.cs:line 785, 
    StackTrace:
    MouseClick(),SharedMethods_Generic.cs,Line Number:822
    GoToCartClick(),SharedCartPopUp.cs,Line Number:129
    CartCheckoutCartDisplayPart3(),CartDisplay.cs,Line Number:3696</Message>
          <Message>[5/15/2018 12:21:26 AM]&lt;CaptureImage&gt;\\CMP01-YKumar\AutoLog\CMP01-YKUMAR\CartCheckoutCartDisplayPart3_20180515002126.png</Message>
          <Message>[5/15/2018 12:21:26 AM]&lt;INFO&gt;ContinueOnCertificationErrorClickexecuting ...</Message>
          <Message>[5/15/2018 12:21:26 AM]&lt;Info&gt;AllBrowserWindow : Locating browser window...</Message>
          <Message>Assert.Fail failed. [5/15/2018 12:21:49 AM]&lt;Error&gt;AllBrowserWindow : failed executing ...Unable to find Windows Internet Explorer window with 'Shopping Cart - Microsoft Internet Explorer provided by Horizon Hobby' in the title., 
    StackTrace:
    AllBrowserWindow(),SharedBorderFree.cs,Line Number:1037
    CartCheckoutCartDisplayPart3(),CartDisplay.cs,Line Number:3698</Message>
          <Message>[5/15/2018 12:21:49 AM]&lt;CaptureImage&gt;\\CMP01-YKumar\AutoLog\CMP01-YKUMAR\CartCheckoutCartDisplayPart3_20180515002149.png</Message>
          <Message>[5/15/2018 12:21:49 AM]&lt;INFO&gt;SurveyWindow : method executing ...</Message>
          <Message>[5/15/2018 12:22:11 AM]&lt;INFO&gt;SurveyWindow : Survey window do not exists...</Message>
          <Message>Assert.Fail failed. [5/15/2018 12:22:33 AM]&lt;ERROR&gt;GetInventoryStockStatusFromCart : failed executing ...Unable to find Windows Internet Explorer window with 'Shopping Cart' in the title., 
    StackTrace:
    GetInventoryStockStatusFromCart(),SharedShoppingCart.cs,Line Number:463
    CartCheckoutCartDisplayPart3(),CartDisplay.cs,Line Number:3699</Message>
          <Message>[5/15/2018 12:22:33 AM]&lt;CaptureImage&gt;\\CMP01-YKumar\AutoLog\CMP01-YKUMAR\CartCheckoutCartDisplayPart3_20180515002233.png</Message>
          <Message>[5/15/2018 12:22:35 AM]&lt;FAIL&gt;&lt;CartCheckoutCartDisplayPart3&gt;&lt;Validate the Stock Status on shipping Cart page as : &gt;.Assert.AreEqual failed. Expected:&lt;Backorder&gt;. Actual:&lt;&gt;. 
    StackTrace:
    CartCheckoutCartDisplayPart3(),CartDisplay.cs,Line Number:3701</Message>
          <Message>[5/15/2018 12:22:35 AM]&lt;CaptureImage&gt;\\CMP01-YKumar\AutoLog\CMP01-YKUMAR\CartCheckoutCartDisplayPart3_20180515002235.png</Message>
          <Message>[5/15/2018 12:22:35 AM]&lt;Info&gt;AllBrowserWindow : Locating browser window...</Message>
          <Message>Assert.Fail failed. [5/15/2018 12:22:58 AM]&lt;Error&gt;AllBrowserWindow : failed executing ...Unable to find Windows Internet Explorer window with 'Shopping Cart - Microsoft Internet Explorer provided by Horizon Hobby' in the title., 
    StackTrace:
    AllBrowserWindow(),SharedBorderFree.cs,Line Number:1037
    RemoveSingleItemFromCart(),SharedShoppingCart.cs,Line Number:402
    RemoveSingleItemFromCart(),SharedShoppingCart.cs,Line Number:447
    CartCheckoutCartDisplayPart3(),CartDisplay.cs,Line Number:3703</Message>
          <Message>[5/15/2018 12:22:58 AM]&lt;CaptureImage&gt;\\CMP01-YKumar\AutoLog\CMP01-YKUMAR\CartCheckoutCartDisplayPart3_20180515002258.png</Message>
          <Message>Assert.Fail failed. [5/15/2018 12:23:15 AM]&lt;ERROR&gt;MouseClick Exception:Microsoft.VisualStudio.TestTools.UITest.Extension.UITestControlNotFoundException: The playback failed to find the control with the given search properties. Additional Details: 
TechnologyName:  'Web'
ControlType:  'Hyperlink'
TagName:  'A'
Id:  'WC_OrderItemDetailsf_links_2_1'
 Failed to find any control that matched the value WC_OrderItemDetailsf_links_2_1 for the search property Id. ---&gt; System.Runtime.InteropServices.COMException: Error HRESULT E_FAIL has been returned from a call to a COM component.
   at Microsoft.VisualStudio.TestTools.UITest.Playback.Engine.IScreenElement.FindAllDescendants(String bstrQueryId, Object&amp; pvarResKeys, Int32 cResKeys, Int32 nMaxDepth)
   at Microsoft.VisualStudio.TestTools.UITest.Playback.ScreenElement.FindAllScreenElement(String queryId, Int32 depth, Boolean singleQueryId, Boolean throwException, Boolean resetSkipStep)
   at Microsoft.VisualStudio.TestTools.UITest.Playback.ScreenElement.FindScreenElement(String queryId, Int32 depth, Boolean resetSkipStep)
   at Microsoft.VisualStudio.TestTools.UITesting.UITestControl.FindFirstDescendant(String queryId, Int32 maxDepth, Int32&amp; timeLeft)
   --- End of inner exception stack trace ---
   at Microsoft.VisualStudio.TestTools.UITesting.Playback.MapControlNotFoundException(COMException ex, IPlaybackContext context)
   at Microsoft.VisualStudio.TestTools.UITesting.Playback.MapAndThrowComException(COMException innerException, IPlaybackContext context)
   at Microsoft.VisualStudio.TestTools.UITesting.Playback.MapAndThrowException(SystemException exception, IPlaybackContext context)
   at Microsoft.VisualStudio.TestTools.UITesting.Playback.MapAndThrowException(SystemException exception, String queryId)
   at Microsoft.VisualStudio.TestTools.UITesting.UITestControl.FindFirstDescendant(String queryId, Int32 maxDepth, Int32&amp; timeLeft)
   at Microsoft.VisualStudio.TestTools.UITesting.SearchHelper.GetUITestControlRecursive(Boolean useCache, Boolean alwaysSearch, ISearchArgument searchArg, IList`1 windowTitles, Int32&amp; timeLeft)
   at Microsoft.VisualStudio.TestTools.UITesting.SearchHelper.GetElement(Boolean useCache, ISearchArgument searchArg)
   at Microsoft.VisualStudio.TestTools.UITesting.SearchHelper.Search(ISearchArgument searchArg)
   at Microsoft.VisualStudio.TestTools.UITesting.UITestControl.FindInternal()
   at Microsoft.VisualStudio.TestTools.UITesting.UITestControl.&lt;Find&gt;b__3a()
   at Microsoft.VisualStudio.TestTools.UITesting.CodedUITestMethodInvoker.InvokeMethod[T](Func`1 function, UITestControl control, Boolean firePlaybackErrorEvent, Boolean logAsAction)
   at Microsoft.VisualStudio.TestTools.UITesting.UITestControl.Find()
   at Microsoft.VisualStudio.TestTools.UITesting.UITestControl.GetPropertyPrivate(String propertyName)
   at Microsoft.VisualStudio.TestTools.UITesting.UITestControl.GetPropertyOfType[T](String propertyName)
   at Microsoft.VisualStudio.TestTools.UITesting.UITestControl.get_Name()
   at TestAuto.LoggingAndSharedGenericMethods.MouseClick(UITestControl uiMenuItemTestControl) in c:\Builds\1\WebSphere\QATestAutomation\src\CodedUITest\SourceCode\Common\Logging\SharedMethods_Generic.cs:line 790, 
    StackTrace:
    MouseClick(),SharedMethods_Generic.cs,Line Number:822
    RemoveSingleItemFromCart(),SharedShoppingCart.cs,Line Number:441
    RemoveSingleItemFromCart(),SharedShoppingCart.cs,Line Number:447
    CartCheckoutCartDisplayPart3(),CartDisplay.cs,Line Number:3703</Message>
          <Message>[5/15/2018 12:23:15 AM]&lt;CaptureImage&gt;\\CMP01-YKumar\AutoLog\CMP01-YKUMAR\CartCheckoutCartDisplayPart3_20180515002315.png</Message>
          <Message>[5/15/2018 12:23:20 AM]&lt;RESULT&gt;Test Ended:#PASS=3, #FAIL=1,#Other errors=6</Message>
          <Message>[5/15/2018 12:23:21 AM]&lt;INFO&gt;LogCPUAndMemoryUsage: Available Memory = 25171(MB), CPU Usage = 15.95446%</Message>
          <Message>[5/15/2018 12:23:21 AM]&lt;INFO&gt;Private Working Set for QTAgent32_40, usage=262736 (K)</Message>
          <Message>[5/15/2018 12:23:21 AM]&lt;RESULT&gt;&lt;CartCheckoutCartDisplayPart3&gt; Test FAILED: Actual #FAIL=1, #Expected FAIL=0
#Other errors=6. See Error Message/logs for further details.</Message>
        </TextMessages>
      </Output>
    </UnitTestResult>
    <UnitTestResult executionId="cc9a06d9-48d7-4455-9634-3ad4981d4c88" testId="d2d49f6b-8732-4b2d-609f-ebcf8240af10" testName="ShoppingCartAssociatedMerchandiseDisplayOrder" computerName="CMP01-YKUMAR" duration="00:12:33.7121904" startTime="2018-05-15T00:23:23.3402310-05:00" endTime="2018-05-15T00:35:57.0772310-05:00" testType="13cdc9d9-ddb5-4fa4-a97d-d965ccfc6d4b" outcome="Failed" testListId="8c84fa94-04c1-424b-9868-57a2d4851a1d" relativeResultsDirectory="cc9a06d9-48d7-4455-9634-3ad4981d4c88">
      <Output>
        <StdOut>Logging to custom path:\\CMP01-YKumar\AutoLog</StdOut>
        <ErrorInfo>
          <Message>Assert.Fail failed. 
#Other errors=16
[Error details below]
&lt;ERROR&gt;[5/15/2018 12:27:06 AM]&lt;ERROR&gt;BackOrderClick : failed executing ...The playback failed to find the control with the given search properties. Additional Details: 
TechnologyName:  'Web'
ControlType:  'Hyperlink'
TagName:  'A'
Id:  'add2CartBtn'
 Failed to find any control that matched the search condition Id='add2CartBtn' &amp;&amp; ControlType='Hyperlink'
&lt;ERROR&gt;[5/15/2018 12:27:20 AM]&lt;ERROR&gt;MouseClick Exception:Microsoft.VisualStudio.TestTools.UITest.Extension.UITestControlNotFoundException: The playback failed to find the control with the given search properties. Additional Details: 
TechnologyName:  'Web'
ControlType:  'Hyperlink'
TagName:  'A'
Id:  'GotoCartButton1'
Class:  'button'
InnerText:  'Go to Cart'
 Failed to find any control that matched the search condition Id='GotoCartButton1' &amp;&amp; ControlType='Hyperlink' &amp;&amp; Class='button' &amp;&amp; InnerText='Go to Cart' ---&gt; System.Runtime.InteropServices.COMException: Error HRESULT E_FAIL has been returned from a call to a COM component.
   at Microsoft.VisualStudio.TestTools.UITest.Playback.Engine.IScreenElement.FindAllDescendants(String bstrQueryId, Object&amp; pvarResKeys, Int32 cResKeys, Int32 nMaxDepth)
   at Microsoft.VisualStudio.TestTools.UITest.Playback.ScreenElement.FindAllScreenElement(String queryId, Int32 depth, Boolean singleQueryId, Boolean throwException, Boolean resetSkipStep)
   at Microsoft.VisualStudio.TestTools.UITest.Playback.ScreenElement.FindScreenElement(String queryId, Int32 depth, Boolean resetSkipStep)
   at Microsoft.VisualStudio.TestTools.UITesting.UITestControl.FindFirstDescendant(String queryId, Int32 maxDepth, Int32&amp; timeLeft)
   --- End of inner exception stack trace ---
   at Microsoft.VisualStudio.TestTools.UITesting.Playback.MapControlNotFoundException(COMException ex, IPlaybackContext context)
   at Microsoft.VisualStudio.TestTools.UITesting.Playback.MapAndThrowComException(COMException innerException, IPlaybackContext context)
   at Microsoft.VisualStudio.TestTools.UITesting.Playback.MapAndThrowException(SystemException exception, IPlaybackContext context)
   at Microsoft.VisualStudio.TestTools.UITesting.Playback.MapAndThrowException(SystemException exception, String queryId)
   at Microsoft.VisualStudio.TestTools.UITesting.UITestControl.FindFirstDescendant(String queryId, Int32 maxDepth, Int32&amp; timeLeft)
   at Microsoft.VisualStudio.TestTools.UITesting.SearchHelper.GetUITestControlRecursive(Boolean useCache, Boolean alwaysSearch, ISearchArgument searchArg, IList`1 windowTitles, Int32&amp; timeLeft)
   at Microsoft.VisualStudio.TestTools.UITesting.SearchHelper.GetElement(Boolean useCache, ISearchArgument searchArg)
   at Microsoft.VisualStudio.TestTools.UITesting.SearchHelper.Search(ISearchArgument searchArg)
   at Microsoft.VisualStudio.TestTools.UITesting.UITestControl.FindInternal()
   at Microsoft.VisualStudio.TestTools.UITesting.UITestControl.&lt;Find&gt;b__3a()
   at Microsoft.VisualStudio.TestTools.UITesting.CodedUITestMethodInvoker.InvokeMethod[T](Func`1 function, UITestControl control, Boolean firePlaybackErrorEvent, Boolean logAsAction)
   at Microsoft.VisualStudio.TestTools.UITesting.UITestControl.Find()
   at Microsoft.VisualStudio.TestTools.UITesting.UITestControl.GetPropertyPrivate(String propertyName)
   at Microsoft.VisualStudio.TestTools.UITesting.UITestControl.GetPropertyOfType[T](String propertyName)
   at Microsoft.VisualStudio.TestTools.UITesting.UITestControl.get_Name()
   at TestAuto.LoggingAndSharedGenericMethods.MouseClick(UITestControl uiMenuItemTestControl) in c:\Builds\1\WebSphere\QATestAutomation\src\CodedUITest\SourceCode\Common\Logging\SharedMethods_Generic.cs:line 790
&lt;ERROR&gt;[5/15/2018 12:27:43 AM]&lt;Error&gt;AllBrowserWindow : failed executing ...Unable to find Windows Internet Explorer window with 'Shopping Cart - Microsoft Internet Explorer provided by Horizon Hobby' in the title.
&lt;ERROR&gt;[5/15/2018 12:27:46 AM]&lt;ERROR&gt;SearchProduct := APC09045E : failed executing ...The playback failed to find the control with the given search properties. Additional Details: 
TechnologyName:  'Web'
ControlType:  'Edit'
TagName:  'INPUT'
Id:  'SimpleSearchForm_SearchTerm'
 Failed to find any control that matched the search condition ControlType='Edit' &amp;&amp; Id=&gt;'SimpleSearchForm_SearchTerm'
&lt;ERROR&gt;[5/15/2018 12:29:48 AM]&lt;ERROR&gt;BackOrderClick : failed executing ...The playback failed to find the control with the given search properties. Additional Details: 
TechnologyName:  'Web'
ControlType:  'Hyperlink'
TagName:  'A'
Id:  'add2CartBtn'
 Failed to find any control that matched the search condition Id='add2CartBtn' &amp;&amp; ControlType='Hyperlink'
&lt;ERROR&gt;[5/15/2018 12:30:04 AM]&lt;ERROR&gt;MouseClick Exception:Microsoft.VisualStudio.TestTools.UITest.Extension.UITestControlNotFoundException: The playback failed to find the control with the given search properties. Additional Details: 
TechnologyName:  'Web'
ControlType:  'Hyperlink'
TagName:  'A'
Id:  'GotoCartButton1'
Class:  'button'
InnerText:  'Go to Cart'
 Failed to find any control that matched the search condition Id='GotoCartButton1' &amp;&amp; ControlType='Hyperlink' &amp;&amp; Class='button' &amp;&amp; InnerText='Go to Cart' ---&gt; System.Runtime.InteropServices.COMException: Error HRESULT E_FAIL has been returned from a call to a COM component.
   at Microsoft.VisualStudio.TestTools.UITest.Playback.Engine.IScreenElement.FindAllDescendants(String bstrQueryId, Object&amp; pvarResKeys, Int32 cResKeys, Int32 nMaxDepth)
   at Microsoft.VisualStudio.TestTools.UITest.Playback.ScreenElement.FindAllScreenElement(String queryId, Int32 depth, Boolean singleQueryId, Boolean throwException, Boolean resetSkipStep)
   at Microsoft.VisualStudio.TestTools.UITest.Playback.ScreenElement.FindScreenElement(String queryId, Int32 depth, Boolean resetSkipStep)
   at Microsoft.VisualStudio.TestTools.UITesting.UITestControl.FindFirstDescendant(String queryId, Int32 maxDepth, Int32&amp; timeLeft)
   --- End of inner exception stack trace ---
   at Microsoft.VisualStudio.TestTools.UITesting.Playback.MapControlNotFoundException(COMException ex, IPlaybackContext context)
   at Microsoft.VisualStudio.TestTools.UITesting.Playback.MapAndThrowComException(COMException innerException, IPlaybackContext context)
   at Microsoft.VisualStudio.TestTools.UITesting.Playback.MapAndThrowException(SystemException exception, IPlaybackContext context)
   at Microsoft.VisualStudio.TestTools.UITesting.Playback.MapAndThrowException(SystemException exception, String queryId)
   at Microsoft.VisualStudio.TestTools.UITesting.UITestControl.FindFirstDescendant(String queryId, Int32 maxDepth, Int32&amp; timeLeft)
   at Microsoft.VisualStudio.TestTools.UITesting.SearchHelper.GetUITestControlRecursive(Boolean useCache, Boolean alwaysSearch, ISearchArgument searchArg, IList`1 windowTitles, Int32&amp; timeLeft)
   at Microsoft.VisualStudio.TestTools.UITesting.SearchHelper.GetElement(Boolean useCache, ISearchArgument searchArg)
   at Microsoft.VisualStudio.TestTools.UITesting.SearchHelper.Search(ISearchArgument searchArg)
   at Microsoft.VisualStudio.TestTools.UITesting.UITestControl.FindInternal()
   at Microsoft.VisualStudio.TestTools.UITesting.UITestControl.&lt;Find&gt;b__3a()
   at Microsoft.VisualStudio.TestTools.UITesting.CodedUITestMethodInvoker.InvokeMethod[T](Func`1 function, UITestControl control, Boolean firePlaybackErrorEvent, Boolean logAsAction)
   at Microsoft.VisualStudio.TestTools.UITesting.UITestControl.Find()
   at Microsoft.VisualStudio.TestTools.UITesting.UITestControl.GetPropertyPrivate(String propertyName)
   at Microsoft.VisualStudio.TestTools.UITesting.UITestControl.GetPropertyOfType[T](String propertyName)
   at Microsoft.VisualStudio.TestTools.UITesting.UITestControl.get_Name()
   at TestAuto.LoggingAndSharedGenericMethods.MouseClick(UITestControl uiMenuItemTestControl) in c:\Builds\1\WebSphere\QATestAutomation\src\CodedUITest\SourceCode\Common\Logging\SharedMethods_Generic.cs:line 790
&lt;ERROR&gt;[5/15/2018 12:30:26 AM]&lt;Error&gt;AllBrowserWindow : failed executing ...Unable to find Windows Internet Explorer window with 'Shopping Cart - Microsoft Internet Explorer provided by Horizon Hobby' in the title.
&lt;ERROR&gt;[5/15/2018 12:30:29 AM]&lt;ERROR&gt;SearchProduct := APCFH4 : failed executing ...The playback failed to find the control with the given search properties. Additional Details: 
TechnologyName:  'Web'
ControlType:  'Edit'
TagName:  'INPUT'
Id:  'SimpleSearchForm_SearchTerm'
 Failed to find any control that matched the search condition ControlType='Edit' &amp;&amp; Id=&gt;'SimpleSearchForm_SearchTerm'
&lt;ERROR&gt;[5/15/2018 12:32:31 AM]&lt;ERROR&gt;BackOrderClick : failed executing ...The playback failed to find the control with the given search properties. Additional Details: 
TechnologyName:  'Web'
ControlType:  'Hyperlink'
TagName:  'A'
Id:  'add2CartBtn'
 Failed to find any control that matched the search condition Id='add2CartBtn' &amp;&amp; ControlType='Hyperlink'
&lt;ERROR&gt;[5/15/2018 12:32:46 AM]&lt;ERROR&gt;MouseClick Exception:Microsoft.VisualStudio.TestTools.UITest.Extension.UITestControlNotFoundException: The playback failed to find the control with the given search properties. Additional Details: 
TechnologyName:  'Web'
ControlType:  'Hyperlink'
TagName:  'A'
Id:  'GotoCartButton1'
Class:  'button'
InnerText:  'Go to Cart'
 Failed to find any control that matched the search condition Id='GotoCartButton1' &amp;&amp; ControlType='Hyperlink' &amp;&amp; Class='button' &amp;&amp; InnerText='Go to Cart' ---&gt; System.Runtime.InteropServices.COMException: Error HRESULT E_FAIL has been returned from a call to a COM component.
   at Microsoft.VisualStudio.TestTools.UITest.Playback.Engine.IScreenElement.FindAllDescendants(String bstrQueryId, Object&amp; pvarResKeys, Int32 cResKeys, Int32 nMaxDepth)
   at Microsoft.VisualStudio.TestTools.UITest.Playback.ScreenElement.FindAllScreenElement(String queryId, Int32 depth, Boolean singleQueryId, Boolean throwException, Boolean resetSkipStep)
   at Microsoft.VisualStudio.TestTools.UITest.Playback.ScreenElement.FindScreenElement(String queryId, Int32 depth, Boolean resetSkipStep)
   at Microsoft.VisualStudio.TestTools.UITesting.UITestControl.FindFirstDescendant(String queryId, Int32 maxDepth, Int32&amp; timeLeft)
   --- End of inner exception stack trace ---
   at Microsoft.VisualStudio.TestTools.UITesting.Playback.MapControlNotFoundException(COMException ex, IPlaybackContext context)
   at Microsoft.VisualStudio.TestTools.UITesting.Playback.MapAndThrowComException(COMException innerException, IPlaybackContext context)
   at Microsoft.VisualStudio.TestTools.UITesting.Playback.MapAndThrowException(SystemException exception, IPlaybackContext context)
   at Microsoft.VisualStudio.TestTools.UITesting.Playback.MapAndThrowException(SystemException exception, String queryId)
   at Microsoft.VisualStudio.TestTools.UITesting.UITestControl.FindFirstDescendant(String queryId, Int32 maxDepth, Int32&amp; timeLeft)
   at Microsoft.VisualStudio.TestTools.UITesting.SearchHelper.GetUITestControlRecursive(Boolean useCache, Boolean alwaysSearch, ISearchArgument searchArg, IList`1 windowTitles, Int32&amp; timeLeft)
   at Microsoft.VisualStudio.TestTools.UITesting.SearchHelper.GetElement(Boolean useCache, ISearchArgument searchArg)
   at Microsoft.VisualStudio.TestTools.UITesting.SearchHelper.Search(ISearchArgument searchArg)
   at Microsoft.VisualStudio.TestTools.UITesting.UITestControl.FindInternal()
   at Microsoft.VisualStudio.TestTools.UITesting.UITestControl.&lt;Find&gt;b__3a()
   at Microsoft.VisualStudio.TestTools.UITesting.CodedUITestMethodInvoker.InvokeMethod[T](Func`1 function, UITestControl control, Boolean firePlaybackErrorEvent, Boolean logAsAction)
   at Microsoft.VisualStudio.TestTools.UITesting.UITestControl.Find()
   at Microsoft.VisualStudio.TestTools.UITesting.UITestControl.GetPropertyPrivate(String propertyName)
   at Microsoft.VisualStudio.TestTools.UITesting.UITestControl.GetPropertyOfType[T](String propertyName)
   at Microsoft.VisualStudio.TestTools.UITesting.UITestControl.get_Name()
   at TestAuto.LoggingAndSharedGenericMethods.MouseClick(UITestControl uiMenuItemTestControl) in c:\Builds\1\WebSphere\QATestAutomation\src\CodedUITest\SourceCode\Common\Logging\SharedMethods_Generic.cs:line 790
&lt;ERROR&gt;[5/15/2018 12:33:08 AM]&lt;Error&gt;AllBrowserWindow : failed executing ...Unable to find Windows Internet Explorer window with 'Shopping Cart - Microsoft Internet Explorer provided by Horizon Hobby' in the title.
&lt;ERROR&gt;[5/15/2018 12:33:12 AM]&lt;ERROR&gt;SearchProduct := APC07060 : failed executing ...The playback failed to find the control with the given search properties. Additional Details: 
TechnologyName:  'Web'
ControlType:  'Edit'
TagName:  'INPUT'
Id:  'SimpleSearchForm_SearchTerm'
 Failed to find any control that matched the search condition ControlType='Edit' &amp;&amp; Id=&gt;'SimpleSearchForm_SearchTerm'
&lt;ERROR&gt;[5/15/2018 12:35:13 AM]&lt;ERROR&gt;BackOrderClick : failed executing ...The playback failed to find the control with the given search properties. Additional Details: 
TechnologyName:  'Web'
ControlType:  'Hyperlink'
TagName:  'A'
Id:  'add2CartBtn'
 Failed to find any control that matched the search condition Id='add2CartBtn' &amp;&amp; ControlType='Hyperlink'
&lt;ERROR&gt;[5/15/2018 12:35:28 AM]&lt;ERROR&gt;MouseClick Exception:Microsoft.VisualStudio.TestTools.UITest.Extension.UITestControlNotFoundException: The playback failed to find the control with the given search properties. Additional Details: 
TechnologyName:  'Web'
ControlType:  'Hyperlink'
TagName:  'A'
Id:  'GotoCartButton1'
Class:  'button'
InnerText:  'Go to Cart'
 Failed to find any control that matched the search condition Id='GotoCartButton1' &amp;&amp; ControlType='Hyperlink' &amp;&amp; Class='button' &amp;&amp; InnerText='Go to Cart' ---&gt; System.Runtime.InteropServices.COMException: Error HRESULT E_FAIL has been returned from a call to a COM component.
   at Microsoft.VisualStudio.TestTools.UITest.Playback.Engine.IScreenElement.FindAllDescendants(String bstrQueryId, Object&amp; pvarResKeys, Int32 cResKeys, Int32 nMaxDepth)
   at Microsoft.VisualStudio.TestTools.UITest.Playback.ScreenElement.FindAllScreenElement(String queryId, Int32 depth, Boolean singleQueryId, Boolean throwException, Boolean resetSkipStep)
   at Microsoft.VisualStudio.TestTools.UITest.Playback.ScreenElement.FindScreenElement(String queryId, Int32 depth, Boolean resetSkipStep)
   at Microsoft.VisualStudio.TestTools.UITesting.UITestControl.FindFirstDescendant(String queryId, Int32 maxDepth, Int32&amp; timeLeft)
   --- End of inner exception stack trace ---
   at Microsoft.VisualStudio.TestTools.UITesting.Playback.MapControlNotFoundException(COMException ex, IPlaybackContext context)
   at Microsoft.VisualStudio.TestTools.UITesting.Playback.MapAndThrowComException(COMException innerException, IPlaybackContext context)
   at Microsoft.VisualStudio.TestTools.UITesting.Playback.MapAndThrowException(SystemException exception, IPlaybackContext context)
   at Microsoft.VisualStudio.TestTools.UITesting.Playback.MapAndThrowException(SystemException exception, String queryId)
   at Microsoft.VisualStudio.TestTools.UITesting.UITestControl.FindFirstDescendant(String queryId, Int32 maxDepth, Int32&amp; timeLeft)
   at Microsoft.VisualStudio.TestTools.UITesting.SearchHelper.GetUITestControlRecursive(Boolean useCache, Boolean alwaysSearch, ISearchArgument searchArg, IList`1 windowTitles, Int32&amp; timeLeft)
   at Microsoft.VisualStudio.TestTools.UITesting.SearchHelper.GetElement(Boolean useCache, ISearchArgument searchArg)
   at Microsoft.VisualStudio.TestTools.UITesting.SearchHelper.Search(ISearchArgument searchArg)
   at Microsoft.VisualStudio.TestTools.UITesting.UITestControl.FindInternal()
   at Microsoft.VisualStudio.TestTools.UITesting.UITestControl.&lt;Find&gt;b__3a()
   at Microsoft.VisualStudio.TestTools.UITesting.CodedUITestMethodInvoker.InvokeMethod[T](Func`1 function, UITestControl control, Boolean firePlaybackErrorEvent, Boolean logAsAction)
   at Microsoft.VisualStudio.TestTools.UITesting.UITestControl.Find()
   at Microsoft.VisualStudio.TestTools.UITesting.UITestControl.GetPropertyPrivate(String propertyName)
   at Microsoft.VisualStudio.TestTools.UITesting.UITestControl.GetPropertyOfType[T](String propertyName)
   at Microsoft.VisualStudio.TestTools.UITesting.UITestControl.get_Name()
   at TestAuto.LoggingAndSharedGenericMethods.MouseClick(UITestControl uiMenuItemTestControl) in c:\Builds\1\WebSphere\QATestAutomation\src\CodedUITest\SourceCode\Common\Logging\SharedMethods_Generic.cs:line 790
&lt;ERROR&gt;[5/15/2018 12:35:50 AM]&lt;Error&gt;AllBrowserWindow : failed executing ...Unable to find Windows Internet Explorer window with 'Shopping Cart - Microsoft Internet Explorer provided by Horizon Hobby' in the title.
&lt;ERROR&gt;[5/15/2018 12:35:53 AM]&lt;ERROR&gt;ShoppingCartAssociatedMerchandiseDisplayOrder : failed executing ...The playback failed to find the control with the given search properties. Additional Details: 
TechnologyName:  'Web'
ControlType:  'Pane'
TagName:  'DIV'
Class:  'shopCart_youMayConsider'
 Failed to find any control that matched the search condition ControlType='Pane' &amp;&amp; Class=&gt;'shopCart_youMayConsider'</Message>
          <StackTrace>   at TestAuto.LoggingAndSharedGenericMethods.EndTest() in c:\Builds\1\WebSphere\QATestAutomation\src\CodedUITest\SourceCode\Common\Logging\Logging.cs:line 1628
   at TestAuto.CartDisplayTest.TestCleanup() in c:\Builds\1\WebSphere\QATestAutomation\src\CodedUITest\SourceCode\HHobby\CartDisplay\CartDisplay.cs:line 5472
</StackTrace>
        </ErrorInfo>
        <TextMessages>
          <Message>[5/15/2018 12:23:23 AM]&lt;STARTLOG&gt;&lt;ShoppingCartAssociatedMerchandiseDisplayOrder&gt;Test Started: Expecting: #PASS=Undefined and #FAIL=0
Running from MTM=True, running on machine name:CMP01-YKUMAR, user name=ykumar, OS=Microsoft Windows NT 6.1.7601 Service Pack 1, Is64BitOS=True</Message>
          <Message>[5/15/2018 12:23:24 AM]&lt;INFO&gt;LogCPUAndMemoryUsage: Available Memory = 25184(MB), CPU Usage = 39.49566%</Message>
          <Message>[5/15/2018 12:23:24 AM]&lt;INFO&gt;Private Working Set for QTAgent32_40, usage=262860 (K)</Message>
          <Message>[5/15/2018 12:23:24 AM]&lt;INFO&gt;Path To TestConfig xml=C:\Users\ykumar\AppData\Local\VSEQT\QTAgent\26974\CMP01-YKUMAR.horizonhobby.com\Deployment\SharedCommonConfig.xml</Message>
          <Message>[5/15/2018 12:23:24 AM]&lt;INFO&gt;Path To TestData xml=C:\Users\ykumar\AppData\Local\VSEQT\QTAgent\26974\CMP01-YKUMAR.horizonhobby.com\Deployment\CartDisplayTestData_002323.xml</Message>
          <Message>[5/15/2018 12:23:24 AM]&lt;INFO&gt;Path To HorizonHobbyQA Application Url=https://www-tst.horizonhobby.com</Message>
          <Message>[5/15/2018 12:23:24 AM]&lt;INFO&gt;HorizonHobbyQA sql connection string=Server=cmp02-ws-tst-db01:50000;Database=TST01DB;UID=wcdbuser;PWD=h0r1z0n;Connect Timeout=30</Message>
          <Message>[5/15/2018 12:23:24 AM]&lt;INFO&gt;Country is := US and language id is := '-1'</Message>
          <Message>[5/15/2018 12:23:24 AM]&lt;INFO&gt;Current browser used for test execution is = 'IE'</Message>
          <Message>[5/15/2018 12:23:27 AM]&lt;Info&gt;AllBrowserWindow : Locating browser window...</Message>
          <Message>[5/15/2018 12:23:27 AM]&lt;INFO&gt;GetSearchProductAndAssociatedProducts executing... </Message>
          <Message>[5/15/2018 12:23:29 AM]&lt;INFO&gt;SearchProductexecuting ... Searching term:= 'APC05545'</Message>
          <Message>[5/15/2018 12:23:36 AM]&lt;Info&gt;AllBrowserWindow : Locating browser window...</Message>
          <Message>[5/15/2018 12:23:58 AM]&lt;Info&gt;AllBrowserWindow : Locating browser window...</Message>
          <Message>[5/15/2018 12:24:28 AM]&lt;Info&gt;AllBrowserWindow : Locating browser window...</Message>
          <Message>[5/15/2018 12:24:43 AM]&lt;INFO&gt;BackOrderClickexecuting ...</Message>
          <Message>[5/15/2018 12:24:43 AM]&lt;INFO&gt;GoToCartClickexecuting ...</Message>
          <Message>[5/15/2018 12:24:48 AM]&lt;Info&gt;AllBrowserWindow : Locating browser window...</Message>
          <Message>[5/15/2018 12:24:58 AM]&lt;INFO&gt;SearchProductexecuting ... Searching term:= 'APC09060SF'</Message>
          <Message>[5/15/2018 12:25:04 AM]&lt;Info&gt;AllBrowserWindow : Locating browser window...</Message>
          <Message>[5/15/2018 12:25:27 AM]&lt;Info&gt;AllBrowserWindow : Locating browser window...</Message>
          <Message>[5/15/2018 12:26:59 AM]&lt;INFO&gt;BackOrderClickexecuting ...</Message>
          <Message>Assert.Fail failed. [5/15/2018 12:27:06 AM]&lt;ERROR&gt;BackOrderClick : failed executing ...The playback failed to find the control with the given search properties. Additional Details: 
TechnologyName:  'Web'
ControlType:  'Hyperlink'
TagName:  'A'
Id:  'add2CartBtn'
 Failed to find any control that matched the search condition Id='add2CartBtn' &amp;&amp; ControlType='Hyperlink', 
    StackTrace:
    BackOrderClick(),SharedProductPage.cs,Line Number:498
    BackOrderClick(),SharedProductPage.cs,Line Number:505
    CommonWorkflowMerchandiseAssociation(),CartDisplay.cs,Line Number:5261
    ShoppingCartAssociatedMerchandiseDisplayOrder(),CartDisplay.cs,Line Number:4313</Message>
          <Message>[5/15/2018 12:27:06 AM]&lt;CaptureImage&gt;\\CMP01-YKumar\AutoLog\CMP01-YKUMAR\ShoppingCartAssociatedMerchandiseDisplayOrder_20180515002706.png</Message>
          <Message>[5/15/2018 12:27:06 AM]&lt;INFO&gt;GoToCartClickexecuting ...</Message>
          <Message>Assert.Fail failed. [5/15/2018 12:27:20 AM]&lt;ERROR&gt;MouseClick Exception:Microsoft.VisualStudio.TestTools.UITest.Extension.UITestControlNotFoundException: The playback failed to find the control with the given search properties. Additional Details: 
TechnologyName:  'Web'
ControlType:  'Hyperlink'
TagName:  'A'
Id:  'GotoCartButton1'
Class:  'button'
InnerText:  'Go to Cart'
 Failed to find any control that matched the search condition Id='GotoCartButton1' &amp;&amp; ControlType='Hyperlink' &amp;&amp; Class='button' &amp;&amp; InnerText='Go to Cart' ---&gt; System.Runtime.InteropServices.COMException: Error HRESULT E_FAIL has been returned from a call to a COM component.
   at Microsoft.VisualStudio.TestTools.UITest.Playback.Engine.IScreenElement.FindAllDescendants(String bstrQueryId, Object&amp; pvarResKeys, Int32 cResKeys, Int32 nMaxDepth)
   at Microsoft.VisualStudio.TestTools.UITest.Playback.ScreenElement.FindAllScreenElement(String queryId, Int32 depth, Boolean singleQueryId, Boolean throwException, Boolean resetSkipStep)
   at Microsoft.VisualStudio.TestTools.UITest.Playback.ScreenElement.FindScreenElement(String queryId, Int32 depth, Boolean resetSkipStep)
   at Microsoft.VisualStudio.TestTools.UITesting.UITestControl.FindFirstDescendant(String queryId, Int32 maxDepth, Int32&amp; timeLeft)
   --- End of inner exception stack trace ---
   at Microsoft.VisualStudio.TestTools.UITesting.Playback.MapControlNotFoundException(COMException ex, IPlaybackContext context)
   at Microsoft.VisualStudio.TestTools.UITesting.Playback.MapAndThrowComException(COMException innerException, IPlaybackContext context)
   at Microsoft.VisualStudio.TestTools.UITesting.Playback.MapAndThrowException(SystemException exception, IPlaybackContext context)
   at Microsoft.VisualStudio.TestTools.UITesting.Playback.MapAndThrowException(SystemException exception, String queryId)
   at Microsoft.VisualStudio.TestTools.UITesting.UITestControl.FindFirstDescendant(String queryId, Int32 maxDepth, Int32&amp; timeLeft)
   at Microsoft.VisualStudio.TestTools.UITesting.SearchHelper.GetUITestControlRecursive(Boolean useCache, Boolean alwaysSearch, ISearchArgument searchArg, IList`1 windowTitles, Int32&amp; timeLeft)
   at Microsoft.VisualStudio.TestTools.UITesting.SearchHelper.GetElement(Boolean useCache, ISearchArgument searchArg)
   at Microsoft.VisualStudio.TestTools.UITesting.SearchHelper.Search(ISearchArgument searchArg)
   at Microsoft.VisualStudio.TestTools.UITesting.UITestControl.FindInternal()
   at Microsoft.VisualStudio.TestTools.UITesting.UITestControl.&lt;Find&gt;b__3a()
   at Microsoft.VisualStudio.TestTools.UITesting.CodedUITestMethodInvoker.InvokeMethod[T](Func`1 function, UITestControl control, Boolean firePlaybackErrorEvent, Boolean logAsAction)
   at Microsoft.VisualStudio.TestTools.UITesting.UITestControl.Find()
   at Microsoft.VisualStudio.TestTools.UITesting.UITestControl.GetPropertyPrivate(String propertyName)
   at Microsoft.VisualStudio.TestTools.UITesting.UITestControl.GetPropertyOfType[T](String propertyName)
   at Microsoft.VisualStudio.TestTools.UITesting.UITestControl.get_Name()
   at TestAuto.LoggingAndSharedGenericMethods.MouseClick(UITestControl uiMenuItemTestControl) in c:\Builds\1\WebSphere\QATestAutomation\src\CodedUITest\SourceCode\Common\Logging\SharedMethods_Generic.cs:line 790, 
    StackTrace:
    MouseClick(),SharedMethods_Generic.cs,Line Number:822
    GoToCartClick(),SharedCartPopUp.cs,Line Number:101
    CommonWorkflowMerchandiseAssociation(),CartDisplay.cs,Line Number:5263
    ShoppingCartAssociatedMerchandiseDisplayOrder(),CartDisplay.cs,Line Number:4313</Message>
          <Message>[5/15/2018 12:27:21 AM]&lt;CaptureImage&gt;\\CMP01-YKumar\AutoLog\CMP01-YKUMAR\ShoppingCartAssociatedMerchandiseDisplayOrder_20180515002720.png</Message>
          <Message>[5/15/2018 12:27:21 AM]&lt;Info&gt;AllBrowserWindow : Locating browser window...</Message>
          <Message>Assert.Fail failed. [5/15/2018 12:27:43 AM]&lt;Error&gt;AllBrowserWindow : failed executing ...Unable to find Windows Internet Explorer window with 'Shopping Cart - Microsoft Internet Explorer provided by Horizon Hobby' in the title., 
    StackTrace:
    AllBrowserWindow(),SharedBorderFree.cs,Line Number:1037
    CommonWorkflowMerchandiseAssociation(),CartDisplay.cs,Line Number:5265
    ShoppingCartAssociatedMerchandiseDisplayOrder(),CartDisplay.cs,Line Number:4313</Message>
          <Message>[5/15/2018 12:27:43 AM]&lt;CaptureImage&gt;\\CMP01-YKumar\AutoLog\CMP01-YKUMAR\ShoppingCartAssociatedMerchandiseDisplayOrder_20180515002743.png</Message>
          <Message>[5/15/2018 12:27:43 AM]&lt;INFO&gt;SearchProductexecuting ... Searching term:= 'APC09045E'</Message>
          <Message>Assert.Fail failed. [5/15/2018 12:27:46 AM]&lt;ERROR&gt;SearchProduct := APC09045E : failed executing ...The playback failed to find the control with the given search properties. Additional Details: 
TechnologyName:  'Web'
ControlType:  'Edit'
TagName:  'INPUT'
Id:  'SimpleSearchForm_SearchTerm'
 Failed to find any control that matched the search condition ControlType='Edit' &amp;&amp; Id=&gt;'SimpleSearchForm_SearchTerm', 
    StackTrace:
    SearchProduct(),SharedApplicationCommon.cs,Line Number:697
    CommonWorkflowMerchandiseAssociation(),CartDisplay.cs,Line Number:5252
    ShoppingCartAssociatedMerchandiseDisplayOrder(),CartDisplay.cs,Line Number:4313</Message>
          <Message>[5/15/2018 12:27:46 AM]&lt;CaptureImage&gt;\\CMP01-YKumar\AutoLog\CMP01-YKUMAR\ShoppingCartAssociatedMerchandiseDisplayOrder_20180515002746.png</Message>
          <Message>[5/15/2018 12:27:46 AM]&lt;Info&gt;AllBrowserWindow : Locating browser window...</Message>
          <Message>[5/15/2018 12:28:09 AM]&lt;Info&gt;AllBrowserWindow : Locating browser window...</Message>
          <Message>[5/15/2018 12:29:41 AM]&lt;INFO&gt;BackOrderClickexecuting ...</Message>
          <Message>Assert.Fail failed. [5/15/2018 12:29:48 AM]&lt;ERROR&gt;BackOrderClick : failed executing ...The playback failed to find the control with the given search properties. Additional Details: 
TechnologyName:  'Web'
ControlType:  'Hyperlink'
TagName:  'A'
Id:  'add2CartBtn'
 Failed to find any control that matched the search condition Id='add2CartBtn' &amp;&amp; ControlType='Hyperlink', 
    StackTrace:
    BackOrderClick(),SharedProductPage.cs,Line Number:498
    BackOrderClick(),SharedProductPage.cs,Line Number:505
    CommonWorkflowMerchandiseAssociation(),CartDisplay.cs,Line Number:5261
    ShoppingCartAssociatedMerchandiseDisplayOrder(),CartDisplay.cs,Line Number:4313</Message>
          <Message>[5/15/2018 12:29:48 AM]&lt;CaptureImage&gt;\\CMP01-YKumar\AutoLog\CMP01-YKUMAR\ShoppingCartAssociatedMerchandiseDisplayOrder_20180515002948.png</Message>
          <Message>[5/15/2018 12:29:48 AM]&lt;INFO&gt;GoToCartClickexecuting ...</Message>
          <Message>Assert.Fail failed. [5/15/2018 12:30:04 AM]&lt;ERROR&gt;MouseClick Exception:Microsoft.VisualStudio.TestTools.UITest.Extension.UITestControlNotFoundException: The playback failed to find the control with the given search properties. Additional Details: 
TechnologyName:  'Web'
ControlType:  'Hyperlink'
TagName:  'A'
Id:  'GotoCartButton1'
Class:  'button'
InnerText:  'Go to Cart'
 Failed to find any control that matched the search condition Id='GotoCartButton1' &amp;&amp; ControlType='Hyperlink' &amp;&amp; Class='button' &amp;&amp; InnerText='Go to Cart' ---&gt; System.Runtime.InteropServices.COMException: Error HRESULT E_FAIL has been returned from a call to a COM component.
   at Microsoft.VisualStudio.TestTools.UITest.Playback.Engine.IScreenElement.FindAllDescendants(String bstrQueryId, Object&amp; pvarResKeys, Int32 cResKeys, Int32 nMaxDepth)
   at Microsoft.VisualStudio.TestTools.UITest.Playback.ScreenElement.FindAllScreenElement(String queryId, Int32 depth, Boolean singleQueryId, Boolean throwException, Boolean resetSkipStep)
   at Microsoft.VisualStudio.TestTools.UITest.Playback.ScreenElement.FindScreenElement(String queryId, Int32 depth, Boolean resetSkipStep)
   at Microsoft.VisualStudio.TestTools.UITesting.UITestControl.FindFirstDescendant(String queryId, Int32 maxDepth, Int32&amp; timeLeft)
   --- End of inner exception stack trace ---
   at Microsoft.VisualStudio.TestTools.UITesting.Playback.MapControlNotFoundException(COMException ex, IPlaybackContext context)
   at Microsoft.VisualStudio.TestTools.UITesting.Playback.MapAndThrowComException(COMException innerException, IPlaybackContext context)
   at Microsoft.VisualStudio.TestTools.UITesting.Playback.MapAndThrowException(SystemException exception, IPlaybackContext context)
   at Microsoft.VisualStudio.TestTools.UITesting.Playback.MapAndThrowException(SystemException exception, String queryId)
   at Microsoft.VisualStudio.TestTools.UITesting.UITestControl.FindFirstDescendant(String queryId, Int32 maxDepth, Int32&amp; timeLeft)
   at Microsoft.VisualStudio.TestTools.UITesting.SearchHelper.GetUITestControlRecursive(Boolean useCache, Boolean alwaysSearch, ISearchArgument searchArg, IList`1 windowTitles, Int32&amp; timeLeft)
   at Microsoft.VisualStudio.TestTools.UITesting.SearchHelper.GetElement(Boolean useCache, ISearchArgument searchArg)
   at Microsoft.VisualStudio.TestTools.UITesting.SearchHelper.Search(ISearchArgument searchArg)
   at Microsoft.VisualStudio.TestTools.UITesting.UITestControl.FindInternal()
   at Microsoft.VisualStudio.TestTools.UITesting.UITestControl.&lt;Find&gt;b__3a()
   at Microsoft.VisualStudio.TestTools.UITesting.CodedUITestMethodInvoker.InvokeMethod[T](Func`1 function, UITestControl control, Boolean firePlaybackErrorEvent, Boolean logAsAction)
   at Microsoft.VisualStudio.TestTools.UITesting.UITestControl.Find()
   at Microsoft.VisualStudio.TestTools.UITesting.UITestControl.GetPropertyPrivate(String propertyName)
   at Microsoft.VisualStudio.TestTools.UITesting.UITestControl.GetPropertyOfType[T](String propertyName)
   at Microsoft.VisualStudio.TestTools.UITesting.UITestControl.get_Name()
   at TestAuto.LoggingAndSharedGenericMethods.MouseClick(UITestControl uiMenuItemTestControl) in c:\Builds\1\WebSphere\QATestAutomation\src\CodedUITest\SourceCode\Common\Logging\SharedMethods_Generic.cs:line 790, 
    StackTrace:
    MouseClick(),SharedMethods_Generic.cs,Line Number:822
    GoToCartClick(),SharedCartPopUp.cs,Line Number:101
    CommonWorkflowMerchandiseAssociation(),CartDisplay.cs,Line Number:5263
    ShoppingCartAssociatedMerchandiseDisplayOrder(),CartDisplay.cs,Line Number:4313</Message>
          <Message>[5/15/2018 12:30:04 AM]&lt;CaptureImage&gt;\\CMP01-YKumar\AutoLog\CMP01-YKUMAR\ShoppingCartAssociatedMerchandiseDisplayOrder_20180515003004.png</Message>
          <Message>[5/15/2018 12:30:04 AM]&lt;Info&gt;AllBrowserWindow : Locating browser window...</Message>
          <Message>Assert.Fail failed. [5/15/2018 12:30:26 AM]&lt;Error&gt;AllBrowserWindow : failed executing ...Unable to find Windows Internet Explorer window with 'Shopping Cart - Microsoft Internet Explorer provided by Horizon Hobby' in the title., 
    StackTrace:
    AllBrowserWindow(),SharedBorderFree.cs,Line Number:1037
    CommonWorkflowMerchandiseAssociation(),CartDisplay.cs,Line Number:5265
    ShoppingCartAssociatedMerchandiseDisplayOrder(),CartDisplay.cs,Line Number:4313</Message>
          <Message>[5/15/2018 12:30:26 AM]&lt;CaptureImage&gt;\\CMP01-YKumar\AutoLog\CMP01-YKUMAR\ShoppingCartAssociatedMerchandiseDisplayOrder_20180515003026.png</Message>
          <Message>[5/15/2018 12:30:26 AM]&lt;INFO&gt;SearchProductexecuting ... Searching term:= 'APCFH4'</Message>
          <Message>Assert.Fail failed. [5/15/2018 12:30:29 AM]&lt;ERROR&gt;SearchProduct := APCFH4 : failed executing ...The playback failed to find the control with the given search properties. Additional Details: 
TechnologyName:  'Web'
ControlType:  'Edit'
TagName:  'INPUT'
Id:  'SimpleSearchForm_SearchTerm'
 Failed to find any control that matched the search condition ControlType='Edit' &amp;&amp; Id=&gt;'SimpleSearchForm_SearchTerm', 
    StackTrace:
    SearchProduct(),SharedApplicationCommon.cs,Line Number:697
    CommonWorkflowMerchandiseAssociation(),CartDisplay.cs,Line Number:5252
    ShoppingCartAssociatedMerchandiseDisplayOrder(),CartDisplay.cs,Line Number:4313</Message>
          <Message>[5/15/2018 12:30:29 AM]&lt;CaptureImage&gt;\\CMP01-YKumar\AutoLog\CMP01-YKUMAR\ShoppingCartAssociatedMerchandiseDisplayOrder_20180515003029.png</Message>
          <Message>[5/15/2018 12:30:29 AM]&lt;Info&gt;AllBrowserWindow : Locating browser window...</Message>
          <Message>[5/15/2018 12:30:52 AM]&lt;Info&gt;AllBrowserWindow : Locating browser window...</Message>
          <Message>[5/15/2018 12:32:24 AM]&lt;INFO&gt;BackOrderClickexecuting ...</Message>
          <Message>Assert.Fail failed. [5/15/2018 12:32:31 AM]&lt;ERROR&gt;BackOrderClick : failed executing ...The playback failed to find the control with the given search properties. Additional Details: 
TechnologyName:  'Web'
ControlType:  'Hyperlink'
TagName:  'A'
Id:  'add2CartBtn'
 Failed to find any control that matched the search condition Id='add2CartBtn' &amp;&amp; ControlType='Hyperlink', 
    StackTrace:
    BackOrderClick(),SharedProductPage.cs,Line Number:498
    BackOrderClick(),SharedProductPage.cs,Line Number:505
    CommonWorkflowMerchandiseAssociation(),CartDisplay.cs,Line Number:5261
    ShoppingCartAssociatedMerchandiseDisplayOrder(),CartDisplay.cs,Line Number:4313</Message>
          <Message>[5/15/2018 12:32:31 AM]&lt;CaptureImage&gt;\\CMP01-YKumar\AutoLog\CMP01-YKUMAR\ShoppingCartAssociatedMerchandiseDisplayOrder_20180515003231.png</Message>
          <Message>[5/15/2018 12:32:31 AM]&lt;INFO&gt;GoToCartClickexecuting ...</Message>
          <Message>Assert.Fail failed. [5/15/2018 12:32:46 AM]&lt;ERROR&gt;MouseClick Exception:Microsoft.VisualStudio.TestTools.UITest.Extension.UITestControlNotFoundException: The playback failed to find the control with the given search properties. Additional Details: 
TechnologyName:  'Web'
ControlType:  'Hyperlink'
TagName:  'A'
Id:  'GotoCartButton1'
Class:  'button'
InnerText:  'Go to Cart'
 Failed to find any control that matched the search condition Id='GotoCartButton1' &amp;&amp; ControlType='Hyperlink' &amp;&amp; Class='button' &amp;&amp; InnerText='Go to Cart' ---&gt; System.Runtime.InteropServices.COMException: Error HRESULT E_FAIL has been returned from a call to a COM component.
   at Microsoft.VisualStudio.TestTools.UITest.Playback.Engine.IScreenElement.FindAllDescendants(String bstrQueryId, Object&amp; pvarResKeys, Int32 cResKeys, Int32 nMaxDepth)
   at Microsoft.VisualStudio.TestTools.UITest.Playback.ScreenElement.FindAllScreenElement(String queryId, Int32 depth, Boolean singleQueryId, Boolean throwException, Boolean resetSkipStep)
   at Microsoft.VisualStudio.TestTools.UITest.Playback.ScreenElement.FindScreenElement(String queryId, Int32 depth, Boolean resetSkipStep)
   at Microsoft.VisualStudio.TestTools.UITesting.UITestControl.FindFirstDescendant(String queryId, Int32 maxDepth, Int32&amp; timeLeft)
   --- End of inner exception stack trace ---
   at Microsoft.VisualStudio.TestTools.UITesting.Playback.MapControlNotFoundException(COMException ex, IPlaybackContext context)
   at Microsoft.VisualStudio.TestTools.UITesting.Playback.MapAndThrowComException(COMException innerException, IPlaybackContext context)
   at Microsoft.VisualStudio.TestTools.UITesting.Playback.MapAndThrowException(SystemException exception, IPlaybackContext context)
   at Microsoft.VisualStudio.TestTools.UITesting.Playback.MapAndThrowException(SystemException exception, String queryId)
   at Microsoft.VisualStudio.TestTools.UITesting.UITestControl.FindFirstDescendant(String queryId, Int32 maxDepth, Int32&amp; timeLeft)
   at Microsoft.VisualStudio.TestTools.UITesting.SearchHelper.GetUITestControlRecursive(Boolean useCache, Boolean alwaysSearch, ISearchArgument searchArg, IList`1 windowTitles, Int32&amp; timeLeft)
   at Microsoft.VisualStudio.TestTools.UITesting.SearchHelper.GetElement(Boolean useCache, ISearchArgument searchArg)
   at Microsoft.VisualStudio.TestTools.UITesting.SearchHelper.Search(ISearchArgument searchArg)
   at Microsoft.VisualStudio.TestTools.UITesting.UITestControl.FindInternal()
   at Microsoft.VisualStudio.TestTools.UITesting.UITestControl.&lt;Find&gt;b__3a()
   at Microsoft.VisualStudio.TestTools.UITesting.CodedUITestMethodInvoker.InvokeMethod[T](Func`1 function, UITestControl control, Boolean firePlaybackErrorEvent, Boolean logAsAction)
   at Microsoft.VisualStudio.TestTools.UITesting.UITestControl.Find()
   at Microsoft.VisualStudio.TestTools.UITesting.UITestControl.GetPropertyPrivate(String propertyName)
   at Microsoft.VisualStudio.TestTools.UITesting.UITestControl.GetPropertyOfType[T](String propertyName)
   at Microsoft.VisualStudio.TestTools.UITesting.UITestControl.get_Name()
   at TestAuto.LoggingAndSharedGenericMethods.MouseClick(UITestControl uiMenuItemTestControl) in c:\Builds\1\WebSphere\QATestAutomation\src\CodedUITest\SourceCode\Common\Logging\SharedMethods_Generic.cs:line 790, 
    StackTrace:
    MouseClick(),SharedMethods_Generic.cs,Line Number:822
    GoToCartClick(),SharedCartPopUp.cs,Line Number:101
    CommonWorkflowMerchandiseAssociation(),CartDisplay.cs,Line Number:5263
    ShoppingCartAssociatedMerchandiseDisplayOrder(),CartDisplay.cs,Line Number:4313</Message>
          <Message>[5/15/2018 12:32:46 AM]&lt;CaptureImage&gt;\\CMP01-YKumar\AutoLog\CMP01-YKUMAR\ShoppingCartAssociatedMerchandiseDisplayOrder_20180515003246.png</Message>
          <Message>[5/15/2018 12:32:46 AM]&lt;Info&gt;AllBrowserWindow : Locating browser window...</Message>
          <Message>Assert.Fail failed. [5/15/2018 12:33:08 AM]&lt;Error&gt;AllBrowserWindow : failed executing ...Unable to find Windows Internet Explorer window with 'Shopping Cart - Microsoft Internet Explorer provided by Horizon Hobby' in the title., 
    StackTrace:
    AllBrowserWindow(),SharedBorderFree.cs,Line Number:1037
    CommonWorkflowMerchandiseAssociation(),CartDisplay.cs,Line Number:5265
    ShoppingCartAssociatedMerchandiseDisplayOrder(),CartDisplay.cs,Line Number:4313</Message>
          <Message>[5/15/2018 12:33:08 AM]&lt;CaptureImage&gt;\\CMP01-YKumar\AutoLog\CMP01-YKUMAR\ShoppingCartAssociatedMerchandiseDisplayOrder_20180515003308.png</Message>
          <Message>[5/15/2018 12:33:08 AM]&lt;INFO&gt;SearchProductexecuting ... Searching term:= 'APC07060'</Message>
          <Message>Assert.Fail failed. [5/15/2018 12:33:12 AM]&lt;ERROR&gt;SearchProduct := APC07060 : failed executing ...The playback failed to find the control with the given search properties. Additional Details: 
TechnologyName:  'Web'
ControlType:  'Edit'
TagName:  'INPUT'
Id:  'SimpleSearchForm_SearchTerm'
 Failed to find any control that matched the search condition ControlType='Edit' &amp;&amp; Id=&gt;'SimpleSearchForm_SearchTerm', 
    StackTrace:
    SearchProduct(),SharedApplicationCommon.cs,Line Number:697
    CommonWorkflowMerchandiseAssociation(),CartDisplay.cs,Line Number:5252
    ShoppingCartAssociatedMerchandiseDisplayOrder(),CartDisplay.cs,Line Number:4313</Message>
          <Message>[5/15/2018 12:33:12 AM]&lt;CaptureImage&gt;\\CMP01-YKumar\AutoLog\CMP01-YKUMAR\ShoppingCartAssociatedMerchandiseDisplayOrder_20180515003312.png</Message>
          <Message>[5/15/2018 12:33:12 AM]&lt;Info&gt;AllBrowserWindow : Locating browser window...</Message>
          <Message>[5/15/2018 12:33:34 AM]&lt;Info&gt;AllBrowserWindow : Locating browser window...</Message>
          <Message>[5/15/2018 12:35:07 AM]&lt;INFO&gt;BackOrderClickexecuting ...</Message>
          <Message>Assert.Fail failed. [5/15/2018 12:35:13 AM]&lt;ERROR&gt;BackOrderClick : failed executing ...The playback failed to find the control with the given search properties. Additional Details: 
TechnologyName:  'Web'
ControlType:  'Hyperlink'
TagName:  'A'
Id:  'add2CartBtn'
 Failed to find any control that matched the search condition Id='add2CartBtn' &amp;&amp; ControlType='Hyperlink', 
    StackTrace:
    BackOrderClick(),SharedProductPage.cs,Line Number:498
    BackOrderClick(),SharedProductPage.cs,Line Number:505
    CommonWorkflowMerchandiseAssociation(),CartDisplay.cs,Line Number:5261
    ShoppingCartAssociatedMerchandiseDisplayOrder(),CartDisplay.cs,Line Number:4313</Message>
          <Message>[5/15/2018 12:35:13 AM]&lt;CaptureImage&gt;\\CMP01-YKumar\AutoLog\CMP01-YKUMAR\ShoppingCartAssociatedMerchandiseDisplayOrder_20180515003513.png</Message>
          <Message>[5/15/2018 12:35:13 AM]&lt;INFO&gt;GoToCartClickexecuting ...</Message>
          <Message>Assert.Fail failed. [5/15/2018 12:35:28 AM]&lt;ERROR&gt;MouseClick Exception:Microsoft.VisualStudio.TestTools.UITest.Extension.UITestControlNotFoundException: The playback failed to find the control with the given search properties. Additional Details: 
TechnologyName:  'Web'
ControlType:  'Hyperlink'
TagName:  'A'
Id:  'GotoCartButton1'
Class:  'button'
InnerText:  'Go to Cart'
 Failed to find any control that matched the search condition Id='GotoCartButton1' &amp;&amp; ControlType='Hyperlink' &amp;&amp; Class='button' &amp;&amp; InnerText='Go to Cart' ---&gt; System.Runtime.InteropServices.COMException: Error HRESULT E_FAIL has been returned from a call to a COM component.
   at Microsoft.VisualStudio.TestTools.UITest.Playback.Engine.IScreenElement.FindAllDescendants(String bstrQueryId, Object&amp; pvarResKeys, Int32 cResKeys, Int32 nMaxDepth)
   at Microsoft.VisualStudio.TestTools.UITest.Playback.ScreenElement.FindAllScreenElement(String queryId, Int32 depth, Boolean singleQueryId, Boolean throwException, Boolean resetSkipStep)
   at Microsoft.VisualStudio.TestTools.UITest.Playback.ScreenElement.FindScreenElement(String queryId, Int32 depth, Boolean resetSkipStep)
   at Microsoft.VisualStudio.TestTools.UITesting.UITestControl.FindFirstDescendant(String queryId, Int32 maxDepth, Int32&amp; timeLeft)
   --- End of inner exception stack trace ---
   at Microsoft.VisualStudio.TestTools.UITesting.Playback.MapControlNotFoundException(COMException ex, IPlaybackContext context)
   at Microsoft.VisualStudio.TestTools.UITesting.Playback.MapAndThrowComException(COMException innerException, IPlaybackContext context)
   at Microsoft.VisualStudio.TestTools.UITesting.Playback.MapAndThrowException(SystemException exception, IPlaybackContext context)
   at Microsoft.VisualStudio.TestTools.UITesting.Playback.MapAndThrowException(SystemException exception, String queryId)
   at Microsoft.VisualStudio.TestTools.UITesting.UITestControl.FindFirstDescendant(String queryId, Int32 maxDepth, Int32&amp; timeLeft)
   at Microsoft.VisualStudio.TestTools.UITesting.SearchHelper.GetUITestControlRecursive(Boolean useCache, Boolean alwaysSearch, ISearchArgument searchArg, IList`1 windowTitles, Int32&amp; timeLeft)
   at Microsoft.VisualStudio.TestTools.UITesting.SearchHelper.GetElement(Boolean useCache, ISearchArgument searchArg)
   at Microsoft.VisualStudio.TestTools.UITesting.SearchHelper.Search(ISearchArgument searchArg)
   at Microsoft.VisualStudio.TestTools.UITesting.UITestControl.FindInternal()
   at Microsoft.VisualStudio.TestTools.UITesting.UITestControl.&lt;Find&gt;b__3a()
   at Microsoft.VisualStudio.TestTools.UITesting.CodedUITestMethodInvoker.InvokeMethod[T](Func`1 function, UITestControl control, Boolean firePlaybackErrorEvent, Boolean logAsAction)
   at Microsoft.VisualStudio.TestTools.UITesting.UITestControl.Find()
   at Microsoft.VisualStudio.TestTools.UITesting.UITestControl.GetPropertyPrivate(String propertyName)
   at Microsoft.VisualStudio.TestTools.UITesting.UITestControl.GetPropertyOfType[T](String propertyName)
   at Microsoft.VisualStudio.TestTools.UITesting.UITestControl.get_Name()
   at TestAuto.LoggingAndSharedGenericMethods.MouseClick(UITestControl uiMenuItemTestControl) in c:\Builds\1\WebSphere\QATestAutomation\src\CodedUITest\SourceCode\Common\Logging\SharedMethods_Generic.cs:line 790, 
    StackTrace:
    MouseClick(),SharedMethods_Generic.cs,Line Number:822
    GoToCartClick(),SharedCartPopUp.cs,Line Number:101
    CommonWorkflowMerchandiseAssociation(),CartDisplay.cs,Line Number:5263
    ShoppingCartAssociatedMerchandiseDisplayOrder(),CartDisplay.cs,Line Number:4313</Message>
          <Message>[5/15/2018 12:35:28 AM]&lt;CaptureImage&gt;\\CMP01-YKumar\AutoLog\CMP01-YKUMAR\ShoppingCartAssociatedMerchandiseDisplayOrder_20180515003528.png</Message>
          <Message>[5/15/2018 12:35:28 AM]&lt;Info&gt;AllBrowserWindow : Locating browser window...</Message>
          <Message>Assert.Fail failed. [5/15/2018 12:35:50 AM]&lt;Error&gt;AllBrowserWindow : failed executing ...Unable to find Windows Internet Explorer window with 'Shopping Cart - Microsoft Internet Explorer provided by Horizon Hobby' in the title., 
    StackTrace:
    AllBrowserWindow(),SharedBorderFree.cs,Line Number:1037
    CommonWorkflowMerchandiseAssociation(),CartDisplay.cs,Line Number:5265
    ShoppingCartAssociatedMerchandiseDisplayOrder(),CartDisplay.cs,Line Number:4313</Message>
          <Message>[5/15/2018 12:35:50 AM]&lt;CaptureImage&gt;\\CMP01-YKumar\AutoLog\CMP01-YKUMAR\ShoppingCartAssociatedMerchandiseDisplayOrder_20180515003550.png</Message>
          <Message>Assert.Fail failed. [5/15/2018 12:35:53 AM]&lt;ERROR&gt;ShoppingCartAssociatedMerchandiseDisplayOrder : failed executing ...The playback failed to find the control with the given search properties. Additional Details: 
TechnologyName:  'Web'
ControlType:  'Pane'
TagName:  'DIV'
Class:  'shopCart_youMayConsider'
 Failed to find any control that matched the search condition ControlType='Pane' &amp;&amp; Class=&gt;'shopCart_youMayConsider', 
    StackTrace:
    ShoppingCartAssociatedMerchandiseDisplayOrder(),CartDisplay.cs,Line Number:4349</Message>
          <Message>[5/15/2018 12:35:54 AM]&lt;CaptureImage&gt;\\CMP01-YKumar\AutoLog\CMP01-YKUMAR\ShoppingCartAssociatedMerchandiseDisplayOrder_20180515003553.png</Message>
          <Message>[5/15/2018 12:35:54 AM]&lt;RESULT&gt;Test Ended:#PASS=0, #FAIL=0,#Other errors=16</Message>
          <Message>[5/15/2018 12:35:55 AM]&lt;INFO&gt;LogCPUAndMemoryUsage: Available Memory = 25248(MB), CPU Usage = 14.28516%</Message>
          <Message>[5/15/2018 12:35:55 AM]&lt;INFO&gt;Private Working Set for QTAgent32_40, usage=262964 (K)</Message>
          <Message>[5/15/2018 12:35:55 AM]&lt;RESULT&gt;&lt;ShoppingCartAssociatedMerchandiseDisplayOrder&gt; Test FAILED: #Other errors=16. See Error Message/logs for further details.</Message>
        </TextMessages>
      </Output>
    </UnitTestResult>
    <UnitTestResult executionId="e48f9ff7-c46c-4946-87b2-54d446cc48c1" testId="a4c6fb01-f8de-6088-b50b-566ca4c3804b" testName="InternationalUserShoppingCartUsability" computerName="CMP01-YKUMAR" duration="00:01:23.4951427" startTime="2018-05-15T00:35:57.0792310-05:00" endTime="2018-05-15T00:37:20.5832310-05:00" testType="13cdc9d9-ddb5-4fa4-a97d-d965ccfc6d4b" outcome="Passed" testListId="8c84fa94-04c1-424b-9868-57a2d4851a1d" relativeResultsDirectory="e48f9ff7-c46c-4946-87b2-54d446cc48c1">
      <Output>
        <StdOut>Logging to custom path:\\CMP01-YKumar\AutoLog</StdOut>
        <TextMessages>
          <Message>[5/15/2018 12:35:57 AM]&lt;STARTLOG&gt;&lt;InternationalUserShoppingCartUsability&gt;Test Started: Expecting: #PASS=Undefined and #FAIL=0
Running from MTM=True, running on machine name:CMP01-YKUMAR, user name=ykumar, OS=Microsoft Windows NT 6.1.7601 Service Pack 1, Is64BitOS=True</Message>
          <Message>[5/15/2018 12:35:58 AM]&lt;INFO&gt;LogCPUAndMemoryUsage: Available Memory = 25307(MB), CPU Usage = 32.59697%</Message>
          <Message>[5/15/2018 12:35:58 AM]&lt;INFO&gt;Private Working Set for QTAgent32_40, usage=263048 (K)</Message>
          <Message>[5/15/2018 12:35:58 AM]&lt;INFO&gt;Path To TestConfig xml=C:\Users\ykumar\AppData\Local\VSEQT\QTAgent\26974\CMP01-YKUMAR.horizonhobby.com\Deployment\SharedCommonConfig.xml</Message>
          <Message>[5/15/2018 12:35:58 AM]&lt;INFO&gt;Path To TestData xml=C:\Users\ykumar\AppData\Local\VSEQT\QTAgent\26974\CMP01-YKUMAR.horizonhobby.com\Deployment\BorderFreeTestData_003557.xml</Message>
          <Message>[5/15/2018 12:35:58 AM]&lt;INFO&gt;Path To HorizonHobbyQA Application Url=https://www-tst.horizonhobby.com</Message>
          <Message>[5/15/2018 12:35:58 AM]&lt;INFO&gt;HorizonHobbyQA sql connection string=Server=cmp02-ws-tst-db01:50000;Database=TST01DB;UID=wcdbuser;PWD=h0r1z0n;Connect Timeout=30</Message>
          <Message>[5/15/2018 12:35:58 AM]&lt;INFO&gt;Country is := US and language id is := '-1'</Message>
          <Message>[5/15/2018 12:35:58 AM]&lt;INFO&gt;Current browser used for test execution is = 'IE'</Message>
          <Message>[5/15/2018 12:35:58 AM]&lt;INFO&gt;GetShippingRestrictedProductsWithCountry executing... </Message>
          <Message>[5/15/2018 12:36:01 AM]&lt;INFO&gt;SearchProductexecuting ... Searching term:= 'ORI28321'</Message>
          <Message>[5/15/2018 12:36:08 AM]&lt;Info&gt;AllBrowserWindow : Locating browser window...</Message>
          <Message>[5/15/2018 12:36:13 AM]&lt;INFO&gt;SurveyWindow : method executing ...</Message>
          <Message>[5/15/2018 12:36:31 AM]&lt;INFO&gt;BackOrderClickexecuting ...</Message>
          <Message>[5/15/2018 12:36:36 AM]&lt;INFO&gt;GoToCartClickexecuting ...</Message>
          <Message>[5/15/2018 12:36:41 AM]&lt;Info&gt;AllBrowserWindow : Locating browser window...</Message>
          <Message>[5/15/2018 12:37:00 AM]&lt;INFO&gt;SurveyWindow : method executing ...</Message>
          <Message>[5/15/2018 12:37:13 AM]&lt;INFO&gt;KeyboardSendKeys method executing...</Message>
          <Message>[5/15/2018 12:37:16 AM]&lt;PASS&gt;&lt;InternationalUserShoppingCartUsability&gt;&lt;Validate second checkout button does not appear&gt;</Message>
          <Message>[5/15/2018 12:37:17 AM]&lt;PASS&gt;&lt;InternationalUserShoppingCartUsability&gt;&lt;Validate No Proceed message appears on the top of the shopping cart&gt;</Message>
          <Message>[5/15/2018 12:37:17 AM]&lt;PASS&gt;&lt;InternationalUserShoppingCartUsability&gt;&lt;Validate No Proceed message appears as expected&gt;</Message>
          <Message>[5/15/2018 12:37:17 AM]&lt;RESULT&gt;Test Ended:#PASS=3, #FAIL=0</Message>
          <Message>[5/15/2018 12:37:18 AM]&lt;INFO&gt;LogCPUAndMemoryUsage: Available Memory = 25180(MB), CPU Usage = 14.00444%</Message>
          <Message>[5/15/2018 12:37:18 AM]&lt;INFO&gt;Private Working Set for QTAgent32_40, usage=254928 (K)</Message>
          <Message>[5/15/2018 12:37:18 AM]&lt;RESULT&gt;&lt;InternationalUserShoppingCartUsability&gt; Test PASSED</Message>
        </TextMessages>
      </Output>
    </UnitTestResult>
    <UnitTestResult executionId="687e1b6b-6c4f-4870-baa6-fdb4293a1d2f" testId="2f4b8b7e-db4c-e56b-cf0c-2b5250a84596" testName="MiniCartExpressCheckoutNonUSUser" computerName="CMP01-YKUMAR" duration="00:03:41.4468896" startTime="2018-05-15T00:37:20.5842310-05:00" endTime="2018-05-15T00:41:02.0382310-05:00" testType="13cdc9d9-ddb5-4fa4-a97d-d965ccfc6d4b" outcome="Passed" testListId="8c84fa94-04c1-424b-9868-57a2d4851a1d" relativeResultsDirectory="687e1b6b-6c4f-4870-baa6-fdb4293a1d2f">
      <Output>
        <StdOut>Logging to custom path:\\CMP01-YKumar\AutoLog</StdOut>
        <TextMessages>
          <Message>[5/15/2018 12:37:20 AM]&lt;STARTLOG&gt;&lt;MiniCartExpressCheckoutNonUSUser&gt;Test Started: Expecting: #PASS=Undefined and #FAIL=0
Running from MTM=True, running on machine name:CMP01-YKUMAR, user name=ykumar, OS=Microsoft Windows NT 6.1.7601 Service Pack 1, Is64BitOS=True</Message>
          <Message>[5/15/2018 12:37:21 AM]&lt;INFO&gt;LogCPUAndMemoryUsage: Available Memory = 25209(MB), CPU Usage = 37.13392%</Message>
          <Message>[5/15/2018 12:37:21 AM]&lt;INFO&gt;Private Working Set for QTAgent32_40, usage=254988 (K)</Message>
          <Message>[5/15/2018 12:37:21 AM]&lt;INFO&gt;Path To TestConfig xml=C:\Users\ykumar\AppData\Local\VSEQT\QTAgent\26974\CMP01-YKUMAR.horizonhobby.com\Deployment\SharedCommonConfig.xml</Message>
          <Message>[5/15/2018 12:37:21 AM]&lt;INFO&gt;Path To TestData xml=C:\Users\ykumar\AppData\Local\VSEQT\QTAgent\26974\CMP01-YKUMAR.horizonhobby.com\Deployment\CheckoutCreditCard_003720.xml</Message>
          <Message>[5/15/2018 12:37:21 AM]&lt;INFO&gt;Path To HorizonHobbyQA Application Url=https://www-tst.horizonhobby.com</Message>
          <Message>[5/15/2018 12:37:21 AM]&lt;INFO&gt;HorizonHobbyQA sql connection string=Server=cmp02-ws-tst-db01:50000;Database=TST01DB;UID=wcdbuser;PWD=h0r1z0n;Connect Timeout=30</Message>
          <Message>[5/15/2018 12:37:21 AM]&lt;INFO&gt;Country is := US and language id is := '-1'</Message>
          <Message>[5/15/2018 12:37:21 AM]&lt;INFO&gt;Current browser used for test execution is = 'IE'</Message>
          <Message>[5/15/2018 12:37:35 AM]&lt;INFO&gt;SurveyWindow : method executing ...</Message>
          <Message>[5/15/2018 12:37:41 AM]&lt;INFO&gt;SurveyWindow : method executing ...</Message>
          <Message>[5/15/2018 12:37:50 AM]&lt;INFO&gt;SearchProductexecuting ... Searching term:= 'VTR231003'</Message>
          <Message>[5/15/2018 12:37:54 AM]&lt;Info&gt;AllBrowserWindow : Locating browser window...</Message>
          <Message>[5/15/2018 12:37:54 AM]&lt;INFO&gt;BackOrderClickexecuting ...</Message>
          <Message>[5/15/2018 12:38:06 AM]&lt;PASS&gt;&lt;MiniCartExpressCheckoutNonUSUser&gt;&lt;Validates product name appears in mini cart&gt;</Message>
          <Message>[5/15/2018 12:38:09 AM]&lt;PASS&gt;&lt;MiniCartExpressCheckoutNonUSUser&gt;&lt;Validates Express Checkout button does not appear in mini cart&gt;</Message>
          <Message>[5/15/2018 12:38:10 AM]&lt;PASS&gt;&lt;MiniCartExpressCheckoutNonUSUser&gt;&lt;Validates Go To Cart button appears in mini cart&gt;</Message>
          <Message>[5/15/2018 12:38:10 AM]&lt;INFO&gt;GoToCartClickexecuting ...</Message>
          <Message>[5/15/2018 12:38:15 AM]&lt;Info&gt;AllBrowserWindow : Locating browser window...</Message>
          <Message>[5/15/2018 12:38:31 AM]&lt;INFO&gt;SurveyWindow : method executing ...</Message>
          <Message>[5/15/2018 12:38:39 AM]&lt;INFO&gt;ContinueOnCertificationErrorClickexecuting ...</Message>
          <Message>[5/15/2018 12:38:39 AM]&lt;Info&gt;DEAllBrowserWindow : Locating browser window...</Message>
          <Message>[5/15/2018 12:38:45 AM]&lt;INFO&gt;UserRegistration : method executing ...</Message>
          <Message>[5/15/2018 12:38:45 AM]&lt;INFO&gt;DeleteWishlistFromDatabase : method executing</Message>
          <Message>[5/15/2018 12:38:45 AM]&lt;INFO&gt;DeletOrderItem : method executing</Message>
          <Message>[5/15/2018 12:39:17 AM]&lt;Info&gt;AllBrowserWindow : Locating browser window...</Message>
          <Message>[5/15/2018 12:39:31 AM]&lt;Info&gt;AllBrowserWindow : Locating browser window...</Message>
          <Message>[5/15/2018 12:39:46 AM]&lt;Info&gt;AllBrowserWindow : Locating browser window...</Message>
          <Message>[5/15/2018 12:39:59 AM]&lt;INFO&gt;SearchProductexecuting ... Searching term:= 'DYN6051'</Message>
          <Message>[5/15/2018 12:40:05 AM]&lt;INFO&gt;SurveyWindow : method executing ...</Message>
          <Message>[5/15/2018 12:40:24 AM]&lt;Info&gt;AllBrowserWindow : Locating browser window...</Message>
          <Message>[5/15/2018 12:40:24 AM]&lt;INFO&gt;BackOrderClickexecuting ...</Message>
          <Message>[5/15/2018 12:40:26 AM]&lt;PASS&gt;&lt;MiniCartExpressCheckoutNonUSUser&gt;&lt;Validates product name appears in mini cart&gt;</Message>
          <Message>[5/15/2018 12:40:27 AM]&lt;PASS&gt;&lt;MiniCartExpressCheckoutNonUSUser&gt;&lt;Validates Express Checkout button does appear in mini cart&gt;</Message>
          <Message>[5/15/2018 12:40:27 AM]&lt;PASS&gt;&lt;MiniCartExpressCheckoutNonUSUser&gt;&lt;Validates Go To Cart button appears in mini cart&gt;</Message>
          <Message>[5/15/2018 12:40:27 AM]&lt;Info&gt;AllBrowserWindow : Locating browser window...</Message>
          <Message>[5/15/2018 12:40:30 AM]&lt;PASS&gt;&lt;MiniCartExpressCheckoutNonUSUser&gt;&lt;Validates clicking on Express Checkout button redirects to Address Page&gt;</Message>
          <Message>[5/15/2018 12:40:30 AM]&lt;INFO&gt;DeleteWishlistFromDatabase : method executing</Message>
          <Message>[5/15/2018 12:40:30 AM]&lt;INFO&gt;DeletOrderItem : method executing</Message>
          <Message>[5/15/2018 12:40:58 AM]&lt;RESULT&gt;Test Ended:#PASS=7, #FAIL=0</Message>
          <Message>[5/15/2018 12:40:59 AM]&lt;INFO&gt;LogCPUAndMemoryUsage: Available Memory = 25194(MB), CPU Usage = 1.622747%</Message>
          <Message>[5/15/2018 12:41:00 AM]&lt;INFO&gt;Private Working Set for QTAgent32_40, usage=252828 (K)</Message>
          <Message>[5/15/2018 12:41:00 AM]&lt;RESULT&gt;&lt;MiniCartExpressCheckoutNonUSUser&gt; Test PASSED</Message>
        </TextMessages>
      </Output>
    </UnitTestResult>
    <UnitTestResult executionId="279c3447-1752-474c-b0c9-31c6691f6033" testId="7eab8c63-501f-43ca-23a2-0e182a0a7362" testName="AffirmWithGiftCardItem" computerName="CMP01-YKUMAR" duration="00:03:42.7374578" startTime="2018-05-15T00:41:02.0402310-05:00" endTime="2018-05-15T00:44:44.7862310-05:00" testType="13cdc9d9-ddb5-4fa4-a97d-d965ccfc6d4b" outcome="Passed" testListId="8c84fa94-04c1-424b-9868-57a2d4851a1d" relativeResultsDirectory="279c3447-1752-474c-b0c9-31c6691f6033">
      <Output>
        <StdOut>Logging to custom path:\\CMP01-YKumar\AutoLog</StdOut>
        <TextMessages>
          <Message>[5/15/2018 12:41:02 AM]&lt;STARTLOG&gt;&lt;AffirmWithGiftCardItem&gt;Test Started: Expecting: #PASS=Undefined and #FAIL=0
Running from MTM=True, running on machine name:CMP01-YKUMAR, user name=ykumar, OS=Microsoft Windows NT 6.1.7601 Service Pack 1, Is64BitOS=True</Message>
          <Message>[5/15/2018 12:41:03 AM]&lt;INFO&gt;LogCPUAndMemoryUsage: Available Memory = 25267(MB), CPU Usage = 34.67748%</Message>
          <Message>[5/15/2018 12:41:03 AM]&lt;INFO&gt;Private Working Set for QTAgent32_40, usage=252992 (K)</Message>
          <Message>[5/15/2018 12:41:03 AM]&lt;INFO&gt;Path To TestConfig xml=C:\Users\ykumar\AppData\Local\VSEQT\QTAgent\26974\CMP01-YKUMAR.horizonhobby.com\Deployment\SharedCommonConfig.xml</Message>
          <Message>[5/15/2018 12:41:03 AM]&lt;INFO&gt;Path To TestData xml=C:\Users\ykumar\AppData\Local\VSEQT\QTAgent\26974\CMP01-YKUMAR.horizonhobby.com\Deployment\CheckoutAffirmTestData_004102.xml</Message>
          <Message>[5/15/2018 12:41:03 AM]&lt;INFO&gt;Path To HorizonHobbyQA Application Url=https://www-tst.horizonhobby.com</Message>
          <Message>[5/15/2018 12:41:03 AM]&lt;INFO&gt;HorizonHobbyQA sql connection string=Server=cmp02-ws-tst-db01:50000;Database=TST01DB;UID=wcdbuser;PWD=h0r1z0n;Connect Timeout=30</Message>
          <Message>[5/15/2018 12:41:03 AM]&lt;INFO&gt;Country is := US and language id is := '-1'</Message>
          <Message>[5/15/2018 12:41:03 AM]&lt;INFO&gt;Current browser used for test execution is = 'IE'</Message>
          <Message>[5/15/2018 12:41:13 AM]&lt;INFO&gt;SearchProductexecuting ... Searching term:= 'Gift75'</Message>
          <Message>[5/15/2018 12:41:20 AM]&lt;INFO&gt;BackOrderClickexecuting ...</Message>
          <Message>[5/15/2018 12:41:25 AM]&lt;INFO&gt;GoToCartClickexecuting ...</Message>
          <Message>[5/15/2018 12:41:36 AM]&lt;INFO&gt;ClickSecondCheckoutButtonexecuting ...</Message>
          <Message>[5/15/2018 12:41:36 AM]&lt;Info&gt;AllBrowserWindow : Locating browser window...</Message>
          <Message>[5/15/2018 12:41:45 AM]&lt;INFO&gt;ContinueAsGuestCheckoutButtonexecuting ...</Message>
          <Message>[5/15/2018 12:41:45 AM]&lt;Info&gt;AllBrowserWindow : Locating browser window...</Message>
          <Message>[5/15/2018 12:41:54 AM]&lt;INFO&gt;FillBillingAndShippingAddressexecuting ...</Message>
          <Message>[5/15/2018 12:41:54 AM]&lt;Info&gt;AllBrowserWindow : Locating browser window...</Message>
          <Message>[5/15/2018 12:41:59 AM]&lt;INFO&gt;SelectBillingCountryexecuting ...</Message>
          <Message>[5/15/2018 12:42:08 AM]&lt;INFO&gt;SelectBillingStateexecuting ...</Message>
          <Message>[5/15/2018 12:42:35 AM]&lt;Info&gt;AllBrowserWindow : Locating browser window...</Message>
          <Message>[5/15/2018 12:42:39 AM]&lt;Info&gt;GetAffirmLoginWindowControlsDictionary : method is executing. . .</Message>
          <Message>[5/15/2018 12:42:39 AM]&lt;Info&gt;AffirmLoginWindowUIControls : method is executing. . .</Message>
          <Message>[5/15/2018 12:42:43 AM]&lt;PASS&gt;&lt;AffirmWithGiftCardItem&gt;&lt; Validate that on the Shipping &amp; billing method Page Affirm Payment Link is disabled. &gt;</Message>
          <Message>[5/15/2018 12:42:46 AM]&lt;Info&gt;AllBrowserWindow : Locating browser window...</Message>
          <Message>[5/15/2018 12:42:56 AM]&lt;Info&gt;AllBrowserWindow : Locating browser window...</Message>
          <Message>[5/15/2018 12:43:14 AM]&lt;INFO&gt;SearchProductexecuting ... Searching term:= 'PRB281041'</Message>
          <Message>[5/15/2018 12:43:22 AM]&lt;Info&gt;AllBrowserWindow : Locating browser window...</Message>
          <Message>[5/15/2018 12:43:52 AM]&lt;INFO&gt;BackOrderClickexecuting ...</Message>
          <Message>[5/15/2018 12:43:56 AM]&lt;INFO&gt;GoToCartClickexecuting ...</Message>
          <Message>[5/15/2018 12:44:08 AM]&lt;INFO&gt;ClickSecondCheckoutButtonexecuting ...</Message>
          <Message>[5/15/2018 12:44:08 AM]&lt;Info&gt;AllBrowserWindow : Locating browser window...</Message>
          <Message>[5/15/2018 12:44:22 AM]&lt;INFO&gt;ContinueAsGuestCheckoutButtonexecuting ...</Message>
          <Message>[5/15/2018 12:44:22 AM]&lt;Info&gt;AllBrowserWindow : Locating browser window...</Message>
          <Message>[5/15/2018 12:44:39 AM]&lt;Info&gt;GetAffirmLoginWindowControlsDictionary : method is executing. . .</Message>
          <Message>[5/15/2018 12:44:39 AM]&lt;Info&gt;AffirmLoginWindowUIControls : method is executing. . .</Message>
          <Message>[5/15/2018 12:44:41 AM]&lt;PASS&gt;&lt;AffirmWithGiftCardItem&gt;&lt; Validate that on the Shipping &amp; billing method Page Affirm Payment radio button is Enabled. &gt;</Message>
          <Message>[5/15/2018 12:44:41 AM]&lt;RESULT&gt;Test Ended:#PASS=2, #FAIL=0</Message>
          <Message>[5/15/2018 12:44:42 AM]&lt;INFO&gt;LogCPUAndMemoryUsage: Available Memory = 25040(MB), CPU Usage = 17.12447%</Message>
          <Message>[5/15/2018 12:44:42 AM]&lt;INFO&gt;Private Working Set for QTAgent32_40, usage=246860 (K)</Message>
          <Message>[5/15/2018 12:44:42 AM]&lt;RESULT&gt;&lt;AffirmWithGiftCardItem&gt; Test PASSED</Message>
        </TextMessages>
      </Output>
      <ResultFiles>
        <ResultFile path="CMP01-YKUMAR.horizonhobby.com\AffirmWithGiftCardItem_20180515004102.log" />
        <ResultFile path="CMP01-YKUMAR.horizonhobby.com\AffirmWithGiftCardItem_ResultsONLY_20180515004102.log" />
        <ResultFile path="CMP01-YKUMAR.horizonhobby.com\CheckoutAffirmTestData_004102.xml" />
        <ResultFile path="CMP01-YKUMAR.horizonhobby.com\SharedCommonConfig.xml" />
      </ResultFiles>
    </UnitTestResult>
    <UnitTestResult executionId="5b74f4db-b885-414d-834a-c6c104499c67" testId="dd4b11c1-81d7-df8d-7302-64904eb6f786" testName="HRCCRewardPageVisiblityToNonUSCountries" computerName="CMP01-YKUMAR" duration="00:03:15.5165506" startTime="2018-05-15T00:44:44.7892310-05:00" endTime="2018-05-15T00:48:00.6742310-05:00" testType="13cdc9d9-ddb5-4fa4-a97d-d965ccfc6d4b" outcome="Passed" testListId="8c84fa94-04c1-424b-9868-57a2d4851a1d" relativeResultsDirectory="5b74f4db-b885-414d-834a-c6c104499c67">
      <Output>
        <StdOut>Logging to custom path:\\CMP01-YKumar\AutoLog</StdOut>
        <TextMessages>
          <Message>[5/15/2018 12:44:45 AM]&lt;STARTLOG&gt;&lt;HRCCRewardPageVisiblityToNonUSCountries&gt;Test Started: Expecting: #PASS=Undefined and #FAIL=0
Running from MTM=True, running on machine name:CMP01-YKUMAR, user name=ykumar, OS=Microsoft Windows NT 6.1.7601 Service Pack 1, Is64BitOS=True</Message>
          <Message>[5/15/2018 12:44:47 AM]&lt;INFO&gt;LogCPUAndMemoryUsage: Available Memory = 25364(MB), CPU Usage = 16.62285%</Message>
          <Message>[5/15/2018 12:44:47 AM]&lt;INFO&gt;Private Working Set for QTAgent32_40, usage=255740 (K)</Message>
          <Message>[5/15/2018 12:44:47 AM]&lt;INFO&gt;Path To TestConfig xml=C:\Users\ykumar\AppData\Local\VSEQT\QTAgent\26974\CMP01-YKUMAR.horizonhobby.com\Deployment\SharedCommonConfig.xml</Message>
          <Message>[5/15/2018 12:44:47 AM]&lt;INFO&gt;Path To TestData xml=C:\Users\ykumar\AppData\Local\VSEQT\QTAgent\26974\CMP01-YKUMAR.horizonhobby.com\Deployment\MyAccountTestData_004445.xml</Message>
          <Message>[5/15/2018 12:44:47 AM]&lt;INFO&gt;Path To HorizonHobbyQA Application Url=https://www-tst.horizonhobby.com</Message>
          <Message>[5/15/2018 12:44:47 AM]&lt;INFO&gt;HorizonHobbyQA sql connection string=Server=cmp02-ws-tst-db01:50000;Database=TST01DB;UID=wcdbuser;PWD=h0r1z0n;Connect Timeout=30</Message>
          <Message>[5/15/2018 12:44:47 AM]&lt;INFO&gt;Country is := US and language id is := '-1'</Message>
          <Message>[5/15/2018 12:44:47 AM]&lt;INFO&gt;Current browser used for test execution is = 'IE'</Message>
          <Message>[5/15/2018 12:44:47 AM]&lt;INFO&gt;GetShippingRestrictedProductsWithCountry executing... </Message>
          <Message>[5/15/2018 12:44:54 AM]&lt;INFO&gt;SurveyWindow : method executing ...</Message>
          <Message>[5/15/2018 12:44:59 AM]&lt;INFO&gt;ContinueOnCertificationErrorClickexecuting ...</Message>
          <Message>[5/15/2018 12:44:59 AM]&lt;Info&gt;DEAllBrowserWindow : Locating browser window...</Message>
          <Message>[5/15/2018 12:45:03 AM]&lt;INFO&gt;ClickAcceptCookiesAgreement : failed executing ...</Message>
          <Message>[5/15/2018 12:45:08 AM]&lt;INFO&gt;UserRegistration : method executing ...</Message>
          <Message>[5/15/2018 12:45:08 AM]&lt;Info&gt;AllBrowserWindow : Locating browser window...</Message>
          <Message>[5/15/2018 12:45:29 AM]&lt;Info&gt;AllBrowserWindow : Locating browser window...</Message>
          <Message>[5/15/2018 12:45:44 AM]&lt;Info&gt;AllBrowserWindow : Locating browser window...</Message>
          <Message>[5/15/2018 12:46:11 AM]&lt;Info&gt;AllBrowserWindow : Locating browser window...</Message>
          <Message>[5/15/2018 12:46:26 AM]&lt;PASS&gt;&lt;HRCCRewardPageVisiblityToNonUSCountries&gt;&lt;Validate that RC Club Reward link is not displayed now&gt;</Message>
          <Message>[5/15/2018 12:46:29 AM]&lt;PASS&gt;&lt;HRCCRewardPageVisiblityToNonUSCountries&gt;&lt;Validate that RC Club Point Activity link is not displayed now&gt;</Message>
          <Message>[5/15/2018 12:46:32 AM]&lt;PASS&gt;&lt;HRCCRewardPageVisiblityToNonUSCountries&gt;&lt;Validate that RC Club Reward Profile link is not displayed now&gt;</Message>
          <Message>[5/15/2018 12:46:32 AM]&lt;PASS&gt;&lt;HRCCRewardPageVisiblityToNonUSCountries&gt;&lt;Validate that RC Club Reward FAQ's link is not displayed now&gt;</Message>
          <Message>[5/15/2018 12:46:48 AM]&lt;Info&gt;AllBrowserWindow : Locating browser window...</Message>
          <Message>[5/15/2018 12:46:58 AM]&lt;PASS&gt;&lt;HRCCRewardPageVisiblityToNonUSCountries&gt;&lt;Validate that RC Club Reward link is displayed now&gt;</Message>
          <Message>[5/15/2018 12:46:58 AM]&lt;PASS&gt;&lt;HRCCRewardPageVisiblityToNonUSCountries&gt;&lt;Validate that RC Club Point Activity link is displayed now&gt;</Message>
          <Message>[5/15/2018 12:46:58 AM]&lt;PASS&gt;&lt;HRCCRewardPageVisiblityToNonUSCountries&gt;&lt;Validate that RC Club Reward Profile link is displayed now&gt;</Message>
          <Message>[5/15/2018 12:46:58 AM]&lt;Info&gt;AllBrowserWindow : Locating browser window...</Message>
          <Message>[5/15/2018 12:47:17 AM]&lt;Info&gt;AllBrowserWindow : Locating browser window...</Message>
          <Message>[5/15/2018 12:47:17 AM]&lt;Info&gt;AllBrowserWindow : Locating browser window...</Message>
          <Message>[5/15/2018 12:47:23 AM]&lt;Info&gt;AllBrowserWindow : Locating browser window...</Message>
          <Message>[5/15/2018 12:47:27 AM]&lt;PASS&gt;&lt;HRCCRewardPageVisiblityToNonUSCountries&gt;&lt;Validate following message is displayed:- Reward points related to orders are calcualted only for orders shipped within USA and its territories.&gt;</Message>
          <Message>[5/15/2018 12:47:27 AM]&lt;INFO&gt;DeleteWishlistFromDatabase : method executing</Message>
          <Message>[5/15/2018 12:47:57 AM]&lt;RESULT&gt;Test Ended:#PASS=8, #FAIL=0</Message>
          <Message>[5/15/2018 12:47:58 AM]&lt;INFO&gt;LogCPUAndMemoryUsage: Available Memory = 25193(MB), CPU Usage = 12.24944%</Message>
          <Message>[5/15/2018 12:47:58 AM]&lt;INFO&gt;Private Working Set for QTAgent32_40, usage=262508 (K)</Message>
          <Message>[5/15/2018 12:47:58 AM]&lt;RESULT&gt;&lt;HRCCRewardPageVisiblityToNonUSCountries&gt; Test PASSED</Message>
        </TextMessages>
      </Output>
    </UnitTestResult>
    <UnitTestResult executionId="3420b618-cd24-4511-b027-f5a7801eb67b" testId="89c165a1-7ac9-607c-28d5-09565c26a1ac" testName="HRCCRewardDashboardpage" computerName="CMP01-YKUMAR" duration="00:10:06.4517106" startTime="2018-05-15T00:48:00.6752310-05:00" endTime="2018-05-15T00:58:07.1322310-05:00" testType="13cdc9d9-ddb5-4fa4-a97d-d965ccfc6d4b" outcome="Failed" testListId="8c84fa94-04c1-424b-9868-57a2d4851a1d" relativeResultsDirectory="3420b618-cd24-4511-b027-f5a7801eb67b">
      <Output>
        <StdOut>Logging to custom path:\\CMP01-YKumar\AutoLog</StdOut>
        <ErrorInfo>
          <Message>Assert.Fail failed. 
#Other errors=1
[Error details below]
&lt;ERROR&gt;[5/15/2018 12:53:26 AM]&lt;Error&gt;AllBrowserWindow : failed executing ...Unable to find Windows Internet Explorer window with 'Log In • Snapchat - Microsoft Internet Explorer provided by Horizon Hobby' in the title.</Message>
          <StackTrace>   at TestAuto.LoggingAndSharedGenericMethods.EndTest() in c:\Builds\1\WebSphere\QATestAutomation\src\CodedUITest\SourceCode\Common\Logging\Logging.cs:line 1628
   at TestAuto.MyAccount.TestCleanup() in c:\Builds\1\WebSphere\QATestAutomation\src\CodedUITest\SourceCode\HHobby\MyAccount\MyAccount.cs:line 3165
</StackTrace>
        </ErrorInfo>
        <TextMessages>
          <Message>[5/15/2018 12:48:00 AM]&lt;STARTLOG&gt;&lt;HRCCRewardDashboardpage&gt;Test Started: Expecting: #PASS=Undefined and #FAIL=0
Running from MTM=True, running on machine name:CMP01-YKUMAR, user name=ykumar, OS=Microsoft Windows NT 6.1.7601 Service Pack 1, Is64BitOS=True</Message>
          <Message>[5/15/2018 12:48:01 AM]&lt;INFO&gt;LogCPUAndMemoryUsage: Available Memory = 25279(MB), CPU Usage = 34.74666%</Message>
          <Message>[5/15/2018 12:48:01 AM]&lt;INFO&gt;Private Working Set for QTAgent32_40, usage=262668 (K)</Message>
          <Message>[5/15/2018 12:48:01 AM]&lt;INFO&gt;Path To TestConfig xml=C:\Users\ykumar\AppData\Local\VSEQT\QTAgent\26974\CMP01-YKUMAR.horizonhobby.com\Deployment\SharedCommonConfig.xml</Message>
          <Message>[5/15/2018 12:48:01 AM]&lt;INFO&gt;Path To TestData xml=C:\Users\ykumar\AppData\Local\VSEQT\QTAgent\26974\CMP01-YKUMAR.horizonhobby.com\Deployment\MyAccountTestData_004800.xml</Message>
          <Message>[5/15/2018 12:48:01 AM]&lt;INFO&gt;Path To HorizonHobbyQA Application Url=https://www-tst.horizonhobby.com</Message>
          <Message>[5/15/2018 12:48:01 AM]&lt;INFO&gt;HorizonHobbyQA sql connection string=Server=cmp02-ws-tst-db01:50000;Database=TST01DB;UID=wcdbuser;PWD=h0r1z0n;Connect Timeout=30</Message>
          <Message>[5/15/2018 12:48:01 AM]&lt;INFO&gt;Country is := US and language id is := '-1'</Message>
          <Message>[5/15/2018 12:48:01 AM]&lt;INFO&gt;Current browser used for test execution is = 'IE'</Message>
          <Message>[5/15/2018 12:48:05 AM]&lt;INFO&gt;HHLogin method executing ...</Message>
          <Message>[5/15/2018 12:48:05 AM]&lt;Info&gt;AllBrowserWindow : Locating browser window...</Message>
          <Message>[5/15/2018 12:48:13 AM]&lt;INFO&gt;TopGlobalMenuClickexecuting ...MyAccount</Message>
          <Message>[5/15/2018 12:48:14 AM]&lt;Info&gt;AllBrowserWindow : Locating browser window...</Message>
          <Message>[5/15/2018 12:48:15 AM]&lt;PASS&gt;&lt;HRCCRewardDashboardpage&gt;&lt;Validate that Reward Status is 2 (refer to 'Legend').&gt;</Message>
          <Message>[5/15/2018 12:48:15 AM]&lt;INFO&gt;TopGlobalMenuClickexecuting ...Signout</Message>
          <Message>[5/15/2018 12:48:22 AM]&lt;INFO&gt;SurveyWindow : method executing ...</Message>
          <Message>[5/15/2018 12:48:29 AM]&lt;INFO&gt;ContinueOnCertificationErrorClickexecuting ...</Message>
          <Message>[5/15/2018 12:48:29 AM]&lt;Info&gt;DEAllBrowserWindow : Locating browser window...</Message>
          <Message>[5/15/2018 12:48:34 AM]&lt;INFO&gt;UserRegistration : method executing ...</Message>
          <Message>[5/15/2018 12:48:34 AM]&lt;INFO&gt;DeleteWishlistFromDatabase : method executing</Message>
          <Message>[5/15/2018 12:48:34 AM]&lt;INFO&gt;DeletOrderItem : method executing</Message>
          <Message>[5/15/2018 12:49:04 AM]&lt;Info&gt;AllBrowserWindow : Locating browser window...</Message>
          <Message>[5/15/2018 12:49:22 AM]&lt;Info&gt;AllBrowserWindow : Locating browser window...</Message>
          <Message>[5/15/2018 12:49:38 AM]&lt;INFO&gt;TopGlobalMenuClickexecuting ...MyAccount</Message>
          <Message>[5/15/2018 12:49:39 AM]&lt;Info&gt;AllBrowserWindow : Locating browser window...</Message>
          <Message>[5/15/2018 12:49:40 AM]&lt;Info&gt;AllBrowserWindow : Locating browser window...</Message>
          <Message>[5/15/2018 12:49:43 AM]&lt;Info&gt;AllBrowserWindow : Locating browser window...</Message>
          <Message>[5/15/2018 12:49:44 AM]&lt;PASS&gt;&lt;HRCCRewardDashboardpage&gt;&lt;Validate that Member Status is displayed&gt;</Message>
          <Message>[5/15/2018 12:49:49 AM]&lt;PASS&gt;&lt;HRCCRewardDashboardpage&gt;&lt;Validate that details of the above created New User is stored in the result along with member id.&gt;</Message>
          <Message>[5/15/2018 12:49:49 AM]&lt;PASS&gt;&lt;HRCCRewardDashboardpage&gt;&lt;Validate that Reward Status is 0 (refer to 'Standard').&gt;</Message>
          <Message>[5/15/2018 12:49:49 AM]&lt;PASS&gt;&lt;HRCCRewardDashboardpage&gt;&lt;Validate that Member Status is displayed as 'Standard'&gt;</Message>
          <Message>[5/15/2018 12:49:49 AM]&lt;PASS&gt;&lt;HRCCRewardDashboardpage&gt;&lt;Validate that following message is displayed below Loyalty certificates&gt;</Message>
          <Message>[5/15/2018 12:49:49 AM]&lt;PASS&gt;&lt;HRCCRewardDashboardpage&gt;&lt;Validate that Upgrade to Pro link displayed for Standard User only&gt;</Message>
          <Message>[5/15/2018 12:49:49 AM]&lt;PASS&gt;&lt;HRCCRewardDashboardpage&gt;&lt;validate that Point Balance is displayed&gt;</Message>
          <Message>[5/15/2018 12:49:49 AM]&lt;PASS&gt;&lt;HRCCRewardDashboardpage&gt;&lt;Validate that for newly registered User Point balance is '100' Points&gt;</Message>
          <Message>[5/15/2018 12:49:49 AM]&lt;PASS&gt;&lt;HRCCRewardDashboardpage&gt;&lt;Validate that My Rewards Certificates link is displayed&gt;</Message>
          <Message>[5/15/2018 12:49:49 AM]&lt;PASS&gt;&lt;HRCCRewardDashboardpage&gt;&lt;Validate that point expiry date is displayed&gt;</Message>
          <Message>[5/15/2018 12:49:49 AM]&lt;PASS&gt;&lt;HRCCRewardDashboardpage&gt;&lt;Validate that My Rewards Certificates link is displayed&gt;</Message>
          <Message>[5/15/2018 12:49:49 AM]&lt;INFO&gt;GoToCartClickexecuting ...</Message>
          <Message>[5/15/2018 12:49:59 AM]&lt;INFO&gt;CheckoutProcessStartShoppingCart : method executing</Message>
          <Message>[5/15/2018 12:49:59 AM]&lt;Info&gt;AllBrowserWindow : Locating browser window...</Message>
          <Message>[5/15/2018 12:50:06 AM]&lt;INFO&gt;CheckoutShoppingCartControls : method executing</Message>
          <Message>[5/15/2018 12:50:06 AM]&lt;Info&gt;AllBrowserWindow : Locating browser window...</Message>
          <Message>[5/15/2018 12:50:14 AM]&lt;INFO&gt;SelectCheckoutPaymentRadiobutton : method executing</Message>
          <Message>[5/15/2018 12:50:14 AM]&lt;INFO&gt;CheckoutCreditCardShippingAndBillingControls : method executing</Message>
          <Message>[5/15/2018 12:50:14 AM]&lt;Info&gt;AllBrowserWindow : Locating browser window...</Message>
          <Message>[5/15/2018 12:50:26 AM]&lt;INFO&gt;FillCreditCardDetails : method executing</Message>
          <Message>[5/15/2018 12:50:26 AM]&lt;INFO&gt;CheckoutCreditCardShippingAndBillingControls : method executing</Message>
          <Message>[5/15/2018 12:50:26 AM]&lt;Info&gt;AllBrowserWindow : Locating browser window...</Message>
          <Message>[5/15/2018 12:50:34 AM]&lt;INFO&gt;ClickReviewOrder : method executing</Message>
          <Message>[5/15/2018 12:50:34 AM]&lt;INFO&gt;CheckoutCreditCardShippingAndBillingControls : method executing</Message>
          <Message>[5/15/2018 12:50:34 AM]&lt;Info&gt;AllBrowserWindow : Locating browser window...</Message>
          <Message>[5/15/2018 12:50:38 AM]&lt;Info&gt;AllBrowserWindow : Locating browser window...</Message>
          <Message>[5/15/2018 12:50:44 AM]&lt;INFO&gt;PlaceOrderCreditCard : method executing</Message>
          <Message>[5/15/2018 12:50:44 AM]&lt;INFO&gt;CheckoutCreditCardShippingAndBillingControls : method executing</Message>
          <Message>[5/15/2018 12:50:44 AM]&lt;Info&gt;AllBrowserWindow : Locating browser window...</Message>
          <Message>[5/15/2018 12:50:52 AM]&lt;INFO&gt;KeyboardSendKeys method executing...</Message>
          <Message>[5/15/2018 12:52:23 AM]&lt;Info&gt;AllBrowserWindow : Locating browser window...</Message>
          <Message>[5/15/2018 12:52:30 AM]&lt;Info&gt;AllBrowserWindow : Locating browser window...</Message>
          <Message>[5/15/2018 12:52:31 AM]&lt;INFO&gt;TopGlobalMenuClickexecuting ...MyAccount</Message>
          <Message>[5/15/2018 12:52:31 AM]&lt;Info&gt;AllBrowserWindow : Locating browser window...</Message>
          <Message>[5/15/2018 12:52:32 AM]&lt;Info&gt;AllBrowserWindow : Locating browser window...</Message>
          <Message>[5/15/2018 12:52:37 AM]&lt;Info&gt;AllBrowserWindow : Locating browser window...</Message>
          <Message>[5/15/2018 12:52:38 AM]&lt;PASS&gt;&lt;HRCCRewardDashboardpage&gt;&lt;Validate that member status is displayed as 'Pro'&gt;</Message>
          <Message>[5/15/2018 12:52:38 AM]&lt;PASS&gt;&lt;HRCCRewardDashboardpage&gt;&lt;Validate that Reward Status is 1 (refer to 'Pro').&gt;</Message>
          <Message>[5/15/2018 12:52:38 AM]&lt;PASS&gt;&lt;HRCCRewardDashboardpage&gt;&lt;Validate that following message is displayed below Loyalty certificates&gt;</Message>
          <Message>[5/15/2018 12:52:42 AM]&lt;PASS&gt;&lt;HRCCRewardDashboardpage&gt;&lt;Validate that Upgrade to Pro link is not displayed for Pro User only&gt;</Message>
          <Message>[5/15/2018 12:52:42 AM]&lt;PASS&gt;&lt;HRCCRewardDashboardpage&gt;&lt;Validate that 'Snapchat' media icons is displayed.&gt;</Message>
          <Message>[5/15/2018 12:53:04 AM]&lt;Info&gt;AllBrowserWindow : Locating browser window...</Message>
          <Message>Assert.Fail failed. [5/15/2018 12:53:26 AM]&lt;Error&gt;AllBrowserWindow : failed executing ...Unable to find Windows Internet Explorer window with 'Log In • Snapchat - Microsoft Internet Explorer provided by Horizon Hobby' in the title., 
    StackTrace:
    AllBrowserWindow(),SharedBorderFree.cs,Line Number:1037
    CloseBrowserTab(),MyAccount.cs,Line Number:2577
    HRCCRewardDashboardpage(),MyAccount.cs,Line Number:2093</Message>
          <Message>[5/15/2018 12:53:26 AM]&lt;CaptureImage&gt;\\CMP01-YKumar\AutoLog\CMP01-YKUMAR\HRCCRewardDashboardpage_20180515005326.png</Message>
          <Message>[5/15/2018 12:53:27 AM]&lt;PASS&gt;&lt;Web Page Log In • Snapchat&gt;&lt;Log In • Snapchat Page opens up&gt;</Message>
          <Message>[5/15/2018 12:53:39 AM]&lt;PASS&gt;&lt;HRCCRewardDashboardpage&gt;&lt;Validate that 'Instagram' media icons is displayed.&gt;</Message>
          <Message>[5/15/2018 12:53:50 AM]&lt;Info&gt;AllBrowserWindow : Locating browser window...</Message>
          <Message>[5/15/2018 12:54:02 AM]&lt;PASS&gt;&lt;Web Page Horizon Hobby, LLC (@horizon_hobby) • Instagram photos and videos&gt;&lt;Horizon Hobby, LLC (@horizon_hobby) • Instagram photos and videos Page opens up&gt;</Message>
          <Message>[5/15/2018 12:54:14 AM]&lt;PASS&gt;&lt;HRCCRewardDashboardpage&gt;&lt;Validate that 'Twitter' media icons is displayed.&gt;</Message>
          <Message>[5/15/2018 12:54:25 AM]&lt;Info&gt;AllBrowserWindow : Locating browser window...</Message>
          <Message>[5/15/2018 12:54:31 AM]&lt;PASS&gt;&lt;Web Page Horizon Hobby (@Horizon_Hobby) | Twitter&gt;&lt;Horizon Hobby (@Horizon_Hobby) | Twitter Page opens up&gt;</Message>
          <Message>[5/15/2018 12:54:43 AM]&lt;PASS&gt;&lt;HRCCRewardDashboardpage&gt;&lt;Validate that 'Youtube' media icons is displayed.&gt;</Message>
          <Message>[5/15/2018 12:54:54 AM]&lt;Info&gt;AllBrowserWindow : Locating browser window...</Message>
          <Message>[5/15/2018 12:56:25 AM]&lt;PASS&gt;&lt;Web Page Horizon Hobby - YouTube&gt;&lt;Horizon Hobby - YouTube Page opens up&gt;</Message>
          <Message>[5/15/2018 12:56:37 AM]&lt;PASS&gt;&lt;HRCCRewardDashboardpage&gt;&lt;Validate that 'Facebook' media icons is displayed.&gt;</Message>
          <Message>[5/15/2018 12:57:50 AM]&lt;PASS&gt;&lt;Web Page Security Check Required&gt;&lt;Security Check Required Page opens up&gt;</Message>
          <Message>[5/15/2018 12:58:04 AM]&lt;INFO&gt;GetBonusDepartmentDetails executing... </Message>
          <Message>[5/15/2018 12:58:04 AM]&lt;RESULT&gt;Test Ended:#PASS=26, #FAIL=0,#Other errors=1</Message>
          <Message>[5/15/2018 12:58:05 AM]&lt;INFO&gt;LogCPUAndMemoryUsage: Available Memory = 25055(MB), CPU Usage = 0.15936%</Message>
          <Message>[5/15/2018 12:58:05 AM]&lt;INFO&gt;Private Working Set for QTAgent32_40, usage=264624 (K)</Message>
          <Message>[5/15/2018 12:58:05 AM]&lt;RESULT&gt;&lt;HRCCRewardDashboardpage&gt; Test FAILED: #Other errors=1. See Error Message/logs for further details.</Message>
        </TextMessages>
      </Output>
    </UnitTestResult>
    <UnitTestResult executionId="dbb648cd-f7c4-4b50-97ca-9e72bc180407" testId="e5ee7485-0038-6613-3647-634475f050c3" testName="CheckoutWithLoyaltyCertificateAndGiftCard" computerName="CMP01-YKUMAR" duration="00:02:54.7203249" startTime="2018-05-15T00:58:07.1332310-05:00" endTime="2018-05-15T01:01:01.8682310-05:00" testType="13cdc9d9-ddb5-4fa4-a97d-d965ccfc6d4b" outcome="Failed" testListId="8c84fa94-04c1-424b-9868-57a2d4851a1d" relativeResultsDirectory="dbb648cd-f7c4-4b50-97ca-9e72bc180407">
      <Output>
        <StdOut>Logging to custom path:\\CMP01-YKumar\AutoLog</StdOut>
        <ErrorInfo>
          <Message>Assert.Fail failed. 
#Other errors=7
[Error details below]</Message>
          <StackTrace>   at TestAuto.LoggingAndSharedGenericMethods.EndTest() in c:\Builds\1\WebSphere\QATestAutomation\src\CodedUITest\SourceCode\Common\Logging\Logging.cs:line 1628
   at TestAuto.CheckoutCreditCard.TestCleanup() in c:\Builds\1\WebSphere\QATestAutomation\src\CodedUITest\SourceCode\HHobby\Checkout\CheckoutCreditCard.cs:line 4170
</StackTrace>
        </ErrorInfo>
        <TextMessages>
          <Message>[5/15/2018 12:58:07 AM]&lt;STARTLOG&gt;&lt;CheckoutWithLoyaltyCertificateAndGiftCard&gt;Test Started: Expecting: #PASS=Undefined and #FAIL=0
Running from MTM=True, running on machine name:CMP01-YKUMAR, user name=ykumar, OS=Microsoft Windows NT 6.1.7601 Service Pack 1, Is64BitOS=True</Message>
          <Message>[5/15/2018 12:58:08 AM]&lt;INFO&gt;LogCPUAndMemoryUsage: Available Memory = 25188(MB), CPU Usage = 39.89688%</Message>
          <Message>[5/15/2018 12:58:08 AM]&lt;INFO&gt;Private Working Set for QTAgent32_40, usage=264480 (K)</Message>
          <Message>[5/15/2018 12:58:08 AM]&lt;INFO&gt;Path To TestConfig xml=C:\Users\ykumar\AppData\Local\VSEQT\QTAgent\26974\CMP01-YKUMAR.horizonhobby.com\Deployment\SharedCommonConfig.xml</Message>
          <Message>[5/15/2018 12:58:08 AM]&lt;INFO&gt;Path To TestData xml=C:\Users\ykumar\AppData\Local\VSEQT\QTAgent\26974\CMP01-YKUMAR.horizonhobby.com\Deployment\CheckoutCreditCard_005807.xml</Message>
          <Message>[5/15/2018 12:58:08 AM]&lt;INFO&gt;Path To HorizonHobbyQA Application Url=https://www-tst.horizonhobby.com</Message>
          <Message>[5/15/2018 12:58:08 AM]&lt;INFO&gt;HorizonHobbyQA sql connection string=Server=cmp02-ws-tst-db01:50000;Database=TST01DB;UID=wcdbuser;PWD=h0r1z0n;Connect Timeout=30</Message>
          <Message>[5/15/2018 12:58:08 AM]&lt;INFO&gt;Country is := US and language id is := '-1'</Message>
          <Message>[5/15/2018 12:58:08 AM]&lt;INFO&gt;Current browser used for test execution is = 'IE'</Message>
          <Message>[5/15/2018 12:58:08 AM]&lt;INFO&gt;GenerateGiftCard : method executing...</Message>
          <Message>[5/15/2018 12:58:08 AM]&lt;INFO&gt;LaunchCustomBrowserWindow : method executing ...</Message>
          <Message>[5/15/2018 12:58:11 AM]&lt;INFO&gt;SurveyWindow : method executing ...</Message>
          <Message>[5/15/2018 12:58:13 AM]&lt;PASS&gt;&lt;GenerateGiftCard&gt;&lt; Validates that a new Gift Card Number generated successfully&gt;</Message>
          <Message>[5/15/2018 12:58:23 AM]&lt;INFO&gt;SurveyWindow : method executing ...</Message>
          <Message>[5/15/2018 12:58:28 AM]&lt;INFO&gt;ContinueOnCertificationErrorClickexecuting ...</Message>
          <Message>[5/15/2018 12:58:28 AM]&lt;Info&gt;DEAllBrowserWindow : Locating browser window...</Message>
          <Message>[5/15/2018 12:58:33 AM]&lt;INFO&gt;UserRegistration : method executing ...</Message>
          <Message>[5/15/2018 12:58:33 AM]&lt;Info&gt;AllBrowserWindow : Locating browser window...</Message>
          <Message>[5/15/2018 12:58:48 AM]&lt;Info&gt;AllBrowserWindow : Locating browser window...</Message>
          <Message>Assert.Fail failed. [5/15/2018 12:59:11 AM]&lt;Error&gt;AllBrowserWindow : failed executing ...Unable to find Windows Internet Explorer window with 'My Account - Microsoft Internet Explorer provided by Horizon Hobby' in the title., 
    StackTrace:
    AllBrowserWindow(),SharedBorderFree.cs,Line Number:1037
    UserRegistration(),SharedUserRegistration.cs,Line Number:818
    RegisterNewUser(),SharedUserRegistration.cs,Line Number:1158
    RegisterNewUser(),SharedUserRegistration.cs,Line Number:1171
    CheckoutWithLoyaltyCertificateAndGiftCard(),CheckoutCreditCard.cs,Line Number:3509</Message>
          <Message>[5/15/2018 12:59:12 AM]&lt;CaptureImage&gt;\\CMP01-YKumar\AutoLog\CMP01-YKUMAR\CheckoutWithLoyaltyCertificateAndGiftCard_20180515005911.png</Message>
          <Message>Assert.Fail failed. [5/15/2018 12:59:15 AM]&lt;ERROR&gt;QuerySQLValues_string, strSQLquery=Update X_HOR_REWARDS set BALANCE_POINTS='50000' where MEMBER_ID=, strConnection=Server=cmp02-ws-tst-db01:50000;Database=TST01DB;UID=wcdbuser;PWD=h0r1z0n;Connect Timeout=30, Exception=IBM.Data.DB2.DB2Exception (0x80004005): ERROR [42601] [IBM][DB2/LINUXX8664] SQL0104N  An unexpected token "END-OF-STATEMENT" was found following "00' where MEMBER_ID=".  Expected tokens may include:  "&lt;update_source_no_row_query&gt;".
   at IBM.Data.DB2.DB2Command.ExecuteReaderObject(CommandBehavior behavior, String method, DB2CursorType reqCursorType, Boolean abortOnOptValueChg, Boolean skipDeleted, Boolean isResultSet, Int32 maxRows, Boolean skipInitialValidation)
   at IBM.Data.DB2.DB2Command.ExecuteReaderObject(CommandBehavior behavior, String method)
   at IBM.Data.DB2.DB2Command.ExecuteReader(CommandBehavior behavior)
   at IBM.Data.DB2.DB2Command.ExecuteReader()
   at TestAuto.LoggingAndSharedGenericMethods.QuerySqlValueDB2(String value, String table, String WHERE, String connection, Boolean validate, Boolean concatValues) in c:\Builds\1\WebSphere\QATestAutomation\src\CodedUITest\SourceCode\Common\Logging\SharedMethods_Generic.cs:line 4540, 
    StackTrace:
    QuerySqlValueDB2(),SharedMethods_Generic.cs,Line Number:4562
    QuerySqlValueDB2(),SharedMethods_Generic.cs,Line Number:4085
    GenerateRewardCertificate(),SharedMyAccount.cs,Line Number:1022
    CheckoutWithLoyaltyCertificateAndGiftCard(),CheckoutCreditCard.cs,Line Number:3512</Message>
          <Message>[5/15/2018 12:59:15 AM]&lt;Info&gt;AllBrowserWindow : Locating browser window...</Message>
          <Message>Assert.Fail failed. [5/15/2018 12:59:37 AM]&lt;Error&gt;AllBrowserWindow : failed executing ...Unable to find Windows Internet Explorer window with 'My Account - Microsoft Internet Explorer provided by Horizon Hobby' in the title., 
    StackTrace:
    AllBrowserWindow(),SharedBorderFree.cs,Line Number:1037
    GenerateRewardCertificate(),SharedMyAccount.cs,Line Number:1025
    CheckoutWithLoyaltyCertificateAndGiftCard(),CheckoutCreditCard.cs,Line Number:3512</Message>
          <Message>[5/15/2018 12:59:37 AM]&lt;CaptureImage&gt;\\CMP01-YKumar\AutoLog\CMP01-YKUMAR\CheckoutWithLoyaltyCertificateAndGiftCard_20180515005937.png</Message>
          <Message>Assert.Fail failed. [5/15/2018 12:59:46 AM]&lt;ERROR&gt;MouseClick Exception:Microsoft.VisualStudio.TestTools.UITest.Extension.UITestControlNotFoundException: The playback failed to find the control with the given search properties. Additional Details: 
TechnologyName:  'Web'
ControlType:  'Hyperlink'
TagName:  'A'
Id:  'MyAccountLink'
 Failed to find any control that matched the value MyAccountLink for the search property Id. ---&gt; System.Runtime.InteropServices.COMException: Error HRESULT E_FAIL has been returned from a call to a COM component.
   at Microsoft.VisualStudio.TestTools.UITest.Playback.Engine.IScreenElement.FindAllDescendants(String bstrQueryId, Object&amp; pvarResKeys, Int32 cResKeys, Int32 nMaxDepth)
   at Microsoft.VisualStudio.TestTools.UITest.Playback.ScreenElement.FindAllScreenElement(String queryId, Int32 depth, Boolean singleQueryId, Boolean throwException, Boolean resetSkipStep)
   at Microsoft.VisualStudio.TestTools.UITest.Playback.ScreenElement.FindScreenElement(String queryId, Int32 depth, Boolean resetSkipStep)
   at Microsoft.VisualStudio.TestTools.UITesting.UITestControl.FindFirstDescendant(String queryId, Int32 maxDepth, Int32&amp; timeLeft)
   --- End of inner exception stack trace ---
   at Microsoft.VisualStudio.TestTools.UITesting.Playback.MapControlNotFoundException(COMException ex, IPlaybackContext context)
   at Microsoft.VisualStudio.TestTools.UITesting.Playback.MapAndThrowComException(COMException innerException, IPlaybackContext context)
   at Microsoft.VisualStudio.TestTools.UITesting.Playback.MapAndThrowException(SystemException exception, IPlaybackContext context)
   at Microsoft.VisualStudio.TestTools.UITesting.Playback.MapAndThrowException(SystemException exception, String queryId)
   at Microsoft.VisualStudio.TestTools.UITesting.UITestControl.FindFirstDescendant(String queryId, Int32 maxDepth, Int32&amp; timeLeft)
   at Microsoft.VisualStudio.TestTools.UITesting.SearchHelper.GetUITestControlRecursive(Boolean useCache, Boolean alwaysSearch, ISearchArgument searchArg, IList`1 windowTitles, Int32&amp; timeLeft)
   at Microsoft.VisualStudio.TestTools.UITesting.SearchHelper.GetElement(Boolean useCache, ISearchArgument searchArg)
   at Microsoft.VisualStudio.TestTools.UITesting.SearchHelper.Search(ISearchArgument searchArg)
   at Microsoft.VisualStudio.TestTools.UITesting.UITestControl.FindInternal()
   at Microsoft.VisualStudio.TestTools.UITesting.UITestControl.&lt;Find&gt;b__3a()
   at Microsoft.VisualStudio.TestTools.UITesting.CodedUITestMethodInvoker.InvokeMethod[T](Func`1 function, UITestControl control, Boolean firePlaybackErrorEvent, Boolean logAsAction)
   at Microsoft.VisualStudio.TestTools.UITesting.UITestControl.Find()
   at Microsoft.VisualStudio.TestTools.UITesting.UITestControl.GetPropertyPrivate(String propertyName)
   at Microsoft.VisualStudio.TestTools.UITesting.UITestControl.GetPropertyOfType[T](String propertyName)
   at Microsoft.VisualStudio.TestTools.UITesting.UITestControl.get_Name()
   at TestAuto.LoggingAndSharedGenericMethods.MouseClick(UITestControl uiMenuItemTestControl) in c:\Builds\1\WebSphere\QATestAutomation\src\CodedUITest\SourceCode\Common\Logging\SharedMethods_Generic.cs:line 790, 
    StackTrace:
    MouseClick(),SharedMethods_Generic.cs,Line Number:822
    GenerateRewardCertificate(),SharedMyAccount.cs,Line Number:1027
    CheckoutWithLoyaltyCertificateAndGiftCard(),CheckoutCreditCard.cs,Line Number:3512</Message>
          <Message>[5/15/2018 12:59:46 AM]&lt;CaptureImage&gt;\\CMP01-YKumar\AutoLog\CMP01-YKUMAR\CheckoutWithLoyaltyCertificateAndGiftCard_20180515005946.png</Message>
          <Message>[5/15/2018 12:59:46 AM]&lt;Info&gt;AllBrowserWindow : Locating browser window...</Message>
          <Message>Assert.Fail failed. [5/15/2018 1:00:08 AM]&lt;Error&gt;AllBrowserWindow : failed executing ...Unable to find Windows Internet Explorer window with 'RC Club Rewards - Microsoft Internet Explorer provided by Horizon Hobby' in the title., 
    StackTrace:
    AllBrowserWindow(),SharedBorderFree.cs,Line Number:1037
    GenerateRewardCertificate(),SharedMyAccount.cs,Line Number:1030
    CheckoutWithLoyaltyCertificateAndGiftCard(),CheckoutCreditCard.cs,Line Number:3512</Message>
          <Message>[5/15/2018 1:00:08 AM]&lt;CaptureImage&gt;\\CMP01-YKumar\AutoLog\CMP01-YKUMAR\CheckoutWithLoyaltyCertificateAndGiftCard_20180515010008.png</Message>
          <Message>Assert.Fail failed. [5/15/2018 1:00:13 AM]&lt;ERROR&gt;MouseClick Exception:Microsoft.VisualStudio.TestTools.UITest.Extension.UITestControlNotFoundException: The playback failed to find the control with the given search properties. Additional Details: 
TechnologyName:  'Web'
ControlType:  'Button'
TagName:  'BUTTON'
Id:  'Generate_Reward_Certificate_option_button_link_1'
 Failed to find any control that matched the value Generate_Reward_Certificate_option_button_link_1 for the search property Id. ---&gt; System.Runtime.InteropServices.COMException: Error HRESULT E_FAIL has been returned from a call to a COM component.
   at Microsoft.VisualStudio.TestTools.UITest.Playback.Engine.IScreenElement.FindAllDescendants(String bstrQueryId, Object&amp; pvarResKeys, Int32 cResKeys, Int32 nMaxDepth)
   at Microsoft.VisualStudio.TestTools.UITest.Playback.ScreenElement.FindAllScreenElement(String queryId, Int32 depth, Boolean singleQueryId, Boolean throwException, Boolean resetSkipStep)
   at Microsoft.VisualStudio.TestTools.UITest.Playback.ScreenElement.FindScreenElement(String queryId, Int32 depth, Boolean resetSkipStep)
   at Microsoft.VisualStudio.TestTools.UITesting.UITestControl.FindFirstDescendant(String queryId, Int32 maxDepth, Int32&amp; timeLeft)
   --- End of inner exception stack trace ---
   at Microsoft.VisualStudio.TestTools.UITesting.Playback.MapControlNotFoundException(COMException ex, IPlaybackContext context)
   at Microsoft.VisualStudio.TestTools.UITesting.Playback.MapAndThrowComException(COMException innerException, IPlaybackContext context)
   at Microsoft.VisualStudio.TestTools.UITesting.Playback.MapAndThrowException(SystemException exception, IPlaybackContext context)
   at Microsoft.VisualStudio.TestTools.UITesting.Playback.MapAndThrowException(SystemException exception, String queryId)
   at Microsoft.VisualStudio.TestTools.UITesting.UITestControl.FindFirstDescendant(String queryId, Int32 maxDepth, Int32&amp; timeLeft)
   at Microsoft.VisualStudio.TestTools.UITesting.SearchHelper.GetUITestControlRecursive(Boolean useCache, Boolean alwaysSearch, ISearchArgument searchArg, IList`1 windowTitles, Int32&amp; timeLeft)
   at Microsoft.VisualStudio.TestTools.UITesting.SearchHelper.GetElement(Boolean useCache, ISearchArgument searchArg)
   at Microsoft.VisualStudio.TestTools.UITesting.SearchHelper.Search(ISearchArgument searchArg)
   at Microsoft.VisualStudio.TestTools.UITesting.UITestControl.FindInternal()
   at Microsoft.VisualStudio.TestTools.UITesting.UITestControl.&lt;Find&gt;b__3a()
   at Microsoft.VisualStudio.TestTools.UITesting.CodedUITestMethodInvoker.InvokeMethod[T](Func`1 function, UITestControl control, Boolean firePlaybackErrorEvent, Boolean logAsAction)
   at Microsoft.VisualStudio.TestTools.UITesting.UITestControl.Find()
   at Microsoft.VisualStudio.TestTools.UITesting.UITestControl.GetPropertyPrivate(String propertyName)
   at Microsoft.VisualStudio.TestTools.UITesting.UITestControl.GetPropertyOfType[T](String propertyName)
   at Microsoft.VisualStudio.TestTools.UITesting.UITestControl.get_Name()
   at TestAuto.LoggingAndSharedGenericMethods.MouseClick(UITestControl uiMenuItemTestControl) in c:\Builds\1\WebSphere\QATestAutomation\src\CodedUITest\SourceCode\Common\Logging\SharedMethods_Generic.cs:line 790, 
    StackTrace:
    MouseClick(),SharedMethods_Generic.cs,Line Number:822
    GenerateRewardCertificate(),SharedMyAccount.cs,Line Number:1032
    CheckoutWithLoyaltyCertificateAndGiftCard(),CheckoutCreditCard.cs,Line Number:3512</Message>
          <Message>[5/15/2018 1:00:13 AM]&lt;CaptureImage&gt;\\CMP01-YKumar\AutoLog\CMP01-YKUMAR\CheckoutWithLoyaltyCertificateAndGiftCard_20180515010013.png</Message>
          <Message>[5/15/2018 1:00:13 AM]&lt;INFO&gt;SearchProductexecuting ... Searching term:= 'DYNP5097'</Message>
          <Message>[5/15/2018 1:00:20 AM]&lt;Info&gt;AllBrowserWindow : Locating browser window...</Message>
          <Message>[5/15/2018 1:00:20 AM]&lt;INFO&gt;BackOrderClickexecuting ...</Message>
          <Message>[5/15/2018 1:00:24 AM]&lt;INFO&gt;GoToCartClickexecuting ...</Message>
          <Message>[5/15/2018 1:00:35 AM]&lt;INFO&gt;CheckoutProcessStartShoppingCart : method executing</Message>
          <Message>[5/15/2018 1:00:35 AM]&lt;Info&gt;AllBrowserWindow : Locating browser window...</Message>
          <Message>[5/15/2018 1:00:42 AM]&lt;INFO&gt;CheckoutShoppingCartControls : method executing</Message>
          <Message>[5/15/2018 1:00:42 AM]&lt;Info&gt;AllBrowserWindow : Locating browser window...</Message>
          <Message>Assert.Fail failed. [5/15/2018 1:00:58 AM]&lt;Error&gt;CheckoutWithLoyaltyCertificateAndGiftCard : failed executing ...Index was out of range. Must be non-negative and less than the size of the collection.
Parameter name: index, 
    StackTrace:
    CheckoutWithLoyaltyCertificateAndGiftCard(),CheckoutCreditCard.cs,Line Number:3546</Message>
          <Message>[5/15/2018 1:00:58 AM]&lt;CaptureImage&gt;\\CMP01-YKumar\AutoLog\CMP01-YKUMAR\CheckoutWithLoyaltyCertificateAndGiftCard_20180515010058.png</Message>
          <Message>[5/15/2018 1:00:58 AM]&lt;RESULT&gt;Test Ended:#PASS=1, #FAIL=0,#Other errors=7</Message>
          <Message>[5/15/2018 1:00:59 AM]&lt;INFO&gt;LogCPUAndMemoryUsage: Available Memory = 25177(MB), CPU Usage = 4.934455%</Message>
          <Message>[5/15/2018 1:00:59 AM]&lt;INFO&gt;Private Working Set for QTAgent32_40, usage=272240 (K)</Message>
          <Message>[5/15/2018 1:00:59 AM]&lt;RESULT&gt;&lt;CheckoutWithLoyaltyCertificateAndGiftCard&gt; Test FAILED: #Other errors=7. See Error Message/logs for further details.</Message>
        </TextMessages>
      </Output>
    </UnitTestResult>
    <UnitTestResult executionId="a6f7381d-42b8-4518-9981-3175317fe28a" testId="5493a8ff-1c6a-c57f-78d6-f2d89a1cf4eb" testName="ContinueShoppingFromCategory3ProductShoppingCart" computerName="CMP01-YKUMAR" duration="00:03:16.7965314" startTime="2018-05-15T01:01:01.8692310-05:00" endTime="2018-05-15T01:04:18.6802310-05:00" testType="13cdc9d9-ddb5-4fa4-a97d-d965ccfc6d4b" outcome="Failed" testListId="8c84fa94-04c1-424b-9868-57a2d4851a1d" relativeResultsDirectory="a6f7381d-42b8-4518-9981-3175317fe28a">
      <Output>
        <StdOut>Logging to custom path:\\CMP01-YKumar\AutoLog</StdOut>
        <ErrorInfo>
          <Message>Assert.Fail failed. 
#Other errors=4
[Error details below]
&lt;ERROR&gt;[5/15/2018 1:03:35 AM]&lt;ERROR&gt;BackOrderClick : failed executing ...The playback failed to find the control with the given search properties. Additional Details: 
TechnologyName:  'Web'
ControlType:  'Hyperlink'
TagName:  'A'
Id:  'add2CartBtn'
 Failed to find any control that matched the search condition Id='add2CartBtn' &amp;&amp; ControlType='Hyperlink'
&lt;ERROR&gt;[5/15/2018 1:03:50 AM]&lt;ERROR&gt;MouseClick Exception:Microsoft.VisualStudio.TestTools.UITest.Extension.UITestControlNotFoundException: The playback failed to find the control with the given search properties. Additional Details: 
TechnologyName:  'Web'
ControlType:  'Hyperlink'
TagName:  'A'
Id:  'GotoCartButton1'
Class:  'button'
InnerText:  'Go to Cart'
 Failed to find any control that matched the search condition Id='GotoCartButton1' &amp;&amp; ControlType='Hyperlink' &amp;&amp; Class='button' &amp;&amp; InnerText='Go to Cart' ---&gt; System.Runtime.InteropServices.COMException: Error HRESULT E_FAIL has been returned from a call to a COM component.
   at Microsoft.VisualStudio.TestTools.UITest.Playback.Engine.IScreenElement.FindAllDescendants(String bstrQueryId, Object&amp; pvarResKeys, Int32 cResKeys, Int32 nMaxDepth)
   at Microsoft.VisualStudio.TestTools.UITest.Playback.ScreenElement.FindAllScreenElement(String queryId, Int32 depth, Boolean singleQueryId, Boolean throwException, Boolean resetSkipStep)
   at Microsoft.VisualStudio.TestTools.UITest.Playback.ScreenElement.FindScreenElement(String queryId, Int32 depth, Boolean resetSkipStep)
   at Microsoft.VisualStudio.TestTools.UITesting.UITestControl.FindFirstDescendant(String queryId, Int32 maxDepth, Int32&amp; timeLeft)
   --- End of inner exception stack trace ---
   at Microsoft.VisualStudio.TestTools.UITesting.Playback.MapControlNotFoundException(COMException ex, IPlaybackContext context)
   at Microsoft.VisualStudio.TestTools.UITesting.Playback.MapAndThrowComException(COMException innerException, IPlaybackContext context)
   at Microsoft.VisualStudio.TestTools.UITesting.Playback.MapAndThrowException(SystemException exception, IPlaybackContext context)
   at Microsoft.VisualStudio.TestTools.UITesting.Playback.MapAndThrowException(SystemException exception, String queryId)
   at Microsoft.VisualStudio.TestTools.UITesting.UITestControl.FindFirstDescendant(String queryId, Int32 maxDepth, Int32&amp; timeLeft)
   at Microsoft.VisualStudio.TestTools.UITesting.SearchHelper.GetUITestControlRecursive(Boolean useCache, Boolean alwaysSearch, ISearchArgument searchArg, IList`1 windowTitles, Int32&amp; timeLeft)
   at Microsoft.VisualStudio.TestTools.UITesting.SearchHelper.GetElement(Boolean useCache, ISearchArgument searchArg)
   at Microsoft.VisualStudio.TestTools.UITesting.SearchHelper.Search(ISearchArgument searchArg)
   at Microsoft.VisualStudio.TestTools.UITesting.UITestControl.FindInternal()
   at Microsoft.VisualStudio.TestTools.UITesting.UITestControl.&lt;Find&gt;b__3a()
   at Microsoft.VisualStudio.TestTools.UITesting.CodedUITestMethodInvoker.InvokeMethod[T](Func`1 function, UITestControl control, Boolean firePlaybackErrorEvent, Boolean logAsAction)
   at Microsoft.VisualStudio.TestTools.UITesting.UITestControl.Find()
   at Microsoft.VisualStudio.TestTools.UITesting.UITestControl.GetPropertyPrivate(String propertyName)
   at Microsoft.VisualStudio.TestTools.UITesting.UITestControl.GetPropertyOfType[T](String propertyName)
   at Microsoft.VisualStudio.TestTools.UITesting.UITestControl.get_Name()
   at TestAuto.LoggingAndSharedGenericMethods.MouseClick(UITestControl uiMenuItemTestControl) in c:\Builds\1\WebSphere\QATestAutomation\src\CodedUITest\SourceCode\Common\Logging\SharedMethods_Generic.cs:line 790
&lt;ERROR&gt;[5/15/2018 1:04:12 AM]&lt;Error&gt;AllBrowserWindow : failed executing ...Unable to find Windows Internet Explorer window with 'Shopping Cart - Microsoft Internet Explorer provided by Horizon Hobby' in the title.
&lt;ERROR&gt;[5/15/2018 1:04:15 AM]&lt;ERROR&gt;ContinueShoppingFromCategory3ProductShoppingCart : failed executing ...The playback failed to find the control with the given search properties. Additional Details: 
TechnologyName:  'Web'
ControlType:  'Hyperlink'
TagName:  'A'
Id:  'WC_BreadCrumbTrailDisplay_links_2a'
 Failed to find any control that matched the search condition Id='WC_BreadCrumbTrailDisplay_links_2a' &amp;&amp; ControlType='Hyperlink'</Message>
          <StackTrace>   at TestAuto.LoggingAndSharedGenericMethods.EndTest() in c:\Builds\1\WebSphere\QATestAutomation\src\CodedUITest\SourceCode\Common\Logging\Logging.cs:line 1628
   at TestAuto.CartDisplayTest.TestCleanup() in c:\Builds\1\WebSphere\QATestAutomation\src\CodedUITest\SourceCode\HHobby\CartDisplay\CartDisplay.cs:line 5472
</StackTrace>
        </ErrorInfo>
        <TextMessages>
          <Message>[5/15/2018 1:01:01 AM]&lt;STARTLOG&gt;&lt;ContinueShoppingFromCategory3ProductShoppingCart&gt;Test Started: Expecting: #PASS=Undefined and #FAIL=0
Running from MTM=True, running on machine name:CMP01-YKUMAR, user name=ykumar, OS=Microsoft Windows NT 6.1.7601 Service Pack 1, Is64BitOS=True</Message>
          <Message>[5/15/2018 1:01:02 AM]&lt;INFO&gt;LogCPUAndMemoryUsage: Available Memory = 25204(MB), CPU Usage = 38.33953%</Message>
          <Message>[5/15/2018 1:01:02 AM]&lt;INFO&gt;Private Working Set for QTAgent32_40, usage=272324 (K)</Message>
          <Message>[5/15/2018 1:01:02 AM]&lt;INFO&gt;Path To TestConfig xml=C:\Users\ykumar\AppData\Local\VSEQT\QTAgent\26974\CMP01-YKUMAR.horizonhobby.com\Deployment\SharedCommonConfig.xml</Message>
          <Message>[5/15/2018 1:01:02 AM]&lt;INFO&gt;Path To TestData xml=C:\Users\ykumar\AppData\Local\VSEQT\QTAgent\26974\CMP01-YKUMAR.horizonhobby.com\Deployment\CartDisplayTestData_010101.xml</Message>
          <Message>[5/15/2018 1:01:03 AM]&lt;INFO&gt;Path To HorizonHobbyQA Application Url=https://www-tst.horizonhobby.com</Message>
          <Message>[5/15/2018 1:01:03 AM]&lt;INFO&gt;HorizonHobbyQA sql connection string=Server=cmp02-ws-tst-db01:50000;Database=TST01DB;UID=wcdbuser;PWD=h0r1z0n;Connect Timeout=30</Message>
          <Message>[5/15/2018 1:01:03 AM]&lt;INFO&gt;Country is := US and language id is := '-1'</Message>
          <Message>[5/15/2018 1:01:03 AM]&lt;INFO&gt;Current browser used for test execution is = 'IE'</Message>
          <Message>[5/15/2018 1:01:06 AM]&lt;Info&gt;AllBrowserWindow : Locating browser window...</Message>
          <Message>[5/15/2018 1:01:06 AM]&lt;INFO&gt;GetMenuItems : method executing ... - Almost Ready-to-Fly</Message>
          <Message>[5/15/2018 1:01:08 AM]&lt;Info&gt;AllBrowserWindow : Locating browser window...</Message>
          <Message>[5/15/2018 1:01:35 AM]&lt;Info&gt;AllBrowserWindow : Locating browser window...</Message>
          <Message>[5/15/2018 1:01:57 AM]&lt;Info&gt;AllBrowserWindow : Locating browser window...</Message>
          <Message>[5/15/2018 1:03:29 AM]&lt;INFO&gt;BackOrderClickexecuting ...</Message>
          <Message>Assert.Fail failed. [5/15/2018 1:03:35 AM]&lt;ERROR&gt;BackOrderClick : failed executing ...The playback failed to find the control with the given search properties. Additional Details: 
TechnologyName:  'Web'
ControlType:  'Hyperlink'
TagName:  'A'
Id:  'add2CartBtn'
 Failed to find any control that matched the search condition Id='add2CartBtn' &amp;&amp; ControlType='Hyperlink', 
    StackTrace:
    BackOrderClick(),SharedProductPage.cs,Line Number:498
    BackOrderClick(),SharedProductPage.cs,Line Number:505
    ContinueShoppingFromCategory3ProductShoppingCart(),CartDisplay.cs,Line Number:4038</Message>
          <Message>[5/15/2018 1:03:35 AM]&lt;CaptureImage&gt;\\CMP01-YKumar\AutoLog\CMP01-YKUMAR\ContinueShoppingFromCategory3ProductShoppingCart_20180515010335.png</Message>
          <Message>[5/15/2018 1:03:37 AM]&lt;INFO&gt;GoToCartClickexecuting ...</Message>
          <Message>Assert.Fail failed. [5/15/2018 1:03:50 AM]&lt;ERROR&gt;MouseClick Exception:Microsoft.VisualStudio.TestTools.UITest.Extension.UITestControlNotFoundException: The playback failed to find the control with the given search properties. Additional Details: 
TechnologyName:  'Web'
ControlType:  'Hyperlink'
TagName:  'A'
Id:  'GotoCartButton1'
Class:  'button'
InnerText:  'Go to Cart'
 Failed to find any control that matched the search condition Id='GotoCartButton1' &amp;&amp; ControlType='Hyperlink' &amp;&amp; Class='button' &amp;&amp; InnerText='Go to Cart' ---&gt; System.Runtime.InteropServices.COMException: Error HRESULT E_FAIL has been returned from a call to a COM component.
   at Microsoft.VisualStudio.TestTools.UITest.Playback.Engine.IScreenElement.FindAllDescendants(String bstrQueryId, Object&amp; pvarResKeys, Int32 cResKeys, Int32 nMaxDepth)
   at Microsoft.VisualStudio.TestTools.UITest.Playback.ScreenElement.FindAllScreenElement(String queryId, Int32 depth, Boolean singleQueryId, Boolean throwException, Boolean resetSkipStep)
   at Microsoft.VisualStudio.TestTools.UITest.Playback.ScreenElement.FindScreenElement(String queryId, Int32 depth, Boolean resetSkipStep)
   at Microsoft.VisualStudio.TestTools.UITesting.UITestControl.FindFirstDescendant(String queryId, Int32 maxDepth, Int32&amp; timeLeft)
   --- End of inner exception stack trace ---
   at Microsoft.VisualStudio.TestTools.UITesting.Playback.MapControlNotFoundException(COMException ex, IPlaybackContext context)
   at Microsoft.VisualStudio.TestTools.UITesting.Playback.MapAndThrowComException(COMException innerException, IPlaybackContext context)
   at Microsoft.VisualStudio.TestTools.UITesting.Playback.MapAndThrowException(SystemException exception, IPlaybackContext context)
   at Microsoft.VisualStudio.TestTools.UITesting.Playback.MapAndThrowException(SystemException exception, String queryId)
   at Microsoft.VisualStudio.TestTools.UITesting.UITestControl.FindFirstDescendant(String queryId, Int32 maxDepth, Int32&amp; timeLeft)
   at Microsoft.VisualStudio.TestTools.UITesting.SearchHelper.GetUITestControlRecursive(Boolean useCache, Boolean alwaysSearch, ISearchArgument searchArg, IList`1 windowTitles, Int32&amp; timeLeft)
   at Microsoft.VisualStudio.TestTools.UITesting.SearchHelper.GetElement(Boolean useCache, ISearchArgument searchArg)
   at Microsoft.VisualStudio.TestTools.UITesting.SearchHelper.Search(ISearchArgument searchArg)
   at Microsoft.VisualStudio.TestTools.UITesting.UITestControl.FindInternal()
   at Microsoft.VisualStudio.TestTools.UITesting.UITestControl.&lt;Find&gt;b__3a()
   at Microsoft.VisualStudio.TestTools.UITesting.CodedUITestMethodInvoker.InvokeMethod[T](Func`1 function, UITestControl control, Boolean firePlaybackErrorEvent, Boolean logAsAction)
   at Microsoft.VisualStudio.TestTools.UITesting.UITestControl.Find()
   at Microsoft.VisualStudio.TestTools.UITesting.UITestControl.GetPropertyPrivate(String propertyName)
   at Microsoft.VisualStudio.TestTools.UITesting.UITestControl.GetPropertyOfType[T](String propertyName)
   at Microsoft.VisualStudio.TestTools.UITesting.UITestControl.get_Name()
   at TestAuto.LoggingAndSharedGenericMethods.MouseClick(UITestControl uiMenuItemTestControl) in c:\Builds\1\WebSphere\QATestAutomation\src\CodedUITest\SourceCode\Common\Logging\SharedMethods_Generic.cs:line 790, 
    StackTrace:
    MouseClick(),SharedMethods_Generic.cs,Line Number:822
    GoToCartClick(),SharedCartPopUp.cs,Line Number:101
    ContinueShoppingFromCategory3ProductShoppingCart(),CartDisplay.cs,Line Number:4040</Message>
          <Message>[5/15/2018 1:03:50 AM]&lt;CaptureImage&gt;\\CMP01-YKumar\AutoLog\CMP01-YKUMAR\ContinueShoppingFromCategory3ProductShoppingCart_20180515010350.png</Message>
          <Message>[5/15/2018 1:03:50 AM]&lt;Info&gt;AllBrowserWindow : Locating browser window...</Message>
          <Message>Assert.Fail failed. [5/15/2018 1:04:12 AM]&lt;Error&gt;AllBrowserWindow : failed executing ...Unable to find Windows Internet Explorer window with 'Shopping Cart - Microsoft Internet Explorer provided by Horizon Hobby' in the title., 
    StackTrace:
    AllBrowserWindow(),SharedBorderFree.cs,Line Number:1037
    ContinueShoppingFromCategory3ProductShoppingCart(),CartDisplay.cs,Line Number:4042</Message>
          <Message>[5/15/2018 1:04:12 AM]&lt;CaptureImage&gt;\\CMP01-YKumar\AutoLog\CMP01-YKUMAR\ContinueShoppingFromCategory3ProductShoppingCart_20180515010412.png</Message>
          <Message>Assert.Fail failed. [5/15/2018 1:04:15 AM]&lt;ERROR&gt;ContinueShoppingFromCategory3ProductShoppingCart : failed executing ...The playback failed to find the control with the given search properties. Additional Details: 
TechnologyName:  'Web'
ControlType:  'Hyperlink'
TagName:  'A'
Id:  'WC_BreadCrumbTrailDisplay_links_2a'
 Failed to find any control that matched the search condition Id='WC_BreadCrumbTrailDisplay_links_2a' &amp;&amp; ControlType='Hyperlink', 
    StackTrace:
    ContinueShoppingFromCategory3ProductShoppingCart(),CartDisplay.cs,Line Number:4059</Message>
          <Message>[5/15/2018 1:04:15 AM]&lt;CaptureImage&gt;\\CMP01-YKumar\AutoLog\CMP01-YKUMAR\ContinueShoppingFromCategory3ProductShoppingCart_20180515010415.png</Message>
          <Message>[5/15/2018 1:04:15 AM]&lt;RESULT&gt;Test Ended:#PASS=0, #FAIL=0,#Other errors=4</Message>
          <Message>[5/15/2018 1:04:16 AM]&lt;INFO&gt;LogCPUAndMemoryUsage: Available Memory = 25277(MB), CPU Usage = 15.36946%</Message>
          <Message>[5/15/2018 1:04:16 AM]&lt;INFO&gt;Private Working Set for QTAgent32_40, usage=272300 (K)</Message>
          <Message>[5/15/2018 1:04:16 AM]&lt;RESULT&gt;&lt;ContinueShoppingFromCategory3ProductShoppingCart&gt; Test FAILED: #Other errors=4. See Error Message/logs for further details.</Message>
        </TextMessages>
      </Output>
    </UnitTestResult>
    <UnitTestResult executionId="b0b85147-fdee-4469-9b3e-b87d1cbfb764" testId="fc2aed92-b13d-123f-b4ca-3415a10c51b2" testName="SecondCheckoutButtonGuestUser" computerName="CMP01-YKUMAR" duration="00:05:10.1448607" startTime="2018-05-15T01:04:18.6802310-05:00" endTime="2018-05-15T01:09:28.8322310-05:00" testType="13cdc9d9-ddb5-4fa4-a97d-d965ccfc6d4b" outcome="Passed" testListId="8c84fa94-04c1-424b-9868-57a2d4851a1d" relativeResultsDirectory="b0b85147-fdee-4469-9b3e-b87d1cbfb764">
      <Output>
        <StdOut>Logging to custom path:\\CMP01-YKumar\AutoLog</StdOut>
        <TextMessages>
          <Message>[5/15/2018 1:04:18 AM]&lt;STARTLOG&gt;&lt;SecondCheckoutButtonGuestUser&gt;Test Started: Expecting: #PASS=Undefined and #FAIL=0
Running from MTM=True, running on machine name:CMP01-YKUMAR, user name=ykumar, OS=Microsoft Windows NT 6.1.7601 Service Pack 1, Is64BitOS=True</Message>
          <Message>[5/15/2018 1:04:19 AM]&lt;INFO&gt;LogCPUAndMemoryUsage: Available Memory = 25376(MB), CPU Usage = 15.84362%</Message>
          <Message>[5/15/2018 1:04:19 AM]&lt;INFO&gt;Private Working Set for QTAgent32_40, usage=272440 (K)</Message>
          <Message>[5/15/2018 1:04:19 AM]&lt;INFO&gt;Path To TestConfig xml=C:\Users\ykumar\AppData\Local\VSEQT\QTAgent\26974\CMP01-YKUMAR.horizonhobby.com\Deployment\SharedCommonConfig.xml</Message>
          <Message>[5/15/2018 1:04:19 AM]&lt;INFO&gt;Path To TestData xml=C:\Users\ykumar\AppData\Local\VSEQT\QTAgent\26974\CMP01-YKUMAR.horizonhobby.com\Deployment\CartDisplayTestData_010418.xml</Message>
          <Message>[5/15/2018 1:04:19 AM]&lt;INFO&gt;Path To HorizonHobbyQA Application Url=https://www-tst.horizonhobby.com</Message>
          <Message>[5/15/2018 1:04:19 AM]&lt;INFO&gt;HorizonHobbyQA sql connection string=Server=cmp02-ws-tst-db01:50000;Database=TST01DB;UID=wcdbuser;PWD=h0r1z0n;Connect Timeout=30</Message>
          <Message>[5/15/2018 1:04:19 AM]&lt;INFO&gt;Country is := US and language id is := '-1'</Message>
          <Message>[5/15/2018 1:04:19 AM]&lt;INFO&gt;Current browser used for test execution is = 'IE'</Message>
          <Message>[5/15/2018 1:04:26 AM]&lt;Info&gt;AllBrowserWindow : Locating browser window...</Message>
          <Message>[5/15/2018 1:04:26 AM]&lt;INFO&gt;CartIconClickexecuting ...</Message>
          <Message>[5/15/2018 1:04:31 AM]&lt;INFO&gt;GoToCartClickexecuting ...</Message>
          <Message>[5/15/2018 1:04:42 AM]&lt;INFO&gt;ContinueOnCertificationErrorClickexecuting ...</Message>
          <Message>[5/15/2018 1:04:49 AM]&lt;Info&gt;AllBrowserWindow : Locating browser window...</Message>
          <Message>[5/15/2018 1:05:02 AM]&lt;PASS&gt;&lt;SecondCheckoutButtonGuestUser&gt;&lt;First checkout button does not exist for empty cart&gt;</Message>
          <Message>[5/15/2018 1:05:07 AM]&lt;PASS&gt;&lt;SecondCheckoutButtonGuestUser&gt;&lt;Second checkout button does not exist for empty cart&gt;</Message>
          <Message>[5/15/2018 1:05:07 AM]&lt;INFO&gt;SearchProductexecuting ... Searching term:= 'PRO903902'</Message>
          <Message>[5/15/2018 1:05:14 AM]&lt;Info&gt;AllBrowserWindow : Locating browser window...</Message>
          <Message>[5/15/2018 1:05:14 AM]&lt;INFO&gt;BackOrderClickexecuting ...</Message>
          <Message>[5/15/2018 1:05:18 AM]&lt;INFO&gt;GoToCartClickexecuting ...</Message>
          <Message>[5/15/2018 1:05:29 AM]&lt;Info&gt;AllBrowserWindow : Locating browser window...</Message>
          <Message>[5/15/2018 1:05:37 AM]&lt;PASS&gt;&lt;SecondCheckoutButtonGuestUser&gt;&lt;First checkout button exists when there is atleast 1 item in the cart&gt;</Message>
          <Message>[5/15/2018 1:05:37 AM]&lt;PASS&gt;&lt;SecondCheckoutButtonGuestUser&gt;&lt;Second checkout button exists when there is atleast 1 item in the cart&gt;</Message>
          <Message>[5/15/2018 1:05:37 AM]&lt;INFO&gt;ClickSecondCheckoutButtonexecuting ...</Message>
          <Message>[5/15/2018 1:05:37 AM]&lt;Info&gt;AllBrowserWindow : Locating browser window...</Message>
          <Message>[5/15/2018 1:05:44 AM]&lt;INFO&gt;ValidateInterupptPage : method executing...</Message>
          <Message>[5/15/2018 1:05:44 AM]&lt;Info&gt;AllBrowserWindow : Locating browser window...</Message>
          <Message>[5/15/2018 1:05:53 AM]&lt;INFO&gt;ValueOfControlExistOnPage : method executing...</Message>
          <Message>[5/15/2018 1:05:53 AM]&lt;Info&gt;AllBrowserWindow : Locating browser window...</Message>
          <Message>[5/15/2018 1:05:53 AM]&lt;PASS&gt;&lt;ValueOfControlExistOnPage&gt;&lt; Validates that''New customer &amp; guests'' exist on the Page&gt;</Message>
          <Message>[5/15/2018 1:05:53 AM]&lt;PASS&gt;&lt;ValueOfControlExistOnPage&gt;&lt; Validates that''Returning customers'' exist on the Page&gt;</Message>
          <Message>[5/15/2018 1:05:55 AM]&lt;PASS&gt;&lt;ValidateInterupptPage&gt;&lt; Validates that Continue Checkout botton  exist on the Page&gt;</Message>
          <Message>[5/15/2018 1:05:55 AM]&lt;PASS&gt;&lt;ValidateInterupptPage&gt;&lt; Validates that Sign In &amp; Checkout botton  exist on the Page&gt;</Message>
          <Message>[5/15/2018 1:05:56 AM]&lt;PASS&gt;&lt;ValidateInterupptPage&gt;&lt; Validates that User Name Editbox exist on the Page&gt;</Message>
          <Message>[5/15/2018 1:05:56 AM]&lt;PASS&gt;&lt;ValidateInterupptPage&gt;&lt; Validates that Password Editbox exist on the Page&gt;</Message>
          <Message>[5/15/2018 1:05:56 AM]&lt;PASS&gt;&lt;ValidateInterupptPage&gt;&lt; Validates that Forget Password link exist on the Page&gt;</Message>
          <Message>[5/15/2018 1:05:57 AM]&lt;PASS&gt;&lt;ValidateInterupptPage&gt;&lt; Validates that Close button exist on the Page&gt;</Message>
          <Message>[5/15/2018 1:05:57 AM]&lt;INFO&gt;ContinueAsGuestCheckoutButtonexecuting ...</Message>
          <Message>[5/15/2018 1:05:57 AM]&lt;Info&gt;AllBrowserWindow : Locating browser window...</Message>
          <Message>[5/15/2018 1:06:05 AM]&lt;Info&gt;AllBrowserWindow : Locating browser window...</Message>
          <Message>[5/15/2018 1:06:12 AM]&lt;PASS&gt;&lt;SecondCheckoutButtonGuestUser&gt;&lt;Address page opens on clicking on continue as guest user&gt;</Message>
          <Message>[5/15/2018 1:06:12 AM]&lt;INFO&gt;FillBillingAndShippingAddressexecuting ...</Message>
          <Message>[5/15/2018 1:06:12 AM]&lt;Info&gt;AllBrowserWindow : Locating browser window...</Message>
          <Message>[5/15/2018 1:06:14 AM]&lt;INFO&gt;SelectBillingCountryexecuting ...</Message>
          <Message>[5/15/2018 1:06:20 AM]&lt;INFO&gt;SelectBillingStateexecuting ...</Message>
          <Message>[5/15/2018 1:06:43 AM]&lt;INFO&gt;SelectCheckoutPaymentRadiobutton : method executing</Message>
          <Message>[5/15/2018 1:06:43 AM]&lt;INFO&gt;CheckoutCreditCardShippingAndBillingControls : method executing</Message>
          <Message>[5/15/2018 1:06:43 AM]&lt;Info&gt;AllBrowserWindow : Locating browser window...</Message>
          <Message>[5/15/2018 1:06:58 AM]&lt;INFO&gt;FillCreditCardDetails : method executing</Message>
          <Message>[5/15/2018 1:06:58 AM]&lt;INFO&gt;CheckoutCreditCardShippingAndBillingControls : method executing</Message>
          <Message>[5/15/2018 1:06:58 AM]&lt;Info&gt;AllBrowserWindow : Locating browser window...</Message>
          <Message>[5/15/2018 1:07:07 AM]&lt;INFO&gt;ClickReviewOrder : method executing</Message>
          <Message>[5/15/2018 1:07:07 AM]&lt;INFO&gt;CheckoutCreditCardShippingAndBillingControls : method executing</Message>
          <Message>[5/15/2018 1:07:07 AM]&lt;Info&gt;AllBrowserWindow : Locating browser window...</Message>
          <Message>[5/15/2018 1:07:12 AM]&lt;Info&gt;AllBrowserWindow : Locating browser window...</Message>
          <Message>[5/15/2018 1:07:19 AM]&lt;INFO&gt;PlaceOrderCreditCard : method executing</Message>
          <Message>[5/15/2018 1:07:19 AM]&lt;INFO&gt;CheckoutCreditCardShippingAndBillingControls : method executing</Message>
          <Message>[5/15/2018 1:07:19 AM]&lt;Info&gt;AllBrowserWindow : Locating browser window...</Message>
          <Message>[5/15/2018 1:07:28 AM]&lt;INFO&gt;KeyboardSendKeys method executing...</Message>
          <Message>[5/15/2018 1:08:59 AM]&lt;Info&gt;AllBrowserWindow : Locating browser window...</Message>
          <Message>[5/15/2018 1:09:10 AM]&lt;INFO&gt;OrderConfirmation : method executing</Message>
          <Message>[5/15/2018 1:09:10 AM]&lt;INFO&gt;OrderConfirmationUIControls : method executing</Message>
          <Message>[5/15/2018 1:09:10 AM]&lt;Info&gt;AllBrowserWindow : Locating browser window...</Message>
          <Message>[5/15/2018 1:09:13 AM]&lt;INFO&gt;SurveyWindow : method executing ...</Message>
          <Message>[5/15/2018 1:09:22 AM]&lt;PASS&gt;&lt;OrderConfirmation&gt;&lt; Validates Order Number ''True'' is generated successfully&gt;</Message>
          <Message>[5/15/2018 1:09:22 AM]&lt;INFO&gt;SingleProductOrderAmountValidation : method executing</Message>
          <Message>[5/15/2018 1:09:22 AM]&lt;INFO&gt;OrderConfirmationUIControls : method executing</Message>
          <Message>[5/15/2018 1:09:22 AM]&lt;Info&gt;AllBrowserWindow : Locating browser window...</Message>
          <Message>[5/15/2018 1:09:25 AM]&lt;INFO&gt;SingleProductOrderAmountValidation : method executing</Message>
          <Message>[5/15/2018 1:09:25 AM]&lt;PASS&gt;&lt;SingleProductOrderAmountValidation&gt;&lt; Validates expected authorization amount: '30.73000' is equals actual authorization amount: '30.73000'&gt;</Message>
          <Message>[5/15/2018 1:09:25 AM]&lt;RESULT&gt;Test Ended:#PASS=15, #FAIL=0</Message>
          <Message>[5/15/2018 1:09:26 AM]&lt;INFO&gt;LogCPUAndMemoryUsage: Available Memory = 25103(MB), CPU Usage = 19.46449%</Message>
          <Message>[5/15/2018 1:09:26 AM]&lt;INFO&gt;Private Working Set for QTAgent32_40, usage=266684 (K)</Message>
          <Message>[5/15/2018 1:09:26 AM]&lt;RESULT&gt;&lt;SecondCheckoutButtonGuestUser&gt; Test PASSED</Message>
        </TextMessages>
      </Output>
    </UnitTestResult>
    <UnitTestResult executionId="e2edde9a-8bf5-4ee4-8387-e606e954fc60" testId="50aa2fb6-b044-c396-06a8-a45273ee0484" testName="SecondCheckoutButtonSignedInUser" computerName="CMP01-YKUMAR" duration="00:09:49.9238653" startTime="2018-05-15T01:09:28.8342310-05:00" endTime="2018-05-15T01:19:18.7932310-05:00" testType="13cdc9d9-ddb5-4fa4-a97d-d965ccfc6d4b" outcome="Failed" testListId="8c84fa94-04c1-424b-9868-57a2d4851a1d" relativeResultsDirectory="e2edde9a-8bf5-4ee4-8387-e606e954fc60">
      <Output>
        <StdOut>Logging to custom path:\\CMP01-YKumar\AutoLog</StdOut>
        <ErrorInfo>
          <Message>Assert.Fail failed. 
Actual #FAIL=3, #Expected FAIL=0
#Other errors=21
[Error details below]
&lt;ERROR&gt;[5/15/2018 1:11:17 AM]&lt;Error&gt;AllBrowserWindow : failed executing ...Unable to find Windows Internet Explorer window with 'Shopping Cart - Microsoft Internet Explorer provided by Horizon Hobby' in the title.
&lt;ERROR&gt;[5/15/2018 1:11:24 AM]&lt;ERROR&gt;SearchProduct := TRA5873 : failed executing ...The playback failed to find the control with the given search properties. Additional Details: 
TechnologyName:  'Web'
ControlType:  'Edit'
TagName:  'INPUT'
Id:  'SimpleSearchForm_SearchTerm'
 Failed to find any control that matched the search condition ControlType='Edit' &amp;&amp; Id=&gt;'SimpleSearchForm_SearchTerm'
&lt;ERROR&gt;[5/15/2018 1:13:24 AM]&lt;ERROR&gt;BackOrderClick : failed executing ...The playback failed to find the control with the given search properties. Additional Details: 
TechnologyName:  'Web'
ControlType:  'Hyperlink'
TagName:  'A'
Id:  'add2CartBtn'
 Failed to find any control that matched the search condition Id='add2CartBtn' &amp;&amp; ControlType='Hyperlink'
&lt;ERROR&gt;[5/15/2018 1:13:40 AM]&lt;ERROR&gt;MouseClick Exception:Microsoft.VisualStudio.TestTools.UITest.Extension.UITestControlNotFoundException: The playback failed to find the control with the given search properties. Additional Details: 
TechnologyName:  'Web'
ControlType:  'Hyperlink'
TagName:  'A'
Id:  'GotoCartButton1'
Class:  'button'
InnerText:  'Go to Cart'
 Failed to find any control that matched the search condition Id='GotoCartButton1' &amp;&amp; ControlType='Hyperlink' &amp;&amp; Class='button' &amp;&amp; InnerText='Go to Cart' ---&gt; System.Runtime.InteropServices.COMException: Error HRESULT E_FAIL has been returned from a call to a COM component.
   at Microsoft.VisualStudio.TestTools.UITest.Playback.Engine.IScreenElement.FindAllDescendants(String bstrQueryId, Object&amp; pvarResKeys, Int32 cResKeys, Int32 nMaxDepth)
   at Microsoft.VisualStudio.TestTools.UITest.Playback.ScreenElement.FindAllScreenElement(String queryId, Int32 depth, Boolean singleQueryId, Boolean throwException, Boolean resetSkipStep)
   at Microsoft.VisualStudio.TestTools.UITest.Playback.ScreenElement.FindScreenElement(String queryId, Int32 depth, Boolean resetSkipStep)
   at Microsoft.VisualStudio.TestTools.UITesting.UITestControl.FindFirstDescendant(String queryId, Int32 maxDepth, Int32&amp; timeLeft)
   --- End of inner exception stack trace ---
   at Microsoft.VisualStudio.TestTools.UITesting.Playback.MapControlNotFoundException(COMException ex, IPlaybackContext context)
   at Microsoft.VisualStudio.TestTools.UITesting.Playback.MapAndThrowComException(COMException innerException, IPlaybackContext context)
   at Microsoft.VisualStudio.TestTools.UITesting.Playback.MapAndThrowException(SystemException exception, IPlaybackContext context)
   at Microsoft.VisualStudio.TestTools.UITesting.Playback.MapAndThrowException(SystemException exception, String queryId)
   at Microsoft.VisualStudio.TestTools.UITesting.UITestControl.FindFirstDescendant(String queryId, Int32 maxDepth, Int32&amp; timeLeft)
   at Microsoft.VisualStudio.TestTools.UITesting.SearchHelper.GetUITestControlRecursive(Boolean useCache, Boolean alwaysSearch, ISearchArgument searchArg, IList`1 windowTitles, Int32&amp; timeLeft)
   at Microsoft.VisualStudio.TestTools.UITesting.SearchHelper.GetElement(Boolean useCache, ISearchArgument searchArg)
   at Microsoft.VisualStudio.TestTools.UITesting.SearchHelper.Search(ISearchArgument searchArg)
   at Microsoft.VisualStudio.TestTools.UITesting.UITestControl.FindInternal()
   at Microsoft.VisualStudio.TestTools.UITesting.UITestControl.&lt;Find&gt;b__3a()
   at Microsoft.VisualStudio.TestTools.UITesting.CodedUITestMethodInvoker.InvokeMethod[T](Func`1 function, UITestControl control, Boolean firePlaybackErrorEvent, Boolean logAsAction)
   at Microsoft.VisualStudio.TestTools.UITesting.UITestControl.Find()
   at Microsoft.VisualStudio.TestTools.UITesting.UITestControl.GetPropertyPrivate(String propertyName)
   at Microsoft.VisualStudio.TestTools.UITesting.UITestControl.GetPropertyOfType[T](String propertyName)
   at Microsoft.VisualStudio.TestTools.UITesting.UITestControl.get_Name()
   at TestAuto.LoggingAndSharedGenericMethods.MouseClick(UITestControl uiMenuItemTestControl) in c:\Builds\1\WebSphere\QATestAutomation\src\CodedUITest\SourceCode\Common\Logging\SharedMethods_Generic.cs:line 790
&lt;ERROR&gt;[5/15/2018 1:14:07 AM]&lt;Error&gt;AllBrowserWindow : failed executing ...Unable to find Windows Internet Explorer window with 'Shopping Cart - Microsoft Internet Explorer provided by Horizon Hobby' in the title.
&lt;FAIL&gt;&lt;SecondCheckoutButtonSignedInUser&gt;&lt;First checkout button exists when there is atleast 1 item in the cart&gt;.Assert.AreEqual failed. Expected:&lt;True&gt;. Actual:&lt;False&gt;. 
    StackTrace:
    SecondCheckoutButtonSignedInUser(),CartDisplay.cs,Line Number:3810
&lt;FAIL&gt;&lt;SecondCheckoutButtonSignedInUser&gt;&lt;Second checkout button exists when there is atleast 1 item in the cart&gt;.Assert.AreEqual failed. Expected:&lt;True&gt;. Actual:&lt;False&gt;. 
    StackTrace:
    SecondCheckoutButtonSignedInUser(),CartDisplay.cs,Line Number:3811
&lt;ERROR&gt;[5/15/2018 1:14:35 AM]&lt;Error&gt;AllBrowserWindow : failed executing ...Unable to find Windows Internet Explorer window with 'Shopping Cart - Microsoft Internet Explorer provided by Horizon Hobby' in the title.
&lt;ERROR&gt;[5/15/2018 1:14:37 AM]&lt;ERROR&gt;ClickSecondCheckoutButton : failed executing ...The playback failed to find the control with the given search properties. Additional Details: 
TechnologyName:  'Web'
ControlType:  'Hyperlink'
TagName:  'A'
Id:  'shopCart_checkoutTop'
 Failed to find any control that matched the search condition Id='shopCart_checkoutTop' &amp;&amp; ControlType='Hyperlink'
&lt;ERROR&gt;[5/15/2018 1:15:00 AM]&lt;Error&gt;AllBrowserWindow : failed executing ...Unable to find Windows Internet Explorer window with 'HorizonHobby - Shipping and Billing Display - Microsoft Internet Explorer provided by Horizon Hobby' in the title.
&lt;FAIL&gt;&lt;SecondCheckoutButtonSignedInUser&gt;&lt;On clicking on Second checkout button shipping &amp; billing method page appears &gt;.Assert.AreEqual failed. Expected:&lt;True&gt;. Actual:&lt;False&gt;. 
    StackTrace:
    SecondCheckoutButtonSignedInUser(),CartDisplay.cs,Line Number:3817
&lt;ERROR&gt;[5/15/2018 1:15:22 AM]&lt;Error&gt;AllBrowserWindow : failed executing ...Unable to find Windows Internet Explorer window with 'HorizonHobby - Shipping and Billing Display - Microsoft Internet Explorer provided by Horizon Hobby' in the title.
&lt;ERROR&gt;[5/15/2018 1:15:28 AM]&lt;ERROR&gt;SelectCheckoutPaymentRadiobutton : failed executing ...Index was out of range. Must be non-negative and less than the size of the collection.
Parameter name: index
&lt;ERROR&gt;[5/15/2018 1:15:50 AM]&lt;Error&gt;AllBrowserWindow : failed executing ...Unable to find Windows Internet Explorer window with 'HorizonHobby - Shipping and Billing Display - Microsoft Internet Explorer provided by Horizon Hobby' in the title.
&lt;ERROR&gt;[5/15/2018 1:15:55 AM]&lt;ERROR&gt;FillCreditCardDetails : failed executing ...The playback failed to find the control with the given search properties. Additional Details: 
TechnologyName:  'Web'
ControlType:  'Edit'
TagName:  'INPUT'
Class:  'cardEntry_cardNumInput'
 Failed to find any control that matched the search condition ControlType='Edit' &amp;&amp; Class=&gt;'cardEntry_cardNumInput'
&lt;ERROR&gt;[5/15/2018 1:16:18 AM]&lt;Error&gt;AllBrowserWindow : failed executing ...Unable to find Windows Internet Explorer window with 'HorizonHobby - Shipping and Billing Display - Microsoft Internet Explorer provided by Horizon Hobby' in the title.
&lt;ERROR&gt;[5/15/2018 1:16:23 AM]&lt;ERROR&gt;ClickReviewOrder : failed executing ...The playback failed to find the control with the given search properties. Additional Details: 
TechnologyName:  'Web'
ControlType:  'Hyperlink'
TagName:  'A'
Id:  'shippingBillingPageNextPrepareCall'
 Failed to find any control that matched the search condition Id='shippingBillingPageNextPrepareCall' &amp;&amp; ControlType='Hyperlink'
&lt;ERROR&gt;[5/15/2018 1:16:46 AM]&lt;Error&gt;AllBrowserWindow : failed executing ...Unable to find Windows Internet Explorer window with 'HorizonHobby - Shipping and Billing Display - Microsoft Internet Explorer provided by Horizon Hobby' in the title.
&lt;ERROR&gt;[5/15/2018 1:16:51 AM]&lt;ERROR&gt;PlaceOrderCreditCard : failed executing ...The playback failed to find the control with the given search properties. Additional Details: 
TechnologyName:  'Web'
ControlType:  'Hyperlink'
TagName:  'A'
Id:  'shippingBillingPageNextGCTotal'
 Failed to find any control that matched the search condition Id='shippingBillingPageNextGCTotal' &amp;&amp; ControlType='Hyperlink'
&lt;ERROR&gt;[5/15/2018 1:17:13 AM]&lt;Error&gt;AllBrowserWindow : failed executing ...Unable to find Windows Internet Explorer window with 'HorizonHobby - Order Confirmation - Microsoft Internet Explorer provided by Horizon Hobby' in the title.
&lt;ERROR&gt;[5/15/2018 1:17:41 AM]&lt;Error&gt;AllBrowserWindow : failed executing ...Unable to find Windows Internet Explorer window with 'HorizonHobby - Order Confirmation - Microsoft Internet Explorer provided by Horizon Hobby' in the title.
&lt;ERROR&gt;[5/15/2018 1:18:49 AM]&lt;ERROR&gt;OrderConfirmation : failed executing ...The playback failed to find the control with the given search properties. Additional Details: 
TechnologyName:  'Web'
ControlType:  'Pane'
TagName:  'SPAN'
Class:  'cart_orderConfirm_ordNumValue'
 Failed to find any control that matched the search condition ControlType='Pane' &amp;&amp; Class='cart_orderConfirm_ordNumValue'
&lt;ERROR&gt;[5/15/2018 1:19:12 AM]&lt;Error&gt;AllBrowserWindow : failed executing ...Unable to find Windows Internet Explorer window with 'HorizonHobby - Order Confirmation - Microsoft Internet Explorer provided by Horizon Hobby' in the title.
&lt;ERROR&gt;[5/15/2018 1:19:15 AM]&lt;ERROR&gt;SingleProductOrderAmountValidation : failed executing ...The playback failed to find the control with the given search properties. Additional Details: 
TechnologyName:  'Web'
ControlType:  'Pane'
TagName:  'SPAN'
Class:  'cart_orderConfirm_ordNumValue'
 Failed to find any control that matched the search condition ControlType='Pane' &amp;&amp; Class='cart_orderConfirm_ordNumValue'</Message>
          <StackTrace>   at TestAuto.LoggingAndSharedGenericMethods.EndTest() in c:\Builds\1\WebSphere\QATestAutomation\src\CodedUITest\SourceCode\Common\Logging\Logging.cs:line 1628
   at TestAuto.CartDisplayTest.TestCleanup() in c:\Builds\1\WebSphere\QATestAutomation\src\CodedUITest\SourceCode\HHobby\CartDisplay\CartDisplay.cs:line 5472
</StackTrace>
        </ErrorInfo>
        <TextMessages>
          <Message>[5/15/2018 1:09:28 AM]&lt;STARTLOG&gt;&lt;SecondCheckoutButtonSignedInUser&gt;Test Started: Expecting: #PASS=Undefined and #FAIL=0
Running from MTM=True, running on machine name:CMP01-YKUMAR, user name=ykumar, OS=Microsoft Windows NT 6.1.7601 Service Pack 1, Is64BitOS=True</Message>
          <Message>[5/15/2018 1:09:29 AM]&lt;INFO&gt;LogCPUAndMemoryUsage: Available Memory = 25137(MB), CPU Usage = 35.5648%</Message>
          <Message>[5/15/2018 1:09:29 AM]&lt;INFO&gt;Private Working Set for QTAgent32_40, usage=266812 (K)</Message>
          <Message>[5/15/2018 1:09:29 AM]&lt;INFO&gt;Path To TestConfig xml=C:\Users\ykumar\AppData\Local\VSEQT\QTAgent\26974\CMP01-YKUMAR.horizonhobby.com\Deployment\SharedCommonConfig.xml</Message>
          <Message>[5/15/2018 1:09:29 AM]&lt;INFO&gt;Path To TestData xml=C:\Users\ykumar\AppData\Local\VSEQT\QTAgent\26974\CMP01-YKUMAR.horizonhobby.com\Deployment\CartDisplayTestData_010928.xml</Message>
          <Message>[5/15/2018 1:09:29 AM]&lt;INFO&gt;Path To HorizonHobbyQA Application Url=https://www-tst.horizonhobby.com</Message>
          <Message>[5/15/2018 1:09:29 AM]&lt;INFO&gt;HorizonHobbyQA sql connection string=Server=cmp02-ws-tst-db01:50000;Database=TST01DB;UID=wcdbuser;PWD=h0r1z0n;Connect Timeout=30</Message>
          <Message>[5/15/2018 1:09:29 AM]&lt;INFO&gt;Country is := US and language id is := '-1'</Message>
          <Message>[5/15/2018 1:09:29 AM]&lt;INFO&gt;Current browser used for test execution is = 'IE'</Message>
          <Message>[5/15/2018 1:09:48 AM]&lt;Info&gt;AllBrowserWindow : Locating browser window...</Message>
          <Message>[5/15/2018 1:09:49 AM]&lt;INFO&gt;SurveyWindow : method executing ...</Message>
          <Message>[5/15/2018 1:09:56 AM]&lt;INFO&gt;ContinueOnCertificationErrorClickexecuting ...</Message>
          <Message>[5/15/2018 1:09:56 AM]&lt;Info&gt;DEAllBrowserWindow : Locating browser window...</Message>
          <Message>[5/15/2018 1:10:00 AM]&lt;INFO&gt;UserRegistration : method executing ...</Message>
          <Message>[5/15/2018 1:10:00 AM]&lt;Info&gt;AllBrowserWindow : Locating browser window...</Message>
          <Message>[5/15/2018 1:10:15 AM]&lt;Info&gt;AllBrowserWindow : Locating browser window...</Message>
          <Message>[5/15/2018 1:10:30 AM]&lt;INFO&gt;CartIconClickexecuting ...</Message>
          <Message>[5/15/2018 1:10:35 AM]&lt;INFO&gt;GoToCartClickexecuting ...</Message>
          <Message>[5/15/2018 1:10:46 AM]&lt;INFO&gt;ContinueOnCertificationErrorClickexecuting ...</Message>
          <Message>[5/15/2018 1:10:54 AM]&lt;Info&gt;AllBrowserWindow : Locating browser window...</Message>
          <Message>Assert.Fail failed. [5/15/2018 1:11:17 AM]&lt;Error&gt;AllBrowserWindow : failed executing ...Unable to find Windows Internet Explorer window with 'Shopping Cart - Microsoft Internet Explorer provided by Horizon Hobby' in the title., 
    StackTrace:
    AllBrowserWindow(),SharedBorderFree.cs,Line Number:1037
    SecondCheckoutButtonSignedInUser(),CartDisplay.cs,Line Number:3796</Message>
          <Message>[5/15/2018 1:11:17 AM]&lt;CaptureImage&gt;\\CMP01-YKumar\AutoLog\CMP01-YKUMAR\SecondCheckoutButtonSignedInUser_20180515011117.png</Message>
          <Message>[5/15/2018 1:11:19 AM]&lt;PASS&gt;&lt;SecondCheckoutButtonSignedInUser&gt;&lt;First checkout button does not exist for empty cart&gt;</Message>
          <Message>[5/15/2018 1:11:22 AM]&lt;PASS&gt;&lt;SecondCheckoutButtonSignedInUser&gt;&lt;Second checkout button does not exist for empty cart&gt;</Message>
          <Message>[5/15/2018 1:11:22 AM]&lt;INFO&gt;SearchProductexecuting ... Searching term:= 'TRA5873'</Message>
          <Message>Assert.Fail failed. [5/15/2018 1:11:24 AM]&lt;ERROR&gt;SearchProduct := TRA5873 : failed executing ...The playback failed to find the control with the given search properties. Additional Details: 
TechnologyName:  'Web'
ControlType:  'Edit'
TagName:  'INPUT'
Id:  'SimpleSearchForm_SearchTerm'
 Failed to find any control that matched the search condition ControlType='Edit' &amp;&amp; Id=&gt;'SimpleSearchForm_SearchTerm', 
    StackTrace:
    SearchProduct(),SharedApplicationCommon.cs,Line Number:697
    CommonWorkflowComplete(),SharedApplicationCommon.cs,Line Number:1940
    CommonWorkflowComplete(),SharedApplicationCommon.cs,Line Number:2055
    SecondCheckoutButtonSignedInUser(),CartDisplay.cs,Line Number:3804</Message>
          <Message>[5/15/2018 1:11:24 AM]&lt;CaptureImage&gt;\\CMP01-YKumar\AutoLog\CMP01-YKUMAR\SecondCheckoutButtonSignedInUser_20180515011124.png</Message>
          <Message>[5/15/2018 1:11:24 AM]&lt;Info&gt;AllBrowserWindow : Locating browser window...</Message>
          <Message>[5/15/2018 1:11:47 AM]&lt;Info&gt;AllBrowserWindow : Locating browser window...</Message>
          <Message>[5/15/2018 1:13:19 AM]&lt;INFO&gt;BackOrderClickexecuting ...</Message>
          <Message>Assert.Fail failed. [5/15/2018 1:13:24 AM]&lt;ERROR&gt;BackOrderClick : failed executing ...The playback failed to find the control with the given search properties. Additional Details: 
TechnologyName:  'Web'
ControlType:  'Hyperlink'
TagName:  'A'
Id:  'add2CartBtn'
 Failed to find any control that matched the search condition Id='add2CartBtn' &amp;&amp; ControlType='Hyperlink', 
    StackTrace:
    BackOrderClick(),SharedProductPage.cs,Line Number:498
    BackOrderClick(),SharedProductPage.cs,Line Number:505
    CommonWorkflowComplete(),SharedApplicationCommon.cs,Line Number:1948
    CommonWorkflowComplete(),SharedApplicationCommon.cs,Line Number:2055
    SecondCheckoutButtonSignedInUser(),CartDisplay.cs,Line Number:3804</Message>
          <Message>[5/15/2018 1:13:24 AM]&lt;CaptureImage&gt;\\CMP01-YKumar\AutoLog\CMP01-YKUMAR\SecondCheckoutButtonSignedInUser_20180515011324.png</Message>
          <Message>[5/15/2018 1:13:27 AM]&lt;INFO&gt;GoToCartClickexecuting ...</Message>
          <Message>Assert.Fail failed. [5/15/2018 1:13:40 AM]&lt;ERROR&gt;MouseClick Exception:Microsoft.VisualStudio.TestTools.UITest.Extension.UITestControlNotFoundException: The playback failed to find the control with the given search properties. Additional Details: 
TechnologyName:  'Web'
ControlType:  'Hyperlink'
TagName:  'A'
Id:  'GotoCartButton1'
Class:  'button'
InnerText:  'Go to Cart'
 Failed to find any control that matched the search condition Id='GotoCartButton1' &amp;&amp; ControlType='Hyperlink' &amp;&amp; Class='button' &amp;&amp; InnerText='Go to Cart' ---&gt; System.Runtime.InteropServices.COMException: Error HRESULT E_FAIL has been returned from a call to a COM component.
   at Microsoft.VisualStudio.TestTools.UITest.Playback.Engine.IScreenElement.FindAllDescendants(String bstrQueryId, Object&amp; pvarResKeys, Int32 cResKeys, Int32 nMaxDepth)
   at Microsoft.VisualStudio.TestTools.UITest.Playback.ScreenElement.FindAllScreenElement(String queryId, Int32 depth, Boolean singleQueryId, Boolean throwException, Boolean resetSkipStep)
   at Microsoft.VisualStudio.TestTools.UITest.Playback.ScreenElement.FindScreenElement(String queryId, Int32 depth, Boolean resetSkipStep)
   at Microsoft.VisualStudio.TestTools.UITesting.UITestControl.FindFirstDescendant(String queryId, Int32 maxDepth, Int32&amp; timeLeft)
   --- End of inner exception stack trace ---
   at Microsoft.VisualStudio.TestTools.UITesting.Playback.MapControlNotFoundException(COMException ex, IPlaybackContext context)
   at Microsoft.VisualStudio.TestTools.UITesting.Playback.MapAndThrowComException(COMException innerException, IPlaybackContext context)
   at Microsoft.VisualStudio.TestTools.UITesting.Playback.MapAndThrowException(SystemException exception, IPlaybackContext context)
   at Microsoft.VisualStudio.TestTools.UITesting.Playback.MapAndThrowException(SystemException exception, String queryId)
   at Microsoft.VisualStudio.TestTools.UITesting.UITestControl.FindFirstDescendant(String queryId, Int32 maxDepth, Int32&amp; timeLeft)
   at Microsoft.VisualStudio.TestTools.UITesting.SearchHelper.GetUITestControlRecursive(Boolean useCache, Boolean alwaysSearch, ISearchArgument searchArg, IList`1 windowTitles, Int32&amp; timeLeft)
   at Microsoft.VisualStudio.TestTools.UITesting.SearchHelper.GetElement(Boolean useCache, ISearchArgument searchArg)
   at Microsoft.VisualStudio.TestTools.UITesting.SearchHelper.Search(ISearchArgument searchArg)
   at Microsoft.VisualStudio.TestTools.UITesting.UITestControl.FindInternal()
   at Microsoft.VisualStudio.TestTools.UITesting.UITestControl.&lt;Find&gt;b__3a()
   at Microsoft.VisualStudio.TestTools.UITesting.CodedUITestMethodInvoker.InvokeMethod[T](Func`1 function, UITestControl control, Boolean firePlaybackErrorEvent, Boolean logAsAction)
   at Microsoft.VisualStudio.TestTools.UITesting.UITestControl.Find()
   at Microsoft.VisualStudio.TestTools.UITesting.UITestControl.GetPropertyPrivate(String propertyName)
   at Microsoft.VisualStudio.TestTools.UITesting.UITestControl.GetPropertyOfType[T](String propertyName)
   at Microsoft.VisualStudio.TestTools.UITesting.UITestControl.get_Name()
   at TestAuto.LoggingAndSharedGenericMethods.MouseClick(UITestControl uiMenuItemTestControl) in c:\Builds\1\WebSphere\QATestAutomation\src\CodedUITest\SourceCode\Common\Logging\SharedMethods_Generic.cs:line 790, 
    StackTrace:
    MouseClick(),SharedMethods_Generic.cs,Line Number:822
    GoToCartClick(),SharedCartPopUp.cs,Line Number:101
    CommonWorkflowComplete(),SharedApplicationCommon.cs,Line Number:1956
    CommonWorkflowComplete(),SharedApplicationCommon.cs,Line Number:2055
    SecondCheckoutButtonSignedInUser(),CartDisplay.cs,Line Number:3804</Message>
          <Message>[5/15/2018 1:13:40 AM]&lt;CaptureImage&gt;\\CMP01-YKumar\AutoLog\CMP01-YKUMAR\SecondCheckoutButtonSignedInUser_20180515011340.png</Message>
          <Message>[5/15/2018 1:13:45 AM]&lt;Info&gt;AllBrowserWindow : Locating browser window...</Message>
          <Message>Assert.Fail failed. [5/15/2018 1:14:07 AM]&lt;Error&gt;AllBrowserWindow : failed executing ...Unable to find Windows Internet Explorer window with 'Shopping Cart - Microsoft Internet Explorer provided by Horizon Hobby' in the title., 
    StackTrace:
    AllBrowserWindow(),SharedBorderFree.cs,Line Number:1037
    SecondCheckoutButtonSignedInUser(),CartDisplay.cs,Line Number:3808</Message>
          <Message>[5/15/2018 1:14:07 AM]&lt;CaptureImage&gt;\\CMP01-YKumar\AutoLog\CMP01-YKUMAR\SecondCheckoutButtonSignedInUser_20180515011407.png</Message>
          <Message>[5/15/2018 1:14:10 AM]&lt;FAIL&gt;&lt;SecondCheckoutButtonSignedInUser&gt;&lt;First checkout button exists when there is atleast 1 item in the cart&gt;.Assert.AreEqual failed. Expected:&lt;True&gt;. Actual:&lt;False&gt;. 
    StackTrace:
    SecondCheckoutButtonSignedInUser(),CartDisplay.cs,Line Number:3810</Message>
          <Message>[5/15/2018 1:14:10 AM]&lt;CaptureImage&gt;\\CMP01-YKumar\AutoLog\CMP01-YKUMAR\SecondCheckoutButtonSignedInUser_20180515011410.png</Message>
          <Message>[5/15/2018 1:14:12 AM]&lt;FAIL&gt;&lt;SecondCheckoutButtonSignedInUser&gt;&lt;Second checkout button exists when there is atleast 1 item in the cart&gt;.Assert.AreEqual failed. Expected:&lt;True&gt;. Actual:&lt;False&gt;. 
    StackTrace:
    SecondCheckoutButtonSignedInUser(),CartDisplay.cs,Line Number:3811</Message>
          <Message>[5/15/2018 1:14:12 AM]&lt;CaptureImage&gt;\\CMP01-YKumar\AutoLog\CMP01-YKUMAR\SecondCheckoutButtonSignedInUser_20180515011412.png</Message>
          <Message>[5/15/2018 1:14:12 AM]&lt;INFO&gt;ClickSecondCheckoutButtonexecuting ...</Message>
          <Message>[5/15/2018 1:14:12 AM]&lt;Info&gt;AllBrowserWindow : Locating browser window...</Message>
          <Message>Assert.Fail failed. [5/15/2018 1:14:35 AM]&lt;Error&gt;AllBrowserWindow : failed executing ...Unable to find Windows Internet Explorer window with 'Shopping Cart - Microsoft Internet Explorer provided by Horizon Hobby' in the title., 
    StackTrace:
    AllBrowserWindow(),SharedBorderFree.cs,Line Number:1037
    ClickSecondCheckoutButton(),SharedShoppingCart.cs,Line Number:562
    CommonWorkflowComplete(),SharedApplicationCommon.cs,Line Number:1960
    CommonWorkflowComplete(),SharedApplicationCommon.cs,Line Number:2059
    SecondCheckoutButtonSignedInUser(),CartDisplay.cs,Line Number:3813</Message>
          <Message>[5/15/2018 1:14:35 AM]&lt;CaptureImage&gt;\\CMP01-YKumar\AutoLog\CMP01-YKUMAR\SecondCheckoutButtonSignedInUser_20180515011435.png</Message>
          <Message>Assert.Fail failed. [5/15/2018 1:14:37 AM]&lt;ERROR&gt;ClickSecondCheckoutButton : failed executing ...The playback failed to find the control with the given search properties. Additional Details: 
TechnologyName:  'Web'
ControlType:  'Hyperlink'
TagName:  'A'
Id:  'shopCart_checkoutTop'
 Failed to find any control that matched the search condition Id='shopCart_checkoutTop' &amp;&amp; ControlType='Hyperlink', 
    StackTrace:
    ClickSecondCheckoutButton(),SharedShoppingCart.cs,Line Number:569
    CommonWorkflowComplete(),SharedApplicationCommon.cs,Line Number:1960
    CommonWorkflowComplete(),SharedApplicationCommon.cs,Line Number:2059
    SecondCheckoutButtonSignedInUser(),CartDisplay.cs,Line Number:3813</Message>
          <Message>[5/15/2018 1:14:37 AM]&lt;CaptureImage&gt;\\CMP01-YKumar\AutoLog\CMP01-YKUMAR\SecondCheckoutButtonSignedInUser_20180515011437.png</Message>
          <Message>[5/15/2018 1:14:37 AM]&lt;Info&gt;AllBrowserWindow : Locating browser window...</Message>
          <Message>Assert.Fail failed. [5/15/2018 1:15:00 AM]&lt;Error&gt;AllBrowserWindow : failed executing ...Unable to find Windows Internet Explorer window with 'HorizonHobby - Shipping and Billing Display - Microsoft Internet Explorer provided by Horizon Hobby' in the title., 
    StackTrace:
    AllBrowserWindow(),SharedBorderFree.cs,Line Number:1037
    SecondCheckoutButtonSignedInUser(),CartDisplay.cs,Line Number:3815</Message>
          <Message>[5/15/2018 1:15:00 AM]&lt;CaptureImage&gt;\\CMP01-YKumar\AutoLog\CMP01-YKUMAR\SecondCheckoutButtonSignedInUser_20180515011500.png</Message>
          <Message>[5/15/2018 1:15:00 AM]&lt;FAIL&gt;&lt;SecondCheckoutButtonSignedInUser&gt;&lt;On clicking on Second checkout button shipping &amp; billing method page appears &gt;.Assert.AreEqual failed. Expected:&lt;True&gt;. Actual:&lt;False&gt;. 
    StackTrace:
    SecondCheckoutButtonSignedInUser(),CartDisplay.cs,Line Number:3817</Message>
          <Message>[5/15/2018 1:15:00 AM]&lt;CaptureImage&gt;\\CMP01-YKumar\AutoLog\CMP01-YKUMAR\SecondCheckoutButtonSignedInUser_20180515011500.png</Message>
          <Message>[5/15/2018 1:15:00 AM]&lt;INFO&gt;SelectCheckoutPaymentRadiobutton : method executing</Message>
          <Message>[5/15/2018 1:15:00 AM]&lt;INFO&gt;CheckoutCreditCardShippingAndBillingControls : method executing</Message>
          <Message>[5/15/2018 1:15:00 AM]&lt;Info&gt;AllBrowserWindow : Locating browser window...</Message>
          <Message>Assert.Fail failed. [5/15/2018 1:15:22 AM]&lt;Error&gt;AllBrowserWindow : failed executing ...Unable to find Windows Internet Explorer window with 'HorizonHobby - Shipping and Billing Display - Microsoft Internet Explorer provided by Horizon Hobby' in the title., 
    StackTrace:
    AllBrowserWindow(),SharedBorderFree.cs,Line Number:1037
    CheckoutCreditCardShippingAndBillingControls(),SharedCheckoutCreditCard.cs,Line Number:66
    SelectCheckoutPaymentRadiobutton(),SharedCheckoutCreditCard.cs,Line Number:514
    CommonWorkflowComplete(),SharedApplicationCommon.cs,Line Number:1990
    CommonWorkflowComplete(),SharedApplicationCommon.cs,Line Number:2059
    SecondCheckoutButtonSignedInUser(),CartDisplay.cs,Line Number:3820</Message>
          <Message>[5/15/2018 1:15:22 AM]&lt;CaptureImage&gt;\\CMP01-YKumar\AutoLog\CMP01-YKUMAR\SecondCheckoutButtonSignedInUser_20180515011522.png</Message>
          <Message>Assert.Fail failed. [5/15/2018 1:15:28 AM]&lt;ERROR&gt;SelectCheckoutPaymentRadiobutton : failed executing ...Index was out of range. Must be non-negative and less than the size of the collection.
Parameter name: index, 
    StackTrace:
    SelectCheckoutPaymentRadiobutton(),SharedCheckoutCreditCard.cs,Line Number:539
    CommonWorkflowComplete(),SharedApplicationCommon.cs,Line Number:1990
    CommonWorkflowComplete(),SharedApplicationCommon.cs,Line Number:2059
    SecondCheckoutButtonSignedInUser(),CartDisplay.cs,Line Number:3820</Message>
          <Message>[5/15/2018 1:15:28 AM]&lt;CaptureImage&gt;\\CMP01-YKumar\AutoLog\CMP01-YKUMAR\SecondCheckoutButtonSignedInUser_20180515011528.png</Message>
          <Message>[5/15/2018 1:15:28 AM]&lt;INFO&gt;FillCreditCardDetails : method executing</Message>
          <Message>[5/15/2018 1:15:28 AM]&lt;INFO&gt;CheckoutCreditCardShippingAndBillingControls : method executing</Message>
          <Message>[5/15/2018 1:15:28 AM]&lt;Info&gt;AllBrowserWindow : Locating browser window...</Message>
          <Message>Assert.Fail failed. [5/15/2018 1:15:50 AM]&lt;Error&gt;AllBrowserWindow : failed executing ...Unable to find Windows Internet Explorer window with 'HorizonHobby - Shipping and Billing Display - Microsoft Internet Explorer provided by Horizon Hobby' in the title., 
    StackTrace:
    AllBrowserWindow(),SharedBorderFree.cs,Line Number:1037
    CheckoutCreditCardShippingAndBillingControls(),SharedCheckoutCreditCard.cs,Line Number:66
    FillCreditCardDetails(),SharedCheckoutCreditCard.cs,Line Number:551
    CommonWorkflowComplete(),SharedApplicationCommon.cs,Line Number:1984
    CommonWorkflowComplete(),SharedApplicationCommon.cs,Line Number:2059
    SecondCheckoutButtonSignedInUser(),CartDisplay.cs,Line Number:3820</Message>
          <Message>[5/15/2018 1:15:50 AM]&lt;CaptureImage&gt;\\CMP01-YKumar\AutoLog\CMP01-YKUMAR\SecondCheckoutButtonSignedInUser_20180515011550.png</Message>
          <Message>Assert.Fail failed. [5/15/2018 1:15:55 AM]&lt;ERROR&gt;FillCreditCardDetails : failed executing ...The playback failed to find the control with the given search properties. Additional Details: 
TechnologyName:  'Web'
ControlType:  'Edit'
TagName:  'INPUT'
Class:  'cardEntry_cardNumInput'
 Failed to find any control that matched the search condition ControlType='Edit' &amp;&amp; Class=&gt;'cardEntry_cardNumInput', 
    StackTrace:
    FillCreditCardDetails(),SharedCheckoutCreditCard.cs,Line Number:570
    CommonWorkflowComplete(),SharedApplicationCommon.cs,Line Number:1984
    CommonWorkflowComplete(),SharedApplicationCommon.cs,Line Number:2059
    SecondCheckoutButtonSignedInUser(),CartDisplay.cs,Line Number:3820</Message>
          <Message>[5/15/2018 1:15:55 AM]&lt;CaptureImage&gt;\\CMP01-YKumar\AutoLog\CMP01-YKUMAR\SecondCheckoutButtonSignedInUser_20180515011555.png</Message>
          <Message>[5/15/2018 1:15:55 AM]&lt;INFO&gt;ClickReviewOrder : method executing</Message>
          <Message>[5/15/2018 1:15:55 AM]&lt;INFO&gt;CheckoutCreditCardShippingAndBillingControls : method executing</Message>
          <Message>[5/15/2018 1:15:55 AM]&lt;Info&gt;AllBrowserWindow : Locating browser window...</Message>
          <Message>Assert.Fail failed. [5/15/2018 1:16:18 AM]&lt;Error&gt;AllBrowserWindow : failed executing ...Unable to find Windows Internet Explorer window with 'HorizonHobby - Shipping and Billing Display - Microsoft Internet Explorer provided by Horizon Hobby' in the title., 
    StackTrace:
    AllBrowserWindow(),SharedBorderFree.cs,Line Number:1037
    CheckoutCreditCardShippingAndBillingControls(),SharedCheckoutCreditCard.cs,Line Number:66
    ClickReviewOrder(),SharedCheckoutCreditCard.cs,Line Number:582
    CommonWorkflowComplete(),SharedApplicationCommon.cs,Line Number:1996
    CommonWorkflowComplete(),SharedApplicationCommon.cs,Line Number:2059
    SecondCheckoutButtonSignedInUser(),CartDisplay.cs,Line Number:3820</Message>
          <Message>[5/15/2018 1:16:18 AM]&lt;CaptureImage&gt;\\CMP01-YKumar\AutoLog\CMP01-YKUMAR\SecondCheckoutButtonSignedInUser_20180515011618.png</Message>
          <Message>Assert.Fail failed. [5/15/2018 1:16:23 AM]&lt;ERROR&gt;ClickReviewOrder : failed executing ...The playback failed to find the control with the given search properties. Additional Details: 
TechnologyName:  'Web'
ControlType:  'Hyperlink'
TagName:  'A'
Id:  'shippingBillingPageNextPrepareCall'
 Failed to find any control that matched the search condition Id='shippingBillingPageNextPrepareCall' &amp;&amp; ControlType='Hyperlink', 
    StackTrace:
    ClickReviewOrder(),SharedCheckoutCreditCard.cs,Line Number:605
    CommonWorkflowComplete(),SharedApplicationCommon.cs,Line Number:1996
    CommonWorkflowComplete(),SharedApplicationCommon.cs,Line Number:2059
    SecondCheckoutButtonSignedInUser(),CartDisplay.cs,Line Number:3820</Message>
          <Message>[5/15/2018 1:16:23 AM]&lt;CaptureImage&gt;\\CMP01-YKumar\AutoLog\CMP01-YKUMAR\SecondCheckoutButtonSignedInUser_20180515011623.png</Message>
          <Message>[5/15/2018 1:16:23 AM]&lt;INFO&gt;PlaceOrderCreditCard : method executing</Message>
          <Message>[5/15/2018 1:16:23 AM]&lt;INFO&gt;CheckoutCreditCardShippingAndBillingControls : method executing</Message>
          <Message>[5/15/2018 1:16:23 AM]&lt;Info&gt;AllBrowserWindow : Locating browser window...</Message>
          <Message>Assert.Fail failed. [5/15/2018 1:16:46 AM]&lt;Error&gt;AllBrowserWindow : failed executing ...Unable to find Windows Internet Explorer window with 'HorizonHobby - Shipping and Billing Display - Microsoft Internet Explorer provided by Horizon Hobby' in the title., 
    StackTrace:
    AllBrowserWindow(),SharedBorderFree.cs,Line Number:1037
    CheckoutCreditCardShippingAndBillingControls(),SharedCheckoutCreditCard.cs,Line Number:66
    PlaceOrderCreditCard(),SharedCheckoutCreditCard.cs,Line Number:683
    PlaceOrder(),SharedCheckoutCreditCard.cs,Line Number:630
    PlaceOrder(),SharedCheckoutCreditCard.cs,Line Number:615
    CommonWorkflowComplete(),SharedApplicationCommon.cs,Line Number:2009
    CommonWorkflowComplete(),SharedApplicationCommon.cs,Line Number:2059
    SecondCheckoutButtonSignedInUser(),CartDisplay.cs,Line Number:3820</Message>
          <Message>[5/15/2018 1:16:46 AM]&lt;CaptureImage&gt;\\CMP01-YKumar\AutoLog\CMP01-YKUMAR\SecondCheckoutButtonSignedInUser_20180515011646.png</Message>
          <Message>Assert.Fail failed. [5/15/2018 1:16:51 AM]&lt;ERROR&gt;PlaceOrderCreditCard : failed executing ...The playback failed to find the control with the given search properties. Additional Details: 
TechnologyName:  'Web'
ControlType:  'Hyperlink'
TagName:  'A'
Id:  'shippingBillingPageNextGCTotal'
 Failed to find any control that matched the search condition Id='shippingBillingPageNextGCTotal' &amp;&amp; ControlType='Hyperlink', 
    StackTrace:
    PlaceOrderCreditCard(),SharedCheckoutCreditCard.cs,Line Number:758
    PlaceOrder(),SharedCheckoutCreditCard.cs,Line Number:630
    PlaceOrder(),SharedCheckoutCreditCard.cs,Line Number:615
    CommonWorkflowComplete(),SharedApplicationCommon.cs,Line Number:2009
    CommonWorkflowComplete(),SharedApplicationCommon.cs,Line Number:2059
    SecondCheckoutButtonSignedInUser(),CartDisplay.cs,Line Number:3820</Message>
          <Message>[5/15/2018 1:16:51 AM]&lt;CaptureImage&gt;\\CMP01-YKumar\AutoLog\CMP01-YKUMAR\SecondCheckoutButtonSignedInUser_20180515011651.png</Message>
          <Message>[5/15/2018 1:16:51 AM]&lt;Info&gt;AllBrowserWindow : Locating browser window...</Message>
          <Message>Assert.Fail failed. [5/15/2018 1:17:13 AM]&lt;Error&gt;AllBrowserWindow : failed executing ...Unable to find Windows Internet Explorer window with 'HorizonHobby - Order Confirmation - Microsoft Internet Explorer provided by Horizon Hobby' in the title., 
    StackTrace:
    AllBrowserWindow(),SharedBorderFree.cs,Line Number:1037
    HandleGooglePrompt(),SharedCheckoutCreditCard.cs,Line Number:1365
    HandleGooglePrompt(),SharedCheckoutCreditCard.cs,Line Number:1390
    PlaceOrder(),SharedCheckoutCreditCard.cs,Line Number:631
    PlaceOrder(),SharedCheckoutCreditCard.cs,Line Number:615
    CommonWorkflowComplete(),SharedApplicationCommon.cs,Line Number:2009
    CommonWorkflowComplete(),SharedApplicationCommon.cs,Line Number:2059
    SecondCheckoutButtonSignedInUser(),CartDisplay.cs,Line Number:3820</Message>
          <Message>[5/15/2018 1:17:13 AM]&lt;CaptureImage&gt;\\CMP01-YKumar\AutoLog\CMP01-YKUMAR\SecondCheckoutButtonSignedInUser_20180515011713.png</Message>
          <Message>[5/15/2018 1:17:19 AM]&lt;INFO&gt;OrderConfirmation : method executing</Message>
          <Message>[5/15/2018 1:17:19 AM]&lt;INFO&gt;OrderConfirmationUIControls : method executing</Message>
          <Message>[5/15/2018 1:17:19 AM]&lt;Info&gt;AllBrowserWindow : Locating browser window...</Message>
          <Message>Assert.Fail failed. [5/15/2018 1:17:41 AM]&lt;Error&gt;AllBrowserWindow : failed executing ...Unable to find Windows Internet Explorer window with 'HorizonHobby - Order Confirmation - Microsoft Internet Explorer provided by Horizon Hobby' in the title., 
    StackTrace:
    AllBrowserWindow(),SharedBorderFree.cs,Line Number:1037
    OrderConfirmationUIControls(),SharedOrderedItems.cs,Line Number:39
    OrderConfirmation(),SharedOrderedItems.cs,Line Number:59
    SecondCheckoutButtonSignedInUser(),CartDisplay.cs,Line Number:3823</Message>
          <Message>[5/15/2018 1:17:41 AM]&lt;CaptureImage&gt;\\CMP01-YKumar\AutoLog\CMP01-YKUMAR\SecondCheckoutButtonSignedInUser_20180515011741.png</Message>
          <Message>[5/15/2018 1:17:41 AM]&lt;INFO&gt;SurveyWindow : method executing ...</Message>
          <Message>Assert.Fail failed. [5/15/2018 1:18:49 AM]&lt;ERROR&gt;OrderConfirmation : failed executing ...The playback failed to find the control with the given search properties. Additional Details: 
TechnologyName:  'Web'
ControlType:  'Pane'
TagName:  'SPAN'
Class:  'cart_orderConfirm_ordNumValue'
 Failed to find any control that matched the search condition ControlType='Pane' &amp;&amp; Class='cart_orderConfirm_ordNumValue', 
    StackTrace:
    OrderConfirmation(),SharedOrderedItems.cs,Line Number:69
    SecondCheckoutButtonSignedInUser(),CartDisplay.cs,Line Number:3823</Message>
          <Message>[5/15/2018 1:18:49 AM]&lt;CaptureImage&gt;\\CMP01-YKumar\AutoLog\CMP01-YKUMAR\SecondCheckoutButtonSignedInUser_20180515011849.png</Message>
          <Message>[5/15/2018 1:18:49 AM]&lt;INFO&gt;SingleProductOrderAmountValidation : method executing</Message>
          <Message>[5/15/2018 1:18:49 AM]&lt;INFO&gt;OrderConfirmationUIControls : method executing</Message>
          <Message>[5/15/2018 1:18:49 AM]&lt;Info&gt;AllBrowserWindow : Locating browser window...</Message>
          <Message>Assert.Fail failed. [5/15/2018 1:19:12 AM]&lt;Error&gt;AllBrowserWindow : failed executing ...Unable to find Windows Internet Explorer window with 'HorizonHobby - Order Confirmation - Microsoft Internet Explorer provided by Horizon Hobby' in the title., 
    StackTrace:
    AllBrowserWindow(),SharedBorderFree.cs,Line Number:1037
    OrderConfirmationUIControls(),SharedOrderedItems.cs,Line Number:39
    SingleProductOrderAmountValidation(),SharedOrderedItems.cs,Line Number:84
    SecondCheckoutButtonSignedInUser(),CartDisplay.cs,Line Number:3825</Message>
          <Message>[5/15/2018 1:19:12 AM]&lt;CaptureImage&gt;\\CMP01-YKumar\AutoLog\CMP01-YKUMAR\SecondCheckoutButtonSignedInUser_20180515011912.png</Message>
          <Message>Assert.Fail failed. [5/15/2018 1:19:15 AM]&lt;ERROR&gt;SingleProductOrderAmountValidation : failed executing ...The playback failed to find the control with the given search properties. Additional Details: 
TechnologyName:  'Web'
ControlType:  'Pane'
TagName:  'SPAN'
Class:  'cart_orderConfirm_ordNumValue'
 Failed to find any control that matched the search condition ControlType='Pane' &amp;&amp; Class='cart_orderConfirm_ordNumValue', 
    StackTrace:
    SingleProductOrderAmountValidation(),SharedOrderedItems.cs,Line Number:91
    SecondCheckoutButtonSignedInUser(),CartDisplay.cs,Line Number:3825</Message>
          <Message>[5/15/2018 1:19:15 AM]&lt;CaptureImage&gt;\\CMP01-YKumar\AutoLog\CMP01-YKUMAR\SecondCheckoutButtonSignedInUser_20180515011915.png</Message>
          <Message>[5/15/2018 1:19:15 AM]&lt;RESULT&gt;Test Ended:#PASS=2, #FAIL=3,#Other errors=21</Message>
          <Message>[5/15/2018 1:19:16 AM]&lt;INFO&gt;LogCPUAndMemoryUsage: Available Memory = 25143(MB), CPU Usage = 15.06439%</Message>
          <Message>[5/15/2018 1:19:16 AM]&lt;INFO&gt;Private Working Set for QTAgent32_40, usage=273320 (K)</Message>
          <Message>[5/15/2018 1:19:16 AM]&lt;RESULT&gt;&lt;SecondCheckoutButtonSignedInUser&gt; Test FAILED: Actual #FAIL=3, #Expected FAIL=0
#Other errors=21. See Error Message/logs for further details.</Message>
        </TextMessages>
      </Output>
    </UnitTestResult>
    <UnitTestResult executionId="0a184718-a01a-4201-9a44-8805ec8a7958" testId="d4fbc256-95d2-4162-ab66-62980f649e57" testName="SecondCheckoutButtonNonUSUser" computerName="CMP01-YKUMAR" duration="00:02:03.3417270" startTime="2018-05-15T01:19:18.7952310-05:00" endTime="2018-05-15T01:21:22.1462310-05:00" testType="13cdc9d9-ddb5-4fa4-a97d-d965ccfc6d4b" outcome="Failed" testListId="8c84fa94-04c1-424b-9868-57a2d4851a1d" relativeResultsDirectory="0a184718-a01a-4201-9a44-8805ec8a7958">
      <Output>
        <StdOut>Logging to custom path:\\CMP01-YKumar\AutoLog</StdOut>
        <ErrorInfo>
          <Message>Assert.Fail failed. 
#Other errors=1
[Error details below]
&lt;ERROR&gt;[5/15/2018 1:21:19 AM]&lt;ERROR&gt;SecondCheckoutButtonNonUSUser : failed executing ...The playback failed to find the control with the given search properties. Additional Details: 
TechnologyName:  'Web'
ControlType:  'Table'
TagName:  'TABLE'
Class:  'table table-unstyled table-order ng-scope'
 Failed to find any control that matched the search condition ControlType='Table' &amp;&amp; Class='table table-unstyled table-order ng-scope'</Message>
          <StackTrace>   at TestAuto.LoggingAndSharedGenericMethods.EndTest() in c:\Builds\1\WebSphere\QATestAutomation\src\CodedUITest\SourceCode\Common\Logging\Logging.cs:line 1628
   at TestAuto.CartDisplayTest.TestCleanup() in c:\Builds\1\WebSphere\QATestAutomation\src\CodedUITest\SourceCode\HHobby\CartDisplay\CartDisplay.cs:line 5472
</StackTrace>
        </ErrorInfo>
        <TextMessages>
          <Message>[5/15/2018 1:19:18 AM]&lt;STARTLOG&gt;&lt;SecondCheckoutButtonNonUSUser&gt;Test Started: Expecting: #PASS=Undefined and #FAIL=0
Running from MTM=True, running on machine name:CMP01-YKUMAR, user name=ykumar, OS=Microsoft Windows NT 6.1.7601 Service Pack 1, Is64BitOS=True</Message>
          <Message>[5/15/2018 1:19:19 AM]&lt;INFO&gt;LogCPUAndMemoryUsage: Available Memory = 25205(MB), CPU Usage = 36.6879%</Message>
          <Message>[5/15/2018 1:19:19 AM]&lt;INFO&gt;Private Working Set for QTAgent32_40, usage=273428 (K)</Message>
          <Message>[5/15/2018 1:19:19 AM]&lt;INFO&gt;Path To TestConfig xml=C:\Users\ykumar\AppData\Local\VSEQT\QTAgent\26974\CMP01-YKUMAR.horizonhobby.com\Deployment\SharedCommonConfig.xml</Message>
          <Message>[5/15/2018 1:19:19 AM]&lt;INFO&gt;Path To TestData xml=C:\Users\ykumar\AppData\Local\VSEQT\QTAgent\26974\CMP01-YKUMAR.horizonhobby.com\Deployment\CartDisplayTestData_011918.xml</Message>
          <Message>[5/15/2018 1:19:19 AM]&lt;INFO&gt;Path To HorizonHobbyQA Application Url=https://www-tst.horizonhobby.com</Message>
          <Message>[5/15/2018 1:19:19 AM]&lt;INFO&gt;HorizonHobbyQA sql connection string=Server=cmp02-ws-tst-db01:50000;Database=TST01DB;UID=wcdbuser;PWD=h0r1z0n;Connect Timeout=30</Message>
          <Message>[5/15/2018 1:19:19 AM]&lt;INFO&gt;Country is := US and language id is := '-1'</Message>
          <Message>[5/15/2018 1:19:19 AM]&lt;INFO&gt;Current browser used for test execution is = 'IE'</Message>
          <Message>[5/15/2018 1:19:33 AM]&lt;INFO&gt;SurveyWindow : method executing ...</Message>
          <Message>[5/15/2018 1:19:39 AM]&lt;INFO&gt;SurveyWindow : method executing ...</Message>
          <Message>[5/15/2018 1:19:49 AM]&lt;Info&gt;AllBrowserWindow : Locating browser window...</Message>
          <Message>[5/15/2018 1:19:49 AM]&lt;INFO&gt;CartIconClickexecuting ...</Message>
          <Message>[5/15/2018 1:19:54 AM]&lt;INFO&gt;GoToCartClickexecuting ...</Message>
          <Message>[5/15/2018 1:20:05 AM]&lt;INFO&gt;ContinueOnCertificationErrorClickexecuting ...</Message>
          <Message>[5/15/2018 1:20:12 AM]&lt;Info&gt;AllBrowserWindow : Locating browser window...</Message>
          <Message>[5/15/2018 1:20:21 AM]&lt;PASS&gt;&lt;SecondCheckoutButtonNonUSUser&gt;&lt;First checkout button does not exist for empty cart&gt;</Message>
          <Message>[5/15/2018 1:20:27 AM]&lt;PASS&gt;&lt;SecondCheckoutButtonNonUSUser&gt;&lt;Second checkout button does not exist for empty cart&gt;</Message>
          <Message>[5/15/2018 1:20:27 AM]&lt;INFO&gt;SearchProductexecuting ... Searching term:= 'ZEN262942002'</Message>
          <Message>[5/15/2018 1:20:34 AM]&lt;Info&gt;AllBrowserWindow : Locating browser window...</Message>
          <Message>[5/15/2018 1:20:34 AM]&lt;INFO&gt;BackOrderClickexecuting ...</Message>
          <Message>[5/15/2018 1:20:38 AM]&lt;INFO&gt;GoToCartClickexecuting ...</Message>
          <Message>[5/15/2018 1:20:52 AM]&lt;Info&gt;AllBrowserWindow : Locating browser window...</Message>
          <Message>[5/15/2018 1:21:00 AM]&lt;PASS&gt;&lt;SecondCheckoutButtonNonUSUser&gt;&lt;First checkout button exists when there is atleast 1 item in the cart&gt;</Message>
          <Message>[5/15/2018 1:21:00 AM]&lt;PASS&gt;&lt;SecondCheckoutButtonNonUSUser&gt;&lt;Second checkout button exists when there is atleast 1 item in the cart&gt;</Message>
          <Message>[5/15/2018 1:21:00 AM]&lt;INFO&gt;ClickSecondCheckoutButtonexecuting ...</Message>
          <Message>[5/15/2018 1:21:00 AM]&lt;Info&gt;AllBrowserWindow : Locating browser window...</Message>
          <Message>[5/15/2018 1:21:16 AM]&lt;PASS&gt;&lt;SecondCheckoutButtonNonUSUser&gt;&lt;Interrupt window did not appear for guest user on clicking checkout on shopping cart page&gt;</Message>
          <Message>[5/15/2018 1:21:16 AM]&lt;Info&gt;AllBrowserWindow : Locating browser window...</Message>
          <Message>Assert.Fail failed. [5/15/2018 1:21:19 AM]&lt;ERROR&gt;SecondCheckoutButtonNonUSUser : failed executing ...The playback failed to find the control with the given search properties. Additional Details: 
TechnologyName:  'Web'
ControlType:  'Table'
TagName:  'TABLE'
Class:  'table table-unstyled table-order ng-scope'
 Failed to find any control that matched the search condition ControlType='Table' &amp;&amp; Class='table table-unstyled table-order ng-scope', 
    StackTrace:
    SecondCheckoutButtonNonUSUser(),CartDisplay.cs,Line Number:3904</Message>
          <Message>[5/15/2018 1:21:19 AM]&lt;CaptureImage&gt;\\CMP01-YKumar\AutoLog\CMP01-YKUMAR\SecondCheckoutButtonNonUSUser_20180515012119.png</Message>
          <Message>[5/15/2018 1:21:19 AM]&lt;RESULT&gt;Test Ended:#PASS=5, #FAIL=0,#Other errors=1</Message>
          <Message>[5/15/2018 1:21:20 AM]&lt;INFO&gt;LogCPUAndMemoryUsage: Available Memory = 25103(MB), CPU Usage = 25.50952%</Message>
          <Message>[5/15/2018 1:21:20 AM]&lt;INFO&gt;Private Working Set for QTAgent32_40, usage=273704 (K)</Message>
          <Message>[5/15/2018 1:21:20 AM]&lt;RESULT&gt;&lt;SecondCheckoutButtonNonUSUser&gt; Test FAILED: #Other errors=1. See Error Message/logs for further details.</Message>
        </TextMessages>
      </Output>
      <ResultFiles>
        <ResultFile path="CMP01-YKUMAR.horizonhobby.com\CartDisplayTestData_011918.xml" />
        <ResultFile path="CMP01-YKUMAR.horizonhobby.com\SecondCheckoutButtonNonUSUser_20180515011918.log" />
        <ResultFile path="CMP01-YKUMAR.horizonhobby.com\SecondCheckoutButtonNonUSUser_20180515012119.png" />
        <ResultFile path="CMP01-YKUMAR.horizonhobby.com\SecondCheckoutButtonNonUSUser_ResultsONLY_20180515011918.log" />
        <ResultFile path="CMP01-YKUMAR.horizonhobby.com\SharedCommonConfig.xml" />
      </ResultFiles>
    </UnitTestResult>
    <UnitTestResult executionId="8f3c595f-2846-4342-8db4-e254b5e6ab83" testId="b0b77c4a-4f91-b581-b588-dd4bb8fe9b11" testName="AffirmPromotionMessageOnProductPage" computerName="CMP01-YKUMAR" duration="00:03:50.4359451" startTime="2018-05-15T01:21:22.1532310-05:00" endTime="2018-05-15T01:25:12.5992310-05:00" testType="13cdc9d9-ddb5-4fa4-a97d-d965ccfc6d4b" outcome="Passed" testListId="8c84fa94-04c1-424b-9868-57a2d4851a1d" relativeResultsDirectory="8f3c595f-2846-4342-8db4-e254b5e6ab83">
      <Output>
        <StdOut>Logging to custom path:\\CMP01-YKumar\AutoLog</StdOut>
        <TextMessages>
          <Message>[5/15/2018 1:21:22 AM]&lt;STARTLOG&gt;&lt;AffirmPromotionMessageOnProductPage&gt;Test Started: Expecting: #PASS=Undefined and #FAIL=0
Running from MTM=True, running on machine name:CMP01-YKUMAR, user name=ykumar, OS=Microsoft Windows NT 6.1.7601 Service Pack 1, Is64BitOS=True</Message>
          <Message>[5/15/2018 1:21:23 AM]&lt;INFO&gt;LogCPUAndMemoryUsage: Available Memory = 25073(MB), CPU Usage = 48.18149%</Message>
          <Message>[5/15/2018 1:21:23 AM]&lt;INFO&gt;Private Working Set for QTAgent32_40, usage=273844 (K)</Message>
          <Message>[5/15/2018 1:21:23 AM]&lt;INFO&gt;Path To TestConfig xml=C:\Users\ykumar\AppData\Local\VSEQT\QTAgent\26974\CMP01-YKUMAR.horizonhobby.com\Deployment\SharedCommonConfig.xml</Message>
          <Message>[5/15/2018 1:21:23 AM]&lt;INFO&gt;Path To TestData xml=C:\Users\ykumar\AppData\Local\VSEQT\QTAgent\26974\CMP01-YKUMAR.horizonhobby.com\Deployment\ProductPageTestData_012122.xml</Message>
          <Message>[5/15/2018 1:21:23 AM]&lt;INFO&gt;Path To HorizonHobbyQA Application Url=https://www-tst.horizonhobby.com</Message>
          <Message>[5/15/2018 1:21:23 AM]&lt;INFO&gt;HorizonHobbyQA sql connection string=Server=cmp02-ws-tst-db01:50000;Database=TST01DB;UID=wcdbuser;PWD=h0r1z0n;Connect Timeout=30</Message>
          <Message>[5/15/2018 1:21:23 AM]&lt;INFO&gt;Country is := US and language id is := '-1'</Message>
          <Message>[5/15/2018 1:21:23 AM]&lt;INFO&gt;Current browser used for test execution is = 'IE'</Message>
          <Message>[5/15/2018 1:21:26 AM]&lt;Info&gt;AllBrowserWindow : Locating browser window...</Message>
          <Message>[5/15/2018 1:21:30 AM]&lt;INFO&gt;SearchProductexecuting ... Searching term:= 'EFL108020'</Message>
          <Message>[5/15/2018 1:21:37 AM]&lt;Info&gt;AllBrowserWindow : Locating browser window...</Message>
          <Message>[5/15/2018 1:21:48 AM]&lt;PASS&gt;&lt;AffirmPromotionMessageOnProductPage&gt;&lt;Validate that Affirm as low as message isn't displayed for Item less than $50&gt;</Message>
          <Message>[5/15/2018 1:21:52 AM]&lt;INFO&gt;SearchProductexecuting ... Searching term:= 'ZEN848ES512A0'</Message>
          <Message>[5/15/2018 1:21:56 AM]&lt;Info&gt;AllBrowserWindow : Locating browser window...</Message>
          <Message>[5/15/2018 1:22:19 AM]&lt;Info&gt;AllBrowserWindow : Locating browser window...</Message>
          <Message>[5/15/2018 1:22:44 AM]&lt;Info&gt;AllBrowserWindow : Locating browser window...</Message>
          <Message>[5/15/2018 1:22:44 AM]&lt;INFO&gt;ClickSearchResultCell : No product found on search page with title ... :- Cylinder: G26AEi</Message>
          <Message>[5/15/2018 1:22:44 AM]&lt;CaptureImage&gt;\\CMP01-YKumar\AutoLog\CMP01-YKUMAR\AffirmPromotionMessageOnProductPage_20180515012244.png</Message>
          <Message>[5/15/2018 1:23:19 AM]&lt;PASS&gt;&lt;AffirmPromotionMessageOnProductPage&gt;&lt;Validate that Affirm as low as message isn't displayed for Back Order Items&gt;</Message>
          <Message>[5/15/2018 1:23:22 AM]&lt;INFO&gt;System.Data.DataTable GetProductConditional(ProductStockStatusType, PriceCondition, System.String, System.String, System.String, System.String, System.String, System.String, Boolean) : No record found for price condition - 'PriceRange-&gt; 50-1000' ; and stock condition - 'PreOrder'</Message>
          <Message>[5/15/2018 1:23:22 AM]&lt;INFO&gt;SearchProductexecuting ... Searching term:= 'SAI72BGK17'</Message>
          <Message>[5/15/2018 1:23:31 AM]&lt;Info&gt;AllBrowserWindow : Locating browser window...</Message>
          <Message>[5/15/2018 1:23:53 AM]&lt;Info&gt;AllBrowserWindow : Locating browser window...</Message>
          <Message>[5/15/2018 1:24:18 AM]&lt;Info&gt;AllBrowserWindow : Locating browser window...</Message>
          <Message>[5/15/2018 1:24:18 AM]&lt;INFO&gt;ClickSearchResultCell : No product found on search page with title ... :- FA-2B GK Rear Cover</Message>
          <Message>[5/15/2018 1:24:19 AM]&lt;CaptureImage&gt;\\CMP01-YKumar\AutoLog\CMP01-YKUMAR\AffirmPromotionMessageOnProductPage_20180515012418.png</Message>
          <Message>[5/15/2018 1:24:54 AM]&lt;PASS&gt;&lt;AffirmPromotionMessageOnProductPage&gt;&lt;Validate that Affirm as low as message isn't displayed for Pre Order Items&gt;</Message>
          <Message>[5/15/2018 1:24:57 AM]&lt;INFO&gt;SearchProductexecuting ... Searching term:= 'BLH4751'</Message>
          <Message>[5/15/2018 1:25:06 AM]&lt;Info&gt;AllBrowserWindow : Locating browser window...</Message>
          <Message>[5/15/2018 1:25:09 AM]&lt;PASS&gt;&lt;AffirmPromotionMessageOnProductPage&gt;&lt;Validate that Affirm as low as message displayed for In Stock Items &gt; $50&gt;</Message>
          <Message>[5/15/2018 1:25:09 AM]&lt;RESULT&gt;Test Ended:#PASS=4, #FAIL=0</Message>
          <Message>[5/15/2018 1:25:10 AM]&lt;INFO&gt;LogCPUAndMemoryUsage: Available Memory = 24698(MB), CPU Usage = 13.89555%</Message>
          <Message>[5/15/2018 1:25:10 AM]&lt;INFO&gt;Private Working Set for QTAgent32_40, usage=267024 (K)</Message>
          <Message>[5/15/2018 1:25:10 AM]&lt;RESULT&gt;&lt;AffirmPromotionMessageOnProductPage&gt; Test PASSED</Message>
        </TextMessages>
      </Output>
    </UnitTestResult>
    <UnitTestResult executionId="086d37b5-9683-44b4-8e7c-d501fa661d84" testId="030d9fc9-3b7b-9ae0-5a95-356745756623" testName="AffirmPromotionMessageOnShoppingCartPage" computerName="CMP01-YKUMAR" duration="00:10:14.2951060" startTime="2018-05-15T01:25:12.6002310-05:00" endTime="2018-05-15T01:35:26.9152310-05:00" testType="13cdc9d9-ddb5-4fa4-a97d-d965ccfc6d4b" outcome="Failed" testListId="8c84fa94-04c1-424b-9868-57a2d4851a1d" relativeResultsDirectory="086d37b5-9683-44b4-8e7c-d501fa661d84">
      <Output>
        <StdOut>Logging to custom path:\\CMP01-YKumar\AutoLog</StdOut>
        <ErrorInfo>
          <Message>Assert.Fail failed. 
#Other errors=8
[Error details below]
&lt;ERROR&gt;[5/15/2018 1:29:07 AM]&lt;ERROR&gt;BackOrderClick : failed executing ...The playback failed to find the control with the given search properties. Additional Details: 
TechnologyName:  'Web'
ControlType:  'Hyperlink'
TagName:  'A'
Id:  'add2CartBtn'
 Failed to find any control that matched the value add2CartBtn for the search property Id.
&lt;ERROR&gt;[5/15/2018 1:29:23 AM]&lt;ERROR&gt;MouseClick Exception:Microsoft.VisualStudio.TestTools.UITest.Extension.FailedToPerformActionOnHiddenControlException: Cannot perform 'Click' on the hidden control. Additional Details: 
TechnologyName:  'Web'
ControlType:  'Hyperlink'
TagName:  'A'
Id:  'GotoCartButton1'
Name:  ''
Target:  ''
InnerText:  'Go to Cart'
 ---&gt; System.Runtime.InteropServices.COMException: Exception from HRESULT: 0xF004F002
   at Microsoft.VisualStudio.TestTools.UITest.Playback.Engine.IScreenElement.MouseButtonClick(Int32 x, Int32 y, Int32 nButton, Int32 fEnsureVisible, String bstrKeyModifiers)
   at Microsoft.VisualStudio.TestTools.UITest.Playback.ScreenElement.MouseButtonClick(Int32 x, Int32 y, MouseButtons button, ModifierKeys modifierKeys, Int32 ensureVisible)
   at Microsoft.VisualStudio.TestTools.UITesting.UITestControl.Click(MouseButtons button, ModifierKeys modifierKeys, Point relativeCoordinates)
   --- End of inner exception stack trace ---
   at Microsoft.VisualStudio.TestTools.UITesting.Playback.MapAndThrowComException(COMException innerException, IPlaybackContext context)
   at Microsoft.VisualStudio.TestTools.UITesting.Playback.MapAndThrowException(SystemException exception, IPlaybackContext context)
   at Microsoft.VisualStudio.TestTools.UITesting.Playback.MapAndThrowException(SystemException exception, String actionName, UITestControl uiControl, Point point)
   at Microsoft.VisualStudio.TestTools.UITesting.UITestControl.Click(MouseButtons button, ModifierKeys modifierKeys, Point relativeCoordinates)
   at Microsoft.VisualStudio.TestTools.UITesting.UITestActionExecutorCore.Click(UITestControl control, MouseButtons button, ModifierKeys modifierKeys, Point relativeCoordinate)
   at Microsoft.VisualStudio.TestTools.UITesting.Mouse.ClickImplementation(UITestControl control, MouseButtons button, ModifierKeys modifierKeys, Point relativeCoordinate)
   at Microsoft.VisualStudio.TestTools.UITesting.Mouse.&lt;&gt;c__DisplayClass6.&lt;Click&gt;b__5()
   at Microsoft.VisualStudio.TestTools.UITesting.CodedUITestMethodInvoker.InvokeMethod[T](Func`1 function, UITestControl control, Boolean firePlaybackErrorEvent, Boolean logAsAction)
   at Microsoft.VisualStudio.TestTools.UITesting.Mouse.Click(UITestControl control, MouseButtons button, ModifierKeys modifierKeys, Point relativeCoordinate)
   at Microsoft.VisualStudio.TestTools.UITesting.Mouse.Click(UITestControl control)
   at TestAuto.LoggingAndSharedGenericMethods.MouseClick(UITestControl uiMenuItemTestControl) in c:\Builds\1\WebSphere\QATestAutomation\src\CodedUITest\SourceCode\Common\Logging\SharedMethods_Generic.cs:line 785
&lt;ERROR&gt;[5/15/2018 1:29:51 AM]&lt;Error&gt;AllBrowserWindow : failed executing ...Unable to find Windows Internet Explorer window with 'Shopping Cart - Microsoft Internet Explorer provided by Horizon Hobby' in the title.
&lt;ERROR&gt;[5/15/2018 1:30:22 AM]&lt;Error&gt;AllBrowserWindow : failed executing ...Unable to find Windows Internet Explorer window with 'Shopping Cart - Microsoft Internet Explorer provided by Horizon Hobby' in the title.
&lt;ERROR&gt;[5/15/2018 1:30:32 AM]&lt;ERROR&gt;MouseClick Exception:Microsoft.VisualStudio.TestTools.UITest.Extension.UITestControlNotFoundException: The playback failed to find the control with the given search properties. Additional Details: 
TechnologyName:  'Web'
ControlType:  'Hyperlink'
TagName:  'A'
Id:  'WC_OrderItemDetailsf_links_2_1'
 Failed to find any control that matched the value WC_OrderItemDetailsf_links_2_1 for the search property Id. ---&gt; System.Runtime.InteropServices.COMException: Error HRESULT E_FAIL has been returned from a call to a COM component.
   at Microsoft.VisualStudio.TestTools.UITest.Playback.Engine.IScreenElement.FindAllDescendants(String bstrQueryId, Object&amp; pvarResKeys, Int32 cResKeys, Int32 nMaxDepth)
   at Microsoft.VisualStudio.TestTools.UITest.Playback.ScreenElement.FindAllScreenElement(String queryId, Int32 depth, Boolean singleQueryId, Boolean throwException, Boolean resetSkipStep)
   at Microsoft.VisualStudio.TestTools.UITest.Playback.ScreenElement.FindScreenElement(String queryId, Int32 depth, Boolean resetSkipStep)
   at Microsoft.VisualStudio.TestTools.UITesting.UITestControl.FindFirstDescendant(String queryId, Int32 maxDepth, Int32&amp; timeLeft)
   --- End of inner exception stack trace ---
   at Microsoft.VisualStudio.TestTools.UITesting.Playback.MapControlNotFoundException(COMException ex, IPlaybackContext context)
   at Microsoft.VisualStudio.TestTools.UITesting.Playback.MapAndThrowComException(COMException innerException, IPlaybackContext context)
   at Microsoft.VisualStudio.TestTools.UITesting.Playback.MapAndThrowException(SystemException exception, IPlaybackContext context)
   at Microsoft.VisualStudio.TestTools.UITesting.Playback.MapAndThrowException(SystemException exception, String queryId)
   at Microsoft.VisualStudio.TestTools.UITesting.UITestControl.FindFirstDescendant(String queryId, Int32 maxDepth, Int32&amp; timeLeft)
   at Microsoft.VisualStudio.TestTools.UITesting.SearchHelper.GetUITestControlRecursive(Boolean useCache, Boolean alwaysSearch, ISearchArgument searchArg, IList`1 windowTitles, Int32&amp; timeLeft)
   at Microsoft.VisualStudio.TestTools.UITesting.SearchHelper.GetElement(Boolean useCache, ISearchArgument searchArg)
   at Microsoft.VisualStudio.TestTools.UITesting.SearchHelper.Search(ISearchArgument searchArg)
   at Microsoft.VisualStudio.TestTools.UITesting.UITestControl.FindInternal()
   at Microsoft.VisualStudio.TestTools.UITesting.UITestControl.&lt;Find&gt;b__3a()
   at Microsoft.VisualStudio.TestTools.UITesting.CodedUITestMethodInvoker.InvokeMethod[T](Func`1 function, UITestControl control, Boolean firePlaybackErrorEvent, Boolean logAsAction)
   at Microsoft.VisualStudio.TestTools.UITesting.UITestControl.Find()
   at Microsoft.VisualStudio.TestTools.UITesting.UITestControl.GetPropertyPrivate(String propertyName)
   at Microsoft.VisualStudio.TestTools.UITesting.UITestControl.GetPropertyOfType[T](String propertyName)
   at Microsoft.VisualStudio.TestTools.UITesting.UITestControl.get_Name()
   at TestAuto.LoggingAndSharedGenericMethods.MouseClick(UITestControl uiMenuItemTestControl) in c:\Builds\1\WebSphere\QATestAutomation\src\CodedUITest\SourceCode\Common\Logging\SharedMethods_Generic.cs:line 790
&lt;ERROR&gt;[5/15/2018 1:34:29 AM]&lt;ERROR&gt;BackOrderClick : failed executing ...The playback failed to find the control with the given search properties. Additional Details: 
TechnologyName:  'Web'
ControlType:  'Hyperlink'
TagName:  'A'
Id:  'add2CartBtn'
 Failed to find any control that matched the value add2CartBtn for the search property Id.
&lt;ERROR&gt;[5/15/2018 1:34:46 AM]&lt;ERROR&gt;MouseClick Exception:Microsoft.VisualStudio.TestTools.UITest.Extension.FailedToPerformActionOnHiddenControlException: Cannot perform 'Click' on the hidden control. Additional Details: 
TechnologyName:  'Web'
ControlType:  'Hyperlink'
TagName:  'A'
Id:  'GotoCartButton1'
Name:  ''
Target:  ''
InnerText:  'Go to Cart'
 ---&gt; System.Runtime.InteropServices.COMException: Exception from HRESULT: 0xF004F002
   at Microsoft.VisualStudio.TestTools.UITest.Playback.Engine.IScreenElement.MouseButtonClick(Int32 x, Int32 y, Int32 nButton, Int32 fEnsureVisible, String bstrKeyModifiers)
   at Microsoft.VisualStudio.TestTools.UITest.Playback.ScreenElement.MouseButtonClick(Int32 x, Int32 y, MouseButtons button, ModifierKeys modifierKeys, Int32 ensureVisible)
   at Microsoft.VisualStudio.TestTools.UITesting.UITestControl.Click(MouseButtons button, ModifierKeys modifierKeys, Point relativeCoordinates)
   --- End of inner exception stack trace ---
   at Microsoft.VisualStudio.TestTools.UITesting.Playback.MapAndThrowComException(COMException innerException, IPlaybackContext context)
   at Microsoft.VisualStudio.TestTools.UITesting.Playback.MapAndThrowException(SystemException exception, IPlaybackContext context)
   at Microsoft.VisualStudio.TestTools.UITesting.Playback.MapAndThrowException(SystemException exception, String actionName, UITestControl uiControl, Point point)
   at Microsoft.VisualStudio.TestTools.UITesting.UITestControl.Click(MouseButtons button, ModifierKeys modifierKeys, Point relativeCoordinates)
   at Microsoft.VisualStudio.TestTools.UITesting.UITestActionExecutorCore.Click(UITestControl control, MouseButtons button, ModifierKeys modifierKeys, Point relativeCoordinate)
   at Microsoft.VisualStudio.TestTools.UITesting.Mouse.ClickImplementation(UITestControl control, MouseButtons button, ModifierKeys modifierKeys, Point relativeCoordinate)
   at Microsoft.VisualStudio.TestTools.UITesting.Mouse.&lt;&gt;c__DisplayClass6.&lt;Click&gt;b__5()
   at Microsoft.VisualStudio.TestTools.UITesting.CodedUITestMethodInvoker.InvokeMethod[T](Func`1 function, UITestControl control, Boolean firePlaybackErrorEvent, Boolean logAsAction)
   at Microsoft.VisualStudio.TestTools.UITesting.Mouse.Click(UITestControl control, MouseButtons button, ModifierKeys modifierKeys, Point relativeCoordinate)
   at Microsoft.VisualStudio.TestTools.UITesting.Mouse.Click(UITestControl control)
   at TestAuto.LoggingAndSharedGenericMethods.MouseClick(UITestControl uiMenuItemTestControl) in c:\Builds\1\WebSphere\QATestAutomation\src\CodedUITest\SourceCode\Common\Logging\SharedMethods_Generic.cs:line 785
&lt;ERROR&gt;[5/15/2018 1:35:13 AM]&lt;Error&gt;AllBrowserWindow : failed executing ...Unable to find Windows Internet Explorer window with 'Shopping Cart - Microsoft Internet Explorer provided by Horizon Hobby' in the title.</Message>
          <StackTrace>   at TestAuto.LoggingAndSharedGenericMethods.EndTest() in c:\Builds\1\WebSphere\QATestAutomation\src\CodedUITest\SourceCode\Common\Logging\Logging.cs:line 1628
   at TestAuto.CartDisplayTest.TestCleanup() in c:\Builds\1\WebSphere\QATestAutomation\src\CodedUITest\SourceCode\HHobby\CartDisplay\CartDisplay.cs:line 5472
</StackTrace>
        </ErrorInfo>
        <TextMessages>
          <Message>[5/15/2018 1:25:12 AM]&lt;STARTLOG&gt;&lt;AffirmPromotionMessageOnShoppingCartPage&gt;Test Started: Expecting: #PASS=Undefined and #FAIL=0
Running from MTM=True, running on machine name:CMP01-YKUMAR, user name=ykumar, OS=Microsoft Windows NT 6.1.7601 Service Pack 1, Is64BitOS=True</Message>
          <Message>[5/15/2018 1:25:13 AM]&lt;INFO&gt;LogCPUAndMemoryUsage: Available Memory = 24717(MB), CPU Usage = 33.05346%</Message>
          <Message>[5/15/2018 1:25:13 AM]&lt;INFO&gt;Private Working Set for QTAgent32_40, usage=267092 (K)</Message>
          <Message>[5/15/2018 1:25:13 AM]&lt;INFO&gt;Path To TestConfig xml=C:\Users\ykumar\AppData\Local\VSEQT\QTAgent\26974\CMP01-YKUMAR.horizonhobby.com\Deployment\SharedCommonConfig.xml</Message>
          <Message>[5/15/2018 1:25:13 AM]&lt;INFO&gt;Path To TestData xml=C:\Users\ykumar\AppData\Local\VSEQT\QTAgent\26974\CMP01-YKUMAR.horizonhobby.com\Deployment\CartDisplayTestData_012512.xml</Message>
          <Message>[5/15/2018 1:25:13 AM]&lt;INFO&gt;Path To HorizonHobbyQA Application Url=https://www-tst.horizonhobby.com</Message>
          <Message>[5/15/2018 1:25:13 AM]&lt;INFO&gt;HorizonHobbyQA sql connection string=Server=cmp02-ws-tst-db01:50000;Database=TST01DB;UID=wcdbuser;PWD=h0r1z0n;Connect Timeout=30</Message>
          <Message>[5/15/2018 1:25:13 AM]&lt;INFO&gt;Country is := US and language id is := '-1'</Message>
          <Message>[5/15/2018 1:25:13 AM]&lt;INFO&gt;Current browser used for test execution is = 'IE'</Message>
          <Message>[5/15/2018 1:25:17 AM]&lt;Info&gt;AllBrowserWindow : Locating browser window...</Message>
          <Message>[5/15/2018 1:25:20 AM]&lt;INFO&gt;SearchProductexecuting ... Searching term:= 'PKZ1870'</Message>
          <Message>[5/15/2018 1:25:26 AM]&lt;Info&gt;AllBrowserWindow : Locating browser window...</Message>
          <Message>[5/15/2018 1:25:27 AM]&lt;INFO&gt;BackOrderClickexecuting ...</Message>
          <Message>[5/15/2018 1:25:31 AM]&lt;INFO&gt;GoToCartClickexecuting ...</Message>
          <Message>[5/15/2018 1:25:42 AM]&lt;Info&gt;AllBrowserWindow : Locating browser window...</Message>
          <Message>[5/15/2018 1:25:52 AM]&lt;PASS&gt;&lt;AffirmPromotionMessageOnShoppingCartPage&gt;&lt;Validate that Affirm as low as message is displayed &gt;</Message>
          <Message>[5/15/2018 1:25:56 AM]&lt;PASS&gt;&lt;AffirmPromotionMessageOnShoppingCartPage&gt;&lt;Validate a popup will appear having details of part payment&gt;</Message>
          <Message>[5/15/2018 1:26:01 AM]&lt;INFO&gt;UpdateCartQuantity : executing ... :- 2</Message>
          <Message>[5/15/2018 1:26:01 AM]&lt;Info&gt;AllBrowserWindow : Locating browser window...</Message>
          <Message>[5/15/2018 1:26:20 AM]&lt;PASS&gt;&lt;AffirmPromotionMessageOnShoppingCartPage&gt;&lt;Validate that Affirm as low as message is displayed when QTY updated&gt;</Message>
          <Message>[5/15/2018 1:26:20 AM]&lt;Info&gt;AllBrowserWindow : Locating browser window...</Message>
          <Message>[5/15/2018 1:26:36 AM]&lt;INFO&gt;SearchProductexecuting ... Searching term:= 'DYN2516'</Message>
          <Message>[5/15/2018 1:26:42 AM]&lt;Info&gt;AllBrowserWindow : Locating browser window...</Message>
          <Message>[5/15/2018 1:26:43 AM]&lt;INFO&gt;BackOrderClickexecuting ...</Message>
          <Message>[5/15/2018 1:26:46 AM]&lt;INFO&gt;GoToCartClickexecuting ...</Message>
          <Message>[5/15/2018 1:26:58 AM]&lt;Info&gt;AllBrowserWindow : Locating browser window...</Message>
          <Message>[5/15/2018 1:27:14 AM]&lt;PASS&gt;&lt;AffirmPromotionMessageOnShoppingCartPage&gt;&lt;Validate that Affirm as low as message is not displayed &gt;</Message>
          <Message>[5/15/2018 1:27:14 AM]&lt;Info&gt;AllBrowserWindow : Locating browser window...</Message>
          <Message>[5/15/2018 1:27:30 AM]&lt;INFO&gt;SearchProductexecuting ... Searching term:= 'EFLA5600'</Message>
          <Message>[5/15/2018 1:27:36 AM]&lt;Info&gt;AllBrowserWindow : Locating browser window...</Message>
          <Message>[5/15/2018 1:27:59 AM]&lt;Info&gt;AllBrowserWindow : Locating browser window...</Message>
          <Message>[5/15/2018 1:28:24 AM]&lt;Info&gt;AllBrowserWindow : Locating browser window...</Message>
          <Message>[5/15/2018 1:28:24 AM]&lt;INFO&gt;ClickSearchResultCell : No product found on search page with title ... :- Carbon-Z Float Set</Message>
          <Message>[5/15/2018 1:28:24 AM]&lt;CaptureImage&gt;\\CMP01-YKumar\AutoLog\CMP01-YKUMAR\AffirmPromotionMessageOnShoppingCartPage_20180515012824.png</Message>
          <Message>[5/15/2018 1:28:52 AM]&lt;INFO&gt;BackOrderClickexecuting ...</Message>
          <Message>Assert.Fail failed. [5/15/2018 1:29:07 AM]&lt;ERROR&gt;BackOrderClick : failed executing ...The playback failed to find the control with the given search properties. Additional Details: 
TechnologyName:  'Web'
ControlType:  'Hyperlink'
TagName:  'A'
Id:  'add2CartBtn'
 Failed to find any control that matched the value add2CartBtn for the search property Id., 
    StackTrace:
    BackOrderClick(),SharedProductPage.cs,Line Number:498
    BackOrderClick(),SharedProductPage.cs,Line Number:505
    CommonWorkflowComplete(),SharedApplicationCommon.cs,Line Number:1948
    CommonWorkflowComplete(),SharedApplicationCommon.cs,Line Number:2055
    AffirmPromotionMessageOnShoppingCartPage(),CartDisplay.cs,Line Number:4770</Message>
          <Message>[5/15/2018 1:29:07 AM]&lt;CaptureImage&gt;\\CMP01-YKumar\AutoLog\CMP01-YKUMAR\AffirmPromotionMessageOnShoppingCartPage_20180515012907.png</Message>
          <Message>[5/15/2018 1:29:10 AM]&lt;INFO&gt;GoToCartClickexecuting ...</Message>
          <Message>Assert.Fail failed. [5/15/2018 1:29:23 AM]&lt;ERROR&gt;MouseClick Exception:Microsoft.VisualStudio.TestTools.UITest.Extension.FailedToPerformActionOnHiddenControlException: Cannot perform 'Click' on the hidden control. Additional Details: 
TechnologyName:  'Web'
ControlType:  'Hyperlink'
TagName:  'A'
Id:  'GotoCartButton1'
Name:  ''
Target:  ''
InnerText:  'Go to Cart'
 ---&gt; System.Runtime.InteropServices.COMException: Exception from HRESULT: 0xF004F002
   at Microsoft.VisualStudio.TestTools.UITest.Playback.Engine.IScreenElement.MouseButtonClick(Int32 x, Int32 y, Int32 nButton, Int32 fEnsureVisible, String bstrKeyModifiers)
   at Microsoft.VisualStudio.TestTools.UITest.Playback.ScreenElement.MouseButtonClick(Int32 x, Int32 y, MouseButtons button, ModifierKeys modifierKeys, Int32 ensureVisible)
   at Microsoft.VisualStudio.TestTools.UITesting.UITestControl.Click(MouseButtons button, ModifierKeys modifierKeys, Point relativeCoordinates)
   --- End of inner exception stack trace ---
   at Microsoft.VisualStudio.TestTools.UITesting.Playback.MapAndThrowComException(COMException innerException, IPlaybackContext context)
   at Microsoft.VisualStudio.TestTools.UITesting.Playback.MapAndThrowException(SystemException exception, IPlaybackContext context)
   at Microsoft.VisualStudio.TestTools.UITesting.Playback.MapAndThrowException(SystemException exception, String actionName, UITestControl uiControl, Point point)
   at Microsoft.VisualStudio.TestTools.UITesting.UITestControl.Click(MouseButtons button, ModifierKeys modifierKeys, Point relativeCoordinates)
   at Microsoft.VisualStudio.TestTools.UITesting.UITestActionExecutorCore.Click(UITestControl control, MouseButtons button, ModifierKeys modifierKeys, Point relativeCoordinate)
   at Microsoft.VisualStudio.TestTools.UITesting.Mouse.ClickImplementation(UITestControl control, MouseButtons button, ModifierKeys modifierKeys, Point relativeCoordinate)
   at Microsoft.VisualStudio.TestTools.UITesting.Mouse.&lt;&gt;c__DisplayClass6.&lt;Click&gt;b__5()
   at Microsoft.VisualStudio.TestTools.UITesting.CodedUITestMethodInvoker.InvokeMethod[T](Func`1 function, UITestControl control, Boolean firePlaybackErrorEvent, Boolean logAsAction)
   at Microsoft.VisualStudio.TestTools.UITesting.Mouse.Click(UITestControl control, MouseButtons button, ModifierKeys modifierKeys, Point relativeCoordinate)
   at Microsoft.VisualStudio.TestTools.UITesting.Mouse.Click(UITestControl control)
   at TestAuto.LoggingAndSharedGenericMethods.MouseClick(UITestControl uiMenuItemTestControl) in c:\Builds\1\WebSphere\QATestAutomation\src\CodedUITest\SourceCode\Common\Logging\SharedMethods_Generic.cs:line 785, 
    StackTrace:
    MouseClick(),SharedMethods_Generic.cs,Line Number:822
    GoToCartClick(),SharedCartPopUp.cs,Line Number:129
    CommonWorkflowComplete(),SharedApplicationCommon.cs,Line Number:1956
    CommonWorkflowComplete(),SharedApplicationCommon.cs,Line Number:2055
    AffirmPromotionMessageOnShoppingCartPage(),CartDisplay.cs,Line Number:4770</Message>
          <Message>[5/15/2018 1:29:23 AM]&lt;CaptureImage&gt;\\CMP01-YKumar\AutoLog\CMP01-YKUMAR\AffirmPromotionMessageOnShoppingCartPage_20180515012923.png</Message>
          <Message>[5/15/2018 1:29:23 AM]&lt;INFO&gt;ContinueOnCertificationErrorClickexecuting ...</Message>
          <Message>[5/15/2018 1:29:28 AM]&lt;Info&gt;AllBrowserWindow : Locating browser window...</Message>
          <Message>Assert.Fail failed. [5/15/2018 1:29:51 AM]&lt;Error&gt;AllBrowserWindow : failed executing ...Unable to find Windows Internet Explorer window with 'Shopping Cart - Microsoft Internet Explorer provided by Horizon Hobby' in the title., 
    StackTrace:
    AllBrowserWindow(),SharedBorderFree.cs,Line Number:1037
    AffirmPromotionMessageOnShoppingCartPage(),CartDisplay.cs,Line Number:4774</Message>
          <Message>[5/15/2018 1:29:51 AM]&lt;CaptureImage&gt;\\CMP01-YKumar\AutoLog\CMP01-YKUMAR\AffirmPromotionMessageOnShoppingCartPage_20180515012951.png</Message>
          <Message>[5/15/2018 1:29:59 AM]&lt;PASS&gt;&lt;AffirmPromotionMessageOnShoppingCartPage&gt;&lt;Validate that Affirm as low as message is not displayed &gt;</Message>
          <Message>[5/15/2018 1:29:59 AM]&lt;Info&gt;AllBrowserWindow : Locating browser window...</Message>
          <Message>Assert.Fail failed. [5/15/2018 1:30:22 AM]&lt;Error&gt;AllBrowserWindow : failed executing ...Unable to find Windows Internet Explorer window with 'Shopping Cart - Microsoft Internet Explorer provided by Horizon Hobby' in the title., 
    StackTrace:
    AllBrowserWindow(),SharedBorderFree.cs,Line Number:1037
    RemoveSingleItemFromCart(),SharedShoppingCart.cs,Line Number:402
    RemoveSingleItemFromCart(),SharedShoppingCart.cs,Line Number:447
    AffirmPromotionMessageOnShoppingCartPage(),CartDisplay.cs,Line Number:4798</Message>
          <Message>[5/15/2018 1:30:22 AM]&lt;CaptureImage&gt;\\CMP01-YKumar\AutoLog\CMP01-YKUMAR\AffirmPromotionMessageOnShoppingCartPage_20180515013022.png</Message>
          <Message>Assert.Fail failed. [5/15/2018 1:30:32 AM]&lt;ERROR&gt;MouseClick Exception:Microsoft.VisualStudio.TestTools.UITest.Extension.UITestControlNotFoundException: The playback failed to find the control with the given search properties. Additional Details: 
TechnologyName:  'Web'
ControlType:  'Hyperlink'
TagName:  'A'
Id:  'WC_OrderItemDetailsf_links_2_1'
 Failed to find any control that matched the value WC_OrderItemDetailsf_links_2_1 for the search property Id. ---&gt; System.Runtime.InteropServices.COMException: Error HRESULT E_FAIL has been returned from a call to a COM component.
   at Microsoft.VisualStudio.TestTools.UITest.Playback.Engine.IScreenElement.FindAllDescendants(String bstrQueryId, Object&amp; pvarResKeys, Int32 cResKeys, Int32 nMaxDepth)
   at Microsoft.VisualStudio.TestTools.UITest.Playback.ScreenElement.FindAllScreenElement(String queryId, Int32 depth, Boolean singleQueryId, Boolean throwException, Boolean resetSkipStep)
   at Microsoft.VisualStudio.TestTools.UITest.Playback.ScreenElement.FindScreenElement(String queryId, Int32 depth, Boolean resetSkipStep)
   at Microsoft.VisualStudio.TestTools.UITesting.UITestControl.FindFirstDescendant(String queryId, Int32 maxDepth, Int32&amp; timeLeft)
   --- End of inner exception stack trace ---
   at Microsoft.VisualStudio.TestTools.UITesting.Playback.MapControlNotFoundException(COMException ex, IPlaybackContext context)
   at Microsoft.VisualStudio.TestTools.UITesting.Playback.MapAndThrowComException(COMException innerException, IPlaybackContext context)
   at Microsoft.VisualStudio.TestTools.UITesting.Playback.MapAndThrowException(SystemException exception, IPlaybackContext context)
   at Microsoft.VisualStudio.TestTools.UITesting.Playback.MapAndThrowException(SystemException exception, String queryId)
   at Microsoft.VisualStudio.TestTools.UITesting.UITestControl.FindFirstDescendant(String queryId, Int32 maxDepth, Int32&amp; timeLeft)
   at Microsoft.VisualStudio.TestTools.UITesting.SearchHelper.GetUITestControlRecursive(Boolean useCache, Boolean alwaysSearch, ISearchArgument searchArg, IList`1 windowTitles, Int32&amp; timeLeft)
   at Microsoft.VisualStudio.TestTools.UITesting.SearchHelper.GetElement(Boolean useCache, ISearchArgument searchArg)
   at Microsoft.VisualStudio.TestTools.UITesting.SearchHelper.Search(ISearchArgument searchArg)
   at Microsoft.VisualStudio.TestTools.UITesting.UITestControl.FindInternal()
   at Microsoft.VisualStudio.TestTools.UITesting.UITestControl.&lt;Find&gt;b__3a()
   at Microsoft.VisualStudio.TestTools.UITesting.CodedUITestMethodInvoker.InvokeMethod[T](Func`1 function, UITestControl control, Boolean firePlaybackErrorEvent, Boolean logAsAction)
   at Microsoft.VisualStudio.TestTools.UITesting.UITestControl.Find()
   at Microsoft.VisualStudio.TestTools.UITesting.UITestControl.GetPropertyPrivate(String propertyName)
   at Microsoft.VisualStudio.TestTools.UITesting.UITestControl.GetPropertyOfType[T](String propertyName)
   at Microsoft.VisualStudio.TestTools.UITesting.UITestControl.get_Name()
   at TestAuto.LoggingAndSharedGenericMethods.MouseClick(UITestControl uiMenuItemTestControl) in c:\Builds\1\WebSphere\QATestAutomation\src\CodedUITest\SourceCode\Common\Logging\SharedMethods_Generic.cs:line 790, 
    StackTrace:
    MouseClick(),SharedMethods_Generic.cs,Line Number:822
    RemoveSingleItemFromCart(),SharedShoppingCart.cs,Line Number:441
    RemoveSingleItemFromCart(),SharedShoppingCart.cs,Line Number:447
    AffirmPromotionMessageOnShoppingCartPage(),CartDisplay.cs,Line Number:4798</Message>
          <Message>[5/15/2018 1:30:32 AM]&lt;CaptureImage&gt;\\CMP01-YKumar\AutoLog\CMP01-YKUMAR\AffirmPromotionMessageOnShoppingCartPage_20180515013032.png</Message>
          <Message>[5/15/2018 1:30:39 AM]&lt;INFO&gt;System.Data.DataTable GetProductConditional(ProductStockStatusType, PriceCondition, System.String, System.String, System.String, System.String, System.String, System.String, Boolean) : No record found for price condition - 'PriceRange-&gt; 50-100' ; and stock condition - 'PreOrder'</Message>
          <Message>[5/15/2018 1:30:39 AM]&lt;INFO&gt;SearchProductexecuting ... Searching term:= 'SAI72BGK17'</Message>
          <Message>[5/15/2018 1:30:48 AM]&lt;Info&gt;AllBrowserWindow : Locating browser window...</Message>
          <Message>[5/15/2018 1:31:11 AM]&lt;Info&gt;AllBrowserWindow : Locating browser window...</Message>
          <Message>[5/15/2018 1:33:45 AM]&lt;Info&gt;AllBrowserWindow : Locating browser window...</Message>
          <Message>[5/15/2018 1:33:45 AM]&lt;INFO&gt;ClickSearchResultCell : No product found on search page with title ... :- FA-2B GK Rear Cover</Message>
          <Message>[5/15/2018 1:33:45 AM]&lt;CaptureImage&gt;\\CMP01-YKumar\AutoLog\CMP01-YKUMAR\AffirmPromotionMessageOnShoppingCartPage_20180515013345.png</Message>
          <Message>[5/15/2018 1:34:12 AM]&lt;INFO&gt;BackOrderClickexecuting ...</Message>
          <Message>Assert.Fail failed. [5/15/2018 1:34:29 AM]&lt;ERROR&gt;BackOrderClick : failed executing ...The playback failed to find the control with the given search properties. Additional Details: 
TechnologyName:  'Web'
ControlType:  'Hyperlink'
TagName:  'A'
Id:  'add2CartBtn'
 Failed to find any control that matched the value add2CartBtn for the search property Id., 
    StackTrace:
    BackOrderClick(),SharedProductPage.cs,Line Number:498
    BackOrderClick(),SharedProductPage.cs,Line Number:505
    CommonWorkflowComplete(),SharedApplicationCommon.cs,Line Number:1948
    CommonWorkflowComplete(),SharedApplicationCommon.cs,Line Number:2055
    AffirmPromotionMessageOnShoppingCartPage(),CartDisplay.cs,Line Number:4803</Message>
          <Message>[5/15/2018 1:34:29 AM]&lt;CaptureImage&gt;\\CMP01-YKumar\AutoLog\CMP01-YKUMAR\AffirmPromotionMessageOnShoppingCartPage_20180515013429.png</Message>
          <Message>[5/15/2018 1:34:32 AM]&lt;INFO&gt;GoToCartClickexecuting ...</Message>
          <Message>Assert.Fail failed. [5/15/2018 1:34:46 AM]&lt;ERROR&gt;MouseClick Exception:Microsoft.VisualStudio.TestTools.UITest.Extension.FailedToPerformActionOnHiddenControlException: Cannot perform 'Click' on the hidden control. Additional Details: 
TechnologyName:  'Web'
ControlType:  'Hyperlink'
TagName:  'A'
Id:  'GotoCartButton1'
Name:  ''
Target:  ''
InnerText:  'Go to Cart'
 ---&gt; System.Runtime.InteropServices.COMException: Exception from HRESULT: 0xF004F002
   at Microsoft.VisualStudio.TestTools.UITest.Playback.Engine.IScreenElement.MouseButtonClick(Int32 x, Int32 y, Int32 nButton, Int32 fEnsureVisible, String bstrKeyModifiers)
   at Microsoft.VisualStudio.TestTools.UITest.Playback.ScreenElement.MouseButtonClick(Int32 x, Int32 y, MouseButtons button, ModifierKeys modifierKeys, Int32 ensureVisible)
   at Microsoft.VisualStudio.TestTools.UITesting.UITestControl.Click(MouseButtons button, ModifierKeys modifierKeys, Point relativeCoordinates)
   --- End of inner exception stack trace ---
   at Microsoft.VisualStudio.TestTools.UITesting.Playback.MapAndThrowComException(COMException innerException, IPlaybackContext context)
   at Microsoft.VisualStudio.TestTools.UITesting.Playback.MapAndThrowException(SystemException exception, IPlaybackContext context)
   at Microsoft.VisualStudio.TestTools.UITesting.Playback.MapAndThrowException(SystemException exception, String actionName, UITestControl uiControl, Point point)
   at Microsoft.VisualStudio.TestTools.UITesting.UITestControl.Click(MouseButtons button, ModifierKeys modifierKeys, Point relativeCoordinates)
   at Microsoft.VisualStudio.TestTools.UITesting.UITestActionExecutorCore.Click(UITestControl control, MouseButtons button, ModifierKeys modifierKeys, Point relativeCoordinate)
   at Microsoft.VisualStudio.TestTools.UITesting.Mouse.ClickImplementation(UITestControl control, MouseButtons button, ModifierKeys modifierKeys, Point relativeCoordinate)
   at Microsoft.VisualStudio.TestTools.UITesting.Mouse.&lt;&gt;c__DisplayClass6.&lt;Click&gt;b__5()
   at Microsoft.VisualStudio.TestTools.UITesting.CodedUITestMethodInvoker.InvokeMethod[T](Func`1 function, UITestControl control, Boolean firePlaybackErrorEvent, Boolean logAsAction)
   at Microsoft.VisualStudio.TestTools.UITesting.Mouse.Click(UITestControl control, MouseButtons button, ModifierKeys modifierKeys, Point relativeCoordinate)
   at Microsoft.VisualStudio.TestTools.UITesting.Mouse.Click(UITestControl control)
   at TestAuto.LoggingAndSharedGenericMethods.MouseClick(UITestControl uiMenuItemTestControl) in c:\Builds\1\WebSphere\QATestAutomation\src\CodedUITest\SourceCode\Common\Logging\SharedMethods_Generic.cs:line 785, 
    StackTrace:
    MouseClick(),SharedMethods_Generic.cs,Line Number:822
    GoToCartClick(),SharedCartPopUp.cs,Line Number:129
    CommonWorkflowComplete(),SharedApplicationCommon.cs,Line Number:1956
    CommonWorkflowComplete(),SharedApplicationCommon.cs,Line Number:2055
    AffirmPromotionMessageOnShoppingCartPage(),CartDisplay.cs,Line Number:4803</Message>
          <Message>[5/15/2018 1:34:46 AM]&lt;CaptureImage&gt;\\CMP01-YKumar\AutoLog\CMP01-YKUMAR\AffirmPromotionMessageOnShoppingCartPage_20180515013446.png</Message>
          <Message>[5/15/2018 1:34:46 AM]&lt;INFO&gt;ContinueOnCertificationErrorClickexecuting ...</Message>
          <Message>[5/15/2018 1:34:51 AM]&lt;Info&gt;AllBrowserWindow : Locating browser window...</Message>
          <Message>Assert.Fail failed. [5/15/2018 1:35:13 AM]&lt;Error&gt;AllBrowserWindow : failed executing ...Unable to find Windows Internet Explorer window with 'Shopping Cart - Microsoft Internet Explorer provided by Horizon Hobby' in the title., 
    StackTrace:
    AllBrowserWindow(),SharedBorderFree.cs,Line Number:1037
    AffirmPromotionMessageOnShoppingCartPage(),CartDisplay.cs,Line Number:4807</Message>
          <Message>[5/15/2018 1:35:13 AM]&lt;CaptureImage&gt;\\CMP01-YKumar\AutoLog\CMP01-YKUMAR\AffirmPromotionMessageOnShoppingCartPage_20180515013513.png</Message>
          <Message>[5/15/2018 1:35:23 AM]&lt;PASS&gt;&lt;AffirmPromotionMessageOnShoppingCartPage&gt;&lt;Validate that Affirm as low as message is not displayed &gt;</Message>
          <Message>[5/15/2018 1:35:23 AM]&lt;RESULT&gt;Test Ended:#PASS=6, #FAIL=0,#Other errors=8</Message>
          <Message>[5/15/2018 1:35:24 AM]&lt;INFO&gt;LogCPUAndMemoryUsage: Available Memory = 25152(MB), CPU Usage = 0.8435165%</Message>
          <Message>[5/15/2018 1:35:24 AM]&lt;INFO&gt;Private Working Set for QTAgent32_40, usage=268568 (K)</Message>
          <Message>[5/15/2018 1:35:24 AM]&lt;RESULT&gt;&lt;AffirmPromotionMessageOnShoppingCartPage&gt; Test FAILED: #Other errors=8. See Error Message/logs for further details.</Message>
        </TextMessages>
      </Output>
      <ResultFiles>
        <ResultFile path="CMP01-YKUMAR.horizonhobby.com\AffirmPromotionMessageOnShoppingCartPage_20180515012512.log" />
        <ResultFile path="CMP01-YKUMAR.horizonhobby.com\AffirmPromotionMessageOnShoppingCartPage_20180515012824.png" />
        <ResultFile path="CMP01-YKUMAR.horizonhobby.com\AffirmPromotionMessageOnShoppingCartPage_20180515012907.png" />
        <ResultFile path="CMP01-YKUMAR.horizonhobby.com\AffirmPromotionMessageOnShoppingCartPage_20180515012923.png" />
        <ResultFile path="CMP01-YKUMAR.horizonhobby.com\AffirmPromotionMessageOnShoppingCartPage_20180515012951.png" />
        <ResultFile path="CMP01-YKUMAR.horizonhobby.com\AffirmPromotionMessageOnShoppingCartPage_20180515013022.png" />
        <ResultFile path="CMP01-YKUMAR.horizonhobby.com\AffirmPromotionMessageOnShoppingCartPage_20180515013032.png" />
        <ResultFile path="CMP01-YKUMAR.horizonhobby.com\AffirmPromotionMessageOnShoppingCartPage_20180515013345.png" />
        <ResultFile path="CMP01-YKUMAR.horizonhobby.com\AffirmPromotionMessageOnShoppingCartPage_20180515013429.png" />
        <ResultFile path="CMP01-YKUMAR.horizonhobby.com\AffirmPromotionMessageOnShoppingCartPage_20180515013446.png" />
        <ResultFile path="CMP01-YKUMAR.horizonhobby.com\AffirmPromotionMessageOnShoppingCartPage_20180515013513.png" />
        <ResultFile path="CMP01-YKUMAR.horizonhobby.com\AffirmPromotionMessageOnShoppingCartPage_ResultsONLY_20180515012512.log" />
        <ResultFile path="CMP01-YKUMAR.horizonhobby.com\CartDisplayTestData_012512.xml" />
        <ResultFile path="CMP01-YKUMAR.horizonhobby.com\SharedCommonConfig.xml" />
      </ResultFiles>
    </UnitTestResult>
    <UnitTestResult executionId="dfcdf7da-28f8-4a13-a691-590a754a1101" testId="dde6b755-fcb2-dc1a-cc9e-5654c102de21" testName="HRCCRewardProfileDetails" computerName="CMP01-YKUMAR" duration="00:03:05.7798407" startTime="2018-05-15T01:35:26.9162310-05:00" endTime="2018-05-15T01:38:32.7032310-05:00" testType="13cdc9d9-ddb5-4fa4-a97d-d965ccfc6d4b" outcome="Passed" testListId="8c84fa94-04c1-424b-9868-57a2d4851a1d" relativeResultsDirectory="dfcdf7da-28f8-4a13-a691-590a754a1101">
      <Output>
        <StdOut>Logging to custom path:\\CMP01-YKumar\AutoLog</StdOut>
        <TextMessages>
          <Message>[5/15/2018 1:35:26 AM]&lt;STARTLOG&gt;&lt;HRCCRewardProfileDetails&gt;Test Started: Expecting: #PASS=Undefined and #FAIL=0
Running from MTM=True, running on machine name:CMP01-YKUMAR, user name=ykumar, OS=Microsoft Windows NT 6.1.7601 Service Pack 1, Is64BitOS=True</Message>
          <Message>[5/15/2018 1:35:27 AM]&lt;INFO&gt;LogCPUAndMemoryUsage: Available Memory = 25190(MB), CPU Usage = 33.13138%</Message>
          <Message>[5/15/2018 1:35:27 AM]&lt;INFO&gt;Private Working Set for QTAgent32_40, usage=268668 (K)</Message>
          <Message>[5/15/2018 1:35:28 AM]&lt;INFO&gt;Path To TestConfig xml=C:\Users\ykumar\AppData\Local\VSEQT\QTAgent\26974\CMP01-YKUMAR.horizonhobby.com\Deployment\SharedCommonConfig.xml</Message>
          <Message>[5/15/2018 1:35:28 AM]&lt;INFO&gt;Path To TestData xml=C:\Users\ykumar\AppData\Local\VSEQT\QTAgent\26974\CMP01-YKUMAR.horizonhobby.com\Deployment\MyAccountTestData_013526.xml</Message>
          <Message>[5/15/2018 1:35:28 AM]&lt;INFO&gt;Path To HorizonHobbyQA Application Url=https://www-tst.horizonhobby.com</Message>
          <Message>[5/15/2018 1:35:28 AM]&lt;INFO&gt;HorizonHobbyQA sql connection string=Server=cmp02-ws-tst-db01:50000;Database=TST01DB;UID=wcdbuser;PWD=h0r1z0n;Connect Timeout=30</Message>
          <Message>[5/15/2018 1:35:28 AM]&lt;INFO&gt;Country is := US and language id is := '-1'</Message>
          <Message>[5/15/2018 1:35:28 AM]&lt;INFO&gt;Current browser used for test execution is = 'IE'</Message>
          <Message>[5/15/2018 1:35:32 AM]&lt;INFO&gt;SurveyWindow : method executing ...</Message>
          <Message>[5/15/2018 1:35:38 AM]&lt;INFO&gt;ContinueOnCertificationErrorClickexecuting ...</Message>
          <Message>[5/15/2018 1:35:38 AM]&lt;Info&gt;DEAllBrowserWindow : Locating browser window...</Message>
          <Message>[5/15/2018 1:35:42 AM]&lt;INFO&gt;UserRegistration : method executing ...</Message>
          <Message>[5/15/2018 1:35:42 AM]&lt;Info&gt;AllBrowserWindow : Locating browser window...</Message>
          <Message>[5/15/2018 1:36:03 AM]&lt;Info&gt;AllBrowserWindow : Locating browser window...</Message>
          <Message>[5/15/2018 1:36:18 AM]&lt;INFO&gt;TopGlobalMenuClickexecuting ...MyAccount</Message>
          <Message>[5/15/2018 1:36:19 AM]&lt;Info&gt;AllBrowserWindow : Locating browser window...</Message>
          <Message>[5/15/2018 1:36:19 AM]&lt;Info&gt;AllBrowserWindow : Locating browser window...</Message>
          <Message>[5/15/2018 1:36:23 AM]&lt;Info&gt;AllBrowserWindow : Locating browser window...</Message>
          <Message>[5/15/2018 1:36:29 AM]&lt;Info&gt;AllBrowserWindow : Locating browser window...</Message>
          <Message>[5/15/2018 1:36:29 AM]&lt;Info&gt;AllBrowserWindow : Locating browser window...</Message>
          <Message>[5/15/2018 1:36:32 AM]&lt;Info&gt;AllBrowserWindow : Locating browser window...</Message>
          <Message>[5/15/2018 1:36:33 AM]&lt;PASS&gt;&lt;HRCCRewardProfileDetails&gt;&lt;Validate that Reward Id# is displayed in the Record&gt;</Message>
          <Message>[5/15/2018 1:36:33 AM]&lt;PASS&gt;&lt;HRCCRewardProfileDetails&gt;&lt;validate that User Email is displayed&gt;</Message>
          <Message>[5/15/2018 1:36:33 AM]&lt;PASS&gt;&lt;HRCCRewardProfileDetails&gt;&lt;Validate that User Address is displayed&gt;</Message>
          <Message>[5/15/2018 1:36:33 AM]&lt;PASS&gt;&lt;HRCCRewardProfileDetails&gt;&lt;Validate that Phone Number is displayed&gt;</Message>
          <Message>[5/15/2018 1:36:34 AM]&lt;Info&gt;AllBrowserWindow : Locating browser window...</Message>
          <Message>[5/15/2018 1:36:41 AM]&lt;PASS&gt;&lt;HRCCRewardProfileDetails&gt;&lt;Validate that The Email address field cannot be empty.&gt;</Message>
          <Message>[5/15/2018 1:36:46 AM]&lt;PASS&gt;&lt;HRCCRewardProfileDetails&gt;&lt;Validate that User is not able to update invalid Email Format&gt;</Message>
          <Message>[5/15/2018 1:37:02 AM]&lt;Info&gt;AllBrowserWindow : Locating browser window...</Message>
          <Message>[5/15/2018 1:37:03 AM]&lt;PASS&gt;&lt;HRCCRewardProfileDetails&gt;&lt;Validate that User is not able to update invalid Email Format&gt;</Message>
          <Message>[5/15/2018 1:37:04 AM]&lt;Info&gt;AllBrowserWindow : Locating browser window...</Message>
          <Message>[5/15/2018 1:37:11 AM]&lt;PASS&gt;&lt;HRCCRewardProfileDetails&gt;&lt;Validate that User address field cannot be empty.&gt;</Message>
          <Message>[5/15/2018 1:37:27 AM]&lt;Info&gt;AllBrowserWindow : Locating browser window...</Message>
          <Message>[5/15/2018 1:37:28 AM]&lt;PASS&gt;&lt;HRCCRewardProfileDetails&gt;&lt;validate that User Address is updated successfully&gt;</Message>
          <Message>[5/15/2018 1:37:28 AM]&lt;Info&gt;AllBrowserWindow : Locating browser window...</Message>
          <Message>[5/15/2018 1:37:36 AM]&lt;PASS&gt;&lt;HRCCRewardProfileDetails&gt;&lt;Validate that User Phone field cannot be empty.&gt;</Message>
          <Message>[5/15/2018 1:37:37 AM]&lt;PASS&gt;&lt;HRCCRewardProfileDetails&gt;&lt;Validate that User is able to Update the Phone Number with max 15 length&gt;</Message>
          <Message>[5/15/2018 1:37:44 AM]&lt;PASS&gt;&lt;HRCCRewardProfileDetails&gt;&lt;Validate that User Phone field cannot be empty.&gt;</Message>
          <Message>[5/15/2018 1:38:00 AM]&lt;Info&gt;AllBrowserWindow : Locating browser window...</Message>
          <Message>[5/15/2018 1:38:00 AM]&lt;PASS&gt;&lt;HRCCRewardProfileDetails&gt;&lt;Validate that User Phone is updated successfully&gt;</Message>
          <Message>[5/15/2018 1:38:00 AM]&lt;INFO&gt;DeleteWishlistFromDatabase : method executing</Message>
          <Message>[5/15/2018 1:38:29 AM]&lt;INFO&gt;DeleteWishlistFromDatabase : method executing</Message>
          <Message>[5/15/2018 1:38:29 AM]&lt;RESULT&gt;Test Ended:#PASS=13, #FAIL=0</Message>
          <Message>[5/15/2018 1:38:30 AM]&lt;INFO&gt;LogCPUAndMemoryUsage: Available Memory = 25186(MB), CPU Usage = 2.012358%</Message>
          <Message>[5/15/2018 1:38:30 AM]&lt;INFO&gt;Private Working Set for QTAgent32_40, usage=269204 (K)</Message>
          <Message>[5/15/2018 1:38:30 AM]&lt;RESULT&gt;&lt;HRCCRewardProfileDetails&gt; Test PASSED</Message>
        </TextMessages>
      </Output>
    </UnitTestResult>
    <UnitTestResult executionId="dea567e5-df3a-43a1-ab2a-ea6b29ca0472" testId="e58a3493-6306-79a3-4243-24dce3ab53ea" testName="HRCCOrderConfirmationSignInNonRewardEnabledUser" computerName="CMP01-YKUMAR" duration="00:01:24.8453463" startTime="2018-05-15T01:38:32.7042310-05:00" endTime="2018-05-15T01:39:57.5622310-05:00" testType="13cdc9d9-ddb5-4fa4-a97d-d965ccfc6d4b" outcome="Failed" testListId="8c84fa94-04c1-424b-9868-57a2d4851a1d" relativeResultsDirectory="dea567e5-df3a-43a1-ab2a-ea6b29ca0472">
      <Output>
        <StdOut>Logging to custom path:\\CMP01-YKumar\AutoLog</StdOut>
        <ErrorInfo>
          <Message>Assert.Fail failed. 
#Other errors=3
[Error details below]
&lt;ERROR&gt;[5/15/2018 1:39:30 AM]&lt;ERROR&gt;UserRegistration : failed executing ...Cannot perform 'Click' on the hidden control. Additional Details: 
TechnologyName:  'Web'
ControlType:  'Pane'
TagName:  'SPAN'
Id:  ''
Name:  ''

&lt;ERROR&gt;[5/15/2018 1:39:52 AM]&lt;Error&gt;AllBrowserWindow : failed executing ...Unable to find Windows Internet Explorer window with 'Account Information - Microsoft Internet Explorer provided by Horizon Hobby' in the title.
&lt;ERROR&gt;[5/15/2018 1:39:54 AM]&lt;Error&gt;HRCCOrderConfirmationSignInNonRewardEnabledUser : failed executing ...Index was outside the bounds of the array.</Message>
          <StackTrace>   at TestAuto.LoggingAndSharedGenericMethods.EndTest() in c:\Builds\1\WebSphere\QATestAutomation\src\CodedUITest\SourceCode\Common\Logging\Logging.cs:line 1628
   at TestAuto.MyAccount.TestCleanup() in c:\Builds\1\WebSphere\QATestAutomation\src\CodedUITest\SourceCode\HHobby\MyAccount\MyAccount.cs:line 3165
</StackTrace>
        </ErrorInfo>
        <TextMessages>
          <Message>[5/15/2018 1:38:32 AM]&lt;STARTLOG&gt;&lt;HRCCOrderConfirmationSignInNonRewardEnabledUser&gt;Test Started: Expecting: #PASS=Undefined and #FAIL=0
Running from MTM=True, running on machine name:CMP01-YKUMAR, user name=ykumar, OS=Microsoft Windows NT 6.1.7601 Service Pack 1, Is64BitOS=True</Message>
          <Message>[5/15/2018 1:38:33 AM]&lt;INFO&gt;LogCPUAndMemoryUsage: Available Memory = 25210(MB), CPU Usage = 34.8741%</Message>
          <Message>[5/15/2018 1:38:33 AM]&lt;INFO&gt;Private Working Set for QTAgent32_40, usage=269304 (K)</Message>
          <Message>[5/15/2018 1:38:33 AM]&lt;INFO&gt;Path To TestConfig xml=C:\Users\ykumar\AppData\Local\VSEQT\QTAgent\26974\CMP01-YKUMAR.horizonhobby.com\Deployment\SharedCommonConfig.xml</Message>
          <Message>[5/15/2018 1:38:33 AM]&lt;INFO&gt;Path To TestData xml=C:\Users\ykumar\AppData\Local\VSEQT\QTAgent\26974\CMP01-YKUMAR.horizonhobby.com\Deployment\MyAccountTestData_013832.xml</Message>
          <Message>[5/15/2018 1:38:33 AM]&lt;INFO&gt;Path To HorizonHobbyQA Application Url=https://www-tst.horizonhobby.com</Message>
          <Message>[5/15/2018 1:38:33 AM]&lt;INFO&gt;HorizonHobbyQA sql connection string=Server=cmp02-ws-tst-db01:50000;Database=TST01DB;UID=wcdbuser;PWD=h0r1z0n;Connect Timeout=30</Message>
          <Message>[5/15/2018 1:38:33 AM]&lt;INFO&gt;Country is := US and language id is := '-1'</Message>
          <Message>[5/15/2018 1:38:33 AM]&lt;INFO&gt;Current browser used for test execution is = 'IE'</Message>
          <Message>[5/15/2018 1:38:38 AM]&lt;INFO&gt;SurveyWindow : method executing ...</Message>
          <Message>[5/15/2018 1:38:44 AM]&lt;INFO&gt;ContinueOnCertificationErrorClickexecuting ...</Message>
          <Message>[5/15/2018 1:38:44 AM]&lt;Info&gt;DEAllBrowserWindow : Locating browser window...</Message>
          <Message>[5/15/2018 1:38:48 AM]&lt;INFO&gt;UserRegistration : method executing ...</Message>
          <Message>[5/15/2018 1:38:49 AM]&lt;INFO&gt;DeleteWishlistFromDatabase : method executing</Message>
          <Message>[5/15/2018 1:38:49 AM]&lt;INFO&gt;DeletOrderItem : method executing</Message>
          <Message>[5/15/2018 1:39:17 AM]&lt;Info&gt;AllBrowserWindow : Locating browser window...</Message>
          <Message>Assert.Fail failed. [5/15/2018 1:39:30 AM]&lt;ERROR&gt;UserRegistration : failed executing ...Cannot perform 'Click' on the hidden control. Additional Details: 
TechnologyName:  'Web'
ControlType:  'Pane'
TagName:  'SPAN'
Id:  ''
Name:  ''
, 
    StackTrace:
    UserRegistration(),SharedUserRegistration.cs,Line Number:836
    RegisterNewUser(),SharedUserRegistration.cs,Line Number:1158
    HRCCOrderConfirmationSignInNonRewardEnabledUser(),MyAccount.cs,Line Number:2788</Message>
          <Message>[5/15/2018 1:39:30 AM]&lt;CaptureImage&gt;\\CMP01-YKumar\AutoLog\CMP01-YKUMAR\HRCCOrderConfirmationSignInNonRewardEnabledUser_20180515013930.png</Message>
          <Message>[5/15/2018 1:39:30 AM]&lt;Info&gt;AllBrowserWindow : Locating browser window...</Message>
          <Message>Assert.Fail failed. [5/15/2018 1:39:52 AM]&lt;Error&gt;AllBrowserWindow : failed executing ...Unable to find Windows Internet Explorer window with 'Account Information - Microsoft Internet Explorer provided by Horizon Hobby' in the title., 
    StackTrace:
    AllBrowserWindow(),SharedBorderFree.cs,Line Number:1037
    UnselectHobbiesInterestedIn(),SharedMyAccount.cs,Line Number:191
    HRCCOrderConfirmationSignInNonRewardEnabledUser(),MyAccount.cs,Line Number:2790</Message>
          <Message>[5/15/2018 1:39:52 AM]&lt;CaptureImage&gt;\\CMP01-YKumar\AutoLog\CMP01-YKUMAR\HRCCOrderConfirmationSignInNonRewardEnabledUser_20180515013952.png</Message>
          <Message>Assert.Fail failed. [5/15/2018 1:39:54 AM]&lt;Error&gt;HRCCOrderConfirmationSignInNonRewardEnabledUser : failed executing ...Index was outside the bounds of the array., 
    StackTrace:
    HRCCOrderConfirmationSignInNonRewardEnabledUser(),MyAccount.cs,Line Number:2842</Message>
          <Message>[5/15/2018 1:39:54 AM]&lt;CaptureImage&gt;\\CMP01-YKumar\AutoLog\CMP01-YKUMAR\HRCCOrderConfirmationSignInNonRewardEnabledUser_20180515013954.png</Message>
          <Message>[5/15/2018 1:39:54 AM]&lt;INFO&gt;DeleteWishlistFromDatabase : method executing</Message>
          <Message>[5/15/2018 1:39:54 AM]&lt;RESULT&gt;Test Ended:#PASS=0, #FAIL=0,#Other errors=3</Message>
          <Message>[5/15/2018 1:39:55 AM]&lt;INFO&gt;LogCPUAndMemoryUsage: Available Memory = 25211(MB), CPU Usage = 23.55951%</Message>
          <Message>[5/15/2018 1:39:55 AM]&lt;INFO&gt;Private Working Set for QTAgent32_40, usage=275352 (K)</Message>
          <Message>[5/15/2018 1:39:55 AM]&lt;RESULT&gt;&lt;HRCCOrderConfirmationSignInNonRewardEnabledUser&gt; Test FAILED: #Other errors=3. See Error Message/logs for further details.</Message>
        </TextMessages>
      </Output>
    </UnitTestResult>
  </Results>
</TestRun>