<?xml version="1.0" encoding="UTF-8"?>
<TestRun id="53c4415f-daa2-4268-9f3d-4c53ca51485b" name="ksharma@CMP01-YKUMAR 2018-05-14 21:41:30" runUser="DOMAIN\ksharma" xmlns="http://microsoft.com/schemas/VisualStudio/TeamTest/2010">
  <TestSettings name="BS2AutomationTestSetting - Kanchan" id="8d5b6331-c83c-4097-af25-270a30f0eacb">
    <Description>BS2AutomationTestSetting - Kanchan</Description>
    <Deployment userDeploymentRoot="C:\Users\ksharma\AppData\Local\VSEQT\QTController\rm\26973" useDefaultDeploymentRoot="false" runDeploymentRoot="ksharma_CMP01-YKUMAR 2018-05-14 21_41_30" />
    <RemoteController name="CMP01-YKUMAR.horizonhobby.com:6901" />
    <Execution location="Remote">
      <Timeouts testTimeout="0" />
      <TestTypeSpecific />
      <AgentRule name="BS2CUIT">
        <SelectionCriteria>
          <AgentProperty name="__Test Environment" value="WebSphere.0.CMP01-INDIASQA" />
          <AgentProperty name="__Machine Role" value="BS2CUIT" />
        </SelectionCriteria>
      </AgentRule>
    </Execution>
    <Properties />
  </TestSettings>
  <Times creation="2018-05-14T21:41:30.1922310-05:00" queuing="2018-05-14T21:41:32.4882310-05:00" start="2018-05-14T21:41:33.0042310-05:00" finish="2018-05-15T03:39:25.2081681-05:00" />
  <ResultSummary outcome="Error">
    <Counters total="66" executed="66" passed="44" error="0" failed="22" timeout="0" aborted="0" inconclusive="0" passedButRunAborted="0" notRunnable="0" notExecuted="0" disconnected="0" warning="0" completed="0" inProgress="0" pending="0" />
    <RunInfos>
      <RunInfo computerName="CMP01-YKUMAR" outcome="Error" timestamp="2018-05-15T03:37:11.4111681-05:00">
        <Text>Exception during deploying files back to host application: System.IO.PathTooLongException: The specified path, file name, or both are too long. The fully qualified file name must be less than 260 characters, and the directory name must be less than 248 characters..</Text>
        <Exception>System.IO.PathTooLongException: The specified path, file name, or both are too long. The fully qualified file name must be less than 260 characters, and the directory name must be less than 248 characters.
   at System.IO.Path.LegacyNormalizePath(String path, Boolean fullCheck, Int32 maxPathLength, Boolean expandShortPaths)
   at System.IO.Path.NormalizePath(String path, Boolean fullCheck, Int32 maxPathLength, Boolean expandShortPaths)
   at System.IO.Path.InternalGetDirectoryName(String path)
   at Microsoft.VisualStudio.TestTools.Common.FileHelper.GetFirstAvailableFilePath(String desiredFilePath, Boolean createFile)
   at Microsoft.VisualStudio.TestTools.TestManagement.Tmi.FileCopyMessageArrived(FileCopyTestResultMessage message)</Exception>
      </RunInfo>
    </RunInfos>
  </ResultSummary>
  <TestDefinitions>
    <UnitTest name="CheckoutGiftCardInformationRemovedBackToCart" storage="\\cmp01-ykumar\qatestautomationbuildsdrop\qatestautomation\qatestautomation_20180514.3\checkout_test.dll" id="7f0202ed-77b7-ab54-2efb-451781aaebb9">
      <DeploymentItems>
        <DeploymentItem filename="TestData\CheckoutCommonTestData.xml" />
        <DeploymentItem filename="SharedCommonConfig\SharedCommonConfig.xml" />
      </DeploymentItems>
      <TcmInformation testCaseId="1516" testRunId="26973" testResultId="100007" />
      <Execution id="0a10b19b-376e-49da-b54a-6704d75d2bd2" />
      <Properties>
        <Property>
          <Key>__Tfs_BuildUri__</Key>
          <Value>vstfs:///Build/Build/1903</Value>
        </Property>
        <Property>
          <Key>__Tfs_IsInLabEnvironment__</Key>
          <Value>true</Value>
        </Property>
        <Property>
          <Key>__Tfs_TestRunId__</Key>
          <Value>26973</Value>
        </Property>
        <Property>
          <Key>__Tfs_TestCaseId__</Key>
          <Value>1516</Value>
        </Property>
        <Property>
          <Key>__Tfs_TeamProject__</Key>
          <Value>WebSphere</Value>
        </Property>
        <Property>
          <Key>__Tfs_BuildDirectory__</Key>
          <Value>\\CMP01-YKUMAR\QATestAutomationBuildsDrop\QATestAutomation\QATestAutomation_20180514.3</Value>
        </Property>
        <Property>
          <Key>__Tfs_LabEnvironment__</Key>
          <Value>&lt;?xml version="1.0" encoding="utf-16"?&gt;&lt;LabEnvironment Id="afd904c8-4332-4335-bd1d-55612a5eed76" Name="CMP01-INDIASQA" Uri="vstfs:///LabManagement/LabEnvironment/316"&gt;&lt;LabSystems&gt;&lt;LabSystem Name="CMP01-INDIASQA" ComputerName="CMP01-INDIASQA.horizonhobby.com" Roles="BS2CUIT"&gt;&lt;CustomProperties /&gt;&lt;/LabSystem&gt;&lt;/LabSystems&gt;&lt;/LabEnvironment&gt;</Value>
        </Property>
        <Property>
          <Key>__Tfs_TestConfigurationId__</Key>
          <Value>17</Value>
        </Property>
        <Property>
          <Key>__Tfs_TestPlanId__</Key>
          <Value>13</Value>
        </Property>
        <Property>
          <Key>__Tfs_TestConfigurationName__</Key>
          <Value>Win 7 with IE 11</Value>
        </Property>
        <Property>
          <Key>__Tfs_TestPointId__</Key>
          <Value>110401</Value>
        </Property>
        <Property>
          <Key>__Tfs_TfsServerCollectionUrl__</Key>
          <Value>http://cmp02-app05:8080/tfs/defaultcollection</Value>
        </Property>
        <Property>
          <Key>__Tfs_BuildPlatform__</Key>
          <Value>Any CPU</Value>
        </Property>
        <Property>
          <Key>__Tfs_BuildNumber__</Key>
          <Value>QATestAutomation_20180514.3</Value>
        </Property>
        <Property>
          <Key>__Tfs_BuildFlavor__</Key>
          <Value>Debug</Value>
        </Property>
        <Property>
          <Key>__Tfs_BuildConfigurationId__</Key>
          <Value>26978</Value>
        </Property>
      </Properties>
      <TestMethod codeBase="file://CMP01-YKUMAR/QATestAutomationBuildsDrop/QATestAutomation/QATestAutomation_20180514.3/Checkout_Test.DLL" adapterTypeName="Microsoft.VisualStudio.TestTools.TestTypes.Unit.UnitTestAdapter, Microsoft.VisualStudio.QualityTools.Tips.UnitTest.Adapter, Version=12.0.0.0, Culture=neutral, PublicKeyToken=b03f5f7f11d50a3a" className="TestAuto.HHBvtSmokeTest, Checkout_Test, Version=1.0.0.0, Culture=neutral, PublicKeyToken=null" name="CheckoutGiftCardInformationRemovedBackToCart" />
      <Extension>Microsoft.VisualStudio.TestTools.UITesting.CodedUITestAttribute, Microsoft.VisualStudio.QualityTools.CodedUITestFramework, Version=12.0.0.0, Culture=neutral, PublicKeyToken=b03f5f7f11d50a3a</Extension>
    </UnitTest>
    <UnitTest name="MyAccountAdditionalFieldsForWishlist" storage="\\cmp01-ykumar\qatestautomationbuildsdrop\qatestautomation\qatestautomation_20180514.3\myaccount.dll" id="e8d25b85-f9e1-12c4-ed05-9a9babe54f89">
      <DeploymentItems>
        <DeploymentItem filename="TestData\MyAccountTestData.xml" />
        <DeploymentItem filename="SharedCommonConfig\SharedCommonConfig.xml" />
      </DeploymentItems>
      <TcmInformation testCaseId="1644" testRunId="26973" testResultId="100024" />
      <Execution id="6821ebe7-2388-4045-af67-aba9a4fe3b72" />
      <Properties>
        <Property>
          <Key>__Tfs_BuildUri__</Key>
          <Value>vstfs:///Build/Build/1903</Value>
        </Property>
        <Property>
          <Key>__Tfs_IsInLabEnvironment__</Key>
          <Value>true</Value>
        </Property>
        <Property>
          <Key>__Tfs_TestRunId__</Key>
          <Value>26973</Value>
        </Property>
        <Property>
          <Key>__Tfs_TestCaseId__</Key>
          <Value>1644</Value>
        </Property>
        <Property>
          <Key>__Tfs_TeamProject__</Key>
          <Value>WebSphere</Value>
        </Property>
        <Property>
          <Key>__Tfs_BuildDirectory__</Key>
          <Value>\\CMP01-YKUMAR\QATestAutomationBuildsDrop\QATestAutomation\QATestAutomation_20180514.3</Value>
        </Property>
        <Property>
          <Key>__Tfs_LabEnvironment__</Key>
          <Value>&lt;?xml version="1.0" encoding="utf-16"?&gt;&lt;LabEnvironment Id="afd904c8-4332-4335-bd1d-55612a5eed76" Name="CMP01-INDIASQA" Uri="vstfs:///LabManagement/LabEnvironment/316"&gt;&lt;LabSystems&gt;&lt;LabSystem Name="CMP01-INDIASQA" ComputerName="CMP01-INDIASQA.horizonhobby.com" Roles="BS2CUIT"&gt;&lt;CustomProperties /&gt;&lt;/LabSystem&gt;&lt;/LabSystems&gt;&lt;/LabEnvironment&gt;</Value>
        </Property>
        <Property>
          <Key>__Tfs_TestConfigurationId__</Key>
          <Value>17</Value>
        </Property>
        <Property>
          <Key>__Tfs_TestPlanId__</Key>
          <Value>13</Value>
        </Property>
        <Property>
          <Key>__Tfs_TestConfigurationName__</Key>
          <Value>Win 7 with IE 11</Value>
        </Property>
        <Property>
          <Key>__Tfs_TestPointId__</Key>
          <Value>110347</Value>
        </Property>
        <Property>
          <Key>__Tfs_TfsServerCollectionUrl__</Key>
          <Value>http://cmp02-app05:8080/tfs/defaultcollection</Value>
        </Property>
        <Property>
          <Key>__Tfs_BuildPlatform__</Key>
          <Value>Any CPU</Value>
        </Property>
        <Property>
          <Key>__Tfs_BuildNumber__</Key>
          <Value>QATestAutomation_20180514.3</Value>
        </Property>
        <Property>
          <Key>__Tfs_BuildFlavor__</Key>
          <Value>Debug</Value>
        </Property>
        <Property>
          <Key>__Tfs_BuildConfigurationId__</Key>
          <Value>26978</Value>
        </Property>
      </Properties>
      <TestMethod codeBase="file://CMP01-YKUMAR/QATestAutomationBuildsDrop/QATestAutomation/QATestAutomation_20180514.3/MyAccount.DLL" adapterTypeName="Microsoft.VisualStudio.TestTools.TestTypes.Unit.UnitTestAdapter, Microsoft.VisualStudio.QualityTools.Tips.UnitTest.Adapter, Version=12.0.0.0, Culture=neutral, PublicKeyToken=b03f5f7f11d50a3a" className="TestAuto.MyAccount, MyAccount, Version=1.0.0.0, Culture=neutral, PublicKeyToken=null" name="MyAccountAdditionalFieldsForWishlist" />
      <Extension>Microsoft.VisualStudio.TestTools.UITesting.CodedUITestAttribute, Microsoft.VisualStudio.QualityTools.CodedUITestFramework, Version=12.0.0.0, Culture=neutral, PublicKeyToken=b03f5f7f11d50a3a</Extension>
    </UnitTest>
    <UnitTest name="CheckoutCartUpdateRules" storage="\\cmp01-ykumar\qatestautomationbuildsdrop\qatestautomation\qatestautomation_20180514.3\checkout_test.dll" id="3edd0b63-bf6f-08bc-7a35-6f63ec5b1606">
      <DeploymentItems>
        <DeploymentItem filename="TestData\CheckoutCommonTestData.xml" />
        <DeploymentItem filename="SharedCommonConfig\SharedCommonConfig.xml" />
      </DeploymentItems>
      <TcmInformation testCaseId="1525" testRunId="26973" testResultId="100008" />
      <Execution id="ea0d5047-c6fc-4121-81cf-e8535a103ff1" />
      <Properties>
        <Property>
          <Key>__Tfs_BuildUri__</Key>
          <Value>vstfs:///Build/Build/1903</Value>
        </Property>
        <Property>
          <Key>__Tfs_IsInLabEnvironment__</Key>
          <Value>true</Value>
        </Property>
        <Property>
          <Key>__Tfs_TestRunId__</Key>
          <Value>26973</Value>
        </Property>
        <Property>
          <Key>__Tfs_TestCaseId__</Key>
          <Value>1525</Value>
        </Property>
        <Property>
          <Key>__Tfs_TeamProject__</Key>
          <Value>WebSphere</Value>
        </Property>
        <Property>
          <Key>__Tfs_BuildDirectory__</Key>
          <Value>\\CMP01-YKUMAR\QATestAutomationBuildsDrop\QATestAutomation\QATestAutomation_20180514.3</Value>
        </Property>
        <Property>
          <Key>__Tfs_LabEnvironment__</Key>
          <Value>&lt;?xml version="1.0" encoding="utf-16"?&gt;&lt;LabEnvironment Id="afd904c8-4332-4335-bd1d-55612a5eed76" Name="CMP01-INDIASQA" Uri="vstfs:///LabManagement/LabEnvironment/316"&gt;&lt;LabSystems&gt;&lt;LabSystem Name="CMP01-INDIASQA" ComputerName="CMP01-INDIASQA.horizonhobby.com" Roles="BS2CUIT"&gt;&lt;CustomProperties /&gt;&lt;/LabSystem&gt;&lt;/LabSystems&gt;&lt;/LabEnvironment&gt;</Value>
        </Property>
        <Property>
          <Key>__Tfs_TestConfigurationId__</Key>
          <Value>17</Value>
        </Property>
        <Property>
          <Key>__Tfs_TestPlanId__</Key>
          <Value>13</Value>
        </Property>
        <Property>
          <Key>__Tfs_TestConfigurationName__</Key>
          <Value>Win 7 with IE 11</Value>
        </Property>
        <Property>
          <Key>__Tfs_TestPointId__</Key>
          <Value>110219</Value>
        </Property>
        <Property>
          <Key>__Tfs_TfsServerCollectionUrl__</Key>
          <Value>http://cmp02-app05:8080/tfs/defaultcollection</Value>
        </Property>
        <Property>
          <Key>__Tfs_BuildPlatform__</Key>
          <Value>Any CPU</Value>
        </Property>
        <Property>
          <Key>__Tfs_BuildNumber__</Key>
          <Value>QATestAutomation_20180514.3</Value>
        </Property>
        <Property>
          <Key>__Tfs_BuildFlavor__</Key>
          <Value>Debug</Value>
        </Property>
        <Property>
          <Key>__Tfs_BuildConfigurationId__</Key>
          <Value>26978</Value>
        </Property>
      </Properties>
      <TestMethod codeBase="file://CMP01-YKUMAR/QATestAutomationBuildsDrop/QATestAutomation/QATestAutomation_20180514.3/Checkout_Test.DLL" adapterTypeName="Microsoft.VisualStudio.TestTools.TestTypes.Unit.UnitTestAdapter, Microsoft.VisualStudio.QualityTools.Tips.UnitTest.Adapter, Version=12.0.0.0, Culture=neutral, PublicKeyToken=b03f5f7f11d50a3a" className="TestAuto.HHBvtSmokeTest, Checkout_Test, Version=1.0.0.0, Culture=neutral, PublicKeyToken=null" name="CheckoutCartUpdateRules" />
      <Extension>Microsoft.VisualStudio.TestTools.UITesting.CodedUITestAttribute, Microsoft.VisualStudio.QualityTools.CodedUITestFramework, Version=12.0.0.0, Culture=neutral, PublicKeyToken=b03f5f7f11d50a3a</Extension>
    </UnitTest>
    <UnitTest name="AmountUpdatedOnShippingMethodSelection" storage="\\cmp01-ykumar\qatestautomationbuildsdrop\qatestautomation\qatestautomation_20180514.3\cartdisplaytest.dll" id="4a2023df-cff0-a188-4800-e39042069fba">
      <DeploymentItems>
        <DeploymentItem filename="TestData\CartDisplayTestData.xml" />
        <DeploymentItem filename="SharedCommonConfig\SharedCommonConfig.xml" />
      </DeploymentItems>
      <TcmInformation testCaseId="2096" testRunId="26973" testResultId="100050" />
      <Execution id="0508e065-cb93-4b18-b3cb-52196c934dc7" />
      <Properties>
        <Property>
          <Key>__Tfs_BuildUri__</Key>
          <Value>vstfs:///Build/Build/1903</Value>
        </Property>
        <Property>
          <Key>__Tfs_IsInLabEnvironment__</Key>
          <Value>true</Value>
        </Property>
        <Property>
          <Key>__Tfs_TestRunId__</Key>
          <Value>26973</Value>
        </Property>
        <Property>
          <Key>__Tfs_TestCaseId__</Key>
          <Value>2096</Value>
        </Property>
        <Property>
          <Key>__Tfs_TeamProject__</Key>
          <Value>WebSphere</Value>
        </Property>
        <Property>
          <Key>__Tfs_BuildDirectory__</Key>
          <Value>\\CMP01-YKUMAR\QATestAutomationBuildsDrop\QATestAutomation\QATestAutomation_20180514.3</Value>
        </Property>
        <Property>
          <Key>__Tfs_LabEnvironment__</Key>
          <Value>&lt;?xml version="1.0" encoding="utf-16"?&gt;&lt;LabEnvironment Id="afd904c8-4332-4335-bd1d-55612a5eed76" Name="CMP01-INDIASQA" Uri="vstfs:///LabManagement/LabEnvironment/316"&gt;&lt;LabSystems&gt;&lt;LabSystem Name="CMP01-INDIASQA" ComputerName="CMP01-INDIASQA.horizonhobby.com" Roles="BS2CUIT"&gt;&lt;CustomProperties /&gt;&lt;/LabSystem&gt;&lt;/LabSystems&gt;&lt;/LabEnvironment&gt;</Value>
        </Property>
        <Property>
          <Key>__Tfs_TestConfigurationId__</Key>
          <Value>17</Value>
        </Property>
        <Property>
          <Key>__Tfs_TestPlanId__</Key>
          <Value>13</Value>
        </Property>
        <Property>
          <Key>__Tfs_TestConfigurationName__</Key>
          <Value>Win 7 with IE 11</Value>
        </Property>
        <Property>
          <Key>__Tfs_TestPointId__</Key>
          <Value>110235</Value>
        </Property>
        <Property>
          <Key>__Tfs_TfsServerCollectionUrl__</Key>
          <Value>http://cmp02-app05:8080/tfs/defaultcollection</Value>
        </Property>
        <Property>
          <Key>__Tfs_BuildPlatform__</Key>
          <Value>Any CPU</Value>
        </Property>
        <Property>
          <Key>__Tfs_BuildNumber__</Key>
          <Value>QATestAutomation_20180514.3</Value>
        </Property>
        <Property>
          <Key>__Tfs_BuildFlavor__</Key>
          <Value>Debug</Value>
        </Property>
        <Property>
          <Key>__Tfs_BuildConfigurationId__</Key>
          <Value>26978</Value>
        </Property>
      </Properties>
      <TestMethod codeBase="file://CMP01-YKUMAR/QATestAutomationBuildsDrop/QATestAutomation/QATestAutomation_20180514.3/CartDisplayTest.DLL" adapterTypeName="Microsoft.VisualStudio.TestTools.TestTypes.Unit.UnitTestAdapter, Microsoft.VisualStudio.QualityTools.Tips.UnitTest.Adapter, Version=12.0.0.0, Culture=neutral, PublicKeyToken=b03f5f7f11d50a3a" className="TestAuto.CartDisplayTest, CartDisplayTest, Version=1.0.0.0, Culture=neutral, PublicKeyToken=null" name="AmountUpdatedOnShippingMethodSelection" />
      <Extension>Microsoft.VisualStudio.TestTools.UITesting.CodedUITestAttribute, Microsoft.VisualStudio.QualityTools.CodedUITestFramework, Version=12.0.0.0, Culture=neutral, PublicKeyToken=b03f5f7f11d50a3a</Extension>
    </UnitTest>
    <UnitTest name="PayPalCheckoutCanadaAddress" storage="\\cmp01-ykumar\qatestautomationbuildsdrop\qatestautomation\qatestautomation_20180514.3\checkout_test.dll" id="09387ed1-c2fb-d547-481c-d59c0b415953">
      <DeploymentItems>
        <DeploymentItem filename="TestData\CheckoutPaypalTestData.xml" />
        <DeploymentItem filename="SharedCommonConfig\SharedCommonConfig.xml" />
      </DeploymentItems>
      <TcmInformation testCaseId="1570" testRunId="26973" testResultId="100016" />
      <Execution id="a14d14b0-88f3-47fe-a32a-09c90c331e89" />
      <Properties>
        <Property>
          <Key>__Tfs_BuildUri__</Key>
          <Value>vstfs:///Build/Build/1903</Value>
        </Property>
        <Property>
          <Key>__Tfs_IsInLabEnvironment__</Key>
          <Value>true</Value>
        </Property>
        <Property>
          <Key>__Tfs_TestRunId__</Key>
          <Value>26973</Value>
        </Property>
        <Property>
          <Key>__Tfs_TestCaseId__</Key>
          <Value>1570</Value>
        </Property>
        <Property>
          <Key>__Tfs_TeamProject__</Key>
          <Value>WebSphere</Value>
        </Property>
        <Property>
          <Key>__Tfs_BuildDirectory__</Key>
          <Value>\\CMP01-YKUMAR\QATestAutomationBuildsDrop\QATestAutomation\QATestAutomation_20180514.3</Value>
        </Property>
        <Property>
          <Key>__Tfs_LabEnvironment__</Key>
          <Value>&lt;?xml version="1.0" encoding="utf-16"?&gt;&lt;LabEnvironment Id="afd904c8-4332-4335-bd1d-55612a5eed76" Name="CMP01-INDIASQA" Uri="vstfs:///LabManagement/LabEnvironment/316"&gt;&lt;LabSystems&gt;&lt;LabSystem Name="CMP01-INDIASQA" ComputerName="CMP01-INDIASQA.horizonhobby.com" Roles="BS2CUIT"&gt;&lt;CustomProperties /&gt;&lt;/LabSystem&gt;&lt;/LabSystems&gt;&lt;/LabEnvironment&gt;</Value>
        </Property>
        <Property>
          <Key>__Tfs_TestConfigurationId__</Key>
          <Value>17</Value>
        </Property>
        <Property>
          <Key>__Tfs_TestPlanId__</Key>
          <Value>13</Value>
        </Property>
        <Property>
          <Key>__Tfs_TestConfigurationName__</Key>
          <Value>Win 7 with IE 11</Value>
        </Property>
        <Property>
          <Key>__Tfs_TestPointId__</Key>
          <Value>110221</Value>
        </Property>
        <Property>
          <Key>__Tfs_TfsServerCollectionUrl__</Key>
          <Value>http://cmp02-app05:8080/tfs/defaultcollection</Value>
        </Property>
        <Property>
          <Key>__Tfs_BuildPlatform__</Key>
          <Value>Any CPU</Value>
        </Property>
        <Property>
          <Key>__Tfs_BuildNumber__</Key>
          <Value>QATestAutomation_20180514.3</Value>
        </Property>
        <Property>
          <Key>__Tfs_BuildFlavor__</Key>
          <Value>Debug</Value>
        </Property>
        <Property>
          <Key>__Tfs_BuildConfigurationId__</Key>
          <Value>26978</Value>
        </Property>
      </Properties>
      <TestMethod codeBase="file://CMP01-YKUMAR/QATestAutomationBuildsDrop/QATestAutomation/QATestAutomation_20180514.3/Checkout_Test.DLL" adapterTypeName="Microsoft.VisualStudio.TestTools.TestTypes.Unit.UnitTestAdapter, Microsoft.VisualStudio.QualityTools.Tips.UnitTest.Adapter, Version=12.0.0.0, Culture=neutral, PublicKeyToken=b03f5f7f11d50a3a" className="TestAuto.CheckoutPayPal, Checkout_Test, Version=1.0.0.0, Culture=neutral, PublicKeyToken=null" name="PayPalCheckoutCanadaAddress" />
      <Extension>Microsoft.VisualStudio.TestTools.UITesting.CodedUITestAttribute, Microsoft.VisualStudio.QualityTools.CodedUITestFramework, Version=12.0.0.0, Culture=neutral, PublicKeyToken=b03f5f7f11d50a3a</Extension>
    </UnitTest>
    <UnitTest name="CartPromoCodeRemoval" storage="\\cmp01-ykumar\qatestautomationbuildsdrop\qatestautomation\qatestautomation_20180514.3\cartdisplaytest.dll" id="d943e4ea-2bc5-a462-1477-25992917a0ec">
      <DeploymentItems>
        <DeploymentItem filename="TestData\CartDisplayTestData.xml" />
        <DeploymentItem filename="SharedCommonConfig\SharedCommonConfig.xml" />
      </DeploymentItems>
      <TcmInformation testCaseId="2011" testRunId="26973" testResultId="100045" />
      <Execution id="f1231435-75c3-4735-a6ab-c7ac4bda502a" />
      <Properties>
        <Property>
          <Key>__Tfs_BuildUri__</Key>
          <Value>vstfs:///Build/Build/1903</Value>
        </Property>
        <Property>
          <Key>__Tfs_IsInLabEnvironment__</Key>
          <Value>true</Value>
        </Property>
        <Property>
          <Key>__Tfs_TestRunId__</Key>
          <Value>26973</Value>
        </Property>
        <Property>
          <Key>__Tfs_TestCaseId__</Key>
          <Value>2011</Value>
        </Property>
        <Property>
          <Key>__Tfs_TeamProject__</Key>
          <Value>WebSphere</Value>
        </Property>
        <Property>
          <Key>__Tfs_BuildDirectory__</Key>
          <Value>\\CMP01-YKUMAR\QATestAutomationBuildsDrop\QATestAutomation\QATestAutomation_20180514.3</Value>
        </Property>
        <Property>
          <Key>__Tfs_LabEnvironment__</Key>
          <Value>&lt;?xml version="1.0" encoding="utf-16"?&gt;&lt;LabEnvironment Id="afd904c8-4332-4335-bd1d-55612a5eed76" Name="CMP01-INDIASQA" Uri="vstfs:///LabManagement/LabEnvironment/316"&gt;&lt;LabSystems&gt;&lt;LabSystem Name="CMP01-INDIASQA" ComputerName="CMP01-INDIASQA.horizonhobby.com" Roles="BS2CUIT"&gt;&lt;CustomProperties /&gt;&lt;/LabSystem&gt;&lt;/LabSystems&gt;&lt;/LabEnvironment&gt;</Value>
        </Property>
        <Property>
          <Key>__Tfs_TestConfigurationId__</Key>
          <Value>17</Value>
        </Property>
        <Property>
          <Key>__Tfs_TestPlanId__</Key>
          <Value>13</Value>
        </Property>
        <Property>
          <Key>__Tfs_TestConfigurationName__</Key>
          <Value>Win 7 with IE 11</Value>
        </Property>
        <Property>
          <Key>__Tfs_TestPointId__</Key>
          <Value>110229</Value>
        </Property>
        <Property>
          <Key>__Tfs_TfsServerCollectionUrl__</Key>
          <Value>http://cmp02-app05:8080/tfs/defaultcollection</Value>
        </Property>
        <Property>
          <Key>__Tfs_BuildPlatform__</Key>
          <Value>Any CPU</Value>
        </Property>
        <Property>
          <Key>__Tfs_BuildNumber__</Key>
          <Value>QATestAutomation_20180514.3</Value>
        </Property>
        <Property>
          <Key>__Tfs_BuildFlavor__</Key>
          <Value>Debug</Value>
        </Property>
        <Property>
          <Key>__Tfs_BuildConfigurationId__</Key>
          <Value>26978</Value>
        </Property>
      </Properties>
      <TestMethod codeBase="file://CMP01-YKUMAR/QATestAutomationBuildsDrop/QATestAutomation/QATestAutomation_20180514.3/CartDisplayTest.DLL" adapterTypeName="Microsoft.VisualStudio.TestTools.TestTypes.Unit.UnitTestAdapter, Microsoft.VisualStudio.QualityTools.Tips.UnitTest.Adapter, Version=12.0.0.0, Culture=neutral, PublicKeyToken=b03f5f7f11d50a3a" className="TestAuto.CartDisplayTest, CartDisplayTest, Version=1.0.0.0, Culture=neutral, PublicKeyToken=null" name="CartPromoCodeRemoval" />
      <Extension>Microsoft.VisualStudio.TestTools.UITesting.CodedUITestAttribute, Microsoft.VisualStudio.QualityTools.CodedUITestFramework, Version=12.0.0.0, Culture=neutral, PublicKeyToken=b03f5f7f11d50a3a</Extension>
    </UnitTest>
    <UnitTest name="CreditCardCheckoutAlaskaAndHawaiiStateAddress" storage="\\cmp01-ykumar\qatestautomationbuildsdrop\qatestautomation\qatestautomation_20180514.3\checkout_test.dll" id="31b64b20-2e38-7f68-e596-84cced91efc4">
      <DeploymentItems>
        <DeploymentItem filename="TestData\CheckoutCreditCard.xml" />
        <DeploymentItem filename="SharedCommonConfig\SharedCommonConfig.xml" />
      </DeploymentItems>
      <TcmInformation testCaseId="3433" testRunId="26973" testResultId="100060" />
      <Execution id="07bf9dd5-7f21-41f1-9e6b-48908eba849e" />
      <Properties>
        <Property>
          <Key>__Tfs_BuildUri__</Key>
          <Value>vstfs:///Build/Build/1903</Value>
        </Property>
        <Property>
          <Key>__Tfs_IsInLabEnvironment__</Key>
          <Value>true</Value>
        </Property>
        <Property>
          <Key>__Tfs_TestRunId__</Key>
          <Value>26973</Value>
        </Property>
        <Property>
          <Key>__Tfs_TestCaseId__</Key>
          <Value>3433</Value>
        </Property>
        <Property>
          <Key>__Tfs_TeamProject__</Key>
          <Value>WebSphere</Value>
        </Property>
        <Property>
          <Key>__Tfs_BuildDirectory__</Key>
          <Value>\\CMP01-YKUMAR\QATestAutomationBuildsDrop\QATestAutomation\QATestAutomation_20180514.3</Value>
        </Property>
        <Property>
          <Key>__Tfs_LabEnvironment__</Key>
          <Value>&lt;?xml version="1.0" encoding="utf-16"?&gt;&lt;LabEnvironment Id="afd904c8-4332-4335-bd1d-55612a5eed76" Name="CMP01-INDIASQA" Uri="vstfs:///LabManagement/LabEnvironment/316"&gt;&lt;LabSystems&gt;&lt;LabSystem Name="CMP01-INDIASQA" ComputerName="CMP01-INDIASQA.horizonhobby.com" Roles="BS2CUIT"&gt;&lt;CustomProperties /&gt;&lt;/LabSystem&gt;&lt;/LabSystems&gt;&lt;/LabEnvironment&gt;</Value>
        </Property>
        <Property>
          <Key>__Tfs_TestConfigurationId__</Key>
          <Value>17</Value>
        </Property>
        <Property>
          <Key>__Tfs_TestPlanId__</Key>
          <Value>13</Value>
        </Property>
        <Property>
          <Key>__Tfs_TestConfigurationName__</Key>
          <Value>Win 7 with IE 11</Value>
        </Property>
        <Property>
          <Key>__Tfs_TestPointId__</Key>
          <Value>110246</Value>
        </Property>
        <Property>
          <Key>__Tfs_TfsServerCollectionUrl__</Key>
          <Value>http://cmp02-app05:8080/tfs/defaultcollection</Value>
        </Property>
        <Property>
          <Key>__Tfs_BuildPlatform__</Key>
          <Value>Any CPU</Value>
        </Property>
        <Property>
          <Key>__Tfs_BuildNumber__</Key>
          <Value>QATestAutomation_20180514.3</Value>
        </Property>
        <Property>
          <Key>__Tfs_BuildFlavor__</Key>
          <Value>Debug</Value>
        </Property>
        <Property>
          <Key>__Tfs_BuildConfigurationId__</Key>
          <Value>26978</Value>
        </Property>
      </Properties>
      <TestMethod codeBase="file://CMP01-YKUMAR/QATestAutomationBuildsDrop/QATestAutomation/QATestAutomation_20180514.3/Checkout_Test.DLL" adapterTypeName="Microsoft.VisualStudio.TestTools.TestTypes.Unit.UnitTestAdapter, Microsoft.VisualStudio.QualityTools.Tips.UnitTest.Adapter, Version=12.0.0.0, Culture=neutral, PublicKeyToken=b03f5f7f11d50a3a" className="TestAuto.CheckoutCreditCard, Checkout_Test, Version=1.0.0.0, Culture=neutral, PublicKeyToken=null" name="CreditCardCheckoutAlaskaAndHawaiiStateAddress" />
      <Extension>Microsoft.VisualStudio.TestTools.UITesting.CodedUITestAttribute, Microsoft.VisualStudio.QualityTools.CodedUITestFramework, Version=12.0.0.0, Culture=neutral, PublicKeyToken=b03f5f7f11d50a3a</Extension>
    </UnitTest>
    <UnitTest name="CreditCardCheckoutBillingAndShippingAddressAreDifferentAsSigninUser" storage="\\cmp01-ykumar\qatestautomationbuildsdrop\qatestautomation\qatestautomation_20180514.3\checkout_test.dll" id="8a0c4599-8d47-4829-d166-868c7eeefeab">
      <DeploymentItems>
        <DeploymentItem filename="TestData\CheckoutCreditCard.xml" />
        <DeploymentItem filename="SharedCommonConfig\SharedCommonConfig.xml" />
      </DeploymentItems>
      <TcmInformation testCaseId="1499" testRunId="26973" testResultId="100005" />
      <Execution id="d3460402-6e9a-4ec4-9d9c-9218e7d88f69" />
      <Properties>
        <Property>
          <Key>__Tfs_BuildUri__</Key>
          <Value>vstfs:///Build/Build/1903</Value>
        </Property>
        <Property>
          <Key>__Tfs_IsInLabEnvironment__</Key>
          <Value>true</Value>
        </Property>
        <Property>
          <Key>__Tfs_TestRunId__</Key>
          <Value>26973</Value>
        </Property>
        <Property>
          <Key>__Tfs_TestCaseId__</Key>
          <Value>1499</Value>
        </Property>
        <Property>
          <Key>__Tfs_TeamProject__</Key>
          <Value>WebSphere</Value>
        </Property>
        <Property>
          <Key>__Tfs_BuildDirectory__</Key>
          <Value>\\CMP01-YKUMAR\QATestAutomationBuildsDrop\QATestAutomation\QATestAutomation_20180514.3</Value>
        </Property>
        <Property>
          <Key>__Tfs_LabEnvironment__</Key>
          <Value>&lt;?xml version="1.0" encoding="utf-16"?&gt;&lt;LabEnvironment Id="afd904c8-4332-4335-bd1d-55612a5eed76" Name="CMP01-INDIASQA" Uri="vstfs:///LabManagement/LabEnvironment/316"&gt;&lt;LabSystems&gt;&lt;LabSystem Name="CMP01-INDIASQA" ComputerName="CMP01-INDIASQA.horizonhobby.com" Roles="BS2CUIT"&gt;&lt;CustomProperties /&gt;&lt;/LabSystem&gt;&lt;/LabSystems&gt;&lt;/LabEnvironment&gt;</Value>
        </Property>
        <Property>
          <Key>__Tfs_TestConfigurationId__</Key>
          <Value>17</Value>
        </Property>
        <Property>
          <Key>__Tfs_TestPlanId__</Key>
          <Value>13</Value>
        </Property>
        <Property>
          <Key>__Tfs_TestConfigurationName__</Key>
          <Value>Win 7 with IE 11</Value>
        </Property>
        <Property>
          <Key>__Tfs_TestPointId__</Key>
          <Value>110399</Value>
        </Property>
        <Property>
          <Key>__Tfs_TfsServerCollectionUrl__</Key>
          <Value>http://cmp02-app05:8080/tfs/defaultcollection</Value>
        </Property>
        <Property>
          <Key>__Tfs_BuildPlatform__</Key>
          <Value>Any CPU</Value>
        </Property>
        <Property>
          <Key>__Tfs_BuildNumber__</Key>
          <Value>QATestAutomation_20180514.3</Value>
        </Property>
        <Property>
          <Key>__Tfs_BuildFlavor__</Key>
          <Value>Debug</Value>
        </Property>
        <Property>
          <Key>__Tfs_BuildConfigurationId__</Key>
          <Value>26978</Value>
        </Property>
      </Properties>
      <TestMethod codeBase="file://CMP01-YKUMAR/QATestAutomationBuildsDrop/QATestAutomation/QATestAutomation_20180514.3/Checkout_Test.DLL" adapterTypeName="Microsoft.VisualStudio.TestTools.TestTypes.Unit.UnitTestAdapter, Microsoft.VisualStudio.QualityTools.Tips.UnitTest.Adapter, Version=12.0.0.0, Culture=neutral, PublicKeyToken=b03f5f7f11d50a3a" className="TestAuto.CheckoutCreditCard, Checkout_Test, Version=1.0.0.0, Culture=neutral, PublicKeyToken=null" name="CreditCardCheckoutBillingAndShippingAddressAreDifferentAsSigninUser" />
      <Extension>Microsoft.VisualStudio.TestTools.UITesting.CodedUITestAttribute, Microsoft.VisualStudio.QualityTools.CodedUITestFramework, Version=12.0.0.0, Culture=neutral, PublicKeyToken=b03f5f7f11d50a3a</Extension>
    </UnitTest>
    <UnitTest name="PayPalCheckoutGuestUser" storage="\\cmp01-ykumar\qatestautomationbuildsdrop\qatestautomation\qatestautomation_20180514.3\checkout_test.dll" id="2f29873d-6ea4-c4ab-692f-c7469884039b">
      <DeploymentItems>
        <DeploymentItem filename="TestData\CheckoutPaypalTestData.xml" />
        <DeploymentItem filename="SharedCommonConfig\SharedCommonConfig.xml" />
      </DeploymentItems>
      <TcmInformation testCaseId="1560" testRunId="26973" testResultId="100011" />
      <Execution id="6e6046dd-4e4d-4515-a9f0-0d84e6102576" />
      <Properties>
        <Property>
          <Key>__Tfs_BuildUri__</Key>
          <Value>vstfs:///Build/Build/1903</Value>
        </Property>
        <Property>
          <Key>__Tfs_IsInLabEnvironment__</Key>
          <Value>true</Value>
        </Property>
        <Property>
          <Key>__Tfs_TestRunId__</Key>
          <Value>26973</Value>
        </Property>
        <Property>
          <Key>__Tfs_TestCaseId__</Key>
          <Value>1560</Value>
        </Property>
        <Property>
          <Key>__Tfs_TeamProject__</Key>
          <Value>WebSphere</Value>
        </Property>
        <Property>
          <Key>__Tfs_BuildDirectory__</Key>
          <Value>\\CMP01-YKUMAR\QATestAutomationBuildsDrop\QATestAutomation\QATestAutomation_20180514.3</Value>
        </Property>
        <Property>
          <Key>__Tfs_LabEnvironment__</Key>
          <Value>&lt;?xml version="1.0" encoding="utf-16"?&gt;&lt;LabEnvironment Id="afd904c8-4332-4335-bd1d-55612a5eed76" Name="CMP01-INDIASQA" Uri="vstfs:///LabManagement/LabEnvironment/316"&gt;&lt;LabSystems&gt;&lt;LabSystem Name="CMP01-INDIASQA" ComputerName="CMP01-INDIASQA.horizonhobby.com" Roles="BS2CUIT"&gt;&lt;CustomProperties /&gt;&lt;/LabSystem&gt;&lt;/LabSystems&gt;&lt;/LabEnvironment&gt;</Value>
        </Property>
        <Property>
          <Key>__Tfs_TestConfigurationId__</Key>
          <Value>17</Value>
        </Property>
        <Property>
          <Key>__Tfs_TestPlanId__</Key>
          <Value>13</Value>
        </Property>
        <Property>
          <Key>__Tfs_TestConfigurationName__</Key>
          <Value>Win 7 with IE 11</Value>
        </Property>
        <Property>
          <Key>__Tfs_TestPointId__</Key>
          <Value>110410</Value>
        </Property>
        <Property>
          <Key>__Tfs_TfsServerCollectionUrl__</Key>
          <Value>http://cmp02-app05:8080/tfs/defaultcollection</Value>
        </Property>
        <Property>
          <Key>__Tfs_BuildPlatform__</Key>
          <Value>Any CPU</Value>
        </Property>
        <Property>
          <Key>__Tfs_BuildNumber__</Key>
          <Value>QATestAutomation_20180514.3</Value>
        </Property>
        <Property>
          <Key>__Tfs_BuildFlavor__</Key>
          <Value>Debug</Value>
        </Property>
        <Property>
          <Key>__Tfs_BuildConfigurationId__</Key>
          <Value>26978</Value>
        </Property>
      </Properties>
      <TestMethod codeBase="file://CMP01-YKUMAR/QATestAutomationBuildsDrop/QATestAutomation/QATestAutomation_20180514.3/Checkout_Test.DLL" adapterTypeName="Microsoft.VisualStudio.TestTools.TestTypes.Unit.UnitTestAdapter, Microsoft.VisualStudio.QualityTools.Tips.UnitTest.Adapter, Version=12.0.0.0, Culture=neutral, PublicKeyToken=b03f5f7f11d50a3a" className="TestAuto.CheckoutPayPal, Checkout_Test, Version=1.0.0.0, Culture=neutral, PublicKeyToken=null" name="PayPalCheckoutGuestUser" />
      <Extension>Microsoft.VisualStudio.TestTools.UITesting.CodedUITestAttribute, Microsoft.VisualStudio.QualityTools.CodedUITestFramework, Version=12.0.0.0, Culture=neutral, PublicKeyToken=b03f5f7f11d50a3a</Extension>
    </UnitTest>
    <UnitTest name="CartOrderLevelPromotion" storage="\\cmp01-ykumar\qatestautomationbuildsdrop\qatestautomation\qatestautomation_20180514.3\cartdisplaytest.dll" id="89a0ab30-1bbc-7fdd-12c1-67361a28bdcd">
      <DeploymentItems>
        <DeploymentItem filename="TestData\CartDisplayTestData.xml" />
        <DeploymentItem filename="SharedCommonConfig\SharedCommonConfig.xml" />
      </DeploymentItems>
      <TcmInformation testCaseId="2012" testRunId="26973" testResultId="100046" />
      <Execution id="f3a80dd7-b32f-4546-a8a6-604dd1f240fe" />
      <Properties>
        <Property>
          <Key>__Tfs_BuildUri__</Key>
          <Value>vstfs:///Build/Build/1903</Value>
        </Property>
        <Property>
          <Key>__Tfs_IsInLabEnvironment__</Key>
          <Value>true</Value>
        </Property>
        <Property>
          <Key>__Tfs_TestRunId__</Key>
          <Value>26973</Value>
        </Property>
        <Property>
          <Key>__Tfs_TestCaseId__</Key>
          <Value>2012</Value>
        </Property>
        <Property>
          <Key>__Tfs_TeamProject__</Key>
          <Value>WebSphere</Value>
        </Property>
        <Property>
          <Key>__Tfs_BuildDirectory__</Key>
          <Value>\\CMP01-YKUMAR\QATestAutomationBuildsDrop\QATestAutomation\QATestAutomation_20180514.3</Value>
        </Property>
        <Property>
          <Key>__Tfs_LabEnvironment__</Key>
          <Value>&lt;?xml version="1.0" encoding="utf-16"?&gt;&lt;LabEnvironment Id="afd904c8-4332-4335-bd1d-55612a5eed76" Name="CMP01-INDIASQA" Uri="vstfs:///LabManagement/LabEnvironment/316"&gt;&lt;LabSystems&gt;&lt;LabSystem Name="CMP01-INDIASQA" ComputerName="CMP01-INDIASQA.horizonhobby.com" Roles="BS2CUIT"&gt;&lt;CustomProperties /&gt;&lt;/LabSystem&gt;&lt;/LabSystems&gt;&lt;/LabEnvironment&gt;</Value>
        </Property>
        <Property>
          <Key>__Tfs_TestConfigurationId__</Key>
          <Value>17</Value>
        </Property>
        <Property>
          <Key>__Tfs_TestPlanId__</Key>
          <Value>13</Value>
        </Property>
        <Property>
          <Key>__Tfs_TestConfigurationName__</Key>
          <Value>Win 7 with IE 11</Value>
        </Property>
        <Property>
          <Key>__Tfs_TestPointId__</Key>
          <Value>110230</Value>
        </Property>
        <Property>
          <Key>__Tfs_TfsServerCollectionUrl__</Key>
          <Value>http://cmp02-app05:8080/tfs/defaultcollection</Value>
        </Property>
        <Property>
          <Key>__Tfs_BuildPlatform__</Key>
          <Value>Any CPU</Value>
        </Property>
        <Property>
          <Key>__Tfs_BuildNumber__</Key>
          <Value>QATestAutomation_20180514.3</Value>
        </Property>
        <Property>
          <Key>__Tfs_BuildFlavor__</Key>
          <Value>Debug</Value>
        </Property>
        <Property>
          <Key>__Tfs_BuildConfigurationId__</Key>
          <Value>26978</Value>
        </Property>
      </Properties>
      <TestMethod codeBase="file://CMP01-YKUMAR/QATestAutomationBuildsDrop/QATestAutomation/QATestAutomation_20180514.3/CartDisplayTest.DLL" adapterTypeName="Microsoft.VisualStudio.TestTools.TestTypes.Unit.UnitTestAdapter, Microsoft.VisualStudio.QualityTools.Tips.UnitTest.Adapter, Version=12.0.0.0, Culture=neutral, PublicKeyToken=b03f5f7f11d50a3a" className="TestAuto.CartDisplayTest, CartDisplayTest, Version=1.0.0.0, Culture=neutral, PublicKeyToken=null" name="CartOrderLevelPromotion" />
      <Extension>Microsoft.VisualStudio.TestTools.UITesting.CodedUITestAttribute, Microsoft.VisualStudio.QualityTools.CodedUITestFramework, Version=12.0.0.0, Culture=neutral, PublicKeyToken=b03f5f7f11d50a3a</Extension>
    </UnitTest>
    <UnitTest name="ProductPageQuickViewModal" storage="\\cmp01-ykumar\qatestautomationbuildsdrop\qatestautomation\qatestautomation_20180514.3\productpagetest.dll" id="238d3e4d-0ef0-19f1-9d69-08c38bfa5bc5">
      <DeploymentItems>
        <DeploymentItem filename="TestData\ProductPageTestData.xml" />
        <DeploymentItem filename="SharedCommonConfig\SharedCommonConfig.xml" />
      </DeploymentItems>
      <TcmInformation testCaseId="1972" testRunId="26973" testResultId="100041" />
      <Execution id="ab49d489-7f64-4d98-ae4e-6c7a39d67ba9" />
      <Properties>
        <Property>
          <Key>__Tfs_BuildUri__</Key>
          <Value>vstfs:///Build/Build/1903</Value>
        </Property>
        <Property>
          <Key>__Tfs_IsInLabEnvironment__</Key>
          <Value>true</Value>
        </Property>
        <Property>
          <Key>__Tfs_TestRunId__</Key>
          <Value>26973</Value>
        </Property>
        <Property>
          <Key>__Tfs_TestCaseId__</Key>
          <Value>1972</Value>
        </Property>
        <Property>
          <Key>__Tfs_TeamProject__</Key>
          <Value>WebSphere</Value>
        </Property>
        <Property>
          <Key>__Tfs_BuildDirectory__</Key>
          <Value>\\CMP01-YKUMAR\QATestAutomationBuildsDrop\QATestAutomation\QATestAutomation_20180514.3</Value>
        </Property>
        <Property>
          <Key>__Tfs_LabEnvironment__</Key>
          <Value>&lt;?xml version="1.0" encoding="utf-16"?&gt;&lt;LabEnvironment Id="afd904c8-4332-4335-bd1d-55612a5eed76" Name="CMP01-INDIASQA" Uri="vstfs:///LabManagement/LabEnvironment/316"&gt;&lt;LabSystems&gt;&lt;LabSystem Name="CMP01-INDIASQA" ComputerName="CMP01-INDIASQA.horizonhobby.com" Roles="BS2CUIT"&gt;&lt;CustomProperties /&gt;&lt;/LabSystem&gt;&lt;/LabSystems&gt;&lt;/LabEnvironment&gt;</Value>
        </Property>
        <Property>
          <Key>__Tfs_TestConfigurationId__</Key>
          <Value>17</Value>
        </Property>
        <Property>
          <Key>__Tfs_TestPlanId__</Key>
          <Value>13</Value>
        </Property>
        <Property>
          <Key>__Tfs_TestConfigurationName__</Key>
          <Value>Win 7 with IE 11</Value>
        </Property>
        <Property>
          <Key>__Tfs_TestPointId__</Key>
          <Value>110361</Value>
        </Property>
        <Property>
          <Key>__Tfs_TfsServerCollectionUrl__</Key>
          <Value>http://cmp02-app05:8080/tfs/defaultcollection</Value>
        </Property>
        <Property>
          <Key>__Tfs_BuildPlatform__</Key>
          <Value>Any CPU</Value>
        </Property>
        <Property>
          <Key>__Tfs_BuildNumber__</Key>
          <Value>QATestAutomation_20180514.3</Value>
        </Property>
        <Property>
          <Key>__Tfs_BuildFlavor__</Key>
          <Value>Debug</Value>
        </Property>
        <Property>
          <Key>__Tfs_BuildConfigurationId__</Key>
          <Value>26978</Value>
        </Property>
      </Properties>
      <TestMethod codeBase="file://CMP01-YKUMAR/QATestAutomationBuildsDrop/QATestAutomation/QATestAutomation_20180514.3/ProductPageTest.DLL" adapterTypeName="Microsoft.VisualStudio.TestTools.TestTypes.Unit.UnitTestAdapter, Microsoft.VisualStudio.QualityTools.Tips.UnitTest.Adapter, Version=12.0.0.0, Culture=neutral, PublicKeyToken=b03f5f7f11d50a3a" className="TestAuto.ProductPageTest, ProductPageTest, Version=1.0.0.0, Culture=neutral, PublicKeyToken=null" name="ProductPageQuickViewModal" />
      <Extension>Microsoft.VisualStudio.TestTools.UITesting.CodedUITestAttribute, Microsoft.VisualStudio.QualityTools.CodedUITestFramework, Version=12.0.0.0, Culture=neutral, PublicKeyToken=b03f5f7f11d50a3a</Extension>
    </UnitTest>
    <UnitTest name="CheckoutBillingAddressEntryAsGuestUser" storage="\\cmp01-ykumar\qatestautomationbuildsdrop\qatestautomation\qatestautomation_20180514.3\checkout_test.dll" id="eec2d756-645d-92d4-97c2-9841d0a94e3c">
      <DeploymentItems>
        <DeploymentItem filename="TestData\CheckoutCommonTestData.xml" />
        <DeploymentItem filename="SharedCommonConfig\SharedCommonConfig.xml" />
      </DeploymentItems>
      <TcmInformation testCaseId="1497" testRunId="26973" testResultId="100004" />
      <Execution id="76c062ec-1a80-4d1d-8765-c76de7bf449b" />
      <Properties>
        <Property>
          <Key>__Tfs_BuildUri__</Key>
          <Value>vstfs:///Build/Build/1903</Value>
        </Property>
        <Property>
          <Key>__Tfs_IsInLabEnvironment__</Key>
          <Value>true</Value>
        </Property>
        <Property>
          <Key>__Tfs_TestRunId__</Key>
          <Value>26973</Value>
        </Property>
        <Property>
          <Key>__Tfs_TestCaseId__</Key>
          <Value>1497</Value>
        </Property>
        <Property>
          <Key>__Tfs_TeamProject__</Key>
          <Value>WebSphere</Value>
        </Property>
        <Property>
          <Key>__Tfs_BuildDirectory__</Key>
          <Value>\\CMP01-YKUMAR\QATestAutomationBuildsDrop\QATestAutomation\QATestAutomation_20180514.3</Value>
        </Property>
        <Property>
          <Key>__Tfs_LabEnvironment__</Key>
          <Value>&lt;?xml version="1.0" encoding="utf-16"?&gt;&lt;LabEnvironment Id="afd904c8-4332-4335-bd1d-55612a5eed76" Name="CMP01-INDIASQA" Uri="vstfs:///LabManagement/LabEnvironment/316"&gt;&lt;LabSystems&gt;&lt;LabSystem Name="CMP01-INDIASQA" ComputerName="CMP01-INDIASQA.horizonhobby.com" Roles="BS2CUIT"&gt;&lt;CustomProperties /&gt;&lt;/LabSystem&gt;&lt;/LabSystems&gt;&lt;/LabEnvironment&gt;</Value>
        </Property>
        <Property>
          <Key>__Tfs_TestConfigurationId__</Key>
          <Value>17</Value>
        </Property>
        <Property>
          <Key>__Tfs_TestPlanId__</Key>
          <Value>13</Value>
        </Property>
        <Property>
          <Key>__Tfs_TestConfigurationName__</Key>
          <Value>Win 7 with IE 11</Value>
        </Property>
        <Property>
          <Key>__Tfs_TestPointId__</Key>
          <Value>110398</Value>
        </Property>
        <Property>
          <Key>__Tfs_TfsServerCollectionUrl__</Key>
          <Value>http://cmp02-app05:8080/tfs/defaultcollection</Value>
        </Property>
        <Property>
          <Key>__Tfs_BuildPlatform__</Key>
          <Value>Any CPU</Value>
        </Property>
        <Property>
          <Key>__Tfs_BuildNumber__</Key>
          <Value>QATestAutomation_20180514.3</Value>
        </Property>
        <Property>
          <Key>__Tfs_BuildFlavor__</Key>
          <Value>Debug</Value>
        </Property>
        <Property>
          <Key>__Tfs_BuildConfigurationId__</Key>
          <Value>26978</Value>
        </Property>
      </Properties>
      <TestMethod codeBase="file://CMP01-YKUMAR/QATestAutomationBuildsDrop/QATestAutomation/QATestAutomation_20180514.3/Checkout_Test.DLL" adapterTypeName="Microsoft.VisualStudio.TestTools.TestTypes.Unit.UnitTestAdapter, Microsoft.VisualStudio.QualityTools.Tips.UnitTest.Adapter, Version=12.0.0.0, Culture=neutral, PublicKeyToken=b03f5f7f11d50a3a" className="TestAuto.HHBvtSmokeTest, Checkout_Test, Version=1.0.0.0, Culture=neutral, PublicKeyToken=null" name="CheckoutBillingAddressEntryAsGuestUser" />
      <Extension>Microsoft.VisualStudio.TestTools.UITesting.CodedUITestAttribute, Microsoft.VisualStudio.QualityTools.CodedUITestFramework, Version=12.0.0.0, Culture=neutral, PublicKeyToken=b03f5f7f11d50a3a</Extension>
    </UnitTest>
    <UnitTest name="PayPalCheckoutInternationalAddress" storage="\\cmp01-ykumar\qatestautomationbuildsdrop\qatestautomation\qatestautomation_20180514.3\borderfree.dll" id="f6b3acd0-94c8-e8cd-2e09-516123a72c87">
      <DeploymentItems>
        <DeploymentItem filename="TestData\BorderFreeTestData.xml" />
        <DeploymentItem filename="SharedCommonConfig\SharedCommonConfig.xml" />
      </DeploymentItems>
      <TcmInformation testCaseId="1564" testRunId="26973" testResultId="100014" />
      <Execution id="0abc5787-7bac-4e67-9ab3-6ad727b4b4ad" />
      <Properties>
        <Property>
          <Key>__Tfs_BuildUri__</Key>
          <Value>vstfs:///Build/Build/1903</Value>
        </Property>
        <Property>
          <Key>__Tfs_IsInLabEnvironment__</Key>
          <Value>true</Value>
        </Property>
        <Property>
          <Key>__Tfs_TestRunId__</Key>
          <Value>26973</Value>
        </Property>
        <Property>
          <Key>__Tfs_TestCaseId__</Key>
          <Value>1564</Value>
        </Property>
        <Property>
          <Key>__Tfs_TeamProject__</Key>
          <Value>WebSphere</Value>
        </Property>
        <Property>
          <Key>__Tfs_BuildDirectory__</Key>
          <Value>\\CMP01-YKUMAR\QATestAutomationBuildsDrop\QATestAutomation\QATestAutomation_20180514.3</Value>
        </Property>
        <Property>
          <Key>__Tfs_LabEnvironment__</Key>
          <Value>&lt;?xml version="1.0" encoding="utf-16"?&gt;&lt;LabEnvironment Id="afd904c8-4332-4335-bd1d-55612a5eed76" Name="CMP01-INDIASQA" Uri="vstfs:///LabManagement/LabEnvironment/316"&gt;&lt;LabSystems&gt;&lt;LabSystem Name="CMP01-INDIASQA" ComputerName="CMP01-INDIASQA.horizonhobby.com" Roles="BS2CUIT"&gt;&lt;CustomProperties /&gt;&lt;/LabSystem&gt;&lt;/LabSystems&gt;&lt;/LabEnvironment&gt;</Value>
        </Property>
        <Property>
          <Key>__Tfs_TestConfigurationId__</Key>
          <Value>17</Value>
        </Property>
        <Property>
          <Key>__Tfs_TestPlanId__</Key>
          <Value>13</Value>
        </Property>
        <Property>
          <Key>__Tfs_TestConfigurationName__</Key>
          <Value>Win 7 with IE 11</Value>
        </Property>
        <Property>
          <Key>__Tfs_TestPointId__</Key>
          <Value>110413</Value>
        </Property>
        <Property>
          <Key>__Tfs_TfsServerCollectionUrl__</Key>
          <Value>http://cmp02-app05:8080/tfs/defaultcollection</Value>
        </Property>
        <Property>
          <Key>__Tfs_BuildPlatform__</Key>
          <Value>Any CPU</Value>
        </Property>
        <Property>
          <Key>__Tfs_BuildNumber__</Key>
          <Value>QATestAutomation_20180514.3</Value>
        </Property>
        <Property>
          <Key>__Tfs_BuildFlavor__</Key>
          <Value>Debug</Value>
        </Property>
        <Property>
          <Key>__Tfs_BuildConfigurationId__</Key>
          <Value>26978</Value>
        </Property>
      </Properties>
      <TestMethod codeBase="file://CMP01-YKUMAR/QATestAutomationBuildsDrop/QATestAutomation/QATestAutomation_20180514.3/BorderFree.DLL" adapterTypeName="Microsoft.VisualStudio.TestTools.TestTypes.Unit.UnitTestAdapter, Microsoft.VisualStudio.QualityTools.Tips.UnitTest.Adapter, Version=12.0.0.0, Culture=neutral, PublicKeyToken=b03f5f7f11d50a3a" className="TestAuto.BorderFree, BorderFree, Version=1.0.0.0, Culture=neutral, PublicKeyToken=null" name="PayPalCheckoutInternationalAddress" />
      <Extension>Microsoft.VisualStudio.TestTools.UITesting.CodedUITestAttribute, Microsoft.VisualStudio.QualityTools.CodedUITestFramework, Version=12.0.0.0, Culture=neutral, PublicKeyToken=b03f5f7f11d50a3a</Extension>
    </UnitTest>
    <UnitTest name="CheckoutShippingMethodsBasedOnAddress" storage="\\cmp01-ykumar\qatestautomationbuildsdrop\qatestautomation\qatestautomation_20180514.3\checkout_test.dll" id="792adc99-70fb-1ca0-96eb-07e0876db0a8">
      <DeploymentItems>
        <DeploymentItem filename="TestData\CheckoutCommonTestData.xml" />
        <DeploymentItem filename="SharedCommonConfig\SharedCommonConfig.xml" />
      </DeploymentItems>
      <TcmInformation testCaseId="1627" testRunId="26973" testResultId="100021" />
      <Execution id="f70704a5-17d5-44be-8e4b-6c445ba3c6bc" />
      <Properties>
        <Property>
          <Key>__Tfs_BuildUri__</Key>
          <Value>vstfs:///Build/Build/1903</Value>
        </Property>
        <Property>
          <Key>__Tfs_IsInLabEnvironment__</Key>
          <Value>true</Value>
        </Property>
        <Property>
          <Key>__Tfs_TestRunId__</Key>
          <Value>26973</Value>
        </Property>
        <Property>
          <Key>__Tfs_TestCaseId__</Key>
          <Value>1627</Value>
        </Property>
        <Property>
          <Key>__Tfs_TeamProject__</Key>
          <Value>WebSphere</Value>
        </Property>
        <Property>
          <Key>__Tfs_BuildDirectory__</Key>
          <Value>\\CMP01-YKUMAR\QATestAutomationBuildsDrop\QATestAutomation\QATestAutomation_20180514.3</Value>
        </Property>
        <Property>
          <Key>__Tfs_LabEnvironment__</Key>
          <Value>&lt;?xml version="1.0" encoding="utf-16"?&gt;&lt;LabEnvironment Id="afd904c8-4332-4335-bd1d-55612a5eed76" Name="CMP01-INDIASQA" Uri="vstfs:///LabManagement/LabEnvironment/316"&gt;&lt;LabSystems&gt;&lt;LabSystem Name="CMP01-INDIASQA" ComputerName="CMP01-INDIASQA.horizonhobby.com" Roles="BS2CUIT"&gt;&lt;CustomProperties /&gt;&lt;/LabSystem&gt;&lt;/LabSystems&gt;&lt;/LabEnvironment&gt;</Value>
        </Property>
        <Property>
          <Key>__Tfs_TestConfigurationId__</Key>
          <Value>17</Value>
        </Property>
        <Property>
          <Key>__Tfs_TestPlanId__</Key>
          <Value>13</Value>
        </Property>
        <Property>
          <Key>__Tfs_TestConfigurationName__</Key>
          <Value>Win 7 with IE 11</Value>
        </Property>
        <Property>
          <Key>__Tfs_TestPointId__</Key>
          <Value>110417</Value>
        </Property>
        <Property>
          <Key>__Tfs_TfsServerCollectionUrl__</Key>
          <Value>http://cmp02-app05:8080/tfs/defaultcollection</Value>
        </Property>
        <Property>
          <Key>__Tfs_BuildPlatform__</Key>
          <Value>Any CPU</Value>
        </Property>
        <Property>
          <Key>__Tfs_BuildNumber__</Key>
          <Value>QATestAutomation_20180514.3</Value>
        </Property>
        <Property>
          <Key>__Tfs_BuildFlavor__</Key>
          <Value>Debug</Value>
        </Property>
        <Property>
          <Key>__Tfs_BuildConfigurationId__</Key>
          <Value>26978</Value>
        </Property>
      </Properties>
      <TestMethod codeBase="file://CMP01-YKUMAR/QATestAutomationBuildsDrop/QATestAutomation/QATestAutomation_20180514.3/Checkout_Test.DLL" adapterTypeName="Microsoft.VisualStudio.TestTools.TestTypes.Unit.UnitTestAdapter, Microsoft.VisualStudio.QualityTools.Tips.UnitTest.Adapter, Version=12.0.0.0, Culture=neutral, PublicKeyToken=b03f5f7f11d50a3a" className="TestAuto.HHBvtSmokeTest, Checkout_Test, Version=1.0.0.0, Culture=neutral, PublicKeyToken=null" name="CheckoutShippingMethodsBasedOnAddress" />
      <Extension>Microsoft.VisualStudio.TestTools.UITesting.CodedUITestAttribute, Microsoft.VisualStudio.QualityTools.CodedUITestFramework, Version=12.0.0.0, Culture=neutral, PublicKeyToken=b03f5f7f11d50a3a</Extension>
    </UnitTest>
    <UnitTest name="ProductPageQuestionAndAnswer" storage="\\cmp01-ykumar\qatestautomationbuildsdrop\qatestautomation\qatestautomation_20180514.3\productpagetest.dll" id="cee3ac5d-f77a-85c9-c9cb-ecaa400c80e9">
      <DeploymentItems>
        <DeploymentItem filename="TestData\ProductPageTestData.xml" />
        <DeploymentItem filename="SharedCommonConfig\SharedCommonConfig.xml" />
      </DeploymentItems>
      <TcmInformation testCaseId="1959" testRunId="26973" testResultId="100038" />
      <Execution id="7cd91bad-c58b-4f4e-94c3-b5b5249b8511" />
      <Properties>
        <Property>
          <Key>__Tfs_BuildUri__</Key>
          <Value>vstfs:///Build/Build/1903</Value>
        </Property>
        <Property>
          <Key>__Tfs_IsInLabEnvironment__</Key>
          <Value>true</Value>
        </Property>
        <Property>
          <Key>__Tfs_TestRunId__</Key>
          <Value>26973</Value>
        </Property>
        <Property>
          <Key>__Tfs_TestCaseId__</Key>
          <Value>1959</Value>
        </Property>
        <Property>
          <Key>__Tfs_TeamProject__</Key>
          <Value>WebSphere</Value>
        </Property>
        <Property>
          <Key>__Tfs_BuildDirectory__</Key>
          <Value>\\CMP01-YKUMAR\QATestAutomationBuildsDrop\QATestAutomation\QATestAutomation_20180514.3</Value>
        </Property>
        <Property>
          <Key>__Tfs_LabEnvironment__</Key>
          <Value>&lt;?xml version="1.0" encoding="utf-16"?&gt;&lt;LabEnvironment Id="afd904c8-4332-4335-bd1d-55612a5eed76" Name="CMP01-INDIASQA" Uri="vstfs:///LabManagement/LabEnvironment/316"&gt;&lt;LabSystems&gt;&lt;LabSystem Name="CMP01-INDIASQA" ComputerName="CMP01-INDIASQA.horizonhobby.com" Roles="BS2CUIT"&gt;&lt;CustomProperties /&gt;&lt;/LabSystem&gt;&lt;/LabSystems&gt;&lt;/LabEnvironment&gt;</Value>
        </Property>
        <Property>
          <Key>__Tfs_TestConfigurationId__</Key>
          <Value>17</Value>
        </Property>
        <Property>
          <Key>__Tfs_TestPlanId__</Key>
          <Value>13</Value>
        </Property>
        <Property>
          <Key>__Tfs_TestConfigurationName__</Key>
          <Value>Win 7 with IE 11</Value>
        </Property>
        <Property>
          <Key>__Tfs_TestPointId__</Key>
          <Value>110358</Value>
        </Property>
        <Property>
          <Key>__Tfs_TfsServerCollectionUrl__</Key>
          <Value>http://cmp02-app05:8080/tfs/defaultcollection</Value>
        </Property>
        <Property>
          <Key>__Tfs_BuildPlatform__</Key>
          <Value>Any CPU</Value>
        </Property>
        <Property>
          <Key>__Tfs_BuildNumber__</Key>
          <Value>QATestAutomation_20180514.3</Value>
        </Property>
        <Property>
          <Key>__Tfs_BuildFlavor__</Key>
          <Value>Debug</Value>
        </Property>
        <Property>
          <Key>__Tfs_BuildConfigurationId__</Key>
          <Value>26978</Value>
        </Property>
      </Properties>
      <TestMethod codeBase="file://CMP01-YKUMAR/QATestAutomationBuildsDrop/QATestAutomation/QATestAutomation_20180514.3/ProductPageTest.DLL" adapterTypeName="Microsoft.VisualStudio.TestTools.TestTypes.Unit.UnitTestAdapter, Microsoft.VisualStudio.QualityTools.Tips.UnitTest.Adapter, Version=12.0.0.0, Culture=neutral, PublicKeyToken=b03f5f7f11d50a3a" className="TestAuto.ProductPageTest, ProductPageTest, Version=1.0.0.0, Culture=neutral, PublicKeyToken=null" name="ProductPageQuestionAndAnswer" />
      <Extension>Microsoft.VisualStudio.TestTools.UITesting.CodedUITestAttribute, Microsoft.VisualStudio.QualityTools.CodedUITestFramework, Version=12.0.0.0, Culture=neutral, PublicKeyToken=b03f5f7f11d50a3a</Extension>
    </UnitTest>
    <UnitTest name="CheckoutGiftCardPartialPaymentWithPayPalForBackorder" storage="\\cmp01-ykumar\qatestautomationbuildsdrop\qatestautomation\qatestautomation_20180514.3\checkout_test.dll" id="d375cf4a-6c91-7010-63c2-a619691df60f">
      <DeploymentItems>
        <DeploymentItem filename="TestData\CheckoutPaypalTestData.xml" />
        <DeploymentItem filename="SharedCommonConfig\SharedCommonConfig.xml" />
      </DeploymentItems>
      <TcmInformation testCaseId="1494" testRunId="26973" testResultId="100002" />
      <Execution id="2b98d8b1-680c-4bfc-9196-1ec38940bcce" />
      <Properties>
        <Property>
          <Key>__Tfs_BuildUri__</Key>
          <Value>vstfs:///Build/Build/1903</Value>
        </Property>
        <Property>
          <Key>__Tfs_IsInLabEnvironment__</Key>
          <Value>true</Value>
        </Property>
        <Property>
          <Key>__Tfs_TestRunId__</Key>
          <Value>26973</Value>
        </Property>
        <Property>
          <Key>__Tfs_TestCaseId__</Key>
          <Value>1494</Value>
        </Property>
        <Property>
          <Key>__Tfs_TeamProject__</Key>
          <Value>WebSphere</Value>
        </Property>
        <Property>
          <Key>__Tfs_BuildDirectory__</Key>
          <Value>\\CMP01-YKUMAR\QATestAutomationBuildsDrop\QATestAutomation\QATestAutomation_20180514.3</Value>
        </Property>
        <Property>
          <Key>__Tfs_LabEnvironment__</Key>
          <Value>&lt;?xml version="1.0" encoding="utf-16"?&gt;&lt;LabEnvironment Id="afd904c8-4332-4335-bd1d-55612a5eed76" Name="CMP01-INDIASQA" Uri="vstfs:///LabManagement/LabEnvironment/316"&gt;&lt;LabSystems&gt;&lt;LabSystem Name="CMP01-INDIASQA" ComputerName="CMP01-INDIASQA.horizonhobby.com" Roles="BS2CUIT"&gt;&lt;CustomProperties /&gt;&lt;/LabSystem&gt;&lt;/LabSystems&gt;&lt;/LabEnvironment&gt;</Value>
        </Property>
        <Property>
          <Key>__Tfs_TestConfigurationId__</Key>
          <Value>17</Value>
        </Property>
        <Property>
          <Key>__Tfs_TestPlanId__</Key>
          <Value>13</Value>
        </Property>
        <Property>
          <Key>__Tfs_TestConfigurationName__</Key>
          <Value>Win 7 with IE 11</Value>
        </Property>
        <Property>
          <Key>__Tfs_TestPointId__</Key>
          <Value>110397</Value>
        </Property>
        <Property>
          <Key>__Tfs_TfsServerCollectionUrl__</Key>
          <Value>http://cmp02-app05:8080/tfs/defaultcollection</Value>
        </Property>
        <Property>
          <Key>__Tfs_BuildPlatform__</Key>
          <Value>Any CPU</Value>
        </Property>
        <Property>
          <Key>__Tfs_BuildNumber__</Key>
          <Value>QATestAutomation_20180514.3</Value>
        </Property>
        <Property>
          <Key>__Tfs_BuildFlavor__</Key>
          <Value>Debug</Value>
        </Property>
        <Property>
          <Key>__Tfs_BuildConfigurationId__</Key>
          <Value>26978</Value>
        </Property>
      </Properties>
      <TestMethod codeBase="file://CMP01-YKUMAR/QATestAutomationBuildsDrop/QATestAutomation/QATestAutomation_20180514.3/Checkout_Test.DLL" adapterTypeName="Microsoft.VisualStudio.TestTools.TestTypes.Unit.UnitTestAdapter, Microsoft.VisualStudio.QualityTools.Tips.UnitTest.Adapter, Version=12.0.0.0, Culture=neutral, PublicKeyToken=b03f5f7f11d50a3a" className="TestAuto.CheckoutPayPal, Checkout_Test, Version=1.0.0.0, Culture=neutral, PublicKeyToken=null" name="CheckoutGiftCardPartialPaymentWithPayPalForBackorder" />
      <Extension>Microsoft.VisualStudio.TestTools.UITesting.CodedUITestAttribute, Microsoft.VisualStudio.QualityTools.CodedUITestFramework, Version=12.0.0.0, Culture=neutral, PublicKeyToken=b03f5f7f11d50a3a</Extension>
    </UnitTest>
    <UnitTest name="MyAccountIncorporateCpsiaWarningsInWishlist" storage="\\cmp01-ykumar\qatestautomationbuildsdrop\qatestautomation\qatestautomation_20180514.3\myaccount.dll" id="d9578ff4-933a-5dce-cbc2-f2db675f0281">
      <DeploymentItems>
        <DeploymentItem filename="TestData\MyAccountTestData.xml" />
        <DeploymentItem filename="SharedCommonConfig\SharedCommonConfig.xml" />
      </DeploymentItems>
      <TcmInformation testCaseId="1643" testRunId="26973" testResultId="100023" />
      <Execution id="4777d0a6-036c-4995-bf6c-097abd7c7221" />
      <Properties>
        <Property>
          <Key>__Tfs_BuildUri__</Key>
          <Value>vstfs:///Build/Build/1903</Value>
        </Property>
        <Property>
          <Key>__Tfs_IsInLabEnvironment__</Key>
          <Value>true</Value>
        </Property>
        <Property>
          <Key>__Tfs_TestRunId__</Key>
          <Value>26973</Value>
        </Property>
        <Property>
          <Key>__Tfs_TestCaseId__</Key>
          <Value>1643</Value>
        </Property>
        <Property>
          <Key>__Tfs_TeamProject__</Key>
          <Value>WebSphere</Value>
        </Property>
        <Property>
          <Key>__Tfs_BuildDirectory__</Key>
          <Value>\\CMP01-YKUMAR\QATestAutomationBuildsDrop\QATestAutomation\QATestAutomation_20180514.3</Value>
        </Property>
        <Property>
          <Key>__Tfs_LabEnvironment__</Key>
          <Value>&lt;?xml version="1.0" encoding="utf-16"?&gt;&lt;LabEnvironment Id="afd904c8-4332-4335-bd1d-55612a5eed76" Name="CMP01-INDIASQA" Uri="vstfs:///LabManagement/LabEnvironment/316"&gt;&lt;LabSystems&gt;&lt;LabSystem Name="CMP01-INDIASQA" ComputerName="CMP01-INDIASQA.horizonhobby.com" Roles="BS2CUIT"&gt;&lt;CustomProperties /&gt;&lt;/LabSystem&gt;&lt;/LabSystems&gt;&lt;/LabEnvironment&gt;</Value>
        </Property>
        <Property>
          <Key>__Tfs_TestConfigurationId__</Key>
          <Value>17</Value>
        </Property>
        <Property>
          <Key>__Tfs_TestPlanId__</Key>
          <Value>13</Value>
        </Property>
        <Property>
          <Key>__Tfs_TestConfigurationName__</Key>
          <Value>Win 7 with IE 11</Value>
        </Property>
        <Property>
          <Key>__Tfs_TestPointId__</Key>
          <Value>110346</Value>
        </Property>
        <Property>
          <Key>__Tfs_TfsServerCollectionUrl__</Key>
          <Value>http://cmp02-app05:8080/tfs/defaultcollection</Value>
        </Property>
        <Property>
          <Key>__Tfs_BuildPlatform__</Key>
          <Value>Any CPU</Value>
        </Property>
        <Property>
          <Key>__Tfs_BuildNumber__</Key>
          <Value>QATestAutomation_20180514.3</Value>
        </Property>
        <Property>
          <Key>__Tfs_BuildFlavor__</Key>
          <Value>Debug</Value>
        </Property>
        <Property>
          <Key>__Tfs_BuildConfigurationId__</Key>
          <Value>26978</Value>
        </Property>
      </Properties>
      <TestMethod codeBase="file://CMP01-YKUMAR/QATestAutomationBuildsDrop/QATestAutomation/QATestAutomation_20180514.3/MyAccount.DLL" adapterTypeName="Microsoft.VisualStudio.TestTools.TestTypes.Unit.UnitTestAdapter, Microsoft.VisualStudio.QualityTools.Tips.UnitTest.Adapter, Version=12.0.0.0, Culture=neutral, PublicKeyToken=b03f5f7f11d50a3a" className="TestAuto.MyAccount, MyAccount, Version=1.0.0.0, Culture=neutral, PublicKeyToken=null" name="MyAccountIncorporateCpsiaWarningsInWishlist" />
      <Extension>Microsoft.VisualStudio.TestTools.UITesting.CodedUITestAttribute, Microsoft.VisualStudio.QualityTools.CodedUITestFramework, Version=12.0.0.0, Culture=neutral, PublicKeyToken=b03f5f7f11d50a3a</Extension>
    </UnitTest>
    <UnitTest name="ProductPageQuickSupportOther" storage="\\cmp01-ykumar\qatestautomationbuildsdrop\qatestautomation\qatestautomation_20180514.3\productpagetest.dll" id="56d44d20-c125-9b5d-e497-2cae662431f5">
      <DeploymentItems>
        <DeploymentItem filename="TestData\ProductPageTestData.xml" />
        <DeploymentItem filename="SharedCommonConfig\SharedCommonConfig.xml" />
      </DeploymentItems>
      <TcmInformation testCaseId="1384" testRunId="26973" testResultId="100000" />
      <Execution id="a2c43408-ea19-4090-86ef-3a8e3cd81fac" />
      <Properties>
        <Property>
          <Key>__Tfs_BuildUri__</Key>
          <Value>vstfs:///Build/Build/1903</Value>
        </Property>
        <Property>
          <Key>__Tfs_IsInLabEnvironment__</Key>
          <Value>true</Value>
        </Property>
        <Property>
          <Key>__Tfs_TestRunId__</Key>
          <Value>26973</Value>
        </Property>
        <Property>
          <Key>__Tfs_TestCaseId__</Key>
          <Value>1384</Value>
        </Property>
        <Property>
          <Key>__Tfs_TeamProject__</Key>
          <Value>WebSphere</Value>
        </Property>
        <Property>
          <Key>__Tfs_BuildDirectory__</Key>
          <Value>\\CMP01-YKUMAR\QATestAutomationBuildsDrop\QATestAutomation\QATestAutomation_20180514.3</Value>
        </Property>
        <Property>
          <Key>__Tfs_LabEnvironment__</Key>
          <Value>&lt;?xml version="1.0" encoding="utf-16"?&gt;&lt;LabEnvironment Id="afd904c8-4332-4335-bd1d-55612a5eed76" Name="CMP01-INDIASQA" Uri="vstfs:///LabManagement/LabEnvironment/316"&gt;&lt;LabSystems&gt;&lt;LabSystem Name="CMP01-INDIASQA" ComputerName="CMP01-INDIASQA.horizonhobby.com" Roles="BS2CUIT"&gt;&lt;CustomProperties /&gt;&lt;/LabSystem&gt;&lt;/LabSystems&gt;&lt;/LabEnvironment&gt;</Value>
        </Property>
        <Property>
          <Key>__Tfs_TestConfigurationId__</Key>
          <Value>17</Value>
        </Property>
        <Property>
          <Key>__Tfs_TestPlanId__</Key>
          <Value>13</Value>
        </Property>
        <Property>
          <Key>__Tfs_TestConfigurationName__</Key>
          <Value>Win 7 with IE 11</Value>
        </Property>
        <Property>
          <Key>__Tfs_TestPointId__</Key>
          <Value>110215</Value>
        </Property>
        <Property>
          <Key>__Tfs_TfsServerCollectionUrl__</Key>
          <Value>http://cmp02-app05:8080/tfs/defaultcollection</Value>
        </Property>
        <Property>
          <Key>__Tfs_BuildPlatform__</Key>
          <Value>Any CPU</Value>
        </Property>
        <Property>
          <Key>__Tfs_BuildNumber__</Key>
          <Value>QATestAutomation_20180514.3</Value>
        </Property>
        <Property>
          <Key>__Tfs_BuildFlavor__</Key>
          <Value>Debug</Value>
        </Property>
        <Property>
          <Key>__Tfs_BuildConfigurationId__</Key>
          <Value>26978</Value>
        </Property>
      </Properties>
      <TestMethod codeBase="file://CMP01-YKUMAR/QATestAutomationBuildsDrop/QATestAutomation/QATestAutomation_20180514.3/ProductPageTest.DLL" adapterTypeName="Microsoft.VisualStudio.TestTools.TestTypes.Unit.UnitTestAdapter, Microsoft.VisualStudio.QualityTools.Tips.UnitTest.Adapter, Version=12.0.0.0, Culture=neutral, PublicKeyToken=b03f5f7f11d50a3a" className="TestAuto.ProductPageTest, ProductPageTest, Version=1.0.0.0, Culture=neutral, PublicKeyToken=null" name="ProductPageQuickSupportOther" />
      <Extension>Microsoft.VisualStudio.TestTools.UITesting.CodedUITestAttribute, Microsoft.VisualStudio.QualityTools.CodedUITestFramework, Version=12.0.0.0, Culture=neutral, PublicKeyToken=b03f5f7f11d50a3a</Extension>
    </UnitTest>
    <UnitTest name="MerchandiseAssociationShoppingCartMultipleScenarios" storage="\\cmp01-ykumar\qatestautomationbuildsdrop\qatestautomation\qatestautomation_20180514.3\cartdisplaytest.dll" id="f700b8e4-82ed-82ef-8ac6-dcc647bfda88">
      <DeploymentItems>
        <DeploymentItem filename="TestData\CartDisplayTestData.xml" />
        <DeploymentItem filename="SharedCommonConfig\SharedCommonConfig.xml" />
      </DeploymentItems>
      <TcmInformation testCaseId="1799" testRunId="26973" testResultId="100029" />
      <Execution id="5229242e-1c66-4d58-8e2f-2ac2a29d68dc" />
      <Properties>
        <Property>
          <Key>__Tfs_BuildUri__</Key>
          <Value>vstfs:///Build/Build/1903</Value>
        </Property>
        <Property>
          <Key>__Tfs_IsInLabEnvironment__</Key>
          <Value>true</Value>
        </Property>
        <Property>
          <Key>__Tfs_TestRunId__</Key>
          <Value>26973</Value>
        </Property>
        <Property>
          <Key>__Tfs_TestCaseId__</Key>
          <Value>1799</Value>
        </Property>
        <Property>
          <Key>__Tfs_TeamProject__</Key>
          <Value>WebSphere</Value>
        </Property>
        <Property>
          <Key>__Tfs_BuildDirectory__</Key>
          <Value>\\CMP01-YKUMAR\QATestAutomationBuildsDrop\QATestAutomation\QATestAutomation_20180514.3</Value>
        </Property>
        <Property>
          <Key>__Tfs_LabEnvironment__</Key>
          <Value>&lt;?xml version="1.0" encoding="utf-16"?&gt;&lt;LabEnvironment Id="afd904c8-4332-4335-bd1d-55612a5eed76" Name="CMP01-INDIASQA" Uri="vstfs:///LabManagement/LabEnvironment/316"&gt;&lt;LabSystems&gt;&lt;LabSystem Name="CMP01-INDIASQA" ComputerName="CMP01-INDIASQA.horizonhobby.com" Roles="BS2CUIT"&gt;&lt;CustomProperties /&gt;&lt;/LabSystem&gt;&lt;/LabSystems&gt;&lt;/LabEnvironment&gt;</Value>
        </Property>
        <Property>
          <Key>__Tfs_TestConfigurationId__</Key>
          <Value>17</Value>
        </Property>
        <Property>
          <Key>__Tfs_TestPlanId__</Key>
          <Value>13</Value>
        </Property>
        <Property>
          <Key>__Tfs_TestConfigurationName__</Key>
          <Value>Win 7 with IE 11</Value>
        </Property>
        <Property>
          <Key>__Tfs_TestPointId__</Key>
          <Value>110225</Value>
        </Property>
        <Property>
          <Key>__Tfs_TfsServerCollectionUrl__</Key>
          <Value>http://cmp02-app05:8080/tfs/defaultcollection</Value>
        </Property>
        <Property>
          <Key>__Tfs_BuildPlatform__</Key>
          <Value>Any CPU</Value>
        </Property>
        <Property>
          <Key>__Tfs_BuildNumber__</Key>
          <Value>QATestAutomation_20180514.3</Value>
        </Property>
        <Property>
          <Key>__Tfs_BuildFlavor__</Key>
          <Value>Debug</Value>
        </Property>
        <Property>
          <Key>__Tfs_BuildConfigurationId__</Key>
          <Value>26978</Value>
        </Property>
      </Properties>
      <TestMethod codeBase="file://CMP01-YKUMAR/QATestAutomationBuildsDrop/QATestAutomation/QATestAutomation_20180514.3/CartDisplayTest.DLL" adapterTypeName="Microsoft.VisualStudio.TestTools.TestTypes.Unit.UnitTestAdapter, Microsoft.VisualStudio.QualityTools.Tips.UnitTest.Adapter, Version=12.0.0.0, Culture=neutral, PublicKeyToken=b03f5f7f11d50a3a" className="TestAuto.CartDisplayTest, CartDisplayTest, Version=1.0.0.0, Culture=neutral, PublicKeyToken=null" name="MerchandiseAssociationShoppingCartMultipleScenarios" />
      <Extension>Microsoft.VisualStudio.TestTools.UITesting.CodedUITestAttribute, Microsoft.VisualStudio.QualityTools.CodedUITestFramework, Version=12.0.0.0, Culture=neutral, PublicKeyToken=b03f5f7f11d50a3a</Extension>
    </UnitTest>
    <UnitTest name="CreditCardCheckoutPOboxesAddress" storage="\\cmp01-ykumar\qatestautomationbuildsdrop\qatestautomation\qatestautomation_20180514.3\checkout_test.dll" id="33076d14-57a0-b796-95c6-3fe741efa6e1">
      <DeploymentItems>
        <DeploymentItem filename="TestData\CheckoutCreditCard.xml" />
        <DeploymentItem filename="SharedCommonConfig\SharedCommonConfig.xml" />
      </DeploymentItems>
      <TcmInformation testCaseId="3435" testRunId="26973" testResultId="100062" />
      <Execution id="c2451d4a-22f2-4791-b044-7b62413a5f2e" />
      <Properties>
        <Property>
          <Key>__Tfs_BuildUri__</Key>
          <Value>vstfs:///Build/Build/1903</Value>
        </Property>
        <Property>
          <Key>__Tfs_IsInLabEnvironment__</Key>
          <Value>true</Value>
        </Property>
        <Property>
          <Key>__Tfs_TestRunId__</Key>
          <Value>26973</Value>
        </Property>
        <Property>
          <Key>__Tfs_TestCaseId__</Key>
          <Value>3435</Value>
        </Property>
        <Property>
          <Key>__Tfs_TeamProject__</Key>
          <Value>WebSphere</Value>
        </Property>
        <Property>
          <Key>__Tfs_BuildDirectory__</Key>
          <Value>\\CMP01-YKUMAR\QATestAutomationBuildsDrop\QATestAutomation\QATestAutomation_20180514.3</Value>
        </Property>
        <Property>
          <Key>__Tfs_LabEnvironment__</Key>
          <Value>&lt;?xml version="1.0" encoding="utf-16"?&gt;&lt;LabEnvironment Id="afd904c8-4332-4335-bd1d-55612a5eed76" Name="CMP01-INDIASQA" Uri="vstfs:///LabManagement/LabEnvironment/316"&gt;&lt;LabSystems&gt;&lt;LabSystem Name="CMP01-INDIASQA" ComputerName="CMP01-INDIASQA.horizonhobby.com" Roles="BS2CUIT"&gt;&lt;CustomProperties /&gt;&lt;/LabSystem&gt;&lt;/LabSystems&gt;&lt;/LabEnvironment&gt;</Value>
        </Property>
        <Property>
          <Key>__Tfs_TestConfigurationId__</Key>
          <Value>17</Value>
        </Property>
        <Property>
          <Key>__Tfs_TestPlanId__</Key>
          <Value>13</Value>
        </Property>
        <Property>
          <Key>__Tfs_TestConfigurationName__</Key>
          <Value>Win 7 with IE 11</Value>
        </Property>
        <Property>
          <Key>__Tfs_TestPointId__</Key>
          <Value>110248</Value>
        </Property>
        <Property>
          <Key>__Tfs_TfsServerCollectionUrl__</Key>
          <Value>http://cmp02-app05:8080/tfs/defaultcollection</Value>
        </Property>
        <Property>
          <Key>__Tfs_BuildPlatform__</Key>
          <Value>Any CPU</Value>
        </Property>
        <Property>
          <Key>__Tfs_BuildNumber__</Key>
          <Value>QATestAutomation_20180514.3</Value>
        </Property>
        <Property>
          <Key>__Tfs_BuildFlavor__</Key>
          <Value>Debug</Value>
        </Property>
        <Property>
          <Key>__Tfs_BuildConfigurationId__</Key>
          <Value>26978</Value>
        </Property>
      </Properties>
      <TestMethod codeBase="file://CMP01-YKUMAR/QATestAutomationBuildsDrop/QATestAutomation/QATestAutomation_20180514.3/Checkout_Test.DLL" adapterTypeName="Microsoft.VisualStudio.TestTools.TestTypes.Unit.UnitTestAdapter, Microsoft.VisualStudio.QualityTools.Tips.UnitTest.Adapter, Version=12.0.0.0, Culture=neutral, PublicKeyToken=b03f5f7f11d50a3a" className="TestAuto.CheckoutCreditCard, Checkout_Test, Version=1.0.0.0, Culture=neutral, PublicKeyToken=null" name="CreditCardCheckoutPOboxesAddress" />
      <Extension>Microsoft.VisualStudio.TestTools.UITesting.CodedUITestAttribute, Microsoft.VisualStudio.QualityTools.CodedUITestFramework, Version=12.0.0.0, Culture=neutral, PublicKeyToken=b03f5f7f11d50a3a</Extension>
    </UnitTest>
    <UnitTest name="ProductPageAddToWishListDisplay" storage="\\cmp01-ykumar\qatestautomationbuildsdrop\qatestautomation\qatestautomation_20180514.3\productpagetest.dll" id="5a4ec664-a787-cb17-b021-6c0af292c1bf">
      <DeploymentItems>
        <DeploymentItem filename="TestData\ProductPageTestData.xml" />
        <DeploymentItem filename="SharedCommonConfig\SharedCommonConfig.xml" />
      </DeploymentItems>
      <TcmInformation testCaseId="1656" testRunId="26973" testResultId="100027" />
      <Execution id="292ae33d-2b6c-42d3-ae8a-988b1061a58a" />
      <Properties>
        <Property>
          <Key>__Tfs_BuildUri__</Key>
          <Value>vstfs:///Build/Build/1903</Value>
        </Property>
        <Property>
          <Key>__Tfs_IsInLabEnvironment__</Key>
          <Value>true</Value>
        </Property>
        <Property>
          <Key>__Tfs_TestRunId__</Key>
          <Value>26973</Value>
        </Property>
        <Property>
          <Key>__Tfs_TestCaseId__</Key>
          <Value>1656</Value>
        </Property>
        <Property>
          <Key>__Tfs_TeamProject__</Key>
          <Value>WebSphere</Value>
        </Property>
        <Property>
          <Key>__Tfs_BuildDirectory__</Key>
          <Value>\\CMP01-YKUMAR\QATestAutomationBuildsDrop\QATestAutomation\QATestAutomation_20180514.3</Value>
        </Property>
        <Property>
          <Key>__Tfs_LabEnvironment__</Key>
          <Value>&lt;?xml version="1.0" encoding="utf-16"?&gt;&lt;LabEnvironment Id="afd904c8-4332-4335-bd1d-55612a5eed76" Name="CMP01-INDIASQA" Uri="vstfs:///LabManagement/LabEnvironment/316"&gt;&lt;LabSystems&gt;&lt;LabSystem Name="CMP01-INDIASQA" ComputerName="CMP01-INDIASQA.horizonhobby.com" Roles="BS2CUIT"&gt;&lt;CustomProperties /&gt;&lt;/LabSystem&gt;&lt;/LabSystems&gt;&lt;/LabEnvironment&gt;</Value>
        </Property>
        <Property>
          <Key>__Tfs_TestConfigurationId__</Key>
          <Value>17</Value>
        </Property>
        <Property>
          <Key>__Tfs_TestPlanId__</Key>
          <Value>13</Value>
        </Property>
        <Property>
          <Key>__Tfs_TestConfigurationName__</Key>
          <Value>Win 7 with IE 11</Value>
        </Property>
        <Property>
          <Key>__Tfs_TestPointId__</Key>
          <Value>110350</Value>
        </Property>
        <Property>
          <Key>__Tfs_TfsServerCollectionUrl__</Key>
          <Value>http://cmp02-app05:8080/tfs/defaultcollection</Value>
        </Property>
        <Property>
          <Key>__Tfs_BuildPlatform__</Key>
          <Value>Any CPU</Value>
        </Property>
        <Property>
          <Key>__Tfs_BuildNumber__</Key>
          <Value>QATestAutomation_20180514.3</Value>
        </Property>
        <Property>
          <Key>__Tfs_BuildFlavor__</Key>
          <Value>Debug</Value>
        </Property>
        <Property>
          <Key>__Tfs_BuildConfigurationId__</Key>
          <Value>26978</Value>
        </Property>
      </Properties>
      <TestMethod codeBase="file://CMP01-YKUMAR/QATestAutomationBuildsDrop/QATestAutomation/QATestAutomation_20180514.3/ProductPageTest.DLL" adapterTypeName="Microsoft.VisualStudio.TestTools.TestTypes.Unit.UnitTestAdapter, Microsoft.VisualStudio.QualityTools.Tips.UnitTest.Adapter, Version=12.0.0.0, Culture=neutral, PublicKeyToken=b03f5f7f11d50a3a" className="TestAuto.ProductPageTest, ProductPageTest, Version=1.0.0.0, Culture=neutral, PublicKeyToken=null" name="ProductPageAddToWishListDisplay" />
      <Extension>Microsoft.VisualStudio.TestTools.UITesting.CodedUITestAttribute, Microsoft.VisualStudio.QualityTools.CodedUITestFramework, Version=12.0.0.0, Culture=neutral, PublicKeyToken=b03f5f7f11d50a3a</Extension>
    </UnitTest>
    <UnitTest name="LargeAmountCheckout" storage="\\cmp01-ykumar\qatestautomationbuildsdrop\qatestautomation\qatestautomation_20180514.3\checkout_test.dll" id="3d6e0dd8-62f4-bfa7-d6dd-1b10af38a9c9">
      <DeploymentItems>
        <DeploymentItem filename="TestData\CheckoutCreditCard.xml" />
        <DeploymentItem filename="SharedCommonConfig\SharedCommonConfig.xml" />
      </DeploymentItems>
      <TcmInformation testCaseId="3331" testRunId="26973" testResultId="100058" />
      <Execution id="8eb056d8-7ccd-4c61-b2c6-dd6eae85d326" />
      <Properties>
        <Property>
          <Key>__Tfs_BuildUri__</Key>
          <Value>vstfs:///Build/Build/1903</Value>
        </Property>
        <Property>
          <Key>__Tfs_IsInLabEnvironment__</Key>
          <Value>true</Value>
        </Property>
        <Property>
          <Key>__Tfs_TestRunId__</Key>
          <Value>26973</Value>
        </Property>
        <Property>
          <Key>__Tfs_TestCaseId__</Key>
          <Value>3331</Value>
        </Property>
        <Property>
          <Key>__Tfs_TeamProject__</Key>
          <Value>WebSphere</Value>
        </Property>
        <Property>
          <Key>__Tfs_BuildDirectory__</Key>
          <Value>\\CMP01-YKUMAR\QATestAutomationBuildsDrop\QATestAutomation\QATestAutomation_20180514.3</Value>
        </Property>
        <Property>
          <Key>__Tfs_LabEnvironment__</Key>
          <Value>&lt;?xml version="1.0" encoding="utf-16"?&gt;&lt;LabEnvironment Id="afd904c8-4332-4335-bd1d-55612a5eed76" Name="CMP01-INDIASQA" Uri="vstfs:///LabManagement/LabEnvironment/316"&gt;&lt;LabSystems&gt;&lt;LabSystem Name="CMP01-INDIASQA" ComputerName="CMP01-INDIASQA.horizonhobby.com" Roles="BS2CUIT"&gt;&lt;CustomProperties /&gt;&lt;/LabSystem&gt;&lt;/LabSystems&gt;&lt;/LabEnvironment&gt;</Value>
        </Property>
        <Property>
          <Key>__Tfs_TestConfigurationId__</Key>
          <Value>17</Value>
        </Property>
        <Property>
          <Key>__Tfs_TestPlanId__</Key>
          <Value>13</Value>
        </Property>
        <Property>
          <Key>__Tfs_TestConfigurationName__</Key>
          <Value>Win 7 with IE 11</Value>
        </Property>
        <Property>
          <Key>__Tfs_TestPointId__</Key>
          <Value>110244</Value>
        </Property>
        <Property>
          <Key>__Tfs_TfsServerCollectionUrl__</Key>
          <Value>http://cmp02-app05:8080/tfs/defaultcollection</Value>
        </Property>
        <Property>
          <Key>__Tfs_BuildPlatform__</Key>
          <Value>Any CPU</Value>
        </Property>
        <Property>
          <Key>__Tfs_BuildNumber__</Key>
          <Value>QATestAutomation_20180514.3</Value>
        </Property>
        <Property>
          <Key>__Tfs_BuildFlavor__</Key>
          <Value>Debug</Value>
        </Property>
        <Property>
          <Key>__Tfs_BuildConfigurationId__</Key>
          <Value>26978</Value>
        </Property>
      </Properties>
      <TestMethod codeBase="file://CMP01-YKUMAR/QATestAutomationBuildsDrop/QATestAutomation/QATestAutomation_20180514.3/Checkout_Test.DLL" adapterTypeName="Microsoft.VisualStudio.TestTools.TestTypes.Unit.UnitTestAdapter, Microsoft.VisualStudio.QualityTools.Tips.UnitTest.Adapter, Version=12.0.0.0, Culture=neutral, PublicKeyToken=b03f5f7f11d50a3a" className="TestAuto.CheckoutCreditCard, Checkout_Test, Version=1.0.0.0, Culture=neutral, PublicKeyToken=null" name="LargeAmountCheckout" />
      <Extension>Microsoft.VisualStudio.TestTools.UITesting.CodedUITestAttribute, Microsoft.VisualStudio.QualityTools.CodedUITestFramework, Version=12.0.0.0, Culture=neutral, PublicKeyToken=b03f5f7f11d50a3a</Extension>
    </UnitTest>
    <UnitTest name="ProductPageReviews" storage="\\cmp01-ykumar\qatestautomationbuildsdrop\qatestautomation\qatestautomation_20180514.3\productpagetest.dll" id="78aeb495-b9a5-e9e7-c407-84de9f56b82a">
      <DeploymentItems>
        <DeploymentItem filename="TestData\ProductPageTestData.xml" />
        <DeploymentItem filename="SharedCommonConfig\SharedCommonConfig.xml" />
      </DeploymentItems>
      <TcmInformation testCaseId="1970" testRunId="26973" testResultId="100040" />
      <Execution id="2e58dcec-c3d8-42a7-ae4f-7b0a49992e73" />
      <Properties>
        <Property>
          <Key>__Tfs_BuildUri__</Key>
          <Value>vstfs:///Build/Build/1903</Value>
        </Property>
        <Property>
          <Key>__Tfs_IsInLabEnvironment__</Key>
          <Value>true</Value>
        </Property>
        <Property>
          <Key>__Tfs_TestRunId__</Key>
          <Value>26973</Value>
        </Property>
        <Property>
          <Key>__Tfs_TestCaseId__</Key>
          <Value>1970</Value>
        </Property>
        <Property>
          <Key>__Tfs_TeamProject__</Key>
          <Value>WebSphere</Value>
        </Property>
        <Property>
          <Key>__Tfs_BuildDirectory__</Key>
          <Value>\\CMP01-YKUMAR\QATestAutomationBuildsDrop\QATestAutomation\QATestAutomation_20180514.3</Value>
        </Property>
        <Property>
          <Key>__Tfs_LabEnvironment__</Key>
          <Value>&lt;?xml version="1.0" encoding="utf-16"?&gt;&lt;LabEnvironment Id="afd904c8-4332-4335-bd1d-55612a5eed76" Name="CMP01-INDIASQA" Uri="vstfs:///LabManagement/LabEnvironment/316"&gt;&lt;LabSystems&gt;&lt;LabSystem Name="CMP01-INDIASQA" ComputerName="CMP01-INDIASQA.horizonhobby.com" Roles="BS2CUIT"&gt;&lt;CustomProperties /&gt;&lt;/LabSystem&gt;&lt;/LabSystems&gt;&lt;/LabEnvironment&gt;</Value>
        </Property>
        <Property>
          <Key>__Tfs_TestConfigurationId__</Key>
          <Value>17</Value>
        </Property>
        <Property>
          <Key>__Tfs_TestPlanId__</Key>
          <Value>13</Value>
        </Property>
        <Property>
          <Key>__Tfs_TestConfigurationName__</Key>
          <Value>Win 7 with IE 11</Value>
        </Property>
        <Property>
          <Key>__Tfs_TestPointId__</Key>
          <Value>110360</Value>
        </Property>
        <Property>
          <Key>__Tfs_TfsServerCollectionUrl__</Key>
          <Value>http://cmp02-app05:8080/tfs/defaultcollection</Value>
        </Property>
        <Property>
          <Key>__Tfs_BuildPlatform__</Key>
          <Value>Any CPU</Value>
        </Property>
        <Property>
          <Key>__Tfs_BuildNumber__</Key>
          <Value>QATestAutomation_20180514.3</Value>
        </Property>
        <Property>
          <Key>__Tfs_BuildFlavor__</Key>
          <Value>Debug</Value>
        </Property>
        <Property>
          <Key>__Tfs_BuildConfigurationId__</Key>
          <Value>26978</Value>
        </Property>
      </Properties>
      <TestMethod codeBase="file://CMP01-YKUMAR/QATestAutomationBuildsDrop/QATestAutomation/QATestAutomation_20180514.3/ProductPageTest.DLL" adapterTypeName="Microsoft.VisualStudio.TestTools.TestTypes.Unit.UnitTestAdapter, Microsoft.VisualStudio.QualityTools.Tips.UnitTest.Adapter, Version=12.0.0.0, Culture=neutral, PublicKeyToken=b03f5f7f11d50a3a" className="TestAuto.ProductPageTest, ProductPageTest, Version=1.0.0.0, Culture=neutral, PublicKeyToken=null" name="ProductPageReviews" />
      <Extension>Microsoft.VisualStudio.TestTools.UITesting.CodedUITestAttribute, Microsoft.VisualStudio.QualityTools.CodedUITestFramework, Version=12.0.0.0, Culture=neutral, PublicKeyToken=b03f5f7f11d50a3a</Extension>
    </UnitTest>
    <UnitTest name="CreditCardCheckoutAPOFPOAddress" storage="\\cmp01-ykumar\qatestautomationbuildsdrop\qatestautomation\qatestautomation_20180514.3\checkout_test.dll" id="d0323589-1247-fba8-02e1-edcdaa59d87c">
      <DeploymentItems>
        <DeploymentItem filename="TestData\CheckoutCreditCard.xml" />
        <DeploymentItem filename="SharedCommonConfig\SharedCommonConfig.xml" />
      </DeploymentItems>
      <TcmInformation testCaseId="3436" testRunId="26973" testResultId="100063" />
      <Execution id="647f1e1e-2a9d-4679-9d12-5dd7edad6edf" />
      <Properties>
        <Property>
          <Key>__Tfs_BuildUri__</Key>
          <Value>vstfs:///Build/Build/1903</Value>
        </Property>
        <Property>
          <Key>__Tfs_IsInLabEnvironment__</Key>
          <Value>true</Value>
        </Property>
        <Property>
          <Key>__Tfs_TestRunId__</Key>
          <Value>26973</Value>
        </Property>
        <Property>
          <Key>__Tfs_TestCaseId__</Key>
          <Value>3436</Value>
        </Property>
        <Property>
          <Key>__Tfs_TeamProject__</Key>
          <Value>WebSphere</Value>
        </Property>
        <Property>
          <Key>__Tfs_BuildDirectory__</Key>
          <Value>\\CMP01-YKUMAR\QATestAutomationBuildsDrop\QATestAutomation\QATestAutomation_20180514.3</Value>
        </Property>
        <Property>
          <Key>__Tfs_LabEnvironment__</Key>
          <Value>&lt;?xml version="1.0" encoding="utf-16"?&gt;&lt;LabEnvironment Id="afd904c8-4332-4335-bd1d-55612a5eed76" Name="CMP01-INDIASQA" Uri="vstfs:///LabManagement/LabEnvironment/316"&gt;&lt;LabSystems&gt;&lt;LabSystem Name="CMP01-INDIASQA" ComputerName="CMP01-INDIASQA.horizonhobby.com" Roles="BS2CUIT"&gt;&lt;CustomProperties /&gt;&lt;/LabSystem&gt;&lt;/LabSystems&gt;&lt;/LabEnvironment&gt;</Value>
        </Property>
        <Property>
          <Key>__Tfs_TestConfigurationId__</Key>
          <Value>17</Value>
        </Property>
        <Property>
          <Key>__Tfs_TestPlanId__</Key>
          <Value>13</Value>
        </Property>
        <Property>
          <Key>__Tfs_TestConfigurationName__</Key>
          <Value>Win 7 with IE 11</Value>
        </Property>
        <Property>
          <Key>__Tfs_TestPointId__</Key>
          <Value>110249</Value>
        </Property>
        <Property>
          <Key>__Tfs_TfsServerCollectionUrl__</Key>
          <Value>http://cmp02-app05:8080/tfs/defaultcollection</Value>
        </Property>
        <Property>
          <Key>__Tfs_BuildPlatform__</Key>
          <Value>Any CPU</Value>
        </Property>
        <Property>
          <Key>__Tfs_BuildNumber__</Key>
          <Value>QATestAutomation_20180514.3</Value>
        </Property>
        <Property>
          <Key>__Tfs_BuildFlavor__</Key>
          <Value>Debug</Value>
        </Property>
        <Property>
          <Key>__Tfs_BuildConfigurationId__</Key>
          <Value>26978</Value>
        </Property>
      </Properties>
      <TestMethod codeBase="file://CMP01-YKUMAR/QATestAutomationBuildsDrop/QATestAutomation/QATestAutomation_20180514.3/Checkout_Test.DLL" adapterTypeName="Microsoft.VisualStudio.TestTools.TestTypes.Unit.UnitTestAdapter, Microsoft.VisualStudio.QualityTools.Tips.UnitTest.Adapter, Version=12.0.0.0, Culture=neutral, PublicKeyToken=b03f5f7f11d50a3a" className="TestAuto.CheckoutCreditCard, Checkout_Test, Version=1.0.0.0, Culture=neutral, PublicKeyToken=null" name="CreditCardCheckoutAPOFPOAddress" />
      <Extension>Microsoft.VisualStudio.TestTools.UITesting.CodedUITestAttribute, Microsoft.VisualStudio.QualityTools.CodedUITestFramework, Version=12.0.0.0, Culture=neutral, PublicKeyToken=b03f5f7f11d50a3a</Extension>
    </UnitTest>
    <UnitTest name="PayPalOrderReviewNavigateBackToCart" storage="\\cmp01-ykumar\qatestautomationbuildsdrop\qatestautomation\qatestautomation_20180514.3\checkout_test.dll" id="5be7ec96-fa39-010e-613a-a900ff9a4de0">
      <DeploymentItems>
        <DeploymentItem filename="TestData\CheckoutPaypalTestData.xml" />
        <DeploymentItem filename="SharedCommonConfig\SharedCommonConfig.xml" />
      </DeploymentItems>
      <TcmInformation testCaseId="2097" testRunId="26973" testResultId="100051" />
      <Execution id="4ce4c57f-305c-4d38-b766-267bb5b496cf" />
      <Properties>
        <Property>
          <Key>__Tfs_BuildUri__</Key>
          <Value>vstfs:///Build/Build/1903</Value>
        </Property>
        <Property>
          <Key>__Tfs_IsInLabEnvironment__</Key>
          <Value>true</Value>
        </Property>
        <Property>
          <Key>__Tfs_TestRunId__</Key>
          <Value>26973</Value>
        </Property>
        <Property>
          <Key>__Tfs_TestCaseId__</Key>
          <Value>2097</Value>
        </Property>
        <Property>
          <Key>__Tfs_TeamProject__</Key>
          <Value>WebSphere</Value>
        </Property>
        <Property>
          <Key>__Tfs_BuildDirectory__</Key>
          <Value>\\CMP01-YKUMAR\QATestAutomationBuildsDrop\QATestAutomation\QATestAutomation_20180514.3</Value>
        </Property>
        <Property>
          <Key>__Tfs_LabEnvironment__</Key>
          <Value>&lt;?xml version="1.0" encoding="utf-16"?&gt;&lt;LabEnvironment Id="afd904c8-4332-4335-bd1d-55612a5eed76" Name="CMP01-INDIASQA" Uri="vstfs:///LabManagement/LabEnvironment/316"&gt;&lt;LabSystems&gt;&lt;LabSystem Name="CMP01-INDIASQA" ComputerName="CMP01-INDIASQA.horizonhobby.com" Roles="BS2CUIT"&gt;&lt;CustomProperties /&gt;&lt;/LabSystem&gt;&lt;/LabSystems&gt;&lt;/LabEnvironment&gt;</Value>
        </Property>
        <Property>
          <Key>__Tfs_TestConfigurationId__</Key>
          <Value>17</Value>
        </Property>
        <Property>
          <Key>__Tfs_TestPlanId__</Key>
          <Value>13</Value>
        </Property>
        <Property>
          <Key>__Tfs_TestConfigurationName__</Key>
          <Value>Win 7 with IE 11</Value>
        </Property>
        <Property>
          <Key>__Tfs_TestPointId__</Key>
          <Value>110236</Value>
        </Property>
        <Property>
          <Key>__Tfs_TfsServerCollectionUrl__</Key>
          <Value>http://cmp02-app05:8080/tfs/defaultcollection</Value>
        </Property>
        <Property>
          <Key>__Tfs_BuildPlatform__</Key>
          <Value>Any CPU</Value>
        </Property>
        <Property>
          <Key>__Tfs_BuildNumber__</Key>
          <Value>QATestAutomation_20180514.3</Value>
        </Property>
        <Property>
          <Key>__Tfs_BuildFlavor__</Key>
          <Value>Debug</Value>
        </Property>
        <Property>
          <Key>__Tfs_BuildConfigurationId__</Key>
          <Value>26978</Value>
        </Property>
      </Properties>
      <TestMethod codeBase="file://CMP01-YKUMAR/QATestAutomationBuildsDrop/QATestAutomation/QATestAutomation_20180514.3/Checkout_Test.DLL" adapterTypeName="Microsoft.VisualStudio.TestTools.TestTypes.Unit.UnitTestAdapter, Microsoft.VisualStudio.QualityTools.Tips.UnitTest.Adapter, Version=12.0.0.0, Culture=neutral, PublicKeyToken=b03f5f7f11d50a3a" className="TestAuto.CheckoutPayPal, Checkout_Test, Version=1.0.0.0, Culture=neutral, PublicKeyToken=null" name="PayPalOrderReviewNavigateBackToCart" />
      <Extension>Microsoft.VisualStudio.TestTools.UITesting.CodedUITestAttribute, Microsoft.VisualStudio.QualityTools.CodedUITestFramework, Version=12.0.0.0, Culture=neutral, PublicKeyToken=b03f5f7f11d50a3a</Extension>
    </UnitTest>
    <UnitTest name="PayPalExpressCheckoutBasicWorkflowSignedIn" storage="\\cmp01-ykumar\qatestautomationbuildsdrop\qatestautomation\qatestautomation_20180514.3\checkout_test.dll" id="8ef35005-3886-2833-7a0a-94f1fb3a232d">
      <DeploymentItems>
        <DeploymentItem filename="TestData\CheckoutPaypalTestData.xml" />
        <DeploymentItem filename="SharedCommonConfig\SharedCommonConfig.xml" />
      </DeploymentItems>
      <TcmInformation testCaseId="1563" testRunId="26973" testResultId="100013" />
      <Execution id="38287274-d793-4f01-9405-1977d2d1bf01" />
      <Properties>
        <Property>
          <Key>__Tfs_BuildUri__</Key>
          <Value>vstfs:///Build/Build/1903</Value>
        </Property>
        <Property>
          <Key>__Tfs_IsInLabEnvironment__</Key>
          <Value>true</Value>
        </Property>
        <Property>
          <Key>__Tfs_TestRunId__</Key>
          <Value>26973</Value>
        </Property>
        <Property>
          <Key>__Tfs_TestCaseId__</Key>
          <Value>1563</Value>
        </Property>
        <Property>
          <Key>__Tfs_TeamProject__</Key>
          <Value>WebSphere</Value>
        </Property>
        <Property>
          <Key>__Tfs_BuildDirectory__</Key>
          <Value>\\CMP01-YKUMAR\QATestAutomationBuildsDrop\QATestAutomation\QATestAutomation_20180514.3</Value>
        </Property>
        <Property>
          <Key>__Tfs_LabEnvironment__</Key>
          <Value>&lt;?xml version="1.0" encoding="utf-16"?&gt;&lt;LabEnvironment Id="afd904c8-4332-4335-bd1d-55612a5eed76" Name="CMP01-INDIASQA" Uri="vstfs:///LabManagement/LabEnvironment/316"&gt;&lt;LabSystems&gt;&lt;LabSystem Name="CMP01-INDIASQA" ComputerName="CMP01-INDIASQA.horizonhobby.com" Roles="BS2CUIT"&gt;&lt;CustomProperties /&gt;&lt;/LabSystem&gt;&lt;/LabSystems&gt;&lt;/LabEnvironment&gt;</Value>
        </Property>
        <Property>
          <Key>__Tfs_TestConfigurationId__</Key>
          <Value>17</Value>
        </Property>
        <Property>
          <Key>__Tfs_TestPlanId__</Key>
          <Value>13</Value>
        </Property>
        <Property>
          <Key>__Tfs_TestConfigurationName__</Key>
          <Value>Win 7 with IE 11</Value>
        </Property>
        <Property>
          <Key>__Tfs_TestPointId__</Key>
          <Value>110412</Value>
        </Property>
        <Property>
          <Key>__Tfs_TfsServerCollectionUrl__</Key>
          <Value>http://cmp02-app05:8080/tfs/defaultcollection</Value>
        </Property>
        <Property>
          <Key>__Tfs_BuildPlatform__</Key>
          <Value>Any CPU</Value>
        </Property>
        <Property>
          <Key>__Tfs_BuildNumber__</Key>
          <Value>QATestAutomation_20180514.3</Value>
        </Property>
        <Property>
          <Key>__Tfs_BuildFlavor__</Key>
          <Value>Debug</Value>
        </Property>
        <Property>
          <Key>__Tfs_BuildConfigurationId__</Key>
          <Value>26978</Value>
        </Property>
      </Properties>
      <TestMethod codeBase="file://CMP01-YKUMAR/QATestAutomationBuildsDrop/QATestAutomation/QATestAutomation_20180514.3/Checkout_Test.DLL" adapterTypeName="Microsoft.VisualStudio.TestTools.TestTypes.Unit.UnitTestAdapter, Microsoft.VisualStudio.QualityTools.Tips.UnitTest.Adapter, Version=12.0.0.0, Culture=neutral, PublicKeyToken=b03f5f7f11d50a3a" className="TestAuto.CheckoutPayPal, Checkout_Test, Version=1.0.0.0, Culture=neutral, PublicKeyToken=null" name="PayPalExpressCheckoutBasicWorkflowSignedIn" />
      <Extension>Microsoft.VisualStudio.TestTools.UITesting.CodedUITestAttribute, Microsoft.VisualStudio.QualityTools.CodedUITestFramework, Version=12.0.0.0, Culture=neutral, PublicKeyToken=b03f5f7f11d50a3a</Extension>
    </UnitTest>
    <UnitTest name="PayPalCheckoutAlaskaAndHawaiiStateAddress" storage="\\cmp01-ykumar\qatestautomationbuildsdrop\qatestautomation\qatestautomation_20180514.3\checkout_test.dll" id="5e55e692-4563-a9d8-eba3-9d0611f5a523">
      <DeploymentItems>
        <DeploymentItem filename="TestData\CheckoutPaypalTestData.xml" />
        <DeploymentItem filename="SharedCommonConfig\SharedCommonConfig.xml" />
      </DeploymentItems>
      <TcmInformation testCaseId="1566" testRunId="26973" testResultId="100015" />
      <Execution id="aa5e1c08-b3e6-46cf-a2fe-54d98e63d3b4" />
      <Properties>
        <Property>
          <Key>__Tfs_BuildUri__</Key>
          <Value>vstfs:///Build/Build/1903</Value>
        </Property>
        <Property>
          <Key>__Tfs_IsInLabEnvironment__</Key>
          <Value>true</Value>
        </Property>
        <Property>
          <Key>__Tfs_TestRunId__</Key>
          <Value>26973</Value>
        </Property>
        <Property>
          <Key>__Tfs_TestCaseId__</Key>
          <Value>1566</Value>
        </Property>
        <Property>
          <Key>__Tfs_TeamProject__</Key>
          <Value>WebSphere</Value>
        </Property>
        <Property>
          <Key>__Tfs_BuildDirectory__</Key>
          <Value>\\CMP01-YKUMAR\QATestAutomationBuildsDrop\QATestAutomation\QATestAutomation_20180514.3</Value>
        </Property>
        <Property>
          <Key>__Tfs_LabEnvironment__</Key>
          <Value>&lt;?xml version="1.0" encoding="utf-16"?&gt;&lt;LabEnvironment Id="afd904c8-4332-4335-bd1d-55612a5eed76" Name="CMP01-INDIASQA" Uri="vstfs:///LabManagement/LabEnvironment/316"&gt;&lt;LabSystems&gt;&lt;LabSystem Name="CMP01-INDIASQA" ComputerName="CMP01-INDIASQA.horizonhobby.com" Roles="BS2CUIT"&gt;&lt;CustomProperties /&gt;&lt;/LabSystem&gt;&lt;/LabSystems&gt;&lt;/LabEnvironment&gt;</Value>
        </Property>
        <Property>
          <Key>__Tfs_TestConfigurationId__</Key>
          <Value>17</Value>
        </Property>
        <Property>
          <Key>__Tfs_TestPlanId__</Key>
          <Value>13</Value>
        </Property>
        <Property>
          <Key>__Tfs_TestConfigurationName__</Key>
          <Value>Win 7 with IE 11</Value>
        </Property>
        <Property>
          <Key>__Tfs_TestPointId__</Key>
          <Value>110220</Value>
        </Property>
        <Property>
          <Key>__Tfs_TfsServerCollectionUrl__</Key>
          <Value>http://cmp02-app05:8080/tfs/defaultcollection</Value>
        </Property>
        <Property>
          <Key>__Tfs_BuildPlatform__</Key>
          <Value>Any CPU</Value>
        </Property>
        <Property>
          <Key>__Tfs_BuildNumber__</Key>
          <Value>QATestAutomation_20180514.3</Value>
        </Property>
        <Property>
          <Key>__Tfs_BuildFlavor__</Key>
          <Value>Debug</Value>
        </Property>
        <Property>
          <Key>__Tfs_BuildConfigurationId__</Key>
          <Value>26978</Value>
        </Property>
      </Properties>
      <TestMethod codeBase="file://CMP01-YKUMAR/QATestAutomationBuildsDrop/QATestAutomation/QATestAutomation_20180514.3/Checkout_Test.DLL" adapterTypeName="Microsoft.VisualStudio.TestTools.TestTypes.Unit.UnitTestAdapter, Microsoft.VisualStudio.QualityTools.Tips.UnitTest.Adapter, Version=12.0.0.0, Culture=neutral, PublicKeyToken=b03f5f7f11d50a3a" className="TestAuto.CheckoutPayPal, Checkout_Test, Version=1.0.0.0, Culture=neutral, PublicKeyToken=null" name="PayPalCheckoutAlaskaAndHawaiiStateAddress" />
      <Extension>Microsoft.VisualStudio.TestTools.UITesting.CodedUITestAttribute, Microsoft.VisualStudio.QualityTools.CodedUITestFramework, Version=12.0.0.0, Culture=neutral, PublicKeyToken=b03f5f7f11d50a3a</Extension>
    </UnitTest>
    <UnitTest name="NavigationGlobalHeaderSearchDropdown" storage="\\cmp01-ykumar\qatestautomationbuildsdrop\qatestautomation\qatestautomation_20180514.3\homepagetest.dll" id="c2ae2699-e4cf-0063-ff28-66004470daf7">
      <DeploymentItems>
        <DeploymentItem filename="TestData\HomePageTestData.xml" />
        <DeploymentItem filename="SharedCommonConfig\SharedCommonConfig.xml" />
      </DeploymentItems>
      <TcmInformation testCaseId="2302" testRunId="26973" testResultId="100053" />
      <Execution id="c7eea668-5e63-4c72-a7e8-bc0cafece938" />
      <Properties>
        <Property>
          <Key>__Tfs_BuildUri__</Key>
          <Value>vstfs:///Build/Build/1903</Value>
        </Property>
        <Property>
          <Key>__Tfs_IsInLabEnvironment__</Key>
          <Value>true</Value>
        </Property>
        <Property>
          <Key>__Tfs_TestRunId__</Key>
          <Value>26973</Value>
        </Property>
        <Property>
          <Key>__Tfs_TestCaseId__</Key>
          <Value>2302</Value>
        </Property>
        <Property>
          <Key>__Tfs_TeamProject__</Key>
          <Value>WebSphere</Value>
        </Property>
        <Property>
          <Key>__Tfs_BuildDirectory__</Key>
          <Value>\\CMP01-YKUMAR\QATestAutomationBuildsDrop\QATestAutomation\QATestAutomation_20180514.3</Value>
        </Property>
        <Property>
          <Key>__Tfs_LabEnvironment__</Key>
          <Value>&lt;?xml version="1.0" encoding="utf-16"?&gt;&lt;LabEnvironment Id="afd904c8-4332-4335-bd1d-55612a5eed76" Name="CMP01-INDIASQA" Uri="vstfs:///LabManagement/LabEnvironment/316"&gt;&lt;LabSystems&gt;&lt;LabSystem Name="CMP01-INDIASQA" ComputerName="CMP01-INDIASQA.horizonhobby.com" Roles="BS2CUIT"&gt;&lt;CustomProperties /&gt;&lt;/LabSystem&gt;&lt;/LabSystems&gt;&lt;/LabEnvironment&gt;</Value>
        </Property>
        <Property>
          <Key>__Tfs_TestConfigurationId__</Key>
          <Value>17</Value>
        </Property>
        <Property>
          <Key>__Tfs_TestPlanId__</Key>
          <Value>13</Value>
        </Property>
        <Property>
          <Key>__Tfs_TestConfigurationName__</Key>
          <Value>Win 7 with IE 11</Value>
        </Property>
        <Property>
          <Key>__Tfs_TestPointId__</Key>
          <Value>110238</Value>
        </Property>
        <Property>
          <Key>__Tfs_TfsServerCollectionUrl__</Key>
          <Value>http://cmp02-app05:8080/tfs/defaultcollection</Value>
        </Property>
        <Property>
          <Key>__Tfs_BuildPlatform__</Key>
          <Value>Any CPU</Value>
        </Property>
        <Property>
          <Key>__Tfs_BuildNumber__</Key>
          <Value>QATestAutomation_20180514.3</Value>
        </Property>
        <Property>
          <Key>__Tfs_BuildFlavor__</Key>
          <Value>Debug</Value>
        </Property>
        <Property>
          <Key>__Tfs_BuildConfigurationId__</Key>
          <Value>26978</Value>
        </Property>
      </Properties>
      <TestMethod codeBase="file://CMP01-YKUMAR/QATestAutomationBuildsDrop/QATestAutomation/QATestAutomation_20180514.3/HomePageTest.DLL" adapterTypeName="Microsoft.VisualStudio.TestTools.TestTypes.Unit.UnitTestAdapter, Microsoft.VisualStudio.QualityTools.Tips.UnitTest.Adapter, Version=12.0.0.0, Culture=neutral, PublicKeyToken=b03f5f7f11d50a3a" className="TestAuto.HomePageTest, HomePageTest, Version=1.0.0.0, Culture=neutral, PublicKeyToken=null" name="NavigationGlobalHeaderSearchDropdown" />
      <Extension>Microsoft.VisualStudio.TestTools.UITesting.CodedUITestAttribute, Microsoft.VisualStudio.QualityTools.CodedUITestFramework, Version=12.0.0.0, Culture=neutral, PublicKeyToken=b03f5f7f11d50a3a</Extension>
    </UnitTest>
    <UnitTest name="CheckoutPayPalNotAvailableForPreorders" storage="\\cmp01-ykumar\qatestautomationbuildsdrop\qatestautomation\qatestautomation_20180514.3\checkout_test.dll" id="05b4593e-f853-c4cd-7891-50a925ac2065">
      <DeploymentItems>
        <DeploymentItem filename="TestData\CheckoutCommonTestData.xml" />
        <DeploymentItem filename="SharedCommonConfig\SharedCommonConfig.xml" />
      </DeploymentItems>
      <TcmInformation testCaseId="2492" testRunId="26973" testResultId="100054" />
      <Execution id="f4ad025c-21c8-4c65-83d8-5f7eb2306750" />
      <Properties>
        <Property>
          <Key>__Tfs_BuildUri__</Key>
          <Value>vstfs:///Build/Build/1903</Value>
        </Property>
        <Property>
          <Key>__Tfs_IsInLabEnvironment__</Key>
          <Value>true</Value>
        </Property>
        <Property>
          <Key>__Tfs_TestRunId__</Key>
          <Value>26973</Value>
        </Property>
        <Property>
          <Key>__Tfs_TestCaseId__</Key>
          <Value>2492</Value>
        </Property>
        <Property>
          <Key>__Tfs_TeamProject__</Key>
          <Value>WebSphere</Value>
        </Property>
        <Property>
          <Key>__Tfs_BuildDirectory__</Key>
          <Value>\\CMP01-YKUMAR\QATestAutomationBuildsDrop\QATestAutomation\QATestAutomation_20180514.3</Value>
        </Property>
        <Property>
          <Key>__Tfs_LabEnvironment__</Key>
          <Value>&lt;?xml version="1.0" encoding="utf-16"?&gt;&lt;LabEnvironment Id="afd904c8-4332-4335-bd1d-55612a5eed76" Name="CMP01-INDIASQA" Uri="vstfs:///LabManagement/LabEnvironment/316"&gt;&lt;LabSystems&gt;&lt;LabSystem Name="CMP01-INDIASQA" ComputerName="CMP01-INDIASQA.horizonhobby.com" Roles="BS2CUIT"&gt;&lt;CustomProperties /&gt;&lt;/LabSystem&gt;&lt;/LabSystems&gt;&lt;/LabEnvironment&gt;</Value>
        </Property>
        <Property>
          <Key>__Tfs_TestConfigurationId__</Key>
          <Value>17</Value>
        </Property>
        <Property>
          <Key>__Tfs_TestPlanId__</Key>
          <Value>13</Value>
        </Property>
        <Property>
          <Key>__Tfs_TestConfigurationName__</Key>
          <Value>Win 7 with IE 11</Value>
        </Property>
        <Property>
          <Key>__Tfs_TestPointId__</Key>
          <Value>110239</Value>
        </Property>
        <Property>
          <Key>__Tfs_TfsServerCollectionUrl__</Key>
          <Value>http://cmp02-app05:8080/tfs/defaultcollection</Value>
        </Property>
        <Property>
          <Key>__Tfs_BuildPlatform__</Key>
          <Value>Any CPU</Value>
        </Property>
        <Property>
          <Key>__Tfs_BuildNumber__</Key>
          <Value>QATestAutomation_20180514.3</Value>
        </Property>
        <Property>
          <Key>__Tfs_BuildFlavor__</Key>
          <Value>Debug</Value>
        </Property>
        <Property>
          <Key>__Tfs_BuildConfigurationId__</Key>
          <Value>26978</Value>
        </Property>
      </Properties>
      <TestMethod codeBase="file://CMP01-YKUMAR/QATestAutomationBuildsDrop/QATestAutomation/QATestAutomation_20180514.3/Checkout_Test.DLL" adapterTypeName="Microsoft.VisualStudio.TestTools.TestTypes.Unit.UnitTestAdapter, Microsoft.VisualStudio.QualityTools.Tips.UnitTest.Adapter, Version=12.0.0.0, Culture=neutral, PublicKeyToken=b03f5f7f11d50a3a" className="TestAuto.HHBvtSmokeTest, Checkout_Test, Version=1.0.0.0, Culture=neutral, PublicKeyToken=null" name="CheckoutPayPalNotAvailableForPreorders" />
      <Extension>Microsoft.VisualStudio.TestTools.UITesting.CodedUITestAttribute, Microsoft.VisualStudio.QualityTools.CodedUITestFramework, Version=12.0.0.0, Culture=neutral, PublicKeyToken=b03f5f7f11d50a3a</Extension>
    </UnitTest>
    <UnitTest name="CreditCardCheckoutAuthorizationUnderReviewWithGiftCards" storage="\\cmp01-ykumar\qatestautomationbuildsdrop\qatestautomation\qatestautomation_20180514.3\checkout_test.dll" id="227538fd-0eda-ee49-efa8-42264e3489b8">
      <DeploymentItems>
        <DeploymentItem filename="TestData\CheckoutCreditCard.xml" />
        <DeploymentItem filename="SharedCommonConfig\SharedCommonConfig.xml" />
      </DeploymentItems>
      <TcmInformation testCaseId="1532" testRunId="26973" testResultId="100009" />
      <Execution id="ffab471c-aeaf-4bf5-830a-8a8089b42c3f" />
      <Properties>
        <Property>
          <Key>__Tfs_BuildUri__</Key>
          <Value>vstfs:///Build/Build/1903</Value>
        </Property>
        <Property>
          <Key>__Tfs_IsInLabEnvironment__</Key>
          <Value>true</Value>
        </Property>
        <Property>
          <Key>__Tfs_TestRunId__</Key>
          <Value>26973</Value>
        </Property>
        <Property>
          <Key>__Tfs_TestCaseId__</Key>
          <Value>1532</Value>
        </Property>
        <Property>
          <Key>__Tfs_TeamProject__</Key>
          <Value>WebSphere</Value>
        </Property>
        <Property>
          <Key>__Tfs_BuildDirectory__</Key>
          <Value>\\CMP01-YKUMAR\QATestAutomationBuildsDrop\QATestAutomation\QATestAutomation_20180514.3</Value>
        </Property>
        <Property>
          <Key>__Tfs_LabEnvironment__</Key>
          <Value>&lt;?xml version="1.0" encoding="utf-16"?&gt;&lt;LabEnvironment Id="afd904c8-4332-4335-bd1d-55612a5eed76" Name="CMP01-INDIASQA" Uri="vstfs:///LabManagement/LabEnvironment/316"&gt;&lt;LabSystems&gt;&lt;LabSystem Name="CMP01-INDIASQA" ComputerName="CMP01-INDIASQA.horizonhobby.com" Roles="BS2CUIT"&gt;&lt;CustomProperties /&gt;&lt;/LabSystem&gt;&lt;/LabSystems&gt;&lt;/LabEnvironment&gt;</Value>
        </Property>
        <Property>
          <Key>__Tfs_TestConfigurationId__</Key>
          <Value>17</Value>
        </Property>
        <Property>
          <Key>__Tfs_TestPlanId__</Key>
          <Value>13</Value>
        </Property>
        <Property>
          <Key>__Tfs_TestConfigurationName__</Key>
          <Value>Win 7 with IE 11</Value>
        </Property>
        <Property>
          <Key>__Tfs_TestPointId__</Key>
          <Value>110405</Value>
        </Property>
        <Property>
          <Key>__Tfs_TfsServerCollectionUrl__</Key>
          <Value>http://cmp02-app05:8080/tfs/defaultcollection</Value>
        </Property>
        <Property>
          <Key>__Tfs_BuildPlatform__</Key>
          <Value>Any CPU</Value>
        </Property>
        <Property>
          <Key>__Tfs_BuildNumber__</Key>
          <Value>QATestAutomation_20180514.3</Value>
        </Property>
        <Property>
          <Key>__Tfs_BuildFlavor__</Key>
          <Value>Debug</Value>
        </Property>
        <Property>
          <Key>__Tfs_BuildConfigurationId__</Key>
          <Value>26978</Value>
        </Property>
      </Properties>
      <TestMethod codeBase="file://CMP01-YKUMAR/QATestAutomationBuildsDrop/QATestAutomation/QATestAutomation_20180514.3/Checkout_Test.DLL" adapterTypeName="Microsoft.VisualStudio.TestTools.TestTypes.Unit.UnitTestAdapter, Microsoft.VisualStudio.QualityTools.Tips.UnitTest.Adapter, Version=12.0.0.0, Culture=neutral, PublicKeyToken=b03f5f7f11d50a3a" className="TestAuto.CheckoutCreditCard, Checkout_Test, Version=1.0.0.0, Culture=neutral, PublicKeyToken=null" name="CreditCardCheckoutAuthorizationUnderReviewWithGiftCards" />
      <Extension>Microsoft.VisualStudio.TestTools.UITesting.CodedUITestAttribute, Microsoft.VisualStudio.QualityTools.CodedUITestFramework, Version=12.0.0.0, Culture=neutral, PublicKeyToken=b03f5f7f11d50a3a</Extension>
    </UnitTest>
    <UnitTest name="MyAccountLandingPage" storage="\\cmp01-ykumar\qatestautomationbuildsdrop\qatestautomation\qatestautomation_20180514.3\myaccount.dll" id="780f8ca6-0b89-206d-fa11-a594df9ce382">
      <DeploymentItems>
        <DeploymentItem filename="TestData\MyAccountTestData.xml" />
        <DeploymentItem filename="SharedCommonConfig\SharedCommonConfig.xml" />
      </DeploymentItems>
      <TcmInformation testCaseId="1945" testRunId="26973" testResultId="100035" />
      <Execution id="e781cae3-a792-434a-b7e8-fae18089e516" />
      <Properties>
        <Property>
          <Key>__Tfs_BuildUri__</Key>
          <Value>vstfs:///Build/Build/1903</Value>
        </Property>
        <Property>
          <Key>__Tfs_IsInLabEnvironment__</Key>
          <Value>true</Value>
        </Property>
        <Property>
          <Key>__Tfs_TestRunId__</Key>
          <Value>26973</Value>
        </Property>
        <Property>
          <Key>__Tfs_TestCaseId__</Key>
          <Value>1945</Value>
        </Property>
        <Property>
          <Key>__Tfs_TeamProject__</Key>
          <Value>WebSphere</Value>
        </Property>
        <Property>
          <Key>__Tfs_BuildDirectory__</Key>
          <Value>\\CMP01-YKUMAR\QATestAutomationBuildsDrop\QATestAutomation\QATestAutomation_20180514.3</Value>
        </Property>
        <Property>
          <Key>__Tfs_LabEnvironment__</Key>
          <Value>&lt;?xml version="1.0" encoding="utf-16"?&gt;&lt;LabEnvironment Id="afd904c8-4332-4335-bd1d-55612a5eed76" Name="CMP01-INDIASQA" Uri="vstfs:///LabManagement/LabEnvironment/316"&gt;&lt;LabSystems&gt;&lt;LabSystem Name="CMP01-INDIASQA" ComputerName="CMP01-INDIASQA.horizonhobby.com" Roles="BS2CUIT"&gt;&lt;CustomProperties /&gt;&lt;/LabSystem&gt;&lt;/LabSystems&gt;&lt;/LabEnvironment&gt;</Value>
        </Property>
        <Property>
          <Key>__Tfs_TestConfigurationId__</Key>
          <Value>17</Value>
        </Property>
        <Property>
          <Key>__Tfs_TestPlanId__</Key>
          <Value>13</Value>
        </Property>
        <Property>
          <Key>__Tfs_TestConfigurationName__</Key>
          <Value>Win 7 with IE 11</Value>
        </Property>
        <Property>
          <Key>__Tfs_TestPointId__</Key>
          <Value>110356</Value>
        </Property>
        <Property>
          <Key>__Tfs_TfsServerCollectionUrl__</Key>
          <Value>http://cmp02-app05:8080/tfs/defaultcollection</Value>
        </Property>
        <Property>
          <Key>__Tfs_BuildPlatform__</Key>
          <Value>Any CPU</Value>
        </Property>
        <Property>
          <Key>__Tfs_BuildNumber__</Key>
          <Value>QATestAutomation_20180514.3</Value>
        </Property>
        <Property>
          <Key>__Tfs_BuildFlavor__</Key>
          <Value>Debug</Value>
        </Property>
        <Property>
          <Key>__Tfs_BuildConfigurationId__</Key>
          <Value>26978</Value>
        </Property>
      </Properties>
      <TestMethod codeBase="file://CMP01-YKUMAR/QATestAutomationBuildsDrop/QATestAutomation/QATestAutomation_20180514.3/MyAccount.DLL" adapterTypeName="Microsoft.VisualStudio.TestTools.TestTypes.Unit.UnitTestAdapter, Microsoft.VisualStudio.QualityTools.Tips.UnitTest.Adapter, Version=12.0.0.0, Culture=neutral, PublicKeyToken=b03f5f7f11d50a3a" className="TestAuto.MyAccount, MyAccount, Version=1.0.0.0, Culture=neutral, PublicKeyToken=null" name="MyAccountLandingPage" />
      <Extension>Microsoft.VisualStudio.TestTools.UITesting.CodedUITestAttribute, Microsoft.VisualStudio.QualityTools.CodedUITestFramework, Version=12.0.0.0, Culture=neutral, PublicKeyToken=b03f5f7f11d50a3a</Extension>
    </UnitTest>
    <UnitTest name="CartModalAddToCart" storage="\\cmp01-ykumar\qatestautomationbuildsdrop\qatestautomation\qatestautomation_20180514.3\cartdisplaytest.dll" id="c8408e0e-7151-f4f0-cf36-3a61b3743b40">
      <DeploymentItems>
        <DeploymentItem filename="TestData\CartDisplayTestData.xml" />
        <DeploymentItem filename="SharedCommonConfig\SharedCommonConfig.xml" />
      </DeploymentItems>
      <TcmInformation testCaseId="2082" testRunId="26973" testResultId="100049" />
      <Execution id="7265983c-4b31-4d96-afa5-785785849aa1" />
      <Properties>
        <Property>
          <Key>__Tfs_BuildUri__</Key>
          <Value>vstfs:///Build/Build/1903</Value>
        </Property>
        <Property>
          <Key>__Tfs_IsInLabEnvironment__</Key>
          <Value>true</Value>
        </Property>
        <Property>
          <Key>__Tfs_TestRunId__</Key>
          <Value>26973</Value>
        </Property>
        <Property>
          <Key>__Tfs_TestCaseId__</Key>
          <Value>2082</Value>
        </Property>
        <Property>
          <Key>__Tfs_TeamProject__</Key>
          <Value>WebSphere</Value>
        </Property>
        <Property>
          <Key>__Tfs_BuildDirectory__</Key>
          <Value>\\CMP01-YKUMAR\QATestAutomationBuildsDrop\QATestAutomation\QATestAutomation_20180514.3</Value>
        </Property>
        <Property>
          <Key>__Tfs_LabEnvironment__</Key>
          <Value>&lt;?xml version="1.0" encoding="utf-16"?&gt;&lt;LabEnvironment Id="afd904c8-4332-4335-bd1d-55612a5eed76" Name="CMP01-INDIASQA" Uri="vstfs:///LabManagement/LabEnvironment/316"&gt;&lt;LabSystems&gt;&lt;LabSystem Name="CMP01-INDIASQA" ComputerName="CMP01-INDIASQA.horizonhobby.com" Roles="BS2CUIT"&gt;&lt;CustomProperties /&gt;&lt;/LabSystem&gt;&lt;/LabSystems&gt;&lt;/LabEnvironment&gt;</Value>
        </Property>
        <Property>
          <Key>__Tfs_TestConfigurationId__</Key>
          <Value>17</Value>
        </Property>
        <Property>
          <Key>__Tfs_TestPlanId__</Key>
          <Value>13</Value>
        </Property>
        <Property>
          <Key>__Tfs_TestConfigurationName__</Key>
          <Value>Win 7 with IE 11</Value>
        </Property>
        <Property>
          <Key>__Tfs_TestPointId__</Key>
          <Value>110234</Value>
        </Property>
        <Property>
          <Key>__Tfs_TfsServerCollectionUrl__</Key>
          <Value>http://cmp02-app05:8080/tfs/defaultcollection</Value>
        </Property>
        <Property>
          <Key>__Tfs_BuildPlatform__</Key>
          <Value>Any CPU</Value>
        </Property>
        <Property>
          <Key>__Tfs_BuildNumber__</Key>
          <Value>QATestAutomation_20180514.3</Value>
        </Property>
        <Property>
          <Key>__Tfs_BuildFlavor__</Key>
          <Value>Debug</Value>
        </Property>
        <Property>
          <Key>__Tfs_BuildConfigurationId__</Key>
          <Value>26978</Value>
        </Property>
      </Properties>
      <TestMethod codeBase="file://CMP01-YKUMAR/QATestAutomationBuildsDrop/QATestAutomation/QATestAutomation_20180514.3/CartDisplayTest.DLL" adapterTypeName="Microsoft.VisualStudio.TestTools.TestTypes.Unit.UnitTestAdapter, Microsoft.VisualStudio.QualityTools.Tips.UnitTest.Adapter, Version=12.0.0.0, Culture=neutral, PublicKeyToken=b03f5f7f11d50a3a" className="TestAuto.CartDisplayTest, CartDisplayTest, Version=1.0.0.0, Culture=neutral, PublicKeyToken=null" name="CartModalAddToCart" />
      <Extension>Microsoft.VisualStudio.TestTools.UITesting.CodedUITestAttribute, Microsoft.VisualStudio.QualityTools.CodedUITestFramework, Version=12.0.0.0, Culture=neutral, PublicKeyToken=b03f5f7f11d50a3a</Extension>
    </UnitTest>
    <UnitTest name="ServiceCenterPage" storage="\\cmp01-ykumar\qatestautomationbuildsdrop\qatestautomation\qatestautomation_20180514.3\globalsettings.dll" id="03ffa5b8-a450-204b-3cd7-0c8fbf4758a9">
      <DeploymentItems>
        <DeploymentItem filename="TestData\GlobalSettingsTestData.xml" />
        <DeploymentItem filename="SharedCommonConfig\SharedCommonConfig.xml" />
      </DeploymentItems>
      <TcmInformation testCaseId="2013" testRunId="26973" testResultId="100047" />
      <Execution id="e881e341-2ed3-45b0-a3c3-1cafc0255020" />
      <Properties>
        <Property>
          <Key>__Tfs_BuildUri__</Key>
          <Value>vstfs:///Build/Build/1903</Value>
        </Property>
        <Property>
          <Key>__Tfs_IsInLabEnvironment__</Key>
          <Value>true</Value>
        </Property>
        <Property>
          <Key>__Tfs_TestRunId__</Key>
          <Value>26973</Value>
        </Property>
        <Property>
          <Key>__Tfs_TestCaseId__</Key>
          <Value>2013</Value>
        </Property>
        <Property>
          <Key>__Tfs_TeamProject__</Key>
          <Value>WebSphere</Value>
        </Property>
        <Property>
          <Key>__Tfs_BuildDirectory__</Key>
          <Value>\\CMP01-YKUMAR\QATestAutomationBuildsDrop\QATestAutomation\QATestAutomation_20180514.3</Value>
        </Property>
        <Property>
          <Key>__Tfs_LabEnvironment__</Key>
          <Value>&lt;?xml version="1.0" encoding="utf-16"?&gt;&lt;LabEnvironment Id="afd904c8-4332-4335-bd1d-55612a5eed76" Name="CMP01-INDIASQA" Uri="vstfs:///LabManagement/LabEnvironment/316"&gt;&lt;LabSystems&gt;&lt;LabSystem Name="CMP01-INDIASQA" ComputerName="CMP01-INDIASQA.horizonhobby.com" Roles="BS2CUIT"&gt;&lt;CustomProperties /&gt;&lt;/LabSystem&gt;&lt;/LabSystems&gt;&lt;/LabEnvironment&gt;</Value>
        </Property>
        <Property>
          <Key>__Tfs_TestConfigurationId__</Key>
          <Value>17</Value>
        </Property>
        <Property>
          <Key>__Tfs_TestPlanId__</Key>
          <Value>13</Value>
        </Property>
        <Property>
          <Key>__Tfs_TestConfigurationName__</Key>
          <Value>Win 7 with IE 11</Value>
        </Property>
        <Property>
          <Key>__Tfs_TestPointId__</Key>
          <Value>110231</Value>
        </Property>
        <Property>
          <Key>__Tfs_TfsServerCollectionUrl__</Key>
          <Value>http://cmp02-app05:8080/tfs/defaultcollection</Value>
        </Property>
        <Property>
          <Key>__Tfs_BuildPlatform__</Key>
          <Value>Any CPU</Value>
        </Property>
        <Property>
          <Key>__Tfs_BuildNumber__</Key>
          <Value>QATestAutomation_20180514.3</Value>
        </Property>
        <Property>
          <Key>__Tfs_BuildFlavor__</Key>
          <Value>Debug</Value>
        </Property>
        <Property>
          <Key>__Tfs_BuildConfigurationId__</Key>
          <Value>26978</Value>
        </Property>
      </Properties>
      <TestMethod codeBase="file://CMP01-YKUMAR/QATestAutomationBuildsDrop/QATestAutomation/QATestAutomation_20180514.3/GlobalSettings.DLL" adapterTypeName="Microsoft.VisualStudio.TestTools.TestTypes.Unit.UnitTestAdapter, Microsoft.VisualStudio.QualityTools.Tips.UnitTest.Adapter, Version=12.0.0.0, Culture=neutral, PublicKeyToken=b03f5f7f11d50a3a" className="TestAuto.GlobalSettings, GlobalSettings, Version=1.0.0.0, Culture=neutral, PublicKeyToken=null" name="ServiceCenterPage" />
      <Extension>Microsoft.VisualStudio.TestTools.UITesting.CodedUITestAttribute, Microsoft.VisualStudio.QualityTools.CodedUITestFramework, Version=12.0.0.0, Culture=neutral, PublicKeyToken=b03f5f7f11d50a3a</Extension>
    </UnitTest>
    <UnitTest name="SearchFilterResultsCategory" storage="\\cmp01-ykumar\qatestautomationbuildsdrop\qatestautomation\qatestautomation_20180514.3\searchtest.dll" id="7b45ab1a-cab5-7f38-3c0d-cd6f577b07ef">
      <DeploymentItems>
        <DeploymentItem filename="TestData\SearchTestData.xml" />
        <DeploymentItem filename="SharedCommonConfig\SharedCommonConfig.xml" />
      </DeploymentItems>
      <TcmInformation testCaseId="1595" testRunId="26973" testResultId="100017" />
      <Execution id="09feb18a-7fe3-48e3-95d4-8bd04ef7ec80" />
      <Properties>
        <Property>
          <Key>__Tfs_BuildUri__</Key>
          <Value>vstfs:///Build/Build/1903</Value>
        </Property>
        <Property>
          <Key>__Tfs_IsInLabEnvironment__</Key>
          <Value>true</Value>
        </Property>
        <Property>
          <Key>__Tfs_TestRunId__</Key>
          <Value>26973</Value>
        </Property>
        <Property>
          <Key>__Tfs_TestCaseId__</Key>
          <Value>1595</Value>
        </Property>
        <Property>
          <Key>__Tfs_TeamProject__</Key>
          <Value>WebSphere</Value>
        </Property>
        <Property>
          <Key>__Tfs_BuildDirectory__</Key>
          <Value>\\CMP01-YKUMAR\QATestAutomationBuildsDrop\QATestAutomation\QATestAutomation_20180514.3</Value>
        </Property>
        <Property>
          <Key>__Tfs_LabEnvironment__</Key>
          <Value>&lt;?xml version="1.0" encoding="utf-16"?&gt;&lt;LabEnvironment Id="afd904c8-4332-4335-bd1d-55612a5eed76" Name="CMP01-INDIASQA" Uri="vstfs:///LabManagement/LabEnvironment/316"&gt;&lt;LabSystems&gt;&lt;LabSystem Name="CMP01-INDIASQA" ComputerName="CMP01-INDIASQA.horizonhobby.com" Roles="BS2CUIT"&gt;&lt;CustomProperties /&gt;&lt;/LabSystem&gt;&lt;/LabSystems&gt;&lt;/LabEnvironment&gt;</Value>
        </Property>
        <Property>
          <Key>__Tfs_TestConfigurationId__</Key>
          <Value>17</Value>
        </Property>
        <Property>
          <Key>__Tfs_TestPlanId__</Key>
          <Value>13</Value>
        </Property>
        <Property>
          <Key>__Tfs_TestConfigurationName__</Key>
          <Value>Win 7 with IE 11</Value>
        </Property>
        <Property>
          <Key>__Tfs_TestPointId__</Key>
          <Value>110342</Value>
        </Property>
        <Property>
          <Key>__Tfs_TfsServerCollectionUrl__</Key>
          <Value>http://cmp02-app05:8080/tfs/defaultcollection</Value>
        </Property>
        <Property>
          <Key>__Tfs_BuildPlatform__</Key>
          <Value>Any CPU</Value>
        </Property>
        <Property>
          <Key>__Tfs_BuildNumber__</Key>
          <Value>QATestAutomation_20180514.3</Value>
        </Property>
        <Property>
          <Key>__Tfs_BuildFlavor__</Key>
          <Value>Debug</Value>
        </Property>
        <Property>
          <Key>__Tfs_BuildConfigurationId__</Key>
          <Value>26978</Value>
        </Property>
      </Properties>
      <TestMethod codeBase="file://CMP01-YKUMAR/QATestAutomationBuildsDrop/QATestAutomation/QATestAutomation_20180514.3/SearchTest.DLL" adapterTypeName="Microsoft.VisualStudio.TestTools.TestTypes.Unit.UnitTestAdapter, Microsoft.VisualStudio.QualityTools.Tips.UnitTest.Adapter, Version=12.0.0.0, Culture=neutral, PublicKeyToken=b03f5f7f11d50a3a" className="TestAuto.SearchTest, SearchTest, Version=1.0.0.0, Culture=neutral, PublicKeyToken=null" name="SearchFilterResultsCategory" />
      <Extension>Microsoft.VisualStudio.TestTools.UITesting.CodedUITestAttribute, Microsoft.VisualStudio.QualityTools.CodedUITestFramework, Version=12.0.0.0, Culture=neutral, PublicKeyToken=b03f5f7f11d50a3a</Extension>
    </UnitTest>
    <UnitTest name="CheckoutRestrictedCountriesSignedInUser" storage="\\cmp01-ykumar\qatestautomationbuildsdrop\qatestautomation\qatestautomation_20180514.3\checkout_test.dll" id="6d9fd32a-a94f-b15c-8b40-3d3ca5789585">
      <DeploymentItems>
        <DeploymentItem filename="TestData\CheckoutCommonTestData.xml" />
        <DeploymentItem filename="SharedCommonConfig\SharedCommonConfig.xml" />
      </DeploymentItems>
      <TcmInformation testCaseId="1955" testRunId="26973" testResultId="100036" />
      <Execution id="8b341358-7822-43c0-8a8c-7a0b8aa67517" />
      <Properties>
        <Property>
          <Key>__Tfs_BuildUri__</Key>
          <Value>vstfs:///Build/Build/1903</Value>
        </Property>
        <Property>
          <Key>__Tfs_IsInLabEnvironment__</Key>
          <Value>true</Value>
        </Property>
        <Property>
          <Key>__Tfs_TestRunId__</Key>
          <Value>26973</Value>
        </Property>
        <Property>
          <Key>__Tfs_TestCaseId__</Key>
          <Value>1955</Value>
        </Property>
        <Property>
          <Key>__Tfs_TeamProject__</Key>
          <Value>WebSphere</Value>
        </Property>
        <Property>
          <Key>__Tfs_BuildDirectory__</Key>
          <Value>\\CMP01-YKUMAR\QATestAutomationBuildsDrop\QATestAutomation\QATestAutomation_20180514.3</Value>
        </Property>
        <Property>
          <Key>__Tfs_LabEnvironment__</Key>
          <Value>&lt;?xml version="1.0" encoding="utf-16"?&gt;&lt;LabEnvironment Id="afd904c8-4332-4335-bd1d-55612a5eed76" Name="CMP01-INDIASQA" Uri="vstfs:///LabManagement/LabEnvironment/316"&gt;&lt;LabSystems&gt;&lt;LabSystem Name="CMP01-INDIASQA" ComputerName="CMP01-INDIASQA.horizonhobby.com" Roles="BS2CUIT"&gt;&lt;CustomProperties /&gt;&lt;/LabSystem&gt;&lt;/LabSystems&gt;&lt;/LabEnvironment&gt;</Value>
        </Property>
        <Property>
          <Key>__Tfs_TestConfigurationId__</Key>
          <Value>17</Value>
        </Property>
        <Property>
          <Key>__Tfs_TestPlanId__</Key>
          <Value>13</Value>
        </Property>
        <Property>
          <Key>__Tfs_TestConfigurationName__</Key>
          <Value>Win 7 with IE 11</Value>
        </Property>
        <Property>
          <Key>__Tfs_TestPointId__</Key>
          <Value>110357</Value>
        </Property>
        <Property>
          <Key>__Tfs_TfsServerCollectionUrl__</Key>
          <Value>http://cmp02-app05:8080/tfs/defaultcollection</Value>
        </Property>
        <Property>
          <Key>__Tfs_BuildPlatform__</Key>
          <Value>Any CPU</Value>
        </Property>
        <Property>
          <Key>__Tfs_BuildNumber__</Key>
          <Value>QATestAutomation_20180514.3</Value>
        </Property>
        <Property>
          <Key>__Tfs_BuildFlavor__</Key>
          <Value>Debug</Value>
        </Property>
        <Property>
          <Key>__Tfs_BuildConfigurationId__</Key>
          <Value>26978</Value>
        </Property>
      </Properties>
      <TestMethod codeBase="file://CMP01-YKUMAR/QATestAutomationBuildsDrop/QATestAutomation/QATestAutomation_20180514.3/Checkout_Test.DLL" adapterTypeName="Microsoft.VisualStudio.TestTools.TestTypes.Unit.UnitTestAdapter, Microsoft.VisualStudio.QualityTools.Tips.UnitTest.Adapter, Version=12.0.0.0, Culture=neutral, PublicKeyToken=b03f5f7f11d50a3a" className="TestAuto.HHBvtSmokeTest, Checkout_Test, Version=1.0.0.0, Culture=neutral, PublicKeyToken=null" name="CheckoutRestrictedCountriesSignedInUser" />
      <Extension>Microsoft.VisualStudio.TestTools.UITesting.CodedUITestAttribute, Microsoft.VisualStudio.QualityTools.CodedUITestFramework, Version=12.0.0.0, Culture=neutral, PublicKeyToken=b03f5f7f11d50a3a</Extension>
    </UnitTest>
    <UnitTest name="CreditCardCheckoutGiftCardPartialPaymentBackorder" storage="\\cmp01-ykumar\qatestautomationbuildsdrop\qatestautomation\qatestautomation_20180514.3\checkout_test.dll" id="0dcaec80-5f87-999f-d4b6-ab154e5db421">
      <DeploymentItems>
        <DeploymentItem filename="TestData\CheckoutCreditCard.xml" />
        <DeploymentItem filename="SharedCommonConfig\SharedCommonConfig.xml" />
      </DeploymentItems>
      <TcmInformation testCaseId="1495" testRunId="26973" testResultId="100003" />
      <Execution id="ddee163a-d4bd-4cd3-8895-02f6de67fdae" />
      <Properties>
        <Property>
          <Key>__Tfs_BuildUri__</Key>
          <Value>vstfs:///Build/Build/1903</Value>
        </Property>
        <Property>
          <Key>__Tfs_IsInLabEnvironment__</Key>
          <Value>true</Value>
        </Property>
        <Property>
          <Key>__Tfs_TestRunId__</Key>
          <Value>26973</Value>
        </Property>
        <Property>
          <Key>__Tfs_TestCaseId__</Key>
          <Value>1495</Value>
        </Property>
        <Property>
          <Key>__Tfs_TeamProject__</Key>
          <Value>WebSphere</Value>
        </Property>
        <Property>
          <Key>__Tfs_BuildDirectory__</Key>
          <Value>\\CMP01-YKUMAR\QATestAutomationBuildsDrop\QATestAutomation\QATestAutomation_20180514.3</Value>
        </Property>
        <Property>
          <Key>__Tfs_LabEnvironment__</Key>
          <Value>&lt;?xml version="1.0" encoding="utf-16"?&gt;&lt;LabEnvironment Id="afd904c8-4332-4335-bd1d-55612a5eed76" Name="CMP01-INDIASQA" Uri="vstfs:///LabManagement/LabEnvironment/316"&gt;&lt;LabSystems&gt;&lt;LabSystem Name="CMP01-INDIASQA" ComputerName="CMP01-INDIASQA.horizonhobby.com" Roles="BS2CUIT"&gt;&lt;CustomProperties /&gt;&lt;/LabSystem&gt;&lt;/LabSystems&gt;&lt;/LabEnvironment&gt;</Value>
        </Property>
        <Property>
          <Key>__Tfs_TestConfigurationId__</Key>
          <Value>17</Value>
        </Property>
        <Property>
          <Key>__Tfs_TestPlanId__</Key>
          <Value>13</Value>
        </Property>
        <Property>
          <Key>__Tfs_TestConfigurationName__</Key>
          <Value>Win 7 with IE 11</Value>
        </Property>
        <Property>
          <Key>__Tfs_TestPointId__</Key>
          <Value>110217</Value>
        </Property>
        <Property>
          <Key>__Tfs_TfsServerCollectionUrl__</Key>
          <Value>http://cmp02-app05:8080/tfs/defaultcollection</Value>
        </Property>
        <Property>
          <Key>__Tfs_BuildPlatform__</Key>
          <Value>Any CPU</Value>
        </Property>
        <Property>
          <Key>__Tfs_BuildNumber__</Key>
          <Value>QATestAutomation_20180514.3</Value>
        </Property>
        <Property>
          <Key>__Tfs_BuildFlavor__</Key>
          <Value>Debug</Value>
        </Property>
        <Property>
          <Key>__Tfs_BuildConfigurationId__</Key>
          <Value>26978</Value>
        </Property>
      </Properties>
      <TestMethod codeBase="file://CMP01-YKUMAR/QATestAutomationBuildsDrop/QATestAutomation/QATestAutomation_20180514.3/Checkout_Test.DLL" adapterTypeName="Microsoft.VisualStudio.TestTools.TestTypes.Unit.UnitTestAdapter, Microsoft.VisualStudio.QualityTools.Tips.UnitTest.Adapter, Version=12.0.0.0, Culture=neutral, PublicKeyToken=b03f5f7f11d50a3a" className="TestAuto.CheckoutCreditCard, Checkout_Test, Version=1.0.0.0, Culture=neutral, PublicKeyToken=null" name="CreditCardCheckoutGiftCardPartialPaymentBackorder" />
      <Extension>Microsoft.VisualStudio.TestTools.UITesting.CodedUITestAttribute, Microsoft.VisualStudio.QualityTools.CodedUITestFramework, Version=12.0.0.0, Culture=neutral, PublicKeyToken=b03f5f7f11d50a3a</Extension>
    </UnitTest>
    <UnitTest name="GlobalSettingsFooterDisplay" storage="\\cmp01-ykumar\qatestautomationbuildsdrop\qatestautomation\qatestautomation_20180514.3\globalsettings.dll" id="5ca37790-c1bc-3fc7-2a19-9fe976f9c850">
      <DeploymentItems>
        <DeploymentItem filename="TestData\GlobalSettingsTestData.xml" />
        <DeploymentItem filename="SharedCommonConfig\SharedCommonConfig.xml" />
      </DeploymentItems>
      <TcmInformation testCaseId="1833" testRunId="26973" testResultId="100034" />
      <Execution id="d7b5913c-a29a-4ddd-812b-e91cd56a185c" />
      <Properties>
        <Property>
          <Key>__Tfs_BuildUri__</Key>
          <Value>vstfs:///Build/Build/1903</Value>
        </Property>
        <Property>
          <Key>__Tfs_IsInLabEnvironment__</Key>
          <Value>true</Value>
        </Property>
        <Property>
          <Key>__Tfs_TestRunId__</Key>
          <Value>26973</Value>
        </Property>
        <Property>
          <Key>__Tfs_TestCaseId__</Key>
          <Value>1833</Value>
        </Property>
        <Property>
          <Key>__Tfs_TeamProject__</Key>
          <Value>WebSphere</Value>
        </Property>
        <Property>
          <Key>__Tfs_BuildDirectory__</Key>
          <Value>\\CMP01-YKUMAR\QATestAutomationBuildsDrop\QATestAutomation\QATestAutomation_20180514.3</Value>
        </Property>
        <Property>
          <Key>__Tfs_LabEnvironment__</Key>
          <Value>&lt;?xml version="1.0" encoding="utf-16"?&gt;&lt;LabEnvironment Id="afd904c8-4332-4335-bd1d-55612a5eed76" Name="CMP01-INDIASQA" Uri="vstfs:///LabManagement/LabEnvironment/316"&gt;&lt;LabSystems&gt;&lt;LabSystem Name="CMP01-INDIASQA" ComputerName="CMP01-INDIASQA.horizonhobby.com" Roles="BS2CUIT"&gt;&lt;CustomProperties /&gt;&lt;/LabSystem&gt;&lt;/LabSystems&gt;&lt;/LabEnvironment&gt;</Value>
        </Property>
        <Property>
          <Key>__Tfs_TestConfigurationId__</Key>
          <Value>17</Value>
        </Property>
        <Property>
          <Key>__Tfs_TestPlanId__</Key>
          <Value>13</Value>
        </Property>
        <Property>
          <Key>__Tfs_TestConfigurationName__</Key>
          <Value>Win 7 with IE 11</Value>
        </Property>
        <Property>
          <Key>__Tfs_TestPointId__</Key>
          <Value>110355</Value>
        </Property>
        <Property>
          <Key>__Tfs_TfsServerCollectionUrl__</Key>
          <Value>http://cmp02-app05:8080/tfs/defaultcollection</Value>
        </Property>
        <Property>
          <Key>__Tfs_BuildPlatform__</Key>
          <Value>Any CPU</Value>
        </Property>
        <Property>
          <Key>__Tfs_BuildNumber__</Key>
          <Value>QATestAutomation_20180514.3</Value>
        </Property>
        <Property>
          <Key>__Tfs_BuildFlavor__</Key>
          <Value>Debug</Value>
        </Property>
        <Property>
          <Key>__Tfs_BuildConfigurationId__</Key>
          <Value>26978</Value>
        </Property>
      </Properties>
      <TestMethod codeBase="file://CMP01-YKUMAR/QATestAutomationBuildsDrop/QATestAutomation/QATestAutomation_20180514.3/GlobalSettings.DLL" adapterTypeName="Microsoft.VisualStudio.TestTools.TestTypes.Unit.UnitTestAdapter, Microsoft.VisualStudio.QualityTools.Tips.UnitTest.Adapter, Version=12.0.0.0, Culture=neutral, PublicKeyToken=b03f5f7f11d50a3a" className="TestAuto.GlobalSettings, GlobalSettings, Version=1.0.0.0, Culture=neutral, PublicKeyToken=null" name="GlobalSettingsFooterDisplay" />
      <Extension>Microsoft.VisualStudio.TestTools.UITesting.CodedUITestAttribute, Microsoft.VisualStudio.QualityTools.CodedUITestFramework, Version=12.0.0.0, Culture=neutral, PublicKeyToken=b03f5f7f11d50a3a</Extension>
    </UnitTest>
    <UnitTest name="ProductPageProductRatingDisplay" storage="\\cmp01-ykumar\qatestautomationbuildsdrop\qatestautomation\qatestautomation_20180514.3\productpagetest.dll" id="51838aef-ffd7-68ee-fa7e-313e146815b6">
      <DeploymentItems>
        <DeploymentItem filename="TestData\ProductPageTestData.xml" />
        <DeploymentItem filename="SharedCommonConfig\SharedCommonConfig.xml" />
      </DeploymentItems>
      <TcmInformation testCaseId="1604" testRunId="26973" testResultId="100019" />
      <Execution id="5cba2dc0-5bd5-43b9-bcde-526e71383003" />
      <Properties>
        <Property>
          <Key>__Tfs_BuildUri__</Key>
          <Value>vstfs:///Build/Build/1903</Value>
        </Property>
        <Property>
          <Key>__Tfs_IsInLabEnvironment__</Key>
          <Value>true</Value>
        </Property>
        <Property>
          <Key>__Tfs_TestRunId__</Key>
          <Value>26973</Value>
        </Property>
        <Property>
          <Key>__Tfs_TestCaseId__</Key>
          <Value>1604</Value>
        </Property>
        <Property>
          <Key>__Tfs_TeamProject__</Key>
          <Value>WebSphere</Value>
        </Property>
        <Property>
          <Key>__Tfs_BuildDirectory__</Key>
          <Value>\\CMP01-YKUMAR\QATestAutomationBuildsDrop\QATestAutomation\QATestAutomation_20180514.3</Value>
        </Property>
        <Property>
          <Key>__Tfs_LabEnvironment__</Key>
          <Value>&lt;?xml version="1.0" encoding="utf-16"?&gt;&lt;LabEnvironment Id="afd904c8-4332-4335-bd1d-55612a5eed76" Name="CMP01-INDIASQA" Uri="vstfs:///LabManagement/LabEnvironment/316"&gt;&lt;LabSystems&gt;&lt;LabSystem Name="CMP01-INDIASQA" ComputerName="CMP01-INDIASQA.horizonhobby.com" Roles="BS2CUIT"&gt;&lt;CustomProperties /&gt;&lt;/LabSystem&gt;&lt;/LabSystems&gt;&lt;/LabEnvironment&gt;</Value>
        </Property>
        <Property>
          <Key>__Tfs_TestConfigurationId__</Key>
          <Value>17</Value>
        </Property>
        <Property>
          <Key>__Tfs_TestPlanId__</Key>
          <Value>13</Value>
        </Property>
        <Property>
          <Key>__Tfs_TestConfigurationName__</Key>
          <Value>Win 7 with IE 11</Value>
        </Property>
        <Property>
          <Key>__Tfs_TestPointId__</Key>
          <Value>156060</Value>
        </Property>
        <Property>
          <Key>__Tfs_TfsServerCollectionUrl__</Key>
          <Value>http://cmp02-app05:8080/tfs/defaultcollection</Value>
        </Property>
        <Property>
          <Key>__Tfs_BuildPlatform__</Key>
          <Value>Any CPU</Value>
        </Property>
        <Property>
          <Key>__Tfs_BuildNumber__</Key>
          <Value>QATestAutomation_20180514.3</Value>
        </Property>
        <Property>
          <Key>__Tfs_BuildFlavor__</Key>
          <Value>Debug</Value>
        </Property>
        <Property>
          <Key>__Tfs_BuildConfigurationId__</Key>
          <Value>26978</Value>
        </Property>
      </Properties>
      <TestMethod codeBase="file://CMP01-YKUMAR/QATestAutomationBuildsDrop/QATestAutomation/QATestAutomation_20180514.3/ProductPageTest.DLL" adapterTypeName="Microsoft.VisualStudio.TestTools.TestTypes.Unit.UnitTestAdapter, Microsoft.VisualStudio.QualityTools.Tips.UnitTest.Adapter, Version=12.0.0.0, Culture=neutral, PublicKeyToken=b03f5f7f11d50a3a" className="TestAuto.ProductPageTest, ProductPageTest, Version=1.0.0.0, Culture=neutral, PublicKeyToken=null" name="ProductPageProductRatingDisplay" />
      <Extension>Microsoft.VisualStudio.TestTools.UITesting.CodedUITestAttribute, Microsoft.VisualStudio.QualityTools.CodedUITestFramework, Version=12.0.0.0, Culture=neutral, PublicKeyToken=b03f5f7f11d50a3a</Extension>
    </UnitTest>
    <UnitTest name="AddToWishlistWithSignedInUser" storage="\\cmp01-ykumar\qatestautomationbuildsdrop\qatestautomation\qatestautomation_20180514.3\productpagetest.dll" id="0f2b81de-20ba-5cfb-7c9c-0cdd7499e074">
      <DeploymentItems>
        <DeploymentItem filename="TestData\ProductPageTestData.xml" />
        <DeploymentItem filename="SharedCommonConfig\SharedCommonConfig.xml" />
      </DeploymentItems>
      <TcmInformation testCaseId="2007" testRunId="26973" testResultId="100044" />
      <Execution id="ca1bff67-d1c8-4c85-a526-35d1c4165c5c" />
      <Properties>
        <Property>
          <Key>__Tfs_BuildUri__</Key>
          <Value>vstfs:///Build/Build/1903</Value>
        </Property>
        <Property>
          <Key>__Tfs_IsInLabEnvironment__</Key>
          <Value>true</Value>
        </Property>
        <Property>
          <Key>__Tfs_TestRunId__</Key>
          <Value>26973</Value>
        </Property>
        <Property>
          <Key>__Tfs_TestCaseId__</Key>
          <Value>2007</Value>
        </Property>
        <Property>
          <Key>__Tfs_TeamProject__</Key>
          <Value>WebSphere</Value>
        </Property>
        <Property>
          <Key>__Tfs_BuildDirectory__</Key>
          <Value>\\CMP01-YKUMAR\QATestAutomationBuildsDrop\QATestAutomation\QATestAutomation_20180514.3</Value>
        </Property>
        <Property>
          <Key>__Tfs_LabEnvironment__</Key>
          <Value>&lt;?xml version="1.0" encoding="utf-16"?&gt;&lt;LabEnvironment Id="afd904c8-4332-4335-bd1d-55612a5eed76" Name="CMP01-INDIASQA" Uri="vstfs:///LabManagement/LabEnvironment/316"&gt;&lt;LabSystems&gt;&lt;LabSystem Name="CMP01-INDIASQA" ComputerName="CMP01-INDIASQA.horizonhobby.com" Roles="BS2CUIT"&gt;&lt;CustomProperties /&gt;&lt;/LabSystem&gt;&lt;/LabSystems&gt;&lt;/LabEnvironment&gt;</Value>
        </Property>
        <Property>
          <Key>__Tfs_TestConfigurationId__</Key>
          <Value>17</Value>
        </Property>
        <Property>
          <Key>__Tfs_TestPlanId__</Key>
          <Value>13</Value>
        </Property>
        <Property>
          <Key>__Tfs_TestConfigurationName__</Key>
          <Value>Win 7 with IE 11</Value>
        </Property>
        <Property>
          <Key>__Tfs_TestPointId__</Key>
          <Value>110228</Value>
        </Property>
        <Property>
          <Key>__Tfs_TfsServerCollectionUrl__</Key>
          <Value>http://cmp02-app05:8080/tfs/defaultcollection</Value>
        </Property>
        <Property>
          <Key>__Tfs_BuildPlatform__</Key>
          <Value>Any CPU</Value>
        </Property>
        <Property>
          <Key>__Tfs_BuildNumber__</Key>
          <Value>QATestAutomation_20180514.3</Value>
        </Property>
        <Property>
          <Key>__Tfs_BuildFlavor__</Key>
          <Value>Debug</Value>
        </Property>
        <Property>
          <Key>__Tfs_BuildConfigurationId__</Key>
          <Value>26978</Value>
        </Property>
      </Properties>
      <TestMethod codeBase="file://CMP01-YKUMAR/QATestAutomationBuildsDrop/QATestAutomation/QATestAutomation_20180514.3/ProductPageTest.DLL" adapterTypeName="Microsoft.VisualStudio.TestTools.TestTypes.Unit.UnitTestAdapter, Microsoft.VisualStudio.QualityTools.Tips.UnitTest.Adapter, Version=12.0.0.0, Culture=neutral, PublicKeyToken=b03f5f7f11d50a3a" className="TestAuto.ProductPageTest, ProductPageTest, Version=1.0.0.0, Culture=neutral, PublicKeyToken=null" name="AddToWishlistWithSignedInUser" />
      <Extension>Microsoft.VisualStudio.TestTools.UITesting.CodedUITestAttribute, Microsoft.VisualStudio.QualityTools.CodedUITestFramework, Version=12.0.0.0, Culture=neutral, PublicKeyToken=b03f5f7f11d50a3a</Extension>
    </UnitTest>
    <UnitTest name="CheckoutCommonGiftCardVerifyGiftCardPurchasedFromHH" storage="\\cmp01-ykumar\qatestautomationbuildsdrop\qatestautomation\qatestautomation_20180514.3\checkout_test.dll" id="677ce03c-d3c9-70be-5ab3-0e67df872a8e">
      <DeploymentItems>
        <DeploymentItem filename="TestData\CheckoutCreditCard.xml" />
        <DeploymentItem filename="SharedCommonConfig\SharedCommonConfig.xml" />
      </DeploymentItems>
      <TcmInformation testCaseId="1503" testRunId="26973" testResultId="100006" />
      <Execution id="1466d8ae-d51f-4a07-8418-eb842f44f68c" />
      <Properties>
        <Property>
          <Key>__Tfs_BuildUri__</Key>
          <Value>vstfs:///Build/Build/1903</Value>
        </Property>
        <Property>
          <Key>__Tfs_IsInLabEnvironment__</Key>
          <Value>true</Value>
        </Property>
        <Property>
          <Key>__Tfs_TestRunId__</Key>
          <Value>26973</Value>
        </Property>
        <Property>
          <Key>__Tfs_TestCaseId__</Key>
          <Value>1503</Value>
        </Property>
        <Property>
          <Key>__Tfs_TeamProject__</Key>
          <Value>WebSphere</Value>
        </Property>
        <Property>
          <Key>__Tfs_BuildDirectory__</Key>
          <Value>\\CMP01-YKUMAR\QATestAutomationBuildsDrop\QATestAutomation\QATestAutomation_20180514.3</Value>
        </Property>
        <Property>
          <Key>__Tfs_LabEnvironment__</Key>
          <Value>&lt;?xml version="1.0" encoding="utf-16"?&gt;&lt;LabEnvironment Id="afd904c8-4332-4335-bd1d-55612a5eed76" Name="CMP01-INDIASQA" Uri="vstfs:///LabManagement/LabEnvironment/316"&gt;&lt;LabSystems&gt;&lt;LabSystem Name="CMP01-INDIASQA" ComputerName="CMP01-INDIASQA.horizonhobby.com" Roles="BS2CUIT"&gt;&lt;CustomProperties /&gt;&lt;/LabSystem&gt;&lt;/LabSystems&gt;&lt;/LabEnvironment&gt;</Value>
        </Property>
        <Property>
          <Key>__Tfs_TestConfigurationId__</Key>
          <Value>17</Value>
        </Property>
        <Property>
          <Key>__Tfs_TestPlanId__</Key>
          <Value>13</Value>
        </Property>
        <Property>
          <Key>__Tfs_TestConfigurationName__</Key>
          <Value>Win 7 with IE 11</Value>
        </Property>
        <Property>
          <Key>__Tfs_TestPointId__</Key>
          <Value>110400</Value>
        </Property>
        <Property>
          <Key>__Tfs_TfsServerCollectionUrl__</Key>
          <Value>http://cmp02-app05:8080/tfs/defaultcollection</Value>
        </Property>
        <Property>
          <Key>__Tfs_BuildPlatform__</Key>
          <Value>Any CPU</Value>
        </Property>
        <Property>
          <Key>__Tfs_BuildNumber__</Key>
          <Value>QATestAutomation_20180514.3</Value>
        </Property>
        <Property>
          <Key>__Tfs_BuildFlavor__</Key>
          <Value>Debug</Value>
        </Property>
        <Property>
          <Key>__Tfs_BuildConfigurationId__</Key>
          <Value>26978</Value>
        </Property>
      </Properties>
      <TestMethod codeBase="file://CMP01-YKUMAR/QATestAutomationBuildsDrop/QATestAutomation/QATestAutomation_20180514.3/Checkout_Test.DLL" adapterTypeName="Microsoft.VisualStudio.TestTools.TestTypes.Unit.UnitTestAdapter, Microsoft.VisualStudio.QualityTools.Tips.UnitTest.Adapter, Version=12.0.0.0, Culture=neutral, PublicKeyToken=b03f5f7f11d50a3a" className="TestAuto.CheckoutCreditCard, Checkout_Test, Version=1.0.0.0, Culture=neutral, PublicKeyToken=null" name="CheckoutCommonGiftCardVerifyGiftCardPurchasedFromHH" />
      <Extension>Microsoft.VisualStudio.TestTools.UITesting.CodedUITestAttribute, Microsoft.VisualStudio.QualityTools.CodedUITestFramework, Version=12.0.0.0, Culture=neutral, PublicKeyToken=b03f5f7f11d50a3a</Extension>
    </UnitTest>
    <UnitTest name="SearchFilterResultsBrand" storage="\\cmp01-ykumar\qatestautomationbuildsdrop\qatestautomation\qatestautomation_20180514.3\searchtest.dll" id="ae1d61bc-d7f5-c2a5-ecb3-db8f54fef6a6">
      <DeploymentItems>
        <DeploymentItem filename="TestData\SearchTestData.xml" />
        <DeploymentItem filename="SharedCommonConfig\SharedCommonConfig.xml" />
      </DeploymentItems>
      <TcmInformation testCaseId="1597" testRunId="26973" testResultId="100018" />
      <Execution id="0f6c3c1d-1ad9-4bbd-be37-a84b2d82c8da" />
      <Properties>
        <Property>
          <Key>__Tfs_BuildUri__</Key>
          <Value>vstfs:///Build/Build/1903</Value>
        </Property>
        <Property>
          <Key>__Tfs_IsInLabEnvironment__</Key>
          <Value>true</Value>
        </Property>
        <Property>
          <Key>__Tfs_TestRunId__</Key>
          <Value>26973</Value>
        </Property>
        <Property>
          <Key>__Tfs_TestCaseId__</Key>
          <Value>1597</Value>
        </Property>
        <Property>
          <Key>__Tfs_TeamProject__</Key>
          <Value>WebSphere</Value>
        </Property>
        <Property>
          <Key>__Tfs_BuildDirectory__</Key>
          <Value>\\CMP01-YKUMAR\QATestAutomationBuildsDrop\QATestAutomation\QATestAutomation_20180514.3</Value>
        </Property>
        <Property>
          <Key>__Tfs_LabEnvironment__</Key>
          <Value>&lt;?xml version="1.0" encoding="utf-16"?&gt;&lt;LabEnvironment Id="afd904c8-4332-4335-bd1d-55612a5eed76" Name="CMP01-INDIASQA" Uri="vstfs:///LabManagement/LabEnvironment/316"&gt;&lt;LabSystems&gt;&lt;LabSystem Name="CMP01-INDIASQA" ComputerName="CMP01-INDIASQA.horizonhobby.com" Roles="BS2CUIT"&gt;&lt;CustomProperties /&gt;&lt;/LabSystem&gt;&lt;/LabSystems&gt;&lt;/LabEnvironment&gt;</Value>
        </Property>
        <Property>
          <Key>__Tfs_TestConfigurationId__</Key>
          <Value>17</Value>
        </Property>
        <Property>
          <Key>__Tfs_TestPlanId__</Key>
          <Value>13</Value>
        </Property>
        <Property>
          <Key>__Tfs_TestConfigurationName__</Key>
          <Value>Win 7 with IE 11</Value>
        </Property>
        <Property>
          <Key>__Tfs_TestPointId__</Key>
          <Value>110343</Value>
        </Property>
        <Property>
          <Key>__Tfs_TfsServerCollectionUrl__</Key>
          <Value>http://cmp02-app05:8080/tfs/defaultcollection</Value>
        </Property>
        <Property>
          <Key>__Tfs_BuildPlatform__</Key>
          <Value>Any CPU</Value>
        </Property>
        <Property>
          <Key>__Tfs_BuildNumber__</Key>
          <Value>QATestAutomation_20180514.3</Value>
        </Property>
        <Property>
          <Key>__Tfs_BuildFlavor__</Key>
          <Value>Debug</Value>
        </Property>
        <Property>
          <Key>__Tfs_BuildConfigurationId__</Key>
          <Value>26978</Value>
        </Property>
      </Properties>
      <TestMethod codeBase="file://CMP01-YKUMAR/QATestAutomationBuildsDrop/QATestAutomation/QATestAutomation_20180514.3/SearchTest.DLL" adapterTypeName="Microsoft.VisualStudio.TestTools.TestTypes.Unit.UnitTestAdapter, Microsoft.VisualStudio.QualityTools.Tips.UnitTest.Adapter, Version=12.0.0.0, Culture=neutral, PublicKeyToken=b03f5f7f11d50a3a" className="TestAuto.SearchTest, SearchTest, Version=1.0.0.0, Culture=neutral, PublicKeyToken=null" name="SearchFilterResultsBrand" />
      <Extension>Microsoft.VisualStudio.TestTools.UITesting.CodedUITestAttribute, Microsoft.VisualStudio.QualityTools.CodedUITestFramework, Version=12.0.0.0, Culture=neutral, PublicKeyToken=b03f5f7f11d50a3a</Extension>
    </UnitTest>
    <UnitTest name="CartFromAthearnSite" storage="\\cmp01-ykumar\qatestautomationbuildsdrop\qatestautomation\qatestautomation_20180514.3\cartdisplaytest.dll" id="cfd8c3c2-699a-eadf-3c77-92a86b4cbb46">
      <DeploymentItems>
        <DeploymentItem filename="TestData\CartDisplayTestData.xml" />
        <DeploymentItem filename="SharedCommonConfig\SharedCommonConfig.xml" />
      </DeploymentItems>
      <TcmInformation testCaseId="1807" testRunId="26973" testResultId="100030" />
      <Execution id="cf98e211-bab8-46e8-bfca-596afb10b25d" />
      <Properties>
        <Property>
          <Key>__Tfs_BuildUri__</Key>
          <Value>vstfs:///Build/Build/1903</Value>
        </Property>
        <Property>
          <Key>__Tfs_IsInLabEnvironment__</Key>
          <Value>true</Value>
        </Property>
        <Property>
          <Key>__Tfs_TestRunId__</Key>
          <Value>26973</Value>
        </Property>
        <Property>
          <Key>__Tfs_TestCaseId__</Key>
          <Value>1807</Value>
        </Property>
        <Property>
          <Key>__Tfs_TeamProject__</Key>
          <Value>WebSphere</Value>
        </Property>
        <Property>
          <Key>__Tfs_BuildDirectory__</Key>
          <Value>\\CMP01-YKUMAR\QATestAutomationBuildsDrop\QATestAutomation\QATestAutomation_20180514.3</Value>
        </Property>
        <Property>
          <Key>__Tfs_LabEnvironment__</Key>
          <Value>&lt;?xml version="1.0" encoding="utf-16"?&gt;&lt;LabEnvironment Id="afd904c8-4332-4335-bd1d-55612a5eed76" Name="CMP01-INDIASQA" Uri="vstfs:///LabManagement/LabEnvironment/316"&gt;&lt;LabSystems&gt;&lt;LabSystem Name="CMP01-INDIASQA" ComputerName="CMP01-INDIASQA.horizonhobby.com" Roles="BS2CUIT"&gt;&lt;CustomProperties /&gt;&lt;/LabSystem&gt;&lt;/LabSystems&gt;&lt;/LabEnvironment&gt;</Value>
        </Property>
        <Property>
          <Key>__Tfs_TestConfigurationId__</Key>
          <Value>17</Value>
        </Property>
        <Property>
          <Key>__Tfs_TestPlanId__</Key>
          <Value>13</Value>
        </Property>
        <Property>
          <Key>__Tfs_TestConfigurationName__</Key>
          <Value>Win 7 with IE 11</Value>
        </Property>
        <Property>
          <Key>__Tfs_TestPointId__</Key>
          <Value>110226</Value>
        </Property>
        <Property>
          <Key>__Tfs_TfsServerCollectionUrl__</Key>
          <Value>http://cmp02-app05:8080/tfs/defaultcollection</Value>
        </Property>
        <Property>
          <Key>__Tfs_BuildPlatform__</Key>
          <Value>Any CPU</Value>
        </Property>
        <Property>
          <Key>__Tfs_BuildNumber__</Key>
          <Value>QATestAutomation_20180514.3</Value>
        </Property>
        <Property>
          <Key>__Tfs_BuildFlavor__</Key>
          <Value>Debug</Value>
        </Property>
        <Property>
          <Key>__Tfs_BuildConfigurationId__</Key>
          <Value>26978</Value>
        </Property>
      </Properties>
      <TestMethod codeBase="file://CMP01-YKUMAR/QATestAutomationBuildsDrop/QATestAutomation/QATestAutomation_20180514.3/CartDisplayTest.DLL" adapterTypeName="Microsoft.VisualStudio.TestTools.TestTypes.Unit.UnitTestAdapter, Microsoft.VisualStudio.QualityTools.Tips.UnitTest.Adapter, Version=12.0.0.0, Culture=neutral, PublicKeyToken=b03f5f7f11d50a3a" className="TestAuto.CartDisplayTest, CartDisplayTest, Version=1.0.0.0, Culture=neutral, PublicKeyToken=null" name="CartFromAthearnSite" />
      <Extension>Microsoft.VisualStudio.TestTools.UITesting.CodedUITestAttribute, Microsoft.VisualStudio.QualityTools.CodedUITestFramework, Version=12.0.0.0, Culture=neutral, PublicKeyToken=b03f5f7f11d50a3a</Extension>
    </UnitTest>
    <UnitTest name="ProductPageImageGalleryViewPopupOptions" storage="\\cmp01-ykumar\qatestautomationbuildsdrop\qatestautomation\qatestautomation_20180514.3\productpagetest.dll" id="e54a7497-7824-dedd-ff6a-7879d5acc0fa">
      <DeploymentItems>
        <DeploymentItem filename="TestData\ProductPageTestData.xml" />
        <DeploymentItem filename="SharedCommonConfig\SharedCommonConfig.xml" />
      </DeploymentItems>
      <TcmInformation testCaseId="1814" testRunId="26973" testResultId="100031" />
      <Execution id="c3c17e00-8889-4f9b-94b7-4732f16d0ee0" />
      <Properties>
        <Property>
          <Key>__Tfs_BuildUri__</Key>
          <Value>vstfs:///Build/Build/1903</Value>
        </Property>
        <Property>
          <Key>__Tfs_IsInLabEnvironment__</Key>
          <Value>true</Value>
        </Property>
        <Property>
          <Key>__Tfs_TestRunId__</Key>
          <Value>26973</Value>
        </Property>
        <Property>
          <Key>__Tfs_TestCaseId__</Key>
          <Value>1814</Value>
        </Property>
        <Property>
          <Key>__Tfs_TeamProject__</Key>
          <Value>WebSphere</Value>
        </Property>
        <Property>
          <Key>__Tfs_BuildDirectory__</Key>
          <Value>\\CMP01-YKUMAR\QATestAutomationBuildsDrop\QATestAutomation\QATestAutomation_20180514.3</Value>
        </Property>
        <Property>
          <Key>__Tfs_LabEnvironment__</Key>
          <Value>&lt;?xml version="1.0" encoding="utf-16"?&gt;&lt;LabEnvironment Id="afd904c8-4332-4335-bd1d-55612a5eed76" Name="CMP01-INDIASQA" Uri="vstfs:///LabManagement/LabEnvironment/316"&gt;&lt;LabSystems&gt;&lt;LabSystem Name="CMP01-INDIASQA" ComputerName="CMP01-INDIASQA.horizonhobby.com" Roles="BS2CUIT"&gt;&lt;CustomProperties /&gt;&lt;/LabSystem&gt;&lt;/LabSystems&gt;&lt;/LabEnvironment&gt;</Value>
        </Property>
        <Property>
          <Key>__Tfs_TestConfigurationId__</Key>
          <Value>17</Value>
        </Property>
        <Property>
          <Key>__Tfs_TestPlanId__</Key>
          <Value>13</Value>
        </Property>
        <Property>
          <Key>__Tfs_TestConfigurationName__</Key>
          <Value>Win 7 with IE 11</Value>
        </Property>
        <Property>
          <Key>__Tfs_TestPointId__</Key>
          <Value>110353</Value>
        </Property>
        <Property>
          <Key>__Tfs_TfsServerCollectionUrl__</Key>
          <Value>http://cmp02-app05:8080/tfs/defaultcollection</Value>
        </Property>
        <Property>
          <Key>__Tfs_BuildPlatform__</Key>
          <Value>Any CPU</Value>
        </Property>
        <Property>
          <Key>__Tfs_BuildNumber__</Key>
          <Value>QATestAutomation_20180514.3</Value>
        </Property>
        <Property>
          <Key>__Tfs_BuildFlavor__</Key>
          <Value>Debug</Value>
        </Property>
        <Property>
          <Key>__Tfs_BuildConfigurationId__</Key>
          <Value>26978</Value>
        </Property>
      </Properties>
      <TestMethod codeBase="file://CMP01-YKUMAR/QATestAutomationBuildsDrop/QATestAutomation/QATestAutomation_20180514.3/ProductPageTest.DLL" adapterTypeName="Microsoft.VisualStudio.TestTools.TestTypes.Unit.UnitTestAdapter, Microsoft.VisualStudio.QualityTools.Tips.UnitTest.Adapter, Version=12.0.0.0, Culture=neutral, PublicKeyToken=b03f5f7f11d50a3a" className="TestAuto.ProductPageTest, ProductPageTest, Version=1.0.0.0, Culture=neutral, PublicKeyToken=null" name="ProductPageImageGalleryViewPopupOptions" />
      <Extension>Microsoft.VisualStudio.TestTools.UITesting.CodedUITestAttribute, Microsoft.VisualStudio.QualityTools.CodedUITestFramework, Version=12.0.0.0, Culture=neutral, PublicKeyToken=b03f5f7f11d50a3a</Extension>
    </UnitTest>
    <UnitTest name="PayPalCheckoutSignedIn" storage="\\cmp01-ykumar\qatestautomationbuildsdrop\qatestautomation\qatestautomation_20180514.3\checkout_test.dll" id="cbf7caa6-9332-34a1-3fa6-5a08c0d038ea">
      <DeploymentItems>
        <DeploymentItem filename="TestData\CheckoutPaypalTestData.xml" />
        <DeploymentItem filename="SharedCommonConfig\SharedCommonConfig.xml" />
      </DeploymentItems>
      <TcmInformation testCaseId="1562" testRunId="26973" testResultId="100012" />
      <Execution id="6bfd18c6-9652-4098-8c00-a0add9d7038a" />
      <Properties>
        <Property>
          <Key>__Tfs_BuildUri__</Key>
          <Value>vstfs:///Build/Build/1903</Value>
        </Property>
        <Property>
          <Key>__Tfs_IsInLabEnvironment__</Key>
          <Value>true</Value>
        </Property>
        <Property>
          <Key>__Tfs_TestRunId__</Key>
          <Value>26973</Value>
        </Property>
        <Property>
          <Key>__Tfs_TestCaseId__</Key>
          <Value>1562</Value>
        </Property>
        <Property>
          <Key>__Tfs_TeamProject__</Key>
          <Value>WebSphere</Value>
        </Property>
        <Property>
          <Key>__Tfs_BuildDirectory__</Key>
          <Value>\\CMP01-YKUMAR\QATestAutomationBuildsDrop\QATestAutomation\QATestAutomation_20180514.3</Value>
        </Property>
        <Property>
          <Key>__Tfs_LabEnvironment__</Key>
          <Value>&lt;?xml version="1.0" encoding="utf-16"?&gt;&lt;LabEnvironment Id="afd904c8-4332-4335-bd1d-55612a5eed76" Name="CMP01-INDIASQA" Uri="vstfs:///LabManagement/LabEnvironment/316"&gt;&lt;LabSystems&gt;&lt;LabSystem Name="CMP01-INDIASQA" ComputerName="CMP01-INDIASQA.horizonhobby.com" Roles="BS2CUIT"&gt;&lt;CustomProperties /&gt;&lt;/LabSystem&gt;&lt;/LabSystems&gt;&lt;/LabEnvironment&gt;</Value>
        </Property>
        <Property>
          <Key>__Tfs_TestConfigurationId__</Key>
          <Value>17</Value>
        </Property>
        <Property>
          <Key>__Tfs_TestPlanId__</Key>
          <Value>13</Value>
        </Property>
        <Property>
          <Key>__Tfs_TestConfigurationName__</Key>
          <Value>Win 7 with IE 11</Value>
        </Property>
        <Property>
          <Key>__Tfs_TestPointId__</Key>
          <Value>110411</Value>
        </Property>
        <Property>
          <Key>__Tfs_TfsServerCollectionUrl__</Key>
          <Value>http://cmp02-app05:8080/tfs/defaultcollection</Value>
        </Property>
        <Property>
          <Key>__Tfs_BuildPlatform__</Key>
          <Value>Any CPU</Value>
        </Property>
        <Property>
          <Key>__Tfs_BuildNumber__</Key>
          <Value>QATestAutomation_20180514.3</Value>
        </Property>
        <Property>
          <Key>__Tfs_BuildFlavor__</Key>
          <Value>Debug</Value>
        </Property>
        <Property>
          <Key>__Tfs_BuildConfigurationId__</Key>
          <Value>26978</Value>
        </Property>
      </Properties>
      <TestMethod codeBase="file://CMP01-YKUMAR/QATestAutomationBuildsDrop/QATestAutomation/QATestAutomation_20180514.3/Checkout_Test.DLL" adapterTypeName="Microsoft.VisualStudio.TestTools.TestTypes.Unit.UnitTestAdapter, Microsoft.VisualStudio.QualityTools.Tips.UnitTest.Adapter, Version=12.0.0.0, Culture=neutral, PublicKeyToken=b03f5f7f11d50a3a" className="TestAuto.CheckoutPayPal, Checkout_Test, Version=1.0.0.0, Culture=neutral, PublicKeyToken=null" name="PayPalCheckoutSignedIn" />
      <Extension>Microsoft.VisualStudio.TestTools.UITesting.CodedUITestAttribute, Microsoft.VisualStudio.QualityTools.CodedUITestFramework, Version=12.0.0.0, Culture=neutral, PublicKeyToken=b03f5f7f11d50a3a</Extension>
    </UnitTest>
    <UnitTest name="CheckoutRestrictedCountriesList" storage="\\cmp01-ykumar\qatestautomationbuildsdrop\qatestautomation\qatestautomation_20180514.3\checkout_test.dll" id="5e0ddda9-29bf-a604-6276-12249de1b0e3">
      <DeploymentItems>
        <DeploymentItem filename="TestData\CheckoutCommonTestData.xml" />
        <DeploymentItem filename="SharedCommonConfig\SharedCommonConfig.xml" />
      </DeploymentItems>
      <TcmInformation testCaseId="1957" testRunId="26973" testResultId="100037" />
      <Execution id="93da4fe0-f4b2-4ba7-ba58-6c38b77fb80f" />
      <Properties>
        <Property>
          <Key>__Tfs_BuildUri__</Key>
          <Value>vstfs:///Build/Build/1903</Value>
        </Property>
        <Property>
          <Key>__Tfs_IsInLabEnvironment__</Key>
          <Value>true</Value>
        </Property>
        <Property>
          <Key>__Tfs_TestRunId__</Key>
          <Value>26973</Value>
        </Property>
        <Property>
          <Key>__Tfs_TestCaseId__</Key>
          <Value>1957</Value>
        </Property>
        <Property>
          <Key>__Tfs_TeamProject__</Key>
          <Value>WebSphere</Value>
        </Property>
        <Property>
          <Key>__Tfs_BuildDirectory__</Key>
          <Value>\\CMP01-YKUMAR\QATestAutomationBuildsDrop\QATestAutomation\QATestAutomation_20180514.3</Value>
        </Property>
        <Property>
          <Key>__Tfs_LabEnvironment__</Key>
          <Value>&lt;?xml version="1.0" encoding="utf-16"?&gt;&lt;LabEnvironment Id="afd904c8-4332-4335-bd1d-55612a5eed76" Name="CMP01-INDIASQA" Uri="vstfs:///LabManagement/LabEnvironment/316"&gt;&lt;LabSystems&gt;&lt;LabSystem Name="CMP01-INDIASQA" ComputerName="CMP01-INDIASQA.horizonhobby.com" Roles="BS2CUIT"&gt;&lt;CustomProperties /&gt;&lt;/LabSystem&gt;&lt;/LabSystems&gt;&lt;/LabEnvironment&gt;</Value>
        </Property>
        <Property>
          <Key>__Tfs_TestConfigurationId__</Key>
          <Value>17</Value>
        </Property>
        <Property>
          <Key>__Tfs_TestPlanId__</Key>
          <Value>13</Value>
        </Property>
        <Property>
          <Key>__Tfs_TestConfigurationName__</Key>
          <Value>Win 7 with IE 11</Value>
        </Property>
        <Property>
          <Key>__Tfs_TestPointId__</Key>
          <Value>110419</Value>
        </Property>
        <Property>
          <Key>__Tfs_TfsServerCollectionUrl__</Key>
          <Value>http://cmp02-app05:8080/tfs/defaultcollection</Value>
        </Property>
        <Property>
          <Key>__Tfs_BuildPlatform__</Key>
          <Value>Any CPU</Value>
        </Property>
        <Property>
          <Key>__Tfs_BuildNumber__</Key>
          <Value>QATestAutomation_20180514.3</Value>
        </Property>
        <Property>
          <Key>__Tfs_BuildFlavor__</Key>
          <Value>Debug</Value>
        </Property>
        <Property>
          <Key>__Tfs_BuildConfigurationId__</Key>
          <Value>26978</Value>
        </Property>
      </Properties>
      <TestMethod codeBase="file://CMP01-YKUMAR/QATestAutomationBuildsDrop/QATestAutomation/QATestAutomation_20180514.3/Checkout_Test.DLL" adapterTypeName="Microsoft.VisualStudio.TestTools.TestTypes.Unit.UnitTestAdapter, Microsoft.VisualStudio.QualityTools.Tips.UnitTest.Adapter, Version=12.0.0.0, Culture=neutral, PublicKeyToken=b03f5f7f11d50a3a" className="TestAuto.HHBvtSmokeTest, Checkout_Test, Version=1.0.0.0, Culture=neutral, PublicKeyToken=null" name="CheckoutRestrictedCountriesList" />
      <Extension>Microsoft.VisualStudio.TestTools.UITesting.CodedUITestAttribute, Microsoft.VisualStudio.QualityTools.CodedUITestFramework, Version=12.0.0.0, Culture=neutral, PublicKeyToken=b03f5f7f11d50a3a</Extension>
    </UnitTest>
    <UnitTest name="ProductPagePartsAndAccessoriesTabMerchAssocDisplay" storage="\\cmp01-ykumar\qatestautomationbuildsdrop\qatestautomation\qatestautomation_20180514.3\productpagetest.dll" id="3bef58c6-9bb8-a64f-9dd6-4237f7d1b019">
      <DeploymentItems>
        <DeploymentItem filename="TestData\ProductPageTestData.xml" />
        <DeploymentItem filename="SharedCommonConfig\SharedCommonConfig.xml" />
      </DeploymentItems>
      <TcmInformation testCaseId="1816" testRunId="26973" testResultId="100032" />
      <Execution id="79ea99e9-36f7-404f-8851-47b8361fe6f0" />
      <Properties>
        <Property>
          <Key>__Tfs_BuildUri__</Key>
          <Value>vstfs:///Build/Build/1903</Value>
        </Property>
        <Property>
          <Key>__Tfs_IsInLabEnvironment__</Key>
          <Value>true</Value>
        </Property>
        <Property>
          <Key>__Tfs_TestRunId__</Key>
          <Value>26973</Value>
        </Property>
        <Property>
          <Key>__Tfs_TestCaseId__</Key>
          <Value>1816</Value>
        </Property>
        <Property>
          <Key>__Tfs_TeamProject__</Key>
          <Value>WebSphere</Value>
        </Property>
        <Property>
          <Key>__Tfs_BuildDirectory__</Key>
          <Value>\\CMP01-YKUMAR\QATestAutomationBuildsDrop\QATestAutomation\QATestAutomation_20180514.3</Value>
        </Property>
        <Property>
          <Key>__Tfs_LabEnvironment__</Key>
          <Value>&lt;?xml version="1.0" encoding="utf-16"?&gt;&lt;LabEnvironment Id="afd904c8-4332-4335-bd1d-55612a5eed76" Name="CMP01-INDIASQA" Uri="vstfs:///LabManagement/LabEnvironment/316"&gt;&lt;LabSystems&gt;&lt;LabSystem Name="CMP01-INDIASQA" ComputerName="CMP01-INDIASQA.horizonhobby.com" Roles="BS2CUIT"&gt;&lt;CustomProperties /&gt;&lt;/LabSystem&gt;&lt;/LabSystems&gt;&lt;/LabEnvironment&gt;</Value>
        </Property>
        <Property>
          <Key>__Tfs_TestConfigurationId__</Key>
          <Value>17</Value>
        </Property>
        <Property>
          <Key>__Tfs_TestPlanId__</Key>
          <Value>13</Value>
        </Property>
        <Property>
          <Key>__Tfs_TestConfigurationName__</Key>
          <Value>Win 7 with IE 11</Value>
        </Property>
        <Property>
          <Key>__Tfs_TestPointId__</Key>
          <Value>110354</Value>
        </Property>
        <Property>
          <Key>__Tfs_TfsServerCollectionUrl__</Key>
          <Value>http://cmp02-app05:8080/tfs/defaultcollection</Value>
        </Property>
        <Property>
          <Key>__Tfs_BuildPlatform__</Key>
          <Value>Any CPU</Value>
        </Property>
        <Property>
          <Key>__Tfs_BuildNumber__</Key>
          <Value>QATestAutomation_20180514.3</Value>
        </Property>
        <Property>
          <Key>__Tfs_BuildFlavor__</Key>
          <Value>Debug</Value>
        </Property>
        <Property>
          <Key>__Tfs_BuildConfigurationId__</Key>
          <Value>26978</Value>
        </Property>
      </Properties>
      <TestMethod codeBase="file://CMP01-YKUMAR/QATestAutomationBuildsDrop/QATestAutomation/QATestAutomation_20180514.3/ProductPageTest.DLL" adapterTypeName="Microsoft.VisualStudio.TestTools.TestTypes.Unit.UnitTestAdapter, Microsoft.VisualStudio.QualityTools.Tips.UnitTest.Adapter, Version=12.0.0.0, Culture=neutral, PublicKeyToken=b03f5f7f11d50a3a" className="TestAuto.ProductPageTest, ProductPageTest, Version=1.0.0.0, Culture=neutral, PublicKeyToken=null" name="ProductPagePartsAndAccessoriesTabMerchAssocDisplay" />
      <Extension>Microsoft.VisualStudio.TestTools.UITesting.CodedUITestAttribute, Microsoft.VisualStudio.QualityTools.CodedUITestFramework, Version=12.0.0.0, Culture=neutral, PublicKeyToken=b03f5f7f11d50a3a</Extension>
    </UnitTest>
    <UnitTest name="CreditCardCheckoutPuertoRicoVirginIslandsAddress" storage="\\cmp01-ykumar\qatestautomationbuildsdrop\qatestautomation\qatestautomation_20180514.3\checkout_test.dll" id="1c46f8b2-092f-08d2-90da-504229765e5d">
      <DeploymentItems>
        <DeploymentItem filename="TestData\CheckoutCreditCard.xml" />
        <DeploymentItem filename="SharedCommonConfig\SharedCommonConfig.xml" />
      </DeploymentItems>
      <TcmInformation testCaseId="3434" testRunId="26973" testResultId="100061" />
      <Execution id="a3b80a42-21db-44f6-88cf-34da9a8ae38f" />
      <Properties>
        <Property>
          <Key>__Tfs_BuildUri__</Key>
          <Value>vstfs:///Build/Build/1903</Value>
        </Property>
        <Property>
          <Key>__Tfs_IsInLabEnvironment__</Key>
          <Value>true</Value>
        </Property>
        <Property>
          <Key>__Tfs_TestRunId__</Key>
          <Value>26973</Value>
        </Property>
        <Property>
          <Key>__Tfs_TestCaseId__</Key>
          <Value>3434</Value>
        </Property>
        <Property>
          <Key>__Tfs_TeamProject__</Key>
          <Value>WebSphere</Value>
        </Property>
        <Property>
          <Key>__Tfs_BuildDirectory__</Key>
          <Value>\\CMP01-YKUMAR\QATestAutomationBuildsDrop\QATestAutomation\QATestAutomation_20180514.3</Value>
        </Property>
        <Property>
          <Key>__Tfs_LabEnvironment__</Key>
          <Value>&lt;?xml version="1.0" encoding="utf-16"?&gt;&lt;LabEnvironment Id="afd904c8-4332-4335-bd1d-55612a5eed76" Name="CMP01-INDIASQA" Uri="vstfs:///LabManagement/LabEnvironment/316"&gt;&lt;LabSystems&gt;&lt;LabSystem Name="CMP01-INDIASQA" ComputerName="CMP01-INDIASQA.horizonhobby.com" Roles="BS2CUIT"&gt;&lt;CustomProperties /&gt;&lt;/LabSystem&gt;&lt;/LabSystems&gt;&lt;/LabEnvironment&gt;</Value>
        </Property>
        <Property>
          <Key>__Tfs_TestConfigurationId__</Key>
          <Value>17</Value>
        </Property>
        <Property>
          <Key>__Tfs_TestPlanId__</Key>
          <Value>13</Value>
        </Property>
        <Property>
          <Key>__Tfs_TestConfigurationName__</Key>
          <Value>Win 7 with IE 11</Value>
        </Property>
        <Property>
          <Key>__Tfs_TestPointId__</Key>
          <Value>110247</Value>
        </Property>
        <Property>
          <Key>__Tfs_TfsServerCollectionUrl__</Key>
          <Value>http://cmp02-app05:8080/tfs/defaultcollection</Value>
        </Property>
        <Property>
          <Key>__Tfs_BuildPlatform__</Key>
          <Value>Any CPU</Value>
        </Property>
        <Property>
          <Key>__Tfs_BuildNumber__</Key>
          <Value>QATestAutomation_20180514.3</Value>
        </Property>
        <Property>
          <Key>__Tfs_BuildFlavor__</Key>
          <Value>Debug</Value>
        </Property>
        <Property>
          <Key>__Tfs_BuildConfigurationId__</Key>
          <Value>26978</Value>
        </Property>
      </Properties>
      <TestMethod codeBase="file://CMP01-YKUMAR/QATestAutomationBuildsDrop/QATestAutomation/QATestAutomation_20180514.3/Checkout_Test.DLL" adapterTypeName="Microsoft.VisualStudio.TestTools.TestTypes.Unit.UnitTestAdapter, Microsoft.VisualStudio.QualityTools.Tips.UnitTest.Adapter, Version=12.0.0.0, Culture=neutral, PublicKeyToken=b03f5f7f11d50a3a" className="TestAuto.CheckoutCreditCard, Checkout_Test, Version=1.0.0.0, Culture=neutral, PublicKeyToken=null" name="CreditCardCheckoutPuertoRicoVirginIslandsAddress" />
      <Extension>Microsoft.VisualStudio.TestTools.UITesting.CodedUITestAttribute, Microsoft.VisualStudio.QualityTools.CodedUITestFramework, Version=12.0.0.0, Culture=neutral, PublicKeyToken=b03f5f7f11d50a3a</Extension>
    </UnitTest>
    <UnitTest name="CartProductStatusDisplay" storage="\\cmp01-ykumar\qatestautomationbuildsdrop\qatestautomation\qatestautomation_20180514.3\cartdisplaytest.dll" id="c711618d-799a-fae2-2b61-26375305c5d5">
      <DeploymentItems>
        <DeploymentItem filename="TestData\CartDisplayTestData.xml" />
        <DeploymentItem filename="SharedCommonConfig\SharedCommonConfig.xml" />
      </DeploymentItems>
      <TcmInformation testCaseId="2903" testRunId="26973" testResultId="100055" />
      <Execution id="34be2a46-4c05-49a3-9670-349ad196b8bd" />
      <Properties>
        <Property>
          <Key>__Tfs_BuildUri__</Key>
          <Value>vstfs:///Build/Build/1903</Value>
        </Property>
        <Property>
          <Key>__Tfs_IsInLabEnvironment__</Key>
          <Value>true</Value>
        </Property>
        <Property>
          <Key>__Tfs_TestRunId__</Key>
          <Value>26973</Value>
        </Property>
        <Property>
          <Key>__Tfs_TestCaseId__</Key>
          <Value>2903</Value>
        </Property>
        <Property>
          <Key>__Tfs_TeamProject__</Key>
          <Value>WebSphere</Value>
        </Property>
        <Property>
          <Key>__Tfs_BuildDirectory__</Key>
          <Value>\\CMP01-YKUMAR\QATestAutomationBuildsDrop\QATestAutomation\QATestAutomation_20180514.3</Value>
        </Property>
        <Property>
          <Key>__Tfs_LabEnvironment__</Key>
          <Value>&lt;?xml version="1.0" encoding="utf-16"?&gt;&lt;LabEnvironment Id="afd904c8-4332-4335-bd1d-55612a5eed76" Name="CMP01-INDIASQA" Uri="vstfs:///LabManagement/LabEnvironment/316"&gt;&lt;LabSystems&gt;&lt;LabSystem Name="CMP01-INDIASQA" ComputerName="CMP01-INDIASQA.horizonhobby.com" Roles="BS2CUIT"&gt;&lt;CustomProperties /&gt;&lt;/LabSystem&gt;&lt;/LabSystems&gt;&lt;/LabEnvironment&gt;</Value>
        </Property>
        <Property>
          <Key>__Tfs_TestConfigurationId__</Key>
          <Value>17</Value>
        </Property>
        <Property>
          <Key>__Tfs_TestPlanId__</Key>
          <Value>13</Value>
        </Property>
        <Property>
          <Key>__Tfs_TestConfigurationName__</Key>
          <Value>Win 7 with IE 11</Value>
        </Property>
        <Property>
          <Key>__Tfs_TestPointId__</Key>
          <Value>110240</Value>
        </Property>
        <Property>
          <Key>__Tfs_TfsServerCollectionUrl__</Key>
          <Value>http://cmp02-app05:8080/tfs/defaultcollection</Value>
        </Property>
        <Property>
          <Key>__Tfs_BuildPlatform__</Key>
          <Value>Any CPU</Value>
        </Property>
        <Property>
          <Key>__Tfs_BuildNumber__</Key>
          <Value>QATestAutomation_20180514.3</Value>
        </Property>
        <Property>
          <Key>__Tfs_BuildFlavor__</Key>
          <Value>Debug</Value>
        </Property>
        <Property>
          <Key>__Tfs_BuildConfigurationId__</Key>
          <Value>26978</Value>
        </Property>
      </Properties>
      <TestMethod codeBase="file://CMP01-YKUMAR/QATestAutomationBuildsDrop/QATestAutomation/QATestAutomation_20180514.3/CartDisplayTest.DLL" adapterTypeName="Microsoft.VisualStudio.TestTools.TestTypes.Unit.UnitTestAdapter, Microsoft.VisualStudio.QualityTools.Tips.UnitTest.Adapter, Version=12.0.0.0, Culture=neutral, PublicKeyToken=b03f5f7f11d50a3a" className="TestAuto.CartDisplayTest, CartDisplayTest, Version=1.0.0.0, Culture=neutral, PublicKeyToken=null" name="CartProductStatusDisplay" />
      <Extension>Microsoft.VisualStudio.TestTools.UITesting.CodedUITestAttribute, Microsoft.VisualStudio.QualityTools.CodedUITestFramework, Version=12.0.0.0, Culture=neutral, PublicKeyToken=b03f5f7f11d50a3a</Extension>
    </UnitTest>
    <UnitTest name="CheckoutShippingAddressChanged" storage="\\cmp01-ykumar\qatestautomationbuildsdrop\qatestautomation\qatestautomation_20180514.3\checkout_test.dll" id="24249209-6e78-9a6e-b5c3-ed128615d53f">
      <DeploymentItems>
        <DeploymentItem filename="TestData\CheckoutCommonTestData.xml" />
        <DeploymentItem filename="SharedCommonConfig\SharedCommonConfig.xml" />
      </DeploymentItems>
      <TcmInformation testCaseId="1629" testRunId="26973" testResultId="100022" />
      <Execution id="ce16caf7-015c-4570-8dbd-a4a63684facd" />
      <Properties>
        <Property>
          <Key>__Tfs_BuildUri__</Key>
          <Value>vstfs:///Build/Build/1903</Value>
        </Property>
        <Property>
          <Key>__Tfs_IsInLabEnvironment__</Key>
          <Value>true</Value>
        </Property>
        <Property>
          <Key>__Tfs_TestRunId__</Key>
          <Value>26973</Value>
        </Property>
        <Property>
          <Key>__Tfs_TestCaseId__</Key>
          <Value>1629</Value>
        </Property>
        <Property>
          <Key>__Tfs_TeamProject__</Key>
          <Value>WebSphere</Value>
        </Property>
        <Property>
          <Key>__Tfs_BuildDirectory__</Key>
          <Value>\\CMP01-YKUMAR\QATestAutomationBuildsDrop\QATestAutomation\QATestAutomation_20180514.3</Value>
        </Property>
        <Property>
          <Key>__Tfs_LabEnvironment__</Key>
          <Value>&lt;?xml version="1.0" encoding="utf-16"?&gt;&lt;LabEnvironment Id="afd904c8-4332-4335-bd1d-55612a5eed76" Name="CMP01-INDIASQA" Uri="vstfs:///LabManagement/LabEnvironment/316"&gt;&lt;LabSystems&gt;&lt;LabSystem Name="CMP01-INDIASQA" ComputerName="CMP01-INDIASQA.horizonhobby.com" Roles="BS2CUIT"&gt;&lt;CustomProperties /&gt;&lt;/LabSystem&gt;&lt;/LabSystems&gt;&lt;/LabEnvironment&gt;</Value>
        </Property>
        <Property>
          <Key>__Tfs_TestConfigurationId__</Key>
          <Value>17</Value>
        </Property>
        <Property>
          <Key>__Tfs_TestPlanId__</Key>
          <Value>13</Value>
        </Property>
        <Property>
          <Key>__Tfs_TestConfigurationName__</Key>
          <Value>Win 7 with IE 11</Value>
        </Property>
        <Property>
          <Key>__Tfs_TestPointId__</Key>
          <Value>110222</Value>
        </Property>
        <Property>
          <Key>__Tfs_TfsServerCollectionUrl__</Key>
          <Value>http://cmp02-app05:8080/tfs/defaultcollection</Value>
        </Property>
        <Property>
          <Key>__Tfs_BuildPlatform__</Key>
          <Value>Any CPU</Value>
        </Property>
        <Property>
          <Key>__Tfs_BuildNumber__</Key>
          <Value>QATestAutomation_20180514.3</Value>
        </Property>
        <Property>
          <Key>__Tfs_BuildFlavor__</Key>
          <Value>Debug</Value>
        </Property>
        <Property>
          <Key>__Tfs_BuildConfigurationId__</Key>
          <Value>26978</Value>
        </Property>
      </Properties>
      <TestMethod codeBase="file://CMP01-YKUMAR/QATestAutomationBuildsDrop/QATestAutomation/QATestAutomation_20180514.3/Checkout_Test.DLL" adapterTypeName="Microsoft.VisualStudio.TestTools.TestTypes.Unit.UnitTestAdapter, Microsoft.VisualStudio.QualityTools.Tips.UnitTest.Adapter, Version=12.0.0.0, Culture=neutral, PublicKeyToken=b03f5f7f11d50a3a" className="TestAuto.HHBvtSmokeTest, Checkout_Test, Version=1.0.0.0, Culture=neutral, PublicKeyToken=null" name="CheckoutShippingAddressChanged" />
      <Extension>Microsoft.VisualStudio.TestTools.UITesting.CodedUITestAttribute, Microsoft.VisualStudio.QualityTools.CodedUITestFramework, Version=12.0.0.0, Culture=neutral, PublicKeyToken=b03f5f7f11d50a3a</Extension>
    </UnitTest>
    <UnitTest name="CartOtherProductsYouMightConsiderListing" storage="\\cmp01-ykumar\qatestautomationbuildsdrop\qatestautomation\qatestautomation_20180514.3\cartdisplaytest.dll" id="d97a5a46-964b-df21-8bbb-b6de2ffb55bd">
      <DeploymentItems>
        <DeploymentItem filename="TestData\CartDisplayTestData.xml" />
        <DeploymentItem filename="SharedCommonConfig\SharedCommonConfig.xml" />
      </DeploymentItems>
      <TcmInformation testCaseId="1666" testRunId="26973" testResultId="100028" />
      <Execution id="21984c6c-ccd3-4785-8bb7-853ab2663830" />
      <Properties>
        <Property>
          <Key>__Tfs_BuildUri__</Key>
          <Value>vstfs:///Build/Build/1903</Value>
        </Property>
        <Property>
          <Key>__Tfs_IsInLabEnvironment__</Key>
          <Value>true</Value>
        </Property>
        <Property>
          <Key>__Tfs_TestRunId__</Key>
          <Value>26973</Value>
        </Property>
        <Property>
          <Key>__Tfs_TestCaseId__</Key>
          <Value>1666</Value>
        </Property>
        <Property>
          <Key>__Tfs_TeamProject__</Key>
          <Value>WebSphere</Value>
        </Property>
        <Property>
          <Key>__Tfs_BuildDirectory__</Key>
          <Value>\\CMP01-YKUMAR\QATestAutomationBuildsDrop\QATestAutomation\QATestAutomation_20180514.3</Value>
        </Property>
        <Property>
          <Key>__Tfs_LabEnvironment__</Key>
          <Value>&lt;?xml version="1.0" encoding="utf-16"?&gt;&lt;LabEnvironment Id="afd904c8-4332-4335-bd1d-55612a5eed76" Name="CMP01-INDIASQA" Uri="vstfs:///LabManagement/LabEnvironment/316"&gt;&lt;LabSystems&gt;&lt;LabSystem Name="CMP01-INDIASQA" ComputerName="CMP01-INDIASQA.horizonhobby.com" Roles="BS2CUIT"&gt;&lt;CustomProperties /&gt;&lt;/LabSystem&gt;&lt;/LabSystems&gt;&lt;/LabEnvironment&gt;</Value>
        </Property>
        <Property>
          <Key>__Tfs_TestConfigurationId__</Key>
          <Value>17</Value>
        </Property>
        <Property>
          <Key>__Tfs_TestPlanId__</Key>
          <Value>13</Value>
        </Property>
        <Property>
          <Key>__Tfs_TestConfigurationName__</Key>
          <Value>Win 7 with IE 11</Value>
        </Property>
        <Property>
          <Key>__Tfs_TestPointId__</Key>
          <Value>110351</Value>
        </Property>
        <Property>
          <Key>__Tfs_TfsServerCollectionUrl__</Key>
          <Value>http://cmp02-app05:8080/tfs/defaultcollection</Value>
        </Property>
        <Property>
          <Key>__Tfs_BuildPlatform__</Key>
          <Value>Any CPU</Value>
        </Property>
        <Property>
          <Key>__Tfs_BuildNumber__</Key>
          <Value>QATestAutomation_20180514.3</Value>
        </Property>
        <Property>
          <Key>__Tfs_BuildFlavor__</Key>
          <Value>Debug</Value>
        </Property>
        <Property>
          <Key>__Tfs_BuildConfigurationId__</Key>
          <Value>26978</Value>
        </Property>
      </Properties>
      <TestMethod codeBase="file://CMP01-YKUMAR/QATestAutomationBuildsDrop/QATestAutomation/QATestAutomation_20180514.3/CartDisplayTest.DLL" adapterTypeName="Microsoft.VisualStudio.TestTools.TestTypes.Unit.UnitTestAdapter, Microsoft.VisualStudio.QualityTools.Tips.UnitTest.Adapter, Version=12.0.0.0, Culture=neutral, PublicKeyToken=b03f5f7f11d50a3a" className="TestAuto.CartDisplayTest, CartDisplayTest, Version=1.0.0.0, Culture=neutral, PublicKeyToken=null" name="CartOtherProductsYouMightConsiderListing" />
      <Extension>Microsoft.VisualStudio.TestTools.UITesting.CodedUITestAttribute, Microsoft.VisualStudio.QualityTools.CodedUITestFramework, Version=12.0.0.0, Culture=neutral, PublicKeyToken=b03f5f7f11d50a3a</Extension>
    </UnitTest>
    <UnitTest name="CartPromoCodeShipping" storage="\\cmp01-ykumar\qatestautomationbuildsdrop\qatestautomation\qatestautomation_20180514.3\cartdisplaytest.dll" id="037aa6b0-8a63-4385-5fae-5d2a26d9632b">
      <DeploymentItems>
        <DeploymentItem filename="TestData\CartDisplayTestData.xml" />
        <DeploymentItem filename="SharedCommonConfig\SharedCommonConfig.xml" />
      </DeploymentItems>
      <TcmInformation testCaseId="2153" testRunId="26973" testResultId="100052" />
      <Execution id="7b617435-202d-49d2-a952-2821394a84d7" />
      <Properties>
        <Property>
          <Key>__Tfs_BuildUri__</Key>
          <Value>vstfs:///Build/Build/1903</Value>
        </Property>
        <Property>
          <Key>__Tfs_IsInLabEnvironment__</Key>
          <Value>true</Value>
        </Property>
        <Property>
          <Key>__Tfs_TestRunId__</Key>
          <Value>26973</Value>
        </Property>
        <Property>
          <Key>__Tfs_TestCaseId__</Key>
          <Value>2153</Value>
        </Property>
        <Property>
          <Key>__Tfs_TeamProject__</Key>
          <Value>WebSphere</Value>
        </Property>
        <Property>
          <Key>__Tfs_BuildDirectory__</Key>
          <Value>\\CMP01-YKUMAR\QATestAutomationBuildsDrop\QATestAutomation\QATestAutomation_20180514.3</Value>
        </Property>
        <Property>
          <Key>__Tfs_LabEnvironment__</Key>
          <Value>&lt;?xml version="1.0" encoding="utf-16"?&gt;&lt;LabEnvironment Id="afd904c8-4332-4335-bd1d-55612a5eed76" Name="CMP01-INDIASQA" Uri="vstfs:///LabManagement/LabEnvironment/316"&gt;&lt;LabSystems&gt;&lt;LabSystem Name="CMP01-INDIASQA" ComputerName="CMP01-INDIASQA.horizonhobby.com" Roles="BS2CUIT"&gt;&lt;CustomProperties /&gt;&lt;/LabSystem&gt;&lt;/LabSystems&gt;&lt;/LabEnvironment&gt;</Value>
        </Property>
        <Property>
          <Key>__Tfs_TestConfigurationId__</Key>
          <Value>17</Value>
        </Property>
        <Property>
          <Key>__Tfs_TestPlanId__</Key>
          <Value>13</Value>
        </Property>
        <Property>
          <Key>__Tfs_TestConfigurationName__</Key>
          <Value>Win 7 with IE 11</Value>
        </Property>
        <Property>
          <Key>__Tfs_TestPointId__</Key>
          <Value>110237</Value>
        </Property>
        <Property>
          <Key>__Tfs_TfsServerCollectionUrl__</Key>
          <Value>http://cmp02-app05:8080/tfs/defaultcollection</Value>
        </Property>
        <Property>
          <Key>__Tfs_BuildPlatform__</Key>
          <Value>Any CPU</Value>
        </Property>
        <Property>
          <Key>__Tfs_BuildNumber__</Key>
          <Value>QATestAutomation_20180514.3</Value>
        </Property>
        <Property>
          <Key>__Tfs_BuildFlavor__</Key>
          <Value>Debug</Value>
        </Property>
        <Property>
          <Key>__Tfs_BuildConfigurationId__</Key>
          <Value>26978</Value>
        </Property>
      </Properties>
      <TestMethod codeBase="file://CMP01-YKUMAR/QATestAutomationBuildsDrop/QATestAutomation/QATestAutomation_20180514.3/CartDisplayTest.DLL" adapterTypeName="Microsoft.VisualStudio.TestTools.TestTypes.Unit.UnitTestAdapter, Microsoft.VisualStudio.QualityTools.Tips.UnitTest.Adapter, Version=12.0.0.0, Culture=neutral, PublicKeyToken=b03f5f7f11d50a3a" className="TestAuto.CartDisplayTest, CartDisplayTest, Version=1.0.0.0, Culture=neutral, PublicKeyToken=null" name="CartPromoCodeShipping" />
      <Extension>Microsoft.VisualStudio.TestTools.UITesting.CodedUITestAttribute, Microsoft.VisualStudio.QualityTools.CodedUITestFramework, Version=12.0.0.0, Culture=neutral, PublicKeyToken=b03f5f7f11d50a3a</Extension>
    </UnitTest>
    <UnitTest name="CartAddItemToWishlist" storage="\\cmp01-ykumar\qatestautomationbuildsdrop\qatestautomation\qatestautomation_20180514.3\cartdisplaytest.dll" id="040ecc46-5b09-95d2-8145-cc12815fb627">
      <DeploymentItems>
        <DeploymentItem filename="TestData\CartDisplayTestData.xml" />
        <DeploymentItem filename="SharedCommonConfig\SharedCommonConfig.xml" />
      </DeploymentItems>
      <TcmInformation testCaseId="2063" testRunId="26973" testResultId="100048" />
      <Execution id="b55e1e62-18db-4330-b6a6-a7ef4bd13869" />
      <Properties>
        <Property>
          <Key>__Tfs_BuildUri__</Key>
          <Value>vstfs:///Build/Build/1903</Value>
        </Property>
        <Property>
          <Key>__Tfs_IsInLabEnvironment__</Key>
          <Value>true</Value>
        </Property>
        <Property>
          <Key>__Tfs_TestRunId__</Key>
          <Value>26973</Value>
        </Property>
        <Property>
          <Key>__Tfs_TestCaseId__</Key>
          <Value>2063</Value>
        </Property>
        <Property>
          <Key>__Tfs_TeamProject__</Key>
          <Value>WebSphere</Value>
        </Property>
        <Property>
          <Key>__Tfs_BuildDirectory__</Key>
          <Value>\\CMP01-YKUMAR\QATestAutomationBuildsDrop\QATestAutomation\QATestAutomation_20180514.3</Value>
        </Property>
        <Property>
          <Key>__Tfs_LabEnvironment__</Key>
          <Value>&lt;?xml version="1.0" encoding="utf-16"?&gt;&lt;LabEnvironment Id="afd904c8-4332-4335-bd1d-55612a5eed76" Name="CMP01-INDIASQA" Uri="vstfs:///LabManagement/LabEnvironment/316"&gt;&lt;LabSystems&gt;&lt;LabSystem Name="CMP01-INDIASQA" ComputerName="CMP01-INDIASQA.horizonhobby.com" Roles="BS2CUIT"&gt;&lt;CustomProperties /&gt;&lt;/LabSystem&gt;&lt;/LabSystems&gt;&lt;/LabEnvironment&gt;</Value>
        </Property>
        <Property>
          <Key>__Tfs_TestConfigurationId__</Key>
          <Value>17</Value>
        </Property>
        <Property>
          <Key>__Tfs_TestPlanId__</Key>
          <Value>13</Value>
        </Property>
        <Property>
          <Key>__Tfs_TestConfigurationName__</Key>
          <Value>Win 7 with IE 11</Value>
        </Property>
        <Property>
          <Key>__Tfs_TestPointId__</Key>
          <Value>110232</Value>
        </Property>
        <Property>
          <Key>__Tfs_TfsServerCollectionUrl__</Key>
          <Value>http://cmp02-app05:8080/tfs/defaultcollection</Value>
        </Property>
        <Property>
          <Key>__Tfs_BuildPlatform__</Key>
          <Value>Any CPU</Value>
        </Property>
        <Property>
          <Key>__Tfs_BuildNumber__</Key>
          <Value>QATestAutomation_20180514.3</Value>
        </Property>
        <Property>
          <Key>__Tfs_BuildFlavor__</Key>
          <Value>Debug</Value>
        </Property>
        <Property>
          <Key>__Tfs_BuildConfigurationId__</Key>
          <Value>26978</Value>
        </Property>
      </Properties>
      <TestMethod codeBase="file://CMP01-YKUMAR/QATestAutomationBuildsDrop/QATestAutomation/QATestAutomation_20180514.3/CartDisplayTest.DLL" adapterTypeName="Microsoft.VisualStudio.TestTools.TestTypes.Unit.UnitTestAdapter, Microsoft.VisualStudio.QualityTools.Tips.UnitTest.Adapter, Version=12.0.0.0, Culture=neutral, PublicKeyToken=b03f5f7f11d50a3a" className="TestAuto.CartDisplayTest, CartDisplayTest, Version=1.0.0.0, Culture=neutral, PublicKeyToken=null" name="CartAddItemToWishlist" />
      <Extension>Microsoft.VisualStudio.TestTools.UITesting.CodedUITestAttribute, Microsoft.VisualStudio.QualityTools.CodedUITestFramework, Version=12.0.0.0, Culture=neutral, PublicKeyToken=b03f5f7f11d50a3a</Extension>
    </UnitTest>
    <UnitTest name="ProductFourCornerTags" storage="\\cmp01-ykumar\qatestautomationbuildsdrop\qatestautomation\qatestautomation_20180514.3\productpagetest.dll" id="f620249f-0052-c51d-b60c-639a6b3fe87f">
      <DeploymentItems>
        <DeploymentItem filename="TestData\ProductPageTestData.xml" />
        <DeploymentItem filename="SharedCommonConfig\SharedCommonConfig.xml" />
      </DeploymentItems>
      <TcmInformation testCaseId="2006" testRunId="26973" testResultId="100043" />
      <Execution id="409854d6-949e-4a4c-8fdc-0135b0b2486a" />
      <Properties>
        <Property>
          <Key>__Tfs_BuildUri__</Key>
          <Value>vstfs:///Build/Build/1903</Value>
        </Property>
        <Property>
          <Key>__Tfs_IsInLabEnvironment__</Key>
          <Value>true</Value>
        </Property>
        <Property>
          <Key>__Tfs_TestRunId__</Key>
          <Value>26973</Value>
        </Property>
        <Property>
          <Key>__Tfs_TestCaseId__</Key>
          <Value>2006</Value>
        </Property>
        <Property>
          <Key>__Tfs_TeamProject__</Key>
          <Value>WebSphere</Value>
        </Property>
        <Property>
          <Key>__Tfs_BuildDirectory__</Key>
          <Value>\\CMP01-YKUMAR\QATestAutomationBuildsDrop\QATestAutomation\QATestAutomation_20180514.3</Value>
        </Property>
        <Property>
          <Key>__Tfs_LabEnvironment__</Key>
          <Value>&lt;?xml version="1.0" encoding="utf-16"?&gt;&lt;LabEnvironment Id="afd904c8-4332-4335-bd1d-55612a5eed76" Name="CMP01-INDIASQA" Uri="vstfs:///LabManagement/LabEnvironment/316"&gt;&lt;LabSystems&gt;&lt;LabSystem Name="CMP01-INDIASQA" ComputerName="CMP01-INDIASQA.horizonhobby.com" Roles="BS2CUIT"&gt;&lt;CustomProperties /&gt;&lt;/LabSystem&gt;&lt;/LabSystems&gt;&lt;/LabEnvironment&gt;</Value>
        </Property>
        <Property>
          <Key>__Tfs_TestConfigurationId__</Key>
          <Value>17</Value>
        </Property>
        <Property>
          <Key>__Tfs_TestPlanId__</Key>
          <Value>13</Value>
        </Property>
        <Property>
          <Key>__Tfs_TestConfigurationName__</Key>
          <Value>Win 7 with IE 11</Value>
        </Property>
        <Property>
          <Key>__Tfs_TestPointId__</Key>
          <Value>110363</Value>
        </Property>
        <Property>
          <Key>__Tfs_TfsServerCollectionUrl__</Key>
          <Value>http://cmp02-app05:8080/tfs/defaultcollection</Value>
        </Property>
        <Property>
          <Key>__Tfs_BuildPlatform__</Key>
          <Value>Any CPU</Value>
        </Property>
        <Property>
          <Key>__Tfs_BuildNumber__</Key>
          <Value>QATestAutomation_20180514.3</Value>
        </Property>
        <Property>
          <Key>__Tfs_BuildFlavor__</Key>
          <Value>Debug</Value>
        </Property>
        <Property>
          <Key>__Tfs_BuildConfigurationId__</Key>
          <Value>26978</Value>
        </Property>
      </Properties>
      <TestMethod codeBase="file://CMP01-YKUMAR/QATestAutomationBuildsDrop/QATestAutomation/QATestAutomation_20180514.3/ProductPageTest.DLL" adapterTypeName="Microsoft.VisualStudio.TestTools.TestTypes.Unit.UnitTestAdapter, Microsoft.VisualStudio.QualityTools.Tips.UnitTest.Adapter, Version=12.0.0.0, Culture=neutral, PublicKeyToken=b03f5f7f11d50a3a" className="TestAuto.ProductPageTest, ProductPageTest, Version=1.0.0.0, Culture=neutral, PublicKeyToken=null" name="ProductFourCornerTags" />
      <Extension>Microsoft.VisualStudio.TestTools.UITesting.CodedUITestAttribute, Microsoft.VisualStudio.QualityTools.CodedUITestFramework, Version=12.0.0.0, Culture=neutral, PublicKeyToken=b03f5f7f11d50a3a</Extension>
    </UnitTest>
    <UnitTest name="BrickAndMortarProductPage" storage="\\cmp01-ykumar\qatestautomationbuildsdrop\qatestautomation\qatestautomation_20180514.3\productpagetest.dll" id="2765b9ba-fe80-b712-0dc1-f01d5492e63b">
      <DeploymentItems>
        <DeploymentItem filename="TestData\ProductPageTestData.xml" />
        <DeploymentItem filename="SharedCommonConfig\SharedCommonConfig.xml" />
      </DeploymentItems>
      <TcmInformation testCaseId="1653" testRunId="26973" testResultId="100026" />
      <Execution id="baa81998-3682-452d-9918-0204d0240e14" />
      <Properties>
        <Property>
          <Key>__Tfs_BuildUri__</Key>
          <Value>vstfs:///Build/Build/1903</Value>
        </Property>
        <Property>
          <Key>__Tfs_IsInLabEnvironment__</Key>
          <Value>true</Value>
        </Property>
        <Property>
          <Key>__Tfs_TestRunId__</Key>
          <Value>26973</Value>
        </Property>
        <Property>
          <Key>__Tfs_TestCaseId__</Key>
          <Value>1653</Value>
        </Property>
        <Property>
          <Key>__Tfs_TeamProject__</Key>
          <Value>WebSphere</Value>
        </Property>
        <Property>
          <Key>__Tfs_BuildDirectory__</Key>
          <Value>\\CMP01-YKUMAR\QATestAutomationBuildsDrop\QATestAutomation\QATestAutomation_20180514.3</Value>
        </Property>
        <Property>
          <Key>__Tfs_LabEnvironment__</Key>
          <Value>&lt;?xml version="1.0" encoding="utf-16"?&gt;&lt;LabEnvironment Id="afd904c8-4332-4335-bd1d-55612a5eed76" Name="CMP01-INDIASQA" Uri="vstfs:///LabManagement/LabEnvironment/316"&gt;&lt;LabSystems&gt;&lt;LabSystem Name="CMP01-INDIASQA" ComputerName="CMP01-INDIASQA.horizonhobby.com" Roles="BS2CUIT"&gt;&lt;CustomProperties /&gt;&lt;/LabSystem&gt;&lt;/LabSystems&gt;&lt;/LabEnvironment&gt;</Value>
        </Property>
        <Property>
          <Key>__Tfs_TestConfigurationId__</Key>
          <Value>17</Value>
        </Property>
        <Property>
          <Key>__Tfs_TestPlanId__</Key>
          <Value>13</Value>
        </Property>
        <Property>
          <Key>__Tfs_TestConfigurationName__</Key>
          <Value>Win 7 with IE 11</Value>
        </Property>
        <Property>
          <Key>__Tfs_TestPointId__</Key>
          <Value>110224</Value>
        </Property>
        <Property>
          <Key>__Tfs_TfsServerCollectionUrl__</Key>
          <Value>http://cmp02-app05:8080/tfs/defaultcollection</Value>
        </Property>
        <Property>
          <Key>__Tfs_BuildPlatform__</Key>
          <Value>Any CPU</Value>
        </Property>
        <Property>
          <Key>__Tfs_BuildNumber__</Key>
          <Value>QATestAutomation_20180514.3</Value>
        </Property>
        <Property>
          <Key>__Tfs_BuildFlavor__</Key>
          <Value>Debug</Value>
        </Property>
        <Property>
          <Key>__Tfs_BuildConfigurationId__</Key>
          <Value>26978</Value>
        </Property>
      </Properties>
      <TestMethod codeBase="file://CMP01-YKUMAR/QATestAutomationBuildsDrop/QATestAutomation/QATestAutomation_20180514.3/ProductPageTest.DLL" adapterTypeName="Microsoft.VisualStudio.TestTools.TestTypes.Unit.UnitTestAdapter, Microsoft.VisualStudio.QualityTools.Tips.UnitTest.Adapter, Version=12.0.0.0, Culture=neutral, PublicKeyToken=b03f5f7f11d50a3a" className="TestAuto.ProductPageTest, ProductPageTest, Version=1.0.0.0, Culture=neutral, PublicKeyToken=null" name="BrickAndMortarProductPage" />
      <Extension>Microsoft.VisualStudio.TestTools.UITesting.CodedUITestAttribute, Microsoft.VisualStudio.QualityTools.CodedUITestFramework, Version=12.0.0.0, Culture=neutral, PublicKeyToken=b03f5f7f11d50a3a</Extension>
    </UnitTest>
    <UnitTest name="CreditCardCheckoutWithPromoCode" storage="\\cmp01-ykumar\qatestautomationbuildsdrop\qatestautomation\qatestautomation_20180514.3\checkout_test.dll" id="935bcd49-05e6-9bab-ed85-69d93082b9f8">
      <DeploymentItems>
        <DeploymentItem filename="TestData\CheckoutCreditCard.xml" />
        <DeploymentItem filename="SharedCommonConfig\SharedCommonConfig.xml" />
      </DeploymentItems>
      <TcmInformation testCaseId="3438" testRunId="26973" testResultId="100064" />
      <Execution id="359fe93b-89d3-4264-bbfb-9d41d84940e7" />
      <Properties>
        <Property>
          <Key>__Tfs_BuildUri__</Key>
          <Value>vstfs:///Build/Build/1903</Value>
        </Property>
        <Property>
          <Key>__Tfs_IsInLabEnvironment__</Key>
          <Value>true</Value>
        </Property>
        <Property>
          <Key>__Tfs_TestRunId__</Key>
          <Value>26973</Value>
        </Property>
        <Property>
          <Key>__Tfs_TestCaseId__</Key>
          <Value>3438</Value>
        </Property>
        <Property>
          <Key>__Tfs_TeamProject__</Key>
          <Value>WebSphere</Value>
        </Property>
        <Property>
          <Key>__Tfs_BuildDirectory__</Key>
          <Value>\\CMP01-YKUMAR\QATestAutomationBuildsDrop\QATestAutomation\QATestAutomation_20180514.3</Value>
        </Property>
        <Property>
          <Key>__Tfs_LabEnvironment__</Key>
          <Value>&lt;?xml version="1.0" encoding="utf-16"?&gt;&lt;LabEnvironment Id="afd904c8-4332-4335-bd1d-55612a5eed76" Name="CMP01-INDIASQA" Uri="vstfs:///LabManagement/LabEnvironment/316"&gt;&lt;LabSystems&gt;&lt;LabSystem Name="CMP01-INDIASQA" ComputerName="CMP01-INDIASQA.horizonhobby.com" Roles="BS2CUIT"&gt;&lt;CustomProperties /&gt;&lt;/LabSystem&gt;&lt;/LabSystems&gt;&lt;/LabEnvironment&gt;</Value>
        </Property>
        <Property>
          <Key>__Tfs_TestConfigurationId__</Key>
          <Value>17</Value>
        </Property>
        <Property>
          <Key>__Tfs_TestPlanId__</Key>
          <Value>13</Value>
        </Property>
        <Property>
          <Key>__Tfs_TestConfigurationName__</Key>
          <Value>Win 7 with IE 11</Value>
        </Property>
        <Property>
          <Key>__Tfs_TestPointId__</Key>
          <Value>110250</Value>
        </Property>
        <Property>
          <Key>__Tfs_TfsServerCollectionUrl__</Key>
          <Value>http://cmp02-app05:8080/tfs/defaultcollection</Value>
        </Property>
        <Property>
          <Key>__Tfs_BuildPlatform__</Key>
          <Value>Any CPU</Value>
        </Property>
        <Property>
          <Key>__Tfs_BuildNumber__</Key>
          <Value>QATestAutomation_20180514.3</Value>
        </Property>
        <Property>
          <Key>__Tfs_BuildFlavor__</Key>
          <Value>Debug</Value>
        </Property>
        <Property>
          <Key>__Tfs_BuildConfigurationId__</Key>
          <Value>26978</Value>
        </Property>
      </Properties>
      <TestMethod codeBase="file://CMP01-YKUMAR/QATestAutomationBuildsDrop/QATestAutomation/QATestAutomation_20180514.3/Checkout_Test.DLL" adapterTypeName="Microsoft.VisualStudio.TestTools.TestTypes.Unit.UnitTestAdapter, Microsoft.VisualStudio.QualityTools.Tips.UnitTest.Adapter, Version=12.0.0.0, Culture=neutral, PublicKeyToken=b03f5f7f11d50a3a" className="TestAuto.CheckoutCreditCard, Checkout_Test, Version=1.0.0.0, Culture=neutral, PublicKeyToken=null" name="CreditCardCheckoutWithPromoCode" />
      <Extension>Microsoft.VisualStudio.TestTools.UITesting.CodedUITestAttribute, Microsoft.VisualStudio.QualityTools.CodedUITestFramework, Version=12.0.0.0, Culture=neutral, PublicKeyToken=b03f5f7f11d50a3a</Extension>
    </UnitTest>
    <UnitTest name="CreditCardCheckoutAuthorizationSuccessfullyWithGiftCards" storage="\\cmp01-ykumar\qatestautomationbuildsdrop\qatestautomation\qatestautomation_20180514.3\checkout_test.dll" id="dbe4b041-f370-0433-8925-09cada2a681e">
      <DeploymentItems>
        <DeploymentItem filename="TestData\CheckoutCreditCard.xml" />
        <DeploymentItem filename="SharedCommonConfig\SharedCommonConfig.xml" />
      </DeploymentItems>
      <TcmInformation testCaseId="1533" testRunId="26973" testResultId="100010" />
      <Execution id="c2aba3b0-ba48-4440-b459-81f46ccfd549" />
      <Properties>
        <Property>
          <Key>__Tfs_BuildUri__</Key>
          <Value>vstfs:///Build/Build/1903</Value>
        </Property>
        <Property>
          <Key>__Tfs_IsInLabEnvironment__</Key>
          <Value>true</Value>
        </Property>
        <Property>
          <Key>__Tfs_TestRunId__</Key>
          <Value>26973</Value>
        </Property>
        <Property>
          <Key>__Tfs_TestCaseId__</Key>
          <Value>1533</Value>
        </Property>
        <Property>
          <Key>__Tfs_TeamProject__</Key>
          <Value>WebSphere</Value>
        </Property>
        <Property>
          <Key>__Tfs_BuildDirectory__</Key>
          <Value>\\CMP01-YKUMAR\QATestAutomationBuildsDrop\QATestAutomation\QATestAutomation_20180514.3</Value>
        </Property>
        <Property>
          <Key>__Tfs_LabEnvironment__</Key>
          <Value>&lt;?xml version="1.0" encoding="utf-16"?&gt;&lt;LabEnvironment Id="afd904c8-4332-4335-bd1d-55612a5eed76" Name="CMP01-INDIASQA" Uri="vstfs:///LabManagement/LabEnvironment/316"&gt;&lt;LabSystems&gt;&lt;LabSystem Name="CMP01-INDIASQA" ComputerName="CMP01-INDIASQA.horizonhobby.com" Roles="BS2CUIT"&gt;&lt;CustomProperties /&gt;&lt;/LabSystem&gt;&lt;/LabSystems&gt;&lt;/LabEnvironment&gt;</Value>
        </Property>
        <Property>
          <Key>__Tfs_TestConfigurationId__</Key>
          <Value>17</Value>
        </Property>
        <Property>
          <Key>__Tfs_TestPlanId__</Key>
          <Value>13</Value>
        </Property>
        <Property>
          <Key>__Tfs_TestConfigurationName__</Key>
          <Value>Win 7 with IE 11</Value>
        </Property>
        <Property>
          <Key>__Tfs_TestPointId__</Key>
          <Value>110406</Value>
        </Property>
        <Property>
          <Key>__Tfs_TfsServerCollectionUrl__</Key>
          <Value>http://cmp02-app05:8080/tfs/defaultcollection</Value>
        </Property>
        <Property>
          <Key>__Tfs_BuildPlatform__</Key>
          <Value>Any CPU</Value>
        </Property>
        <Property>
          <Key>__Tfs_BuildNumber__</Key>
          <Value>QATestAutomation_20180514.3</Value>
        </Property>
        <Property>
          <Key>__Tfs_BuildFlavor__</Key>
          <Value>Debug</Value>
        </Property>
        <Property>
          <Key>__Tfs_BuildConfigurationId__</Key>
          <Value>26978</Value>
        </Property>
      </Properties>
      <TestMethod codeBase="file://CMP01-YKUMAR/QATestAutomationBuildsDrop/QATestAutomation/QATestAutomation_20180514.3/Checkout_Test.DLL" adapterTypeName="Microsoft.VisualStudio.TestTools.TestTypes.Unit.UnitTestAdapter, Microsoft.VisualStudio.QualityTools.Tips.UnitTest.Adapter, Version=12.0.0.0, Culture=neutral, PublicKeyToken=b03f5f7f11d50a3a" className="TestAuto.CheckoutCreditCard, Checkout_Test, Version=1.0.0.0, Culture=neutral, PublicKeyToken=null" name="CreditCardCheckoutAuthorizationSuccessfullyWithGiftCards" />
      <Extension>Microsoft.VisualStudio.TestTools.UITesting.CodedUITestAttribute, Microsoft.VisualStudio.QualityTools.CodedUITestFramework, Version=12.0.0.0, Culture=neutral, PublicKeyToken=b03f5f7f11d50a3a</Extension>
    </UnitTest>
    <UnitTest name="CreditCardCheckoutUSAddress" storage="\\cmp01-ykumar\qatestautomationbuildsdrop\qatestautomation\qatestautomation_20180514.3\checkout_test.dll" id="c3943335-6b67-2c1e-404c-63af4febda33">
      <DeploymentItems>
        <DeploymentItem filename="TestData\CheckoutCreditCard.xml" />
        <DeploymentItem filename="SharedCommonConfig\SharedCommonConfig.xml" />
      </DeploymentItems>
      <TcmInformation testCaseId="3432" testRunId="26973" testResultId="100059" />
      <Execution id="806cdf0b-8b57-4734-9a4c-b34b56c43bd5" />
      <Properties>
        <Property>
          <Key>__Tfs_BuildUri__</Key>
          <Value>vstfs:///Build/Build/1903</Value>
        </Property>
        <Property>
          <Key>__Tfs_IsInLabEnvironment__</Key>
          <Value>true</Value>
        </Property>
        <Property>
          <Key>__Tfs_TestRunId__</Key>
          <Value>26973</Value>
        </Property>
        <Property>
          <Key>__Tfs_TestCaseId__</Key>
          <Value>3432</Value>
        </Property>
        <Property>
          <Key>__Tfs_TeamProject__</Key>
          <Value>WebSphere</Value>
        </Property>
        <Property>
          <Key>__Tfs_BuildDirectory__</Key>
          <Value>\\CMP01-YKUMAR\QATestAutomationBuildsDrop\QATestAutomation\QATestAutomation_20180514.3</Value>
        </Property>
        <Property>
          <Key>__Tfs_LabEnvironment__</Key>
          <Value>&lt;?xml version="1.0" encoding="utf-16"?&gt;&lt;LabEnvironment Id="afd904c8-4332-4335-bd1d-55612a5eed76" Name="CMP01-INDIASQA" Uri="vstfs:///LabManagement/LabEnvironment/316"&gt;&lt;LabSystems&gt;&lt;LabSystem Name="CMP01-INDIASQA" ComputerName="CMP01-INDIASQA.horizonhobby.com" Roles="BS2CUIT"&gt;&lt;CustomProperties /&gt;&lt;/LabSystem&gt;&lt;/LabSystems&gt;&lt;/LabEnvironment&gt;</Value>
        </Property>
        <Property>
          <Key>__Tfs_TestConfigurationId__</Key>
          <Value>17</Value>
        </Property>
        <Property>
          <Key>__Tfs_TestPlanId__</Key>
          <Value>13</Value>
        </Property>
        <Property>
          <Key>__Tfs_TestConfigurationName__</Key>
          <Value>Win 7 with IE 11</Value>
        </Property>
        <Property>
          <Key>__Tfs_TestPointId__</Key>
          <Value>110245</Value>
        </Property>
        <Property>
          <Key>__Tfs_TfsServerCollectionUrl__</Key>
          <Value>http://cmp02-app05:8080/tfs/defaultcollection</Value>
        </Property>
        <Property>
          <Key>__Tfs_BuildPlatform__</Key>
          <Value>Any CPU</Value>
        </Property>
        <Property>
          <Key>__Tfs_BuildNumber__</Key>
          <Value>QATestAutomation_20180514.3</Value>
        </Property>
        <Property>
          <Key>__Tfs_BuildFlavor__</Key>
          <Value>Debug</Value>
        </Property>
        <Property>
          <Key>__Tfs_BuildConfigurationId__</Key>
          <Value>26978</Value>
        </Property>
      </Properties>
      <TestMethod codeBase="file://CMP01-YKUMAR/QATestAutomationBuildsDrop/QATestAutomation/QATestAutomation_20180514.3/Checkout_Test.DLL" adapterTypeName="Microsoft.VisualStudio.TestTools.TestTypes.Unit.UnitTestAdapter, Microsoft.VisualStudio.QualityTools.Tips.UnitTest.Adapter, Version=12.0.0.0, Culture=neutral, PublicKeyToken=b03f5f7f11d50a3a" className="TestAuto.CheckoutCreditCard, Checkout_Test, Version=1.0.0.0, Culture=neutral, PublicKeyToken=null" name="CreditCardCheckoutUSAddress" />
      <Extension>Microsoft.VisualStudio.TestTools.UITesting.CodedUITestAttribute, Microsoft.VisualStudio.QualityTools.CodedUITestFramework, Version=12.0.0.0, Culture=neutral, PublicKeyToken=b03f5f7f11d50a3a</Extension>
    </UnitTest>
    <UnitTest name="MyAccountOrderHistoryDetailDisplay" storage="\\cmp01-ykumar\qatestautomationbuildsdrop\qatestautomation\qatestautomation_20180514.3\myaccount.dll" id="345f528c-b4e2-586f-df1d-545581ac6078">
      <DeploymentItems>
        <DeploymentItem filename="TestData\MyAccountTestData.xml" />
        <DeploymentItem filename="SharedCommonConfig\SharedCommonConfig.xml" />
      </DeploymentItems>
      <TcmInformation testCaseId="1645" testRunId="26973" testResultId="100025" />
      <Execution id="7e331245-2b01-4bc9-9ef2-4d0110cb1b19" />
      <Properties>
        <Property>
          <Key>__Tfs_BuildUri__</Key>
          <Value>vstfs:///Build/Build/1903</Value>
        </Property>
        <Property>
          <Key>__Tfs_IsInLabEnvironment__</Key>
          <Value>true</Value>
        </Property>
        <Property>
          <Key>__Tfs_TestRunId__</Key>
          <Value>26973</Value>
        </Property>
        <Property>
          <Key>__Tfs_TestCaseId__</Key>
          <Value>1645</Value>
        </Property>
        <Property>
          <Key>__Tfs_TeamProject__</Key>
          <Value>WebSphere</Value>
        </Property>
        <Property>
          <Key>__Tfs_BuildDirectory__</Key>
          <Value>\\CMP01-YKUMAR\QATestAutomationBuildsDrop\QATestAutomation\QATestAutomation_20180514.3</Value>
        </Property>
        <Property>
          <Key>__Tfs_LabEnvironment__</Key>
          <Value>&lt;?xml version="1.0" encoding="utf-16"?&gt;&lt;LabEnvironment Id="afd904c8-4332-4335-bd1d-55612a5eed76" Name="CMP01-INDIASQA" Uri="vstfs:///LabManagement/LabEnvironment/316"&gt;&lt;LabSystems&gt;&lt;LabSystem Name="CMP01-INDIASQA" ComputerName="CMP01-INDIASQA.horizonhobby.com" Roles="BS2CUIT"&gt;&lt;CustomProperties /&gt;&lt;/LabSystem&gt;&lt;/LabSystems&gt;&lt;/LabEnvironment&gt;</Value>
        </Property>
        <Property>
          <Key>__Tfs_TestConfigurationId__</Key>
          <Value>17</Value>
        </Property>
        <Property>
          <Key>__Tfs_TestPlanId__</Key>
          <Value>13</Value>
        </Property>
        <Property>
          <Key>__Tfs_TestConfigurationName__</Key>
          <Value>Win 7 with IE 11</Value>
        </Property>
        <Property>
          <Key>__Tfs_TestPointId__</Key>
          <Value>110348</Value>
        </Property>
        <Property>
          <Key>__Tfs_TfsServerCollectionUrl__</Key>
          <Value>http://cmp02-app05:8080/tfs/defaultcollection</Value>
        </Property>
        <Property>
          <Key>__Tfs_BuildPlatform__</Key>
          <Value>Any CPU</Value>
        </Property>
        <Property>
          <Key>__Tfs_BuildNumber__</Key>
          <Value>QATestAutomation_20180514.3</Value>
        </Property>
        <Property>
          <Key>__Tfs_BuildFlavor__</Key>
          <Value>Debug</Value>
        </Property>
        <Property>
          <Key>__Tfs_BuildConfigurationId__</Key>
          <Value>26978</Value>
        </Property>
      </Properties>
      <TestMethod codeBase="file://CMP01-YKUMAR/QATestAutomationBuildsDrop/QATestAutomation/QATestAutomation_20180514.3/MyAccount.DLL" adapterTypeName="Microsoft.VisualStudio.TestTools.TestTypes.Unit.UnitTestAdapter, Microsoft.VisualStudio.QualityTools.Tips.UnitTest.Adapter, Version=12.0.0.0, Culture=neutral, PublicKeyToken=b03f5f7f11d50a3a" className="TestAuto.MyAccount, MyAccount, Version=1.0.0.0, Culture=neutral, PublicKeyToken=null" name="MyAccountOrderHistoryDetailDisplay" />
      <Extension>Microsoft.VisualStudio.TestTools.UITesting.CodedUITestAttribute, Microsoft.VisualStudio.QualityTools.CodedUITestFramework, Version=12.0.0.0, Culture=neutral, PublicKeyToken=b03f5f7f11d50a3a</Extension>
    </UnitTest>
    <UnitTest name="CheckoutShippingAddressChangedGuestUser" storage="\\cmp01-ykumar\qatestautomationbuildsdrop\qatestautomation\qatestautomation_20180514.3\checkout_test.dll" id="85bac158-e789-43a3-ccc0-2b7440ff591d">
      <DeploymentItems>
        <DeploymentItem filename="TestData\CheckoutCommonTestData.xml" />
        <DeploymentItem filename="SharedCommonConfig\SharedCommonConfig.xml" />
      </DeploymentItems>
      <TcmInformation testCaseId="1616" testRunId="26973" testResultId="100020" />
      <Execution id="d829d3ea-6918-496e-914c-f3e5cb3f1e32" />
      <Properties>
        <Property>
          <Key>__Tfs_BuildUri__</Key>
          <Value>vstfs:///Build/Build/1903</Value>
        </Property>
        <Property>
          <Key>__Tfs_IsInLabEnvironment__</Key>
          <Value>true</Value>
        </Property>
        <Property>
          <Key>__Tfs_TestRunId__</Key>
          <Value>26973</Value>
        </Property>
        <Property>
          <Key>__Tfs_TestCaseId__</Key>
          <Value>1616</Value>
        </Property>
        <Property>
          <Key>__Tfs_TeamProject__</Key>
          <Value>WebSphere</Value>
        </Property>
        <Property>
          <Key>__Tfs_BuildDirectory__</Key>
          <Value>\\CMP01-YKUMAR\QATestAutomationBuildsDrop\QATestAutomation\QATestAutomation_20180514.3</Value>
        </Property>
        <Property>
          <Key>__Tfs_LabEnvironment__</Key>
          <Value>&lt;?xml version="1.0" encoding="utf-16"?&gt;&lt;LabEnvironment Id="afd904c8-4332-4335-bd1d-55612a5eed76" Name="CMP01-INDIASQA" Uri="vstfs:///LabManagement/LabEnvironment/316"&gt;&lt;LabSystems&gt;&lt;LabSystem Name="CMP01-INDIASQA" ComputerName="CMP01-INDIASQA.horizonhobby.com" Roles="BS2CUIT"&gt;&lt;CustomProperties /&gt;&lt;/LabSystem&gt;&lt;/LabSystems&gt;&lt;/LabEnvironment&gt;</Value>
        </Property>
        <Property>
          <Key>__Tfs_TestConfigurationId__</Key>
          <Value>17</Value>
        </Property>
        <Property>
          <Key>__Tfs_TestPlanId__</Key>
          <Value>13</Value>
        </Property>
        <Property>
          <Key>__Tfs_TestConfigurationName__</Key>
          <Value>Win 7 with IE 11</Value>
        </Property>
        <Property>
          <Key>__Tfs_TestPointId__</Key>
          <Value>110414</Value>
        </Property>
        <Property>
          <Key>__Tfs_TfsServerCollectionUrl__</Key>
          <Value>http://cmp02-app05:8080/tfs/defaultcollection</Value>
        </Property>
        <Property>
          <Key>__Tfs_BuildPlatform__</Key>
          <Value>Any CPU</Value>
        </Property>
        <Property>
          <Key>__Tfs_BuildNumber__</Key>
          <Value>QATestAutomation_20180514.3</Value>
        </Property>
        <Property>
          <Key>__Tfs_BuildFlavor__</Key>
          <Value>Debug</Value>
        </Property>
        <Property>
          <Key>__Tfs_BuildConfigurationId__</Key>
          <Value>26978</Value>
        </Property>
      </Properties>
      <TestMethod codeBase="file://CMP01-YKUMAR/QATestAutomationBuildsDrop/QATestAutomation/QATestAutomation_20180514.3/Checkout_Test.DLL" adapterTypeName="Microsoft.VisualStudio.TestTools.TestTypes.Unit.UnitTestAdapter, Microsoft.VisualStudio.QualityTools.Tips.UnitTest.Adapter, Version=12.0.0.0, Culture=neutral, PublicKeyToken=b03f5f7f11d50a3a" className="TestAuto.HHBvtSmokeTest, Checkout_Test, Version=1.0.0.0, Culture=neutral, PublicKeyToken=null" name="CheckoutShippingAddressChangedGuestUser" />
      <Extension>Microsoft.VisualStudio.TestTools.UITesting.CodedUITestAttribute, Microsoft.VisualStudio.QualityTools.CodedUITestFramework, Version=12.0.0.0, Culture=neutral, PublicKeyToken=b03f5f7f11d50a3a</Extension>
    </UnitTest>
    <UnitTest name="CreditCardCheckoutCvvValidationLoggedInUsers" storage="\\cmp01-ykumar\qatestautomationbuildsdrop\qatestautomation\qatestautomation_20180514.3\checkout_test.dll" id="aea2bd12-36fb-e640-fffa-97311e64b9a9">
      <DeploymentItems>
        <DeploymentItem filename="TestData\CheckoutCreditCard.xml" />
        <DeploymentItem filename="SharedCommonConfig\SharedCommonConfig.xml" />
      </DeploymentItems>
      <TcmInformation testCaseId="3562" testRunId="26973" testResultId="100065" />
      <Execution id="23581de1-e083-4c45-91b2-e1f04f5f8cf0" />
      <Properties>
        <Property>
          <Key>__Tfs_BuildUri__</Key>
          <Value>vstfs:///Build/Build/1903</Value>
        </Property>
        <Property>
          <Key>__Tfs_IsInLabEnvironment__</Key>
          <Value>true</Value>
        </Property>
        <Property>
          <Key>__Tfs_TestRunId__</Key>
          <Value>26973</Value>
        </Property>
        <Property>
          <Key>__Tfs_TestCaseId__</Key>
          <Value>3562</Value>
        </Property>
        <Property>
          <Key>__Tfs_TeamProject__</Key>
          <Value>WebSphere</Value>
        </Property>
        <Property>
          <Key>__Tfs_BuildDirectory__</Key>
          <Value>\\CMP01-YKUMAR\QATestAutomationBuildsDrop\QATestAutomation\QATestAutomation_20180514.3</Value>
        </Property>
        <Property>
          <Key>__Tfs_LabEnvironment__</Key>
          <Value>&lt;?xml version="1.0" encoding="utf-16"?&gt;&lt;LabEnvironment Id="afd904c8-4332-4335-bd1d-55612a5eed76" Name="CMP01-INDIASQA" Uri="vstfs:///LabManagement/LabEnvironment/316"&gt;&lt;LabSystems&gt;&lt;LabSystem Name="CMP01-INDIASQA" ComputerName="CMP01-INDIASQA.horizonhobby.com" Roles="BS2CUIT"&gt;&lt;CustomProperties /&gt;&lt;/LabSystem&gt;&lt;/LabSystems&gt;&lt;/LabEnvironment&gt;</Value>
        </Property>
        <Property>
          <Key>__Tfs_TestConfigurationId__</Key>
          <Value>17</Value>
        </Property>
        <Property>
          <Key>__Tfs_TestPlanId__</Key>
          <Value>13</Value>
        </Property>
        <Property>
          <Key>__Tfs_TestConfigurationName__</Key>
          <Value>Win 7 with IE 11</Value>
        </Property>
        <Property>
          <Key>__Tfs_TestPointId__</Key>
          <Value>110251</Value>
        </Property>
        <Property>
          <Key>__Tfs_TfsServerCollectionUrl__</Key>
          <Value>http://cmp02-app05:8080/tfs/defaultcollection</Value>
        </Property>
        <Property>
          <Key>__Tfs_BuildPlatform__</Key>
          <Value>Any CPU</Value>
        </Property>
        <Property>
          <Key>__Tfs_BuildNumber__</Key>
          <Value>QATestAutomation_20180514.3</Value>
        </Property>
        <Property>
          <Key>__Tfs_BuildFlavor__</Key>
          <Value>Debug</Value>
        </Property>
        <Property>
          <Key>__Tfs_BuildConfigurationId__</Key>
          <Value>26978</Value>
        </Property>
      </Properties>
      <TestMethod codeBase="file://CMP01-YKUMAR/QATestAutomationBuildsDrop/QATestAutomation/QATestAutomation_20180514.3/Checkout_Test.DLL" adapterTypeName="Microsoft.VisualStudio.TestTools.TestTypes.Unit.UnitTestAdapter, Microsoft.VisualStudio.QualityTools.Tips.UnitTest.Adapter, Version=12.0.0.0, Culture=neutral, PublicKeyToken=b03f5f7f11d50a3a" className="TestAuto.CheckoutCreditCard, Checkout_Test, Version=1.0.0.0, Culture=neutral, PublicKeyToken=null" name="CreditCardCheckoutCvvValidationLoggedInUsers" />
      <Extension>Microsoft.VisualStudio.TestTools.UITesting.CodedUITestAttribute, Microsoft.VisualStudio.QualityTools.CodedUITestFramework, Version=12.0.0.0, Culture=neutral, PublicKeyToken=b03f5f7f11d50a3a</Extension>
    </UnitTest>
    <UnitTest name="ProductFourCornerTagsPagesWithNWithout" storage="\\cmp01-ykumar\qatestautomationbuildsdrop\qatestautomation\qatestautomation_20180514.3\productpagetest.dll" id="03fed267-58c7-5339-529d-f4de37af4da6">
      <DeploymentItems>
        <DeploymentItem filename="TestData\ProductPageTestData.xml" />
        <DeploymentItem filename="SharedCommonConfig\SharedCommonConfig.xml" />
      </DeploymentItems>
      <TcmInformation testCaseId="2005" testRunId="26973" testResultId="100042" />
      <Execution id="0c5a8957-e4ca-479b-8ed6-c3666c8c121e" />
      <Properties>
        <Property>
          <Key>__Tfs_BuildUri__</Key>
          <Value>vstfs:///Build/Build/1903</Value>
        </Property>
        <Property>
          <Key>__Tfs_IsInLabEnvironment__</Key>
          <Value>true</Value>
        </Property>
        <Property>
          <Key>__Tfs_TestRunId__</Key>
          <Value>26973</Value>
        </Property>
        <Property>
          <Key>__Tfs_TestCaseId__</Key>
          <Value>2005</Value>
        </Property>
        <Property>
          <Key>__Tfs_TeamProject__</Key>
          <Value>WebSphere</Value>
        </Property>
        <Property>
          <Key>__Tfs_BuildDirectory__</Key>
          <Value>\\CMP01-YKUMAR\QATestAutomationBuildsDrop\QATestAutomation\QATestAutomation_20180514.3</Value>
        </Property>
        <Property>
          <Key>__Tfs_LabEnvironment__</Key>
          <Value>&lt;?xml version="1.0" encoding="utf-16"?&gt;&lt;LabEnvironment Id="afd904c8-4332-4335-bd1d-55612a5eed76" Name="CMP01-INDIASQA" Uri="vstfs:///LabManagement/LabEnvironment/316"&gt;&lt;LabSystems&gt;&lt;LabSystem Name="CMP01-INDIASQA" ComputerName="CMP01-INDIASQA.horizonhobby.com" Roles="BS2CUIT"&gt;&lt;CustomProperties /&gt;&lt;/LabSystem&gt;&lt;/LabSystems&gt;&lt;/LabEnvironment&gt;</Value>
        </Property>
        <Property>
          <Key>__Tfs_TestConfigurationId__</Key>
          <Value>17</Value>
        </Property>
        <Property>
          <Key>__Tfs_TestPlanId__</Key>
          <Value>13</Value>
        </Property>
        <Property>
          <Key>__Tfs_TestConfigurationName__</Key>
          <Value>Win 7 with IE 11</Value>
        </Property>
        <Property>
          <Key>__Tfs_TestPointId__</Key>
          <Value>110362</Value>
        </Property>
        <Property>
          <Key>__Tfs_TfsServerCollectionUrl__</Key>
          <Value>http://cmp02-app05:8080/tfs/defaultcollection</Value>
        </Property>
        <Property>
          <Key>__Tfs_BuildPlatform__</Key>
          <Value>Any CPU</Value>
        </Property>
        <Property>
          <Key>__Tfs_BuildNumber__</Key>
          <Value>QATestAutomation_20180514.3</Value>
        </Property>
        <Property>
          <Key>__Tfs_BuildFlavor__</Key>
          <Value>Debug</Value>
        </Property>
        <Property>
          <Key>__Tfs_BuildConfigurationId__</Key>
          <Value>26978</Value>
        </Property>
      </Properties>
      <TestMethod codeBase="file://CMP01-YKUMAR/QATestAutomationBuildsDrop/QATestAutomation/QATestAutomation_20180514.3/ProductPageTest.DLL" adapterTypeName="Microsoft.VisualStudio.TestTools.TestTypes.Unit.UnitTestAdapter, Microsoft.VisualStudio.QualityTools.Tips.UnitTest.Adapter, Version=12.0.0.0, Culture=neutral, PublicKeyToken=b03f5f7f11d50a3a" className="TestAuto.ProductPageTest, ProductPageTest, Version=1.0.0.0, Culture=neutral, PublicKeyToken=null" name="ProductFourCornerTagsPagesWithNWithout" />
      <Extension>Microsoft.VisualStudio.TestTools.UITesting.CodedUITestAttribute, Microsoft.VisualStudio.QualityTools.CodedUITestFramework, Version=12.0.0.0, Culture=neutral, PublicKeyToken=b03f5f7f11d50a3a</Extension>
    </UnitTest>
    <UnitTest name="BrickAndMortarSearchResultPage" storage="\\cmp01-ykumar\qatestautomationbuildsdrop\qatestautomation\qatestautomation_20180514.3\searchtest.dll" id="f04049b0-8a45-29a6-0522-a2ffbed7f80e">
      <DeploymentItems>
        <DeploymentItem filename="TestData\SearchTestData.xml" />
        <DeploymentItem filename="SharedCommonConfig\SharedCommonConfig.xml" />
      </DeploymentItems>
      <TcmInformation testCaseId="1817" testRunId="26973" testResultId="100033" />
      <Execution id="4b3b3d8c-4914-4bee-a530-991ef9f5ad58" />
      <Properties>
        <Property>
          <Key>__Tfs_BuildUri__</Key>
          <Value>vstfs:///Build/Build/1903</Value>
        </Property>
        <Property>
          <Key>__Tfs_IsInLabEnvironment__</Key>
          <Value>true</Value>
        </Property>
        <Property>
          <Key>__Tfs_TestRunId__</Key>
          <Value>26973</Value>
        </Property>
        <Property>
          <Key>__Tfs_TestCaseId__</Key>
          <Value>1817</Value>
        </Property>
        <Property>
          <Key>__Tfs_TeamProject__</Key>
          <Value>WebSphere</Value>
        </Property>
        <Property>
          <Key>__Tfs_BuildDirectory__</Key>
          <Value>\\CMP01-YKUMAR\QATestAutomationBuildsDrop\QATestAutomation\QATestAutomation_20180514.3</Value>
        </Property>
        <Property>
          <Key>__Tfs_LabEnvironment__</Key>
          <Value>&lt;?xml version="1.0" encoding="utf-16"?&gt;&lt;LabEnvironment Id="afd904c8-4332-4335-bd1d-55612a5eed76" Name="CMP01-INDIASQA" Uri="vstfs:///LabManagement/LabEnvironment/316"&gt;&lt;LabSystems&gt;&lt;LabSystem Name="CMP01-INDIASQA" ComputerName="CMP01-INDIASQA.horizonhobby.com" Roles="BS2CUIT"&gt;&lt;CustomProperties /&gt;&lt;/LabSystem&gt;&lt;/LabSystems&gt;&lt;/LabEnvironment&gt;</Value>
        </Property>
        <Property>
          <Key>__Tfs_TestConfigurationId__</Key>
          <Value>17</Value>
        </Property>
        <Property>
          <Key>__Tfs_TestPlanId__</Key>
          <Value>13</Value>
        </Property>
        <Property>
          <Key>__Tfs_TestConfigurationName__</Key>
          <Value>Win 7 with IE 11</Value>
        </Property>
        <Property>
          <Key>__Tfs_TestPointId__</Key>
          <Value>110227</Value>
        </Property>
        <Property>
          <Key>__Tfs_TfsServerCollectionUrl__</Key>
          <Value>http://cmp02-app05:8080/tfs/defaultcollection</Value>
        </Property>
        <Property>
          <Key>__Tfs_BuildPlatform__</Key>
          <Value>Any CPU</Value>
        </Property>
        <Property>
          <Key>__Tfs_BuildNumber__</Key>
          <Value>QATestAutomation_20180514.3</Value>
        </Property>
        <Property>
          <Key>__Tfs_BuildFlavor__</Key>
          <Value>Debug</Value>
        </Property>
        <Property>
          <Key>__Tfs_BuildConfigurationId__</Key>
          <Value>26978</Value>
        </Property>
      </Properties>
      <TestMethod codeBase="file://CMP01-YKUMAR/QATestAutomationBuildsDrop/QATestAutomation/QATestAutomation_20180514.3/SearchTest.DLL" adapterTypeName="Microsoft.VisualStudio.TestTools.TestTypes.Unit.UnitTestAdapter, Microsoft.VisualStudio.QualityTools.Tips.UnitTest.Adapter, Version=12.0.0.0, Culture=neutral, PublicKeyToken=b03f5f7f11d50a3a" className="TestAuto.SearchTest, SearchTest, Version=1.0.0.0, Culture=neutral, PublicKeyToken=null" name="BrickAndMortarSearchResultPage" />
      <Extension>Microsoft.VisualStudio.TestTools.UITesting.CodedUITestAttribute, Microsoft.VisualStudio.QualityTools.CodedUITestFramework, Version=12.0.0.0, Culture=neutral, PublicKeyToken=b03f5f7f11d50a3a</Extension>
    </UnitTest>
    <UnitTest name="TabOrderOnRegistrationPage" storage="\\cmp01-ykumar\qatestautomationbuildsdrop\qatestautomation\qatestautomation_20180514.3\myaccount.dll" id="0f5ac5f7-9750-7d9c-0e4d-0a99233a20e7">
      <DeploymentItems>
        <DeploymentItem filename="TestData\MyAccountTestData.xml" />
        <DeploymentItem filename="SharedCommonConfig\SharedCommonConfig.xml" />
      </DeploymentItems>
      <TcmInformation testCaseId="2952" testRunId="26973" testResultId="100056" />
      <Execution id="8a6c76e3-ea54-484a-aa4d-70ff0bb3eee1" />
      <Properties>
        <Property>
          <Key>__Tfs_BuildUri__</Key>
          <Value>vstfs:///Build/Build/1903</Value>
        </Property>
        <Property>
          <Key>__Tfs_IsInLabEnvironment__</Key>
          <Value>true</Value>
        </Property>
        <Property>
          <Key>__Tfs_TestRunId__</Key>
          <Value>26973</Value>
        </Property>
        <Property>
          <Key>__Tfs_TestCaseId__</Key>
          <Value>2952</Value>
        </Property>
        <Property>
          <Key>__Tfs_TeamProject__</Key>
          <Value>WebSphere</Value>
        </Property>
        <Property>
          <Key>__Tfs_BuildDirectory__</Key>
          <Value>\\CMP01-YKUMAR\QATestAutomationBuildsDrop\QATestAutomation\QATestAutomation_20180514.3</Value>
        </Property>
        <Property>
          <Key>__Tfs_LabEnvironment__</Key>
          <Value>&lt;?xml version="1.0" encoding="utf-16"?&gt;&lt;LabEnvironment Id="afd904c8-4332-4335-bd1d-55612a5eed76" Name="CMP01-INDIASQA" Uri="vstfs:///LabManagement/LabEnvironment/316"&gt;&lt;LabSystems&gt;&lt;LabSystem Name="CMP01-INDIASQA" ComputerName="CMP01-INDIASQA.horizonhobby.com" Roles="BS2CUIT"&gt;&lt;CustomProperties /&gt;&lt;/LabSystem&gt;&lt;/LabSystems&gt;&lt;/LabEnvironment&gt;</Value>
        </Property>
        <Property>
          <Key>__Tfs_TestConfigurationId__</Key>
          <Value>17</Value>
        </Property>
        <Property>
          <Key>__Tfs_TestPlanId__</Key>
          <Value>13</Value>
        </Property>
        <Property>
          <Key>__Tfs_TestConfigurationName__</Key>
          <Value>Win 7 with IE 11</Value>
        </Property>
        <Property>
          <Key>__Tfs_TestPointId__</Key>
          <Value>110241</Value>
        </Property>
        <Property>
          <Key>__Tfs_TfsServerCollectionUrl__</Key>
          <Value>http://cmp02-app05:8080/tfs/defaultcollection</Value>
        </Property>
        <Property>
          <Key>__Tfs_BuildPlatform__</Key>
          <Value>Any CPU</Value>
        </Property>
        <Property>
          <Key>__Tfs_BuildNumber__</Key>
          <Value>QATestAutomation_20180514.3</Value>
        </Property>
        <Property>
          <Key>__Tfs_BuildFlavor__</Key>
          <Value>Debug</Value>
        </Property>
        <Property>
          <Key>__Tfs_BuildConfigurationId__</Key>
          <Value>26978</Value>
        </Property>
      </Properties>
      <TestMethod codeBase="file://CMP01-YKUMAR/QATestAutomationBuildsDrop/QATestAutomation/QATestAutomation_20180514.3/MyAccount.DLL" adapterTypeName="Microsoft.VisualStudio.TestTools.TestTypes.Unit.UnitTestAdapter, Microsoft.VisualStudio.QualityTools.Tips.UnitTest.Adapter, Version=12.0.0.0, Culture=neutral, PublicKeyToken=b03f5f7f11d50a3a" className="TestAuto.MyAccount, MyAccount, Version=1.0.0.0, Culture=neutral, PublicKeyToken=null" name="TabOrderOnRegistrationPage" />
      <Extension>Microsoft.VisualStudio.TestTools.UITesting.CodedUITestAttribute, Microsoft.VisualStudio.QualityTools.CodedUITestFramework, Version=12.0.0.0, Culture=neutral, PublicKeyToken=b03f5f7f11d50a3a</Extension>
    </UnitTest>
    <UnitTest name="CategoryListPaginationBottomOfPage" storage="\\cmp01-ykumar\qatestautomationbuildsdrop\qatestautomation\qatestautomation_20180514.3\categorylistlevel3.dll" id="b3505676-1d5e-00f3-fda9-00b5f663f5d2">
      <DeploymentItems>
        <DeploymentItem filename="TestData\CategoryListLevel3TestData.xml" />
        <DeploymentItem filename="SharedCommonConfig\SharedCommonConfig.xml" />
      </DeploymentItems>
      <TcmInformation testCaseId="1425" testRunId="26973" testResultId="100001" />
      <Execution id="9b15df8b-4eed-4cea-8f64-78d2280ec45f" />
      <Properties>
        <Property>
          <Key>__Tfs_BuildUri__</Key>
          <Value>vstfs:///Build/Build/1903</Value>
        </Property>
        <Property>
          <Key>__Tfs_IsInLabEnvironment__</Key>
          <Value>true</Value>
        </Property>
        <Property>
          <Key>__Tfs_TestRunId__</Key>
          <Value>26973</Value>
        </Property>
        <Property>
          <Key>__Tfs_TestCaseId__</Key>
          <Value>1425</Value>
        </Property>
        <Property>
          <Key>__Tfs_TeamProject__</Key>
          <Value>WebSphere</Value>
        </Property>
        <Property>
          <Key>__Tfs_BuildDirectory__</Key>
          <Value>\\CMP01-YKUMAR\QATestAutomationBuildsDrop\QATestAutomation\QATestAutomation_20180514.3</Value>
        </Property>
        <Property>
          <Key>__Tfs_LabEnvironment__</Key>
          <Value>&lt;?xml version="1.0" encoding="utf-16"?&gt;&lt;LabEnvironment Id="afd904c8-4332-4335-bd1d-55612a5eed76" Name="CMP01-INDIASQA" Uri="vstfs:///LabManagement/LabEnvironment/316"&gt;&lt;LabSystems&gt;&lt;LabSystem Name="CMP01-INDIASQA" ComputerName="CMP01-INDIASQA.horizonhobby.com" Roles="BS2CUIT"&gt;&lt;CustomProperties /&gt;&lt;/LabSystem&gt;&lt;/LabSystems&gt;&lt;/LabEnvironment&gt;</Value>
        </Property>
        <Property>
          <Key>__Tfs_TestConfigurationId__</Key>
          <Value>17</Value>
        </Property>
        <Property>
          <Key>__Tfs_TestPlanId__</Key>
          <Value>13</Value>
        </Property>
        <Property>
          <Key>__Tfs_TestConfigurationName__</Key>
          <Value>Win 7 with IE 11</Value>
        </Property>
        <Property>
          <Key>__Tfs_TestPointId__</Key>
          <Value>110216</Value>
        </Property>
        <Property>
          <Key>__Tfs_TfsServerCollectionUrl__</Key>
          <Value>http://cmp02-app05:8080/tfs/defaultcollection</Value>
        </Property>
        <Property>
          <Key>__Tfs_BuildPlatform__</Key>
          <Value>Any CPU</Value>
        </Property>
        <Property>
          <Key>__Tfs_BuildNumber__</Key>
          <Value>QATestAutomation_20180514.3</Value>
        </Property>
        <Property>
          <Key>__Tfs_BuildFlavor__</Key>
          <Value>Debug</Value>
        </Property>
        <Property>
          <Key>__Tfs_BuildConfigurationId__</Key>
          <Value>26978</Value>
        </Property>
      </Properties>
      <TestMethod codeBase="file://CMP01-YKUMAR/QATestAutomationBuildsDrop/QATestAutomation/QATestAutomation_20180514.3/CategoryListLevel3.DLL" adapterTypeName="Microsoft.VisualStudio.TestTools.TestTypes.Unit.UnitTestAdapter, Microsoft.VisualStudio.QualityTools.Tips.UnitTest.Adapter, Version=12.0.0.0, Culture=neutral, PublicKeyToken=b03f5f7f11d50a3a" className="TestAuto.CategoryListLevel3, CategoryListLevel3, Version=1.0.0.0, Culture=neutral, PublicKeyToken=null" name="CategoryListPaginationBottomOfPage" />
      <Extension>Microsoft.VisualStudio.TestTools.UITesting.CodedUITestAttribute, Microsoft.VisualStudio.QualityTools.CodedUITestFramework, Version=12.0.0.0, Culture=neutral, PublicKeyToken=b03f5f7f11d50a3a</Extension>
    </UnitTest>
    <UnitTest name="CartQuantityUpdationGiftWrap" storage="\\cmp01-ykumar\qatestautomationbuildsdrop\qatestautomation\qatestautomation_20180514.3\cartdisplaytest.dll" id="dad0e815-6d01-86c2-e8bc-431427efc725">
      <DeploymentItems>
        <DeploymentItem filename="TestData\CartDisplayTestData.xml" />
        <DeploymentItem filename="SharedCommonConfig\SharedCommonConfig.xml" />
      </DeploymentItems>
      <TcmInformation testCaseId="2967" testRunId="26973" testResultId="100057" />
      <Execution id="dfa52acd-3652-4e1d-a420-1ca7215eacfb" />
      <Properties>
        <Property>
          <Key>__Tfs_BuildUri__</Key>
          <Value>vstfs:///Build/Build/1903</Value>
        </Property>
        <Property>
          <Key>__Tfs_IsInLabEnvironment__</Key>
          <Value>true</Value>
        </Property>
        <Property>
          <Key>__Tfs_TestRunId__</Key>
          <Value>26973</Value>
        </Property>
        <Property>
          <Key>__Tfs_TestCaseId__</Key>
          <Value>2967</Value>
        </Property>
        <Property>
          <Key>__Tfs_TeamProject__</Key>
          <Value>WebSphere</Value>
        </Property>
        <Property>
          <Key>__Tfs_BuildDirectory__</Key>
          <Value>\\CMP01-YKUMAR\QATestAutomationBuildsDrop\QATestAutomation\QATestAutomation_20180514.3</Value>
        </Property>
        <Property>
          <Key>__Tfs_LabEnvironment__</Key>
          <Value>&lt;?xml version="1.0" encoding="utf-16"?&gt;&lt;LabEnvironment Id="afd904c8-4332-4335-bd1d-55612a5eed76" Name="CMP01-INDIASQA" Uri="vstfs:///LabManagement/LabEnvironment/316"&gt;&lt;LabSystems&gt;&lt;LabSystem Name="CMP01-INDIASQA" ComputerName="CMP01-INDIASQA.horizonhobby.com" Roles="BS2CUIT"&gt;&lt;CustomProperties /&gt;&lt;/LabSystem&gt;&lt;/LabSystems&gt;&lt;/LabEnvironment&gt;</Value>
        </Property>
        <Property>
          <Key>__Tfs_TestConfigurationId__</Key>
          <Value>17</Value>
        </Property>
        <Property>
          <Key>__Tfs_TestPlanId__</Key>
          <Value>13</Value>
        </Property>
        <Property>
          <Key>__Tfs_TestConfigurationName__</Key>
          <Value>Win 7 with IE 11</Value>
        </Property>
        <Property>
          <Key>__Tfs_TestPointId__</Key>
          <Value>110242</Value>
        </Property>
        <Property>
          <Key>__Tfs_TfsServerCollectionUrl__</Key>
          <Value>http://cmp02-app05:8080/tfs/defaultcollection</Value>
        </Property>
        <Property>
          <Key>__Tfs_BuildPlatform__</Key>
          <Value>Any CPU</Value>
        </Property>
        <Property>
          <Key>__Tfs_BuildNumber__</Key>
          <Value>QATestAutomation_20180514.3</Value>
        </Property>
        <Property>
          <Key>__Tfs_BuildFlavor__</Key>
          <Value>Debug</Value>
        </Property>
        <Property>
          <Key>__Tfs_BuildConfigurationId__</Key>
          <Value>26978</Value>
        </Property>
      </Properties>
      <TestMethod codeBase="file://CMP01-YKUMAR/QATestAutomationBuildsDrop/QATestAutomation/QATestAutomation_20180514.3/CartDisplayTest.DLL" adapterTypeName="Microsoft.VisualStudio.TestTools.TestTypes.Unit.UnitTestAdapter, Microsoft.VisualStudio.QualityTools.Tips.UnitTest.Adapter, Version=12.0.0.0, Culture=neutral, PublicKeyToken=b03f5f7f11d50a3a" className="TestAuto.CartDisplayTest, CartDisplayTest, Version=1.0.0.0, Culture=neutral, PublicKeyToken=null" name="CartQuantityUpdationGiftWrap" />
      <Extension>Microsoft.VisualStudio.TestTools.UITesting.CodedUITestAttribute, Microsoft.VisualStudio.QualityTools.CodedUITestFramework, Version=12.0.0.0, Culture=neutral, PublicKeyToken=b03f5f7f11d50a3a</Extension>
    </UnitTest>
    <UnitTest name="ProductPageRelatedArticlesTab" storage="\\cmp01-ykumar\qatestautomationbuildsdrop\qatestautomation\qatestautomation_20180514.3\productpagetest.dll" id="296661c2-466b-7276-3af9-9839531b4753">
      <DeploymentItems>
        <DeploymentItem filename="TestData\ProductPageTestData.xml" />
        <DeploymentItem filename="SharedCommonConfig\SharedCommonConfig.xml" />
      </DeploymentItems>
      <TcmInformation testCaseId="1968" testRunId="26973" testResultId="100039" />
      <Execution id="e5e09803-bf44-48fc-b8fb-2c1824bd8d37" />
      <Properties>
        <Property>
          <Key>__Tfs_BuildUri__</Key>
          <Value>vstfs:///Build/Build/1903</Value>
        </Property>
        <Property>
          <Key>__Tfs_IsInLabEnvironment__</Key>
          <Value>true</Value>
        </Property>
        <Property>
          <Key>__Tfs_TestRunId__</Key>
          <Value>26973</Value>
        </Property>
        <Property>
          <Key>__Tfs_TestCaseId__</Key>
          <Value>1968</Value>
        </Property>
        <Property>
          <Key>__Tfs_TeamProject__</Key>
          <Value>WebSphere</Value>
        </Property>
        <Property>
          <Key>__Tfs_BuildDirectory__</Key>
          <Value>\\CMP01-YKUMAR\QATestAutomationBuildsDrop\QATestAutomation\QATestAutomation_20180514.3</Value>
        </Property>
        <Property>
          <Key>__Tfs_LabEnvironment__</Key>
          <Value>&lt;?xml version="1.0" encoding="utf-16"?&gt;&lt;LabEnvironment Id="afd904c8-4332-4335-bd1d-55612a5eed76" Name="CMP01-INDIASQA" Uri="vstfs:///LabManagement/LabEnvironment/316"&gt;&lt;LabSystems&gt;&lt;LabSystem Name="CMP01-INDIASQA" ComputerName="CMP01-INDIASQA.horizonhobby.com" Roles="BS2CUIT"&gt;&lt;CustomProperties /&gt;&lt;/LabSystem&gt;&lt;/LabSystems&gt;&lt;/LabEnvironment&gt;</Value>
        </Property>
        <Property>
          <Key>__Tfs_TestConfigurationId__</Key>
          <Value>17</Value>
        </Property>
        <Property>
          <Key>__Tfs_TestPlanId__</Key>
          <Value>13</Value>
        </Property>
        <Property>
          <Key>__Tfs_TestConfigurationName__</Key>
          <Value>Win 7 with IE 11</Value>
        </Property>
        <Property>
          <Key>__Tfs_TestPointId__</Key>
          <Value>110359</Value>
        </Property>
        <Property>
          <Key>__Tfs_TfsServerCollectionUrl__</Key>
          <Value>http://cmp02-app05:8080/tfs/defaultcollection</Value>
        </Property>
        <Property>
          <Key>__Tfs_BuildPlatform__</Key>
          <Value>Any CPU</Value>
        </Property>
        <Property>
          <Key>__Tfs_BuildNumber__</Key>
          <Value>QATestAutomation_20180514.3</Value>
        </Property>
        <Property>
          <Key>__Tfs_BuildFlavor__</Key>
          <Value>Debug</Value>
        </Property>
        <Property>
          <Key>__Tfs_BuildConfigurationId__</Key>
          <Value>26978</Value>
        </Property>
      </Properties>
      <TestMethod codeBase="file://CMP01-YKUMAR/QATestAutomationBuildsDrop/QATestAutomation/QATestAutomation_20180514.3/ProductPageTest.DLL" adapterTypeName="Microsoft.VisualStudio.TestTools.TestTypes.Unit.UnitTestAdapter, Microsoft.VisualStudio.QualityTools.Tips.UnitTest.Adapter, Version=12.0.0.0, Culture=neutral, PublicKeyToken=b03f5f7f11d50a3a" className="TestAuto.ProductPageTest, ProductPageTest, Version=1.0.0.0, Culture=neutral, PublicKeyToken=null" name="ProductPageRelatedArticlesTab" />
      <Extension>Microsoft.VisualStudio.TestTools.UITesting.CodedUITestAttribute, Microsoft.VisualStudio.QualityTools.CodedUITestFramework, Version=12.0.0.0, Culture=neutral, PublicKeyToken=b03f5f7f11d50a3a</Extension>
    </UnitTest>
  </TestDefinitions>
  <TestLists>
    <TestList name="Results Not in a List" id="8c84fa94-04c1-424b-9868-57a2d4851a1d" />
    <TestList name="All Loaded Results" id="19431567-8539-422a-85d7-44ee4e166bda" />
  </TestLists>
  <TestEntries>
    <TestEntry testId="56d44d20-c125-9b5d-e497-2cae662431f5" executionId="a2c43408-ea19-4090-86ef-3a8e3cd81fac" testListId="8c84fa94-04c1-424b-9868-57a2d4851a1d">
      <TcmInformation testCaseId="1384" testRunId="26973" testResultId="100000" />
    </TestEntry>
    <TestEntry testId="b3505676-1d5e-00f3-fda9-00b5f663f5d2" executionId="9b15df8b-4eed-4cea-8f64-78d2280ec45f" testListId="8c84fa94-04c1-424b-9868-57a2d4851a1d">
      <TcmInformation testCaseId="1425" testRunId="26973" testResultId="100001" />
    </TestEntry>
    <TestEntry testId="d375cf4a-6c91-7010-63c2-a619691df60f" executionId="2b98d8b1-680c-4bfc-9196-1ec38940bcce" testListId="8c84fa94-04c1-424b-9868-57a2d4851a1d">
      <TcmInformation testCaseId="1494" testRunId="26973" testResultId="100002" />
    </TestEntry>
    <TestEntry testId="0dcaec80-5f87-999f-d4b6-ab154e5db421" executionId="ddee163a-d4bd-4cd3-8895-02f6de67fdae" testListId="8c84fa94-04c1-424b-9868-57a2d4851a1d">
      <TcmInformation testCaseId="1495" testRunId="26973" testResultId="100003" />
    </TestEntry>
    <TestEntry testId="eec2d756-645d-92d4-97c2-9841d0a94e3c" executionId="76c062ec-1a80-4d1d-8765-c76de7bf449b" testListId="8c84fa94-04c1-424b-9868-57a2d4851a1d">
      <TcmInformation testCaseId="1497" testRunId="26973" testResultId="100004" />
    </TestEntry>
    <TestEntry testId="8a0c4599-8d47-4829-d166-868c7eeefeab" executionId="d3460402-6e9a-4ec4-9d9c-9218e7d88f69" testListId="8c84fa94-04c1-424b-9868-57a2d4851a1d">
      <TcmInformation testCaseId="1499" testRunId="26973" testResultId="100005" />
    </TestEntry>
    <TestEntry testId="677ce03c-d3c9-70be-5ab3-0e67df872a8e" executionId="1466d8ae-d51f-4a07-8418-eb842f44f68c" testListId="8c84fa94-04c1-424b-9868-57a2d4851a1d">
      <TcmInformation testCaseId="1503" testRunId="26973" testResultId="100006" />
    </TestEntry>
    <TestEntry testId="7f0202ed-77b7-ab54-2efb-451781aaebb9" executionId="0a10b19b-376e-49da-b54a-6704d75d2bd2" testListId="8c84fa94-04c1-424b-9868-57a2d4851a1d">
      <TcmInformation testCaseId="1516" testRunId="26973" testResultId="100007" />
    </TestEntry>
    <TestEntry testId="3edd0b63-bf6f-08bc-7a35-6f63ec5b1606" executionId="ea0d5047-c6fc-4121-81cf-e8535a103ff1" testListId="8c84fa94-04c1-424b-9868-57a2d4851a1d">
      <TcmInformation testCaseId="1525" testRunId="26973" testResultId="100008" />
    </TestEntry>
    <TestEntry testId="227538fd-0eda-ee49-efa8-42264e3489b8" executionId="ffab471c-aeaf-4bf5-830a-8a8089b42c3f" testListId="8c84fa94-04c1-424b-9868-57a2d4851a1d">
      <TcmInformation testCaseId="1532" testRunId="26973" testResultId="100009" />
    </TestEntry>
    <TestEntry testId="dbe4b041-f370-0433-8925-09cada2a681e" executionId="c2aba3b0-ba48-4440-b459-81f46ccfd549" testListId="8c84fa94-04c1-424b-9868-57a2d4851a1d">
      <TcmInformation testCaseId="1533" testRunId="26973" testResultId="100010" />
    </TestEntry>
    <TestEntry testId="2f29873d-6ea4-c4ab-692f-c7469884039b" executionId="6e6046dd-4e4d-4515-a9f0-0d84e6102576" testListId="8c84fa94-04c1-424b-9868-57a2d4851a1d">
      <TcmInformation testCaseId="1560" testRunId="26973" testResultId="100011" />
    </TestEntry>
    <TestEntry testId="cbf7caa6-9332-34a1-3fa6-5a08c0d038ea" executionId="6bfd18c6-9652-4098-8c00-a0add9d7038a" testListId="8c84fa94-04c1-424b-9868-57a2d4851a1d">
      <TcmInformation testCaseId="1562" testRunId="26973" testResultId="100012" />
    </TestEntry>
    <TestEntry testId="8ef35005-3886-2833-7a0a-94f1fb3a232d" executionId="38287274-d793-4f01-9405-1977d2d1bf01" testListId="8c84fa94-04c1-424b-9868-57a2d4851a1d">
      <TcmInformation testCaseId="1563" testRunId="26973" testResultId="100013" />
    </TestEntry>
    <TestEntry testId="f6b3acd0-94c8-e8cd-2e09-516123a72c87" executionId="0abc5787-7bac-4e67-9ab3-6ad727b4b4ad" testListId="8c84fa94-04c1-424b-9868-57a2d4851a1d">
      <TcmInformation testCaseId="1564" testRunId="26973" testResultId="100014" />
    </TestEntry>
    <TestEntry testId="5e55e692-4563-a9d8-eba3-9d0611f5a523" executionId="aa5e1c08-b3e6-46cf-a2fe-54d98e63d3b4" testListId="8c84fa94-04c1-424b-9868-57a2d4851a1d">
      <TcmInformation testCaseId="1566" testRunId="26973" testResultId="100015" />
    </TestEntry>
    <TestEntry testId="09387ed1-c2fb-d547-481c-d59c0b415953" executionId="a14d14b0-88f3-47fe-a32a-09c90c331e89" testListId="8c84fa94-04c1-424b-9868-57a2d4851a1d">
      <TcmInformation testCaseId="1570" testRunId="26973" testResultId="100016" />
    </TestEntry>
    <TestEntry testId="7b45ab1a-cab5-7f38-3c0d-cd6f577b07ef" executionId="09feb18a-7fe3-48e3-95d4-8bd04ef7ec80" testListId="8c84fa94-04c1-424b-9868-57a2d4851a1d">
      <TcmInformation testCaseId="1595" testRunId="26973" testResultId="100017" />
    </TestEntry>
    <TestEntry testId="ae1d61bc-d7f5-c2a5-ecb3-db8f54fef6a6" executionId="0f6c3c1d-1ad9-4bbd-be37-a84b2d82c8da" testListId="8c84fa94-04c1-424b-9868-57a2d4851a1d">
      <TcmInformation testCaseId="1597" testRunId="26973" testResultId="100018" />
    </TestEntry>
    <TestEntry testId="51838aef-ffd7-68ee-fa7e-313e146815b6" executionId="5cba2dc0-5bd5-43b9-bcde-526e71383003" testListId="8c84fa94-04c1-424b-9868-57a2d4851a1d">
      <TcmInformation testCaseId="1604" testRunId="26973" testResultId="100019" />
    </TestEntry>
    <TestEntry testId="85bac158-e789-43a3-ccc0-2b7440ff591d" executionId="d829d3ea-6918-496e-914c-f3e5cb3f1e32" testListId="8c84fa94-04c1-424b-9868-57a2d4851a1d">
      <TcmInformation testCaseId="1616" testRunId="26973" testResultId="100020" />
    </TestEntry>
    <TestEntry testId="792adc99-70fb-1ca0-96eb-07e0876db0a8" executionId="f70704a5-17d5-44be-8e4b-6c445ba3c6bc" testListId="8c84fa94-04c1-424b-9868-57a2d4851a1d">
      <TcmInformation testCaseId="1627" testRunId="26973" testResultId="100021" />
    </TestEntry>
    <TestEntry testId="24249209-6e78-9a6e-b5c3-ed128615d53f" executionId="ce16caf7-015c-4570-8dbd-a4a63684facd" testListId="8c84fa94-04c1-424b-9868-57a2d4851a1d">
      <TcmInformation testCaseId="1629" testRunId="26973" testResultId="100022" />
    </TestEntry>
    <TestEntry testId="d9578ff4-933a-5dce-cbc2-f2db675f0281" executionId="4777d0a6-036c-4995-bf6c-097abd7c7221" testListId="8c84fa94-04c1-424b-9868-57a2d4851a1d">
      <TcmInformation testCaseId="1643" testRunId="26973" testResultId="100023" />
    </TestEntry>
    <TestEntry testId="e8d25b85-f9e1-12c4-ed05-9a9babe54f89" executionId="6821ebe7-2388-4045-af67-aba9a4fe3b72" testListId="8c84fa94-04c1-424b-9868-57a2d4851a1d">
      <TcmInformation testCaseId="1644" testRunId="26973" testResultId="100024" />
    </TestEntry>
    <TestEntry testId="345f528c-b4e2-586f-df1d-545581ac6078" executionId="7e331245-2b01-4bc9-9ef2-4d0110cb1b19" testListId="8c84fa94-04c1-424b-9868-57a2d4851a1d">
      <TcmInformation testCaseId="1645" testRunId="26973" testResultId="100025" />
    </TestEntry>
    <TestEntry testId="2765b9ba-fe80-b712-0dc1-f01d5492e63b" executionId="baa81998-3682-452d-9918-0204d0240e14" testListId="8c84fa94-04c1-424b-9868-57a2d4851a1d">
      <TcmInformation testCaseId="1653" testRunId="26973" testResultId="100026" />
    </TestEntry>
    <TestEntry testId="5a4ec664-a787-cb17-b021-6c0af292c1bf" executionId="292ae33d-2b6c-42d3-ae8a-988b1061a58a" testListId="8c84fa94-04c1-424b-9868-57a2d4851a1d">
      <TcmInformation testCaseId="1656" testRunId="26973" testResultId="100027" />
    </TestEntry>
    <TestEntry testId="d97a5a46-964b-df21-8bbb-b6de2ffb55bd" executionId="21984c6c-ccd3-4785-8bb7-853ab2663830" testListId="8c84fa94-04c1-424b-9868-57a2d4851a1d">
      <TcmInformation testCaseId="1666" testRunId="26973" testResultId="100028" />
    </TestEntry>
    <TestEntry testId="f700b8e4-82ed-82ef-8ac6-dcc647bfda88" executionId="5229242e-1c66-4d58-8e2f-2ac2a29d68dc" testListId="8c84fa94-04c1-424b-9868-57a2d4851a1d">
      <TcmInformation testCaseId="1799" testRunId="26973" testResultId="100029" />
    </TestEntry>
    <TestEntry testId="cfd8c3c2-699a-eadf-3c77-92a86b4cbb46" executionId="cf98e211-bab8-46e8-bfca-596afb10b25d" testListId="8c84fa94-04c1-424b-9868-57a2d4851a1d">
      <TcmInformation testCaseId="1807" testRunId="26973" testResultId="100030" />
    </TestEntry>
    <TestEntry testId="e54a7497-7824-dedd-ff6a-7879d5acc0fa" executionId="c3c17e00-8889-4f9b-94b7-4732f16d0ee0" testListId="8c84fa94-04c1-424b-9868-57a2d4851a1d">
      <TcmInformation testCaseId="1814" testRunId="26973" testResultId="100031" />
    </TestEntry>
    <TestEntry testId="3bef58c6-9bb8-a64f-9dd6-4237f7d1b019" executionId="79ea99e9-36f7-404f-8851-47b8361fe6f0" testListId="8c84fa94-04c1-424b-9868-57a2d4851a1d">
      <TcmInformation testCaseId="1816" testRunId="26973" testResultId="100032" />
    </TestEntry>
    <TestEntry testId="f04049b0-8a45-29a6-0522-a2ffbed7f80e" executionId="4b3b3d8c-4914-4bee-a530-991ef9f5ad58" testListId="8c84fa94-04c1-424b-9868-57a2d4851a1d">
      <TcmInformation testCaseId="1817" testRunId="26973" testResultId="100033" />
    </TestEntry>
    <TestEntry testId="5ca37790-c1bc-3fc7-2a19-9fe976f9c850" executionId="d7b5913c-a29a-4ddd-812b-e91cd56a185c" testListId="8c84fa94-04c1-424b-9868-57a2d4851a1d">
      <TcmInformation testCaseId="1833" testRunId="26973" testResultId="100034" />
    </TestEntry>
    <TestEntry testId="780f8ca6-0b89-206d-fa11-a594df9ce382" executionId="e781cae3-a792-434a-b7e8-fae18089e516" testListId="8c84fa94-04c1-424b-9868-57a2d4851a1d">
      <TcmInformation testCaseId="1945" testRunId="26973" testResultId="100035" />
    </TestEntry>
    <TestEntry testId="6d9fd32a-a94f-b15c-8b40-3d3ca5789585" executionId="8b341358-7822-43c0-8a8c-7a0b8aa67517" testListId="8c84fa94-04c1-424b-9868-57a2d4851a1d">
      <TcmInformation testCaseId="1955" testRunId="26973" testResultId="100036" />
    </TestEntry>
    <TestEntry testId="5e0ddda9-29bf-a604-6276-12249de1b0e3" executionId="93da4fe0-f4b2-4ba7-ba58-6c38b77fb80f" testListId="8c84fa94-04c1-424b-9868-57a2d4851a1d">
      <TcmInformation testCaseId="1957" testRunId="26973" testResultId="100037" />
    </TestEntry>
    <TestEntry testId="cee3ac5d-f77a-85c9-c9cb-ecaa400c80e9" executionId="7cd91bad-c58b-4f4e-94c3-b5b5249b8511" testListId="8c84fa94-04c1-424b-9868-57a2d4851a1d">
      <TcmInformation testCaseId="1959" testRunId="26973" testResultId="100038" />
    </TestEntry>
    <TestEntry testId="296661c2-466b-7276-3af9-9839531b4753" executionId="e5e09803-bf44-48fc-b8fb-2c1824bd8d37" testListId="8c84fa94-04c1-424b-9868-57a2d4851a1d">
      <TcmInformation testCaseId="1968" testRunId="26973" testResultId="100039" />
    </TestEntry>
    <TestEntry testId="78aeb495-b9a5-e9e7-c407-84de9f56b82a" executionId="2e58dcec-c3d8-42a7-ae4f-7b0a49992e73" testListId="8c84fa94-04c1-424b-9868-57a2d4851a1d">
      <TcmInformation testCaseId="1970" testRunId="26973" testResultId="100040" />
    </TestEntry>
    <TestEntry testId="238d3e4d-0ef0-19f1-9d69-08c38bfa5bc5" executionId="ab49d489-7f64-4d98-ae4e-6c7a39d67ba9" testListId="8c84fa94-04c1-424b-9868-57a2d4851a1d">
      <TcmInformation testCaseId="1972" testRunId="26973" testResultId="100041" />
    </TestEntry>
    <TestEntry testId="03fed267-58c7-5339-529d-f4de37af4da6" executionId="0c5a8957-e4ca-479b-8ed6-c3666c8c121e" testListId="8c84fa94-04c1-424b-9868-57a2d4851a1d">
      <TcmInformation testCaseId="2005" testRunId="26973" testResultId="100042" />
    </TestEntry>
    <TestEntry testId="f620249f-0052-c51d-b60c-639a6b3fe87f" executionId="409854d6-949e-4a4c-8fdc-0135b0b2486a" testListId="8c84fa94-04c1-424b-9868-57a2d4851a1d">
      <TcmInformation testCaseId="2006" testRunId="26973" testResultId="100043" />
    </TestEntry>
    <TestEntry testId="0f2b81de-20ba-5cfb-7c9c-0cdd7499e074" executionId="ca1bff67-d1c8-4c85-a526-35d1c4165c5c" testListId="8c84fa94-04c1-424b-9868-57a2d4851a1d">
      <TcmInformation testCaseId="2007" testRunId="26973" testResultId="100044" />
    </TestEntry>
    <TestEntry testId="d943e4ea-2bc5-a462-1477-25992917a0ec" executionId="f1231435-75c3-4735-a6ab-c7ac4bda502a" testListId="8c84fa94-04c1-424b-9868-57a2d4851a1d">
      <TcmInformation testCaseId="2011" testRunId="26973" testResultId="100045" />
    </TestEntry>
    <TestEntry testId="89a0ab30-1bbc-7fdd-12c1-67361a28bdcd" executionId="f3a80dd7-b32f-4546-a8a6-604dd1f240fe" testListId="8c84fa94-04c1-424b-9868-57a2d4851a1d">
      <TcmInformation testCaseId="2012" testRunId="26973" testResultId="100046" />
    </TestEntry>
    <TestEntry testId="03ffa5b8-a450-204b-3cd7-0c8fbf4758a9" executionId="e881e341-2ed3-45b0-a3c3-1cafc0255020" testListId="8c84fa94-04c1-424b-9868-57a2d4851a1d">
      <TcmInformation testCaseId="2013" testRunId="26973" testResultId="100047" />
    </TestEntry>
    <TestEntry testId="040ecc46-5b09-95d2-8145-cc12815fb627" executionId="b55e1e62-18db-4330-b6a6-a7ef4bd13869" testListId="8c84fa94-04c1-424b-9868-57a2d4851a1d">
      <TcmInformation testCaseId="2063" testRunId="26973" testResultId="100048" />
    </TestEntry>
    <TestEntry testId="c8408e0e-7151-f4f0-cf36-3a61b3743b40" executionId="7265983c-4b31-4d96-afa5-785785849aa1" testListId="8c84fa94-04c1-424b-9868-57a2d4851a1d">
      <TcmInformation testCaseId="2082" testRunId="26973" testResultId="100049" />
    </TestEntry>
    <TestEntry testId="4a2023df-cff0-a188-4800-e39042069fba" executionId="0508e065-cb93-4b18-b3cb-52196c934dc7" testListId="8c84fa94-04c1-424b-9868-57a2d4851a1d">
      <TcmInformation testCaseId="2096" testRunId="26973" testResultId="100050" />
    </TestEntry>
    <TestEntry testId="5be7ec96-fa39-010e-613a-a900ff9a4de0" executionId="4ce4c57f-305c-4d38-b766-267bb5b496cf" testListId="8c84fa94-04c1-424b-9868-57a2d4851a1d">
      <TcmInformation testCaseId="2097" testRunId="26973" testResultId="100051" />
    </TestEntry>
    <TestEntry testId="037aa6b0-8a63-4385-5fae-5d2a26d9632b" executionId="7b617435-202d-49d2-a952-2821394a84d7" testListId="8c84fa94-04c1-424b-9868-57a2d4851a1d">
      <TcmInformation testCaseId="2153" testRunId="26973" testResultId="100052" />
    </TestEntry>
    <TestEntry testId="c2ae2699-e4cf-0063-ff28-66004470daf7" executionId="c7eea668-5e63-4c72-a7e8-bc0cafece938" testListId="8c84fa94-04c1-424b-9868-57a2d4851a1d">
      <TcmInformation testCaseId="2302" testRunId="26973" testResultId="100053" />
    </TestEntry>
    <TestEntry testId="05b4593e-f853-c4cd-7891-50a925ac2065" executionId="f4ad025c-21c8-4c65-83d8-5f7eb2306750" testListId="8c84fa94-04c1-424b-9868-57a2d4851a1d">
      <TcmInformation testCaseId="2492" testRunId="26973" testResultId="100054" />
    </TestEntry>
    <TestEntry testId="c711618d-799a-fae2-2b61-26375305c5d5" executionId="34be2a46-4c05-49a3-9670-349ad196b8bd" testListId="8c84fa94-04c1-424b-9868-57a2d4851a1d">
      <TcmInformation testCaseId="2903" testRunId="26973" testResultId="100055" />
    </TestEntry>
    <TestEntry testId="0f5ac5f7-9750-7d9c-0e4d-0a99233a20e7" executionId="8a6c76e3-ea54-484a-aa4d-70ff0bb3eee1" testListId="8c84fa94-04c1-424b-9868-57a2d4851a1d">
      <TcmInformation testCaseId="2952" testRunId="26973" testResultId="100056" />
    </TestEntry>
    <TestEntry testId="dad0e815-6d01-86c2-e8bc-431427efc725" executionId="dfa52acd-3652-4e1d-a420-1ca7215eacfb" testListId="8c84fa94-04c1-424b-9868-57a2d4851a1d">
      <TcmInformation testCaseId="2967" testRunId="26973" testResultId="100057" />
    </TestEntry>
    <TestEntry testId="3d6e0dd8-62f4-bfa7-d6dd-1b10af38a9c9" executionId="8eb056d8-7ccd-4c61-b2c6-dd6eae85d326" testListId="8c84fa94-04c1-424b-9868-57a2d4851a1d">
      <TcmInformation testCaseId="3331" testRunId="26973" testResultId="100058" />
    </TestEntry>
    <TestEntry testId="c3943335-6b67-2c1e-404c-63af4febda33" executionId="806cdf0b-8b57-4734-9a4c-b34b56c43bd5" testListId="8c84fa94-04c1-424b-9868-57a2d4851a1d">
      <TcmInformation testCaseId="3432" testRunId="26973" testResultId="100059" />
    </TestEntry>
    <TestEntry testId="31b64b20-2e38-7f68-e596-84cced91efc4" executionId="07bf9dd5-7f21-41f1-9e6b-48908eba849e" testListId="8c84fa94-04c1-424b-9868-57a2d4851a1d">
      <TcmInformation testCaseId="3433" testRunId="26973" testResultId="100060" />
    </TestEntry>
    <TestEntry testId="1c46f8b2-092f-08d2-90da-504229765e5d" executionId="a3b80a42-21db-44f6-88cf-34da9a8ae38f" testListId="8c84fa94-04c1-424b-9868-57a2d4851a1d">
      <TcmInformation testCaseId="3434" testRunId="26973" testResultId="100061" />
    </TestEntry>
    <TestEntry testId="33076d14-57a0-b796-95c6-3fe741efa6e1" executionId="c2451d4a-22f2-4791-b044-7b62413a5f2e" testListId="8c84fa94-04c1-424b-9868-57a2d4851a1d">
      <TcmInformation testCaseId="3435" testRunId="26973" testResultId="100062" />
    </TestEntry>
    <TestEntry testId="d0323589-1247-fba8-02e1-edcdaa59d87c" executionId="647f1e1e-2a9d-4679-9d12-5dd7edad6edf" testListId="8c84fa94-04c1-424b-9868-57a2d4851a1d">
      <TcmInformation testCaseId="3436" testRunId="26973" testResultId="100063" />
    </TestEntry>
    <TestEntry testId="935bcd49-05e6-9bab-ed85-69d93082b9f8" executionId="359fe93b-89d3-4264-bbfb-9d41d84940e7" testListId="8c84fa94-04c1-424b-9868-57a2d4851a1d">
      <TcmInformation testCaseId="3438" testRunId="26973" testResultId="100064" />
    </TestEntry>
    <TestEntry testId="aea2bd12-36fb-e640-fffa-97311e64b9a9" executionId="23581de1-e083-4c45-91b2-e1f04f5f8cf0" testListId="8c84fa94-04c1-424b-9868-57a2d4851a1d">
      <TcmInformation testCaseId="3562" testRunId="26973" testResultId="100065" />
    </TestEntry>
  </TestEntries>
  <Results>
    <UnitTestResult executionId="a2c43408-ea19-4090-86ef-3a8e3cd81fac" testId="56d44d20-c125-9b5d-e497-2cae662431f5" testName="ProductPageQuickSupportOther" computerName="CMP01-INDIASQA" duration="00:01:55.3965240" startTime="2018-05-14T21:41:33.3904730-05:00" endTime="2018-05-14T21:43:29.4174730-05:00" testType="13cdc9d9-ddb5-4fa4-a97d-d965ccfc6d4b" outcome="Passed" testListId="8c84fa94-04c1-424b-9868-57a2d4851a1d" relativeResultsDirectory="a2c43408-ea19-4090-86ef-3a8e3cd81fac">
      <Output>
        <StdOut>Logging to custom path:\\CMP01-YKumar\AutoLog</StdOut>
        <TextMessages>
          <Message>[5/14/2018 9:41:34 PM]&lt;STARTLOG&gt;&lt;ProductPageQuickSupportOther&gt;Test Started: Expecting: #PASS=Undefined and #FAIL=0
Running from MTM=True, running on machine name:CMP01-INDIASQA, user name=ykumar, OS=Microsoft Windows NT 6.1.7601 Service Pack 1, Is64BitOS=True</Message>
          <Message>[5/14/2018 9:41:36 PM]&lt;INFO&gt;LogCPUAndMemoryUsage: Available Memory = 24484(MB), CPU Usage = 19.15532%</Message>
          <Message>[5/14/2018 9:41:36 PM]&lt;INFO&gt;Private Working Set for QTAgent32_40, usage=106964 (K)</Message>
          <Message>[5/14/2018 9:41:36 PM]&lt;INFO&gt;Path To TestConfig xml=E:\LoadTestResult\VSEQT\QTAgent\26973\CMP01-INDIASQA.horizonhobby.com\Deployment\SharedCommonConfig.xml</Message>
          <Message>[5/14/2018 9:41:36 PM]&lt;INFO&gt;Path To TestData xml=E:\LoadTestResult\VSEQT\QTAgent\26973\CMP01-INDIASQA.horizonhobby.com\Deployment\ProductPageTestData_214134.xml</Message>
          <Message>[5/14/2018 9:41:36 PM]&lt;INFO&gt;Path To HorizonHobbyQA Application Url=https://www-tst.horizonhobby.com</Message>
          <Message>[5/14/2018 9:41:36 PM]&lt;INFO&gt;HorizonHobbyQA sql connection string=Server=cmp02-ws-tst-db01:50000;Database=TST01DB;UID=wcdbuser;PWD=h0r1z0n;Connect Timeout=30</Message>
          <Message>[5/14/2018 9:41:36 PM]&lt;INFO&gt;Country is := US and language id is := '-1'</Message>
          <Message>[5/14/2018 9:41:36 PM]&lt;INFO&gt;Current browser used for test execution is = 'IE'</Message>
          <Message>[5/14/2018 9:41:58 PM]&lt;Info&gt;AllBrowserWindow : Locating browser window...</Message>
          <Message>[5/14/2018 9:41:59 PM]&lt;INFO&gt;GetProductWithPartsAndListingAndCompletionGuide executing... </Message>
          <Message>[5/14/2018 9:42:00 PM]&lt;INFO&gt;SearchProductexecuting ... Searching term:= 'HAN5010'</Message>
          <Message>[5/14/2018 9:42:17 PM]&lt;Info&gt;AllBrowserWindow : Locating browser window...</Message>
          <Message>[5/14/2018 9:42:42 PM]&lt;Info&gt;AllBrowserWindow : Locating browser window...</Message>
          <Message>[5/14/2018 9:43:14 PM]&lt;PASS&gt;&lt;ProductPageQuickSupportOther&gt;&lt;Validates Parts And Accessories tab exists&gt;</Message>
          <Message>[5/14/2018 9:43:14 PM]&lt;PASS&gt;&lt;ProductPageQuickSupportOther&gt;&lt;Validates Manuals And Support tab exists&gt;</Message>
          <Message>[5/14/2018 9:43:14 PM]&lt;PASS&gt;&lt;ProductPageQuickSupportOther&gt;&lt;Validates Q &amp; A tab exists&gt;</Message>
          <Message>[5/14/2018 9:43:16 PM]&lt;PASS&gt;&lt;ProductPageQuickSupportOther&gt;&lt;Validates Parts And Accessories tab opened&gt;</Message>
          <Message>[5/14/2018 9:43:21 PM]&lt;PASS&gt;&lt;ProductPageQuickSupportOther&gt;&lt;Validates Manuals tab opened&gt;</Message>
          <Message>[5/14/2018 9:43:21 PM]&lt;PASS&gt;&lt;ProductPageQuickSupportOther&gt;&lt;Validates Manuals tab has pdf section &gt;</Message>
          <Message>[5/14/2018 9:43:26 PM]&lt;PASS&gt;&lt;ProductPageQuickSupportOther&gt;&lt;Validates Question label exists on opening Q&amp;A Tab&gt;</Message>
          <Message>[5/14/2018 9:43:26 PM]&lt;RESULT&gt;Test Ended:#PASS=7, #FAIL=0</Message>
          <Message>[5/14/2018 9:43:27 PM]&lt;INFO&gt;LogCPUAndMemoryUsage: Available Memory = 24251(MB), CPU Usage = 15.17446%</Message>
          <Message>[5/14/2018 9:43:27 PM]&lt;INFO&gt;Private Working Set for QTAgent32_40, usage=111096 (K)</Message>
          <Message>[5/14/2018 9:43:27 PM]&lt;RESULT&gt;&lt;ProductPageQuickSupportOther&gt; Test PASSED</Message>
        </TextMessages>
      </Output>
      <ResultFiles>
        <ResultFile path="CMP01-INDIASQA.horizonhobby.com\ProductPageQuickSupportOther_20180514214134.log" />
        <ResultFile path="CMP01-INDIASQA.horizonhobby.com\ProductPageQuickSupportOther_ResultsONLY_20180514214134.log" />
        <ResultFile path="CMP01-INDIASQA.horizonhobby.com\ProductPageTestData_214134.xml" />
        <ResultFile path="CMP01-INDIASQA.horizonhobby.com\SharedCommonConfig.xml" />
      </ResultFiles>
    </UnitTestResult>
    <UnitTestResult executionId="9b15df8b-4eed-4cea-8f64-78d2280ec45f" testId="b3505676-1d5e-00f3-fda9-00b5f663f5d2" testName="CategoryListPaginationBottomOfPage" computerName="CMP01-INDIASQA" duration="00:06:26.9528902" startTime="2018-05-14T21:43:29.4184730-05:00" endTime="2018-05-14T21:49:56.6554730-05:00" testType="13cdc9d9-ddb5-4fa4-a97d-d965ccfc6d4b" outcome="Passed" testListId="8c84fa94-04c1-424b-9868-57a2d4851a1d" relativeResultsDirectory="9b15df8b-4eed-4cea-8f64-78d2280ec45f">
      <Output>
        <StdOut>Logging to custom path:\\CMP01-YKumar\AutoLog</StdOut>
        <TextMessages>
          <Message>[5/14/2018 9:43:29 PM]&lt;STARTLOG&gt;&lt;CategoryListPaginationBottomOfPage&gt;Test Started: Expecting: #PASS=Undefined and #FAIL=0
Running from MTM=True, running on machine name:CMP01-INDIASQA, user name=ykumar, OS=Microsoft Windows NT 6.1.7601 Service Pack 1, Is64BitOS=True</Message>
          <Message>[5/14/2018 9:43:32 PM]&lt;INFO&gt;LogCPUAndMemoryUsage: Available Memory = 24453(MB), CPU Usage = 9.99942%</Message>
          <Message>[5/14/2018 9:43:32 PM]&lt;INFO&gt;Private Working Set for QTAgent32_40, usage=114012 (K)</Message>
          <Message>[5/14/2018 9:43:32 PM]&lt;INFO&gt;Path To TestConfig xml=E:\LoadTestResult\VSEQT\QTAgent\26973\CMP01-INDIASQA.horizonhobby.com\Deployment\SharedCommonConfig.xml</Message>
          <Message>[5/14/2018 9:43:32 PM]&lt;INFO&gt;Path To TestData xml=E:\LoadTestResult\VSEQT\QTAgent\26973\CMP01-INDIASQA.horizonhobby.com\Deployment\CategoryListLevel3TestData_214329.xml</Message>
          <Message>[5/14/2018 9:43:32 PM]&lt;INFO&gt;Path To HorizonHobbyQA Application Url=https://www-tst.horizonhobby.com</Message>
          <Message>[5/14/2018 9:43:32 PM]&lt;INFO&gt;HorizonHobbyQA sql connection string=Server=cmp02-ws-tst-db01:50000;Database=TST01DB;UID=wcdbuser;PWD=h0r1z0n;Connect Timeout=30</Message>
          <Message>[5/14/2018 9:43:32 PM]&lt;INFO&gt;Country is := US and language id is := '-1'</Message>
          <Message>[5/14/2018 9:43:32 PM]&lt;INFO&gt;Current browser used for test execution is = 'IE'</Message>
          <Message>[5/14/2018 9:43:35 PM]&lt;INFO&gt;GetMenuItems : method executing ... - Aircraft Servos</Message>
          <Message>[5/14/2018 9:43:38 PM]&lt;Info&gt;AllBrowserWindow : Locating browser window...</Message>
          <Message>[5/14/2018 9:44:05 PM]&lt;PASS&gt;&lt;SelectedPageNumber&gt;&lt; Validates that Page1 is selected and it's not a link &gt;</Message>
          <Message>[5/14/2018 9:44:05 PM]&lt;PASS&gt;&lt;CategoryListPaginationBottomOfPage&gt;&lt; Validates that Page 1 is selected &gt;</Message>
          <Message>[5/14/2018 9:44:06 PM]&lt;Info&gt;AllBrowserWindow : Locating browser window...</Message>
          <Message>[5/14/2018 9:44:31 PM]&lt;PASS&gt;&lt;SelectedPageNumber&gt;&lt; Validates that Page2 is selected and it's not a link &gt;</Message>
          <Message>[5/14/2018 9:44:31 PM]&lt;PASS&gt;&lt;CategoryListPaginationBottomOfPage&gt;&lt; Validates that Page 2 is selected &gt;</Message>
          <Message>[5/14/2018 9:44:32 PM]&lt;Info&gt;AllBrowserWindow : Locating browser window...</Message>
          <Message>[5/14/2018 9:44:57 PM]&lt;PASS&gt;&lt;SelectedPageNumber&gt;&lt; Validates that Page1 is selected and it's not a link &gt;</Message>
          <Message>[5/14/2018 9:44:57 PM]&lt;PASS&gt;&lt;CategoryListPaginationBottomOfPage&gt;&lt; Validates that Page 1 is selected &gt;</Message>
          <Message>[5/14/2018 9:45:03 PM]&lt;Info&gt;AllBrowserWindow : Locating browser window...</Message>
          <Message>[5/14/2018 9:45:26 PM]&lt;Info&gt;AllBrowserWindow : Locating browser window...</Message>
          <Message>[5/14/2018 9:45:49 PM]&lt;PASS&gt;&lt;CategoryListPaginationBottomOfPage&gt;&lt; Validates that Page2 is selected while moving Forward&gt;</Message>
          <Message>[5/14/2018 9:45:55 PM]&lt;Info&gt;AllBrowserWindow : Locating browser window...</Message>
          <Message>[5/14/2018 9:46:18 PM]&lt;Info&gt;AllBrowserWindow : Locating browser window...</Message>
          <Message>[5/14/2018 9:46:40 PM]&lt;PASS&gt;&lt;CategoryListPaginationBottomOfPage&gt;&lt; Validates that Page3 is selected while moving Forward&gt;</Message>
          <Message>[5/14/2018 9:46:46 PM]&lt;Info&gt;AllBrowserWindow : Locating browser window...</Message>
          <Message>[5/14/2018 9:47:09 PM]&lt;Info&gt;AllBrowserWindow : Locating browser window...</Message>
          <Message>[5/14/2018 9:47:32 PM]&lt;PASS&gt;&lt;CategoryListPaginationBottomOfPage&gt;&lt; Validates that Page4 is selected while moving Forward&gt;</Message>
          <Message>[5/14/2018 9:47:38 PM]&lt;PASS&gt;&lt;CategoryListPaginationBottomOfPage&gt;&lt; Validates that last Page is selected, i.e. Page4&gt;</Message>
          <Message>[5/14/2018 9:47:40 PM]&lt;Info&gt;AllBrowserWindow : Locating browser window...</Message>
          <Message>[5/14/2018 9:48:02 PM]&lt;PASS&gt;&lt;CategoryListPaginationBottomOfPage&gt;&lt; Validates that Page3 is selected while moving Backward&gt;</Message>
          <Message>[5/14/2018 9:48:09 PM]&lt;Info&gt;AllBrowserWindow : Locating browser window...</Message>
          <Message>[5/14/2018 9:48:32 PM]&lt;PASS&gt;&lt;CategoryListPaginationBottomOfPage&gt;&lt; Validates that Page2 is selected while moving Backward&gt;</Message>
          <Message>[5/14/2018 9:48:33 PM]&lt;Info&gt;AllBrowserWindow : Locating browser window...</Message>
          <Message>[5/14/2018 9:48:56 PM]&lt;PASS&gt;&lt;CategoryListPaginationBottomOfPage&gt;&lt; Validates that Page1 is selected while moving Backward&gt;</Message>
          <Message>[5/14/2018 9:49:04 PM]&lt;PASS&gt;&lt;CategoryListPaginationBottomOfPage&gt;&lt; Validates that First Page is selected, i.e. Page1&gt;</Message>
          <Message>[5/14/2018 9:49:07 PM]&lt;Info&gt;AllBrowserWindow : Locating browser window...</Message>
          <Message>[5/14/2018 9:49:30 PM]&lt;PASS&gt;&lt;CategoryListPaginationBottomOfPage&gt;&lt; Validates that Last is selected &gt;</Message>
          <Message>[5/14/2018 9:49:30 PM]&lt;Info&gt;AllBrowserWindow : Locating browser window...</Message>
          <Message>[5/14/2018 9:49:53 PM]&lt;PASS&gt;&lt;CategoryListPaginationBottomOfPage&gt;&lt; Validates that First is selected &gt;</Message>
          <Message>[5/14/2018 9:49:53 PM]&lt;RESULT&gt;Test Ended:#PASS=16, #FAIL=0</Message>
          <Message>[5/14/2018 9:49:54 PM]&lt;INFO&gt;LogCPUAndMemoryUsage: Available Memory = 24364(MB), CPU Usage = 1.32937%</Message>
          <Message>[5/14/2018 9:49:54 PM]&lt;INFO&gt;Private Working Set for QTAgent32_40, usage=122432 (K)</Message>
          <Message>[5/14/2018 9:49:54 PM]&lt;RESULT&gt;&lt;CategoryListPaginationBottomOfPage&gt; Test PASSED</Message>
        </TextMessages>
      </Output>
      <ResultFiles>
        <ResultFile path="CMP01-INDIASQA.horizonhobby.com\CategoryListLevel3TestData_214329.xml" />
        <ResultFile path="CMP01-INDIASQA.horizonhobby.com\CategoryListPaginationBottomOfPage_20180514214329.log" />
        <ResultFile path="CMP01-INDIASQA.horizonhobby.com\CategoryListPaginationBottomOfPage_ResultsONLY_20180514214329.log" />
        <ResultFile path="CMP01-INDIASQA.horizonhobby.com\SharedCommonConfig.xml" />
      </ResultFiles>
    </UnitTestResult>
    <UnitTestResult executionId="2b98d8b1-680c-4bfc-9196-1ec38940bcce" testId="d375cf4a-6c91-7010-63c2-a619691df60f" testName="CheckoutGiftCardPartialPaymentWithPayPalForBackorder" computerName="CMP01-INDIASQA" duration="00:12:14.9818114" startTime="2018-05-14T21:49:56.6564730-05:00" endTime="2018-05-14T22:02:11.9114730-05:00" testType="13cdc9d9-ddb5-4fa4-a97d-d965ccfc6d4b" outcome="Passed" testListId="8c84fa94-04c1-424b-9868-57a2d4851a1d" relativeResultsDirectory="2b98d8b1-680c-4bfc-9196-1ec38940bcce">
      <Output>
        <StdOut>Logging to custom path:\\CMP01-YKumar\AutoLog</StdOut>
        <TextMessages>
          <Message>[5/14/2018 9:49:57 PM]&lt;STARTLOG&gt;&lt;CheckoutGiftCardPartialPaymentWithPayPalForBackorder&gt;Test Started: Expecting: #PASS=Undefined and #FAIL=0
Running from MTM=True, running on machine name:CMP01-INDIASQA, user name=ykumar, OS=Microsoft Windows NT 6.1.7601 Service Pack 1, Is64BitOS=True</Message>
          <Message>[5/14/2018 9:49:59 PM]&lt;INFO&gt;LogCPUAndMemoryUsage: Available Memory = 24502(MB), CPU Usage = 10.88443%</Message>
          <Message>[5/14/2018 9:49:59 PM]&lt;INFO&gt;Private Working Set for QTAgent32_40, usage=125464 (K)</Message>
          <Message>[5/14/2018 9:49:59 PM]&lt;INFO&gt;Path To TestConfig xml=E:\LoadTestResult\VSEQT\QTAgent\26973\CMP01-INDIASQA.horizonhobby.com\Deployment\SharedCommonConfig.xml</Message>
          <Message>[5/14/2018 9:49:59 PM]&lt;INFO&gt;Path To TestData xml=E:\LoadTestResult\VSEQT\QTAgent\26973\CMP01-INDIASQA.horizonhobby.com\Deployment\CheckoutPaypalTestData_214957.xml</Message>
          <Message>[5/14/2018 9:49:59 PM]&lt;INFO&gt;Path To HorizonHobbyQA Application Url=https://www-tst.horizonhobby.com</Message>
          <Message>[5/14/2018 9:49:59 PM]&lt;INFO&gt;HorizonHobbyQA sql connection string=Server=cmp02-ws-tst-db01:50000;Database=TST01DB;UID=wcdbuser;PWD=h0r1z0n;Connect Timeout=30</Message>
          <Message>[5/14/2018 9:49:59 PM]&lt;INFO&gt;Country is := US and language id is := '-1'</Message>
          <Message>[5/14/2018 9:49:59 PM]&lt;INFO&gt;Current browser used for test execution is = 'IE'</Message>
          <Message>[5/14/2018 9:49:59 PM]&lt;INFO&gt;GenerateGiftCard : method executing...</Message>
          <Message>[5/14/2018 9:49:59 PM]&lt;INFO&gt;LaunchCustomBrowserWindow : method executing ...</Message>
          <Message>[5/14/2018 9:50:02 PM]&lt;INFO&gt;SurveyWindow : method executing ...</Message>
          <Message>[5/14/2018 9:50:05 PM]&lt;PASS&gt;&lt;GenerateGiftCard&gt;&lt; Validates that a new Gift Card Number generated successfully&gt;</Message>
          <Message>[5/14/2018 9:50:07 PM]&lt;INFO&gt;GenerateGiftCard : method executing...</Message>
          <Message>[5/14/2018 9:50:07 PM]&lt;INFO&gt;LaunchCustomBrowserWindow : method executing ...</Message>
          <Message>[5/14/2018 9:50:10 PM]&lt;INFO&gt;SurveyWindow : method executing ...</Message>
          <Message>[5/14/2018 9:50:12 PM]&lt;PASS&gt;&lt;GenerateGiftCard&gt;&lt; Validates that a new Gift Card Number generated successfully&gt;</Message>
          <Message>[5/14/2018 9:50:25 PM]&lt;INFO&gt;SearchProductexecuting ... Searching term:= 'EFL5256'</Message>
          <Message>[5/14/2018 9:50:32 PM]&lt;Info&gt;AllBrowserWindow : Locating browser window...</Message>
          <Message>[5/14/2018 9:51:05 PM]&lt;INFO&gt;BackOrderClickexecuting ...</Message>
          <Message>[5/14/2018 9:51:08 PM]&lt;INFO&gt;GoToCartClickexecuting ...</Message>
          <Message>[5/14/2018 9:51:19 PM]&lt;Info&gt;AllBrowserWindow : Locating browser window...</Message>
          <Message>[5/14/2018 9:51:33 PM]&lt;INFO&gt;SearchProductexecuting ... Searching term:= 'SAI62A01'</Message>
          <Message>[5/14/2018 9:51:40 PM]&lt;Info&gt;AllBrowserWindow : Locating browser window...</Message>
          <Message>[5/14/2018 9:51:40 PM]&lt;INFO&gt;BackOrderClickexecuting ...</Message>
          <Message>[5/14/2018 9:51:44 PM]&lt;INFO&gt;GoToCartClickexecuting ...</Message>
          <Message>[5/14/2018 9:51:55 PM]&lt;INFO&gt;ClickCheckoutButtonBottomexecuting ...</Message>
          <Message>[5/14/2018 9:51:55 PM]&lt;Info&gt;AllBrowserWindow : Locating browser window...</Message>
          <Message>[5/14/2018 9:52:04 PM]&lt;INFO&gt;ContinueAsGuestCheckoutButtonexecuting ...</Message>
          <Message>[5/14/2018 9:52:04 PM]&lt;Info&gt;AllBrowserWindow : Locating browser window...</Message>
          <Message>[5/14/2018 9:52:14 PM]&lt;INFO&gt;FillBillingAndShippingAddressexecuting ...</Message>
          <Message>[5/14/2018 9:52:14 PM]&lt;Info&gt;AllBrowserWindow : Locating browser window...</Message>
          <Message>[5/14/2018 9:52:20 PM]&lt;INFO&gt;SelectBillingCountryexecuting ...</Message>
          <Message>[5/14/2018 9:52:27 PM]&lt;INFO&gt;SelectBillingStateexecuting ...</Message>
          <Message>[5/14/2018 9:52:43 PM]&lt;INFO&gt;SelectShippingCountryexecuting ...</Message>
          <Message>[5/14/2018 9:52:46 PM]&lt;INFO&gt;SelectShippingStateexecuting ...</Message>
          <Message>[5/14/2018 9:52:53 PM]&lt;Info&gt;AllBrowserWindow : Locating browser window...</Message>
          <Message>[5/14/2018 9:53:02 PM]&lt;PASS&gt;&lt;CheckoutGiftCardPartialPaymentWithPayPalForBackorder&gt;&lt; Validate that Credit Card radio button is enabled&gt;</Message>
          <Message>[5/14/2018 9:53:02 PM]&lt;PASS&gt;&lt;CheckoutGiftCardPartialPaymentWithPayPalForBackorder&gt;&lt; Validate that Pay Pal radio button is enabled&gt;</Message>
          <Message>[5/14/2018 9:53:02 PM]&lt;INFO&gt;SelectCheckoutPaymentRadiobutton : method executing</Message>
          <Message>[5/14/2018 9:53:02 PM]&lt;INFO&gt;CheckoutCreditCardShippingAndBillingControls : method executing</Message>
          <Message>[5/14/2018 9:53:02 PM]&lt;Info&gt;AllBrowserWindow : Locating browser window...</Message>
          <Message>[5/14/2018 9:53:12 PM]&lt;PASS&gt;&lt;CheckoutGiftCardPartialPaymentWithPayPalForBackorder&gt;&lt; Validate Checkout with PayPal button is disabled &gt;</Message>
          <Message>[5/14/2018 9:53:13 PM]&lt;PASS&gt;&lt;CheckoutGiftCardPartialPaymentWithPayPalForBackorder&gt;&lt;Validate that PayPal Backorder Item Warning on Shopping Cart Page&gt;</Message>
          <Message>[5/14/2018 9:53:13 PM]&lt;Info&gt;AllBrowserWindow : Locating browser window...</Message>
          <Message>[5/14/2018 9:53:13 PM]&lt;INFO&gt;ApplyGiftCard : method executing... -&gt; '8018525482298508995'</Message>
          <Message>[5/14/2018 9:53:13 PM]&lt;Info&gt;AllBrowserWindow : Locating browser window...</Message>
          <Message>[5/14/2018 9:53:26 PM]&lt;PASS&gt;&lt;CheckoutGiftCardPartialPaymentWithPayPalForBackorder&gt;&lt;Validate that Card should be applied to order and The Gift Card amount applied should display a separate sub-total line&gt;</Message>
          <Message>[5/14/2018 9:53:26 PM]&lt;INFO&gt;ApplyGiftCard : method executing... -&gt; '8018525470131781614'</Message>
          <Message>[5/14/2018 9:53:26 PM]&lt;Info&gt;AllBrowserWindow : Locating browser window...</Message>
          <Message>[5/14/2018 9:53:36 PM]&lt;PASS&gt;&lt;CheckoutGiftCardPartialPaymentWithPayPalForBackorder&gt;&lt;Validate that Card should be applied to order and The Gift Card amount applied should display a separate sub-total line&gt;</Message>
          <Message>[5/14/2018 9:53:36 PM]&lt;PASS&gt;&lt;CheckoutGiftCardPartialPaymentWithPayPalForBackorder&gt;&lt;Validate that Separate sub-total lines should display for second gift card applied.&gt;</Message>
          <Message>[5/14/2018 9:53:37 PM]&lt;Info&gt;AllBrowserWindow : Locating browser window...</Message>
          <Message>[5/14/2018 9:53:52 PM]&lt;Info&gt;AllBrowserWindow : Locating browser window...</Message>
          <Message>[5/14/2018 9:54:00 PM]&lt;INFO&gt;ShoppingCartOrderDetailsInfoexecuting ...</Message>
          <Message>[5/14/2018 9:54:38 PM]&lt;INFO&gt;ClickCheckoutButtonBottomexecuting ...</Message>
          <Message>[5/14/2018 9:54:38 PM]&lt;Info&gt;AllBrowserWindow : Locating browser window...</Message>
          <Message>[5/14/2018 9:54:46 PM]&lt;INFO&gt;ContinueAsGuestCheckoutButtonexecuting ...</Message>
          <Message>[5/14/2018 9:54:46 PM]&lt;Info&gt;AllBrowserWindow : Locating browser window...</Message>
          <Message>[5/14/2018 9:54:56 PM]&lt;INFO&gt;SelectCheckoutPaymentRadiobutton : method executing</Message>
          <Message>[5/14/2018 9:54:56 PM]&lt;INFO&gt;CheckoutCreditCardShippingAndBillingControls : method executing</Message>
          <Message>[5/14/2018 9:54:56 PM]&lt;Info&gt;AllBrowserWindow : Locating browser window...</Message>
          <Message>[5/14/2018 9:55:13 PM]&lt;INFO&gt;ClickPayPalLink : method executing...</Message>
          <Message>[5/14/2018 9:55:19 PM]&lt;INFO&gt;LoginPayPal : method executing...</Message>
          <Message>[5/14/2018 9:55:19 PM]&lt;Info&gt;AllBrowserWindow : Locating browser window...</Message>
          <Message>[5/14/2018 9:57:43 PM]&lt;INFO&gt;PaypalLoginNewControls : method executing...</Message>
          <Message>[5/14/2018 9:57:48 PM]&lt;Info&gt;AllBrowserWindow : Locating browser window...</Message>
          <Message>[5/14/2018 9:58:35 PM]&lt;INFO&gt;PaypalLoginNewControls : method executing...</Message>
          <Message>[5/14/2018 9:58:39 PM]&lt;INFO&gt;ClickLoginOnPayPal : method executing ...</Message>
          <Message>[5/14/2018 9:58:56 PM]&lt;INFO&gt;ClickContinueOnPayPal : method executing ...</Message>
          <Message>[5/14/2018 10:00:58 PM]&lt;Info&gt;AllBrowserWindow : Locating browser window...</Message>
          <Message>[5/14/2018 10:01:13 PM]&lt;INFO&gt;ClickPlaceOrderPayPal : method executing...</Message>
          <Message>[5/14/2018 10:01:13 PM]&lt;Info&gt;AllBrowserWindow : Locating browser window...</Message>
          <Message>[5/14/2018 10:01:13 PM]&lt;Info&gt;AllBrowserWindow : Locating browser window...</Message>
          <Message>[5/14/2018 10:01:15 PM]&lt;Info&gt;AllBrowserWindow : Locating browser window...</Message>
          <Message>[5/14/2018 10:01:51 PM]&lt;INFO&gt;OrderConfirmation : method executing</Message>
          <Message>[5/14/2018 10:01:51 PM]&lt;INFO&gt;OrderConfirmationUIControls : method executing</Message>
          <Message>[5/14/2018 10:01:51 PM]&lt;Info&gt;AllBrowserWindow : Locating browser window...</Message>
          <Message>[5/14/2018 10:01:59 PM]&lt;INFO&gt;SurveyWindow : method executing ...</Message>
          <Message>[5/14/2018 10:02:08 PM]&lt;PASS&gt;&lt;OrderConfirmation&gt;&lt; Validates Order Number ''True'' is generated successfully&gt;</Message>
          <Message>[5/14/2018 10:02:08 PM]&lt;PASS&gt;&lt;CheckoutGiftCardPartialPaymentWithPayPalForBackorder&gt;&lt;Validate that PayPal Order should be complete with gift card and order Number - '22928002'. &gt;</Message>
          <Message>[5/14/2018 10:02:08 PM]&lt;RESULT&gt;Test Ended:#PASS=11, #FAIL=0</Message>
          <Message>[5/14/2018 10:02:09 PM]&lt;INFO&gt;LogCPUAndMemoryUsage: Available Memory = 23993(MB), CPU Usage = 13.50593%</Message>
          <Message>[5/14/2018 10:02:09 PM]&lt;INFO&gt;Private Working Set for QTAgent32_40, usage=142532 (K)</Message>
          <Message>[5/14/2018 10:02:09 PM]&lt;RESULT&gt;&lt;CheckoutGiftCardPartialPaymentWithPayPalForBackorder&gt; Test PASSED</Message>
        </TextMessages>
      </Output>
      <ResultFiles>
        <ResultFile path="CMP01-INDIASQA.horizonhobby.com\CheckoutGiftCardPartialPaymentWithPayPalForBackorder_20180514214957.log" />
        <ResultFile path="CMP01-INDIASQA.horizonhobby.com\CheckoutGiftCardPartialPaymentWithPayPalForBackorder_ResultsONLY_20180514214957.log" />
        <ResultFile path="CMP01-INDIASQA.horizonhobby.com\CheckoutPaypalTestData_214957.xml" />
        <ResultFile path="CMP01-INDIASQA.horizonhobby.com\SharedCommonConfig.xml" />
      </ResultFiles>
    </UnitTestResult>
    <UnitTestResult executionId="ddee163a-d4bd-4cd3-8895-02f6de67fdae" testId="0dcaec80-5f87-999f-d4b6-ab154e5db421" testName="CreditCardCheckoutGiftCardPartialPaymentBackorder" computerName="CMP01-INDIASQA" duration="00:08:16.0435901" startTime="2018-05-14T22:02:11.9134730-05:00" endTime="2018-05-14T22:10:27.9894730-05:00" testType="13cdc9d9-ddb5-4fa4-a97d-d965ccfc6d4b" outcome="Passed" testListId="8c84fa94-04c1-424b-9868-57a2d4851a1d" relativeResultsDirectory="ddee163a-d4bd-4cd3-8895-02f6de67fdae">
      <Output>
        <StdOut>Logging to custom path:\\CMP01-YKumar\AutoLog</StdOut>
        <TextMessages>
          <Message>[5/14/2018 10:02:11 PM]&lt;STARTLOG&gt;&lt;CreditCardCheckoutGiftCardPartialPaymentBackorder&gt;Test Started: Expecting: #PASS=Undefined and #FAIL=0
Running from MTM=True, running on machine name:CMP01-INDIASQA, user name=ykumar, OS=Microsoft Windows NT 6.1.7601 Service Pack 1, Is64BitOS=True</Message>
          <Message>[5/14/2018 10:02:12 PM]&lt;INFO&gt;LogCPUAndMemoryUsage: Available Memory = 24027(MB), CPU Usage = 19.37634%</Message>
          <Message>[5/14/2018 10:02:12 PM]&lt;INFO&gt;Private Working Set for QTAgent32_40, usage=142504 (K)</Message>
          <Message>[5/14/2018 10:02:12 PM]&lt;INFO&gt;Path To TestConfig xml=E:\LoadTestResult\VSEQT\QTAgent\26973\CMP01-INDIASQA.horizonhobby.com\Deployment\SharedCommonConfig.xml</Message>
          <Message>[5/14/2018 10:02:12 PM]&lt;INFO&gt;Path To TestData xml=E:\LoadTestResult\VSEQT\QTAgent\26973\CMP01-INDIASQA.horizonhobby.com\Deployment\CheckoutCreditCard_220211.xml</Message>
          <Message>[5/14/2018 10:02:12 PM]&lt;INFO&gt;Path To HorizonHobbyQA Application Url=https://www-tst.horizonhobby.com</Message>
          <Message>[5/14/2018 10:02:12 PM]&lt;INFO&gt;HorizonHobbyQA sql connection string=Server=cmp02-ws-tst-db01:50000;Database=TST01DB;UID=wcdbuser;PWD=h0r1z0n;Connect Timeout=30</Message>
          <Message>[5/14/2018 10:02:13 PM]&lt;INFO&gt;Country is := US and language id is := '-1'</Message>
          <Message>[5/14/2018 10:02:13 PM]&lt;INFO&gt;Current browser used for test execution is = 'IE'</Message>
          <Message>[5/14/2018 10:02:13 PM]&lt;INFO&gt;GenerateGiftCard : method executing...</Message>
          <Message>[5/14/2018 10:02:13 PM]&lt;INFO&gt;LaunchCustomBrowserWindow : method executing ...</Message>
          <Message>[5/14/2018 10:02:15 PM]&lt;INFO&gt;SurveyWindow : method executing ...</Message>
          <Message>[5/14/2018 10:02:18 PM]&lt;PASS&gt;&lt;GenerateGiftCard&gt;&lt; Validates that a new Gift Card Number generated successfully&gt;</Message>
          <Message>[5/14/2018 10:02:25 PM]&lt;INFO&gt;SurveyWindow : method executing ...</Message>
          <Message>[5/14/2018 10:02:33 PM]&lt;INFO&gt;ContinueOnCertificationErrorClickexecuting ...</Message>
          <Message>[5/14/2018 10:02:33 PM]&lt;Info&gt;DEAllBrowserWindow : Locating browser window...</Message>
          <Message>[5/14/2018 10:02:39 PM]&lt;INFO&gt;ClickAcceptCookiesAgreement : failed executing ...</Message>
          <Message>[5/14/2018 10:02:46 PM]&lt;INFO&gt;UserRegistration : method executing ...</Message>
          <Message>[5/14/2018 10:02:47 PM]&lt;Info&gt;AllBrowserWindow : Locating browser window...</Message>
          <Message>[5/14/2018 10:03:14 PM]&lt;Info&gt;AllBrowserWindow : Locating browser window...</Message>
          <Message>[5/14/2018 10:03:32 PM]&lt;Info&gt;AllBrowserWindow : Locating browser window...</Message>
          <Message>[5/14/2018 10:03:43 PM]&lt;INFO&gt;SearchProductexecuting ... Searching term:= 'heli'</Message>
          <Message>[5/14/2018 10:04:20 PM]&lt;Info&gt;AllBrowserWindow : Locating browser window...</Message>
          <Message>[5/14/2018 10:04:37 PM]&lt;INFO&gt;BackOrderClickexecuting ...</Message>
          <Message>[5/14/2018 10:05:07 PM]&lt;Info&gt;AllBrowserWindow : Locating browser window...</Message>
          <Message>[5/14/2018 10:05:22 PM]&lt;Info&gt;AllBrowserWindow : Locating browser window...</Message>
          <Message>[5/14/2018 10:05:24 PM]&lt;INFO&gt;BackOrderClickexecuting ...</Message>
          <Message>[5/14/2018 10:05:25 PM]&lt;INFO&gt;GoToCartClickexecuting ...</Message>
          <Message>[5/14/2018 10:05:32 PM]&lt;INFO&gt;CheckoutProcessStartShoppingCart : method executing</Message>
          <Message>[5/14/2018 10:05:32 PM]&lt;Info&gt;AllBrowserWindow : Locating browser window...</Message>
          <Message>[5/14/2018 10:05:41 PM]&lt;INFO&gt;CheckoutShoppingCartControls : method executing</Message>
          <Message>[5/14/2018 10:05:41 PM]&lt;Info&gt;AllBrowserWindow : Locating browser window...</Message>
          <Message>[5/14/2018 10:05:54 PM]&lt;Info&gt;AllBrowserWindow : Locating browser window...</Message>
          <Message>[5/14/2018 10:05:59 PM]&lt;INFO&gt;CheckoutCreditCardShippingAndBillingControls : method executing</Message>
          <Message>[5/14/2018 10:05:59 PM]&lt;Info&gt;AllBrowserWindow : Locating browser window...</Message>
          <Message>[5/14/2018 10:06:10 PM]&lt;INFO&gt;TotalValue : method executing ...</Message>
          <Message>[5/14/2018 10:06:10 PM]&lt;INFO&gt;ApplyGiftCard : method executing... -&gt; ''</Message>
          <Message>[5/14/2018 10:06:10 PM]&lt;Info&gt;AllBrowserWindow : Locating browser window...</Message>
          <Message>[5/14/2018 10:06:29 PM]&lt;Info&gt;AllBrowserWindow : Locating browser window...</Message>
          <Message>[5/14/2018 10:06:29 PM]&lt;INFO&gt;CheckoutCreditCardShippingAndBillingControls : method executing</Message>
          <Message>[5/14/2018 10:06:29 PM]&lt;Info&gt;AllBrowserWindow : Locating browser window...</Message>
          <Message>[5/14/2018 10:06:39 PM]&lt;INFO&gt;TotalValue : method executing ...</Message>
          <Message>[5/14/2018 10:06:39 PM]&lt;PASS&gt;&lt;CreditCardCheckoutGiftCardPartialPaymentBackorder&gt;&lt;Validates Gift card is applied and reflected in summary order table.&gt;</Message>
          <Message>[5/14/2018 10:06:39 PM]&lt;INFO&gt;SelectCheckoutPaymentRadiobutton : method executing</Message>
          <Message>[5/14/2018 10:06:39 PM]&lt;INFO&gt;CheckoutCreditCardShippingAndBillingControls : method executing</Message>
          <Message>[5/14/2018 10:06:39 PM]&lt;Info&gt;AllBrowserWindow : Locating browser window...</Message>
          <Message>[5/14/2018 10:06:49 PM]&lt;INFO&gt;FillCreditCardDetails : method executing</Message>
          <Message>[5/14/2018 10:06:49 PM]&lt;INFO&gt;CheckoutCreditCardShippingAndBillingControls : method executing</Message>
          <Message>[5/14/2018 10:06:49 PM]&lt;Info&gt;AllBrowserWindow : Locating browser window...</Message>
          <Message>[5/14/2018 10:06:59 PM]&lt;INFO&gt;ClickReviewOrder : method executing</Message>
          <Message>[5/14/2018 10:06:59 PM]&lt;INFO&gt;CheckoutCreditCardShippingAndBillingControls : method executing</Message>
          <Message>[5/14/2018 10:06:59 PM]&lt;Info&gt;AllBrowserWindow : Locating browser window...</Message>
          <Message>[5/14/2018 10:07:05 PM]&lt;Info&gt;AllBrowserWindow : Locating browser window...</Message>
          <Message>[5/14/2018 10:07:17 PM]&lt;INFO&gt;CheckoutCreditCardShippingAndBillingControls : method executing</Message>
          <Message>[5/14/2018 10:07:17 PM]&lt;Info&gt;AllBrowserWindow : Locating browser window...</Message>
          <Message>[5/14/2018 10:07:27 PM]&lt;INFO&gt;TotalValue : method executing ...</Message>
          <Message>[5/14/2018 10:07:27 PM]&lt;PASS&gt;&lt;CreditCardCheckoutGiftCardPartialPaymentBackorder&gt;&lt;Validates Gift card is reflected in review page order table.&gt;</Message>
          <Message>[5/14/2018 10:07:27 PM]&lt;INFO&gt;PlaceOrderCreditCard : method executing</Message>
          <Message>[5/14/2018 10:07:27 PM]&lt;INFO&gt;CheckoutCreditCardShippingAndBillingControls : method executing</Message>
          <Message>[5/14/2018 10:07:27 PM]&lt;Info&gt;AllBrowserWindow : Locating browser window...</Message>
          <Message>[5/14/2018 10:07:37 PM]&lt;INFO&gt;KeyboardSendKeys method executing...</Message>
          <Message>[5/14/2018 10:09:18 PM]&lt;Info&gt;AllBrowserWindow : Locating browser window...</Message>
          <Message>[5/14/2018 10:09:30 PM]&lt;Info&gt;AllBrowserWindow : Locating browser window...</Message>
          <Message>[5/14/2018 10:09:39 PM]&lt;INFO&gt;CheckoutCreditCardShippingAndBillingControls : method executing</Message>
          <Message>[5/14/2018 10:09:39 PM]&lt;Info&gt;AllBrowserWindow : Locating browser window...</Message>
          <Message>[5/14/2018 10:09:54 PM]&lt;INFO&gt;TotalValue : method executing ...</Message>
          <Message>[5/14/2018 10:09:54 PM]&lt;PASS&gt;&lt;CreditCardCheckoutGiftCardPartialPaymentBackorder&gt;&lt;Validates Gift card is reflected in Order Confirmation page order table.&gt;</Message>
          <Message>[5/14/2018 10:09:54 PM]&lt;INFO&gt;DeleteWishlistFromDatabase : method executing</Message>
          <Message>[5/14/2018 10:09:54 PM]&lt;INFO&gt;DeletOrderItem : method executing</Message>
          <Message>[5/14/2018 10:10:24 PM]&lt;RESULT&gt;Test Ended:#PASS=4, #FAIL=0</Message>
          <Message>[5/14/2018 10:10:25 PM]&lt;INFO&gt;LogCPUAndMemoryUsage: Available Memory = 24210(MB), CPU Usage = 6.492907%</Message>
          <Message>[5/14/2018 10:10:25 PM]&lt;INFO&gt;Private Working Set for QTAgent32_40, usage=141384 (K)</Message>
          <Message>[5/14/2018 10:10:25 PM]&lt;RESULT&gt;&lt;CreditCardCheckoutGiftCardPartialPaymentBackorder&gt; Test PASSED</Message>
        </TextMessages>
      </Output>
    </UnitTestResult>
    <UnitTestResult executionId="76c062ec-1a80-4d1d-8765-c76de7bf449b" testId="eec2d756-645d-92d4-97c2-9841d0a94e3c" testName="CheckoutBillingAddressEntryAsGuestUser" computerName="CMP01-INDIASQA" duration="00:01:56.6929723" startTime="2018-05-14T22:10:27.9904730-05:00" endTime="2018-05-14T22:12:24.7204730-05:00" testType="13cdc9d9-ddb5-4fa4-a97d-d965ccfc6d4b" outcome="Passed" testListId="8c84fa94-04c1-424b-9868-57a2d4851a1d" relativeResultsDirectory="76c062ec-1a80-4d1d-8765-c76de7bf449b">
      <Output>
        <StdOut>Logging to custom path:\\CMP01-YKumar\AutoLog</StdOut>
        <TextMessages>
          <Message>[5/14/2018 10:10:28 PM]&lt;STARTLOG&gt;&lt;CheckoutBillingAddressEntryAsGuestUser&gt;Test Started: Expecting: #PASS=Undefined and #FAIL=0
Running from MTM=True, running on machine name:CMP01-INDIASQA, user name=ykumar, OS=Microsoft Windows NT 6.1.7601 Service Pack 1, Is64BitOS=True</Message>
          <Message>[5/14/2018 10:10:29 PM]&lt;INFO&gt;LogCPUAndMemoryUsage: Available Memory = 24240(MB), CPU Usage = 19.65949%</Message>
          <Message>[5/14/2018 10:10:29 PM]&lt;INFO&gt;Private Working Set for QTAgent32_40, usage=141544 (K)</Message>
          <Message>[5/14/2018 10:10:29 PM]&lt;INFO&gt;Path To TestConfig xml=E:\LoadTestResult\VSEQT\QTAgent\26973\CMP01-INDIASQA.horizonhobby.com\Deployment\SharedCommonConfig.xml</Message>
          <Message>[5/14/2018 10:10:29 PM]&lt;INFO&gt;Path To TestData xml=E:\LoadTestResult\VSEQT\QTAgent\26973\CMP01-INDIASQA.horizonhobby.com\Deployment\CheckoutCommonTestData_221028.xml</Message>
          <Message>[5/14/2018 10:10:29 PM]&lt;INFO&gt;Path To HorizonHobbyQA Application Url=https://www-tst.horizonhobby.com</Message>
          <Message>[5/14/2018 10:10:29 PM]&lt;INFO&gt;HorizonHobbyQA sql connection string=Server=cmp02-ws-tst-db01:50000;Database=TST01DB;UID=wcdbuser;PWD=h0r1z0n;Connect Timeout=30</Message>
          <Message>[5/14/2018 10:10:29 PM]&lt;INFO&gt;Country is := US and language id is := '-1'</Message>
          <Message>[5/14/2018 10:10:29 PM]&lt;INFO&gt;Current browser used for test execution is = 'IE'</Message>
          <Message>[5/14/2018 10:10:36 PM]&lt;INFO&gt;SearchProductexecuting ... Searching term:= 'FSV2412'</Message>
          <Message>[5/14/2018 10:10:42 PM]&lt;Info&gt;AllBrowserWindow : Locating browser window...</Message>
          <Message>[5/14/2018 10:10:43 PM]&lt;INFO&gt;BackOrderClickexecuting ...</Message>
          <Message>[5/14/2018 10:10:43 PM]&lt;INFO&gt;GoToCartClickexecuting ...</Message>
          <Message>[5/14/2018 10:10:50 PM]&lt;INFO&gt;CheckoutProcessStartShoppingCart : method executing</Message>
          <Message>[5/14/2018 10:10:50 PM]&lt;Info&gt;AllBrowserWindow : Locating browser window...</Message>
          <Message>[5/14/2018 10:10:59 PM]&lt;INFO&gt;CheckoutShoppingCartControls : method executing</Message>
          <Message>[5/14/2018 10:10:59 PM]&lt;Info&gt;AllBrowserWindow : Locating browser window...</Message>
          <Message>[5/14/2018 10:11:14 PM]&lt;Info&gt;AllBrowserWindow : Locating browser window...</Message>
          <Message>[5/14/2018 10:11:23 PM]&lt;Info&gt;AllBrowserWindow : Locating browser window...</Message>
          <Message>[5/14/2018 10:11:26 PM]&lt;PASS&gt;&lt;BillingShippingAddressDefault&gt;&lt;Validate that Billing Address -  First name is blank by default &gt;</Message>
          <Message>[5/14/2018 10:11:26 PM]&lt;PASS&gt;&lt;BillingShippingAddressDefault&gt;&lt;Validate that Billing Address -  Last name is blank by default &gt;</Message>
          <Message>[5/14/2018 10:11:26 PM]&lt;PASS&gt;&lt;BillingShippingAddressDefault&gt;&lt;Validate that Billing Address -  Country is United States default &gt;</Message>
          <Message>[5/14/2018 10:11:26 PM]&lt;PASS&gt;&lt;BillingShippingAddressDefault&gt;&lt;Validate that Billing Address -  Street Address 1 is blank by default &gt;</Message>
          <Message>[5/14/2018 10:11:27 PM]&lt;PASS&gt;&lt;BillingShippingAddressDefault&gt;&lt;Validate that Billing Address -  Street Address 2 is blank by default &gt;</Message>
          <Message>[5/14/2018 10:11:27 PM]&lt;PASS&gt;&lt;BillingShippingAddressDefault&gt;&lt;Validate that Billing Address -  City is blank by default &gt;</Message>
          <Message>[5/14/2018 10:11:27 PM]&lt;PASS&gt;&lt;BillingShippingAddressDefault&gt;&lt;Validate that Billing Address -  State is United States default &gt;</Message>
          <Message>[5/14/2018 10:11:27 PM]&lt;PASS&gt;&lt;BillingShippingAddressDefault&gt;&lt;Validate that Billing Address -  Zip Code is blank by default &gt;</Message>
          <Message>[5/14/2018 10:11:27 PM]&lt;PASS&gt;&lt;BillingShippingAddressDefault&gt;&lt;Validate that Billing Address -  Phone Number is blank by default &gt;</Message>
          <Message>[5/14/2018 10:11:27 PM]&lt;PASS&gt;&lt;BillingShippingAddressDefault&gt;&lt;Validate that Billing Address -  Email is blank by default &gt;</Message>
          <Message>[5/14/2018 10:11:28 PM]&lt;PASS&gt;&lt;BillingShippingAddressDefault&gt;&lt;Validate that Billing Address -  Send Me Email is unchecked default &gt;</Message>
          <Message>[5/14/2018 10:11:28 PM]&lt;PASS&gt;&lt;BillingShippingAddressDefault&gt;&lt;Validate that Shipping Address -  First name is blank by default &gt;</Message>
          <Message>[5/14/2018 10:11:28 PM]&lt;PASS&gt;&lt;BillingShippingAddressDefault&gt;&lt;Validate that Shipping Address -  Last name is blank by default &gt;</Message>
          <Message>[5/14/2018 10:11:28 PM]&lt;PASS&gt;&lt;BillingShippingAddressDefault&gt;&lt;Validate that Shipping Address -  Country is United States default &gt;</Message>
          <Message>[5/14/2018 10:11:28 PM]&lt;PASS&gt;&lt;BillingShippingAddressDefault&gt;&lt;Validate that Shipping Address -  Street Address 1 is blank by default &gt;</Message>
          <Message>[5/14/2018 10:11:28 PM]&lt;PASS&gt;&lt;BillingShippingAddressDefault&gt;&lt;Validate that Shipping Address -  Street Address 2 is blank by default &gt;</Message>
          <Message>[5/14/2018 10:11:29 PM]&lt;PASS&gt;&lt;BillingShippingAddressDefault&gt;&lt;Validate that Shipping Address -  City is blank by default &gt;</Message>
          <Message>[5/14/2018 10:11:29 PM]&lt;PASS&gt;&lt;BillingShippingAddressDefault&gt;&lt;Validate that Shipping Address -  State is United States default &gt;</Message>
          <Message>[5/14/2018 10:11:29 PM]&lt;PASS&gt;&lt;BillingShippingAddressDefault&gt;&lt;Validate that Shipping Address -  Zip Code is blank by default &gt;</Message>
          <Message>[5/14/2018 10:11:29 PM]&lt;PASS&gt;&lt;BillingShippingAddressDefault&gt;&lt;Validate that Shipping Address -  Phone Number is blank by default &gt;</Message>
          <Message>[5/14/2018 10:11:29 PM]&lt;PASS&gt;&lt;BillingShippingAddressDefault&gt;&lt;Validate that Shipping Address -  Email is blank by default &gt;</Message>
          <Message>[5/14/2018 10:11:29 PM]&lt;PASS&gt;&lt;CheckoutBillingAddressEntryAsGuestUser&gt;&lt;Validate that in Billing Address contains US  &gt;</Message>
          <Message>[5/14/2018 10:11:29 PM]&lt;PASS&gt;&lt;CheckoutBillingAddressEntryAsGuestUser&gt;&lt;Validate that in Billing Address contains Canada  &gt;</Message>
          <Message>[5/14/2018 10:11:30 PM]&lt;PASS&gt;&lt;CheckoutBillingAddressEntryAsGuestUser&gt;&lt;Validate that in Billing Address contains US  &gt;</Message>
          <Message>[5/14/2018 10:11:30 PM]&lt;PASS&gt;&lt;CheckoutBillingAddressEntryAsGuestUser&gt;&lt;Validate that in Billing Address Canada doesn't exists  &gt;</Message>
          <Message>[5/14/2018 10:11:30 PM]&lt;PASS&gt;&lt;CheckoutBillingAddressEntryAsGuestUser&gt;&lt;Validate the checkbox Same as my Billing Address exist &gt;</Message>
          <Message>[5/14/2018 10:11:30 PM]&lt;PASS&gt;&lt;CheckoutBillingAddressEntryAsGuestUser&gt;&lt;Validate the checbox Yes! Email me information on upcoming product releases and special promotions. exist &gt;</Message>
          <Message>[5/14/2018 10:11:30 PM]&lt;Info&gt;AllBrowserWindow : Locating browser window...</Message>
          <Message>[5/14/2018 10:11:30 PM]&lt;INFO&gt;FillBillingAndShippingAddressexecuting ...</Message>
          <Message>[5/14/2018 10:11:30 PM]&lt;Info&gt;AllBrowserWindow : Locating browser window...</Message>
          <Message>[5/14/2018 10:11:32 PM]&lt;INFO&gt;SelectBillingCountryexecuting ...</Message>
          <Message>[5/14/2018 10:11:39 PM]&lt;INFO&gt;SelectBillingStateexecuting ...</Message>
          <Message>[5/14/2018 10:11:54 PM]&lt;INFO&gt;SelectShippingCountryexecuting ...</Message>
          <Message>[5/14/2018 10:11:57 PM]&lt;INFO&gt;SelectShippingStateexecuting ...</Message>
          <Message>[5/14/2018 10:12:04 PM]&lt;INFO&gt;SelectCheckoutPaymentRadiobutton : method executing</Message>
          <Message>[5/14/2018 10:12:04 PM]&lt;INFO&gt;CheckoutCreditCardShippingAndBillingControls : method executing</Message>
          <Message>[5/14/2018 10:12:04 PM]&lt;Info&gt;AllBrowserWindow : Locating browser window...</Message>
          <Message>[5/14/2018 10:12:21 PM]&lt;PASS&gt;&lt;CheckoutBillingAddressEntryAsGuestUser&gt;&lt;Validate that Billing details entered on User Registration, displayed on Shipping &amp; billing Method Page  &gt;</Message>
          <Message>[5/14/2018 10:12:21 PM]&lt;RESULT&gt;Test Ended:#PASS=28, #FAIL=0</Message>
          <Message>[5/14/2018 10:12:22 PM]&lt;INFO&gt;LogCPUAndMemoryUsage: Available Memory = 24202(MB), CPU Usage = 16.92946%</Message>
          <Message>[5/14/2018 10:12:22 PM]&lt;INFO&gt;Private Working Set for QTAgent32_40, usage=143856 (K)</Message>
          <Message>[5/14/2018 10:12:22 PM]&lt;RESULT&gt;&lt;CheckoutBillingAddressEntryAsGuestUser&gt; Test PASSED</Message>
        </TextMessages>
      </Output>
      <ResultFiles>
        <ResultFile path="CMP01-INDIASQA.horizonhobby.com\CheckoutBillingAddressEntryAsGuestUser_20180514221028.log" />
        <ResultFile path="CMP01-INDIASQA.horizonhobby.com\CheckoutBillingAddressEntryAsGuestUser_ResultsONLY_20180514221028.log" />
        <ResultFile path="CMP01-INDIASQA.horizonhobby.com\CheckoutCommonTestData_221028.xml" />
        <ResultFile path="CMP01-INDIASQA.horizonhobby.com\SharedCommonConfig.xml" />
      </ResultFiles>
    </UnitTestResult>
    <UnitTestResult executionId="d3460402-6e9a-4ec4-9d9c-9218e7d88f69" testId="8a0c4599-8d47-4829-d166-868c7eeefeab" testName="CreditCardCheckoutBillingAndShippingAddressAreDifferentAsSigninUser" computerName="CMP01-INDIASQA" duration="00:03:34.0844381" startTime="2018-05-14T22:12:24.7234730-05:00" endTime="2018-05-14T22:15:58.8974730-05:00" testType="13cdc9d9-ddb5-4fa4-a97d-d965ccfc6d4b" outcome="Failed" testListId="8c84fa94-04c1-424b-9868-57a2d4851a1d" relativeResultsDirectory="d3460402-6e9a-4ec4-9d9c-9218e7d88f69">
      <Output>
        <StdOut>Logging to custom path:\\CMP01-YKumar\AutoLog</StdOut>
        <ErrorInfo>
          <Message>Assert.Fail failed. 
#Other errors=6
[Error details below]</Message>
          <StackTrace>   at TestAuto.LoggingAndSharedGenericMethods.EndTest() in c:\Builds\1\WebSphere\QATestAutomation\src\CodedUITest\SourceCode\Common\Logging\Logging.cs:line 1628
   at TestAuto.CheckoutCreditCard.TestCleanup() in c:\Builds\1\WebSphere\QATestAutomation\src\CodedUITest\SourceCode\HHobby\Checkout\CheckoutCreditCard.cs:line 4170
</StackTrace>
        </ErrorInfo>
        <TextMessages>
          <Message>[5/14/2018 10:12:24 PM]&lt;STARTLOG&gt;&lt;CreditCardCheckoutBillingAndShippingAddressAreDifferentAsSigninUser&gt;Test Started: Expecting: #PASS=Undefined and #FAIL=0
Running from MTM=True, running on machine name:CMP01-INDIASQA, user name=ykumar, OS=Microsoft Windows NT 6.1.7601 Service Pack 1, Is64BitOS=True</Message>
          <Message>[5/14/2018 10:12:25 PM]&lt;INFO&gt;LogCPUAndMemoryUsage: Available Memory = 24249(MB), CPU Usage = 21.49301%</Message>
          <Message>[5/14/2018 10:12:25 PM]&lt;INFO&gt;Private Working Set for QTAgent32_40, usage=143972 (K)</Message>
          <Message>[5/14/2018 10:12:25 PM]&lt;INFO&gt;Path To TestConfig xml=E:\LoadTestResult\VSEQT\QTAgent\26973\CMP01-INDIASQA.horizonhobby.com\Deployment\SharedCommonConfig.xml</Message>
          <Message>[5/14/2018 10:12:25 PM]&lt;INFO&gt;Path To TestData xml=E:\LoadTestResult\VSEQT\QTAgent\26973\CMP01-INDIASQA.horizonhobby.com\Deployment\CheckoutCreditCard_221224.xml</Message>
          <Message>[5/14/2018 10:12:25 PM]&lt;INFO&gt;Path To HorizonHobbyQA Application Url=https://www-tst.horizonhobby.com</Message>
          <Message>[5/14/2018 10:12:25 PM]&lt;INFO&gt;HorizonHobbyQA sql connection string=Server=cmp02-ws-tst-db01:50000;Database=TST01DB;UID=wcdbuser;PWD=h0r1z0n;Connect Timeout=30</Message>
          <Message>[5/14/2018 10:12:25 PM]&lt;INFO&gt;Country is := US and language id is := '-1'</Message>
          <Message>[5/14/2018 10:12:25 PM]&lt;INFO&gt;Current browser used for test execution is = 'IE'</Message>
          <Message>[5/14/2018 10:12:30 PM]&lt;INFO&gt;SurveyWindow : method executing ...</Message>
          <Message>[5/14/2018 10:12:39 PM]&lt;INFO&gt;ContinueOnCertificationErrorClickexecuting ...</Message>
          <Message>[5/14/2018 10:12:39 PM]&lt;Info&gt;DEAllBrowserWindow : Locating browser window...</Message>
          <Message>[5/14/2018 10:12:47 PM]&lt;INFO&gt;UserRegistration : method executing ...</Message>
          <Message>[5/14/2018 10:12:47 PM]&lt;Info&gt;AllBrowserWindow : Locating browser window...</Message>
          <Message>[5/14/2018 10:13:13 PM]&lt;Info&gt;AllBrowserWindow : Locating browser window...</Message>
          <Message>[5/14/2018 10:13:34 PM]&lt;Info&gt;AllBrowserWindow : Locating browser window...</Message>
          <Message>[5/14/2018 10:13:47 PM]&lt;INFO&gt;SurveyWindow : method executing ...</Message>
          <Message>[5/14/2018 10:13:55 PM]&lt;Info&gt;AllBrowserWindow : Locating browser window...</Message>
          <Message>Assert.Fail failed. [5/14/2018 10:14:20 PM]&lt;Error&gt;AllBrowserWindow : failed executing ...Unable to find Windows Internet Explorer window with 'Address Book - Internet Explorer' in the title., 
    StackTrace:
    AllBrowserWindow(),SharedBorderFree.cs,Line Number:1037
    CreditCardCheckoutBillingAndShippingAddressAreDifferentAsSigninUser(),CheckoutCreditCard.cs,Line Number:2309</Message>
          <Message>[5/14/2018 10:14:20 PM]&lt;CaptureImage&gt;\\CMP01-YKumar\AutoLog\CMP01-INDIASQA\CreditCardCheckoutBillingAndShippingAddressAreDifferentAsSigninUser_20180514221420.png</Message>
          <Message>[5/14/2018 10:14:20 PM]&lt;INFO&gt;SurveyWindow : method executing ...</Message>
          <Message>[5/14/2018 10:14:23 PM]&lt;Info&gt;AllBrowserWindow : Locating browser window...</Message>
          <Message>Assert.Fail failed. [5/14/2018 10:14:47 PM]&lt;Error&gt;AllBrowserWindow : failed executing ...Unable to find Windows Internet Explorer window with 'Address Book - Internet Explorer' in the title., 
    StackTrace:
    AllBrowserWindow(),SharedBorderFree.cs,Line Number:1037
    AddressBookUIControls(),SharedUserRegistration.cs,Line Number:264
    ModifyDefaultAddressType(),SharedUserRegistration.cs,Line Number:1384
    CreditCardCheckoutBillingAndShippingAddressAreDifferentAsSigninUser(),CheckoutCreditCard.cs,Line Number:2311</Message>
          <Message>[5/14/2018 10:14:47 PM]&lt;CaptureImage&gt;\\CMP01-YKumar\AutoLog\CMP01-INDIASQA\CreditCardCheckoutBillingAndShippingAddressAreDifferentAsSigninUser_20180514221447.png</Message>
          <Message>[5/14/2018 10:14:47 PM]&lt;Info&gt;AllBrowserWindow : Locating browser window...</Message>
          <Message>Assert.Fail failed. [5/14/2018 10:15:12 PM]&lt;Error&gt;AllBrowserWindow : failed executing ...Unable to find Windows Internet Explorer window with 'Address Book - Internet Explorer' in the title., 
    StackTrace:
    AllBrowserWindow(),SharedBorderFree.cs,Line Number:1037
    AddressBookUIControls(),SharedUserRegistration.cs,Line Number:288
    ModifyDefaultAddressType(),SharedUserRegistration.cs,Line Number:1384
    CreditCardCheckoutBillingAndShippingAddressAreDifferentAsSigninUser(),CheckoutCreditCard.cs,Line Number:2311</Message>
          <Message>[5/14/2018 10:15:12 PM]&lt;CaptureImage&gt;\\CMP01-YKumar\AutoLog\CMP01-INDIASQA\CreditCardCheckoutBillingAndShippingAddressAreDifferentAsSigninUser_20180514221512.png</Message>
          <Message>Assert.Fail failed. [5/14/2018 10:15:18 PM]&lt;ERROR&gt;MouseClick Exception:Microsoft.VisualStudio.TestTools.UITest.Extension.UITestControlNotFoundException: The playback failed to find the control with the given search properties. Additional Details: 
TechnologyName:  'Web'
ControlType:  'Hyperlink'
TagName:  'A'
Id:  'WC_AjaxAddressBookForm_links_1'
 Failed to find any control that matched the search condition Id='WC_AjaxAddressBookForm_links_1' &amp;&amp; ControlType='Hyperlink' ---&gt; System.Runtime.InteropServices.COMException: Error HRESULT E_FAIL has been returned from a call to a COM component.
   at Microsoft.VisualStudio.TestTools.UITest.Playback.Engine.IScreenElement.FindAllDescendants(String bstrQueryId, Object&amp; pvarResKeys, Int32 cResKeys, Int32 nMaxDepth)
   at Microsoft.VisualStudio.TestTools.UITest.Playback.ScreenElement.FindAllScreenElement(String queryId, Int32 depth, Boolean singleQueryId, Boolean throwException, Boolean resetSkipStep)
   at Microsoft.VisualStudio.TestTools.UITest.Playback.ScreenElement.FindScreenElement(String queryId, Int32 depth, Boolean resetSkipStep)
   at Microsoft.VisualStudio.TestTools.UITesting.UITestControl.FindFirstDescendant(String queryId, Int32 maxDepth, Int32&amp; timeLeft)
   --- End of inner exception stack trace ---
   at Microsoft.VisualStudio.TestTools.UITesting.Playback.MapControlNotFoundException(COMException ex, IPlaybackContext context)
   at Microsoft.VisualStudio.TestTools.UITesting.Playback.MapAndThrowComException(COMException innerException, IPlaybackContext context)
   at Microsoft.VisualStudio.TestTools.UITesting.Playback.MapAndThrowException(SystemException exception, IPlaybackContext context)
   at Microsoft.VisualStudio.TestTools.UITesting.Playback.MapAndThrowException(SystemException exception, String queryId)
   at Microsoft.VisualStudio.TestTools.UITesting.UITestControl.FindFirstDescendant(String queryId, Int32 maxDepth, Int32&amp; timeLeft)
   at Microsoft.VisualStudio.TestTools.UITesting.SearchHelper.GetUITestControlRecursive(Boolean useCache, Boolean alwaysSearch, ISearchArgument searchArg, IList`1 windowTitles, Int32&amp; timeLeft)
   at Microsoft.VisualStudio.TestTools.UITesting.SearchHelper.GetElement(Boolean useCache, ISearchArgument searchArg)
   at Microsoft.VisualStudio.TestTools.UITesting.SearchHelper.Search(ISearchArgument searchArg)
   at Microsoft.VisualStudio.TestTools.UITesting.UITestControl.FindInternal()
   at Microsoft.VisualStudio.TestTools.UITesting.UITestControl.&lt;Find&gt;b__3a()
   at Microsoft.VisualStudio.TestTools.UITesting.CodedUITestMethodInvoker.InvokeMethod[T](Func`1 function, UITestControl control, Boolean firePlaybackErrorEvent, Boolean logAsAction)
   at Microsoft.VisualStudio.TestTools.UITesting.UITestControl.Find()
   at Microsoft.VisualStudio.TestTools.UITesting.UITestControl.GetPropertyPrivate(String propertyName)
   at Microsoft.VisualStudio.TestTools.UITesting.UITestControl.GetPropertyOfType[T](String propertyName)
   at Microsoft.VisualStudio.TestTools.UITesting.UITestControl.get_Name()
   at TestAuto.LoggingAndSharedGenericMethods.MouseClick(UITestControl uiMenuItemTestControl) in c:\Builds\1\WebSphere\QATestAutomation\src\CodedUITest\SourceCode\Common\Logging\SharedMethods_Generic.cs:line 790, 
    StackTrace:
    MouseClick(),SharedMethods_Generic.cs,Line Number:822
    ModifyDefaultAddressType(),SharedUserRegistration.cs,Line Number:1386
    CreditCardCheckoutBillingAndShippingAddressAreDifferentAsSigninUser(),CheckoutCreditCard.cs,Line Number:2311</Message>
          <Message>[5/14/2018 10:15:18 PM]&lt;CaptureImage&gt;\\CMP01-YKumar\AutoLog\CMP01-INDIASQA\CreditCardCheckoutBillingAndShippingAddressAreDifferentAsSigninUser_20180514221518.png</Message>
          <Message>Assert.Fail failed. [5/14/2018 10:15:24 PM]&lt;ERROR&gt;MouseClick Exception:Microsoft.VisualStudio.TestTools.UITest.Extension.UITestControlNotFoundException: The playback failed to find the control with the given search properties. Additional Details: 
TechnologyName:  'Web'
ControlType:  'Hyperlink'
TagName:  'A'
Class:  'button secondary'
 Failed to find any control that matched the search condition ControlType='Hyperlink' &amp;&amp; Class='button secondary' ---&gt; System.Runtime.InteropServices.COMException: Error HRESULT E_FAIL has been returned from a call to a COM component.
   at Microsoft.VisualStudio.TestTools.UITest.Playback.Engine.IScreenElement.FindAllDescendants(String bstrQueryId, Object&amp; pvarResKeys, Int32 cResKeys, Int32 nMaxDepth)
   at Microsoft.VisualStudio.TestTools.UITest.Playback.ScreenElement.FindAllScreenElement(String queryId, Int32 depth, Boolean singleQueryId, Boolean throwException, Boolean resetSkipStep)
   at Microsoft.VisualStudio.TestTools.UITest.Playback.ScreenElement.FindScreenElement(String queryId, Int32 depth, Boolean resetSkipStep)
   at Microsoft.VisualStudio.TestTools.UITesting.UITestControl.FindFirstDescendant(String queryId, Int32 maxDepth, Int32&amp; timeLeft)
   --- End of inner exception stack trace ---
   at Microsoft.VisualStudio.TestTools.UITesting.Playback.MapControlNotFoundException(COMException ex, IPlaybackContext context)
   at Microsoft.VisualStudio.TestTools.UITesting.Playback.MapAndThrowComException(COMException innerException, IPlaybackContext context)
   at Microsoft.VisualStudio.TestTools.UITesting.Playback.MapAndThrowException(SystemException exception, IPlaybackContext context)
   at Microsoft.VisualStudio.TestTools.UITesting.Playback.MapAndThrowException(SystemException exception, String queryId)
   at Microsoft.VisualStudio.TestTools.UITesting.UITestControl.FindFirstDescendant(String queryId, Int32 maxDepth, Int32&amp; timeLeft)
   at Microsoft.VisualStudio.TestTools.UITesting.SearchHelper.GetUITestControlRecursive(Boolean useCache, Boolean alwaysSearch, ISearchArgument searchArg, IList`1 windowTitles, Int32&amp; timeLeft)
   at Microsoft.VisualStudio.TestTools.UITesting.SearchHelper.GetElement(Boolean useCache, ISearchArgument searchArg)
   at Microsoft.VisualStudio.TestTools.UITesting.SearchHelper.Search(ISearchArgument searchArg)
   at Microsoft.VisualStudio.TestTools.UITesting.UITestControl.FindInternal()
   at Microsoft.VisualStudio.TestTools.UITesting.UITestControl.&lt;Find&gt;b__3a()
   at Microsoft.VisualStudio.TestTools.UITesting.CodedUITestMethodInvoker.InvokeMethod[T](Func`1 function, UITestControl control, Boolean firePlaybackErrorEvent, Boolean logAsAction)
   at Microsoft.VisualStudio.TestTools.UITesting.UITestControl.Find()
   at Microsoft.VisualStudio.TestTools.UITesting.UITestControl.GetPropertyPrivate(String propertyName)
   at Microsoft.VisualStudio.TestTools.UITesting.UITestControl.GetPropertyOfType[T](String propertyName)
   at Microsoft.VisualStudio.TestTools.UITesting.UITestControl.get_Name()
   at TestAuto.LoggingAndSharedGenericMethods.MouseClick(UITestControl uiMenuItemTestControl) in c:\Builds\1\WebSphere\QATestAutomation\src\CodedUITest\SourceCode\Common\Logging\SharedMethods_Generic.cs:line 790, 
    StackTrace:
    MouseClick(),SharedMethods_Generic.cs,Line Number:822
    ModifyDefaultAddressType(),SharedUserRegistration.cs,Line Number:1387
    CreditCardCheckoutBillingAndShippingAddressAreDifferentAsSigninUser(),CheckoutCreditCard.cs,Line Number:2311</Message>
          <Message>[5/14/2018 10:15:24 PM]&lt;CaptureImage&gt;\\CMP01-YKumar\AutoLog\CMP01-INDIASQA\CreditCardCheckoutBillingAndShippingAddressAreDifferentAsSigninUser_20180514221524.png</Message>
          <Message>Assert.Fail failed. [5/14/2018 10:15:27 PM]&lt;Error&gt;CreditCardCheckoutBillingAndShippingAddressAreDifferentAsSigninUser : failed executing ...The playback failed to find the control with the given search properties. Additional Details: 
TechnologyName:  'Web'
ControlType:  'ComboBox'
TagName:  'SELECT'
Id:  'addressId'
 Failed to find any control that matched the search condition Id='addressId' &amp;&amp; ControlType='ComboBox', 
    StackTrace:
    CreditCardCheckoutBillingAndShippingAddressAreDifferentAsSigninUser(),CheckoutCreditCard.cs,Line Number:2381</Message>
          <Message>[5/14/2018 10:15:27 PM]&lt;CaptureImage&gt;\\CMP01-YKumar\AutoLog\CMP01-INDIASQA\CreditCardCheckoutBillingAndShippingAddressAreDifferentAsSigninUser_20180514221527.png</Message>
          <Message>[5/14/2018 10:15:27 PM]&lt;INFO&gt;DeleteWishlistFromDatabase : method executing</Message>
          <Message>[5/14/2018 10:15:55 PM]&lt;RESULT&gt;Test Ended:#PASS=0, #FAIL=0,#Other errors=6</Message>
          <Message>[5/14/2018 10:15:56 PM]&lt;INFO&gt;LogCPUAndMemoryUsage: Available Memory = 24368(MB), CPU Usage = 7.077322%</Message>
          <Message>[5/14/2018 10:15:56 PM]&lt;INFO&gt;Private Working Set for QTAgent32_40, usage=154452 (K)</Message>
          <Message>[5/14/2018 10:15:56 PM]&lt;RESULT&gt;&lt;CreditCardCheckoutBillingAndShippingAddressAreDifferentAsSigninUser&gt; Test FAILED: #Other errors=6. See Error Message/logs for further details.</Message>
        </TextMessages>
      </Output>
      <ResultFiles>
        <ResultFile path="CMP01-INDIASQA.horizonhobby.com\CheckoutCreditCard_221224.xml" />
        <ResultFile path="CMP01-INDIASQA.horizonhobby.com\CreditCardCheckoutBillingAndShippingAddressAreDifferentAsSigninUser_20180514221224.log" />
        <ResultFile path="CMP01-INDIASQA.horizonhobby.com\CreditCardCheckoutBillingAndShippingAddressAreDifferentAsSigninUser_20180514221420.png" />
        <ResultFile path="CMP01-INDIASQA.horizonhobby.com\CreditCardCheckoutBillingAndShippingAddressAreDifferentAsSigninUser_20180514221447.png" />
        <ResultFile path="CMP01-INDIASQA.horizonhobby.com\CreditCardCheckoutBillingAndShippingAddressAreDifferentAsSigninUser_20180514221512.png" />
        <ResultFile path="CMP01-INDIASQA.horizonhobby.com\CreditCardCheckoutBillingAndShippingAddressAreDifferentAsSigninUser_20180514221518.png" />
        <ResultFile path="CMP01-INDIASQA.horizonhobby.com\CreditCardCheckoutBillingAndShippingAddressAreDifferentAsSigninUser_20180514221524.png" />
        <ResultFile path="CMP01-INDIASQA.horizonhobby.com\CreditCardCheckoutBillingAndShippingAddressAreDifferentAsSigninUser_20180514221527.png" />
      </ResultFiles>
    </UnitTestResult>
    <UnitTestResult executionId="1466d8ae-d51f-4a07-8418-eb842f44f68c" testId="677ce03c-d3c9-70be-5ab3-0e67df872a8e" testName="CheckoutCommonGiftCardVerifyGiftCardPurchasedFromHH" computerName="CMP01-INDIASQA" duration="00:06:44.5866708" startTime="2018-05-14T22:15:58.9004730-05:00" endTime="2018-05-14T22:22:43.7084730-05:00" testType="13cdc9d9-ddb5-4fa4-a97d-d965ccfc6d4b" outcome="Failed" testListId="8c84fa94-04c1-424b-9868-57a2d4851a1d" relativeResultsDirectory="1466d8ae-d51f-4a07-8418-eb842f44f68c">
      <Output>
        <StdOut>Logging to custom path:\\CMP01-YKumar\AutoLog</StdOut>
        <ErrorInfo>
          <Message>Assert.Fail failed. 
#Other errors=17
[Error details below]</Message>
          <StackTrace>   at TestAuto.LoggingAndSharedGenericMethods.EndTest() in c:\Builds\1\WebSphere\QATestAutomation\src\CodedUITest\SourceCode\Common\Logging\Logging.cs:line 1628
   at TestAuto.CheckoutCreditCard.TestCleanup() in c:\Builds\1\WebSphere\QATestAutomation\src\CodedUITest\SourceCode\HHobby\Checkout\CheckoutCreditCard.cs:line 4170
</StackTrace>
        </ErrorInfo>
        <TextMessages>
          <Message>[5/14/2018 10:15:58 PM]&lt;STARTLOG&gt;&lt;CheckoutCommonGiftCardVerifyGiftCardPurchasedFromHH&gt;Test Started: Expecting: #PASS=Undefined and #FAIL=0
Running from MTM=True, running on machine name:CMP01-INDIASQA, user name=ykumar, OS=Microsoft Windows NT 6.1.7601 Service Pack 1, Is64BitOS=True</Message>
          <Message>[5/14/2018 10:15:59 PM]&lt;INFO&gt;LogCPUAndMemoryUsage: Available Memory = 24405(MB), CPU Usage = 16.98351%</Message>
          <Message>[5/14/2018 10:15:59 PM]&lt;INFO&gt;Private Working Set for QTAgent32_40, usage=154712 (K)</Message>
          <Message>[5/14/2018 10:15:59 PM]&lt;INFO&gt;Path To TestConfig xml=E:\LoadTestResult\VSEQT\QTAgent\26973\CMP01-INDIASQA.horizonhobby.com\Deployment\SharedCommonConfig.xml</Message>
          <Message>[5/14/2018 10:15:59 PM]&lt;INFO&gt;Path To TestData xml=E:\LoadTestResult\VSEQT\QTAgent\26973\CMP01-INDIASQA.horizonhobby.com\Deployment\CheckoutCreditCard_221558.xml</Message>
          <Message>[5/14/2018 10:15:59 PM]&lt;INFO&gt;Path To HorizonHobbyQA Application Url=https://www-tst.horizonhobby.com</Message>
          <Message>[5/14/2018 10:15:59 PM]&lt;INFO&gt;HorizonHobbyQA sql connection string=Server=cmp02-ws-tst-db01:50000;Database=TST01DB;UID=wcdbuser;PWD=h0r1z0n;Connect Timeout=30</Message>
          <Message>[5/14/2018 10:16:00 PM]&lt;INFO&gt;Country is := US and language id is := '-1'</Message>
          <Message>[5/14/2018 10:16:00 PM]&lt;INFO&gt;Current browser used for test execution is = 'IE'</Message>
          <Message>[5/14/2018 10:16:00 PM]&lt;INFO&gt;GenerateGiftCard : method executing...</Message>
          <Message>[5/14/2018 10:16:00 PM]&lt;INFO&gt;LaunchCustomBrowserWindow : method executing ...</Message>
          <Message>[5/14/2018 10:16:02 PM]&lt;INFO&gt;SurveyWindow : method executing ...</Message>
          <Message>[5/14/2018 10:16:05 PM]&lt;PASS&gt;&lt;GenerateGiftCard&gt;&lt; Validates that a new Gift Card Number generated successfully&gt;</Message>
          <Message>[5/14/2018 10:16:12 PM]&lt;INFO&gt;SurveyWindow : method executing ...</Message>
          <Message>[5/14/2018 10:16:19 PM]&lt;INFO&gt;ContinueOnCertificationErrorClickexecuting ...</Message>
          <Message>[5/14/2018 10:16:19 PM]&lt;Info&gt;DEAllBrowserWindow : Locating browser window...</Message>
          <Message>[5/14/2018 10:16:28 PM]&lt;INFO&gt;UserRegistration : method executing ...</Message>
          <Message>[5/14/2018 10:16:28 PM]&lt;Info&gt;AllBrowserWindow : Locating browser window...</Message>
          <Message>[5/14/2018 10:16:53 PM]&lt;Info&gt;AllBrowserWindow : Locating browser window...</Message>
          <Message>Assert.Fail failed. [5/14/2018 10:17:17 PM]&lt;Error&gt;AllBrowserWindow : failed executing ...Unable to find Windows Internet Explorer window with 'My Account - Internet Explorer' in the title., 
    StackTrace:
    AllBrowserWindow(),SharedBorderFree.cs,Line Number:1037
    UserRegistration(),SharedUserRegistration.cs,Line Number:818
    RegisterNewUser(),SharedUserRegistration.cs,Line Number:1158
    RegisterNewUser(),SharedUserRegistration.cs,Line Number:1171
    CheckoutCommonGiftCardVerifyGiftCardPurchasedFromHH(),CheckoutCreditCard.cs,Line Number:2414</Message>
          <Message>[5/14/2018 10:17:17 PM]&lt;CaptureImage&gt;\\CMP01-YKumar\AutoLog\CMP01-INDIASQA\CheckoutCommonGiftCardVerifyGiftCardPurchasedFromHH_20180514221717.png</Message>
          <Message>[5/14/2018 10:17:21 PM]&lt;Info&gt;AllBrowserWindow : Locating browser window...</Message>
          <Message>Assert.Fail failed. [5/14/2018 10:17:46 PM]&lt;Error&gt;AllBrowserWindow : failed executing ...Unable to find Windows Internet Explorer window with 'My Account - Internet Explorer' in the title., 
    StackTrace:
    AllBrowserWindow(),SharedBorderFree.cs,Line Number:1037
    CheckoutCommonGiftCardVerifyGiftCardPurchasedFromHH(),CheckoutCreditCard.cs,Line Number:2416</Message>
          <Message>[5/14/2018 10:17:46 PM]&lt;CaptureImage&gt;\\CMP01-YKumar\AutoLog\CMP01-INDIASQA\CheckoutCommonGiftCardVerifyGiftCardPurchasedFromHH_20180514221746.png</Message>
          <Message>[5/14/2018 10:17:49 PM]&lt;INFO&gt;SearchProductexecuting ... Searching term:= 'IRLDUO58004RE'</Message>
          <Message>[5/14/2018 10:17:56 PM]&lt;Info&gt;AllBrowserWindow : Locating browser window...</Message>
          <Message>[5/14/2018 10:17:57 PM]&lt;INFO&gt;BackOrderClickexecuting ...</Message>
          <Message>[5/14/2018 10:17:57 PM]&lt;INFO&gt;GoToCartClickexecuting ...</Message>
          <Message>[5/14/2018 10:18:04 PM]&lt;INFO&gt;CheckoutProcessStartShoppingCart : method executing</Message>
          <Message>[5/14/2018 10:18:04 PM]&lt;Info&gt;AllBrowserWindow : Locating browser window...</Message>
          <Message>[5/14/2018 10:18:14 PM]&lt;INFO&gt;CheckoutShoppingCartControls : method executing</Message>
          <Message>[5/14/2018 10:18:14 PM]&lt;Info&gt;AllBrowserWindow : Locating browser window...</Message>
          <Message>[5/14/2018 10:18:28 PM]&lt;Info&gt;AllBrowserWindow : Locating browser window...</Message>
          <Message>Assert.Fail failed. [5/14/2018 10:18:52 PM]&lt;Error&gt;AllBrowserWindow : failed executing ...Unable to find Windows Internet Explorer window with 'HorizonHobby - Shipping and Billing Display - Internet Explorer' in the title., 
    StackTrace:
    AllBrowserWindow(),SharedBorderFree.cs,Line Number:1037
    CheckoutCommonGiftCardVerifyGiftCardPurchasedFromHH(),CheckoutCreditCard.cs,Line Number:2432</Message>
          <Message>[5/14/2018 10:18:52 PM]&lt;CaptureImage&gt;\\CMP01-YKumar\AutoLog\CMP01-INDIASQA\CheckoutCommonGiftCardVerifyGiftCardPurchasedFromHH_20180514221852.png</Message>
          <Message>[5/14/2018 10:18:52 PM]&lt;INFO&gt;ApplyGiftCard : method executing... -&gt; ''</Message>
          <Message>[5/14/2018 10:18:52 PM]&lt;Info&gt;AllBrowserWindow : Locating browser window...</Message>
          <Message>Assert.Fail failed. [5/14/2018 10:19:16 PM]&lt;Error&gt;AllBrowserWindow : failed executing ...Unable to find Windows Internet Explorer window with 'HorizonHobby - Shipping and Billing Display - Internet Explorer' in the title., 
    StackTrace:
    AllBrowserWindow(),SharedBorderFree.cs,Line Number:1037
    ApplyGiftCard(),SharedCheckoutCommon.cs,Line Number:1230
    ApplyGiftCard(),SharedCheckoutCommon.cs,Line Number:1309
    CheckoutCommonGiftCardVerifyGiftCardPurchasedFromHH(),CheckoutCreditCard.cs,Line Number:2433</Message>
          <Message>[5/14/2018 10:19:16 PM]&lt;CaptureImage&gt;\\CMP01-YKumar\AutoLog\CMP01-INDIASQA\CheckoutCommonGiftCardVerifyGiftCardPurchasedFromHH_20180514221916.png</Message>
          <Message>Assert.Fail failed. [5/14/2018 10:19:24 PM]&lt;Error&gt;ApplyGiftCard : failed executing ...The playback failed to find the control with the given search properties. Additional Details: 
TechnologyName:  'Web'
ControlType:  'Edit'
TagName:  'INPUT'
Id:  'giftCard'
 Failed to find any control that matched the search condition ControlType='Edit' &amp;&amp; Id=&gt;'giftCard', 
    StackTrace:
    ApplyGiftCard(),SharedCheckoutCommon.cs,Line Number:1302
    ApplyGiftCard(),SharedCheckoutCommon.cs,Line Number:1309
    CheckoutCommonGiftCardVerifyGiftCardPurchasedFromHH(),CheckoutCreditCard.cs,Line Number:2433</Message>
          <Message>[5/14/2018 10:19:24 PM]&lt;CaptureImage&gt;\\CMP01-YKumar\AutoLog\CMP01-INDIASQA\CheckoutCommonGiftCardVerifyGiftCardPurchasedFromHH_20180514221924.png</Message>
          <Message>[5/14/2018 10:19:29 PM]&lt;INFO&gt;SelectCheckoutPaymentRadiobutton : method executing</Message>
          <Message>[5/14/2018 10:19:29 PM]&lt;INFO&gt;CheckoutCreditCardShippingAndBillingControls : method executing</Message>
          <Message>[5/14/2018 10:19:29 PM]&lt;Info&gt;AllBrowserWindow : Locating browser window...</Message>
          <Message>Assert.Fail failed. [5/14/2018 10:19:53 PM]&lt;Error&gt;AllBrowserWindow : failed executing ...Unable to find Windows Internet Explorer window with 'HorizonHobby - Shipping and Billing Display - Internet Explorer' in the title., 
    StackTrace:
    AllBrowserWindow(),SharedBorderFree.cs,Line Number:1037
    CheckoutCreditCardShippingAndBillingControls(),SharedCheckoutCreditCard.cs,Line Number:66
    SelectCheckoutPaymentRadiobutton(),SharedCheckoutCreditCard.cs,Line Number:514
    CheckoutCommonGiftCardVerifyGiftCardPurchasedFromHH(),CheckoutCreditCard.cs,Line Number:2436</Message>
          <Message>[5/14/2018 10:19:53 PM]&lt;CaptureImage&gt;\\CMP01-YKumar\AutoLog\CMP01-INDIASQA\CheckoutCommonGiftCardVerifyGiftCardPurchasedFromHH_20180514221953.png</Message>
          <Message>Assert.Fail failed. [5/14/2018 10:20:01 PM]&lt;ERROR&gt;SelectCheckoutPaymentRadiobutton : failed executing ...Index was out of range. Must be non-negative and less than the size of the collection.
Parameter name: index, 
    StackTrace:
    SelectCheckoutPaymentRadiobutton(),SharedCheckoutCreditCard.cs,Line Number:539
    CheckoutCommonGiftCardVerifyGiftCardPurchasedFromHH(),CheckoutCreditCard.cs,Line Number:2436</Message>
          <Message>[5/14/2018 10:20:01 PM]&lt;CaptureImage&gt;\\CMP01-YKumar\AutoLog\CMP01-INDIASQA\CheckoutCommonGiftCardVerifyGiftCardPurchasedFromHH_20180514222001.png</Message>
          <Message>[5/14/2018 10:20:01 PM]&lt;INFO&gt;FillCreditCardDetails : method executing</Message>
          <Message>[5/14/2018 10:20:01 PM]&lt;INFO&gt;CheckoutCreditCardShippingAndBillingControls : method executing</Message>
          <Message>[5/14/2018 10:20:01 PM]&lt;Info&gt;AllBrowserWindow : Locating browser window...</Message>
          <Message>Assert.Fail failed. [5/14/2018 10:20:25 PM]&lt;Error&gt;AllBrowserWindow : failed executing ...Unable to find Windows Internet Explorer window with 'HorizonHobby - Shipping and Billing Display - Internet Explorer' in the title., 
    StackTrace:
    AllBrowserWindow(),SharedBorderFree.cs,Line Number:1037
    CheckoutCreditCardShippingAndBillingControls(),SharedCheckoutCreditCard.cs,Line Number:66
    FillCreditCardDetails(),SharedCheckoutCreditCard.cs,Line Number:551
    CheckoutCommonGiftCardVerifyGiftCardPurchasedFromHH(),CheckoutCreditCard.cs,Line Number:2439</Message>
          <Message>[5/14/2018 10:20:25 PM]&lt;CaptureImage&gt;\\CMP01-YKumar\AutoLog\CMP01-INDIASQA\CheckoutCommonGiftCardVerifyGiftCardPurchasedFromHH_20180514222025.png</Message>
          <Message>Assert.Fail failed. [5/14/2018 10:20:32 PM]&lt;ERROR&gt;FillCreditCardDetails : failed executing ...The playback failed to find the control with the given search properties. Additional Details: 
TechnologyName:  'Web'
ControlType:  'Edit'
TagName:  'INPUT'
Class:  'cardEntry_cardNumInput'
 Failed to find any control that matched the search condition ControlType='Edit' &amp;&amp; Class=&gt;'cardEntry_cardNumInput', 
    StackTrace:
    FillCreditCardDetails(),SharedCheckoutCreditCard.cs,Line Number:570
    CheckoutCommonGiftCardVerifyGiftCardPurchasedFromHH(),CheckoutCreditCard.cs,Line Number:2439</Message>
          <Message>[5/14/2018 10:20:32 PM]&lt;CaptureImage&gt;\\CMP01-YKumar\AutoLog\CMP01-INDIASQA\CheckoutCommonGiftCardVerifyGiftCardPurchasedFromHH_20180514222032.png</Message>
          <Message>[5/14/2018 10:20:32 PM]&lt;INFO&gt;ClickReviewOrder : method executing</Message>
          <Message>[5/14/2018 10:20:32 PM]&lt;INFO&gt;CheckoutCreditCardShippingAndBillingControls : method executing</Message>
          <Message>[5/14/2018 10:20:32 PM]&lt;Info&gt;AllBrowserWindow : Locating browser window...</Message>
          <Message>Assert.Fail failed. [5/14/2018 10:20:57 PM]&lt;Error&gt;AllBrowserWindow : failed executing ...Unable to find Windows Internet Explorer window with 'HorizonHobby - Shipping and Billing Display - Internet Explorer' in the title., 
    StackTrace:
    AllBrowserWindow(),SharedBorderFree.cs,Line Number:1037
    CheckoutCreditCardShippingAndBillingControls(),SharedCheckoutCreditCard.cs,Line Number:66
    ClickReviewOrder(),SharedCheckoutCreditCard.cs,Line Number:582
    CheckoutCommonGiftCardVerifyGiftCardPurchasedFromHH(),CheckoutCreditCard.cs,Line Number:2441</Message>
          <Message>[5/14/2018 10:20:57 PM]&lt;CaptureImage&gt;\\CMP01-YKumar\AutoLog\CMP01-INDIASQA\CheckoutCommonGiftCardVerifyGiftCardPurchasedFromHH_20180514222057.png</Message>
          <Message>Assert.Fail failed. [5/14/2018 10:21:07 PM]&lt;ERROR&gt;ClickReviewOrder : failed executing ...The playback failed to find the control with the given search properties. Additional Details: 
TechnologyName:  'Web'
ControlType:  'Hyperlink'
TagName:  'A'
Id:  'shippingBillingPageNextPrepareCall'
 Failed to find any control that matched the value shippingBillingPageNextPrepareCall for the search property Id., 
    StackTrace:
    ClickReviewOrder(),SharedCheckoutCreditCard.cs,Line Number:605
    CheckoutCommonGiftCardVerifyGiftCardPurchasedFromHH(),CheckoutCreditCard.cs,Line Number:2441</Message>
          <Message>[5/14/2018 10:21:07 PM]&lt;CaptureImage&gt;\\CMP01-YKumar\AutoLog\CMP01-INDIASQA\CheckoutCommonGiftCardVerifyGiftCardPurchasedFromHH_20180514222107.png</Message>
          <Message>[5/14/2018 10:21:07 PM]&lt;INFO&gt;PlaceOrderCreditCard : method executing</Message>
          <Message>[5/14/2018 10:21:07 PM]&lt;INFO&gt;CheckoutCreditCardShippingAndBillingControls : method executing</Message>
          <Message>[5/14/2018 10:21:07 PM]&lt;Info&gt;AllBrowserWindow : Locating browser window...</Message>
          <Message>Assert.Fail failed. [5/14/2018 10:21:31 PM]&lt;Error&gt;AllBrowserWindow : failed executing ...Unable to find Windows Internet Explorer window with 'HorizonHobby - Shipping and Billing Display - Internet Explorer' in the title., 
    StackTrace:
    AllBrowserWindow(),SharedBorderFree.cs,Line Number:1037
    CheckoutCreditCardShippingAndBillingControls(),SharedCheckoutCreditCard.cs,Line Number:66
    PlaceOrderCreditCard(),SharedCheckoutCreditCard.cs,Line Number:683
    PlaceOrder(),SharedCheckoutCreditCard.cs,Line Number:630
    CheckoutCommonGiftCardVerifyGiftCardPurchasedFromHH(),CheckoutCreditCard.cs,Line Number:2444</Message>
          <Message>[5/14/2018 10:21:31 PM]&lt;CaptureImage&gt;\\CMP01-YKumar\AutoLog\CMP01-INDIASQA\CheckoutCommonGiftCardVerifyGiftCardPurchasedFromHH_20180514222131.png</Message>
          <Message>Assert.Fail failed. [5/14/2018 10:21:40 PM]&lt;ERROR&gt;PlaceOrderCreditCard : failed executing ...The playback failed to find the control with the given search properties. Additional Details: 
TechnologyName:  'Web'
ControlType:  'Hyperlink'
TagName:  'A'
Id:  'shippingBillingPageNextGCTotal'
 Failed to find any control that matched the value shippingBillingPageNextGCTotal for the search property Id., 
    StackTrace:
    PlaceOrderCreditCard(),SharedCheckoutCreditCard.cs,Line Number:758
    PlaceOrder(),SharedCheckoutCreditCard.cs,Line Number:630
    CheckoutCommonGiftCardVerifyGiftCardPurchasedFromHH(),CheckoutCreditCard.cs,Line Number:2444</Message>
          <Message>[5/14/2018 10:21:40 PM]&lt;CaptureImage&gt;\\CMP01-YKumar\AutoLog\CMP01-INDIASQA\CheckoutCommonGiftCardVerifyGiftCardPurchasedFromHH_20180514222140.png</Message>
          <Message>[5/14/2018 10:21:40 PM]&lt;Info&gt;AllBrowserWindow : Locating browser window...</Message>
          <Message>Assert.Fail failed. [5/14/2018 10:22:05 PM]&lt;Error&gt;AllBrowserWindow : failed executing ...Unable to find Windows Internet Explorer window with 'HorizonHobby - Order Confirmation - Internet Explorer' in the title., 
    StackTrace:
    AllBrowserWindow(),SharedBorderFree.cs,Line Number:1037
    HandleGooglePrompt(),SharedCheckoutCreditCard.cs,Line Number:1365
    HandleGooglePrompt(),SharedCheckoutCreditCard.cs,Line Number:1390
    PlaceOrder(),SharedCheckoutCreditCard.cs,Line Number:631
    CheckoutCommonGiftCardVerifyGiftCardPurchasedFromHH(),CheckoutCreditCard.cs,Line Number:2444</Message>
          <Message>[5/14/2018 10:22:05 PM]&lt;CaptureImage&gt;\\CMP01-YKumar\AutoLog\CMP01-INDIASQA\CheckoutCommonGiftCardVerifyGiftCardPurchasedFromHH_20180514222205.png</Message>
          <Message>[5/14/2018 10:22:13 PM]&lt;Info&gt;AllBrowserWindow : Locating browser window...</Message>
          <Message>Assert.Fail failed. [5/14/2018 10:22:37 PM]&lt;Error&gt;AllBrowserWindow : failed executing ...Unable to find Windows Internet Explorer window with 'HorizonHobby - Order Confirmation - Internet Explorer' in the title., 
    StackTrace:
    AllBrowserWindow(),SharedBorderFree.cs,Line Number:1037
    CheckoutCommonGiftCardVerifyGiftCardPurchasedFromHH(),CheckoutCreditCard.cs,Line Number:2447</Message>
          <Message>[5/14/2018 10:22:37 PM]&lt;CaptureImage&gt;\\CMP01-YKumar\AutoLog\CMP01-INDIASQA\CheckoutCommonGiftCardVerifyGiftCardPurchasedFromHH_20180514222237.png</Message>
          <Message>[5/14/2018 10:22:37 PM]&lt;INFO&gt;SearchProductexecuting ... Searching term:= 'heli'</Message>
          <Message>Assert.Fail failed. [5/14/2018 10:22:39 PM]&lt;ERROR&gt;SearchProduct := heli : failed executing ...Another control is blocking the control. Please make the blocked control visible and retry the action. Additional Details: 
TechnologyName:  'Web'
ControlType:  'Edit'
TagName:  'INPUT'
Id:  'SimpleSearchForm_SearchTerm'
Name:  'searchTerm'
, 
    StackTrace:
    SearchProduct(),SharedApplicationCommon.cs,Line Number:697
    CheckoutCommonGiftCardVerifyGiftCardPurchasedFromHH(),CheckoutCreditCard.cs,Line Number:2449</Message>
          <Message>[5/14/2018 10:22:39 PM]&lt;CaptureImage&gt;\\CMP01-YKumar\AutoLog\CMP01-INDIASQA\CheckoutCommonGiftCardVerifyGiftCardPurchasedFromHH_20180514222239.png</Message>
          <Message>Assert.Fail failed. [5/14/2018 10:22:40 PM]&lt;Error&gt;CheckoutCommonGiftCardVerifyGiftCardPurchasedFromHH : failed executing ...The given key was not present in the dictionary., 
    StackTrace:
    CheckoutCommonGiftCardVerifyGiftCardPurchasedFromHH(),CheckoutCreditCard.cs,Line Number:2486</Message>
          <Message>[5/14/2018 10:22:40 PM]&lt;CaptureImage&gt;\\CMP01-YKumar\AutoLog\CMP01-INDIASQA\CheckoutCommonGiftCardVerifyGiftCardPurchasedFromHH_20180514222240.png</Message>
          <Message>[5/14/2018 10:22:40 PM]&lt;RESULT&gt;Test Ended:#PASS=1, #FAIL=0,#Other errors=17</Message>
          <Message>[5/14/2018 10:22:41 PM]&lt;INFO&gt;LogCPUAndMemoryUsage: Available Memory = 24298(MB), CPU Usage = 2.791579%</Message>
          <Message>[5/14/2018 10:22:41 PM]&lt;INFO&gt;Private Working Set for QTAgent32_40, usage=158640 (K)</Message>
          <Message>[5/14/2018 10:22:41 PM]&lt;RESULT&gt;&lt;CheckoutCommonGiftCardVerifyGiftCardPurchasedFromHH&gt; Test FAILED: #Other errors=17. See Error Message/logs for further details.</Message>
        </TextMessages>
      </Output>
      <ResultFiles>
        <ResultFile path="CMP01-INDIASQA.horizonhobby.com\CheckoutCommonGiftCardVerifyGiftCardPurchasedFromHH_20180514221558.log" />
        <ResultFile path="CMP01-INDIASQA.horizonhobby.com\CheckoutCommonGiftCardVerifyGiftCardPurchasedFromHH_20180514221717.png" />
        <ResultFile path="CMP01-INDIASQA.horizonhobby.com\CheckoutCommonGiftCardVerifyGiftCardPurchasedFromHH_20180514221746.png" />
        <ResultFile path="CMP01-INDIASQA.horizonhobby.com\CheckoutCommonGiftCardVerifyGiftCardPurchasedFromHH_20180514221852.png" />
        <ResultFile path="CMP01-INDIASQA.horizonhobby.com\CheckoutCommonGiftCardVerifyGiftCardPurchasedFromHH_20180514221916.png" />
        <ResultFile path="CMP01-INDIASQA.horizonhobby.com\CheckoutCommonGiftCardVerifyGiftCardPurchasedFromHH_20180514221924.png" />
        <ResultFile path="CMP01-INDIASQA.horizonhobby.com\CheckoutCommonGiftCardVerifyGiftCardPurchasedFromHH_20180514221953.png" />
        <ResultFile path="CMP01-INDIASQA.horizonhobby.com\CheckoutCommonGiftCardVerifyGiftCardPurchasedFromHH_20180514222001.png" />
        <ResultFile path="CMP01-INDIASQA.horizonhobby.com\CheckoutCommonGiftCardVerifyGiftCardPurchasedFromHH_20180514222025.png" />
        <ResultFile path="CMP01-INDIASQA.horizonhobby.com\CheckoutCommonGiftCardVerifyGiftCardPurchasedFromHH_20180514222032.png" />
        <ResultFile path="CMP01-INDIASQA.horizonhobby.com\CheckoutCommonGiftCardVerifyGiftCardPurchasedFromHH_20180514222057.png" />
        <ResultFile path="CMP01-INDIASQA.horizonhobby.com\CheckoutCommonGiftCardVerifyGiftCardPurchasedFromHH_20180514222107.png" />
        <ResultFile path="CMP01-INDIASQA.horizonhobby.com\CheckoutCommonGiftCardVerifyGiftCardPurchasedFromHH_20180514222131.png" />
        <ResultFile path="CMP01-INDIASQA.horizonhobby.com\CheckoutCommonGiftCardVerifyGiftCardPurchasedFromHH_20180514222140.png" />
        <ResultFile path="CMP01-INDIASQA.horizonhobby.com\CheckoutCommonGiftCardVerifyGiftCardPurchasedFromHH_20180514222205.png" />
        <ResultFile path="CMP01-INDIASQA.horizonhobby.com\CheckoutCommonGiftCardVerifyGiftCardPurchasedFromHH_20180514222237.png" />
        <ResultFile path="CMP01-INDIASQA.horizonhobby.com\CheckoutCommonGiftCardVerifyGiftCardPurchasedFromHH_20180514222239.png" />
        <ResultFile path="CMP01-INDIASQA.horizonhobby.com\CheckoutCommonGiftCardVerifyGiftCardPurchasedFromHH_20180514222240.png" />
        <ResultFile path="CMP01-INDIASQA.horizonhobby.com\CheckoutCommonGiftCardVerifyGiftCardPurchasedFromHH_ResultsONLY_20180514221558.log" />
        <ResultFile path="CMP01-INDIASQA.horizonhobby.com\CheckoutCreditCard_221558.xml" />
        <ResultFile path="CMP01-INDIASQA.horizonhobby.com\SharedCommonConfig.xml" />
      </ResultFiles>
    </UnitTestResult>
    <UnitTestResult executionId="0a10b19b-376e-49da-b54a-6704d75d2bd2" testId="7f0202ed-77b7-ab54-2efb-451781aaebb9" testName="CheckoutGiftCardInformationRemovedBackToCart" computerName="CMP01-INDIASQA" duration="00:03:17.5776490" startTime="2018-05-14T22:22:43.7114730-05:00" endTime="2018-05-14T22:26:01.5104730-05:00" testType="13cdc9d9-ddb5-4fa4-a97d-d965ccfc6d4b" outcome="Failed" testListId="8c84fa94-04c1-424b-9868-57a2d4851a1d" relativeResultsDirectory="0a10b19b-376e-49da-b54a-6704d75d2bd2">
      <Output>
        <StdOut>Logging to custom path:\\CMP01-YKumar\AutoLog</StdOut>
        <ErrorInfo>
          <Message>Assert.Fail failed. 
#Other errors=5
[Error details below]</Message>
          <StackTrace>   at TestAuto.LoggingAndSharedGenericMethods.EndTest() in c:\Builds\1\WebSphere\QATestAutomation\src\CodedUITest\SourceCode\Common\Logging\Logging.cs:line 1628
   at TestAuto.HHBvtSmokeTest.TestCleanup() in c:\Builds\1\WebSphere\QATestAutomation\src\CodedUITest\SourceCode\HHobby\Checkout\CheckoutCommon.cs:line 4805
</StackTrace>
        </ErrorInfo>
        <TextMessages>
          <Message>[5/14/2018 10:22:43 PM]&lt;STARTLOG&gt;&lt;CheckoutGiftCardInformationRemovedBackToCart&gt;Test Started: Expecting: #PASS=Undefined and #FAIL=0
Running from MTM=True, running on machine name:CMP01-INDIASQA, user name=ykumar, OS=Microsoft Windows NT 6.1.7601 Service Pack 1, Is64BitOS=True</Message>
          <Message>[5/14/2018 10:22:44 PM]&lt;INFO&gt;LogCPUAndMemoryUsage: Available Memory = 24311(MB), CPU Usage = 15.2592%</Message>
          <Message>[5/14/2018 10:22:44 PM]&lt;INFO&gt;Private Working Set for QTAgent32_40, usage=158744 (K)</Message>
          <Message>[5/14/2018 10:22:44 PM]&lt;INFO&gt;Path To TestConfig xml=E:\LoadTestResult\VSEQT\QTAgent\26973\CMP01-INDIASQA.horizonhobby.com\Deployment\SharedCommonConfig.xml</Message>
          <Message>[5/14/2018 10:22:44 PM]&lt;INFO&gt;Path To TestData xml=E:\LoadTestResult\VSEQT\QTAgent\26973\CMP01-INDIASQA.horizonhobby.com\Deployment\CheckoutCommonTestData_222243.xml</Message>
          <Message>[5/14/2018 10:22:44 PM]&lt;INFO&gt;Path To HorizonHobbyQA Application Url=https://www-tst.horizonhobby.com</Message>
          <Message>[5/14/2018 10:22:44 PM]&lt;INFO&gt;HorizonHobbyQA sql connection string=Server=cmp02-ws-tst-db01:50000;Database=TST01DB;UID=wcdbuser;PWD=h0r1z0n;Connect Timeout=30</Message>
          <Message>[5/14/2018 10:22:44 PM]&lt;INFO&gt;Country is := US and language id is := '-1'</Message>
          <Message>[5/14/2018 10:22:44 PM]&lt;INFO&gt;Current browser used for test execution is = 'IE'</Message>
          <Message>[5/14/2018 10:22:44 PM]&lt;INFO&gt;GenerateGiftCard : method executing...</Message>
          <Message>[5/14/2018 10:22:44 PM]&lt;INFO&gt;LaunchCustomBrowserWindow : method executing ...</Message>
          <Message>[5/14/2018 10:22:47 PM]&lt;INFO&gt;SurveyWindow : method executing ...</Message>
          <Message>[5/14/2018 10:22:50 PM]&lt;PASS&gt;&lt;GenerateGiftCard&gt;&lt; Validates that a new Gift Card Number generated successfully&gt;</Message>
          <Message>[5/14/2018 10:22:57 PM]&lt;INFO&gt;SurveyWindow : method executing ...</Message>
          <Message>[5/14/2018 10:23:04 PM]&lt;INFO&gt;ContinueOnCertificationErrorClickexecuting ...</Message>
          <Message>[5/14/2018 10:23:04 PM]&lt;Info&gt;DEAllBrowserWindow : Locating browser window...</Message>
          <Message>[5/14/2018 10:23:15 PM]&lt;INFO&gt;UserRegistration : method executing ...</Message>
          <Message>[5/14/2018 10:23:15 PM]&lt;Info&gt;AllBrowserWindow : Locating browser window...</Message>
          <Message>[5/14/2018 10:23:40 PM]&lt;Info&gt;AllBrowserWindow : Locating browser window...</Message>
          <Message>Assert.Fail failed. [5/14/2018 10:24:04 PM]&lt;Error&gt;AllBrowserWindow : failed executing ...Unable to find Windows Internet Explorer window with 'My Account - Internet Explorer' in the title., 
    StackTrace:
    AllBrowserWindow(),SharedBorderFree.cs,Line Number:1037
    UserRegistration(),SharedUserRegistration.cs,Line Number:818
    RegisterNewUser(),SharedUserRegistration.cs,Line Number:1158
    RegisterNewUser(),SharedUserRegistration.cs,Line Number:1171
    CheckoutGiftCardInformationRemovedBackToCart(),CheckoutCommon.cs,Line Number:2886</Message>
          <Message>[5/14/2018 10:24:04 PM]&lt;CaptureImage&gt;\\CMP01-YKumar\AutoLog\CMP01-INDIASQA\CheckoutGiftCardInformationRemovedBackToCart_20180514222404.png</Message>
          <Message>[5/14/2018 10:24:12 PM]&lt;INFO&gt;System.Data.DataTable GetProductConditional(ProductStockStatusType, PriceCondition, System.String, System.String, System.String, System.String, System.String, System.String, Boolean) : No record found for price condition - 'PriceRange-&gt; 100-200' ; and stock condition - 'InStock'</Message>
          <Message>[5/14/2018 10:24:12 PM]&lt;INFO&gt;SearchProductexecuting ... Searching term:= 'ALC101'</Message>
          <Message>[5/14/2018 10:24:19 PM]&lt;Info&gt;AllBrowserWindow : Locating browser window...</Message>
          <Message>[5/14/2018 10:24:20 PM]&lt;INFO&gt;BackOrderClickexecuting ...</Message>
          <Message>[5/14/2018 10:24:20 PM]&lt;INFO&gt;GoToCartClickexecuting ...</Message>
          <Message>[5/14/2018 10:24:26 PM]&lt;INFO&gt;CheckoutProcessStartShoppingCart : method executing</Message>
          <Message>[5/14/2018 10:24:26 PM]&lt;Info&gt;AllBrowserWindow : Locating browser window...</Message>
          <Message>[5/14/2018 10:24:36 PM]&lt;INFO&gt;CheckoutShoppingCartControls : method executing</Message>
          <Message>[5/14/2018 10:24:36 PM]&lt;Info&gt;AllBrowserWindow : Locating browser window...</Message>
          <Message>[5/14/2018 10:24:51 PM]&lt;Info&gt;AllBrowserWindow : Locating browser window...</Message>
          <Message>Assert.Fail failed. [5/14/2018 10:25:15 PM]&lt;Error&gt;AllBrowserWindow : failed executing ...Unable to find Windows Internet Explorer window with 'HorizonHobby - Shipping and Billing Display - Internet Explorer' in the title., 
    StackTrace:
    AllBrowserWindow(),SharedBorderFree.cs,Line Number:1037
    CheckoutGiftCardInformationRemovedBackToCart(),CheckoutCommon.cs,Line Number:2891</Message>
          <Message>[5/14/2018 10:25:15 PM]&lt;CaptureImage&gt;\\CMP01-YKumar\AutoLog\CMP01-INDIASQA\CheckoutGiftCardInformationRemovedBackToCart_20180514222515.png</Message>
          <Message>[5/14/2018 10:25:15 PM]&lt;INFO&gt;ApplyGiftCard : method executing... -&gt; ''</Message>
          <Message>[5/14/2018 10:25:15 PM]&lt;Info&gt;AllBrowserWindow : Locating browser window...</Message>
          <Message>Assert.Fail failed. [5/14/2018 10:25:40 PM]&lt;Error&gt;AllBrowserWindow : failed executing ...Unable to find Windows Internet Explorer window with 'HorizonHobby - Shipping and Billing Display - Internet Explorer' in the title., 
    StackTrace:
    AllBrowserWindow(),SharedBorderFree.cs,Line Number:1037
    ApplyGiftCard(),SharedCheckoutCommon.cs,Line Number:1230
    ApplyGiftCard(),SharedCheckoutCommon.cs,Line Number:1309
    CheckoutGiftCardInformationRemovedBackToCart(),CheckoutCommon.cs,Line Number:2894</Message>
          <Message>[5/14/2018 10:25:40 PM]&lt;CaptureImage&gt;\\CMP01-YKumar\AutoLog\CMP01-INDIASQA\CheckoutGiftCardInformationRemovedBackToCart_20180514222540.png</Message>
          <Message>Assert.Fail failed. [5/14/2018 10:25:47 PM]&lt;Error&gt;ApplyGiftCard : failed executing ...The playback failed to find the control with the given search properties. Additional Details: 
TechnologyName:  'Web'
ControlType:  'Edit'
TagName:  'INPUT'
Id:  'giftCard'
 Failed to find any control that matched the search condition ControlType='Edit' &amp;&amp; Id=&gt;'giftCard', 
    StackTrace:
    ApplyGiftCard(),SharedCheckoutCommon.cs,Line Number:1302
    ApplyGiftCard(),SharedCheckoutCommon.cs,Line Number:1309
    CheckoutGiftCardInformationRemovedBackToCart(),CheckoutCommon.cs,Line Number:2894</Message>
          <Message>[5/14/2018 10:25:47 PM]&lt;CaptureImage&gt;\\CMP01-YKumar\AutoLog\CMP01-INDIASQA\CheckoutGiftCardInformationRemovedBackToCart_20180514222547.png</Message>
          <Message>Assert.Fail failed. [5/14/2018 10:25:57 PM]&lt;ERROR&gt;CheckoutGiftCardInformationRemovedBackToCart : failed executing ...The playback failed to find the control with the given search properties. Additional Details: 
TechnologyName:  'Web'
ControlType:  'Pane'
TagName:  'DIV'
Class:  'gcItem'
 Failed to find any control that matched the search condition ControlType='Pane' &amp;&amp; Class=&gt;'gcItem', 
    StackTrace:
    CheckoutGiftCardInformationRemovedBackToCart(),CheckoutCommon.cs,Line Number:2947</Message>
          <Message>[5/14/2018 10:25:58 PM]&lt;CaptureImage&gt;\\CMP01-YKumar\AutoLog\CMP01-INDIASQA\CheckoutGiftCardInformationRemovedBackToCart_20180514222557.png</Message>
          <Message>[5/14/2018 10:25:58 PM]&lt;RESULT&gt;Test Ended:#PASS=1, #FAIL=0,#Other errors=5</Message>
          <Message>[5/14/2018 10:25:59 PM]&lt;INFO&gt;LogCPUAndMemoryUsage: Available Memory = 24291(MB), CPU Usage = 9.804615%</Message>
          <Message>[5/14/2018 10:25:59 PM]&lt;INFO&gt;Private Working Set for QTAgent32_40, usage=160080 (K)</Message>
          <Message>[5/14/2018 10:25:59 PM]&lt;RESULT&gt;&lt;CheckoutGiftCardInformationRemovedBackToCart&gt; Test FAILED: #Other errors=5. See Error Message/logs for further details.</Message>
        </TextMessages>
      </Output>
      <ResultFiles>
        <ResultFile path="CMP01-INDIASQA.horizonhobby.com\CheckoutCommonTestData_222243.xml" />
        <ResultFile path="CMP01-INDIASQA.horizonhobby.com\CheckoutGiftCardInformationRemovedBackToCart_20180514222243.log" />
        <ResultFile path="CMP01-INDIASQA.horizonhobby.com\CheckoutGiftCardInformationRemovedBackToCart_20180514222404.png" />
        <ResultFile path="CMP01-INDIASQA.horizonhobby.com\CheckoutGiftCardInformationRemovedBackToCart_20180514222515.png" />
        <ResultFile path="CMP01-INDIASQA.horizonhobby.com\CheckoutGiftCardInformationRemovedBackToCart_20180514222540.png" />
        <ResultFile path="CMP01-INDIASQA.horizonhobby.com\CheckoutGiftCardInformationRemovedBackToCart_20180514222547.png" />
        <ResultFile path="CMP01-INDIASQA.horizonhobby.com\CheckoutGiftCardInformationRemovedBackToCart_20180514222557.png" />
        <ResultFile path="CMP01-INDIASQA.horizonhobby.com\CheckoutGiftCardInformationRemovedBackToCart_ResultsONLY_20180514222243.log" />
        <ResultFile path="CMP01-INDIASQA.horizonhobby.com\SharedCommonConfig.xml" />
      </ResultFiles>
    </UnitTestResult>
    <UnitTestResult executionId="ea0d5047-c6fc-4121-81cf-e8535a103ff1" testId="3edd0b63-bf6f-08bc-7a35-6f63ec5b1606" testName="CheckoutCartUpdateRules" computerName="CMP01-INDIASQA" duration="00:04:54.5384264" startTime="2018-05-14T22:26:01.5134730-05:00" endTime="2018-05-14T22:30:56.0844730-05:00" testType="13cdc9d9-ddb5-4fa4-a97d-d965ccfc6d4b" outcome="Passed" testListId="8c84fa94-04c1-424b-9868-57a2d4851a1d" relativeResultsDirectory="ea0d5047-c6fc-4121-81cf-e8535a103ff1">
      <Output>
        <StdOut>Logging to custom path:\\CMP01-YKumar\AutoLog</StdOut>
        <TextMessages>
          <Message>[5/14/2018 10:26:01 PM]&lt;STARTLOG&gt;&lt;CheckoutCartUpdateRules&gt;Test Started: Expecting: #PASS=Undefined and #FAIL=0
Running from MTM=True, running on machine name:CMP01-INDIASQA, user name=ykumar, OS=Microsoft Windows NT 6.1.7601 Service Pack 1, Is64BitOS=True</Message>
          <Message>[5/14/2018 10:26:02 PM]&lt;INFO&gt;LogCPUAndMemoryUsage: Available Memory = 24303(MB), CPU Usage = 16.75836%</Message>
          <Message>[5/14/2018 10:26:02 PM]&lt;INFO&gt;Private Working Set for QTAgent32_40, usage=160152 (K)</Message>
          <Message>[5/14/2018 10:26:02 PM]&lt;INFO&gt;Path To TestConfig xml=E:\LoadTestResult\VSEQT\QTAgent\26973\CMP01-INDIASQA.horizonhobby.com\Deployment\SharedCommonConfig.xml</Message>
          <Message>[5/14/2018 10:26:02 PM]&lt;INFO&gt;Path To TestData xml=E:\LoadTestResult\VSEQT\QTAgent\26973\CMP01-INDIASQA.horizonhobby.com\Deployment\CheckoutCommonTestData_222601.xml</Message>
          <Message>[5/14/2018 10:26:02 PM]&lt;INFO&gt;Path To HorizonHobbyQA Application Url=https://www-tst.horizonhobby.com</Message>
          <Message>[5/14/2018 10:26:02 PM]&lt;INFO&gt;HorizonHobbyQA sql connection string=Server=cmp02-ws-tst-db01:50000;Database=TST01DB;UID=wcdbuser;PWD=h0r1z0n;Connect Timeout=30</Message>
          <Message>[5/14/2018 10:26:02 PM]&lt;INFO&gt;Country is := US and language id is := '-1'</Message>
          <Message>[5/14/2018 10:26:02 PM]&lt;INFO&gt;Current browser used for test execution is = 'IE'</Message>
          <Message>[5/14/2018 10:26:09 PM]&lt;INFO&gt;SearchProductexecuting ... Searching term:= 'DYN2511'</Message>
          <Message>[5/14/2018 10:26:16 PM]&lt;Info&gt;AllBrowserWindow : Locating browser window...</Message>
          <Message>[5/14/2018 10:26:16 PM]&lt;INFO&gt;BackOrderClickexecuting ...</Message>
          <Message>[5/14/2018 10:26:17 PM]&lt;INFO&gt;GoToCartClickexecuting ...</Message>
          <Message>[5/14/2018 10:26:23 PM]&lt;INFO&gt;CheckoutProcessStartShoppingCart : method executing</Message>
          <Message>[5/14/2018 10:26:23 PM]&lt;Info&gt;AllBrowserWindow : Locating browser window...</Message>
          <Message>[5/14/2018 10:26:33 PM]&lt;INFO&gt;CheckoutShoppingCartControls : method executing</Message>
          <Message>[5/14/2018 10:26:33 PM]&lt;Info&gt;AllBrowserWindow : Locating browser window...</Message>
          <Message>[5/14/2018 10:26:49 PM]&lt;Info&gt;AllBrowserWindow : Locating browser window...</Message>
          <Message>[5/14/2018 10:26:51 PM]&lt;INFO&gt;FillBillingAndShippingAddressexecuting ...</Message>
          <Message>[5/14/2018 10:26:51 PM]&lt;Info&gt;AllBrowserWindow : Locating browser window...</Message>
          <Message>[5/14/2018 10:26:55 PM]&lt;INFO&gt;SelectBillingCountryexecuting ...</Message>
          <Message>[5/14/2018 10:27:03 PM]&lt;INFO&gt;SelectBillingStateexecuting ...</Message>
          <Message>[5/14/2018 10:27:18 PM]&lt;INFO&gt;SelectShippingCountryexecuting ...</Message>
          <Message>[5/14/2018 10:27:22 PM]&lt;INFO&gt;SelectShippingStateexecuting ...</Message>
          <Message>[5/14/2018 10:27:36 PM]&lt;PASS&gt;&lt;OrderTabSelection&gt;&lt;Validate that  Shipping Billing Method tab is- step_on&gt;</Message>
          <Message>[5/14/2018 10:27:36 PM]&lt;PASS&gt;&lt;OrderTabSelection&gt;&lt;Validate that  Review Order tab is- step_off&gt;</Message>
          <Message>[5/14/2018 10:27:36 PM]&lt;PASS&gt;&lt;OrderTabSelection&gt;&lt;Validate that  Order Summary tab is- step_off&gt;</Message>
          <Message>[5/14/2018 10:27:36 PM]&lt;Info&gt;AllBrowserWindow : Locating browser window...</Message>
          <Message>[5/14/2018 10:27:37 PM]&lt;INFO&gt;CheckoutProcessStartShoppingCart : method executing</Message>
          <Message>[5/14/2018 10:27:37 PM]&lt;Info&gt;AllBrowserWindow : Locating browser window...</Message>
          <Message>[5/14/2018 10:27:47 PM]&lt;INFO&gt;CheckoutShoppingCartControls : method executing</Message>
          <Message>[5/14/2018 10:27:47 PM]&lt;Info&gt;AllBrowserWindow : Locating browser window...</Message>
          <Message>[5/14/2018 10:28:03 PM]&lt;INFO&gt;SelectCheckoutPaymentRadiobutton : method executing</Message>
          <Message>[5/14/2018 10:28:03 PM]&lt;INFO&gt;CheckoutCreditCardShippingAndBillingControls : method executing</Message>
          <Message>[5/14/2018 10:28:03 PM]&lt;Info&gt;AllBrowserWindow : Locating browser window...</Message>
          <Message>[5/14/2018 10:30:20 PM]&lt;INFO&gt;FillCreditCardDetails : method executing</Message>
          <Message>[5/14/2018 10:30:20 PM]&lt;INFO&gt;CheckoutCreditCardShippingAndBillingControls : method executing</Message>
          <Message>[5/14/2018 10:30:20 PM]&lt;Info&gt;AllBrowserWindow : Locating browser window...</Message>
          <Message>[5/14/2018 10:30:30 PM]&lt;INFO&gt;ClickReviewOrder : method executing</Message>
          <Message>[5/14/2018 10:30:30 PM]&lt;INFO&gt;CheckoutCreditCardShippingAndBillingControls : method executing</Message>
          <Message>[5/14/2018 10:30:30 PM]&lt;Info&gt;AllBrowserWindow : Locating browser window...</Message>
          <Message>[5/14/2018 10:30:36 PM]&lt;Info&gt;AllBrowserWindow : Locating browser window...</Message>
          <Message>[5/14/2018 10:30:52 PM]&lt;PASS&gt;&lt;OrderTabSelection&gt;&lt;Validate that  Shipping Billing Method tab is- link&gt;</Message>
          <Message>[5/14/2018 10:30:52 PM]&lt;PASS&gt;&lt;OrderTabSelection&gt;&lt;Validate that  Review Order tab is- step_on&gt;</Message>
          <Message>[5/14/2018 10:30:52 PM]&lt;PASS&gt;&lt;OrderTabSelection&gt;&lt;Validate that  Order Summary tab is- step_off&gt;</Message>
          <Message>[5/14/2018 10:30:52 PM]&lt;RESULT&gt;Test Ended:#PASS=6, #FAIL=0</Message>
          <Message>[5/14/2018 10:30:53 PM]&lt;INFO&gt;LogCPUAndMemoryUsage: Available Memory = 24171(MB), CPU Usage = 23.83069%</Message>
          <Message>[5/14/2018 10:30:53 PM]&lt;INFO&gt;Private Working Set for QTAgent32_40, usage=152388 (K)</Message>
          <Message>[5/14/2018 10:30:54 PM]&lt;RESULT&gt;&lt;CheckoutCartUpdateRules&gt; Test PASSED</Message>
        </TextMessages>
      </Output>
    </UnitTestResult>
    <UnitTestResult executionId="ffab471c-aeaf-4bf5-830a-8a8089b42c3f" testId="227538fd-0eda-ee49-efa8-42264e3489b8" testName="CreditCardCheckoutAuthorizationUnderReviewWithGiftCards" computerName="CMP01-INDIASQA" duration="00:19:49.2398977" startTime="2018-05-14T22:30:56.0864730-05:00" endTime="2018-05-14T22:50:45.9164730-05:00" testType="13cdc9d9-ddb5-4fa4-a97d-d965ccfc6d4b" outcome="Failed" testListId="8c84fa94-04c1-424b-9868-57a2d4851a1d" relativeResultsDirectory="ffab471c-aeaf-4bf5-830a-8a8089b42c3f">
      <Output>
        <StdOut>Logging to custom path:\\CMP01-YKumar\AutoLog</StdOut>
        <ErrorInfo>
          <Message>Assert.Fail failed. 
Actual #FAIL=6, #Expected FAIL=0
#Other errors=48
[Error details below]
&lt;FAIL&gt;&lt;CreditCardCheckoutAuthorizationUnderReviewWithGiftCards&gt;&lt;Validates the CC transaction failed error message appearing&gt;.Assert.AreEqual failed. Expected:&lt;Please update your card_cvn with valid value to proceed with order. (Tip -- To avoid processing delays, please ensure Address or Payment information contain alphabet [A-Z] and numbers [0-9] only).&gt;. Actual:&lt;&gt;. 
    StackTrace:
    CreditCardCheckoutAuthorizationUnderReviewWithGiftCards(),CheckoutCreditCard.cs,Line Number:149
&lt;FAIL&gt;&lt;CreditCardCheckoutAuthorizationUnderReviewWithGiftCards&gt;&lt;Validates Gift Card entered on Order remains on order.&gt;.Assert.AreEqual failed. Expected:&lt;True&gt;. Actual:&lt;False&gt;. 
    StackTrace:
    CreditCardCheckoutAuthorizationUnderReviewWithGiftCards(),CheckoutCreditCard.cs,Line Number:154</Message>
          <StackTrace>   at TestAuto.LoggingAndSharedGenericMethods.EndTest() in c:\Builds\1\WebSphere\QATestAutomation\src\CodedUITest\SourceCode\Common\Logging\Logging.cs:line 1628
   at TestAuto.CheckoutCreditCard.TestCleanup() in c:\Builds\1\WebSphere\QATestAutomation\src\CodedUITest\SourceCode\HHobby\Checkout\CheckoutCreditCard.cs:line 4170
</StackTrace>
        </ErrorInfo>
        <TextMessages>
          <Message>[5/14/2018 10:30:56 PM]&lt;STARTLOG&gt;&lt;CreditCardCheckoutAuthorizationUnderReviewWithGiftCards&gt;Test Started: Expecting: #PASS=Undefined and #FAIL=0
Running from MTM=True, running on machine name:CMP01-INDIASQA, user name=ykumar, OS=Microsoft Windows NT 6.1.7601 Service Pack 1, Is64BitOS=True</Message>
          <Message>[5/14/2018 10:30:57 PM]&lt;INFO&gt;LogCPUAndMemoryUsage: Available Memory = 24198(MB), CPU Usage = 16.62285%</Message>
          <Message>[5/14/2018 10:30:57 PM]&lt;INFO&gt;Private Working Set for QTAgent32_40, usage=152480 (K)</Message>
          <Message>[5/14/2018 10:30:57 PM]&lt;INFO&gt;Path To TestConfig xml=E:\LoadTestResult\VSEQT\QTAgent\26973\CMP01-INDIASQA.horizonhobby.com\Deployment\SharedCommonConfig.xml</Message>
          <Message>[5/14/2018 10:30:57 PM]&lt;INFO&gt;Path To TestData xml=E:\LoadTestResult\VSEQT\QTAgent\26973\CMP01-INDIASQA.horizonhobby.com\Deployment\CheckoutCreditCard_223056.xml</Message>
          <Message>[5/14/2018 10:30:57 PM]&lt;INFO&gt;Path To HorizonHobbyQA Application Url=https://www-tst.horizonhobby.com</Message>
          <Message>[5/14/2018 10:30:57 PM]&lt;INFO&gt;HorizonHobbyQA sql connection string=Server=cmp02-ws-tst-db01:50000;Database=TST01DB;UID=wcdbuser;PWD=h0r1z0n;Connect Timeout=30</Message>
          <Message>[5/14/2018 10:30:57 PM]&lt;INFO&gt;Country is := US and language id is := '-1'</Message>
          <Message>[5/14/2018 10:30:57 PM]&lt;INFO&gt;Current browser used for test execution is = 'IE'</Message>
          <Message>[5/14/2018 10:30:57 PM]&lt;INFO&gt;GetProductAssociatedCategoriesFromDB method executing...</Message>
          <Message>[5/14/2018 10:30:57 PM]&lt;INFO&gt;GenerateGiftCard : method executing...</Message>
          <Message>[5/14/2018 10:30:57 PM]&lt;INFO&gt;LaunchCustomBrowserWindow : method executing ...</Message>
          <Message>[5/14/2018 10:31:00 PM]&lt;INFO&gt;SurveyWindow : method executing ...</Message>
          <Message>[5/14/2018 10:31:03 PM]&lt;PASS&gt;&lt;GenerateGiftCard&gt;&lt; Validates that a new Gift Card Number generated successfully&gt;</Message>
          <Message>[5/14/2018 10:31:09 PM]&lt;INFO&gt;SurveyWindow : method executing ...</Message>
          <Message>[5/14/2018 10:31:17 PM]&lt;INFO&gt;ContinueOnCertificationErrorClickexecuting ...</Message>
          <Message>[5/14/2018 10:31:17 PM]&lt;Info&gt;DEAllBrowserWindow : Locating browser window...</Message>
          <Message>[5/14/2018 10:31:24 PM]&lt;INFO&gt;UserRegistration : method executing ...</Message>
          <Message>[5/14/2018 10:31:24 PM]&lt;Info&gt;AllBrowserWindow : Locating browser window...</Message>
          <Message>[5/14/2018 10:31:50 PM]&lt;Info&gt;AllBrowserWindow : Locating browser window...</Message>
          <Message>Assert.Fail failed. [5/14/2018 10:32:14 PM]&lt;Error&gt;AllBrowserWindow : failed executing ...Unable to find Windows Internet Explorer window with 'My Account - Internet Explorer' in the title., 
    StackTrace:
    AllBrowserWindow(),SharedBorderFree.cs,Line Number:1037
    UserRegistration(),SharedUserRegistration.cs,Line Number:818
    RegisterNewUser(),SharedUserRegistration.cs,Line Number:1158
    RegisterNewUser(),SharedUserRegistration.cs,Line Number:1171
    CreditCardCheckoutAuthorizationUnderReviewWithGiftCards(),CheckoutCreditCard.cs,Line Number:138</Message>
          <Message>[5/14/2018 10:32:14 PM]&lt;CaptureImage&gt;\\CMP01-YKumar\AutoLog\CMP01-INDIASQA\CreditCardCheckoutAuthorizationUnderReviewWithGiftCards_20180514223214.png</Message>
          <Message>[5/14/2018 10:32:18 PM]&lt;Info&gt;AllBrowserWindow : Locating browser window...</Message>
          <Message>Assert.Fail failed. [5/14/2018 10:32:42 PM]&lt;Error&gt;AllBrowserWindow : failed executing ...Unable to find Windows Internet Explorer window with 'My Account - Internet Explorer' in the title., 
    StackTrace:
    AllBrowserWindow(),SharedBorderFree.cs,Line Number:1037
    CreditCardCheckoutAuthorizationUnderReviewWithGiftCards(),CheckoutCreditCard.cs,Line Number:140</Message>
          <Message>[5/14/2018 10:32:42 PM]&lt;CaptureImage&gt;\\CMP01-YKumar\AutoLog\CMP01-INDIASQA\CreditCardCheckoutAuthorizationUnderReviewWithGiftCards_20180514223242.png</Message>
          <Message>[5/14/2018 10:32:42 PM]&lt;INFO&gt;CheckoutCommonWorkflow : method executing</Message>
          <Message>[5/14/2018 10:32:49 PM]&lt;INFO&gt;SearchProductexecuting ... Searching term:= 'TAM56301'</Message>
          <Message>[5/14/2018 10:32:56 PM]&lt;Info&gt;AllBrowserWindow : Locating browser window...</Message>
          <Message>[5/14/2018 10:32:58 PM]&lt;INFO&gt;BackOrderClickexecuting ...</Message>
          <Message>[5/14/2018 10:32:59 PM]&lt;INFO&gt;GoToCartClickexecuting ...</Message>
          <Message>[5/14/2018 10:33:05 PM]&lt;INFO&gt;CheckoutProcessStartShoppingCart : method executing</Message>
          <Message>[5/14/2018 10:33:05 PM]&lt;Info&gt;AllBrowserWindow : Locating browser window...</Message>
          <Message>[5/14/2018 10:33:14 PM]&lt;INFO&gt;CheckoutShoppingCartControls : method executing</Message>
          <Message>[5/14/2018 10:33:14 PM]&lt;Info&gt;AllBrowserWindow : Locating browser window...</Message>
          <Message>[5/14/2018 10:33:29 PM]&lt;Info&gt;AllBrowserWindow : Locating browser window...</Message>
          <Message>Assert.Fail failed. [5/14/2018 10:33:53 PM]&lt;Error&gt;AllBrowserWindow : failed executing ...Unable to find Windows Internet Explorer window with 'HorizonHobby - Shipping and Billing Display - Internet Explorer' in the title., 
    StackTrace:
    AllBrowserWindow(),SharedBorderFree.cs,Line Number:1037
    CheckoutCommonWorkflow(),SharedCheckoutCreditCard.cs,Line Number:944
    CreditCardCheckoutAuthorizationUnderReviewWithGiftCards(),CheckoutCreditCard.cs,Line Number:144</Message>
          <Message>[5/14/2018 10:33:53 PM]&lt;CaptureImage&gt;\\CMP01-YKumar\AutoLog\CMP01-INDIASQA\CreditCardCheckoutAuthorizationUnderReviewWithGiftCards_20180514223353.png</Message>
          <Message>[5/14/2018 10:33:54 PM]&lt;INFO&gt;CheckoutCreditCardShippingAndBillingControls : method executing</Message>
          <Message>[5/14/2018 10:33:54 PM]&lt;Info&gt;AllBrowserWindow : Locating browser window...</Message>
          <Message>Assert.Fail failed. [5/14/2018 10:34:18 PM]&lt;Error&gt;AllBrowserWindow : failed executing ...Unable to find Windows Internet Explorer window with 'HorizonHobby - Shipping and Billing Display - Internet Explorer' in the title., 
    StackTrace:
    AllBrowserWindow(),SharedBorderFree.cs,Line Number:1037
    CheckoutCreditCardShippingAndBillingControls(),SharedCheckoutCreditCard.cs,Line Number:66
    OrderTableRecords(),SharedCheckoutCreditCard.cs,Line Number:138
    CheckoutCommonWorkflow(),SharedCheckoutCreditCard.cs,Line Number:953
    CreditCardCheckoutAuthorizationUnderReviewWithGiftCards(),CheckoutCreditCard.cs,Line Number:144</Message>
          <Message>[5/14/2018 10:34:18 PM]&lt;CaptureImage&gt;\\CMP01-YKumar\AutoLog\CMP01-INDIASQA\CreditCardCheckoutAuthorizationUnderReviewWithGiftCards_20180514223418.png</Message>
          <Message>[5/14/2018 10:34:27 PM]&lt;INFO&gt;TotalValue : method executing ...</Message>
          <Message>Assert.Fail failed. [5/14/2018 10:34:27 PM]&lt;Error&gt;TotalValue : failed executing ...Input string was not in a correct format., 
    StackTrace:
    TotalValue(),SharedCheckoutCreditCard.cs,Line Number:1071
    CheckoutCommonWorkflow(),SharedCheckoutCreditCard.cs,Line Number:955
    CreditCardCheckoutAuthorizationUnderReviewWithGiftCards(),CheckoutCreditCard.cs,Line Number:144</Message>
          <Message>[5/14/2018 10:34:28 PM]&lt;CaptureImage&gt;\\CMP01-YKumar\AutoLog\CMP01-INDIASQA\CreditCardCheckoutAuthorizationUnderReviewWithGiftCards_20180514223427.png</Message>
          <Message>[5/14/2018 10:34:28 PM]&lt;INFO&gt;ApplyGiftCard : method executing... -&gt; ''</Message>
          <Message>[5/14/2018 10:34:28 PM]&lt;Info&gt;AllBrowserWindow : Locating browser window...</Message>
          <Message>Assert.Fail failed. [5/14/2018 10:34:51 PM]&lt;Error&gt;AllBrowserWindow : failed executing ...Unable to find Windows Internet Explorer window with 'HorizonHobby - Shipping and Billing Display - Internet Explorer' in the title., 
    StackTrace:
    AllBrowserWindow(),SharedBorderFree.cs,Line Number:1037
    ApplyGiftCard(),SharedCheckoutCommon.cs,Line Number:1230
    ApplyGiftCard(),SharedCheckoutCommon.cs,Line Number:1309
    CheckoutCommonWorkflow(),SharedCheckoutCreditCard.cs,Line Number:958
    CreditCardCheckoutAuthorizationUnderReviewWithGiftCards(),CheckoutCreditCard.cs,Line Number:144</Message>
          <Message>[5/14/2018 10:34:51 PM]&lt;CaptureImage&gt;\\CMP01-YKumar\AutoLog\CMP01-INDIASQA\CreditCardCheckoutAuthorizationUnderReviewWithGiftCards_20180514223451.png</Message>
          <Message>Assert.Fail failed. [5/14/2018 10:34:59 PM]&lt;Error&gt;ApplyGiftCard : failed executing ...The playback failed to find the control with the given search properties. Additional Details: 
TechnologyName:  'Web'
ControlType:  'Edit'
TagName:  'INPUT'
Id:  'giftCard'
 Failed to find any control that matched the search condition ControlType='Edit' &amp;&amp; Id=&gt;'giftCard', 
    StackTrace:
    ApplyGiftCard(),SharedCheckoutCommon.cs,Line Number:1302
    ApplyGiftCard(),SharedCheckoutCommon.cs,Line Number:1309
    CheckoutCommonWorkflow(),SharedCheckoutCreditCard.cs,Line Number:958
    CreditCardCheckoutAuthorizationUnderReviewWithGiftCards(),CheckoutCreditCard.cs,Line Number:144</Message>
          <Message>[5/14/2018 10:34:59 PM]&lt;CaptureImage&gt;\\CMP01-YKumar\AutoLog\CMP01-INDIASQA\CreditCardCheckoutAuthorizationUnderReviewWithGiftCards_20180514223459.png</Message>
          <Message>[5/14/2018 10:35:04 PM]&lt;Info&gt;AllBrowserWindow : Locating browser window...</Message>
          <Message>Assert.Fail failed. [5/14/2018 10:35:28 PM]&lt;Error&gt;AllBrowserWindow : failed executing ...Unable to find Windows Internet Explorer window with 'HorizonHobby - Shipping and Billing Display - Internet Explorer' in the title., 
    StackTrace:
    AllBrowserWindow(),SharedBorderFree.cs,Line Number:1037
    CheckoutCommonWorkflow(),SharedCheckoutCreditCard.cs,Line Number:960
    CreditCardCheckoutAuthorizationUnderReviewWithGiftCards(),CheckoutCreditCard.cs,Line Number:144</Message>
          <Message>[5/14/2018 10:35:28 PM]&lt;CaptureImage&gt;\\CMP01-YKumar\AutoLog\CMP01-INDIASQA\CreditCardCheckoutAuthorizationUnderReviewWithGiftCards_20180514223528.png</Message>
          <Message>[5/14/2018 10:35:28 PM]&lt;INFO&gt;CheckoutCreditCardShippingAndBillingControls : method executing</Message>
          <Message>[5/14/2018 10:35:28 PM]&lt;Info&gt;AllBrowserWindow : Locating browser window...</Message>
          <Message>Assert.Fail failed. [5/14/2018 10:35:52 PM]&lt;Error&gt;AllBrowserWindow : failed executing ...Unable to find Windows Internet Explorer window with 'HorizonHobby - Shipping and Billing Display - Internet Explorer' in the title., 
    StackTrace:
    AllBrowserWindow(),SharedBorderFree.cs,Line Number:1037
    CheckoutCreditCardShippingAndBillingControls(),SharedCheckoutCreditCard.cs,Line Number:66
    OrderTableRecords(),SharedCheckoutCreditCard.cs,Line Number:138
    CheckoutCommonWorkflow(),SharedCheckoutCreditCard.cs,Line Number:967
    CreditCardCheckoutAuthorizationUnderReviewWithGiftCards(),CheckoutCreditCard.cs,Line Number:144</Message>
          <Message>[5/14/2018 10:35:53 PM]&lt;CaptureImage&gt;\\CMP01-YKumar\AutoLog\CMP01-INDIASQA\CreditCardCheckoutAuthorizationUnderReviewWithGiftCards_20180514223552.png</Message>
          <Message>[5/14/2018 10:36:01 PM]&lt;INFO&gt;TotalValue : method executing ...</Message>
          <Message>Assert.Fail failed. [5/14/2018 10:36:01 PM]&lt;Error&gt;TotalValue : failed executing ...Input string was not in a correct format., 
    StackTrace:
    TotalValue(),SharedCheckoutCreditCard.cs,Line Number:1071
    CheckoutCommonWorkflow(),SharedCheckoutCreditCard.cs,Line Number:968
    CreditCardCheckoutAuthorizationUnderReviewWithGiftCards(),CheckoutCreditCard.cs,Line Number:144</Message>
          <Message>[5/14/2018 10:36:01 PM]&lt;CaptureImage&gt;\\CMP01-YKumar\AutoLog\CMP01-INDIASQA\CreditCardCheckoutAuthorizationUnderReviewWithGiftCards_20180514223601.png</Message>
          <Message>[5/14/2018 10:36:01 PM]&lt;FAIL&gt;&lt;CheckoutCommonWorkflow&gt;&lt; Validates expected authorization amount: '50' is equals actual authorization amount: '0'&gt;.Assert.AreEqual failed. Expected:&lt;50&gt;. Actual:&lt;0&gt;. 
    StackTrace:
    CheckoutCommonWorkflow(),SharedCheckoutCreditCard.cs,Line Number:971
    CreditCardCheckoutAuthorizationUnderReviewWithGiftCards(),CheckoutCreditCard.cs,Line Number:144</Message>
          <Message>[5/14/2018 10:36:01 PM]&lt;CaptureImage&gt;\\CMP01-YKumar\AutoLog\CMP01-INDIASQA\CreditCardCheckoutAuthorizationUnderReviewWithGiftCards_20180514223601.png</Message>
          <Message>[5/14/2018 10:36:01 PM]&lt;INFO&gt;ShippingAddressSelection : method executing</Message>
          <Message>[5/14/2018 10:36:01 PM]&lt;INFO&gt;CheckoutCreditCardShippingAndBillingControls : method executing</Message>
          <Message>[5/14/2018 10:36:01 PM]&lt;Info&gt;AllBrowserWindow : Locating browser window...</Message>
          <Message>Assert.Fail failed. [5/14/2018 10:36:25 PM]&lt;Error&gt;AllBrowserWindow : failed executing ...Unable to find Windows Internet Explorer window with 'HorizonHobby - Shipping and Billing Display - Internet Explorer' in the title., 
    StackTrace:
    AllBrowserWindow(),SharedBorderFree.cs,Line Number:1037
    CheckoutCreditCardShippingAndBillingControls(),SharedCheckoutCreditCard.cs,Line Number:66
    ShippingAddressSelection(),SharedCheckoutCreditCard.cs,Line Number:263
    CheckoutCommonWorkflow(),SharedCheckoutCreditCard.cs,Line Number:975
    CreditCardCheckoutAuthorizationUnderReviewWithGiftCards(),CheckoutCreditCard.cs,Line Number:144</Message>
          <Message>[5/14/2018 10:36:25 PM]&lt;CaptureImage&gt;\\CMP01-YKumar\AutoLog\CMP01-INDIASQA\CreditCardCheckoutAuthorizationUnderReviewWithGiftCards_20180514223625.png</Message>
          <Message>Assert.Fail failed. [5/14/2018 10:36:32 PM]&lt;ERROR&gt;ShippingAddressSelection : failed executing ...The playback failed to find the control with the given search properties. Additional Details: 
TechnologyName:  'Web'
ControlType:  'ComboBox'
TagName:  'SELECT'
Id:  'singleShipmentAddress'
 Failed to find any control that matched the value singleShipmentAddress for the search property Id., 
    StackTrace:
    ShippingAddressSelection(),SharedCheckoutCreditCard.cs,Line Number:273
    CheckoutCommonWorkflow(),SharedCheckoutCreditCard.cs,Line Number:975
    CreditCardCheckoutAuthorizationUnderReviewWithGiftCards(),CheckoutCreditCard.cs,Line Number:144</Message>
          <Message>[5/14/2018 10:36:32 PM]&lt;CaptureImage&gt;\\CMP01-YKumar\AutoLog\CMP01-INDIASQA\CreditCardCheckoutAuthorizationUnderReviewWithGiftCards_20180514223632.png</Message>
          <Message>[5/14/2018 10:36:32 PM]&lt;INFO&gt;SelectCheckoutPaymentRadiobutton : method executing</Message>
          <Message>[5/14/2018 10:36:32 PM]&lt;INFO&gt;CheckoutCreditCardShippingAndBillingControls : method executing</Message>
          <Message>[5/14/2018 10:36:32 PM]&lt;Info&gt;AllBrowserWindow : Locating browser window...</Message>
          <Message>Assert.Fail failed. [5/14/2018 10:36:56 PM]&lt;Error&gt;AllBrowserWindow : failed executing ...Unable to find Windows Internet Explorer window with 'HorizonHobby - Shipping and Billing Display - Internet Explorer' in the title., 
    StackTrace:
    AllBrowserWindow(),SharedBorderFree.cs,Line Number:1037
    CheckoutCreditCardShippingAndBillingControls(),SharedCheckoutCreditCard.cs,Line Number:66
    SelectCheckoutPaymentRadiobutton(),SharedCheckoutCreditCard.cs,Line Number:514
    CheckoutCommonWorkflow(),SharedCheckoutCreditCard.cs,Line Number:981
    CreditCardCheckoutAuthorizationUnderReviewWithGiftCards(),CheckoutCreditCard.cs,Line Number:144</Message>
          <Message>[5/14/2018 10:36:56 PM]&lt;CaptureImage&gt;\\CMP01-YKumar\AutoLog\CMP01-INDIASQA\CreditCardCheckoutAuthorizationUnderReviewWithGiftCards_20180514223656.png</Message>
          <Message>Assert.Fail failed. [5/14/2018 10:37:03 PM]&lt;ERROR&gt;SelectCheckoutPaymentRadiobutton : failed executing ...Index was out of range. Must be non-negative and less than the size of the collection.
Parameter name: index, 
    StackTrace:
    SelectCheckoutPaymentRadiobutton(),SharedCheckoutCreditCard.cs,Line Number:539
    CheckoutCommonWorkflow(),SharedCheckoutCreditCard.cs,Line Number:981
    CreditCardCheckoutAuthorizationUnderReviewWithGiftCards(),CheckoutCreditCard.cs,Line Number:144</Message>
          <Message>[5/14/2018 10:37:03 PM]&lt;CaptureImage&gt;\\CMP01-YKumar\AutoLog\CMP01-INDIASQA\CreditCardCheckoutAuthorizationUnderReviewWithGiftCards_20180514223703.png</Message>
          <Message>[5/14/2018 10:37:03 PM]&lt;INFO&gt;FillCreditCardDetails : method executing</Message>
          <Message>[5/14/2018 10:37:03 PM]&lt;INFO&gt;CheckoutCreditCardShippingAndBillingControls : method executing</Message>
          <Message>[5/14/2018 10:37:03 PM]&lt;Info&gt;AllBrowserWindow : Locating browser window...</Message>
          <Message>Assert.Fail failed. [5/14/2018 10:37:27 PM]&lt;Error&gt;AllBrowserWindow : failed executing ...Unable to find Windows Internet Explorer window with 'HorizonHobby - Shipping and Billing Display - Internet Explorer' in the title., 
    StackTrace:
    AllBrowserWindow(),SharedBorderFree.cs,Line Number:1037
    CheckoutCreditCardShippingAndBillingControls(),SharedCheckoutCreditCard.cs,Line Number:66
    FillCreditCardDetails(),SharedCheckoutCreditCard.cs,Line Number:551
    CheckoutCommonWorkflow(),SharedCheckoutCreditCard.cs,Line Number:984
    CreditCardCheckoutAuthorizationUnderReviewWithGiftCards(),CheckoutCreditCard.cs,Line Number:144</Message>
          <Message>[5/14/2018 10:37:27 PM]&lt;CaptureImage&gt;\\CMP01-YKumar\AutoLog\CMP01-INDIASQA\CreditCardCheckoutAuthorizationUnderReviewWithGiftCards_20180514223727.png</Message>
          <Message>Assert.Fail failed. [5/14/2018 10:37:34 PM]&lt;ERROR&gt;FillCreditCardDetails : failed executing ...The playback failed to find the control with the given search properties. Additional Details: 
TechnologyName:  'Web'
ControlType:  'Edit'
TagName:  'INPUT'
Class:  'cardEntry_cardNumInput'
 Failed to find any control that matched the search condition ControlType='Edit' &amp;&amp; Class=&gt;'cardEntry_cardNumInput', 
    StackTrace:
    FillCreditCardDetails(),SharedCheckoutCreditCard.cs,Line Number:570
    CheckoutCommonWorkflow(),SharedCheckoutCreditCard.cs,Line Number:984
    CreditCardCheckoutAuthorizationUnderReviewWithGiftCards(),CheckoutCreditCard.cs,Line Number:144</Message>
          <Message>[5/14/2018 10:37:34 PM]&lt;CaptureImage&gt;\\CMP01-YKumar\AutoLog\CMP01-INDIASQA\CreditCardCheckoutAuthorizationUnderReviewWithGiftCards_20180514223734.png</Message>
          <Message>[5/14/2018 10:37:34 PM]&lt;INFO&gt;ClickReviewOrder : method executing</Message>
          <Message>[5/14/2018 10:37:34 PM]&lt;INFO&gt;CheckoutCreditCardShippingAndBillingControls : method executing</Message>
          <Message>[5/14/2018 10:37:34 PM]&lt;Info&gt;AllBrowserWindow : Locating browser window...</Message>
          <Message>Assert.Fail failed. [5/14/2018 10:37:58 PM]&lt;Error&gt;AllBrowserWindow : failed executing ...Unable to find Windows Internet Explorer window with 'HorizonHobby - Shipping and Billing Display - Internet Explorer' in the title., 
    StackTrace:
    AllBrowserWindow(),SharedBorderFree.cs,Line Number:1037
    CheckoutCreditCardShippingAndBillingControls(),SharedCheckoutCreditCard.cs,Line Number:66
    ClickReviewOrder(),SharedCheckoutCreditCard.cs,Line Number:582
    CheckoutCommonWorkflow(),SharedCheckoutCreditCard.cs,Line Number:986
    CreditCardCheckoutAuthorizationUnderReviewWithGiftCards(),CheckoutCreditCard.cs,Line Number:144</Message>
          <Message>[5/14/2018 10:37:58 PM]&lt;CaptureImage&gt;\\CMP01-YKumar\AutoLog\CMP01-INDIASQA\CreditCardCheckoutAuthorizationUnderReviewWithGiftCards_20180514223758.png</Message>
          <Message>Assert.Fail failed. [5/14/2018 10:38:08 PM]&lt;ERROR&gt;ClickReviewOrder : failed executing ...The playback failed to find the control with the given search properties. Additional Details: 
TechnologyName:  'Web'
ControlType:  'Hyperlink'
TagName:  'A'
Id:  'shippingBillingPageNextPrepareCall'
 Failed to find any control that matched the value shippingBillingPageNextPrepareCall for the search property Id., 
    StackTrace:
    ClickReviewOrder(),SharedCheckoutCreditCard.cs,Line Number:605
    CheckoutCommonWorkflow(),SharedCheckoutCreditCard.cs,Line Number:986
    CreditCardCheckoutAuthorizationUnderReviewWithGiftCards(),CheckoutCreditCard.cs,Line Number:144</Message>
          <Message>[5/14/2018 10:38:08 PM]&lt;CaptureImage&gt;\\CMP01-YKumar\AutoLog\CMP01-INDIASQA\CreditCardCheckoutAuthorizationUnderReviewWithGiftCards_20180514223808.png</Message>
          <Message>[5/14/2018 10:38:08 PM]&lt;INFO&gt;PlaceOrderCreditCard : method executing</Message>
          <Message>[5/14/2018 10:38:08 PM]&lt;INFO&gt;CheckoutCreditCardShippingAndBillingControls : method executing</Message>
          <Message>[5/14/2018 10:38:08 PM]&lt;Info&gt;AllBrowserWindow : Locating browser window...</Message>
          <Message>Assert.Fail failed. [5/14/2018 10:38:32 PM]&lt;Error&gt;AllBrowserWindow : failed executing ...Unable to find Windows Internet Explorer window with 'HorizonHobby - Shipping and Billing Display - Internet Explorer' in the title., 
    StackTrace:
    AllBrowserWindow(),SharedBorderFree.cs,Line Number:1037
    CheckoutCreditCardShippingAndBillingControls(),SharedCheckoutCreditCard.cs,Line Number:66
    PlaceOrderCreditCard(),SharedCheckoutCreditCard.cs,Line Number:683
    PlaceOrder(),SharedCheckoutCreditCard.cs,Line Number:630
    CheckoutCommonWorkflow(),SharedCheckoutCreditCard.cs,Line Number:997
    CreditCardCheckoutAuthorizationUnderReviewWithGiftCards(),CheckoutCreditCard.cs,Line Number:144</Message>
          <Message>[5/14/2018 10:38:32 PM]&lt;CaptureImage&gt;\\CMP01-YKumar\AutoLog\CMP01-INDIASQA\CreditCardCheckoutAuthorizationUnderReviewWithGiftCards_20180514223832.png</Message>
          <Message>Assert.Fail failed. [5/14/2018 10:38:42 PM]&lt;ERROR&gt;PlaceOrderCreditCard : failed executing ...The playback failed to find the control with the given search properties. Additional Details: 
TechnologyName:  'Web'
ControlType:  'Hyperlink'
TagName:  'A'
Id:  'shippingBillingPageNextGCTotal'
 Failed to find any control that matched the value shippingBillingPageNextGCTotal for the search property Id., 
    StackTrace:
    PlaceOrderCreditCard(),SharedCheckoutCreditCard.cs,Line Number:758
    PlaceOrder(),SharedCheckoutCreditCard.cs,Line Number:630
    CheckoutCommonWorkflow(),SharedCheckoutCreditCard.cs,Line Number:997
    CreditCardCheckoutAuthorizationUnderReviewWithGiftCards(),CheckoutCreditCard.cs,Line Number:144</Message>
          <Message>[5/14/2018 10:38:42 PM]&lt;CaptureImage&gt;\\CMP01-YKumar\AutoLog\CMP01-INDIASQA\CreditCardCheckoutAuthorizationUnderReviewWithGiftCards_20180514223842.png</Message>
          <Message>[5/14/2018 10:38:42 PM]&lt;Info&gt;AllBrowserWindow : Locating browser window...</Message>
          <Message>Assert.Fail failed. [5/14/2018 10:39:06 PM]&lt;Error&gt;AllBrowserWindow : failed executing ...Unable to find Windows Internet Explorer window with 'HorizonHobby - Order Confirmation - Internet Explorer' in the title., 
    StackTrace:
    AllBrowserWindow(),SharedBorderFree.cs,Line Number:1037
    HandleGooglePrompt(),SharedCheckoutCreditCard.cs,Line Number:1365
    HandleGooglePrompt(),SharedCheckoutCreditCard.cs,Line Number:1390
    PlaceOrder(),SharedCheckoutCreditCard.cs,Line Number:631
    CheckoutCommonWorkflow(),SharedCheckoutCreditCard.cs,Line Number:997
    CreditCardCheckoutAuthorizationUnderReviewWithGiftCards(),CheckoutCreditCard.cs,Line Number:144</Message>
          <Message>[5/14/2018 10:39:06 PM]&lt;CaptureImage&gt;\\CMP01-YKumar\AutoLog\CMP01-INDIASQA\CreditCardCheckoutAuthorizationUnderReviewWithGiftCards_20180514223906.png</Message>
          <Message>[5/14/2018 10:39:14 PM]&lt;Info&gt;AllBrowserWindow : Locating browser window...</Message>
          <Message>Assert.Fail failed. [5/14/2018 10:39:38 PM]&lt;Error&gt;AllBrowserWindow : failed executing ...Unable to find Windows Internet Explorer window with 'HorizonHobby - Shipping and Billing Display - Internet Explorer' in the title., 
    StackTrace:
    AllBrowserWindow(),SharedBorderFree.cs,Line Number:1037
    CreditCardCheckoutAuthorizationUnderReviewWithGiftCards(),CheckoutCreditCard.cs,Line Number:145</Message>
          <Message>[5/14/2018 10:39:38 PM]&lt;CaptureImage&gt;\\CMP01-YKumar\AutoLog\CMP01-INDIASQA\CreditCardCheckoutAuthorizationUnderReviewWithGiftCards_20180514223938.png</Message>
          <Message>[5/14/2018 10:39:42 PM]&lt;FAIL&gt;&lt;CreditCardCheckoutAuthorizationUnderReviewWithGiftCards&gt;&lt;Validates the CC transaction failed error message appearing&gt;.Assert.AreEqual failed. Expected:&lt;Please update your card_cvn with valid value to proceed with order. (Tip -- To avoid processing delays, please ensure Address or Payment information contain alphabet [A-Z] and numbers [0-9] only).&gt;. Actual:&lt;&gt;. 
    StackTrace:
    CreditCardCheckoutAuthorizationUnderReviewWithGiftCards(),CheckoutCreditCard.cs,Line Number:149</Message>
          <Message>[5/14/2018 10:39:42 PM]&lt;CaptureImage&gt;\\CMP01-YKumar\AutoLog\CMP01-INDIASQA\CreditCardCheckoutAuthorizationUnderReviewWithGiftCards_20180514223942.png</Message>
          <Message>[5/14/2018 10:39:46 PM]&lt;FAIL&gt;&lt;CreditCardCheckoutAuthorizationUnderReviewWithGiftCards&gt;&lt;Validates Gift Card entered on Order remains on order.&gt;.Assert.AreEqual failed. Expected:&lt;True&gt;. Actual:&lt;False&gt;. 
    StackTrace:
    CreditCardCheckoutAuthorizationUnderReviewWithGiftCards(),CheckoutCreditCard.cs,Line Number:154</Message>
          <Message>[5/14/2018 10:39:46 PM]&lt;CaptureImage&gt;\\CMP01-YKumar\AutoLog\CMP01-INDIASQA\CreditCardCheckoutAuthorizationUnderReviewWithGiftCards_20180514223946.png</Message>
          <Message>Assert.Fail failed. [5/14/2018 10:40:01 PM]&lt;ERROR&gt;MouseClick Exception:Microsoft.VisualStudio.TestTools.UITest.Extension.UITestControlNotFoundException: The playback failed to find the control with the given search properties. Additional Details: 
TechnologyName:  'Web'
ControlType:  'Hyperlink'
TagName:  'A'
Id:  'WC_ShipmentDisplay_links_2'
 Failed to find any control that matched the value WC_ShipmentDisplay_links_2 for the search property Id. ---&gt; System.Runtime.InteropServices.COMException: Error HRESULT E_FAIL has been returned from a call to a COM component.
   at Microsoft.VisualStudio.TestTools.UITest.Playback.Engine.IScreenElement.FindAllDescendants(String bstrQueryId, Object&amp; pvarResKeys, Int32 cResKeys, Int32 nMaxDepth)
   at Microsoft.VisualStudio.TestTools.UITest.Playback.ScreenElement.FindAllScreenElement(String queryId, Int32 depth, Boolean singleQueryId, Boolean throwException, Boolean resetSkipStep)
   at Microsoft.VisualStudio.TestTools.UITest.Playback.ScreenElement.FindScreenElement(String queryId, Int32 depth, Boolean resetSkipStep)
   at Microsoft.VisualStudio.TestTools.UITesting.UITestControl.FindFirstDescendant(String queryId, Int32 maxDepth, Int32&amp; timeLeft)
   --- End of inner exception stack trace ---
   at Microsoft.VisualStudio.TestTools.UITesting.Playback.MapControlNotFoundException(COMException ex, IPlaybackContext context)
   at Microsoft.VisualStudio.TestTools.UITesting.Playback.MapAndThrowComException(COMException innerException, IPlaybackContext context)
   at Microsoft.VisualStudio.TestTools.UITesting.Playback.MapAndThrowException(SystemException exception, IPlaybackContext context)
   at Microsoft.VisualStudio.TestTools.UITesting.Playback.MapAndThrowException(SystemException exception, String queryId)
   at Microsoft.VisualStudio.TestTools.UITesting.UITestControl.FindFirstDescendant(String queryId, Int32 maxDepth, Int32&amp; timeLeft)
   at Microsoft.VisualStudio.TestTools.UITesting.SearchHelper.GetUITestControlRecursive(Boolean useCache, Boolean alwaysSearch, ISearchArgument searchArg, IList`1 windowTitles, Int32&amp; timeLeft)
   at Microsoft.VisualStudio.TestTools.UITesting.SearchHelper.GetElement(Boolean useCache, ISearchArgument searchArg)
   at Microsoft.VisualStudio.TestTools.UITesting.SearchHelper.Search(ISearchArgument searchArg)
   at Microsoft.VisualStudio.TestTools.UITesting.UITestControl.FindInternal()
   at Microsoft.VisualStudio.TestTools.UITesting.UITestControl.&lt;Find&gt;b__3a()
   at Microsoft.VisualStudio.TestTools.UITesting.CodedUITestMethodInvoker.InvokeMethod[T](Func`1 function, UITestControl control, Boolean firePlaybackErrorEvent, Boolean logAsAction)
   at Microsoft.VisualStudio.TestTools.UITesting.UITestControl.Find()
   at Microsoft.VisualStudio.TestTools.UITesting.UITestControl.GetPropertyPrivate(String propertyName)
   at Microsoft.VisualStudio.TestTools.UITesting.UITestControl.GetPropertyOfType[T](String propertyName)
   at Microsoft.VisualStudio.TestTools.UITesting.UITestControl.get_Name()
   at TestAuto.LoggingAndSharedGenericMethods.MouseClick(UITestControl uiMenuItemTestControl) in c:\Builds\1\WebSphere\QATestAutomation\src\CodedUITest\SourceCode\Common\Logging\SharedMethods_Generic.cs:line 790, 
    StackTrace:
    MouseClick(),SharedMethods_Generic.cs,Line Number:822
    CreditCardCheckoutAuthorizationUnderReviewWithGiftCards(),CheckoutCreditCard.cs,Line Number:159</Message>
          <Message>[5/14/2018 10:40:01 PM]&lt;CaptureImage&gt;\\CMP01-YKumar\AutoLog\CMP01-INDIASQA\CreditCardCheckoutAuthorizationUnderReviewWithGiftCards_20180514224001.png</Message>
          <Message>[5/14/2018 10:40:01 PM]&lt;Info&gt;AllBrowserWindow : Locating browser window...</Message>
          <Message>[5/14/2018 10:40:08 PM]&lt;Info&gt;AllBrowserWindow : Locating browser window...</Message>
          <Message>Assert.Fail failed. [5/14/2018 10:40:18 PM]&lt;ERROR&gt;MouseClick Exception:Microsoft.VisualStudio.TestTools.UITest.Extension.FailedToPerformActionOnBlockedControlException: Another control is blocking the control. Please make the blocked control visible and retry the action. Additional Details: 
TechnologyName:  'Web'
ControlType:  'Hyperlink'
TagName:  'A'
Id:  'WC_OrderItemDetailsf_links_2_1'
Name:  ''
Target:  ''
InnerText:  ' Remove '
 ---&gt; System.Runtime.InteropServices.COMException: Exception from HRESULT: 0xF004F003
   at Microsoft.VisualStudio.TestTools.UITest.Playback.Engine.IScreenElement.MouseButtonClick(Int32 x, Int32 y, Int32 nButton, Int32 fEnsureVisible, String bstrKeyModifiers)
   at Microsoft.VisualStudio.TestTools.UITest.Playback.ScreenElement.MouseButtonClick(Int32 x, Int32 y, MouseButtons button, ModifierKeys modifierKeys, Int32 ensureVisible)
   at Microsoft.VisualStudio.TestTools.UITesting.UITestControl.Click(MouseButtons button, ModifierKeys modifierKeys, Point relativeCoordinates)
   --- End of inner exception stack trace ---
   at Microsoft.VisualStudio.TestTools.UITesting.Playback.MapAndThrowComException(COMException innerException, IPlaybackContext context)
   at Microsoft.VisualStudio.TestTools.UITesting.Playback.MapAndThrowException(SystemException exception, IPlaybackContext context)
   at Microsoft.VisualStudio.TestTools.UITesting.Playback.MapAndThrowException(SystemException exception, String actionName, UITestControl uiControl, Point point)
   at Microsoft.VisualStudio.TestTools.UITesting.UITestControl.Click(MouseButtons button, ModifierKeys modifierKeys, Point relativeCoordinates)
   at Microsoft.VisualStudio.TestTools.UITesting.UITestActionExecutorCore.Click(UITestControl control, MouseButtons button, ModifierKeys modifierKeys, Point relativeCoordinate)
   at Microsoft.VisualStudio.TestTools.UITesting.Mouse.ClickImplementation(UITestControl control, MouseButtons button, ModifierKeys modifierKeys, Point relativeCoordinate)
   at Microsoft.VisualStudio.TestTools.UITesting.Mouse.&lt;&gt;c__DisplayClass6.&lt;Click&gt;b__5()
   at Microsoft.VisualStudio.TestTools.UITesting.CodedUITestMethodInvoker.InvokeMethod[T](Func`1 function, UITestControl control, Boolean firePlaybackErrorEvent, Boolean logAsAction)
   at Microsoft.VisualStudio.TestTools.UITesting.Mouse.Click(UITestControl control, MouseButtons button, ModifierKeys modifierKeys, Point relativeCoordinate)
   at Microsoft.VisualStudio.TestTools.UITesting.Mouse.Click(UITestControl control)
   at TestAuto.LoggingAndSharedGenericMethods.MouseClick(UITestControl uiMenuItemTestControl) in c:\Builds\1\WebSphere\QATestAutomation\src\CodedUITest\SourceCode\Common\Logging\SharedMethods_Generic.cs:line 785, 
    StackTrace:
    MouseClick(),SharedMethods_Generic.cs,Line Number:822
    RemoveSingleItemFromCart(),SharedShoppingCart.cs,Line Number:441
    RemoveSingleItemFromCart(),SharedShoppingCart.cs,Line Number:447
    CreditCardCheckoutAuthorizationUnderReviewWithGiftCards(),CheckoutCreditCard.cs,Line Number:162</Message>
          <Message>[5/14/2018 10:40:18 PM]&lt;CaptureImage&gt;\\CMP01-YKumar\AutoLog\CMP01-INDIASQA\CreditCardCheckoutAuthorizationUnderReviewWithGiftCards_20180514224018.png</Message>
          <Message>[5/14/2018 10:40:28 PM]&lt;INFO&gt;GenerateGiftCard : method executing...</Message>
          <Message>[5/14/2018 10:40:28 PM]&lt;INFO&gt;LaunchCustomBrowserWindow : method executing ...</Message>
          <Message>[5/14/2018 10:40:31 PM]&lt;INFO&gt;SurveyWindow : method executing ...</Message>
          <Message>[5/14/2018 10:40:34 PM]&lt;PASS&gt;&lt;GenerateGiftCard&gt;&lt; Validates that a new Gift Card Number generated successfully&gt;</Message>
          <Message>[5/14/2018 10:40:36 PM]&lt;INFO&gt;CheckoutCommonWorkflow : method executing</Message>
          <Message>[5/14/2018 10:40:46 PM]&lt;INFO&gt;SearchProductexecuting ... Searching term:= 'TRA370541T6'</Message>
          <Message>Assert.Fail failed. [5/14/2018 10:40:48 PM]&lt;ERROR&gt;SearchProduct := TRA370541T6 : failed executing ...Another control is blocking the control. Please make the blocked control visible and retry the action. Additional Details: 
TechnologyName:  'Web'
ControlType:  'Edit'
TagName:  'INPUT'
Id:  'SimpleSearchForm_SearchTerm'
Name:  'searchTerm'
, 
    StackTrace:
    SearchProduct(),SharedApplicationCommon.cs,Line Number:697
    CheckoutCommonWorkflow(),SharedCheckoutCreditCard.cs,Line Number:915
    CheckoutCommonWorkflow(),SharedCheckoutCreditCard.cs,Line Number:841
    CreditCardCheckoutAuthorizationUnderReviewWithGiftCards(),CheckoutCreditCard.cs,Line Number:169</Message>
          <Message>[5/14/2018 10:40:48 PM]&lt;CaptureImage&gt;\\CMP01-YKumar\AutoLog\CMP01-INDIASQA\CreditCardCheckoutAuthorizationUnderReviewWithGiftCards_20180514224048.png</Message>
          <Message>[5/14/2018 10:40:48 PM]&lt;Info&gt;AllBrowserWindow : Locating browser window...</Message>
          <Message>[5/14/2018 10:41:12 PM]&lt;Info&gt;AllBrowserWindow : Locating browser window...</Message>
          <Message>[5/14/2018 10:42:56 PM]&lt;INFO&gt;BackOrderClickexecuting ...</Message>
          <Message>Assert.Fail failed. [5/14/2018 10:43:02 PM]&lt;ERROR&gt;BackOrderClick : failed executing ...The playback failed to find the control with the given search properties. Additional Details: 
TechnologyName:  'Web'
ControlType:  'Hyperlink'
TagName:  'A'
Id:  'add2CartBtn'
 Failed to find any control that matched the value add2CartBtn for the search property Id., 
    StackTrace:
    BackOrderClick(),SharedProductPage.cs,Line Number:498
    CheckoutCommonWorkflow(),SharedCheckoutCreditCard.cs,Line Number:929
    CheckoutCommonWorkflow(),SharedCheckoutCreditCard.cs,Line Number:841
    CreditCardCheckoutAuthorizationUnderReviewWithGiftCards(),CheckoutCreditCard.cs,Line Number:169</Message>
          <Message>[5/14/2018 10:43:02 PM]&lt;CaptureImage&gt;\\CMP01-YKumar\AutoLog\CMP01-INDIASQA\CreditCardCheckoutAuthorizationUnderReviewWithGiftCards_20180514224302.png</Message>
          <Message>[5/14/2018 10:43:03 PM]&lt;INFO&gt;GoToCartClickexecuting ...</Message>
          <Message>Assert.Fail failed. [5/14/2018 10:43:16 PM]&lt;ERROR&gt;MouseClick Exception:Microsoft.VisualStudio.TestTools.UITest.Extension.FailedToPerformActionOnHiddenControlException: Cannot perform 'Click' on the hidden control. Additional Details: 
TechnologyName:  'Web'
ControlType:  'Hyperlink'
TagName:  'A'
Id:  'GotoCartButton1'
Name:  ''
Target:  ''
InnerText:  'Go to Cart'
 ---&gt; System.Runtime.InteropServices.COMException: Exception from HRESULT: 0xF004F002
   at Microsoft.VisualStudio.TestTools.UITest.Playback.Engine.IScreenElement.MouseButtonClick(Int32 x, Int32 y, Int32 nButton, Int32 fEnsureVisible, String bstrKeyModifiers)
   at Microsoft.VisualStudio.TestTools.UITest.Playback.ScreenElement.MouseButtonClick(Int32 x, Int32 y, MouseButtons button, ModifierKeys modifierKeys, Int32 ensureVisible)
   at Microsoft.VisualStudio.TestTools.UITesting.UITestControl.Click(MouseButtons button, ModifierKeys modifierKeys, Point relativeCoordinates)
   --- End of inner exception stack trace ---
   at Microsoft.VisualStudio.TestTools.UITesting.Playback.MapAndThrowComException(COMException innerException, IPlaybackContext context)
   at Microsoft.VisualStudio.TestTools.UITesting.Playback.MapAndThrowException(SystemException exception, IPlaybackContext context)
   at Microsoft.VisualStudio.TestTools.UITesting.Playback.MapAndThrowException(SystemException exception, String actionName, UITestControl uiControl, Point point)
   at Microsoft.VisualStudio.TestTools.UITesting.UITestControl.Click(MouseButtons button, ModifierKeys modifierKeys, Point relativeCoordinates)
   at Microsoft.VisualStudio.TestTools.UITesting.UITestActionExecutorCore.Click(UITestControl control, MouseButtons button, ModifierKeys modifierKeys, Point relativeCoordinate)
   at Microsoft.VisualStudio.TestTools.UITesting.Mouse.ClickImplementation(UITestControl control, MouseButtons button, ModifierKeys modifierKeys, Point relativeCoordinate)
   at Microsoft.VisualStudio.TestTools.UITesting.Mouse.&lt;&gt;c__DisplayClass6.&lt;Click&gt;b__5()
   at Microsoft.VisualStudio.TestTools.UITesting.CodedUITestMethodInvoker.InvokeMethod[T](Func`1 function, UITestControl control, Boolean firePlaybackErrorEvent, Boolean logAsAction)
   at Microsoft.VisualStudio.TestTools.UITesting.Mouse.Click(UITestControl control, MouseButtons button, ModifierKeys modifierKeys, Point relativeCoordinate)
   at Microsoft.VisualStudio.TestTools.UITesting.Mouse.Click(UITestControl control)
   at TestAuto.LoggingAndSharedGenericMethods.MouseClick(UITestControl uiMenuItemTestControl) in c:\Builds\1\WebSphere\QATestAutomation\src\CodedUITest\SourceCode\Common\Logging\SharedMethods_Generic.cs:line 785, 
    StackTrace:
    MouseClick(),SharedMethods_Generic.cs,Line Number:822
    GoToCartClick(),SharedCartPopUp.cs,Line Number:129
    CheckoutCommonWorkflow(),SharedCheckoutCreditCard.cs,Line Number:932
    CheckoutCommonWorkflow(),SharedCheckoutCreditCard.cs,Line Number:841
    CreditCardCheckoutAuthorizationUnderReviewWithGiftCards(),CheckoutCreditCard.cs,Line Number:169</Message>
          <Message>[5/14/2018 10:43:16 PM]&lt;CaptureImage&gt;\\CMP01-YKumar\AutoLog\CMP01-INDIASQA\CreditCardCheckoutAuthorizationUnderReviewWithGiftCards_20180514224316.png</Message>
          <Message>[5/14/2018 10:43:16 PM]&lt;INFO&gt;ContinueOnCertificationErrorClickexecuting ...</Message>
          <Message>[5/14/2018 10:43:16 PM]&lt;INFO&gt;CheckoutProcessStartShoppingCart : method executing</Message>
          <Message>[5/14/2018 10:43:16 PM]&lt;Info&gt;AllBrowserWindow : Locating browser window...</Message>
          <Message>[5/14/2018 10:43:23 PM]&lt;INFO&gt;CheckoutShoppingCartControls : method executing</Message>
          <Message>[5/14/2018 10:43:23 PM]&lt;Info&gt;AllBrowserWindow : Locating browser window...</Message>
          <Message>[5/14/2018 10:43:34 PM]&lt;Info&gt;AllBrowserWindow : Locating browser window...</Message>
          <Message>Assert.Fail failed. [5/14/2018 10:43:58 PM]&lt;Error&gt;AllBrowserWindow : failed executing ...Unable to find Windows Internet Explorer window with 'HorizonHobby - Shipping and Billing Display - Internet Explorer' in the title., 
    StackTrace:
    AllBrowserWindow(),SharedBorderFree.cs,Line Number:1037
    CheckoutCommonWorkflow(),SharedCheckoutCreditCard.cs,Line Number:944
    CheckoutCommonWorkflow(),SharedCheckoutCreditCard.cs,Line Number:841
    CreditCardCheckoutAuthorizationUnderReviewWithGiftCards(),CheckoutCreditCard.cs,Line Number:169</Message>
          <Message>[5/14/2018 10:43:58 PM]&lt;CaptureImage&gt;\\CMP01-YKumar\AutoLog\CMP01-INDIASQA\CreditCardCheckoutAuthorizationUnderReviewWithGiftCards_20180514224358.png</Message>
          <Message>[5/14/2018 10:43:58 PM]&lt;INFO&gt;CheckoutCreditCardShippingAndBillingControls : method executing</Message>
          <Message>[5/14/2018 10:43:58 PM]&lt;Info&gt;AllBrowserWindow : Locating browser window...</Message>
          <Message>Assert.Fail failed. [5/14/2018 10:44:22 PM]&lt;Error&gt;AllBrowserWindow : failed executing ...Unable to find Windows Internet Explorer window with 'HorizonHobby - Shipping and Billing Display - Internet Explorer' in the title., 
    StackTrace:
    AllBrowserWindow(),SharedBorderFree.cs,Line Number:1037
    CheckoutCreditCardShippingAndBillingControls(),SharedCheckoutCreditCard.cs,Line Number:66
    OrderTableRecords(),SharedCheckoutCreditCard.cs,Line Number:138
    CheckoutCommonWorkflow(),SharedCheckoutCreditCard.cs,Line Number:953
    CheckoutCommonWorkflow(),SharedCheckoutCreditCard.cs,Line Number:841
    CreditCardCheckoutAuthorizationUnderReviewWithGiftCards(),CheckoutCreditCard.cs,Line Number:169</Message>
          <Message>[5/14/2018 10:44:23 PM]&lt;CaptureImage&gt;\\CMP01-YKumar\AutoLog\CMP01-INDIASQA\CreditCardCheckoutAuthorizationUnderReviewWithGiftCards_20180514224422.png</Message>
          <Message>[5/14/2018 10:44:31 PM]&lt;INFO&gt;TotalValue : method executing ...</Message>
          <Message>Assert.Fail failed. [5/14/2018 10:44:31 PM]&lt;Error&gt;TotalValue : failed executing ...Input string was not in a correct format., 
    StackTrace:
    TotalValue(),SharedCheckoutCreditCard.cs,Line Number:1071
    CheckoutCommonWorkflow(),SharedCheckoutCreditCard.cs,Line Number:955
    CheckoutCommonWorkflow(),SharedCheckoutCreditCard.cs,Line Number:841
    CreditCardCheckoutAuthorizationUnderReviewWithGiftCards(),CheckoutCreditCard.cs,Line Number:169</Message>
          <Message>[5/14/2018 10:44:31 PM]&lt;CaptureImage&gt;\\CMP01-YKumar\AutoLog\CMP01-INDIASQA\CreditCardCheckoutAuthorizationUnderReviewWithGiftCards_20180514224431.png</Message>
          <Message>[5/14/2018 10:44:31 PM]&lt;INFO&gt;ApplyGiftCard : method executing... -&gt; ''</Message>
          <Message>[5/14/2018 10:44:31 PM]&lt;Info&gt;AllBrowserWindow : Locating browser window...</Message>
          <Message>Assert.Fail failed. [5/14/2018 10:44:55 PM]&lt;Error&gt;AllBrowserWindow : failed executing ...Unable to find Windows Internet Explorer window with 'HorizonHobby - Shipping and Billing Display - Internet Explorer' in the title., 
    StackTrace:
    AllBrowserWindow(),SharedBorderFree.cs,Line Number:1037
    ApplyGiftCard(),SharedCheckoutCommon.cs,Line Number:1230
    ApplyGiftCard(),SharedCheckoutCommon.cs,Line Number:1309
    CheckoutCommonWorkflow(),SharedCheckoutCreditCard.cs,Line Number:958
    CheckoutCommonWorkflow(),SharedCheckoutCreditCard.cs,Line Number:841
    CreditCardCheckoutAuthorizationUnderReviewWithGiftCards(),CheckoutCreditCard.cs,Line Number:169</Message>
          <Message>[5/14/2018 10:44:55 PM]&lt;CaptureImage&gt;\\CMP01-YKumar\AutoLog\CMP01-INDIASQA\CreditCardCheckoutAuthorizationUnderReviewWithGiftCards_20180514224455.png</Message>
          <Message>Assert.Fail failed. [5/14/2018 10:45:02 PM]&lt;Error&gt;ApplyGiftCard : failed executing ...The playback failed to find the control with the given search properties. Additional Details: 
TechnologyName:  'Web'
ControlType:  'Edit'
TagName:  'INPUT'
Id:  'giftCard'
 Failed to find any control that matched the search condition ControlType='Edit' &amp;&amp; Id=&gt;'giftCard', 
    StackTrace:
    ApplyGiftCard(),SharedCheckoutCommon.cs,Line Number:1302
    ApplyGiftCard(),SharedCheckoutCommon.cs,Line Number:1309
    CheckoutCommonWorkflow(),SharedCheckoutCreditCard.cs,Line Number:958
    CheckoutCommonWorkflow(),SharedCheckoutCreditCard.cs,Line Number:841
    CreditCardCheckoutAuthorizationUnderReviewWithGiftCards(),CheckoutCreditCard.cs,Line Number:169</Message>
          <Message>[5/14/2018 10:45:02 PM]&lt;CaptureImage&gt;\\CMP01-YKumar\AutoLog\CMP01-INDIASQA\CreditCardCheckoutAuthorizationUnderReviewWithGiftCards_20180514224502.png</Message>
          <Message>[5/14/2018 10:45:07 PM]&lt;Info&gt;AllBrowserWindow : Locating browser window...</Message>
          <Message>Assert.Fail failed. [5/14/2018 10:45:31 PM]&lt;Error&gt;AllBrowserWindow : failed executing ...Unable to find Windows Internet Explorer window with 'HorizonHobby - Shipping and Billing Display - Internet Explorer' in the title., 
    StackTrace:
    AllBrowserWindow(),SharedBorderFree.cs,Line Number:1037
    CheckoutCommonWorkflow(),SharedCheckoutCreditCard.cs,Line Number:960
    CheckoutCommonWorkflow(),SharedCheckoutCreditCard.cs,Line Number:841
    CreditCardCheckoutAuthorizationUnderReviewWithGiftCards(),CheckoutCreditCard.cs,Line Number:169</Message>
          <Message>[5/14/2018 10:45:31 PM]&lt;CaptureImage&gt;\\CMP01-YKumar\AutoLog\CMP01-INDIASQA\CreditCardCheckoutAuthorizationUnderReviewWithGiftCards_20180514224531.png</Message>
          <Message>[5/14/2018 10:45:31 PM]&lt;INFO&gt;CheckoutCreditCardShippingAndBillingControls : method executing</Message>
          <Message>[5/14/2018 10:45:31 PM]&lt;Info&gt;AllBrowserWindow : Locating browser window...</Message>
          <Message>Assert.Fail failed. [5/14/2018 10:45:56 PM]&lt;Error&gt;AllBrowserWindow : failed executing ...Unable to find Windows Internet Explorer window with 'HorizonHobby - Shipping and Billing Display - Internet Explorer' in the title., 
    StackTrace:
    AllBrowserWindow(),SharedBorderFree.cs,Line Number:1037
    CheckoutCreditCardShippingAndBillingControls(),SharedCheckoutCreditCard.cs,Line Number:66
    OrderTableRecords(),SharedCheckoutCreditCard.cs,Line Number:138
    CheckoutCommonWorkflow(),SharedCheckoutCreditCard.cs,Line Number:967
    CheckoutCommonWorkflow(),SharedCheckoutCreditCard.cs,Line Number:841
    CreditCardCheckoutAuthorizationUnderReviewWithGiftCards(),CheckoutCreditCard.cs,Line Number:169</Message>
          <Message>[5/14/2018 10:45:56 PM]&lt;CaptureImage&gt;\\CMP01-YKumar\AutoLog\CMP01-INDIASQA\CreditCardCheckoutAuthorizationUnderReviewWithGiftCards_20180514224556.png</Message>
          <Message>[5/14/2018 10:46:05 PM]&lt;INFO&gt;TotalValue : method executing ...</Message>
          <Message>Assert.Fail failed. [5/14/2018 10:46:05 PM]&lt;Error&gt;TotalValue : failed executing ...Input string was not in a correct format., 
    StackTrace:
    TotalValue(),SharedCheckoutCreditCard.cs,Line Number:1071
    CheckoutCommonWorkflow(),SharedCheckoutCreditCard.cs,Line Number:968
    CheckoutCommonWorkflow(),SharedCheckoutCreditCard.cs,Line Number:841
    CreditCardCheckoutAuthorizationUnderReviewWithGiftCards(),CheckoutCreditCard.cs,Line Number:169</Message>
          <Message>[5/14/2018 10:46:05 PM]&lt;CaptureImage&gt;\\CMP01-YKumar\AutoLog\CMP01-INDIASQA\CreditCardCheckoutAuthorizationUnderReviewWithGiftCards_20180514224605.png</Message>
          <Message>[5/14/2018 10:46:05 PM]&lt;FAIL&gt;&lt;CheckoutCommonWorkflow&gt;&lt; Validates expected authorization amount: '50' is equals actual authorization amount: '0'&gt;.Assert.AreEqual failed. Expected:&lt;50&gt;. Actual:&lt;0&gt;. 
    StackTrace:
    CheckoutCommonWorkflow(),SharedCheckoutCreditCard.cs,Line Number:971
    CheckoutCommonWorkflow(),SharedCheckoutCreditCard.cs,Line Number:841</Message>
          <Message>[5/14/2018 10:46:05 PM]&lt;CaptureImage&gt;\\CMP01-YKumar\AutoLog\CMP01-INDIASQA\CreditCardCheckoutAuthorizationUnderReviewWithGiftCards_20180514224605.png</Message>
          <Message>[5/14/2018 10:46:05 PM]&lt;INFO&gt;SelectCheckoutPaymentRadiobutton : method executing</Message>
          <Message>[5/14/2018 10:46:05 PM]&lt;INFO&gt;CheckoutCreditCardShippingAndBillingControls : method executing</Message>
          <Message>[5/14/2018 10:46:05 PM]&lt;Info&gt;AllBrowserWindow : Locating browser window...</Message>
          <Message>Assert.Fail failed. [5/14/2018 10:46:29 PM]&lt;Error&gt;AllBrowserWindow : failed executing ...Unable to find Windows Internet Explorer window with 'HorizonHobby - Shipping and Billing Display - Internet Explorer' in the title., 
    StackTrace:
    AllBrowserWindow(),SharedBorderFree.cs,Line Number:1037
    CheckoutCreditCardShippingAndBillingControls(),SharedCheckoutCreditCard.cs,Line Number:66
    SelectCheckoutPaymentRadiobutton(),SharedCheckoutCreditCard.cs,Line Number:514
    CheckoutCommonWorkflow(),SharedCheckoutCreditCard.cs,Line Number:981
    CheckoutCommonWorkflow(),SharedCheckoutCreditCard.cs,Line Number:841
    CreditCardCheckoutAuthorizationUnderReviewWithGiftCards(),CheckoutCreditCard.cs,Line Number:169</Message>
          <Message>[5/14/2018 10:46:29 PM]&lt;CaptureImage&gt;\\CMP01-YKumar\AutoLog\CMP01-INDIASQA\CreditCardCheckoutAuthorizationUnderReviewWithGiftCards_20180514224629.png</Message>
          <Message>Assert.Fail failed. [5/14/2018 10:46:36 PM]&lt;ERROR&gt;SelectCheckoutPaymentRadiobutton : failed executing ...Index was out of range. Must be non-negative and less than the size of the collection.
Parameter name: index, 
    StackTrace:
    SelectCheckoutPaymentRadiobutton(),SharedCheckoutCreditCard.cs,Line Number:539
    CheckoutCommonWorkflow(),SharedCheckoutCreditCard.cs,Line Number:981
    CheckoutCommonWorkflow(),SharedCheckoutCreditCard.cs,Line Number:841
    CreditCardCheckoutAuthorizationUnderReviewWithGiftCards(),CheckoutCreditCard.cs,Line Number:169</Message>
          <Message>[5/14/2018 10:46:36 PM]&lt;CaptureImage&gt;\\CMP01-YKumar\AutoLog\CMP01-INDIASQA\CreditCardCheckoutAuthorizationUnderReviewWithGiftCards_20180514224636.png</Message>
          <Message>[5/14/2018 10:46:36 PM]&lt;INFO&gt;FillCreditCardDetails : method executing</Message>
          <Message>[5/14/2018 10:46:36 PM]&lt;INFO&gt;CheckoutCreditCardShippingAndBillingControls : method executing</Message>
          <Message>[5/14/2018 10:46:36 PM]&lt;Info&gt;AllBrowserWindow : Locating browser window...</Message>
          <Message>Assert.Fail failed. [5/14/2018 10:47:00 PM]&lt;Error&gt;AllBrowserWindow : failed executing ...Unable to find Windows Internet Explorer window with 'HorizonHobby - Shipping and Billing Display - Internet Explorer' in the title., 
    StackTrace:
    AllBrowserWindow(),SharedBorderFree.cs,Line Number:1037
    CheckoutCreditCardShippingAndBillingControls(),SharedCheckoutCreditCard.cs,Line Number:66
    FillCreditCardDetails(),SharedCheckoutCreditCard.cs,Line Number:551
    CheckoutCommonWorkflow(),SharedCheckoutCreditCard.cs,Line Number:984
    CheckoutCommonWorkflow(),SharedCheckoutCreditCard.cs,Line Number:841
    CreditCardCheckoutAuthorizationUnderReviewWithGiftCards(),CheckoutCreditCard.cs,Line Number:169</Message>
          <Message>[5/14/2018 10:47:00 PM]&lt;CaptureImage&gt;\\CMP01-YKumar\AutoLog\CMP01-INDIASQA\CreditCardCheckoutAuthorizationUnderReviewWithGiftCards_20180514224700.png</Message>
          <Message>Assert.Fail failed. [5/14/2018 10:47:06 PM]&lt;ERROR&gt;FillCreditCardDetails : failed executing ...The playback failed to find the control with the given search properties. Additional Details: 
TechnologyName:  'Web'
ControlType:  'Edit'
TagName:  'INPUT'
Class:  'cardEntry_cardNumInput'
 Failed to find any control that matched the search condition ControlType='Edit' &amp;&amp; Class=&gt;'cardEntry_cardNumInput', 
    StackTrace:
    FillCreditCardDetails(),SharedCheckoutCreditCard.cs,Line Number:570
    CheckoutCommonWorkflow(),SharedCheckoutCreditCard.cs,Line Number:984
    CheckoutCommonWorkflow(),SharedCheckoutCreditCard.cs,Line Number:841
    CreditCardCheckoutAuthorizationUnderReviewWithGiftCards(),CheckoutCreditCard.cs,Line Number:169</Message>
          <Message>[5/14/2018 10:47:06 PM]&lt;CaptureImage&gt;\\CMP01-YKumar\AutoLog\CMP01-INDIASQA\CreditCardCheckoutAuthorizationUnderReviewWithGiftCards_20180514224706.png</Message>
          <Message>[5/14/2018 10:47:06 PM]&lt;INFO&gt;ClickReviewOrder : method executing</Message>
          <Message>[5/14/2018 10:47:06 PM]&lt;INFO&gt;CheckoutCreditCardShippingAndBillingControls : method executing</Message>
          <Message>[5/14/2018 10:47:06 PM]&lt;Info&gt;AllBrowserWindow : Locating browser window...</Message>
          <Message>Assert.Fail failed. [5/14/2018 10:47:30 PM]&lt;Error&gt;AllBrowserWindow : failed executing ...Unable to find Windows Internet Explorer window with 'HorizonHobby - Shipping and Billing Display - Internet Explorer' in the title., 
    StackTrace:
    AllBrowserWindow(),SharedBorderFree.cs,Line Number:1037
    CheckoutCreditCardShippingAndBillingControls(),SharedCheckoutCreditCard.cs,Line Number:66
    ClickReviewOrder(),SharedCheckoutCreditCard.cs,Line Number:582
    CheckoutCommonWorkflow(),SharedCheckoutCreditCard.cs,Line Number:986
    CheckoutCommonWorkflow(),SharedCheckoutCreditCard.cs,Line Number:841
    CreditCardCheckoutAuthorizationUnderReviewWithGiftCards(),CheckoutCreditCard.cs,Line Number:169</Message>
          <Message>[5/14/2018 10:47:30 PM]&lt;CaptureImage&gt;\\CMP01-YKumar\AutoLog\CMP01-INDIASQA\CreditCardCheckoutAuthorizationUnderReviewWithGiftCards_20180514224730.png</Message>
          <Message>Assert.Fail failed. [5/14/2018 10:47:37 PM]&lt;ERROR&gt;ClickReviewOrder : failed executing ...The playback failed to find the control with the given search properties. Additional Details: 
TechnologyName:  'Web'
ControlType:  'Hyperlink'
TagName:  'A'
Id:  'shippingBillingPageNextPrepareCall'
 Failed to find any control that matched the value shippingBillingPageNextPrepareCall for the search property Id., 
    StackTrace:
    ClickReviewOrder(),SharedCheckoutCreditCard.cs,Line Number:605
    CheckoutCommonWorkflow(),SharedCheckoutCreditCard.cs,Line Number:986
    CheckoutCommonWorkflow(),SharedCheckoutCreditCard.cs,Line Number:841
    CreditCardCheckoutAuthorizationUnderReviewWithGiftCards(),CheckoutCreditCard.cs,Line Number:169</Message>
          <Message>[5/14/2018 10:47:37 PM]&lt;CaptureImage&gt;\\CMP01-YKumar\AutoLog\CMP01-INDIASQA\CreditCardCheckoutAuthorizationUnderReviewWithGiftCards_20180514224737.png</Message>
          <Message>[5/14/2018 10:47:37 PM]&lt;INFO&gt;PlaceOrderCreditCard : method executing</Message>
          <Message>[5/14/2018 10:47:37 PM]&lt;INFO&gt;CheckoutCreditCardShippingAndBillingControls : method executing</Message>
          <Message>[5/14/2018 10:47:37 PM]&lt;Info&gt;AllBrowserWindow : Locating browser window...</Message>
          <Message>Assert.Fail failed. [5/14/2018 10:48:01 PM]&lt;Error&gt;AllBrowserWindow : failed executing ...Unable to find Windows Internet Explorer window with 'HorizonHobby - Shipping and Billing Display - Internet Explorer' in the title., 
    StackTrace:
    AllBrowserWindow(),SharedBorderFree.cs,Line Number:1037
    CheckoutCreditCardShippingAndBillingControls(),SharedCheckoutCreditCard.cs,Line Number:66
    PlaceOrderCreditCard(),SharedCheckoutCreditCard.cs,Line Number:683
    PlaceOrder(),SharedCheckoutCreditCard.cs,Line Number:630
    CheckoutCommonWorkflow(),SharedCheckoutCreditCard.cs,Line Number:997
    CheckoutCommonWorkflow(),SharedCheckoutCreditCard.cs,Line Number:841
    CreditCardCheckoutAuthorizationUnderReviewWithGiftCards(),CheckoutCreditCard.cs,Line Number:169</Message>
          <Message>[5/14/2018 10:48:01 PM]&lt;CaptureImage&gt;\\CMP01-YKumar\AutoLog\CMP01-INDIASQA\CreditCardCheckoutAuthorizationUnderReviewWithGiftCards_20180514224801.png</Message>
          <Message>Assert.Fail failed. [5/14/2018 10:48:08 PM]&lt;ERROR&gt;PlaceOrderCreditCard : failed executing ...The playback failed to find the control with the given search properties. Additional Details: 
TechnologyName:  'Web'
ControlType:  'Hyperlink'
TagName:  'A'
Id:  'shippingBillingPageNextGCTotal'
 Failed to find any control that matched the value shippingBillingPageNextGCTotal for the search property Id., 
    StackTrace:
    PlaceOrderCreditCard(),SharedCheckoutCreditCard.cs,Line Number:758
    PlaceOrder(),SharedCheckoutCreditCard.cs,Line Number:630
    CheckoutCommonWorkflow(),SharedCheckoutCreditCard.cs,Line Number:997
    CheckoutCommonWorkflow(),SharedCheckoutCreditCard.cs,Line Number:841
    CreditCardCheckoutAuthorizationUnderReviewWithGiftCards(),CheckoutCreditCard.cs,Line Number:169</Message>
          <Message>[5/14/2018 10:48:08 PM]&lt;CaptureImage&gt;\\CMP01-YKumar\AutoLog\CMP01-INDIASQA\CreditCardCheckoutAuthorizationUnderReviewWithGiftCards_20180514224808.png</Message>
          <Message>[5/14/2018 10:48:08 PM]&lt;Info&gt;AllBrowserWindow : Locating browser window...</Message>
          <Message>Assert.Fail failed. [5/14/2018 10:48:33 PM]&lt;Error&gt;AllBrowserWindow : failed executing ...Unable to find Windows Internet Explorer window with 'HorizonHobby - Order Confirmation - Internet Explorer' in the title., 
    StackTrace:
    AllBrowserWindow(),SharedBorderFree.cs,Line Number:1037
    HandleGooglePrompt(),SharedCheckoutCreditCard.cs,Line Number:1365
    HandleGooglePrompt(),SharedCheckoutCreditCard.cs,Line Number:1390
    PlaceOrder(),SharedCheckoutCreditCard.cs,Line Number:631
    CheckoutCommonWorkflow(),SharedCheckoutCreditCard.cs,Line Number:997
    CheckoutCommonWorkflow(),SharedCheckoutCreditCard.cs,Line Number:841
    CreditCardCheckoutAuthorizationUnderReviewWithGiftCards(),CheckoutCreditCard.cs,Line Number:169</Message>
          <Message>[5/14/2018 10:48:33 PM]&lt;CaptureImage&gt;\\CMP01-YKumar\AutoLog\CMP01-INDIASQA\CreditCardCheckoutAuthorizationUnderReviewWithGiftCards_20180514224833.png</Message>
          <Message>[5/14/2018 10:48:40 PM]&lt;Info&gt;AllBrowserWindow : Locating browser window...</Message>
          <Message>Assert.Fail failed. [5/14/2018 10:49:04 PM]&lt;Error&gt;AllBrowserWindow : failed executing ...Unable to find Windows Internet Explorer window with 'HorizonHobby - Order Confirmation - Internet Explorer' in the title., 
    StackTrace:
    AllBrowserWindow(),SharedBorderFree.cs,Line Number:1037
    CreditCardCheckoutAuthorizationUnderReviewWithGiftCards(),CheckoutCreditCard.cs,Line Number:170</Message>
          <Message>[5/14/2018 10:49:04 PM]&lt;CaptureImage&gt;\\CMP01-YKumar\AutoLog\CMP01-INDIASQA\CreditCardCheckoutAuthorizationUnderReviewWithGiftCards_20180514224904.png</Message>
          <Message>[5/14/2018 10:49:07 PM]&lt;FAIL&gt;&lt;CreditCardCheckoutAuthorizationUnderReviewWithGiftCards&gt;&lt;Email Sent Message should display the Signup Email id for Registered user&gt;.Assert.AreEqual failed. Expected:&lt;A confirmation E-mail has been sent to the mailbox of horizonhobbytest4@gmail.com. &gt;. Actual:&lt;&gt;. 
    StackTrace:
    CreditCardCheckoutAuthorizationUnderReviewWithGiftCards(),CheckoutCreditCard.cs,Line Number:179</Message>
          <Message>[5/14/2018 10:49:07 PM]&lt;CaptureImage&gt;\\CMP01-YKumar\AutoLog\CMP01-INDIASQA\CreditCardCheckoutAuthorizationUnderReviewWithGiftCards_20180514224907.png</Message>
          <Message>[5/14/2018 10:49:07 PM]&lt;INFO&gt;OrderConfirmation : method executing</Message>
          <Message>[5/14/2018 10:49:07 PM]&lt;INFO&gt;OrderConfirmationUIControls : method executing</Message>
          <Message>[5/14/2018 10:49:07 PM]&lt;Info&gt;AllBrowserWindow : Locating browser window...</Message>
          <Message>Assert.Fail failed. [5/14/2018 10:49:31 PM]&lt;Error&gt;AllBrowserWindow : failed executing ...Unable to find Windows Internet Explorer window with 'HorizonHobby - Order Confirmation - Internet Explorer' in the title., 
    StackTrace:
    AllBrowserWindow(),SharedBorderFree.cs,Line Number:1037
    OrderConfirmationUIControls(),SharedOrderedItems.cs,Line Number:39
    OrderConfirmation(),SharedOrderedItems.cs,Line Number:59
    CreditCardCheckoutAuthorizationUnderReviewWithGiftCards(),CheckoutCreditCard.cs,Line Number:183</Message>
          <Message>[5/14/2018 10:49:31 PM]&lt;CaptureImage&gt;\\CMP01-YKumar\AutoLog\CMP01-INDIASQA\CreditCardCheckoutAuthorizationUnderReviewWithGiftCards_20180514224931.png</Message>
          <Message>[5/14/2018 10:49:31 PM]&lt;INFO&gt;SurveyWindow : method executing ...</Message>
          <Message>Assert.Fail failed. [5/14/2018 10:50:41 PM]&lt;ERROR&gt;OrderConfirmation : failed executing ...The playback failed to find the control with the given search properties. Additional Details: 
TechnologyName:  'Web'
ControlType:  'Pane'
TagName:  'SPAN'
Class:  'cart_orderConfirm_ordNumValue'
 Failed to find any control that matched the search condition ControlType='Pane' &amp;&amp; Class='cart_orderConfirm_ordNumValue', 
    StackTrace:
    OrderConfirmation(),SharedOrderedItems.cs,Line Number:69
    CreditCardCheckoutAuthorizationUnderReviewWithGiftCards(),CheckoutCreditCard.cs,Line Number:183</Message>
          <Message>[5/14/2018 10:50:41 PM]&lt;CaptureImage&gt;\\CMP01-YKumar\AutoLog\CMP01-INDIASQA\CreditCardCheckoutAuthorizationUnderReviewWithGiftCards_20180514225041.png</Message>
          <Message>[5/14/2018 10:50:42 PM]&lt;INFO&gt;CCAuthorizationOrderItemStatusValidation : method executing</Message>
          <Message>Assert.Fail failed. [5/14/2018 10:50:42 PM]&lt;ERROR&gt;QuerySQLValues_string, strSQLquery=select DATAVALUE from PPCEXTDATA where PPCPAYINST_ID in (select PPCPAYINST_ID from PPCPAYINST where ORDER_ID  ='' AND STORE_ID = 10151) and ATTRIBUTENAME = 'decision', strConnection=Server=cmp02-ws-tst-db01:50000;Database=TST01DB;UID=wcdbuser;PWD=h0r1z0n;Connect Timeout=30, Exception=IBM.Data.DB2.DB2Exception (0x80004005): ERROR [22018] [IBM][DB2/LINUXX8664] SQL0420N  Invalid character found in a character string argument of the function "DECFLOAT".
   at IBM.Data.DB2.DB2DataReader.Read()
   at TestAuto.LoggingAndSharedGenericMethods.QuerySqlValueDB2(String value, String table, String WHERE, String connection, Boolean validate, Boolean concatValues) in c:\Builds\1\WebSphere\QATestAutomation\src\CodedUITest\SourceCode\Common\Logging\SharedMethods_Generic.cs:line 4542, 
    StackTrace:
    QuerySqlValueDB2(),SharedMethods_Generic.cs,Line Number:4562
    QuerySqlValueDB2(),SharedMethods_Generic.cs,Line Number:4085
    CCAuthorizationOrderItemStatusValidation(),SharedMethods_Database.cs,Line Number:1224
    CreditCardCheckoutAuthorizationUnderReviewWithGiftCards(),CheckoutCreditCard.cs,Line Number:184</Message>
          <Message>[5/14/2018 10:50:42 PM]&lt;FAIL&gt;&lt;CCAuthorizationStatus&gt;&lt;Verifies that cc authorization status is as expected&gt;.Assert.AreEqual failed. Expected:&lt;Ud0IYAlM0ek=&gt;. Actual:&lt;ExceptionRaised&gt;. 
    StackTrace:
    CCAuthorizationOrderItemStatusValidation(),SharedMethods_Database.cs,Line Number:1228
    CreditCardCheckoutAuthorizationUnderReviewWithGiftCards(),CheckoutCreditCard.cs,Line Number:184</Message>
          <Message>[5/14/2018 10:50:42 PM]&lt;RESULT&gt;Test Ended:#PASS=2, #FAIL=6,#Other errors=48</Message>
          <Message>[5/14/2018 10:50:43 PM]&lt;INFO&gt;LogCPUAndMemoryUsage: Available Memory = 24298(MB), CPU Usage = 11.16826%</Message>
          <Message>[5/14/2018 10:50:43 PM]&lt;INFO&gt;Private Working Set for QTAgent32_40, usage=161488 (K)</Message>
          <Message>[5/14/2018 10:50:43 PM]&lt;RESULT&gt;&lt;CreditCardCheckoutAuthorizationUnderReviewWithGiftCards&gt; Test FAILED: Actual #FAIL=6, #Expected FAIL=0
#Other errors=48. See Error Message/logs for further details.</Message>
        </TextMessages>
      </Output>
    </UnitTestResult>
    <UnitTestResult executionId="c2aba3b0-ba48-4440-b459-81f46ccfd549" testId="dbe4b041-f370-0433-8925-09cada2a681e" testName="CreditCardCheckoutAuthorizationSuccessfullyWithGiftCards" computerName="CMP01-INDIASQA" duration="00:11:08.1875004" startTime="2018-05-14T22:50:45.9174730-05:00" endTime="2018-05-14T23:01:54.2964730-05:00" testType="13cdc9d9-ddb5-4fa4-a97d-d965ccfc6d4b" outcome="Failed" testListId="8c84fa94-04c1-424b-9868-57a2d4851a1d" relativeResultsDirectory="c2aba3b0-ba48-4440-b459-81f46ccfd549">
      <Output>
        <StdOut>Logging to custom path:\\CMP01-YKumar\AutoLog</StdOut>
        <ErrorInfo>
          <Message>Assert.Fail failed. 
Actual #FAIL=2, #Expected FAIL=0
#Other errors=26
[Error details below]</Message>
          <StackTrace>   at TestAuto.LoggingAndSharedGenericMethods.EndTest() in c:\Builds\1\WebSphere\QATestAutomation\src\CodedUITest\SourceCode\Common\Logging\Logging.cs:line 1628
   at TestAuto.CheckoutCreditCard.TestCleanup() in c:\Builds\1\WebSphere\QATestAutomation\src\CodedUITest\SourceCode\HHobby\Checkout\CheckoutCreditCard.cs:line 4170
</StackTrace>
        </ErrorInfo>
        <TextMessages>
          <Message>[5/14/2018 10:50:45 PM]&lt;STARTLOG&gt;&lt;CreditCardCheckoutAuthorizationSuccessfullyWithGiftCards&gt;Test Started: Expecting: #PASS=Undefined and #FAIL=0
Running from MTM=True, running on machine name:CMP01-INDIASQA, user name=ykumar, OS=Microsoft Windows NT 6.1.7601 Service Pack 1, Is64BitOS=True</Message>
          <Message>[5/14/2018 10:50:46 PM]&lt;INFO&gt;LogCPUAndMemoryUsage: Available Memory = 24474(MB), CPU Usage = 14.23022%</Message>
          <Message>[5/14/2018 10:50:46 PM]&lt;INFO&gt;Private Working Set for QTAgent32_40, usage=161724 (K)</Message>
          <Message>[5/14/2018 10:50:47 PM]&lt;INFO&gt;Path To TestConfig xml=E:\LoadTestResult\VSEQT\QTAgent\26973\CMP01-INDIASQA.horizonhobby.com\Deployment\SharedCommonConfig.xml</Message>
          <Message>[5/14/2018 10:50:47 PM]&lt;INFO&gt;Path To TestData xml=E:\LoadTestResult\VSEQT\QTAgent\26973\CMP01-INDIASQA.horizonhobby.com\Deployment\CheckoutCreditCard_225045.xml</Message>
          <Message>[5/14/2018 10:50:47 PM]&lt;INFO&gt;Path To HorizonHobbyQA Application Url=https://www-tst.horizonhobby.com</Message>
          <Message>[5/14/2018 10:50:47 PM]&lt;INFO&gt;HorizonHobbyQA sql connection string=Server=cmp02-ws-tst-db01:50000;Database=TST01DB;UID=wcdbuser;PWD=h0r1z0n;Connect Timeout=30</Message>
          <Message>[5/14/2018 10:50:47 PM]&lt;INFO&gt;Country is := US and language id is := '-1'</Message>
          <Message>[5/14/2018 10:50:47 PM]&lt;INFO&gt;Current browser used for test execution is = 'IE'</Message>
          <Message>[5/14/2018 10:50:47 PM]&lt;INFO&gt;GenerateGiftCard : method executing...</Message>
          <Message>[5/14/2018 10:50:47 PM]&lt;INFO&gt;LaunchCustomBrowserWindow : method executing ...</Message>
          <Message>[5/14/2018 10:50:49 PM]&lt;INFO&gt;SurveyWindow : method executing ...</Message>
          <Message>[5/14/2018 10:50:52 PM]&lt;PASS&gt;&lt;GenerateGiftCard&gt;&lt; Validates that a new Gift Card Number generated successfully&gt;</Message>
          <Message>[5/14/2018 10:50:59 PM]&lt;INFO&gt;SurveyWindow : method executing ...</Message>
          <Message>[5/14/2018 10:51:08 PM]&lt;INFO&gt;ContinueOnCertificationErrorClickexecuting ...</Message>
          <Message>[5/14/2018 10:51:08 PM]&lt;Info&gt;DEAllBrowserWindow : Locating browser window...</Message>
          <Message>[5/14/2018 10:51:15 PM]&lt;INFO&gt;UserRegistration : method executing ...</Message>
          <Message>[5/14/2018 10:51:15 PM]&lt;INFO&gt;DeleteWishlistFromDatabase : method executing</Message>
          <Message>[5/14/2018 10:51:44 PM]&lt;Info&gt;AllBrowserWindow : Locating browser window...</Message>
          <Message>[5/14/2018 10:52:10 PM]&lt;Info&gt;AllBrowserWindow : Locating browser window...</Message>
          <Message>Assert.Fail failed. [5/14/2018 10:52:35 PM]&lt;Error&gt;AllBrowserWindow : failed executing ...Unable to find Windows Internet Explorer window with 'My Account - Internet Explorer' in the title., 
    StackTrace:
    AllBrowserWindow(),SharedBorderFree.cs,Line Number:1037
    UserRegistration(),SharedUserRegistration.cs,Line Number:818
    RegisterNewUser(),SharedUserRegistration.cs,Line Number:1158
    RegisterNewUser(),SharedUserRegistration.cs,Line Number:1171
    CreditCardCheckoutAuthorizationSuccessfullyWithGiftCards(),CheckoutCreditCard.cs,Line Number:214</Message>
          <Message>[5/14/2018 10:52:35 PM]&lt;CaptureImage&gt;\\CMP01-YKumar\AutoLog\CMP01-INDIASQA\CreditCardCheckoutAuthorizationSuccessfullyWithGiftCards_20180514225235.png</Message>
          <Message>[5/14/2018 10:52:39 PM]&lt;Info&gt;AllBrowserWindow : Locating browser window...</Message>
          <Message>Assert.Fail failed. [5/14/2018 10:53:04 PM]&lt;Error&gt;AllBrowserWindow : failed executing ...Unable to find Windows Internet Explorer window with 'My Account - Internet Explorer' in the title., 
    StackTrace:
    AllBrowserWindow(),SharedBorderFree.cs,Line Number:1037
    CreditCardCheckoutAuthorizationSuccessfullyWithGiftCards(),CheckoutCreditCard.cs,Line Number:216</Message>
          <Message>[5/14/2018 10:53:04 PM]&lt;CaptureImage&gt;\\CMP01-YKumar\AutoLog\CMP01-INDIASQA\CreditCardCheckoutAuthorizationSuccessfullyWithGiftCards_20180514225304.png</Message>
          <Message>[5/14/2018 10:53:04 PM]&lt;INFO&gt;CheckoutCommonWorkflow : method executing</Message>
          <Message>[5/14/2018 10:53:10 PM]&lt;INFO&gt;SearchProductexecuting ... Searching term:= 'TAM56301'</Message>
          <Message>[5/14/2018 10:53:17 PM]&lt;Info&gt;AllBrowserWindow : Locating browser window...</Message>
          <Message>[5/14/2018 10:53:17 PM]&lt;INFO&gt;BackOrderClickexecuting ...</Message>
          <Message>[5/14/2018 10:53:17 PM]&lt;INFO&gt;GoToCartClickexecuting ...</Message>
          <Message>[5/14/2018 10:53:24 PM]&lt;INFO&gt;CheckoutProcessStartShoppingCart : method executing</Message>
          <Message>[5/14/2018 10:53:24 PM]&lt;Info&gt;AllBrowserWindow : Locating browser window...</Message>
          <Message>[5/14/2018 10:53:34 PM]&lt;INFO&gt;CheckoutShoppingCartControls : method executing</Message>
          <Message>[5/14/2018 10:53:34 PM]&lt;Info&gt;AllBrowserWindow : Locating browser window...</Message>
          <Message>[5/14/2018 10:53:49 PM]&lt;Info&gt;AllBrowserWindow : Locating browser window...</Message>
          <Message>Assert.Fail failed. [5/14/2018 10:54:14 PM]&lt;Error&gt;AllBrowserWindow : failed executing ...Unable to find Windows Internet Explorer window with 'HorizonHobby - Shipping and Billing Display - Internet Explorer' in the title., 
    StackTrace:
    AllBrowserWindow(),SharedBorderFree.cs,Line Number:1037
    CheckoutCommonWorkflow(),SharedCheckoutCreditCard.cs,Line Number:944
    CheckoutCommonWorkflow(),SharedCheckoutCreditCard.cs,Line Number:841
    CreditCardCheckoutAuthorizationSuccessfullyWithGiftCards(),CheckoutCreditCard.cs,Line Number:218</Message>
          <Message>[5/14/2018 10:54:14 PM]&lt;CaptureImage&gt;\\CMP01-YKumar\AutoLog\CMP01-INDIASQA\CreditCardCheckoutAuthorizationSuccessfullyWithGiftCards_20180514225414.png</Message>
          <Message>[5/14/2018 10:54:14 PM]&lt;INFO&gt;CheckoutCreditCardShippingAndBillingControls : method executing</Message>
          <Message>[5/14/2018 10:54:14 PM]&lt;Info&gt;AllBrowserWindow : Locating browser window...</Message>
          <Message>Assert.Fail failed. [5/14/2018 10:54:39 PM]&lt;Error&gt;AllBrowserWindow : failed executing ...Unable to find Windows Internet Explorer window with 'HorizonHobby - Shipping and Billing Display - Internet Explorer' in the title., 
    StackTrace:
    AllBrowserWindow(),SharedBorderFree.cs,Line Number:1037
    CheckoutCreditCardShippingAndBillingControls(),SharedCheckoutCreditCard.cs,Line Number:66
    OrderTableRecords(),SharedCheckoutCreditCard.cs,Line Number:138
    CheckoutCommonWorkflow(),SharedCheckoutCreditCard.cs,Line Number:953
    CheckoutCommonWorkflow(),SharedCheckoutCreditCard.cs,Line Number:841
    CreditCardCheckoutAuthorizationSuccessfullyWithGiftCards(),CheckoutCreditCard.cs,Line Number:218</Message>
          <Message>[5/14/2018 10:54:39 PM]&lt;CaptureImage&gt;\\CMP01-YKumar\AutoLog\CMP01-INDIASQA\CreditCardCheckoutAuthorizationSuccessfullyWithGiftCards_20180514225439.png</Message>
          <Message>[5/14/2018 10:54:48 PM]&lt;INFO&gt;TotalValue : method executing ...</Message>
          <Message>Assert.Fail failed. [5/14/2018 10:54:48 PM]&lt;Error&gt;TotalValue : failed executing ...Input string was not in a correct format., 
    StackTrace:
    TotalValue(),SharedCheckoutCreditCard.cs,Line Number:1071
    CheckoutCommonWorkflow(),SharedCheckoutCreditCard.cs,Line Number:955
    CheckoutCommonWorkflow(),SharedCheckoutCreditCard.cs,Line Number:841
    CreditCardCheckoutAuthorizationSuccessfullyWithGiftCards(),CheckoutCreditCard.cs,Line Number:218</Message>
          <Message>[5/14/2018 10:54:48 PM]&lt;CaptureImage&gt;\\CMP01-YKumar\AutoLog\CMP01-INDIASQA\CreditCardCheckoutAuthorizationSuccessfullyWithGiftCards_20180514225448.png</Message>
          <Message>[5/14/2018 10:54:48 PM]&lt;INFO&gt;ApplyGiftCard : method executing... -&gt; ''</Message>
          <Message>[5/14/2018 10:54:48 PM]&lt;Info&gt;AllBrowserWindow : Locating browser window...</Message>
          <Message>Assert.Fail failed. [5/14/2018 10:55:12 PM]&lt;Error&gt;AllBrowserWindow : failed executing ...Unable to find Windows Internet Explorer window with 'HorizonHobby - Shipping and Billing Display - Internet Explorer' in the title., 
    StackTrace:
    AllBrowserWindow(),SharedBorderFree.cs,Line Number:1037
    ApplyGiftCard(),SharedCheckoutCommon.cs,Line Number:1230
    ApplyGiftCard(),SharedCheckoutCommon.cs,Line Number:1309
    CheckoutCommonWorkflow(),SharedCheckoutCreditCard.cs,Line Number:958
    CheckoutCommonWorkflow(),SharedCheckoutCreditCard.cs,Line Number:841
    CreditCardCheckoutAuthorizationSuccessfullyWithGiftCards(),CheckoutCreditCard.cs,Line Number:218</Message>
          <Message>[5/14/2018 10:55:12 PM]&lt;CaptureImage&gt;\\CMP01-YKumar\AutoLog\CMP01-INDIASQA\CreditCardCheckoutAuthorizationSuccessfullyWithGiftCards_20180514225512.png</Message>
          <Message>Assert.Fail failed. [5/14/2018 10:55:20 PM]&lt;Error&gt;ApplyGiftCard : failed executing ...The playback failed to find the control with the given search properties. Additional Details: 
TechnologyName:  'Web'
ControlType:  'Edit'
TagName:  'INPUT'
Id:  'giftCard'
 Failed to find any control that matched the search condition ControlType='Edit' &amp;&amp; Id=&gt;'giftCard', 
    StackTrace:
    ApplyGiftCard(),SharedCheckoutCommon.cs,Line Number:1302
    ApplyGiftCard(),SharedCheckoutCommon.cs,Line Number:1309
    CheckoutCommonWorkflow(),SharedCheckoutCreditCard.cs,Line Number:958
    CheckoutCommonWorkflow(),SharedCheckoutCreditCard.cs,Line Number:841
    CreditCardCheckoutAuthorizationSuccessfullyWithGiftCards(),CheckoutCreditCard.cs,Line Number:218</Message>
          <Message>[5/14/2018 10:55:20 PM]&lt;CaptureImage&gt;\\CMP01-YKumar\AutoLog\CMP01-INDIASQA\CreditCardCheckoutAuthorizationSuccessfullyWithGiftCards_20180514225520.png</Message>
          <Message>[5/14/2018 10:55:25 PM]&lt;Info&gt;AllBrowserWindow : Locating browser window...</Message>
          <Message>Assert.Fail failed. [5/14/2018 10:55:49 PM]&lt;Error&gt;AllBrowserWindow : failed executing ...Unable to find Windows Internet Explorer window with 'HorizonHobby - Shipping and Billing Display - Internet Explorer' in the title., 
    StackTrace:
    AllBrowserWindow(),SharedBorderFree.cs,Line Number:1037
    CheckoutCommonWorkflow(),SharedCheckoutCreditCard.cs,Line Number:960
    CheckoutCommonWorkflow(),SharedCheckoutCreditCard.cs,Line Number:841
    CreditCardCheckoutAuthorizationSuccessfullyWithGiftCards(),CheckoutCreditCard.cs,Line Number:218</Message>
          <Message>[5/14/2018 10:55:49 PM]&lt;CaptureImage&gt;\\CMP01-YKumar\AutoLog\CMP01-INDIASQA\CreditCardCheckoutAuthorizationSuccessfullyWithGiftCards_20180514225549.png</Message>
          <Message>[5/14/2018 10:55:50 PM]&lt;INFO&gt;CheckoutCreditCardShippingAndBillingControls : method executing</Message>
          <Message>[5/14/2018 10:55:50 PM]&lt;Info&gt;AllBrowserWindow : Locating browser window...</Message>
          <Message>Assert.Fail failed. [5/14/2018 10:56:14 PM]&lt;Error&gt;AllBrowserWindow : failed executing ...Unable to find Windows Internet Explorer window with 'HorizonHobby - Shipping and Billing Display - Internet Explorer' in the title., 
    StackTrace:
    AllBrowserWindow(),SharedBorderFree.cs,Line Number:1037
    CheckoutCreditCardShippingAndBillingControls(),SharedCheckoutCreditCard.cs,Line Number:66
    OrderTableRecords(),SharedCheckoutCreditCard.cs,Line Number:138
    CheckoutCommonWorkflow(),SharedCheckoutCreditCard.cs,Line Number:967
    CheckoutCommonWorkflow(),SharedCheckoutCreditCard.cs,Line Number:841
    CreditCardCheckoutAuthorizationSuccessfullyWithGiftCards(),CheckoutCreditCard.cs,Line Number:218</Message>
          <Message>[5/14/2018 10:56:14 PM]&lt;CaptureImage&gt;\\CMP01-YKumar\AutoLog\CMP01-INDIASQA\CreditCardCheckoutAuthorizationSuccessfullyWithGiftCards_20180514225614.png</Message>
          <Message>[5/14/2018 10:56:23 PM]&lt;INFO&gt;TotalValue : method executing ...</Message>
          <Message>Assert.Fail failed. [5/14/2018 10:56:23 PM]&lt;Error&gt;TotalValue : failed executing ...Input string was not in a correct format., 
    StackTrace:
    TotalValue(),SharedCheckoutCreditCard.cs,Line Number:1071
    CheckoutCommonWorkflow(),SharedCheckoutCreditCard.cs,Line Number:968
    CheckoutCommonWorkflow(),SharedCheckoutCreditCard.cs,Line Number:841
    CreditCardCheckoutAuthorizationSuccessfullyWithGiftCards(),CheckoutCreditCard.cs,Line Number:218</Message>
          <Message>[5/14/2018 10:56:23 PM]&lt;CaptureImage&gt;\\CMP01-YKumar\AutoLog\CMP01-INDIASQA\CreditCardCheckoutAuthorizationSuccessfullyWithGiftCards_20180514225623.png</Message>
          <Message>[5/14/2018 10:56:23 PM]&lt;FAIL&gt;&lt;CheckoutCommonWorkflow&gt;&lt; Validates expected authorization amount: '51' is equals actual authorization amount: '0'&gt;.Assert.AreEqual failed. Expected:&lt;51&gt;. Actual:&lt;0&gt;. 
    StackTrace:
    CheckoutCommonWorkflow(),SharedCheckoutCreditCard.cs,Line Number:971
    CheckoutCommonWorkflow(),SharedCheckoutCreditCard.cs,Line Number:841</Message>
          <Message>[5/14/2018 10:56:23 PM]&lt;CaptureImage&gt;\\CMP01-YKumar\AutoLog\CMP01-INDIASQA\CreditCardCheckoutAuthorizationSuccessfullyWithGiftCards_20180514225623.png</Message>
          <Message>[5/14/2018 10:56:23 PM]&lt;INFO&gt;ShippingAddressSelection : method executing</Message>
          <Message>[5/14/2018 10:56:23 PM]&lt;INFO&gt;CheckoutCreditCardShippingAndBillingControls : method executing</Message>
          <Message>[5/14/2018 10:56:23 PM]&lt;Info&gt;AllBrowserWindow : Locating browser window...</Message>
          <Message>Assert.Fail failed. [5/14/2018 10:56:48 PM]&lt;Error&gt;AllBrowserWindow : failed executing ...Unable to find Windows Internet Explorer window with 'HorizonHobby - Shipping and Billing Display - Internet Explorer' in the title., 
    StackTrace:
    AllBrowserWindow(),SharedBorderFree.cs,Line Number:1037
    CheckoutCreditCardShippingAndBillingControls(),SharedCheckoutCreditCard.cs,Line Number:66
    ShippingAddressSelection(),SharedCheckoutCreditCard.cs,Line Number:263
    CheckoutCommonWorkflow(),SharedCheckoutCreditCard.cs,Line Number:975
    CheckoutCommonWorkflow(),SharedCheckoutCreditCard.cs,Line Number:841
    CreditCardCheckoutAuthorizationSuccessfullyWithGiftCards(),CheckoutCreditCard.cs,Line Number:218</Message>
          <Message>[5/14/2018 10:56:48 PM]&lt;CaptureImage&gt;\\CMP01-YKumar\AutoLog\CMP01-INDIASQA\CreditCardCheckoutAuthorizationSuccessfullyWithGiftCards_20180514225648.png</Message>
          <Message>Assert.Fail failed. [5/14/2018 10:56:54 PM]&lt;ERROR&gt;ShippingAddressSelection : failed executing ...The playback failed to find the control with the given search properties. Additional Details: 
TechnologyName:  'Web'
ControlType:  'ComboBox'
TagName:  'SELECT'
Id:  'singleShipmentAddress'
 Failed to find any control that matched the value singleShipmentAddress for the search property Id., 
    StackTrace:
    ShippingAddressSelection(),SharedCheckoutCreditCard.cs,Line Number:273
    CheckoutCommonWorkflow(),SharedCheckoutCreditCard.cs,Line Number:975
    CheckoutCommonWorkflow(),SharedCheckoutCreditCard.cs,Line Number:841
    CreditCardCheckoutAuthorizationSuccessfullyWithGiftCards(),CheckoutCreditCard.cs,Line Number:218</Message>
          <Message>[5/14/2018 10:56:54 PM]&lt;CaptureImage&gt;\\CMP01-YKumar\AutoLog\CMP01-INDIASQA\CreditCardCheckoutAuthorizationSuccessfullyWithGiftCards_20180514225654.png</Message>
          <Message>[5/14/2018 10:56:54 PM]&lt;INFO&gt;SelectCheckoutPaymentRadiobutton : method executing</Message>
          <Message>[5/14/2018 10:56:54 PM]&lt;INFO&gt;CheckoutCreditCardShippingAndBillingControls : method executing</Message>
          <Message>[5/14/2018 10:56:54 PM]&lt;Info&gt;AllBrowserWindow : Locating browser window...</Message>
          <Message>Assert.Fail failed. [5/14/2018 10:57:19 PM]&lt;Error&gt;AllBrowserWindow : failed executing ...Unable to find Windows Internet Explorer window with 'HorizonHobby - Shipping and Billing Display - Internet Explorer' in the title., 
    StackTrace:
    AllBrowserWindow(),SharedBorderFree.cs,Line Number:1037
    CheckoutCreditCardShippingAndBillingControls(),SharedCheckoutCreditCard.cs,Line Number:66
    SelectCheckoutPaymentRadiobutton(),SharedCheckoutCreditCard.cs,Line Number:514
    CheckoutCommonWorkflow(),SharedCheckoutCreditCard.cs,Line Number:981
    CheckoutCommonWorkflow(),SharedCheckoutCreditCard.cs,Line Number:841
    CreditCardCheckoutAuthorizationSuccessfullyWithGiftCards(),CheckoutCreditCard.cs,Line Number:218</Message>
          <Message>[5/14/2018 10:57:19 PM]&lt;CaptureImage&gt;\\CMP01-YKumar\AutoLog\CMP01-INDIASQA\CreditCardCheckoutAuthorizationSuccessfullyWithGiftCards_20180514225719.png</Message>
          <Message>Assert.Fail failed. [5/14/2018 10:57:26 PM]&lt;ERROR&gt;SelectCheckoutPaymentRadiobutton : failed executing ...Index was out of range. Must be non-negative and less than the size of the collection.
Parameter name: index, 
    StackTrace:
    SelectCheckoutPaymentRadiobutton(),SharedCheckoutCreditCard.cs,Line Number:539
    CheckoutCommonWorkflow(),SharedCheckoutCreditCard.cs,Line Number:981
    CheckoutCommonWorkflow(),SharedCheckoutCreditCard.cs,Line Number:841
    CreditCardCheckoutAuthorizationSuccessfullyWithGiftCards(),CheckoutCreditCard.cs,Line Number:218</Message>
          <Message>[5/14/2018 10:57:26 PM]&lt;CaptureImage&gt;\\CMP01-YKumar\AutoLog\CMP01-INDIASQA\CreditCardCheckoutAuthorizationSuccessfullyWithGiftCards_20180514225726.png</Message>
          <Message>[5/14/2018 10:57:26 PM]&lt;INFO&gt;FillCreditCardDetails : method executing</Message>
          <Message>[5/14/2018 10:57:26 PM]&lt;INFO&gt;CheckoutCreditCardShippingAndBillingControls : method executing</Message>
          <Message>[5/14/2018 10:57:26 PM]&lt;Info&gt;AllBrowserWindow : Locating browser window...</Message>
          <Message>Assert.Fail failed. [5/14/2018 10:57:51 PM]&lt;Error&gt;AllBrowserWindow : failed executing ...Unable to find Windows Internet Explorer window with 'HorizonHobby - Shipping and Billing Display - Internet Explorer' in the title., 
    StackTrace:
    AllBrowserWindow(),SharedBorderFree.cs,Line Number:1037
    CheckoutCreditCardShippingAndBillingControls(),SharedCheckoutCreditCard.cs,Line Number:66
    FillCreditCardDetails(),SharedCheckoutCreditCard.cs,Line Number:551
    CheckoutCommonWorkflow(),SharedCheckoutCreditCard.cs,Line Number:984
    CheckoutCommonWorkflow(),SharedCheckoutCreditCard.cs,Line Number:841
    CreditCardCheckoutAuthorizationSuccessfullyWithGiftCards(),CheckoutCreditCard.cs,Line Number:218</Message>
          <Message>[5/14/2018 10:57:51 PM]&lt;CaptureImage&gt;\\CMP01-YKumar\AutoLog\CMP01-INDIASQA\CreditCardCheckoutAuthorizationSuccessfullyWithGiftCards_20180514225751.png</Message>
          <Message>Assert.Fail failed. [5/14/2018 10:57:58 PM]&lt;ERROR&gt;FillCreditCardDetails : failed executing ...The playback failed to find the control with the given search properties. Additional Details: 
TechnologyName:  'Web'
ControlType:  'Edit'
TagName:  'INPUT'
Class:  'cardEntry_cardNumInput'
 Failed to find any control that matched the search condition ControlType='Edit' &amp;&amp; Class=&gt;'cardEntry_cardNumInput', 
    StackTrace:
    FillCreditCardDetails(),SharedCheckoutCreditCard.cs,Line Number:570
    CheckoutCommonWorkflow(),SharedCheckoutCreditCard.cs,Line Number:984
    CheckoutCommonWorkflow(),SharedCheckoutCreditCard.cs,Line Number:841
    CreditCardCheckoutAuthorizationSuccessfullyWithGiftCards(),CheckoutCreditCard.cs,Line Number:218</Message>
          <Message>[5/14/2018 10:57:58 PM]&lt;CaptureImage&gt;\\CMP01-YKumar\AutoLog\CMP01-INDIASQA\CreditCardCheckoutAuthorizationSuccessfullyWithGiftCards_20180514225758.png</Message>
          <Message>[5/14/2018 10:57:58 PM]&lt;INFO&gt;ClickReviewOrder : method executing</Message>
          <Message>[5/14/2018 10:57:58 PM]&lt;INFO&gt;CheckoutCreditCardShippingAndBillingControls : method executing</Message>
          <Message>[5/14/2018 10:57:58 PM]&lt;Info&gt;AllBrowserWindow : Locating browser window...</Message>
          <Message>Assert.Fail failed. [5/14/2018 10:58:22 PM]&lt;Error&gt;AllBrowserWindow : failed executing ...Unable to find Windows Internet Explorer window with 'HorizonHobby - Shipping and Billing Display - Internet Explorer' in the title., 
    StackTrace:
    AllBrowserWindow(),SharedBorderFree.cs,Line Number:1037
    CheckoutCreditCardShippingAndBillingControls(),SharedCheckoutCreditCard.cs,Line Number:66
    ClickReviewOrder(),SharedCheckoutCreditCard.cs,Line Number:582
    CheckoutCommonWorkflow(),SharedCheckoutCreditCard.cs,Line Number:986
    CheckoutCommonWorkflow(),SharedCheckoutCreditCard.cs,Line Number:841
    CreditCardCheckoutAuthorizationSuccessfullyWithGiftCards(),CheckoutCreditCard.cs,Line Number:218</Message>
          <Message>[5/14/2018 10:58:22 PM]&lt;CaptureImage&gt;\\CMP01-YKumar\AutoLog\CMP01-INDIASQA\CreditCardCheckoutAuthorizationSuccessfullyWithGiftCards_20180514225822.png</Message>
          <Message>Assert.Fail failed. [5/14/2018 10:58:32 PM]&lt;ERROR&gt;ClickReviewOrder : failed executing ...The playback failed to find the control with the given search properties. Additional Details: 
TechnologyName:  'Web'
ControlType:  'Hyperlink'
TagName:  'A'
Id:  'shippingBillingPageNextPrepareCall'
 Failed to find any control that matched the value shippingBillingPageNextPrepareCall for the search property Id., 
    StackTrace:
    ClickReviewOrder(),SharedCheckoutCreditCard.cs,Line Number:605
    CheckoutCommonWorkflow(),SharedCheckoutCreditCard.cs,Line Number:986
    CheckoutCommonWorkflow(),SharedCheckoutCreditCard.cs,Line Number:841
    CreditCardCheckoutAuthorizationSuccessfullyWithGiftCards(),CheckoutCreditCard.cs,Line Number:218</Message>
          <Message>[5/14/2018 10:58:32 PM]&lt;CaptureImage&gt;\\CMP01-YKumar\AutoLog\CMP01-INDIASQA\CreditCardCheckoutAuthorizationSuccessfullyWithGiftCards_20180514225832.png</Message>
          <Message>[5/14/2018 10:58:32 PM]&lt;INFO&gt;PlaceOrderCreditCard : method executing</Message>
          <Message>[5/14/2018 10:58:32 PM]&lt;INFO&gt;CheckoutCreditCardShippingAndBillingControls : method executing</Message>
          <Message>[5/14/2018 10:58:32 PM]&lt;Info&gt;AllBrowserWindow : Locating browser window...</Message>
          <Message>Assert.Fail failed. [5/14/2018 10:58:57 PM]&lt;Error&gt;AllBrowserWindow : failed executing ...Unable to find Windows Internet Explorer window with 'HorizonHobby - Shipping and Billing Display - Internet Explorer' in the title., 
    StackTrace:
    AllBrowserWindow(),SharedBorderFree.cs,Line Number:1037
    CheckoutCreditCardShippingAndBillingControls(),SharedCheckoutCreditCard.cs,Line Number:66
    PlaceOrderCreditCard(),SharedCheckoutCreditCard.cs,Line Number:683
    PlaceOrder(),SharedCheckoutCreditCard.cs,Line Number:630
    CheckoutCommonWorkflow(),SharedCheckoutCreditCard.cs,Line Number:997
    CheckoutCommonWorkflow(),SharedCheckoutCreditCard.cs,Line Number:841
    CreditCardCheckoutAuthorizationSuccessfullyWithGiftCards(),CheckoutCreditCard.cs,Line Number:218</Message>
          <Message>[5/14/2018 10:58:57 PM]&lt;CaptureImage&gt;\\CMP01-YKumar\AutoLog\CMP01-INDIASQA\CreditCardCheckoutAuthorizationSuccessfullyWithGiftCards_20180514225857.png</Message>
          <Message>Assert.Fail failed. [5/14/2018 10:59:07 PM]&lt;ERROR&gt;PlaceOrderCreditCard : failed executing ...The playback failed to find the control with the given search properties. Additional Details: 
TechnologyName:  'Web'
ControlType:  'Hyperlink'
TagName:  'A'
Id:  'shippingBillingPageNextGCTotal'
 Failed to find any control that matched the value shippingBillingPageNextGCTotal for the search property Id., 
    StackTrace:
    PlaceOrderCreditCard(),SharedCheckoutCreditCard.cs,Line Number:758
    PlaceOrder(),SharedCheckoutCreditCard.cs,Line Number:630
    CheckoutCommonWorkflow(),SharedCheckoutCreditCard.cs,Line Number:997
    CheckoutCommonWorkflow(),SharedCheckoutCreditCard.cs,Line Number:841
    CreditCardCheckoutAuthorizationSuccessfullyWithGiftCards(),CheckoutCreditCard.cs,Line Number:218</Message>
          <Message>[5/14/2018 10:59:07 PM]&lt;CaptureImage&gt;\\CMP01-YKumar\AutoLog\CMP01-INDIASQA\CreditCardCheckoutAuthorizationSuccessfullyWithGiftCards_20180514225907.png</Message>
          <Message>[5/14/2018 10:59:07 PM]&lt;Info&gt;AllBrowserWindow : Locating browser window...</Message>
          <Message>Assert.Fail failed. [5/14/2018 10:59:31 PM]&lt;Error&gt;AllBrowserWindow : failed executing ...Unable to find Windows Internet Explorer window with 'HorizonHobby - Order Confirmation - Internet Explorer' in the title., 
    StackTrace:
    AllBrowserWindow(),SharedBorderFree.cs,Line Number:1037
    HandleGooglePrompt(),SharedCheckoutCreditCard.cs,Line Number:1365
    HandleGooglePrompt(),SharedCheckoutCreditCard.cs,Line Number:1390
    PlaceOrder(),SharedCheckoutCreditCard.cs,Line Number:631
    CheckoutCommonWorkflow(),SharedCheckoutCreditCard.cs,Line Number:997
    CheckoutCommonWorkflow(),SharedCheckoutCreditCard.cs,Line Number:841
    CreditCardCheckoutAuthorizationSuccessfullyWithGiftCards(),CheckoutCreditCard.cs,Line Number:218</Message>
          <Message>[5/14/2018 10:59:32 PM]&lt;CaptureImage&gt;\\CMP01-YKumar\AutoLog\CMP01-INDIASQA\CreditCardCheckoutAuthorizationSuccessfullyWithGiftCards_20180514225931.png</Message>
          <Message>[5/14/2018 10:59:40 PM]&lt;INFO&gt;OrderConfirmation : method executing</Message>
          <Message>[5/14/2018 10:59:40 PM]&lt;INFO&gt;OrderConfirmationUIControls : method executing</Message>
          <Message>[5/14/2018 10:59:40 PM]&lt;Info&gt;AllBrowserWindow : Locating browser window...</Message>
          <Message>Assert.Fail failed. [5/14/2018 11:00:04 PM]&lt;Error&gt;AllBrowserWindow : failed executing ...Unable to find Windows Internet Explorer window with 'HorizonHobby - Order Confirmation - Internet Explorer' in the title., 
    StackTrace:
    AllBrowserWindow(),SharedBorderFree.cs,Line Number:1037
    OrderConfirmationUIControls(),SharedOrderedItems.cs,Line Number:39
    OrderConfirmation(),SharedOrderedItems.cs,Line Number:59
    CreditCardCheckoutAuthorizationSuccessfullyWithGiftCards(),CheckoutCreditCard.cs,Line Number:220</Message>
          <Message>[5/14/2018 11:00:04 PM]&lt;CaptureImage&gt;\\CMP01-YKumar\AutoLog\CMP01-INDIASQA\CreditCardCheckoutAuthorizationSuccessfullyWithGiftCards_20180514230004.png</Message>
          <Message>[5/14/2018 11:00:04 PM]&lt;INFO&gt;SurveyWindow : method executing ...</Message>
          <Message>Assert.Fail failed. [5/14/2018 11:01:17 PM]&lt;ERROR&gt;OrderConfirmation : failed executing ...The playback failed to find the control with the given search properties. Additional Details: 
TechnologyName:  'Web'
ControlType:  'Pane'
TagName:  'SPAN'
Class:  'cart_orderConfirm_ordNumValue'
 Failed to find any control that matched the search condition ControlType='Pane' &amp;&amp; Class='cart_orderConfirm_ordNumValue', 
    StackTrace:
    OrderConfirmation(),SharedOrderedItems.cs,Line Number:69
    CreditCardCheckoutAuthorizationSuccessfullyWithGiftCards(),CheckoutCreditCard.cs,Line Number:220</Message>
          <Message>[5/14/2018 11:01:17 PM]&lt;CaptureImage&gt;\\CMP01-YKumar\AutoLog\CMP01-INDIASQA\CreditCardCheckoutAuthorizationSuccessfullyWithGiftCards_20180514230117.png</Message>
          <Message>[5/14/2018 11:01:22 PM]&lt;INFO&gt;OrderAmountValidation : method executing</Message>
          <Message>[5/14/2018 11:01:22 PM]&lt;INFO&gt;OrderConfirmationUIControls : method executing</Message>
          <Message>[5/14/2018 11:01:22 PM]&lt;Info&gt;AllBrowserWindow : Locating browser window...</Message>
          <Message>Assert.Fail failed. [5/14/2018 11:01:47 PM]&lt;Error&gt;AllBrowserWindow : failed executing ...Unable to find Windows Internet Explorer window with 'HorizonHobby - Order Confirmation - Internet Explorer' in the title., 
    StackTrace:
    AllBrowserWindow(),SharedBorderFree.cs,Line Number:1037
    OrderConfirmationUIControls(),SharedOrderedItems.cs,Line Number:39
    OrderAmountValidation(),SharedOrderedItems.cs,Line Number:106
    CreditCardCheckoutAuthorizationSuccessfullyWithGiftCards(),CheckoutCreditCard.cs,Line Number:224</Message>
          <Message>[5/14/2018 11:01:47 PM]&lt;CaptureImage&gt;\\CMP01-YKumar\AutoLog\CMP01-INDIASQA\CreditCardCheckoutAuthorizationSuccessfullyWithGiftCards_20180514230147.png</Message>
          <Message>Assert.Fail failed. [5/14/2018 11:01:50 PM]&lt;ERROR&gt;OrderAmountValidation : failed executing ...The playback failed to find the control with the given search properties. Additional Details: 
TechnologyName:  'Web'
ControlType:  'Pane'
TagName:  'SPAN'
Class:  'cart_orderConfirm_ordNumValue'
 Failed to find any control that matched the search condition ControlType='Pane' &amp;&amp; Class='cart_orderConfirm_ordNumValue', 
    StackTrace:
    OrderAmountValidation(),SharedOrderedItems.cs,Line Number:114
    CreditCardCheckoutAuthorizationSuccessfullyWithGiftCards(),CheckoutCreditCard.cs,Line Number:224</Message>
          <Message>[5/14/2018 11:01:50 PM]&lt;CaptureImage&gt;\\CMP01-YKumar\AutoLog\CMP01-INDIASQA\CreditCardCheckoutAuthorizationSuccessfullyWithGiftCards_20180514230150.png</Message>
          <Message>[5/14/2018 11:01:50 PM]&lt;INFO&gt;CCAuthorizationOrderItemStatusValidation : method executing</Message>
          <Message>Assert.Fail failed. [5/14/2018 11:01:50 PM]&lt;ERROR&gt;QuerySQLValues_string, strSQLquery=select DATAVALUE from PPCEXTDATA where PPCPAYINST_ID in (select PPCPAYINST_ID from PPCPAYINST where ORDER_ID  ='' AND STORE_ID = 10151) and ATTRIBUTENAME = 'decision', strConnection=Server=cmp02-ws-tst-db01:50000;Database=TST01DB;UID=wcdbuser;PWD=h0r1z0n;Connect Timeout=30, Exception=IBM.Data.DB2.DB2Exception (0x80004005): ERROR [22018] [IBM][DB2/LINUXX8664] SQL0420N  Invalid character found in a character string argument of the function "DECFLOAT".
   at IBM.Data.DB2.DB2DataReader.Read()
   at TestAuto.LoggingAndSharedGenericMethods.QuerySqlValueDB2(String value, String table, String WHERE, String connection, Boolean validate, Boolean concatValues) in c:\Builds\1\WebSphere\QATestAutomation\src\CodedUITest\SourceCode\Common\Logging\SharedMethods_Generic.cs:line 4542, 
    StackTrace:
    QuerySqlValueDB2(),SharedMethods_Generic.cs,Line Number:4562
    QuerySqlValueDB2(),SharedMethods_Generic.cs,Line Number:4085
    CCAuthorizationOrderItemStatusValidation(),SharedMethods_Database.cs,Line Number:1224
    CreditCardCheckoutAuthorizationSuccessfullyWithGiftCards(),CheckoutCreditCard.cs,Line Number:226</Message>
          <Message>[5/14/2018 11:01:51 PM]&lt;FAIL&gt;&lt;CCAuthorizationStatus&gt;&lt;Verifies that cc authorization status is as expected&gt;.Assert.AreEqual failed. Expected:&lt;Ud0IYAlM0ek=&gt;. Actual:&lt;ExceptionRaised&gt;. 
    StackTrace:
    CCAuthorizationOrderItemStatusValidation(),SharedMethods_Database.cs,Line Number:1228
    CreditCardCheckoutAuthorizationSuccessfullyWithGiftCards(),CheckoutCreditCard.cs,Line Number:226</Message>
          <Message>[5/14/2018 11:01:51 PM]&lt;RESULT&gt;Test Ended:#PASS=1, #FAIL=2,#Other errors=26</Message>
          <Message>[5/14/2018 11:01:52 PM]&lt;INFO&gt;LogCPUAndMemoryUsage: Available Memory = 24311(MB), CPU Usage = 5.324076%</Message>
          <Message>[5/14/2018 11:01:52 PM]&lt;INFO&gt;Private Working Set for QTAgent32_40, usage=162680 (K)</Message>
          <Message>[5/14/2018 11:01:52 PM]&lt;RESULT&gt;&lt;CreditCardCheckoutAuthorizationSuccessfullyWithGiftCards&gt; Test FAILED: Actual #FAIL=2, #Expected FAIL=0
#Other errors=26. See Error Message/logs for further details.</Message>
        </TextMessages>
      </Output>
      <ResultFiles>
        <ResultFile path="CMP01-INDIASQA.horizonhobby.com\CheckoutCreditCard_225045.xml" />
        <ResultFile path="CMP01-INDIASQA.horizonhobby.com\CreditCardCheckoutAuthorizationSuccessfullyWithGiftCards_20180514225045.log" />
        <ResultFile path="CMP01-INDIASQA.horizonhobby.com\CreditCardCheckoutAuthorizationSuccessfullyWithGiftCards_20180514225235.png" />
        <ResultFile path="CMP01-INDIASQA.horizonhobby.com\CreditCardCheckoutAuthorizationSuccessfullyWithGiftCards_20180514225304.png" />
        <ResultFile path="CMP01-INDIASQA.horizonhobby.com\CreditCardCheckoutAuthorizationSuccessfullyWithGiftCards_20180514225414.png" />
        <ResultFile path="CMP01-INDIASQA.horizonhobby.com\CreditCardCheckoutAuthorizationSuccessfullyWithGiftCards_20180514225439.png" />
        <ResultFile path="CMP01-INDIASQA.horizonhobby.com\CreditCardCheckoutAuthorizationSuccessfullyWithGiftCards_20180514225448.png" />
        <ResultFile path="CMP01-INDIASQA.horizonhobby.com\CreditCardCheckoutAuthorizationSuccessfullyWithGiftCards_20180514225512.png" />
        <ResultFile path="CMP01-INDIASQA.horizonhobby.com\CreditCardCheckoutAuthorizationSuccessfullyWithGiftCards_20180514225520.png" />
        <ResultFile path="CMP01-INDIASQA.horizonhobby.com\CreditCardCheckoutAuthorizationSuccessfullyWithGiftCards_20180514225549.png" />
        <ResultFile path="CMP01-INDIASQA.horizonhobby.com\CreditCardCheckoutAuthorizationSuccessfullyWithGiftCards_20180514225614.png" />
        <ResultFile path="CMP01-INDIASQA.horizonhobby.com\CreditCardCheckoutAuthorizationSuccessfullyWithGiftCards_20180514225623.png" />
        <ResultFile path="CMP01-INDIASQA.horizonhobby.com\CreditCardCheckoutAuthorizationSuccessfullyWithGiftCards_20180514225648.png" />
        <ResultFile path="CMP01-INDIASQA.horizonhobby.com\CreditCardCheckoutAuthorizationSuccessfullyWithGiftCards_20180514225654.png" />
        <ResultFile path="CMP01-INDIASQA.horizonhobby.com\CreditCardCheckoutAuthorizationSuccessfullyWithGiftCards_20180514225719.png" />
        <ResultFile path="CMP01-INDIASQA.horizonhobby.com\CreditCardCheckoutAuthorizationSuccessfullyWithGiftCards_20180514225726.png" />
        <ResultFile path="CMP01-INDIASQA.horizonhobby.com\CreditCardCheckoutAuthorizationSuccessfullyWithGiftCards_20180514225751.png" />
        <ResultFile path="CMP01-INDIASQA.horizonhobby.com\CreditCardCheckoutAuthorizationSuccessfullyWithGiftCards_20180514225758.png" />
        <ResultFile path="CMP01-INDIASQA.horizonhobby.com\CreditCardCheckoutAuthorizationSuccessfullyWithGiftCards_20180514225822.png" />
        <ResultFile path="CMP01-INDIASQA.horizonhobby.com\CreditCardCheckoutAuthorizationSuccessfullyWithGiftCards_20180514225832.png" />
        <ResultFile path="CMP01-INDIASQA.horizonhobby.com\CreditCardCheckoutAuthorizationSuccessfullyWithGiftCards_20180514225857.png" />
        <ResultFile path="CMP01-INDIASQA.horizonhobby.com\CreditCardCheckoutAuthorizationSuccessfullyWithGiftCards_20180514225907.png" />
        <ResultFile path="CMP01-INDIASQA.horizonhobby.com\CreditCardCheckoutAuthorizationSuccessfullyWithGiftCards_20180514225931.png" />
        <ResultFile path="CMP01-INDIASQA.horizonhobby.com\CreditCardCheckoutAuthorizationSuccessfullyWithGiftCards_20180514230004.png" />
        <ResultFile path="CMP01-INDIASQA.horizonhobby.com\CreditCardCheckoutAuthorizationSuccessfullyWithGiftCards_20180514230117.png" />
        <ResultFile path="CMP01-INDIASQA.horizonhobby.com\CreditCardCheckoutAuthorizationSuccessfullyWithGiftCards_20180514230147.png" />
        <ResultFile path="CMP01-INDIASQA.horizonhobby.com\CreditCardCheckoutAuthorizationSuccessfullyWithGiftCards_20180514230150.png" />
        <ResultFile path="CMP01-INDIASQA.horizonhobby.com\CreditCardCheckoutAuthorizationSuccessfullyWithGiftCards_ResultsONLY_20180514225045.log" />
        <ResultFile path="CMP01-INDIASQA.horizonhobby.com\SharedCommonConfig.xml" />
      </ResultFiles>
    </UnitTestResult>
    <UnitTestResult executionId="6e6046dd-4e4d-4515-a9f0-0d84e6102576" testId="2f29873d-6ea4-c4ab-692f-c7469884039b" testName="PayPalCheckoutGuestUser" computerName="CMP01-INDIASQA" duration="00:09:57.1579830" startTime="2018-05-14T23:01:54.2974730-05:00" endTime="2018-05-14T23:11:51.4854730-05:00" testType="13cdc9d9-ddb5-4fa4-a97d-d965ccfc6d4b" outcome="Passed" testListId="8c84fa94-04c1-424b-9868-57a2d4851a1d" relativeResultsDirectory="6e6046dd-4e4d-4515-a9f0-0d84e6102576">
      <Output>
        <StdOut>Logging to custom path:\\CMP01-YKumar\AutoLog</StdOut>
        <TextMessages>
          <Message>[5/14/2018 11:01:54 PM]&lt;STARTLOG&gt;&lt;PayPalCheckoutGuestUser&gt;Test Started: Expecting: #PASS=Undefined and #FAIL=0
Running from MTM=True, running on machine name:CMP01-INDIASQA, user name=ykumar, OS=Microsoft Windows NT 6.1.7601 Service Pack 1, Is64BitOS=True</Message>
          <Message>[5/14/2018 11:01:55 PM]&lt;INFO&gt;LogCPUAndMemoryUsage: Available Memory = 24473(MB), CPU Usage = 12.55897%</Message>
          <Message>[5/14/2018 11:01:55 PM]&lt;INFO&gt;Private Working Set for QTAgent32_40, usage=162788 (K)</Message>
          <Message>[5/14/2018 11:01:55 PM]&lt;INFO&gt;Path To TestConfig xml=E:\LoadTestResult\VSEQT\QTAgent\26973\CMP01-INDIASQA.horizonhobby.com\Deployment\SharedCommonConfig.xml</Message>
          <Message>[5/14/2018 11:01:55 PM]&lt;INFO&gt;Path To TestData xml=E:\LoadTestResult\VSEQT\QTAgent\26973\CMP01-INDIASQA.horizonhobby.com\Deployment\CheckoutPaypalTestData_230154.xml</Message>
          <Message>[5/14/2018 11:01:55 PM]&lt;INFO&gt;Path To HorizonHobbyQA Application Url=https://www-tst.horizonhobby.com</Message>
          <Message>[5/14/2018 11:01:55 PM]&lt;INFO&gt;HorizonHobbyQA sql connection string=Server=cmp02-ws-tst-db01:50000;Database=TST01DB;UID=wcdbuser;PWD=h0r1z0n;Connect Timeout=30</Message>
          <Message>[5/14/2018 11:01:55 PM]&lt;INFO&gt;Country is := US and language id is := '-1'</Message>
          <Message>[5/14/2018 11:01:55 PM]&lt;INFO&gt;Current browser used for test execution is = 'IE'</Message>
          <Message>[5/14/2018 11:01:59 PM]&lt;Info&gt;AllBrowserWindow : Locating browser window...</Message>
          <Message>[5/14/2018 11:02:02 PM]&lt;INFO&gt;SearchProductexecuting ... Searching term:= 'EXL20750'</Message>
          <Message>[5/14/2018 11:02:09 PM]&lt;Info&gt;AllBrowserWindow : Locating browser window...</Message>
          <Message>[5/14/2018 11:02:09 PM]&lt;INFO&gt;BackOrderClickexecuting ...</Message>
          <Message>[5/14/2018 11:02:10 PM]&lt;INFO&gt;GoToCartClickexecuting ...</Message>
          <Message>[5/14/2018 11:02:16 PM]&lt;Info&gt;AllBrowserWindow : Locating browser window...</Message>
          <Message>[5/14/2018 11:02:26 PM]&lt;INFO&gt;CheckoutProcessStartShoppingCart : method executing</Message>
          <Message>[5/14/2018 11:02:26 PM]&lt;Info&gt;AllBrowserWindow : Locating browser window...</Message>
          <Message>[5/14/2018 11:02:34 PM]&lt;INFO&gt;CheckoutShoppingCartControls : method executing</Message>
          <Message>[5/14/2018 11:02:34 PM]&lt;Info&gt;AllBrowserWindow : Locating browser window...</Message>
          <Message>[5/14/2018 11:02:49 PM]&lt;Info&gt;AllBrowserWindow : Locating browser window...</Message>
          <Message>[5/14/2018 11:02:52 PM]&lt;PASS&gt;&lt;PayPalCheckoutGuestUser&gt;&lt; Validates that Address Page appears&gt;</Message>
          <Message>[5/14/2018 11:02:52 PM]&lt;INFO&gt;FillBillingAndShippingAddressexecuting ...</Message>
          <Message>[5/14/2018 11:02:52 PM]&lt;Info&gt;AllBrowserWindow : Locating browser window...</Message>
          <Message>[5/14/2018 11:02:55 PM]&lt;INFO&gt;SelectBillingCountryexecuting ...</Message>
          <Message>[5/14/2018 11:03:03 PM]&lt;INFO&gt;SelectBillingStateexecuting ...</Message>
          <Message>[5/14/2018 11:03:26 PM]&lt;Info&gt;AllBrowserWindow : Locating browser window...</Message>
          <Message>[5/14/2018 11:03:32 PM]&lt;PASS&gt;&lt;PayPalCheckoutGuestUser&gt;&lt;Browser Window is on shipping and billing method page&gt;</Message>
          <Message>[5/14/2018 11:03:32 PM]&lt;INFO&gt;SelectCheckoutPaymentRadiobutton : method executing</Message>
          <Message>[5/14/2018 11:03:32 PM]&lt;INFO&gt;CheckoutCreditCardShippingAndBillingControls : method executing</Message>
          <Message>[5/14/2018 11:03:32 PM]&lt;Info&gt;AllBrowserWindow : Locating browser window...</Message>
          <Message>[5/14/2018 11:03:42 PM]&lt;INFO&gt;KeyboardSendKeys method executing...</Message>
          <Message>[5/14/2018 11:03:43 PM]&lt;PASS&gt;&lt;PayPalCheckoutGuestUser&gt;&lt;Message on selecting PayPal as payment method&gt;</Message>
          <Message>[5/14/2018 11:03:43 PM]&lt;Info&gt;AllBrowserWindow : Locating browser window...</Message>
          <Message>[5/14/2018 11:03:43 PM]&lt;INFO&gt;ClickPayPalLink : method executing...</Message>
          <Message>[5/14/2018 11:03:48 PM]&lt;INFO&gt;LoginPayPal : method executing...</Message>
          <Message>[5/14/2018 11:03:48 PM]&lt;Info&gt;AllBrowserWindow : Locating browser window...</Message>
          <Message>[5/14/2018 11:06:11 PM]&lt;INFO&gt;PaypalLoginNewControls : method executing...</Message>
          <Message>[5/14/2018 11:06:16 PM]&lt;Info&gt;AllBrowserWindow : Locating browser window...</Message>
          <Message>[5/14/2018 11:07:03 PM]&lt;INFO&gt;PaypalLoginNewControls : method executing...</Message>
          <Message>[5/14/2018 11:07:07 PM]&lt;INFO&gt;ClickLoginOnPayPal : method executing ...</Message>
          <Message>[5/14/2018 11:07:23 PM]&lt;INFO&gt;ClickContinueOnPayPal : method executing ...</Message>
          <Message>[5/14/2018 11:09:26 PM]&lt;Info&gt;AllBrowserWindow : Locating browser window...</Message>
          <Message>[5/14/2018 11:09:41 PM]&lt;Info&gt;AllBrowserWindow : Locating browser window...</Message>
          <Message>[5/14/2018 11:09:41 PM]&lt;INFO&gt;ValidatePayPalOrderReviewPage : method executing ...</Message>
          <Message>[5/14/2018 11:09:41 PM]&lt;Info&gt;AllBrowserWindow : Locating browser window...</Message>
          <Message>[5/14/2018 11:09:47 PM]&lt;PASS&gt;&lt;PayPalCheckoutGuestUser&gt;&lt;Edit Address pencil icon does not exist&gt;</Message>
          <Message>[5/14/2018 11:09:51 PM]&lt;PASS&gt;&lt;PayPalCheckoutGuestUser&gt;&lt;Edit Billing Address link (on pencil icon) does not exist&gt;</Message>
          <Message>[5/14/2018 11:09:56 PM]&lt;PASS&gt;&lt;PayPalCheckoutGuestUser&gt;&lt;Edit Shipping Address link (on pencil icon) does not exist&gt;</Message>
          <Message>[5/14/2018 11:09:59 PM]&lt;PASS&gt;&lt;PayPalCheckoutGuestUser&gt;&lt;Edit Address button does not exist&gt;</Message>
          <Message>[5/14/2018 11:09:59 PM]&lt;Info&gt;AllBrowserWindow : Locating browser window...</Message>
          <Message>[5/14/2018 11:10:00 PM]&lt;PASS&gt;&lt;PayPalCheckoutGuestUser&gt;&lt;Shipping Address appears that of PayPal&gt;</Message>
          <Message>[5/14/2018 11:10:00 PM]&lt;PASS&gt;&lt;PayPalCheckoutGuestUser&gt;&lt;Billing Address appears that of PayPal&gt;</Message>
          <Message>[5/14/2018 11:10:00 PM]&lt;INFO&gt;GetShippingMethodRadioButtonControl : method executing</Message>
          <Message>[5/14/2018 11:10:00 PM]&lt;Info&gt;AllBrowserWindow : Locating browser window...</Message>
          <Message>[5/14/2018 11:10:22 PM]&lt;INFO&gt;ShippingMethodSelection : method executing</Message>
          <Message>[5/14/2018 11:10:23 PM]&lt;Info&gt;AllBrowserWindow : Locating browser window...</Message>
          <Message>[5/14/2018 11:10:50 PM]&lt;INFO&gt;GetAllShippingOptions : is executing ...</Message>
          <Message>[5/14/2018 11:10:50 PM]&lt;Info&gt;AllBrowserWindow : Locating browser window...</Message>
          <Message>[5/14/2018 11:11:12 PM]&lt;PASS&gt;&lt;PayPalCheckoutGuestUser&gt;&lt;Shipping Method Radio button exists&gt;</Message>
          <Message>[5/14/2018 11:11:12 PM]&lt;INFO&gt;ClickPlaceOrderPayPal : method executing...</Message>
          <Message>[5/14/2018 11:11:12 PM]&lt;Info&gt;AllBrowserWindow : Locating browser window...</Message>
          <Message>[5/14/2018 11:11:12 PM]&lt;Info&gt;AllBrowserWindow : Locating browser window...</Message>
          <Message>[5/14/2018 11:11:14 PM]&lt;Info&gt;AllBrowserWindow : Locating browser window...</Message>
          <Message>[5/14/2018 11:11:40 PM]&lt;Info&gt;AllBrowserWindow : Locating browser window...</Message>
          <Message>[5/14/2018 11:11:48 PM]&lt;PASS&gt;&lt;PayPalCheckoutGuestUser&gt;&lt;Order Confirmation Number Appears&gt;</Message>
          <Message>[5/14/2018 11:11:48 PM]&lt;RESULT&gt;Test Ended:#PASS=11, #FAIL=0</Message>
          <Message>[5/14/2018 11:11:49 PM]&lt;INFO&gt;LogCPUAndMemoryUsage: Available Memory = 24080(MB), CPU Usage = 16.62284%</Message>
          <Message>[5/14/2018 11:11:49 PM]&lt;INFO&gt;Private Working Set for QTAgent32_40, usage=155360 (K)</Message>
          <Message>[5/14/2018 11:11:49 PM]&lt;RESULT&gt;&lt;PayPalCheckoutGuestUser&gt; Test PASSED</Message>
        </TextMessages>
      </Output>
      <ResultFiles>
        <ResultFile path="CMP01-INDIASQA.horizonhobby.com\CheckoutPaypalTestData_230154.xml" />
        <ResultFile path="CMP01-INDIASQA.horizonhobby.com\PayPalCheckoutGuestUser_20180514230154.log" />
        <ResultFile path="CMP01-INDIASQA.horizonhobby.com\PayPalCheckoutGuestUser_ResultsONLY_20180514230154.log" />
        <ResultFile path="CMP01-INDIASQA.horizonhobby.com\SharedCommonConfig.xml" />
      </ResultFiles>
    </UnitTestResult>
    <UnitTestResult executionId="6bfd18c6-9652-4098-8c00-a0add9d7038a" testId="cbf7caa6-9332-34a1-3fa6-5a08c0d038ea" testName="PayPalCheckoutSignedIn" computerName="CMP01-INDIASQA" duration="00:12:36.5912895" startTime="2018-05-14T23:11:51.4864730-05:00" endTime="2018-05-14T23:24:28.1104730-05:00" testType="13cdc9d9-ddb5-4fa4-a97d-d965ccfc6d4b" outcome="Passed" testListId="8c84fa94-04c1-424b-9868-57a2d4851a1d" relativeResultsDirectory="6bfd18c6-9652-4098-8c00-a0add9d7038a">
      <Output>
        <StdOut>Logging to custom path:\\CMP01-YKumar\AutoLog</StdOut>
        <TextMessages>
          <Message>[5/14/2018 11:11:51 PM]&lt;STARTLOG&gt;&lt;PayPalCheckoutSignedIn&gt;Test Started: Expecting: #PASS=Undefined and #FAIL=0
Running from MTM=True, running on machine name:CMP01-INDIASQA, user name=ykumar, OS=Microsoft Windows NT 6.1.7601 Service Pack 1, Is64BitOS=True</Message>
          <Message>[5/14/2018 11:11:52 PM]&lt;INFO&gt;LogCPUAndMemoryUsage: Available Memory = 24109(MB), CPU Usage = 19.35013%</Message>
          <Message>[5/14/2018 11:11:52 PM]&lt;INFO&gt;Private Working Set for QTAgent32_40, usage=155568 (K)</Message>
          <Message>[5/14/2018 11:11:52 PM]&lt;INFO&gt;Path To TestConfig xml=E:\LoadTestResult\VSEQT\QTAgent\26973\CMP01-INDIASQA.horizonhobby.com\Deployment\SharedCommonConfig.xml</Message>
          <Message>[5/14/2018 11:11:52 PM]&lt;INFO&gt;Path To TestData xml=E:\LoadTestResult\VSEQT\QTAgent\26973\CMP01-INDIASQA.horizonhobby.com\Deployment\CheckoutPaypalTestData_231151.xml</Message>
          <Message>[5/14/2018 11:11:52 PM]&lt;INFO&gt;Path To HorizonHobbyQA Application Url=https://www-tst.horizonhobby.com</Message>
          <Message>[5/14/2018 11:11:52 PM]&lt;INFO&gt;HorizonHobbyQA sql connection string=Server=cmp02-ws-tst-db01:50000;Database=TST01DB;UID=wcdbuser;PWD=h0r1z0n;Connect Timeout=30</Message>
          <Message>[5/14/2018 11:11:52 PM]&lt;INFO&gt;Country is := US and language id is := '-1'</Message>
          <Message>[5/14/2018 11:11:52 PM]&lt;INFO&gt;Current browser used for test execution is = 'IE'</Message>
          <Message>[5/14/2018 11:11:55 PM]&lt;Info&gt;AllBrowserWindow : Locating browser window...</Message>
          <Message>[5/14/2018 11:11:57 PM]&lt;INFO&gt;SurveyWindow : method executing ...</Message>
          <Message>[5/14/2018 11:12:05 PM]&lt;INFO&gt;ContinueOnCertificationErrorClickexecuting ...</Message>
          <Message>[5/14/2018 11:12:05 PM]&lt;Info&gt;DEAllBrowserWindow : Locating browser window...</Message>
          <Message>[5/14/2018 11:12:12 PM]&lt;INFO&gt;UserRegistration : method executing ...</Message>
          <Message>[5/14/2018 11:12:12 PM]&lt;Info&gt;AllBrowserWindow : Locating browser window...</Message>
          <Message>[5/14/2018 11:12:37 PM]&lt;Info&gt;AllBrowserWindow : Locating browser window...</Message>
          <Message>[5/14/2018 11:13:06 PM]&lt;Info&gt;AllBrowserWindow : Locating browser window...</Message>
          <Message>[5/14/2018 11:13:20 PM]&lt;INFO&gt;SearchProductexecuting ... Searching term:= 'ZENT207075101'</Message>
          <Message>[5/14/2018 11:13:27 PM]&lt;Info&gt;AllBrowserWindow : Locating browser window...</Message>
          <Message>[5/14/2018 11:13:27 PM]&lt;INFO&gt;BackOrderClickexecuting ...</Message>
          <Message>[5/14/2018 11:13:28 PM]&lt;INFO&gt;GoToCartClickexecuting ...</Message>
          <Message>[5/14/2018 11:13:35 PM]&lt;Info&gt;AllBrowserWindow : Locating browser window...</Message>
          <Message>[5/14/2018 11:13:45 PM]&lt;INFO&gt;CheckoutProcessStartShoppingCart : method executing</Message>
          <Message>[5/14/2018 11:13:45 PM]&lt;Info&gt;AllBrowserWindow : Locating browser window...</Message>
          <Message>[5/14/2018 11:13:52 PM]&lt;INFO&gt;CheckoutShoppingCartControls : method executing</Message>
          <Message>[5/14/2018 11:13:52 PM]&lt;Info&gt;AllBrowserWindow : Locating browser window...</Message>
          <Message>[5/14/2018 11:14:00 PM]&lt;Info&gt;AllBrowserWindow : Locating browser window...</Message>
          <Message>[5/14/2018 11:14:04 PM]&lt;INFO&gt;SelectCheckoutPaymentRadiobutton : method executing</Message>
          <Message>[5/14/2018 11:14:04 PM]&lt;INFO&gt;CheckoutCreditCardShippingAndBillingControls : method executing</Message>
          <Message>[5/14/2018 11:14:04 PM]&lt;Info&gt;AllBrowserWindow : Locating browser window...</Message>
          <Message>[5/14/2018 11:14:15 PM]&lt;INFO&gt;ClickPayPalLink : method executing...</Message>
          <Message>[5/14/2018 11:14:21 PM]&lt;INFO&gt;LoginPayPal : method executing...</Message>
          <Message>[5/14/2018 11:14:21 PM]&lt;Info&gt;AllBrowserWindow : Locating browser window...</Message>
          <Message>[5/14/2018 11:16:47 PM]&lt;INFO&gt;PaypalLoginNewControls : method executing...</Message>
          <Message>[5/14/2018 11:16:52 PM]&lt;Info&gt;AllBrowserWindow : Locating browser window...</Message>
          <Message>[5/14/2018 11:17:38 PM]&lt;INFO&gt;PaypalLoginNewControls : method executing...</Message>
          <Message>[5/14/2018 11:17:43 PM]&lt;INFO&gt;ClickLoginOnPayPal : method executing ...</Message>
          <Message>[5/14/2018 11:17:59 PM]&lt;INFO&gt;ClickContinueOnPayPal : method executing ...</Message>
          <Message>[5/14/2018 11:21:51 PM]&lt;Info&gt;AllBrowserWindow : Locating browser window...</Message>
          <Message>[5/14/2018 11:21:51 PM]&lt;INFO&gt;ValidatePayPalOrderReviewPage : method executing ...</Message>
          <Message>[5/14/2018 11:21:51 PM]&lt;Info&gt;AllBrowserWindow : Locating browser window...</Message>
          <Message>[5/14/2018 11:21:58 PM]&lt;PASS&gt;&lt;PayPalCheckoutSignedIn&gt;&lt;Edit Address pencil icon does not exist&gt;</Message>
          <Message>[5/14/2018 11:22:02 PM]&lt;PASS&gt;&lt;PayPalCheckoutSignedIn&gt;&lt;Edit Billing Address link (on pencil icon) does not exist&gt;</Message>
          <Message>[5/14/2018 11:22:06 PM]&lt;PASS&gt;&lt;PayPalCheckoutSignedIn&gt;&lt;Edit Shipping Address link (on pencil icon) does not exist&gt;</Message>
          <Message>[5/14/2018 11:22:09 PM]&lt;PASS&gt;&lt;PayPalCheckoutSignedIn&gt;&lt;Edit Address button does not exist&gt;</Message>
          <Message>[5/14/2018 11:22:09 PM]&lt;Info&gt;AllBrowserWindow : Locating browser window...</Message>
          <Message>[5/14/2018 11:22:10 PM]&lt;PASS&gt;&lt;PayPalCheckoutSignedIn&gt;&lt;Shipping Address appears that of PayPal&gt;</Message>
          <Message>[5/14/2018 11:22:10 PM]&lt;PASS&gt;&lt;PayPalCheckoutSignedIn&gt;&lt;Billing Address appears that of PayPal&gt;</Message>
          <Message>[5/14/2018 11:22:10 PM]&lt;INFO&gt;GetShippingMethodRadioButtonControl : method executing</Message>
          <Message>[5/14/2018 11:22:10 PM]&lt;Info&gt;AllBrowserWindow : Locating browser window...</Message>
          <Message>[5/14/2018 11:22:32 PM]&lt;INFO&gt;ShippingMethodSelection : method executing</Message>
          <Message>[5/14/2018 11:22:32 PM]&lt;Info&gt;AllBrowserWindow : Locating browser window...</Message>
          <Message>[5/14/2018 11:22:59 PM]&lt;INFO&gt;GetAllShippingOptions : is executing ...</Message>
          <Message>[5/14/2018 11:23:00 PM]&lt;Info&gt;AllBrowserWindow : Locating browser window...</Message>
          <Message>[5/14/2018 11:23:22 PM]&lt;PASS&gt;&lt;PayPalCheckoutSignedIn&gt;&lt;Shipping Method Radio button exists&gt;</Message>
          <Message>[5/14/2018 11:23:22 PM]&lt;Info&gt;AllBrowserWindow : Locating browser window...</Message>
          <Message>[5/14/2018 11:23:23 PM]&lt;INFO&gt;ClickPlaceOrderPayPal : method executing...</Message>
          <Message>[5/14/2018 11:23:23 PM]&lt;Info&gt;AllBrowserWindow : Locating browser window...</Message>
          <Message>[5/14/2018 11:23:23 PM]&lt;Info&gt;AllBrowserWindow : Locating browser window...</Message>
          <Message>[5/14/2018 11:23:24 PM]&lt;Info&gt;AllBrowserWindow : Locating browser window...</Message>
          <Message>[5/14/2018 11:23:48 PM]&lt;Info&gt;AllBrowserWindow : Locating browser window...</Message>
          <Message>[5/14/2018 11:23:55 PM]&lt;PASS&gt;&lt;PayPalCheckoutSignedIn&gt;&lt;Shipping Address equals to expected&gt;</Message>
          <Message>[5/14/2018 11:23:55 PM]&lt;PASS&gt;&lt;PayPalCheckoutSignedIn&gt;&lt;Billing Address equals to expected&gt;</Message>
          <Message>[5/14/2018 11:23:55 PM]&lt;INFO&gt;DeleteWishlistFromDatabase : method executing</Message>
          <Message>[5/14/2018 11:23:55 PM]&lt;INFO&gt;DeletOrderItem : method executing</Message>
          <Message>[5/14/2018 11:24:24 PM]&lt;INFO&gt;DeleteWishlistFromDatabase : method executing</Message>
          <Message>[5/14/2018 11:24:24 PM]&lt;RESULT&gt;Test Ended:#PASS=9, #FAIL=0</Message>
          <Message>[5/14/2018 11:24:25 PM]&lt;INFO&gt;LogCPUAndMemoryUsage: Available Memory = 24075(MB), CPU Usage = 17.79169%</Message>
          <Message>[5/14/2018 11:24:26 PM]&lt;INFO&gt;Private Working Set for QTAgent32_40, usage=156432 (K)</Message>
          <Message>[5/14/2018 11:24:26 PM]&lt;RESULT&gt;&lt;PayPalCheckoutSignedIn&gt; Test PASSED</Message>
        </TextMessages>
      </Output>
      <ResultFiles>
        <ResultFile path="CMP01-INDIASQA.horizonhobby.com\CheckoutPaypalTestData_231151.xml" />
        <ResultFile path="CMP01-INDIASQA.horizonhobby.com\PayPalCheckoutSignedIn_20180514231151.log" />
        <ResultFile path="CMP01-INDIASQA.horizonhobby.com\PayPalCheckoutSignedIn_ResultsONLY_20180514231151.log" />
        <ResultFile path="CMP01-INDIASQA.horizonhobby.com\SharedCommonConfig.xml" />
      </ResultFiles>
    </UnitTestResult>
    <UnitTestResult executionId="38287274-d793-4f01-9405-1977d2d1bf01" testId="8ef35005-3886-2833-7a0a-94f1fb3a232d" testName="PayPalExpressCheckoutBasicWorkflowSignedIn" computerName="CMP01-INDIASQA" duration="00:10:05.6530403" startTime="2018-05-14T23:24:28.1124730-05:00" endTime="2018-05-14T23:34:33.8004730-05:00" testType="13cdc9d9-ddb5-4fa4-a97d-d965ccfc6d4b" outcome="Passed" testListId="8c84fa94-04c1-424b-9868-57a2d4851a1d" relativeResultsDirectory="38287274-d793-4f01-9405-1977d2d1bf01">
      <Output>
        <StdOut>Logging to custom path:\\CMP01-YKumar\AutoLog</StdOut>
        <TextMessages>
          <Message>[5/14/2018 11:24:28 PM]&lt;STARTLOG&gt;&lt;PayPalExpressCheckoutBasicWorkflowSignedIn&gt;Test Started: Expecting: #PASS=Undefined and #FAIL=0
Running from MTM=True, running on machine name:CMP01-INDIASQA, user name=ykumar, OS=Microsoft Windows NT 6.1.7601 Service Pack 1, Is64BitOS=True</Message>
          <Message>[5/14/2018 11:24:29 PM]&lt;INFO&gt;LogCPUAndMemoryUsage: Available Memory = 24105(MB), CPU Usage = 18.7173%</Message>
          <Message>[5/14/2018 11:24:29 PM]&lt;INFO&gt;Private Working Set for QTAgent32_40, usage=156560 (K)</Message>
          <Message>[5/14/2018 11:24:29 PM]&lt;INFO&gt;Path To TestConfig xml=E:\LoadTestResult\VSEQT\QTAgent\26973\CMP01-INDIASQA.horizonhobby.com\Deployment\SharedCommonConfig.xml</Message>
          <Message>[5/14/2018 11:24:29 PM]&lt;INFO&gt;Path To TestData xml=E:\LoadTestResult\VSEQT\QTAgent\26973\CMP01-INDIASQA.horizonhobby.com\Deployment\CheckoutPaypalTestData_232428.xml</Message>
          <Message>[5/14/2018 11:24:29 PM]&lt;INFO&gt;Path To HorizonHobbyQA Application Url=https://www-tst.horizonhobby.com</Message>
          <Message>[5/14/2018 11:24:29 PM]&lt;INFO&gt;HorizonHobbyQA sql connection string=Server=cmp02-ws-tst-db01:50000;Database=TST01DB;UID=wcdbuser;PWD=h0r1z0n;Connect Timeout=30</Message>
          <Message>[5/14/2018 11:24:29 PM]&lt;INFO&gt;Country is := US and language id is := '-1'</Message>
          <Message>[5/14/2018 11:24:29 PM]&lt;INFO&gt;Current browser used for test execution is = 'IE'</Message>
          <Message>[5/14/2018 11:24:35 PM]&lt;Info&gt;AllBrowserWindow : Locating browser window...</Message>
          <Message>[5/14/2018 11:24:36 PM]&lt;INFO&gt;SurveyWindow : method executing ...</Message>
          <Message>[5/14/2018 11:24:45 PM]&lt;INFO&gt;ContinueOnCertificationErrorClickexecuting ...</Message>
          <Message>[5/14/2018 11:24:45 PM]&lt;Info&gt;DEAllBrowserWindow : Locating browser window...</Message>
          <Message>[5/14/2018 11:24:52 PM]&lt;INFO&gt;UserRegistration : method executing ...</Message>
          <Message>[5/14/2018 11:24:52 PM]&lt;Info&gt;AllBrowserWindow : Locating browser window...</Message>
          <Message>[5/14/2018 11:25:18 PM]&lt;Info&gt;AllBrowserWindow : Locating browser window...</Message>
          <Message>[5/14/2018 11:25:44 PM]&lt;Info&gt;AllBrowserWindow : Locating browser window...</Message>
          <Message>[5/14/2018 11:26:01 PM]&lt;INFO&gt;SearchProductexecuting ... Searching term:= 'ORI65165'</Message>
          <Message>[5/14/2018 11:26:07 PM]&lt;Info&gt;AllBrowserWindow : Locating browser window...</Message>
          <Message>[5/14/2018 11:26:08 PM]&lt;INFO&gt;BackOrderClickexecuting ...</Message>
          <Message>[5/14/2018 11:26:08 PM]&lt;INFO&gt;GoToCartClickexecuting ...</Message>
          <Message>[5/14/2018 11:26:15 PM]&lt;Info&gt;AllBrowserWindow : Locating browser window...</Message>
          <Message>[5/14/2018 11:26:25 PM]&lt;INFO&gt;ClickPayPalLink : method executing...</Message>
          <Message>[5/14/2018 11:26:30 PM]&lt;INFO&gt;LoginPayPal : method executing...</Message>
          <Message>[5/14/2018 11:26:30 PM]&lt;Info&gt;AllBrowserWindow : Locating browser window...</Message>
          <Message>[5/14/2018 11:28:52 PM]&lt;INFO&gt;PaypalLoginNewControls : method executing...</Message>
          <Message>[5/14/2018 11:28:57 PM]&lt;Info&gt;AllBrowserWindow : Locating browser window...</Message>
          <Message>[5/14/2018 11:29:44 PM]&lt;INFO&gt;PaypalLoginNewControls : method executing...</Message>
          <Message>[5/14/2018 11:29:47 PM]&lt;INFO&gt;ClickLoginOnPayPal : method executing ...</Message>
          <Message>[5/14/2018 11:30:04 PM]&lt;INFO&gt;ClickContinueOnPayPal : method executing ...</Message>
          <Message>[5/14/2018 11:32:04 PM]&lt;Info&gt;AllBrowserWindow : Locating browser window...</Message>
          <Message>[5/14/2018 11:32:04 PM]&lt;INFO&gt;ValidatePayPalOrderReviewPage : method executing ...</Message>
          <Message>[5/14/2018 11:32:04 PM]&lt;Info&gt;AllBrowserWindow : Locating browser window...</Message>
          <Message>[5/14/2018 11:32:10 PM]&lt;PASS&gt;&lt;PayPalExpressCheckoutBasicWorkflowSignedIn&gt;&lt;Edit Address pencil icon does not exist&gt;</Message>
          <Message>[5/14/2018 11:32:14 PM]&lt;PASS&gt;&lt;PayPalExpressCheckoutBasicWorkflowSignedIn&gt;&lt;Edit Billing Address link (on pencil icon) does not exist&gt;</Message>
          <Message>[5/14/2018 11:32:18 PM]&lt;PASS&gt;&lt;PayPalExpressCheckoutBasicWorkflowSignedIn&gt;&lt;Edit Shipping Address link (on pencil icon) does not exist&gt;</Message>
          <Message>[5/14/2018 11:32:22 PM]&lt;PASS&gt;&lt;PayPalExpressCheckoutBasicWorkflowSignedIn&gt;&lt;Edit Address button does not exist&gt;</Message>
          <Message>[5/14/2018 11:32:22 PM]&lt;Info&gt;AllBrowserWindow : Locating browser window...</Message>
          <Message>[5/14/2018 11:32:22 PM]&lt;PASS&gt;&lt;PayPalExpressCheckoutBasicWorkflowSignedIn&gt;&lt;Shipping Address appears that of PayPal&gt;</Message>
          <Message>[5/14/2018 11:32:22 PM]&lt;PASS&gt;&lt;PayPalExpressCheckoutBasicWorkflowSignedIn&gt;&lt;Billing Address appears that of PayPal&gt;</Message>
          <Message>[5/14/2018 11:32:22 PM]&lt;INFO&gt;GetShippingMethodRadioButtonControl : method executing</Message>
          <Message>[5/14/2018 11:32:22 PM]&lt;Info&gt;AllBrowserWindow : Locating browser window...</Message>
          <Message>[5/14/2018 11:32:45 PM]&lt;INFO&gt;ShippingMethodSelection : method executing</Message>
          <Message>[5/14/2018 11:32:45 PM]&lt;Info&gt;AllBrowserWindow : Locating browser window...</Message>
          <Message>[5/14/2018 11:33:12 PM]&lt;INFO&gt;GetAllShippingOptions : is executing ...</Message>
          <Message>[5/14/2018 11:33:12 PM]&lt;Info&gt;AllBrowserWindow : Locating browser window...</Message>
          <Message>[5/14/2018 11:33:35 PM]&lt;PASS&gt;&lt;PayPalExpressCheckoutBasicWorkflowSignedIn&gt;&lt;Shipping Method Radio button exists&gt;</Message>
          <Message>[5/14/2018 11:33:35 PM]&lt;INFO&gt;ClickPlaceOrderPayPal : method executing...</Message>
          <Message>[5/14/2018 11:33:35 PM]&lt;Info&gt;AllBrowserWindow : Locating browser window...</Message>
          <Message>[5/14/2018 11:33:35 PM]&lt;Info&gt;AllBrowserWindow : Locating browser window...</Message>
          <Message>[5/14/2018 11:33:36 PM]&lt;Info&gt;AllBrowserWindow : Locating browser window...</Message>
          <Message>[5/14/2018 11:33:58 PM]&lt;INFO&gt;DeleteWishlistFromDatabase : method executing</Message>
          <Message>[5/14/2018 11:33:58 PM]&lt;INFO&gt;DeletOrderItem : method executing</Message>
          <Message>[5/14/2018 11:34:30 PM]&lt;INFO&gt;DeleteWishlistFromDatabase : method executing</Message>
          <Message>[5/14/2018 11:34:30 PM]&lt;RESULT&gt;Test Ended:#PASS=7, #FAIL=0</Message>
          <Message>[5/14/2018 11:34:31 PM]&lt;INFO&gt;LogCPUAndMemoryUsage: Available Memory = 23633(MB), CPU Usage = 9.415005%</Message>
          <Message>[5/14/2018 11:34:31 PM]&lt;INFO&gt;Private Working Set for QTAgent32_40, usage=156860 (K)</Message>
          <Message>[5/14/2018 11:34:31 PM]&lt;RESULT&gt;&lt;PayPalExpressCheckoutBasicWorkflowSignedIn&gt; Test PASSED</Message>
        </TextMessages>
      </Output>
      <ResultFiles>
        <ResultFile path="CMP01-INDIASQA.horizonhobby.com\CheckoutPaypalTestData_232428.xml" />
        <ResultFile path="CMP01-INDIASQA.horizonhobby.com\PayPalExpressCheckoutBasicWorkflowSignedIn_20180514232428.log" />
        <ResultFile path="CMP01-INDIASQA.horizonhobby.com\PayPalExpressCheckoutBasicWorkflowSignedIn_ResultsONLY_20180514232428.log" />
        <ResultFile path="CMP01-INDIASQA.horizonhobby.com\SharedCommonConfig.xml" />
      </ResultFiles>
    </UnitTestResult>
    <UnitTestResult executionId="0abc5787-7bac-4e67-9ab3-6ad727b4b4ad" testId="f6b3acd0-94c8-e8cd-2e09-516123a72c87" testName="PayPalCheckoutInternationalAddress" computerName="CMP01-INDIASQA" duration="00:05:02.6993405" startTime="2018-05-14T23:34:33.8024730-05:00" endTime="2018-05-14T23:39:36.7784730-05:00" testType="13cdc9d9-ddb5-4fa4-a97d-d965ccfc6d4b" outcome="Failed" testListId="8c84fa94-04c1-424b-9868-57a2d4851a1d" relativeResultsDirectory="0abc5787-7bac-4e67-9ab3-6ad727b4b4ad">
      <Output>
        <StdOut>Logging to custom path:\\CMP01-YKumar\AutoLog</StdOut>
        <ErrorInfo>
          <Message>Assert.Fail failed. 
#Other errors=1
[Error details below]
&lt;ERROR&gt;[5/14/2018 11:39:03 PM]&lt;Error&gt;PayPalCheckoutInternationalAddress : failed executing ...The playback failed to find the control with the given search properties. Additional Details: 
TechnologyName:  'Web'
ControlType:  'Button'
TagName:  'BUTTON'
Id:  'submit-order-btn'
Class:  'btn btn-primary btn-lg ng-binding'
 Failed to find any control that matched the value submit-order-btn for the search property Id.</Message>
          <StackTrace>   at TestAuto.LoggingAndSharedGenericMethods.EndTest() in c:\Builds\1\WebSphere\QATestAutomation\src\CodedUITest\SourceCode\Common\Logging\Logging.cs:line 1628
   at TestAuto.BorderFree.TestCleanup() in c:\Builds\1\WebSphere\QATestAutomation\src\CodedUITest\SourceCode\HHobby\BorderFree\BorderFree.cs:line 2628
</StackTrace>
        </ErrorInfo>
        <TextMessages>
          <Message>[5/14/2018 11:34:34 PM]&lt;STARTLOG&gt;&lt;PayPalCheckoutInternationalAddress&gt;Test Started: Expecting: #PASS=Undefined and #FAIL=0
Running from MTM=True, running on machine name:CMP01-INDIASQA, user name=ykumar, OS=Microsoft Windows NT 6.1.7601 Service Pack 1, Is64BitOS=True</Message>
          <Message>[5/14/2018 11:34:36 PM]&lt;INFO&gt;LogCPUAndMemoryUsage: Available Memory = 23952(MB), CPU Usage = 13.50594%</Message>
          <Message>[5/14/2018 11:34:36 PM]&lt;INFO&gt;Private Working Set for QTAgent32_40, usage=159924 (K)</Message>
          <Message>[5/14/2018 11:34:36 PM]&lt;INFO&gt;Path To TestConfig xml=E:\LoadTestResult\VSEQT\QTAgent\26973\CMP01-INDIASQA.horizonhobby.com\Deployment\SharedCommonConfig.xml</Message>
          <Message>[5/14/2018 11:34:36 PM]&lt;INFO&gt;Path To TestData xml=E:\LoadTestResult\VSEQT\QTAgent\26973\CMP01-INDIASQA.horizonhobby.com\Deployment\BorderFreeTestData_233434.xml</Message>
          <Message>[5/14/2018 11:34:36 PM]&lt;INFO&gt;Path To HorizonHobbyQA Application Url=https://www-tst.horizonhobby.com</Message>
          <Message>[5/14/2018 11:34:36 PM]&lt;INFO&gt;HorizonHobbyQA sql connection string=Server=cmp02-ws-tst-db01:50000;Database=TST01DB;UID=wcdbuser;PWD=h0r1z0n;Connect Timeout=30</Message>
          <Message>[5/14/2018 11:34:36 PM]&lt;INFO&gt;Country is := US and language id is := '-1'</Message>
          <Message>[5/14/2018 11:34:36 PM]&lt;INFO&gt;Current browser used for test execution is = 'IE'</Message>
          <Message>[5/14/2018 11:34:39 PM]&lt;Info&gt;AllBrowserWindow : Locating browser window...</Message>
          <Message>[5/14/2018 11:34:41 PM]&lt;INFO&gt;SurveyWindow : method executing ...</Message>
          <Message>[5/14/2018 11:34:49 PM]&lt;INFO&gt;ContinueOnCertificationErrorClickexecuting ...</Message>
          <Message>[5/14/2018 11:34:49 PM]&lt;Info&gt;DEAllBrowserWindow : Locating browser window...</Message>
          <Message>[5/14/2018 11:34:59 PM]&lt;INFO&gt;ClickAcceptCookiesAgreement : failed executing ...</Message>
          <Message>[5/14/2018 11:35:09 PM]&lt;INFO&gt;UserRegistration : method executing ...</Message>
          <Message>[5/14/2018 11:35:09 PM]&lt;Info&gt;AllBrowserWindow : Locating browser window...</Message>
          <Message>[5/14/2018 11:35:28 PM]&lt;Info&gt;AllBrowserWindow : Locating browser window...</Message>
          <Message>[5/14/2018 11:35:49 PM]&lt;Info&gt;AllBrowserWindow : Locating browser window...</Message>
          <Message>[5/14/2018 11:36:22 PM]&lt;INFO&gt;SearchProductexecuting ... Searching term:= 'RC4ZS0770'</Message>
          <Message>[5/14/2018 11:36:26 PM]&lt;Info&gt;AllBrowserWindow : Locating browser window...</Message>
          <Message>[5/14/2018 11:36:27 PM]&lt;INFO&gt;SurveyWindow : method executing ...</Message>
          <Message>[5/14/2018 11:36:47 PM]&lt;INFO&gt;BackOrderClickexecuting ...</Message>
          <Message>[5/14/2018 11:36:48 PM]&lt;INFO&gt;GoToCartClickexecuting ...</Message>
          <Message>[5/14/2018 11:36:54 PM]&lt;Info&gt;AllBrowserWindow : Locating browser window...</Message>
          <Message>[5/14/2018 11:37:03 PM]&lt;Info&gt;AllBrowserWindow : Locating browser window...</Message>
          <Message>[5/14/2018 11:37:12 PM]&lt;Info&gt;AllBrowserWindow : Locating browser window...</Message>
          <Message>[5/14/2018 11:37:17 PM]&lt;Info&gt;AllBrowserWindow : Locating browser window...</Message>
          <Message>[5/14/2018 11:37:29 PM]&lt;Info&gt;AllBrowserWindow : Locating browser window...</Message>
          <Message>[5/14/2018 11:38:05 PM]&lt;INFO&gt;LoginPayPal : method executing...</Message>
          <Message>[5/14/2018 11:38:05 PM]&lt;Info&gt;AllBrowserWindow : Locating browser window...</Message>
          <Message>[5/14/2018 11:38:32 PM]&lt;INFO&gt;PaypalLoginNewControls : method executing...</Message>
          <Message>[5/14/2018 11:38:37 PM]&lt;Info&gt;AllBrowserWindow : Locating browser window...</Message>
          <Message>[5/14/2018 11:38:59 PM]&lt;INFO&gt;PaypalLoginNewControls : method executing...</Message>
          <Message>[5/14/2018 11:38:59 PM]&lt;Info&gt;AllBrowserWindow : Locating browser window...</Message>
          <Message>Assert.Fail failed. [5/14/2018 11:39:03 PM]&lt;Error&gt;PayPalCheckoutInternationalAddress : failed executing ...The playback failed to find the control with the given search properties. Additional Details: 
TechnologyName:  'Web'
ControlType:  'Button'
TagName:  'BUTTON'
Id:  'submit-order-btn'
Class:  'btn btn-primary btn-lg ng-binding'
 Failed to find any control that matched the value submit-order-btn for the search property Id., 
    StackTrace:
    PayPalCheckoutInternationalAddress(),BorderFree.cs,Line Number:1659</Message>
          <Message>[5/14/2018 11:39:03 PM]&lt;CaptureImage&gt;\\CMP01-YKumar\AutoLog\CMP01-INDIASQA\PayPalCheckoutInternationalAddress_20180514233903.png</Message>
          <Message>[5/14/2018 11:39:03 PM]&lt;INFO&gt;DeleteWishlistFromDatabase : method executing</Message>
          <Message>[5/14/2018 11:39:03 PM]&lt;INFO&gt;DeletOrderItem : method executing</Message>
          <Message>[5/14/2018 11:39:33 PM]&lt;RESULT&gt;Test Ended:#PASS=0, #FAIL=0,#Other errors=1</Message>
          <Message>[5/14/2018 11:39:34 PM]&lt;INFO&gt;LogCPUAndMemoryUsage: Available Memory = 23693(MB), CPU Usage = 6.687712%</Message>
          <Message>[5/14/2018 11:39:34 PM]&lt;INFO&gt;Private Working Set for QTAgent32_40, usage=178288 (K)</Message>
          <Message>[5/14/2018 11:39:34 PM]&lt;RESULT&gt;&lt;PayPalCheckoutInternationalAddress&gt; Test FAILED: #Other errors=1. See Error Message/logs for further details.</Message>
        </TextMessages>
      </Output>
      <ResultFiles>
        <ResultFile path="CMP01-INDIASQA.horizonhobby.com\BorderFreeTestData_233434.xml" />
        <ResultFile path="CMP01-INDIASQA.horizonhobby.com\PayPalCheckoutInternationalAddress_20180514233434.log" />
        <ResultFile path="CMP01-INDIASQA.horizonhobby.com\PayPalCheckoutInternationalAddress_20180514233903.png" />
        <ResultFile path="CMP01-INDIASQA.horizonhobby.com\PayPalCheckoutInternationalAddress_ResultsONLY_20180514233434.log" />
        <ResultFile path="CMP01-INDIASQA.horizonhobby.com\SharedCommonConfig.xml" />
      </ResultFiles>
    </UnitTestResult>
    <UnitTestResult executionId="aa5e1c08-b3e6-46cf-a2fe-54d98e63d3b4" testId="5e55e692-4563-a9d8-eba3-9d0611f5a523" testName="PayPalCheckoutAlaskaAndHawaiiStateAddress" computerName="CMP01-INDIASQA" duration="00:21:07.4532719" startTime="2018-05-14T23:39:36.7794730-05:00" endTime="2018-05-15T00:00:44.2684730-05:00" testType="13cdc9d9-ddb5-4fa4-a97d-d965ccfc6d4b" outcome="Passed" testListId="8c84fa94-04c1-424b-9868-57a2d4851a1d" relativeResultsDirectory="aa5e1c08-b3e6-46cf-a2fe-54d98e63d3b4">
      <Output>
        <StdOut>Logging to custom path:\\CMP01-YKumar\AutoLog</StdOut>
        <TextMessages>
          <Message>[5/14/2018 11:39:36 PM]&lt;STARTLOG&gt;&lt;PayPalCheckoutAlaskaAndHawaiiStateAddress&gt;Test Started: Expecting: #PASS=Undefined and #FAIL=0
Running from MTM=True, running on machine name:CMP01-INDIASQA, user name=ykumar, OS=Microsoft Windows NT 6.1.7601 Service Pack 1, Is64BitOS=True</Message>
          <Message>[5/14/2018 11:39:37 PM]&lt;INFO&gt;LogCPUAndMemoryUsage: Available Memory = 23719(MB), CPU Usage = 16.42803%</Message>
          <Message>[5/14/2018 11:39:37 PM]&lt;INFO&gt;Private Working Set for QTAgent32_40, usage=178464 (K)</Message>
          <Message>[5/14/2018 11:39:37 PM]&lt;INFO&gt;Path To TestConfig xml=E:\LoadTestResult\VSEQT\QTAgent\26973\CMP01-INDIASQA.horizonhobby.com\Deployment\SharedCommonConfig.xml</Message>
          <Message>[5/14/2018 11:39:37 PM]&lt;INFO&gt;Path To TestData xml=E:\LoadTestResult\VSEQT\QTAgent\26973\CMP01-INDIASQA.horizonhobby.com\Deployment\CheckoutPaypalTestData_233936.xml</Message>
          <Message>[5/14/2018 11:39:37 PM]&lt;INFO&gt;Path To HorizonHobbyQA Application Url=https://www-tst.horizonhobby.com</Message>
          <Message>[5/14/2018 11:39:37 PM]&lt;INFO&gt;HorizonHobbyQA sql connection string=Server=cmp02-ws-tst-db01:50000;Database=TST01DB;UID=wcdbuser;PWD=h0r1z0n;Connect Timeout=30</Message>
          <Message>[5/14/2018 11:39:37 PM]&lt;INFO&gt;Country is := US and language id is := '-1'</Message>
          <Message>[5/14/2018 11:39:37 PM]&lt;INFO&gt;Current browser used for test execution is = 'IE'</Message>
          <Message>[5/14/2018 11:39:42 PM]&lt;Info&gt;AllBrowserWindow : Locating browser window...</Message>
          <Message>[5/14/2018 11:39:46 PM]&lt;INFO&gt;SearchProductexecuting ... Searching term:= 'EVO052E52C'</Message>
          <Message>[5/14/2018 11:39:53 PM]&lt;Info&gt;AllBrowserWindow : Locating browser window...</Message>
          <Message>[5/14/2018 11:39:54 PM]&lt;INFO&gt;BackOrderClickexecuting ...</Message>
          <Message>[5/14/2018 11:39:54 PM]&lt;INFO&gt;GoToCartClickexecuting ...</Message>
          <Message>[5/14/2018 11:40:01 PM]&lt;Info&gt;AllBrowserWindow : Locating browser window...</Message>
          <Message>[5/14/2018 11:40:11 PM]&lt;INFO&gt;CheckoutProcessStartShoppingCart : method executing</Message>
          <Message>[5/14/2018 11:40:11 PM]&lt;Info&gt;AllBrowserWindow : Locating browser window...</Message>
          <Message>[5/14/2018 11:40:18 PM]&lt;INFO&gt;CheckoutShoppingCartControls : method executing</Message>
          <Message>[5/14/2018 11:40:18 PM]&lt;Info&gt;AllBrowserWindow : Locating browser window...</Message>
          <Message>[5/14/2018 11:40:33 PM]&lt;Info&gt;AllBrowserWindow : Locating browser window...</Message>
          <Message>[5/14/2018 11:40:42 PM]&lt;Info&gt;AllBrowserWindow : Locating browser window...</Message>
          <Message>[5/14/2018 11:40:45 PM]&lt;INFO&gt;FillBillingAndShippingAddressexecuting ...</Message>
          <Message>[5/14/2018 11:40:46 PM]&lt;Info&gt;AllBrowserWindow : Locating browser window...</Message>
          <Message>[5/14/2018 11:40:48 PM]&lt;INFO&gt;SelectBillingCountryexecuting ...</Message>
          <Message>[5/14/2018 11:40:55 PM]&lt;INFO&gt;SelectBillingStateexecuting ...</Message>
          <Message>[5/14/2018 11:41:10 PM]&lt;INFO&gt;SelectShippingCountryexecuting ...</Message>
          <Message>[5/14/2018 11:41:14 PM]&lt;INFO&gt;SelectShippingStateexecuting ...</Message>
          <Message>[5/14/2018 11:41:20 PM]&lt;INFO&gt;SelectCheckoutPaymentRadiobutton : method executing</Message>
          <Message>[5/14/2018 11:41:20 PM]&lt;INFO&gt;CheckoutCreditCardShippingAndBillingControls : method executing</Message>
          <Message>[5/14/2018 11:41:20 PM]&lt;Info&gt;AllBrowserWindow : Locating browser window...</Message>
          <Message>[5/14/2018 11:41:36 PM]&lt;INFO&gt;ClickPayPalLink : method executing...</Message>
          <Message>[5/14/2018 11:41:42 PM]&lt;INFO&gt;LoginPayPal : method executing...</Message>
          <Message>[5/14/2018 11:41:42 PM]&lt;Info&gt;AllBrowserWindow : Locating browser window...</Message>
          <Message>[5/14/2018 11:44:04 PM]&lt;INFO&gt;PaypalLoginNewControls : method executing...</Message>
          <Message>[5/14/2018 11:44:08 PM]&lt;Info&gt;AllBrowserWindow : Locating browser window...</Message>
          <Message>[5/14/2018 11:44:55 PM]&lt;INFO&gt;PaypalLoginNewControls : method executing...</Message>
          <Message>[5/14/2018 11:44:59 PM]&lt;INFO&gt;ClickLoginOnPayPal : method executing ...</Message>
          <Message>[5/14/2018 11:45:16 PM]&lt;INFO&gt;SelectAddressFromPayPal : is executing ... : - 1249 Tongass Avenue</Message>
          <Message>[5/14/2018 11:45:16 PM]&lt;Info&gt;AllBrowserWindow : Locating browser window...</Message>
          <Message>[5/14/2018 11:48:00 PM]&lt;INFO&gt;KeyboardSendKeys method executing...</Message>
          <Message>[5/14/2018 11:48:29 PM]&lt;INFO&gt;ClickContinueOnPayPal : method executing ...</Message>
          <Message>[5/14/2018 11:50:29 PM]&lt;Info&gt;AllBrowserWindow : Locating browser window...</Message>
          <Message>[5/14/2018 11:50:29 PM]&lt;INFO&gt;GetShippingMethodRadioButtonControl : method executing</Message>
          <Message>[5/14/2018 11:50:29 PM]&lt;Info&gt;AllBrowserWindow : Locating browser window...</Message>
          <Message>[5/14/2018 11:50:30 PM]&lt;INFO&gt;ShippingMethodSelection : method executing</Message>
          <Message>[5/14/2018 11:50:30 PM]&lt;Info&gt;AllBrowserWindow : Locating browser window...</Message>
          <Message>[5/14/2018 11:50:35 PM]&lt;INFO&gt;GetAllShippingOptions : is executing ...</Message>
          <Message>[5/14/2018 11:50:35 PM]&lt;Info&gt;AllBrowserWindow : Locating browser window...</Message>
          <Message>[5/14/2018 11:50:57 PM]&lt;INFO&gt;GetShippingMethodRadioButtonControl : method executing</Message>
          <Message>[5/14/2018 11:50:57 PM]&lt;Info&gt;AllBrowserWindow : Locating browser window...</Message>
          <Message>[5/14/2018 11:50:58 PM]&lt;INFO&gt;ShippingMethodSelection : method executing</Message>
          <Message>[5/14/2018 11:50:58 PM]&lt;Info&gt;AllBrowserWindow : Locating browser window...</Message>
          <Message>[5/14/2018 11:51:03 PM]&lt;INFO&gt;GetAllShippingOptions : is executing ...</Message>
          <Message>[5/14/2018 11:51:03 PM]&lt;Info&gt;AllBrowserWindow : Locating browser window...</Message>
          <Message>[5/14/2018 11:51:26 PM]&lt;INFO&gt;ClickPlaceOrderPayPal : method executing...</Message>
          <Message>[5/14/2018 11:51:26 PM]&lt;Info&gt;AllBrowserWindow : Locating browser window...</Message>
          <Message>[5/14/2018 11:51:27 PM]&lt;Info&gt;AllBrowserWindow : Locating browser window...</Message>
          <Message>[5/14/2018 11:51:29 PM]&lt;Info&gt;AllBrowserWindow : Locating browser window...</Message>
          <Message>[5/14/2018 11:51:57 PM]&lt;Info&gt;AllBrowserWindow : Locating browser window...</Message>
          <Message>[5/14/2018 11:52:04 PM]&lt;INFO&gt;SingleProductOrderAmountValidation : method executing</Message>
          <Message>[5/14/2018 11:52:04 PM]&lt;INFO&gt;OrderConfirmationUIControls : method executing</Message>
          <Message>[5/14/2018 11:52:04 PM]&lt;Info&gt;AllBrowserWindow : Locating browser window...</Message>
          <Message>[5/14/2018 11:52:11 PM]&lt;INFO&gt;SingleProductOrderAmountValidation : method executing</Message>
          <Message>[5/14/2018 11:52:11 PM]&lt;PASS&gt;&lt;SingleProductOrderAmountValidation&gt;&lt; Validates expected authorization amount: '38.98000' is equals actual authorization amount: '38.98000'&gt;</Message>
          <Message>[5/14/2018 11:52:15 PM]&lt;INFO&gt;SearchProductexecuting ... Searching term:= 'ZEN337812111'</Message>
          <Message>[5/14/2018 11:52:22 PM]&lt;Info&gt;AllBrowserWindow : Locating browser window...</Message>
          <Message>[5/14/2018 11:52:23 PM]&lt;INFO&gt;BackOrderClickexecuting ...</Message>
          <Message>[5/14/2018 11:52:24 PM]&lt;INFO&gt;GoToCartClickexecuting ...</Message>
          <Message>[5/14/2018 11:52:31 PM]&lt;Info&gt;AllBrowserWindow : Locating browser window...</Message>
          <Message>[5/14/2018 11:52:42 PM]&lt;INFO&gt;CheckoutProcessStartShoppingCart : method executing</Message>
          <Message>[5/14/2018 11:52:42 PM]&lt;Info&gt;AllBrowserWindow : Locating browser window...</Message>
          <Message>[5/14/2018 11:52:50 PM]&lt;INFO&gt;CheckoutShoppingCartControls : method executing</Message>
          <Message>[5/14/2018 11:52:50 PM]&lt;Info&gt;AllBrowserWindow : Locating browser window...</Message>
          <Message>[5/14/2018 11:53:13 PM]&lt;INFO&gt;UpdateBillingShippingAddressexecuting ...</Message>
          <Message>[5/14/2018 11:53:13 PM]&lt;Info&gt;AllBrowserWindow : Locating browser window...</Message>
          <Message>[5/14/2018 11:53:33 PM]&lt;Info&gt;AllBrowserWindow : Locating browser window...</Message>
          <Message>[5/14/2018 11:53:38 PM]&lt;INFO&gt;SelectCheckoutPaymentRadiobutton : method executing</Message>
          <Message>[5/14/2018 11:53:38 PM]&lt;INFO&gt;CheckoutCreditCardShippingAndBillingControls : method executing</Message>
          <Message>[5/14/2018 11:53:38 PM]&lt;Info&gt;AllBrowserWindow : Locating browser window...</Message>
          <Message>[5/14/2018 11:53:50 PM]&lt;INFO&gt;ClickPayPalLink : method executing...</Message>
          <Message>[5/14/2018 11:54:06 PM]&lt;INFO&gt;SelectAddressFromPayPal : is executing ... : - Honolulu</Message>
          <Message>[5/14/2018 11:54:06 PM]&lt;Info&gt;AllBrowserWindow : Locating browser window...</Message>
          <Message>[5/14/2018 11:56:47 PM]&lt;INFO&gt;KeyboardSendKeys method executing...</Message>
          <Message>[5/14/2018 11:56:49 PM]&lt;INFO&gt;KeyboardSendKeys method executing...</Message>
          <Message>[5/14/2018 11:56:50 PM]&lt;INFO&gt;KeyboardSendKeys method executing...</Message>
          <Message>[5/14/2018 11:57:19 PM]&lt;INFO&gt;ClickContinueOnPayPal : method executing ...</Message>
          <Message>[5/14/2018 11:59:18 PM]&lt;INFO&gt;GetShippingMethodRadioButtonControl : method executing</Message>
          <Message>[5/14/2018 11:59:18 PM]&lt;Info&gt;AllBrowserWindow : Locating browser window...</Message>
          <Message>[5/14/2018 11:59:19 PM]&lt;INFO&gt;ShippingMethodSelection : method executing</Message>
          <Message>[5/14/2018 11:59:19 PM]&lt;Info&gt;AllBrowserWindow : Locating browser window...</Message>
          <Message>[5/14/2018 11:59:24 PM]&lt;INFO&gt;GetAllShippingOptions : is executing ...</Message>
          <Message>[5/14/2018 11:59:24 PM]&lt;Info&gt;AllBrowserWindow : Locating browser window...</Message>
          <Message>[5/14/2018 11:59:47 PM]&lt;INFO&gt;ClickPlaceOrderPayPal : method executing...</Message>
          <Message>[5/14/2018 11:59:47 PM]&lt;Info&gt;AllBrowserWindow : Locating browser window...</Message>
          <Message>[5/14/2018 11:59:49 PM]&lt;Info&gt;AllBrowserWindow : Locating browser window...</Message>
          <Message>[5/14/2018 11:59:51 PM]&lt;Info&gt;AllBrowserWindow : Locating browser window...</Message>
          <Message>[5/15/2018 12:00:25 AM]&lt;Info&gt;AllBrowserWindow : Locating browser window...</Message>
          <Message>[5/15/2018 12:00:32 AM]&lt;INFO&gt;SingleProductOrderAmountValidation : method executing</Message>
          <Message>[5/15/2018 12:00:32 AM]&lt;INFO&gt;OrderConfirmationUIControls : method executing</Message>
          <Message>[5/15/2018 12:00:32 AM]&lt;Info&gt;AllBrowserWindow : Locating browser window...</Message>
          <Message>[5/15/2018 12:00:41 AM]&lt;INFO&gt;SingleProductOrderAmountValidation : method executing</Message>
          <Message>[5/15/2018 12:00:41 AM]&lt;PASS&gt;&lt;SingleProductOrderAmountValidation&gt;&lt; Validates expected authorization amount: '127.71000' is equals actual authorization amount: '127.71000'&gt;</Message>
          <Message>[5/15/2018 12:00:41 AM]&lt;RESULT&gt;Test Ended:#PASS=2, #FAIL=0</Message>
          <Message>[5/15/2018 12:00:42 AM]&lt;INFO&gt;LogCPUAndMemoryUsage: Available Memory = 23946(MB), CPU Usage = 11.94748%</Message>
          <Message>[5/15/2018 12:00:42 AM]&lt;INFO&gt;Private Working Set for QTAgent32_40, usage=172296 (K)</Message>
          <Message>[5/15/2018 12:00:42 AM]&lt;RESULT&gt;&lt;PayPalCheckoutAlaskaAndHawaiiStateAddress&gt; Test PASSED</Message>
        </TextMessages>
      </Output>
      <ResultFiles>
        <ResultFile path="CMP01-INDIASQA.horizonhobby.com\CheckoutPaypalTestData_233936.xml" />
        <ResultFile path="CMP01-INDIASQA.horizonhobby.com\PayPalCheckoutAlaskaAndHawaiiStateAddress_20180514233936.log" />
        <ResultFile path="CMP01-INDIASQA.horizonhobby.com\PayPalCheckoutAlaskaAndHawaiiStateAddress_ResultsONLY_20180514233936.log" />
        <ResultFile path="CMP01-INDIASQA.horizonhobby.com\SharedCommonConfig.xml" />
      </ResultFiles>
    </UnitTestResult>
    <UnitTestResult executionId="a14d14b0-88f3-47fe-a32a-09c90c331e89" testId="09387ed1-c2fb-d547-481c-d59c0b415953" testName="PayPalCheckoutCanadaAddress" computerName="CMP01-INDIASQA" duration="00:09:09.9823545" startTime="2018-05-15T00:00:44.2694730-05:00" endTime="2018-05-15T00:09:55.2299861-05:00" testType="13cdc9d9-ddb5-4fa4-a97d-d965ccfc6d4b" outcome="Passed" testListId="8c84fa94-04c1-424b-9868-57a2d4851a1d" relativeResultsDirectory="a14d14b0-88f3-47fe-a32a-09c90c331e89">
      <Output>
        <StdOut>Logging to custom path:\\CMP01-YKumar\AutoLog</StdOut>
        <TextMessages>
          <Message>[5/15/2018 12:00:44 AM]&lt;STARTLOG&gt;&lt;PayPalCheckoutCanadaAddress&gt;Test Started: Expecting: #PASS=Undefined and #FAIL=0
Running from MTM=True, running on machine name:CMP01-INDIASQA, user name=ykumar, OS=Microsoft Windows NT 6.1.7601 Service Pack 1, Is64BitOS=True</Message>
          <Message>[5/15/2018 12:00:45 AM]&lt;INFO&gt;LogCPUAndMemoryUsage: Available Memory = 23965(MB), CPU Usage = 19.93455%</Message>
          <Message>[5/15/2018 12:00:45 AM]&lt;INFO&gt;Private Working Set for QTAgent32_40, usage=172148 (K)</Message>
          <Message>[5/15/2018 12:00:45 AM]&lt;INFO&gt;Path To TestConfig xml=E:\LoadTestResult\VSEQT\QTAgent\26973\CMP01-INDIASQA.horizonhobby.com\Deployment\SharedCommonConfig.xml</Message>
          <Message>[5/15/2018 12:00:45 AM]&lt;INFO&gt;Path To TestData xml=E:\LoadTestResult\VSEQT\QTAgent\26973\CMP01-INDIASQA.horizonhobby.com\Deployment\CheckoutPaypalTestData_000044.xml</Message>
          <Message>[5/15/2018 12:00:45 AM]&lt;INFO&gt;Path To HorizonHobbyQA Application Url=https://www-tst.horizonhobby.com</Message>
          <Message>[5/15/2018 12:00:45 AM]&lt;INFO&gt;HorizonHobbyQA sql connection string=Server=cmp02-ws-tst-db01:50000;Database=TST01DB;UID=wcdbuser;PWD=h0r1z0n;Connect Timeout=30</Message>
          <Message>[5/15/2018 12:00:45 AM]&lt;INFO&gt;Country is := US and language id is := '-1'</Message>
          <Message>[5/15/2018 12:00:45 AM]&lt;INFO&gt;Current browser used for test execution is = 'IE'</Message>
          <Message>[5/15/2018 12:00:58 AM]&lt;Info&gt;AllBrowserWindow : Locating browser window...</Message>
          <Message>[5/15/2018 12:00:59 AM]&lt;INFO&gt;SurveyWindow : method executing ...</Message>
          <Message>[5/15/2018 12:01:08 AM]&lt;INFO&gt;ContinueOnCertificationErrorClickexecuting ...</Message>
          <Message>[5/15/2018 12:01:08 AM]&lt;Info&gt;DEAllBrowserWindow : Locating browser window...</Message>
          <Message>[5/15/2018 12:01:15 AM]&lt;INFO&gt;UserRegistration : method executing ...</Message>
          <Message>[5/15/2018 12:01:15 AM]&lt;Info&gt;AllBrowserWindow : Locating browser window...</Message>
          <Message>[5/15/2018 12:01:41 AM]&lt;Info&gt;AllBrowserWindow : Locating browser window...</Message>
          <Message>[5/15/2018 12:01:57 AM]&lt;Info&gt;AllBrowserWindow : Locating browser window...</Message>
          <Message>[5/15/2018 12:02:13 AM]&lt;INFO&gt;SearchProductexecuting ... Searching term:= 'EFL6504'</Message>
          <Message>[5/15/2018 12:02:19 AM]&lt;Info&gt;AllBrowserWindow : Locating browser window...</Message>
          <Message>[5/15/2018 12:02:20 AM]&lt;INFO&gt;BackOrderClickexecuting ...</Message>
          <Message>[5/15/2018 12:02:20 AM]&lt;INFO&gt;GoToCartClickexecuting ...</Message>
          <Message>[5/15/2018 12:02:27 AM]&lt;Info&gt;AllBrowserWindow : Locating browser window...</Message>
          <Message>[5/15/2018 12:02:37 AM]&lt;INFO&gt;CheckoutProcessStartShoppingCart : method executing</Message>
          <Message>[5/15/2018 12:02:37 AM]&lt;Info&gt;AllBrowserWindow : Locating browser window...</Message>
          <Message>[5/15/2018 12:02:44 AM]&lt;INFO&gt;CheckoutShoppingCartControls : method executing</Message>
          <Message>[5/15/2018 12:02:44 AM]&lt;Info&gt;AllBrowserWindow : Locating browser window...</Message>
          <Message>[5/15/2018 12:02:51 AM]&lt;Info&gt;AllBrowserWindow : Locating browser window...</Message>
          <Message>[5/15/2018 12:02:57 AM]&lt;INFO&gt;SelectCheckoutPaymentRadiobutton : method executing</Message>
          <Message>[5/15/2018 12:02:57 AM]&lt;INFO&gt;CheckoutCreditCardShippingAndBillingControls : method executing</Message>
          <Message>[5/15/2018 12:02:57 AM]&lt;Info&gt;AllBrowserWindow : Locating browser window...</Message>
          <Message>[5/15/2018 12:03:07 AM]&lt;INFO&gt;ClickPayPalLink : method executing...</Message>
          <Message>[5/15/2018 12:03:13 AM]&lt;INFO&gt;LoginPayPal : method executing...</Message>
          <Message>[5/15/2018 12:03:13 AM]&lt;Info&gt;AllBrowserWindow : Locating browser window...</Message>
          <Message>[5/15/2018 12:03:53 AM]&lt;INFO&gt;PaypalLoginNewControls : method executing...</Message>
          <Message>[5/15/2018 12:03:58 AM]&lt;Info&gt;AllBrowserWindow : Locating browser window...</Message>
          <Message>[5/15/2018 12:04:44 AM]&lt;INFO&gt;PaypalLoginNewControls : method executing...</Message>
          <Message>[5/15/2018 12:04:49 AM]&lt;INFO&gt;ClickLoginOnPayPal : method executing ...</Message>
          <Message>[5/15/2018 12:05:05 AM]&lt;INFO&gt;ClickContinueOnPayPal : method executing ...</Message>
          <Message>[5/15/2018 12:09:00 AM]&lt;Info&gt;AllBrowserWindow : Locating browser window...</Message>
          <Message>[5/15/2018 12:09:23 AM]&lt;PASS&gt;&lt;PayPalCheckoutCanadaAddress&gt;&lt;Validating user sent back to shipping and billing method page&gt;</Message>
          <Message>[5/15/2018 12:09:23 AM]&lt;INFO&gt;DeleteWishlistFromDatabase : method executing</Message>
          <Message>[5/15/2018 12:09:23 AM]&lt;INFO&gt;DeletOrderItem : method executing</Message>
          <Message>[5/15/2018 12:09:52 AM]&lt;INFO&gt;DeleteWishlistFromDatabase : method executing</Message>
          <Message>[5/15/2018 12:09:52 AM]&lt;RESULT&gt;Test Ended:#PASS=1, #FAIL=0</Message>
          <Message>[5/15/2018 12:09:53 AM]&lt;INFO&gt;LogCPUAndMemoryUsage: Available Memory = 24118(MB), CPU Usage = 2.499479%</Message>
          <Message>[5/15/2018 12:09:53 AM]&lt;INFO&gt;Private Working Set for QTAgent32_40, usage=174244 (K)</Message>
          <Message>[5/15/2018 12:09:53 AM]&lt;RESULT&gt;&lt;PayPalCheckoutCanadaAddress&gt; Test PASSED</Message>
        </TextMessages>
      </Output>
      <ResultFiles>
        <ResultFile path="CMP01-INDIASQA.horizonhobby.com\CheckoutPaypalTestData_000044.xml" />
        <ResultFile path="CMP01-INDIASQA.horizonhobby.com\PayPalCheckoutCanadaAddress_20180515000044.log" />
        <ResultFile path="CMP01-INDIASQA.horizonhobby.com\PayPalCheckoutCanadaAddress_ResultsONLY_20180515000044.log" />
        <ResultFile path="CMP01-INDIASQA.horizonhobby.com\SharedCommonConfig.xml" />
      </ResultFiles>
    </UnitTestResult>
    <UnitTestResult executionId="09feb18a-7fe3-48e3-95d4-8bd04ef7ec80" testId="7b45ab1a-cab5-7f38-3c0d-cd6f577b07ef" testName="SearchFilterResultsCategory" computerName="CMP01-INDIASQA" duration="00:03:40.9700310" startTime="2018-05-15T00:09:55.2309871-05:00" endTime="2018-05-15T00:13:36.6989537-05:00" testType="13cdc9d9-ddb5-4fa4-a97d-d965ccfc6d4b" outcome="Failed" testListId="8c84fa94-04c1-424b-9868-57a2d4851a1d" relativeResultsDirectory="09feb18a-7fe3-48e3-95d4-8bd04ef7ec80">
      <Output>
        <StdOut>Logging to custom path:\\CMP01-YKumar\AutoLog</StdOut>
        <ErrorInfo>
          <Message>Assert.Fail failed. 
#Other errors=4
[Error details below]
&lt;ERROR&gt;[5/15/2018 12:10:38 AM]&lt;Error&gt;AllBrowserWindow : failed executing ...Unable to find Windows Internet Explorer window with 'Plug-N-Play | HorizonHobby - Internet Explorer' in the title.
&lt;ERROR&gt;[5/15/2018 12:11:29 AM]&lt;Error&gt;AllBrowserWindow : failed executing ...Unable to find Windows Internet Explorer window with 'Plug-N-Play | HorizonHobby - Internet Explorer' in the title.
&lt;ERROR&gt;[5/15/2018 12:12:25 AM]&lt;Error&gt;AllBrowserWindow : failed executing ...Unable to find Windows Internet Explorer window with 'Plug-N-Play | HorizonHobby - Internet Explorer' in the title.
&lt;ERROR&gt;[5/15/2018 12:13:31 AM]&lt;Error&gt;AllBrowserWindow : failed executing ...Unable to find Windows Internet Explorer window with 'Plug-N-Play | HorizonHobby - Internet Explorer' in the title.</Message>
          <StackTrace>   at TestAuto.LoggingAndSharedGenericMethods.EndTest() in c:\Builds\1\WebSphere\QATestAutomation\src\CodedUITest\SourceCode\Common\Logging\Logging.cs:line 1628
   at TestAuto.SearchTest.TestCleanup() in c:\Builds\1\WebSphere\QATestAutomation\src\CodedUITest\SourceCode\HHobby\Search\SearchTest.cs:line 1351
</StackTrace>
        </ErrorInfo>
        <TextMessages>
          <Message>[5/15/2018 12:09:55 AM]&lt;STARTLOG&gt;&lt;SearchFilterResultsCategory&gt;Test Started: Expecting: #PASS=Undefined and #FAIL=0
Running from MTM=True, running on machine name:CMP01-INDIASQA, user name=ykumar, OS=Microsoft Windows NT 6.1.7601 Service Pack 1, Is64BitOS=True</Message>
          <Message>[5/15/2018 12:09:57 AM]&lt;INFO&gt;LogCPUAndMemoryUsage: Available Memory = 24449(MB), CPU Usage = 11.92882%</Message>
          <Message>[5/15/2018 12:09:57 AM]&lt;INFO&gt;Private Working Set for QTAgent32_40, usage=177196 (K)</Message>
          <Message>[5/15/2018 12:09:58 AM]&lt;INFO&gt;Path To TestConfig xml=E:\LoadTestResult\VSEQT\QTAgent\26973\CMP01-INDIASQA.horizonhobby.com\Deployment\SharedCommonConfig.xml</Message>
          <Message>[5/15/2018 12:09:58 AM]&lt;INFO&gt;Path To TestData xml=E:\LoadTestResult\VSEQT\QTAgent\26973\CMP01-INDIASQA.horizonhobby.com\Deployment\SearchTestData_000955.xml</Message>
          <Message>[5/15/2018 12:09:58 AM]&lt;INFO&gt;Path To HorizonHobbyQA Application Url=https://www-tst.horizonhobby.com</Message>
          <Message>[5/15/2018 12:09:58 AM]&lt;INFO&gt;HorizonHobbyQA sql connection string=Server=cmp02-ws-tst-db01:50000;Database=TST01DB;UID=wcdbuser;PWD=h0r1z0n;Connect Timeout=30</Message>
          <Message>[5/15/2018 12:09:58 AM]&lt;INFO&gt;Country is := US and language id is := '-1'</Message>
          <Message>[5/15/2018 12:09:58 AM]&lt;INFO&gt;Current browser used for test execution is = 'IE'</Message>
          <Message>[5/15/2018 12:10:02 AM]&lt;INFO&gt;SearchProductexecuting ... Searching term:= 'bnf'</Message>
          <Message>[5/15/2018 12:10:08 AM]&lt;INFO&gt;GetMenuItems : method executing ... - Plug-N-Play</Message>
          <Message>[5/15/2018 12:10:13 AM]&lt;Info&gt;AllBrowserWindow : Locating browser window...</Message>
          <Message>Assert.Fail failed. [5/15/2018 12:10:38 AM]&lt;Error&gt;AllBrowserWindow : failed executing ...Unable to find Windows Internet Explorer window with 'Plug-N-Play | HorizonHobby - Internet Explorer' in the title., 
    StackTrace:
    AllBrowserWindow(),SharedBorderFree.cs,Line Number:1037
    SearchFilterResultsCategory(),SearchTest.cs,Line Number:643</Message>
          <Message>[5/15/2018 12:10:38 AM]&lt;CaptureImage&gt;\\CMP01-YKumar\AutoLog\CMP01-INDIASQA\SearchFilterResultsCategory_20180515001038.png</Message>
          <Message>[5/15/2018 12:10:40 AM]&lt;INFO&gt;GetBreadCrumbList : method executing ...</Message>
          <Message>[5/15/2018 12:10:43 AM]&lt;INFO&gt;ProductPageSearchFilterResultsValidation : method executing ...</Message>
          <Message>[5/15/2018 12:10:43 AM]&lt;INFO&gt;GetSearchResultTableRowsexecuting ...</Message>
          <Message>[5/15/2018 12:10:47 AM]&lt;Info&gt;AllBrowserWindow : Locating browser window...</Message>
          <Message>[5/15/2018 12:10:51 AM]&lt;INFO&gt;GetBreadCrumbList : method executing ...</Message>
          <Message>[5/15/2018 12:11:03 AM]&lt;PASS&gt;&lt;ProductPageSearchFilterResultsValidation&gt;&lt;Validates the product listed in search result lies in selected category&gt;</Message>
          <Message>[5/15/2018 12:11:03 AM]&lt;PASS&gt;&lt;ProductPageSearchFilterResultsValidation&gt;&lt;Validates the product listed in search result lies in selected category&gt;</Message>
          <Message>[5/15/2018 12:11:03 AM]&lt;PASS&gt;&lt;ProductPageSearchFilterResultsValidation&gt;&lt;Validates the product listed in search result lies in selected category&gt;</Message>
          <Message>[5/15/2018 12:11:03 AM]&lt;PASS&gt;&lt;ProductPageSearchFilterResultsValidation&gt;&lt;Validates the product listed in search result lies in selected category&gt;</Message>
          <Message>[5/15/2018 12:11:05 AM]&lt;Info&gt;AllBrowserWindow : Locating browser window...</Message>
          <Message>Assert.Fail failed. [5/15/2018 12:11:29 AM]&lt;Error&gt;AllBrowserWindow : failed executing ...Unable to find Windows Internet Explorer window with 'Plug-N-Play | HorizonHobby - Internet Explorer' in the title., 
    StackTrace:
    AllBrowserWindow(),SharedBorderFree.cs,Line Number:1037
    SearchFilterResultsCategory(),SearchTest.cs,Line Number:652</Message>
          <Message>[5/15/2018 12:11:29 AM]&lt;CaptureImage&gt;\\CMP01-YKumar\AutoLog\CMP01-INDIASQA\SearchFilterResultsCategory_20180515001129.png</Message>
          <Message>[5/15/2018 12:11:33 AM]&lt;INFO&gt;ClickBrandItem : method executing ... 'FMS'</Message>
          <Message>[5/15/2018 12:11:37 AM]&lt;PASS&gt;&lt;SearchFilterResultsCategory&gt;&lt;Validates the total result of selected FMS (24) item and result items count&gt;</Message>
          <Message>[5/15/2018 12:11:37 AM]&lt;INFO&gt;ProductPageSearchFilterResultsValidation : method executing ...</Message>
          <Message>[5/15/2018 12:11:37 AM]&lt;INFO&gt;GetSearchResultTableRowsexecuting ...</Message>
          <Message>[5/15/2018 12:11:42 AM]&lt;Info&gt;AllBrowserWindow : Locating browser window...</Message>
          <Message>[5/15/2018 12:11:45 AM]&lt;INFO&gt;GetBreadCrumbList : method executing ...</Message>
          <Message>[5/15/2018 12:11:58 AM]&lt;PASS&gt;&lt;ProductPageSearchFilterResultsValidation&gt;&lt;Validates the product listed in search result lies in selected category&gt;</Message>
          <Message>[5/15/2018 12:11:58 AM]&lt;PASS&gt;&lt;ProductPageSearchFilterResultsValidation&gt;&lt;Validates the product listed in search result lies in selected category&gt;</Message>
          <Message>[5/15/2018 12:11:58 AM]&lt;PASS&gt;&lt;ProductPageSearchFilterResultsValidation&gt;&lt;Validates the product listed in search result lies in selected category&gt;</Message>
          <Message>[5/15/2018 12:11:58 AM]&lt;PASS&gt;&lt;ProductPageSearchFilterResultsValidation&gt;&lt;Validates the product listed in search result lies in selected category&gt;</Message>
          <Message>[5/15/2018 12:11:58 AM]&lt;INFO&gt;GetProductBrandName : method executing ...</Message>
          <Message>[5/15/2018 12:11:59 AM]&lt;PASS&gt;&lt;ProductPageSearchFilterResultsValidation&gt;&lt;Validates the search result list contains product for the filtered brand item only.&gt;</Message>
          <Message>[5/15/2018 12:12:01 AM]&lt;Info&gt;AllBrowserWindow : Locating browser window...</Message>
          <Message>Assert.Fail failed. [5/15/2018 12:12:25 AM]&lt;Error&gt;AllBrowserWindow : failed executing ...Unable to find Windows Internet Explorer window with 'Plug-N-Play | HorizonHobby - Internet Explorer' in the title., 
    StackTrace:
    AllBrowserWindow(),SharedBorderFree.cs,Line Number:1037
    SearchFilterResultsCategory(),SearchTest.cs,Line Number:663</Message>
          <Message>[5/15/2018 12:12:25 AM]&lt;CaptureImage&gt;\\CMP01-YKumar\AutoLog\CMP01-INDIASQA\SearchFilterResultsCategory_20180515001225.png</Message>
          <Message>[5/15/2018 12:12:25 AM]&lt;INFO&gt;ClickBrandItem : method executing ... 'FMS'</Message>
          <Message>[5/15/2018 12:12:37 AM]&lt;INFO&gt;ClickPriceItem : method executing ...</Message>
          <Message>[5/15/2018 12:12:45 AM]&lt;PASS&gt;&lt;SearchFilterResultsCategory&gt;&lt;Validates the total result of selected Between $100 and $200 (8) item and result items count&gt;</Message>
          <Message>[5/15/2018 12:12:45 AM]&lt;INFO&gt;ProductPageSearchFilterResultsValidation : method executing ...</Message>
          <Message>[5/15/2018 12:12:45 AM]&lt;INFO&gt;GetSearchResultTableRowsexecuting ...</Message>
          <Message>[5/15/2018 12:12:48 AM]&lt;Info&gt;AllBrowserWindow : Locating browser window...</Message>
          <Message>[5/15/2018 12:12:51 AM]&lt;INFO&gt;GetBreadCrumbList : method executing ...</Message>
          <Message>[5/15/2018 12:13:03 AM]&lt;PASS&gt;&lt;SearchFilterResultsCategory&gt;&lt;Validates the product listed in search result lies in selected category&gt;</Message>
          <Message>[5/15/2018 12:13:03 AM]&lt;PASS&gt;&lt;SearchFilterResultsCategory&gt;&lt;Validates the product listed in search result lies in selected category&gt;</Message>
          <Message>[5/15/2018 12:13:03 AM]&lt;PASS&gt;&lt;SearchFilterResultsCategory&gt;&lt;Validates the product listed in search result lies in selected category&gt;</Message>
          <Message>[5/15/2018 12:13:03 AM]&lt;PASS&gt;&lt;SearchFilterResultsCategory&gt;&lt;Validates the product listed in search result lies in selected category&gt;</Message>
          <Message>[5/15/2018 12:13:03 AM]&lt;INFO&gt;GetProductBrandName : method executing ...</Message>
          <Message>[5/15/2018 12:13:04 AM]&lt;PASS&gt;&lt;SearchFilterResultsCategory&gt;&lt;Validates the search result list contains product for the filtered brand item only.&gt;</Message>
          <Message>[5/15/2018 12:13:04 AM]&lt;PASS&gt;&lt;SearchFilterResultsCategory&gt;&lt;Validates the product price $101.59 lies in the price range.Between $100 and $200 (8) .&gt;</Message>
          <Message>[5/15/2018 12:13:06 AM]&lt;Info&gt;AllBrowserWindow : Locating browser window...</Message>
          <Message>Assert.Fail failed. [5/15/2018 12:13:31 AM]&lt;Error&gt;AllBrowserWindow : failed executing ...Unable to find Windows Internet Explorer window with 'Plug-N-Play | HorizonHobby - Internet Explorer' in the title., 
    StackTrace:
    AllBrowserWindow(),SharedBorderFree.cs,Line Number:1037
    SearchFilterResultsCategory(),SearchTest.cs,Line Number:680</Message>
          <Message>[5/15/2018 12:13:31 AM]&lt;CaptureImage&gt;\\CMP01-YKumar\AutoLog\CMP01-INDIASQA\SearchFilterResultsCategory_20180515001331.png</Message>
          <Message>[5/15/2018 12:13:33 AM]&lt;PASS&gt;&lt;SearchFilterResultsCategory&gt;&lt;Validates the total result of selected 44 item and result items count&gt;</Message>
          <Message>[5/15/2018 12:13:33 AM]&lt;RESULT&gt;Test Ended:#PASS=18, #FAIL=0,#Other errors=4</Message>
          <Message>[5/15/2018 12:13:34 AM]&lt;INFO&gt;LogCPUAndMemoryUsage: Available Memory = 24138(MB), CPU Usage = 0.6884359%</Message>
          <Message>[5/15/2018 12:13:34 AM]&lt;INFO&gt;Private Working Set for QTAgent32_40, usage=189684 (K)</Message>
          <Message>[5/15/2018 12:13:34 AM]&lt;RESULT&gt;&lt;SearchFilterResultsCategory&gt; Test FAILED: #Other errors=4. See Error Message/logs for further details.</Message>
        </TextMessages>
      </Output>
      <ResultFiles>
        <ResultFile path="CMP01-INDIASQA.horizonhobby.com\SearchFilterResultsCategory_20180515000955.log" />
        <ResultFile path="CMP01-INDIASQA.horizonhobby.com\SearchFilterResultsCategory_20180515001038.png" />
        <ResultFile path="CMP01-INDIASQA.horizonhobby.com\SearchFilterResultsCategory_20180515001129.png" />
        <ResultFile path="CMP01-INDIASQA.horizonhobby.com\SearchFilterResultsCategory_20180515001225.png" />
        <ResultFile path="CMP01-INDIASQA.horizonhobby.com\SearchFilterResultsCategory_20180515001331.png" />
        <ResultFile path="CMP01-INDIASQA.horizonhobby.com\SearchFilterResultsCategory_ResultsONLY_20180515000955.log" />
        <ResultFile path="CMP01-INDIASQA.horizonhobby.com\SearchTestData_000955.xml" />
        <ResultFile path="CMP01-INDIASQA.horizonhobby.com\SharedCommonConfig.xml" />
      </ResultFiles>
    </UnitTestResult>
    <UnitTestResult executionId="0f6c3c1d-1ad9-4bbd-be37-a84b2d82c8da" testId="ae1d61bc-d7f5-c2a5-ecb3-db8f54fef6a6" testName="SearchFilterResultsBrand" computerName="CMP01-INDIASQA" duration="00:01:23.0127886" startTime="2018-05-15T00:13:36.6999541-05:00" endTime="2018-05-15T00:14:59.7741705-05:00" testType="13cdc9d9-ddb5-4fa4-a97d-d965ccfc6d4b" outcome="Passed" testListId="8c84fa94-04c1-424b-9868-57a2d4851a1d" relativeResultsDirectory="0f6c3c1d-1ad9-4bbd-be37-a84b2d82c8da">
      <Output>
        <StdOut>Logging to custom path:\\CMP01-YKumar\AutoLog</StdOut>
        <TextMessages>
          <Message>[5/15/2018 12:13:36 AM]&lt;STARTLOG&gt;&lt;SearchFilterResultsBrand&gt;Test Started: Expecting: #PASS=Undefined and #FAIL=0
Running from MTM=True, running on machine name:CMP01-INDIASQA, user name=ykumar, OS=Microsoft Windows NT 6.1.7601 Service Pack 1, Is64BitOS=True</Message>
          <Message>[5/15/2018 12:13:37 AM]&lt;INFO&gt;LogCPUAndMemoryUsage: Available Memory = 24270(MB), CPU Usage = 17.82456%</Message>
          <Message>[5/15/2018 12:13:37 AM]&lt;INFO&gt;Private Working Set for QTAgent32_40, usage=190040 (K)</Message>
          <Message>[5/15/2018 12:13:37 AM]&lt;INFO&gt;Path To TestConfig xml=E:\LoadTestResult\VSEQT\QTAgent\26973\CMP01-INDIASQA.horizonhobby.com\Deployment\SharedCommonConfig.xml</Message>
          <Message>[5/15/2018 12:13:37 AM]&lt;INFO&gt;Path To TestData xml=E:\LoadTestResult\VSEQT\QTAgent\26973\CMP01-INDIASQA.horizonhobby.com\Deployment\SearchTestData_001336.xml</Message>
          <Message>[5/15/2018 12:13:37 AM]&lt;INFO&gt;Path To HorizonHobbyQA Application Url=https://www-tst.horizonhobby.com</Message>
          <Message>[5/15/2018 12:13:37 AM]&lt;INFO&gt;HorizonHobbyQA sql connection string=Server=cmp02-ws-tst-db01:50000;Database=TST01DB;UID=wcdbuser;PWD=h0r1z0n;Connect Timeout=30</Message>
          <Message>[5/15/2018 12:13:37 AM]&lt;INFO&gt;Country is := US and language id is := '-1'</Message>
          <Message>[5/15/2018 12:13:37 AM]&lt;INFO&gt;Current browser used for test execution is = 'IE'</Message>
          <Message>[5/15/2018 12:13:41 AM]&lt;INFO&gt;SearchProductexecuting ... Searching term:= 'bnf'</Message>
          <Message>[5/15/2018 12:13:55 AM]&lt;INFO&gt;ClickBrandItem : method executing ... 'E-flite'</Message>
          <Message>[5/15/2018 12:14:00 AM]&lt;PASS&gt;&lt;SearchFilterResultsBrand&gt;&lt;Validates the total result of selected E-flite (54) item and result items count&gt;</Message>
          <Message>[5/15/2018 12:14:00 AM]&lt;INFO&gt;ProductPageSearchFilterResultsValidation : method executing ...</Message>
          <Message>[5/15/2018 12:14:00 AM]&lt;INFO&gt;GetSearchResultTableRowsexecuting ...</Message>
          <Message>[5/15/2018 12:14:07 AM]&lt;Info&gt;AllBrowserWindow : Locating browser window...</Message>
          <Message>[5/15/2018 12:14:09 AM]&lt;INFO&gt;GetProductBrandName : method executing ...</Message>
          <Message>[5/15/2018 12:14:10 AM]&lt;PASS&gt;&lt;ProductPageSearchFilterResultsValidation&gt;&lt;Validates the search result list contains product for the filtered brand item only.&gt;</Message>
          <Message>[5/15/2018 12:14:12 AM]&lt;Info&gt;AllBrowserWindow : Locating browser window...</Message>
          <Message>[5/15/2018 12:14:15 AM]&lt;INFO&gt;ClickBrandItem : method executing ... 'E-flite'</Message>
          <Message>[5/15/2018 12:14:24 AM]&lt;INFO&gt;ClickPriceItem : method executing ...</Message>
          <Message>[5/15/2018 12:14:32 AM]&lt;PASS&gt;&lt;SearchFilterResultsBrand&gt;&lt;Validates the total result of selected Less than $100 (29) item and result items count&gt;</Message>
          <Message>[5/15/2018 12:14:32 AM]&lt;INFO&gt;ProductPageSearchFilterResultsValidation : method executing ...</Message>
          <Message>[5/15/2018 12:14:32 AM]&lt;INFO&gt;GetSearchResultTableRowsexecuting ...</Message>
          <Message>[5/15/2018 12:14:38 AM]&lt;Info&gt;AllBrowserWindow : Locating browser window...</Message>
          <Message>[5/15/2018 12:14:40 AM]&lt;INFO&gt;GetProductBrandName : method executing ...</Message>
          <Message>[5/15/2018 12:14:40 AM]&lt;PASS&gt;&lt;SearchFilterResultsBrand&gt;&lt;Validates the search result list contains product for the filtered brand item only.&gt;</Message>
          <Message>[5/15/2018 12:14:51 AM]&lt;PASS&gt;&lt;SearchFilterResultsBrand&gt;&lt;Validates the product price $3.49 lies in the price range.Less than $100 (29) .&gt;</Message>
          <Message>[5/15/2018 12:14:54 AM]&lt;Info&gt;AllBrowserWindow : Locating browser window...</Message>
          <Message>[5/15/2018 12:14:56 AM]&lt;PASS&gt;&lt;SearchFilterResultsBrand&gt;&lt;Validates the total result of selected 81 item and result items count&gt;</Message>
          <Message>[5/15/2018 12:14:56 AM]&lt;RESULT&gt;Test Ended:#PASS=6, #FAIL=0</Message>
          <Message>[5/15/2018 12:14:57 AM]&lt;INFO&gt;LogCPUAndMemoryUsage: Available Memory = 24191(MB), CPU Usage = 3.99883%</Message>
          <Message>[5/15/2018 12:14:57 AM]&lt;INFO&gt;Private Working Set for QTAgent32_40, usage=196672 (K)</Message>
          <Message>[5/15/2018 12:14:57 AM]&lt;RESULT&gt;&lt;SearchFilterResultsBrand&gt; Test PASSED</Message>
        </TextMessages>
      </Output>
      <ResultFiles>
        <ResultFile path="CMP01-INDIASQA.horizonhobby.com\SearchFilterResultsBrand_20180515001336.log" />
        <ResultFile path="CMP01-INDIASQA.horizonhobby.com\SearchFilterResultsBrand_ResultsONLY_20180515001336.log" />
        <ResultFile path="CMP01-INDIASQA.horizonhobby.com\SearchTestData_001336.xml" />
        <ResultFile path="CMP01-INDIASQA.horizonhobby.com\SharedCommonConfig.xml" />
      </ResultFiles>
    </UnitTestResult>
    <UnitTestResult executionId="5cba2dc0-5bd5-43b9-bcde-526e71383003" testId="51838aef-ffd7-68ee-fa7e-313e146815b6" testName="ProductPageProductRatingDisplay" computerName="CMP01-INDIASQA" duration="00:01:51.2565540" startTime="2018-05-15T00:14:59.7761713-05:00" endTime="2018-05-15T00:16:51.1036845-05:00" testType="13cdc9d9-ddb5-4fa4-a97d-d965ccfc6d4b" outcome="Passed" testListId="8c84fa94-04c1-424b-9868-57a2d4851a1d" relativeResultsDirectory="5cba2dc0-5bd5-43b9-bcde-526e71383003">
      <Output>
        <StdOut>Logging to custom path:\\CMP01-YKumar\AutoLog</StdOut>
        <TextMessages>
          <Message>[5/15/2018 12:14:59 AM]&lt;STARTLOG&gt;&lt;ProductPageProductRatingDisplay&gt;Test Started: Expecting: #PASS=Undefined and #FAIL=0
Running from MTM=True, running on machine name:CMP01-INDIASQA, user name=ykumar, OS=Microsoft Windows NT 6.1.7601 Service Pack 1, Is64BitOS=True</Message>
          <Message>[5/15/2018 12:15:00 AM]&lt;INFO&gt;LogCPUAndMemoryUsage: Available Memory = 24210(MB), CPU Usage = 17.69905%</Message>
          <Message>[5/15/2018 12:15:00 AM]&lt;INFO&gt;Private Working Set for QTAgent32_40, usage=191388 (K)</Message>
          <Message>[5/15/2018 12:15:00 AM]&lt;INFO&gt;Path To TestConfig xml=E:\LoadTestResult\VSEQT\QTAgent\26973\CMP01-INDIASQA.horizonhobby.com\Deployment\SharedCommonConfig.xml</Message>
          <Message>[5/15/2018 12:15:00 AM]&lt;INFO&gt;Path To TestData xml=E:\LoadTestResult\VSEQT\QTAgent\26973\CMP01-INDIASQA.horizonhobby.com\Deployment\ProductPageTestData_001459.xml</Message>
          <Message>[5/15/2018 12:15:00 AM]&lt;INFO&gt;Path To HorizonHobbyQA Application Url=https://www-tst.horizonhobby.com</Message>
          <Message>[5/15/2018 12:15:00 AM]&lt;INFO&gt;HorizonHobbyQA sql connection string=Server=cmp02-ws-tst-db01:50000;Database=TST01DB;UID=wcdbuser;PWD=h0r1z0n;Connect Timeout=30</Message>
          <Message>[5/15/2018 12:15:00 AM]&lt;INFO&gt;Country is := US and language id is := '-1'</Message>
          <Message>[5/15/2018 12:15:00 AM]&lt;INFO&gt;Current browser used for test execution is = 'IE'</Message>
          <Message>[5/15/2018 12:15:04 AM]&lt;Info&gt;AllBrowserWindow : Locating browser window...</Message>
          <Message>[5/15/2018 12:15:08 AM]&lt;INFO&gt;SearchProductexecuting ... Searching term:= 'BLH3126'</Message>
          <Message>[5/15/2018 12:15:16 AM]&lt;PASS&gt;&lt;ProductPageProductRatingDisplay&gt;&lt;5 Star Rating exists on the Product page&gt;</Message>
          <Message>[5/15/2018 12:15:20 AM]&lt;INFO&gt;SearchProductexecuting ... Searching term:= 'EFLH1151'</Message>
          <Message>[5/15/2018 12:15:38 AM]&lt;PASS&gt;&lt;ProductPageProductRatingDisplay&gt;&lt;4 Star Rating exists on the Product page&gt;</Message>
          <Message>[5/15/2018 12:15:42 AM]&lt;INFO&gt;SearchProductexecuting ... Searching term:= 'BLH1617A'</Message>
          <Message>[5/15/2018 12:15:58 AM]&lt;PASS&gt;&lt;ProductPageProductRatingDisplay&gt;&lt;3 Star Rating exists on the Product page&gt;</Message>
          <Message>[5/15/2018 12:16:01 AM]&lt;INFO&gt;SearchProductexecuting ... Searching term:= 'BLH3504'</Message>
          <Message>[5/15/2018 12:16:16 AM]&lt;PASS&gt;&lt;ProductPageProductRatingDisplay&gt;&lt;2 Star Rating exists on the Product page&gt;</Message>
          <Message>[5/15/2018 12:16:20 AM]&lt;INFO&gt;SearchProductexecuting ... Searching term:= 'BLH2014'</Message>
          <Message>[5/15/2018 12:16:47 AM]&lt;PASS&gt;&lt;ProductPageProductRatingDisplay&gt;&lt;1 Star Rating exists on the Product page&gt;</Message>
          <Message>[5/15/2018 12:16:47 AM]&lt;RESULT&gt;Test Ended:#PASS=5, #FAIL=0</Message>
          <Message>[5/15/2018 12:16:48 AM]&lt;INFO&gt;LogCPUAndMemoryUsage: Available Memory = 24196(MB), CPU Usage = 10.92005%</Message>
          <Message>[5/15/2018 12:16:49 AM]&lt;INFO&gt;Private Working Set for QTAgent32_40, usage=183924 (K)</Message>
          <Message>[5/15/2018 12:16:49 AM]&lt;RESULT&gt;&lt;ProductPageProductRatingDisplay&gt; Test PASSED</Message>
        </TextMessages>
      </Output>
      <ResultFiles>
        <ResultFile path="CMP01-INDIASQA.horizonhobby.com\ProductPageProductRatingDisplay_20180515001459.log" />
        <ResultFile path="CMP01-INDIASQA.horizonhobby.com\ProductPageProductRatingDisplay_ResultsONLY_20180515001459.log" />
        <ResultFile path="CMP01-INDIASQA.horizonhobby.com\ProductPageTestData_001459.xml" />
        <ResultFile path="CMP01-INDIASQA.horizonhobby.com\SharedCommonConfig.xml" />
      </ResultFiles>
    </UnitTestResult>
    <UnitTestResult executionId="d829d3ea-6918-496e-914c-f3e5cb3f1e32" testId="85bac158-e789-43a3-ccc0-2b7440ff591d" testName="CheckoutShippingAddressChangedGuestUser" computerName="CMP01-INDIASQA" duration="00:05:12.2981727" startTime="2018-05-15T00:16:51.1056853-05:00" endTime="2018-05-15T00:22:03.4955079-05:00" testType="13cdc9d9-ddb5-4fa4-a97d-d965ccfc6d4b" outcome="Passed" testListId="8c84fa94-04c1-424b-9868-57a2d4851a1d" relativeResultsDirectory="d829d3ea-6918-496e-914c-f3e5cb3f1e32">
      <Output>
        <StdOut>Logging to custom path:\\CMP01-YKumar\AutoLog</StdOut>
        <TextMessages>
          <Message>[5/15/2018 12:16:51 AM]&lt;STARTLOG&gt;&lt;CheckoutShippingAddressChangedGuestUser&gt;Test Started: Expecting: #PASS=Undefined and #FAIL=0
Running from MTM=True, running on machine name:CMP01-INDIASQA, user name=ykumar, OS=Microsoft Windows NT 6.1.7601 Service Pack 1, Is64BitOS=True</Message>
          <Message>[5/15/2018 12:16:52 AM]&lt;INFO&gt;LogCPUAndMemoryUsage: Available Memory = 24215(MB), CPU Usage = 15.29307%</Message>
          <Message>[5/15/2018 12:16:52 AM]&lt;INFO&gt;Private Working Set for QTAgent32_40, usage=190216 (K)</Message>
          <Message>[5/15/2018 12:16:52 AM]&lt;INFO&gt;Path To TestConfig xml=E:\LoadTestResult\VSEQT\QTAgent\26973\CMP01-INDIASQA.horizonhobby.com\Deployment\SharedCommonConfig.xml</Message>
          <Message>[5/15/2018 12:16:52 AM]&lt;INFO&gt;Path To TestData xml=E:\LoadTestResult\VSEQT\QTAgent\26973\CMP01-INDIASQA.horizonhobby.com\Deployment\CheckoutCommonTestData_001651.xml</Message>
          <Message>[5/15/2018 12:16:52 AM]&lt;INFO&gt;Path To HorizonHobbyQA Application Url=https://www-tst.horizonhobby.com</Message>
          <Message>[5/15/2018 12:16:52 AM]&lt;INFO&gt;HorizonHobbyQA sql connection string=Server=cmp02-ws-tst-db01:50000;Database=TST01DB;UID=wcdbuser;PWD=h0r1z0n;Connect Timeout=30</Message>
          <Message>[5/15/2018 12:16:52 AM]&lt;INFO&gt;Country is := US and language id is := '-1'</Message>
          <Message>[5/15/2018 12:16:52 AM]&lt;INFO&gt;Current browser used for test execution is = 'IE'</Message>
          <Message>[5/15/2018 12:16:57 AM]&lt;Info&gt;AllBrowserWindow : Locating browser window...</Message>
          <Message>[5/15/2018 12:17:03 AM]&lt;INFO&gt;SearchProductexecuting ... Searching term:= 'PKZ1814'</Message>
          <Message>[5/15/2018 12:17:09 AM]&lt;Info&gt;AllBrowserWindow : Locating browser window...</Message>
          <Message>[5/15/2018 12:17:11 AM]&lt;INFO&gt;BackOrderClickexecuting ...</Message>
          <Message>[5/15/2018 12:17:11 AM]&lt;INFO&gt;GoToCartClickexecuting ...</Message>
          <Message>[5/15/2018 12:17:18 AM]&lt;INFO&gt;CheckoutProcessStartShoppingCart : method executing</Message>
          <Message>[5/15/2018 12:17:18 AM]&lt;Info&gt;AllBrowserWindow : Locating browser window...</Message>
          <Message>[5/15/2018 12:17:30 AM]&lt;INFO&gt;CheckoutShoppingCartControls : method executing</Message>
          <Message>[5/15/2018 12:17:30 AM]&lt;Info&gt;AllBrowserWindow : Locating browser window...</Message>
          <Message>[5/15/2018 12:17:46 AM]&lt;Info&gt;AllBrowserWindow : Locating browser window...</Message>
          <Message>[5/15/2018 12:17:49 AM]&lt;INFO&gt;FillBillingAndShippingAddressexecuting ...</Message>
          <Message>[5/15/2018 12:17:49 AM]&lt;Info&gt;AllBrowserWindow : Locating browser window...</Message>
          <Message>[5/15/2018 12:17:53 AM]&lt;INFO&gt;SelectBillingCountryexecuting ...</Message>
          <Message>[5/15/2018 12:17:59 AM]&lt;INFO&gt;SelectBillingStateexecuting ...</Message>
          <Message>[5/15/2018 12:18:14 AM]&lt;INFO&gt;SelectShippingCountryexecuting ...</Message>
          <Message>[5/15/2018 12:18:17 AM]&lt;INFO&gt;SelectShippingStateexecuting ...</Message>
          <Message>[5/15/2018 12:18:24 AM]&lt;Info&gt;AllBrowserWindow : Locating browser window...</Message>
          <Message>[5/15/2018 12:18:30 AM]&lt;INFO&gt;GetAllShippingOptions : is executing ...</Message>
          <Message>[5/15/2018 12:18:30 AM]&lt;Info&gt;AllBrowserWindow : Locating browser window...</Message>
          <Message>[5/15/2018 12:18:31 AM]&lt;PASS&gt;&lt;CheckoutShippingAddressChangedGuestUser&gt;&lt; Verify that actual list element contains expected string : Economy/SmartPost&gt;</Message>
          <Message>[5/15/2018 12:18:31 AM]&lt;PASS&gt;&lt;CheckoutShippingAddressChangedGuestUser&gt;&lt; Verify that actual list element contains expected string : FedEx Home Delivery&gt;</Message>
          <Message>[5/15/2018 12:18:31 AM]&lt;PASS&gt;&lt;CheckoutShippingAddressChangedGuestUser&gt;&lt; Verify that actual list element contains expected string : Two-Day Shipping - 9.99&gt;</Message>
          <Message>[5/15/2018 12:18:32 AM]&lt;PASS&gt;&lt;CheckoutShippingAddressChangedGuestUser&gt;&lt; Verify that actual list element contains expected string : One-Day Shipping - 19.99&gt;</Message>
          <Message>[5/15/2018 12:18:32 AM]&lt;PASS&gt;&lt;CheckoutShippingAddressChangedGuestUser&gt;&lt; Verify the shipping method items are same as expected with values: One-Day Shipping - 19.99&gt;</Message>
          <Message>[5/15/2018 12:18:32 AM]&lt;Info&gt;AllBrowserWindow : Locating browser window...</Message>
          <Message>[5/15/2018 12:18:32 AM]&lt;INFO&gt;UpdateBillingShippingAddressexecuting ...</Message>
          <Message>[5/15/2018 12:18:32 AM]&lt;Info&gt;AllBrowserWindow : Locating browser window...</Message>
          <Message>[5/15/2018 12:18:54 AM]&lt;INFO&gt;CheckoutProcessStartShoppingCart : method executing</Message>
          <Message>[5/15/2018 12:18:54 AM]&lt;Info&gt;AllBrowserWindow : Locating browser window...</Message>
          <Message>[5/15/2018 12:19:07 AM]&lt;INFO&gt;CheckoutShoppingCartControls : method executing</Message>
          <Message>[5/15/2018 12:19:07 AM]&lt;Info&gt;AllBrowserWindow : Locating browser window...</Message>
          <Message>[5/15/2018 12:19:23 AM]&lt;INFO&gt;GetAllShippingOptions : is executing ...</Message>
          <Message>[5/15/2018 12:19:23 AM]&lt;Info&gt;AllBrowserWindow : Locating browser window...</Message>
          <Message>[5/15/2018 12:19:29 AM]&lt;PASS&gt;&lt;CheckoutShippingAddressChangedGuestUser&gt;&lt; Verify that actual list element contains expected string : Economy/SmartPost&gt;</Message>
          <Message>[5/15/2018 12:19:29 AM]&lt;PASS&gt;&lt;CheckoutShippingAddressChangedGuestUser&gt;&lt; Verify the shipping method items are same as expected with values: Economy/SmartPost&gt;</Message>
          <Message>[5/15/2018 12:19:29 AM]&lt;INFO&gt;SelectCheckoutPaymentRadiobutton : method executing</Message>
          <Message>[5/15/2018 12:19:29 AM]&lt;INFO&gt;CheckoutCreditCardShippingAndBillingControls : method executing</Message>
          <Message>[5/15/2018 12:19:29 AM]&lt;Info&gt;AllBrowserWindow : Locating browser window...</Message>
          <Message>[5/15/2018 12:19:39 AM]&lt;INFO&gt;FillCreditCardDetails : method executing</Message>
          <Message>[5/15/2018 12:19:39 AM]&lt;INFO&gt;CheckoutCreditCardShippingAndBillingControls : method executing</Message>
          <Message>[5/15/2018 12:19:39 AM]&lt;Info&gt;AllBrowserWindow : Locating browser window...</Message>
          <Message>[5/15/2018 12:19:49 AM]&lt;INFO&gt;ClickReviewOrder : method executing</Message>
          <Message>[5/15/2018 12:19:49 AM]&lt;INFO&gt;CheckoutCreditCardShippingAndBillingControls : method executing</Message>
          <Message>[5/15/2018 12:19:49 AM]&lt;Info&gt;AllBrowserWindow : Locating browser window...</Message>
          <Message>[5/15/2018 12:19:54 AM]&lt;Info&gt;AllBrowserWindow : Locating browser window...</Message>
          <Message>[5/15/2018 12:20:02 AM]&lt;Info&gt;AllBrowserWindow : Locating browser window...</Message>
          <Message>[5/15/2018 12:20:02 AM]&lt;INFO&gt;PlaceOrderCreditCard : method executing</Message>
          <Message>[5/15/2018 12:20:02 AM]&lt;INFO&gt;CheckoutCreditCardShippingAndBillingControls : method executing</Message>
          <Message>[5/15/2018 12:20:02 AM]&lt;Info&gt;AllBrowserWindow : Locating browser window...</Message>
          <Message>[5/15/2018 12:20:11 AM]&lt;INFO&gt;KeyboardSendKeys method executing...</Message>
          <Message>[5/15/2018 12:21:51 AM]&lt;Info&gt;AllBrowserWindow : Locating browser window...</Message>
          <Message>[5/15/2018 12:22:00 AM]&lt;Info&gt;AllBrowserWindow : Locating browser window...</Message>
          <Message>[5/15/2018 12:22:00 AM]&lt;INFO&gt;SingleProductOrderAmountValidation : method executing</Message>
          <Message>[5/15/2018 12:22:00 AM]&lt;INFO&gt;OrderConfirmationUIControls : method executing</Message>
          <Message>[5/15/2018 12:22:00 AM]&lt;Info&gt;AllBrowserWindow : Locating browser window...</Message>
          <Message>[5/15/2018 12:22:02 AM]&lt;INFO&gt;SingleProductOrderAmountValidation : method executing</Message>
          <Message>[5/15/2018 12:22:02 AM]&lt;PASS&gt;&lt;SingleProductOrderAmountValidation&gt;&lt; Validates expected authorization amount: '56.95000' is equals actual authorization amount: '56.95000'&gt;</Message>
          <Message>[5/15/2018 12:22:02 AM]&lt;RESULT&gt;Test Ended:#PASS=8, #FAIL=0</Message>
          <Message>[5/15/2018 12:22:03 AM]&lt;INFO&gt;LogCPUAndMemoryUsage: Available Memory = 24429(MB), CPU Usage = 25.91435%</Message>
          <Message>[5/15/2018 12:22:03 AM]&lt;INFO&gt;Private Working Set for QTAgent32_40, usage=188864 (K)</Message>
          <Message>[5/15/2018 12:22:03 AM]&lt;RESULT&gt;&lt;CheckoutShippingAddressChangedGuestUser&gt; Test PASSED</Message>
        </TextMessages>
      </Output>
    </UnitTestResult>
    <UnitTestResult executionId="f70704a5-17d5-44be-8e4b-6c445ba3c6bc" testId="792adc99-70fb-1ca0-96eb-07e0876db0a8" testName="CheckoutShippingMethodsBasedOnAddress" computerName="CMP01-INDIASQA" duration="00:08:05.2981139" startTime="2018-05-15T00:22:03.4965081-05:00" endTime="2018-05-15T00:30:08.8944886-05:00" testType="13cdc9d9-ddb5-4fa4-a97d-d965ccfc6d4b" outcome="Failed" testListId="8c84fa94-04c1-424b-9868-57a2d4851a1d" relativeResultsDirectory="f70704a5-17d5-44be-8e4b-6c445ba3c6bc">
      <Output>
        <StdOut>Logging to custom path:\\CMP01-YKumar\AutoLog</StdOut>
        <ErrorInfo>
          <Message>Assert.Fail failed. 
Actual #FAIL=1, #Expected FAIL=0
#Other errors=1
[Error details below]</Message>
          <StackTrace>   at TestAuto.LoggingAndSharedGenericMethods.EndTest() in c:\Builds\1\WebSphere\QATestAutomation\src\CodedUITest\SourceCode\Common\Logging\Logging.cs:line 1628
   at TestAuto.HHBvtSmokeTest.TestCleanup() in c:\Builds\1\WebSphere\QATestAutomation\src\CodedUITest\SourceCode\HHobby\Checkout\CheckoutCommon.cs:line 4805
</StackTrace>
        </ErrorInfo>
        <TextMessages>
          <Message>[5/15/2018 12:22:03 AM]&lt;STARTLOG&gt;&lt;CheckoutShippingMethodsBasedOnAddress&gt;Test Started: Expecting: #PASS=Undefined and #FAIL=0
Running from MTM=True, running on machine name:CMP01-INDIASQA, user name=ykumar, OS=Microsoft Windows NT 6.1.7601 Service Pack 1, Is64BitOS=True</Message>
          <Message>[5/15/2018 12:22:04 AM]&lt;INFO&gt;LogCPUAndMemoryUsage: Available Memory = 24430(MB), CPU Usage = 21.62516%</Message>
          <Message>[5/15/2018 12:22:04 AM]&lt;INFO&gt;Private Working Set for QTAgent32_40, usage=189000 (K)</Message>
          <Message>[5/15/2018 12:22:04 AM]&lt;INFO&gt;Path To TestConfig xml=E:\LoadTestResult\VSEQT\QTAgent\26973\CMP01-INDIASQA.horizonhobby.com\Deployment\SharedCommonConfig.xml</Message>
          <Message>[5/15/2018 12:22:04 AM]&lt;INFO&gt;Path To TestData xml=E:\LoadTestResult\VSEQT\QTAgent\26973\CMP01-INDIASQA.horizonhobby.com\Deployment\CheckoutCommonTestData_002203.xml</Message>
          <Message>[5/15/2018 12:22:04 AM]&lt;INFO&gt;Path To HorizonHobbyQA Application Url=https://www-tst.horizonhobby.com</Message>
          <Message>[5/15/2018 12:22:04 AM]&lt;INFO&gt;HorizonHobbyQA sql connection string=Server=cmp02-ws-tst-db01:50000;Database=TST01DB;UID=wcdbuser;PWD=h0r1z0n;Connect Timeout=30</Message>
          <Message>[5/15/2018 12:22:04 AM]&lt;INFO&gt;Country is := US and language id is := '-1'</Message>
          <Message>[5/15/2018 12:22:04 AM]&lt;INFO&gt;Current browser used for test execution is = 'IE'</Message>
          <Message>[5/15/2018 12:22:11 AM]&lt;INFO&gt;SearchProductexecuting ... Searching term:= 'YUNQ4KBP'</Message>
          <Message>[5/15/2018 12:22:18 AM]&lt;Info&gt;AllBrowserWindow : Locating browser window...</Message>
          <Message>[5/15/2018 12:22:42 AM]&lt;Info&gt;AllBrowserWindow : Locating browser window...</Message>
          <Message>[5/15/2018 12:23:16 AM]&lt;Info&gt;AllBrowserWindow : Locating browser window...</Message>
          <Message>[5/15/2018 12:23:31 AM]&lt;INFO&gt;BackOrderClickexecuting ...</Message>
          <Message>[5/15/2018 12:23:32 AM]&lt;INFO&gt;GoToCartClickexecuting ...</Message>
          <Message>[5/15/2018 12:23:38 AM]&lt;INFO&gt;CheckoutProcessStartShoppingCart : method executing</Message>
          <Message>[5/15/2018 12:23:38 AM]&lt;Info&gt;AllBrowserWindow : Locating browser window...</Message>
          <Message>[5/15/2018 12:23:47 AM]&lt;INFO&gt;CheckoutShoppingCartControls : method executing</Message>
          <Message>[5/15/2018 12:23:47 AM]&lt;Info&gt;AllBrowserWindow : Locating browser window...</Message>
          <Message>[5/15/2018 12:24:02 AM]&lt;Info&gt;AllBrowserWindow : Locating browser window...</Message>
          <Message>[5/15/2018 12:24:11 AM]&lt;Info&gt;AllBrowserWindow : Locating browser window...</Message>
          <Message>[5/15/2018 12:24:14 AM]&lt;INFO&gt;FillBillingAndShippingAddressexecuting ...</Message>
          <Message>[5/15/2018 12:24:14 AM]&lt;Info&gt;AllBrowserWindow : Locating browser window...</Message>
          <Message>[5/15/2018 12:24:18 AM]&lt;INFO&gt;SelectBillingCountryexecuting ...</Message>
          <Message>[5/15/2018 12:24:25 AM]&lt;INFO&gt;SelectBillingStateexecuting ...</Message>
          <Message>[5/15/2018 12:24:40 AM]&lt;INFO&gt;SelectShippingCountryexecuting ...</Message>
          <Message>[5/15/2018 12:24:44 AM]&lt;INFO&gt;SelectShippingStateexecuting ...</Message>
          <Message>[5/15/2018 12:24:51 AM]&lt;Info&gt;AllBrowserWindow : Locating browser window...</Message>
          <Message>[5/15/2018 12:24:56 AM]&lt;Info&gt;AllBrowserWindow : Locating browser window...</Message>
          <Message>[5/15/2018 12:24:56 AM]&lt;INFO&gt;GetAllShippingOptions : is executing ...</Message>
          <Message>[5/15/2018 12:24:56 AM]&lt;Info&gt;AllBrowserWindow : Locating browser window...</Message>
          <Message>[5/15/2018 12:24:58 AM]&lt;PASS&gt;&lt;CheckoutShippingMethodsBasedOnAddress&gt;&lt; Verify that actual list element contains expected string : Economy/SmartPost&gt;</Message>
          <Message>[5/15/2018 12:24:58 AM]&lt;PASS&gt;&lt;CheckoutShippingMethodsBasedOnAddress&gt;&lt; Verify that actual list element contains expected string : FedEx Home Delivery&gt;</Message>
          <Message>[5/15/2018 12:24:58 AM]&lt;FAIL&gt;&lt;CheckoutShippingMethodsBasedOnAddress&gt;&lt; Verify that actual list element do not contains expected string : Two-Day Shipping - 9.99&gt;.Assert.Fail failed. Assert.Fail failed. Actual:0 not &gt; expected:0
    StackTrace:
    CheckListItemContainsExpectedString(),SharedMethods_Generic.cs,Line Number:5239
    GetAndCompareShippingMethods(),CheckoutCommon.cs,Line Number:4618</Message>
          <Message>[5/15/2018 12:24:58 AM]&lt;CaptureImage&gt;\\CMP01-YKumar\AutoLog\CMP01-INDIASQA\CheckoutShippingMethodsBasedOnAddress_20180515002458.png</Message>
          <Message>Assert.Fail failed. [5/15/2018 12:24:58 AM]&lt;Error&gt;GetAndCompareShippingMethods : failed executing ...Index was out of range. Must be non-negative and less than the size of the collection.
Parameter name: index, 
    StackTrace:
    GetAndCompareShippingMethods(),CheckoutCommon.cs,Line Number:4636
    CheckoutShippingMethodsBasedOnAddress(),CheckoutCommon.cs,Line Number:1609</Message>
          <Message>[5/15/2018 12:24:58 AM]&lt;CaptureImage&gt;\\CMP01-YKumar\AutoLog\CMP01-INDIASQA\CheckoutShippingMethodsBasedOnAddress_20180515002458.png</Message>
          <Message>[5/15/2018 12:24:58 AM]&lt;Info&gt;AllBrowserWindow : Locating browser window...</Message>
          <Message>[5/15/2018 12:24:59 AM]&lt;INFO&gt;UpdateBillingShippingAddressexecuting ...</Message>
          <Message>[5/15/2018 12:24:59 AM]&lt;Info&gt;AllBrowserWindow : Locating browser window...</Message>
          <Message>[5/15/2018 12:25:21 AM]&lt;INFO&gt;CheckoutProcessStartShoppingCart : method executing</Message>
          <Message>[5/15/2018 12:25:21 AM]&lt;Info&gt;AllBrowserWindow : Locating browser window...</Message>
          <Message>[5/15/2018 12:25:30 AM]&lt;INFO&gt;CheckoutShoppingCartControls : method executing</Message>
          <Message>[5/15/2018 12:25:30 AM]&lt;Info&gt;AllBrowserWindow : Locating browser window...</Message>
          <Message>[5/15/2018 12:25:47 AM]&lt;Info&gt;AllBrowserWindow : Locating browser window...</Message>
          <Message>[5/15/2018 12:25:51 AM]&lt;INFO&gt;GetAllShippingOptions : is executing ...</Message>
          <Message>[5/15/2018 12:25:51 AM]&lt;Info&gt;AllBrowserWindow : Locating browser window...</Message>
          <Message>[5/15/2018 12:25:53 AM]&lt;PASS&gt;&lt;CheckoutShippingMethodsBasedOnAddress&gt;&lt; Verify that actual list element contains expected string : Economy/SmartPost&gt;</Message>
          <Message>[5/15/2018 12:25:53 AM]&lt;PASS&gt;&lt;CheckoutShippingMethodsBasedOnAddress&gt;&lt; Verify the shipping method items are same as expected with values: Economy/SmartPost&gt;</Message>
          <Message>[5/15/2018 12:25:53 AM]&lt;Info&gt;AllBrowserWindow : Locating browser window...</Message>
          <Message>[5/15/2018 12:25:54 AM]&lt;INFO&gt;UpdateBillingShippingAddressexecuting ...</Message>
          <Message>[5/15/2018 12:25:54 AM]&lt;Info&gt;AllBrowserWindow : Locating browser window...</Message>
          <Message>[5/15/2018 12:26:29 AM]&lt;INFO&gt;CheckoutProcessStartShoppingCart : method executing</Message>
          <Message>[5/15/2018 12:26:29 AM]&lt;Info&gt;AllBrowserWindow : Locating browser window...</Message>
          <Message>[5/15/2018 12:26:38 AM]&lt;INFO&gt;CheckoutShoppingCartControls : method executing</Message>
          <Message>[5/15/2018 12:26:38 AM]&lt;Info&gt;AllBrowserWindow : Locating browser window...</Message>
          <Message>[5/15/2018 12:26:56 AM]&lt;Info&gt;AllBrowserWindow : Locating browser window...</Message>
          <Message>[5/15/2018 12:26:59 AM]&lt;INFO&gt;GetAllShippingOptions : is executing ...</Message>
          <Message>[5/15/2018 12:26:59 AM]&lt;Info&gt;AllBrowserWindow : Locating browser window...</Message>
          <Message>[5/15/2018 12:27:02 AM]&lt;PASS&gt;&lt;CheckoutShippingMethodsBasedOnAddress&gt;&lt; Verify that actual list element contains expected string : USPS - 0.00&gt;</Message>
          <Message>[5/15/2018 12:27:02 AM]&lt;PASS&gt;&lt;CheckoutShippingMethodsBasedOnAddress&gt;&lt; Verify the shipping method items are same as expected with values: USPS - 0.00&gt;</Message>
          <Message>[5/15/2018 12:27:02 AM]&lt;Info&gt;AllBrowserWindow : Locating browser window...</Message>
          <Message>[5/15/2018 12:27:03 AM]&lt;INFO&gt;UpdateBillingShippingAddressexecuting ...</Message>
          <Message>[5/15/2018 12:27:03 AM]&lt;Info&gt;AllBrowserWindow : Locating browser window...</Message>
          <Message>[5/15/2018 12:27:27 AM]&lt;INFO&gt;CheckoutProcessStartShoppingCart : method executing</Message>
          <Message>[5/15/2018 12:27:27 AM]&lt;Info&gt;AllBrowserWindow : Locating browser window...</Message>
          <Message>[5/15/2018 12:27:37 AM]&lt;INFO&gt;CheckoutShoppingCartControls : method executing</Message>
          <Message>[5/15/2018 12:27:37 AM]&lt;Info&gt;AllBrowserWindow : Locating browser window...</Message>
          <Message>[5/15/2018 12:27:55 AM]&lt;Info&gt;AllBrowserWindow : Locating browser window...</Message>
          <Message>[5/15/2018 12:27:59 AM]&lt;INFO&gt;GetAllShippingOptions : is executing ...</Message>
          <Message>[5/15/2018 12:27:59 AM]&lt;Info&gt;AllBrowserWindow : Locating browser window...</Message>
          <Message>[5/15/2018 12:28:01 AM]&lt;PASS&gt;&lt;CheckoutShippingMethodsBasedOnAddress&gt;&lt; Verify that actual list element contains expected string : USPS - 0.00&gt;</Message>
          <Message>[5/15/2018 12:28:01 AM]&lt;PASS&gt;&lt;CheckoutShippingMethodsBasedOnAddress&gt;&lt; Verify the shipping method items are same as expected with values: USPS - 0.00&gt;</Message>
          <Message>[5/15/2018 12:28:01 AM]&lt;Info&gt;AllBrowserWindow : Locating browser window...</Message>
          <Message>[5/15/2018 12:28:02 AM]&lt;INFO&gt;UpdateBillingShippingAddressexecuting ...</Message>
          <Message>[5/15/2018 12:28:02 AM]&lt;Info&gt;AllBrowserWindow : Locating browser window...</Message>
          <Message>[5/15/2018 12:28:28 AM]&lt;INFO&gt;CheckoutProcessStartShoppingCart : method executing</Message>
          <Message>[5/15/2018 12:28:28 AM]&lt;Info&gt;AllBrowserWindow : Locating browser window...</Message>
          <Message>[5/15/2018 12:28:37 AM]&lt;INFO&gt;CheckoutShoppingCartControls : method executing</Message>
          <Message>[5/15/2018 12:28:37 AM]&lt;Info&gt;AllBrowserWindow : Locating browser window...</Message>
          <Message>[5/15/2018 12:28:56 AM]&lt;Info&gt;AllBrowserWindow : Locating browser window...</Message>
          <Message>[5/15/2018 12:29:00 AM]&lt;INFO&gt;GetAllShippingOptions : is executing ...</Message>
          <Message>[5/15/2018 12:29:00 AM]&lt;Info&gt;AllBrowserWindow : Locating browser window...</Message>
          <Message>[5/15/2018 12:29:02 AM]&lt;PASS&gt;&lt;CheckoutShippingMethodsBasedOnAddress&gt;&lt; Verify that actual list element contains expected string : Standard - 10.99&gt;</Message>
          <Message>[5/15/2018 12:29:02 AM]&lt;PASS&gt;&lt;CheckoutShippingMethodsBasedOnAddress&gt;&lt; Verify that actual list element contains expected string : Express - 33.99&gt;</Message>
          <Message>[5/15/2018 12:29:02 AM]&lt;PASS&gt;&lt;CheckoutShippingMethodsBasedOnAddress&gt;&lt; Verify that actual list element contains expected string : Priority - 47.99&gt;</Message>
          <Message>[5/15/2018 12:29:02 AM]&lt;PASS&gt;&lt;CheckoutShippingMethodsBasedOnAddress&gt;&lt; Verify the shipping method items are same as expected with values: Priority - 47.99&gt;</Message>
          <Message>[5/15/2018 12:29:02 AM]&lt;Info&gt;AllBrowserWindow : Locating browser window...</Message>
          <Message>[5/15/2018 12:29:03 AM]&lt;INFO&gt;UpdateBillingShippingAddressexecuting ...</Message>
          <Message>[5/15/2018 12:29:03 AM]&lt;Info&gt;AllBrowserWindow : Locating browser window...</Message>
          <Message>[5/15/2018 12:29:29 AM]&lt;INFO&gt;CheckoutProcessStartShoppingCart : method executing</Message>
          <Message>[5/15/2018 12:29:29 AM]&lt;Info&gt;AllBrowserWindow : Locating browser window...</Message>
          <Message>[5/15/2018 12:29:38 AM]&lt;INFO&gt;CheckoutShoppingCartControls : method executing</Message>
          <Message>[5/15/2018 12:29:38 AM]&lt;Info&gt;AllBrowserWindow : Locating browser window...</Message>
          <Message>[5/15/2018 12:29:57 AM]&lt;Info&gt;AllBrowserWindow : Locating browser window...</Message>
          <Message>[5/15/2018 12:30:03 AM]&lt;INFO&gt;GetAllShippingOptions : is executing ...</Message>
          <Message>[5/15/2018 12:30:03 AM]&lt;Info&gt;AllBrowserWindow : Locating browser window...</Message>
          <Message>[5/15/2018 12:30:05 AM]&lt;PASS&gt;&lt;CheckoutShippingMethodsBasedOnAddress&gt;&lt; Verify that actual list element contains expected string : Economy/SmartPost&gt;</Message>
          <Message>[5/15/2018 12:30:05 AM]&lt;PASS&gt;&lt;CheckoutShippingMethodsBasedOnAddress&gt;&lt; Verify that actual list element contains expected string : FedEx Home Delivery&gt;</Message>
          <Message>[5/15/2018 12:30:05 AM]&lt;PASS&gt;&lt;CheckoutShippingMethodsBasedOnAddress&gt;&lt; Verify that actual list element contains expected string : Two-Day Shipping - 33.99&gt;</Message>
          <Message>[5/15/2018 12:30:05 AM]&lt;PASS&gt;&lt;CheckoutShippingMethodsBasedOnAddress&gt;&lt; Verify that actual list element contains expected string : One-Day Shipping - 47.99&gt;</Message>
          <Message>[5/15/2018 12:30:05 AM]&lt;PASS&gt;&lt;CheckoutShippingMethodsBasedOnAddress&gt;&lt; Verify the shipping method items are same as expected with values: One-Day Shipping - 47.99&gt;</Message>
          <Message>[5/15/2018 12:30:05 AM]&lt;RESULT&gt;Test Ended:#PASS=17, #FAIL=1,#Other errors=1</Message>
          <Message>[5/15/2018 12:30:06 AM]&lt;INFO&gt;LogCPUAndMemoryUsage: Available Memory = 24008(MB), CPU Usage = 3.873993%</Message>
          <Message>[5/15/2018 12:30:06 AM]&lt;INFO&gt;Private Working Set for QTAgent32_40, usage=190076 (K)</Message>
          <Message>[5/15/2018 12:30:06 AM]&lt;RESULT&gt;&lt;CheckoutShippingMethodsBasedOnAddress&gt; Test FAILED: Actual #FAIL=1, #Expected FAIL=0
#Other errors=1. See Error Message/logs for further details.</Message>
        </TextMessages>
      </Output>
    </UnitTestResult>
    <UnitTestResult executionId="ce16caf7-015c-4570-8dbd-a4a63684facd" testId="24249209-6e78-9a6e-b5c3-ed128615d53f" testName="CheckoutShippingAddressChanged" computerName="CMP01-INDIASQA" duration="00:07:59.9472344" startTime="2018-05-15T00:30:08.8974889-05:00" endTime="2018-05-15T00:38:08.9273948-05:00" testType="13cdc9d9-ddb5-4fa4-a97d-d965ccfc6d4b" outcome="Passed" testListId="8c84fa94-04c1-424b-9868-57a2d4851a1d" relativeResultsDirectory="ce16caf7-015c-4570-8dbd-a4a63684facd">
      <Output>
        <StdOut>Logging to custom path:\\CMP01-YKumar\AutoLog</StdOut>
        <TextMessages>
          <Message>[5/15/2018 12:30:08 AM]&lt;STARTLOG&gt;&lt;CheckoutShippingAddressChanged&gt;Test Started: Expecting: #PASS=Undefined and #FAIL=0
Running from MTM=True, running on machine name:CMP01-INDIASQA, user name=ykumar, OS=Microsoft Windows NT 6.1.7601 Service Pack 1, Is64BitOS=True</Message>
          <Message>[5/15/2018 12:30:09 AM]&lt;INFO&gt;LogCPUAndMemoryUsage: Available Memory = 24037(MB), CPU Usage = 19.30457%</Message>
          <Message>[5/15/2018 12:30:09 AM]&lt;INFO&gt;Private Working Set for QTAgent32_40, usage=190220 (K)</Message>
          <Message>[5/15/2018 12:30:09 AM]&lt;INFO&gt;Path To TestConfig xml=E:\LoadTestResult\VSEQT\QTAgent\26973\CMP01-INDIASQA.horizonhobby.com\Deployment\SharedCommonConfig.xml</Message>
          <Message>[5/15/2018 12:30:09 AM]&lt;INFO&gt;Path To TestData xml=E:\LoadTestResult\VSEQT\QTAgent\26973\CMP01-INDIASQA.horizonhobby.com\Deployment\CheckoutCommonTestData_003008.xml</Message>
          <Message>[5/15/2018 12:30:09 AM]&lt;INFO&gt;Path To HorizonHobbyQA Application Url=https://www-tst.horizonhobby.com</Message>
          <Message>[5/15/2018 12:30:10 AM]&lt;INFO&gt;HorizonHobbyQA sql connection string=Server=cmp02-ws-tst-db01:50000;Database=TST01DB;UID=wcdbuser;PWD=h0r1z0n;Connect Timeout=30</Message>
          <Message>[5/15/2018 12:30:10 AM]&lt;INFO&gt;Country is := US and language id is := '-1'</Message>
          <Message>[5/15/2018 12:30:10 AM]&lt;INFO&gt;Current browser used for test execution is = 'IE'</Message>
          <Message>[5/15/2018 12:30:13 AM]&lt;Info&gt;AllBrowserWindow : Locating browser window...</Message>
          <Message>[5/15/2018 12:30:15 AM]&lt;INFO&gt;SurveyWindow : method executing ...</Message>
          <Message>[5/15/2018 12:30:23 AM]&lt;INFO&gt;ContinueOnCertificationErrorClickexecuting ...</Message>
          <Message>[5/15/2018 12:30:23 AM]&lt;Info&gt;DEAllBrowserWindow : Locating browser window...</Message>
          <Message>[5/15/2018 12:30:30 AM]&lt;INFO&gt;UserRegistration : method executing ...</Message>
          <Message>[5/15/2018 12:30:30 AM]&lt;Info&gt;AllBrowserWindow : Locating browser window...</Message>
          <Message>[5/15/2018 12:30:56 AM]&lt;Info&gt;AllBrowserWindow : Locating browser window...</Message>
          <Message>[5/15/2018 12:31:14 AM]&lt;Info&gt;AllBrowserWindow : Locating browser window...</Message>
          <Message>[5/15/2018 12:31:26 AM]&lt;INFO&gt;SearchProductexecuting ... Searching term:= 'FMMPROP007'</Message>
          <Message>[5/15/2018 12:31:32 AM]&lt;Info&gt;AllBrowserWindow : Locating browser window...</Message>
          <Message>[5/15/2018 12:32:05 AM]&lt;Info&gt;AllBrowserWindow : Locating browser window...</Message>
          <Message>[5/15/2018 12:33:25 AM]&lt;INFO&gt;BackOrderClickexecuting ...</Message>
          <Message>[5/15/2018 12:33:28 AM]&lt;INFO&gt;GoToCartClickexecuting ...</Message>
          <Message>[5/15/2018 12:33:39 AM]&lt;INFO&gt;CheckoutProcessStartShoppingCart : method executing</Message>
          <Message>[5/15/2018 12:33:39 AM]&lt;Info&gt;AllBrowserWindow : Locating browser window...</Message>
          <Message>[5/15/2018 12:33:47 AM]&lt;INFO&gt;CheckoutShoppingCartControls : method executing</Message>
          <Message>[5/15/2018 12:33:47 AM]&lt;Info&gt;AllBrowserWindow : Locating browser window...</Message>
          <Message>[5/15/2018 12:33:54 AM]&lt;Info&gt;AllBrowserWindow : Locating browser window...</Message>
          <Message>[5/15/2018 12:33:58 AM]&lt;INFO&gt;GetAllShippingOptions : is executing ...</Message>
          <Message>[5/15/2018 12:33:58 AM]&lt;Info&gt;AllBrowserWindow : Locating browser window...</Message>
          <Message>[5/15/2018 12:34:01 AM]&lt;PASS&gt;&lt;CheckoutShippingAddressChanged&gt;&lt; Verify that actual list element contains expected string : Economy/SmartPost&gt;</Message>
          <Message>[5/15/2018 12:34:01 AM]&lt;PASS&gt;&lt;CheckoutShippingAddressChanged&gt;&lt; Verify that actual list element contains expected string : FedEx Home Delivery&gt;</Message>
          <Message>[5/15/2018 12:34:01 AM]&lt;PASS&gt;&lt;CheckoutShippingAddressChanged&gt;&lt; Verify that actual list element contains expected string : Two-Day Shipping - 9.99&gt;</Message>
          <Message>[5/15/2018 12:34:01 AM]&lt;PASS&gt;&lt;CheckoutShippingAddressChanged&gt;&lt; Verify that actual list element contains expected string : One-Day Shipping - 19.99&gt;</Message>
          <Message>[5/15/2018 12:34:01 AM]&lt;PASS&gt;&lt;CheckoutShippingAddressChanged&gt;&lt; Verify the shipping method items are same as expected with values: One-Day Shipping - 19.99&gt;</Message>
          <Message>[5/15/2018 12:34:01 AM]&lt;Info&gt;AllBrowserWindow : Locating browser window...</Message>
          <Message>[5/15/2018 12:34:04 AM]&lt;INFO&gt;UpdateBillingShippingAddressexecuting ...</Message>
          <Message>[5/15/2018 12:34:04 AM]&lt;Info&gt;AllBrowserWindow : Locating browser window...</Message>
          <Message>[5/15/2018 12:34:26 AM]&lt;INFO&gt;CheckoutProcessStartShoppingCart : method executing</Message>
          <Message>[5/15/2018 12:34:27 AM]&lt;Info&gt;AllBrowserWindow : Locating browser window...</Message>
          <Message>[5/15/2018 12:34:36 AM]&lt;INFO&gt;CheckoutShoppingCartControls : method executing</Message>
          <Message>[5/15/2018 12:34:36 AM]&lt;Info&gt;AllBrowserWindow : Locating browser window...</Message>
          <Message>[5/15/2018 12:34:53 AM]&lt;INFO&gt;GetAllShippingOptions : is executing ...</Message>
          <Message>[5/15/2018 12:34:53 AM]&lt;Info&gt;AllBrowserWindow : Locating browser window...</Message>
          <Message>[5/15/2018 12:34:55 AM]&lt;PASS&gt;&lt;CheckoutShippingAddressChanged&gt;&lt; Verify that actual list element contains expected string : Economy/SmartPost&gt;</Message>
          <Message>[5/15/2018 12:34:55 AM]&lt;PASS&gt;&lt;CheckoutShippingAddressChanged&gt;&lt; Verify the shipping method items are same as expected with values: Economy/SmartPost&gt;</Message>
          <Message>[5/15/2018 12:34:55 AM]&lt;INFO&gt;SelectCheckoutPaymentRadiobutton : method executing</Message>
          <Message>[5/15/2018 12:34:55 AM]&lt;INFO&gt;CheckoutCreditCardShippingAndBillingControls : method executing</Message>
          <Message>[5/15/2018 12:34:55 AM]&lt;Info&gt;AllBrowserWindow : Locating browser window...</Message>
          <Message>[5/15/2018 12:35:05 AM]&lt;INFO&gt;FillCreditCardDetails : method executing</Message>
          <Message>[5/15/2018 12:35:05 AM]&lt;INFO&gt;CheckoutCreditCardShippingAndBillingControls : method executing</Message>
          <Message>[5/15/2018 12:35:05 AM]&lt;Info&gt;AllBrowserWindow : Locating browser window...</Message>
          <Message>[5/15/2018 12:35:15 AM]&lt;INFO&gt;ClickReviewOrder : method executing</Message>
          <Message>[5/15/2018 12:35:15 AM]&lt;INFO&gt;CheckoutCreditCardShippingAndBillingControls : method executing</Message>
          <Message>[5/15/2018 12:35:15 AM]&lt;Info&gt;AllBrowserWindow : Locating browser window...</Message>
          <Message>[5/15/2018 12:35:20 AM]&lt;Info&gt;AllBrowserWindow : Locating browser window...</Message>
          <Message>[5/15/2018 12:35:28 AM]&lt;Info&gt;AllBrowserWindow : Locating browser window...</Message>
          <Message>[5/15/2018 12:35:28 AM]&lt;INFO&gt;PlaceOrderCreditCard : method executing</Message>
          <Message>[5/15/2018 12:35:28 AM]&lt;INFO&gt;CheckoutCreditCardShippingAndBillingControls : method executing</Message>
          <Message>[5/15/2018 12:35:28 AM]&lt;Info&gt;AllBrowserWindow : Locating browser window...</Message>
          <Message>[5/15/2018 12:35:37 AM]&lt;INFO&gt;KeyboardSendKeys method executing...</Message>
          <Message>[5/15/2018 12:37:18 AM]&lt;Info&gt;AllBrowserWindow : Locating browser window...</Message>
          <Message>[5/15/2018 12:37:29 AM]&lt;Info&gt;AllBrowserWindow : Locating browser window...</Message>
          <Message>[5/15/2018 12:37:33 AM]&lt;INFO&gt;SingleProductOrderAmountValidation : method executing</Message>
          <Message>[5/15/2018 12:37:33 AM]&lt;INFO&gt;OrderConfirmationUIControls : method executing</Message>
          <Message>[5/15/2018 12:37:33 AM]&lt;Info&gt;AllBrowserWindow : Locating browser window...</Message>
          <Message>[5/15/2018 12:37:37 AM]&lt;INFO&gt;SingleProductOrderAmountValidation : method executing</Message>
          <Message>[5/15/2018 12:37:37 AM]&lt;PASS&gt;&lt;SingleProductOrderAmountValidation&gt;&lt; Validates expected authorization amount: '18.52000' is equals actual authorization amount: '18.52000'&gt;</Message>
          <Message>[5/15/2018 12:37:37 AM]&lt;INFO&gt;DeleteWishlistFromDatabase : method executing</Message>
          <Message>[5/15/2018 12:37:37 AM]&lt;INFO&gt;DeletOrderItem : method executing</Message>
          <Message>[5/15/2018 12:38:07 AM]&lt;RESULT&gt;Test Ended:#PASS=8, #FAIL=0</Message>
          <Message>[5/15/2018 12:38:08 AM]&lt;INFO&gt;LogCPUAndMemoryUsage: Available Memory = 23962(MB), CPU Usage = 2.10937%</Message>
          <Message>[5/15/2018 12:38:08 AM]&lt;INFO&gt;Private Working Set for QTAgent32_40, usage=190388 (K)</Message>
          <Message>[5/15/2018 12:38:08 AM]&lt;RESULT&gt;&lt;CheckoutShippingAddressChanged&gt; Test PASSED</Message>
        </TextMessages>
      </Output>
      <ResultFiles>
        <ResultFile path="CMP01-INDIASQA.horizonhobby.com\CheckoutCommonTestData_003008.xml" />
        <ResultFile path="CMP01-INDIASQA.horizonhobby.com\CheckoutShippingAddressChanged_20180515003008.log" />
        <ResultFile path="CMP01-INDIASQA.horizonhobby.com\CheckoutShippingAddressChanged_ResultsONLY_20180515003008.log" />
        <ResultFile path="CMP01-INDIASQA.horizonhobby.com\SharedCommonConfig.xml" />
      </ResultFiles>
    </UnitTestResult>
    <UnitTestResult executionId="4777d0a6-036c-4995-bf6c-097abd7c7221" testId="d9578ff4-933a-5dce-cbc2-f2db675f0281" testName="MyAccountIncorporateCpsiaWarningsInWishlist" computerName="CMP01-INDIASQA" duration="00:04:10.9577869" startTime="2018-05-15T00:38:08.9293948-05:00" endTime="2018-05-15T00:42:20.1933948-05:00" testType="13cdc9d9-ddb5-4fa4-a97d-d965ccfc6d4b" outcome="Failed" testListId="8c84fa94-04c1-424b-9868-57a2d4851a1d" relativeResultsDirectory="4777d0a6-036c-4995-bf6c-097abd7c7221">
      <Output>
        <StdOut>Logging to custom path:\\CMP01-YKumar\AutoLog</StdOut>
        <ErrorInfo>
          <Message>Assert.Fail failed. 
#Other errors=3
[Error details below]
&lt;ERROR&gt;[5/15/2018 12:41:41 AM]&lt;ERROR&gt;MouseClick Exception:Microsoft.VisualStudio.TestTools.UITest.Extension.UITestControlNotFoundException: The playback failed to find the control with the given search properties. Additional Details: 
TechnologyName:  'Web'
ControlType:  'Hyperlink'
TagName:  'A'
Class:  'wishlistBtn button secondary small tlignore'
 Failed to find any control that matched the search condition ControlType='Hyperlink' &amp;&amp; Class='wishlistBtn button secondary small tlignore' ---&gt; System.Runtime.InteropServices.COMException: Error HRESULT E_FAIL has been returned from a call to a COM component.
   at Microsoft.VisualStudio.TestTools.UITest.Playback.Engine.IScreenElement.FindAllDescendants(String bstrQueryId, Object&amp; pvarResKeys, Int32 cResKeys, Int32 nMaxDepth)
   at Microsoft.VisualStudio.TestTools.UITest.Playback.ScreenElement.FindAllScreenElement(String queryId, Int32 depth, Boolean singleQueryId, Boolean throwException, Boolean resetSkipStep)
   at Microsoft.VisualStudio.TestTools.UITest.Playback.ScreenElement.FindScreenElement(String queryId, Int32 depth, Boolean resetSkipStep)
   at Microsoft.VisualStudio.TestTools.UITesting.UITestControl.FindFirstDescendant(String queryId, Int32 maxDepth, Int32&amp; timeLeft)
   --- End of inner exception stack trace ---
   at Microsoft.VisualStudio.TestTools.UITesting.Playback.MapControlNotFoundException(COMException ex, IPlaybackContext context)
   at Microsoft.VisualStudio.TestTools.UITesting.Playback.MapAndThrowComException(COMException innerException, IPlaybackContext context)
   at Microsoft.VisualStudio.TestTools.UITesting.Playback.MapAndThrowException(SystemException exception, IPlaybackContext context)
   at Microsoft.VisualStudio.TestTools.UITesting.Playback.MapAndThrowException(SystemException exception, String queryId)
   at Microsoft.VisualStudio.TestTools.UITesting.UITestControl.FindFirstDescendant(String queryId, Int32 maxDepth, Int32&amp; timeLeft)
   at Microsoft.VisualStudio.TestTools.UITesting.SearchHelper.GetUITestControlRecursive(Boolean useCache, Boolean alwaysSearch, ISearchArgument searchArg, IList`1 windowTitles, Int32&amp; timeLeft)
   at Microsoft.VisualStudio.TestTools.UITesting.SearchHelper.GetElement(Boolean useCache, ISearchArgument searchArg)
   at Microsoft.VisualStudio.TestTools.UITesting.SearchHelper.Search(ISearchArgument searchArg)
   at Microsoft.VisualStudio.TestTools.UITesting.UITestControl.FindInternal()
   at Microsoft.VisualStudio.TestTools.UITesting.UITestControl.&lt;Find&gt;b__3a()
   at Microsoft.VisualStudio.TestTools.UITesting.CodedUITestMethodInvoker.InvokeMethod[T](Func`1 function, UITestControl control, Boolean firePlaybackErrorEvent, Boolean logAsAction)
   at Microsoft.VisualStudio.TestTools.UITesting.UITestControl.Find()
   at Microsoft.VisualStudio.TestTools.UITesting.UITestControl.GetPropertyPrivate(String propertyName)
   at Microsoft.VisualStudio.TestTools.UITesting.UITestControl.GetPropertyOfType[T](String propertyName)
   at Microsoft.VisualStudio.TestTools.UITesting.UITestControl.get_Name()
   at TestAuto.LoggingAndSharedGenericMethods.MouseClick(UITestControl uiMenuItemTestControl) in c:\Builds\1\WebSphere\QATestAutomation\src\CodedUITest\SourceCode\Common\Logging\SharedMethods_Generic.cs:line 790
&lt;ERROR&gt;[5/15/2018 12:41:47 AM]&lt;ERROR&gt;MouseClick Exception:Microsoft.VisualStudio.TestTools.UITest.Extension.UITestControlNotFoundException: The playback failed to find the control with the given search properties. Additional Details: 
TechnologyName:  'Web'
ControlType:  'Hyperlink'
TagName:  'A'
Class:  'tlignore'
 Failed to find any control that matched the search condition ControlType='Hyperlink' &amp;&amp; Class='tlignore' ---&gt; System.Runtime.InteropServices.COMException: Error HRESULT E_FAIL has been returned from a call to a COM component.
   at Microsoft.VisualStudio.TestTools.UITest.Playback.Engine.IScreenElement.FindAllDescendants(String bstrQueryId, Object&amp; pvarResKeys, Int32 cResKeys, Int32 nMaxDepth)
   at Microsoft.VisualStudio.TestTools.UITest.Playback.ScreenElement.FindAllScreenElement(String queryId, Int32 depth, Boolean singleQueryId, Boolean throwException, Boolean resetSkipStep)
   at Microsoft.VisualStudio.TestTools.UITest.Playback.ScreenElement.FindScreenElement(String queryId, Int32 depth, Boolean resetSkipStep)
   at Microsoft.VisualStudio.TestTools.UITesting.UITestControl.FindFirstDescendant(String queryId, Int32 maxDepth, Int32&amp; timeLeft)
   --- End of inner exception stack trace ---
   at Microsoft.VisualStudio.TestTools.UITesting.Playback.MapControlNotFoundException(COMException ex, IPlaybackContext context)
   at Microsoft.VisualStudio.TestTools.UITesting.Playback.MapAndThrowComException(COMException innerException, IPlaybackContext context)
   at Microsoft.VisualStudio.TestTools.UITesting.Playback.MapAndThrowException(SystemException exception, IPlaybackContext context)
   at Microsoft.VisualStudio.TestTools.UITesting.Playback.MapAndThrowException(SystemException exception, String queryId)
   at Microsoft.VisualStudio.TestTools.UITesting.UITestControl.FindFirstDescendant(String queryId, Int32 maxDepth, Int32&amp; timeLeft)
   at Microsoft.VisualStudio.TestTools.UITesting.SearchHelper.GetUITestControlRecursive(Boolean useCache, Boolean alwaysSearch, ISearchArgument searchArg, IList`1 windowTitles, Int32&amp; timeLeft)
   at Microsoft.VisualStudio.TestTools.UITesting.SearchHelper.GetElement(Boolean useCache, ISearchArgument searchArg)
   at Microsoft.VisualStudio.TestTools.UITesting.SearchHelper.Search(ISearchArgument searchArg)
   at Microsoft.VisualStudio.TestTools.UITesting.UITestControl.FindInternal()
   at Microsoft.VisualStudio.TestTools.UITesting.UITestControl.&lt;Find&gt;b__3a()
   at Microsoft.VisualStudio.TestTools.UITesting.CodedUITestMethodInvoker.InvokeMethod[T](Func`1 function, UITestControl control, Boolean firePlaybackErrorEvent, Boolean logAsAction)
   at Microsoft.VisualStudio.TestTools.UITesting.UITestControl.Find()
   at Microsoft.VisualStudio.TestTools.UITesting.UITestControl.GetPropertyPrivate(String propertyName)
   at Microsoft.VisualStudio.TestTools.UITesting.UITestControl.GetPropertyOfType[T](String propertyName)
   at Microsoft.VisualStudio.TestTools.UITesting.UITestControl.get_Name()
   at TestAuto.LoggingAndSharedGenericMethods.MouseClick(UITestControl uiMenuItemTestControl) in c:\Builds\1\WebSphere\QATestAutomation\src\CodedUITest\SourceCode\Common\Logging\SharedMethods_Generic.cs:line 790
&lt;ERROR&gt;[5/15/2018 12:41:47 AM]&lt;Error&gt;MyAccountIncorporateCpsiaWarningsInWishlist : failed executing ...Script execution failed. Script: shoppingListJS.create()</Message>
          <StackTrace>   at TestAuto.LoggingAndSharedGenericMethods.EndTest() in c:\Builds\1\WebSphere\QATestAutomation\src\CodedUITest\SourceCode\Common\Logging\Logging.cs:line 1628
   at TestAuto.MyAccount.TestCleanup() in c:\Builds\1\WebSphere\QATestAutomation\src\CodedUITest\SourceCode\HHobby\MyAccount\MyAccount.cs:line 3165
</StackTrace>
        </ErrorInfo>
        <TextMessages>
          <Message>[5/15/2018 12:38:09 AM]&lt;STARTLOG&gt;&lt;MyAccountIncorporateCpsiaWarningsInWishlist&gt;Test Started: Expecting: #PASS=Undefined and #FAIL=0
Running from MTM=True, running on machine name:CMP01-INDIASQA, user name=ykumar, OS=Microsoft Windows NT 6.1.7601 Service Pack 1, Is64BitOS=True</Message>
          <Message>[5/15/2018 12:38:11 AM]&lt;INFO&gt;LogCPUAndMemoryUsage: Available Memory = 23954(MB), CPU Usage = 21.68781%</Message>
          <Message>[5/15/2018 12:38:11 AM]&lt;INFO&gt;Private Working Set for QTAgent32_40, usage=193540 (K)</Message>
          <Message>[5/15/2018 12:38:11 AM]&lt;INFO&gt;Path To TestConfig xml=E:\LoadTestResult\VSEQT\QTAgent\26973\CMP01-INDIASQA.horizonhobby.com\Deployment\SharedCommonConfig.xml</Message>
          <Message>[5/15/2018 12:38:11 AM]&lt;INFO&gt;Path To TestData xml=E:\LoadTestResult\VSEQT\QTAgent\26973\CMP01-INDIASQA.horizonhobby.com\Deployment\MyAccountTestData_003809.xml</Message>
          <Message>[5/15/2018 12:38:11 AM]&lt;INFO&gt;Path To HorizonHobbyQA Application Url=https://www-tst.horizonhobby.com</Message>
          <Message>[5/15/2018 12:38:11 AM]&lt;INFO&gt;HorizonHobbyQA sql connection string=Server=cmp02-ws-tst-db01:50000;Database=TST01DB;UID=wcdbuser;PWD=h0r1z0n;Connect Timeout=30</Message>
          <Message>[5/15/2018 12:38:11 AM]&lt;INFO&gt;Country is := US and language id is := '-1'</Message>
          <Message>[5/15/2018 12:38:11 AM]&lt;INFO&gt;Current browser used for test execution is = 'IE'</Message>
          <Message>[5/15/2018 12:38:15 AM]&lt;INFO&gt;SurveyWindow : method executing ...</Message>
          <Message>[5/15/2018 12:38:26 AM]&lt;INFO&gt;SurveyWindow : method executing ...</Message>
          <Message>[5/15/2018 12:38:33 AM]&lt;INFO&gt;ContinueOnCertificationErrorClickexecuting ...</Message>
          <Message>[5/15/2018 12:38:33 AM]&lt;Info&gt;DEAllBrowserWindow : Locating browser window...</Message>
          <Message>[5/15/2018 12:38:40 AM]&lt;INFO&gt;ClickAcceptCookiesAgreement : failed executing ...</Message>
          <Message>[5/15/2018 12:38:47 AM]&lt;INFO&gt;UserRegistration : method executing ...</Message>
          <Message>[5/15/2018 12:38:47 AM]&lt;Info&gt;AllBrowserWindow : Locating browser window...</Message>
          <Message>[5/15/2018 12:39:12 AM]&lt;Info&gt;AllBrowserWindow : Locating browser window...</Message>
          <Message>[5/15/2018 12:39:29 AM]&lt;INFO&gt;SurveyWindow : method executing ...</Message>
          <Message>[5/15/2018 12:39:36 AM]&lt;INFO&gt;GetSearchProductOnAttributeValue executing... </Message>
          <Message>[5/15/2018 12:39:37 AM]&lt;INFO&gt;SearchProductexecuting ... Searching term:= 'EFLB18003S'</Message>
          <Message>[5/15/2018 12:39:43 AM]&lt;Info&gt;AllBrowserWindow : Locating browser window...</Message>
          <Message>[5/15/2018 12:40:08 AM]&lt;Info&gt;AllBrowserWindow : Locating browser window...</Message>
          <Message>[5/15/2018 12:40:41 AM]&lt;Info&gt;AllBrowserWindow : Locating browser window...</Message>
          <Message>Assert.Fail failed. [5/15/2018 12:41:41 AM]&lt;ERROR&gt;MouseClick Exception:Microsoft.VisualStudio.TestTools.UITest.Extension.UITestControlNotFoundException: The playback failed to find the control with the given search properties. Additional Details: 
TechnologyName:  'Web'
ControlType:  'Hyperlink'
TagName:  'A'
Class:  'wishlistBtn button secondary small tlignore'
 Failed to find any control that matched the search condition ControlType='Hyperlink' &amp;&amp; Class='wishlistBtn button secondary small tlignore' ---&gt; System.Runtime.InteropServices.COMException: Error HRESULT E_FAIL has been returned from a call to a COM component.
   at Microsoft.VisualStudio.TestTools.UITest.Playback.Engine.IScreenElement.FindAllDescendants(String bstrQueryId, Object&amp; pvarResKeys, Int32 cResKeys, Int32 nMaxDepth)
   at Microsoft.VisualStudio.TestTools.UITest.Playback.ScreenElement.FindAllScreenElement(String queryId, Int32 depth, Boolean singleQueryId, Boolean throwException, Boolean resetSkipStep)
   at Microsoft.VisualStudio.TestTools.UITest.Playback.ScreenElement.FindScreenElement(String queryId, Int32 depth, Boolean resetSkipStep)
   at Microsoft.VisualStudio.TestTools.UITesting.UITestControl.FindFirstDescendant(String queryId, Int32 maxDepth, Int32&amp; timeLeft)
   --- End of inner exception stack trace ---
   at Microsoft.VisualStudio.TestTools.UITesting.Playback.MapControlNotFoundException(COMException ex, IPlaybackContext context)
   at Microsoft.VisualStudio.TestTools.UITesting.Playback.MapAndThrowComException(COMException innerException, IPlaybackContext context)
   at Microsoft.VisualStudio.TestTools.UITesting.Playback.MapAndThrowException(SystemException exception, IPlaybackContext context)
   at Microsoft.VisualStudio.TestTools.UITesting.Playback.MapAndThrowException(SystemException exception, String queryId)
   at Microsoft.VisualStudio.TestTools.UITesting.UITestControl.FindFirstDescendant(String queryId, Int32 maxDepth, Int32&amp; timeLeft)
   at Microsoft.VisualStudio.TestTools.UITesting.SearchHelper.GetUITestControlRecursive(Boolean useCache, Boolean alwaysSearch, ISearchArgument searchArg, IList`1 windowTitles, Int32&amp; timeLeft)
   at Microsoft.VisualStudio.TestTools.UITesting.SearchHelper.GetElement(Boolean useCache, ISearchArgument searchArg)
   at Microsoft.VisualStudio.TestTools.UITesting.SearchHelper.Search(ISearchArgument searchArg)
   at Microsoft.VisualStudio.TestTools.UITesting.UITestControl.FindInternal()
   at Microsoft.VisualStudio.TestTools.UITesting.UITestControl.&lt;Find&gt;b__3a()
   at Microsoft.VisualStudio.TestTools.UITesting.CodedUITestMethodInvoker.InvokeMethod[T](Func`1 function, UITestControl control, Boolean firePlaybackErrorEvent, Boolean logAsAction)
   at Microsoft.VisualStudio.TestTools.UITesting.UITestControl.Find()
   at Microsoft.VisualStudio.TestTools.UITesting.UITestControl.GetPropertyPrivate(String propertyName)
   at Microsoft.VisualStudio.TestTools.UITesting.UITestControl.GetPropertyOfType[T](String propertyName)
   at Microsoft.VisualStudio.TestTools.UITesting.UITestControl.get_Name()
   at TestAuto.LoggingAndSharedGenericMethods.MouseClick(UITestControl uiMenuItemTestControl) in c:\Builds\1\WebSphere\QATestAutomation\src\CodedUITest\SourceCode\Common\Logging\SharedMethods_Generic.cs:line 790, 
    StackTrace:
    MouseClick(),SharedMethods_Generic.cs,Line Number:822
    MyAccountIncorporateCpsiaWarningsInWishlist(),MyAccount.cs,Line Number:1553</Message>
          <Message>[5/15/2018 12:41:41 AM]&lt;CaptureImage&gt;\\CMP01-YKumar\AutoLog\CMP01-INDIASQA\MyAccountIncorporateCpsiaWarningsInWishlist_20180515004141.png</Message>
          <Message>Assert.Fail failed. [5/15/2018 12:41:47 AM]&lt;ERROR&gt;MouseClick Exception:Microsoft.VisualStudio.TestTools.UITest.Extension.UITestControlNotFoundException: The playback failed to find the control with the given search properties. Additional Details: 
TechnologyName:  'Web'
ControlType:  'Hyperlink'
TagName:  'A'
Class:  'tlignore'
 Failed to find any control that matched the search condition ControlType='Hyperlink' &amp;&amp; Class='tlignore' ---&gt; System.Runtime.InteropServices.COMException: Error HRESULT E_FAIL has been returned from a call to a COM component.
   at Microsoft.VisualStudio.TestTools.UITest.Playback.Engine.IScreenElement.FindAllDescendants(String bstrQueryId, Object&amp; pvarResKeys, Int32 cResKeys, Int32 nMaxDepth)
   at Microsoft.VisualStudio.TestTools.UITest.Playback.ScreenElement.FindAllScreenElement(String queryId, Int32 depth, Boolean singleQueryId, Boolean throwException, Boolean resetSkipStep)
   at Microsoft.VisualStudio.TestTools.UITest.Playback.ScreenElement.FindScreenElement(String queryId, Int32 depth, Boolean resetSkipStep)
   at Microsoft.VisualStudio.TestTools.UITesting.UITestControl.FindFirstDescendant(String queryId, Int32 maxDepth, Int32&amp; timeLeft)
   --- End of inner exception stack trace ---
   at Microsoft.VisualStudio.TestTools.UITesting.Playback.MapControlNotFoundException(COMException ex, IPlaybackContext context)
   at Microsoft.VisualStudio.TestTools.UITesting.Playback.MapAndThrowComException(COMException innerException, IPlaybackContext context)
   at Microsoft.VisualStudio.TestTools.UITesting.Playback.MapAndThrowException(SystemException exception, IPlaybackContext context)
   at Microsoft.VisualStudio.TestTools.UITesting.Playback.MapAndThrowException(SystemException exception, String queryId)
   at Microsoft.VisualStudio.TestTools.UITesting.UITestControl.FindFirstDescendant(String queryId, Int32 maxDepth, Int32&amp; timeLeft)
   at Microsoft.VisualStudio.TestTools.UITesting.SearchHelper.GetUITestControlRecursive(Boolean useCache, Boolean alwaysSearch, ISearchArgument searchArg, IList`1 windowTitles, Int32&amp; timeLeft)
   at Microsoft.VisualStudio.TestTools.UITesting.SearchHelper.GetElement(Boolean useCache, ISearchArgument searchArg)
   at Microsoft.VisualStudio.TestTools.UITesting.SearchHelper.Search(ISearchArgument searchArg)
   at Microsoft.VisualStudio.TestTools.UITesting.UITestControl.FindInternal()
   at Microsoft.VisualStudio.TestTools.UITesting.UITestControl.&lt;Find&gt;b__3a()
   at Microsoft.VisualStudio.TestTools.UITesting.CodedUITestMethodInvoker.InvokeMethod[T](Func`1 function, UITestControl control, Boolean firePlaybackErrorEvent, Boolean logAsAction)
   at Microsoft.VisualStudio.TestTools.UITesting.UITestControl.Find()
   at Microsoft.VisualStudio.TestTools.UITesting.UITestControl.GetPropertyPrivate(String propertyName)
   at Microsoft.VisualStudio.TestTools.UITesting.UITestControl.GetPropertyOfType[T](String propertyName)
   at Microsoft.VisualStudio.TestTools.UITesting.UITestControl.get_Name()
   at TestAuto.LoggingAndSharedGenericMethods.MouseClick(UITestControl uiMenuItemTestControl) in c:\Builds\1\WebSphere\QATestAutomation\src\CodedUITest\SourceCode\Common\Logging\SharedMethods_Generic.cs:line 790, 
    StackTrace:
    MouseClick(),SharedMethods_Generic.cs,Line Number:822
    MyAccountIncorporateCpsiaWarningsInWishlist(),MyAccount.cs,Line Number:1558</Message>
          <Message>[5/15/2018 12:41:47 AM]&lt;CaptureImage&gt;\\CMP01-YKumar\AutoLog\CMP01-INDIASQA\MyAccountIncorporateCpsiaWarningsInWishlist_20180515004147.png</Message>
          <Message>Assert.Fail failed. [5/15/2018 12:41:47 AM]&lt;Error&gt;MyAccountIncorporateCpsiaWarningsInWishlist : failed executing ...Script execution failed. Script: shoppingListJS.create(), 
    StackTrace:
    MyAccountIncorporateCpsiaWarningsInWishlist(),MyAccount.cs,Line Number:1609</Message>
          <Message>[5/15/2018 12:41:47 AM]&lt;CaptureImage&gt;\\CMP01-YKumar\AutoLog\CMP01-INDIASQA\MyAccountIncorporateCpsiaWarningsInWishlist_20180515004147.png</Message>
          <Message>[5/15/2018 12:41:47 AM]&lt;INFO&gt;DeleteWishlistFromDatabase : method executing</Message>
          <Message>[5/15/2018 12:42:16 AM]&lt;RESULT&gt;Test Ended:#PASS=0, #FAIL=0,#Other errors=3</Message>
          <Message>[5/15/2018 12:42:17 AM]&lt;INFO&gt;LogCPUAndMemoryUsage: Available Memory = 24248(MB), CPU Usage = 26.36316%</Message>
          <Message>[5/15/2018 12:42:18 AM]&lt;INFO&gt;Private Working Set for QTAgent32_40, usage=205280 (K)</Message>
          <Message>[5/15/2018 12:42:18 AM]&lt;RESULT&gt;&lt;MyAccountIncorporateCpsiaWarningsInWishlist&gt; Test FAILED: #Other errors=3. See Error Message/logs for further details.</Message>
        </TextMessages>
      </Output>
      <ResultFiles>
        <ResultFile path="CMP01-INDIASQA.horizonhobby.com\MyAccountIncorporateCpsiaWarningsInWishlist_20180515003809.log" />
        <ResultFile path="CMP01-INDIASQA.horizonhobby.com\MyAccountIncorporateCpsiaWarningsInWishlist_20180515004141.png" />
        <ResultFile path="CMP01-INDIASQA.horizonhobby.com\MyAccountIncorporateCpsiaWarningsInWishlist_20180515004147.png" />
        <ResultFile path="CMP01-INDIASQA.horizonhobby.com\MyAccountIncorporateCpsiaWarningsInWishlist_ResultsONLY_20180515003809.log" />
        <ResultFile path="CMP01-INDIASQA.horizonhobby.com\MyAccountTestData_003809.xml" />
        <ResultFile path="CMP01-INDIASQA.horizonhobby.com\SharedCommonConfig.xml" />
      </ResultFiles>
    </UnitTestResult>
    <UnitTestResult executionId="6821ebe7-2388-4045-af67-aba9a4fe3b72" testId="e8d25b85-f9e1-12c4-ed05-9a9babe54f89" testName="MyAccountAdditionalFieldsForWishlist" computerName="CMP01-INDIASQA" duration="00:03:38.6051868" startTime="2018-05-15T00:42:20.1953948-05:00" endTime="2018-05-15T00:45:58.8503948-05:00" testType="13cdc9d9-ddb5-4fa4-a97d-d965ccfc6d4b" outcome="Failed" testListId="8c84fa94-04c1-424b-9868-57a2d4851a1d" relativeResultsDirectory="6821ebe7-2388-4045-af67-aba9a4fe3b72">
      <Output>
        <StdOut>Logging to custom path:\\CMP01-YKumar\AutoLog</StdOut>
        <ErrorInfo>
          <Message>Assert.Fail failed. 
#Other errors=2
[Error details below]
&lt;ERROR&gt;[5/15/2018 12:45:17 AM]&lt;ERROR&gt;MouseClick Exception:Microsoft.VisualStudio.TestTools.UITest.Extension.UITestControlNotFoundException: The playback failed to find the control with the given search properties. Additional Details: 
TechnologyName:  'Web'
ControlType:  'Hyperlink'
TagName:  'A'
Class:  'wishlistBtn button secondary small tlignore'
 Failed to find any control that matched the search condition ControlType='Hyperlink' &amp;&amp; Class='wishlistBtn button secondary small tlignore' ---&gt; System.Runtime.InteropServices.COMException: Error HRESULT E_FAIL has been returned from a call to a COM component.
   at Microsoft.VisualStudio.TestTools.UITest.Playback.Engine.IScreenElement.FindAllDescendants(String bstrQueryId, Object&amp; pvarResKeys, Int32 cResKeys, Int32 nMaxDepth)
   at Microsoft.VisualStudio.TestTools.UITest.Playback.ScreenElement.FindAllScreenElement(String queryId, Int32 depth, Boolean singleQueryId, Boolean throwException, Boolean resetSkipStep)
   at Microsoft.VisualStudio.TestTools.UITest.Playback.ScreenElement.FindScreenElement(String queryId, Int32 depth, Boolean resetSkipStep)
   at Microsoft.VisualStudio.TestTools.UITesting.UITestControl.FindFirstDescendant(String queryId, Int32 maxDepth, Int32&amp; timeLeft)
   --- End of inner exception stack trace ---
   at Microsoft.VisualStudio.TestTools.UITesting.Playback.MapControlNotFoundException(COMException ex, IPlaybackContext context)
   at Microsoft.VisualStudio.TestTools.UITesting.Playback.MapAndThrowComException(COMException innerException, IPlaybackContext context)
   at Microsoft.VisualStudio.TestTools.UITesting.Playback.MapAndThrowException(SystemException exception, IPlaybackContext context)
   at Microsoft.VisualStudio.TestTools.UITesting.Playback.MapAndThrowException(SystemException exception, String queryId)
   at Microsoft.VisualStudio.TestTools.UITesting.UITestControl.FindFirstDescendant(String queryId, Int32 maxDepth, Int32&amp; timeLeft)
   at Microsoft.VisualStudio.TestTools.UITesting.SearchHelper.GetUITestControlRecursive(Boolean useCache, Boolean alwaysSearch, ISearchArgument searchArg, IList`1 windowTitles, Int32&amp; timeLeft)
   at Microsoft.VisualStudio.TestTools.UITesting.SearchHelper.GetElement(Boolean useCache, ISearchArgument searchArg)
   at Microsoft.VisualStudio.TestTools.UITesting.SearchHelper.Search(ISearchArgument searchArg)
   at Microsoft.VisualStudio.TestTools.UITesting.UITestControl.FindInternal()
   at Microsoft.VisualStudio.TestTools.UITesting.UITestControl.&lt;Find&gt;b__3a()
   at Microsoft.VisualStudio.TestTools.UITesting.CodedUITestMethodInvoker.InvokeMethod[T](Func`1 function, UITestControl control, Boolean firePlaybackErrorEvent, Boolean logAsAction)
   at Microsoft.VisualStudio.TestTools.UITesting.UITestControl.Find()
   at Microsoft.VisualStudio.TestTools.UITesting.UITestControl.GetPropertyPrivate(String propertyName)
   at Microsoft.VisualStudio.TestTools.UITesting.UITestControl.GetPropertyOfType[T](String propertyName)
   at Microsoft.VisualStudio.TestTools.UITesting.UITestControl.get_Name()
   at TestAuto.LoggingAndSharedGenericMethods.MouseClick(UITestControl uiMenuItemTestControl) in c:\Builds\1\WebSphere\QATestAutomation\src\CodedUITest\SourceCode\Common\Logging\SharedMethods_Generic.cs:line 790
&lt;ERROR&gt;[5/15/2018 12:45:26 AM]&lt;Error&gt;MyAccountAdditionalFieldsForWishlist : failed executing ...The playback failed to find the control with the given search properties. Additional Details: 
TechnologyName:  'Web'
ControlType:  'Hyperlink'
TagName:  'A'
Id:  'ShoppingListLink_'
role:  'menuitem'
 Failed to find any control that matched the search condition ControlType='Hyperlink' &amp;&amp; Id=&gt;'ShoppingListLink_' &amp;&amp; role=&gt;'menuitem'</Message>
          <StackTrace>   at TestAuto.LoggingAndSharedGenericMethods.EndTest() in c:\Builds\1\WebSphere\QATestAutomation\src\CodedUITest\SourceCode\Common\Logging\Logging.cs:line 1628
   at TestAuto.MyAccount.TestCleanup() in c:\Builds\1\WebSphere\QATestAutomation\src\CodedUITest\SourceCode\HHobby\MyAccount\MyAccount.cs:line 3165
</StackTrace>
        </ErrorInfo>
        <TextMessages>
          <Message>[5/15/2018 12:42:20 AM]&lt;STARTLOG&gt;&lt;MyAccountAdditionalFieldsForWishlist&gt;Test Started: Expecting: #PASS=Undefined and #FAIL=0
Running from MTM=True, running on machine name:CMP01-INDIASQA, user name=ykumar, OS=Microsoft Windows NT 6.1.7601 Service Pack 1, Is64BitOS=True</Message>
          <Message>[5/15/2018 12:42:21 AM]&lt;INFO&gt;LogCPUAndMemoryUsage: Available Memory = 24259(MB), CPU Usage = 16.92947%</Message>
          <Message>[5/15/2018 12:42:21 AM]&lt;INFO&gt;Private Working Set for QTAgent32_40, usage=205324 (K)</Message>
          <Message>[5/15/2018 12:42:21 AM]&lt;INFO&gt;Path To TestConfig xml=E:\LoadTestResult\VSEQT\QTAgent\26973\CMP01-INDIASQA.horizonhobby.com\Deployment\SharedCommonConfig.xml</Message>
          <Message>[5/15/2018 12:42:21 AM]&lt;INFO&gt;Path To TestData xml=E:\LoadTestResult\VSEQT\QTAgent\26973\CMP01-INDIASQA.horizonhobby.com\Deployment\MyAccountTestData_004220.xml</Message>
          <Message>[5/15/2018 12:42:21 AM]&lt;INFO&gt;Path To HorizonHobbyQA Application Url=https://www-tst.horizonhobby.com</Message>
          <Message>[5/15/2018 12:42:21 AM]&lt;INFO&gt;HorizonHobbyQA sql connection string=Server=cmp02-ws-tst-db01:50000;Database=TST01DB;UID=wcdbuser;PWD=h0r1z0n;Connect Timeout=30</Message>
          <Message>[5/15/2018 12:42:21 AM]&lt;INFO&gt;Country is := US and language id is := '-1'</Message>
          <Message>[5/15/2018 12:42:21 AM]&lt;INFO&gt;Current browser used for test execution is = 'IE'</Message>
          <Message>[5/15/2018 12:42:25 AM]&lt;INFO&gt;SurveyWindow : method executing ...</Message>
          <Message>[5/15/2018 12:42:34 AM]&lt;INFO&gt;SurveyWindow : method executing ...</Message>
          <Message>[5/15/2018 12:42:42 AM]&lt;INFO&gt;ContinueOnCertificationErrorClickexecuting ...</Message>
          <Message>[5/15/2018 12:42:42 AM]&lt;Info&gt;DEAllBrowserWindow : Locating browser window...</Message>
          <Message>[5/15/2018 12:42:50 AM]&lt;INFO&gt;UserRegistration : method executing ...</Message>
          <Message>[5/15/2018 12:42:50 AM]&lt;Info&gt;AllBrowserWindow : Locating browser window...</Message>
          <Message>[5/15/2018 12:43:18 AM]&lt;Info&gt;AllBrowserWindow : Locating browser window...</Message>
          <Message>[5/15/2018 12:43:36 AM]&lt;INFO&gt;SurveyWindow : method executing ...</Message>
          <Message>[5/15/2018 12:43:51 AM]&lt;INFO&gt;SearchProductexecuting ... Searching term:= 'DUB2253'</Message>
          <Message>[5/15/2018 12:43:57 AM]&lt;Info&gt;AllBrowserWindow : Locating browser window...</Message>
          <Message>[5/15/2018 12:44:23 AM]&lt;INFO&gt;SearchProductexecuting ... Searching term:= 'TRA3677'</Message>
          <Message>[5/15/2018 12:44:28 AM]&lt;Info&gt;AllBrowserWindow : Locating browser window...</Message>
          <Message>Assert.Fail failed. [5/15/2018 12:45:17 AM]&lt;ERROR&gt;MouseClick Exception:Microsoft.VisualStudio.TestTools.UITest.Extension.UITestControlNotFoundException: The playback failed to find the control with the given search properties. Additional Details: 
TechnologyName:  'Web'
ControlType:  'Hyperlink'
TagName:  'A'
Class:  'wishlistBtn button secondary small tlignore'
 Failed to find any control that matched the search condition ControlType='Hyperlink' &amp;&amp; Class='wishlistBtn button secondary small tlignore' ---&gt; System.Runtime.InteropServices.COMException: Error HRESULT E_FAIL has been returned from a call to a COM component.
   at Microsoft.VisualStudio.TestTools.UITest.Playback.Engine.IScreenElement.FindAllDescendants(String bstrQueryId, Object&amp; pvarResKeys, Int32 cResKeys, Int32 nMaxDepth)
   at Microsoft.VisualStudio.TestTools.UITest.Playback.ScreenElement.FindAllScreenElement(String queryId, Int32 depth, Boolean singleQueryId, Boolean throwException, Boolean resetSkipStep)
   at Microsoft.VisualStudio.TestTools.UITest.Playback.ScreenElement.FindScreenElement(String queryId, Int32 depth, Boolean resetSkipStep)
   at Microsoft.VisualStudio.TestTools.UITesting.UITestControl.FindFirstDescendant(String queryId, Int32 maxDepth, Int32&amp; timeLeft)
   --- End of inner exception stack trace ---
   at Microsoft.VisualStudio.TestTools.UITesting.Playback.MapControlNotFoundException(COMException ex, IPlaybackContext context)
   at Microsoft.VisualStudio.TestTools.UITesting.Playback.MapAndThrowComException(COMException innerException, IPlaybackContext context)
   at Microsoft.VisualStudio.TestTools.UITesting.Playback.MapAndThrowException(SystemException exception, IPlaybackContext context)
   at Microsoft.VisualStudio.TestTools.UITesting.Playback.MapAndThrowException(SystemException exception, String queryId)
   at Microsoft.VisualStudio.TestTools.UITesting.UITestControl.FindFirstDescendant(String queryId, Int32 maxDepth, Int32&amp; timeLeft)
   at Microsoft.VisualStudio.TestTools.UITesting.SearchHelper.GetUITestControlRecursive(Boolean useCache, Boolean alwaysSearch, ISearchArgument searchArg, IList`1 windowTitles, Int32&amp; timeLeft)
   at Microsoft.VisualStudio.TestTools.UITesting.SearchHelper.GetElement(Boolean useCache, ISearchArgument searchArg)
   at Microsoft.VisualStudio.TestTools.UITesting.SearchHelper.Search(ISearchArgument searchArg)
   at Microsoft.VisualStudio.TestTools.UITesting.UITestControl.FindInternal()
   at Microsoft.VisualStudio.TestTools.UITesting.UITestControl.&lt;Find&gt;b__3a()
   at Microsoft.VisualStudio.TestTools.UITesting.CodedUITestMethodInvoker.InvokeMethod[T](Func`1 function, UITestControl control, Boolean firePlaybackErrorEvent, Boolean logAsAction)
   at Microsoft.VisualStudio.TestTools.UITesting.UITestControl.Find()
   at Microsoft.VisualStudio.TestTools.UITesting.UITestControl.GetPropertyPrivate(String propertyName)
   at Microsoft.VisualStudio.TestTools.UITesting.UITestControl.GetPropertyOfType[T](String propertyName)
   at Microsoft.VisualStudio.TestTools.UITesting.UITestControl.get_Name()
   at TestAuto.LoggingAndSharedGenericMethods.MouseClick(UITestControl uiMenuItemTestControl) in c:\Builds\1\WebSphere\QATestAutomation\src\CodedUITest\SourceCode\Common\Logging\SharedMethods_Generic.cs:line 790, 
    StackTrace:
    MouseClick(),SharedMethods_Generic.cs,Line Number:822
    MyAccountAdditionalFieldsForWishlist(),MyAccount.cs,Line Number:883</Message>
          <Message>[5/15/2018 12:45:17 AM]&lt;CaptureImage&gt;\\CMP01-YKumar\AutoLog\CMP01-INDIASQA\MyAccountAdditionalFieldsForWishlist_20180515004517.png</Message>
          <Message>Assert.Fail failed. [5/15/2018 12:45:26 AM]&lt;Error&gt;MyAccountAdditionalFieldsForWishlist : failed executing ...The playback failed to find the control with the given search properties. Additional Details: 
TechnologyName:  'Web'
ControlType:  'Hyperlink'
TagName:  'A'
Id:  'ShoppingListLink_'
role:  'menuitem'
 Failed to find any control that matched the search condition ControlType='Hyperlink' &amp;&amp; Id=&gt;'ShoppingListLink_' &amp;&amp; role=&gt;'menuitem', 
    StackTrace:
    MyAccountAdditionalFieldsForWishlist(),MyAccount.cs,Line Number:934</Message>
          <Message>[5/15/2018 12:45:26 AM]&lt;CaptureImage&gt;\\CMP01-YKumar\AutoLog\CMP01-INDIASQA\MyAccountAdditionalFieldsForWishlist_20180515004526.png</Message>
          <Message>[5/15/2018 12:45:26 AM]&lt;INFO&gt;DeleteWishlistFromDatabase : method executing</Message>
          <Message>[5/15/2018 12:45:55 AM]&lt;RESULT&gt;Test Ended:#PASS=0, #FAIL=0,#Other errors=2</Message>
          <Message>[5/15/2018 12:45:56 AM]&lt;INFO&gt;LogCPUAndMemoryUsage: Available Memory = 24228(MB), CPU Usage = 13.89555%</Message>
          <Message>[5/15/2018 12:45:56 AM]&lt;INFO&gt;Private Working Set for QTAgent32_40, usage=213208 (K)</Message>
          <Message>[5/15/2018 12:45:56 AM]&lt;RESULT&gt;&lt;MyAccountAdditionalFieldsForWishlist&gt; Test FAILED: #Other errors=2. See Error Message/logs for further details.</Message>
        </TextMessages>
      </Output>
      <ResultFiles>
        <ResultFile path="CMP01-INDIASQA.horizonhobby.com\MyAccountAdditionalFieldsForWishlist_20180515004220.log" />
        <ResultFile path="CMP01-INDIASQA.horizonhobby.com\MyAccountAdditionalFieldsForWishlist_20180515004517.png" />
        <ResultFile path="CMP01-INDIASQA.horizonhobby.com\MyAccountAdditionalFieldsForWishlist_20180515004526.png" />
        <ResultFile path="CMP01-INDIASQA.horizonhobby.com\MyAccountAdditionalFieldsForWishlist_ResultsONLY_20180515004220.log" />
        <ResultFile path="CMP01-INDIASQA.horizonhobby.com\MyAccountTestData_004220.xml" />
        <ResultFile path="CMP01-INDIASQA.horizonhobby.com\SharedCommonConfig.xml" />
      </ResultFiles>
    </UnitTestResult>
    <UnitTestResult executionId="7e331245-2b01-4bc9-9ef2-4d0110cb1b19" testId="345f528c-b4e2-586f-df1d-545581ac6078" testName="MyAccountOrderHistoryDetailDisplay" computerName="CMP01-INDIASQA" duration="00:00:44.0776600" startTime="2018-05-15T00:45:58.8523948-05:00" endTime="2018-05-15T00:46:42.9773948-05:00" testType="13cdc9d9-ddb5-4fa4-a97d-d965ccfc6d4b" outcome="Failed" testListId="8c84fa94-04c1-424b-9868-57a2d4851a1d" relativeResultsDirectory="7e331245-2b01-4bc9-9ef2-4d0110cb1b19">
      <Output>
        <StdOut>Logging to custom path:\\CMP01-YKumar\AutoLog</StdOut>
        <ErrorInfo>
          <Message>Assert.Fail failed. 
#Other errors=2
[Error details below]
&lt;ERROR&gt;[5/15/2018 12:46:39 AM]&lt;ERROR&gt;UserRegistration : failed executing ...Cannot perform 'Click' on the hidden control. Additional Details: 
TechnologyName:  'Web'
ControlType:  'Pane'
TagName:  'SPAN'
Id:  ''
Name:  ''

&lt;ERROR&gt;[5/15/2018 12:46:39 AM]&lt;Error&gt;MyAccountOrderHistoryDetailDisplay : failed executing ...Index was outside the bounds of the array.</Message>
          <StackTrace>   at TestAuto.LoggingAndSharedGenericMethods.EndTest() in c:\Builds\1\WebSphere\QATestAutomation\src\CodedUITest\SourceCode\Common\Logging\Logging.cs:line 1628
   at TestAuto.MyAccount.TestCleanup() in c:\Builds\1\WebSphere\QATestAutomation\src\CodedUITest\SourceCode\HHobby\MyAccount\MyAccount.cs:line 3165
</StackTrace>
        </ErrorInfo>
        <TextMessages>
          <Message>[5/15/2018 12:45:58 AM]&lt;STARTLOG&gt;&lt;MyAccountOrderHistoryDetailDisplay&gt;Test Started: Expecting: #PASS=Undefined and #FAIL=0
Running from MTM=True, running on machine name:CMP01-INDIASQA, user name=ykumar, OS=Microsoft Windows NT 6.1.7601 Service Pack 1, Is64BitOS=True</Message>
          <Message>[5/15/2018 12:45:59 AM]&lt;INFO&gt;LogCPUAndMemoryUsage: Available Memory = 24284(MB), CPU Usage = 17.60241%</Message>
          <Message>[5/15/2018 12:45:59 AM]&lt;INFO&gt;Private Working Set for QTAgent32_40, usage=207268 (K)</Message>
          <Message>[5/15/2018 12:45:59 AM]&lt;INFO&gt;Path To TestConfig xml=E:\LoadTestResult\VSEQT\QTAgent\26973\CMP01-INDIASQA.horizonhobby.com\Deployment\SharedCommonConfig.xml</Message>
          <Message>[5/15/2018 12:45:59 AM]&lt;INFO&gt;Path To TestData xml=E:\LoadTestResult\VSEQT\QTAgent\26973\CMP01-INDIASQA.horizonhobby.com\Deployment\MyAccountTestData_004558.xml</Message>
          <Message>[5/15/2018 12:45:59 AM]&lt;INFO&gt;Path To HorizonHobbyQA Application Url=https://www-tst.horizonhobby.com</Message>
          <Message>[5/15/2018 12:45:59 AM]&lt;INFO&gt;HorizonHobbyQA sql connection string=Server=cmp02-ws-tst-db01:50000;Database=TST01DB;UID=wcdbuser;PWD=h0r1z0n;Connect Timeout=30</Message>
          <Message>[5/15/2018 12:45:59 AM]&lt;INFO&gt;Country is := US and language id is := '-1'</Message>
          <Message>[5/15/2018 12:45:59 AM]&lt;INFO&gt;Current browser used for test execution is = 'IE'</Message>
          <Message>[5/15/2018 12:46:05 AM]&lt;INFO&gt;SurveyWindow : method executing ...</Message>
          <Message>[5/15/2018 12:46:12 AM]&lt;INFO&gt;ContinueOnCertificationErrorClickexecuting ...</Message>
          <Message>[5/15/2018 12:46:12 AM]&lt;Info&gt;DEAllBrowserWindow : Locating browser window...</Message>
          <Message>[5/15/2018 12:46:20 AM]&lt;INFO&gt;UserRegistration : method executing ...</Message>
          <Message>[5/15/2018 12:46:20 AM]&lt;Info&gt;AllBrowserWindow : Locating browser window...</Message>
          <Message>Assert.Fail failed. [5/15/2018 12:46:39 AM]&lt;ERROR&gt;UserRegistration : failed executing ...Cannot perform 'Click' on the hidden control. Additional Details: 
TechnologyName:  'Web'
ControlType:  'Pane'
TagName:  'SPAN'
Id:  ''
Name:  ''
, 
    StackTrace:
    UserRegistration(),SharedUserRegistration.cs,Line Number:836
    RegisterNewUser(),SharedUserRegistration.cs,Line Number:1158
    MyAccountOrderHistoryDetailDisplay(),MyAccount.cs,Line Number:1138</Message>
          <Message>[5/15/2018 12:46:39 AM]&lt;CaptureImage&gt;\\CMP01-YKumar\AutoLog\CMP01-INDIASQA\MyAccountOrderHistoryDetailDisplay_20180515004639.png</Message>
          <Message>Assert.Fail failed. [5/15/2018 12:46:39 AM]&lt;Error&gt;MyAccountOrderHistoryDetailDisplay : failed executing ...Index was outside the bounds of the array., 
    StackTrace:
    MyAccountOrderHistoryDetailDisplay(),MyAccount.cs,Line Number:1255</Message>
          <Message>[5/15/2018 12:46:39 AM]&lt;CaptureImage&gt;\\CMP01-YKumar\AutoLog\CMP01-INDIASQA\MyAccountOrderHistoryDetailDisplay_20180515004639.png</Message>
          <Message>[5/15/2018 12:46:39 AM]&lt;RESULT&gt;Test Ended:#PASS=0, #FAIL=0,#Other errors=2</Message>
          <Message>[5/15/2018 12:46:40 AM]&lt;INFO&gt;LogCPUAndMemoryUsage: Available Memory = 24262(MB), CPU Usage = 3.08438%</Message>
          <Message>[5/15/2018 12:46:40 AM]&lt;INFO&gt;Private Working Set for QTAgent32_40, usage=216492 (K)</Message>
          <Message>[5/15/2018 12:46:40 AM]&lt;RESULT&gt;&lt;MyAccountOrderHistoryDetailDisplay&gt; Test FAILED: #Other errors=2. See Error Message/logs for further details.</Message>
        </TextMessages>
      </Output>
      <ResultFiles>
        <ResultFile path="CMP01-INDIASQA.horizonhobby.com\MyAccountOrderHistoryDetailDisplay_20180515004558.log" />
        <ResultFile path="CMP01-INDIASQA.horizonhobby.com\MyAccountOrderHistoryDetailDisplay_20180515004639.png" />
        <ResultFile path="CMP01-INDIASQA.horizonhobby.com\MyAccountOrderHistoryDetailDisplay_ResultsONLY_20180515004558.log" />
        <ResultFile path="CMP01-INDIASQA.horizonhobby.com\MyAccountTestData_004558.xml" />
        <ResultFile path="CMP01-INDIASQA.horizonhobby.com\SharedCommonConfig.xml" />
      </ResultFiles>
    </UnitTestResult>
    <UnitTestResult executionId="baa81998-3682-452d-9918-0204d0240e14" testId="2765b9ba-fe80-b712-0dc1-f01d5492e63b" testName="BrickAndMortarProductPage" computerName="CMP01-INDIASQA" duration="00:01:26.4324443" startTime="2018-05-15T00:46:42.9813948-05:00" endTime="2018-05-15T00:48:09.4583948-05:00" testType="13cdc9d9-ddb5-4fa4-a97d-d965ccfc6d4b" outcome="Passed" testListId="8c84fa94-04c1-424b-9868-57a2d4851a1d" relativeResultsDirectory="baa81998-3682-452d-9918-0204d0240e14">
      <Output>
        <StdOut>Logging to custom path:\\CMP01-YKumar\AutoLog</StdOut>
        <TextMessages>
          <Message>[5/15/2018 12:46:43 AM]&lt;STARTLOG&gt;&lt;BrickAndMortarProductPage&gt;Test Started: Expecting: #PASS=Undefined and #FAIL=0
Running from MTM=True, running on machine name:CMP01-INDIASQA, user name=ykumar, OS=Microsoft Windows NT 6.1.7601 Service Pack 1, Is64BitOS=True</Message>
          <Message>[5/15/2018 12:46:44 AM]&lt;INFO&gt;LogCPUAndMemoryUsage: Available Memory = 24389(MB), CPU Usage = 17.72181%</Message>
          <Message>[5/15/2018 12:46:44 AM]&lt;INFO&gt;Private Working Set for QTAgent32_40, usage=216760 (K)</Message>
          <Message>[5/15/2018 12:46:44 AM]&lt;INFO&gt;Path To TestConfig xml=E:\LoadTestResult\VSEQT\QTAgent\26973\CMP01-INDIASQA.horizonhobby.com\Deployment\SharedCommonConfig.xml</Message>
          <Message>[5/15/2018 12:46:44 AM]&lt;INFO&gt;Path To TestData xml=E:\LoadTestResult\VSEQT\QTAgent\26973\CMP01-INDIASQA.horizonhobby.com\Deployment\ProductPageTestData_004643.xml</Message>
          <Message>[5/15/2018 12:46:44 AM]&lt;INFO&gt;Path To HorizonHobbyQA Application Url=https://www-tst.horizonhobby.com</Message>
          <Message>[5/15/2018 12:46:44 AM]&lt;INFO&gt;HorizonHobbyQA sql connection string=Server=cmp02-ws-tst-db01:50000;Database=TST01DB;UID=wcdbuser;PWD=h0r1z0n;Connect Timeout=30</Message>
          <Message>[5/15/2018 12:46:44 AM]&lt;INFO&gt;Country is := US and language id is := '-1'</Message>
          <Message>[5/15/2018 12:46:44 AM]&lt;INFO&gt;Current browser used for test execution is = 'IE'</Message>
          <Message>[5/15/2018 12:46:47 AM]&lt;Info&gt;AllBrowserWindow : Locating browser window...</Message>
          <Message>[5/15/2018 12:46:47 AM]&lt;INFO&gt;GetSearchProductOnAttributeValue executing... </Message>
          <Message>[5/15/2018 12:46:47 AM]&lt;INFO&gt;SearchProductexecuting ... Searching term:= 'BLH8616'</Message>
          <Message>[5/15/2018 12:46:54 AM]&lt;Info&gt;AllBrowserWindow : Locating browser window...</Message>
          <Message>[5/15/2018 12:46:54 AM]&lt;Info&gt;AllBrowserWindow : Locating browser window...</Message>
          <Message>[5/15/2018 12:46:55 AM]&lt;PASS&gt;&lt;BrickAndMortarProductPage&gt;&lt;Validate Available in store message appears&gt;</Message>
          <Message>[5/15/2018 12:46:55 AM]&lt;PASS&gt;&lt;BrickAndMortarProductPage&gt;&lt;Validate Prices and availability may vary message appears&gt;</Message>
          <Message>[5/15/2018 12:46:56 AM]&lt;PASS&gt;&lt;BrickAndMortarProductPage&gt;&lt;Validate Price appears&gt;</Message>
          <Message>[5/15/2018 12:46:56 AM]&lt;PASS&gt;&lt;BrickAndMortarProductPage&gt;&lt;Validate ZipCode edit box exists&gt;</Message>
          <Message>[5/15/2018 12:46:56 AM]&lt;PASS&gt;&lt;BrickAndMortarProductPage&gt;&lt;Validate Find Nearby Store button exists&gt;</Message>
          <Message>[5/15/2018 12:47:00 AM]&lt;PASS&gt;&lt;BrickAndMortarProductPage&gt;&lt;Validate Free Shipping Message does not exist&gt;</Message>
          <Message>[5/15/2018 12:47:07 AM]&lt;PASS&gt;&lt;BrickAndMortarProductPage&gt;&lt;Validate Add To Cart button does not exist&gt;</Message>
          <Message>[5/15/2018 12:47:14 AM]&lt;PASS&gt;&lt;BrickAndMortarProductPage&gt;&lt;Validate Add To Wishlist button does not exist&gt;</Message>
          <Message>[5/15/2018 12:47:21 AM]&lt;PASS&gt;&lt;BrickAndMortarProductPage&gt;&lt;Validate Quantity box does not exist&gt;</Message>
          <Message>[5/15/2018 12:47:56 AM]&lt;PASS&gt;&lt;BrickAndMortarProductPage&gt;&lt;Validate user is redirected to find a retailer page on clicking in Find Nearby Store&gt;</Message>
          <Message>[5/15/2018 12:47:56 AM]&lt;RESULT&gt;Test Ended:#PASS=10, #FAIL=0</Message>
          <Message>[5/15/2018 12:47:57 AM]&lt;INFO&gt;LogCPUAndMemoryUsage: Available Memory = 24232(MB), CPU Usage = 7.077332%</Message>
          <Message>[5/15/2018 12:47:57 AM]&lt;INFO&gt;Private Working Set for QTAgent32_40, usage=206264 (K)</Message>
          <Message>[5/15/2018 12:47:57 AM]&lt;RESULT&gt;&lt;BrickAndMortarProductPage&gt; Test PASSED</Message>
        </TextMessages>
      </Output>
      <ResultFiles>
        <ResultFile path="CMP01-INDIASQA.horizonhobby.com\BrickAndMortarProductPage_20180515004643.log" />
        <ResultFile path="CMP01-INDIASQA.horizonhobby.com\BrickAndMortarProductPage_ResultsONLY_20180515004643.log" />
        <ResultFile path="CMP01-INDIASQA.horizonhobby.com\ProductPageTestData_004643.xml" />
        <ResultFile path="CMP01-INDIASQA.horizonhobby.com\SharedCommonConfig.xml" />
      </ResultFiles>
    </UnitTestResult>
    <UnitTestResult executionId="292ae33d-2b6c-42d3-ae8a-988b1061a58a" testId="5a4ec664-a787-cb17-b021-6c0af292c1bf" testName="ProductPageAddToWishListDisplay" computerName="CMP01-INDIASQA" duration="00:03:16.5657336" startTime="2018-05-15T00:48:09.4603948-05:00" endTime="2018-05-15T00:51:26.0673948-05:00" testType="13cdc9d9-ddb5-4fa4-a97d-d965ccfc6d4b" outcome="Passed" testListId="8c84fa94-04c1-424b-9868-57a2d4851a1d" relativeResultsDirectory="292ae33d-2b6c-42d3-ae8a-988b1061a58a">
      <Output>
        <StdOut>Logging to custom path:\\CMP01-YKumar\AutoLog</StdOut>
        <TextMessages>
          <Message>[5/15/2018 12:48:09 AM]&lt;STARTLOG&gt;&lt;ProductPageAddToWishListDisplay&gt;Test Started: Expecting: #PASS=Undefined and #FAIL=0
Running from MTM=True, running on machine name:CMP01-INDIASQA, user name=ykumar, OS=Microsoft Windows NT 6.1.7601 Service Pack 1, Is64BitOS=True</Message>
          <Message>[5/15/2018 12:48:10 AM]&lt;INFO&gt;LogCPUAndMemoryUsage: Available Memory = 24232(MB), CPU Usage = 8.440969%</Message>
          <Message>[5/15/2018 12:48:10 AM]&lt;INFO&gt;Private Working Set for QTAgent32_40, usage=206640 (K)</Message>
          <Message>[5/15/2018 12:48:10 AM]&lt;INFO&gt;Path To TestConfig xml=E:\LoadTestResult\VSEQT\QTAgent\26973\CMP01-INDIASQA.horizonhobby.com\Deployment\SharedCommonConfig.xml</Message>
          <Message>[5/15/2018 12:48:10 AM]&lt;INFO&gt;Path To TestData xml=E:\LoadTestResult\VSEQT\QTAgent\26973\CMP01-INDIASQA.horizonhobby.com\Deployment\ProductPageTestData_004809.xml</Message>
          <Message>[5/15/2018 12:48:10 AM]&lt;INFO&gt;Path To HorizonHobbyQA Application Url=https://www-tst.horizonhobby.com</Message>
          <Message>[5/15/2018 12:48:10 AM]&lt;INFO&gt;HorizonHobbyQA sql connection string=Server=cmp02-ws-tst-db01:50000;Database=TST01DB;UID=wcdbuser;PWD=h0r1z0n;Connect Timeout=30</Message>
          <Message>[5/15/2018 12:48:10 AM]&lt;INFO&gt;Country is := US and language id is := '-1'</Message>
          <Message>[5/15/2018 12:48:10 AM]&lt;INFO&gt;Current browser used for test execution is = 'IE'</Message>
          <Message>[5/15/2018 12:48:13 AM]&lt;Info&gt;AllBrowserWindow : Locating browser window...</Message>
          <Message>[5/15/2018 12:48:15 AM]&lt;INFO&gt;SurveyWindow : method executing ...</Message>
          <Message>[5/15/2018 12:48:25 AM]&lt;INFO&gt;ContinueOnCertificationErrorClickexecuting ...</Message>
          <Message>[5/15/2018 12:48:25 AM]&lt;Info&gt;DEAllBrowserWindow : Locating browser window...</Message>
          <Message>[5/15/2018 12:48:31 AM]&lt;INFO&gt;ClickAcceptCookiesAgreement : failed executing ...</Message>
          <Message>[5/15/2018 12:48:37 AM]&lt;INFO&gt;UserRegistration : method executing ...</Message>
          <Message>[5/15/2018 12:48:37 AM]&lt;Info&gt;AllBrowserWindow : Locating browser window...</Message>
          <Message>[5/15/2018 12:49:03 AM]&lt;Info&gt;AllBrowserWindow : Locating browser window...</Message>
          <Message>[5/15/2018 12:49:23 AM]&lt;Info&gt;AllBrowserWindow : Locating browser window...</Message>
          <Message>[5/15/2018 12:49:35 AM]&lt;Info&gt;AllBrowserWindow : Locating browser window...</Message>
          <Message>[5/15/2018 12:49:41 AM]&lt;INFO&gt;SearchProductexecuting ... Searching term:= 'BLH3215'</Message>
          <Message>[5/15/2018 12:49:48 AM]&lt;Info&gt;AllBrowserWindow : Locating browser window...</Message>
          <Message>[5/15/2018 12:49:49 AM]&lt;INFO&gt;KeyboardSendKeys method executing...</Message>
          <Message>[5/15/2018 12:50:03 AM]&lt;PASS&gt;&lt;ProductPageAddToWishListDisplay&gt;&lt;Sign In Register required to proceed&gt;</Message>
          <Message>[5/15/2018 12:50:04 AM]&lt;Info&gt;AllBrowserWindow : Locating browser window...</Message>
          <Message>[5/15/2018 12:50:07 AM]&lt;INFO&gt;HHLogin method executing ...</Message>
          <Message>[5/15/2018 12:50:07 AM]&lt;Info&gt;AllBrowserWindow : Locating browser window...</Message>
          <Message>[5/15/2018 12:50:12 AM]&lt;Info&gt;AllBrowserWindow : Locating browser window...</Message>
          <Message>[5/15/2018 12:50:24 AM]&lt;INFO&gt;KeyboardSendKeys method executing...</Message>
          <Message>[5/15/2018 12:50:39 AM]&lt;PASS&gt;&lt;ProductPageAddToWishListDisplay&gt;&lt;Sign In Register link not appearing, instead Create New Wishlist Link appears&gt;</Message>
          <Message>[5/15/2018 12:50:53 AM]&lt;PASS&gt;&lt;ProductPageAddToWishListDisplay&gt;&lt;Verify user should be able to add Item in wish list after login and closed dialog box continue shopping.&gt;</Message>
          <Message>[5/15/2018 12:50:53 AM]&lt;INFO&gt;DeleteWishlistFromDatabase : method executing</Message>
          <Message>[5/15/2018 12:50:53 AM]&lt;INFO&gt;DeleteWishlistFromDatabase : method executing</Message>
          <Message>[5/15/2018 12:51:22 AM]&lt;RESULT&gt;Test Ended:#PASS=3, #FAIL=0</Message>
          <Message>[5/15/2018 12:51:23 AM]&lt;INFO&gt;LogCPUAndMemoryUsage: Available Memory = 24201(MB), CPU Usage = 1.817552%</Message>
          <Message>[5/15/2018 12:51:23 AM]&lt;INFO&gt;Private Working Set for QTAgent32_40, usage=205368 (K)</Message>
          <Message>[5/15/2018 12:51:23 AM]&lt;RESULT&gt;&lt;ProductPageAddToWishListDisplay&gt; Test PASSED</Message>
        </TextMessages>
      </Output>
      <ResultFiles>
        <ResultFile path="CMP01-INDIASQA.horizonhobby.com\ProductPageAddToWishListDisplay_20180515004809.log" />
        <ResultFile path="CMP01-INDIASQA.horizonhobby.com\ProductPageAddToWishListDisplay_ResultsONLY_20180515004809.log" />
        <ResultFile path="CMP01-INDIASQA.horizonhobby.com\ProductPageTestData_004809.xml" />
        <ResultFile path="CMP01-INDIASQA.horizonhobby.com\SharedCommonConfig.xml" />
      </ResultFiles>
    </UnitTestResult>
    <UnitTestResult executionId="21984c6c-ccd3-4785-8bb7-853ab2663830" testId="d97a5a46-964b-df21-8bbb-b6de2ffb55bd" testName="CartOtherProductsYouMightConsiderListing" computerName="CMP01-INDIASQA" duration="00:01:09.8824134" startTime="2018-05-15T00:51:26.0703948-05:00" endTime="2018-05-15T00:52:36.2853948-05:00" testType="13cdc9d9-ddb5-4fa4-a97d-d965ccfc6d4b" outcome="Passed" testListId="8c84fa94-04c1-424b-9868-57a2d4851a1d" relativeResultsDirectory="21984c6c-ccd3-4785-8bb7-853ab2663830">
      <Output>
        <StdOut>Logging to custom path:\\CMP01-YKumar\AutoLog</StdOut>
        <TextMessages>
          <Message>[5/15/2018 12:51:26 AM]&lt;STARTLOG&gt;&lt;CartOtherProductsYouMightConsiderListing&gt;Test Started: Expecting: #PASS=Undefined and #FAIL=0
Running from MTM=True, running on machine name:CMP01-INDIASQA, user name=ykumar, OS=Microsoft Windows NT 6.1.7601 Service Pack 1, Is64BitOS=True</Message>
          <Message>[5/15/2018 12:51:28 AM]&lt;INFO&gt;LogCPUAndMemoryUsage: Available Memory = 24409(MB), CPU Usage = 10.38903%</Message>
          <Message>[5/15/2018 12:51:28 AM]&lt;INFO&gt;Private Working Set for QTAgent32_40, usage=208404 (K)</Message>
          <Message>[5/15/2018 12:51:28 AM]&lt;INFO&gt;Path To TestConfig xml=E:\LoadTestResult\VSEQT\QTAgent\26973\CMP01-INDIASQA.horizonhobby.com\Deployment\SharedCommonConfig.xml</Message>
          <Message>[5/15/2018 12:51:28 AM]&lt;INFO&gt;Path To TestData xml=E:\LoadTestResult\VSEQT\QTAgent\26973\CMP01-INDIASQA.horizonhobby.com\Deployment\CartDisplayTestData_005126.xml</Message>
          <Message>[5/15/2018 12:51:28 AM]&lt;INFO&gt;Path To HorizonHobbyQA Application Url=https://www-tst.horizonhobby.com</Message>
          <Message>[5/15/2018 12:51:28 AM]&lt;INFO&gt;HorizonHobbyQA sql connection string=Server=cmp02-ws-tst-db01:50000;Database=TST01DB;UID=wcdbuser;PWD=h0r1z0n;Connect Timeout=30</Message>
          <Message>[5/15/2018 12:51:28 AM]&lt;INFO&gt;Country is := US and language id is := '-1'</Message>
          <Message>[5/15/2018 12:51:28 AM]&lt;INFO&gt;Current browser used for test execution is = 'IE'</Message>
          <Message>[5/15/2018 12:51:28 AM]&lt;INFO&gt;GetSearchProductAndAssociatedProducts executing... </Message>
          <Message>[5/15/2018 12:51:32 AM]&lt;Info&gt;AllBrowserWindow : Locating browser window...</Message>
          <Message>[5/15/2018 12:51:32 AM]&lt;INFO&gt;SearchProductexecuting ... Searching term:= 'APCFH4'</Message>
          <Message>[5/15/2018 12:51:39 AM]&lt;Info&gt;AllBrowserWindow : Locating browser window...</Message>
          <Message>[5/15/2018 12:51:40 AM]&lt;INFO&gt;BackOrderClickexecuting ...</Message>
          <Message>[5/15/2018 12:51:41 AM]&lt;INFO&gt;GoToCartClickexecuting ...</Message>
          <Message>[5/15/2018 12:51:47 AM]&lt;Info&gt;AllBrowserWindow : Locating browser window...</Message>
          <Message>[5/15/2018 12:51:57 AM]&lt;Info&gt;AllBrowserWindow : Locating browser window...</Message>
          <Message>[5/15/2018 12:52:04 AM]&lt;INFO&gt;SurveyWindow : method executing ...</Message>
          <Message>[5/15/2018 12:52:13 AM]&lt;PASS&gt;&lt;CartOtherProductsYouMightConsiderListing&gt;&lt;Validate in You Might Also Consider Section displays name of associated item Electric Folding Propeller, 10 x 6&gt;</Message>
          <Message>[5/15/2018 12:52:13 AM]&lt;PASS&gt;&lt;CartOtherProductsYouMightConsiderListing&gt;&lt;Validate in You Might Also Consider Section displays sku of associated item Electric Folding Propeller, 10 x 6&gt;</Message>
          <Message>[5/15/2018 12:52:13 AM]&lt;PASS&gt;&lt;CartOtherProductsYouMightConsiderListing&gt;&lt;Validate in You Might Also Consider Section displays price of the associated item Electric Folding Propeller, 10 x 6&gt;</Message>
          <Message>[5/15/2018 12:52:13 AM]&lt;PASS&gt;&lt;CartOtherProductsYouMightConsiderListing&gt;&lt;Validate in You Might Also Consider Section displays price of the associated item Electric Folding Propeller, 10 x 6&gt;</Message>
          <Message>[5/15/2018 12:52:13 AM]&lt;PASS&gt;&lt;CartOtherProductsYouMightConsiderListing&gt;&lt;Validate in You Might Also Consider Section displays price of the associated item Electric Folding Propeller, 10 x 6&gt;</Message>
          <Message>[5/15/2018 12:52:20 AM]&lt;PASS&gt;&lt;CartOtherProductsYouMightConsiderListing&gt;&lt;Validate item Electric Folding Propeller, 10 x 6 in You Might Also Consider Section added to the cart &gt;</Message>
          <Message>[5/15/2018 12:52:20 AM]&lt;INFO&gt;SurveyWindow : method executing ...</Message>
          <Message>[5/15/2018 12:52:33 AM]&lt;PASS&gt;&lt;CartOtherProductsYouMightConsiderListing&gt;&lt;Validate in You Might Also Consider Section it does not display already added item Electric Folding Propeller, 10 x 6&gt;</Message>
          <Message>[5/15/2018 12:52:33 AM]&lt;RESULT&gt;Test Ended:#PASS=7, #FAIL=0</Message>
          <Message>[5/15/2018 12:52:34 AM]&lt;INFO&gt;LogCPUAndMemoryUsage: Available Memory = 24211(MB), CPU Usage = 15.95446%</Message>
          <Message>[5/15/2018 12:52:34 AM]&lt;INFO&gt;Private Working Set for QTAgent32_40, usage=213584 (K)</Message>
          <Message>[5/15/2018 12:52:34 AM]&lt;RESULT&gt;&lt;CartOtherProductsYouMightConsiderListing&gt; Test PASSED</Message>
        </TextMessages>
      </Output>
      <ResultFiles>
        <ResultFile path="CMP01-INDIASQA.horizonhobby.com\CartDisplayTestData_005126.xml" />
        <ResultFile path="CMP01-INDIASQA.horizonhobby.com\CartOtherProductsYouMightConsiderListing_20180515005126.log" />
        <ResultFile path="CMP01-INDIASQA.horizonhobby.com\CartOtherProductsYouMightConsiderListing_ResultsONLY_20180515005126.log" />
        <ResultFile path="CMP01-INDIASQA.horizonhobby.com\SharedCommonConfig.xml" />
      </ResultFiles>
    </UnitTestResult>
    <UnitTestResult executionId="5229242e-1c66-4d58-8e2f-2ac2a29d68dc" testId="f700b8e4-82ed-82ef-8ac6-dcc647bfda88" testName="MerchandiseAssociationShoppingCartMultipleScenarios" computerName="CMP01-INDIASQA" duration="00:01:47.9858333" startTime="2018-05-15T00:52:36.2863948-05:00" endTime="2018-05-15T00:54:24.3023948-05:00" testType="13cdc9d9-ddb5-4fa4-a97d-d965ccfc6d4b" outcome="Failed" testListId="8c84fa94-04c1-424b-9868-57a2d4851a1d" relativeResultsDirectory="5229242e-1c66-4d58-8e2f-2ac2a29d68dc">
      <Output>
        <StdOut>Logging to custom path:\\CMP01-YKumar\AutoLog</StdOut>
        <ErrorInfo>
          <Message>Assert.Fail failed. 
#Other errors=1
[Error details below]
&lt;ERROR&gt;[5/15/2018 12:54:21 AM]&lt;ERROR&gt;MerchandiseAssociationShoppingCartMultipleScenarios : failed executing ...The playback failed to find the control with the given search properties. Additional Details: 
TechnologyName:  'Web'
ControlType:  'Pane'
TagName:  'DIV'
Class:  'shopCart_youMayConsider'
 Failed to find any control that matched the search condition ControlType='Pane' &amp;&amp; Class=&gt;'shopCart_youMayConsider'</Message>
          <StackTrace>   at TestAuto.LoggingAndSharedGenericMethods.EndTest() in c:\Builds\1\WebSphere\QATestAutomation\src\CodedUITest\SourceCode\Common\Logging\Logging.cs:line 1628
   at TestAuto.CartDisplayTest.TestCleanup() in c:\Builds\1\WebSphere\QATestAutomation\src\CodedUITest\SourceCode\HHobby\CartDisplay\CartDisplay.cs:line 5472
</StackTrace>
        </ErrorInfo>
        <TextMessages>
          <Message>[5/15/2018 12:52:36 AM]&lt;STARTLOG&gt;&lt;MerchandiseAssociationShoppingCartMultipleScenarios&gt;Test Started: Expecting: #PASS=Undefined and #FAIL=0
Running from MTM=True, running on machine name:CMP01-INDIASQA, user name=ykumar, OS=Microsoft Windows NT 6.1.7601 Service Pack 1, Is64BitOS=True</Message>
          <Message>[5/15/2018 12:52:37 AM]&lt;INFO&gt;LogCPUAndMemoryUsage: Available Memory = 24383(MB), CPU Usage = 17.18094%</Message>
          <Message>[5/15/2018 12:52:37 AM]&lt;INFO&gt;Private Working Set for QTAgent32_40, usage=214004 (K)</Message>
          <Message>[5/15/2018 12:52:37 AM]&lt;INFO&gt;Path To TestConfig xml=E:\LoadTestResult\VSEQT\QTAgent\26973\CMP01-INDIASQA.horizonhobby.com\Deployment\SharedCommonConfig.xml</Message>
          <Message>[5/15/2018 12:52:37 AM]&lt;INFO&gt;Path To TestData xml=E:\LoadTestResult\VSEQT\QTAgent\26973\CMP01-INDIASQA.horizonhobby.com\Deployment\CartDisplayTestData_005236.xml</Message>
          <Message>[5/15/2018 12:52:37 AM]&lt;INFO&gt;Path To HorizonHobbyQA Application Url=https://www-tst.horizonhobby.com</Message>
          <Message>[5/15/2018 12:52:37 AM]&lt;INFO&gt;HorizonHobbyQA sql connection string=Server=cmp02-ws-tst-db01:50000;Database=TST01DB;UID=wcdbuser;PWD=h0r1z0n;Connect Timeout=30</Message>
          <Message>[5/15/2018 12:52:37 AM]&lt;INFO&gt;Country is := US and language id is := '-1'</Message>
          <Message>[5/15/2018 12:52:37 AM]&lt;INFO&gt;Current browser used for test execution is = 'IE'</Message>
          <Message>[5/15/2018 12:52:41 AM]&lt;Info&gt;AllBrowserWindow : Locating browser window...</Message>
          <Message>[5/15/2018 12:52:41 AM]&lt;INFO&gt;GetSearchProductAndAssociatedProducts executing... </Message>
          <Message>[5/15/2018 12:52:41 AM]&lt;INFO&gt;SearchProductexecuting ... Searching term:= 'APC07060'</Message>
          <Message>[5/15/2018 12:52:48 AM]&lt;Info&gt;AllBrowserWindow : Locating browser window...</Message>
          <Message>[5/15/2018 12:53:13 AM]&lt;Info&gt;AllBrowserWindow : Locating browser window...</Message>
          <Message>[5/15/2018 12:53:45 AM]&lt;Info&gt;AllBrowserWindow : Locating browser window...</Message>
          <Message>[5/15/2018 12:54:00 AM]&lt;INFO&gt;BackOrderClickexecuting ...</Message>
          <Message>[5/15/2018 12:54:00 AM]&lt;INFO&gt;GoToCartClickexecuting ...</Message>
          <Message>[5/15/2018 12:54:06 AM]&lt;Info&gt;AllBrowserWindow : Locating browser window...</Message>
          <Message>Assert.Fail failed. [5/15/2018 12:54:21 AM]&lt;ERROR&gt;MerchandiseAssociationShoppingCartMultipleScenarios : failed executing ...The playback failed to find the control with the given search properties. Additional Details: 
TechnologyName:  'Web'
ControlType:  'Pane'
TagName:  'DIV'
Class:  'shopCart_youMayConsider'
 Failed to find any control that matched the search condition ControlType='Pane' &amp;&amp; Class=&gt;'shopCart_youMayConsider', 
    StackTrace:
    MerchandiseAssociationShoppingCartMultipleScenarios(),CartDisplay.cs,Line Number:4504</Message>
          <Message>[5/15/2018 12:54:21 AM]&lt;CaptureImage&gt;\\CMP01-YKumar\AutoLog\CMP01-INDIASQA\MerchandiseAssociationShoppingCartMultipleScenarios_20180515005421.png</Message>
          <Message>[5/15/2018 12:54:21 AM]&lt;RESULT&gt;Test Ended:#PASS=0, #FAIL=0,#Other errors=1</Message>
          <Message>[5/15/2018 12:54:22 AM]&lt;INFO&gt;LogCPUAndMemoryUsage: Available Memory = 24234(MB), CPU Usage = 2.88937%</Message>
          <Message>[5/15/2018 12:54:22 AM]&lt;INFO&gt;Private Working Set for QTAgent32_40, usage=222272 (K)</Message>
          <Message>[5/15/2018 12:54:22 AM]&lt;RESULT&gt;&lt;MerchandiseAssociationShoppingCartMultipleScenarios&gt; Test FAILED: #Other errors=1. See Error Message/logs for further details.</Message>
        </TextMessages>
      </Output>
      <ResultFiles>
        <ResultFile path="CMP01-INDIASQA.horizonhobby.com\CartDisplayTestData_005236.xml" />
        <ResultFile path="CMP01-INDIASQA.horizonhobby.com\MerchandiseAssociationShoppingCartMultipleScenarios_20180515005236.log" />
        <ResultFile path="CMP01-INDIASQA.horizonhobby.com\MerchandiseAssociationShoppingCartMultipleScenarios_20180515005421.png" />
        <ResultFile path="CMP01-INDIASQA.horizonhobby.com\MerchandiseAssociationShoppingCartMultipleScenarios_ResultsONLY_20180515005236.log" />
        <ResultFile path="CMP01-INDIASQA.horizonhobby.com\SharedCommonConfig.xml" />
      </ResultFiles>
    </UnitTestResult>
    <UnitTestResult executionId="cf98e211-bab8-46e8-bfca-596afb10b25d" testId="cfd8c3c2-699a-eadf-3c77-92a86b4cbb46" testName="CartFromAthearnSite" computerName="CMP01-INDIASQA" duration="00:02:20.4381415" startTime="2018-05-15T00:54:24.3033948-05:00" endTime="2018-05-15T00:56:44.7863948-05:00" testType="13cdc9d9-ddb5-4fa4-a97d-d965ccfc6d4b" outcome="Passed" testListId="8c84fa94-04c1-424b-9868-57a2d4851a1d" relativeResultsDirectory="cf98e211-bab8-46e8-bfca-596afb10b25d">
      <Output>
        <StdOut>Logging to custom path:\\CMP01-YKumar\AutoLog</StdOut>
        <TextMessages>
          <Message>[5/15/2018 12:54:24 AM]&lt;STARTLOG&gt;&lt;CartFromAthearnSite&gt;Test Started: Expecting: #PASS=Undefined and #FAIL=0
Running from MTM=True, running on machine name:CMP01-INDIASQA, user name=ykumar, OS=Microsoft Windows NT 6.1.7601 Service Pack 1, Is64BitOS=True</Message>
          <Message>[5/15/2018 12:54:25 AM]&lt;INFO&gt;LogCPUAndMemoryUsage: Available Memory = 24300(MB), CPU Usage = 16.20584%</Message>
          <Message>[5/15/2018 12:54:25 AM]&lt;INFO&gt;Private Working Set for QTAgent32_40, usage=222484 (K)</Message>
          <Message>[5/15/2018 12:54:25 AM]&lt;INFO&gt;Path To TestConfig xml=E:\LoadTestResult\VSEQT\QTAgent\26973\CMP01-INDIASQA.horizonhobby.com\Deployment\SharedCommonConfig.xml</Message>
          <Message>[5/15/2018 12:54:25 AM]&lt;INFO&gt;Path To TestData xml=E:\LoadTestResult\VSEQT\QTAgent\26973\CMP01-INDIASQA.horizonhobby.com\Deployment\CartDisplayTestData_005424.xml</Message>
          <Message>[5/15/2018 12:54:25 AM]&lt;INFO&gt;Path To HorizonHobbyQA Application Url=https://www-tst.horizonhobby.com</Message>
          <Message>[5/15/2018 12:54:25 AM]&lt;INFO&gt;HorizonHobbyQA sql connection string=Server=cmp02-ws-tst-db01:50000;Database=TST01DB;UID=wcdbuser;PWD=h0r1z0n;Connect Timeout=30</Message>
          <Message>[5/15/2018 12:54:25 AM]&lt;INFO&gt;Country is := US and language id is := '-1'</Message>
          <Message>[5/15/2018 12:54:25 AM]&lt;INFO&gt;Current browser used for test execution is = 'IE'</Message>
          <Message>[5/15/2018 12:56:31 AM]&lt;PASS&gt;&lt;CartFromAthearnSite&gt;&lt;User redirected to HorizonHobby Shopping cart page&gt;</Message>
          <Message>[5/15/2018 12:56:31 AM]&lt;RESULT&gt;Test Ended:#PASS=1, #FAIL=0</Message>
          <Message>[5/15/2018 12:56:32 AM]&lt;INFO&gt;LogCPUAndMemoryUsage: Available Memory = 24267(MB), CPU Usage = 3.181199%</Message>
          <Message>[5/15/2018 12:56:32 AM]&lt;INFO&gt;Private Working Set for QTAgent32_40, usage=224052 (K)</Message>
          <Message>[5/15/2018 12:56:32 AM]&lt;RESULT&gt;&lt;CartFromAthearnSite&gt; Test PASSED</Message>
        </TextMessages>
      </Output>
      <ResultFiles>
        <ResultFile path="CMP01-INDIASQA.horizonhobby.com\CartDisplayTestData_005424.xml" />
        <ResultFile path="CMP01-INDIASQA.horizonhobby.com\CartFromAthearnSite_20180515005424.log" />
        <ResultFile path="CMP01-INDIASQA.horizonhobby.com\CartFromAthearnSite_ResultsONLY_20180515005424.log" />
        <ResultFile path="CMP01-INDIASQA.horizonhobby.com\SharedCommonConfig.xml" />
      </ResultFiles>
    </UnitTestResult>
    <UnitTestResult executionId="c3c17e00-8889-4f9b-94b7-4732f16d0ee0" testId="e54a7497-7824-dedd-ff6a-7879d5acc0fa" testName="ProductPageImageGalleryViewPopupOptions" computerName="CMP01-INDIASQA" duration="00:02:31.3641194" startTime="2018-05-15T00:56:44.7873948-05:00" endTime="2018-05-15T00:59:16.2103948-05:00" testType="13cdc9d9-ddb5-4fa4-a97d-d965ccfc6d4b" outcome="Failed" testListId="8c84fa94-04c1-424b-9868-57a2d4851a1d" relativeResultsDirectory="c3c17e00-8889-4f9b-94b7-4732f16d0ee0">
      <Output>
        <StdOut>Logging to custom path:\\CMP01-YKumar\AutoLog</StdOut>
        <ErrorInfo>
          <Message>Assert.Fail failed. 
Actual #FAIL=4, #Expected FAIL=0
#Other errors=1
[Error details below]
&lt;FAIL&gt;&lt;ProductPageImageGalleryViewPopupOptions&gt;&lt;360 view link of the product exists&gt;.Assert.AreEqual failed. Expected:&lt;True&gt;. Actual:&lt;False&gt;. 
    StackTrace:
    ProductPageImageGalleryViewPopupOptions(),ProductPage.cs,Line Number:2918
&lt;FAIL&gt;&lt;ProductPageImageGalleryViewPopupOptions&gt;&lt;Gallery image exists&gt;.Assert.AreEqual failed. Expected:&lt;True&gt;. Actual:&lt;False&gt;. 
    StackTrace:
    ProductPageImageGalleryViewPopupOptions(),ProductPage.cs,Line Number:2922
&lt;ERROR&gt;[5/15/2018 12:59:10 AM]&lt;ERROR&gt;MouseClick Exception:Microsoft.VisualStudio.TestTools.UITest.Extension.UITestControlNotFoundException: The playback failed to find the control with the given search properties. Additional Details: 
TechnologyName:  'Web'
ControlType:  'Hyperlink'
TagName:  'A'
Class:  'prodMedia_item prodGallery_item gal_0'
 Failed to find any control that matched the search condition ControlType='Hyperlink' &amp;&amp; Class='prodMedia_item prodGallery_item gal_0' ---&gt; System.Runtime.InteropServices.COMException: Error HRESULT E_FAIL has been returned from a call to a COM component.
   at Microsoft.VisualStudio.TestTools.UITest.Playback.Engine.IScreenElement.FindAllDescendants(String bstrQueryId, Object&amp; pvarResKeys, Int32 cResKeys, Int32 nMaxDepth)
   at Microsoft.VisualStudio.TestTools.UITest.Playback.ScreenElement.FindAllScreenElement(String queryId, Int32 depth, Boolean singleQueryId, Boolean throwException, Boolean resetSkipStep)
   at Microsoft.VisualStudio.TestTools.UITest.Playback.ScreenElement.FindScreenElement(String queryId, Int32 depth, Boolean resetSkipStep)
   at Microsoft.VisualStudio.TestTools.UITesting.UITestControl.FindFirstDescendant(String queryId, Int32 maxDepth, Int32&amp; timeLeft)
   --- End of inner exception stack trace ---
   at Microsoft.VisualStudio.TestTools.UITesting.Playback.MapControlNotFoundException(COMException ex, IPlaybackContext context)
   at Microsoft.VisualStudio.TestTools.UITesting.Playback.MapAndThrowComException(COMException innerException, IPlaybackContext context)
   at Microsoft.VisualStudio.TestTools.UITesting.Playback.MapAndThrowException(SystemException exception, IPlaybackContext context)
   at Microsoft.VisualStudio.TestTools.UITesting.Playback.MapAndThrowException(SystemException exception, String queryId)
   at Microsoft.VisualStudio.TestTools.UITesting.UITestControl.FindFirstDescendant(String queryId, Int32 maxDepth, Int32&amp; timeLeft)
   at Microsoft.VisualStudio.TestTools.UITesting.SearchHelper.GetUITestControlRecursive(Boolean useCache, Boolean alwaysSearch, ISearchArgument searchArg, IList`1 windowTitles, Int32&amp; timeLeft)
   at Microsoft.VisualStudio.TestTools.UITesting.SearchHelper.GetElement(Boolean useCache, ISearchArgument searchArg)
   at Microsoft.VisualStudio.TestTools.UITesting.SearchHelper.Search(ISearchArgument searchArg)
   at Microsoft.VisualStudio.TestTools.UITesting.UITestControl.FindInternal()
   at Microsoft.VisualStudio.TestTools.UITesting.UITestControl.&lt;Find&gt;b__3a()
   at Microsoft.VisualStudio.TestTools.UITesting.CodedUITestMethodInvoker.InvokeMethod[T](Func`1 function, UITestControl control, Boolean firePlaybackErrorEvent, Boolean logAsAction)
   at Microsoft.VisualStudio.TestTools.UITesting.UITestControl.Find()
   at Microsoft.VisualStudio.TestTools.UITesting.UITestControl.GetPropertyPrivate(String propertyName)
   at Microsoft.VisualStudio.TestTools.UITesting.UITestControl.GetPropertyOfType[T](String propertyName)
   at Microsoft.VisualStudio.TestTools.UITesting.UITestControl.get_Name()
   at TestAuto.LoggingAndSharedGenericMethods.MouseClick(UITestControl uiMenuItemTestControl) in c:\Builds\1\WebSphere\QATestAutomation\src\CodedUITest\SourceCode\Common\Logging\SharedMethods_Generic.cs:line 790
&lt;FAIL&gt;&lt;ProductPageImageGalleryViewPopupOptions&gt;&lt;Product Gallery window exists&gt;.Assert.AreEqual failed. Expected:&lt;True&gt;. Actual:&lt;False&gt;. 
    StackTrace:
    ProductPageImageGalleryViewPopupOptions(),ProductPage.cs,Line Number:2931
&lt;FAIL&gt;&lt;ProductPageImageGalleryViewPopupOptions&gt;&lt;Gallery images exists as thumb&gt;.Assert.Fail failed. Assert.Fail failed. Actual:0 not &gt; expected:0
    StackTrace:
    ProductPageImageGalleryViewPopupOptions(),ProductPage.cs,Line Number:2937</Message>
          <StackTrace>   at TestAuto.LoggingAndSharedGenericMethods.EndTest() in c:\Builds\1\WebSphere\QATestAutomation\src\CodedUITest\SourceCode\Common\Logging\Logging.cs:line 1628
   at TestAuto.ProductPageTest.TestCleanup() in c:\Builds\1\WebSphere\QATestAutomation\src\CodedUITest\SourceCode\HHobby\ProductPage\ProductPage.cs:line 6905
</StackTrace>
        </ErrorInfo>
        <TextMessages>
          <Message>[5/15/2018 12:56:44 AM]&lt;STARTLOG&gt;&lt;ProductPageImageGalleryViewPopupOptions&gt;Test Started: Expecting: #PASS=Undefined and #FAIL=0
Running from MTM=True, running on machine name:CMP01-INDIASQA, user name=ykumar, OS=Microsoft Windows NT 6.1.7601 Service Pack 1, Is64BitOS=True</Message>
          <Message>[5/15/2018 12:56:45 AM]&lt;INFO&gt;LogCPUAndMemoryUsage: Available Memory = 24271(MB), CPU Usage = 5.029331%</Message>
          <Message>[5/15/2018 12:56:45 AM]&lt;INFO&gt;Private Working Set for QTAgent32_40, usage=224272 (K)</Message>
          <Message>[5/15/2018 12:56:45 AM]&lt;INFO&gt;Path To TestConfig xml=E:\LoadTestResult\VSEQT\QTAgent\26973\CMP01-INDIASQA.horizonhobby.com\Deployment\SharedCommonConfig.xml</Message>
          <Message>[5/15/2018 12:56:45 AM]&lt;INFO&gt;Path To TestData xml=E:\LoadTestResult\VSEQT\QTAgent\26973\CMP01-INDIASQA.horizonhobby.com\Deployment\ProductPageTestData_005644.xml</Message>
          <Message>[5/15/2018 12:56:45 AM]&lt;INFO&gt;Path To HorizonHobbyQA Application Url=https://www-tst.horizonhobby.com</Message>
          <Message>[5/15/2018 12:56:45 AM]&lt;INFO&gt;HorizonHobbyQA sql connection string=Server=cmp02-ws-tst-db01:50000;Database=TST01DB;UID=wcdbuser;PWD=h0r1z0n;Connect Timeout=30</Message>
          <Message>[5/15/2018 12:56:45 AM]&lt;INFO&gt;Country is := US and language id is := '-1'</Message>
          <Message>[5/15/2018 12:56:45 AM]&lt;INFO&gt;Current browser used for test execution is = 'IE'</Message>
          <Message>[5/15/2018 12:56:49 AM]&lt;Info&gt;AllBrowserWindow : Locating browser window...</Message>
          <Message>[5/15/2018 12:56:49 AM]&lt;INFO&gt;SearchProductexecuting ... Searching term:= 'TLR04004'</Message>
          <Message>[5/15/2018 12:56:56 AM]&lt;Info&gt;AllBrowserWindow : Locating browser window...</Message>
          <Message>[5/15/2018 12:57:20 AM]&lt;Info&gt;AllBrowserWindow : Locating browser window...</Message>
          <Message>[5/15/2018 12:59:01 AM]&lt;FAIL&gt;&lt;ProductPageImageGalleryViewPopupOptions&gt;&lt;360 view link of the product exists&gt;.Assert.AreEqual failed. Expected:&lt;True&gt;. Actual:&lt;False&gt;. 
    StackTrace:
    ProductPageImageGalleryViewPopupOptions(),ProductPage.cs,Line Number:2918</Message>
          <Message>[5/15/2018 12:59:02 AM]&lt;CaptureImage&gt;\\CMP01-YKumar\AutoLog\CMP01-INDIASQA\ProductPageImageGalleryViewPopupOptions_20180515005901.png</Message>
          <Message>[5/15/2018 12:59:04 AM]&lt;FAIL&gt;&lt;ProductPageImageGalleryViewPopupOptions&gt;&lt;Gallery image exists&gt;.Assert.AreEqual failed. Expected:&lt;True&gt;. Actual:&lt;False&gt;. 
    StackTrace:
    ProductPageImageGalleryViewPopupOptions(),ProductPage.cs,Line Number:2922</Message>
          <Message>[5/15/2018 12:59:04 AM]&lt;CaptureImage&gt;\\CMP01-YKumar\AutoLog\CMP01-INDIASQA\ProductPageImageGalleryViewPopupOptions_20180515005904.png</Message>
          <Message>Assert.Fail failed. [5/15/2018 12:59:10 AM]&lt;ERROR&gt;MouseClick Exception:Microsoft.VisualStudio.TestTools.UITest.Extension.UITestControlNotFoundException: The playback failed to find the control with the given search properties. Additional Details: 
TechnologyName:  'Web'
ControlType:  'Hyperlink'
TagName:  'A'
Class:  'prodMedia_item prodGallery_item gal_0'
 Failed to find any control that matched the search condition ControlType='Hyperlink' &amp;&amp; Class='prodMedia_item prodGallery_item gal_0' ---&gt; System.Runtime.InteropServices.COMException: Error HRESULT E_FAIL has been returned from a call to a COM component.
   at Microsoft.VisualStudio.TestTools.UITest.Playback.Engine.IScreenElement.FindAllDescendants(String bstrQueryId, Object&amp; pvarResKeys, Int32 cResKeys, Int32 nMaxDepth)
   at Microsoft.VisualStudio.TestTools.UITest.Playback.ScreenElement.FindAllScreenElement(String queryId, Int32 depth, Boolean singleQueryId, Boolean throwException, Boolean resetSkipStep)
   at Microsoft.VisualStudio.TestTools.UITest.Playback.ScreenElement.FindScreenElement(String queryId, Int32 depth, Boolean resetSkipStep)
   at Microsoft.VisualStudio.TestTools.UITesting.UITestControl.FindFirstDescendant(String queryId, Int32 maxDepth, Int32&amp; timeLeft)
   --- End of inner exception stack trace ---
   at Microsoft.VisualStudio.TestTools.UITesting.Playback.MapControlNotFoundException(COMException ex, IPlaybackContext context)
   at Microsoft.VisualStudio.TestTools.UITesting.Playback.MapAndThrowComException(COMException innerException, IPlaybackContext context)
   at Microsoft.VisualStudio.TestTools.UITesting.Playback.MapAndThrowException(SystemException exception, IPlaybackContext context)
   at Microsoft.VisualStudio.TestTools.UITesting.Playback.MapAndThrowException(SystemException exception, String queryId)
   at Microsoft.VisualStudio.TestTools.UITesting.UITestControl.FindFirstDescendant(String queryId, Int32 maxDepth, Int32&amp; timeLeft)
   at Microsoft.VisualStudio.TestTools.UITesting.SearchHelper.GetUITestControlRecursive(Boolean useCache, Boolean alwaysSearch, ISearchArgument searchArg, IList`1 windowTitles, Int32&amp; timeLeft)
   at Microsoft.VisualStudio.TestTools.UITesting.SearchHelper.GetElement(Boolean useCache, ISearchArgument searchArg)
   at Microsoft.VisualStudio.TestTools.UITesting.SearchHelper.Search(ISearchArgument searchArg)
   at Microsoft.VisualStudio.TestTools.UITesting.UITestControl.FindInternal()
   at Microsoft.VisualStudio.TestTools.UITesting.UITestControl.&lt;Find&gt;b__3a()
   at Microsoft.VisualStudio.TestTools.UITesting.CodedUITestMethodInvoker.InvokeMethod[T](Func`1 function, UITestControl control, Boolean firePlaybackErrorEvent, Boolean logAsAction)
   at Microsoft.VisualStudio.TestTools.UITesting.UITestControl.Find()
   at Microsoft.VisualStudio.TestTools.UITesting.UITestControl.GetPropertyPrivate(String propertyName)
   at Microsoft.VisualStudio.TestTools.UITesting.UITestControl.GetPropertyOfType[T](String propertyName)
   at Microsoft.VisualStudio.TestTools.UITesting.UITestControl.get_Name()
   at TestAuto.LoggingAndSharedGenericMethods.MouseClick(UITestControl uiMenuItemTestControl) in c:\Builds\1\WebSphere\QATestAutomation\src\CodedUITest\SourceCode\Common\Logging\SharedMethods_Generic.cs:line 790, 
    StackTrace:
    MouseClick(),SharedMethods_Generic.cs,Line Number:822
    ProductPageImageGalleryViewPopupOptions(),ProductPage.cs,Line Number:2925</Message>
          <Message>[5/15/2018 12:59:10 AM]&lt;CaptureImage&gt;\\CMP01-YKumar\AutoLog\CMP01-INDIASQA\ProductPageImageGalleryViewPopupOptions_20180515005910.png</Message>
          <Message>[5/15/2018 12:59:12 AM]&lt;FAIL&gt;&lt;ProductPageImageGalleryViewPopupOptions&gt;&lt;Product Gallery window exists&gt;.Assert.AreEqual failed. Expected:&lt;True&gt;. Actual:&lt;False&gt;. 
    StackTrace:
    ProductPageImageGalleryViewPopupOptions(),ProductPage.cs,Line Number:2931</Message>
          <Message>[5/15/2018 12:59:12 AM]&lt;CaptureImage&gt;\\CMP01-YKumar\AutoLog\CMP01-INDIASQA\ProductPageImageGalleryViewPopupOptions_20180515005912.png</Message>
          <Message>[5/15/2018 12:59:13 AM]&lt;FAIL&gt;&lt;ProductPageImageGalleryViewPopupOptions&gt;&lt;Gallery images exists as thumb&gt;.Assert.Fail failed. Assert.Fail failed. Actual:0 not &gt; expected:0
    StackTrace:
    ProductPageImageGalleryViewPopupOptions(),ProductPage.cs,Line Number:2937</Message>
          <Message>[5/15/2018 12:59:13 AM]&lt;CaptureImage&gt;\\CMP01-YKumar\AutoLog\CMP01-INDIASQA\ProductPageImageGalleryViewPopupOptions_20180515005913.png</Message>
          <Message>[5/15/2018 12:59:13 AM]&lt;RESULT&gt;Test Ended:#PASS=0, #FAIL=4,#Other errors=1</Message>
          <Message>[5/15/2018 12:59:14 AM]&lt;INFO&gt;LogCPUAndMemoryUsage: Available Memory = 24327(MB), CPU Usage = 7.76441%</Message>
          <Message>[5/15/2018 12:59:14 AM]&lt;INFO&gt;Private Working Set for QTAgent32_40, usage=223100 (K)</Message>
          <Message>[5/15/2018 12:59:14 AM]&lt;RESULT&gt;&lt;ProductPageImageGalleryViewPopupOptions&gt; Test FAILED: Actual #FAIL=4, #Expected FAIL=0
#Other errors=1. See Error Message/logs for further details.</Message>
        </TextMessages>
      </Output>
      <ResultFiles>
        <ResultFile path="CMP01-INDIASQA.horizonhobby.com\ProductPageImageGalleryViewPopupOptions_20180515005644.log" />
        <ResultFile path="CMP01-INDIASQA.horizonhobby.com\ProductPageImageGalleryViewPopupOptions_20180515005901.png" />
        <ResultFile path="CMP01-INDIASQA.horizonhobby.com\ProductPageImageGalleryViewPopupOptions_20180515005904.png" />
        <ResultFile path="CMP01-INDIASQA.horizonhobby.com\ProductPageImageGalleryViewPopupOptions_20180515005910.png" />
        <ResultFile path="CMP01-INDIASQA.horizonhobby.com\ProductPageImageGalleryViewPopupOptions_20180515005912.png" />
        <ResultFile path="CMP01-INDIASQA.horizonhobby.com\ProductPageImageGalleryViewPopupOptions_20180515005913.png" />
        <ResultFile path="CMP01-INDIASQA.horizonhobby.com\ProductPageImageGalleryViewPopupOptions_ResultsONLY_20180515005644.log" />
        <ResultFile path="CMP01-INDIASQA.horizonhobby.com\ProductPageTestData_005644.xml" />
        <ResultFile path="CMP01-INDIASQA.horizonhobby.com\SharedCommonConfig.xml" />
      </ResultFiles>
    </UnitTestResult>
    <UnitTestResult executionId="79ea99e9-36f7-404f-8851-47b8361fe6f0" testId="3bef58c6-9bb8-a64f-9dd6-4237f7d1b019" testName="ProductPagePartsAndAccessoriesTabMerchAssocDisplay" computerName="CMP01-INDIASQA" duration="00:02:01.3016691" startTime="2018-05-15T00:59:16.2123948-05:00" endTime="2018-05-15T01:01:17.5673948-05:00" testType="13cdc9d9-ddb5-4fa4-a97d-d965ccfc6d4b" outcome="Failed" testListId="8c84fa94-04c1-424b-9868-57a2d4851a1d" relativeResultsDirectory="79ea99e9-36f7-404f-8851-47b8361fe6f0">
      <Output>
        <StdOut>Logging to custom path:\\CMP01-YKumar\AutoLog</StdOut>
        <ErrorInfo>
          <Message>Assert.Fail failed. 
#Other errors=4
[Error details below]
&lt;ERROR&gt;[5/15/2018 1:00:57 AM]&lt;Error&gt;SetObject : failed executing ...The playback failed to find the control with the given search properties. Additional Details: 
TechnologyName:  'Web'
ControlType:  'Hyperlink'
TagName:  'A'
Id:  'tab_parts_link'
 Failed to find any control that matched the value tab_parts_link for the search property Id.
&lt;ERROR&gt;[5/15/2018 1:01:06 AM]&lt;Error&gt;SetObject : failed executing ...The playback failed to find the control with the given search properties. Additional Details: 
TechnologyName:  'Web'
ControlType:  'Hyperlink'
TagName:  'A'
Id:  'tab_parts_link'
 Failed to find any control that matched the value tab_parts_link for the search property Id.
&lt;ERROR&gt;[5/15/2018 1:01:14 AM]&lt;Error&gt;GetPartsAndListingMerchendisingAssociatesList : failed executing ...The playback failed to find the control with the given search properties. Additional Details: 
TechnologyName:  'Web'
ControlType:  'Pane'
TagName:  'DIV'
Id:  'tab_parts_content'
 Failed to find any control that matched the search condition ControlType='Pane' &amp;&amp; Id=&gt;'tab_parts_content'
&lt;ERROR&gt;[5/15/2018 1:01:14 AM]&lt;Error&gt;ProductPagePartsAndAccessoriesTabMerchAssocDisplay : failed executing ...The given key was not present in the dictionary.</Message>
          <StackTrace>   at TestAuto.LoggingAndSharedGenericMethods.EndTest() in c:\Builds\1\WebSphere\QATestAutomation\src\CodedUITest\SourceCode\Common\Logging\Logging.cs:line 1628
   at TestAuto.ProductPageTest.TestCleanup() in c:\Builds\1\WebSphere\QATestAutomation\src\CodedUITest\SourceCode\HHobby\ProductPage\ProductPage.cs:line 6905
</StackTrace>
        </ErrorInfo>
        <TextMessages>
          <Message>[5/15/2018 12:59:16 AM]&lt;STARTLOG&gt;&lt;ProductPagePartsAndAccessoriesTabMerchAssocDisplay&gt;Test Started: Expecting: #PASS=Undefined and #FAIL=0
Running from MTM=True, running on machine name:CMP01-INDIASQA, user name=ykumar, OS=Microsoft Windows NT 6.1.7601 Service Pack 1, Is64BitOS=True</Message>
          <Message>[5/15/2018 12:59:17 AM]&lt;INFO&gt;LogCPUAndMemoryUsage: Available Memory = 24401(MB), CPU Usage = 16.20584%</Message>
          <Message>[5/15/2018 12:59:17 AM]&lt;INFO&gt;Private Working Set for QTAgent32_40, usage=223472 (K)</Message>
          <Message>[5/15/2018 12:59:17 AM]&lt;INFO&gt;Path To TestConfig xml=E:\LoadTestResult\VSEQT\QTAgent\26973\CMP01-INDIASQA.horizonhobby.com\Deployment\SharedCommonConfig.xml</Message>
          <Message>[5/15/2018 12:59:17 AM]&lt;INFO&gt;Path To TestData xml=E:\LoadTestResult\VSEQT\QTAgent\26973\CMP01-INDIASQA.horizonhobby.com\Deployment\ProductPageTestData_005916.xml</Message>
          <Message>[5/15/2018 12:59:17 AM]&lt;INFO&gt;Path To HorizonHobbyQA Application Url=https://www-tst.horizonhobby.com</Message>
          <Message>[5/15/2018 12:59:17 AM]&lt;INFO&gt;HorizonHobbyQA sql connection string=Server=cmp02-ws-tst-db01:50000;Database=TST01DB;UID=wcdbuser;PWD=h0r1z0n;Connect Timeout=30</Message>
          <Message>[5/15/2018 12:59:17 AM]&lt;INFO&gt;Country is := US and language id is := '-1'</Message>
          <Message>[5/15/2018 12:59:17 AM]&lt;INFO&gt;Current browser used for test execution is = 'IE'</Message>
          <Message>[5/15/2018 12:59:17 AM]&lt;INFO&gt;GetProductWithPartsAndListingAndCompletionGuide executing... </Message>
          <Message>[5/15/2018 12:59:22 AM]&lt;INFO&gt;SearchProductexecuting ... Searching term:= 'EVOE0520'</Message>
          <Message>[5/15/2018 12:59:28 AM]&lt;Info&gt;AllBrowserWindow : Locating browser window...</Message>
          <Message>[5/15/2018 12:59:53 AM]&lt;Info&gt;AllBrowserWindow : Locating browser window...</Message>
          <Message>[5/15/2018 1:00:20 AM]&lt;Info&gt;AllBrowserWindow : Locating browser window...</Message>
          <Message>[5/15/2018 1:00:20 AM]&lt;INFO&gt;ClickSearchResultCell : No product found on search page with title ... :- Evolution 52NX 8,5 cc Motor m. Schalldämpfer</Message>
          <Message>[5/15/2018 1:00:20 AM]&lt;CaptureImage&gt;\\CMP01-YKumar\AutoLog\CMP01-INDIASQA\ProductPagePartsAndAccessoriesTabMerchAssocDisplay_20180515010020.png</Message>
          <Message>Assert.Fail failed. [5/15/2018 1:00:57 AM]&lt;Error&gt;SetObject : failed executing ...The playback failed to find the control with the given search properties. Additional Details: 
TechnologyName:  'Web'
ControlType:  'Hyperlink'
TagName:  'A'
Id:  'tab_parts_link'
 Failed to find any control that matched the value tab_parts_link for the search property Id., 
    StackTrace:
    SetObject(),SharedProductPage.cs,Line Number:1096
    SelectProductPageTab(),SharedProductPage.cs,Line Number:910
    ProductPagePartsAndAccessoriesTabMerchAssocDisplay(),ProductPage.cs,Line Number:5340</Message>
          <Message>[5/15/2018 1:00:57 AM]&lt;CaptureImage&gt;\\CMP01-YKumar\AutoLog\CMP01-INDIASQA\ProductPagePartsAndAccessoriesTabMerchAssocDisplay_20180515010057.png</Message>
          <Message>Assert.Fail failed. [5/15/2018 1:01:06 AM]&lt;Error&gt;SetObject : failed executing ...The playback failed to find the control with the given search properties. Additional Details: 
TechnologyName:  'Web'
ControlType:  'Hyperlink'
TagName:  'A'
Id:  'tab_parts_link'
 Failed to find any control that matched the value tab_parts_link for the search property Id., 
    StackTrace:
    SetObject(),SharedProductPage.cs,Line Number:1096
    GetPartsAndListingMerchendisingAssociatesList(),SharedProductPage.cs,Line Number:1024
    ProductPagePartsAndAccessoriesTabMerchAssocDisplay(),ProductPage.cs,Line Number:5342</Message>
          <Message>[5/15/2018 1:01:06 AM]&lt;CaptureImage&gt;\\CMP01-YKumar\AutoLog\CMP01-INDIASQA\ProductPagePartsAndAccessoriesTabMerchAssocDisplay_20180515010106.png</Message>
          <Message>Assert.Fail failed. [5/15/2018 1:01:14 AM]&lt;Error&gt;GetPartsAndListingMerchendisingAssociatesList : failed executing ...The playback failed to find the control with the given search properties. Additional Details: 
TechnologyName:  'Web'
ControlType:  'Pane'
TagName:  'DIV'
Id:  'tab_parts_content'
 Failed to find any control that matched the search condition ControlType='Pane' &amp;&amp; Id=&gt;'tab_parts_content', 
    StackTrace:
    GetPartsAndListingMerchendisingAssociatesList(),SharedProductPage.cs,Line Number:1068
    ProductPagePartsAndAccessoriesTabMerchAssocDisplay(),ProductPage.cs,Line Number:5342</Message>
          <Message>[5/15/2018 1:01:14 AM]&lt;CaptureImage&gt;\\CMP01-YKumar\AutoLog\CMP01-INDIASQA\ProductPagePartsAndAccessoriesTabMerchAssocDisplay_20180515010114.png</Message>
          <Message>Assert.Fail failed. [5/15/2018 1:01:14 AM]&lt;Error&gt;ProductPagePartsAndAccessoriesTabMerchAssocDisplay : failed executing ...The given key was not present in the dictionary., 
    StackTrace:
    ProductPagePartsAndAccessoriesTabMerchAssocDisplay(),ProductPage.cs,Line Number:5370</Message>
          <Message>[5/15/2018 1:01:14 AM]&lt;CaptureImage&gt;\\CMP01-YKumar\AutoLog\CMP01-INDIASQA\ProductPagePartsAndAccessoriesTabMerchAssocDisplay_20180515010114.png</Message>
          <Message>[5/15/2018 1:01:14 AM]&lt;RESULT&gt;Test Ended:#PASS=0, #FAIL=0,#Other errors=4</Message>
          <Message>[5/15/2018 1:01:15 AM]&lt;INFO&gt;LogCPUAndMemoryUsage: Available Memory = 24261(MB), CPU Usage = 6.492907%</Message>
          <Message>[5/15/2018 1:01:15 AM]&lt;INFO&gt;Private Working Set for QTAgent32_40, usage=231632 (K)</Message>
          <Message>[5/15/2018 1:01:15 AM]&lt;RESULT&gt;&lt;ProductPagePartsAndAccessoriesTabMerchAssocDisplay&gt; Test FAILED: #Other errors=4. See Error Message/logs for further details.</Message>
        </TextMessages>
      </Output>
      <ResultFiles>
        <ResultFile path="CMP01-INDIASQA.horizonhobby.com\ProductPagePartsAndAccessoriesTabMerchAssocDisplay_20180515005916.log" />
        <ResultFile path="CMP01-INDIASQA.horizonhobby.com\ProductPagePartsAndAccessoriesTabMerchAssocDisplay_20180515010020.png" />
        <ResultFile path="CMP01-INDIASQA.horizonhobby.com\ProductPagePartsAndAccessoriesTabMerchAssocDisplay_20180515010057.png" />
        <ResultFile path="CMP01-INDIASQA.horizonhobby.com\ProductPagePartsAndAccessoriesTabMerchAssocDisplay_20180515010106.png" />
        <ResultFile path="CMP01-INDIASQA.horizonhobby.com\ProductPagePartsAndAccessoriesTabMerchAssocDisplay_20180515010114.png" />
        <ResultFile path="CMP01-INDIASQA.horizonhobby.com\ProductPagePartsAndAccessoriesTabMerchAssocDisplay_ResultsONLY_20180515005916.log" />
        <ResultFile path="CMP01-INDIASQA.horizonhobby.com\ProductPageTestData_005916.xml" />
        <ResultFile path="CMP01-INDIASQA.horizonhobby.com\SharedCommonConfig.xml" />
      </ResultFiles>
    </UnitTestResult>
    <UnitTestResult executionId="4b3b3d8c-4914-4bee-a530-991ef9f5ad58" testId="f04049b0-8a45-29a6-0522-a2ffbed7f80e" testName="BrickAndMortarSearchResultPage" computerName="CMP01-INDIASQA" duration="00:00:29.6466033" startTime="2018-05-15T01:01:17.5683948-05:00" endTime="2018-05-15T01:01:47.2403948-05:00" testType="13cdc9d9-ddb5-4fa4-a97d-d965ccfc6d4b" outcome="Passed" testListId="8c84fa94-04c1-424b-9868-57a2d4851a1d" relativeResultsDirectory="4b3b3d8c-4914-4bee-a530-991ef9f5ad58">
      <Output>
        <StdOut>Logging to custom path:\\CMP01-YKumar\AutoLog</StdOut>
        <TextMessages>
          <Message>[5/15/2018 1:01:17 AM]&lt;STARTLOG&gt;&lt;BrickAndMortarSearchResultPage&gt;Test Started: Expecting: #PASS=Undefined and #FAIL=0
Running from MTM=True, running on machine name:CMP01-INDIASQA, user name=ykumar, OS=Microsoft Windows NT 6.1.7601 Service Pack 1, Is64BitOS=True</Message>
          <Message>[5/15/2018 1:01:18 AM]&lt;INFO&gt;LogCPUAndMemoryUsage: Available Memory = 24391(MB), CPU Usage = 17.3658%</Message>
          <Message>[5/15/2018 1:01:18 AM]&lt;INFO&gt;Private Working Set for QTAgent32_40, usage=231860 (K)</Message>
          <Message>[5/15/2018 1:01:18 AM]&lt;INFO&gt;Path To TestConfig xml=E:\LoadTestResult\VSEQT\QTAgent\26973\CMP01-INDIASQA.horizonhobby.com\Deployment\SharedCommonConfig.xml</Message>
          <Message>[5/15/2018 1:01:18 AM]&lt;INFO&gt;Path To TestData xml=E:\LoadTestResult\VSEQT\QTAgent\26973\CMP01-INDIASQA.horizonhobby.com\Deployment\SearchTestData_010117.xml</Message>
          <Message>[5/15/2018 1:01:18 AM]&lt;INFO&gt;Path To HorizonHobbyQA Application Url=https://www-tst.horizonhobby.com</Message>
          <Message>[5/15/2018 1:01:18 AM]&lt;INFO&gt;HorizonHobbyQA sql connection string=Server=cmp02-ws-tst-db01:50000;Database=TST01DB;UID=wcdbuser;PWD=h0r1z0n;Connect Timeout=30</Message>
          <Message>[5/15/2018 1:01:18 AM]&lt;INFO&gt;Country is := US and language id is := '-1'</Message>
          <Message>[5/15/2018 1:01:18 AM]&lt;INFO&gt;Current browser used for test execution is = 'IE'</Message>
          <Message>[5/15/2018 1:01:22 AM]&lt;Info&gt;AllBrowserWindow : Locating browser window...</Message>
          <Message>[5/15/2018 1:01:22 AM]&lt;INFO&gt;SearchProductexecuting ... Searching term:= 'BLH7600'</Message>
          <Message>[5/15/2018 1:01:29 AM]&lt;Info&gt;AllBrowserWindow : Locating browser window...</Message>
          <Message>[5/15/2018 1:01:30 AM]&lt;PASS&gt;&lt;BrickAndMortarSearchResultPage&gt;&lt;Validates In Store only message exist&gt;</Message>
          <Message>[5/15/2018 1:01:31 AM]&lt;PASS&gt;&lt;BrickAndMortarSearchResultPage&gt;&lt;Validates Star Rating exist&gt;</Message>
          <Message>[5/15/2018 1:01:33 AM]&lt;PASS&gt;&lt;BrickAndMortarSearchResultPage&gt;&lt;Validates inventory stock status does not exist&gt;</Message>
          <Message>[5/15/2018 1:01:36 AM]&lt;PASS&gt;&lt;BrickAndMortarSearchResultPage&gt;&lt;Validates Free Shipping message does not exist&gt;</Message>
          <Message>[5/15/2018 1:01:36 AM]&lt;PASS&gt;&lt;BrickAndMortarSearchResultPage&gt;&lt;Validates Price exist&gt;</Message>
          <Message>[5/15/2018 1:01:38 AM]&lt;PASS&gt;&lt;BrickAndMortarSearchResultPage&gt;&lt;Find a retailer link does not exist&gt;</Message>
          <Message>[5/15/2018 1:01:41 AM]&lt;PASS&gt;&lt;BrickAndMortarSearchResultPage&gt;&lt;Compare checkbox does not exist&gt;</Message>
          <Message>[5/15/2018 1:01:44 AM]&lt;PASS&gt;&lt;BrickAndMortarSearchResultPage&gt;&lt;Quick Info link does not exist&gt;</Message>
          <Message>[5/15/2018 1:01:44 AM]&lt;RESULT&gt;Test Ended:#PASS=8, #FAIL=0</Message>
          <Message>[5/15/2018 1:01:45 AM]&lt;INFO&gt;LogCPUAndMemoryUsage: Available Memory = 24247(MB), CPU Usage = 2.88937%</Message>
          <Message>[5/15/2018 1:01:45 AM]&lt;INFO&gt;Private Working Set for QTAgent32_40, usage=215068 (K)</Message>
          <Message>[5/15/2018 1:01:45 AM]&lt;RESULT&gt;&lt;BrickAndMortarSearchResultPage&gt; Test PASSED</Message>
        </TextMessages>
      </Output>
      <ResultFiles>
        <ResultFile path="CMP01-INDIASQA.horizonhobby.com\BrickAndMortarSearchResultPage_20180515010117.log" />
        <ResultFile path="CMP01-INDIASQA.horizonhobby.com\BrickAndMortarSearchResultPage_ResultsONLY_20180515010117.log" />
        <ResultFile path="CMP01-INDIASQA.horizonhobby.com\SearchTestData_010117.xml" />
        <ResultFile path="CMP01-INDIASQA.horizonhobby.com\SharedCommonConfig.xml" />
      </ResultFiles>
    </UnitTestResult>
    <UnitTestResult executionId="d7b5913c-a29a-4ddd-812b-e91cd56a185c" testId="5ca37790-c1bc-3fc7-2a19-9fe976f9c850" testName="GlobalSettingsFooterDisplay" computerName="CMP01-INDIASQA" duration="00:05:36.7194150" startTime="2018-05-15T01:01:47.2423948-05:00" endTime="2018-05-15T01:07:24.2433948-05:00" testType="13cdc9d9-ddb5-4fa4-a97d-d965ccfc6d4b" outcome="Passed" testListId="8c84fa94-04c1-424b-9868-57a2d4851a1d" relativeResultsDirectory="d7b5913c-a29a-4ddd-812b-e91cd56a185c">
      <Output>
        <StdOut>Logging to custom path:\\CMP01-YKumar\AutoLog</StdOut>
        <TextMessages>
          <Message>[5/15/2018 1:01:47 AM]&lt;STARTLOG&gt;&lt;GlobalSettingsFooterDisplay&gt;Test Started: Expecting: #PASS=Undefined and #FAIL=0
Running from MTM=True, running on machine name:CMP01-INDIASQA, user name=ykumar, OS=Microsoft Windows NT 6.1.7601 Service Pack 1, Is64BitOS=True</Message>
          <Message>[5/15/2018 1:01:49 AM]&lt;INFO&gt;LogCPUAndMemoryUsage: Available Memory = 24390(MB), CPU Usage = 15.45401%</Message>
          <Message>[5/15/2018 1:01:49 AM]&lt;INFO&gt;Private Working Set for QTAgent32_40, usage=218132 (K)</Message>
          <Message>[5/15/2018 1:01:50 AM]&lt;INFO&gt;Path To TestConfig xml=E:\LoadTestResult\VSEQT\QTAgent\26973\CMP01-INDIASQA.horizonhobby.com\Deployment\SharedCommonConfig.xml</Message>
          <Message>[5/15/2018 1:01:50 AM]&lt;INFO&gt;Path To TestData xml=E:\LoadTestResult\VSEQT\QTAgent\26973\CMP01-INDIASQA.horizonhobby.com\Deployment\GlobalSettingsTestData_010147.xml</Message>
          <Message>[5/15/2018 1:01:50 AM]&lt;INFO&gt;Path To HorizonHobbyQA Application Url=https://www-tst.horizonhobby.com</Message>
          <Message>[5/15/2018 1:01:50 AM]&lt;INFO&gt;HorizonHobbyQA sql connection string=Server=cmp02-ws-tst-db01:50000;Database=TST01DB;UID=wcdbuser;PWD=h0r1z0n;Connect Timeout=30</Message>
          <Message>[5/15/2018 1:01:50 AM]&lt;INFO&gt;Country is := US and language id is := '-1'</Message>
          <Message>[5/15/2018 1:01:50 AM]&lt;INFO&gt;Current browser used for test execution is = 'IE'</Message>
          <Message>[5/15/2018 1:01:55 AM]&lt;INFO&gt;KeyboardSendKeys method executing...</Message>
          <Message>[5/15/2018 1:02:04 AM]&lt;PASS&gt;&lt;GlobalSettingsFooterDisplay&gt;&lt; Validates footer url  Horizon Hobby Specials opens&gt;</Message>
          <Message>[5/15/2018 1:02:04 AM]&lt;INFO&gt;KeyboardSendKeys method executing...</Message>
          <Message>[5/15/2018 1:02:12 AM]&lt;PASS&gt;&lt;GlobalSettingsFooterDisplay&gt;&lt; Validates footer layout is not changed on page Horizon Hobby Specials.&gt;</Message>
          <Message>[5/15/2018 1:02:13 AM]&lt;INFO&gt;KeyboardSendKeys method executing...</Message>
          <Message>[5/15/2018 1:02:21 AM]&lt;PASS&gt;&lt;GlobalSettingsFooterDisplay&gt;&lt; Validates footer url  Online Publications opens&gt;</Message>
          <Message>[5/15/2018 1:02:21 AM]&lt;INFO&gt;KeyboardSendKeys method executing...</Message>
          <Message>[5/15/2018 1:02:22 AM]&lt;PASS&gt;&lt;GlobalSettingsFooterDisplay&gt;&lt; Validates footer layout is not changed on page Online Publications.&gt;</Message>
          <Message>[5/15/2018 1:02:23 AM]&lt;INFO&gt;KeyboardSendKeys method executing...</Message>
          <Message>[5/15/2018 1:02:31 AM]&lt;PASS&gt;&lt;GlobalSettingsFooterDisplay&gt;&lt; Validates footer url  eGift Cards opens&gt;</Message>
          <Message>[5/15/2018 1:02:31 AM]&lt;INFO&gt;KeyboardSendKeys method executing...</Message>
          <Message>[5/15/2018 1:02:34 AM]&lt;PASS&gt;&lt;GlobalSettingsFooterDisplay&gt;&lt; Validates footer layout is not changed on page eGift Cards.&gt;</Message>
          <Message>[5/15/2018 1:02:35 AM]&lt;INFO&gt;KeyboardSendKeys method executing...</Message>
          <Message>[5/15/2018 1:02:43 AM]&lt;PASS&gt;&lt;GlobalSettingsFooterDisplay&gt;&lt; Validates footer url  Battery Finder opens&gt;</Message>
          <Message>[5/15/2018 1:02:43 AM]&lt;INFO&gt;KeyboardSendKeys method executing...</Message>
          <Message>[5/15/2018 1:02:45 AM]&lt;PASS&gt;&lt;GlobalSettingsFooterDisplay&gt;&lt; Validates footer layout is not changed on page Battery Finder.&gt;</Message>
          <Message>[5/15/2018 1:02:46 AM]&lt;INFO&gt;KeyboardSendKeys method executing...</Message>
          <Message>[5/15/2018 1:02:54 AM]&lt;PASS&gt;&lt;GlobalSettingsFooterDisplay&gt;&lt; Validates footer url  Parts Finder opens&gt;</Message>
          <Message>[5/15/2018 1:02:54 AM]&lt;INFO&gt;KeyboardSendKeys method executing...</Message>
          <Message>[5/15/2018 1:02:55 AM]&lt;PASS&gt;&lt;GlobalSettingsFooterDisplay&gt;&lt; Validates footer layout is not changed on page Parts Finder.&gt;</Message>
          <Message>[5/15/2018 1:02:56 AM]&lt;INFO&gt;KeyboardSendKeys method executing...</Message>
          <Message>[5/15/2018 1:03:04 AM]&lt;PASS&gt;&lt;GlobalSettingsFooterDisplay&gt;&lt; Validates footer url  Horizon Hobby Video Channels opens&gt;</Message>
          <Message>[5/15/2018 1:03:04 AM]&lt;INFO&gt;KeyboardSendKeys method executing...</Message>
          <Message>[5/15/2018 1:03:06 AM]&lt;PASS&gt;&lt;GlobalSettingsFooterDisplay&gt;&lt; Validates footer layout is not changed on page Horizon Hobby Video Channels.&gt;</Message>
          <Message>[5/15/2018 1:03:06 AM]&lt;INFO&gt;KeyboardSendKeys method executing...</Message>
          <Message>[5/15/2018 1:03:15 AM]&lt;PASS&gt;&lt;GlobalSettingsFooterDisplay&gt;&lt; Validates footer url  Track Locator opens&gt;</Message>
          <Message>[5/15/2018 1:03:15 AM]&lt;INFO&gt;KeyboardSendKeys method executing...</Message>
          <Message>[5/15/2018 1:03:16 AM]&lt;PASS&gt;&lt;GlobalSettingsFooterDisplay&gt;&lt; Validates footer layout is not changed on page Track Locator.&gt;</Message>
          <Message>[5/15/2018 1:03:16 AM]&lt;INFO&gt;KeyboardSendKeys method executing...</Message>
          <Message>[5/15/2018 1:03:25 AM]&lt;PASS&gt;&lt;GlobalSettingsFooterDisplay&gt;&lt; Validates footer url  Events Calendar opens&gt;</Message>
          <Message>[5/15/2018 1:03:25 AM]&lt;INFO&gt;KeyboardSendKeys method executing...</Message>
          <Message>[5/15/2018 1:03:30 AM]&lt;PASS&gt;&lt;GlobalSettingsFooterDisplay&gt;&lt; Validates footer layout is not changed on page Events Calendar.&gt;</Message>
          <Message>[5/15/2018 1:03:31 AM]&lt;INFO&gt;KeyboardSendKeys method executing...</Message>
          <Message>[5/15/2018 1:03:39 AM]&lt;PASS&gt;&lt;GlobalSettingsFooterDisplay&gt;&lt; Validates footer url  Genuine Product Purchasing opens&gt;</Message>
          <Message>[5/15/2018 1:03:39 AM]&lt;INFO&gt;KeyboardSendKeys method executing...</Message>
          <Message>[5/15/2018 1:03:40 AM]&lt;PASS&gt;&lt;GlobalSettingsFooterDisplay&gt;&lt; Validates footer layout is not changed on page Genuine Product Purchasing.&gt;</Message>
          <Message>[5/15/2018 1:03:40 AM]&lt;INFO&gt;KeyboardSendKeys method executing...</Message>
          <Message>[5/15/2018 1:03:49 AM]&lt;PASS&gt;&lt;GlobalSettingsFooterDisplay&gt;&lt; Validates Footer URL Know Before You Fly open&gt;</Message>
          <Message>[5/15/2018 1:03:49 AM]&lt;Info&gt;AllBrowserWindow : Locating browser window...</Message>
          <Message>[5/15/2018 1:04:04 AM]&lt;INFO&gt;ClickAcceptCookiesAgreement : failed executing ...</Message>
          <Message>[5/15/2018 1:04:17 AM]&lt;INFO&gt;KeyboardSendKeys method executing...</Message>
          <Message>[5/15/2018 1:04:19 AM]&lt;INFO&gt;KeyboardSendKeys method executing...</Message>
          <Message>[5/15/2018 1:04:27 AM]&lt;PASS&gt;&lt;GlobalSettingsFooterDisplay&gt;&lt; Validates footer url  Unmanned Aircraft Systems (UAS) Registration do opens. Bug#9818&gt;</Message>
          <Message>[5/15/2018 1:04:28 AM]&lt;INFO&gt;KeyboardSendKeys method executing...</Message>
          <Message>[5/15/2018 1:04:37 AM]&lt;PASS&gt;&lt;GlobalSettingsFooterDisplay&gt;&lt; Validates footer url  Service Center opens&gt;</Message>
          <Message>[5/15/2018 1:04:37 AM]&lt;INFO&gt;KeyboardSendKeys method executing...</Message>
          <Message>[5/15/2018 1:04:38 AM]&lt;PASS&gt;&lt;GlobalSettingsFooterDisplay&gt;&lt; Validates footer layout is not changed on page Service Center.&gt;</Message>
          <Message>[5/15/2018 1:04:38 AM]&lt;INFO&gt;KeyboardSendKeys method executing...</Message>
          <Message>[5/15/2018 1:04:47 AM]&lt;PASS&gt;&lt;GlobalSettingsFooterDisplay&gt;&lt; Validates footer url  Return Policy opens&gt;</Message>
          <Message>[5/15/2018 1:04:47 AM]&lt;INFO&gt;KeyboardSendKeys method executing...</Message>
          <Message>[5/15/2018 1:04:48 AM]&lt;PASS&gt;&lt;GlobalSettingsFooterDisplay&gt;&lt; Validates footer layout is not changed on page Return Policy.&gt;</Message>
          <Message>[5/15/2018 1:04:48 AM]&lt;INFO&gt;KeyboardSendKeys method executing...</Message>
          <Message>[5/15/2018 1:04:57 AM]&lt;PASS&gt;&lt;GlobalSettingsFooterDisplay&gt;&lt; Validates footer url  Shipping Policy opens&gt;</Message>
          <Message>[5/15/2018 1:04:57 AM]&lt;INFO&gt;KeyboardSendKeys method executing...</Message>
          <Message>[5/15/2018 1:04:58 AM]&lt;PASS&gt;&lt;GlobalSettingsFooterDisplay&gt;&lt; Validates footer layout is not changed on page Shipping Policy.&gt;</Message>
          <Message>[5/15/2018 1:04:58 AM]&lt;INFO&gt;KeyboardSendKeys method executing...</Message>
          <Message>[5/15/2018 1:05:07 AM]&lt;PASS&gt;&lt;GlobalSettingsFooterDisplay&gt;&lt; Validates footer url  International Shipping Policy FAQs opens&gt;</Message>
          <Message>[5/15/2018 1:05:07 AM]&lt;INFO&gt;KeyboardSendKeys method executing...</Message>
          <Message>[5/15/2018 1:05:08 AM]&lt;PASS&gt;&lt;GlobalSettingsFooterDisplay&gt;&lt; Validates footer layout is not changed on page International Shipping Policy FAQs.&gt;</Message>
          <Message>[5/15/2018 1:05:08 AM]&lt;INFO&gt;KeyboardSendKeys method executing...</Message>
          <Message>[5/15/2018 1:05:17 AM]&lt;PASS&gt;&lt;GlobalSettingsFooterDisplay&gt;&lt; Validates footer url  Payment Options opens&gt;</Message>
          <Message>[5/15/2018 1:05:17 AM]&lt;INFO&gt;KeyboardSendKeys method executing...</Message>
          <Message>[5/15/2018 1:05:18 AM]&lt;PASS&gt;&lt;GlobalSettingsFooterDisplay&gt;&lt; Validates footer layout is not changed on page Payment Options.&gt;</Message>
          <Message>[5/15/2018 1:05:18 AM]&lt;INFO&gt;KeyboardSendKeys method executing...</Message>
          <Message>[5/15/2018 1:05:27 AM]&lt;PASS&gt;&lt;GlobalSettingsFooterDisplay&gt;&lt; Validates footer url  Tech Support opens&gt;</Message>
          <Message>[5/15/2018 1:05:27 AM]&lt;INFO&gt;KeyboardSendKeys method executing...</Message>
          <Message>[5/15/2018 1:05:28 AM]&lt;PASS&gt;&lt;GlobalSettingsFooterDisplay&gt;&lt; Validates footer layout is not changed on page Tech Support.&gt;</Message>
          <Message>[5/15/2018 1:05:28 AM]&lt;INFO&gt;KeyboardSendKeys method executing...</Message>
          <Message>[5/15/2018 1:05:37 AM]&lt;PASS&gt;&lt;GlobalSettingsFooterDisplay&gt;&lt; Validates Footer URL About Us open&gt;</Message>
          <Message>[5/15/2018 1:05:37 AM]&lt;Info&gt;AllBrowserWindow : Locating browser window...</Message>
          <Message>[5/15/2018 1:05:48 AM]&lt;INFO&gt;KeyboardSendKeys method executing...</Message>
          <Message>[5/15/2018 1:05:49 AM]&lt;INFO&gt;KeyboardSendKeys method executing...</Message>
          <Message>[5/15/2018 1:05:58 AM]&lt;PASS&gt;&lt;GlobalSettingsFooterDisplay&gt;&lt; Validates footer url  Best Brands opens&gt;</Message>
          <Message>[5/15/2018 1:05:58 AM]&lt;INFO&gt;KeyboardSendKeys method executing...</Message>
          <Message>[5/15/2018 1:05:59 AM]&lt;PASS&gt;&lt;GlobalSettingsFooterDisplay&gt;&lt; Validates footer layout is not changed on page Best Brands.&gt;</Message>
          <Message>[5/15/2018 1:05:59 AM]&lt;INFO&gt;KeyboardSendKeys method executing...</Message>
          <Message>[5/15/2018 1:06:08 AM]&lt;PASS&gt;&lt;GlobalSettingsFooterDisplay&gt;&lt; Validates Footer URL Become a Dealer open&gt;</Message>
          <Message>[5/15/2018 1:06:08 AM]&lt;Info&gt;AllBrowserWindow : Locating browser window...</Message>
          <Message>[5/15/2018 1:06:21 AM]&lt;INFO&gt;KeyboardSendKeys method executing...</Message>
          <Message>[5/15/2018 1:06:22 AM]&lt;INFO&gt;KeyboardSendKeys method executing...</Message>
          <Message>[5/15/2018 1:06:30 AM]&lt;PASS&gt;&lt;GlobalSettingsFooterDisplay&gt;&lt; Validates Footer URL Careers open&gt;</Message>
          <Message>[5/15/2018 1:06:30 AM]&lt;INFO&gt;KeyboardSendKeys method executing...</Message>
          <Message>[5/15/2018 1:06:39 AM]&lt;PASS&gt;&lt;GlobalSettingsFooterDisplay&gt;&lt; Validates footer url  Privacy Policy opens&gt;</Message>
          <Message>[5/15/2018 1:06:39 AM]&lt;INFO&gt;KeyboardSendKeys method executing...</Message>
          <Message>[5/15/2018 1:06:40 AM]&lt;PASS&gt;&lt;GlobalSettingsFooterDisplay&gt;&lt; Validates footer layout is not changed on page Privacy Policy.&gt;</Message>
          <Message>[5/15/2018 1:06:40 AM]&lt;INFO&gt;KeyboardSendKeys method executing...</Message>
          <Message>[5/15/2018 1:06:49 AM]&lt;PASS&gt;&lt;GlobalSettingsFooterDisplay&gt;&lt; Validates footer url  Terms of Use opens&gt;</Message>
          <Message>[5/15/2018 1:06:49 AM]&lt;INFO&gt;KeyboardSendKeys method executing...</Message>
          <Message>[5/15/2018 1:06:50 AM]&lt;PASS&gt;&lt;GlobalSettingsFooterDisplay&gt;&lt; Validates footer layout is not changed on page Terms of Use.&gt;</Message>
          <Message>[5/15/2018 1:06:50 AM]&lt;INFO&gt;KeyboardSendKeys method executing...</Message>
          <Message>[5/15/2018 1:06:59 AM]&lt;PASS&gt;&lt;GlobalSettingsFooterDisplay&gt;&lt; Validates footer url  Product Recalls opens&gt;</Message>
          <Message>[5/15/2018 1:06:59 AM]&lt;INFO&gt;KeyboardSendKeys method executing...</Message>
          <Message>[5/15/2018 1:07:00 AM]&lt;PASS&gt;&lt;GlobalSettingsFooterDisplay&gt;&lt; Validates footer layout is not changed on page Product Recalls.&gt;</Message>
          <Message>[5/15/2018 1:07:00 AM]&lt;INFO&gt;KeyboardSendKeys method executing...</Message>
          <Message>[5/15/2018 1:07:09 AM]&lt;PASS&gt;&lt;GlobalSettingsFooterDisplay&gt;&lt; Validates footer url  Certificates of Compliance opens&gt;</Message>
          <Message>[5/15/2018 1:07:09 AM]&lt;INFO&gt;KeyboardSendKeys method executing...</Message>
          <Message>[5/15/2018 1:07:10 AM]&lt;PASS&gt;&lt;GlobalSettingsFooterDisplay&gt;&lt; Validates footer layout is not changed on page Certificates of Compliance.&gt;</Message>
          <Message>[5/15/2018 1:07:10 AM]&lt;INFO&gt;KeyboardSendKeys method executing...</Message>
          <Message>[5/15/2018 1:07:19 AM]&lt;PASS&gt;&lt;GlobalSettingsFooterDisplay&gt;&lt; Validates footer url  Horizon Hobby Trademarks opens&gt;</Message>
          <Message>[5/15/2018 1:07:19 AM]&lt;INFO&gt;KeyboardSendKeys method executing...</Message>
          <Message>[5/15/2018 1:07:20 AM]&lt;PASS&gt;&lt;GlobalSettingsFooterDisplay&gt;&lt; Validates footer layout is not changed on page Horizon Hobby Trademarks.&gt;</Message>
          <Message>[5/15/2018 1:07:21 AM]&lt;RESULT&gt;Test Ended:#PASS=47, #FAIL=0</Message>
          <Message>[5/15/2018 1:07:22 AM]&lt;INFO&gt;LogCPUAndMemoryUsage: Available Memory = 23944(MB), CPU Usage = 0%</Message>
          <Message>[5/15/2018 1:07:22 AM]&lt;INFO&gt;Private Working Set for QTAgent32_40, usage=230252 (K)</Message>
          <Message>[5/15/2018 1:07:22 AM]&lt;RESULT&gt;&lt;GlobalSettingsFooterDisplay&gt; Test PASSED</Message>
        </TextMessages>
      </Output>
    </UnitTestResult>
    <UnitTestResult executionId="e781cae3-a792-434a-b7e8-fae18089e516" testId="780f8ca6-0b89-206d-fa11-a594df9ce382" testName="MyAccountLandingPage" computerName="CMP01-INDIASQA" duration="00:02:24.0556835" startTime="2018-05-15T01:07:24.2443948-05:00" endTime="2018-05-15T01:09:48.3283948-05:00" testType="13cdc9d9-ddb5-4fa4-a97d-d965ccfc6d4b" outcome="Passed" testListId="8c84fa94-04c1-424b-9868-57a2d4851a1d" relativeResultsDirectory="e781cae3-a792-434a-b7e8-fae18089e516">
      <Output>
        <StdOut>Logging to custom path:\\CMP01-YKumar\AutoLog</StdOut>
        <TextMessages>
          <Message>[5/15/2018 1:07:24 AM]&lt;STARTLOG&gt;&lt;MyAccountLandingPage&gt;Test Started: Expecting: #PASS=Undefined and #FAIL=0
Running from MTM=True, running on machine name:CMP01-INDIASQA, user name=ykumar, OS=Microsoft Windows NT 6.1.7601 Service Pack 1, Is64BitOS=True</Message>
          <Message>[5/15/2018 1:07:25 AM]&lt;INFO&gt;LogCPUAndMemoryUsage: Available Memory = 24372(MB), CPU Usage = 13.8052%</Message>
          <Message>[5/15/2018 1:07:25 AM]&lt;INFO&gt;Private Working Set for QTAgent32_40, usage=230376 (K)</Message>
          <Message>[5/15/2018 1:07:25 AM]&lt;INFO&gt;Path To TestConfig xml=E:\LoadTestResult\VSEQT\QTAgent\26973\CMP01-INDIASQA.horizonhobby.com\Deployment\SharedCommonConfig.xml</Message>
          <Message>[5/15/2018 1:07:25 AM]&lt;INFO&gt;Path To TestData xml=E:\LoadTestResult\VSEQT\QTAgent\26973\CMP01-INDIASQA.horizonhobby.com\Deployment\MyAccountTestData_010724.xml</Message>
          <Message>[5/15/2018 1:07:25 AM]&lt;INFO&gt;Path To HorizonHobbyQA Application Url=https://www-tst.horizonhobby.com</Message>
          <Message>[5/15/2018 1:07:25 AM]&lt;INFO&gt;HorizonHobbyQA sql connection string=Server=cmp02-ws-tst-db01:50000;Database=TST01DB;UID=wcdbuser;PWD=h0r1z0n;Connect Timeout=30</Message>
          <Message>[5/15/2018 1:07:25 AM]&lt;INFO&gt;Country is := US and language id is := '-1'</Message>
          <Message>[5/15/2018 1:07:25 AM]&lt;INFO&gt;Current browser used for test execution is = 'IE'</Message>
          <Message>[5/15/2018 1:07:41 AM]&lt;INFO&gt;SurveyWindow : method executing ...</Message>
          <Message>[5/15/2018 1:07:51 AM]&lt;INFO&gt;ContinueOnCertificationErrorClickexecuting ...</Message>
          <Message>[5/15/2018 1:07:51 AM]&lt;Info&gt;DEAllBrowserWindow : Locating browser window...</Message>
          <Message>[5/15/2018 1:07:59 AM]&lt;INFO&gt;UserRegistration : method executing ...</Message>
          <Message>[5/15/2018 1:07:59 AM]&lt;Info&gt;AllBrowserWindow : Locating browser window...</Message>
          <Message>[5/15/2018 1:08:26 AM]&lt;Info&gt;AllBrowserWindow : Locating browser window...</Message>
          <Message>[5/15/2018 1:08:43 AM]&lt;Info&gt;AllBrowserWindow : Locating browser window...</Message>
          <Message>[5/15/2018 1:08:55 AM]&lt;PASS&gt;&lt;MyAccountLandingPage&gt;&lt; Validates that on My Account Header Text My Account exists &gt;</Message>
          <Message>[5/15/2018 1:09:17 AM]&lt;PASS&gt;&lt;MyAccountLandingPage&gt;&lt; Validates that on My Account Page Account Summary Text exists &gt;</Message>
          <Message>[5/15/2018 1:09:23 AM]&lt;PASS&gt;&lt;MyAccountLandingPage&gt;&lt; Validates that on My Account Page Account Summary Text exists &gt;</Message>
          <Message>[5/15/2018 1:09:23 AM]&lt;PASS&gt;&lt;MyAccountLandingPage&gt;&lt; Validates that on My Account, Account Information Header exists &gt;</Message>
          <Message>[5/15/2018 1:09:23 AM]&lt;PASS&gt;&lt;MyAccountLandingPage&gt;&lt; Validates that on My Account, Recent Order History Header exists &gt;</Message>
          <Message>[5/15/2018 1:09:24 AM]&lt;PASS&gt;&lt;MyAccountLandingPage&gt;&lt; Validates that on My Account page field Name exists&gt;</Message>
          <Message>[5/15/2018 1:09:24 AM]&lt;PASS&gt;&lt;MyAccountLandingPage&gt;&lt; Validates that on My Account page field Vicki Dunbar exists&gt;</Message>
          <Message>[5/15/2018 1:09:24 AM]&lt;PASS&gt;&lt;MyAccountLandingPage&gt;&lt; Validates that on My Account page field Address exists&gt;</Message>
          <Message>[5/15/2018 1:09:24 AM]&lt;PASS&gt;&lt;MyAccountLandingPage&gt;&lt; Validates that on My Account page field 898 Alaxandre Road exists&gt;</Message>
          <Message>[5/15/2018 1:09:24 AM]&lt;PASS&gt;&lt;MyAccountLandingPage&gt;&lt; Validates that on My Account page field City exists&gt;</Message>
          <Message>[5/15/2018 1:09:24 AM]&lt;PASS&gt;&lt;MyAccountLandingPage&gt;&lt; Validates that on My Account page field CA exists&gt;</Message>
          <Message>[5/15/2018 1:09:24 AM]&lt;PASS&gt;&lt;MyAccountLandingPage&gt;&lt; Validates that on My Account page field E-mail exists&gt;</Message>
          <Message>[5/15/2018 1:09:24 AM]&lt;PASS&gt;&lt;MyAccountLandingPage&gt;&lt; Validates that on My Account page field horizonhobbytest7@gmail.com exists&gt;</Message>
          <Message>[5/15/2018 1:09:24 AM]&lt;Info&gt;AllBrowserWindow : Locating browser window...</Message>
          <Message>[5/15/2018 1:09:34 AM]&lt;PASS&gt;&lt;MyAccountLandingPage&gt;&lt; Validates that Account Information Link exists on My Account page&gt;</Message>
          <Message>[5/15/2018 1:09:34 AM]&lt;PASS&gt;&lt;MyAccountLandingPage&gt;&lt; Validates that My Address Book Link exists on My Account page&gt;</Message>
          <Message>[5/15/2018 1:09:34 AM]&lt;PASS&gt;&lt;MyAccountLandingPage&gt;&lt; Validates that Payment Methods Link exists on My Account page&gt;</Message>
          <Message>[5/15/2018 1:09:34 AM]&lt;PASS&gt;&lt;MyAccountLandingPage&gt;&lt; Validates that Manage Wishlists Link exists on My Account page&gt;</Message>
          <Message>[5/15/2018 1:09:34 AM]&lt;PASS&gt;&lt;MyAccountLandingPage&gt;&lt; Validates that Order History Link exists on My Account page&gt;</Message>
          <Message>[5/15/2018 1:09:34 AM]&lt;Info&gt;AllBrowserWindow : Locating browser window...</Message>
          <Message>[5/15/2018 1:09:44 AM]&lt;PASS&gt;&lt;MyAccountLandingPage&gt;&lt; Validates that 'Active Coupons/Certificates' Link exist on My Account page&gt;</Message>
          <Message>[5/15/2018 1:09:44 AM]&lt;PASS&gt;&lt;MyAccountLandingPage&gt;&lt; Validates that 'Active Coupons/Certificates' Link display text is as expected on My Account page&gt;</Message>
          <Message>[5/15/2018 1:09:44 AM]&lt;PASS&gt;&lt;MyAccountLandingPage&gt;&lt; Validates that Rewards Dashboard Link exist on My Account page&gt;</Message>
          <Message>[5/15/2018 1:09:44 AM]&lt;PASS&gt;&lt;MyAccountLandingPage&gt;&lt; Validates that Rewards Dashboard Link display text is as expected on My Account page&gt;</Message>
          <Message>[5/15/2018 1:09:44 AM]&lt;PASS&gt;&lt;MyAccountLandingPage&gt;&lt; Validates that Points Activity Log Link exist on My Account page&gt;</Message>
          <Message>[5/15/2018 1:09:45 AM]&lt;PASS&gt;&lt;MyAccountLandingPage&gt;&lt; Validates that Points Activity Log Link display text is as expected on My Account page&gt;</Message>
          <Message>[5/15/2018 1:09:45 AM]&lt;PASS&gt;&lt;MyAccountLandingPage&gt;&lt; Validates that Rewards Profile Link exist on My Account page&gt;</Message>
          <Message>[5/15/2018 1:09:45 AM]&lt;PASS&gt;&lt;MyAccountLandingPage&gt;&lt; Validates that Rewards Profile Link Link display text is as expected on My Account page&gt;</Message>
          <Message>[5/15/2018 1:09:45 AM]&lt;PASS&gt;&lt;MyAccountLandingPage&gt;&lt; Validates that Rewards Profile Link exist on My Account page&gt;</Message>
          <Message>[5/15/2018 1:09:45 AM]&lt;PASS&gt;&lt;MyAccountLandingPage&gt;&lt; Validates that Rewards Profile Link Link display text is as expected on My Account page&gt;</Message>
          <Message>[5/15/2018 1:09:45 AM]&lt;RESULT&gt;Test Ended:#PASS=28, #FAIL=0</Message>
          <Message>[5/15/2018 1:09:46 AM]&lt;INFO&gt;LogCPUAndMemoryUsage: Available Memory = 24268(MB), CPU Usage = 7.95941%</Message>
          <Message>[5/15/2018 1:09:46 AM]&lt;INFO&gt;Private Working Set for QTAgent32_40, usage=236936 (K)</Message>
          <Message>[5/15/2018 1:09:46 AM]&lt;RESULT&gt;&lt;MyAccountLandingPage&gt; Test PASSED</Message>
        </TextMessages>
      </Output>
    </UnitTestResult>
    <UnitTestResult executionId="8b341358-7822-43c0-8a8c-7a0b8aa67517" testId="6d9fd32a-a94f-b15c-8b40-3d3ca5789585" testName="CheckoutRestrictedCountriesSignedInUser" computerName="CMP01-INDIASQA" duration="00:04:56.3984444" startTime="2018-05-15T01:09:48.3303948-05:00" endTime="2018-05-15T01:14:44.7613948-05:00" testType="13cdc9d9-ddb5-4fa4-a97d-d965ccfc6d4b" outcome="Passed" testListId="8c84fa94-04c1-424b-9868-57a2d4851a1d" relativeResultsDirectory="8b341358-7822-43c0-8a8c-7a0b8aa67517">
      <Output>
        <StdOut>Logging to custom path:\\CMP01-YKumar\AutoLog</StdOut>
        <TextMessages>
          <Message>[5/15/2018 1:09:48 AM]&lt;STARTLOG&gt;&lt;CheckoutRestrictedCountriesSignedInUser&gt;Test Started: Expecting: #PASS=Undefined and #FAIL=0
Running from MTM=True, running on machine name:CMP01-INDIASQA, user name=ykumar, OS=Microsoft Windows NT 6.1.7601 Service Pack 1, Is64BitOS=True</Message>
          <Message>[5/15/2018 1:09:49 AM]&lt;INFO&gt;LogCPUAndMemoryUsage: Available Memory = 24306(MB), CPU Usage = 17.84405%</Message>
          <Message>[5/15/2018 1:09:49 AM]&lt;INFO&gt;Private Working Set for QTAgent32_40, usage=237140 (K)</Message>
          <Message>[5/15/2018 1:09:49 AM]&lt;INFO&gt;Path To TestConfig xml=E:\LoadTestResult\VSEQT\QTAgent\26973\CMP01-INDIASQA.horizonhobby.com\Deployment\SharedCommonConfig.xml</Message>
          <Message>[5/15/2018 1:09:49 AM]&lt;INFO&gt;Path To TestData xml=E:\LoadTestResult\VSEQT\QTAgent\26973\CMP01-INDIASQA.horizonhobby.com\Deployment\CheckoutCommonTestData_010948.xml</Message>
          <Message>[5/15/2018 1:09:49 AM]&lt;INFO&gt;Path To HorizonHobbyQA Application Url=https://www-tst.horizonhobby.com</Message>
          <Message>[5/15/2018 1:09:49 AM]&lt;INFO&gt;HorizonHobbyQA sql connection string=Server=cmp02-ws-tst-db01:50000;Database=TST01DB;UID=wcdbuser;PWD=h0r1z0n;Connect Timeout=30</Message>
          <Message>[5/15/2018 1:09:49 AM]&lt;INFO&gt;Country is := US and language id is := '-1'</Message>
          <Message>[5/15/2018 1:09:49 AM]&lt;INFO&gt;Current browser used for test execution is = 'IE'</Message>
          <Message>[5/15/2018 1:09:56 AM]&lt;INFO&gt;SurveyWindow : method executing ...</Message>
          <Message>[5/15/2018 1:10:04 AM]&lt;INFO&gt;ContinueOnCertificationErrorClickexecuting ...</Message>
          <Message>[5/15/2018 1:10:04 AM]&lt;Info&gt;DEAllBrowserWindow : Locating browser window...</Message>
          <Message>[5/15/2018 1:10:15 AM]&lt;INFO&gt;UserRegistration : method executing ...</Message>
          <Message>[5/15/2018 1:10:15 AM]&lt;Info&gt;AllBrowserWindow : Locating browser window...</Message>
          <Message>[5/15/2018 1:10:41 AM]&lt;Info&gt;AllBrowserWindow : Locating browser window...</Message>
          <Message>[5/15/2018 1:10:58 AM]&lt;Info&gt;AllBrowserWindow : Locating browser window...</Message>
          <Message>[5/15/2018 1:11:14 AM]&lt;INFO&gt;SearchProductexecuting ... Searching term:= 'YUNQ4KBP'</Message>
          <Message>[5/15/2018 1:11:21 AM]&lt;Info&gt;AllBrowserWindow : Locating browser window...</Message>
          <Message>[5/15/2018 1:11:45 AM]&lt;Info&gt;AllBrowserWindow : Locating browser window...</Message>
          <Message>[5/15/2018 1:12:17 AM]&lt;Info&gt;AllBrowserWindow : Locating browser window...</Message>
          <Message>[5/15/2018 1:12:32 AM]&lt;INFO&gt;BackOrderClickexecuting ...</Message>
          <Message>[5/15/2018 1:12:33 AM]&lt;INFO&gt;GoToCartClickexecuting ...</Message>
          <Message>[5/15/2018 1:12:38 AM]&lt;INFO&gt;CheckoutProcessStartShoppingCart : method executing</Message>
          <Message>[5/15/2018 1:12:38 AM]&lt;Info&gt;AllBrowserWindow : Locating browser window...</Message>
          <Message>[5/15/2018 1:12:48 AM]&lt;INFO&gt;CheckoutShoppingCartControls : method executing</Message>
          <Message>[5/15/2018 1:12:48 AM]&lt;Info&gt;AllBrowserWindow : Locating browser window...</Message>
          <Message>[5/15/2018 1:12:55 AM]&lt;Info&gt;AllBrowserWindow : Locating browser window...</Message>
          <Message>[5/15/2018 1:13:00 AM]&lt;INFO&gt;SelectCheckoutPaymentRadiobutton : method executing</Message>
          <Message>[5/15/2018 1:13:00 AM]&lt;INFO&gt;CheckoutCreditCardShippingAndBillingControls : method executing</Message>
          <Message>[5/15/2018 1:13:00 AM]&lt;Info&gt;AllBrowserWindow : Locating browser window...</Message>
          <Message>[5/15/2018 1:13:12 AM]&lt;PASS&gt;&lt;CheckoutRestrictedCountriesSignedInUser&gt;&lt; Validates that link for Update Billing Address present&gt;</Message>
          <Message>[5/15/2018 1:13:15 AM]&lt;PASS&gt;&lt;CheckoutRestrictedCountriesSignedInUser&gt;&lt; Verify the actual item 'United States' is as expected and in order with expected: 'United States'&gt;</Message>
          <Message>[5/15/2018 1:13:15 AM]&lt;Info&gt;AllBrowserWindow : Locating browser window...</Message>
          <Message>[5/15/2018 1:13:19 AM]&lt;Info&gt;AllBrowserWindow : Locating browser window...</Message>
          <Message>[5/15/2018 1:13:23 AM]&lt;INFO&gt;SearchProductexecuting ... Searching term:= 'ZEN286912110'</Message>
          <Message>[5/15/2018 1:13:30 AM]&lt;Info&gt;AllBrowserWindow : Locating browser window...</Message>
          <Message>[5/15/2018 1:13:30 AM]&lt;INFO&gt;BackOrderClickexecuting ...</Message>
          <Message>[5/15/2018 1:13:31 AM]&lt;INFO&gt;GoToCartClickexecuting ...</Message>
          <Message>[5/15/2018 1:13:38 AM]&lt;INFO&gt;CheckoutProcessStartShoppingCart : method executing</Message>
          <Message>[5/15/2018 1:13:38 AM]&lt;Info&gt;AllBrowserWindow : Locating browser window...</Message>
          <Message>[5/15/2018 1:13:47 AM]&lt;INFO&gt;CheckoutShoppingCartControls : method executing</Message>
          <Message>[5/15/2018 1:13:47 AM]&lt;Info&gt;AllBrowserWindow : Locating browser window...</Message>
          <Message>[5/15/2018 1:14:08 AM]&lt;PASS&gt;&lt;CheckoutRestrictedCountriesSignedInUser&gt;&lt;Validate that Billing Country Combobox exist&gt;</Message>
          <Message>[5/15/2018 1:14:08 AM]&lt;PASS&gt;&lt;CheckoutRestrictedCountriesSignedInUser&gt;&lt; Verify the actual item 'Canada' is as expected and in order with expected: 'Canada'&gt;</Message>
          <Message>[5/15/2018 1:14:08 AM]&lt;PASS&gt;&lt;CheckoutRestrictedCountriesSignedInUser&gt;&lt; Verify the actual item 'United States' is as expected and in order with expected: 'United States'&gt;</Message>
          <Message>[5/15/2018 1:14:08 AM]&lt;PASS&gt;&lt;CheckoutRestrictedCountriesSignedInUser&gt;&lt;Validate that Shipping Country Combo box exist&gt;</Message>
          <Message>[5/15/2018 1:14:08 AM]&lt;PASS&gt;&lt;CheckoutRestrictedCountriesSignedInUser&gt;&lt; Verify the actual item 'United States' is as expected and in order with expected: 'United States'&gt;</Message>
          <Message>[5/15/2018 1:14:08 AM]&lt;INFO&gt;DeleteWishlistFromDatabase : method executing</Message>
          <Message>[5/15/2018 1:14:08 AM]&lt;INFO&gt;DeletOrderItem : method executing</Message>
          <Message>[5/15/2018 1:14:41 AM]&lt;RESULT&gt;Test Ended:#PASS=7, #FAIL=0</Message>
          <Message>[5/15/2018 1:14:42 AM]&lt;INFO&gt;LogCPUAndMemoryUsage: Available Memory = 24090(MB), CPU Usage = 28.89565%</Message>
          <Message>[5/15/2018 1:14:42 AM]&lt;INFO&gt;Private Working Set for QTAgent32_40, usage=233004 (K)</Message>
          <Message>[5/15/2018 1:14:42 AM]&lt;RESULT&gt;&lt;CheckoutRestrictedCountriesSignedInUser&gt; Test PASSED</Message>
        </TextMessages>
      </Output>
      <ResultFiles>
        <ResultFile path="CMP01-INDIASQA.horizonhobby.com\CheckoutCommonTestData_010948.xml" />
        <ResultFile path="CMP01-INDIASQA.horizonhobby.com\CheckoutRestrictedCountriesSignedInUser_20180515010948.log" />
        <ResultFile path="CMP01-INDIASQA.horizonhobby.com\CheckoutRestrictedCountriesSignedInUser_ResultsONLY_20180515010948.log" />
        <ResultFile path="CMP01-INDIASQA.horizonhobby.com\SharedCommonConfig.xml" />
      </ResultFiles>
    </UnitTestResult>
    <UnitTestResult executionId="93da4fe0-f4b2-4ba7-ba58-6c38b77fb80f" testId="5e0ddda9-29bf-a604-6276-12249de1b0e3" testName="CheckoutRestrictedCountriesList" computerName="CMP01-INDIASQA" duration="00:00:58.9155621" startTime="2018-05-15T01:14:44.7633948-05:00" endTime="2018-05-15T01:15:43.7083948-05:00" testType="13cdc9d9-ddb5-4fa4-a97d-d965ccfc6d4b" outcome="Passed" testListId="8c84fa94-04c1-424b-9868-57a2d4851a1d" relativeResultsDirectory="93da4fe0-f4b2-4ba7-ba58-6c38b77fb80f">
      <Output>
        <StdOut>Logging to custom path:\\CMP01-YKumar\AutoLog</StdOut>
        <TextMessages>
          <Message>[5/15/2018 1:14:44 AM]&lt;STARTLOG&gt;&lt;CheckoutRestrictedCountriesList&gt;Test Started: Expecting: #PASS=Undefined and #FAIL=0
Running from MTM=True, running on machine name:CMP01-INDIASQA, user name=ykumar, OS=Microsoft Windows NT 6.1.7601 Service Pack 1, Is64BitOS=True</Message>
          <Message>[5/15/2018 1:14:45 AM]&lt;INFO&gt;LogCPUAndMemoryUsage: Available Memory = 24124(MB), CPU Usage = 16.81764%</Message>
          <Message>[5/15/2018 1:14:45 AM]&lt;INFO&gt;Private Working Set for QTAgent32_40, usage=233228 (K)</Message>
          <Message>[5/15/2018 1:14:45 AM]&lt;INFO&gt;Path To TestConfig xml=E:\LoadTestResult\VSEQT\QTAgent\26973\CMP01-INDIASQA.horizonhobby.com\Deployment\SharedCommonConfig.xml</Message>
          <Message>[5/15/2018 1:14:45 AM]&lt;INFO&gt;Path To TestData xml=E:\LoadTestResult\VSEQT\QTAgent\26973\CMP01-INDIASQA.horizonhobby.com\Deployment\CheckoutCommonTestData_011444.xml</Message>
          <Message>[5/15/2018 1:14:45 AM]&lt;INFO&gt;Path To HorizonHobbyQA Application Url=https://www-tst.horizonhobby.com</Message>
          <Message>[5/15/2018 1:14:45 AM]&lt;INFO&gt;HorizonHobbyQA sql connection string=Server=cmp02-ws-tst-db01:50000;Database=TST01DB;UID=wcdbuser;PWD=h0r1z0n;Connect Timeout=30</Message>
          <Message>[5/15/2018 1:14:45 AM]&lt;INFO&gt;Country is := US and language id is := '-1'</Message>
          <Message>[5/15/2018 1:14:45 AM]&lt;INFO&gt;Current browser used for test execution is = 'IE'</Message>
          <Message>[5/15/2018 1:14:53 AM]&lt;INFO&gt;SearchProductexecuting ... Searching term:= 'SAIG84R301'</Message>
          <Message>[5/15/2018 1:14:59 AM]&lt;Info&gt;AllBrowserWindow : Locating browser window...</Message>
          <Message>[5/15/2018 1:15:00 AM]&lt;INFO&gt;BackOrderClickexecuting ...</Message>
          <Message>[5/15/2018 1:15:00 AM]&lt;INFO&gt;GoToCartClickexecuting ...</Message>
          <Message>[5/15/2018 1:15:07 AM]&lt;INFO&gt;CheckoutProcessStartShoppingCart : method executing</Message>
          <Message>[5/15/2018 1:15:07 AM]&lt;Info&gt;AllBrowserWindow : Locating browser window...</Message>
          <Message>[5/15/2018 1:15:16 AM]&lt;INFO&gt;CheckoutShoppingCartControls : method executing</Message>
          <Message>[5/15/2018 1:15:16 AM]&lt;Info&gt;AllBrowserWindow : Locating browser window...</Message>
          <Message>[5/15/2018 1:15:35 AM]&lt;PASS&gt;&lt;CheckoutRestrictedCountriesList&gt;&lt;Validate that Billing Country Combobox exist&gt;</Message>
          <Message>[5/15/2018 1:15:36 AM]&lt;PASS&gt;&lt;CheckoutRestrictedCountriesList&gt;&lt; Verify the actual item 'Canada' is as expected and in order with expected: 'Canada'&gt;</Message>
          <Message>[5/15/2018 1:15:36 AM]&lt;PASS&gt;&lt;CheckoutRestrictedCountriesList&gt;&lt; Verify the actual item 'United States' is as expected and in order with expected: 'United States'&gt;</Message>
          <Message>[5/15/2018 1:15:38 AM]&lt;PASS&gt;&lt;CheckoutRestrictedCountriesList&gt;&lt;Validate that selected Items is Canada&gt;</Message>
          <Message>[5/15/2018 1:15:38 AM]&lt;PASS&gt;&lt;CheckoutRestrictedCountriesList&gt;&lt;Validate that Shipping Country Combo box exist&gt;</Message>
          <Message>[5/15/2018 1:15:39 AM]&lt;PASS&gt;&lt;CheckoutRestrictedCountriesList&gt;&lt; Verify the actual item 'United States' is as expected and in order with expected: 'United States'&gt;</Message>
          <Message>[5/15/2018 1:15:40 AM]&lt;PASS&gt;&lt;CheckoutRestrictedCountriesList&gt;&lt;Validate that selected Country is United States and not India as per border free expected changes&gt;</Message>
          <Message>[5/15/2018 1:15:40 AM]&lt;RESULT&gt;Test Ended:#PASS=7, #FAIL=0</Message>
          <Message>[5/15/2018 1:15:41 AM]&lt;INFO&gt;LogCPUAndMemoryUsage: Available Memory = 24156(MB), CPU Usage = 9.32442%</Message>
          <Message>[5/15/2018 1:15:41 AM]&lt;INFO&gt;Private Working Set for QTAgent32_40, usage=231224 (K)</Message>
          <Message>[5/15/2018 1:15:41 AM]&lt;RESULT&gt;&lt;CheckoutRestrictedCountriesList&gt; Test PASSED</Message>
        </TextMessages>
      </Output>
      <ResultFiles>
        <ResultFile path="CMP01-INDIASQA.horizonhobby.com\CheckoutCommonTestData_011444.xml" />
        <ResultFile path="CMP01-INDIASQA.horizonhobby.com\CheckoutRestrictedCountriesList_20180515011444.log" />
        <ResultFile path="CMP01-INDIASQA.horizonhobby.com\CheckoutRestrictedCountriesList_ResultsONLY_20180515011444.log" />
        <ResultFile path="CMP01-INDIASQA.horizonhobby.com\SharedCommonConfig.xml" />
      </ResultFiles>
    </UnitTestResult>
    <UnitTestResult executionId="7cd91bad-c58b-4f4e-94c3-b5b5249b8511" testId="cee3ac5d-f77a-85c9-c9cb-ecaa400c80e9" testName="ProductPageQuestionAndAnswer" computerName="CMP01-INDIASQA" duration="00:05:49.8303747" startTime="2018-05-15T01:15:43.7103948-05:00" endTime="2018-05-15T01:21:33.6123948-05:00" testType="13cdc9d9-ddb5-4fa4-a97d-d965ccfc6d4b" outcome="Failed" testListId="8c84fa94-04c1-424b-9868-57a2d4851a1d" relativeResultsDirectory="7cd91bad-c58b-4f4e-94c3-b5b5249b8511">
      <Output>
        <StdOut>Logging to custom path:\\CMP01-YKumar\AutoLog</StdOut>
        <ErrorInfo>
          <Message>Assert.Fail failed. 
Actual #FAIL=2, #Expected FAIL=0
#Other errors=4
[Error details below]
&lt;ERROR&gt;[5/15/2018 1:20:24 AM]&lt;Error&gt;SetObject : failed executing ...The playback failed to find the control with the given search properties. Additional Details: 
TechnologyName:  'Web'
ControlType:  'Hyperlink'
TagName:  'A'
Id:  'tab_qa_link'
 Failed to find any control that matched the value tab_qa_link for the search property Id.
&lt;FAIL&gt;&lt;ProductPageQuestionAndAnswer&gt;&lt;Atleast 1 questions asked&gt;.Assert.AreEqual failed. Expected:&lt;False&gt;. Actual:&lt;True&gt;. 
    StackTrace:
    ProductPageQuestionAndAnswer(),ProductPage.cs,Line Number:2075
&lt;FAIL&gt;&lt;ProductPageQuestionAndAnswer&gt;&lt;Atleast 1 answers &gt;.Assert.AreEqual failed. Expected:&lt;False&gt;. Actual:&lt;True&gt;. 
    StackTrace:
    ProductPageQuestionAndAnswer(),ProductPage.cs,Line Number:2080
&lt;ERROR&gt;[5/15/2018 1:20:35 AM]&lt;Error&gt;ClickAndValidateQuestionAndAnswer : failed executing ...Script execution failed. Script: return document.getElementById('BVQAQuestionsID').childNodes[0].getAttribute('id');
&lt;ERROR&gt;[5/15/2018 1:20:57 AM]&lt;ERROR&gt;MouseClick Exception:Microsoft.VisualStudio.TestTools.UITest.Extension.UITestControlNotFoundException: The playback failed to find the control with the given search properties. Additional Details: 
TechnologyName:  'Web'
ControlType:  'Hyperlink'
TagName:  'a'
Name:  'BV_TrackingTag_Question_Display_AnswerThisQ_'
 Failed to find any control that matched the search condition ControlType='Hyperlink' &amp;&amp; Name=&gt;'BV_TrackingTag_Question_Display_AnswerThisQ_' ---&gt; System.Runtime.InteropServices.COMException: Error HRESULT E_FAIL has been returned from a call to a COM component.
   at Microsoft.VisualStudio.TestTools.UITest.Playback.Engine.IScreenElement.FindAllDescendants(String bstrQueryId, Object&amp; pvarResKeys, Int32 cResKeys, Int32 nMaxDepth)
   at Microsoft.VisualStudio.TestTools.UITest.Playback.ScreenElement.FindAllScreenElement(String queryId, Int32 depth, Boolean singleQueryId, Boolean throwException, Boolean resetSkipStep)
   at Microsoft.VisualStudio.TestTools.UITest.Playback.ScreenElement.FindScreenElement(String queryId, Int32 depth, Boolean resetSkipStep)
   at Microsoft.VisualStudio.TestTools.UITesting.UITestControl.FindFirstDescendant(String queryId, Int32 maxDepth, Int32&amp; timeLeft)
   --- End of inner exception stack trace ---
   at Microsoft.VisualStudio.TestTools.UITesting.Playback.MapControlNotFoundException(COMException ex, IPlaybackContext context)
   at Microsoft.VisualStudio.TestTools.UITesting.Playback.MapAndThrowComException(COMException innerException, IPlaybackContext context)
   at Microsoft.VisualStudio.TestTools.UITesting.Playback.MapAndThrowException(SystemException exception, IPlaybackContext context)
   at Microsoft.VisualStudio.TestTools.UITesting.Playback.MapAndThrowException(SystemException exception, String queryId)
   at Microsoft.VisualStudio.TestTools.UITesting.UITestControl.FindFirstDescendant(String queryId, Int32 maxDepth, Int32&amp; timeLeft)
   at Microsoft.VisualStudio.TestTools.UITesting.SearchHelper.GetUITestControlRecursive(Boolean useCache, Boolean alwaysSearch, ISearchArgument searchArg, IList`1 windowTitles, Int32&amp; timeLeft)
   at Microsoft.VisualStudio.TestTools.UITesting.SearchHelper.GetElement(Boolean useCache, ISearchArgument searchArg)
   at Microsoft.VisualStudio.TestTools.UITesting.SearchHelper.Search(ISearchArgument searchArg)
   at Microsoft.VisualStudio.TestTools.UITesting.UITestControl.FindInternal()
   at Microsoft.VisualStudio.TestTools.UITesting.UITestControl.&lt;Find&gt;b__3a()
   at Microsoft.VisualStudio.TestTools.UITesting.CodedUITestMethodInvoker.InvokeMethod[T](Func`1 function, UITestControl control, Boolean firePlaybackErrorEvent, Boolean logAsAction)
   at Microsoft.VisualStudio.TestTools.UITesting.UITestControl.Find()
   at Microsoft.VisualStudio.TestTools.UITesting.UITestControl.GetPropertyPrivate(String propertyName)
   at Microsoft.VisualStudio.TestTools.UITesting.UITestControl.GetPropertyOfType[T](String propertyName)
   at Microsoft.VisualStudio.TestTools.UITesting.UITestControl.get_Name()
   at TestAuto.LoggingAndSharedGenericMethods.MouseClick(UITestControl uiMenuItemTestControl) in c:\Builds\1\WebSphere\QATestAutomation\src\CodedUITest\SourceCode\Common\Logging\SharedMethods_Generic.cs:line 790
&lt;ERROR&gt;[5/15/2018 1:21:01 AM]&lt;Error&gt;ProductPageQuestionAndAnswer : failed executing ...The playback failed to find the control with the given search properties. Additional Details: 
TechnologyName:  'Web'
ControlType:  'Edit'
TagName:  'TEXTAREA'
Id:  'BVQAFieldTextAreaAnswerTextID'
 Failed to find any control that matched the value BVQAFieldTextAreaAnswerTextID for the search property Id.</Message>
          <StackTrace>   at TestAuto.LoggingAndSharedGenericMethods.EndTest() in c:\Builds\1\WebSphere\QATestAutomation\src\CodedUITest\SourceCode\Common\Logging\Logging.cs:line 1628
   at TestAuto.ProductPageTest.TestCleanup() in c:\Builds\1\WebSphere\QATestAutomation\src\CodedUITest\SourceCode\HHobby\ProductPage\ProductPage.cs:line 6905
</StackTrace>
        </ErrorInfo>
        <TextMessages>
          <Message>[5/15/2018 1:15:43 AM]&lt;STARTLOG&gt;&lt;ProductPageQuestionAndAnswer&gt;Test Started: Expecting: #PASS=Undefined and #FAIL=0
Running from MTM=True, running on machine name:CMP01-INDIASQA, user name=ykumar, OS=Microsoft Windows NT 6.1.7601 Service Pack 1, Is64BitOS=True</Message>
          <Message>[5/15/2018 1:15:44 AM]&lt;INFO&gt;LogCPUAndMemoryUsage: Available Memory = 24235(MB), CPU Usage = 17.79168%</Message>
          <Message>[5/15/2018 1:15:44 AM]&lt;INFO&gt;Private Working Set for QTAgent32_40, usage=231364 (K)</Message>
          <Message>[5/15/2018 1:15:44 AM]&lt;INFO&gt;Path To TestConfig xml=E:\LoadTestResult\VSEQT\QTAgent\26973\CMP01-INDIASQA.horizonhobby.com\Deployment\SharedCommonConfig.xml</Message>
          <Message>[5/15/2018 1:15:44 AM]&lt;INFO&gt;Path To TestData xml=E:\LoadTestResult\VSEQT\QTAgent\26973\CMP01-INDIASQA.horizonhobby.com\Deployment\ProductPageTestData_011543.xml</Message>
          <Message>[5/15/2018 1:15:44 AM]&lt;INFO&gt;Path To HorizonHobbyQA Application Url=https://www-tst.horizonhobby.com</Message>
          <Message>[5/15/2018 1:15:44 AM]&lt;INFO&gt;HorizonHobbyQA sql connection string=Server=cmp02-ws-tst-db01:50000;Database=TST01DB;UID=wcdbuser;PWD=h0r1z0n;Connect Timeout=30</Message>
          <Message>[5/15/2018 1:15:44 AM]&lt;INFO&gt;Country is := US and language id is := '-1'</Message>
          <Message>[5/15/2018 1:15:44 AM]&lt;INFO&gt;Current browser used for test execution is = 'IE'</Message>
          <Message>[5/15/2018 1:15:48 AM]&lt;Info&gt;AllBrowserWindow : Locating browser window...</Message>
          <Message>[5/15/2018 1:15:50 AM]&lt;INFO&gt;SurveyWindow : method executing ...</Message>
          <Message>[5/15/2018 1:15:57 AM]&lt;INFO&gt;ContinueOnCertificationErrorClickexecuting ...</Message>
          <Message>[5/15/2018 1:15:57 AM]&lt;Info&gt;DEAllBrowserWindow : Locating browser window...</Message>
          <Message>[5/15/2018 1:16:05 AM]&lt;INFO&gt;UserRegistration : method executing ...</Message>
          <Message>[5/15/2018 1:16:06 AM]&lt;Info&gt;AllBrowserWindow : Locating browser window...</Message>
          <Message>[5/15/2018 1:16:32 AM]&lt;Info&gt;AllBrowserWindow : Locating browser window...</Message>
          <Message>[5/15/2018 1:16:51 AM]&lt;Info&gt;AllBrowserWindow : Locating browser window...</Message>
          <Message>[5/15/2018 1:17:03 AM]&lt;INFO&gt;SearchProductexecuting ... Searching term:= 'DYN6010'</Message>
          <Message>[5/15/2018 1:17:09 AM]&lt;Info&gt;AllBrowserWindow : Locating browser window...</Message>
          <Message>[5/15/2018 1:17:23 AM]&lt;PASS&gt;&lt;ProductPageQuestionAndAnswer&gt;&lt;Zero questions asked&gt;</Message>
          <Message>[5/15/2018 1:17:23 AM]&lt;PASS&gt;&lt;ProductPageQuestionAndAnswer&gt;&lt;Zero answers &gt;</Message>
          <Message>[5/15/2018 1:17:44 AM]&lt;PASS&gt;&lt;ProductPageQuestionAndAnswer&gt;&lt;Preview button appears&gt;</Message>
          <Message>[5/15/2018 1:17:51 AM]&lt;PASS&gt;&lt;ProductPageQuestionAndAnswer&gt;&lt;Submit button appears&gt;</Message>
          <Message>[5/15/2018 1:17:56 AM]&lt;Info&gt;AllBrowserWindow : Locating browser window...</Message>
          <Message>[5/15/2018 1:17:56 AM]&lt;PASS&gt;&lt;ProductPageQuestionAndAnswer&gt;&lt;Thank You page appears&gt;</Message>
          <Message>[5/15/2018 1:17:57 AM]&lt;INFO&gt;SearchProductexecuting ... Searching term:= 'HBZ3100'</Message>
          <Message>[5/15/2018 1:18:04 AM]&lt;Info&gt;AllBrowserWindow : Locating browser window...</Message>
          <Message>[5/15/2018 1:18:28 AM]&lt;Info&gt;AllBrowserWindow : Locating browser window...</Message>
          <Message>Assert.Fail failed. [5/15/2018 1:20:24 AM]&lt;Error&gt;SetObject : failed executing ...The playback failed to find the control with the given search properties. Additional Details: 
TechnologyName:  'Web'
ControlType:  'Hyperlink'
TagName:  'A'
Id:  'tab_qa_link'
 Failed to find any control that matched the value tab_qa_link for the search property Id., 
    StackTrace:
    SetObject(),SharedProductPage.cs,Line Number:1096
    SelectProductPageTab(),SharedProductPage.cs,Line Number:918
    ProductPageQuestionAndAnswer(),ProductPage.cs,Line Number:2060</Message>
          <Message>[5/15/2018 1:20:24 AM]&lt;CaptureImage&gt;\\CMP01-YKumar\AutoLog\CMP01-INDIASQA\ProductPageQuestionAndAnswer_20180515012024.png</Message>
          <Message>[5/15/2018 1:20:35 AM]&lt;FAIL&gt;&lt;ProductPageQuestionAndAnswer&gt;&lt;Atleast 1 questions asked&gt;.Assert.AreEqual failed. Expected:&lt;False&gt;. Actual:&lt;True&gt;. 
    StackTrace:
    ProductPageQuestionAndAnswer(),ProductPage.cs,Line Number:2075</Message>
          <Message>[5/15/2018 1:20:35 AM]&lt;CaptureImage&gt;\\CMP01-YKumar\AutoLog\CMP01-INDIASQA\ProductPageQuestionAndAnswer_20180515012035.png</Message>
          <Message>[5/15/2018 1:20:35 AM]&lt;FAIL&gt;&lt;ProductPageQuestionAndAnswer&gt;&lt;Atleast 1 answers &gt;.Assert.AreEqual failed. Expected:&lt;False&gt;. Actual:&lt;True&gt;. 
    StackTrace:
    ProductPageQuestionAndAnswer(),ProductPage.cs,Line Number:2080</Message>
          <Message>[5/15/2018 1:20:35 AM]&lt;CaptureImage&gt;\\CMP01-YKumar\AutoLog\CMP01-INDIASQA\ProductPageQuestionAndAnswer_20180515012035.png</Message>
          <Message>[5/15/2018 1:20:35 AM]&lt;PASS&gt;&lt;ProductPageQuestionAndAnswer&gt;&lt;Number of questions on label match the number of actual question&gt;</Message>
          <Message>Assert.Fail failed. [5/15/2018 1:20:35 AM]&lt;Error&gt;ClickAndValidateQuestionAndAnswer : failed executing ...Script execution failed. Script: return document.getElementById('BVQAQuestionsID').childNodes[0].getAttribute('id');, 
    StackTrace:
    ClickAndValidateQuestionAndAnswer(),SharedProductPage.cs,Line Number:1424
    ProductPageQuestionAndAnswer(),ProductPage.cs,Line Number:2088</Message>
          <Message>[5/15/2018 1:20:35 AM]&lt;CaptureImage&gt;\\CMP01-YKumar\AutoLog\CMP01-INDIASQA\ProductPageQuestionAndAnswer_20180515012035.png</Message>
          <Message>Assert.Fail failed. [5/15/2018 1:20:57 AM]&lt;ERROR&gt;MouseClick Exception:Microsoft.VisualStudio.TestTools.UITest.Extension.UITestControlNotFoundException: The playback failed to find the control with the given search properties. Additional Details: 
TechnologyName:  'Web'
ControlType:  'Hyperlink'
TagName:  'a'
Name:  'BV_TrackingTag_Question_Display_AnswerThisQ_'
 Failed to find any control that matched the search condition ControlType='Hyperlink' &amp;&amp; Name=&gt;'BV_TrackingTag_Question_Display_AnswerThisQ_' ---&gt; System.Runtime.InteropServices.COMException: Error HRESULT E_FAIL has been returned from a call to a COM component.
   at Microsoft.VisualStudio.TestTools.UITest.Playback.Engine.IScreenElement.FindAllDescendants(String bstrQueryId, Object&amp; pvarResKeys, Int32 cResKeys, Int32 nMaxDepth)
   at Microsoft.VisualStudio.TestTools.UITest.Playback.ScreenElement.FindAllScreenElement(String queryId, Int32 depth, Boolean singleQueryId, Boolean throwException, Boolean resetSkipStep)
   at Microsoft.VisualStudio.TestTools.UITest.Playback.ScreenElement.FindScreenElement(String queryId, Int32 depth, Boolean resetSkipStep)
   at Microsoft.VisualStudio.TestTools.UITesting.UITestControl.FindFirstDescendant(String queryId, Int32 maxDepth, Int32&amp; timeLeft)
   --- End of inner exception stack trace ---
   at Microsoft.VisualStudio.TestTools.UITesting.Playback.MapControlNotFoundException(COMException ex, IPlaybackContext context)
   at Microsoft.VisualStudio.TestTools.UITesting.Playback.MapAndThrowComException(COMException innerException, IPlaybackContext context)
   at Microsoft.VisualStudio.TestTools.UITesting.Playback.MapAndThrowException(SystemException exception, IPlaybackContext context)
   at Microsoft.VisualStudio.TestTools.UITesting.Playback.MapAndThrowException(SystemException exception, String queryId)
   at Microsoft.VisualStudio.TestTools.UITesting.UITestControl.FindFirstDescendant(String queryId, Int32 maxDepth, Int32&amp; timeLeft)
   at Microsoft.VisualStudio.TestTools.UITesting.SearchHelper.GetUITestControlRecursive(Boolean useCache, Boolean alwaysSearch, ISearchArgument searchArg, IList`1 windowTitles, Int32&amp; timeLeft)
   at Microsoft.VisualStudio.TestTools.UITesting.SearchHelper.GetElement(Boolean useCache, ISearchArgument searchArg)
   at Microsoft.VisualStudio.TestTools.UITesting.SearchHelper.Search(ISearchArgument searchArg)
   at Microsoft.VisualStudio.TestTools.UITesting.UITestControl.FindInternal()
   at Microsoft.VisualStudio.TestTools.UITesting.UITestControl.&lt;Find&gt;b__3a()
   at Microsoft.VisualStudio.TestTools.UITesting.CodedUITestMethodInvoker.InvokeMethod[T](Func`1 function, UITestControl control, Boolean firePlaybackErrorEvent, Boolean logAsAction)
   at Microsoft.VisualStudio.TestTools.UITesting.UITestControl.Find()
   at Microsoft.VisualStudio.TestTools.UITesting.UITestControl.GetPropertyPrivate(String propertyName)
   at Microsoft.VisualStudio.TestTools.UITesting.UITestControl.GetPropertyOfType[T](String propertyName)
   at Microsoft.VisualStudio.TestTools.UITesting.UITestControl.get_Name()
   at TestAuto.LoggingAndSharedGenericMethods.MouseClick(UITestControl uiMenuItemTestControl) in c:\Builds\1\WebSphere\QATestAutomation\src\CodedUITest\SourceCode\Common\Logging\SharedMethods_Generic.cs:line 790, 
    StackTrace:
    MouseClick(),SharedMethods_Generic.cs,Line Number:822
    ProductPageQuestionAndAnswer(),ProductPage.cs,Line Number:2093</Message>
          <Message>[5/15/2018 1:20:57 AM]&lt;CaptureImage&gt;\\CMP01-YKumar\AutoLog\CMP01-INDIASQA\ProductPageQuestionAndAnswer_20180515012057.png</Message>
          <Message>Assert.Fail failed. [5/15/2018 1:21:01 AM]&lt;Error&gt;ProductPageQuestionAndAnswer : failed executing ...The playback failed to find the control with the given search properties. Additional Details: 
TechnologyName:  'Web'
ControlType:  'Edit'
TagName:  'TEXTAREA'
Id:  'BVQAFieldTextAreaAnswerTextID'
 Failed to find any control that matched the value BVQAFieldTextAreaAnswerTextID for the search property Id., 
    StackTrace:
    ProductPageQuestionAndAnswer(),ProductPage.cs,Line Number:2161</Message>
          <Message>[5/15/2018 1:21:01 AM]&lt;CaptureImage&gt;\\CMP01-YKumar\AutoLog\CMP01-INDIASQA\ProductPageQuestionAndAnswer_20180515012101.png</Message>
          <Message>[5/15/2018 1:21:01 AM]&lt;INFO&gt;DeleteWishlistFromDatabase : method executing</Message>
          <Message>[5/15/2018 1:21:30 AM]&lt;RESULT&gt;Test Ended:#PASS=6, #FAIL=2,#Other errors=4</Message>
          <Message>[5/15/2018 1:21:31 AM]&lt;INFO&gt;LogCPUAndMemoryUsage: Available Memory = 24189(MB), CPU Usage = 4.35003%</Message>
          <Message>[5/15/2018 1:21:31 AM]&lt;INFO&gt;Private Working Set for QTAgent32_40, usage=244276 (K)</Message>
          <Message>[5/15/2018 1:21:31 AM]&lt;RESULT&gt;&lt;ProductPageQuestionAndAnswer&gt; Test FAILED: Actual #FAIL=2, #Expected FAIL=0
#Other errors=4. See Error Message/logs for further details.</Message>
        </TextMessages>
      </Output>
      <ResultFiles>
        <ResultFile path="CMP01-INDIASQA.horizonhobby.com\ProductPageQuestionAndAnswer_20180515011543.log" />
        <ResultFile path="CMP01-INDIASQA.horizonhobby.com\ProductPageQuestionAndAnswer_20180515012024.png" />
        <ResultFile path="CMP01-INDIASQA.horizonhobby.com\ProductPageQuestionAndAnswer_20180515012035.png" />
        <ResultFile path="CMP01-INDIASQA.horizonhobby.com\ProductPageQuestionAndAnswer_20180515012057.png" />
        <ResultFile path="CMP01-INDIASQA.horizonhobby.com\ProductPageQuestionAndAnswer_20180515012101.png" />
        <ResultFile path="CMP01-INDIASQA.horizonhobby.com\ProductPageQuestionAndAnswer_ResultsONLY_20180515011543.log" />
        <ResultFile path="CMP01-INDIASQA.horizonhobby.com\ProductPageTestData_011543.xml" />
        <ResultFile path="CMP01-INDIASQA.horizonhobby.com\SharedCommonConfig.xml" />
      </ResultFiles>
    </UnitTestResult>
    <UnitTestResult executionId="e5e09803-bf44-48fc-b8fb-2c1824bd8d37" testId="296661c2-466b-7276-3af9-9839531b4753" testName="ProductPageRelatedArticlesTab" computerName="CMP01-INDIASQA" duration="00:02:12.6460847" startTime="2018-05-15T01:21:33.6153948-05:00" endTime="2018-05-15T01:23:46.3013948-05:00" testType="13cdc9d9-ddb5-4fa4-a97d-d965ccfc6d4b" outcome="Passed" testListId="8c84fa94-04c1-424b-9868-57a2d4851a1d" relativeResultsDirectory="e5e09803-bf44-48fc-b8fb-2c1824bd8d37">
      <Output>
        <StdOut>Logging to custom path:\\CMP01-YKumar\AutoLog</StdOut>
        <TextMessages>
          <Message>[5/15/2018 1:21:33 AM]&lt;STARTLOG&gt;&lt;ProductPageRelatedArticlesTab&gt;Test Started: Expecting: #PASS=Undefined and #FAIL=0
Running from MTM=True, running on machine name:CMP01-INDIASQA, user name=ykumar, OS=Microsoft Windows NT 6.1.7601 Service Pack 1, Is64BitOS=True</Message>
          <Message>[5/15/2018 1:21:34 AM]&lt;INFO&gt;LogCPUAndMemoryUsage: Available Memory = 24207(MB), CPU Usage = 8.267538%</Message>
          <Message>[5/15/2018 1:21:34 AM]&lt;INFO&gt;Private Working Set for QTAgent32_40, usage=244520 (K)</Message>
          <Message>[5/15/2018 1:21:34 AM]&lt;INFO&gt;Path To TestConfig xml=E:\LoadTestResult\VSEQT\QTAgent\26973\CMP01-INDIASQA.horizonhobby.com\Deployment\SharedCommonConfig.xml</Message>
          <Message>[5/15/2018 1:21:34 AM]&lt;INFO&gt;Path To TestData xml=E:\LoadTestResult\VSEQT\QTAgent\26973\CMP01-INDIASQA.horizonhobby.com\Deployment\ProductPageTestData_012133.xml</Message>
          <Message>[5/15/2018 1:21:34 AM]&lt;INFO&gt;Path To HorizonHobbyQA Application Url=https://www-tst.horizonhobby.com</Message>
          <Message>[5/15/2018 1:21:34 AM]&lt;INFO&gt;HorizonHobbyQA sql connection string=Server=cmp02-ws-tst-db01:50000;Database=TST01DB;UID=wcdbuser;PWD=h0r1z0n;Connect Timeout=30</Message>
          <Message>[5/15/2018 1:21:34 AM]&lt;INFO&gt;Country is := US and language id is := '-1'</Message>
          <Message>[5/15/2018 1:21:34 AM]&lt;INFO&gt;Current browser used for test execution is = 'IE'</Message>
          <Message>[5/15/2018 1:21:49 AM]&lt;Info&gt;AllBrowserWindow : Locating browser window...</Message>
          <Message>[5/15/2018 1:21:50 AM]&lt;INFO&gt;SearchProductexecuting ... Searching term:= 'BLH8616'</Message>
          <Message>[5/15/2018 1:21:57 AM]&lt;Info&gt;AllBrowserWindow : Locating browser window...</Message>
          <Message>[5/15/2018 1:22:00 AM]&lt;PASS&gt;&lt;ProductPageRelatedArticlesTab&gt;&lt;Validates Related Articles tab does not exist&gt;</Message>
          <Message>[5/15/2018 1:22:01 AM]&lt;INFO&gt;SearchProductexecuting ... Searching term:= 'HBZ8467'</Message>
          <Message>[5/15/2018 1:22:05 AM]&lt;Info&gt;AllBrowserWindow : Locating browser window...</Message>
          <Message>[5/15/2018 1:22:09 AM]&lt;PASS&gt;&lt;ProductPageRelatedArticlesTab&gt;&lt;Validates Related Articles tab does not exist&gt;</Message>
          <Message>[5/15/2018 1:22:10 AM]&lt;INFO&gt;SearchProductexecuting ... Searching term:= 'TRA2591'</Message>
          <Message>[5/15/2018 1:22:15 AM]&lt;Info&gt;AllBrowserWindow : Locating browser window...</Message>
          <Message>[5/15/2018 1:22:39 AM]&lt;Info&gt;AllBrowserWindow : Locating browser window...</Message>
          <Message>[5/15/2018 1:23:06 AM]&lt;Info&gt;AllBrowserWindow : Locating browser window...</Message>
          <Message>[5/15/2018 1:23:06 AM]&lt;INFO&gt;ClickSearchResultCell : No product found on search page with title ... :- Screws 3x23mm (6) Button-Head:VXL</Message>
          <Message>[5/15/2018 1:23:06 AM]&lt;CaptureImage&gt;\\CMP01-YKumar\AutoLog\CMP01-INDIASQA\ProductPageRelatedArticlesTab_20180515012306.png</Message>
          <Message>[5/15/2018 1:23:43 AM]&lt;PASS&gt;&lt;ProductPageRelatedArticlesTab&gt;&lt;Validates Related Articles tab does not exist&gt;</Message>
          <Message>[5/15/2018 1:23:43 AM]&lt;RESULT&gt;Test Ended:#PASS=3, #FAIL=0</Message>
          <Message>[5/15/2018 1:23:44 AM]&lt;INFO&gt;LogCPUAndMemoryUsage: Available Memory = 23705(MB), CPU Usage = 1.52437%</Message>
          <Message>[5/15/2018 1:23:44 AM]&lt;INFO&gt;Private Working Set for QTAgent32_40, usage=235264 (K)</Message>
          <Message>[5/15/2018 1:23:44 AM]&lt;RESULT&gt;&lt;ProductPageRelatedArticlesTab&gt; Test PASSED</Message>
        </TextMessages>
      </Output>
    </UnitTestResult>
    <UnitTestResult executionId="2e58dcec-c3d8-42a7-ae4f-7b0a49992e73" testId="78aeb495-b9a5-e9e7-c407-84de9f56b82a" testName="ProductPageReviews" computerName="CMP01-INDIASQA" duration="00:10:42.7754526" startTime="2018-05-15T01:23:46.3023948-05:00" endTime="2018-05-15T01:34:29.1363948-05:00" testType="13cdc9d9-ddb5-4fa4-a97d-d965ccfc6d4b" outcome="Failed" testListId="8c84fa94-04c1-424b-9868-57a2d4851a1d" relativeResultsDirectory="2e58dcec-c3d8-42a7-ae4f-7b0a49992e73">
      <Output>
        <StdOut>Logging to custom path:\\CMP01-YKumar\AutoLog</StdOut>
        <ErrorInfo>
          <Message>Assert.Fail failed. 
Actual #FAIL=2, #Expected FAIL=0
#Other errors=2
[Error details below]
&lt;FAIL&gt;&lt;ProductPageReviews&gt;&lt;Review tab exist for backordered item&gt;.Assert.AreEqual failed. Expected:&lt;True&gt;. Actual:&lt;False&gt;. 
    StackTrace:
    ProductPageReviews(),ProductPage.cs,Line Number:2397
&lt;FAIL&gt;&lt;ProductPageReviews&gt;&lt;Write a review link exists with rating&gt;.Assert.AreEqual failed. Expected:&lt;True&gt;. Actual:&lt;False&gt;. 
    StackTrace:
    ProductPageReviews(),ProductPage.cs,Line Number:2417
&lt;ERROR&gt;[5/15/2018 1:31:45 AM]&lt;ERROR&gt;MouseClick Exception:Microsoft.VisualStudio.TestTools.UITest.Extension.UITestControlNotFoundException: The playback failed to find the control with the given search properties. Additional Details: 
TechnologyName:  'Web'
ControlType:  'Hyperlink'
TagName:  'A'
Class:  'writeReviews'
 Failed to find any control that matched the search condition ControlType='Hyperlink' &amp;&amp; Class='writeReviews' ---&gt; System.Runtime.InteropServices.COMException: Error HRESULT E_FAIL has been returned from a call to a COM component.
   at Microsoft.VisualStudio.TestTools.UITest.Playback.Engine.IScreenElement.FindAllDescendants(String bstrQueryId, Object&amp; pvarResKeys, Int32 cResKeys, Int32 nMaxDepth)
   at Microsoft.VisualStudio.TestTools.UITest.Playback.ScreenElement.FindAllScreenElement(String queryId, Int32 depth, Boolean singleQueryId, Boolean throwException, Boolean resetSkipStep)
   at Microsoft.VisualStudio.TestTools.UITest.Playback.ScreenElement.FindScreenElement(String queryId, Int32 depth, Boolean resetSkipStep)
   at Microsoft.VisualStudio.TestTools.UITesting.UITestControl.FindFirstDescendant(String queryId, Int32 maxDepth, Int32&amp; timeLeft)
   --- End of inner exception stack trace ---
   at Microsoft.VisualStudio.TestTools.UITesting.Playback.MapControlNotFoundException(COMException ex, IPlaybackContext context)
   at Microsoft.VisualStudio.TestTools.UITesting.Playback.MapAndThrowComException(COMException innerException, IPlaybackContext context)
   at Microsoft.VisualStudio.TestTools.UITesting.Playback.MapAndThrowException(SystemException exception, IPlaybackContext context)
   at Microsoft.VisualStudio.TestTools.UITesting.Playback.MapAndThrowException(SystemException exception, String queryId)
   at Microsoft.VisualStudio.TestTools.UITesting.UITestControl.FindFirstDescendant(String queryId, Int32 maxDepth, Int32&amp; timeLeft)
   at Microsoft.VisualStudio.TestTools.UITesting.SearchHelper.GetUITestControlRecursive(Boolean useCache, Boolean alwaysSearch, ISearchArgument searchArg, IList`1 windowTitles, Int32&amp; timeLeft)
   at Microsoft.VisualStudio.TestTools.UITesting.SearchHelper.GetElement(Boolean useCache, ISearchArgument searchArg)
   at Microsoft.VisualStudio.TestTools.UITesting.SearchHelper.Search(ISearchArgument searchArg)
   at Microsoft.VisualStudio.TestTools.UITesting.UITestControl.FindInternal()
   at Microsoft.VisualStudio.TestTools.UITesting.UITestControl.&lt;Find&gt;b__3a()
   at Microsoft.VisualStudio.TestTools.UITesting.CodedUITestMethodInvoker.InvokeMethod[T](Func`1 function, UITestControl control, Boolean firePlaybackErrorEvent, Boolean logAsAction)
   at Microsoft.VisualStudio.TestTools.UITesting.UITestControl.Find()
   at Microsoft.VisualStudio.TestTools.UITesting.UITestControl.GetPropertyPrivate(String propertyName)
   at Microsoft.VisualStudio.TestTools.UITesting.UITestControl.GetPropertyOfType[T](String propertyName)
   at Microsoft.VisualStudio.TestTools.UITesting.UITestControl.get_Name()
   at TestAuto.LoggingAndSharedGenericMethods.MouseClick(UITestControl uiMenuItemTestControl) in c:\Builds\1\WebSphere\QATestAutomation\src\CodedUITest\SourceCode\Common\Logging\SharedMethods_Generic.cs:line 790
&lt;ERROR&gt;[5/15/2018 1:33:56 AM]&lt;Error&gt;ProductPageReviews : failed executing ...Object reference not set to an instance of an object.</Message>
          <StackTrace>   at TestAuto.LoggingAndSharedGenericMethods.EndTest() in c:\Builds\1\WebSphere\QATestAutomation\src\CodedUITest\SourceCode\Common\Logging\Logging.cs:line 1628
   at TestAuto.ProductPageTest.TestCleanup() in c:\Builds\1\WebSphere\QATestAutomation\src\CodedUITest\SourceCode\HHobby\ProductPage\ProductPage.cs:line 6905
</StackTrace>
        </ErrorInfo>
        <TextMessages>
          <Message>[5/15/2018 1:23:46 AM]&lt;STARTLOG&gt;&lt;ProductPageReviews&gt;Test Started: Expecting: #PASS=Undefined and #FAIL=0
Running from MTM=True, running on machine name:CMP01-INDIASQA, user name=ykumar, OS=Microsoft Windows NT 6.1.7601 Service Pack 1, Is64BitOS=True</Message>
          <Message>[5/15/2018 1:23:47 AM]&lt;INFO&gt;LogCPUAndMemoryUsage: Available Memory = 23776(MB), CPU Usage = 17.40207%</Message>
          <Message>[5/15/2018 1:23:47 AM]&lt;INFO&gt;Private Working Set for QTAgent32_40, usage=235412 (K)</Message>
          <Message>[5/15/2018 1:23:47 AM]&lt;INFO&gt;Path To TestConfig xml=E:\LoadTestResult\VSEQT\QTAgent\26973\CMP01-INDIASQA.horizonhobby.com\Deployment\SharedCommonConfig.xml</Message>
          <Message>[5/15/2018 1:23:47 AM]&lt;INFO&gt;Path To TestData xml=E:\LoadTestResult\VSEQT\QTAgent\26973\CMP01-INDIASQA.horizonhobby.com\Deployment\ProductPageTestData_012346.xml</Message>
          <Message>[5/15/2018 1:23:47 AM]&lt;INFO&gt;Path To HorizonHobbyQA Application Url=https://www-tst.horizonhobby.com</Message>
          <Message>[5/15/2018 1:23:47 AM]&lt;INFO&gt;HorizonHobbyQA sql connection string=Server=cmp02-ws-tst-db01:50000;Database=TST01DB;UID=wcdbuser;PWD=h0r1z0n;Connect Timeout=30</Message>
          <Message>[5/15/2018 1:23:47 AM]&lt;INFO&gt;Country is := US and language id is := '-1'</Message>
          <Message>[5/15/2018 1:23:47 AM]&lt;INFO&gt;Current browser used for test execution is = 'IE'</Message>
          <Message>[5/15/2018 1:23:51 AM]&lt;Info&gt;AllBrowserWindow : Locating browser window...</Message>
          <Message>[5/15/2018 1:23:54 AM]&lt;INFO&gt;SearchProductexecuting ... Searching term:= 'SPMSP2043'</Message>
          <Message>[5/15/2018 1:24:01 AM]&lt;Info&gt;AllBrowserWindow : Locating browser window...</Message>
          <Message>[5/15/2018 1:24:26 AM]&lt;Info&gt;AllBrowserWindow : Locating browser window...</Message>
          <Message>[5/15/2018 1:24:53 AM]&lt;Info&gt;AllBrowserWindow : Locating browser window...</Message>
          <Message>[5/15/2018 1:24:53 AM]&lt;INFO&gt;ClickSearchResultCell : No product found on search page with title ... :- Case Set: A4030</Message>
          <Message>[5/15/2018 1:24:53 AM]&lt;CaptureImage&gt;\\CMP01-YKumar\AutoLog\CMP01-INDIASQA\ProductPageReviews_20180515012453.png</Message>
          <Message>[5/15/2018 1:25:30 AM]&lt;PASS&gt;&lt;ProductPageReviews&gt;&lt;Review tab does not exist for pre-order item&gt;</Message>
          <Message>[5/15/2018 1:25:34 AM]&lt;INFO&gt;SearchProductexecuting ... Searching term:= 'BLH4815'</Message>
          <Message>[5/15/2018 1:25:42 AM]&lt;Info&gt;AllBrowserWindow : Locating browser window...</Message>
          <Message>[5/15/2018 1:26:15 AM]&lt;PASS&gt;&lt;ProductPageReviews&gt;&lt;Review tab exist for in-stock item&gt;</Message>
          <Message>[5/15/2018 1:26:18 AM]&lt;INFO&gt;SearchProductexecuting ... Searching term:= 'SAI182TD91'</Message>
          <Message>[5/15/2018 1:26:23 AM]&lt;Info&gt;AllBrowserWindow : Locating browser window...</Message>
          <Message>[5/15/2018 1:26:48 AM]&lt;Info&gt;AllBrowserWindow : Locating browser window...</Message>
          <Message>[5/15/2018 1:27:15 AM]&lt;Info&gt;AllBrowserWindow : Locating browser window...</Message>
          <Message>[5/15/2018 1:27:15 AM]&lt;INFO&gt;ClickSearchResultCell : No product found on search page with title ... :- Carburetor Gasket Set:DD</Message>
          <Message>[5/15/2018 1:27:15 AM]&lt;CaptureImage&gt;\\CMP01-YKumar\AutoLog\CMP01-INDIASQA\ProductPageReviews_20180515012715.png</Message>
          <Message>[5/15/2018 1:27:53 AM]&lt;FAIL&gt;&lt;ProductPageReviews&gt;&lt;Review tab exist for backordered item&gt;.Assert.AreEqual failed. Expected:&lt;True&gt;. Actual:&lt;False&gt;. 
    StackTrace:
    ProductPageReviews(),ProductPage.cs,Line Number:2397</Message>
          <Message>[5/15/2018 1:27:53 AM]&lt;CaptureImage&gt;\\CMP01-YKumar\AutoLog\CMP01-INDIASQA\ProductPageReviews_20180515012753.png</Message>
          <Message>[5/15/2018 1:27:56 AM]&lt;INFO&gt;SurveyWindow : method executing ...</Message>
          <Message>[5/15/2018 1:28:05 AM]&lt;INFO&gt;ContinueOnCertificationErrorClickexecuting ...</Message>
          <Message>[5/15/2018 1:28:05 AM]&lt;Info&gt;DEAllBrowserWindow : Locating browser window...</Message>
          <Message>[5/15/2018 1:28:14 AM]&lt;INFO&gt;UserRegistration : method executing ...</Message>
          <Message>[5/15/2018 1:28:14 AM]&lt;Info&gt;AllBrowserWindow : Locating browser window...</Message>
          <Message>[5/15/2018 1:28:47 AM]&lt;Info&gt;AllBrowserWindow : Locating browser window...</Message>
          <Message>[5/15/2018 1:29:07 AM]&lt;Info&gt;AllBrowserWindow : Locating browser window...</Message>
          <Message>[5/15/2018 1:29:19 AM]&lt;INFO&gt;SearchProductexecuting ... Searching term:= 'HBZ3100'</Message>
          <Message>[5/15/2018 1:29:26 AM]&lt;Info&gt;AllBrowserWindow : Locating browser window...</Message>
          <Message>[5/15/2018 1:29:51 AM]&lt;Info&gt;AllBrowserWindow : Locating browser window...</Message>
          <Message>[5/15/2018 1:31:37 AM]&lt;FAIL&gt;&lt;ProductPageReviews&gt;&lt;Write a review link exists with rating&gt;.Assert.AreEqual failed. Expected:&lt;True&gt;. Actual:&lt;False&gt;. 
    StackTrace:
    ProductPageReviews(),ProductPage.cs,Line Number:2417</Message>
          <Message>[5/15/2018 1:31:37 AM]&lt;CaptureImage&gt;\\CMP01-YKumar\AutoLog\CMP01-INDIASQA\ProductPageReviews_20180515013137.png</Message>
          <Message>Assert.Fail failed. [5/15/2018 1:31:45 AM]&lt;ERROR&gt;MouseClick Exception:Microsoft.VisualStudio.TestTools.UITest.Extension.UITestControlNotFoundException: The playback failed to find the control with the given search properties. Additional Details: 
TechnologyName:  'Web'
ControlType:  'Hyperlink'
TagName:  'A'
Class:  'writeReviews'
 Failed to find any control that matched the search condition ControlType='Hyperlink' &amp;&amp; Class='writeReviews' ---&gt; System.Runtime.InteropServices.COMException: Error HRESULT E_FAIL has been returned from a call to a COM component.
   at Microsoft.VisualStudio.TestTools.UITest.Playback.Engine.IScreenElement.FindAllDescendants(String bstrQueryId, Object&amp; pvarResKeys, Int32 cResKeys, Int32 nMaxDepth)
   at Microsoft.VisualStudio.TestTools.UITest.Playback.ScreenElement.FindAllScreenElement(String queryId, Int32 depth, Boolean singleQueryId, Boolean throwException, Boolean resetSkipStep)
   at Microsoft.VisualStudio.TestTools.UITest.Playback.ScreenElement.FindScreenElement(String queryId, Int32 depth, Boolean resetSkipStep)
   at Microsoft.VisualStudio.TestTools.UITesting.UITestControl.FindFirstDescendant(String queryId, Int32 maxDepth, Int32&amp; timeLeft)
   --- End of inner exception stack trace ---
   at Microsoft.VisualStudio.TestTools.UITesting.Playback.MapControlNotFoundException(COMException ex, IPlaybackContext context)
   at Microsoft.VisualStudio.TestTools.UITesting.Playback.MapAndThrowComException(COMException innerException, IPlaybackContext context)
   at Microsoft.VisualStudio.TestTools.UITesting.Playback.MapAndThrowException(SystemException exception, IPlaybackContext context)
   at Microsoft.VisualStudio.TestTools.UITesting.Playback.MapAndThrowException(SystemException exception, String queryId)
   at Microsoft.VisualStudio.TestTools.UITesting.UITestControl.FindFirstDescendant(String queryId, Int32 maxDepth, Int32&amp; timeLeft)
   at Microsoft.VisualStudio.TestTools.UITesting.SearchHelper.GetUITestControlRecursive(Boolean useCache, Boolean alwaysSearch, ISearchArgument searchArg, IList`1 windowTitles, Int32&amp; timeLeft)
   at Microsoft.VisualStudio.TestTools.UITesting.SearchHelper.GetElement(Boolean useCache, ISearchArgument searchArg)
   at Microsoft.VisualStudio.TestTools.UITesting.SearchHelper.Search(ISearchArgument searchArg)
   at Microsoft.VisualStudio.TestTools.UITesting.UITestControl.FindInternal()
   at Microsoft.VisualStudio.TestTools.UITesting.UITestControl.&lt;Find&gt;b__3a()
   at Microsoft.VisualStudio.TestTools.UITesting.CodedUITestMethodInvoker.InvokeMethod[T](Func`1 function, UITestControl control, Boolean firePlaybackErrorEvent, Boolean logAsAction)
   at Microsoft.VisualStudio.TestTools.UITesting.UITestControl.Find()
   at Microsoft.VisualStudio.TestTools.UITesting.UITestControl.GetPropertyPrivate(String propertyName)
   at Microsoft.VisualStudio.TestTools.UITesting.UITestControl.GetPropertyOfType[T](String propertyName)
   at Microsoft.VisualStudio.TestTools.UITesting.UITestControl.get_Name()
   at TestAuto.LoggingAndSharedGenericMethods.MouseClick(UITestControl uiMenuItemTestControl) in c:\Builds\1\WebSphere\QATestAutomation\src\CodedUITest\SourceCode\Common\Logging\SharedMethods_Generic.cs:line 790, 
    StackTrace:
    MouseClick(),SharedMethods_Generic.cs,Line Number:822
    ProductPageReviews(),ProductPage.cs,Line Number:2419</Message>
          <Message>[5/15/2018 1:31:45 AM]&lt;CaptureImage&gt;\\CMP01-YKumar\AutoLog\CMP01-INDIASQA\ProductPageReviews_20180515013145.png</Message>
          <Message>[5/15/2018 1:31:50 AM]&lt;Info&gt;AllBrowserWindow : Locating browser window...</Message>
          <Message>[5/15/2018 1:32:15 AM]&lt;Info&gt;AllBrowserWindow : Locating browser window...</Message>
          <Message>Assert.Fail failed. [5/15/2018 1:33:56 AM]&lt;Error&gt;ProductPageReviews : failed executing ...Object reference not set to an instance of an object., 
    StackTrace:
    ProductPageReviews(),ProductPage.cs,Line Number:2594</Message>
          <Message>[5/15/2018 1:33:56 AM]&lt;CaptureImage&gt;\\CMP01-YKumar\AutoLog\CMP01-INDIASQA\ProductPageReviews_20180515013356.png</Message>
          <Message>[5/15/2018 1:33:56 AM]&lt;INFO&gt;DeleteWishlistFromDatabase : method executing</Message>
          <Message>[5/15/2018 1:34:25 AM]&lt;RESULT&gt;Test Ended:#PASS=2, #FAIL=2,#Other errors=2</Message>
          <Message>[5/15/2018 1:34:26 AM]&lt;INFO&gt;LogCPUAndMemoryUsage: Available Memory = 24217(MB), CPU Usage = 0.8435165%</Message>
          <Message>[5/15/2018 1:34:27 AM]&lt;INFO&gt;Private Working Set for QTAgent32_40, usage=246064 (K)</Message>
          <Message>[5/15/2018 1:34:27 AM]&lt;RESULT&gt;&lt;ProductPageReviews&gt; Test FAILED: Actual #FAIL=2, #Expected FAIL=0
#Other errors=2. See Error Message/logs for further details.</Message>
        </TextMessages>
      </Output>
      <ResultFiles>
        <ResultFile path="CMP01-INDIASQA.horizonhobby.com\ProductPageReviews_20180515012346.log" />
        <ResultFile path="CMP01-INDIASQA.horizonhobby.com\ProductPageReviews_20180515012453.png" />
        <ResultFile path="CMP01-INDIASQA.horizonhobby.com\ProductPageReviews_20180515012715.png" />
        <ResultFile path="CMP01-INDIASQA.horizonhobby.com\ProductPageReviews_20180515012753.png" />
        <ResultFile path="CMP01-INDIASQA.horizonhobby.com\ProductPageReviews_20180515013137.png" />
        <ResultFile path="CMP01-INDIASQA.horizonhobby.com\ProductPageReviews_20180515013145.png" />
        <ResultFile path="CMP01-INDIASQA.horizonhobby.com\ProductPageReviews_20180515013356.png" />
        <ResultFile path="CMP01-INDIASQA.horizonhobby.com\ProductPageReviews_ResultsONLY_20180515012346.log" />
        <ResultFile path="CMP01-INDIASQA.horizonhobby.com\ProductPageTestData_012346.xml" />
        <ResultFile path="CMP01-INDIASQA.horizonhobby.com\SharedCommonConfig.xml" />
      </ResultFiles>
    </UnitTestResult>
    <UnitTestResult executionId="ab49d489-7f64-4d98-ae4e-6c7a39d67ba9" testId="238d3e4d-0ef0-19f1-9d69-08c38bfa5bc5" testName="ProductPageQuickViewModal" computerName="CMP01-INDIASQA" duration="00:00:26.1707672" startTime="2018-05-15T01:34:29.1373948-05:00" endTime="2018-05-15T01:34:55.3373948-05:00" testType="13cdc9d9-ddb5-4fa4-a97d-d965ccfc6d4b" outcome="Passed" testListId="8c84fa94-04c1-424b-9868-57a2d4851a1d" relativeResultsDirectory="ab49d489-7f64-4d98-ae4e-6c7a39d67ba9">
      <Output>
        <StdOut>Logging to custom path:\\CMP01-YKumar\AutoLog</StdOut>
        <TextMessages>
          <Message>[5/15/2018 1:34:29 AM]&lt;STARTLOG&gt;&lt;ProductPageQuickViewModal&gt;Test Started: Expecting: #PASS=Undefined and #FAIL=0
Running from MTM=True, running on machine name:CMP01-INDIASQA, user name=ykumar, OS=Microsoft Windows NT 6.1.7601 Service Pack 1, Is64BitOS=True</Message>
          <Message>[5/15/2018 1:34:30 AM]&lt;INFO&gt;LogCPUAndMemoryUsage: Available Memory = 24217(MB), CPU Usage = 16.34447%</Message>
          <Message>[5/15/2018 1:34:30 AM]&lt;INFO&gt;Private Working Set for QTAgent32_40, usage=246224 (K)</Message>
          <Message>[5/15/2018 1:34:30 AM]&lt;INFO&gt;Path To TestConfig xml=E:\LoadTestResult\VSEQT\QTAgent\26973\CMP01-INDIASQA.horizonhobby.com\Deployment\SharedCommonConfig.xml</Message>
          <Message>[5/15/2018 1:34:30 AM]&lt;INFO&gt;Path To TestData xml=E:\LoadTestResult\VSEQT\QTAgent\26973\CMP01-INDIASQA.horizonhobby.com\Deployment\ProductPageTestData_013429.xml</Message>
          <Message>[5/15/2018 1:34:30 AM]&lt;INFO&gt;Path To HorizonHobbyQA Application Url=https://www-tst.horizonhobby.com</Message>
          <Message>[5/15/2018 1:34:30 AM]&lt;INFO&gt;HorizonHobbyQA sql connection string=Server=cmp02-ws-tst-db01:50000;Database=TST01DB;UID=wcdbuser;PWD=h0r1z0n;Connect Timeout=30</Message>
          <Message>[5/15/2018 1:34:30 AM]&lt;INFO&gt;Country is := US and language id is := '-1'</Message>
          <Message>[5/15/2018 1:34:30 AM]&lt;INFO&gt;Current browser used for test execution is = 'IE'</Message>
          <Message>[5/15/2018 1:34:33 AM]&lt;Info&gt;AllBrowserWindow : Locating browser window...</Message>
          <Message>[5/15/2018 1:34:34 AM]&lt;INFO&gt;SearchProductexecuting ... Searching term:= 'mcx'</Message>
          <Message>[5/15/2018 1:34:47 AM]&lt;PASS&gt;&lt;ProductPageQuickViewModal&gt;&lt;Move to wish list button exists&gt;</Message>
          <Message>[5/15/2018 1:34:47 AM]&lt;PASS&gt;&lt;ProductPageQuickViewModal&gt;&lt;Product Title appears as expected&gt;</Message>
          <Message>[5/15/2018 1:34:47 AM]&lt;PASS&gt;&lt;ProductPageQuickViewModal&gt;&lt;Brand image appears&gt;</Message>
          <Message>[5/15/2018 1:34:47 AM]&lt;PASS&gt;&lt;ProductPageQuickViewModal&gt;&lt;Brand image link&gt;</Message>
          <Message>[5/15/2018 1:34:48 AM]&lt;PASS&gt;&lt;ProductPageQuickViewModal&gt;&lt;Customer Rating appears&gt;</Message>
          <Message>[5/15/2018 1:34:49 AM]&lt;PASS&gt;&lt;ProductPageQuickViewModal&gt;&lt;Reviews count appears&gt;</Message>
          <Message>[5/15/2018 1:34:49 AM]&lt;PASS&gt;&lt;ProductPageQuickViewModal&gt;&lt;Write a review link exists&gt;</Message>
          <Message>[5/15/2018 1:34:49 AM]&lt;PASS&gt;&lt;ProductPageQuickViewModal&gt;&lt;Add to cart button exists&gt;</Message>
          <Message>[5/15/2018 1:34:50 AM]&lt;PASS&gt;&lt;ProductPageQuickViewModal&gt;&lt;Product is in stock appears&gt;</Message>
          <Message>[5/15/2018 1:34:50 AM]&lt;PASS&gt;&lt;ProductPageQuickViewModal&gt;&lt;Product is in stock appears&gt;</Message>
          <Message>[5/15/2018 1:34:50 AM]&lt;PASS&gt;&lt;ProductPageQuickViewModal&gt;&lt;Parts and upgrades link exists&gt;</Message>
          <Message>[5/15/2018 1:34:50 AM]&lt;PASS&gt;&lt;ProductPageQuickViewModal&gt;&lt;Manuals link exists&gt;</Message>
          <Message>[5/15/2018 1:34:51 AM]&lt;PASS&gt;&lt;ProductPageQuickViewModal&gt;&lt;Full Details link exists&gt;</Message>
          <Message>[5/15/2018 1:34:51 AM]&lt;PASS&gt;&lt;ProductPageQuickViewModal&gt;&lt;Product Image exists&gt;</Message>
          <Message>[5/15/2018 1:34:51 AM]&lt;PASS&gt;&lt;ProductPageQuickViewModal&gt;&lt;Product image gallery exists&gt;</Message>
          <Message>[5/15/2018 1:34:51 AM]&lt;PASS&gt;&lt;ProductPageQuickViewModal&gt;&lt;Product Free Shipping message appears&gt;</Message>
          <Message>[5/15/2018 1:34:52 AM]&lt;PASS&gt;&lt;ProductPageQuickViewModal&gt;&lt;Product Price appears&gt;</Message>
          <Message>[5/15/2018 1:34:52 AM]&lt;PASS&gt;&lt;ProductPageQuickViewModal&gt;&lt;Product quantity appears&gt;</Message>
          <Message>[5/15/2018 1:34:52 AM]&lt;RESULT&gt;Test Ended:#PASS=18, #FAIL=0</Message>
          <Message>[5/15/2018 1:34:53 AM]&lt;INFO&gt;LogCPUAndMemoryUsage: Available Memory = 24230(MB), CPU Usage = 8.15441%</Message>
          <Message>[5/15/2018 1:34:53 AM]&lt;INFO&gt;Private Working Set for QTAgent32_40, usage=232868 (K)</Message>
          <Message>[5/15/2018 1:34:53 AM]&lt;RESULT&gt;&lt;ProductPageQuickViewModal&gt; Test PASSED</Message>
        </TextMessages>
      </Output>
      <ResultFiles>
        <ResultFile path="CMP01-INDIASQA.horizonhobby.com\ProductPageQuickViewModal_20180515013429.log" />
        <ResultFile path="CMP01-INDIASQA.horizonhobby.com\ProductPageQuickViewModal_ResultsONLY_20180515013429.log" />
        <ResultFile path="CMP01-INDIASQA.horizonhobby.com\ProductPageTestData_013429.xml" />
        <ResultFile path="CMP01-INDIASQA.horizonhobby.com\SharedCommonConfig.xml" />
      </ResultFiles>
    </UnitTestResult>
    <UnitTestResult executionId="0c5a8957-e4ca-479b-8ed6-c3666c8c121e" testId="03fed267-58c7-5339-529d-f4de37af4da6" testName="ProductFourCornerTagsPagesWithNWithout" computerName="CMP01-INDIASQA" duration="00:02:19.9093952" startTime="2018-05-15T01:34:55.3393948-05:00" endTime="2018-05-15T01:37:15.2863948-05:00" testType="13cdc9d9-ddb5-4fa4-a97d-d965ccfc6d4b" outcome="Failed" testListId="8c84fa94-04c1-424b-9868-57a2d4851a1d" relativeResultsDirectory="0c5a8957-e4ca-479b-8ed6-c3666c8c121e">
      <Output>
        <StdOut>Logging to custom path:\\CMP01-YKumar\AutoLog</StdOut>
        <ErrorInfo>
          <Message>Assert.Fail failed. 
#Other errors=2
[Error details below]
&lt;ERROR&gt;[5/15/2018 1:37:12 AM]&lt;ERROR&gt;CompareProductsUIControlCollections : failed executing ...The playback failed to find the control with the given search properties. Additional Details: 
TechnologyName:  'Web'
ControlType:  'Pane'
TagName:  'DIV'
Class:  'compare_main'
 Failed to find any control that matched the search condition ControlType='Pane' &amp;&amp; Class=&gt;'compare_main'
&lt;ERROR&gt;[5/15/2018 1:37:12 AM]&lt;Error&gt;ProductFourCornerTagsPagesWithNWithout : failed executing ...The given key was not present in the dictionary.</Message>
          <StackTrace>   at TestAuto.LoggingAndSharedGenericMethods.EndTest() in c:\Builds\1\WebSphere\QATestAutomation\src\CodedUITest\SourceCode\Common\Logging\Logging.cs:line 1628
   at TestAuto.ProductPageTest.TestCleanup() in c:\Builds\1\WebSphere\QATestAutomation\src\CodedUITest\SourceCode\HHobby\ProductPage\ProductPage.cs:line 6905
</StackTrace>
        </ErrorInfo>
        <TextMessages>
          <Message>[5/15/2018 1:34:55 AM]&lt;STARTLOG&gt;&lt;ProductFourCornerTagsPagesWithNWithout&gt;Test Started: Expecting: #PASS=Undefined and #FAIL=0
Running from MTM=True, running on machine name:CMP01-INDIASQA, user name=ykumar, OS=Microsoft Windows NT 6.1.7601 Service Pack 1, Is64BitOS=True</Message>
          <Message>[5/15/2018 1:34:56 AM]&lt;INFO&gt;LogCPUAndMemoryUsage: Available Memory = 24371(MB), CPU Usage = 3.517901%</Message>
          <Message>[5/15/2018 1:34:56 AM]&lt;INFO&gt;Private Working Set for QTAgent32_40, usage=239232 (K)</Message>
          <Message>[5/15/2018 1:34:56 AM]&lt;INFO&gt;Path To TestConfig xml=E:\LoadTestResult\VSEQT\QTAgent\26973\CMP01-INDIASQA.horizonhobby.com\Deployment\SharedCommonConfig.xml</Message>
          <Message>[5/15/2018 1:34:56 AM]&lt;INFO&gt;Path To TestData xml=E:\LoadTestResult\VSEQT\QTAgent\26973\CMP01-INDIASQA.horizonhobby.com\Deployment\ProductPageTestData_013455.xml</Message>
          <Message>[5/15/2018 1:34:56 AM]&lt;INFO&gt;Path To HorizonHobbyQA Application Url=https://www-tst.horizonhobby.com</Message>
          <Message>[5/15/2018 1:34:56 AM]&lt;INFO&gt;HorizonHobbyQA sql connection string=Server=cmp02-ws-tst-db01:50000;Database=TST01DB;UID=wcdbuser;PWD=h0r1z0n;Connect Timeout=30</Message>
          <Message>[5/15/2018 1:34:56 AM]&lt;INFO&gt;Country is := US and language id is := '-1'</Message>
          <Message>[5/15/2018 1:34:56 AM]&lt;INFO&gt;Current browser used for test execution is = 'IE'</Message>
          <Message>[5/15/2018 1:34:56 AM]&lt;INFO&gt;GetSearchProductListWithCornerEdge executing... </Message>
          <Message>[5/15/2018 1:34:56 AM]&lt;INFO&gt;GetSearchProductListWithCornerEdge executing... </Message>
          <Message>[5/15/2018 1:34:57 AM]&lt;INFO&gt;GetSearchProductListWithCornerEdge executing... </Message>
          <Message>[5/15/2018 1:34:57 AM]&lt;INFO&gt;GetProductCatentryIdSkuIdAndNameData executing... </Message>
          <Message>[5/15/2018 1:34:58 AM]&lt;INFO&gt;GetSearchProductListWithCornerEdge executing... </Message>
          <Message>[5/15/2018 1:34:58 AM]&lt;INFO&gt;GetProductCatentryIdSkuIdAndNameData executing... </Message>
          <Message>[5/15/2018 1:35:02 AM]&lt;INFO&gt;GetMenuItems : method executing ... - HobbyZone</Message>
          <Message>[5/15/2018 1:35:04 AM]&lt;Info&gt;AllBrowserWindow : Locating browser window...</Message>
          <Message>[5/15/2018 1:35:39 AM]&lt;PASS&gt;&lt;ProductFourCornerTagsPagesWithNWithout&gt;&lt;Validates corner image for item in 3rd category page product shows correct Top Right Corner Tag NEW&gt;</Message>
          <Message>[5/15/2018 1:35:39 AM]&lt;INFO&gt;SearchProductexecuting ... Searching term:= 'new releases'</Message>
          <Message>[5/15/2018 1:35:46 AM]&lt;Info&gt;AllBrowserWindow : Locating browser window...</Message>
          <Message>[5/15/2018 1:35:46 AM]&lt;INFO&gt;ClickAndSelectSortByOptionexecuting ...</Message>
          <Message>[5/15/2018 1:36:02 AM]&lt;PASS&gt;&lt;ProductFourCornerTagsPagesWithNWithout&gt;&lt;Validates corner image for item in search result page product shows correct Top Right Corner Tag NEW&gt;</Message>
          <Message>[5/15/2018 1:36:02 AM]&lt;INFO&gt;ProductQuickInfoDetailsexecuting ...</Message>
          <Message>[5/15/2018 1:36:52 AM]&lt;PASS&gt;&lt;ProductFourCornerTagsPagesWithNWithout&gt;&lt;Validates corner image for item in quick info window page product shows correct Top Right Corner Tag NEW&gt;</Message>
          <Message>[5/15/2018 1:36:57 AM]&lt;Info&gt;AllBrowserWindow : Locating browser window...</Message>
          <Message>[5/15/2018 1:37:03 AM]&lt;INFO&gt;CompareProductsUIControlCollections : method executing ...</Message>
          <Message>[5/15/2018 1:37:03 AM]&lt;Info&gt;AllBrowserWindow : Locating browser window...</Message>
          <Message>Assert.Fail failed. [5/15/2018 1:37:12 AM]&lt;ERROR&gt;CompareProductsUIControlCollections : failed executing ...The playback failed to find the control with the given search properties. Additional Details: 
TechnologyName:  'Web'
ControlType:  'Pane'
TagName:  'DIV'
Class:  'compare_main'
 Failed to find any control that matched the search condition ControlType='Pane' &amp;&amp; Class=&gt;'compare_main', 
    StackTrace:
    CompareProductsUIControlCollections(),SharedCompareProducts.cs,Line Number:86
    ProductFourCornerTagsPagesWithNWithout(),ProductPage.cs,Line Number:4587</Message>
          <Message>[5/15/2018 1:37:12 AM]&lt;CaptureImage&gt;\\CMP01-YKumar\AutoLog\CMP01-INDIASQA\ProductFourCornerTagsPagesWithNWithout_20180515013712.png</Message>
          <Message>Assert.Fail failed. [5/15/2018 1:37:12 AM]&lt;Error&gt;ProductFourCornerTagsPagesWithNWithout : failed executing ...The given key was not present in the dictionary., 
    StackTrace:
    ProductFourCornerTagsPagesWithNWithout(),ProductPage.cs,Line Number:4722</Message>
          <Message>[5/15/2018 1:37:12 AM]&lt;CaptureImage&gt;\\CMP01-YKumar\AutoLog\CMP01-INDIASQA\ProductFourCornerTagsPagesWithNWithout_20180515013712.png</Message>
          <Message>[5/15/2018 1:37:12 AM]&lt;RESULT&gt;Test Ended:#PASS=3, #FAIL=0,#Other errors=2</Message>
          <Message>[5/15/2018 1:37:13 AM]&lt;INFO&gt;LogCPUAndMemoryUsage: Available Memory = 24231(MB), CPU Usage = 6.2044%</Message>
          <Message>[5/15/2018 1:37:13 AM]&lt;INFO&gt;Private Working Set for QTAgent32_40, usage=248636 (K)</Message>
          <Message>[5/15/2018 1:37:13 AM]&lt;RESULT&gt;&lt;ProductFourCornerTagsPagesWithNWithout&gt; Test FAILED: #Other errors=2. See Error Message/logs for further details.</Message>
        </TextMessages>
      </Output>
      <ResultFiles>
        <ResultFile path="CMP01-INDIASQA.horizonhobby.com\ProductFourCornerTagsPagesWithNWithout_20180515013455.log" />
        <ResultFile path="CMP01-INDIASQA.horizonhobby.com\ProductFourCornerTagsPagesWithNWithout_20180515013712.png" />
        <ResultFile path="CMP01-INDIASQA.horizonhobby.com\ProductFourCornerTagsPagesWithNWithout_ResultsONLY_20180515013455.log" />
        <ResultFile path="CMP01-INDIASQA.horizonhobby.com\ProductPageTestData_013455.xml" />
        <ResultFile path="CMP01-INDIASQA.horizonhobby.com\SharedCommonConfig.xml" />
      </ResultFiles>
    </UnitTestResult>
    <UnitTestResult executionId="409854d6-949e-4a4c-8fdc-0135b0b2486a" testId="f620249f-0052-c51d-b60c-639a6b3fe87f" testName="ProductFourCornerTags" computerName="CMP01-INDIASQA" duration="00:04:14.3431924" startTime="2018-05-15T01:37:15.2873948-05:00" endTime="2018-05-15T01:41:29.7033948-05:00" testType="13cdc9d9-ddb5-4fa4-a97d-d965ccfc6d4b" outcome="Failed" testListId="8c84fa94-04c1-424b-9868-57a2d4851a1d" relativeResultsDirectory="409854d6-949e-4a4c-8fdc-0135b0b2486a">
      <Output>
        <StdOut>Logging to custom path:\\CMP01-YKumar\AutoLog</StdOut>
        <ErrorInfo>
          <Message>Assert.Fail failed. 
Actual #FAIL=5, #Expected FAIL=0
[Error details below]
&lt;FAIL&gt;&lt;ProductFourCornerTags&gt;&lt;Validates Image for item in product page shows correct Top Left Corner Tag&gt;.Assert.AreEqual failed. Expected:&lt;True&gt;. Actual:&lt;False&gt;. 
    StackTrace:
    ProductFourCornerTags(),ProductPage.cs,Line Number:4451
&lt;FAIL&gt;&lt;ProductFourCornerTags&gt;&lt;Validates Image for item in product page shows correct Top Right Corner Tag&gt;.Assert.AreEqual failed. Expected:&lt;True&gt;. Actual:&lt;False&gt;. 
    StackTrace:
    ProductFourCornerTags(),ProductPage.cs,Line Number:4453
&lt;FAIL&gt;&lt;ProductFourCornerTags&gt;&lt;Validates Image for item in product page shows correct Bottom Left Corner Tag&gt;.Assert.AreEqual failed. Expected:&lt;True&gt;. Actual:&lt;False&gt;. 
    StackTrace:
    ProductFourCornerTags(),ProductPage.cs,Line Number:4455
&lt;FAIL&gt;&lt;ProductFourCornerTags&gt;&lt;Validates Image for item in product page shows correct Bottom Right Corner Tag&gt;.Assert.AreEqual failed. Expected:&lt;True&gt;. Actual:&lt;False&gt;. 
    StackTrace:
    ProductFourCornerTags(),ProductPage.cs,Line Number:4457
&lt;FAIL&gt;&lt;ProductFourCornerTags&gt;&lt;Validates Image for item in product page shows correct Top Right Corner Tag with New&gt;.Assert.AreEqual failed. Expected:&lt;True&gt;. Actual:&lt;False&gt;. 
    StackTrace:
    ProductFourCornerTags(),ProductPage.cs,Line Number:4466</Message>
          <StackTrace>   at TestAuto.LoggingAndSharedGenericMethods.EndTest() in c:\Builds\1\WebSphere\QATestAutomation\src\CodedUITest\SourceCode\Common\Logging\Logging.cs:line 1628
   at TestAuto.ProductPageTest.TestCleanup() in c:\Builds\1\WebSphere\QATestAutomation\src\CodedUITest\SourceCode\HHobby\ProductPage\ProductPage.cs:line 6905
</StackTrace>
        </ErrorInfo>
        <TextMessages>
          <Message>[5/15/2018 1:37:15 AM]&lt;STARTLOG&gt;&lt;ProductFourCornerTags&gt;Test Started: Expecting: #PASS=Undefined and #FAIL=0
Running from MTM=True, running on machine name:CMP01-INDIASQA, user name=ykumar, OS=Microsoft Windows NT 6.1.7601 Service Pack 1, Is64BitOS=True</Message>
          <Message>[5/15/2018 1:37:16 AM]&lt;INFO&gt;LogCPUAndMemoryUsage: Available Memory = 24363(MB), CPU Usage = 24.4538%</Message>
          <Message>[5/15/2018 1:37:16 AM]&lt;INFO&gt;Private Working Set for QTAgent32_40, usage=249088 (K)</Message>
          <Message>[5/15/2018 1:37:16 AM]&lt;INFO&gt;Path To TestConfig xml=E:\LoadTestResult\VSEQT\QTAgent\26973\CMP01-INDIASQA.horizonhobby.com\Deployment\SharedCommonConfig.xml</Message>
          <Message>[5/15/2018 1:37:16 AM]&lt;INFO&gt;Path To TestData xml=E:\LoadTestResult\VSEQT\QTAgent\26973\CMP01-INDIASQA.horizonhobby.com\Deployment\ProductPageTestData_013715.xml</Message>
          <Message>[5/15/2018 1:37:16 AM]&lt;INFO&gt;Path To HorizonHobbyQA Application Url=https://www-tst.horizonhobby.com</Message>
          <Message>[5/15/2018 1:37:16 AM]&lt;INFO&gt;HorizonHobbyQA sql connection string=Server=cmp02-ws-tst-db01:50000;Database=TST01DB;UID=wcdbuser;PWD=h0r1z0n;Connect Timeout=30</Message>
          <Message>[5/15/2018 1:37:16 AM]&lt;INFO&gt;Country is := US and language id is := '-1'</Message>
          <Message>[5/15/2018 1:37:16 AM]&lt;INFO&gt;Current browser used for test execution is = 'IE'</Message>
          <Message>[5/15/2018 1:37:16 AM]&lt;INFO&gt;GetSearchProductListWithCornerEdge executing... </Message>
          <Message>[5/15/2018 1:37:26 AM]&lt;INFO&gt;SearchProductexecuting ... Searching term:= 'HBZ4900'</Message>
          <Message>[5/15/2018 1:37:32 AM]&lt;Info&gt;AllBrowserWindow : Locating browser window...</Message>
          <Message>[5/15/2018 1:37:57 AM]&lt;Info&gt;AllBrowserWindow : Locating browser window...</Message>
          <Message>[5/15/2018 1:38:24 AM]&lt;Info&gt;AllBrowserWindow : Locating browser window...</Message>
          <Message>[5/15/2018 1:38:24 AM]&lt;INFO&gt;ClickSearchResultCell : No product found on search page with title ... :- Champ RTF</Message>
          <Message>[5/15/2018 1:38:24 AM]&lt;CaptureImage&gt;\\CMP01-YKumar\AutoLog\CMP01-INDIASQA\ProductFourCornerTags_20180515013824.png</Message>
          <Message>[5/15/2018 1:38:58 AM]&lt;FAIL&gt;&lt;ProductFourCornerTags&gt;&lt;Validates Image for item in product page shows correct Top Left Corner Tag&gt;.Assert.AreEqual failed. Expected:&lt;True&gt;. Actual:&lt;False&gt;. 
    StackTrace:
    ProductFourCornerTags(),ProductPage.cs,Line Number:4451</Message>
          <Message>[5/15/2018 1:38:59 AM]&lt;CaptureImage&gt;\\CMP01-YKumar\AutoLog\CMP01-INDIASQA\ProductFourCornerTags_20180515013858.png</Message>
          <Message>[5/15/2018 1:39:02 AM]&lt;FAIL&gt;&lt;ProductFourCornerTags&gt;&lt;Validates Image for item in product page shows correct Top Right Corner Tag&gt;.Assert.AreEqual failed. Expected:&lt;True&gt;. Actual:&lt;False&gt;. 
    StackTrace:
    ProductFourCornerTags(),ProductPage.cs,Line Number:4453</Message>
          <Message>[5/15/2018 1:39:03 AM]&lt;CaptureImage&gt;\\CMP01-YKumar\AutoLog\CMP01-INDIASQA\ProductFourCornerTags_20180515013902.png</Message>
          <Message>[5/15/2018 1:39:06 AM]&lt;FAIL&gt;&lt;ProductFourCornerTags&gt;&lt;Validates Image for item in product page shows correct Bottom Left Corner Tag&gt;.Assert.AreEqual failed. Expected:&lt;True&gt;. Actual:&lt;False&gt;. 
    StackTrace:
    ProductFourCornerTags(),ProductPage.cs,Line Number:4455</Message>
          <Message>[5/15/2018 1:39:06 AM]&lt;CaptureImage&gt;\\CMP01-YKumar\AutoLog\CMP01-INDIASQA\ProductFourCornerTags_20180515013906.png</Message>
          <Message>[5/15/2018 1:39:10 AM]&lt;FAIL&gt;&lt;ProductFourCornerTags&gt;&lt;Validates Image for item in product page shows correct Bottom Right Corner Tag&gt;.Assert.AreEqual failed. Expected:&lt;True&gt;. Actual:&lt;False&gt;. 
    StackTrace:
    ProductFourCornerTags(),ProductPage.cs,Line Number:4457</Message>
          <Message>[5/15/2018 1:39:10 AM]&lt;CaptureImage&gt;\\CMP01-YKumar\AutoLog\CMP01-INDIASQA\ProductFourCornerTags_20180515013910.png</Message>
          <Message>[5/15/2018 1:39:10 AM]&lt;INFO&gt;SearchProductexecuting ... Searching term:= 'ZENT207081170'</Message>
          <Message>[5/15/2018 1:39:19 AM]&lt;Info&gt;AllBrowserWindow : Locating browser window...</Message>
          <Message>[5/15/2018 1:39:44 AM]&lt;Info&gt;AllBrowserWindow : Locating browser window...</Message>
          <Message>[5/15/2018 1:40:10 AM]&lt;Info&gt;AllBrowserWindow : Locating browser window...</Message>
          <Message>[5/15/2018 1:40:11 AM]&lt;INFO&gt;ClickSearchResultCell : No product found on search page with title ... :- Lo-Speed Needle</Message>
          <Message>[5/15/2018 1:40:11 AM]&lt;CaptureImage&gt;\\CMP01-YKumar\AutoLog\CMP01-INDIASQA\ProductFourCornerTags_20180515014011.png</Message>
          <Message>[5/15/2018 1:40:45 AM]&lt;FAIL&gt;&lt;ProductFourCornerTags&gt;&lt;Validates Image for item in product page shows correct Top Right Corner Tag with New&gt;.Assert.AreEqual failed. Expected:&lt;True&gt;. Actual:&lt;False&gt;. 
    StackTrace:
    ProductFourCornerTags(),ProductPage.cs,Line Number:4466</Message>
          <Message>[5/15/2018 1:40:45 AM]&lt;CaptureImage&gt;\\CMP01-YKumar\AutoLog\CMP01-INDIASQA\ProductFourCornerTags_20180515014045.png</Message>
          <Message>[5/15/2018 1:40:45 AM]&lt;INFO&gt;SearchProductexecuting ... Searching term:= 'DYN9150'</Message>
          <Message>[5/15/2018 1:40:53 AM]&lt;Info&gt;AllBrowserWindow : Locating browser window...</Message>
          <Message>[5/15/2018 1:41:18 AM]&lt;Info&gt;AllBrowserWindow : Locating browser window...</Message>
          <Message>[5/15/2018 1:41:23 AM]&lt;Info&gt;AllBrowserWindow : Locating browser window...</Message>
          <Message>[5/15/2018 1:41:26 AM]&lt;PASS&gt;&lt;ProductFourCornerTags&gt;&lt;Validates Image for item in product page shows correct Top Right Corner Tag with Discontinue&gt;</Message>
          <Message>[5/15/2018 1:41:26 AM]&lt;PASS&gt;&lt;ProductFourCornerTags&gt;&lt;Validates Image for item in product page shows correct Top Right Corner Tag with Discontinue class&gt;</Message>
          <Message>[5/15/2018 1:41:26 AM]&lt;RESULT&gt;Test Ended:#PASS=2, #FAIL=5</Message>
          <Message>[5/15/2018 1:41:27 AM]&lt;INFO&gt;LogCPUAndMemoryUsage: Available Memory = 24199(MB), CPU Usage = 17.90447%</Message>
          <Message>[5/15/2018 1:41:27 AM]&lt;INFO&gt;Private Working Set for QTAgent32_40, usage=242980 (K)</Message>
          <Message>[5/15/2018 1:41:27 AM]&lt;RESULT&gt;&lt;ProductFourCornerTags&gt; Test FAILED: Actual #FAIL=5, #Expected FAIL=0. See Error Message/logs for further details.</Message>
        </TextMessages>
      </Output>
      <ResultFiles>
        <ResultFile path="CMP01-INDIASQA.horizonhobby.com\ProductFourCornerTags_20180515013715.log" />
        <ResultFile path="CMP01-INDIASQA.horizonhobby.com\ProductFourCornerTags_20180515013824.png" />
        <ResultFile path="CMP01-INDIASQA.horizonhobby.com\ProductFourCornerTags_20180515013858.png" />
        <ResultFile path="CMP01-INDIASQA.horizonhobby.com\ProductFourCornerTags_20180515013902.png" />
        <ResultFile path="CMP01-INDIASQA.horizonhobby.com\ProductFourCornerTags_20180515013906.png" />
        <ResultFile path="CMP01-INDIASQA.horizonhobby.com\ProductFourCornerTags_20180515013910.png" />
        <ResultFile path="CMP01-INDIASQA.horizonhobby.com\ProductFourCornerTags_20180515014011.png" />
        <ResultFile path="CMP01-INDIASQA.horizonhobby.com\ProductFourCornerTags_20180515014045.png" />
        <ResultFile path="CMP01-INDIASQA.horizonhobby.com\ProductFourCornerTags_ResultsONLY_20180515013715.log" />
        <ResultFile path="CMP01-INDIASQA.horizonhobby.com\ProductPageTestData_013715.xml" />
        <ResultFile path="CMP01-INDIASQA.horizonhobby.com\SharedCommonConfig.xml" />
      </ResultFiles>
    </UnitTestResult>
    <UnitTestResult executionId="ca1bff67-d1c8-4c85-a526-35d1c4165c5c" testId="0f2b81de-20ba-5cfb-7c9c-0cdd7499e074" testName="AddToWishlistWithSignedInUser" computerName="CMP01-INDIASQA" duration="00:02:21.1834366" startTime="2018-05-15T01:41:29.7043948-05:00" endTime="2018-05-15T01:43:50.9233948-05:00" testType="13cdc9d9-ddb5-4fa4-a97d-d965ccfc6d4b" outcome="Passed" testListId="8c84fa94-04c1-424b-9868-57a2d4851a1d" relativeResultsDirectory="ca1bff67-d1c8-4c85-a526-35d1c4165c5c">
      <Output>
        <StdOut>Logging to custom path:\\CMP01-YKumar\AutoLog</StdOut>
        <TextMessages>
          <Message>[5/15/2018 1:41:29 AM]&lt;STARTLOG&gt;&lt;AddToWishlistWithSignedInUser&gt;Test Started: Expecting: #PASS=Undefined and #FAIL=0
Running from MTM=True, running on machine name:CMP01-INDIASQA, user name=ykumar, OS=Microsoft Windows NT 6.1.7601 Service Pack 1, Is64BitOS=True</Message>
          <Message>[5/15/2018 1:41:30 AM]&lt;INFO&gt;LogCPUAndMemoryUsage: Available Memory = 24370(MB), CPU Usage = 17.09065%</Message>
          <Message>[5/15/2018 1:41:30 AM]&lt;INFO&gt;Private Working Set for QTAgent32_40, usage=243212 (K)</Message>
          <Message>[5/15/2018 1:41:30 AM]&lt;INFO&gt;Path To TestConfig xml=E:\LoadTestResult\VSEQT\QTAgent\26973\CMP01-INDIASQA.horizonhobby.com\Deployment\SharedCommonConfig.xml</Message>
          <Message>[5/15/2018 1:41:30 AM]&lt;INFO&gt;Path To TestData xml=E:\LoadTestResult\VSEQT\QTAgent\26973\CMP01-INDIASQA.horizonhobby.com\Deployment\ProductPageTestData_014129.xml</Message>
          <Message>[5/15/2018 1:41:30 AM]&lt;INFO&gt;Path To HorizonHobbyQA Application Url=https://www-tst.horizonhobby.com</Message>
          <Message>[5/15/2018 1:41:30 AM]&lt;INFO&gt;HorizonHobbyQA sql connection string=Server=cmp02-ws-tst-db01:50000;Database=TST01DB;UID=wcdbuser;PWD=h0r1z0n;Connect Timeout=30</Message>
          <Message>[5/15/2018 1:41:30 AM]&lt;INFO&gt;Country is := US and language id is := '-1'</Message>
          <Message>[5/15/2018 1:41:30 AM]&lt;INFO&gt;Current browser used for test execution is = 'IE'</Message>
          <Message>[5/15/2018 1:41:34 AM]&lt;Info&gt;AllBrowserWindow : Locating browser window...</Message>
          <Message>[5/15/2018 1:41:36 AM]&lt;INFO&gt;SurveyWindow : method executing ...</Message>
          <Message>[5/15/2018 1:41:43 AM]&lt;INFO&gt;ContinueOnCertificationErrorClickexecuting ...</Message>
          <Message>[5/15/2018 1:41:43 AM]&lt;Info&gt;DEAllBrowserWindow : Locating browser window...</Message>
          <Message>[5/15/2018 1:41:51 AM]&lt;INFO&gt;UserRegistration : method executing ...</Message>
          <Message>[5/15/2018 1:41:51 AM]&lt;Info&gt;AllBrowserWindow : Locating browser window...</Message>
          <Message>[5/15/2018 1:42:18 AM]&lt;Info&gt;AllBrowserWindow : Locating browser window...</Message>
          <Message>[5/15/2018 1:42:36 AM]&lt;Info&gt;AllBrowserWindow : Locating browser window...</Message>
          <Message>[5/15/2018 1:42:52 AM]&lt;INFO&gt;SearchProductexecuting ... Searching term:= 'INTC23584'</Message>
          <Message>[5/15/2018 1:42:58 AM]&lt;Info&gt;AllBrowserWindow : Locating browser window...</Message>
          <Message>[5/15/2018 1:43:12 AM]&lt;PASS&gt;&lt;AddToWishlistWithSignedInUser&gt;&lt;Sign In Register not required to proceed, instead Create new wish list option appears&gt;</Message>
          <Message>[5/15/2018 1:43:18 AM]&lt;INFO&gt;DeleteWishlistFromDatabase : method executing</Message>
          <Message>[5/15/2018 1:43:18 AM]&lt;INFO&gt;DeleteWishlistFromDatabase : method executing</Message>
          <Message>[5/15/2018 1:43:47 AM]&lt;RESULT&gt;Test Ended:#PASS=1, #FAIL=0</Message>
          <Message>[5/15/2018 1:43:48 AM]&lt;INFO&gt;LogCPUAndMemoryUsage: Available Memory = 24216(MB), CPU Usage = 8.143124%</Message>
          <Message>[5/15/2018 1:43:48 AM]&lt;INFO&gt;Private Working Set for QTAgent32_40, usage=239448 (K)</Message>
          <Message>[5/15/2018 1:43:48 AM]&lt;RESULT&gt;&lt;AddToWishlistWithSignedInUser&gt; Test PASSED</Message>
        </TextMessages>
      </Output>
      <ResultFiles>
        <ResultFile path="CMP01-INDIASQA.horizonhobby.com\AddToWishlistWithSignedInUser_20180515014129.log" />
        <ResultFile path="CMP01-INDIASQA.horizonhobby.com\AddToWishlistWithSignedInUser_ResultsONLY_20180515014129.log" />
        <ResultFile path="CMP01-INDIASQA.horizonhobby.com\ProductPageTestData_014129.xml" />
        <ResultFile path="CMP01-INDIASQA.horizonhobby.com\SharedCommonConfig.xml" />
      </ResultFiles>
    </UnitTestResult>
    <UnitTestResult executionId="f1231435-75c3-4735-a6ab-c7ac4bda502a" testId="d943e4ea-2bc5-a462-1477-25992917a0ec" testName="CartPromoCodeRemoval" computerName="CMP01-INDIASQA" duration="00:01:53.2101561" startTime="2018-05-15T01:43:50.9263948-05:00" endTime="2018-05-15T01:45:44.1703948-05:00" testType="13cdc9d9-ddb5-4fa4-a97d-d965ccfc6d4b" outcome="Passed" testListId="8c84fa94-04c1-424b-9868-57a2d4851a1d" relativeResultsDirectory="f1231435-75c3-4735-a6ab-c7ac4bda502a">
      <Output>
        <StdOut>Logging to custom path:\\CMP01-YKumar\AutoLog</StdOut>
        <TextMessages>
          <Message>[5/15/2018 1:43:50 AM]&lt;STARTLOG&gt;&lt;CartPromoCodeRemoval&gt;Test Started: Expecting: #PASS=Undefined and #FAIL=0
Running from MTM=True, running on machine name:CMP01-INDIASQA, user name=ykumar, OS=Microsoft Windows NT 6.1.7601 Service Pack 1, Is64BitOS=True</Message>
          <Message>[5/15/2018 1:43:51 AM]&lt;INFO&gt;LogCPUAndMemoryUsage: Available Memory = 24273(MB), CPU Usage = 17.14873%</Message>
          <Message>[5/15/2018 1:43:52 AM]&lt;INFO&gt;Private Working Set for QTAgent32_40, usage=239540 (K)</Message>
          <Message>[5/15/2018 1:43:52 AM]&lt;INFO&gt;Path To TestConfig xml=E:\LoadTestResult\VSEQT\QTAgent\26973\CMP01-INDIASQA.horizonhobby.com\Deployment\SharedCommonConfig.xml</Message>
          <Message>[5/15/2018 1:43:52 AM]&lt;INFO&gt;Path To TestData xml=E:\LoadTestResult\VSEQT\QTAgent\26973\CMP01-INDIASQA.horizonhobby.com\Deployment\CartDisplayTestData_014350.xml</Message>
          <Message>[5/15/2018 1:43:52 AM]&lt;INFO&gt;Path To HorizonHobbyQA Application Url=https://www-tst.horizonhobby.com</Message>
          <Message>[5/15/2018 1:43:52 AM]&lt;INFO&gt;HorizonHobbyQA sql connection string=Server=cmp02-ws-tst-db01:50000;Database=TST01DB;UID=wcdbuser;PWD=h0r1z0n;Connect Timeout=30</Message>
          <Message>[5/15/2018 1:43:52 AM]&lt;INFO&gt;Country is := US and language id is := '-1'</Message>
          <Message>[5/15/2018 1:43:52 AM]&lt;INFO&gt;Current browser used for test execution is = 'IE'</Message>
          <Message>[5/15/2018 1:43:55 AM]&lt;Info&gt;AllBrowserWindow : Locating browser window...</Message>
          <Message>[5/15/2018 1:43:59 AM]&lt;INFO&gt;SearchProductexecuting ... Searching term:= 'DYNM3930'</Message>
          <Message>[5/15/2018 1:44:06 AM]&lt;Info&gt;AllBrowserWindow : Locating browser window...</Message>
          <Message>[5/15/2018 1:44:06 AM]&lt;INFO&gt;BackOrderClickexecuting ...</Message>
          <Message>[5/15/2018 1:44:07 AM]&lt;INFO&gt;GoToCartClickexecuting ...</Message>
          <Message>[5/15/2018 1:44:13 AM]&lt;Info&gt;AllBrowserWindow : Locating browser window...</Message>
          <Message>[5/15/2018 1:44:24 AM]&lt;PASS&gt;&lt;CartPromoCodeRemoval&gt;&lt;Promo Code Text Box appears&gt;</Message>
          <Message>[5/15/2018 1:44:24 AM]&lt;PASS&gt;&lt;CartPromoCodeRemoval&gt;&lt;Apply Promo Code button appears&gt;</Message>
          <Message>[5/15/2018 1:44:24 AM]&lt;INFO&gt;KeyboardSendKeys method executing...</Message>
          <Message>[5/15/2018 1:44:24 AM]&lt;INFO&gt;CheckoutCreditCardShippingAndBillingControls : method executing</Message>
          <Message>[5/15/2018 1:44:24 AM]&lt;Info&gt;AllBrowserWindow : Locating browser window...</Message>
          <Message>[5/15/2018 1:44:41 AM]&lt;INFO&gt;GetOrderTotalAmount : is executing ...</Message>
          <Message>[5/15/2018 1:44:41 AM]&lt;INFO&gt;ApplyPromoCode : method executing ...  -funfrenz14</Message>
          <Message>[5/15/2018 1:44:41 AM]&lt;INFO&gt;SurveyWindow : method executing ...</Message>
          <Message>[5/15/2018 1:44:53 AM]&lt;PASS&gt;&lt;CartPromoCodeRemoval&gt;&lt;Applied Promo Code's Description Appears&gt;</Message>
          <Message>[5/15/2018 1:44:53 AM]&lt;INFO&gt;KeyboardSendKeys method executing...</Message>
          <Message>[5/15/2018 1:44:53 AM]&lt;INFO&gt;CheckoutCreditCardShippingAndBillingControls : method executing</Message>
          <Message>[5/15/2018 1:44:53 AM]&lt;Info&gt;AllBrowserWindow : Locating browser window...</Message>
          <Message>[5/15/2018 1:45:10 AM]&lt;PASS&gt;&lt;CartPromoCodeRemoval&gt;&lt;Product Discount appears in Order Total Table &gt;</Message>
          <Message>[5/15/2018 1:45:10 AM]&lt;PASS&gt;&lt;CartPromoCodeRemoval&gt;&lt;Order total after 10% discount is as expected &gt;</Message>
          <Message>[5/15/2018 1:45:10 AM]&lt;INFO&gt;RemoveAppliedPromoCode : is executing ...</Message>
          <Message>[5/15/2018 1:45:10 AM]&lt;Info&gt;AllBrowserWindow : Locating browser window...</Message>
          <Message>[5/15/2018 1:45:24 AM]&lt;INFO&gt;CheckoutCreditCardShippingAndBillingControls : method executing</Message>
          <Message>[5/15/2018 1:45:24 AM]&lt;Info&gt;AllBrowserWindow : Locating browser window...</Message>
          <Message>[5/15/2018 1:45:41 AM]&lt;PASS&gt;&lt;CartPromoCodeRemoval&gt;&lt;Product Discount does not appear in Order Total Table &gt;</Message>
          <Message>[5/15/2018 1:45:41 AM]&lt;PASS&gt;&lt;CartPromoCodeRemoval&gt;&lt;Order total updated after Promo Code removal &gt;</Message>
          <Message>[5/15/2018 1:45:41 AM]&lt;RESULT&gt;Test Ended:#PASS=7, #FAIL=0</Message>
          <Message>[5/15/2018 1:45:42 AM]&lt;INFO&gt;LogCPUAndMemoryUsage: Available Memory = 24204(MB), CPU Usage = 10.88442%</Message>
          <Message>[5/15/2018 1:45:42 AM]&lt;INFO&gt;Private Working Set for QTAgent32_40, usage=240168 (K)</Message>
          <Message>[5/15/2018 1:45:42 AM]&lt;RESULT&gt;&lt;CartPromoCodeRemoval&gt; Test PASSED</Message>
        </TextMessages>
      </Output>
    </UnitTestResult>
    <UnitTestResult executionId="f3a80dd7-b32f-4546-a8a6-604dd1f240fe" testId="89a0ab30-1bbc-7fdd-12c1-67361a28bdcd" testName="CartOrderLevelPromotion" computerName="CMP01-INDIASQA" duration="00:06:02.7349762" startTime="2018-05-15T01:45:44.1723948-05:00" endTime="2018-05-15T01:51:47.0073948-05:00" testType="13cdc9d9-ddb5-4fa4-a97d-d965ccfc6d4b" outcome="Failed" testListId="8c84fa94-04c1-424b-9868-57a2d4851a1d" relativeResultsDirectory="f3a80dd7-b32f-4546-a8a6-604dd1f240fe">
      <Output>
        <StdOut>Logging to custom path:\\CMP01-YKumar\AutoLog</StdOut>
        <ErrorInfo>
          <Message>Assert.Fail failed. 
#Other errors=11
[Error details below]
&lt;ERROR&gt;[5/15/2018 1:48:09 AM]&lt;ERROR&gt;BackOrderClick : failed executing ...The playback failed to find the control with the given search properties. Additional Details: 
TechnologyName:  'Web'
ControlType:  'Hyperlink'
TagName:  'A'
Id:  'add2CartBtn'
 Failed to find any control that matched the search condition Id='add2CartBtn' &amp;&amp; ControlType='Hyperlink'
&lt;ERROR&gt;[5/15/2018 1:48:15 AM]&lt;ERROR&gt;MouseClick Exception:Microsoft.VisualStudio.TestTools.UITest.Extension.UITestControlNotFoundException: The playback failed to find the control with the given search properties. Additional Details: 
TechnologyName:  'Web'
ControlType:  'Hyperlink'
TagName:  'A'
Id:  'MiniShopCartCloseButton_2'
 Failed to find any control that matched the search condition Id='MiniShopCartCloseButton_2' &amp;&amp; ControlType='Hyperlink' ---&gt; System.Runtime.InteropServices.COMException: Error HRESULT E_FAIL has been returned from a call to a COM component.
   at Microsoft.VisualStudio.TestTools.UITest.Playback.Engine.IScreenElement.FindAllDescendants(String bstrQueryId, Object&amp; pvarResKeys, Int32 cResKeys, Int32 nMaxDepth)
   at Microsoft.VisualStudio.TestTools.UITest.Playback.ScreenElement.FindAllScreenElement(String queryId, Int32 depth, Boolean singleQueryId, Boolean throwException, Boolean resetSkipStep)
   at Microsoft.VisualStudio.TestTools.UITest.Playback.ScreenElement.FindScreenElement(String queryId, Int32 depth, Boolean resetSkipStep)
   at Microsoft.VisualStudio.TestTools.UITesting.UITestControl.FindFirstDescendant(String queryId, Int32 maxDepth, Int32&amp; timeLeft)
   --- End of inner exception stack trace ---
   at Microsoft.VisualStudio.TestTools.UITesting.Playback.MapControlNotFoundException(COMException ex, IPlaybackContext context)
   at Microsoft.VisualStudio.TestTools.UITesting.Playback.MapAndThrowComException(COMException innerException, IPlaybackContext context)
   at Microsoft.VisualStudio.TestTools.UITesting.Playback.MapAndThrowException(SystemException exception, IPlaybackContext context)
   at Microsoft.VisualStudio.TestTools.UITesting.Playback.MapAndThrowException(SystemException exception, String queryId)
   at Microsoft.VisualStudio.TestTools.UITesting.UITestControl.FindFirstDescendant(String queryId, Int32 maxDepth, Int32&amp; timeLeft)
   at Microsoft.VisualStudio.TestTools.UITesting.SearchHelper.GetUITestControlRecursive(Boolean useCache, Boolean alwaysSearch, ISearchArgument searchArg, IList`1 windowTitles, Int32&amp; timeLeft)
   at Microsoft.VisualStudio.TestTools.UITesting.SearchHelper.GetElement(Boolean useCache, ISearchArgument searchArg)
   at Microsoft.VisualStudio.TestTools.UITesting.SearchHelper.Search(ISearchArgument searchArg)
   at Microsoft.VisualStudio.TestTools.UITesting.UITestControl.FindInternal()
   at Microsoft.VisualStudio.TestTools.UITesting.UITestControl.&lt;Find&gt;b__3a()
   at Microsoft.VisualStudio.TestTools.UITesting.CodedUITestMethodInvoker.InvokeMethod[T](Func`1 function, UITestControl control, Boolean firePlaybackErrorEvent, Boolean logAsAction)
   at Microsoft.VisualStudio.TestTools.UITesting.UITestControl.Find()
   at Microsoft.VisualStudio.TestTools.UITesting.UITestControl.GetPropertyPrivate(String propertyName)
   at Microsoft.VisualStudio.TestTools.UITesting.UITestControl.GetPropertyOfType[T](String propertyName)
   at Microsoft.VisualStudio.TestTools.UITesting.UITestControl.get_Name()
   at TestAuto.LoggingAndSharedGenericMethods.MouseClick(UITestControl uiMenuItemTestControl) in c:\Builds\1\WebSphere\QATestAutomation\src\CodedUITest\SourceCode\Common\Logging\SharedMethods_Generic.cs:line 790
&lt;ERROR&gt;[5/15/2018 1:48:22 AM]&lt;ERROR&gt;SearchProduct := RC4ZR0006 : failed executing ...The playback failed to find the control with the given search properties. Additional Details: 
TechnologyName:  'Web'
ControlType:  'Edit'
TagName:  'INPUT'
Id:  'SimpleSearchForm_SearchTerm'
 Failed to find any control that matched the search condition ControlType='Edit' &amp;&amp; Id=&gt;'SimpleSearchForm_SearchTerm'
&lt;ERROR&gt;[5/15/2018 1:50:32 AM]&lt;ERROR&gt;BackOrderClick : failed executing ...The playback failed to find the control with the given search properties. Additional Details: 
TechnologyName:  'Web'
ControlType:  'Hyperlink'
TagName:  'A'
Id:  'add2CartBtn'
 Failed to find any control that matched the search condition Id='add2CartBtn' &amp;&amp; ControlType='Hyperlink'
&lt;ERROR&gt;[5/15/2018 1:50:38 AM]&lt;ERROR&gt;MouseClick Exception:Microsoft.VisualStudio.TestTools.UITest.Extension.UITestControlNotFoundException: The playback failed to find the control with the given search properties. Additional Details: 
TechnologyName:  'Web'
ControlType:  'Hyperlink'
TagName:  'A'
Id:  'MiniShopCartCloseButton_2'
 Failed to find any control that matched the search condition Id='MiniShopCartCloseButton_2' &amp;&amp; ControlType='Hyperlink' ---&gt; System.Runtime.InteropServices.COMException: Error HRESULT E_FAIL has been returned from a call to a COM component.
   at Microsoft.VisualStudio.TestTools.UITest.Playback.Engine.IScreenElement.FindAllDescendants(String bstrQueryId, Object&amp; pvarResKeys, Int32 cResKeys, Int32 nMaxDepth)
   at Microsoft.VisualStudio.TestTools.UITest.Playback.ScreenElement.FindAllScreenElement(String queryId, Int32 depth, Boolean singleQueryId, Boolean throwException, Boolean resetSkipStep)
   at Microsoft.VisualStudio.TestTools.UITest.Playback.ScreenElement.FindScreenElement(String queryId, Int32 depth, Boolean resetSkipStep)
   at Microsoft.VisualStudio.TestTools.UITesting.UITestControl.FindFirstDescendant(String queryId, Int32 maxDepth, Int32&amp; timeLeft)
   --- End of inner exception stack trace ---
   at Microsoft.VisualStudio.TestTools.UITesting.Playback.MapControlNotFoundException(COMException ex, IPlaybackContext context)
   at Microsoft.VisualStudio.TestTools.UITesting.Playback.MapAndThrowComException(COMException innerException, IPlaybackContext context)
   at Microsoft.VisualStudio.TestTools.UITesting.Playback.MapAndThrowException(SystemException exception, IPlaybackContext context)
   at Microsoft.VisualStudio.TestTools.UITesting.Playback.MapAndThrowException(SystemException exception, String queryId)
   at Microsoft.VisualStudio.TestTools.UITesting.UITestControl.FindFirstDescendant(String queryId, Int32 maxDepth, Int32&amp; timeLeft)
   at Microsoft.VisualStudio.TestTools.UITesting.SearchHelper.GetUITestControlRecursive(Boolean useCache, Boolean alwaysSearch, ISearchArgument searchArg, IList`1 windowTitles, Int32&amp; timeLeft)
   at Microsoft.VisualStudio.TestTools.UITesting.SearchHelper.GetElement(Boolean useCache, ISearchArgument searchArg)
   at Microsoft.VisualStudio.TestTools.UITesting.SearchHelper.Search(ISearchArgument searchArg)
   at Microsoft.VisualStudio.TestTools.UITesting.UITestControl.FindInternal()
   at Microsoft.VisualStudio.TestTools.UITesting.UITestControl.&lt;Find&gt;b__3a()
   at Microsoft.VisualStudio.TestTools.UITesting.CodedUITestMethodInvoker.InvokeMethod[T](Func`1 function, UITestControl control, Boolean firePlaybackErrorEvent, Boolean logAsAction)
   at Microsoft.VisualStudio.TestTools.UITesting.UITestControl.Find()
   at Microsoft.VisualStudio.TestTools.UITesting.UITestControl.GetPropertyPrivate(String propertyName)
   at Microsoft.VisualStudio.TestTools.UITesting.UITestControl.GetPropertyOfType[T](String propertyName)
   at Microsoft.VisualStudio.TestTools.UITesting.UITestControl.get_Name()
   at TestAuto.LoggingAndSharedGenericMethods.MouseClick(UITestControl uiMenuItemTestControl) in c:\Builds\1\WebSphere\QATestAutomation\src\CodedUITest\SourceCode\Common\Logging\SharedMethods_Generic.cs:line 790
&lt;ERROR&gt;[5/15/2018 1:50:40 AM]&lt;ERROR&gt;CartIconClick : failed executing ...The playback failed to find the control with the given search properties. Additional Details: 
TechnologyName:  'Web'
ControlType:  'Pane'
TagName:  'SPAN'
Id:  'minishopcart_total'
 Failed to find any control that matched the search condition Id='minishopcart_total' &amp;&amp; ControlType='Pane'
&lt;ERROR&gt;[5/15/2018 1:50:46 AM]&lt;ERROR&gt;MouseClick Exception:Microsoft.VisualStudio.TestTools.UITest.Extension.UITestControlNotFoundException: The playback failed to find the control with the given search properties. Additional Details: 
TechnologyName:  'Web'
ControlType:  'Hyperlink'
TagName:  'A'
Id:  'GotoCartButton1'
Class:  'button'
InnerText:  'Go to Cart'
 Failed to find any control that matched the search condition Id='GotoCartButton1' &amp;&amp; ControlType='Hyperlink' &amp;&amp; Class='button' &amp;&amp; InnerText='Go to Cart' ---&gt; System.Runtime.InteropServices.COMException: Error HRESULT E_FAIL has been returned from a call to a COM component.
   at Microsoft.VisualStudio.TestTools.UITest.Playback.Engine.IScreenElement.FindAllDescendants(String bstrQueryId, Object&amp; pvarResKeys, Int32 cResKeys, Int32 nMaxDepth)
   at Microsoft.VisualStudio.TestTools.UITest.Playback.ScreenElement.FindAllScreenElement(String queryId, Int32 depth, Boolean singleQueryId, Boolean throwException, Boolean resetSkipStep)
   at Microsoft.VisualStudio.TestTools.UITest.Playback.ScreenElement.FindScreenElement(String queryId, Int32 depth, Boolean resetSkipStep)
   at Microsoft.VisualStudio.TestTools.UITesting.UITestControl.FindFirstDescendant(String queryId, Int32 maxDepth, Int32&amp; timeLeft)
   --- End of inner exception stack trace ---
   at Microsoft.VisualStudio.TestTools.UITesting.Playback.MapControlNotFoundException(COMException ex, IPlaybackContext context)
   at Microsoft.VisualStudio.TestTools.UITesting.Playback.MapAndThrowComException(COMException innerException, IPlaybackContext context)
   at Microsoft.VisualStudio.TestTools.UITesting.Playback.MapAndThrowException(SystemException exception, IPlaybackContext context)
   at Microsoft.VisualStudio.TestTools.UITesting.Playback.MapAndThrowException(SystemException exception, String queryId)
   at Microsoft.VisualStudio.TestTools.UITesting.UITestControl.FindFirstDescendant(String queryId, Int32 maxDepth, Int32&amp; timeLeft)
   at Microsoft.VisualStudio.TestTools.UITesting.SearchHelper.GetUITestControlRecursive(Boolean useCache, Boolean alwaysSearch, ISearchArgument searchArg, IList`1 windowTitles, Int32&amp; timeLeft)
   at Microsoft.VisualStudio.TestTools.UITesting.SearchHelper.GetElement(Boolean useCache, ISearchArgument searchArg)
   at Microsoft.VisualStudio.TestTools.UITesting.SearchHelper.Search(ISearchArgument searchArg)
   at Microsoft.VisualStudio.TestTools.UITesting.UITestControl.FindInternal()
   at Microsoft.VisualStudio.TestTools.UITesting.UITestControl.&lt;Find&gt;b__3a()
   at Microsoft.VisualStudio.TestTools.UITesting.CodedUITestMethodInvoker.InvokeMethod[T](Func`1 function, UITestControl control, Boolean firePlaybackErrorEvent, Boolean logAsAction)
   at Microsoft.VisualStudio.TestTools.UITesting.UITestControl.Find()
   at Microsoft.VisualStudio.TestTools.UITesting.UITestControl.GetPropertyPrivate(String propertyName)
   at Microsoft.VisualStudio.TestTools.UITesting.UITestControl.GetPropertyOfType[T](String propertyName)
   at Microsoft.VisualStudio.TestTools.UITesting.UITestControl.get_Name()
   at TestAuto.LoggingAndSharedGenericMethods.MouseClick(UITestControl uiMenuItemTestControl) in c:\Builds\1\WebSphere\QATestAutomation\src\CodedUITest\SourceCode\Common\Logging\SharedMethods_Generic.cs:line 790
&lt;ERROR&gt;[5/15/2018 1:51:11 AM]&lt;Error&gt;AllBrowserWindow : failed executing ...Unable to find Windows Internet Explorer window with 'Shopping Cart - Internet Explorer' in the title.
&lt;ERROR&gt;[5/15/2018 1:51:13 AM]&lt;ERROR&gt;SelectStateForShipping : failed executing ...The playback failed to find the control with the given search properties. Additional Details: 
TechnologyName:  'Web'
ControlType:  'ComboBox'
TagName:  'SELECT'
Id:  'cart_shopCart_shipEstSelect'
 Failed to find any control that matched the search condition Id='cart_shopCart_shipEstSelect' &amp;&amp; ControlType='ComboBox'
&lt;ERROR&gt;[5/15/2018 1:51:38 AM]&lt;Error&gt;AllBrowserWindow : failed executing ...Unable to find Windows Internet Explorer window with 'Shopping Cart - Internet Explorer' in the title.
&lt;ERROR&gt;[5/15/2018 1:51:43 AM]&lt;ERROR&gt;CartOrderLevelPromotion : failed executing ...Index was out of range. Must be non-negative and less than the size of the collection.
Parameter name: index</Message>
          <StackTrace>   at TestAuto.LoggingAndSharedGenericMethods.EndTest() in c:\Builds\1\WebSphere\QATestAutomation\src\CodedUITest\SourceCode\Common\Logging\Logging.cs:line 1628
   at TestAuto.CartDisplayTest.TestCleanup() in c:\Builds\1\WebSphere\QATestAutomation\src\CodedUITest\SourceCode\HHobby\CartDisplay\CartDisplay.cs:line 5472
</StackTrace>
        </ErrorInfo>
        <TextMessages>
          <Message>[5/15/2018 1:45:44 AM]&lt;STARTLOG&gt;&lt;CartOrderLevelPromotion&gt;Test Started: Expecting: #PASS=Undefined and #FAIL=0
Running from MTM=True, running on machine name:CMP01-INDIASQA, user name=ykumar, OS=Microsoft Windows NT 6.1.7601 Service Pack 1, Is64BitOS=True</Message>
          <Message>[5/15/2018 1:45:45 AM]&lt;INFO&gt;LogCPUAndMemoryUsage: Available Memory = 24206(MB), CPU Usage = 16.70605%</Message>
          <Message>[5/15/2018 1:45:45 AM]&lt;INFO&gt;Private Working Set for QTAgent32_40, usage=240388 (K)</Message>
          <Message>[5/15/2018 1:45:45 AM]&lt;INFO&gt;Path To TestConfig xml=E:\LoadTestResult\VSEQT\QTAgent\26973\CMP01-INDIASQA.horizonhobby.com\Deployment\SharedCommonConfig.xml</Message>
          <Message>[5/15/2018 1:45:45 AM]&lt;INFO&gt;Path To TestData xml=E:\LoadTestResult\VSEQT\QTAgent\26973\CMP01-INDIASQA.horizonhobby.com\Deployment\CartDisplayTestData_014544.xml</Message>
          <Message>[5/15/2018 1:45:45 AM]&lt;INFO&gt;Path To HorizonHobbyQA Application Url=https://www-tst.horizonhobby.com</Message>
          <Message>[5/15/2018 1:45:45 AM]&lt;INFO&gt;HorizonHobbyQA sql connection string=Server=cmp02-ws-tst-db01:50000;Database=TST01DB;UID=wcdbuser;PWD=h0r1z0n;Connect Timeout=30</Message>
          <Message>[5/15/2018 1:45:45 AM]&lt;INFO&gt;Country is := US and language id is := '-1'</Message>
          <Message>[5/15/2018 1:45:45 AM]&lt;INFO&gt;Current browser used for test execution is = 'IE'</Message>
          <Message>[5/15/2018 1:45:48 AM]&lt;Info&gt;AllBrowserWindow : Locating browser window...</Message>
          <Message>[5/15/2018 1:45:52 AM]&lt;INFO&gt;SearchProductexecuting ... Searching term:= 'HRC37955S'</Message>
          <Message>[5/15/2018 1:45:59 AM]&lt;Info&gt;AllBrowserWindow : Locating browser window...</Message>
          <Message>[5/15/2018 1:46:23 AM]&lt;Info&gt;AllBrowserWindow : Locating browser window...</Message>
          <Message>[5/15/2018 1:48:04 AM]&lt;INFO&gt;BackOrderClickexecuting ...</Message>
          <Message>Assert.Fail failed. [5/15/2018 1:48:09 AM]&lt;ERROR&gt;BackOrderClick : failed executing ...The playback failed to find the control with the given search properties. Additional Details: 
TechnologyName:  'Web'
ControlType:  'Hyperlink'
TagName:  'A'
Id:  'add2CartBtn'
 Failed to find any control that matched the search condition Id='add2CartBtn' &amp;&amp; ControlType='Hyperlink', 
    StackTrace:
    BackOrderClick(),SharedProductPage.cs,Line Number:498
    BackOrderClick(),SharedProductPage.cs,Line Number:505
    CartOrderLevelPromotion(),CartDisplay.cs,Line Number:2074</Message>
          <Message>[5/15/2018 1:48:09 AM]&lt;CaptureImage&gt;\\CMP01-YKumar\AutoLog\CMP01-INDIASQA\CartOrderLevelPromotion_20180515014809.png</Message>
          <Message>Assert.Fail failed. [5/15/2018 1:48:15 AM]&lt;ERROR&gt;MouseClick Exception:Microsoft.VisualStudio.TestTools.UITest.Extension.UITestControlNotFoundException: The playback failed to find the control with the given search properties. Additional Details: 
TechnologyName:  'Web'
ControlType:  'Hyperlink'
TagName:  'A'
Id:  'MiniShopCartCloseButton_2'
 Failed to find any control that matched the search condition Id='MiniShopCartCloseButton_2' &amp;&amp; ControlType='Hyperlink' ---&gt; System.Runtime.InteropServices.COMException: Error HRESULT E_FAIL has been returned from a call to a COM component.
   at Microsoft.VisualStudio.TestTools.UITest.Playback.Engine.IScreenElement.FindAllDescendants(String bstrQueryId, Object&amp; pvarResKeys, Int32 cResKeys, Int32 nMaxDepth)
   at Microsoft.VisualStudio.TestTools.UITest.Playback.ScreenElement.FindAllScreenElement(String queryId, Int32 depth, Boolean singleQueryId, Boolean throwException, Boolean resetSkipStep)
   at Microsoft.VisualStudio.TestTools.UITest.Playback.ScreenElement.FindScreenElement(String queryId, Int32 depth, Boolean resetSkipStep)
   at Microsoft.VisualStudio.TestTools.UITesting.UITestControl.FindFirstDescendant(String queryId, Int32 maxDepth, Int32&amp; timeLeft)
   --- End of inner exception stack trace ---
   at Microsoft.VisualStudio.TestTools.UITesting.Playback.MapControlNotFoundException(COMException ex, IPlaybackContext context)
   at Microsoft.VisualStudio.TestTools.UITesting.Playback.MapAndThrowComException(COMException innerException, IPlaybackContext context)
   at Microsoft.VisualStudio.TestTools.UITesting.Playback.MapAndThrowException(SystemException exception, IPlaybackContext context)
   at Microsoft.VisualStudio.TestTools.UITesting.Playback.MapAndThrowException(SystemException exception, String queryId)
   at Microsoft.VisualStudio.TestTools.UITesting.UITestControl.FindFirstDescendant(String queryId, Int32 maxDepth, Int32&amp; timeLeft)
   at Microsoft.VisualStudio.TestTools.UITesting.SearchHelper.GetUITestControlRecursive(Boolean useCache, Boolean alwaysSearch, ISearchArgument searchArg, IList`1 windowTitles, Int32&amp; timeLeft)
   at Microsoft.VisualStudio.TestTools.UITesting.SearchHelper.GetElement(Boolean useCache, ISearchArgument searchArg)
   at Microsoft.VisualStudio.TestTools.UITesting.SearchHelper.Search(ISearchArgument searchArg)
   at Microsoft.VisualStudio.TestTools.UITesting.UITestControl.FindInternal()
   at Microsoft.VisualStudio.TestTools.UITesting.UITestControl.&lt;Find&gt;b__3a()
   at Microsoft.VisualStudio.TestTools.UITesting.CodedUITestMethodInvoker.InvokeMethod[T](Func`1 function, UITestControl control, Boolean firePlaybackErrorEvent, Boolean logAsAction)
   at Microsoft.VisualStudio.TestTools.UITesting.UITestControl.Find()
   at Microsoft.VisualStudio.TestTools.UITesting.UITestControl.GetPropertyPrivate(String propertyName)
   at Microsoft.VisualStudio.TestTools.UITesting.UITestControl.GetPropertyOfType[T](String propertyName)
   at Microsoft.VisualStudio.TestTools.UITesting.UITestControl.get_Name()
   at TestAuto.LoggingAndSharedGenericMethods.MouseClick(UITestControl uiMenuItemTestControl) in c:\Builds\1\WebSphere\QATestAutomation\src\CodedUITest\SourceCode\Common\Logging\SharedMethods_Generic.cs:line 790, 
    StackTrace:
    MouseClick(),SharedMethods_Generic.cs,Line Number:822
    CartOrderLevelPromotion(),CartDisplay.cs,Line Number:2077</Message>
          <Message>[5/15/2018 1:48:15 AM]&lt;CaptureImage&gt;\\CMP01-YKumar\AutoLog\CMP01-INDIASQA\CartOrderLevelPromotion_20180515014815.png</Message>
          <Message>[5/15/2018 1:48:19 AM]&lt;INFO&gt;SearchProductexecuting ... Searching term:= 'RC4ZR0006'</Message>
          <Message>Assert.Fail failed. [5/15/2018 1:48:22 AM]&lt;ERROR&gt;SearchProduct := RC4ZR0006 : failed executing ...The playback failed to find the control with the given search properties. Additional Details: 
TechnologyName:  'Web'
ControlType:  'Edit'
TagName:  'INPUT'
Id:  'SimpleSearchForm_SearchTerm'
 Failed to find any control that matched the search condition ControlType='Edit' &amp;&amp; Id=&gt;'SimpleSearchForm_SearchTerm', 
    StackTrace:
    SearchProduct(),SharedApplicationCommon.cs,Line Number:697
    CartOrderLevelPromotion(),CartDisplay.cs,Line Number:2069</Message>
          <Message>[5/15/2018 1:48:22 AM]&lt;CaptureImage&gt;\\CMP01-YKumar\AutoLog\CMP01-INDIASQA\CartOrderLevelPromotion_20180515014822.png</Message>
          <Message>[5/15/2018 1:48:22 AM]&lt;Info&gt;AllBrowserWindow : Locating browser window...</Message>
          <Message>[5/15/2018 1:48:46 AM]&lt;Info&gt;AllBrowserWindow : Locating browser window...</Message>
          <Message>[5/15/2018 1:50:27 AM]&lt;INFO&gt;BackOrderClickexecuting ...</Message>
          <Message>Assert.Fail failed. [5/15/2018 1:50:32 AM]&lt;ERROR&gt;BackOrderClick : failed executing ...The playback failed to find the control with the given search properties. Additional Details: 
TechnologyName:  'Web'
ControlType:  'Hyperlink'
TagName:  'A'
Id:  'add2CartBtn'
 Failed to find any control that matched the search condition Id='add2CartBtn' &amp;&amp; ControlType='Hyperlink', 
    StackTrace:
    BackOrderClick(),SharedProductPage.cs,Line Number:498
    BackOrderClick(),SharedProductPage.cs,Line Number:505
    CartOrderLevelPromotion(),CartDisplay.cs,Line Number:2074</Message>
          <Message>[5/15/2018 1:50:32 AM]&lt;CaptureImage&gt;\\CMP01-YKumar\AutoLog\CMP01-INDIASQA\CartOrderLevelPromotion_20180515015032.png</Message>
          <Message>Assert.Fail failed. [5/15/2018 1:50:38 AM]&lt;ERROR&gt;MouseClick Exception:Microsoft.VisualStudio.TestTools.UITest.Extension.UITestControlNotFoundException: The playback failed to find the control with the given search properties. Additional Details: 
TechnologyName:  'Web'
ControlType:  'Hyperlink'
TagName:  'A'
Id:  'MiniShopCartCloseButton_2'
 Failed to find any control that matched the search condition Id='MiniShopCartCloseButton_2' &amp;&amp; ControlType='Hyperlink' ---&gt; System.Runtime.InteropServices.COMException: Error HRESULT E_FAIL has been returned from a call to a COM component.
   at Microsoft.VisualStudio.TestTools.UITest.Playback.Engine.IScreenElement.FindAllDescendants(String bstrQueryId, Object&amp; pvarResKeys, Int32 cResKeys, Int32 nMaxDepth)
   at Microsoft.VisualStudio.TestTools.UITest.Playback.ScreenElement.FindAllScreenElement(String queryId, Int32 depth, Boolean singleQueryId, Boolean throwException, Boolean resetSkipStep)
   at Microsoft.VisualStudio.TestTools.UITest.Playback.ScreenElement.FindScreenElement(String queryId, Int32 depth, Boolean resetSkipStep)
   at Microsoft.VisualStudio.TestTools.UITesting.UITestControl.FindFirstDescendant(String queryId, Int32 maxDepth, Int32&amp; timeLeft)
   --- End of inner exception stack trace ---
   at Microsoft.VisualStudio.TestTools.UITesting.Playback.MapControlNotFoundException(COMException ex, IPlaybackContext context)
   at Microsoft.VisualStudio.TestTools.UITesting.Playback.MapAndThrowComException(COMException innerException, IPlaybackContext context)
   at Microsoft.VisualStudio.TestTools.UITesting.Playback.MapAndThrowException(SystemException exception, IPlaybackContext context)
   at Microsoft.VisualStudio.TestTools.UITesting.Playback.MapAndThrowException(SystemException exception, String queryId)
   at Microsoft.VisualStudio.TestTools.UITesting.UITestControl.FindFirstDescendant(String queryId, Int32 maxDepth, Int32&amp; timeLeft)
   at Microsoft.VisualStudio.TestTools.UITesting.SearchHelper.GetUITestControlRecursive(Boolean useCache, Boolean alwaysSearch, ISearchArgument searchArg, IList`1 windowTitles, Int32&amp; timeLeft)
   at Microsoft.VisualStudio.TestTools.UITesting.SearchHelper.GetElement(Boolean useCache, ISearchArgument searchArg)
   at Microsoft.VisualStudio.TestTools.UITesting.SearchHelper.Search(ISearchArgument searchArg)
   at Microsoft.VisualStudio.TestTools.UITesting.UITestControl.FindInternal()
   at Microsoft.VisualStudio.TestTools.UITesting.UITestControl.&lt;Find&gt;b__3a()
   at Microsoft.VisualStudio.TestTools.UITesting.CodedUITestMethodInvoker.InvokeMethod[T](Func`1 function, UITestControl control, Boolean firePlaybackErrorEvent, Boolean logAsAction)
   at Microsoft.VisualStudio.TestTools.UITesting.UITestControl.Find()
   at Microsoft.VisualStudio.TestTools.UITesting.UITestControl.GetPropertyPrivate(String propertyName)
   at Microsoft.VisualStudio.TestTools.UITesting.UITestControl.GetPropertyOfType[T](String propertyName)
   at Microsoft.VisualStudio.TestTools.UITesting.UITestControl.get_Name()
   at TestAuto.LoggingAndSharedGenericMethods.MouseClick(UITestControl uiMenuItemTestControl) in c:\Builds\1\WebSphere\QATestAutomation\src\CodedUITest\SourceCode\Common\Logging\SharedMethods_Generic.cs:line 790, 
    StackTrace:
    MouseClick(),SharedMethods_Generic.cs,Line Number:822
    CartOrderLevelPromotion(),CartDisplay.cs,Line Number:2077</Message>
          <Message>[5/15/2018 1:50:38 AM]&lt;CaptureImage&gt;\\CMP01-YKumar\AutoLog\CMP01-INDIASQA\CartOrderLevelPromotion_20180515015038.png</Message>
          <Message>[5/15/2018 1:50:38 AM]&lt;INFO&gt;CartIconClickexecuting ...</Message>
          <Message>Assert.Fail failed. [5/15/2018 1:50:40 AM]&lt;ERROR&gt;CartIconClick : failed executing ...The playback failed to find the control with the given search properties. Additional Details: 
TechnologyName:  'Web'
ControlType:  'Pane'
TagName:  'SPAN'
Id:  'minishopcart_total'
 Failed to find any control that matched the search condition Id='minishopcart_total' &amp;&amp; ControlType='Pane', 
    StackTrace:
    CartIconClick(),SharedCartPopUp.cs,Line Number:62
    CartOrderLevelPromotion(),CartDisplay.cs,Line Number:2080</Message>
          <Message>[5/15/2018 1:50:40 AM]&lt;CaptureImage&gt;\\CMP01-YKumar\AutoLog\CMP01-INDIASQA\CartOrderLevelPromotion_20180515015040.png</Message>
          <Message>Assert.Fail failed. [5/15/2018 1:50:46 AM]&lt;ERROR&gt;MouseClick Exception:Microsoft.VisualStudio.TestTools.UITest.Extension.UITestControlNotFoundException: The playback failed to find the control with the given search properties. Additional Details: 
TechnologyName:  'Web'
ControlType:  'Hyperlink'
TagName:  'A'
Id:  'GotoCartButton1'
Class:  'button'
InnerText:  'Go to Cart'
 Failed to find any control that matched the search condition Id='GotoCartButton1' &amp;&amp; ControlType='Hyperlink' &amp;&amp; Class='button' &amp;&amp; InnerText='Go to Cart' ---&gt; System.Runtime.InteropServices.COMException: Error HRESULT E_FAIL has been returned from a call to a COM component.
   at Microsoft.VisualStudio.TestTools.UITest.Playback.Engine.IScreenElement.FindAllDescendants(String bstrQueryId, Object&amp; pvarResKeys, Int32 cResKeys, Int32 nMaxDepth)
   at Microsoft.VisualStudio.TestTools.UITest.Playback.ScreenElement.FindAllScreenElement(String queryId, Int32 depth, Boolean singleQueryId, Boolean throwException, Boolean resetSkipStep)
   at Microsoft.VisualStudio.TestTools.UITest.Playback.ScreenElement.FindScreenElement(String queryId, Int32 depth, Boolean resetSkipStep)
   at Microsoft.VisualStudio.TestTools.UITesting.UITestControl.FindFirstDescendant(String queryId, Int32 maxDepth, Int32&amp; timeLeft)
   --- End of inner exception stack trace ---
   at Microsoft.VisualStudio.TestTools.UITesting.Playback.MapControlNotFoundException(COMException ex, IPlaybackContext context)
   at Microsoft.VisualStudio.TestTools.UITesting.Playback.MapAndThrowComException(COMException innerException, IPlaybackContext context)
   at Microsoft.VisualStudio.TestTools.UITesting.Playback.MapAndThrowException(SystemException exception, IPlaybackContext context)
   at Microsoft.VisualStudio.TestTools.UITesting.Playback.MapAndThrowException(SystemException exception, String queryId)
   at Microsoft.VisualStudio.TestTools.UITesting.UITestControl.FindFirstDescendant(String queryId, Int32 maxDepth, Int32&amp; timeLeft)
   at Microsoft.VisualStudio.TestTools.UITesting.SearchHelper.GetUITestControlRecursive(Boolean useCache, Boolean alwaysSearch, ISearchArgument searchArg, IList`1 windowTitles, Int32&amp; timeLeft)
   at Microsoft.VisualStudio.TestTools.UITesting.SearchHelper.GetElement(Boolean useCache, ISearchArgument searchArg)
   at Microsoft.VisualStudio.TestTools.UITesting.SearchHelper.Search(ISearchArgument searchArg)
   at Microsoft.VisualStudio.TestTools.UITesting.UITestControl.FindInternal()
   at Microsoft.VisualStudio.TestTools.UITesting.UITestControl.&lt;Find&gt;b__3a()
   at Microsoft.VisualStudio.TestTools.UITesting.CodedUITestMethodInvoker.InvokeMethod[T](Func`1 function, UITestControl control, Boolean firePlaybackErrorEvent, Boolean logAsAction)
   at Microsoft.VisualStudio.TestTools.UITesting.UITestControl.Find()
   at Microsoft.VisualStudio.TestTools.UITesting.UITestControl.GetPropertyPrivate(String propertyName)
   at Microsoft.VisualStudio.TestTools.UITesting.UITestControl.GetPropertyOfType[T](String propertyName)
   at Microsoft.VisualStudio.TestTools.UITesting.UITestControl.get_Name()
   at TestAuto.LoggingAndSharedGenericMethods.MouseClick(UITestControl uiMenuItemTestControl) in c:\Builds\1\WebSphere\QATestAutomation\src\CodedUITest\SourceCode\Common\Logging\SharedMethods_Generic.cs:line 790, 
    StackTrace:
    MouseClick(),SharedMethods_Generic.cs,Line Number:822
    CartOrderLevelPromotion(),CartDisplay.cs,Line Number:2086</Message>
          <Message>[5/15/2018 1:50:46 AM]&lt;CaptureImage&gt;\\CMP01-YKumar\AutoLog\CMP01-INDIASQA\CartOrderLevelPromotion_20180515015046.png</Message>
          <Message>[5/15/2018 1:50:46 AM]&lt;Info&gt;AllBrowserWindow : Locating browser window...</Message>
          <Message>Assert.Fail failed. [5/15/2018 1:51:11 AM]&lt;Error&gt;AllBrowserWindow : failed executing ...Unable to find Windows Internet Explorer window with 'Shopping Cart - Internet Explorer' in the title., 
    StackTrace:
    AllBrowserWindow(),SharedBorderFree.cs,Line Number:1037
    CartOrderLevelPromotion(),CartDisplay.cs,Line Number:2088</Message>
          <Message>[5/15/2018 1:51:11 AM]&lt;CaptureImage&gt;\\CMP01-YKumar\AutoLog\CMP01-INDIASQA\CartOrderLevelPromotion_20180515015111.png</Message>
          <Message>[5/15/2018 1:51:11 AM]&lt;INFO&gt;SelectStateForShipping : is executing ...</Message>
          <Message>Assert.Fail failed. [5/15/2018 1:51:13 AM]&lt;ERROR&gt;SelectStateForShipping : failed executing ...The playback failed to find the control with the given search properties. Additional Details: 
TechnologyName:  'Web'
ControlType:  'ComboBox'
TagName:  'SELECT'
Id:  'cart_shopCart_shipEstSelect'
 Failed to find any control that matched the search condition Id='cart_shopCart_shipEstSelect' &amp;&amp; ControlType='ComboBox', 
    StackTrace:
    SelectStateForShipping(),SharedShoppingCart.cs,Line Number:113
    CartOrderLevelPromotion(),CartDisplay.cs,Line Number:2095</Message>
          <Message>[5/15/2018 1:51:13 AM]&lt;CaptureImage&gt;\\CMP01-YKumar\AutoLog\CMP01-INDIASQA\CartOrderLevelPromotion_20180515015113.png</Message>
          <Message>[5/15/2018 1:51:14 AM]&lt;INFO&gt;GetAllShippingOptions : is executing ...</Message>
          <Message>[5/15/2018 1:51:14 AM]&lt;Info&gt;AllBrowserWindow : Locating browser window...</Message>
          <Message>Assert.Fail failed. [5/15/2018 1:51:38 AM]&lt;Error&gt;AllBrowserWindow : failed executing ...Unable to find Windows Internet Explorer window with 'Shopping Cart - Internet Explorer' in the title., 
    StackTrace:
    AllBrowserWindow(),SharedBorderFree.cs,Line Number:1037
    GetAllShippingOptions(),SharedShoppingCart.cs,Line Number:372
    CartOrderLevelPromotion(),CartDisplay.cs,Line Number:2105</Message>
          <Message>[5/15/2018 1:51:38 AM]&lt;CaptureImage&gt;\\CMP01-YKumar\AutoLog\CMP01-INDIASQA\CartOrderLevelPromotion_20180515015138.png</Message>
          <Message>Assert.Fail failed. [5/15/2018 1:51:43 AM]&lt;ERROR&gt;CartOrderLevelPromotion : failed executing ...Index was out of range. Must be non-negative and less than the size of the collection.
Parameter name: index, 
    StackTrace:
    CartOrderLevelPromotion(),CartDisplay.cs,Line Number:2140</Message>
          <Message>[5/15/2018 1:51:43 AM]&lt;CaptureImage&gt;\\CMP01-YKumar\AutoLog\CMP01-INDIASQA\CartOrderLevelPromotion_20180515015143.png</Message>
          <Message>[5/15/2018 1:51:43 AM]&lt;RESULT&gt;Test Ended:#PASS=0, #FAIL=0,#Other errors=11</Message>
          <Message>[5/15/2018 1:51:44 AM]&lt;INFO&gt;LogCPUAndMemoryUsage: Available Memory = 24306(MB), CPU Usage = 0.4539061%</Message>
          <Message>[5/15/2018 1:51:44 AM]&lt;INFO&gt;Private Working Set for QTAgent32_40, usage=243748 (K)</Message>
          <Message>[5/15/2018 1:51:44 AM]&lt;RESULT&gt;&lt;CartOrderLevelPromotion&gt; Test FAILED: #Other errors=11. See Error Message/logs for further details.</Message>
        </TextMessages>
      </Output>
    </UnitTestResult>
    <UnitTestResult executionId="e881e341-2ed3-45b0-a3c3-1cafc0255020" testId="03ffa5b8-a450-204b-3cd7-0c8fbf4758a9" testName="ServiceCenterPage" computerName="CMP01-INDIASQA" duration="00:00:50.5961490" startTime="2018-05-15T01:51:47.0083948-05:00" endTime="2018-05-15T01:52:37.6203948-05:00" testType="13cdc9d9-ddb5-4fa4-a97d-d965ccfc6d4b" outcome="Passed" testListId="8c84fa94-04c1-424b-9868-57a2d4851a1d" relativeResultsDirectory="e881e341-2ed3-45b0-a3c3-1cafc0255020">
      <Output>
        <StdOut>Logging to custom path:\\CMP01-YKumar\AutoLog</StdOut>
        <TextMessages>
          <Message>[5/15/2018 1:51:47 AM]&lt;STARTLOG&gt;&lt;ServiceCenterPage&gt;Test Started: Expecting: #PASS=Undefined and #FAIL=0
Running from MTM=True, running on machine name:CMP01-INDIASQA, user name=ykumar, OS=Microsoft Windows NT 6.1.7601 Service Pack 1, Is64BitOS=True</Message>
          <Message>[5/15/2018 1:51:48 AM]&lt;INFO&gt;LogCPUAndMemoryUsage: Available Memory = 24377(MB), CPU Usage = 16.53947%</Message>
          <Message>[5/15/2018 1:51:48 AM]&lt;INFO&gt;Private Working Set for QTAgent32_40, usage=243916 (K)</Message>
          <Message>[5/15/2018 1:51:48 AM]&lt;INFO&gt;Path To TestConfig xml=E:\LoadTestResult\VSEQT\QTAgent\26973\CMP01-INDIASQA.horizonhobby.com\Deployment\SharedCommonConfig.xml</Message>
          <Message>[5/15/2018 1:51:48 AM]&lt;INFO&gt;Path To TestData xml=E:\LoadTestResult\VSEQT\QTAgent\26973\CMP01-INDIASQA.horizonhobby.com\Deployment\GlobalSettingsTestData_015147.xml</Message>
          <Message>[5/15/2018 1:51:48 AM]&lt;INFO&gt;Path To HorizonHobbyQA Application Url=https://www-tst.horizonhobby.com</Message>
          <Message>[5/15/2018 1:51:48 AM]&lt;INFO&gt;HorizonHobbyQA sql connection string=Server=cmp02-ws-tst-db01:50000;Database=TST01DB;UID=wcdbuser;PWD=h0r1z0n;Connect Timeout=30</Message>
          <Message>[5/15/2018 1:51:48 AM]&lt;INFO&gt;Country is := US and language id is := '-1'</Message>
          <Message>[5/15/2018 1:51:48 AM]&lt;INFO&gt;Current browser used for test execution is = 'IE'</Message>
          <Message>[5/15/2018 1:51:54 AM]&lt;Info&gt;AllBrowserWindow : Locating browser window...</Message>
          <Message>[5/15/2018 1:51:57 AM]&lt;PASS&gt;&lt;ServiceCenterPage&gt;&lt; Validates Submit a Request Page Opens up from Help&gt;</Message>
          <Message>[5/15/2018 1:52:05 AM]&lt;PASS&gt;&lt;ServiceCenterPage&gt;&lt; Validates Submit a Request Page Opens up from Footer&gt;</Message>
          <Message>[5/15/2018 1:52:07 AM]&lt;INFO&gt;GetMenuItems : method executing ... - Submit a Service Request</Message>
          <Message>[5/15/2018 1:52:11 AM]&lt;Info&gt;AllBrowserWindow : Locating browser window...</Message>
          <Message>[5/15/2018 1:52:34 AM]&lt;PASS&gt;&lt;ServiceCenterPage&gt;&lt; Validates Submit a Request Page Opens up from Home &gt; Support menu&gt;</Message>
          <Message>[5/15/2018 1:52:34 AM]&lt;RESULT&gt;Test Ended:#PASS=3, #FAIL=0</Message>
          <Message>[5/15/2018 1:52:35 AM]&lt;INFO&gt;LogCPUAndMemoryUsage: Available Memory = 24185(MB), CPU Usage = 10.58384%</Message>
          <Message>[5/15/2018 1:52:35 AM]&lt;INFO&gt;Private Working Set for QTAgent32_40, usage=235088 (K)</Message>
          <Message>[5/15/2018 1:52:35 AM]&lt;RESULT&gt;&lt;ServiceCenterPage&gt; Test PASSED</Message>
        </TextMessages>
      </Output>
    </UnitTestResult>
    <UnitTestResult executionId="b55e1e62-18db-4330-b6a6-a7ef4bd13869" testId="040ecc46-5b09-95d2-8145-cc12815fb627" testName="CartAddItemToWishlist" computerName="CMP01-INDIASQA" duration="00:03:33.2141218" startTime="2018-05-15T01:52:37.6213948-05:00" endTime="2018-05-15T01:56:10.8703948-05:00" testType="13cdc9d9-ddb5-4fa4-a97d-d965ccfc6d4b" outcome="Passed" testListId="8c84fa94-04c1-424b-9868-57a2d4851a1d" relativeResultsDirectory="b55e1e62-18db-4330-b6a6-a7ef4bd13869">
      <Output>
        <StdOut>Logging to custom path:\\CMP01-YKumar\AutoLog</StdOut>
        <TextMessages>
          <Message>[5/15/2018 1:52:37 AM]&lt;STARTLOG&gt;&lt;CartAddItemToWishlist&gt;Test Started: Expecting: #PASS=Undefined and #FAIL=0
Running from MTM=True, running on machine name:CMP01-INDIASQA, user name=ykumar, OS=Microsoft Windows NT 6.1.7601 Service Pack 1, Is64BitOS=True</Message>
          <Message>[5/15/2018 1:52:38 AM]&lt;INFO&gt;LogCPUAndMemoryUsage: Available Memory = 24367(MB), CPU Usage = 9.32441%</Message>
          <Message>[5/15/2018 1:52:38 AM]&lt;INFO&gt;Private Working Set for QTAgent32_40, usage=241428 (K)</Message>
          <Message>[5/15/2018 1:52:38 AM]&lt;INFO&gt;Path To TestConfig xml=E:\LoadTestResult\VSEQT\QTAgent\26973\CMP01-INDIASQA.horizonhobby.com\Deployment\SharedCommonConfig.xml</Message>
          <Message>[5/15/2018 1:52:38 AM]&lt;INFO&gt;Path To TestData xml=E:\LoadTestResult\VSEQT\QTAgent\26973\CMP01-INDIASQA.horizonhobby.com\Deployment\CartDisplayTestData_015237.xml</Message>
          <Message>[5/15/2018 1:52:38 AM]&lt;INFO&gt;Path To HorizonHobbyQA Application Url=https://www-tst.horizonhobby.com</Message>
          <Message>[5/15/2018 1:52:38 AM]&lt;INFO&gt;HorizonHobbyQA sql connection string=Server=cmp02-ws-tst-db01:50000;Database=TST01DB;UID=wcdbuser;PWD=h0r1z0n;Connect Timeout=30</Message>
          <Message>[5/15/2018 1:52:38 AM]&lt;INFO&gt;Country is := US and language id is := '-1'</Message>
          <Message>[5/15/2018 1:52:38 AM]&lt;INFO&gt;Current browser used for test execution is = 'IE'</Message>
          <Message>[5/15/2018 1:52:42 AM]&lt;Info&gt;AllBrowserWindow : Locating browser window...</Message>
          <Message>[5/15/2018 1:52:44 AM]&lt;INFO&gt;SurveyWindow : method executing ...</Message>
          <Message>[5/15/2018 1:52:54 AM]&lt;INFO&gt;ContinueOnCertificationErrorClickexecuting ...</Message>
          <Message>[5/15/2018 1:52:54 AM]&lt;Info&gt;DEAllBrowserWindow : Locating browser window...</Message>
          <Message>[5/15/2018 1:53:00 AM]&lt;INFO&gt;ClickAcceptCookiesAgreement : failed executing ...</Message>
          <Message>[5/15/2018 1:53:08 AM]&lt;INFO&gt;UserRegistration : method executing ...</Message>
          <Message>[5/15/2018 1:53:08 AM]&lt;Info&gt;AllBrowserWindow : Locating browser window...</Message>
          <Message>[5/15/2018 1:53:35 AM]&lt;Info&gt;AllBrowserWindow : Locating browser window...</Message>
          <Message>[5/15/2018 1:53:54 AM]&lt;Info&gt;AllBrowserWindow : Locating browser window...</Message>
          <Message>[5/15/2018 1:54:07 AM]&lt;Info&gt;AllBrowserWindow : Locating browser window...</Message>
          <Message>[5/15/2018 1:54:11 AM]&lt;INFO&gt;SearchProductexecuting ... Searching term:= 'DUB2125'</Message>
          <Message>[5/15/2018 1:54:18 AM]&lt;Info&gt;AllBrowserWindow : Locating browser window...</Message>
          <Message>[5/15/2018 1:54:18 AM]&lt;INFO&gt;BackOrderClickexecuting ...</Message>
          <Message>[5/15/2018 1:54:19 AM]&lt;INFO&gt;GoToCartClickexecuting ...</Message>
          <Message>[5/15/2018 1:54:25 AM]&lt;Info&gt;AllBrowserWindow : Locating browser window...</Message>
          <Message>[5/15/2018 1:54:34 AM]&lt;INFO&gt;SurveyWindow : method executing ...</Message>
          <Message>[5/15/2018 1:54:49 AM]&lt;PASS&gt;&lt;CartAddItemToWishlist&gt;&lt;SignIn Register Popup exists&gt;</Message>
          <Message>[5/15/2018 1:54:50 AM]&lt;Info&gt;AllBrowserWindow : Locating browser window...</Message>
          <Message>[5/15/2018 1:54:53 AM]&lt;INFO&gt;SurveyWindow : method executing ...</Message>
          <Message>[5/15/2018 1:55:05 AM]&lt;Info&gt;AllBrowserWindow : Locating browser window...</Message>
          <Message>[5/15/2018 1:55:16 AM]&lt;PASS&gt;&lt;CartAddItemToWishlist&gt;&lt;Cart consists of single item&gt;</Message>
          <Message>[5/15/2018 1:55:38 AM]&lt;PASS&gt;&lt;CartAddItemToWishlist&gt;&lt;Cart is empty, item moved to wishlist&gt;</Message>
          <Message>[5/15/2018 1:55:38 AM]&lt;INFO&gt;DeleteWishlistFromDatabase : method executing</Message>
          <Message>[5/15/2018 1:55:38 AM]&lt;INFO&gt;DeleteWishlistFromDatabase : method executing</Message>
          <Message>[5/15/2018 1:55:38 AM]&lt;INFO&gt;DeletOrderItem : method executing</Message>
          <Message>[5/15/2018 1:56:07 AM]&lt;RESULT&gt;Test Ended:#PASS=3, #FAIL=0</Message>
          <Message>[5/15/2018 1:56:08 AM]&lt;INFO&gt;LogCPUAndMemoryUsage: Available Memory = 24175(MB), CPU Usage = 7.466943%</Message>
          <Message>[5/15/2018 1:56:08 AM]&lt;INFO&gt;Private Working Set for QTAgent32_40, usage=239912 (K)</Message>
          <Message>[5/15/2018 1:56:08 AM]&lt;RESULT&gt;&lt;CartAddItemToWishlist&gt; Test PASSED</Message>
        </TextMessages>
      </Output>
      <ResultFiles>
        <ResultFile path="CMP01-INDIASQA.horizonhobby.com\CartAddItemToWishlist_20180515015237.log" />
        <ResultFile path="CMP01-INDIASQA.horizonhobby.com\CartAddItemToWishlist_ResultsONLY_20180515015237.log" />
        <ResultFile path="CMP01-INDIASQA.horizonhobby.com\CartDisplayTestData_015237.xml" />
        <ResultFile path="CMP01-INDIASQA.horizonhobby.com\SharedCommonConfig.xml" />
      </ResultFiles>
    </UnitTestResult>
    <UnitTestResult executionId="7265983c-4b31-4d96-afa5-785785849aa1" testId="c8408e0e-7151-f4f0-cf36-3a61b3743b40" testName="CartModalAddToCart" computerName="CMP01-INDIASQA" duration="00:01:33.4673063" startTime="2018-05-15T01:56:10.8733948-05:00" endTime="2018-05-15T01:57:44.3733948-05:00" testType="13cdc9d9-ddb5-4fa4-a97d-d965ccfc6d4b" outcome="Passed" testListId="8c84fa94-04c1-424b-9868-57a2d4851a1d" relativeResultsDirectory="7265983c-4b31-4d96-afa5-785785849aa1">
      <Output>
        <StdOut>Logging to custom path:\\CMP01-YKumar\AutoLog</StdOut>
        <TextMessages>
          <Message>[5/15/2018 1:56:10 AM]&lt;STARTLOG&gt;&lt;CartModalAddToCart&gt;Test Started: Expecting: #PASS=Undefined and #FAIL=0
Running from MTM=True, running on machine name:CMP01-INDIASQA, user name=ykumar, OS=Microsoft Windows NT 6.1.7601 Service Pack 1, Is64BitOS=True</Message>
          <Message>[5/15/2018 1:56:11 AM]&lt;INFO&gt;LogCPUAndMemoryUsage: Available Memory = 24204(MB), CPU Usage = 19.14582%</Message>
          <Message>[5/15/2018 1:56:11 AM]&lt;INFO&gt;Private Working Set for QTAgent32_40, usage=239992 (K)</Message>
          <Message>[5/15/2018 1:56:11 AM]&lt;INFO&gt;Path To TestConfig xml=E:\LoadTestResult\VSEQT\QTAgent\26973\CMP01-INDIASQA.horizonhobby.com\Deployment\SharedCommonConfig.xml</Message>
          <Message>[5/15/2018 1:56:11 AM]&lt;INFO&gt;Path To TestData xml=E:\LoadTestResult\VSEQT\QTAgent\26973\CMP01-INDIASQA.horizonhobby.com\Deployment\CartDisplayTestData_015610.xml</Message>
          <Message>[5/15/2018 1:56:11 AM]&lt;INFO&gt;Path To HorizonHobbyQA Application Url=https://www-tst.horizonhobby.com</Message>
          <Message>[5/15/2018 1:56:12 AM]&lt;INFO&gt;HorizonHobbyQA sql connection string=Server=cmp02-ws-tst-db01:50000;Database=TST01DB;UID=wcdbuser;PWD=h0r1z0n;Connect Timeout=30</Message>
          <Message>[5/15/2018 1:56:12 AM]&lt;INFO&gt;Country is := US and language id is := '-1'</Message>
          <Message>[5/15/2018 1:56:12 AM]&lt;INFO&gt;Current browser used for test execution is = 'IE'</Message>
          <Message>[5/15/2018 1:56:15 AM]&lt;Info&gt;AllBrowserWindow : Locating browser window...</Message>
          <Message>[5/15/2018 1:56:19 AM]&lt;INFO&gt;SearchProductexecuting ... Searching term:= 'PRO117911'</Message>
          <Message>[5/15/2018 1:56:25 AM]&lt;Info&gt;AllBrowserWindow : Locating browser window...</Message>
          <Message>[5/15/2018 1:56:26 AM]&lt;INFO&gt;BackOrderClickexecuting ...</Message>
          <Message>[5/15/2018 1:56:40 AM]&lt;PASS&gt;&lt;CartModalAddToCart&gt;&lt;Validate cart popup appears&gt;</Message>
          <Message>[5/15/2018 1:56:41 AM]&lt;PASS&gt;&lt;CartModalAddToCart&gt;&lt;Validate Go To Cart Button appears&gt;</Message>
          <Message>[5/15/2018 1:56:43 AM]&lt;PASS&gt;&lt;CartModalAddToCart&gt;&lt;Validate cart popup has only single item&gt;</Message>
          <Message>[5/15/2018 1:56:43 AM]&lt;PASS&gt;&lt;CartModalAddToCart&gt;&lt;Quantity is one&gt;</Message>
          <Message>[5/15/2018 1:56:43 AM]&lt;PASS&gt;&lt;CartModalAddToCart&gt;&lt;Price on Cart Modal is “selling price” as given on Product Page&gt;</Message>
          <Message>[5/15/2018 1:56:43 AM]&lt;PASS&gt;&lt;CartModalAddToCart&gt;&lt;Close is displayed on corner&gt;</Message>
          <Message>[5/15/2018 1:56:43 AM]&lt;INFO&gt;GoToCartClickexecuting ...</Message>
          <Message>[5/15/2018 1:56:53 AM]&lt;INFO&gt;SearchProductexecuting ... Searching term:= 'MID4059'</Message>
          <Message>[5/15/2018 1:57:00 AM]&lt;Info&gt;AllBrowserWindow : Locating browser window...</Message>
          <Message>[5/15/2018 1:57:00 AM]&lt;INFO&gt;BackOrderClickexecuting ...</Message>
          <Message>[5/15/2018 1:57:14 AM]&lt;PASS&gt;&lt;CartModalAddToCart&gt;&lt;Validate cart popup appears&gt;</Message>
          <Message>[5/15/2018 1:57:14 AM]&lt;PASS&gt;&lt;CartModalAddToCart&gt;&lt;Validate Go To Cart Button appears&gt;</Message>
          <Message>[5/15/2018 1:57:16 AM]&lt;PASS&gt;&lt;CartModalAddToCart&gt;&lt;Validate cart popup has only single item&gt;</Message>
          <Message>[5/15/2018 1:57:17 AM]&lt;PASS&gt;&lt;CartModalAddToCart&gt;&lt;Quantity is one&gt;</Message>
          <Message>[5/15/2018 1:57:17 AM]&lt;PASS&gt;&lt;CartModalAddToCart&gt;&lt;Price on Cart Modal is “selling price” as given on Product Page&gt;</Message>
          <Message>[5/15/2018 1:57:18 AM]&lt;PASS&gt;&lt;CartModalAddToCart&gt;&lt;Close is displayed on corner&gt;</Message>
          <Message>[5/15/2018 1:57:18 AM]&lt;INFO&gt;GoToCartClickexecuting ...</Message>
          <Message>[5/15/2018 1:57:24 AM]&lt;Info&gt;AllBrowserWindow : Locating browser window...</Message>
          <Message>[5/15/2018 1:57:33 AM]&lt;PASS&gt;&lt;CartModalAddToCart&gt;&lt;Validate user redirected to Shopping Cart Page&gt;</Message>
          <Message>[5/15/2018 1:57:33 AM]&lt;INFO&gt;CartIconClickexecuting ...</Message>
          <Message>[5/15/2018 1:57:39 AM]&lt;PASS&gt;&lt;CartModalAddToCart&gt;&lt;Validate cart popup appears&gt;</Message>
          <Message>[5/15/2018 1:57:39 AM]&lt;PASS&gt;&lt;CartModalAddToCart&gt;&lt;Validate Go To Cart Button appears&gt;</Message>
          <Message>[5/15/2018 1:57:41 AM]&lt;PASS&gt;&lt;CartModalAddToCart&gt;&lt;Validate cart popup has multiple items&gt;</Message>
          <Message>[5/15/2018 1:57:41 AM]&lt;RESULT&gt;Test Ended:#PASS=16, #FAIL=0</Message>
          <Message>[5/15/2018 1:57:42 AM]&lt;INFO&gt;LogCPUAndMemoryUsage: Available Memory = 24184(MB), CPU Usage = 2.012358%</Message>
          <Message>[5/15/2018 1:57:42 AM]&lt;INFO&gt;Private Working Set for QTAgent32_40, usage=233660 (K)</Message>
          <Message>[5/15/2018 1:57:42 AM]&lt;RESULT&gt;&lt;CartModalAddToCart&gt; Test PASSED</Message>
        </TextMessages>
      </Output>
      <ResultFiles>
        <ResultFile path="CMP01-INDIASQA.horizonhobby.com\CartDisplayTestData_015610.xml" />
        <ResultFile path="CMP01-INDIASQA.horizonhobby.com\CartModalAddToCart_20180515015610.log" />
        <ResultFile path="CMP01-INDIASQA.horizonhobby.com\CartModalAddToCart_ResultsONLY_20180515015610.log" />
        <ResultFile path="CMP01-INDIASQA.horizonhobby.com\SharedCommonConfig.xml" />
      </ResultFiles>
    </UnitTestResult>
    <UnitTestResult executionId="0508e065-cb93-4b18-b3cb-52196c934dc7" testId="4a2023df-cff0-a188-4800-e39042069fba" testName="AmountUpdatedOnShippingMethodSelection" computerName="CMP01-INDIASQA" duration="00:02:56.8248776" startTime="2018-05-15T01:57:44.3743948-05:00" endTime="2018-05-15T02:00:41.2353948-05:00" testType="13cdc9d9-ddb5-4fa4-a97d-d965ccfc6d4b" outcome="Passed" testListId="8c84fa94-04c1-424b-9868-57a2d4851a1d" relativeResultsDirectory="0508e065-cb93-4b18-b3cb-52196c934dc7">
      <Output>
        <StdOut>Logging to custom path:\\CMP01-YKumar\AutoLog</StdOut>
        <TextMessages>
          <Message>[5/15/2018 1:57:44 AM]&lt;STARTLOG&gt;&lt;AmountUpdatedOnShippingMethodSelection&gt;Test Started: Expecting: #PASS=Undefined and #FAIL=0
Running from MTM=True, running on machine name:CMP01-INDIASQA, user name=ykumar, OS=Microsoft Windows NT 6.1.7601 Service Pack 1, Is64BitOS=True</Message>
          <Message>[5/15/2018 1:57:45 AM]&lt;INFO&gt;LogCPUAndMemoryUsage: Available Memory = 24199(MB), CPU Usage = 15.0644%</Message>
          <Message>[5/15/2018 1:57:45 AM]&lt;INFO&gt;Private Working Set for QTAgent32_40, usage=239992 (K)</Message>
          <Message>[5/15/2018 1:57:45 AM]&lt;INFO&gt;Path To TestConfig xml=E:\LoadTestResult\VSEQT\QTAgent\26973\CMP01-INDIASQA.horizonhobby.com\Deployment\SharedCommonConfig.xml</Message>
          <Message>[5/15/2018 1:57:45 AM]&lt;INFO&gt;Path To TestData xml=E:\LoadTestResult\VSEQT\QTAgent\26973\CMP01-INDIASQA.horizonhobby.com\Deployment\CartDisplayTestData_015744.xml</Message>
          <Message>[5/15/2018 1:57:45 AM]&lt;INFO&gt;Path To HorizonHobbyQA Application Url=https://www-tst.horizonhobby.com</Message>
          <Message>[5/15/2018 1:57:45 AM]&lt;INFO&gt;HorizonHobbyQA sql connection string=Server=cmp02-ws-tst-db01:50000;Database=TST01DB;UID=wcdbuser;PWD=h0r1z0n;Connect Timeout=30</Message>
          <Message>[5/15/2018 1:57:45 AM]&lt;INFO&gt;Country is := US and language id is := '-1'</Message>
          <Message>[5/15/2018 1:57:45 AM]&lt;INFO&gt;Current browser used for test execution is = 'IE'</Message>
          <Message>[5/15/2018 1:57:48 AM]&lt;Info&gt;AllBrowserWindow : Locating browser window...</Message>
          <Message>[5/15/2018 1:57:50 AM]&lt;INFO&gt;SurveyWindow : method executing ...</Message>
          <Message>[5/15/2018 1:57:58 AM]&lt;INFO&gt;ContinueOnCertificationErrorClickexecuting ...</Message>
          <Message>[5/15/2018 1:57:58 AM]&lt;Info&gt;DEAllBrowserWindow : Locating browser window...</Message>
          <Message>[5/15/2018 1:58:05 AM]&lt;INFO&gt;UserRegistration : method executing ...</Message>
          <Message>[5/15/2018 1:58:05 AM]&lt;Info&gt;AllBrowserWindow : Locating browser window...</Message>
          <Message>[5/15/2018 1:58:30 AM]&lt;Info&gt;AllBrowserWindow : Locating browser window...</Message>
          <Message>[5/15/2018 1:58:50 AM]&lt;Info&gt;AllBrowserWindow : Locating browser window...</Message>
          <Message>[5/15/2018 1:59:03 AM]&lt;PASS&gt;&lt;AmountUpdatedOnShippingMethodSelection&gt;&lt;Verify User logged In successfully&gt;</Message>
          <Message>[5/15/2018 1:59:03 AM]&lt;Info&gt;AllBrowserWindow : Locating browser window...</Message>
          <Message>[5/15/2018 1:59:19 AM]&lt;INFO&gt;SearchProductexecuting ... Searching term:= 'TLR247000'</Message>
          <Message>[5/15/2018 1:59:26 AM]&lt;Info&gt;AllBrowserWindow : Locating browser window...</Message>
          <Message>[5/15/2018 1:59:26 AM]&lt;INFO&gt;BackOrderClickexecuting ...</Message>
          <Message>[5/15/2018 1:59:26 AM]&lt;INFO&gt;GoToCartClickexecuting ...</Message>
          <Message>[5/15/2018 1:59:33 AM]&lt;Info&gt;AllBrowserWindow : Locating browser window...</Message>
          <Message>[5/15/2018 1:59:42 AM]&lt;INFO&gt;GetOrderTotalAmount : is executing ...</Message>
          <Message>[5/15/2018 1:59:43 AM]&lt;INFO&gt;SelectStateForShipping : is executing ...</Message>
          <Message>[5/15/2018 1:59:43 AM]&lt;INFO&gt;SelectShippingMethod : is executing ...</Message>
          <Message>[5/15/2018 1:59:45 AM]&lt;INFO&gt;GetOrderTotalAmount : is executing ...</Message>
          <Message>[5/15/2018 1:59:46 AM]&lt;PASS&gt;&lt;AmountUpdatedOnShippingMethodSelection&gt;&lt;Order Total post shipping selection is valid&gt;</Message>
          <Message>[5/15/2018 1:59:46 AM]&lt;INFO&gt;SelectShippingMethod : is executing ...</Message>
          <Message>[5/15/2018 1:59:46 AM]&lt;INFO&gt;GetOrderTotalAmount : is executing ...</Message>
          <Message>[5/15/2018 1:59:47 AM]&lt;PASS&gt;&lt;AmountUpdatedOnShippingMethodSelection&gt;&lt;Order Total post shipping selection is valid&gt;</Message>
          <Message>[5/15/2018 1:59:47 AM]&lt;INFO&gt;SelectShippingMethod : is executing ...</Message>
          <Message>[5/15/2018 1:59:48 AM]&lt;INFO&gt;GetOrderTotalAmount : is executing ...</Message>
          <Message>[5/15/2018 1:59:49 AM]&lt;PASS&gt;&lt;AmountUpdatedOnShippingMethodSelection&gt;&lt;Order Total post shipping selection is valid&gt;</Message>
          <Message>[5/15/2018 1:59:49 AM]&lt;INFO&gt;SelectShippingMethod : is executing ...</Message>
          <Message>[5/15/2018 1:59:51 AM]&lt;INFO&gt;GetOrderTotalAmount : is executing ...</Message>
          <Message>[5/15/2018 1:59:51 AM]&lt;PASS&gt;&lt;AmountUpdatedOnShippingMethodSelection&gt;&lt;Order Total post shipping selection is valid&gt;</Message>
          <Message>[5/15/2018 1:59:51 AM]&lt;Info&gt;AllBrowserWindow : Locating browser window...</Message>
          <Message>[5/15/2018 1:59:59 AM]&lt;PASS&gt;&lt;AmountUpdatedOnShippingMethodSelection&gt;&lt;Verify if Estimated Shipping Costs section contains State Label&gt;</Message>
          <Message>[5/15/2018 2:00:00 AM]&lt;PASS&gt;&lt;AmountUpdatedOnShippingMethodSelection&gt;&lt;Verify State List has all 63 states&gt;</Message>
          <Message>[5/15/2018 2:00:00 AM]&lt;INFO&gt;SelectStateForShipping : is executing ...</Message>
          <Message>[5/15/2018 2:00:02 AM]&lt;PASS&gt;&lt;AmountUpdatedOnShippingMethodSelection&gt;&lt;Verify radio buttons for shipping method appears after state selection&gt;</Message>
          <Message>[5/15/2018 2:00:02 AM]&lt;INFO&gt;GetOrderTotalAmount : is executing ...</Message>
          <Message>[5/15/2018 2:00:02 AM]&lt;INFO&gt;SelectShippingMethod : is executing ...</Message>
          <Message>[5/15/2018 2:00:02 AM]&lt;INFO&gt;GetOrderTotalAmount : is executing ...</Message>
          <Message>[5/15/2018 2:00:03 AM]&lt;PASS&gt;&lt;AmountUpdatedOnShippingMethodSelection&gt;&lt;Verify radio button for shipping is selected&gt;</Message>
          <Message>[5/15/2018 2:00:03 AM]&lt;INFO&gt;SelectShippingMethod : is executing ...</Message>
          <Message>[5/15/2018 2:00:04 AM]&lt;INFO&gt;GetOrderTotalAmount : is executing ...</Message>
          <Message>[5/15/2018 2:00:05 AM]&lt;PASS&gt;&lt;AmountUpdatedOnShippingMethodSelection&gt;&lt;Verify radio button for shipping is selected&gt;</Message>
          <Message>[5/15/2018 2:00:05 AM]&lt;INFO&gt;SelectShippingMethod : is executing ...</Message>
          <Message>[5/15/2018 2:00:05 AM]&lt;INFO&gt;GetOrderTotalAmount : is executing ...</Message>
          <Message>[5/15/2018 2:00:06 AM]&lt;PASS&gt;&lt;AmountUpdatedOnShippingMethodSelection&gt;&lt;Verify radio button for shipping is selected&gt;</Message>
          <Message>[5/15/2018 2:00:06 AM]&lt;INFO&gt;SelectShippingMethod : is executing ...</Message>
          <Message>[5/15/2018 2:00:06 AM]&lt;INFO&gt;GetOrderTotalAmount : is executing ...</Message>
          <Message>[5/15/2018 2:00:07 AM]&lt;PASS&gt;&lt;AmountUpdatedOnShippingMethodSelection&gt;&lt;Verify radio button for shipping is selected&gt;</Message>
          <Message>[5/15/2018 2:00:07 AM]&lt;INFO&gt;SelectStateForShipping : is executing ...</Message>
          <Message>[5/15/2018 2:00:09 AM]&lt;PASS&gt;&lt;AmountUpdatedOnShippingMethodSelection&gt;&lt;Verify state is selected second time&gt;</Message>
          <Message>[5/15/2018 2:00:09 AM]&lt;INFO&gt;DeleteWishlistFromDatabase : method executing</Message>
          <Message>[5/15/2018 2:00:09 AM]&lt;INFO&gt;DeletOrderItem : method executing</Message>
          <Message>[5/15/2018 2:00:38 AM]&lt;RESULT&gt;Test Ended:#PASS=13, #FAIL=0</Message>
          <Message>[5/15/2018 2:00:39 AM]&lt;INFO&gt;LogCPUAndMemoryUsage: Available Memory = 24201(MB), CPU Usage = 9.025394%</Message>
          <Message>[5/15/2018 2:00:39 AM]&lt;INFO&gt;Private Working Set for QTAgent32_40, usage=239200 (K)</Message>
          <Message>[5/15/2018 2:00:39 AM]&lt;RESULT&gt;&lt;AmountUpdatedOnShippingMethodSelection&gt; Test PASSED</Message>
        </TextMessages>
      </Output>
      <ResultFiles>
        <ResultFile path="CMP01-INDIASQA.horizonhobby.com\AmountUpdatedOnShippingMethodSelection_20180515015744.log" />
        <ResultFile path="CMP01-INDIASQA.horizonhobby.com\AmountUpdatedOnShippingMethodSelection_ResultsONLY_20180515015744.log" />
        <ResultFile path="CMP01-INDIASQA.horizonhobby.com\CartDisplayTestData_015744.xml" />
        <ResultFile path="CMP01-INDIASQA.horizonhobby.com\SharedCommonConfig.xml" />
      </ResultFiles>
    </UnitTestResult>
    <UnitTestResult executionId="4ce4c57f-305c-4d38-b766-267bb5b496cf" testId="5be7ec96-fa39-010e-613a-a900ff9a4de0" testName="PayPalOrderReviewNavigateBackToCart" computerName="CMP01-INDIASQA" duration="00:07:29.3827576" startTime="2018-05-15T02:00:41.2363948-05:00" endTime="2018-05-15T02:08:10.6523948-05:00" testType="13cdc9d9-ddb5-4fa4-a97d-d965ccfc6d4b" outcome="Passed" testListId="8c84fa94-04c1-424b-9868-57a2d4851a1d" relativeResultsDirectory="4ce4c57f-305c-4d38-b766-267bb5b496cf">
      <Output>
        <StdOut>Logging to custom path:\\CMP01-YKumar\AutoLog</StdOut>
        <TextMessages>
          <Message>[5/15/2018 2:00:41 AM]&lt;STARTLOG&gt;&lt;PayPalOrderReviewNavigateBackToCart&gt;Test Started: Expecting: #PASS=Undefined and #FAIL=0
Running from MTM=True, running on machine name:CMP01-INDIASQA, user name=ykumar, OS=Microsoft Windows NT 6.1.7601 Service Pack 1, Is64BitOS=True</Message>
          <Message>[5/15/2018 2:00:42 AM]&lt;INFO&gt;LogCPUAndMemoryUsage: Available Memory = 24251(MB), CPU Usage = 17.20725%</Message>
          <Message>[5/15/2018 2:00:42 AM]&lt;INFO&gt;Private Working Set for QTAgent32_40, usage=239448 (K)</Message>
          <Message>[5/15/2018 2:00:42 AM]&lt;INFO&gt;Path To TestConfig xml=E:\LoadTestResult\VSEQT\QTAgent\26973\CMP01-INDIASQA.horizonhobby.com\Deployment\SharedCommonConfig.xml</Message>
          <Message>[5/15/2018 2:00:42 AM]&lt;INFO&gt;Path To TestData xml=E:\LoadTestResult\VSEQT\QTAgent\26973\CMP01-INDIASQA.horizonhobby.com\Deployment\CheckoutPaypalTestData_020041.xml</Message>
          <Message>[5/15/2018 2:00:42 AM]&lt;INFO&gt;Path To HorizonHobbyQA Application Url=https://www-tst.horizonhobby.com</Message>
          <Message>[5/15/2018 2:00:42 AM]&lt;INFO&gt;HorizonHobbyQA sql connection string=Server=cmp02-ws-tst-db01:50000;Database=TST01DB;UID=wcdbuser;PWD=h0r1z0n;Connect Timeout=30</Message>
          <Message>[5/15/2018 2:00:42 AM]&lt;INFO&gt;Country is := US and language id is := '-1'</Message>
          <Message>[5/15/2018 2:00:42 AM]&lt;INFO&gt;Current browser used for test execution is = 'IE'</Message>
          <Message>[5/15/2018 2:00:45 AM]&lt;Info&gt;AllBrowserWindow : Locating browser window...</Message>
          <Message>[5/15/2018 2:00:47 AM]&lt;INFO&gt;SurveyWindow : method executing ...</Message>
          <Message>[5/15/2018 2:00:56 AM]&lt;INFO&gt;ContinueOnCertificationErrorClickexecuting ...</Message>
          <Message>[5/15/2018 2:00:56 AM]&lt;Info&gt;DEAllBrowserWindow : Locating browser window...</Message>
          <Message>[5/15/2018 2:01:03 AM]&lt;INFO&gt;UserRegistration : method executing ...</Message>
          <Message>[5/15/2018 2:01:03 AM]&lt;Info&gt;AllBrowserWindow : Locating browser window...</Message>
          <Message>[5/15/2018 2:01:28 AM]&lt;Info&gt;AllBrowserWindow : Locating browser window...</Message>
          <Message>[5/15/2018 2:01:54 AM]&lt;Info&gt;AllBrowserWindow : Locating browser window...</Message>
          <Message>[5/15/2018 2:02:09 AM]&lt;INFO&gt;SearchProductexecuting ... Searching term:= 'ECX230001'</Message>
          <Message>[5/15/2018 2:02:16 AM]&lt;Info&gt;AllBrowserWindow : Locating browser window...</Message>
          <Message>[5/15/2018 2:02:16 AM]&lt;INFO&gt;BackOrderClickexecuting ...</Message>
          <Message>[5/15/2018 2:02:17 AM]&lt;INFO&gt;GoToCartClickexecuting ...</Message>
          <Message>[5/15/2018 2:02:23 AM]&lt;Info&gt;AllBrowserWindow : Locating browser window...</Message>
          <Message>[5/15/2018 2:02:33 AM]&lt;INFO&gt;CheckoutProcessStartShoppingCart : method executing</Message>
          <Message>[5/15/2018 2:02:33 AM]&lt;Info&gt;AllBrowserWindow : Locating browser window...</Message>
          <Message>[5/15/2018 2:02:40 AM]&lt;INFO&gt;CheckoutShoppingCartControls : method executing</Message>
          <Message>[5/15/2018 2:02:40 AM]&lt;Info&gt;AllBrowserWindow : Locating browser window...</Message>
          <Message>[5/15/2018 2:02:48 AM]&lt;Info&gt;AllBrowserWindow : Locating browser window...</Message>
          <Message>[5/15/2018 2:02:51 AM]&lt;INFO&gt;SelectCheckoutPaymentRadiobutton : method executing</Message>
          <Message>[5/15/2018 2:02:51 AM]&lt;INFO&gt;CheckoutCreditCardShippingAndBillingControls : method executing</Message>
          <Message>[5/15/2018 2:02:51 AM]&lt;Info&gt;AllBrowserWindow : Locating browser window...</Message>
          <Message>[5/15/2018 2:03:02 AM]&lt;INFO&gt;ClickPayPalLink : method executing...</Message>
          <Message>[5/15/2018 2:03:08 AM]&lt;INFO&gt;LoginPayPal : method executing...</Message>
          <Message>[5/15/2018 2:03:08 AM]&lt;Info&gt;AllBrowserWindow : Locating browser window...</Message>
          <Message>[5/15/2018 2:03:48 AM]&lt;INFO&gt;PaypalLoginNewControls : method executing...</Message>
          <Message>[5/15/2018 2:03:53 AM]&lt;Info&gt;AllBrowserWindow : Locating browser window...</Message>
          <Message>[5/15/2018 2:04:40 AM]&lt;INFO&gt;PaypalLoginNewControls : method executing...</Message>
          <Message>[5/15/2018 2:04:44 AM]&lt;INFO&gt;ClickLoginOnPayPal : method executing ...</Message>
          <Message>[5/15/2018 2:05:00 AM]&lt;INFO&gt;ClickContinueOnPayPal : method executing ...</Message>
          <Message>[5/15/2018 2:07:06 AM]&lt;Info&gt;AllBrowserWindow : Locating browser window...</Message>
          <Message>[5/15/2018 2:07:20 AM]&lt;Info&gt;AllBrowserWindow : Locating browser window...</Message>
          <Message>[5/15/2018 2:07:22 AM]&lt;PASS&gt;&lt;PayPalOrderReviewNavigateBackToCart&gt;&lt;Order Review Page Text Appears&gt;</Message>
          <Message>[5/15/2018 2:07:23 AM]&lt;Info&gt;AllBrowserWindow : Locating browser window...</Message>
          <Message>[5/15/2018 2:07:27 AM]&lt;PASS&gt;&lt;PayPalOrderReviewNavigateBackToCart&gt;&lt;Browser Window is on shipping and billing method page&gt;</Message>
          <Message>[5/15/2018 2:07:28 AM]&lt;Info&gt;AllBrowserWindow : Locating browser window...</Message>
          <Message>[5/15/2018 2:07:37 AM]&lt;PASS&gt;&lt;PayPalOrderReviewNavigateBackToCart&gt;&lt;Browser Window is on shopping cart page&gt;</Message>
          <Message>[5/15/2018 2:07:37 AM]&lt;INFO&gt;DeleteWishlistFromDatabase : method executing</Message>
          <Message>[5/15/2018 2:07:37 AM]&lt;INFO&gt;DeletOrderItem : method executing</Message>
          <Message>[5/15/2018 2:08:07 AM]&lt;INFO&gt;DeleteWishlistFromDatabase : method executing</Message>
          <Message>[5/15/2018 2:08:07 AM]&lt;RESULT&gt;Test Ended:#PASS=3, #FAIL=0</Message>
          <Message>[5/15/2018 2:08:08 AM]&lt;INFO&gt;LogCPUAndMemoryUsage: Available Memory = 23974(MB), CPU Usage = 18.18129%</Message>
          <Message>[5/15/2018 2:08:08 AM]&lt;INFO&gt;Private Working Set for QTAgent32_40, usage=241992 (K)</Message>
          <Message>[5/15/2018 2:08:08 AM]&lt;RESULT&gt;&lt;PayPalOrderReviewNavigateBackToCart&gt; Test PASSED</Message>
        </TextMessages>
      </Output>
      <ResultFiles>
        <ResultFile path="CMP01-INDIASQA.horizonhobby.com\CheckoutPaypalTestData_020041.xml" />
        <ResultFile path="CMP01-INDIASQA.horizonhobby.com\PayPalOrderReviewNavigateBackToCart_20180515020041.log" />
        <ResultFile path="CMP01-INDIASQA.horizonhobby.com\PayPalOrderReviewNavigateBackToCart_ResultsONLY_20180515020041.log" />
        <ResultFile path="CMP01-INDIASQA.horizonhobby.com\SharedCommonConfig.xml" />
      </ResultFiles>
    </UnitTestResult>
    <UnitTestResult executionId="7b617435-202d-49d2-a952-2821394a84d7" testId="037aa6b0-8a63-4385-5fae-5d2a26d9632b" testName="CartPromoCodeShipping" computerName="CMP01-INDIASQA" duration="00:03:12.1789371" startTime="2018-05-15T02:08:10.6553948-05:00" endTime="2018-05-15T02:11:22.8723948-05:00" testType="13cdc9d9-ddb5-4fa4-a97d-d965ccfc6d4b" outcome="Passed" testListId="8c84fa94-04c1-424b-9868-57a2d4851a1d" relativeResultsDirectory="7b617435-202d-49d2-a952-2821394a84d7">
      <Output>
        <StdOut>Logging to custom path:\\CMP01-YKumar\AutoLog</StdOut>
        <TextMessages>
          <Message>[5/15/2018 2:08:10 AM]&lt;STARTLOG&gt;&lt;CartPromoCodeShipping&gt;Test Started: Expecting: #PASS=Undefined and #FAIL=0
Running from MTM=True, running on machine name:CMP01-INDIASQA, user name=ykumar, OS=Microsoft Windows NT 6.1.7601 Service Pack 1, Is64BitOS=True</Message>
          <Message>[5/15/2018 2:08:11 AM]&lt;INFO&gt;LogCPUAndMemoryUsage: Available Memory = 23993(MB), CPU Usage = 20.2971%</Message>
          <Message>[5/15/2018 2:08:11 AM]&lt;INFO&gt;Private Working Set for QTAgent32_40, usage=242148 (K)</Message>
          <Message>[5/15/2018 2:08:11 AM]&lt;INFO&gt;Path To TestConfig xml=E:\LoadTestResult\VSEQT\QTAgent\26973\CMP01-INDIASQA.horizonhobby.com\Deployment\SharedCommonConfig.xml</Message>
          <Message>[5/15/2018 2:08:11 AM]&lt;INFO&gt;Path To TestData xml=E:\LoadTestResult\VSEQT\QTAgent\26973\CMP01-INDIASQA.horizonhobby.com\Deployment\CartDisplayTestData_020810.xml</Message>
          <Message>[5/15/2018 2:08:11 AM]&lt;INFO&gt;Path To HorizonHobbyQA Application Url=https://www-tst.horizonhobby.com</Message>
          <Message>[5/15/2018 2:08:11 AM]&lt;INFO&gt;HorizonHobbyQA sql connection string=Server=cmp02-ws-tst-db01:50000;Database=TST01DB;UID=wcdbuser;PWD=h0r1z0n;Connect Timeout=30</Message>
          <Message>[5/15/2018 2:08:11 AM]&lt;INFO&gt;Country is := US and language id is := '-1'</Message>
          <Message>[5/15/2018 2:08:11 AM]&lt;INFO&gt;Current browser used for test execution is = 'IE'</Message>
          <Message>[5/15/2018 2:08:15 AM]&lt;Info&gt;AllBrowserWindow : Locating browser window...</Message>
          <Message>[5/15/2018 2:08:17 AM]&lt;INFO&gt;SurveyWindow : method executing ...</Message>
          <Message>[5/15/2018 2:08:25 AM]&lt;INFO&gt;ContinueOnCertificationErrorClickexecuting ...</Message>
          <Message>[5/15/2018 2:08:25 AM]&lt;Info&gt;DEAllBrowserWindow : Locating browser window...</Message>
          <Message>[5/15/2018 2:08:32 AM]&lt;INFO&gt;UserRegistration : method executing ...</Message>
          <Message>[5/15/2018 2:08:32 AM]&lt;Info&gt;AllBrowserWindow : Locating browser window...</Message>
          <Message>[5/15/2018 2:08:58 AM]&lt;Info&gt;AllBrowserWindow : Locating browser window...</Message>
          <Message>[5/15/2018 2:09:17 AM]&lt;Info&gt;AllBrowserWindow : Locating browser window...</Message>
          <Message>[5/15/2018 2:09:34 AM]&lt;INFO&gt;SearchProductexecuting ... Searching term:= 'EFL490502'</Message>
          <Message>[5/15/2018 2:09:40 AM]&lt;Info&gt;AllBrowserWindow : Locating browser window...</Message>
          <Message>[5/15/2018 2:09:40 AM]&lt;INFO&gt;BackOrderClickexecuting ...</Message>
          <Message>[5/15/2018 2:09:41 AM]&lt;INFO&gt;GoToCartClickexecuting ...</Message>
          <Message>[5/15/2018 2:09:48 AM]&lt;Info&gt;AllBrowserWindow : Locating browser window...</Message>
          <Message>[5/15/2018 2:09:58 AM]&lt;PASS&gt;&lt;CartPromoCodeShipping&gt;&lt;Promo Code Text Box appears&gt;</Message>
          <Message>[5/15/2018 2:09:58 AM]&lt;PASS&gt;&lt;CartPromoCodeShipping&gt;&lt;Apply Promo Code button appears&gt;</Message>
          <Message>[5/15/2018 2:09:58 AM]&lt;INFO&gt;ApplyPromoCode : method executing ...  -test15dollarsoff</Message>
          <Message>[5/15/2018 2:09:58 AM]&lt;INFO&gt;SurveyWindow : method executing ...</Message>
          <Message>[5/15/2018 2:10:08 AM]&lt;INFO&gt;SelectStateForShipping : is executing ...</Message>
          <Message>[5/15/2018 2:10:10 AM]&lt;INFO&gt;GetAllShippingOptions : is executing ...</Message>
          <Message>[5/15/2018 2:10:10 AM]&lt;Info&gt;AllBrowserWindow : Locating browser window...</Message>
          <Message>[5/15/2018 2:10:21 AM]&lt;PASS&gt;&lt;CartPromoCodeShipping&gt;&lt;Ground shipping exists as Economy/SmartPost (4-9 days) - 2.99&gt;</Message>
          <Message>[5/15/2018 2:10:21 AM]&lt;INFO&gt;CheckoutProcessStartShoppingCart : method executing</Message>
          <Message>[5/15/2018 2:10:21 AM]&lt;Info&gt;AllBrowserWindow : Locating browser window...</Message>
          <Message>[5/15/2018 2:10:28 AM]&lt;INFO&gt;CheckoutShoppingCartControls : method executing</Message>
          <Message>[5/15/2018 2:10:28 AM]&lt;Info&gt;AllBrowserWindow : Locating browser window...</Message>
          <Message>[5/15/2018 2:10:36 AM]&lt;Info&gt;AllBrowserWindow : Locating browser window...</Message>
          <Message>[5/15/2018 2:10:45 AM]&lt;INFO&gt;GetAllShippingOptions : is executing ...</Message>
          <Message>[5/15/2018 2:10:45 AM]&lt;Info&gt;AllBrowserWindow : Locating browser window...</Message>
          <Message>[5/15/2018 2:10:47 AM]&lt;INFO&gt;GetShippingMethodRadioButtonControl : method executing</Message>
          <Message>[5/15/2018 2:10:47 AM]&lt;Info&gt;AllBrowserWindow : Locating browser window...</Message>
          <Message>[5/15/2018 2:10:50 AM]&lt;PASS&gt;&lt;CartPromoCodeShipping&gt;&lt;Standard shipping is selected Shipping and Billing method page&gt;</Message>
          <Message>[5/15/2018 2:10:50 AM]&lt;INFO&gt;DeleteWishlistFromDatabase : method executing</Message>
          <Message>[5/15/2018 2:10:50 AM]&lt;INFO&gt;DeletOrderItem : method executing</Message>
          <Message>[5/15/2018 2:11:19 AM]&lt;RESULT&gt;Test Ended:#PASS=4, #FAIL=0</Message>
          <Message>[5/15/2018 2:11:20 AM]&lt;INFO&gt;LogCPUAndMemoryUsage: Available Memory = 24116(MB), CPU Usage = 5.029331%</Message>
          <Message>[5/15/2018 2:11:20 AM]&lt;INFO&gt;Private Working Set for QTAgent32_40, usage=239692 (K)</Message>
          <Message>[5/15/2018 2:11:20 AM]&lt;RESULT&gt;&lt;CartPromoCodeShipping&gt; Test PASSED</Message>
        </TextMessages>
      </Output>
      <ResultFiles>
        <ResultFile path="CMP01-INDIASQA.horizonhobby.com\CartDisplayTestData_020810.xml" />
        <ResultFile path="CMP01-INDIASQA.horizonhobby.com\CartPromoCodeShipping_20180515020810.log" />
        <ResultFile path="CMP01-INDIASQA.horizonhobby.com\CartPromoCodeShipping_ResultsONLY_20180515020810.log" />
        <ResultFile path="CMP01-INDIASQA.horizonhobby.com\SharedCommonConfig.xml" />
      </ResultFiles>
    </UnitTestResult>
    <UnitTestResult executionId="c7eea668-5e63-4c72-a7e8-bc0cafece938" testId="c2ae2699-e4cf-0063-ff28-66004470daf7" testName="NavigationGlobalHeaderSearchDropdown" computerName="CMP01-INDIASQA" duration="00:00:22.2070295" startTime="2018-05-15T02:11:22.8743948-05:00" endTime="2018-05-15T02:11:45.6903948-05:00" testType="13cdc9d9-ddb5-4fa4-a97d-d965ccfc6d4b" outcome="Passed" testListId="8c84fa94-04c1-424b-9868-57a2d4851a1d" relativeResultsDirectory="c7eea668-5e63-4c72-a7e8-bc0cafece938">
      <Output>
        <StdOut>Logging to custom path:\\CMP01-YKumar\AutoLog</StdOut>
        <TextMessages>
          <Message>[5/15/2018 2:11:23 AM]&lt;STARTLOG&gt;&lt;NavigationGlobalHeaderSearchDropdown&gt;Test Started: Expecting: #PASS=Undefined and #FAIL=0
Running from MTM=True, running on machine name:CMP01-INDIASQA, user name=ykumar, OS=Microsoft Windows NT 6.1.7601 Service Pack 1, Is64BitOS=True</Message>
          <Message>[5/15/2018 2:11:26 AM]&lt;INFO&gt;LogCPUAndMemoryUsage: Available Memory = 24357(MB), CPU Usage = 13.61445%</Message>
          <Message>[5/15/2018 2:11:26 AM]&lt;INFO&gt;Private Working Set for QTAgent32_40, usage=242744 (K)</Message>
          <Message>[5/15/2018 2:11:26 AM]&lt;INFO&gt;Path To TestConfig xml=E:\LoadTestResult\VSEQT\QTAgent\26973\CMP01-INDIASQA.horizonhobby.com\Deployment\SharedCommonConfig.xml</Message>
          <Message>[5/15/2018 2:11:26 AM]&lt;INFO&gt;Path To TestData xml=E:\LoadTestResult\VSEQT\QTAgent\26973\CMP01-INDIASQA.horizonhobby.com\Deployment\HomePageTestData_021123.xml</Message>
          <Message>[5/15/2018 2:11:26 AM]&lt;INFO&gt;Path To HorizonHobbyQA Application Url=https://www-tst.horizonhobby.com</Message>
          <Message>[5/15/2018 2:11:26 AM]&lt;INFO&gt;HorizonHobbyQA sql connection string=Server=cmp02-ws-tst-db01:50000;Database=TST01DB;UID=wcdbuser;PWD=h0r1z0n;Connect Timeout=30</Message>
          <Message>[5/15/2018 2:11:26 AM]&lt;INFO&gt;Country is := US and language id is := '-1'</Message>
          <Message>[5/15/2018 2:11:26 AM]&lt;INFO&gt;Current browser used for test execution is = 'IE'</Message>
          <Message>[5/15/2018 2:11:29 AM]&lt;INFO&gt;SurveyWindow : method executing ...</Message>
          <Message>[5/15/2018 2:11:40 AM]&lt;PASS&gt;&lt;NavigationGlobalHeaderSearchDropdown&gt;&lt;Validates All Categories Button exists with Search bar&gt;</Message>
          <Message>[5/15/2018 2:11:42 AM]&lt;PASS&gt;&lt;NavigationGlobalHeaderSearchDropdown&gt;&lt;Bug# 9074 logged for variation in Menu items. Validates category Airplanes exists in search bar&gt;</Message>
          <Message>[5/15/2018 2:11:42 AM]&lt;PASS&gt;&lt;NavigationGlobalHeaderSearchDropdown&gt;&lt;Bug# 9074 logged for variation in Menu items. Validates category Boats exists in search bar&gt;</Message>
          <Message>[5/15/2018 2:11:42 AM]&lt;PASS&gt;&lt;NavigationGlobalHeaderSearchDropdown&gt;&lt;Bug# 9074 logged for variation in Menu items. Validates category Cameras / FPV exists in search bar&gt;</Message>
          <Message>[5/15/2018 2:11:42 AM]&lt;PASS&gt;&lt;NavigationGlobalHeaderSearchDropdown&gt;&lt;Bug# 9074 logged for variation in Menu items. Validates category First Person View (FPV) exists in search bar&gt;</Message>
          <Message>[5/15/2018 2:11:42 AM]&lt;PASS&gt;&lt;NavigationGlobalHeaderSearchDropdown&gt;&lt;Bug# 9074 logged for variation in Menu items. Validates category Helicopters exists in search bar&gt;</Message>
          <Message>[5/15/2018 2:11:42 AM]&lt;PASS&gt;&lt;NavigationGlobalHeaderSearchDropdown&gt;&lt;Bug# 9074 logged for variation in Menu items. Validates category Multirotor exists in search bar&gt;</Message>
          <Message>[5/15/2018 2:11:42 AM]&lt;PASS&gt;&lt;NavigationGlobalHeaderSearchDropdown&gt;&lt;Bug# 9074 logged for variation in Menu items. Validates category Radios exists in search bar&gt;</Message>
          <Message>[5/15/2018 2:11:42 AM]&lt;RESULT&gt;Test Ended:#PASS=8, #FAIL=0</Message>
          <Message>[5/15/2018 2:11:43 AM]&lt;INFO&gt;LogCPUAndMemoryUsage: Available Memory = 24225(MB), CPU Usage = 6.9844%</Message>
          <Message>[5/15/2018 2:11:43 AM]&lt;INFO&gt;Private Working Set for QTAgent32_40, usage=252128 (K)</Message>
          <Message>[5/15/2018 2:11:43 AM]&lt;RESULT&gt;&lt;NavigationGlobalHeaderSearchDropdown&gt; Test PASSED</Message>
        </TextMessages>
      </Output>
      <ResultFiles>
        <ResultFile path="CMP01-INDIASQA.horizonhobby.com\HomePageTestData_021123.xml" />
        <ResultFile path="CMP01-INDIASQA.horizonhobby.com\NavigationGlobalHeaderSearchDropdown_20180515021123.log" />
        <ResultFile path="CMP01-INDIASQA.horizonhobby.com\NavigationGlobalHeaderSearchDropdown_ResultsONLY_20180515021123.log" />
        <ResultFile path="CMP01-INDIASQA.horizonhobby.com\SharedCommonConfig.xml" />
      </ResultFiles>
    </UnitTestResult>
    <UnitTestResult executionId="f4ad025c-21c8-4c65-83d8-5f7eb2306750" testId="05b4593e-f853-c4cd-7891-50a925ac2065" testName="CheckoutPayPalNotAvailableForPreorders" computerName="CMP01-INDIASQA" duration="00:03:39.0267807" startTime="2018-05-15T02:11:45.6923948-05:00" endTime="2018-05-15T02:15:24.7853948-05:00" testType="13cdc9d9-ddb5-4fa4-a97d-d965ccfc6d4b" outcome="Failed" testListId="8c84fa94-04c1-424b-9868-57a2d4851a1d" relativeResultsDirectory="f4ad025c-21c8-4c65-83d8-5f7eb2306750">
      <Output>
        <StdOut>Logging to custom path:\\CMP01-YKumar\AutoLog</StdOut>
        <ErrorInfo>
          <Message>Assert.Fail failed. 
Actual #FAIL=1, #Expected FAIL=0
#Other errors=4
[Error details below]</Message>
          <StackTrace>   at TestAuto.LoggingAndSharedGenericMethods.EndTest() in c:\Builds\1\WebSphere\QATestAutomation\src\CodedUITest\SourceCode\Common\Logging\Logging.cs:line 1628
   at TestAuto.HHBvtSmokeTest.TestCleanup() in c:\Builds\1\WebSphere\QATestAutomation\src\CodedUITest\SourceCode\HHobby\Checkout\CheckoutCommon.cs:line 4805
</StackTrace>
        </ErrorInfo>
        <TextMessages>
          <Message>[5/15/2018 2:11:45 AM]&lt;STARTLOG&gt;&lt;CheckoutPayPalNotAvailableForPreorders&gt;Test Started: Expecting: #PASS=Undefined and #FAIL=0
Running from MTM=True, running on machine name:CMP01-INDIASQA, user name=ykumar, OS=Microsoft Windows NT 6.1.7601 Service Pack 1, Is64BitOS=True</Message>
          <Message>[5/15/2018 2:11:46 AM]&lt;INFO&gt;LogCPUAndMemoryUsage: Available Memory = 24269(MB), CPU Usage = 10.49442%</Message>
          <Message>[5/15/2018 2:11:46 AM]&lt;INFO&gt;Private Working Set for QTAgent32_40, usage=252376 (K)</Message>
          <Message>[5/15/2018 2:11:46 AM]&lt;INFO&gt;Path To TestConfig xml=E:\LoadTestResult\VSEQT\QTAgent\26973\CMP01-INDIASQA.horizonhobby.com\Deployment\SharedCommonConfig.xml</Message>
          <Message>[5/15/2018 2:11:46 AM]&lt;INFO&gt;Path To TestData xml=E:\LoadTestResult\VSEQT\QTAgent\26973\CMP01-INDIASQA.horizonhobby.com\Deployment\CheckoutCommonTestData_021145.xml</Message>
          <Message>[5/15/2018 2:11:46 AM]&lt;INFO&gt;Path To HorizonHobbyQA Application Url=https://www-tst.horizonhobby.com</Message>
          <Message>[5/15/2018 2:11:46 AM]&lt;INFO&gt;HorizonHobbyQA sql connection string=Server=cmp02-ws-tst-db01:50000;Database=TST01DB;UID=wcdbuser;PWD=h0r1z0n;Connect Timeout=30</Message>
          <Message>[5/15/2018 2:11:46 AM]&lt;INFO&gt;Country is := US and language id is := '-1'</Message>
          <Message>[5/15/2018 2:11:46 AM]&lt;INFO&gt;Current browser used for test execution is = 'IE'</Message>
          <Message>[5/15/2018 2:11:52 AM]&lt;INFO&gt;SearchProductexecuting ... Searching term:= 'ZENT207081331'</Message>
          <Message>[5/15/2018 2:11:59 AM]&lt;Info&gt;AllBrowserWindow : Locating browser window...</Message>
          <Message>[5/15/2018 2:12:24 AM]&lt;Info&gt;AllBrowserWindow : Locating browser window...</Message>
          <Message>[5/15/2018 2:12:51 AM]&lt;Info&gt;AllBrowserWindow : Locating browser window...</Message>
          <Message>[5/15/2018 2:12:51 AM]&lt;INFO&gt;ClickSearchResultCell : No product found on search page with title ... :- Hi-Speed Needle</Message>
          <Message>[5/15/2018 2:12:51 AM]&lt;CaptureImage&gt;\\CMP01-YKumar\AutoLog\CMP01-INDIASQA\CheckoutPayPalNotAvailableForPreorders_20180515021251.png</Message>
          <Message>[5/15/2018 2:13:21 AM]&lt;INFO&gt;BackOrderClickexecuting ...</Message>
          <Message>Assert.Fail failed. [5/15/2018 2:13:34 AM]&lt;ERROR&gt;BackOrderClick : failed executing ...The playback failed to find the control with the given search properties. Additional Details: 
TechnologyName:  'Web'
ControlType:  'Hyperlink'
TagName:  'A'
Id:  'add2CartBtn'
 Failed to find any control that matched the value add2CartBtn for the search property Id., 
    StackTrace:
    BackOrderClick(),SharedProductPage.cs,Line Number:498
    BackOrderClick(),SharedProductPage.cs,Line Number:505
    CheckoutPayPalNotAvailableForPreorders(),CheckoutCommon.cs,Line Number:952</Message>
          <Message>[5/15/2018 2:13:34 AM]&lt;CaptureImage&gt;\\CMP01-YKumar\AutoLog\CMP01-INDIASQA\CheckoutPayPalNotAvailableForPreorders_20180515021334.png</Message>
          <Message>[5/15/2018 2:13:34 AM]&lt;INFO&gt;GoToCartClickexecuting ...</Message>
          <Message>Assert.Fail failed. [5/15/2018 2:13:48 AM]&lt;ERROR&gt;MouseClick Exception:Microsoft.VisualStudio.TestTools.UITest.Extension.FailedToPerformActionOnHiddenControlException: Cannot perform 'Click' on the hidden control. Additional Details: 
TechnologyName:  'Web'
ControlType:  'Hyperlink'
TagName:  'A'
Id:  'GotoCartButton1'
Name:  ''
Target:  ''
InnerText:  'Go to Cart'
 ---&gt; System.Runtime.InteropServices.COMException: Exception from HRESULT: 0xF004F002
   at Microsoft.VisualStudio.TestTools.UITest.Playback.Engine.IScreenElement.MouseButtonClick(Int32 x, Int32 y, Int32 nButton, Int32 fEnsureVisible, String bstrKeyModifiers)
   at Microsoft.VisualStudio.TestTools.UITest.Playback.ScreenElement.MouseButtonClick(Int32 x, Int32 y, MouseButtons button, ModifierKeys modifierKeys, Int32 ensureVisible)
   at Microsoft.VisualStudio.TestTools.UITesting.UITestControl.Click(MouseButtons button, ModifierKeys modifierKeys, Point relativeCoordinates)
   --- End of inner exception stack trace ---
   at Microsoft.VisualStudio.TestTools.UITesting.Playback.MapAndThrowComException(COMException innerException, IPlaybackContext context)
   at Microsoft.VisualStudio.TestTools.UITesting.Playback.MapAndThrowException(SystemException exception, IPlaybackContext context)
   at Microsoft.VisualStudio.TestTools.UITesting.Playback.MapAndThrowException(SystemException exception, String actionName, UITestControl uiControl, Point point)
   at Microsoft.VisualStudio.TestTools.UITesting.UITestControl.Click(MouseButtons button, ModifierKeys modifierKeys, Point relativeCoordinates)
   at Microsoft.VisualStudio.TestTools.UITesting.UITestActionExecutorCore.Click(UITestControl control, MouseButtons button, ModifierKeys modifierKeys, Point relativeCoordinate)
   at Microsoft.VisualStudio.TestTools.UITesting.Mouse.ClickImplementation(UITestControl control, MouseButtons button, ModifierKeys modifierKeys, Point relativeCoordinate)
   at Microsoft.VisualStudio.TestTools.UITesting.Mouse.&lt;&gt;c__DisplayClass6.&lt;Click&gt;b__5()
   at Microsoft.VisualStudio.TestTools.UITesting.CodedUITestMethodInvoker.InvokeMethod[T](Func`1 function, UITestControl control, Boolean firePlaybackErrorEvent, Boolean logAsAction)
   at Microsoft.VisualStudio.TestTools.UITesting.Mouse.Click(UITestControl control, MouseButtons button, ModifierKeys modifierKeys, Point relativeCoordinate)
   at Microsoft.VisualStudio.TestTools.UITesting.Mouse.Click(UITestControl control)
   at TestAuto.LoggingAndSharedGenericMethods.MouseClick(UITestControl uiMenuItemTestControl) in c:\Builds\1\WebSphere\QATestAutomation\src\CodedUITest\SourceCode\Common\Logging\SharedMethods_Generic.cs:line 785, 
    StackTrace:
    MouseClick(),SharedMethods_Generic.cs,Line Number:822
    GoToCartClick(),SharedCartPopUp.cs,Line Number:129
    CheckoutPayPalNotAvailableForPreorders(),CheckoutCommon.cs,Line Number:955</Message>
          <Message>[5/15/2018 2:13:48 AM]&lt;CaptureImage&gt;\\CMP01-YKumar\AutoLog\CMP01-INDIASQA\CheckoutPayPalNotAvailableForPreorders_20180515021348.png</Message>
          <Message>[5/15/2018 2:13:48 AM]&lt;INFO&gt;ContinueOnCertificationErrorClickexecuting ...</Message>
          <Message>[5/15/2018 2:13:48 AM]&lt;Info&gt;AllBrowserWindow : Locating browser window...</Message>
          <Message>Assert.Fail failed. [5/15/2018 2:14:13 AM]&lt;Error&gt;AllBrowserWindow : failed executing ...Unable to find Windows Internet Explorer window with 'Shopping Cart - Internet Explorer' in the title., 
    StackTrace:
    AllBrowserWindow(),SharedBorderFree.cs,Line Number:1037
    CheckoutPayPalNotAvailableForPreorders(),CheckoutCommon.cs,Line Number:958</Message>
          <Message>[5/15/2018 2:14:13 AM]&lt;CaptureImage&gt;\\CMP01-YKumar\AutoLog\CMP01-INDIASQA\CheckoutPayPalNotAvailableForPreorders_20180515021413.png</Message>
          <Message>[5/15/2018 2:14:21 AM]&lt;PASS&gt;&lt;CheckoutPayPalNotAvailableForPreorders&gt;&lt;Validate that Gift Wrap isn't available for the Pre Order Items&gt;</Message>
          <Message>[5/15/2018 2:14:24 AM]&lt;INFO&gt;SearchProductexecuting ... Searching term:= 'FMMDZ011'</Message>
          <Message>[5/15/2018 2:14:33 AM]&lt;Info&gt;AllBrowserWindow : Locating browser window...</Message>
          <Message>[5/15/2018 2:15:06 AM]&lt;INFO&gt;BackOrderClickexecuting ...</Message>
          <Message>[5/15/2018 2:15:06 AM]&lt;INFO&gt;GoToCartClickexecuting ...</Message>
          <Message>[5/15/2018 2:15:17 AM]&lt;FAIL&gt;&lt;CheckoutPayPalNotAvailableForPreorders&gt;&lt;Validate that Paypal button is diasbled for Backorder Item on Shopping Cart Page&gt;.Assert.AreEqual failed. Expected:&lt;True&gt;. Actual:&lt;False&gt;. 
    StackTrace:
    CheckoutPayPalNotAvailableForPreorders(),CheckoutCommon.cs,Line Number:981</Message>
          <Message>[5/15/2018 2:15:17 AM]&lt;CaptureImage&gt;\\CMP01-YKumar\AutoLog\CMP01-INDIASQA\CheckoutPayPalNotAvailableForPreorders_20180515021517.png</Message>
          <Message>Assert.Fail failed. [5/15/2018 2:15:21 AM]&lt;ERROR&gt;CheckoutPayPalNotAvailableForPreorders : failed executing ...The playback failed to find the control with the given search properties. Additional Details: 
TechnologyName:  'Web'
ControlType:  'Custom'
TagName:  'p'
Class:  'payTypeWarning'
 Failed to find any control that matched the search condition ControlType='Custom' &amp;&amp; Class=&gt;'payTypeWarning', 
    StackTrace:
    CheckoutPayPalNotAvailableForPreorders(),CheckoutCommon.cs,Line Number:1047</Message>
          <Message>[5/15/2018 2:15:21 AM]&lt;CaptureImage&gt;\\CMP01-YKumar\AutoLog\CMP01-INDIASQA\CheckoutPayPalNotAvailableForPreorders_20180515021521.png</Message>
          <Message>[5/15/2018 2:15:21 AM]&lt;RESULT&gt;Test Ended:#PASS=1, #FAIL=1,#Other errors=4</Message>
          <Message>[5/15/2018 2:15:22 AM]&lt;INFO&gt;LogCPUAndMemoryUsage: Available Memory = 24196(MB), CPU Usage = 39.15961%</Message>
          <Message>[5/15/2018 2:15:22 AM]&lt;INFO&gt;Private Working Set for QTAgent32_40, usage=255280 (K)</Message>
          <Message>[5/15/2018 2:15:22 AM]&lt;RESULT&gt;&lt;CheckoutPayPalNotAvailableForPreorders&gt; Test FAILED: Actual #FAIL=1, #Expected FAIL=0
#Other errors=4. See Error Message/logs for further details.</Message>
        </TextMessages>
      </Output>
    </UnitTestResult>
    <UnitTestResult executionId="34be2a46-4c05-49a3-9670-349ad196b8bd" testId="c711618d-799a-fae2-2b61-26375305c5d5" testName="CartProductStatusDisplay" computerName="CMP01-INDIASQA" duration="00:05:33.1957869" startTime="2018-05-15T02:15:24.7893948-05:00" endTime="2018-05-15T02:20:58.0423948-05:00" testType="13cdc9d9-ddb5-4fa4-a97d-d965ccfc6d4b" outcome="Failed" testListId="8c84fa94-04c1-424b-9868-57a2d4851a1d" relativeResultsDirectory="34be2a46-4c05-49a3-9670-349ad196b8bd">
      <Output>
        <StdOut>Logging to custom path:\\CMP01-YKumar\AutoLog</StdOut>
        <ErrorInfo>
          <Message>Assert.Fail failed. 
#Other errors=5
[Error details below]
&lt;ERROR&gt;[5/15/2018 2:17:36 AM]&lt;ERROR&gt;BackOrderClick : failed executing ...The playback failed to find the control with the given search properties. Additional Details: 
TechnologyName:  'Web'
ControlType:  'Hyperlink'
TagName:  'A'
Id:  'add2CartBtn'
 Failed to find any control that matched the value add2CartBtn for the search property Id.
&lt;ERROR&gt;[5/15/2018 2:17:38 AM]&lt;ERROR&gt;MouseClick Exception:Microsoft.VisualStudio.TestTools.UITest.Extension.FailedToPerformActionOnHiddenControlException: Cannot perform 'Click' on the hidden control. Additional Details: 
TechnologyName:  'Web'
ControlType:  'Hyperlink'
TagName:  'A'
Id:  'MiniShopCartCloseButton_2'
Name:  ''
Target:  ''
InnerText:  'Close  '
 ---&gt; System.Runtime.InteropServices.COMException: Exception from HRESULT: 0xF004F002
   at Microsoft.VisualStudio.TestTools.UITest.Playback.Engine.IScreenElement.MouseButtonClick(Int32 x, Int32 y, Int32 nButton, Int32 fEnsureVisible, String bstrKeyModifiers)
   at Microsoft.VisualStudio.TestTools.UITest.Playback.ScreenElement.MouseButtonClick(Int32 x, Int32 y, MouseButtons button, ModifierKeys modifierKeys, Int32 ensureVisible)
   at Microsoft.VisualStudio.TestTools.UITesting.UITestControl.Click(MouseButtons button, ModifierKeys modifierKeys, Point relativeCoordinates)
   --- End of inner exception stack trace ---
   at Microsoft.VisualStudio.TestTools.UITesting.Playback.MapAndThrowComException(COMException innerException, IPlaybackContext context)
   at Microsoft.VisualStudio.TestTools.UITesting.Playback.MapAndThrowException(SystemException exception, IPlaybackContext context)
   at Microsoft.VisualStudio.TestTools.UITesting.Playback.MapAndThrowException(SystemException exception, String actionName, UITestControl uiControl, Point point)
   at Microsoft.VisualStudio.TestTools.UITesting.UITestControl.Click(MouseButtons button, ModifierKeys modifierKeys, Point relativeCoordinates)
   at Microsoft.VisualStudio.TestTools.UITesting.UITestActionExecutorCore.Click(UITestControl control, MouseButtons button, ModifierKeys modifierKeys, Point relativeCoordinate)
   at Microsoft.VisualStudio.TestTools.UITesting.Mouse.ClickImplementation(UITestControl control, MouseButtons button, ModifierKeys modifierKeys, Point relativeCoordinate)
   at Microsoft.VisualStudio.TestTools.UITesting.Mouse.&lt;&gt;c__DisplayClass6.&lt;Click&gt;b__5()
   at Microsoft.VisualStudio.TestTools.UITesting.CodedUITestMethodInvoker.InvokeMethod[T](Func`1 function, UITestControl control, Boolean firePlaybackErrorEvent, Boolean logAsAction)
   at Microsoft.VisualStudio.TestTools.UITesting.Mouse.Click(UITestControl control, MouseButtons button, ModifierKeys modifierKeys, Point relativeCoordinate)
   at Microsoft.VisualStudio.TestTools.UITesting.Mouse.Click(UITestControl control)
   at TestAuto.LoggingAndSharedGenericMethods.MouseClick(UITestControl uiMenuItemTestControl) in c:\Builds\1\WebSphere\QATestAutomation\src\CodedUITest\SourceCode\Common\Logging\SharedMethods_Generic.cs:line 785
&lt;ERROR&gt;[5/15/2018 2:19:29 AM]&lt;ERROR&gt;BackOrderClick : failed executing ...The playback failed to find the control with the given search properties. Additional Details: 
TechnologyName:  'Web'
ControlType:  'Hyperlink'
TagName:  'A'
Id:  'add2CartBtn'
 Failed to find any control that matched the value add2CartBtn for the search property Id.
&lt;ERROR&gt;[5/15/2018 2:19:32 AM]&lt;ERROR&gt;MouseClick Exception:Microsoft.VisualStudio.TestTools.UITest.Extension.FailedToPerformActionOnHiddenControlException: Cannot perform 'Click' on the hidden control. Additional Details: 
TechnologyName:  'Web'
ControlType:  'Hyperlink'
TagName:  'A'
Id:  'MiniShopCartCloseButton_2'
Name:  ''
Target:  ''
InnerText:  'Close  '
 ---&gt; System.Runtime.InteropServices.COMException: Exception from HRESULT: 0xF004F002
   at Microsoft.VisualStudio.TestTools.UITest.Playback.Engine.IScreenElement.MouseButtonClick(Int32 x, Int32 y, Int32 nButton, Int32 fEnsureVisible, String bstrKeyModifiers)
   at Microsoft.VisualStudio.TestTools.UITest.Playback.ScreenElement.MouseButtonClick(Int32 x, Int32 y, MouseButtons button, ModifierKeys modifierKeys, Int32 ensureVisible)
   at Microsoft.VisualStudio.TestTools.UITesting.UITestControl.Click(MouseButtons button, ModifierKeys modifierKeys, Point relativeCoordinates)
   --- End of inner exception stack trace ---
   at Microsoft.VisualStudio.TestTools.UITesting.Playback.MapAndThrowComException(COMException innerException, IPlaybackContext context)
   at Microsoft.VisualStudio.TestTools.UITesting.Playback.MapAndThrowException(SystemException exception, IPlaybackContext context)
   at Microsoft.VisualStudio.TestTools.UITesting.Playback.MapAndThrowException(SystemException exception, String actionName, UITestControl uiControl, Point point)
   at Microsoft.VisualStudio.TestTools.UITesting.UITestControl.Click(MouseButtons button, ModifierKeys modifierKeys, Point relativeCoordinates)
   at Microsoft.VisualStudio.TestTools.UITesting.UITestActionExecutorCore.Click(UITestControl control, MouseButtons button, ModifierKeys modifierKeys, Point relativeCoordinate)
   at Microsoft.VisualStudio.TestTools.UITesting.Mouse.ClickImplementation(UITestControl control, MouseButtons button, ModifierKeys modifierKeys, Point relativeCoordinate)
   at Microsoft.VisualStudio.TestTools.UITesting.Mouse.&lt;&gt;c__DisplayClass6.&lt;Click&gt;b__5()
   at Microsoft.VisualStudio.TestTools.UITesting.CodedUITestMethodInvoker.InvokeMethod[T](Func`1 function, UITestControl control, Boolean firePlaybackErrorEvent, Boolean logAsAction)
   at Microsoft.VisualStudio.TestTools.UITesting.Mouse.Click(UITestControl control, MouseButtons button, ModifierKeys modifierKeys, Point relativeCoordinate)
   at Microsoft.VisualStudio.TestTools.UITesting.Mouse.Click(UITestControl control)
   at TestAuto.LoggingAndSharedGenericMethods.MouseClick(UITestControl uiMenuItemTestControl) in c:\Builds\1\WebSphere\QATestAutomation\src\CodedUITest\SourceCode\Common\Logging\SharedMethods_Generic.cs:line 785
&lt;ERROR&gt;[5/15/2018 2:20:54 AM]&lt;ERROR&gt;CartProductStatusDisplay : failed executing ...There is no row at position 1.</Message>
          <StackTrace>   at TestAuto.LoggingAndSharedGenericMethods.EndTest() in c:\Builds\1\WebSphere\QATestAutomation\src\CodedUITest\SourceCode\Common\Logging\Logging.cs:line 1628
   at TestAuto.CartDisplayTest.TestCleanup() in c:\Builds\1\WebSphere\QATestAutomation\src\CodedUITest\SourceCode\HHobby\CartDisplay\CartDisplay.cs:line 5472
</StackTrace>
        </ErrorInfo>
        <TextMessages>
          <Message>[5/15/2018 2:15:24 AM]&lt;STARTLOG&gt;&lt;CartProductStatusDisplay&gt;Test Started: Expecting: #PASS=Undefined and #FAIL=0
Running from MTM=True, running on machine name:CMP01-INDIASQA, user name=ykumar, OS=Microsoft Windows NT 6.1.7601 Service Pack 1, Is64BitOS=True</Message>
          <Message>[5/15/2018 2:15:25 AM]&lt;INFO&gt;LogCPUAndMemoryUsage: Available Memory = 24352(MB), CPU Usage = 20.71378%</Message>
          <Message>[5/15/2018 2:15:25 AM]&lt;INFO&gt;Private Working Set for QTAgent32_40, usage=255416 (K)</Message>
          <Message>[5/15/2018 2:15:25 AM]&lt;INFO&gt;Path To TestConfig xml=E:\LoadTestResult\VSEQT\QTAgent\26973\CMP01-INDIASQA.horizonhobby.com\Deployment\SharedCommonConfig.xml</Message>
          <Message>[5/15/2018 2:15:25 AM]&lt;INFO&gt;Path To TestData xml=E:\LoadTestResult\VSEQT\QTAgent\26973\CMP01-INDIASQA.horizonhobby.com\Deployment\CartDisplayTestData_021524.xml</Message>
          <Message>[5/15/2018 2:15:25 AM]&lt;INFO&gt;Path To HorizonHobbyQA Application Url=https://www-tst.horizonhobby.com</Message>
          <Message>[5/15/2018 2:15:25 AM]&lt;INFO&gt;HorizonHobbyQA sql connection string=Server=cmp02-ws-tst-db01:50000;Database=TST01DB;UID=wcdbuser;PWD=h0r1z0n;Connect Timeout=30</Message>
          <Message>[5/15/2018 2:15:25 AM]&lt;INFO&gt;Country is := US and language id is := '-1'</Message>
          <Message>[5/15/2018 2:15:25 AM]&lt;INFO&gt;Current browser used for test execution is = 'IE'</Message>
          <Message>[5/15/2018 2:15:34 AM]&lt;Info&gt;AllBrowserWindow : Locating browser window...</Message>
          <Message>[5/15/2018 2:15:37 AM]&lt;INFO&gt;SearchProductexecuting ... Searching term:= 'SPMA9550'</Message>
          <Message>[5/15/2018 2:15:44 AM]&lt;Info&gt;AllBrowserWindow : Locating browser window...</Message>
          <Message>[5/15/2018 2:15:47 AM]&lt;INFO&gt;BackOrderClickexecuting ...</Message>
          <Message>[5/15/2018 2:15:52 AM]&lt;INFO&gt;SearchProductexecuting ... Searching term:= 'VNR15056'</Message>
          <Message>[5/15/2018 2:15:57 AM]&lt;Info&gt;AllBrowserWindow : Locating browser window...</Message>
          <Message>[5/15/2018 2:16:21 AM]&lt;Info&gt;AllBrowserWindow : Locating browser window...</Message>
          <Message>[5/15/2018 2:16:48 AM]&lt;Info&gt;AllBrowserWindow : Locating browser window...</Message>
          <Message>[5/15/2018 2:16:48 AM]&lt;INFO&gt;ClickSearchResultCell : No product found on search page with title ... :- 40C 7.4V 4000mAh 2S Sport Power LiPo, UNI</Message>
          <Message>[5/15/2018 2:16:48 AM]&lt;CaptureImage&gt;\\CMP01-YKumar\AutoLog\CMP01-INDIASQA\CartProductStatusDisplay_20180515021648.png</Message>
          <Message>[5/15/2018 2:17:22 AM]&lt;INFO&gt;BackOrderClickexecuting ...</Message>
          <Message>Assert.Fail failed. [5/15/2018 2:17:36 AM]&lt;ERROR&gt;BackOrderClick : failed executing ...The playback failed to find the control with the given search properties. Additional Details: 
TechnologyName:  'Web'
ControlType:  'Hyperlink'
TagName:  'A'
Id:  'add2CartBtn'
 Failed to find any control that matched the value add2CartBtn for the search property Id., 
    StackTrace:
    BackOrderClick(),SharedProductPage.cs,Line Number:498
    BackOrderClick(),SharedProductPage.cs,Line Number:505
    CartProductStatusDisplay(),CartDisplay.cs,Line Number:770</Message>
          <Message>[5/15/2018 2:17:36 AM]&lt;CaptureImage&gt;\\CMP01-YKumar\AutoLog\CMP01-INDIASQA\CartProductStatusDisplay_20180515021736.png</Message>
          <Message>Assert.Fail failed. [5/15/2018 2:17:38 AM]&lt;ERROR&gt;MouseClick Exception:Microsoft.VisualStudio.TestTools.UITest.Extension.FailedToPerformActionOnHiddenControlException: Cannot perform 'Click' on the hidden control. Additional Details: 
TechnologyName:  'Web'
ControlType:  'Hyperlink'
TagName:  'A'
Id:  'MiniShopCartCloseButton_2'
Name:  ''
Target:  ''
InnerText:  'Close  '
 ---&gt; System.Runtime.InteropServices.COMException: Exception from HRESULT: 0xF004F002
   at Microsoft.VisualStudio.TestTools.UITest.Playback.Engine.IScreenElement.MouseButtonClick(Int32 x, Int32 y, Int32 nButton, Int32 fEnsureVisible, String bstrKeyModifiers)
   at Microsoft.VisualStudio.TestTools.UITest.Playback.ScreenElement.MouseButtonClick(Int32 x, Int32 y, MouseButtons button, ModifierKeys modifierKeys, Int32 ensureVisible)
   at Microsoft.VisualStudio.TestTools.UITesting.UITestControl.Click(MouseButtons button, ModifierKeys modifierKeys, Point relativeCoordinates)
   --- End of inner exception stack trace ---
   at Microsoft.VisualStudio.TestTools.UITesting.Playback.MapAndThrowComException(COMException innerException, IPlaybackContext context)
   at Microsoft.VisualStudio.TestTools.UITesting.Playback.MapAndThrowException(SystemException exception, IPlaybackContext context)
   at Microsoft.VisualStudio.TestTools.UITesting.Playback.MapAndThrowException(SystemException exception, String actionName, UITestControl uiControl, Point point)
   at Microsoft.VisualStudio.TestTools.UITesting.UITestControl.Click(MouseButtons button, ModifierKeys modifierKeys, Point relativeCoordinates)
   at Microsoft.VisualStudio.TestTools.UITesting.UITestActionExecutorCore.Click(UITestControl control, MouseButtons button, ModifierKeys modifierKeys, Point relativeCoordinate)
   at Microsoft.VisualStudio.TestTools.UITesting.Mouse.ClickImplementation(UITestControl control, MouseButtons button, ModifierKeys modifierKeys, Point relativeCoordinate)
   at Microsoft.VisualStudio.TestTools.UITesting.Mouse.&lt;&gt;c__DisplayClass6.&lt;Click&gt;b__5()
   at Microsoft.VisualStudio.TestTools.UITesting.CodedUITestMethodInvoker.InvokeMethod[T](Func`1 function, UITestControl control, Boolean firePlaybackErrorEvent, Boolean logAsAction)
   at Microsoft.VisualStudio.TestTools.UITesting.Mouse.Click(UITestControl control, MouseButtons button, ModifierKeys modifierKeys, Point relativeCoordinate)
   at Microsoft.VisualStudio.TestTools.UITesting.Mouse.Click(UITestControl control)
   at TestAuto.LoggingAndSharedGenericMethods.MouseClick(UITestControl uiMenuItemTestControl) in c:\Builds\1\WebSphere\QATestAutomation\src\CodedUITest\SourceCode\Common\Logging\SharedMethods_Generic.cs:line 785, 
    StackTrace:
    MouseClick(),SharedMethods_Generic.cs,Line Number:822
    CartProductStatusDisplay(),CartDisplay.cs,Line Number:773</Message>
          <Message>[5/15/2018 2:17:38 AM]&lt;CaptureImage&gt;\\CMP01-YKumar\AutoLog\CMP01-INDIASQA\CartProductStatusDisplay_20180515021738.png</Message>
          <Message>[5/15/2018 2:17:41 AM]&lt;INFO&gt;SearchProductexecuting ... Searching term:= 'EVOG1250101'</Message>
          <Message>[5/15/2018 2:17:50 AM]&lt;Info&gt;AllBrowserWindow : Locating browser window...</Message>
          <Message>[5/15/2018 2:18:14 AM]&lt;Info&gt;AllBrowserWindow : Locating browser window...</Message>
          <Message>[5/15/2018 2:18:41 AM]&lt;Info&gt;AllBrowserWindow : Locating browser window...</Message>
          <Message>[5/15/2018 2:18:41 AM]&lt;INFO&gt;ClickSearchResultCell : No product found on search page with title ... :- Crankshaft Assemblly with Connecting Rods 125GX</Message>
          <Message>[5/15/2018 2:18:41 AM]&lt;CaptureImage&gt;\\CMP01-YKumar\AutoLog\CMP01-INDIASQA\CartProductStatusDisplay_20180515021841.png</Message>
          <Message>[5/15/2018 2:19:15 AM]&lt;INFO&gt;BackOrderClickexecuting ...</Message>
          <Message>Assert.Fail failed. [5/15/2018 2:19:29 AM]&lt;ERROR&gt;BackOrderClick : failed executing ...The playback failed to find the control with the given search properties. Additional Details: 
TechnologyName:  'Web'
ControlType:  'Hyperlink'
TagName:  'A'
Id:  'add2CartBtn'
 Failed to find any control that matched the value add2CartBtn for the search property Id., 
    StackTrace:
    BackOrderClick(),SharedProductPage.cs,Line Number:498
    BackOrderClick(),SharedProductPage.cs,Line Number:505
    CartProductStatusDisplay(),CartDisplay.cs,Line Number:770</Message>
          <Message>[5/15/2018 2:19:29 AM]&lt;CaptureImage&gt;\\CMP01-YKumar\AutoLog\CMP01-INDIASQA\CartProductStatusDisplay_20180515021929.png</Message>
          <Message>Assert.Fail failed. [5/15/2018 2:19:32 AM]&lt;ERROR&gt;MouseClick Exception:Microsoft.VisualStudio.TestTools.UITest.Extension.FailedToPerformActionOnHiddenControlException: Cannot perform 'Click' on the hidden control. Additional Details: 
TechnologyName:  'Web'
ControlType:  'Hyperlink'
TagName:  'A'
Id:  'MiniShopCartCloseButton_2'
Name:  ''
Target:  ''
InnerText:  'Close  '
 ---&gt; System.Runtime.InteropServices.COMException: Exception from HRESULT: 0xF004F002
   at Microsoft.VisualStudio.TestTools.UITest.Playback.Engine.IScreenElement.MouseButtonClick(Int32 x, Int32 y, Int32 nButton, Int32 fEnsureVisible, String bstrKeyModifiers)
   at Microsoft.VisualStudio.TestTools.UITest.Playback.ScreenElement.MouseButtonClick(Int32 x, Int32 y, MouseButtons button, ModifierKeys modifierKeys, Int32 ensureVisible)
   at Microsoft.VisualStudio.TestTools.UITesting.UITestControl.Click(MouseButtons button, ModifierKeys modifierKeys, Point relativeCoordinates)
   --- End of inner exception stack trace ---
   at Microsoft.VisualStudio.TestTools.UITesting.Playback.MapAndThrowComException(COMException innerException, IPlaybackContext context)
   at Microsoft.VisualStudio.TestTools.UITesting.Playback.MapAndThrowException(SystemException exception, IPlaybackContext context)
   at Microsoft.VisualStudio.TestTools.UITesting.Playback.MapAndThrowException(SystemException exception, String actionName, UITestControl uiControl, Point point)
   at Microsoft.VisualStudio.TestTools.UITesting.UITestControl.Click(MouseButtons button, ModifierKeys modifierKeys, Point relativeCoordinates)
   at Microsoft.VisualStudio.TestTools.UITesting.UITestActionExecutorCore.Click(UITestControl control, MouseButtons button, ModifierKeys modifierKeys, Point relativeCoordinate)
   at Microsoft.VisualStudio.TestTools.UITesting.Mouse.ClickImplementation(UITestControl control, MouseButtons button, ModifierKeys modifierKeys, Point relativeCoordinate)
   at Microsoft.VisualStudio.TestTools.UITesting.Mouse.&lt;&gt;c__DisplayClass6.&lt;Click&gt;b__5()
   at Microsoft.VisualStudio.TestTools.UITesting.CodedUITestMethodInvoker.InvokeMethod[T](Func`1 function, UITestControl control, Boolean firePlaybackErrorEvent, Boolean logAsAction)
   at Microsoft.VisualStudio.TestTools.UITesting.Mouse.Click(UITestControl control, MouseButtons button, ModifierKeys modifierKeys, Point relativeCoordinate)
   at Microsoft.VisualStudio.TestTools.UITesting.Mouse.Click(UITestControl control)
   at TestAuto.LoggingAndSharedGenericMethods.MouseClick(UITestControl uiMenuItemTestControl) in c:\Builds\1\WebSphere\QATestAutomation\src\CodedUITest\SourceCode\Common\Logging\SharedMethods_Generic.cs:line 785, 
    StackTrace:
    MouseClick(),SharedMethods_Generic.cs,Line Number:822
    CartProductStatusDisplay(),CartDisplay.cs,Line Number:773</Message>
          <Message>[5/15/2018 2:19:32 AM]&lt;CaptureImage&gt;\\CMP01-YKumar\AutoLog\CMP01-INDIASQA\CartProductStatusDisplay_20180515021932.png</Message>
          <Message>[5/15/2018 2:19:35 AM]&lt;INFO&gt;There are no records found in the table for stock status InActive</Message>
          <Message>[5/15/2018 2:19:38 AM]&lt;INFO&gt;SearchProductexecuting ... Searching term:= 'LOSB1645'</Message>
          <Message>[5/15/2018 2:19:47 AM]&lt;Info&gt;AllBrowserWindow : Locating browser window...</Message>
          <Message>[5/15/2018 2:20:11 AM]&lt;Info&gt;AllBrowserWindow : Locating browser window...</Message>
          <Message>[5/15/2018 2:20:16 AM]&lt;PASS&gt;&lt;CartProductStatusDisplay&gt;&lt;Validate the Stock Status on shipping Cart page as : This item is no longer available&gt;</Message>
          <Message>[5/15/2018 2:20:16 AM]&lt;INFO&gt;CartIconClickexecuting ...</Message>
          <Message>[5/15/2018 2:20:32 AM]&lt;Info&gt;AllBrowserWindow : Locating browser window...</Message>
          <Message>[5/15/2018 2:20:42 AM]&lt;INFO&gt;ShoppingCartOrderDetailsInfoexecuting ...</Message>
          <Message>[5/15/2018 2:20:54 AM]&lt;PASS&gt;&lt;CartProductStatusDisplay&gt;&lt;Validate the Stock Status on shipping Cart page as : In Stock&gt;</Message>
          <Message>Assert.Fail failed. [5/15/2018 2:20:54 AM]&lt;ERROR&gt;CartProductStatusDisplay : failed executing ...There is no row at position 1., 
    StackTrace:
    CartProductStatusDisplay(),CartDisplay.cs,Line Number:806</Message>
          <Message>[5/15/2018 2:20:54 AM]&lt;CaptureImage&gt;\\CMP01-YKumar\AutoLog\CMP01-INDIASQA\CartProductStatusDisplay_20180515022054.png</Message>
          <Message>[5/15/2018 2:20:54 AM]&lt;RESULT&gt;Test Ended:#PASS=2, #FAIL=0,#Other errors=5</Message>
          <Message>[5/15/2018 2:20:55 AM]&lt;INFO&gt;LogCPUAndMemoryUsage: Available Memory = 23872(MB), CPU Usage = 11.55787%</Message>
          <Message>[5/15/2018 2:20:55 AM]&lt;INFO&gt;Private Working Set for QTAgent32_40, usage=267208 (K)</Message>
          <Message>[5/15/2018 2:20:55 AM]&lt;RESULT&gt;&lt;CartProductStatusDisplay&gt; Test FAILED: #Other errors=5. See Error Message/logs for further details.</Message>
        </TextMessages>
      </Output>
      <ResultFiles>
        <ResultFile path="CMP01-INDIASQA.horizonhobby.com\CartDisplayTestData_021524.xml" />
        <ResultFile path="CMP01-INDIASQA.horizonhobby.com\CartProductStatusDisplay_20180515021524.log" />
        <ResultFile path="CMP01-INDIASQA.horizonhobby.com\CartProductStatusDisplay_20180515021648.png" />
        <ResultFile path="CMP01-INDIASQA.horizonhobby.com\CartProductStatusDisplay_20180515021736.png" />
        <ResultFile path="CMP01-INDIASQA.horizonhobby.com\CartProductStatusDisplay_20180515021738.png" />
        <ResultFile path="CMP01-INDIASQA.horizonhobby.com\CartProductStatusDisplay_20180515021841.png" />
        <ResultFile path="CMP01-INDIASQA.horizonhobby.com\CartProductStatusDisplay_20180515021929.png" />
        <ResultFile path="CMP01-INDIASQA.horizonhobby.com\CartProductStatusDisplay_20180515021932.png" />
        <ResultFile path="CMP01-INDIASQA.horizonhobby.com\CartProductStatusDisplay_20180515022054.png" />
        <ResultFile path="CMP01-INDIASQA.horizonhobby.com\CartProductStatusDisplay_ResultsONLY_20180515021524.log" />
        <ResultFile path="CMP01-INDIASQA.horizonhobby.com\SharedCommonConfig.xml" />
      </ResultFiles>
    </UnitTestResult>
    <UnitTestResult executionId="8a6c76e3-ea54-484a-aa4d-70ff0bb3eee1" testId="0f5ac5f7-9750-7d9c-0e4d-0a99233a20e7" testName="TabOrderOnRegistrationPage" computerName="CMP01-INDIASQA" duration="00:02:18.9265411" startTime="2018-05-15T02:20:58.0443948-05:00" endTime="2018-05-15T02:23:17.0063948-05:00" testType="13cdc9d9-ddb5-4fa4-a97d-d965ccfc6d4b" outcome="Passed" testListId="8c84fa94-04c1-424b-9868-57a2d4851a1d" relativeResultsDirectory="8a6c76e3-ea54-484a-aa4d-70ff0bb3eee1">
      <Output>
        <StdOut>Logging to custom path:\\CMP01-YKumar\AutoLog</StdOut>
        <TextMessages>
          <Message>[5/15/2018 2:20:58 AM]&lt;STARTLOG&gt;&lt;TabOrderOnRegistrationPage&gt;Test Started: Expecting: #PASS=Undefined and #FAIL=0
Running from MTM=True, running on machine name:CMP01-INDIASQA, user name=ykumar, OS=Microsoft Windows NT 6.1.7601 Service Pack 1, Is64BitOS=True</Message>
          <Message>[5/15/2018 2:20:59 AM]&lt;INFO&gt;LogCPUAndMemoryUsage: Available Memory = 24063(MB), CPU Usage = 30.30153%</Message>
          <Message>[5/15/2018 2:20:59 AM]&lt;INFO&gt;Private Working Set for QTAgent32_40, usage=267456 (K)</Message>
          <Message>[5/15/2018 2:20:59 AM]&lt;INFO&gt;Path To TestConfig xml=E:\LoadTestResult\VSEQT\QTAgent\26973\CMP01-INDIASQA.horizonhobby.com\Deployment\SharedCommonConfig.xml</Message>
          <Message>[5/15/2018 2:20:59 AM]&lt;INFO&gt;Path To TestData xml=E:\LoadTestResult\VSEQT\QTAgent\26973\CMP01-INDIASQA.horizonhobby.com\Deployment\MyAccountTestData_022058.xml</Message>
          <Message>[5/15/2018 2:20:59 AM]&lt;INFO&gt;Path To HorizonHobbyQA Application Url=https://www-tst.horizonhobby.com</Message>
          <Message>[5/15/2018 2:20:59 AM]&lt;INFO&gt;HorizonHobbyQA sql connection string=Server=cmp02-ws-tst-db01:50000;Database=TST01DB;UID=wcdbuser;PWD=h0r1z0n;Connect Timeout=30</Message>
          <Message>[5/15/2018 2:20:59 AM]&lt;INFO&gt;Country is := US and language id is := '-1'</Message>
          <Message>[5/15/2018 2:20:59 AM]&lt;INFO&gt;Current browser used for test execution is = 'IE'</Message>
          <Message>[5/15/2018 2:21:08 AM]&lt;INFO&gt;SurveyWindow : method executing ...</Message>
          <Message>[5/15/2018 2:21:16 AM]&lt;INFO&gt;ContinueOnCertificationErrorClickexecuting ...</Message>
          <Message>[5/15/2018 2:21:16 AM]&lt;Info&gt;DEAllBrowserWindow : Locating browser window...</Message>
          <Message>[5/15/2018 2:21:23 AM]&lt;Info&gt;AllBrowserWindow : Locating browser window...</Message>
          <Message>[5/15/2018 2:21:26 AM]&lt;Info&gt;AllBrowserWindow : Locating browser window...</Message>
          <Message>[5/15/2018 2:21:27 AM]&lt;PASS&gt;&lt;TabOrderOnRegistrationPage&gt;&lt; Validates that Focus is on Email Address &gt;</Message>
          <Message>[5/15/2018 2:21:28 AM]&lt;PASS&gt;&lt;ValidateFocusAfterTab&gt;&lt; Validates that Focus is on Password &gt;</Message>
          <Message>[5/15/2018 2:21:29 AM]&lt;PASS&gt;&lt;ValidateFocusAfterTab&gt;&lt; Validates that Focus is on Verify Password &gt;</Message>
          <Message>[5/15/2018 2:21:30 AM]&lt;PASS&gt;&lt;ValidateFocusAfterTab&gt;&lt; Validates that Focus is on First Name &gt;</Message>
          <Message>[5/15/2018 2:21:30 AM]&lt;PASS&gt;&lt;ValidateFocusAfterTab&gt;&lt; Validates that Focus is on Last Name &gt;</Message>
          <Message>[5/15/2018 2:21:31 AM]&lt;PASS&gt;&lt;ValidateFocusAfterTab&gt;&lt; Validates that Focus is on Country &gt;</Message>
          <Message>[5/15/2018 2:21:32 AM]&lt;PASS&gt;&lt;ValidateFocusAfterTab&gt;&lt; Validates that Focus is on Street1 &gt;</Message>
          <Message>[5/15/2018 2:21:33 AM]&lt;PASS&gt;&lt;ValidateFocusAfterTab&gt;&lt; Validates that Focus is on Street2 &gt;</Message>
          <Message>[5/15/2018 2:21:34 AM]&lt;PASS&gt;&lt;ValidateFocusAfterTab&gt;&lt; Validates that Focus is on City &gt;</Message>
          <Message>[5/15/2018 2:21:35 AM]&lt;PASS&gt;&lt;ValidateFocusAfterTab&gt;&lt; Validates that Focus is on State &gt;</Message>
          <Message>[5/15/2018 2:21:36 AM]&lt;PASS&gt;&lt;ValidateFocusAfterTab&gt;&lt; Validates that Focus is on Zip &gt;</Message>
          <Message>[5/15/2018 2:21:37 AM]&lt;PASS&gt;&lt;ValidateFocusAfterTab&gt;&lt; Validates that Focus is on Phone &gt;</Message>
          <Message>[5/15/2018 2:21:37 AM]&lt;Info&gt;AllBrowserWindow : Locating browser window...</Message>
          <Message>[5/15/2018 2:21:38 AM]&lt;PASS&gt;&lt;TabOrderOnRegistrationPage&gt;&lt; Validates user unable to enter more than 15 digits in Phone Number field&gt;</Message>
          <Message>[5/15/2018 2:21:38 AM]&lt;PASS&gt;&lt;TabOrderOnRegistrationPage&gt;&lt; Validates user unable to enter more than 15 digits in Phone Number field&gt;</Message>
          <Message>[5/15/2018 2:21:40 AM]&lt;INFO&gt;SurveyWindow : method executing ...</Message>
          <Message>[5/15/2018 2:21:49 AM]&lt;INFO&gt;ContinueOnCertificationErrorClickexecuting ...</Message>
          <Message>[5/15/2018 2:21:49 AM]&lt;Info&gt;DEAllBrowserWindow : Locating browser window...</Message>
          <Message>[5/15/2018 2:21:57 AM]&lt;INFO&gt;UserRegistration : method executing ...</Message>
          <Message>[5/15/2018 2:21:57 AM]&lt;Info&gt;AllBrowserWindow : Locating browser window...</Message>
          <Message>[5/15/2018 2:22:23 AM]&lt;Info&gt;AllBrowserWindow : Locating browser window...</Message>
          <Message>[5/15/2018 2:22:41 AM]&lt;Info&gt;AllBrowserWindow : Locating browser window...</Message>
          <Message>[5/15/2018 2:22:53 AM]&lt;Info&gt;AllBrowserWindow : Locating browser window...</Message>
          <Message>[5/15/2018 2:23:04 AM]&lt;Info&gt;AllBrowserWindow : Locating browser window...</Message>
          <Message>[5/15/2018 2:23:09 AM]&lt;Info&gt;AllBrowserWindow : Locating browser window...</Message>
          <Message>[5/15/2018 2:23:09 AM]&lt;Info&gt;AllBrowserWindow : Locating browser window...</Message>
          <Message>[5/15/2018 2:23:09 AM]&lt;Info&gt;AllBrowserWindow : Locating browser window...</Message>
          <Message>[5/15/2018 2:23:10 AM]&lt;Info&gt;AllBrowserWindow : Locating browser window...</Message>
          <Message>[5/15/2018 2:23:13 AM]&lt;PASS&gt;&lt;TabOrderOnRegistrationPage&gt;&lt; Validates user unable to enter more than 15 digits in Phone Number field in My Address Book&gt;</Message>
          <Message>[5/15/2018 2:23:13 AM]&lt;Info&gt;AllBrowserWindow : Locating browser window...</Message>
          <Message>[5/15/2018 2:23:13 AM]&lt;RESULT&gt;Test Ended:#PASS=15, #FAIL=0</Message>
          <Message>[5/15/2018 2:23:14 AM]&lt;INFO&gt;LogCPUAndMemoryUsage: Available Memory = 23689(MB), CPU Usage = 3.765614%</Message>
          <Message>[5/15/2018 2:23:14 AM]&lt;INFO&gt;Private Working Set for QTAgent32_40, usage=259016 (K)</Message>
          <Message>[5/15/2018 2:23:14 AM]&lt;RESULT&gt;&lt;TabOrderOnRegistrationPage&gt; Test PASSED</Message>
        </TextMessages>
      </Output>
      <ResultFiles>
        <ResultFile path="CMP01-INDIASQA.horizonhobby.com\MyAccountTestData_022058.xml" />
        <ResultFile path="CMP01-INDIASQA.horizonhobby.com\SharedCommonConfig.xml" />
        <ResultFile path="CMP01-INDIASQA.horizonhobby.com\TabOrderOnRegistrationPage_20180515022058.log" />
        <ResultFile path="CMP01-INDIASQA.horizonhobby.com\TabOrderOnRegistrationPage_ResultsONLY_20180515022058.log" />
      </ResultFiles>
    </UnitTestResult>
    <UnitTestResult executionId="dfa52acd-3652-4e1d-a420-1ca7215eacfb" testId="dad0e815-6d01-86c2-e8bc-431427efc725" testName="CartQuantityUpdationGiftWrap" computerName="CMP01-INDIASQA" duration="00:01:27.2770209" startTime="2018-05-15T02:23:17.0113948-05:00" endTime="2018-05-15T02:24:44.3223948-05:00" testType="13cdc9d9-ddb5-4fa4-a97d-d965ccfc6d4b" outcome="Passed" testListId="8c84fa94-04c1-424b-9868-57a2d4851a1d" relativeResultsDirectory="dfa52acd-3652-4e1d-a420-1ca7215eacfb">
      <Output>
        <StdOut>Logging to custom path:\\CMP01-YKumar\AutoLog</StdOut>
        <TextMessages>
          <Message>[5/15/2018 2:23:17 AM]&lt;STARTLOG&gt;&lt;CartQuantityUpdationGiftWrap&gt;Test Started: Expecting: #PASS=Undefined and #FAIL=0
Running from MTM=True, running on machine name:CMP01-INDIASQA, user name=ykumar, OS=Microsoft Windows NT 6.1.7601 Service Pack 1, Is64BitOS=True</Message>
          <Message>[5/15/2018 2:23:18 AM]&lt;INFO&gt;LogCPUAndMemoryUsage: Available Memory = 23742(MB), CPU Usage = 18.45756%</Message>
          <Message>[5/15/2018 2:23:18 AM]&lt;INFO&gt;Private Working Set for QTAgent32_40, usage=259232 (K)</Message>
          <Message>[5/15/2018 2:23:18 AM]&lt;INFO&gt;Path To TestConfig xml=E:\LoadTestResult\VSEQT\QTAgent\26973\CMP01-INDIASQA.horizonhobby.com\Deployment\SharedCommonConfig.xml</Message>
          <Message>[5/15/2018 2:23:18 AM]&lt;INFO&gt;Path To TestData xml=E:\LoadTestResult\VSEQT\QTAgent\26973\CMP01-INDIASQA.horizonhobby.com\Deployment\CartDisplayTestData_022317.xml</Message>
          <Message>[5/15/2018 2:23:18 AM]&lt;INFO&gt;Path To HorizonHobbyQA Application Url=https://www-tst.horizonhobby.com</Message>
          <Message>[5/15/2018 2:23:18 AM]&lt;INFO&gt;HorizonHobbyQA sql connection string=Server=cmp02-ws-tst-db01:50000;Database=TST01DB;UID=wcdbuser;PWD=h0r1z0n;Connect Timeout=30</Message>
          <Message>[5/15/2018 2:23:18 AM]&lt;INFO&gt;Country is := US and language id is := '-1'</Message>
          <Message>[5/15/2018 2:23:18 AM]&lt;INFO&gt;Current browser used for test execution is = 'IE'</Message>
          <Message>[5/15/2018 2:23:21 AM]&lt;Info&gt;AllBrowserWindow : Locating browser window...</Message>
          <Message>[5/15/2018 2:23:24 AM]&lt;INFO&gt;SearchProductexecuting ... Searching term:= 'PRO347000'</Message>
          <Message>[5/15/2018 2:23:31 AM]&lt;Info&gt;AllBrowserWindow : Locating browser window...</Message>
          <Message>[5/15/2018 2:23:53 AM]&lt;INFO&gt;BackOrderClickexecuting ...</Message>
          <Message>[5/15/2018 2:23:54 AM]&lt;INFO&gt;GoToCartClickexecuting ...</Message>
          <Message>[5/15/2018 2:24:00 AM]&lt;Info&gt;AllBrowserWindow : Locating browser window...</Message>
          <Message>[5/15/2018 2:24:11 AM]&lt;PASS&gt;&lt;CartQuantityUpdationGiftWrap&gt;&lt;Cart consists of single item&gt;</Message>
          <Message>[5/15/2018 2:24:38 AM]&lt;PASS&gt;&lt;CartQuantityUpdationGiftWrap&gt;&lt;Gift wrapped item has quantity edit box disabled&gt;</Message>
          <Message>[5/15/2018 2:24:39 AM]&lt;PASS&gt;&lt;CartQuantityUpdationGiftWrap&gt;&lt;Gift wrapped item has quantity edit box disabled&gt;</Message>
          <Message>[5/15/2018 2:24:41 AM]&lt;PASS&gt;&lt;CartQuantityUpdationGiftWrap&gt;&lt;Cart consists of two items&gt;</Message>
          <Message>[5/15/2018 2:24:41 AM]&lt;RESULT&gt;Test Ended:#PASS=4, #FAIL=0</Message>
          <Message>[5/15/2018 2:24:42 AM]&lt;INFO&gt;LogCPUAndMemoryUsage: Available Memory = 23660(MB), CPU Usage = 15.17446%</Message>
          <Message>[5/15/2018 2:24:42 AM]&lt;INFO&gt;Private Working Set for QTAgent32_40, usage=253328 (K)</Message>
          <Message>[5/15/2018 2:24:42 AM]&lt;RESULT&gt;&lt;CartQuantityUpdationGiftWrap&gt; Test PASSED</Message>
        </TextMessages>
      </Output>
    </UnitTestResult>
    <UnitTestResult executionId="8eb056d8-7ccd-4c61-b2c6-dd6eae85d326" testId="3d6e0dd8-62f4-bfa7-d6dd-1b10af38a9c9" testName="LargeAmountCheckout" computerName="CMP01-INDIASQA" duration="00:05:36.6502138" startTime="2018-05-15T02:24:44.3253948-05:00" endTime="2018-05-15T02:30:21.0143948-05:00" testType="13cdc9d9-ddb5-4fa4-a97d-d965ccfc6d4b" outcome="Passed" testListId="8c84fa94-04c1-424b-9868-57a2d4851a1d" relativeResultsDirectory="8eb056d8-7ccd-4c61-b2c6-dd6eae85d326">
      <Output>
        <StdOut>Logging to custom path:\\CMP01-YKumar\AutoLog</StdOut>
        <TextMessages>
          <Message>[5/15/2018 2:24:44 AM]&lt;STARTLOG&gt;&lt;LargeAmountCheckout&gt;Test Started: Expecting: #PASS=Undefined and #FAIL=0
Running from MTM=True, running on machine name:CMP01-INDIASQA, user name=ykumar, OS=Microsoft Windows NT 6.1.7601 Service Pack 1, Is64BitOS=True</Message>
          <Message>[5/15/2018 2:24:45 AM]&lt;INFO&gt;LogCPUAndMemoryUsage: Available Memory = 23727(MB), CPU Usage = 18.25609%</Message>
          <Message>[5/15/2018 2:24:45 AM]&lt;INFO&gt;Private Working Set for QTAgent32_40, usage=259692 (K)</Message>
          <Message>[5/15/2018 2:24:45 AM]&lt;INFO&gt;Path To TestConfig xml=E:\LoadTestResult\VSEQT\QTAgent\26973\CMP01-INDIASQA.horizonhobby.com\Deployment\SharedCommonConfig.xml</Message>
          <Message>[5/15/2018 2:24:45 AM]&lt;INFO&gt;Path To TestData xml=E:\LoadTestResult\VSEQT\QTAgent\26973\CMP01-INDIASQA.horizonhobby.com\Deployment\CheckoutCreditCard_022444.xml</Message>
          <Message>[5/15/2018 2:24:45 AM]&lt;INFO&gt;Path To HorizonHobbyQA Application Url=https://www-tst.horizonhobby.com</Message>
          <Message>[5/15/2018 2:24:45 AM]&lt;INFO&gt;HorizonHobbyQA sql connection string=Server=cmp02-ws-tst-db01:50000;Database=TST01DB;UID=wcdbuser;PWD=h0r1z0n;Connect Timeout=30</Message>
          <Message>[5/15/2018 2:24:45 AM]&lt;INFO&gt;Country is := US and language id is := '-1'</Message>
          <Message>[5/15/2018 2:24:45 AM]&lt;INFO&gt;Current browser used for test execution is = 'IE'</Message>
          <Message>[5/15/2018 2:24:50 AM]&lt;INFO&gt;SurveyWindow : method executing ...</Message>
          <Message>[5/15/2018 2:24:57 AM]&lt;INFO&gt;ContinueOnCertificationErrorClickexecuting ...</Message>
          <Message>[5/15/2018 2:24:57 AM]&lt;Info&gt;DEAllBrowserWindow : Locating browser window...</Message>
          <Message>[5/15/2018 2:25:04 AM]&lt;INFO&gt;UserRegistration : method executing ...</Message>
          <Message>[5/15/2018 2:25:04 AM]&lt;Info&gt;AllBrowserWindow : Locating browser window...</Message>
          <Message>[5/15/2018 2:25:30 AM]&lt;Info&gt;AllBrowserWindow : Locating browser window...</Message>
          <Message>[5/15/2018 2:25:55 AM]&lt;INFO&gt;SearchProductexecuting ... Searching term:= 'EVOG620329'</Message>
          <Message>[5/15/2018 2:26:01 AM]&lt;Info&gt;AllBrowserWindow : Locating browser window...</Message>
          <Message>[5/15/2018 2:26:01 AM]&lt;INFO&gt;BackOrderClickexecuting ...</Message>
          <Message>[5/15/2018 2:26:02 AM]&lt;INFO&gt;UpdateProdutPageQuantity : executing ...</Message>
          <Message>[5/15/2018 2:26:19 AM]&lt;INFO&gt;GoToCartClickexecuting ...</Message>
          <Message>[5/15/2018 2:26:30 AM]&lt;INFO&gt;CheckoutProcessStartShoppingCart : method executing</Message>
          <Message>[5/15/2018 2:26:30 AM]&lt;Info&gt;AllBrowserWindow : Locating browser window...</Message>
          <Message>[5/15/2018 2:26:38 AM]&lt;INFO&gt;CheckoutShoppingCartControls : method executing</Message>
          <Message>[5/15/2018 2:26:38 AM]&lt;Info&gt;AllBrowserWindow : Locating browser window...</Message>
          <Message>[5/15/2018 2:26:46 AM]&lt;INFO&gt;SelectCheckoutPaymentRadiobutton : method executing</Message>
          <Message>[5/15/2018 2:26:46 AM]&lt;INFO&gt;CheckoutCreditCardShippingAndBillingControls : method executing</Message>
          <Message>[5/15/2018 2:26:46 AM]&lt;Info&gt;AllBrowserWindow : Locating browser window...</Message>
          <Message>[5/15/2018 2:27:00 AM]&lt;INFO&gt;FillCreditCardDetails : method executing</Message>
          <Message>[5/15/2018 2:27:00 AM]&lt;INFO&gt;CheckoutCreditCardShippingAndBillingControls : method executing</Message>
          <Message>[5/15/2018 2:27:00 AM]&lt;Info&gt;AllBrowserWindow : Locating browser window...</Message>
          <Message>[5/15/2018 2:27:10 AM]&lt;INFO&gt;ClickReviewOrder : method executing</Message>
          <Message>[5/15/2018 2:27:10 AM]&lt;INFO&gt;CheckoutCreditCardShippingAndBillingControls : method executing</Message>
          <Message>[5/15/2018 2:27:10 AM]&lt;Info&gt;AllBrowserWindow : Locating browser window...</Message>
          <Message>[5/15/2018 2:27:15 AM]&lt;Info&gt;AllBrowserWindow : Locating browser window...</Message>
          <Message>[5/15/2018 2:27:21 AM]&lt;INFO&gt;PlaceOrderCreditCard : method executing</Message>
          <Message>[5/15/2018 2:27:21 AM]&lt;INFO&gt;CheckoutCreditCardShippingAndBillingControls : method executing</Message>
          <Message>[5/15/2018 2:27:21 AM]&lt;Info&gt;AllBrowserWindow : Locating browser window...</Message>
          <Message>[5/15/2018 2:27:30 AM]&lt;INFO&gt;KeyboardSendKeys method executing...</Message>
          <Message>[5/15/2018 2:29:10 AM]&lt;Info&gt;AllBrowserWindow : Locating browser window...</Message>
          <Message>[5/15/2018 2:29:22 AM]&lt;INFO&gt;OrderConfirmation : method executing</Message>
          <Message>[5/15/2018 2:29:22 AM]&lt;INFO&gt;OrderConfirmationUIControls : method executing</Message>
          <Message>[5/15/2018 2:29:22 AM]&lt;Info&gt;AllBrowserWindow : Locating browser window...</Message>
          <Message>[5/15/2018 2:29:26 AM]&lt;INFO&gt;SurveyWindow : method executing ...</Message>
          <Message>[5/15/2018 2:29:34 AM]&lt;PASS&gt;&lt;OrderConfirmation&gt;&lt; Validates Order Number ''True'' is generated successfully&gt;</Message>
          <Message>[5/15/2018 2:29:34 AM]&lt;INFO&gt;KeyboardSendKeys method executing...</Message>
          <Message>[5/15/2018 2:29:44 AM]&lt;INFO&gt;SingleProductOrderAmountValidation : method executing</Message>
          <Message>[5/15/2018 2:29:44 AM]&lt;INFO&gt;OrderConfirmationUIControls : method executing</Message>
          <Message>[5/15/2018 2:29:44 AM]&lt;Info&gt;AllBrowserWindow : Locating browser window...</Message>
          <Message>[5/15/2018 2:29:48 AM]&lt;INFO&gt;SingleProductOrderAmountValidation : method executing</Message>
          <Message>[5/15/2018 2:29:48 AM]&lt;PASS&gt;&lt;SingleProductOrderAmountValidation&gt;&lt; Validates expected authorization amount: '13941.43000' is equals actual authorization amount: '13941.43000'&gt;</Message>
          <Message>[5/15/2018 2:29:48 AM]&lt;INFO&gt;DeletOrderItem : method executing</Message>
          <Message>[5/15/2018 2:29:48 AM]&lt;INFO&gt;DeletOrderItem : method executing</Message>
          <Message>[5/15/2018 2:29:48 AM]&lt;INFO&gt;DeleteWishlistFromDatabase : method executing</Message>
          <Message>[5/15/2018 2:30:17 AM]&lt;RESULT&gt;Test Ended:#PASS=2, #FAIL=0</Message>
          <Message>[5/15/2018 2:30:18 AM]&lt;INFO&gt;LogCPUAndMemoryUsage: Available Memory = 24076(MB), CPU Usage = 5.807775%</Message>
          <Message>[5/15/2018 2:30:18 AM]&lt;INFO&gt;Private Working Set for QTAgent32_40, usage=257320 (K)</Message>
          <Message>[5/15/2018 2:30:18 AM]&lt;RESULT&gt;&lt;LargeAmountCheckout&gt; Test PASSED</Message>
        </TextMessages>
      </Output>
      <ResultFiles>
        <ResultFile path="CMP01-INDIASQA.horizonhobby.com\CheckoutCreditCard_022444.xml" />
        <ResultFile path="CMP01-INDIASQA.horizonhobby.com\LargeAmountCheckout_20180515022444.log" />
        <ResultFile path="CMP01-INDIASQA.horizonhobby.com\LargeAmountCheckout_ResultsONLY_20180515022444.log" />
        <ResultFile path="CMP01-INDIASQA.horizonhobby.com\SharedCommonConfig.xml" />
      </ResultFiles>
    </UnitTestResult>
    <UnitTestResult executionId="806cdf0b-8b57-4734-9a4c-b34b56c43bd5" testId="c3943335-6b67-2c1e-404c-63af4febda33" testName="CreditCardCheckoutUSAddress" computerName="CMP01-INDIASQA" duration="00:15:59.2131157" startTime="2018-05-15T02:30:21.0173948-05:00" endTime="2018-05-15T02:46:20.2693948-05:00" testType="13cdc9d9-ddb5-4fa4-a97d-d965ccfc6d4b" outcome="Passed" testListId="8c84fa94-04c1-424b-9868-57a2d4851a1d" relativeResultsDirectory="806cdf0b-8b57-4734-9a4c-b34b56c43bd5">
      <Output>
        <StdOut>Logging to custom path:\\CMP01-YKumar\AutoLog</StdOut>
        <TextMessages>
          <Message>[5/15/2018 2:30:21 AM]&lt;STARTLOG&gt;&lt;CreditCardCheckoutUSAddress&gt;Test Started: Expecting: #PASS=Undefined and #FAIL=0
Running from MTM=True, running on machine name:CMP01-INDIASQA, user name=ykumar, OS=Microsoft Windows NT 6.1.7601 Service Pack 1, Is64BitOS=True</Message>
          <Message>[5/15/2018 2:30:22 AM]&lt;INFO&gt;LogCPUAndMemoryUsage: Available Memory = 24120(MB), CPU Usage = 19.349%</Message>
          <Message>[5/15/2018 2:30:22 AM]&lt;INFO&gt;Private Working Set for QTAgent32_40, usage=257448 (K)</Message>
          <Message>[5/15/2018 2:30:22 AM]&lt;INFO&gt;Path To TestConfig xml=E:\LoadTestResult\VSEQT\QTAgent\26973\CMP01-INDIASQA.horizonhobby.com\Deployment\SharedCommonConfig.xml</Message>
          <Message>[5/15/2018 2:30:22 AM]&lt;INFO&gt;Path To TestData xml=E:\LoadTestResult\VSEQT\QTAgent\26973\CMP01-INDIASQA.horizonhobby.com\Deployment\CheckoutCreditCard_023021.xml</Message>
          <Message>[5/15/2018 2:30:22 AM]&lt;INFO&gt;Path To HorizonHobbyQA Application Url=https://www-tst.horizonhobby.com</Message>
          <Message>[5/15/2018 2:30:22 AM]&lt;INFO&gt;HorizonHobbyQA sql connection string=Server=cmp02-ws-tst-db01:50000;Database=TST01DB;UID=wcdbuser;PWD=h0r1z0n;Connect Timeout=30</Message>
          <Message>[5/15/2018 2:30:22 AM]&lt;INFO&gt;Country is := US and language id is := '-1'</Message>
          <Message>[5/15/2018 2:30:22 AM]&lt;INFO&gt;Current browser used for test execution is = 'IE'</Message>
          <Message>[5/15/2018 2:30:27 AM]&lt;INFO&gt;SurveyWindow : method executing ...</Message>
          <Message>[5/15/2018 2:30:34 AM]&lt;INFO&gt;ContinueOnCertificationErrorClickexecuting ...</Message>
          <Message>[5/15/2018 2:30:34 AM]&lt;Info&gt;DEAllBrowserWindow : Locating browser window...</Message>
          <Message>[5/15/2018 2:30:41 AM]&lt;INFO&gt;UserRegistration : method executing ...</Message>
          <Message>[5/15/2018 2:30:41 AM]&lt;Info&gt;AllBrowserWindow : Locating browser window...</Message>
          <Message>[5/15/2018 2:31:05 AM]&lt;Info&gt;AllBrowserWindow : Locating browser window...</Message>
          <Message>[5/15/2018 2:31:22 AM]&lt;Info&gt;AllBrowserWindow : Locating browser window...</Message>
          <Message>[5/15/2018 2:31:34 AM]&lt;INFO&gt;CheckoutCommonWorkflow : method executing</Message>
          <Message>[5/15/2018 2:31:34 AM]&lt;INFO&gt;SearchProductexecuting ... Searching term:= 'DUB300MS'</Message>
          <Message>[5/15/2018 2:31:40 AM]&lt;Info&gt;AllBrowserWindow : Locating browser window...</Message>
          <Message>[5/15/2018 2:31:41 AM]&lt;INFO&gt;BackOrderClickexecuting ...</Message>
          <Message>[5/15/2018 2:31:41 AM]&lt;INFO&gt;GoToCartClickexecuting ...</Message>
          <Message>[5/15/2018 2:31:48 AM]&lt;INFO&gt;CheckoutProcessStartShoppingCart : method executing</Message>
          <Message>[5/15/2018 2:31:48 AM]&lt;Info&gt;AllBrowserWindow : Locating browser window...</Message>
          <Message>[5/15/2018 2:31:57 AM]&lt;INFO&gt;CheckoutShoppingCartControls : method executing</Message>
          <Message>[5/15/2018 2:31:57 AM]&lt;Info&gt;AllBrowserWindow : Locating browser window...</Message>
          <Message>[5/15/2018 2:32:05 AM]&lt;Info&gt;AllBrowserWindow : Locating browser window...</Message>
          <Message>[5/15/2018 2:32:08 AM]&lt;INFO&gt;TotalValue : method executing ...</Message>
          <Message>[5/15/2018 2:32:08 AM]&lt;Info&gt;AllBrowserWindow : Locating browser window...</Message>
          <Message>[5/15/2018 2:32:09 AM]&lt;INFO&gt;ShippingAddressSelection : method executing</Message>
          <Message>[5/15/2018 2:32:09 AM]&lt;INFO&gt;CheckoutCreditCardShippingAndBillingControls : method executing</Message>
          <Message>[5/15/2018 2:32:09 AM]&lt;Info&gt;AllBrowserWindow : Locating browser window...</Message>
          <Message>[5/15/2018 2:32:13 AM]&lt;INFO&gt;SelectCheckoutPaymentRadiobutton : method executing</Message>
          <Message>[5/15/2018 2:32:13 AM]&lt;INFO&gt;CheckoutCreditCardShippingAndBillingControls : method executing</Message>
          <Message>[5/15/2018 2:32:13 AM]&lt;Info&gt;AllBrowserWindow : Locating browser window...</Message>
          <Message>[5/15/2018 2:32:25 AM]&lt;INFO&gt;FillCreditCardDetails : method executing</Message>
          <Message>[5/15/2018 2:32:25 AM]&lt;INFO&gt;CheckoutCreditCardShippingAndBillingControls : method executing</Message>
          <Message>[5/15/2018 2:32:25 AM]&lt;Info&gt;AllBrowserWindow : Locating browser window...</Message>
          <Message>[5/15/2018 2:32:34 AM]&lt;INFO&gt;ClickReviewOrder : method executing</Message>
          <Message>[5/15/2018 2:32:34 AM]&lt;INFO&gt;CheckoutCreditCardShippingAndBillingControls : method executing</Message>
          <Message>[5/15/2018 2:32:34 AM]&lt;Info&gt;AllBrowserWindow : Locating browser window...</Message>
          <Message>[5/15/2018 2:32:39 AM]&lt;Info&gt;AllBrowserWindow : Locating browser window...</Message>
          <Message>[5/15/2018 2:32:46 AM]&lt;INFO&gt;PlaceOrderCreditCard : method executing</Message>
          <Message>[5/15/2018 2:32:46 AM]&lt;INFO&gt;CheckoutCreditCardShippingAndBillingControls : method executing</Message>
          <Message>[5/15/2018 2:32:46 AM]&lt;Info&gt;AllBrowserWindow : Locating browser window...</Message>
          <Message>[5/15/2018 2:32:54 AM]&lt;INFO&gt;KeyboardSendKeys method executing...</Message>
          <Message>[5/15/2018 2:34:35 AM]&lt;Info&gt;AllBrowserWindow : Locating browser window...</Message>
          <Message>[5/15/2018 2:34:46 AM]&lt;INFO&gt;OrderConfirmation : method executing</Message>
          <Message>[5/15/2018 2:34:46 AM]&lt;INFO&gt;OrderConfirmationUIControls : method executing</Message>
          <Message>[5/15/2018 2:34:46 AM]&lt;Info&gt;AllBrowserWindow : Locating browser window...</Message>
          <Message>[5/15/2018 2:34:50 AM]&lt;INFO&gt;SurveyWindow : method executing ...</Message>
          <Message>[5/15/2018 2:34:58 AM]&lt;PASS&gt;&lt;OrderConfirmation&gt;&lt; Validates Order Number ''True'' is generated successfully&gt;</Message>
          <Message>[5/15/2018 2:34:58 AM]&lt;INFO&gt;SingleProductOrderAmountValidation : method executing</Message>
          <Message>[5/15/2018 2:34:58 AM]&lt;INFO&gt;OrderConfirmationUIControls : method executing</Message>
          <Message>[5/15/2018 2:34:58 AM]&lt;Info&gt;AllBrowserWindow : Locating browser window...</Message>
          <Message>[5/15/2018 2:35:02 AM]&lt;INFO&gt;SingleProductOrderAmountValidation : method executing</Message>
          <Message>[5/15/2018 2:35:02 AM]&lt;PASS&gt;&lt;SingleProductOrderAmountValidation&gt;&lt; Validates expected authorization amount: '8.79000' is equals actual authorization amount: '8.79000'&gt;</Message>
          <Message>[5/15/2018 2:35:02 AM]&lt;INFO&gt;DeletOrderItem : method executing</Message>
          <Message>[5/15/2018 2:35:02 AM]&lt;INFO&gt;DeletOrderItem : method executing</Message>
          <Message>[5/15/2018 2:35:02 AM]&lt;INFO&gt;DeleteWishlistFromDatabase : method executing</Message>
          <Message>[5/15/2018 2:35:48 AM]&lt;INFO&gt;SurveyWindow : method executing ...</Message>
          <Message>[5/15/2018 2:35:56 AM]&lt;INFO&gt;ContinueOnCertificationErrorClickexecuting ...</Message>
          <Message>[5/15/2018 2:35:56 AM]&lt;Info&gt;DEAllBrowserWindow : Locating browser window...</Message>
          <Message>[5/15/2018 2:36:03 AM]&lt;INFO&gt;UserRegistration : method executing ...</Message>
          <Message>[5/15/2018 2:36:03 AM]&lt;Info&gt;AllBrowserWindow : Locating browser window...</Message>
          <Message>[5/15/2018 2:36:26 AM]&lt;Info&gt;AllBrowserWindow : Locating browser window...</Message>
          <Message>[5/15/2018 2:36:48 AM]&lt;Info&gt;AllBrowserWindow : Locating browser window...</Message>
          <Message>[5/15/2018 2:36:59 AM]&lt;INFO&gt;CheckoutCommonWorkflow : method executing</Message>
          <Message>[5/15/2018 2:36:59 AM]&lt;INFO&gt;SearchProductexecuting ... Searching term:= 'DUB300MS'</Message>
          <Message>[5/15/2018 2:37:06 AM]&lt;Info&gt;AllBrowserWindow : Locating browser window...</Message>
          <Message>[5/15/2018 2:37:07 AM]&lt;INFO&gt;BackOrderClickexecuting ...</Message>
          <Message>[5/15/2018 2:37:07 AM]&lt;INFO&gt;GoToCartClickexecuting ...</Message>
          <Message>[5/15/2018 2:37:14 AM]&lt;INFO&gt;CheckoutProcessStartShoppingCart : method executing</Message>
          <Message>[5/15/2018 2:37:14 AM]&lt;Info&gt;AllBrowserWindow : Locating browser window...</Message>
          <Message>[5/15/2018 2:37:23 AM]&lt;INFO&gt;CheckoutShoppingCartControls : method executing</Message>
          <Message>[5/15/2018 2:37:23 AM]&lt;Info&gt;AllBrowserWindow : Locating browser window...</Message>
          <Message>[5/15/2018 2:37:31 AM]&lt;Info&gt;AllBrowserWindow : Locating browser window...</Message>
          <Message>[5/15/2018 2:37:35 AM]&lt;INFO&gt;TotalValue : method executing ...</Message>
          <Message>[5/15/2018 2:37:35 AM]&lt;Info&gt;AllBrowserWindow : Locating browser window...</Message>
          <Message>[5/15/2018 2:37:35 AM]&lt;INFO&gt;ShippingAddressSelection : method executing</Message>
          <Message>[5/15/2018 2:37:35 AM]&lt;INFO&gt;CheckoutCreditCardShippingAndBillingControls : method executing</Message>
          <Message>[5/15/2018 2:37:35 AM]&lt;Info&gt;AllBrowserWindow : Locating browser window...</Message>
          <Message>[5/15/2018 2:37:40 AM]&lt;INFO&gt;SelectCheckoutPaymentRadiobutton : method executing</Message>
          <Message>[5/15/2018 2:37:40 AM]&lt;INFO&gt;CheckoutCreditCardShippingAndBillingControls : method executing</Message>
          <Message>[5/15/2018 2:37:40 AM]&lt;Info&gt;AllBrowserWindow : Locating browser window...</Message>
          <Message>[5/15/2018 2:37:51 AM]&lt;INFO&gt;FillCreditCardDetails : method executing</Message>
          <Message>[5/15/2018 2:37:51 AM]&lt;INFO&gt;CheckoutCreditCardShippingAndBillingControls : method executing</Message>
          <Message>[5/15/2018 2:37:51 AM]&lt;Info&gt;AllBrowserWindow : Locating browser window...</Message>
          <Message>[5/15/2018 2:38:00 AM]&lt;INFO&gt;ClickReviewOrder : method executing</Message>
          <Message>[5/15/2018 2:38:00 AM]&lt;INFO&gt;CheckoutCreditCardShippingAndBillingControls : method executing</Message>
          <Message>[5/15/2018 2:38:00 AM]&lt;Info&gt;AllBrowserWindow : Locating browser window...</Message>
          <Message>[5/15/2018 2:38:05 AM]&lt;Info&gt;AllBrowserWindow : Locating browser window...</Message>
          <Message>[5/15/2018 2:38:12 AM]&lt;INFO&gt;PlaceOrderCreditCard : method executing</Message>
          <Message>[5/15/2018 2:38:12 AM]&lt;INFO&gt;CheckoutCreditCardShippingAndBillingControls : method executing</Message>
          <Message>[5/15/2018 2:38:12 AM]&lt;Info&gt;AllBrowserWindow : Locating browser window...</Message>
          <Message>[5/15/2018 2:38:20 AM]&lt;INFO&gt;KeyboardSendKeys method executing...</Message>
          <Message>[5/15/2018 2:40:01 AM]&lt;Info&gt;AllBrowserWindow : Locating browser window...</Message>
          <Message>[5/15/2018 2:40:12 AM]&lt;INFO&gt;OrderConfirmation : method executing</Message>
          <Message>[5/15/2018 2:40:12 AM]&lt;INFO&gt;OrderConfirmationUIControls : method executing</Message>
          <Message>[5/15/2018 2:40:12 AM]&lt;Info&gt;AllBrowserWindow : Locating browser window...</Message>
          <Message>[5/15/2018 2:40:16 AM]&lt;INFO&gt;SurveyWindow : method executing ...</Message>
          <Message>[5/15/2018 2:40:24 AM]&lt;PASS&gt;&lt;OrderConfirmation&gt;&lt; Validates Order Number ''True'' is generated successfully&gt;</Message>
          <Message>[5/15/2018 2:40:25 AM]&lt;INFO&gt;SingleProductOrderAmountValidation : method executing</Message>
          <Message>[5/15/2018 2:40:25 AM]&lt;INFO&gt;OrderConfirmationUIControls : method executing</Message>
          <Message>[5/15/2018 2:40:25 AM]&lt;Info&gt;AllBrowserWindow : Locating browser window...</Message>
          <Message>[5/15/2018 2:40:28 AM]&lt;INFO&gt;SingleProductOrderAmountValidation : method executing</Message>
          <Message>[5/15/2018 2:40:28 AM]&lt;PASS&gt;&lt;SingleProductOrderAmountValidation&gt;&lt; Validates expected authorization amount: '8.19000' is equals actual authorization amount: '8.19000'&gt;</Message>
          <Message>[5/15/2018 2:40:28 AM]&lt;INFO&gt;DeletOrderItem : method executing</Message>
          <Message>[5/15/2018 2:40:28 AM]&lt;INFO&gt;DeletOrderItem : method executing</Message>
          <Message>[5/15/2018 2:40:28 AM]&lt;INFO&gt;DeleteWishlistFromDatabase : method executing</Message>
          <Message>[5/15/2018 2:41:05 AM]&lt;INFO&gt;SurveyWindow : method executing ...</Message>
          <Message>[5/15/2018 2:41:13 AM]&lt;INFO&gt;ContinueOnCertificationErrorClickexecuting ...</Message>
          <Message>[5/15/2018 2:41:13 AM]&lt;Info&gt;DEAllBrowserWindow : Locating browser window...</Message>
          <Message>[5/15/2018 2:41:20 AM]&lt;INFO&gt;UserRegistration : method executing ...</Message>
          <Message>[5/15/2018 2:41:20 AM]&lt;Info&gt;AllBrowserWindow : Locating browser window...</Message>
          <Message>[5/15/2018 2:41:45 AM]&lt;Info&gt;AllBrowserWindow : Locating browser window...</Message>
          <Message>[5/15/2018 2:42:05 AM]&lt;Info&gt;AllBrowserWindow : Locating browser window...</Message>
          <Message>[5/15/2018 2:42:17 AM]&lt;INFO&gt;CheckoutCommonWorkflow : method executing</Message>
          <Message>[5/15/2018 2:42:17 AM]&lt;INFO&gt;SearchProductexecuting ... Searching term:= 'DUB300MS'</Message>
          <Message>[5/15/2018 2:42:24 AM]&lt;Info&gt;AllBrowserWindow : Locating browser window...</Message>
          <Message>[5/15/2018 2:42:24 AM]&lt;INFO&gt;BackOrderClickexecuting ...</Message>
          <Message>[5/15/2018 2:42:24 AM]&lt;INFO&gt;GoToCartClickexecuting ...</Message>
          <Message>[5/15/2018 2:42:31 AM]&lt;INFO&gt;CheckoutProcessStartShoppingCart : method executing</Message>
          <Message>[5/15/2018 2:42:31 AM]&lt;Info&gt;AllBrowserWindow : Locating browser window...</Message>
          <Message>[5/15/2018 2:42:41 AM]&lt;INFO&gt;CheckoutShoppingCartControls : method executing</Message>
          <Message>[5/15/2018 2:42:41 AM]&lt;Info&gt;AllBrowserWindow : Locating browser window...</Message>
          <Message>[5/15/2018 2:42:49 AM]&lt;Info&gt;AllBrowserWindow : Locating browser window...</Message>
          <Message>[5/15/2018 2:42:53 AM]&lt;INFO&gt;TotalValue : method executing ...</Message>
          <Message>[5/15/2018 2:42:53 AM]&lt;Info&gt;AllBrowserWindow : Locating browser window...</Message>
          <Message>[5/15/2018 2:42:53 AM]&lt;INFO&gt;ShippingAddressSelection : method executing</Message>
          <Message>[5/15/2018 2:42:53 AM]&lt;INFO&gt;CheckoutCreditCardShippingAndBillingControls : method executing</Message>
          <Message>[5/15/2018 2:42:53 AM]&lt;Info&gt;AllBrowserWindow : Locating browser window...</Message>
          <Message>[5/15/2018 2:42:57 AM]&lt;INFO&gt;SelectCheckoutPaymentRadiobutton : method executing</Message>
          <Message>[5/15/2018 2:42:57 AM]&lt;INFO&gt;CheckoutCreditCardShippingAndBillingControls : method executing</Message>
          <Message>[5/15/2018 2:42:57 AM]&lt;Info&gt;AllBrowserWindow : Locating browser window...</Message>
          <Message>[5/15/2018 2:43:09 AM]&lt;INFO&gt;FillCreditCardDetails : method executing</Message>
          <Message>[5/15/2018 2:43:09 AM]&lt;INFO&gt;CheckoutCreditCardShippingAndBillingControls : method executing</Message>
          <Message>[5/15/2018 2:43:09 AM]&lt;Info&gt;AllBrowserWindow : Locating browser window...</Message>
          <Message>[5/15/2018 2:43:19 AM]&lt;INFO&gt;ClickReviewOrder : method executing</Message>
          <Message>[5/15/2018 2:43:19 AM]&lt;INFO&gt;CheckoutCreditCardShippingAndBillingControls : method executing</Message>
          <Message>[5/15/2018 2:43:19 AM]&lt;Info&gt;AllBrowserWindow : Locating browser window...</Message>
          <Message>[5/15/2018 2:43:24 AM]&lt;Info&gt;AllBrowserWindow : Locating browser window...</Message>
          <Message>[5/15/2018 2:43:31 AM]&lt;INFO&gt;PlaceOrderCreditCard : method executing</Message>
          <Message>[5/15/2018 2:43:31 AM]&lt;INFO&gt;CheckoutCreditCardShippingAndBillingControls : method executing</Message>
          <Message>[5/15/2018 2:43:31 AM]&lt;Info&gt;AllBrowserWindow : Locating browser window...</Message>
          <Message>[5/15/2018 2:43:39 AM]&lt;INFO&gt;KeyboardSendKeys method executing...</Message>
          <Message>[5/15/2018 2:45:21 AM]&lt;Info&gt;AllBrowserWindow : Locating browser window...</Message>
          <Message>[5/15/2018 2:45:32 AM]&lt;INFO&gt;OrderConfirmation : method executing</Message>
          <Message>[5/15/2018 2:45:32 AM]&lt;INFO&gt;OrderConfirmationUIControls : method executing</Message>
          <Message>[5/15/2018 2:45:32 AM]&lt;Info&gt;AllBrowserWindow : Locating browser window...</Message>
          <Message>[5/15/2018 2:45:35 AM]&lt;INFO&gt;SurveyWindow : method executing ...</Message>
          <Message>[5/15/2018 2:45:43 AM]&lt;PASS&gt;&lt;OrderConfirmation&gt;&lt; Validates Order Number ''True'' is generated successfully&gt;</Message>
          <Message>[5/15/2018 2:45:44 AM]&lt;INFO&gt;SingleProductOrderAmountValidation : method executing</Message>
          <Message>[5/15/2018 2:45:44 AM]&lt;INFO&gt;OrderConfirmationUIControls : method executing</Message>
          <Message>[5/15/2018 2:45:44 AM]&lt;Info&gt;AllBrowserWindow : Locating browser window...</Message>
          <Message>[5/15/2018 2:45:48 AM]&lt;INFO&gt;SingleProductOrderAmountValidation : method executing</Message>
          <Message>[5/15/2018 2:45:48 AM]&lt;PASS&gt;&lt;SingleProductOrderAmountValidation&gt;&lt; Validates expected authorization amount: '8.19000' is equals actual authorization amount: '8.19000'&gt;</Message>
          <Message>[5/15/2018 2:45:48 AM]&lt;INFO&gt;DeletOrderItem : method executing</Message>
          <Message>[5/15/2018 2:45:48 AM]&lt;INFO&gt;DeletOrderItem : method executing</Message>
          <Message>[5/15/2018 2:45:48 AM]&lt;INFO&gt;DeleteWishlistFromDatabase : method executing</Message>
          <Message>[5/15/2018 2:46:19 AM]&lt;RESULT&gt;Test Ended:#PASS=6, #FAIL=0</Message>
          <Message>[5/15/2018 2:46:20 AM]&lt;INFO&gt;LogCPUAndMemoryUsage: Available Memory = 24109(MB), CPU Usage = 40.58404%</Message>
          <Message>[5/15/2018 2:46:20 AM]&lt;INFO&gt;Private Working Set for QTAgent32_40, usage=262128 (K)</Message>
          <Message>[5/15/2018 2:46:20 AM]&lt;RESULT&gt;&lt;CreditCardCheckoutUSAddress&gt; Test PASSED</Message>
        </TextMessages>
      </Output>
      <ResultFiles>
        <ResultFile path="CMP01-INDIASQA.horizonhobby.com\CheckoutCreditCard_023021.xml" />
        <ResultFile path="CMP01-INDIASQA.horizonhobby.com\CreditCardCheckoutUSAddress_20180515023021.log" />
        <ResultFile path="CMP01-INDIASQA.horizonhobby.com\CreditCardCheckoutUSAddress_ResultsONLY_20180515023021.log" />
        <ResultFile path="CMP01-INDIASQA.horizonhobby.com\SharedCommonConfig.xml" />
      </ResultFiles>
    </UnitTestResult>
    <UnitTestResult executionId="07bf9dd5-7f21-41f1-9e6b-48908eba849e" testId="31b64b20-2e38-7f68-e596-84cced91efc4" testName="CreditCardCheckoutAlaskaAndHawaiiStateAddress" computerName="CMP01-INDIASQA" duration="00:10:09.3565102" startTime="2018-05-15T02:46:20.2713948-05:00" endTime="2018-05-15T02:56:29.6693948-05:00" testType="13cdc9d9-ddb5-4fa4-a97d-d965ccfc6d4b" outcome="Passed" testListId="8c84fa94-04c1-424b-9868-57a2d4851a1d" relativeResultsDirectory="07bf9dd5-7f21-41f1-9e6b-48908eba849e">
      <Output>
        <StdOut>Logging to custom path:\\CMP01-YKumar\AutoLog</StdOut>
        <TextMessages>
          <Message>[5/15/2018 2:46:20 AM]&lt;STARTLOG&gt;&lt;CreditCardCheckoutAlaskaAndHawaiiStateAddress&gt;Test Started: Expecting: #PASS=Undefined and #FAIL=0
Running from MTM=True, running on machine name:CMP01-INDIASQA, user name=ykumar, OS=Microsoft Windows NT 6.1.7601 Service Pack 1, Is64BitOS=True</Message>
          <Message>[5/15/2018 2:46:21 AM]&lt;INFO&gt;LogCPUAndMemoryUsage: Available Memory = 24117(MB), CPU Usage = 16.78659%</Message>
          <Message>[5/15/2018 2:46:21 AM]&lt;INFO&gt;Private Working Set for QTAgent32_40, usage=262140 (K)</Message>
          <Message>[5/15/2018 2:46:21 AM]&lt;INFO&gt;Path To TestConfig xml=E:\LoadTestResult\VSEQT\QTAgent\26973\CMP01-INDIASQA.horizonhobby.com\Deployment\SharedCommonConfig.xml</Message>
          <Message>[5/15/2018 2:46:21 AM]&lt;INFO&gt;Path To TestData xml=E:\LoadTestResult\VSEQT\QTAgent\26973\CMP01-INDIASQA.horizonhobby.com\Deployment\CheckoutCreditCard_024620.xml</Message>
          <Message>[5/15/2018 2:46:21 AM]&lt;INFO&gt;Path To HorizonHobbyQA Application Url=https://www-tst.horizonhobby.com</Message>
          <Message>[5/15/2018 2:46:21 AM]&lt;INFO&gt;HorizonHobbyQA sql connection string=Server=cmp02-ws-tst-db01:50000;Database=TST01DB;UID=wcdbuser;PWD=h0r1z0n;Connect Timeout=30</Message>
          <Message>[5/15/2018 2:46:21 AM]&lt;INFO&gt;Country is := US and language id is := '-1'</Message>
          <Message>[5/15/2018 2:46:21 AM]&lt;INFO&gt;Current browser used for test execution is = 'IE'</Message>
          <Message>[5/15/2018 2:46:28 AM]&lt;INFO&gt;SearchProductexecuting ... Searching term:= 'EFLDF151'</Message>
          <Message>[5/15/2018 2:46:35 AM]&lt;INFO&gt;SurveyWindow : method executing ...</Message>
          <Message>[5/15/2018 2:46:53 AM]&lt;Info&gt;AllBrowserWindow : Locating browser window...</Message>
          <Message>[5/15/2018 2:46:53 AM]&lt;INFO&gt;BackOrderClickexecuting ...</Message>
          <Message>[5/15/2018 2:46:54 AM]&lt;INFO&gt;GoToCartClickexecuting ...</Message>
          <Message>[5/15/2018 2:47:00 AM]&lt;INFO&gt;CheckoutProcessStartShoppingCart : method executing</Message>
          <Message>[5/15/2018 2:47:00 AM]&lt;Info&gt;AllBrowserWindow : Locating browser window...</Message>
          <Message>[5/15/2018 2:47:11 AM]&lt;INFO&gt;CheckoutShoppingCartControls : method executing</Message>
          <Message>[5/15/2018 2:47:11 AM]&lt;Info&gt;AllBrowserWindow : Locating browser window...</Message>
          <Message>[5/15/2018 2:47:25 AM]&lt;Info&gt;AllBrowserWindow : Locating browser window...</Message>
          <Message>[5/15/2018 2:47:34 AM]&lt;Info&gt;AllBrowserWindow : Locating browser window...</Message>
          <Message>[5/15/2018 2:47:41 AM]&lt;INFO&gt;FillBillingAndShippingAddressexecuting ...</Message>
          <Message>[5/15/2018 2:47:41 AM]&lt;Info&gt;AllBrowserWindow : Locating browser window...</Message>
          <Message>[5/15/2018 2:47:44 AM]&lt;INFO&gt;SelectBillingCountryexecuting ...</Message>
          <Message>[5/15/2018 2:47:50 AM]&lt;INFO&gt;SelectBillingStateexecuting ...</Message>
          <Message>[5/15/2018 2:48:14 AM]&lt;INFO&gt;GetShippingMethodRadioButtonControl : method executing</Message>
          <Message>[5/15/2018 2:48:14 AM]&lt;Info&gt;AllBrowserWindow : Locating browser window...</Message>
          <Message>[5/15/2018 2:48:21 AM]&lt;INFO&gt;ShippingMethodSelection : method executing</Message>
          <Message>[5/15/2018 2:48:21 AM]&lt;Info&gt;AllBrowserWindow : Locating browser window...</Message>
          <Message>[5/15/2018 2:48:26 AM]&lt;INFO&gt;GetAllShippingOptions : is executing ...</Message>
          <Message>[5/15/2018 2:48:26 AM]&lt;Info&gt;AllBrowserWindow : Locating browser window...</Message>
          <Message>[5/15/2018 2:48:28 AM]&lt;INFO&gt;SelectCheckoutPaymentRadiobutton : method executing</Message>
          <Message>[5/15/2018 2:48:28 AM]&lt;INFO&gt;CheckoutCreditCardShippingAndBillingControls : method executing</Message>
          <Message>[5/15/2018 2:48:28 AM]&lt;Info&gt;AllBrowserWindow : Locating browser window...</Message>
          <Message>[5/15/2018 2:48:39 AM]&lt;INFO&gt;FillCreditCardDetails : method executing</Message>
          <Message>[5/15/2018 2:48:39 AM]&lt;INFO&gt;CheckoutCreditCardShippingAndBillingControls : method executing</Message>
          <Message>[5/15/2018 2:48:39 AM]&lt;Info&gt;AllBrowserWindow : Locating browser window...</Message>
          <Message>[5/15/2018 2:48:49 AM]&lt;INFO&gt;ClickReviewOrder : method executing</Message>
          <Message>[5/15/2018 2:48:49 AM]&lt;INFO&gt;CheckoutCreditCardShippingAndBillingControls : method executing</Message>
          <Message>[5/15/2018 2:48:49 AM]&lt;Info&gt;AllBrowserWindow : Locating browser window...</Message>
          <Message>[5/15/2018 2:48:54 AM]&lt;Info&gt;AllBrowserWindow : Locating browser window...</Message>
          <Message>[5/15/2018 2:49:01 AM]&lt;INFO&gt;PlaceOrderCreditCard : method executing</Message>
          <Message>[5/15/2018 2:49:01 AM]&lt;INFO&gt;CheckoutCreditCardShippingAndBillingControls : method executing</Message>
          <Message>[5/15/2018 2:49:01 AM]&lt;Info&gt;AllBrowserWindow : Locating browser window...</Message>
          <Message>[5/15/2018 2:49:10 AM]&lt;INFO&gt;KeyboardSendKeys method executing...</Message>
          <Message>[5/15/2018 2:50:51 AM]&lt;Info&gt;AllBrowserWindow : Locating browser window...</Message>
          <Message>[5/15/2018 2:51:00 AM]&lt;INFO&gt;OrderConfirmation : method executing</Message>
          <Message>[5/15/2018 2:51:00 AM]&lt;INFO&gt;OrderConfirmationUIControls : method executing</Message>
          <Message>[5/15/2018 2:51:00 AM]&lt;Info&gt;AllBrowserWindow : Locating browser window...</Message>
          <Message>[5/15/2018 2:51:01 AM]&lt;INFO&gt;SurveyWindow : method executing ...</Message>
          <Message>[5/15/2018 2:51:10 AM]&lt;PASS&gt;&lt;OrderConfirmation&gt;&lt; Validates Order Number ''True'' is generated successfully&gt;</Message>
          <Message>[5/15/2018 2:51:10 AM]&lt;INFO&gt;SingleProductOrderAmountValidation : method executing</Message>
          <Message>[5/15/2018 2:51:10 AM]&lt;INFO&gt;OrderConfirmationUIControls : method executing</Message>
          <Message>[5/15/2018 2:51:10 AM]&lt;Info&gt;AllBrowserWindow : Locating browser window...</Message>
          <Message>[5/15/2018 2:51:11 AM]&lt;INFO&gt;SingleProductOrderAmountValidation : method executing</Message>
          <Message>[5/15/2018 2:51:11 AM]&lt;PASS&gt;&lt;SingleProductOrderAmountValidation&gt;&lt; Validates expected authorization amount: '41.98000' is equals actual authorization amount: '41.98000'&gt;</Message>
          <Message>[5/15/2018 2:51:11 AM]&lt;Info&gt;AllBrowserWindow : Locating browser window...</Message>
          <Message>[5/15/2018 2:51:16 AM]&lt;INFO&gt;SearchProductexecuting ... Searching term:= 'IRLVX4CK2'</Message>
          <Message>[5/15/2018 2:51:23 AM]&lt;INFO&gt;SurveyWindow : method executing ...</Message>
          <Message>[5/15/2018 2:51:43 AM]&lt;Info&gt;AllBrowserWindow : Locating browser window...</Message>
          <Message>[5/15/2018 2:51:43 AM]&lt;INFO&gt;BackOrderClickexecuting ...</Message>
          <Message>[5/15/2018 2:51:43 AM]&lt;INFO&gt;GoToCartClickexecuting ...</Message>
          <Message>[5/15/2018 2:51:49 AM]&lt;INFO&gt;CheckoutProcessStartShoppingCart : method executing</Message>
          <Message>[5/15/2018 2:51:49 AM]&lt;Info&gt;AllBrowserWindow : Locating browser window...</Message>
          <Message>[5/15/2018 2:51:59 AM]&lt;INFO&gt;CheckoutShoppingCartControls : method executing</Message>
          <Message>[5/15/2018 2:51:59 AM]&lt;Info&gt;AllBrowserWindow : Locating browser window...</Message>
          <Message>[5/15/2018 2:52:15 AM]&lt;Info&gt;AllBrowserWindow : Locating browser window...</Message>
          <Message>[5/15/2018 2:52:24 AM]&lt;Info&gt;AllBrowserWindow : Locating browser window...</Message>
          <Message>[5/15/2018 2:52:30 AM]&lt;INFO&gt;FillShippingAddressEditexecuting ...</Message>
          <Message>[5/15/2018 2:52:30 AM]&lt;Info&gt;AllBrowserWindow : Locating browser window...</Message>
          <Message>[5/15/2018 2:52:45 AM]&lt;INFO&gt;CheckoutProcessStartShoppingCart : method executing</Message>
          <Message>[5/15/2018 2:52:45 AM]&lt;Info&gt;AllBrowserWindow : Locating browser window...</Message>
          <Message>[5/15/2018 2:52:55 AM]&lt;INFO&gt;CheckoutShoppingCartControls : method executing</Message>
          <Message>[5/15/2018 2:52:55 AM]&lt;Info&gt;AllBrowserWindow : Locating browser window...</Message>
          <Message>[5/15/2018 2:53:12 AM]&lt;INFO&gt;GetShippingMethodRadioButtonControl : method executing</Message>
          <Message>[5/15/2018 2:53:12 AM]&lt;Info&gt;AllBrowserWindow : Locating browser window...</Message>
          <Message>[5/15/2018 2:53:18 AM]&lt;INFO&gt;ShippingMethodSelection : method executing</Message>
          <Message>[5/15/2018 2:53:18 AM]&lt;Info&gt;AllBrowserWindow : Locating browser window...</Message>
          <Message>[5/15/2018 2:53:23 AM]&lt;INFO&gt;GetAllShippingOptions : is executing ...</Message>
          <Message>[5/15/2018 2:53:23 AM]&lt;Info&gt;AllBrowserWindow : Locating browser window...</Message>
          <Message>[5/15/2018 2:53:26 AM]&lt;INFO&gt;SelectCheckoutPaymentRadiobutton : method executing</Message>
          <Message>[5/15/2018 2:53:26 AM]&lt;INFO&gt;CheckoutCreditCardShippingAndBillingControls : method executing</Message>
          <Message>[5/15/2018 2:53:26 AM]&lt;Info&gt;AllBrowserWindow : Locating browser window...</Message>
          <Message>[5/15/2018 2:53:38 AM]&lt;INFO&gt;FillCreditCardDetails : method executing</Message>
          <Message>[5/15/2018 2:53:38 AM]&lt;INFO&gt;CheckoutCreditCardShippingAndBillingControls : method executing</Message>
          <Message>[5/15/2018 2:53:38 AM]&lt;Info&gt;AllBrowserWindow : Locating browser window...</Message>
          <Message>[5/15/2018 2:53:49 AM]&lt;INFO&gt;ClickReviewOrder : method executing</Message>
          <Message>[5/15/2018 2:53:49 AM]&lt;INFO&gt;CheckoutCreditCardShippingAndBillingControls : method executing</Message>
          <Message>[5/15/2018 2:53:49 AM]&lt;Info&gt;AllBrowserWindow : Locating browser window...</Message>
          <Message>[5/15/2018 2:53:56 AM]&lt;Info&gt;AllBrowserWindow : Locating browser window...</Message>
          <Message>[5/15/2018 2:54:04 AM]&lt;INFO&gt;PlaceOrderCreditCard : method executing</Message>
          <Message>[5/15/2018 2:54:04 AM]&lt;INFO&gt;CheckoutCreditCardShippingAndBillingControls : method executing</Message>
          <Message>[5/15/2018 2:54:04 AM]&lt;Info&gt;AllBrowserWindow : Locating browser window...</Message>
          <Message>[5/15/2018 2:54:14 AM]&lt;INFO&gt;KeyboardSendKeys method executing...</Message>
          <Message>[5/15/2018 2:55:55 AM]&lt;Info&gt;AllBrowserWindow : Locating browser window...</Message>
          <Message>[5/15/2018 2:56:08 AM]&lt;INFO&gt;OrderConfirmation : method executing</Message>
          <Message>[5/15/2018 2:56:08 AM]&lt;INFO&gt;OrderConfirmationUIControls : method executing</Message>
          <Message>[5/15/2018 2:56:08 AM]&lt;Info&gt;AllBrowserWindow : Locating browser window...</Message>
          <Message>[5/15/2018 2:56:12 AM]&lt;INFO&gt;SurveyWindow : method executing ...</Message>
          <Message>[5/15/2018 2:56:21 AM]&lt;PASS&gt;&lt;OrderConfirmation&gt;&lt; Validates Order Number ''True'' is generated successfully&gt;</Message>
          <Message>[5/15/2018 2:56:21 AM]&lt;INFO&gt;SingleProductOrderAmountValidation : method executing</Message>
          <Message>[5/15/2018 2:56:21 AM]&lt;INFO&gt;OrderConfirmationUIControls : method executing</Message>
          <Message>[5/15/2018 2:56:21 AM]&lt;Info&gt;AllBrowserWindow : Locating browser window...</Message>
          <Message>[5/15/2018 2:56:26 AM]&lt;INFO&gt;SingleProductOrderAmountValidation : method executing</Message>
          <Message>[5/15/2018 2:56:26 AM]&lt;PASS&gt;&lt;SingleProductOrderAmountValidation&gt;&lt; Validates expected authorization amount: '96.99000' is equals actual authorization amount: '96.99000'&gt;</Message>
          <Message>[5/15/2018 2:56:26 AM]&lt;INFO&gt;DeletOrderItem : method executing</Message>
          <Message>[5/15/2018 2:56:26 AM]&lt;INFO&gt;DeletOrderItem : method executing</Message>
          <Message>[5/15/2018 2:56:26 AM]&lt;INFO&gt;DeletOrderItem : method executing</Message>
          <Message>[5/15/2018 2:56:26 AM]&lt;INFO&gt;DeletOrderItem : method executing</Message>
          <Message>[5/15/2018 2:56:26 AM]&lt;RESULT&gt;Test Ended:#PASS=4, #FAIL=0</Message>
          <Message>[5/15/2018 2:56:27 AM]&lt;INFO&gt;LogCPUAndMemoryUsage: Available Memory = 24001(MB), CPU Usage = 1.427932%</Message>
          <Message>[5/15/2018 2:56:27 AM]&lt;INFO&gt;Private Working Set for QTAgent32_40, usage=262608 (K)</Message>
          <Message>[5/15/2018 2:56:27 AM]&lt;RESULT&gt;&lt;CreditCardCheckoutAlaskaAndHawaiiStateAddress&gt; Test PASSED</Message>
        </TextMessages>
      </Output>
      <ResultFiles>
        <ResultFile path="CMP01-INDIASQA.horizonhobby.com\CheckoutCreditCard_024620.xml" />
        <ResultFile path="CMP01-INDIASQA.horizonhobby.com\CreditCardCheckoutAlaskaAndHawaiiStateAddress_20180515024620.log" />
        <ResultFile path="CMP01-INDIASQA.horizonhobby.com\CreditCardCheckoutAlaskaAndHawaiiStateAddress_ResultsONLY_20180515024620.log" />
        <ResultFile path="CMP01-INDIASQA.horizonhobby.com\SharedCommonConfig.xml" />
      </ResultFiles>
    </UnitTestResult>
    <UnitTestResult executionId="a3b80a42-21db-44f6-88cf-34da9a8ae38f" testId="1c46f8b2-092f-08d2-90da-504229765e5d" testName="CreditCardCheckoutPuertoRicoVirginIslandsAddress" computerName="CMP01-INDIASQA" duration="00:12:42.4926702" startTime="2018-05-15T02:56:29.6723948-05:00" endTime="2018-05-15T03:09:12.2003948-05:00" testType="13cdc9d9-ddb5-4fa4-a97d-d965ccfc6d4b" outcome="Passed" testListId="8c84fa94-04c1-424b-9868-57a2d4851a1d" relativeResultsDirectory="a3b80a42-21db-44f6-88cf-34da9a8ae38f">
      <Output>
        <StdOut>Logging to custom path:\\CMP01-YKumar\AutoLog</StdOut>
        <TextMessages>
          <Message>[5/15/2018 2:56:29 AM]&lt;STARTLOG&gt;&lt;CreditCardCheckoutPuertoRicoVirginIslandsAddress&gt;Test Started: Expecting: #PASS=Undefined and #FAIL=0
Running from MTM=True, running on machine name:CMP01-INDIASQA, user name=ykumar, OS=Microsoft Windows NT 6.1.7601 Service Pack 1, Is64BitOS=True</Message>
          <Message>[5/15/2018 2:56:30 AM]&lt;INFO&gt;LogCPUAndMemoryUsage: Available Memory = 24013(MB), CPU Usage = 20.45493%</Message>
          <Message>[5/15/2018 2:56:30 AM]&lt;INFO&gt;Private Working Set for QTAgent32_40, usage=262768 (K)</Message>
          <Message>[5/15/2018 2:56:30 AM]&lt;INFO&gt;Path To TestConfig xml=E:\LoadTestResult\VSEQT\QTAgent\26973\CMP01-INDIASQA.horizonhobby.com\Deployment\SharedCommonConfig.xml</Message>
          <Message>[5/15/2018 2:56:30 AM]&lt;INFO&gt;Path To TestData xml=E:\LoadTestResult\VSEQT\QTAgent\26973\CMP01-INDIASQA.horizonhobby.com\Deployment\CheckoutCreditCard_025629.xml</Message>
          <Message>[5/15/2018 2:56:30 AM]&lt;INFO&gt;Path To HorizonHobbyQA Application Url=https://www-tst.horizonhobby.com</Message>
          <Message>[5/15/2018 2:56:30 AM]&lt;INFO&gt;HorizonHobbyQA sql connection string=Server=cmp02-ws-tst-db01:50000;Database=TST01DB;UID=wcdbuser;PWD=h0r1z0n;Connect Timeout=30</Message>
          <Message>[5/15/2018 2:56:30 AM]&lt;INFO&gt;Country is := US and language id is := '-1'</Message>
          <Message>[5/15/2018 2:56:30 AM]&lt;INFO&gt;Current browser used for test execution is = 'IE'</Message>
          <Message>[5/15/2018 2:56:38 AM]&lt;INFO&gt;SearchProductexecuting ... Searching term:= 'TAM87083'</Message>
          <Message>[5/15/2018 2:56:45 AM]&lt;INFO&gt;SurveyWindow : method executing ...</Message>
          <Message>[5/15/2018 2:57:03 AM]&lt;Info&gt;AllBrowserWindow : Locating browser window...</Message>
          <Message>[5/15/2018 2:57:03 AM]&lt;INFO&gt;BackOrderClickexecuting ...</Message>
          <Message>[5/15/2018 2:57:03 AM]&lt;INFO&gt;GoToCartClickexecuting ...</Message>
          <Message>[5/15/2018 2:57:09 AM]&lt;INFO&gt;CheckoutProcessStartShoppingCart : method executing</Message>
          <Message>[5/15/2018 2:57:09 AM]&lt;Info&gt;AllBrowserWindow : Locating browser window...</Message>
          <Message>[5/15/2018 2:57:19 AM]&lt;INFO&gt;CheckoutShoppingCartControls : method executing</Message>
          <Message>[5/15/2018 2:57:19 AM]&lt;Info&gt;AllBrowserWindow : Locating browser window...</Message>
          <Message>[5/15/2018 2:57:34 AM]&lt;Info&gt;AllBrowserWindow : Locating browser window...</Message>
          <Message>[5/15/2018 2:57:42 AM]&lt;Info&gt;AllBrowserWindow : Locating browser window...</Message>
          <Message>[5/15/2018 2:57:49 AM]&lt;INFO&gt;FillBillingAndShippingAddressexecuting ...</Message>
          <Message>[5/15/2018 2:57:49 AM]&lt;Info&gt;AllBrowserWindow : Locating browser window...</Message>
          <Message>[5/15/2018 2:57:52 AM]&lt;INFO&gt;SelectBillingCountryexecuting ...</Message>
          <Message>[5/15/2018 2:57:58 AM]&lt;INFO&gt;SelectBillingStateexecuting ...</Message>
          <Message>[5/15/2018 2:58:22 AM]&lt;INFO&gt;GetShippingMethodRadioButtonControl : method executing</Message>
          <Message>[5/15/2018 2:58:22 AM]&lt;Info&gt;AllBrowserWindow : Locating browser window...</Message>
          <Message>[5/15/2018 2:58:29 AM]&lt;INFO&gt;ShippingMethodSelection : method executing</Message>
          <Message>[5/15/2018 2:58:29 AM]&lt;Info&gt;AllBrowserWindow : Locating browser window...</Message>
          <Message>[5/15/2018 2:58:34 AM]&lt;INFO&gt;GetAllShippingOptions : is executing ...</Message>
          <Message>[5/15/2018 2:58:34 AM]&lt;Info&gt;AllBrowserWindow : Locating browser window...</Message>
          <Message>[5/15/2018 2:58:35 AM]&lt;INFO&gt;SelectCheckoutPaymentRadiobutton : method executing</Message>
          <Message>[5/15/2018 2:58:35 AM]&lt;INFO&gt;CheckoutCreditCardShippingAndBillingControls : method executing</Message>
          <Message>[5/15/2018 2:58:35 AM]&lt;Info&gt;AllBrowserWindow : Locating browser window...</Message>
          <Message>[5/15/2018 2:58:46 AM]&lt;INFO&gt;FillCreditCardDetails : method executing</Message>
          <Message>[5/15/2018 2:58:46 AM]&lt;INFO&gt;CheckoutCreditCardShippingAndBillingControls : method executing</Message>
          <Message>[5/15/2018 2:58:46 AM]&lt;Info&gt;AllBrowserWindow : Locating browser window...</Message>
          <Message>[5/15/2018 2:58:56 AM]&lt;INFO&gt;ClickReviewOrder : method executing</Message>
          <Message>[5/15/2018 2:58:56 AM]&lt;INFO&gt;CheckoutCreditCardShippingAndBillingControls : method executing</Message>
          <Message>[5/15/2018 2:58:56 AM]&lt;Info&gt;AllBrowserWindow : Locating browser window...</Message>
          <Message>[5/15/2018 2:59:01 AM]&lt;Info&gt;AllBrowserWindow : Locating browser window...</Message>
          <Message>[5/15/2018 2:59:08 AM]&lt;INFO&gt;PlaceOrderCreditCard : method executing</Message>
          <Message>[5/15/2018 2:59:08 AM]&lt;INFO&gt;CheckoutCreditCardShippingAndBillingControls : method executing</Message>
          <Message>[5/15/2018 2:59:08 AM]&lt;Info&gt;AllBrowserWindow : Locating browser window...</Message>
          <Message>[5/15/2018 2:59:17 AM]&lt;INFO&gt;KeyboardSendKeys method executing...</Message>
          <Message>[5/15/2018 3:00:58 AM]&lt;Info&gt;AllBrowserWindow : Locating browser window...</Message>
          <Message>[5/15/2018 3:01:09 AM]&lt;INFO&gt;OrderConfirmation : method executing</Message>
          <Message>[5/15/2018 3:01:09 AM]&lt;INFO&gt;OrderConfirmationUIControls : method executing</Message>
          <Message>[5/15/2018 3:01:09 AM]&lt;Info&gt;AllBrowserWindow : Locating browser window...</Message>
          <Message>[5/15/2018 3:01:13 AM]&lt;INFO&gt;SurveyWindow : method executing ...</Message>
          <Message>[5/15/2018 3:01:21 AM]&lt;PASS&gt;&lt;OrderConfirmation&gt;&lt; Validates Order Number ''True'' is generated successfully&gt;</Message>
          <Message>[5/15/2018 3:01:21 AM]&lt;INFO&gt;SingleProductOrderAmountValidation : method executing</Message>
          <Message>[5/15/2018 3:01:21 AM]&lt;INFO&gt;OrderConfirmationUIControls : method executing</Message>
          <Message>[5/15/2018 3:01:21 AM]&lt;Info&gt;AllBrowserWindow : Locating browser window...</Message>
          <Message>[5/15/2018 3:01:25 AM]&lt;INFO&gt;SingleProductOrderAmountValidation : method executing</Message>
          <Message>[5/15/2018 3:01:25 AM]&lt;PASS&gt;&lt;SingleProductOrderAmountValidation&gt;&lt; Validates expected authorization amount: '16.49000' is equals actual authorization amount: '16.49000'&gt;</Message>
          <Message>[5/15/2018 3:01:30 AM]&lt;Info&gt;AllBrowserWindow : Locating browser window...</Message>
          <Message>[5/15/2018 3:01:37 AM]&lt;INFO&gt;SearchProductexecuting ... Searching term:= 'EVO100109'</Message>
          <Message>[5/15/2018 3:01:44 AM]&lt;INFO&gt;SurveyWindow : method executing ...</Message>
          <Message>[5/15/2018 3:02:04 AM]&lt;Info&gt;AllBrowserWindow : Locating browser window...</Message>
          <Message>[5/15/2018 3:02:04 AM]&lt;INFO&gt;BackOrderClickexecuting ...</Message>
          <Message>[5/15/2018 3:02:04 AM]&lt;INFO&gt;GoToCartClickexecuting ...</Message>
          <Message>[5/15/2018 3:02:10 AM]&lt;INFO&gt;CheckoutProcessStartShoppingCart : method executing</Message>
          <Message>[5/15/2018 3:02:10 AM]&lt;Info&gt;AllBrowserWindow : Locating browser window...</Message>
          <Message>[5/15/2018 3:02:20 AM]&lt;INFO&gt;CheckoutShoppingCartControls : method executing</Message>
          <Message>[5/15/2018 3:02:20 AM]&lt;Info&gt;AllBrowserWindow : Locating browser window...</Message>
          <Message>[5/15/2018 3:02:36 AM]&lt;Info&gt;AllBrowserWindow : Locating browser window...</Message>
          <Message>[5/15/2018 3:02:44 AM]&lt;Info&gt;AllBrowserWindow : Locating browser window...</Message>
          <Message>[5/15/2018 3:02:50 AM]&lt;INFO&gt;FillShippingAddressEditexecuting ...</Message>
          <Message>[5/15/2018 3:02:50 AM]&lt;Info&gt;AllBrowserWindow : Locating browser window...</Message>
          <Message>[5/15/2018 3:03:05 AM]&lt;INFO&gt;CheckoutProcessStartShoppingCart : method executing</Message>
          <Message>[5/15/2018 3:03:05 AM]&lt;Info&gt;AllBrowserWindow : Locating browser window...</Message>
          <Message>[5/15/2018 3:03:15 AM]&lt;INFO&gt;CheckoutShoppingCartControls : method executing</Message>
          <Message>[5/15/2018 3:03:15 AM]&lt;Info&gt;AllBrowserWindow : Locating browser window...</Message>
          <Message>[5/15/2018 3:03:33 AM]&lt;INFO&gt;GetShippingMethodRadioButtonControl : method executing</Message>
          <Message>[5/15/2018 3:03:33 AM]&lt;Info&gt;AllBrowserWindow : Locating browser window...</Message>
          <Message>[5/15/2018 3:05:47 AM]&lt;INFO&gt;ShippingMethodSelection : method executing</Message>
          <Message>[5/15/2018 3:05:47 AM]&lt;Info&gt;AllBrowserWindow : Locating browser window...</Message>
          <Message>[5/15/2018 3:05:53 AM]&lt;INFO&gt;GetAllShippingOptions : is executing ...</Message>
          <Message>[5/15/2018 3:05:53 AM]&lt;Info&gt;AllBrowserWindow : Locating browser window...</Message>
          <Message>[5/15/2018 3:05:54 AM]&lt;INFO&gt;SelectCheckoutPaymentRadiobutton : method executing</Message>
          <Message>[5/15/2018 3:05:54 AM]&lt;INFO&gt;CheckoutCreditCardShippingAndBillingControls : method executing</Message>
          <Message>[5/15/2018 3:05:54 AM]&lt;Info&gt;AllBrowserWindow : Locating browser window...</Message>
          <Message>[5/15/2018 3:06:13 AM]&lt;INFO&gt;FillCreditCardDetails : method executing</Message>
          <Message>[5/15/2018 3:06:13 AM]&lt;INFO&gt;CheckoutCreditCardShippingAndBillingControls : method executing</Message>
          <Message>[5/15/2018 3:06:13 AM]&lt;Info&gt;AllBrowserWindow : Locating browser window...</Message>
          <Message>[5/15/2018 3:06:24 AM]&lt;INFO&gt;ClickReviewOrder : method executing</Message>
          <Message>[5/15/2018 3:06:25 AM]&lt;INFO&gt;CheckoutCreditCardShippingAndBillingControls : method executing</Message>
          <Message>[5/15/2018 3:06:25 AM]&lt;Info&gt;AllBrowserWindow : Locating browser window...</Message>
          <Message>[5/15/2018 3:06:31 AM]&lt;Info&gt;AllBrowserWindow : Locating browser window...</Message>
          <Message>[5/15/2018 3:06:47 AM]&lt;INFO&gt;PlaceOrderCreditCard : method executing</Message>
          <Message>[5/15/2018 3:06:47 AM]&lt;INFO&gt;CheckoutCreditCardShippingAndBillingControls : method executing</Message>
          <Message>[5/15/2018 3:06:47 AM]&lt;Info&gt;AllBrowserWindow : Locating browser window...</Message>
          <Message>[5/15/2018 3:06:58 AM]&lt;INFO&gt;KeyboardSendKeys method executing...</Message>
          <Message>[5/15/2018 3:08:38 AM]&lt;Info&gt;AllBrowserWindow : Locating browser window...</Message>
          <Message>[5/15/2018 3:08:51 AM]&lt;INFO&gt;OrderConfirmation : method executing</Message>
          <Message>[5/15/2018 3:08:51 AM]&lt;INFO&gt;OrderConfirmationUIControls : method executing</Message>
          <Message>[5/15/2018 3:08:51 AM]&lt;Info&gt;AllBrowserWindow : Locating browser window...</Message>
          <Message>[5/15/2018 3:08:54 AM]&lt;INFO&gt;SurveyWindow : method executing ...</Message>
          <Message>[5/15/2018 3:09:04 AM]&lt;PASS&gt;&lt;OrderConfirmation&gt;&lt; Validates Order Number ''True'' is generated successfully&gt;</Message>
          <Message>[5/15/2018 3:09:04 AM]&lt;INFO&gt;SingleProductOrderAmountValidation : method executing</Message>
          <Message>[5/15/2018 3:09:04 AM]&lt;INFO&gt;OrderConfirmationUIControls : method executing</Message>
          <Message>[5/15/2018 3:09:04 AM]&lt;Info&gt;AllBrowserWindow : Locating browser window...</Message>
          <Message>[5/15/2018 3:09:08 AM]&lt;INFO&gt;SingleProductOrderAmountValidation : method executing</Message>
          <Message>[5/15/2018 3:09:08 AM]&lt;PASS&gt;&lt;SingleProductOrderAmountValidation&gt;&lt; Validates expected authorization amount: '42.98000' is equals actual authorization amount: '42.98000'&gt;</Message>
          <Message>[5/15/2018 3:09:08 AM]&lt;INFO&gt;DeletOrderItem : method executing</Message>
          <Message>[5/15/2018 3:09:08 AM]&lt;INFO&gt;DeletOrderItem : method executing</Message>
          <Message>[5/15/2018 3:09:08 AM]&lt;INFO&gt;DeletOrderItem : method executing</Message>
          <Message>[5/15/2018 3:09:08 AM]&lt;INFO&gt;DeletOrderItem : method executing</Message>
          <Message>[5/15/2018 3:09:09 AM]&lt;RESULT&gt;Test Ended:#PASS=4, #FAIL=0</Message>
          <Message>[5/15/2018 3:09:10 AM]&lt;INFO&gt;LogCPUAndMemoryUsage: Available Memory = 23996(MB), CPU Usage = 17.40207%</Message>
          <Message>[5/15/2018 3:09:10 AM]&lt;INFO&gt;Private Working Set for QTAgent32_40, usage=270328 (K)</Message>
          <Message>[5/15/2018 3:09:10 AM]&lt;RESULT&gt;&lt;CreditCardCheckoutPuertoRicoVirginIslandsAddress&gt; Test PASSED</Message>
        </TextMessages>
      </Output>
      <ResultFiles>
        <ResultFile path="CMP01-INDIASQA.horizonhobby.com\CheckoutCreditCard_025629.xml" />
        <ResultFile path="CMP01-INDIASQA.horizonhobby.com\CreditCardCheckoutPuertoRicoVirginIslandsAddress_20180515025629.log" />
        <ResultFile path="CMP01-INDIASQA.horizonhobby.com\CreditCardCheckoutPuertoRicoVirginIslandsAddress_ResultsONLY_20180515025629.log" />
        <ResultFile path="CMP01-INDIASQA.horizonhobby.com\SharedCommonConfig.xml" />
      </ResultFiles>
    </UnitTestResult>
    <UnitTestResult executionId="c2451d4a-22f2-4791-b044-7b62413a5f2e" testId="33076d14-57a0-b796-95c6-3fe741efa6e1" testName="CreditCardCheckoutPOboxesAddress" computerName="CMP01-INDIASQA" duration="00:05:50.8324562" startTime="2018-05-15T03:09:12.2023948-05:00" endTime="2018-05-15T03:15:03.0663948-05:00" testType="13cdc9d9-ddb5-4fa4-a97d-d965ccfc6d4b" outcome="Passed" testListId="8c84fa94-04c1-424b-9868-57a2d4851a1d" relativeResultsDirectory="c2451d4a-22f2-4791-b044-7b62413a5f2e">
      <Output>
        <StdOut>Logging to custom path:\\CMP01-YKumar\AutoLog</StdOut>
        <TextMessages>
          <Message>[5/15/2018 3:09:12 AM]&lt;STARTLOG&gt;&lt;CreditCardCheckoutPOboxesAddress&gt;Test Started: Expecting: #PASS=Undefined and #FAIL=0
Running from MTM=True, running on machine name:CMP01-INDIASQA, user name=ykumar, OS=Microsoft Windows NT 6.1.7601 Service Pack 1, Is64BitOS=True</Message>
          <Message>[5/15/2018 3:09:13 AM]&lt;INFO&gt;LogCPUAndMemoryUsage: Available Memory = 24005(MB), CPU Usage = 18.33116%</Message>
          <Message>[5/15/2018 3:09:13 AM]&lt;INFO&gt;Private Working Set for QTAgent32_40, usage=270552 (K)</Message>
          <Message>[5/15/2018 3:09:13 AM]&lt;INFO&gt;Path To TestConfig xml=E:\LoadTestResult\VSEQT\QTAgent\26973\CMP01-INDIASQA.horizonhobby.com\Deployment\SharedCommonConfig.xml</Message>
          <Message>[5/15/2018 3:09:13 AM]&lt;INFO&gt;Path To TestData xml=E:\LoadTestResult\VSEQT\QTAgent\26973\CMP01-INDIASQA.horizonhobby.com\Deployment\CheckoutCreditCard_030912.xml</Message>
          <Message>[5/15/2018 3:09:13 AM]&lt;INFO&gt;Path To HorizonHobbyQA Application Url=https://www-tst.horizonhobby.com</Message>
          <Message>[5/15/2018 3:09:13 AM]&lt;INFO&gt;HorizonHobbyQA sql connection string=Server=cmp02-ws-tst-db01:50000;Database=TST01DB;UID=wcdbuser;PWD=h0r1z0n;Connect Timeout=30</Message>
          <Message>[5/15/2018 3:09:13 AM]&lt;INFO&gt;Country is := US and language id is := '-1'</Message>
          <Message>[5/15/2018 3:09:13 AM]&lt;INFO&gt;Current browser used for test execution is = 'IE'</Message>
          <Message>[5/15/2018 3:09:20 AM]&lt;INFO&gt;SearchProductexecuting ... Searching term:= 'EXL16006'</Message>
          <Message>[5/15/2018 3:09:26 AM]&lt;INFO&gt;SurveyWindow : method executing ...</Message>
          <Message>[5/15/2018 3:09:45 AM]&lt;Info&gt;AllBrowserWindow : Locating browser window...</Message>
          <Message>[5/15/2018 3:09:45 AM]&lt;INFO&gt;BackOrderClickexecuting ...</Message>
          <Message>[5/15/2018 3:09:45 AM]&lt;INFO&gt;GoToCartClickexecuting ...</Message>
          <Message>[5/15/2018 3:09:51 AM]&lt;INFO&gt;CheckoutProcessStartShoppingCart : method executing</Message>
          <Message>[5/15/2018 3:09:51 AM]&lt;Info&gt;AllBrowserWindow : Locating browser window...</Message>
          <Message>[5/15/2018 3:10:01 AM]&lt;INFO&gt;CheckoutShoppingCartControls : method executing</Message>
          <Message>[5/15/2018 3:10:01 AM]&lt;Info&gt;AllBrowserWindow : Locating browser window...</Message>
          <Message>[5/15/2018 3:10:15 AM]&lt;Info&gt;AllBrowserWindow : Locating browser window...</Message>
          <Message>[5/15/2018 3:10:24 AM]&lt;Info&gt;AllBrowserWindow : Locating browser window...</Message>
          <Message>[5/15/2018 3:10:30 AM]&lt;INFO&gt;FillBillingAndShippingAddressexecuting ...</Message>
          <Message>[5/15/2018 3:10:30 AM]&lt;Info&gt;AllBrowserWindow : Locating browser window...</Message>
          <Message>[5/15/2018 3:10:32 AM]&lt;INFO&gt;SelectBillingCountryexecuting ...</Message>
          <Message>[5/15/2018 3:10:39 AM]&lt;INFO&gt;SelectBillingStateexecuting ...</Message>
          <Message>[5/15/2018 3:11:02 AM]&lt;INFO&gt;GetShippingMethodRadioButtonControl : method executing</Message>
          <Message>[5/15/2018 3:11:02 AM]&lt;Info&gt;AllBrowserWindow : Locating browser window...</Message>
          <Message>[5/15/2018 3:11:09 AM]&lt;INFO&gt;ShippingMethodSelection : method executing</Message>
          <Message>[5/15/2018 3:11:09 AM]&lt;Info&gt;AllBrowserWindow : Locating browser window...</Message>
          <Message>[5/15/2018 3:11:14 AM]&lt;INFO&gt;GetAllShippingOptions : is executing ...</Message>
          <Message>[5/15/2018 3:11:14 AM]&lt;Info&gt;AllBrowserWindow : Locating browser window...</Message>
          <Message>[5/15/2018 3:11:16 AM]&lt;INFO&gt;SelectCheckoutPaymentRadiobutton : method executing</Message>
          <Message>[5/15/2018 3:11:16 AM]&lt;INFO&gt;CheckoutCreditCardShippingAndBillingControls : method executing</Message>
          <Message>[5/15/2018 3:11:16 AM]&lt;Info&gt;AllBrowserWindow : Locating browser window...</Message>
          <Message>[5/15/2018 3:11:27 AM]&lt;INFO&gt;FillCreditCardDetails : method executing</Message>
          <Message>[5/15/2018 3:11:27 AM]&lt;INFO&gt;CheckoutCreditCardShippingAndBillingControls : method executing</Message>
          <Message>[5/15/2018 3:11:27 AM]&lt;Info&gt;AllBrowserWindow : Locating browser window...</Message>
          <Message>[5/15/2018 3:11:35 AM]&lt;INFO&gt;ClickReviewOrder : method executing</Message>
          <Message>[5/15/2018 3:11:35 AM]&lt;INFO&gt;CheckoutCreditCardShippingAndBillingControls : method executing</Message>
          <Message>[5/15/2018 3:11:35 AM]&lt;Info&gt;AllBrowserWindow : Locating browser window...</Message>
          <Message>[5/15/2018 3:11:40 AM]&lt;Info&gt;AllBrowserWindow : Locating browser window...</Message>
          <Message>[5/15/2018 3:11:48 AM]&lt;INFO&gt;PlaceOrderCreditCard : method executing</Message>
          <Message>[5/15/2018 3:11:48 AM]&lt;INFO&gt;CheckoutCreditCardShippingAndBillingControls : method executing</Message>
          <Message>[5/15/2018 3:11:48 AM]&lt;Info&gt;AllBrowserWindow : Locating browser window...</Message>
          <Message>[5/15/2018 3:11:57 AM]&lt;INFO&gt;KeyboardSendKeys method executing...</Message>
          <Message>[5/15/2018 3:13:37 AM]&lt;Info&gt;AllBrowserWindow : Locating browser window...</Message>
          <Message>[5/15/2018 3:13:45 AM]&lt;INFO&gt;OrderConfirmation : method executing</Message>
          <Message>[5/15/2018 3:13:45 AM]&lt;INFO&gt;OrderConfirmationUIControls : method executing</Message>
          <Message>[5/15/2018 3:13:45 AM]&lt;Info&gt;AllBrowserWindow : Locating browser window...</Message>
          <Message>[5/15/2018 3:13:46 AM]&lt;INFO&gt;SurveyWindow : method executing ...</Message>
          <Message>[5/15/2018 3:13:54 AM]&lt;PASS&gt;&lt;OrderConfirmation&gt;&lt; Validates Order Number ''True'' is generated successfully&gt;</Message>
          <Message>[5/15/2018 3:13:54 AM]&lt;INFO&gt;SingleProductOrderAmountValidation : method executing</Message>
          <Message>[5/15/2018 3:13:54 AM]&lt;INFO&gt;OrderConfirmationUIControls : method executing</Message>
          <Message>[5/15/2018 3:13:54 AM]&lt;Info&gt;AllBrowserWindow : Locating browser window...</Message>
          <Message>[5/15/2018 3:13:55 AM]&lt;INFO&gt;SingleProductOrderAmountValidation : method executing</Message>
          <Message>[5/15/2018 3:13:55 AM]&lt;PASS&gt;&lt;SingleProductOrderAmountValidation&gt;&lt; Validates expected authorization amount: '11.05000' is equals actual authorization amount: '11.05000'&gt;</Message>
          <Message>[5/15/2018 3:13:55 AM]&lt;Info&gt;AllBrowserWindow : Locating browser window...</Message>
          <Message>[5/15/2018 3:14:02 AM]&lt;INFO&gt;System.Data.DataTable GetProductConditional(ProductStockStatusType, PriceCondition, System.String, System.String, System.String, System.String, System.String, System.String, Boolean) : No record found for price condition - 'PriceRange-&gt; 300-500' ; and stock condition - 'InStock'</Message>
          <Message>[5/15/2018 3:14:02 AM]&lt;INFO&gt;SearchProductexecuting ... Searching term:= 'ALC101'</Message>
          <Message>[5/15/2018 3:14:09 AM]&lt;Info&gt;AllBrowserWindow : Locating browser window...</Message>
          <Message>[5/15/2018 3:14:09 AM]&lt;INFO&gt;BackOrderClickexecuting ...</Message>
          <Message>[5/15/2018 3:14:10 AM]&lt;INFO&gt;GoToCartClickexecuting ...</Message>
          <Message>[5/15/2018 3:14:16 AM]&lt;INFO&gt;CheckoutProcessStartShoppingCart : method executing</Message>
          <Message>[5/15/2018 3:14:16 AM]&lt;Info&gt;AllBrowserWindow : Locating browser window...</Message>
          <Message>[5/15/2018 3:14:26 AM]&lt;INFO&gt;CheckoutShoppingCartControls : method executing</Message>
          <Message>[5/15/2018 3:14:26 AM]&lt;Info&gt;AllBrowserWindow : Locating browser window...</Message>
          <Message>[5/15/2018 3:14:42 AM]&lt;Info&gt;AllBrowserWindow : Locating browser window...</Message>
          <Message>[5/15/2018 3:14:59 AM]&lt;PASS&gt;&lt;CreditCardCheckoutPOboxesAddress&gt;&lt;Validate No Shipping Method available when Amount is greater than $250 (for PO BOX Address)&gt;</Message>
          <Message>[5/15/2018 3:14:59 AM]&lt;INFO&gt;DeletOrderItem : method executing</Message>
          <Message>[5/15/2018 3:14:59 AM]&lt;INFO&gt;DeletOrderItem : method executing</Message>
          <Message>[5/15/2018 3:14:59 AM]&lt;RESULT&gt;Test Ended:#PASS=3, #FAIL=0</Message>
          <Message>[5/15/2018 3:15:00 AM]&lt;INFO&gt;LogCPUAndMemoryUsage: Available Memory = 23485(MB), CPU Usage = 2.10937%</Message>
          <Message>[5/15/2018 3:15:00 AM]&lt;INFO&gt;Private Working Set for QTAgent32_40, usage=266144 (K)</Message>
          <Message>[5/15/2018 3:15:00 AM]&lt;RESULT&gt;&lt;CreditCardCheckoutPOboxesAddress&gt; Test PASSED</Message>
        </TextMessages>
      </Output>
      <ResultFiles>
        <ResultFile path="CMP01-INDIASQA.horizonhobby.com\CheckoutCreditCard_030912.xml" />
        <ResultFile path="CMP01-INDIASQA.horizonhobby.com\CreditCardCheckoutPOboxesAddress_20180515030912.log" />
        <ResultFile path="CMP01-INDIASQA.horizonhobby.com\CreditCardCheckoutPOboxesAddress_ResultsONLY_20180515030912.log" />
        <ResultFile path="CMP01-INDIASQA.horizonhobby.com\SharedCommonConfig.xml" />
      </ResultFiles>
    </UnitTestResult>
    <UnitTestResult executionId="647f1e1e-2a9d-4679-9d12-5dd7edad6edf" testId="d0323589-1247-fba8-02e1-edcdaa59d87c" testName="CreditCardCheckoutAPOFPOAddress" computerName="CMP01-INDIASQA" duration="00:11:28.0915332" startTime="2018-05-15T03:15:03.0673948-05:00" endTime="2018-05-15T03:26:31.2333948-05:00" testType="13cdc9d9-ddb5-4fa4-a97d-d965ccfc6d4b" outcome="Failed" testListId="8c84fa94-04c1-424b-9868-57a2d4851a1d" relativeResultsDirectory="647f1e1e-2a9d-4679-9d12-5dd7edad6edf">
      <Output>
        <StdOut>Logging to custom path:\\CMP01-YKumar\AutoLog</StdOut>
        <ErrorInfo>
          <Message>Assert.Fail failed. 
#Other errors=8
[Error details below]</Message>
          <StackTrace>   at TestAuto.LoggingAndSharedGenericMethods.EndTest() in c:\Builds\1\WebSphere\QATestAutomation\src\CodedUITest\SourceCode\Common\Logging\Logging.cs:line 1628
   at TestAuto.CheckoutCreditCard.TestCleanup() in c:\Builds\1\WebSphere\QATestAutomation\src\CodedUITest\SourceCode\HHobby\Checkout\CheckoutCreditCard.cs:line 4170
</StackTrace>
        </ErrorInfo>
        <TextMessages>
          <Message>[5/15/2018 3:15:03 AM]&lt;STARTLOG&gt;&lt;CreditCardCheckoutAPOFPOAddress&gt;Test Started: Expecting: #PASS=Undefined and #FAIL=0
Running from MTM=True, running on machine name:CMP01-INDIASQA, user name=ykumar, OS=Microsoft Windows NT 6.1.7601 Service Pack 1, Is64BitOS=True</Message>
          <Message>[5/15/2018 3:15:04 AM]&lt;INFO&gt;LogCPUAndMemoryUsage: Available Memory = 23520(MB), CPU Usage = 19.35013%</Message>
          <Message>[5/15/2018 3:15:04 AM]&lt;INFO&gt;Private Working Set for QTAgent32_40, usage=266328 (K)</Message>
          <Message>[5/15/2018 3:15:04 AM]&lt;INFO&gt;Path To TestConfig xml=E:\LoadTestResult\VSEQT\QTAgent\26973\CMP01-INDIASQA.horizonhobby.com\Deployment\SharedCommonConfig.xml</Message>
          <Message>[5/15/2018 3:15:04 AM]&lt;INFO&gt;Path To TestData xml=E:\LoadTestResult\VSEQT\QTAgent\26973\CMP01-INDIASQA.horizonhobby.com\Deployment\CheckoutCreditCard_031503.xml</Message>
          <Message>[5/15/2018 3:15:04 AM]&lt;INFO&gt;Path To HorizonHobbyQA Application Url=https://www-tst.horizonhobby.com</Message>
          <Message>[5/15/2018 3:15:04 AM]&lt;INFO&gt;HorizonHobbyQA sql connection string=Server=cmp02-ws-tst-db01:50000;Database=TST01DB;UID=wcdbuser;PWD=h0r1z0n;Connect Timeout=30</Message>
          <Message>[5/15/2018 3:15:04 AM]&lt;INFO&gt;Country is := US and language id is := '-1'</Message>
          <Message>[5/15/2018 3:15:04 AM]&lt;INFO&gt;Current browser used for test execution is = 'IE'</Message>
          <Message>[5/15/2018 3:15:12 AM]&lt;INFO&gt;SearchProductexecuting ... Searching term:= 'RPM80832'</Message>
          <Message>[5/15/2018 3:15:19 AM]&lt;INFO&gt;SurveyWindow : method executing ...</Message>
          <Message>[5/15/2018 3:15:38 AM]&lt;Info&gt;AllBrowserWindow : Locating browser window...</Message>
          <Message>[5/15/2018 3:15:38 AM]&lt;INFO&gt;BackOrderClickexecuting ...</Message>
          <Message>[5/15/2018 3:15:38 AM]&lt;INFO&gt;GoToCartClickexecuting ...</Message>
          <Message>[5/15/2018 3:15:44 AM]&lt;INFO&gt;CheckoutProcessStartShoppingCart : method executing</Message>
          <Message>[5/15/2018 3:15:44 AM]&lt;Info&gt;AllBrowserWindow : Locating browser window...</Message>
          <Message>[5/15/2018 3:15:54 AM]&lt;INFO&gt;CheckoutShoppingCartControls : method executing</Message>
          <Message>[5/15/2018 3:15:54 AM]&lt;Info&gt;AllBrowserWindow : Locating browser window...</Message>
          <Message>[5/15/2018 3:16:09 AM]&lt;Info&gt;AllBrowserWindow : Locating browser window...</Message>
          <Message>[5/15/2018 3:16:18 AM]&lt;Info&gt;AllBrowserWindow : Locating browser window...</Message>
          <Message>[5/15/2018 3:16:24 AM]&lt;INFO&gt;FillBillingAndShippingAddressexecuting ...</Message>
          <Message>[5/15/2018 3:16:24 AM]&lt;Info&gt;AllBrowserWindow : Locating browser window...</Message>
          <Message>[5/15/2018 3:16:26 AM]&lt;INFO&gt;SelectBillingCountryexecuting ...</Message>
          <Message>[5/15/2018 3:16:32 AM]&lt;INFO&gt;SelectBillingStateexecuting ...</Message>
          <Message>[5/15/2018 3:16:56 AM]&lt;INFO&gt;GetShippingMethodRadioButtonControl : method executing</Message>
          <Message>[5/15/2018 3:16:56 AM]&lt;Info&gt;AllBrowserWindow : Locating browser window...</Message>
          <Message>[5/15/2018 3:17:04 AM]&lt;INFO&gt;ShippingMethodSelection : method executing</Message>
          <Message>[5/15/2018 3:17:04 AM]&lt;Info&gt;AllBrowserWindow : Locating browser window...</Message>
          <Message>[5/15/2018 3:17:09 AM]&lt;INFO&gt;GetAllShippingOptions : is executing ...</Message>
          <Message>[5/15/2018 3:17:09 AM]&lt;Info&gt;AllBrowserWindow : Locating browser window...</Message>
          <Message>[5/15/2018 3:17:11 AM]&lt;INFO&gt;SelectCheckoutPaymentRadiobutton : method executing</Message>
          <Message>[5/15/2018 3:17:11 AM]&lt;INFO&gt;CheckoutCreditCardShippingAndBillingControls : method executing</Message>
          <Message>[5/15/2018 3:17:11 AM]&lt;Info&gt;AllBrowserWindow : Locating browser window...</Message>
          <Message>[5/15/2018 3:17:21 AM]&lt;INFO&gt;FillCreditCardDetails : method executing</Message>
          <Message>[5/15/2018 3:17:21 AM]&lt;INFO&gt;CheckoutCreditCardShippingAndBillingControls : method executing</Message>
          <Message>[5/15/2018 3:17:21 AM]&lt;Info&gt;AllBrowserWindow : Locating browser window...</Message>
          <Message>[5/15/2018 3:17:31 AM]&lt;INFO&gt;ClickReviewOrder : method executing</Message>
          <Message>[5/15/2018 3:17:31 AM]&lt;INFO&gt;CheckoutCreditCardShippingAndBillingControls : method executing</Message>
          <Message>[5/15/2018 3:17:31 AM]&lt;Info&gt;AllBrowserWindow : Locating browser window...</Message>
          <Message>[5/15/2018 3:17:36 AM]&lt;Info&gt;AllBrowserWindow : Locating browser window...</Message>
          <Message>[5/15/2018 3:17:43 AM]&lt;INFO&gt;PlaceOrderCreditCard : method executing</Message>
          <Message>[5/15/2018 3:17:43 AM]&lt;INFO&gt;CheckoutCreditCardShippingAndBillingControls : method executing</Message>
          <Message>[5/15/2018 3:17:43 AM]&lt;Info&gt;AllBrowserWindow : Locating browser window...</Message>
          <Message>[5/15/2018 3:17:52 AM]&lt;INFO&gt;KeyboardSendKeys method executing...</Message>
          <Message>[5/15/2018 3:19:32 AM]&lt;Info&gt;AllBrowserWindow : Locating browser window...</Message>
          <Message>[5/15/2018 3:19:48 AM]&lt;INFO&gt;OrderConfirmation : method executing</Message>
          <Message>[5/15/2018 3:19:48 AM]&lt;INFO&gt;OrderConfirmationUIControls : method executing</Message>
          <Message>[5/15/2018 3:19:48 AM]&lt;Info&gt;AllBrowserWindow : Locating browser window...</Message>
          <Message>[5/15/2018 3:19:52 AM]&lt;INFO&gt;SurveyWindow : method executing ...</Message>
          <Message>[5/15/2018 3:20:00 AM]&lt;PASS&gt;&lt;OrderConfirmation&gt;&lt; Validates Order Number ''True'' is generated successfully&gt;</Message>
          <Message>[5/15/2018 3:20:10 AM]&lt;INFO&gt;SingleProductOrderAmountValidation : method executing</Message>
          <Message>[5/15/2018 3:20:10 AM]&lt;INFO&gt;OrderConfirmationUIControls : method executing</Message>
          <Message>[5/15/2018 3:20:11 AM]&lt;Info&gt;AllBrowserWindow : Locating browser window...</Message>
          <Message>[5/15/2018 3:20:14 AM]&lt;INFO&gt;SingleProductOrderAmountValidation : method executing</Message>
          <Message>[5/15/2018 3:20:14 AM]&lt;PASS&gt;&lt;SingleProductOrderAmountValidation&gt;&lt; Validates expected authorization amount: '8.95000' is equals actual authorization amount: '8.95000'&gt;</Message>
          <Message>[5/15/2018 3:20:14 AM]&lt;Info&gt;AllBrowserWindow : Locating browser window...</Message>
          <Message>[5/15/2018 3:20:21 AM]&lt;INFO&gt;SearchProductexecuting ... Searching term:= 'TUP803'</Message>
          <Message>[5/15/2018 3:20:28 AM]&lt;INFO&gt;SurveyWindow : method executing ...</Message>
          <Message>[5/15/2018 3:20:48 AM]&lt;Info&gt;AllBrowserWindow : Locating browser window...</Message>
          <Message>[5/15/2018 3:20:48 AM]&lt;INFO&gt;BackOrderClickexecuting ...</Message>
          <Message>[5/15/2018 3:20:48 AM]&lt;INFO&gt;GoToCartClickexecuting ...</Message>
          <Message>[5/15/2018 3:20:54 AM]&lt;INFO&gt;CheckoutProcessStartShoppingCart : method executing</Message>
          <Message>[5/15/2018 3:20:54 AM]&lt;Info&gt;AllBrowserWindow : Locating browser window...</Message>
          <Message>[5/15/2018 3:21:03 AM]&lt;INFO&gt;CheckoutShoppingCartControls : method executing</Message>
          <Message>[5/15/2018 3:21:03 AM]&lt;Info&gt;AllBrowserWindow : Locating browser window...</Message>
          <Message>[5/15/2018 3:21:19 AM]&lt;Info&gt;AllBrowserWindow : Locating browser window...</Message>
          <Message>[5/15/2018 3:21:28 AM]&lt;Info&gt;AllBrowserWindow : Locating browser window...</Message>
          <Message>[5/15/2018 3:21:32 AM]&lt;INFO&gt;FillShippingAddressEditexecuting ...</Message>
          <Message>[5/15/2018 3:21:32 AM]&lt;Info&gt;AllBrowserWindow : Locating browser window...</Message>
          <Message>[5/15/2018 3:21:48 AM]&lt;INFO&gt;CheckoutProcessStartShoppingCart : method executing</Message>
          <Message>[5/15/2018 3:21:48 AM]&lt;Info&gt;AllBrowserWindow : Locating browser window...</Message>
          <Message>[5/15/2018 3:22:00 AM]&lt;INFO&gt;CheckoutShoppingCartControls : method executing</Message>
          <Message>[5/15/2018 3:22:00 AM]&lt;Info&gt;AllBrowserWindow : Locating browser window...</Message>
          <Message>[5/15/2018 3:22:17 AM]&lt;INFO&gt;GetShippingMethodRadioButtonControl : method executing</Message>
          <Message>[5/15/2018 3:22:17 AM]&lt;Info&gt;AllBrowserWindow : Locating browser window...</Message>
          <Message>[5/15/2018 3:22:22 AM]&lt;INFO&gt;ShippingMethodSelection : method executing</Message>
          <Message>[5/15/2018 3:22:22 AM]&lt;Info&gt;AllBrowserWindow : Locating browser window...</Message>
          <Message>[5/15/2018 3:22:27 AM]&lt;INFO&gt;GetAllShippingOptions : is executing ...</Message>
          <Message>[5/15/2018 3:22:27 AM]&lt;Info&gt;AllBrowserWindow : Locating browser window...</Message>
          <Message>[5/15/2018 3:22:28 AM]&lt;INFO&gt;Shipping method to select - 'USPS' - from available shipping methods :</Message>
          <Message>Assert.Fail failed. [5/15/2018 3:22:29 AM]&lt;ERROR&gt;ShippingMethodSelection : failed executing ...Index was out of range. Must be non-negative and less than the size of the collection.
Parameter name: index, 
    StackTrace:
    ShippingMethodSelection(),SharedCheckoutCreditCard.cs,Line Number:408
    CheckoutCommonWorkflowGuestUser(),SharedCheckoutCreditCard.cs,Line Number:1152
    CreditCardCheckoutAPOFPOAddress(),CheckoutCreditCard.cs,Line Number:1047</Message>
          <Message>[5/15/2018 3:22:29 AM]&lt;CaptureImage&gt;\\CMP01-YKumar\AutoLog\CMP01-INDIASQA\CreditCardCheckoutAPOFPOAddress_20180515032229.png</Message>
          <Message>[5/15/2018 3:22:29 AM]&lt;INFO&gt;SelectCheckoutPaymentRadiobutton : method executing</Message>
          <Message>[5/15/2018 3:22:29 AM]&lt;INFO&gt;CheckoutCreditCardShippingAndBillingControls : method executing</Message>
          <Message>[5/15/2018 3:22:29 AM]&lt;Info&gt;AllBrowserWindow : Locating browser window...</Message>
          <Message>[5/15/2018 3:22:39 AM]&lt;INFO&gt;FillCreditCardDetails : method executing</Message>
          <Message>[5/15/2018 3:22:39 AM]&lt;INFO&gt;CheckoutCreditCardShippingAndBillingControls : method executing</Message>
          <Message>[5/15/2018 3:22:39 AM]&lt;Info&gt;AllBrowserWindow : Locating browser window...</Message>
          <Message>[5/15/2018 3:22:51 AM]&lt;INFO&gt;ClickReviewOrder : method executing</Message>
          <Message>[5/15/2018 3:22:51 AM]&lt;INFO&gt;CheckoutCreditCardShippingAndBillingControls : method executing</Message>
          <Message>[5/15/2018 3:22:51 AM]&lt;Info&gt;AllBrowserWindow : Locating browser window...</Message>
          <Message>Assert.Fail failed. [5/15/2018 3:22:58 AM]&lt;ERROR&gt;ClickReviewOrder : failed executing ...Cannot perform 'Click' on the hidden control. Additional Details: 
TechnologyName:  'Web'
ControlType:  'Hyperlink'
TagName:  'A'
Id:  'shippingBillingPageNextPrepareCall'
Name:  ''
Target:  ''
InnerText:  'Review Order'
, 
    StackTrace:
    ClickReviewOrder(),SharedCheckoutCreditCard.cs,Line Number:605
    CheckoutCommonWorkflowGuestUser(),SharedCheckoutCreditCard.cs,Line Number:1160
    CreditCardCheckoutAPOFPOAddress(),CheckoutCreditCard.cs,Line Number:1047</Message>
          <Message>[5/15/2018 3:22:58 AM]&lt;CaptureImage&gt;\\CMP01-YKumar\AutoLog\CMP01-INDIASQA\CreditCardCheckoutAPOFPOAddress_20180515032258.png</Message>
          <Message>[5/15/2018 3:22:58 AM]&lt;INFO&gt;PlaceOrderCreditCard : method executing</Message>
          <Message>[5/15/2018 3:22:58 AM]&lt;INFO&gt;CheckoutCreditCardShippingAndBillingControls : method executing</Message>
          <Message>[5/15/2018 3:22:58 AM]&lt;Info&gt;AllBrowserWindow : Locating browser window...</Message>
          <Message>[5/15/2018 3:23:08 AM]&lt;INFO&gt;KeyboardSendKeys method executing...</Message>
          <Message>Assert.Fail failed. [5/15/2018 3:23:10 AM]&lt;ERROR&gt;PlaceOrderCreditCard : failed executing ...Cannot perform 'Click' on the hidden control. Additional Details: 
TechnologyName:  'Web'
ControlType:  'Button'
TagName:  'INPUT'
Id:  'submitCS'
Name:  ''
DisplayText:  ' Place Order'
Type:  'submit'
, 
    StackTrace:
    PlaceOrderCreditCard(),SharedCheckoutCreditCard.cs,Line Number:758
    PlaceOrder(),SharedCheckoutCreditCard.cs,Line Number:630
    PlaceOrder(),SharedCheckoutCreditCard.cs,Line Number:615
    CheckoutCommonWorkflowGuestUser(),SharedCheckoutCreditCard.cs,Line Number:1163
    CreditCardCheckoutAPOFPOAddress(),CheckoutCreditCard.cs,Line Number:1047</Message>
          <Message>[5/15/2018 3:23:10 AM]&lt;CaptureImage&gt;\\CMP01-YKumar\AutoLog\CMP01-INDIASQA\CreditCardCheckoutAPOFPOAddress_20180515032310.png</Message>
          <Message>[5/15/2018 3:23:10 AM]&lt;Info&gt;AllBrowserWindow : Locating browser window...</Message>
          <Message>[5/15/2018 3:23:56 AM]&lt;INFO&gt;OrderConfirmation : method executing</Message>
          <Message>[5/15/2018 3:23:56 AM]&lt;INFO&gt;OrderConfirmationUIControls : method executing</Message>
          <Message>[5/15/2018 3:23:56 AM]&lt;Info&gt;AllBrowserWindow : Locating browser window...</Message>
          <Message>[5/15/2018 3:24:29 AM]&lt;INFO&gt;SurveyWindow : method executing ...</Message>
          <Message>Assert.Fail failed. [5/15/2018 3:25:39 AM]&lt;ERROR&gt;OrderConfirmation : failed executing ...The playback failed to find the control with the given search properties. Additional Details: 
TechnologyName:  'Web'
ControlType:  'Pane'
TagName:  'SPAN'
Class:  'cart_orderConfirm_ordNumValue'
 Failed to find any control that matched the search condition ControlType='Pane' &amp;&amp; Class='cart_orderConfirm_ordNumValue', 
    StackTrace:
    OrderConfirmation(),SharedOrderedItems.cs,Line Number:69
    CreditCardCheckoutAPOFPOAddress(),CheckoutCreditCard.cs,Line Number:1051</Message>
          <Message>[5/15/2018 3:25:39 AM]&lt;CaptureImage&gt;\\CMP01-YKumar\AutoLog\CMP01-INDIASQA\CreditCardCheckoutAPOFPOAddress_20180515032539.png</Message>
          <Message>[5/15/2018 3:25:50 AM]&lt;INFO&gt;SingleProductOrderAmountValidation : method executing</Message>
          <Message>[5/15/2018 3:25:50 AM]&lt;INFO&gt;OrderConfirmationUIControls : method executing</Message>
          <Message>[5/15/2018 3:25:50 AM]&lt;Info&gt;AllBrowserWindow : Locating browser window...</Message>
          <Message>Assert.Fail failed. [5/15/2018 3:26:27 AM]&lt;ERROR&gt;SingleProductOrderAmountValidation : failed executing ...The playback failed to find the control with the given search properties. Additional Details: 
TechnologyName:  'Web'
ControlType:  'Pane'
TagName:  'SPAN'
Class:  'cart_orderConfirm_ordNumValue'
 Failed to find any control that matched the search condition ControlType='Pane' &amp;&amp; Class='cart_orderConfirm_ordNumValue', 
    StackTrace:
    SingleProductOrderAmountValidation(),SharedOrderedItems.cs,Line Number:91
    CreditCardCheckoutAPOFPOAddress(),CheckoutCreditCard.cs,Line Number:1055</Message>
          <Message>[5/15/2018 3:26:27 AM]&lt;CaptureImage&gt;\\CMP01-YKumar\AutoLog\CMP01-INDIASQA\CreditCardCheckoutAPOFPOAddress_20180515032627.png</Message>
          <Message>[5/15/2018 3:26:27 AM]&lt;INFO&gt;DeletOrderItem : method executing</Message>
          <Message>[5/15/2018 3:26:27 AM]&lt;INFO&gt;DeletOrderItem : method executing</Message>
          <Message>[5/15/2018 3:26:27 AM]&lt;INFO&gt;DeletOrderItem : method executing</Message>
          <Message>[5/15/2018 3:26:27 AM]&lt;INFO&gt;DeletOrderItem : method executing</Message>
          <Message>Assert.Fail failed. [5/15/2018 3:26:27 AM]&lt;ERROR&gt;ExecuteSQL:Exception SQL=Delete from X_ORD_GIFTCARD WHERE ORDER_ID ='':IBM.Data.DB2.DB2Exception (0x80004005): ERROR [22018] [IBM][DB2/LINUXX8664] SQL0420N  Invalid character found in a character string argument of the function "DECFLOAT".
   at IBM.Data.DB2.DB2Connection.HandleError(IntPtr hHandle, SQL_HANDLE hType, RETCODE retcode)
   at IBM.Data.DB2.DB2Command.a(Boolean A_0)
   at IBM.Data.DB2.DB2Command.b()
   at IBM.Data.DB2.DB2Command.ExecuteNonQuery()
   at TestAuto.LoggingAndSharedGenericMethods.ExecuteDB2(String sql, String connectionString, Int32 commandTimeout) in c:\Builds\1\WebSphere\QATestAutomation\src\CodedUITest\SourceCode\Common\Logging\SharedMethods_Generic.cs:line 4323, 
    StackTrace:
    ExecuteDB2(),SharedMethods_Generic.cs,Line Number:4328
    DeletOrderItem(),SharedMethods_Database.cs,Line Number:1195
    DeletOrderItem(),SharedOrderedItems.cs,Line Number:176
    CreditCardCheckoutAPOFPOAddress(),CheckoutCreditCard.cs,Line Number:1057</Message>
          <Message>Assert.Fail failed. [5/15/2018 3:26:27 AM]&lt;ERROR&gt;ExecuteSQL:Exception SQL=Delete from X_GIFTCARD_TXN WHERE ORDER_ID ='':IBM.Data.DB2.DB2Exception (0x80004005): ERROR [22018] [IBM][DB2/LINUXX8664] SQL0420N  Invalid character found in a character string argument of the function "DECFLOAT".
   at IBM.Data.DB2.DB2Connection.HandleError(IntPtr hHandle, SQL_HANDLE hType, RETCODE retcode)
   at IBM.Data.DB2.DB2Command.a(Boolean A_0)
   at IBM.Data.DB2.DB2Command.b()
   at IBM.Data.DB2.DB2Command.ExecuteNonQuery()
   at TestAuto.LoggingAndSharedGenericMethods.ExecuteDB2(String sql, String connectionString, Int32 commandTimeout) in c:\Builds\1\WebSphere\QATestAutomation\src\CodedUITest\SourceCode\Common\Logging\SharedMethods_Generic.cs:line 4323, 
    StackTrace:
    ExecuteDB2(),SharedMethods_Generic.cs,Line Number:4328
    DeletOrderItem(),SharedMethods_Database.cs,Line Number:1198
    DeletOrderItem(),SharedOrderedItems.cs,Line Number:176
    CreditCardCheckoutAPOFPOAddress(),CheckoutCreditCard.cs,Line Number:1057</Message>
          <Message>Assert.Fail failed. [5/15/2018 3:26:27 AM]&lt;ERROR&gt;ExecuteSQL:Exception SQL=Delete from ORDERS WHERE ORDERS_ID ='' AND STOREENT_ID = 10151:IBM.Data.DB2.DB2Exception (0x80004005): ERROR [22018] [IBM][DB2/LINUXX8664] SQL0420N  Invalid character found in a character string argument of the function "DECFLOAT".
   at IBM.Data.DB2.DB2Connection.HandleError(IntPtr hHandle, SQL_HANDLE hType, RETCODE retcode)
   at IBM.Data.DB2.DB2Command.a(Boolean A_0)
   at IBM.Data.DB2.DB2Command.b()
   at IBM.Data.DB2.DB2Command.ExecuteNonQuery()
   at TestAuto.LoggingAndSharedGenericMethods.ExecuteDB2(String sql, String connectionString, Int32 commandTimeout) in c:\Builds\1\WebSphere\QATestAutomation\src\CodedUITest\SourceCode\Common\Logging\SharedMethods_Generic.cs:line 4323, 
    StackTrace:
    ExecuteDB2(),SharedMethods_Generic.cs,Line Number:4328
    DeletOrderItem(),SharedMethods_Database.cs,Line Number:1201
    DeletOrderItem(),SharedOrderedItems.cs,Line Number:176
    CreditCardCheckoutAPOFPOAddress(),CheckoutCreditCard.cs,Line Number:1057</Message>
          <Message>[5/15/2018 3:26:28 AM]&lt;RESULT&gt;Test Ended:#PASS=2, #FAIL=0,#Other errors=8</Message>
          <Message>[5/15/2018 3:26:29 AM]&lt;INFO&gt;LogCPUAndMemoryUsage: Available Memory = 24020(MB), CPU Usage = 3.96042%</Message>
          <Message>[5/15/2018 3:26:29 AM]&lt;INFO&gt;Private Working Set for QTAgent32_40, usage=269628 (K)</Message>
          <Message>[5/15/2018 3:26:29 AM]&lt;RESULT&gt;&lt;CreditCardCheckoutAPOFPOAddress&gt; Test FAILED: #Other errors=8. See Error Message/logs for further details.</Message>
        </TextMessages>
      </Output>
      <ResultFiles>
        <ResultFile path="CMP01-INDIASQA.horizonhobby.com\CheckoutCreditCard_031503.xml" />
        <ResultFile path="CMP01-INDIASQA.horizonhobby.com\CreditCardCheckoutAPOFPOAddress_20180515031503.log" />
        <ResultFile path="CMP01-INDIASQA.horizonhobby.com\CreditCardCheckoutAPOFPOAddress_20180515032229.png" />
        <ResultFile path="CMP01-INDIASQA.horizonhobby.com\CreditCardCheckoutAPOFPOAddress_20180515032258.png" />
        <ResultFile path="CMP01-INDIASQA.horizonhobby.com\CreditCardCheckoutAPOFPOAddress_20180515032310.png" />
        <ResultFile path="CMP01-INDIASQA.horizonhobby.com\CreditCardCheckoutAPOFPOAddress_20180515032539.png" />
        <ResultFile path="CMP01-INDIASQA.horizonhobby.com\CreditCardCheckoutAPOFPOAddress_20180515032627.png" />
        <ResultFile path="CMP01-INDIASQA.horizonhobby.com\CreditCardCheckoutAPOFPOAddress_ResultsONLY_20180515031503.log" />
        <ResultFile path="CMP01-INDIASQA.horizonhobby.com\SharedCommonConfig.xml" />
      </ResultFiles>
    </UnitTestResult>
    <UnitTestResult executionId="359fe93b-89d3-4264-bbfb-9d41d84940e7" testId="935bcd49-05e6-9bab-ed85-69d93082b9f8" testName="CreditCardCheckoutWithPromoCode" computerName="CMP01-INDIASQA" duration="00:04:46.0757318" startTime="2018-05-15T03:26:31.2353948-05:00" endTime="2018-05-15T03:31:17.3503948-05:00" testType="13cdc9d9-ddb5-4fa4-a97d-d965ccfc6d4b" outcome="Passed" testListId="8c84fa94-04c1-424b-9868-57a2d4851a1d" relativeResultsDirectory="359fe93b-89d3-4264-bbfb-9d41d84940e7">
      <Output>
        <StdOut>Logging to custom path:\\CMP01-YKumar\AutoLog</StdOut>
        <TextMessages>
          <Message>[5/15/2018 3:26:31 AM]&lt;STARTLOG&gt;&lt;CreditCardCheckoutWithPromoCode&gt;Test Started: Expecting: #PASS=Undefined and #FAIL=0
Running from MTM=True, running on machine name:CMP01-INDIASQA, user name=ykumar, OS=Microsoft Windows NT 6.1.7601 Service Pack 1, Is64BitOS=True</Message>
          <Message>[5/15/2018 3:26:32 AM]&lt;INFO&gt;LogCPUAndMemoryUsage: Available Memory = 24034(MB), CPU Usage = 16.92947%</Message>
          <Message>[5/15/2018 3:26:32 AM]&lt;INFO&gt;Private Working Set for QTAgent32_40, usage=269860 (K)</Message>
          <Message>[5/15/2018 3:26:32 AM]&lt;INFO&gt;Path To TestConfig xml=E:\LoadTestResult\VSEQT\QTAgent\26973\CMP01-INDIASQA.horizonhobby.com\Deployment\SharedCommonConfig.xml</Message>
          <Message>[5/15/2018 3:26:32 AM]&lt;INFO&gt;Path To TestData xml=E:\LoadTestResult\VSEQT\QTAgent\26973\CMP01-INDIASQA.horizonhobby.com\Deployment\CheckoutCreditCard_032631.xml</Message>
          <Message>[5/15/2018 3:26:32 AM]&lt;INFO&gt;Path To HorizonHobbyQA Application Url=https://www-tst.horizonhobby.com</Message>
          <Message>[5/15/2018 3:26:32 AM]&lt;INFO&gt;HorizonHobbyQA sql connection string=Server=cmp02-ws-tst-db01:50000;Database=TST01DB;UID=wcdbuser;PWD=h0r1z0n;Connect Timeout=30</Message>
          <Message>[5/15/2018 3:26:32 AM]&lt;INFO&gt;Country is := US and language id is := '-1'</Message>
          <Message>[5/15/2018 3:26:32 AM]&lt;INFO&gt;Current browser used for test execution is = 'IE'</Message>
          <Message>[5/15/2018 3:26:47 AM]&lt;Info&gt;AllBrowserWindow : Locating browser window...</Message>
          <Message>[5/15/2018 3:26:48 AM]&lt;INFO&gt;SurveyWindow : method executing ...</Message>
          <Message>[5/15/2018 3:26:55 AM]&lt;INFO&gt;ContinueOnCertificationErrorClickexecuting ...</Message>
          <Message>[5/15/2018 3:26:55 AM]&lt;Info&gt;DEAllBrowserWindow : Locating browser window...</Message>
          <Message>[5/15/2018 3:27:02 AM]&lt;INFO&gt;UserRegistration : method executing ...</Message>
          <Message>[5/15/2018 3:27:02 AM]&lt;Info&gt;AllBrowserWindow : Locating browser window...</Message>
          <Message>[5/15/2018 3:27:28 AM]&lt;Info&gt;AllBrowserWindow : Locating browser window...</Message>
          <Message>[5/15/2018 3:27:45 AM]&lt;Info&gt;AllBrowserWindow : Locating browser window...</Message>
          <Message>[5/15/2018 3:28:00 AM]&lt;INFO&gt;SearchProductexecuting ... Searching term:= 'TAM85004'</Message>
          <Message>[5/15/2018 3:28:06 AM]&lt;Info&gt;AllBrowserWindow : Locating browser window...</Message>
          <Message>[5/15/2018 3:28:07 AM]&lt;INFO&gt;BackOrderClickexecuting ...</Message>
          <Message>[5/15/2018 3:28:07 AM]&lt;INFO&gt;GoToCartClickexecuting ...</Message>
          <Message>[5/15/2018 3:28:14 AM]&lt;Info&gt;AllBrowserWindow : Locating browser window...</Message>
          <Message>[5/15/2018 3:28:24 AM]&lt;PASS&gt;&lt;CreditCardCheckoutWithPromoCode&gt;&lt;Promo Code Text Box appears&gt;</Message>
          <Message>[5/15/2018 3:28:24 AM]&lt;PASS&gt;&lt;CreditCardCheckoutWithPromoCode&gt;&lt;Apply Promo Code button appears&gt;</Message>
          <Message>[5/15/2018 3:28:24 AM]&lt;INFO&gt;CheckoutCreditCardShippingAndBillingControls : method executing</Message>
          <Message>[5/15/2018 3:28:24 AM]&lt;Info&gt;AllBrowserWindow : Locating browser window...</Message>
          <Message>[5/15/2018 3:28:40 AM]&lt;INFO&gt;GetOrderTotalAmount : is executing ...</Message>
          <Message>[5/15/2018 3:28:40 AM]&lt;INFO&gt;ApplyPromoCode : method executing ...  -funfrenz14</Message>
          <Message>[5/15/2018 3:28:40 AM]&lt;INFO&gt;SurveyWindow : method executing ...</Message>
          <Message>[5/15/2018 3:28:55 AM]&lt;INFO&gt;KeyboardSendKeys method executing...</Message>
          <Message>[5/15/2018 3:29:00 AM]&lt;INFO&gt;CheckoutCreditCardShippingAndBillingControls : method executing</Message>
          <Message>[5/15/2018 3:29:00 AM]&lt;Info&gt;AllBrowserWindow : Locating browser window...</Message>
          <Message>[5/15/2018 3:29:17 AM]&lt;PASS&gt;&lt;CreditCardCheckoutWithPromoCode&gt;&lt;Product Discount appears in Order Total Table &gt;</Message>
          <Message>[5/15/2018 3:29:17 AM]&lt;PASS&gt;&lt;CreditCardCheckoutWithPromoCode&gt;&lt;Order total after 10% discount is as expected &gt;</Message>
          <Message>[5/15/2018 3:29:17 AM]&lt;INFO&gt;CheckoutProcessStartShoppingCart : method executing</Message>
          <Message>[5/15/2018 3:29:17 AM]&lt;Info&gt;AllBrowserWindow : Locating browser window...</Message>
          <Message>[5/15/2018 3:29:24 AM]&lt;INFO&gt;CheckoutShoppingCartControls : method executing</Message>
          <Message>[5/15/2018 3:29:24 AM]&lt;Info&gt;AllBrowserWindow : Locating browser window...</Message>
          <Message>[5/15/2018 3:29:32 AM]&lt;INFO&gt;SelectCheckoutPaymentRadiobutton : method executing</Message>
          <Message>[5/15/2018 3:29:32 AM]&lt;INFO&gt;CheckoutCreditCardShippingAndBillingControls : method executing</Message>
          <Message>[5/15/2018 3:29:32 AM]&lt;Info&gt;AllBrowserWindow : Locating browser window...</Message>
          <Message>[5/15/2018 3:29:46 AM]&lt;PASS&gt;&lt;CreditCardCheckoutWithPromoCode&gt;&lt;Credit Card Holder Name field does not exist&gt;</Message>
          <Message>[5/15/2018 3:29:50 AM]&lt;PASS&gt;&lt;CreditCardCheckoutWithPromoCode&gt;&lt;No alert message exists before clicking on Review Order Button&gt;</Message>
          <Message>[5/15/2018 3:29:50 AM]&lt;INFO&gt;ClickReviewOrder : method executing</Message>
          <Message>[5/15/2018 3:29:50 AM]&lt;INFO&gt;CheckoutCreditCardShippingAndBillingControls : method executing</Message>
          <Message>[5/15/2018 3:29:50 AM]&lt;Info&gt;AllBrowserWindow : Locating browser window...</Message>
          <Message>[5/15/2018 3:29:55 AM]&lt;Info&gt;AllBrowserWindow : Locating browser window...</Message>
          <Message>[5/15/2018 3:29:57 AM]&lt;PASS&gt;&lt;CreditCardCheckoutWithPromoCode&gt;&lt;Enter valid credit card details alert message appears&gt;</Message>
          <Message>[5/15/2018 3:29:57 AM]&lt;INFO&gt;FillCreditCardDetails : method executing</Message>
          <Message>[5/15/2018 3:29:57 AM]&lt;INFO&gt;CheckoutCreditCardShippingAndBillingControls : method executing</Message>
          <Message>[5/15/2018 3:29:57 AM]&lt;Info&gt;AllBrowserWindow : Locating browser window...</Message>
          <Message>[5/15/2018 3:30:06 AM]&lt;INFO&gt;ClickReviewOrder : method executing</Message>
          <Message>[5/15/2018 3:30:06 AM]&lt;INFO&gt;CheckoutCreditCardShippingAndBillingControls : method executing</Message>
          <Message>[5/15/2018 3:30:06 AM]&lt;Info&gt;AllBrowserWindow : Locating browser window...</Message>
          <Message>[5/15/2018 3:30:10 AM]&lt;Info&gt;AllBrowserWindow : Locating browser window...</Message>
          <Message>[5/15/2018 3:30:13 AM]&lt;Info&gt;AllBrowserWindow : Locating browser window...</Message>
          <Message>[5/15/2018 3:30:14 AM]&lt;PASS&gt;&lt;CreditCardCheckoutWithPromoCode&gt;&lt;Edit Address button exists&gt;</Message>
          <Message>[5/15/2018 3:30:14 AM]&lt;PASS&gt;&lt;CreditCardCheckoutWithPromoCode&gt;&lt;Credit Card Holder Name field does not exist on order review page&gt;</Message>
          <Message>[5/15/2018 3:30:14 AM]&lt;PASS&gt;&lt;CreditCardCheckoutWithPromoCode&gt;&lt;Validate Top Place Order Button is appearing when paying by Credit Card &gt;</Message>
          <Message>[5/15/2018 3:30:14 AM]&lt;PASS&gt;&lt;CreditCardCheckoutWithPromoCode&gt;&lt;Validate Bottom Place Order Button is appearing when paying by Credit Card  &gt;</Message>
          <Message>[5/15/2018 3:30:15 AM]&lt;INFO&gt;OrderConfirmation : method executing</Message>
          <Message>[5/15/2018 3:30:15 AM]&lt;INFO&gt;OrderConfirmationUIControls : method executing</Message>
          <Message>[5/15/2018 3:30:15 AM]&lt;Info&gt;AllBrowserWindow : Locating browser window...</Message>
          <Message>[5/15/2018 3:30:31 AM]&lt;INFO&gt;SurveyWindow : method executing ...</Message>
          <Message>[5/15/2018 3:30:40 AM]&lt;PASS&gt;&lt;OrderConfirmation&gt;&lt; Validates Order Number ''True'' is generated successfully&gt;</Message>
          <Message>[5/15/2018 3:30:40 AM]&lt;INFO&gt;SingleProductOrderAmountValidation : method executing</Message>
          <Message>[5/15/2018 3:30:40 AM]&lt;INFO&gt;OrderConfirmationUIControls : method executing</Message>
          <Message>[5/15/2018 3:30:40 AM]&lt;Info&gt;AllBrowserWindow : Locating browser window...</Message>
          <Message>[5/15/2018 3:30:43 AM]&lt;INFO&gt;SingleProductOrderAmountValidation : method executing</Message>
          <Message>[5/15/2018 3:30:44 AM]&lt;PASS&gt;&lt;SingleProductOrderAmountValidation&gt;&lt; Validates expected authorization amount: '9.97000' is equals actual authorization amount: '9.97000'&gt;</Message>
          <Message>[5/15/2018 3:30:44 AM]&lt;INFO&gt;DeletOrderItem : method executing</Message>
          <Message>[5/15/2018 3:30:44 AM]&lt;INFO&gt;DeletOrderItem : method executing</Message>
          <Message>[5/15/2018 3:30:44 AM]&lt;INFO&gt;DeleteWishlistFromDatabase : method executing</Message>
          <Message>[5/15/2018 3:31:14 AM]&lt;RESULT&gt;Test Ended:#PASS=13, #FAIL=0</Message>
          <Message>[5/15/2018 3:31:15 AM]&lt;INFO&gt;LogCPUAndMemoryUsage: Available Memory = 24075(MB), CPU Usage = 25.77874%</Message>
          <Message>[5/15/2018 3:31:15 AM]&lt;INFO&gt;Private Working Set for QTAgent32_40, usage=265140 (K)</Message>
          <Message>[5/15/2018 3:31:15 AM]&lt;RESULT&gt;&lt;CreditCardCheckoutWithPromoCode&gt; Test PASSED</Message>
        </TextMessages>
      </Output>
      <ResultFiles>
        <ResultFile path="CMP01-INDIASQA.horizonhobby.com\CheckoutCreditCard_032631.xml" />
        <ResultFile path="CMP01-INDIASQA.horizonhobby.com\CreditCardCheckoutWithPromoCode_20180515032631.log" />
        <ResultFile path="CMP01-INDIASQA.horizonhobby.com\CreditCardCheckoutWithPromoCode_ResultsONLY_20180515032631.log" />
        <ResultFile path="CMP01-INDIASQA.horizonhobby.com\SharedCommonConfig.xml" />
      </ResultFiles>
    </UnitTestResult>
    <UnitTestResult executionId="23581de1-e083-4c45-91b2-e1f04f5f8cf0" testId="aea2bd12-36fb-e640-fffa-97311e64b9a9" testName="CreditCardCheckoutCvvValidationLoggedInUsers" computerName="CMP01-INDIASQA" duration="00:05:49.7154565" startTime="2018-05-15T03:31:17.3533948-05:00" endTime="2018-05-15T03:37:07.1103948-05:00" testType="13cdc9d9-ddb5-4fa4-a97d-d965ccfc6d4b" outcome="Passed" testListId="8c84fa94-04c1-424b-9868-57a2d4851a1d" relativeResultsDirectory="23581de1-e083-4c45-91b2-e1f04f5f8cf0">
      <Output>
        <StdOut>Logging to custom path:\\CMP01-YKumar\AutoLog</StdOut>
        <TextMessages>
          <Message>[5/15/2018 3:31:17 AM]&lt;STARTLOG&gt;&lt;CreditCardCheckoutCvvValidationLoggedInUsers&gt;Test Started: Expecting: #PASS=Undefined and #FAIL=0
Running from MTM=True, running on machine name:CMP01-INDIASQA, user name=ykumar, OS=Microsoft Windows NT 6.1.7601 Service Pack 1, Is64BitOS=True</Message>
          <Message>[5/15/2018 3:31:18 AM]&lt;INFO&gt;LogCPUAndMemoryUsage: Available Memory = 24100(MB), CPU Usage = 16.14947%</Message>
          <Message>[5/15/2018 3:31:18 AM]&lt;INFO&gt;Private Working Set for QTAgent32_40, usage=265284 (K)</Message>
          <Message>[5/15/2018 3:31:18 AM]&lt;INFO&gt;Path To TestConfig xml=E:\LoadTestResult\VSEQT\QTAgent\26973\CMP01-INDIASQA.horizonhobby.com\Deployment\SharedCommonConfig.xml</Message>
          <Message>[5/15/2018 3:31:18 AM]&lt;INFO&gt;Path To TestData xml=E:\LoadTestResult\VSEQT\QTAgent\26973\CMP01-INDIASQA.horizonhobby.com\Deployment\CheckoutCreditCard_033117.xml</Message>
          <Message>[5/15/2018 3:31:18 AM]&lt;INFO&gt;Path To HorizonHobbyQA Application Url=https://www-tst.horizonhobby.com</Message>
          <Message>[5/15/2018 3:31:18 AM]&lt;INFO&gt;HorizonHobbyQA sql connection string=Server=cmp02-ws-tst-db01:50000;Database=TST01DB;UID=wcdbuser;PWD=h0r1z0n;Connect Timeout=30</Message>
          <Message>[5/15/2018 3:31:18 AM]&lt;INFO&gt;Country is := US and language id is := '-1'</Message>
          <Message>[5/15/2018 3:31:18 AM]&lt;INFO&gt;Current browser used for test execution is = 'IE'</Message>
          <Message>[5/15/2018 3:31:21 AM]&lt;INFO&gt;SurveyWindow : method executing ...</Message>
          <Message>[5/15/2018 3:31:31 AM]&lt;INFO&gt;SurveyWindow : method executing ...</Message>
          <Message>[5/15/2018 3:31:39 AM]&lt;INFO&gt;ContinueOnCertificationErrorClickexecuting ...</Message>
          <Message>[5/15/2018 3:31:39 AM]&lt;Info&gt;DEAllBrowserWindow : Locating browser window...</Message>
          <Message>[5/15/2018 3:31:46 AM]&lt;INFO&gt;UserRegistration : method executing ...</Message>
          <Message>[5/15/2018 3:31:46 AM]&lt;Info&gt;AllBrowserWindow : Locating browser window...</Message>
          <Message>[5/15/2018 3:32:14 AM]&lt;Info&gt;AllBrowserWindow : Locating browser window...</Message>
          <Message>[5/15/2018 3:32:32 AM]&lt;INFO&gt;SurveyWindow : method executing ...</Message>
          <Message>[5/15/2018 3:32:44 AM]&lt;INFO&gt;CommonWorkflow : method executing</Message>
          <Message>[5/15/2018 3:32:44 AM]&lt;INFO&gt;SearchProductexecuting ... Searching term:= 'ZENPH06'</Message>
          <Message>[5/15/2018 3:32:50 AM]&lt;Info&gt;AllBrowserWindow : Locating browser window...</Message>
          <Message>[5/15/2018 3:32:50 AM]&lt;INFO&gt;SurveyWindow : method executing ...</Message>
          <Message>[5/15/2018 3:33:09 AM]&lt;INFO&gt;BackOrderClickexecuting ...</Message>
          <Message>[5/15/2018 3:33:09 AM]&lt;INFO&gt;GoToCartClickexecuting ...</Message>
          <Message>[5/15/2018 3:33:15 AM]&lt;INFO&gt;CheckoutProcessStartShoppingCart : method executing</Message>
          <Message>[5/15/2018 3:33:15 AM]&lt;Info&gt;AllBrowserWindow : Locating browser window...</Message>
          <Message>[5/15/2018 3:33:24 AM]&lt;INFO&gt;CheckoutShoppingCartControls : method executing</Message>
          <Message>[5/15/2018 3:33:24 AM]&lt;Info&gt;AllBrowserWindow : Locating browser window...</Message>
          <Message>[5/15/2018 3:33:32 AM]&lt;Info&gt;AllBrowserWindow : Locating browser window...</Message>
          <Message>[5/15/2018 3:33:35 AM]&lt;INFO&gt;SelectCheckoutPaymentRadiobutton : method executing</Message>
          <Message>[5/15/2018 3:33:35 AM]&lt;INFO&gt;CheckoutCreditCardShippingAndBillingControls : method executing</Message>
          <Message>[5/15/2018 3:33:35 AM]&lt;Info&gt;AllBrowserWindow : Locating browser window...</Message>
          <Message>[5/15/2018 3:33:46 AM]&lt;Info&gt;AllBrowserWindow : Locating browser window...</Message>
          <Message>[5/15/2018 3:33:47 AM]&lt;PASS&gt;&lt;CreditCardCheckoutCvvValidationLoggedInUsers&gt;&lt;Credit Card Month Combo Default Value is blank&gt;</Message>
          <Message>[5/15/2018 3:33:47 AM]&lt;PASS&gt;&lt;CreditCardCheckoutCvvValidationLoggedInUsers&gt;&lt;Credit Card Year Combo Default Value is blank&gt;</Message>
          <Message>[5/15/2018 3:33:47 AM]&lt;INFO&gt;FillCreditCardDetails : method executing</Message>
          <Message>[5/15/2018 3:33:47 AM]&lt;INFO&gt;CheckoutCreditCardShippingAndBillingControls : method executing</Message>
          <Message>[5/15/2018 3:33:47 AM]&lt;Info&gt;AllBrowserWindow : Locating browser window...</Message>
          <Message>[5/15/2018 3:33:57 AM]&lt;INFO&gt;ClickReviewOrder : method executing</Message>
          <Message>[5/15/2018 3:33:57 AM]&lt;INFO&gt;CheckoutCreditCardShippingAndBillingControls : method executing</Message>
          <Message>[5/15/2018 3:33:57 AM]&lt;Info&gt;AllBrowserWindow : Locating browser window...</Message>
          <Message>[5/15/2018 3:34:02 AM]&lt;Info&gt;AllBrowserWindow : Locating browser window...</Message>
          <Message>[5/15/2018 3:34:04 AM]&lt;PASS&gt;&lt;CreditCardCheckoutCvvValidationLoggedInUsers&gt;&lt;CVV Error message appears on not entering CVV&gt;</Message>
          <Message>[5/15/2018 3:34:04 AM]&lt;Info&gt;AllBrowserWindow : Locating browser window...</Message>
          <Message>[5/15/2018 3:34:05 AM]&lt;PASS&gt;&lt;CreditCardCheckoutCvvValidationLoggedInUsers&gt;&lt;User not able to proceed without entering CVV&gt;</Message>
          <Message>[5/15/2018 3:34:05 AM]&lt;INFO&gt;FillCreditCardDetails : method executing</Message>
          <Message>[5/15/2018 3:34:05 AM]&lt;INFO&gt;CheckoutCreditCardShippingAndBillingControls : method executing</Message>
          <Message>[5/15/2018 3:34:05 AM]&lt;Info&gt;AllBrowserWindow : Locating browser window...</Message>
          <Message>[5/15/2018 3:34:12 AM]&lt;INFO&gt;ClickReviewOrder : method executing</Message>
          <Message>[5/15/2018 3:34:12 AM]&lt;INFO&gt;CheckoutCreditCardShippingAndBillingControls : method executing</Message>
          <Message>[5/15/2018 3:34:12 AM]&lt;Info&gt;AllBrowserWindow : Locating browser window...</Message>
          <Message>[5/15/2018 3:34:16 AM]&lt;Info&gt;AllBrowserWindow : Locating browser window...</Message>
          <Message>[5/15/2018 3:34:18 AM]&lt;INFO&gt;PlaceOrderCreditCard : method executing</Message>
          <Message>[5/15/2018 3:34:18 AM]&lt;INFO&gt;CheckoutCreditCardShippingAndBillingControls : method executing</Message>
          <Message>[5/15/2018 3:34:18 AM]&lt;Info&gt;AllBrowserWindow : Locating browser window...</Message>
          <Message>[5/15/2018 3:34:27 AM]&lt;INFO&gt;KeyboardSendKeys method executing...</Message>
          <Message>[5/15/2018 3:36:07 AM]&lt;Info&gt;AllBrowserWindow : Locating browser window...</Message>
          <Message>[5/15/2018 3:36:18 AM]&lt;INFO&gt;SingleProductOrderAmountValidation : method executing</Message>
          <Message>[5/15/2018 3:36:18 AM]&lt;INFO&gt;OrderConfirmationUIControls : method executing</Message>
          <Message>[5/15/2018 3:36:18 AM]&lt;Info&gt;AllBrowserWindow : Locating browser window...</Message>
          <Message>[5/15/2018 3:36:22 AM]&lt;INFO&gt;SingleProductOrderAmountValidation : method executing</Message>
          <Message>[5/15/2018 3:36:22 AM]&lt;PASS&gt;&lt;SingleProductOrderAmountValidation&gt;&lt; Validates expected authorization amount: '5.77000' is equals actual authorization amount: '5.77000'&gt;</Message>
          <Message>[5/15/2018 3:36:22 AM]&lt;INFO&gt;OrderConfirmation : method executing</Message>
          <Message>[5/15/2018 3:36:22 AM]&lt;INFO&gt;OrderConfirmationUIControls : method executing</Message>
          <Message>[5/15/2018 3:36:22 AM]&lt;Info&gt;AllBrowserWindow : Locating browser window...</Message>
          <Message>[5/15/2018 3:36:26 AM]&lt;INFO&gt;SurveyWindow : method executing ...</Message>
          <Message>[5/15/2018 3:36:34 AM]&lt;PASS&gt;&lt;OrderConfirmation&gt;&lt; Validates Order Number ''True'' is generated successfully&gt;</Message>
          <Message>[5/15/2018 3:36:34 AM]&lt;INFO&gt;DeletOrderItem : method executing</Message>
          <Message>[5/15/2018 3:36:34 AM]&lt;INFO&gt;DeletOrderItem : method executing</Message>
          <Message>[5/15/2018 3:36:34 AM]&lt;INFO&gt;DeleteWishlistFromDatabase : method executing</Message>
          <Message>[5/15/2018 3:37:03 AM]&lt;RESULT&gt;Test Ended:#PASS=6, #FAIL=0</Message>
          <Message>[5/15/2018 3:37:04 AM]&lt;INFO&gt;LogCPUAndMemoryUsage: Available Memory = 24129(MB), CPU Usage = 21.68781%</Message>
          <Message>[5/15/2018 3:37:05 AM]&lt;INFO&gt;Private Working Set for QTAgent32_40, usage=267464 (K)</Message>
          <Message>[5/15/2018 3:37:05 AM]&lt;RESULT&gt;&lt;CreditCardCheckoutCvvValidationLoggedInUsers&gt; Test PASSED</Message>
        </TextMessages>
      </Output>
      <ResultFiles>
        <ResultFile path="CMP01-INDIASQA.horizonhobby.com\CheckoutCreditCard_033117.xml" />
        <ResultFile path="CMP01-INDIASQA.horizonhobby.com\CreditCardCheckoutCvvValidationLoggedInUsers_20180515033117.log" />
        <ResultFile path="CMP01-INDIASQA.horizonhobby.com\CreditCardCheckoutCvvValidationLoggedInUsers_ResultsONLY_20180515033117.log" />
        <ResultFile path="CMP01-INDIASQA.horizonhobby.com\SharedCommonConfig.xml" />
      </ResultFiles>
    </UnitTestResult>
  </Results>
</TestRun>