<?xml version="1.0" encoding="UTF-8"?>
<TestRun id="3b4032db-643e-4a86-b0eb-a36ec0fc9e9d" name="ksharma@CMP01-YKUMAR 2018-05-09 19:07:24" runUser="DOMAIN\ksharma" xmlns="http://microsoft.com/schemas/VisualStudio/TeamTest/2010">
  <TestSettings name="BS2AutomationTestSetting - Kanchan" id="8d5b6331-c83c-4097-af25-270a30f0eacb">
    <Description>BS2AutomationTestSetting - Kanchan</Description>
    <Deployment userDeploymentRoot="C:\Users\ksharma\AppData\Local\VSEQT\QTController\rm\26924" useDefaultDeploymentRoot="false" runDeploymentRoot="ksharma_CMP01-YKUMAR 2018-05-09 19_07_24" />
    <RemoteController name="CMP01-YKUMAR.horizonhobby.com:6901" />
    <Execution location="Remote">
      <Timeouts testTimeout="0" />
      <TestTypeSpecific />
      <AgentRule name="BS2CUIT">
        <SelectionCriteria>
          <AgentProperty name="__Test Environment" value="WebSphere.0.CMP01-INDIASQA" />
          <AgentProperty name="__Machine Role" value="BS2CUIT" />
        </SelectionCriteria>
      </AgentRule>
    </Execution>
    <Properties />
  </TestSettings>
  <Times creation="2018-05-09T19:07:24.6524596-05:00" queuing="2018-05-09T19:07:26.5664596-05:00" start="2018-05-09T19:07:27.0094596-05:00" finish="2018-05-09T22:57:08.9303967-05:00" />
  <ResultSummary outcome="Failed">
    <Counters total="72" executed="72" passed="52" error="0" failed="20" timeout="0" aborted="0" inconclusive="0" passedButRunAborted="0" notRunnable="0" notExecuted="0" disconnected="0" warning="0" completed="0" inProgress="0" pending="0" />
  </ResultSummary>
  <TestDefinitions>
    <UnitTest name="CartItemRemovalGiftWrappedItems" storage="\\cmp01-ykumar\qatestautomationbuildsdrop\qatestautomation\qatestautomation_20180509.2\cartdisplaytest.dll" id="09afe67e-11bc-f89b-e574-756c9a072bc5">
      <DeploymentItems>
        <DeploymentItem filename="TestData\CartDisplayTestData.xml" />
        <DeploymentItem filename="SharedCommonConfig\SharedCommonConfig.xml" />
      </DeploymentItems>
      <TcmInformation testCaseId="1421" testRunId="26924" testResultId="100019" />
      <Execution id="9f0f9f39-b193-473f-93ac-21ac4fd85fc2" />
      <Properties>
        <Property>
          <Key>__Tfs_BuildUri__</Key>
          <Value>vstfs:///Build/Build/1899</Value>
        </Property>
        <Property>
          <Key>__Tfs_IsInLabEnvironment__</Key>
          <Value>true</Value>
        </Property>
        <Property>
          <Key>__Tfs_TestRunId__</Key>
          <Value>26924</Value>
        </Property>
        <Property>
          <Key>__Tfs_TestCaseId__</Key>
          <Value>1421</Value>
        </Property>
        <Property>
          <Key>__Tfs_TeamProject__</Key>
          <Value>WebSphere</Value>
        </Property>
        <Property>
          <Key>__Tfs_BuildDirectory__</Key>
          <Value>\\CMP01-YKUMAR\QATestAutomationBuildsDrop\QATestAutomation\QATestAutomation_20180509.2</Value>
        </Property>
        <Property>
          <Key>__Tfs_LabEnvironment__</Key>
          <Value>&lt;?xml version="1.0" encoding="utf-16"?&gt;&lt;LabEnvironment Id="afd904c8-4332-4335-bd1d-55612a5eed76" Name="CMP01-INDIASQA" Uri="vstfs:///LabManagement/LabEnvironment/316"&gt;&lt;LabSystems&gt;&lt;LabSystem Name="CMP01-INDIASQA" ComputerName="CMP01-INDIASQA.horizonhobby.com" Roles="BS2CUIT"&gt;&lt;CustomProperties /&gt;&lt;/LabSystem&gt;&lt;/LabSystems&gt;&lt;/LabEnvironment&gt;</Value>
        </Property>
        <Property>
          <Key>__Tfs_TestConfigurationId__</Key>
          <Value>17</Value>
        </Property>
        <Property>
          <Key>__Tfs_TestPlanId__</Key>
          <Value>13</Value>
        </Property>
        <Property>
          <Key>__Tfs_TestConfigurationName__</Key>
          <Value>Win 7 with IE 11</Value>
        </Property>
        <Property>
          <Key>__Tfs_TestPointId__</Key>
          <Value>110131</Value>
        </Property>
        <Property>
          <Key>__Tfs_TfsServerCollectionUrl__</Key>
          <Value>http://cmp02-app05:8080/tfs/defaultcollection</Value>
        </Property>
        <Property>
          <Key>__Tfs_BuildPlatform__</Key>
          <Value>Any CPU</Value>
        </Property>
        <Property>
          <Key>__Tfs_BuildNumber__</Key>
          <Value>QATestAutomation_20180509.2</Value>
        </Property>
        <Property>
          <Key>__Tfs_BuildFlavor__</Key>
          <Value>Debug</Value>
        </Property>
        <Property>
          <Key>__Tfs_BuildConfigurationId__</Key>
          <Value>26927</Value>
        </Property>
      </Properties>
      <TestMethod codeBase="file://CMP01-YKUMAR/QATestAutomationBuildsDrop/QATestAutomation/QATestAutomation_20180509.2/CartDisplayTest.DLL" adapterTypeName="Microsoft.VisualStudio.TestTools.TestTypes.Unit.UnitTestAdapter, Microsoft.VisualStudio.QualityTools.Tips.UnitTest.Adapter, Version=12.0.0.0, Culture=neutral, PublicKeyToken=b03f5f7f11d50a3a" className="TestAuto.CartDisplayTest, CartDisplayTest, Version=1.0.0.0, Culture=neutral, PublicKeyToken=null" name="CartItemRemovalGiftWrappedItems" />
      <Extension>Microsoft.VisualStudio.TestTools.UITesting.CodedUITestAttribute, Microsoft.VisualStudio.QualityTools.CodedUITestFramework, Version=12.0.0.0, Culture=neutral, PublicKeyToken=b03f5f7f11d50a3a</Extension>
    </UnitTest>
    <UnitTest name="CartGiftWrapQuantityRestriction" storage="\\cmp01-ykumar\qatestautomationbuildsdrop\qatestautomation\qatestautomation_20180509.2\cartdisplaytest.dll" id="7746f33f-a399-83ac-5d3a-fd9432e3368d">
      <DeploymentItems>
        <DeploymentItem filename="TestData\CartDisplayTestData.xml" />
        <DeploymentItem filename="SharedCommonConfig\SharedCommonConfig.xml" />
      </DeploymentItems>
      <TcmInformation testCaseId="1475" testRunId="26924" testResultId="100039" />
      <Execution id="4e8dde25-a873-4644-abf7-2eed9d99d051" />
      <Properties>
        <Property>
          <Key>__Tfs_BuildUri__</Key>
          <Value>vstfs:///Build/Build/1899</Value>
        </Property>
        <Property>
          <Key>__Tfs_IsInLabEnvironment__</Key>
          <Value>true</Value>
        </Property>
        <Property>
          <Key>__Tfs_TestRunId__</Key>
          <Value>26924</Value>
        </Property>
        <Property>
          <Key>__Tfs_TestCaseId__</Key>
          <Value>1475</Value>
        </Property>
        <Property>
          <Key>__Tfs_TeamProject__</Key>
          <Value>WebSphere</Value>
        </Property>
        <Property>
          <Key>__Tfs_BuildDirectory__</Key>
          <Value>\\CMP01-YKUMAR\QATestAutomationBuildsDrop\QATestAutomation\QATestAutomation_20180509.2</Value>
        </Property>
        <Property>
          <Key>__Tfs_LabEnvironment__</Key>
          <Value>&lt;?xml version="1.0" encoding="utf-16"?&gt;&lt;LabEnvironment Id="afd904c8-4332-4335-bd1d-55612a5eed76" Name="CMP01-INDIASQA" Uri="vstfs:///LabManagement/LabEnvironment/316"&gt;&lt;LabSystems&gt;&lt;LabSystem Name="CMP01-INDIASQA" ComputerName="CMP01-INDIASQA.horizonhobby.com" Roles="BS2CUIT"&gt;&lt;CustomProperties /&gt;&lt;/LabSystem&gt;&lt;/LabSystems&gt;&lt;/LabEnvironment&gt;</Value>
        </Property>
        <Property>
          <Key>__Tfs_TestConfigurationId__</Key>
          <Value>17</Value>
        </Property>
        <Property>
          <Key>__Tfs_TestPlanId__</Key>
          <Value>13</Value>
        </Property>
        <Property>
          <Key>__Tfs_TestConfigurationName__</Key>
          <Value>Win 7 with IE 11</Value>
        </Property>
        <Property>
          <Key>__Tfs_TestPointId__</Key>
          <Value>110156</Value>
        </Property>
        <Property>
          <Key>__Tfs_TfsServerCollectionUrl__</Key>
          <Value>http://cmp02-app05:8080/tfs/defaultcollection</Value>
        </Property>
        <Property>
          <Key>__Tfs_BuildPlatform__</Key>
          <Value>Any CPU</Value>
        </Property>
        <Property>
          <Key>__Tfs_BuildNumber__</Key>
          <Value>QATestAutomation_20180509.2</Value>
        </Property>
        <Property>
          <Key>__Tfs_BuildFlavor__</Key>
          <Value>Debug</Value>
        </Property>
        <Property>
          <Key>__Tfs_BuildConfigurationId__</Key>
          <Value>26927</Value>
        </Property>
      </Properties>
      <TestMethod codeBase="file://CMP01-YKUMAR/QATestAutomationBuildsDrop/QATestAutomation/QATestAutomation_20180509.2/CartDisplayTest.DLL" adapterTypeName="Microsoft.VisualStudio.TestTools.TestTypes.Unit.UnitTestAdapter, Microsoft.VisualStudio.QualityTools.Tips.UnitTest.Adapter, Version=12.0.0.0, Culture=neutral, PublicKeyToken=b03f5f7f11d50a3a" className="TestAuto.CartDisplayTest, CartDisplayTest, Version=1.0.0.0, Culture=neutral, PublicKeyToken=null" name="CartGiftWrapQuantityRestriction" />
      <Extension>Microsoft.VisualStudio.TestTools.UITesting.CodedUITestAttribute, Microsoft.VisualStudio.QualityTools.CodedUITestFramework, Version=12.0.0.0, Culture=neutral, PublicKeyToken=b03f5f7f11d50a3a</Extension>
    </UnitTest>
    <UnitTest name="GlobalSettingsHeaderDisplay" storage="\\cmp01-ykumar\qatestautomationbuildsdrop\qatestautomation\qatestautomation_20180509.2\globalsettings.dll" id="0854c120-5668-92c9-3136-160950b1b3fc">
      <DeploymentItems>
        <DeploymentItem filename="TestData\GlobalSettingsTestData.xml" />
        <DeploymentItem filename="SharedCommonConfig\SharedCommonConfig.xml" />
      </DeploymentItems>
      <TcmInformation testCaseId="1349" testRunId="26924" testResultId="100004" />
      <Execution id="6aa1e71f-0834-4dbd-ac21-3ca64eb4be31" />
      <Properties>
        <Property>
          <Key>__Tfs_BuildUri__</Key>
          <Value>vstfs:///Build/Build/1899</Value>
        </Property>
        <Property>
          <Key>__Tfs_IsInLabEnvironment__</Key>
          <Value>true</Value>
        </Property>
        <Property>
          <Key>__Tfs_TestRunId__</Key>
          <Value>26924</Value>
        </Property>
        <Property>
          <Key>__Tfs_TestCaseId__</Key>
          <Value>1349</Value>
        </Property>
        <Property>
          <Key>__Tfs_TeamProject__</Key>
          <Value>WebSphere</Value>
        </Property>
        <Property>
          <Key>__Tfs_BuildDirectory__</Key>
          <Value>\\CMP01-YKUMAR\QATestAutomationBuildsDrop\QATestAutomation\QATestAutomation_20180509.2</Value>
        </Property>
        <Property>
          <Key>__Tfs_LabEnvironment__</Key>
          <Value>&lt;?xml version="1.0" encoding="utf-16"?&gt;&lt;LabEnvironment Id="afd904c8-4332-4335-bd1d-55612a5eed76" Name="CMP01-INDIASQA" Uri="vstfs:///LabManagement/LabEnvironment/316"&gt;&lt;LabSystems&gt;&lt;LabSystem Name="CMP01-INDIASQA" ComputerName="CMP01-INDIASQA.horizonhobby.com" Roles="BS2CUIT"&gt;&lt;CustomProperties /&gt;&lt;/LabSystem&gt;&lt;/LabSystems&gt;&lt;/LabEnvironment&gt;</Value>
        </Property>
        <Property>
          <Key>__Tfs_TestConfigurationId__</Key>
          <Value>17</Value>
        </Property>
        <Property>
          <Key>__Tfs_TestPlanId__</Key>
          <Value>13</Value>
        </Property>
        <Property>
          <Key>__Tfs_TestConfigurationName__</Key>
          <Value>Win 7 with IE 11</Value>
        </Property>
        <Property>
          <Key>__Tfs_TestPointId__</Key>
          <Value>110334</Value>
        </Property>
        <Property>
          <Key>__Tfs_TfsServerCollectionUrl__</Key>
          <Value>http://cmp02-app05:8080/tfs/defaultcollection</Value>
        </Property>
        <Property>
          <Key>__Tfs_BuildPlatform__</Key>
          <Value>Any CPU</Value>
        </Property>
        <Property>
          <Key>__Tfs_BuildNumber__</Key>
          <Value>QATestAutomation_20180509.2</Value>
        </Property>
        <Property>
          <Key>__Tfs_BuildFlavor__</Key>
          <Value>Debug</Value>
        </Property>
        <Property>
          <Key>__Tfs_BuildConfigurationId__</Key>
          <Value>26927</Value>
        </Property>
      </Properties>
      <TestMethod codeBase="file://CMP01-YKUMAR/QATestAutomationBuildsDrop/QATestAutomation/QATestAutomation_20180509.2/GlobalSettings.DLL" adapterTypeName="Microsoft.VisualStudio.TestTools.TestTypes.Unit.UnitTestAdapter, Microsoft.VisualStudio.QualityTools.Tips.UnitTest.Adapter, Version=12.0.0.0, Culture=neutral, PublicKeyToken=b03f5f7f11d50a3a" className="TestAuto.GlobalSettings, GlobalSettings, Version=1.0.0.0, Culture=neutral, PublicKeyToken=null" name="GlobalSettingsHeaderDisplay" />
      <Extension>Microsoft.VisualStudio.TestTools.UITesting.CodedUITestAttribute, Microsoft.VisualStudio.QualityTools.CodedUITestFramework, Version=12.0.0.0, Culture=neutral, PublicKeyToken=b03f5f7f11d50a3a</Extension>
    </UnitTest>
    <UnitTest name="CheckoutBillingAndShippingAddressSameAsSignInUser" storage="\\cmp01-ykumar\qatestautomationbuildsdrop\qatestautomation\qatestautomation_20180509.2\checkout_test.dll" id="b24ae5d7-0061-af74-0035-181050401bd6">
      <DeploymentItems>
        <DeploymentItem filename="TestData\CheckoutCommonTestData.xml" />
        <DeploymentItem filename="SharedCommonConfig\SharedCommonConfig.xml" />
      </DeploymentItems>
      <TcmInformation testCaseId="1483" testRunId="26924" testResultId="100043" />
      <Execution id="79908a6a-b65e-4c9b-b482-6653d234e015" />
      <Properties>
        <Property>
          <Key>__Tfs_BuildUri__</Key>
          <Value>vstfs:///Build/Build/1899</Value>
        </Property>
        <Property>
          <Key>__Tfs_IsInLabEnvironment__</Key>
          <Value>true</Value>
        </Property>
        <Property>
          <Key>__Tfs_TestRunId__</Key>
          <Value>26924</Value>
        </Property>
        <Property>
          <Key>__Tfs_TestCaseId__</Key>
          <Value>1483</Value>
        </Property>
        <Property>
          <Key>__Tfs_TeamProject__</Key>
          <Value>WebSphere</Value>
        </Property>
        <Property>
          <Key>__Tfs_BuildDirectory__</Key>
          <Value>\\CMP01-YKUMAR\QATestAutomationBuildsDrop\QATestAutomation\QATestAutomation_20180509.2</Value>
        </Property>
        <Property>
          <Key>__Tfs_LabEnvironment__</Key>
          <Value>&lt;?xml version="1.0" encoding="utf-16"?&gt;&lt;LabEnvironment Id="afd904c8-4332-4335-bd1d-55612a5eed76" Name="CMP01-INDIASQA" Uri="vstfs:///LabManagement/LabEnvironment/316"&gt;&lt;LabSystems&gt;&lt;LabSystem Name="CMP01-INDIASQA" ComputerName="CMP01-INDIASQA.horizonhobby.com" Roles="BS2CUIT"&gt;&lt;CustomProperties /&gt;&lt;/LabSystem&gt;&lt;/LabSystems&gt;&lt;/LabEnvironment&gt;</Value>
        </Property>
        <Property>
          <Key>__Tfs_TestConfigurationId__</Key>
          <Value>17</Value>
        </Property>
        <Property>
          <Key>__Tfs_TestPlanId__</Key>
          <Value>13</Value>
        </Property>
        <Property>
          <Key>__Tfs_TestConfigurationName__</Key>
          <Value>Win 7 with IE 11</Value>
        </Property>
        <Property>
          <Key>__Tfs_TestPointId__</Key>
          <Value>110163</Value>
        </Property>
        <Property>
          <Key>__Tfs_TfsServerCollectionUrl__</Key>
          <Value>http://cmp02-app05:8080/tfs/defaultcollection</Value>
        </Property>
        <Property>
          <Key>__Tfs_BuildPlatform__</Key>
          <Value>Any CPU</Value>
        </Property>
        <Property>
          <Key>__Tfs_BuildNumber__</Key>
          <Value>QATestAutomation_20180509.2</Value>
        </Property>
        <Property>
          <Key>__Tfs_BuildFlavor__</Key>
          <Value>Debug</Value>
        </Property>
        <Property>
          <Key>__Tfs_BuildConfigurationId__</Key>
          <Value>26927</Value>
        </Property>
      </Properties>
      <TestMethod codeBase="file://CMP01-YKUMAR/QATestAutomationBuildsDrop/QATestAutomation/QATestAutomation_20180509.2/Checkout_Test.DLL" adapterTypeName="Microsoft.VisualStudio.TestTools.TestTypes.Unit.UnitTestAdapter, Microsoft.VisualStudio.QualityTools.Tips.UnitTest.Adapter, Version=12.0.0.0, Culture=neutral, PublicKeyToken=b03f5f7f11d50a3a" className="TestAuto.HHBvtSmokeTest, Checkout_Test, Version=1.0.0.0, Culture=neutral, PublicKeyToken=null" name="CheckoutBillingAndShippingAddressSameAsSignInUser" />
      <Extension>Microsoft.VisualStudio.TestTools.UITesting.CodedUITestAttribute, Microsoft.VisualStudio.QualityTools.CodedUITestFramework, Version=12.0.0.0, Culture=neutral, PublicKeyToken=b03f5f7f11d50a3a</Extension>
    </UnitTest>
    <UnitTest name="CategoryListItemDisplay" storage="\\cmp01-ykumar\qatestautomationbuildsdrop\qatestautomation\qatestautomation_20180509.2\categorylistlevel3.dll" id="0cfe4076-97ec-ca1b-990f-0bb7d4668ba6">
      <DeploymentItems>
        <DeploymentItem filename="TestData\CategoryListLevel3TestData.xml" />
        <DeploymentItem filename="SharedCommonConfig\SharedCommonConfig.xml" />
      </DeploymentItems>
      <TcmInformation testCaseId="1572" testRunId="26924" testResultId="100060" />
      <Execution id="e83934fc-885f-4e18-9dea-9929f90b7d8f" />
      <Properties>
        <Property>
          <Key>__Tfs_BuildUri__</Key>
          <Value>vstfs:///Build/Build/1899</Value>
        </Property>
        <Property>
          <Key>__Tfs_IsInLabEnvironment__</Key>
          <Value>true</Value>
        </Property>
        <Property>
          <Key>__Tfs_TestRunId__</Key>
          <Value>26924</Value>
        </Property>
        <Property>
          <Key>__Tfs_TestCaseId__</Key>
          <Value>1572</Value>
        </Property>
        <Property>
          <Key>__Tfs_TeamProject__</Key>
          <Value>WebSphere</Value>
        </Property>
        <Property>
          <Key>__Tfs_BuildDirectory__</Key>
          <Value>\\CMP01-YKUMAR\QATestAutomationBuildsDrop\QATestAutomation\QATestAutomation_20180509.2</Value>
        </Property>
        <Property>
          <Key>__Tfs_LabEnvironment__</Key>
          <Value>&lt;?xml version="1.0" encoding="utf-16"?&gt;&lt;LabEnvironment Id="afd904c8-4332-4335-bd1d-55612a5eed76" Name="CMP01-INDIASQA" Uri="vstfs:///LabManagement/LabEnvironment/316"&gt;&lt;LabSystems&gt;&lt;LabSystem Name="CMP01-INDIASQA" ComputerName="CMP01-INDIASQA.horizonhobby.com" Roles="BS2CUIT"&gt;&lt;CustomProperties /&gt;&lt;/LabSystem&gt;&lt;/LabSystems&gt;&lt;/LabEnvironment&gt;</Value>
        </Property>
        <Property>
          <Key>__Tfs_TestConfigurationId__</Key>
          <Value>17</Value>
        </Property>
        <Property>
          <Key>__Tfs_TestPlanId__</Key>
          <Value>13</Value>
        </Property>
        <Property>
          <Key>__Tfs_TestConfigurationName__</Key>
          <Value>Win 7 with IE 11</Value>
        </Property>
        <Property>
          <Key>__Tfs_TestPointId__</Key>
          <Value>110423</Value>
        </Property>
        <Property>
          <Key>__Tfs_TfsServerCollectionUrl__</Key>
          <Value>http://cmp02-app05:8080/tfs/defaultcollection</Value>
        </Property>
        <Property>
          <Key>__Tfs_BuildPlatform__</Key>
          <Value>Any CPU</Value>
        </Property>
        <Property>
          <Key>__Tfs_BuildNumber__</Key>
          <Value>QATestAutomation_20180509.2</Value>
        </Property>
        <Property>
          <Key>__Tfs_BuildFlavor__</Key>
          <Value>Debug</Value>
        </Property>
        <Property>
          <Key>__Tfs_BuildConfigurationId__</Key>
          <Value>26927</Value>
        </Property>
      </Properties>
      <TestMethod codeBase="file://CMP01-YKUMAR/QATestAutomationBuildsDrop/QATestAutomation/QATestAutomation_20180509.2/CategoryListLevel3.DLL" adapterTypeName="Microsoft.VisualStudio.TestTools.TestTypes.Unit.UnitTestAdapter, Microsoft.VisualStudio.QualityTools.Tips.UnitTest.Adapter, Version=12.0.0.0, Culture=neutral, PublicKeyToken=b03f5f7f11d50a3a" className="TestAuto.CategoryListLevel3, CategoryListLevel3, Version=1.0.0.0, Culture=neutral, PublicKeyToken=null" name="CategoryListItemDisplay" />
      <Extension>Microsoft.VisualStudio.TestTools.UITesting.CodedUITestAttribute, Microsoft.VisualStudio.QualityTools.CodedUITestFramework, Version=12.0.0.0, Culture=neutral, PublicKeyToken=b03f5f7f11d50a3a</Extension>
    </UnitTest>
    <UnitTest name="CartGiftWrapPopUpModalItemIdentification" storage="\\cmp01-ykumar\qatestautomationbuildsdrop\qatestautomation\qatestautomation_20180509.2\cartdisplaytest.dll" id="0137d3ce-6b4e-8f85-5f42-62353abf0180">
      <DeploymentItems>
        <DeploymentItem filename="TestData\CartDisplayTestData.xml" />
        <DeploymentItem filename="SharedCommonConfig\SharedCommonConfig.xml" />
      </DeploymentItems>
      <TcmInformation testCaseId="1419" testRunId="26924" testResultId="100017" />
      <Execution id="c959be36-35e5-430f-8819-2cd74830dfb0" />
      <Properties>
        <Property>
          <Key>__Tfs_BuildUri__</Key>
          <Value>vstfs:///Build/Build/1899</Value>
        </Property>
        <Property>
          <Key>__Tfs_IsInLabEnvironment__</Key>
          <Value>true</Value>
        </Property>
        <Property>
          <Key>__Tfs_TestRunId__</Key>
          <Value>26924</Value>
        </Property>
        <Property>
          <Key>__Tfs_TestCaseId__</Key>
          <Value>1419</Value>
        </Property>
        <Property>
          <Key>__Tfs_TeamProject__</Key>
          <Value>WebSphere</Value>
        </Property>
        <Property>
          <Key>__Tfs_BuildDirectory__</Key>
          <Value>\\CMP01-YKUMAR\QATestAutomationBuildsDrop\QATestAutomation\QATestAutomation_20180509.2</Value>
        </Property>
        <Property>
          <Key>__Tfs_LabEnvironment__</Key>
          <Value>&lt;?xml version="1.0" encoding="utf-16"?&gt;&lt;LabEnvironment Id="afd904c8-4332-4335-bd1d-55612a5eed76" Name="CMP01-INDIASQA" Uri="vstfs:///LabManagement/LabEnvironment/316"&gt;&lt;LabSystems&gt;&lt;LabSystem Name="CMP01-INDIASQA" ComputerName="CMP01-INDIASQA.horizonhobby.com" Roles="BS2CUIT"&gt;&lt;CustomProperties /&gt;&lt;/LabSystem&gt;&lt;/LabSystems&gt;&lt;/LabEnvironment&gt;</Value>
        </Property>
        <Property>
          <Key>__Tfs_TestConfigurationId__</Key>
          <Value>17</Value>
        </Property>
        <Property>
          <Key>__Tfs_TestPlanId__</Key>
          <Value>13</Value>
        </Property>
        <Property>
          <Key>__Tfs_TestConfigurationName__</Key>
          <Value>Win 7 with IE 11</Value>
        </Property>
        <Property>
          <Key>__Tfs_TestPointId__</Key>
          <Value>110129</Value>
        </Property>
        <Property>
          <Key>__Tfs_TfsServerCollectionUrl__</Key>
          <Value>http://cmp02-app05:8080/tfs/defaultcollection</Value>
        </Property>
        <Property>
          <Key>__Tfs_BuildPlatform__</Key>
          <Value>Any CPU</Value>
        </Property>
        <Property>
          <Key>__Tfs_BuildNumber__</Key>
          <Value>QATestAutomation_20180509.2</Value>
        </Property>
        <Property>
          <Key>__Tfs_BuildFlavor__</Key>
          <Value>Debug</Value>
        </Property>
        <Property>
          <Key>__Tfs_BuildConfigurationId__</Key>
          <Value>26927</Value>
        </Property>
      </Properties>
      <TestMethod codeBase="file://CMP01-YKUMAR/QATestAutomationBuildsDrop/QATestAutomation/QATestAutomation_20180509.2/CartDisplayTest.DLL" adapterTypeName="Microsoft.VisualStudio.TestTools.TestTypes.Unit.UnitTestAdapter, Microsoft.VisualStudio.QualityTools.Tips.UnitTest.Adapter, Version=12.0.0.0, Culture=neutral, PublicKeyToken=b03f5f7f11d50a3a" className="TestAuto.CartDisplayTest, CartDisplayTest, Version=1.0.0.0, Culture=neutral, PublicKeyToken=null" name="CartGiftWrapPopUpModalItemIdentification" />
      <Extension>Microsoft.VisualStudio.TestTools.UITesting.CodedUITestAttribute, Microsoft.VisualStudio.QualityTools.CodedUITestFramework, Version=12.0.0.0, Culture=neutral, PublicKeyToken=b03f5f7f11d50a3a</Extension>
    </UnitTest>
    <UnitTest name="CategoryListShowDropDownBoxOption" storage="\\cmp01-ykumar\qatestautomationbuildsdrop\qatestautomation\qatestautomation_20180509.2\categorylistlevel3.dll" id="daa0770b-fd70-ed39-2458-e344e0fea912">
      <DeploymentItems>
        <DeploymentItem filename="TestData\CategoryListLevel3TestData.xml" />
        <DeploymentItem filename="SharedCommonConfig\SharedCommonConfig.xml" />
      </DeploymentItems>
      <TcmInformation testCaseId="1428" testRunId="26924" testResultId="100023" />
      <Execution id="f099f8a0-e19d-4a11-98b6-fa1c696d1d44" />
      <Properties>
        <Property>
          <Key>__Tfs_BuildUri__</Key>
          <Value>vstfs:///Build/Build/1899</Value>
        </Property>
        <Property>
          <Key>__Tfs_IsInLabEnvironment__</Key>
          <Value>true</Value>
        </Property>
        <Property>
          <Key>__Tfs_TestRunId__</Key>
          <Value>26924</Value>
        </Property>
        <Property>
          <Key>__Tfs_TestCaseId__</Key>
          <Value>1428</Value>
        </Property>
        <Property>
          <Key>__Tfs_TeamProject__</Key>
          <Value>WebSphere</Value>
        </Property>
        <Property>
          <Key>__Tfs_BuildDirectory__</Key>
          <Value>\\CMP01-YKUMAR\QATestAutomationBuildsDrop\QATestAutomation\QATestAutomation_20180509.2</Value>
        </Property>
        <Property>
          <Key>__Tfs_LabEnvironment__</Key>
          <Value>&lt;?xml version="1.0" encoding="utf-16"?&gt;&lt;LabEnvironment Id="afd904c8-4332-4335-bd1d-55612a5eed76" Name="CMP01-INDIASQA" Uri="vstfs:///LabManagement/LabEnvironment/316"&gt;&lt;LabSystems&gt;&lt;LabSystem Name="CMP01-INDIASQA" ComputerName="CMP01-INDIASQA.horizonhobby.com" Roles="BS2CUIT"&gt;&lt;CustomProperties /&gt;&lt;/LabSystem&gt;&lt;/LabSystems&gt;&lt;/LabEnvironment&gt;</Value>
        </Property>
        <Property>
          <Key>__Tfs_TestConfigurationId__</Key>
          <Value>17</Value>
        </Property>
        <Property>
          <Key>__Tfs_TestPlanId__</Key>
          <Value>13</Value>
        </Property>
        <Property>
          <Key>__Tfs_TestConfigurationName__</Key>
          <Value>Win 7 with IE 11</Value>
        </Property>
        <Property>
          <Key>__Tfs_TestPointId__</Key>
          <Value>110135</Value>
        </Property>
        <Property>
          <Key>__Tfs_TfsServerCollectionUrl__</Key>
          <Value>http://cmp02-app05:8080/tfs/defaultcollection</Value>
        </Property>
        <Property>
          <Key>__Tfs_BuildPlatform__</Key>
          <Value>Any CPU</Value>
        </Property>
        <Property>
          <Key>__Tfs_BuildNumber__</Key>
          <Value>QATestAutomation_20180509.2</Value>
        </Property>
        <Property>
          <Key>__Tfs_BuildFlavor__</Key>
          <Value>Debug</Value>
        </Property>
        <Property>
          <Key>__Tfs_BuildConfigurationId__</Key>
          <Value>26927</Value>
        </Property>
      </Properties>
      <TestMethod codeBase="file://CMP01-YKUMAR/QATestAutomationBuildsDrop/QATestAutomation/QATestAutomation_20180509.2/CategoryListLevel3.DLL" adapterTypeName="Microsoft.VisualStudio.TestTools.TestTypes.Unit.UnitTestAdapter, Microsoft.VisualStudio.QualityTools.Tips.UnitTest.Adapter, Version=12.0.0.0, Culture=neutral, PublicKeyToken=b03f5f7f11d50a3a" className="TestAuto.CategoryListLevel3, CategoryListLevel3, Version=1.0.0.0, Culture=neutral, PublicKeyToken=null" name="CategoryListShowDropDownBoxOption" />
      <Extension>Microsoft.VisualStudio.TestTools.UITesting.CodedUITestAttribute, Microsoft.VisualStudio.QualityTools.CodedUITestFramework, Version=12.0.0.0, Culture=neutral, PublicKeyToken=b03f5f7f11d50a3a</Extension>
    </UnitTest>
    <UnitTest name="CartContinueShoppingButton" storage="\\cmp01-ykumar\qatestautomationbuildsdrop\qatestautomation\qatestautomation_20180509.2\cartdisplaytest.dll" id="6391c06d-b460-163e-d393-c1b76f476680">
      <DeploymentItems>
        <DeploymentItem filename="TestData\CartDisplayTestData.xml" />
        <DeploymentItem filename="SharedCommonConfig\SharedCommonConfig.xml" />
      </DeploymentItems>
      <TcmInformation testCaseId="1466" testRunId="26924" testResultId="100038" />
      <Execution id="1db18fae-e26f-4bb8-92f4-6f6cfa0b5dcc" />
      <Properties>
        <Property>
          <Key>__Tfs_BuildUri__</Key>
          <Value>vstfs:///Build/Build/1899</Value>
        </Property>
        <Property>
          <Key>__Tfs_IsInLabEnvironment__</Key>
          <Value>true</Value>
        </Property>
        <Property>
          <Key>__Tfs_TestRunId__</Key>
          <Value>26924</Value>
        </Property>
        <Property>
          <Key>__Tfs_TestCaseId__</Key>
          <Value>1466</Value>
        </Property>
        <Property>
          <Key>__Tfs_TeamProject__</Key>
          <Value>WebSphere</Value>
        </Property>
        <Property>
          <Key>__Tfs_BuildDirectory__</Key>
          <Value>\\CMP01-YKUMAR\QATestAutomationBuildsDrop\QATestAutomation\QATestAutomation_20180509.2</Value>
        </Property>
        <Property>
          <Key>__Tfs_LabEnvironment__</Key>
          <Value>&lt;?xml version="1.0" encoding="utf-16"?&gt;&lt;LabEnvironment Id="afd904c8-4332-4335-bd1d-55612a5eed76" Name="CMP01-INDIASQA" Uri="vstfs:///LabManagement/LabEnvironment/316"&gt;&lt;LabSystems&gt;&lt;LabSystem Name="CMP01-INDIASQA" ComputerName="CMP01-INDIASQA.horizonhobby.com" Roles="BS2CUIT"&gt;&lt;CustomProperties /&gt;&lt;/LabSystem&gt;&lt;/LabSystems&gt;&lt;/LabEnvironment&gt;</Value>
        </Property>
        <Property>
          <Key>__Tfs_TestConfigurationId__</Key>
          <Value>17</Value>
        </Property>
        <Property>
          <Key>__Tfs_TestPlanId__</Key>
          <Value>13</Value>
        </Property>
        <Property>
          <Key>__Tfs_TestConfigurationName__</Key>
          <Value>Win 7 with IE 11</Value>
        </Property>
        <Property>
          <Key>__Tfs_TestPointId__</Key>
          <Value>110153</Value>
        </Property>
        <Property>
          <Key>__Tfs_TfsServerCollectionUrl__</Key>
          <Value>http://cmp02-app05:8080/tfs/defaultcollection</Value>
        </Property>
        <Property>
          <Key>__Tfs_BuildPlatform__</Key>
          <Value>Any CPU</Value>
        </Property>
        <Property>
          <Key>__Tfs_BuildNumber__</Key>
          <Value>QATestAutomation_20180509.2</Value>
        </Property>
        <Property>
          <Key>__Tfs_BuildFlavor__</Key>
          <Value>Debug</Value>
        </Property>
        <Property>
          <Key>__Tfs_BuildConfigurationId__</Key>
          <Value>26927</Value>
        </Property>
      </Properties>
      <TestMethod codeBase="file://CMP01-YKUMAR/QATestAutomationBuildsDrop/QATestAutomation/QATestAutomation_20180509.2/CartDisplayTest.DLL" adapterTypeName="Microsoft.VisualStudio.TestTools.TestTypes.Unit.UnitTestAdapter, Microsoft.VisualStudio.QualityTools.Tips.UnitTest.Adapter, Version=12.0.0.0, Culture=neutral, PublicKeyToken=b03f5f7f11d50a3a" className="TestAuto.CartDisplayTest, CartDisplayTest, Version=1.0.0.0, Culture=neutral, PublicKeyToken=null" name="CartContinueShoppingButton" />
      <Extension>Microsoft.VisualStudio.TestTools.UITesting.CodedUITestAttribute, Microsoft.VisualStudio.QualityTools.CodedUITestFramework, Version=12.0.0.0, Culture=neutral, PublicKeyToken=b03f5f7f11d50a3a</Extension>
    </UnitTest>
    <UnitTest name="ProductAndCartDisplayFormatOversizeDescription" storage="\\cmp01-ykumar\qatestautomationbuildsdrop\qatestautomation\qatestautomation_20180509.2\cartdisplaytest.dll" id="f2742b89-f8e9-a028-0c1a-1e4153ecafeb">
      <DeploymentItems>
        <DeploymentItem filename="TestData\CartDisplayTestData.xml" />
        <DeploymentItem filename="SharedCommonConfig\SharedCommonConfig.xml" />
      </DeploymentItems>
      <TcmInformation testCaseId="1478" testRunId="26924" testResultId="100041" />
      <Execution id="e24ee93b-8a54-4d27-9d0c-ed31067797d4" />
      <Properties>
        <Property>
          <Key>__Tfs_BuildUri__</Key>
          <Value>vstfs:///Build/Build/1899</Value>
        </Property>
        <Property>
          <Key>__Tfs_IsInLabEnvironment__</Key>
          <Value>true</Value>
        </Property>
        <Property>
          <Key>__Tfs_TestRunId__</Key>
          <Value>26924</Value>
        </Property>
        <Property>
          <Key>__Tfs_TestCaseId__</Key>
          <Value>1478</Value>
        </Property>
        <Property>
          <Key>__Tfs_TeamProject__</Key>
          <Value>WebSphere</Value>
        </Property>
        <Property>
          <Key>__Tfs_BuildDirectory__</Key>
          <Value>\\CMP01-YKUMAR\QATestAutomationBuildsDrop\QATestAutomation\QATestAutomation_20180509.2</Value>
        </Property>
        <Property>
          <Key>__Tfs_LabEnvironment__</Key>
          <Value>&lt;?xml version="1.0" encoding="utf-16"?&gt;&lt;LabEnvironment Id="afd904c8-4332-4335-bd1d-55612a5eed76" Name="CMP01-INDIASQA" Uri="vstfs:///LabManagement/LabEnvironment/316"&gt;&lt;LabSystems&gt;&lt;LabSystem Name="CMP01-INDIASQA" ComputerName="CMP01-INDIASQA.horizonhobby.com" Roles="BS2CUIT"&gt;&lt;CustomProperties /&gt;&lt;/LabSystem&gt;&lt;/LabSystems&gt;&lt;/LabEnvironment&gt;</Value>
        </Property>
        <Property>
          <Key>__Tfs_TestConfigurationId__</Key>
          <Value>17</Value>
        </Property>
        <Property>
          <Key>__Tfs_TestPlanId__</Key>
          <Value>13</Value>
        </Property>
        <Property>
          <Key>__Tfs_TestConfigurationName__</Key>
          <Value>Win 7 with IE 11</Value>
        </Property>
        <Property>
          <Key>__Tfs_TestPointId__</Key>
          <Value>110159</Value>
        </Property>
        <Property>
          <Key>__Tfs_TfsServerCollectionUrl__</Key>
          <Value>http://cmp02-app05:8080/tfs/defaultcollection</Value>
        </Property>
        <Property>
          <Key>__Tfs_BuildPlatform__</Key>
          <Value>Any CPU</Value>
        </Property>
        <Property>
          <Key>__Tfs_BuildNumber__</Key>
          <Value>QATestAutomation_20180509.2</Value>
        </Property>
        <Property>
          <Key>__Tfs_BuildFlavor__</Key>
          <Value>Debug</Value>
        </Property>
        <Property>
          <Key>__Tfs_BuildConfigurationId__</Key>
          <Value>26927</Value>
        </Property>
      </Properties>
      <TestMethod codeBase="file://CMP01-YKUMAR/QATestAutomationBuildsDrop/QATestAutomation/QATestAutomation_20180509.2/CartDisplayTest.DLL" adapterTypeName="Microsoft.VisualStudio.TestTools.TestTypes.Unit.UnitTestAdapter, Microsoft.VisualStudio.QualityTools.Tips.UnitTest.Adapter, Version=12.0.0.0, Culture=neutral, PublicKeyToken=b03f5f7f11d50a3a" className="TestAuto.CartDisplayTest, CartDisplayTest, Version=1.0.0.0, Culture=neutral, PublicKeyToken=null" name="ProductAndCartDisplayFormatOversizeDescription" />
      <Extension>Microsoft.VisualStudio.TestTools.UITesting.CodedUITestAttribute, Microsoft.VisualStudio.QualityTools.CodedUITestFramework, Version=12.0.0.0, Culture=neutral, PublicKeyToken=b03f5f7f11d50a3a</Extension>
    </UnitTest>
    <UnitTest name="CheckoutPaymentOptionsCCEntryFileds" storage="\\cmp01-ykumar\qatestautomationbuildsdrop\qatestautomation\qatestautomation_20180509.2\checkout_test.dll" id="aacaa16a-645d-772d-893f-e4dd2f2aa6ae">
      <DeploymentItems>
        <DeploymentItem filename="TestData\CheckoutCommonTestData.xml" />
        <DeploymentItem filename="SharedCommonConfig\SharedCommonConfig.xml" />
      </DeploymentItems>
      <TcmInformation testCaseId="1556" testRunId="26924" testResultId="100055" />
      <Execution id="cdfa889f-5e4c-4f80-9040-d568810f8efd" />
      <Properties>
        <Property>
          <Key>__Tfs_BuildUri__</Key>
          <Value>vstfs:///Build/Build/1899</Value>
        </Property>
        <Property>
          <Key>__Tfs_IsInLabEnvironment__</Key>
          <Value>true</Value>
        </Property>
        <Property>
          <Key>__Tfs_TestRunId__</Key>
          <Value>26924</Value>
        </Property>
        <Property>
          <Key>__Tfs_TestCaseId__</Key>
          <Value>1556</Value>
        </Property>
        <Property>
          <Key>__Tfs_TeamProject__</Key>
          <Value>WebSphere</Value>
        </Property>
        <Property>
          <Key>__Tfs_BuildDirectory__</Key>
          <Value>\\CMP01-YKUMAR\QATestAutomationBuildsDrop\QATestAutomation\QATestAutomation_20180509.2</Value>
        </Property>
        <Property>
          <Key>__Tfs_LabEnvironment__</Key>
          <Value>&lt;?xml version="1.0" encoding="utf-16"?&gt;&lt;LabEnvironment Id="afd904c8-4332-4335-bd1d-55612a5eed76" Name="CMP01-INDIASQA" Uri="vstfs:///LabManagement/LabEnvironment/316"&gt;&lt;LabSystems&gt;&lt;LabSystem Name="CMP01-INDIASQA" ComputerName="CMP01-INDIASQA.horizonhobby.com" Roles="BS2CUIT"&gt;&lt;CustomProperties /&gt;&lt;/LabSystem&gt;&lt;/LabSystems&gt;&lt;/LabEnvironment&gt;</Value>
        </Property>
        <Property>
          <Key>__Tfs_TestConfigurationId__</Key>
          <Value>17</Value>
        </Property>
        <Property>
          <Key>__Tfs_TestPlanId__</Key>
          <Value>13</Value>
        </Property>
        <Property>
          <Key>__Tfs_TestConfigurationName__</Key>
          <Value>Win 7 with IE 11</Value>
        </Property>
        <Property>
          <Key>__Tfs_TestPointId__</Key>
          <Value>110179</Value>
        </Property>
        <Property>
          <Key>__Tfs_TfsServerCollectionUrl__</Key>
          <Value>http://cmp02-app05:8080/tfs/defaultcollection</Value>
        </Property>
        <Property>
          <Key>__Tfs_BuildPlatform__</Key>
          <Value>Any CPU</Value>
        </Property>
        <Property>
          <Key>__Tfs_BuildNumber__</Key>
          <Value>QATestAutomation_20180509.2</Value>
        </Property>
        <Property>
          <Key>__Tfs_BuildFlavor__</Key>
          <Value>Debug</Value>
        </Property>
        <Property>
          <Key>__Tfs_BuildConfigurationId__</Key>
          <Value>26927</Value>
        </Property>
      </Properties>
      <TestMethod codeBase="file://CMP01-YKUMAR/QATestAutomationBuildsDrop/QATestAutomation/QATestAutomation_20180509.2/Checkout_Test.DLL" adapterTypeName="Microsoft.VisualStudio.TestTools.TestTypes.Unit.UnitTestAdapter, Microsoft.VisualStudio.QualityTools.Tips.UnitTest.Adapter, Version=12.0.0.0, Culture=neutral, PublicKeyToken=b03f5f7f11d50a3a" className="TestAuto.HHBvtSmokeTest, Checkout_Test, Version=1.0.0.0, Culture=neutral, PublicKeyToken=null" name="CheckoutPaymentOptionsCCEntryFileds" />
      <Extension>Microsoft.VisualStudio.TestTools.UITesting.CodedUITestAttribute, Microsoft.VisualStudio.QualityTools.CodedUITestFramework, Version=12.0.0.0, Culture=neutral, PublicKeyToken=b03f5f7f11d50a3a</Extension>
    </UnitTest>
    <UnitTest name="ProductPagePublishedAndBuyableFlags" storage="\\cmp01-ykumar\qatestautomationbuildsdrop\qatestautomation\qatestautomation_20180509.2\productpagetest.dll" id="34343980-84e0-a178-3a2b-f2ef3319a92a">
      <DeploymentItems>
        <DeploymentItem filename="TestData\ProductPageTestData.xml" />
        <DeploymentItem filename="SharedCommonConfig\SharedCommonConfig.xml" />
      </DeploymentItems>
      <TcmInformation testCaseId="1450" testRunId="26924" testResultId="100033" />
      <Execution id="d33f718a-0492-4296-8f46-7f798318c985" />
      <Properties>
        <Property>
          <Key>__Tfs_BuildUri__</Key>
          <Value>vstfs:///Build/Build/1899</Value>
        </Property>
        <Property>
          <Key>__Tfs_IsInLabEnvironment__</Key>
          <Value>true</Value>
        </Property>
        <Property>
          <Key>__Tfs_TestRunId__</Key>
          <Value>26924</Value>
        </Property>
        <Property>
          <Key>__Tfs_TestCaseId__</Key>
          <Value>1450</Value>
        </Property>
        <Property>
          <Key>__Tfs_TeamProject__</Key>
          <Value>WebSphere</Value>
        </Property>
        <Property>
          <Key>__Tfs_BuildDirectory__</Key>
          <Value>\\CMP01-YKUMAR\QATestAutomationBuildsDrop\QATestAutomation\QATestAutomation_20180509.2</Value>
        </Property>
        <Property>
          <Key>__Tfs_LabEnvironment__</Key>
          <Value>&lt;?xml version="1.0" encoding="utf-16"?&gt;&lt;LabEnvironment Id="afd904c8-4332-4335-bd1d-55612a5eed76" Name="CMP01-INDIASQA" Uri="vstfs:///LabManagement/LabEnvironment/316"&gt;&lt;LabSystems&gt;&lt;LabSystem Name="CMP01-INDIASQA" ComputerName="CMP01-INDIASQA.horizonhobby.com" Roles="BS2CUIT"&gt;&lt;CustomProperties /&gt;&lt;/LabSystem&gt;&lt;/LabSystems&gt;&lt;/LabEnvironment&gt;</Value>
        </Property>
        <Property>
          <Key>__Tfs_TestConfigurationId__</Key>
          <Value>17</Value>
        </Property>
        <Property>
          <Key>__Tfs_TestPlanId__</Key>
          <Value>13</Value>
        </Property>
        <Property>
          <Key>__Tfs_TestConfigurationName__</Key>
          <Value>Win 7 with IE 11</Value>
        </Property>
        <Property>
          <Key>__Tfs_TestPointId__</Key>
          <Value>110146</Value>
        </Property>
        <Property>
          <Key>__Tfs_TfsServerCollectionUrl__</Key>
          <Value>http://cmp02-app05:8080/tfs/defaultcollection</Value>
        </Property>
        <Property>
          <Key>__Tfs_BuildPlatform__</Key>
          <Value>Any CPU</Value>
        </Property>
        <Property>
          <Key>__Tfs_BuildNumber__</Key>
          <Value>QATestAutomation_20180509.2</Value>
        </Property>
        <Property>
          <Key>__Tfs_BuildFlavor__</Key>
          <Value>Debug</Value>
        </Property>
        <Property>
          <Key>__Tfs_BuildConfigurationId__</Key>
          <Value>26927</Value>
        </Property>
      </Properties>
      <TestMethod codeBase="file://CMP01-YKUMAR/QATestAutomationBuildsDrop/QATestAutomation/QATestAutomation_20180509.2/ProductPageTest.DLL" adapterTypeName="Microsoft.VisualStudio.TestTools.TestTypes.Unit.UnitTestAdapter, Microsoft.VisualStudio.QualityTools.Tips.UnitTest.Adapter, Version=12.0.0.0, Culture=neutral, PublicKeyToken=b03f5f7f11d50a3a" className="TestAuto.ProductPageTest, ProductPageTest, Version=1.0.0.0, Culture=neutral, PublicKeyToken=null" name="ProductPagePublishedAndBuyableFlags" />
      <Extension>Microsoft.VisualStudio.TestTools.UITesting.CodedUITestAttribute, Microsoft.VisualStudio.QualityTools.CodedUITestFramework, Version=12.0.0.0, Culture=neutral, PublicKeyToken=b03f5f7f11d50a3a</Extension>
    </UnitTest>
    <UnitTest name="GlobalSettingsAmountRemainingUntilFreeShipping" storage="\\cmp01-ykumar\qatestautomationbuildsdrop\qatestautomation\qatestautomation_20180509.2\globalsettings.dll" id="f9626e12-dcc7-12ab-2753-5166d5220381">
      <DeploymentItems>
        <DeploymentItem filename="TestData\GlobalSettingsTestData.xml" />
        <DeploymentItem filename="SharedCommonConfig\SharedCommonConfig.xml" />
      </DeploymentItems>
      <TcmInformation testCaseId="1364" testRunId="26924" testResultId="100007" />
      <Execution id="f69e7f1e-643d-438d-8629-9d00a7ab3a62" />
      <Properties>
        <Property>
          <Key>__Tfs_BuildUri__</Key>
          <Value>vstfs:///Build/Build/1899</Value>
        </Property>
        <Property>
          <Key>__Tfs_IsInLabEnvironment__</Key>
          <Value>true</Value>
        </Property>
        <Property>
          <Key>__Tfs_TestRunId__</Key>
          <Value>26924</Value>
        </Property>
        <Property>
          <Key>__Tfs_TestCaseId__</Key>
          <Value>1364</Value>
        </Property>
        <Property>
          <Key>__Tfs_TeamProject__</Key>
          <Value>WebSphere</Value>
        </Property>
        <Property>
          <Key>__Tfs_BuildDirectory__</Key>
          <Value>\\CMP01-YKUMAR\QATestAutomationBuildsDrop\QATestAutomation\QATestAutomation_20180509.2</Value>
        </Property>
        <Property>
          <Key>__Tfs_LabEnvironment__</Key>
          <Value>&lt;?xml version="1.0" encoding="utf-16"?&gt;&lt;LabEnvironment Id="afd904c8-4332-4335-bd1d-55612a5eed76" Name="CMP01-INDIASQA" Uri="vstfs:///LabManagement/LabEnvironment/316"&gt;&lt;LabSystems&gt;&lt;LabSystem Name="CMP01-INDIASQA" ComputerName="CMP01-INDIASQA.horizonhobby.com" Roles="BS2CUIT"&gt;&lt;CustomProperties /&gt;&lt;/LabSystem&gt;&lt;/LabSystems&gt;&lt;/LabEnvironment&gt;</Value>
        </Property>
        <Property>
          <Key>__Tfs_TestConfigurationId__</Key>
          <Value>17</Value>
        </Property>
        <Property>
          <Key>__Tfs_TestPlanId__</Key>
          <Value>13</Value>
        </Property>
        <Property>
          <Key>__Tfs_TestConfigurationName__</Key>
          <Value>Win 7 with IE 11</Value>
        </Property>
        <Property>
          <Key>__Tfs_TestPointId__</Key>
          <Value>110115</Value>
        </Property>
        <Property>
          <Key>__Tfs_TfsServerCollectionUrl__</Key>
          <Value>http://cmp02-app05:8080/tfs/defaultcollection</Value>
        </Property>
        <Property>
          <Key>__Tfs_BuildPlatform__</Key>
          <Value>Any CPU</Value>
        </Property>
        <Property>
          <Key>__Tfs_BuildNumber__</Key>
          <Value>QATestAutomation_20180509.2</Value>
        </Property>
        <Property>
          <Key>__Tfs_BuildFlavor__</Key>
          <Value>Debug</Value>
        </Property>
        <Property>
          <Key>__Tfs_BuildConfigurationId__</Key>
          <Value>26927</Value>
        </Property>
      </Properties>
      <TestMethod codeBase="file://CMP01-YKUMAR/QATestAutomationBuildsDrop/QATestAutomation/QATestAutomation_20180509.2/GlobalSettings.DLL" adapterTypeName="Microsoft.VisualStudio.TestTools.TestTypes.Unit.UnitTestAdapter, Microsoft.VisualStudio.QualityTools.Tips.UnitTest.Adapter, Version=12.0.0.0, Culture=neutral, PublicKeyToken=b03f5f7f11d50a3a" className="TestAuto.GlobalSettings, GlobalSettings, Version=1.0.0.0, Culture=neutral, PublicKeyToken=null" name="GlobalSettingsAmountRemainingUntilFreeShipping" />
      <Extension>Microsoft.VisualStudio.TestTools.UITesting.CodedUITestAttribute, Microsoft.VisualStudio.QualityTools.CodedUITestFramework, Version=12.0.0.0, Culture=neutral, PublicKeyToken=b03f5f7f11d50a3a</Extension>
    </UnitTest>
    <UnitTest name="GlobalSettingsSignIn" storage="\\cmp01-ykumar\qatestautomationbuildsdrop\qatestautomation\qatestautomation_20180509.2\globalsettings.dll" id="64bb899a-bd56-2f16-8f64-01798bc898de">
      <DeploymentItems>
        <DeploymentItem filename="TestData\GlobalSettingsTestData.xml" />
        <DeploymentItem filename="SharedCommonConfig\SharedCommonConfig.xml" />
      </DeploymentItems>
      <TcmInformation testCaseId="1347" testRunId="26924" testResultId="100003" />
      <Execution id="7b03fa33-1210-4653-8792-54d0d7e3ae6b" />
      <Properties>
        <Property>
          <Key>__Tfs_BuildUri__</Key>
          <Value>vstfs:///Build/Build/1899</Value>
        </Property>
        <Property>
          <Key>__Tfs_IsInLabEnvironment__</Key>
          <Value>true</Value>
        </Property>
        <Property>
          <Key>__Tfs_TestRunId__</Key>
          <Value>26924</Value>
        </Property>
        <Property>
          <Key>__Tfs_TestCaseId__</Key>
          <Value>1347</Value>
        </Property>
        <Property>
          <Key>__Tfs_TeamProject__</Key>
          <Value>WebSphere</Value>
        </Property>
        <Property>
          <Key>__Tfs_BuildDirectory__</Key>
          <Value>\\CMP01-YKUMAR\QATestAutomationBuildsDrop\QATestAutomation\QATestAutomation_20180509.2</Value>
        </Property>
        <Property>
          <Key>__Tfs_LabEnvironment__</Key>
          <Value>&lt;?xml version="1.0" encoding="utf-16"?&gt;&lt;LabEnvironment Id="afd904c8-4332-4335-bd1d-55612a5eed76" Name="CMP01-INDIASQA" Uri="vstfs:///LabManagement/LabEnvironment/316"&gt;&lt;LabSystems&gt;&lt;LabSystem Name="CMP01-INDIASQA" ComputerName="CMP01-INDIASQA.horizonhobby.com" Roles="BS2CUIT"&gt;&lt;CustomProperties /&gt;&lt;/LabSystem&gt;&lt;/LabSystems&gt;&lt;/LabEnvironment&gt;</Value>
        </Property>
        <Property>
          <Key>__Tfs_TestConfigurationId__</Key>
          <Value>17</Value>
        </Property>
        <Property>
          <Key>__Tfs_TestPlanId__</Key>
          <Value>13</Value>
        </Property>
        <Property>
          <Key>__Tfs_TestConfigurationName__</Key>
          <Value>Win 7 with IE 11</Value>
        </Property>
        <Property>
          <Key>__Tfs_TestPointId__</Key>
          <Value>110332</Value>
        </Property>
        <Property>
          <Key>__Tfs_TfsServerCollectionUrl__</Key>
          <Value>http://cmp02-app05:8080/tfs/defaultcollection</Value>
        </Property>
        <Property>
          <Key>__Tfs_BuildPlatform__</Key>
          <Value>Any CPU</Value>
        </Property>
        <Property>
          <Key>__Tfs_BuildNumber__</Key>
          <Value>QATestAutomation_20180509.2</Value>
        </Property>
        <Property>
          <Key>__Tfs_BuildFlavor__</Key>
          <Value>Debug</Value>
        </Property>
        <Property>
          <Key>__Tfs_BuildConfigurationId__</Key>
          <Value>26927</Value>
        </Property>
      </Properties>
      <TestMethod codeBase="file://CMP01-YKUMAR/QATestAutomationBuildsDrop/QATestAutomation/QATestAutomation_20180509.2/GlobalSettings.DLL" adapterTypeName="Microsoft.VisualStudio.TestTools.TestTypes.Unit.UnitTestAdapter, Microsoft.VisualStudio.QualityTools.Tips.UnitTest.Adapter, Version=12.0.0.0, Culture=neutral, PublicKeyToken=b03f5f7f11d50a3a" className="TestAuto.GlobalSettings, GlobalSettings, Version=1.0.0.0, Culture=neutral, PublicKeyToken=null" name="GlobalSettingsSignIn" />
      <Extension>Microsoft.VisualStudio.TestTools.UITesting.CodedUITestAttribute, Microsoft.VisualStudio.QualityTools.CodedUITestFramework, Version=12.0.0.0, Culture=neutral, PublicKeyToken=b03f5f7f11d50a3a</Extension>
    </UnitTest>
    <UnitTest name="PayPalCheckoutAPOFPOAddress" storage="\\cmp01-ykumar\qatestautomationbuildsdrop\qatestautomation\qatestautomation_20180509.2\checkout_test.dll" id="8b8bc6f6-6610-37ce-c0a4-7717e5798697">
      <DeploymentItems>
        <DeploymentItem filename="TestData\CheckoutPaypalTestData.xml" />
        <DeploymentItem filename="SharedCommonConfig\SharedCommonConfig.xml" />
      </DeploymentItems>
      <TcmInformation testCaseId="1569" testRunId="26924" testResultId="100059" />
      <Execution id="421eb9b6-f4d7-4dcf-b4a6-ce7c5bc8ad55" />
      <Properties>
        <Property>
          <Key>__Tfs_BuildUri__</Key>
          <Value>vstfs:///Build/Build/1899</Value>
        </Property>
        <Property>
          <Key>__Tfs_IsInLabEnvironment__</Key>
          <Value>true</Value>
        </Property>
        <Property>
          <Key>__Tfs_TestRunId__</Key>
          <Value>26924</Value>
        </Property>
        <Property>
          <Key>__Tfs_TestCaseId__</Key>
          <Value>1569</Value>
        </Property>
        <Property>
          <Key>__Tfs_TeamProject__</Key>
          <Value>WebSphere</Value>
        </Property>
        <Property>
          <Key>__Tfs_BuildDirectory__</Key>
          <Value>\\CMP01-YKUMAR\QATestAutomationBuildsDrop\QATestAutomation\QATestAutomation_20180509.2</Value>
        </Property>
        <Property>
          <Key>__Tfs_LabEnvironment__</Key>
          <Value>&lt;?xml version="1.0" encoding="utf-16"?&gt;&lt;LabEnvironment Id="afd904c8-4332-4335-bd1d-55612a5eed76" Name="CMP01-INDIASQA" Uri="vstfs:///LabManagement/LabEnvironment/316"&gt;&lt;LabSystems&gt;&lt;LabSystem Name="CMP01-INDIASQA" ComputerName="CMP01-INDIASQA.horizonhobby.com" Roles="BS2CUIT"&gt;&lt;CustomProperties /&gt;&lt;/LabSystem&gt;&lt;/LabSystems&gt;&lt;/LabEnvironment&gt;</Value>
        </Property>
        <Property>
          <Key>__Tfs_TestConfigurationId__</Key>
          <Value>17</Value>
        </Property>
        <Property>
          <Key>__Tfs_TestPlanId__</Key>
          <Value>13</Value>
        </Property>
        <Property>
          <Key>__Tfs_TestConfigurationName__</Key>
          <Value>Win 7 with IE 11</Value>
        </Property>
        <Property>
          <Key>__Tfs_TestPointId__</Key>
          <Value>110182</Value>
        </Property>
        <Property>
          <Key>__Tfs_TfsServerCollectionUrl__</Key>
          <Value>http://cmp02-app05:8080/tfs/defaultcollection</Value>
        </Property>
        <Property>
          <Key>__Tfs_BuildPlatform__</Key>
          <Value>Any CPU</Value>
        </Property>
        <Property>
          <Key>__Tfs_BuildNumber__</Key>
          <Value>QATestAutomation_20180509.2</Value>
        </Property>
        <Property>
          <Key>__Tfs_BuildFlavor__</Key>
          <Value>Debug</Value>
        </Property>
        <Property>
          <Key>__Tfs_BuildConfigurationId__</Key>
          <Value>26927</Value>
        </Property>
      </Properties>
      <TestMethod codeBase="file://CMP01-YKUMAR/QATestAutomationBuildsDrop/QATestAutomation/QATestAutomation_20180509.2/Checkout_Test.DLL" adapterTypeName="Microsoft.VisualStudio.TestTools.TestTypes.Unit.UnitTestAdapter, Microsoft.VisualStudio.QualityTools.Tips.UnitTest.Adapter, Version=12.0.0.0, Culture=neutral, PublicKeyToken=b03f5f7f11d50a3a" className="TestAuto.CheckoutPayPal, Checkout_Test, Version=1.0.0.0, Culture=neutral, PublicKeyToken=null" name="PayPalCheckoutAPOFPOAddress" />
      <Extension>Microsoft.VisualStudio.TestTools.UITesting.CodedUITestAttribute, Microsoft.VisualStudio.QualityTools.CodedUITestFramework, Version=12.0.0.0, Culture=neutral, PublicKeyToken=b03f5f7f11d50a3a</Extension>
    </UnitTest>
    <UnitTest name="CategoryListPaginationTopOfPage" storage="\\cmp01-ykumar\qatestautomationbuildsdrop\qatestautomation\qatestautomation_20180509.2\categorylistlevel3.dll" id="076e3948-b3b6-768f-48b9-94366a2bd839">
      <DeploymentItems>
        <DeploymentItem filename="TestData\CategoryListLevel3TestData.xml" />
        <DeploymentItem filename="SharedCommonConfig\SharedCommonConfig.xml" />
      </DeploymentItems>
      <TcmInformation testCaseId="1424" testRunId="26924" testResultId="100022" />
      <Execution id="78047f10-c46f-42c1-b685-40756e0e68b7" />
      <Properties>
        <Property>
          <Key>__Tfs_BuildUri__</Key>
          <Value>vstfs:///Build/Build/1899</Value>
        </Property>
        <Property>
          <Key>__Tfs_IsInLabEnvironment__</Key>
          <Value>true</Value>
        </Property>
        <Property>
          <Key>__Tfs_TestRunId__</Key>
          <Value>26924</Value>
        </Property>
        <Property>
          <Key>__Tfs_TestCaseId__</Key>
          <Value>1424</Value>
        </Property>
        <Property>
          <Key>__Tfs_TeamProject__</Key>
          <Value>WebSphere</Value>
        </Property>
        <Property>
          <Key>__Tfs_BuildDirectory__</Key>
          <Value>\\CMP01-YKUMAR\QATestAutomationBuildsDrop\QATestAutomation\QATestAutomation_20180509.2</Value>
        </Property>
        <Property>
          <Key>__Tfs_LabEnvironment__</Key>
          <Value>&lt;?xml version="1.0" encoding="utf-16"?&gt;&lt;LabEnvironment Id="afd904c8-4332-4335-bd1d-55612a5eed76" Name="CMP01-INDIASQA" Uri="vstfs:///LabManagement/LabEnvironment/316"&gt;&lt;LabSystems&gt;&lt;LabSystem Name="CMP01-INDIASQA" ComputerName="CMP01-INDIASQA.horizonhobby.com" Roles="BS2CUIT"&gt;&lt;CustomProperties /&gt;&lt;/LabSystem&gt;&lt;/LabSystems&gt;&lt;/LabEnvironment&gt;</Value>
        </Property>
        <Property>
          <Key>__Tfs_TestConfigurationId__</Key>
          <Value>17</Value>
        </Property>
        <Property>
          <Key>__Tfs_TestPlanId__</Key>
          <Value>13</Value>
        </Property>
        <Property>
          <Key>__Tfs_TestConfigurationName__</Key>
          <Value>Win 7 with IE 11</Value>
        </Property>
        <Property>
          <Key>__Tfs_TestPointId__</Key>
          <Value>110134</Value>
        </Property>
        <Property>
          <Key>__Tfs_TfsServerCollectionUrl__</Key>
          <Value>http://cmp02-app05:8080/tfs/defaultcollection</Value>
        </Property>
        <Property>
          <Key>__Tfs_BuildPlatform__</Key>
          <Value>Any CPU</Value>
        </Property>
        <Property>
          <Key>__Tfs_BuildNumber__</Key>
          <Value>QATestAutomation_20180509.2</Value>
        </Property>
        <Property>
          <Key>__Tfs_BuildFlavor__</Key>
          <Value>Debug</Value>
        </Property>
        <Property>
          <Key>__Tfs_BuildConfigurationId__</Key>
          <Value>26927</Value>
        </Property>
      </Properties>
      <TestMethod codeBase="file://CMP01-YKUMAR/QATestAutomationBuildsDrop/QATestAutomation/QATestAutomation_20180509.2/CategoryListLevel3.DLL" adapterTypeName="Microsoft.VisualStudio.TestTools.TestTypes.Unit.UnitTestAdapter, Microsoft.VisualStudio.QualityTools.Tips.UnitTest.Adapter, Version=12.0.0.0, Culture=neutral, PublicKeyToken=b03f5f7f11d50a3a" className="TestAuto.CategoryListLevel3, CategoryListLevel3, Version=1.0.0.0, Culture=neutral, PublicKeyToken=null" name="CategoryListPaginationTopOfPage" />
      <Extension>Microsoft.VisualStudio.TestTools.UITesting.CodedUITestAttribute, Microsoft.VisualStudio.QualityTools.CodedUITestFramework, Version=12.0.0.0, Culture=neutral, PublicKeyToken=b03f5f7f11d50a3a</Extension>
    </UnitTest>
    <UnitTest name="ProductPageStockStatusDisplay" storage="\\cmp01-ykumar\qatestautomationbuildsdrop\qatestautomation\qatestautomation_20180509.2\productpagetest.dll" id="97142ab2-1ddd-37f6-d47c-ff8c21855981">
      <DeploymentItems>
        <DeploymentItem filename="TestData\ProductPageTestData.xml" />
        <DeploymentItem filename="SharedCommonConfig\SharedCommonConfig.xml" />
      </DeploymentItems>
      <TcmInformation testCaseId="1586" testRunId="26924" testResultId="100066" />
      <Execution id="463c9e69-6875-4f45-b419-6bef0767fafe" />
      <Properties>
        <Property>
          <Key>__Tfs_BuildUri__</Key>
          <Value>vstfs:///Build/Build/1899</Value>
        </Property>
        <Property>
          <Key>__Tfs_IsInLabEnvironment__</Key>
          <Value>true</Value>
        </Property>
        <Property>
          <Key>__Tfs_TestRunId__</Key>
          <Value>26924</Value>
        </Property>
        <Property>
          <Key>__Tfs_TestCaseId__</Key>
          <Value>1586</Value>
        </Property>
        <Property>
          <Key>__Tfs_TeamProject__</Key>
          <Value>WebSphere</Value>
        </Property>
        <Property>
          <Key>__Tfs_BuildDirectory__</Key>
          <Value>\\CMP01-YKUMAR\QATestAutomationBuildsDrop\QATestAutomation\QATestAutomation_20180509.2</Value>
        </Property>
        <Property>
          <Key>__Tfs_LabEnvironment__</Key>
          <Value>&lt;?xml version="1.0" encoding="utf-16"?&gt;&lt;LabEnvironment Id="afd904c8-4332-4335-bd1d-55612a5eed76" Name="CMP01-INDIASQA" Uri="vstfs:///LabManagement/LabEnvironment/316"&gt;&lt;LabSystems&gt;&lt;LabSystem Name="CMP01-INDIASQA" ComputerName="CMP01-INDIASQA.horizonhobby.com" Roles="BS2CUIT"&gt;&lt;CustomProperties /&gt;&lt;/LabSystem&gt;&lt;/LabSystems&gt;&lt;/LabEnvironment&gt;</Value>
        </Property>
        <Property>
          <Key>__Tfs_TestConfigurationId__</Key>
          <Value>17</Value>
        </Property>
        <Property>
          <Key>__Tfs_TestPlanId__</Key>
          <Value>13</Value>
        </Property>
        <Property>
          <Key>__Tfs_TestConfigurationName__</Key>
          <Value>Win 7 with IE 11</Value>
        </Property>
        <Property>
          <Key>__Tfs_TestPointId__</Key>
          <Value>110184</Value>
        </Property>
        <Property>
          <Key>__Tfs_TfsServerCollectionUrl__</Key>
          <Value>http://cmp02-app05:8080/tfs/defaultcollection</Value>
        </Property>
        <Property>
          <Key>__Tfs_BuildPlatform__</Key>
          <Value>Any CPU</Value>
        </Property>
        <Property>
          <Key>__Tfs_BuildNumber__</Key>
          <Value>QATestAutomation_20180509.2</Value>
        </Property>
        <Property>
          <Key>__Tfs_BuildFlavor__</Key>
          <Value>Debug</Value>
        </Property>
        <Property>
          <Key>__Tfs_BuildConfigurationId__</Key>
          <Value>26927</Value>
        </Property>
      </Properties>
      <TestMethod codeBase="file://CMP01-YKUMAR/QATestAutomationBuildsDrop/QATestAutomation/QATestAutomation_20180509.2/ProductPageTest.DLL" adapterTypeName="Microsoft.VisualStudio.TestTools.TestTypes.Unit.UnitTestAdapter, Microsoft.VisualStudio.QualityTools.Tips.UnitTest.Adapter, Version=12.0.0.0, Culture=neutral, PublicKeyToken=b03f5f7f11d50a3a" className="TestAuto.ProductPageTest, ProductPageTest, Version=1.0.0.0, Culture=neutral, PublicKeyToken=null" name="ProductPageStockStatusDisplay" />
      <Extension>Microsoft.VisualStudio.TestTools.UITesting.CodedUITestAttribute, Microsoft.VisualStudio.QualityTools.CodedUITestFramework, Version=12.0.0.0, Culture=neutral, PublicKeyToken=b03f5f7f11d50a3a</Extension>
    </UnitTest>
    <UnitTest name="CartPromoCodeExplanation" storage="\\cmp01-ykumar\qatestautomationbuildsdrop\qatestautomation\qatestautomation_20180509.2\cartdisplaytest.dll" id="8a43420a-b871-69d4-bc1d-7f8d58a2ef21">
      <DeploymentItems>
        <DeploymentItem filename="TestData\CartDisplayTestData.xml" />
        <DeploymentItem filename="SharedCommonConfig\SharedCommonConfig.xml" />
      </DeploymentItems>
      <TcmInformation testCaseId="1530" testRunId="26924" testResultId="100050" />
      <Execution id="4ef5e805-7c18-49f3-874b-d608b215f133" />
      <Properties>
        <Property>
          <Key>__Tfs_BuildUri__</Key>
          <Value>vstfs:///Build/Build/1899</Value>
        </Property>
        <Property>
          <Key>__Tfs_IsInLabEnvironment__</Key>
          <Value>true</Value>
        </Property>
        <Property>
          <Key>__Tfs_TestRunId__</Key>
          <Value>26924</Value>
        </Property>
        <Property>
          <Key>__Tfs_TestCaseId__</Key>
          <Value>1530</Value>
        </Property>
        <Property>
          <Key>__Tfs_TeamProject__</Key>
          <Value>WebSphere</Value>
        </Property>
        <Property>
          <Key>__Tfs_BuildDirectory__</Key>
          <Value>\\CMP01-YKUMAR\QATestAutomationBuildsDrop\QATestAutomation\QATestAutomation_20180509.2</Value>
        </Property>
        <Property>
          <Key>__Tfs_LabEnvironment__</Key>
          <Value>&lt;?xml version="1.0" encoding="utf-16"?&gt;&lt;LabEnvironment Id="afd904c8-4332-4335-bd1d-55612a5eed76" Name="CMP01-INDIASQA" Uri="vstfs:///LabManagement/LabEnvironment/316"&gt;&lt;LabSystems&gt;&lt;LabSystem Name="CMP01-INDIASQA" ComputerName="CMP01-INDIASQA.horizonhobby.com" Roles="BS2CUIT"&gt;&lt;CustomProperties /&gt;&lt;/LabSystem&gt;&lt;/LabSystems&gt;&lt;/LabEnvironment&gt;</Value>
        </Property>
        <Property>
          <Key>__Tfs_TestConfigurationId__</Key>
          <Value>17</Value>
        </Property>
        <Property>
          <Key>__Tfs_TestPlanId__</Key>
          <Value>13</Value>
        </Property>
        <Property>
          <Key>__Tfs_TestConfigurationName__</Key>
          <Value>Win 7 with IE 11</Value>
        </Property>
        <Property>
          <Key>__Tfs_TestPointId__</Key>
          <Value>110175</Value>
        </Property>
        <Property>
          <Key>__Tfs_TfsServerCollectionUrl__</Key>
          <Value>http://cmp02-app05:8080/tfs/defaultcollection</Value>
        </Property>
        <Property>
          <Key>__Tfs_BuildPlatform__</Key>
          <Value>Any CPU</Value>
        </Property>
        <Property>
          <Key>__Tfs_BuildNumber__</Key>
          <Value>QATestAutomation_20180509.2</Value>
        </Property>
        <Property>
          <Key>__Tfs_BuildFlavor__</Key>
          <Value>Debug</Value>
        </Property>
        <Property>
          <Key>__Tfs_BuildConfigurationId__</Key>
          <Value>26927</Value>
        </Property>
      </Properties>
      <TestMethod codeBase="file://CMP01-YKUMAR/QATestAutomationBuildsDrop/QATestAutomation/QATestAutomation_20180509.2/CartDisplayTest.DLL" adapterTypeName="Microsoft.VisualStudio.TestTools.TestTypes.Unit.UnitTestAdapter, Microsoft.VisualStudio.QualityTools.Tips.UnitTest.Adapter, Version=12.0.0.0, Culture=neutral, PublicKeyToken=b03f5f7f11d50a3a" className="TestAuto.CartDisplayTest, CartDisplayTest, Version=1.0.0.0, Culture=neutral, PublicKeyToken=null" name="CartPromoCodeExplanation" />
      <Extension>Microsoft.VisualStudio.TestTools.UITesting.CodedUITestAttribute, Microsoft.VisualStudio.QualityTools.CodedUITestFramework, Version=12.0.0.0, Culture=neutral, PublicKeyToken=b03f5f7f11d50a3a</Extension>
    </UnitTest>
    <UnitTest name="SearchESpots" storage="\\cmp01-ykumar\qatestautomationbuildsdrop\qatestautomation\qatestautomation_20180509.2\searchtest.dll" id="530aa678-6bd0-8140-04e8-766229268431">
      <DeploymentItems>
        <DeploymentItem filename="TestData\SearchTestData.xml" />
        <DeploymentItem filename="SharedCommonConfig\SharedCommonConfig.xml" />
      </DeploymentItems>
      <TcmInformation testCaseId="1510" testRunId="26924" testResultId="100047" />
      <Execution id="c28b7adb-53a9-47f5-a815-4f9176f212d9" />
      <Properties>
        <Property>
          <Key>__Tfs_BuildUri__</Key>
          <Value>vstfs:///Build/Build/1899</Value>
        </Property>
        <Property>
          <Key>__Tfs_IsInLabEnvironment__</Key>
          <Value>true</Value>
        </Property>
        <Property>
          <Key>__Tfs_TestRunId__</Key>
          <Value>26924</Value>
        </Property>
        <Property>
          <Key>__Tfs_TestCaseId__</Key>
          <Value>1510</Value>
        </Property>
        <Property>
          <Key>__Tfs_TeamProject__</Key>
          <Value>WebSphere</Value>
        </Property>
        <Property>
          <Key>__Tfs_BuildDirectory__</Key>
          <Value>\\CMP01-YKUMAR\QATestAutomationBuildsDrop\QATestAutomation\QATestAutomation_20180509.2</Value>
        </Property>
        <Property>
          <Key>__Tfs_LabEnvironment__</Key>
          <Value>&lt;?xml version="1.0" encoding="utf-16"?&gt;&lt;LabEnvironment Id="afd904c8-4332-4335-bd1d-55612a5eed76" Name="CMP01-INDIASQA" Uri="vstfs:///LabManagement/LabEnvironment/316"&gt;&lt;LabSystems&gt;&lt;LabSystem Name="CMP01-INDIASQA" ComputerName="CMP01-INDIASQA.horizonhobby.com" Roles="BS2CUIT"&gt;&lt;CustomProperties /&gt;&lt;/LabSystem&gt;&lt;/LabSystems&gt;&lt;/LabEnvironment&gt;</Value>
        </Property>
        <Property>
          <Key>__Tfs_TestConfigurationId__</Key>
          <Value>17</Value>
        </Property>
        <Property>
          <Key>__Tfs_TestPlanId__</Key>
          <Value>13</Value>
        </Property>
        <Property>
          <Key>__Tfs_TestConfigurationName__</Key>
          <Value>Win 7 with IE 11</Value>
        </Property>
        <Property>
          <Key>__Tfs_TestPointId__</Key>
          <Value>110170</Value>
        </Property>
        <Property>
          <Key>__Tfs_TfsServerCollectionUrl__</Key>
          <Value>http://cmp02-app05:8080/tfs/defaultcollection</Value>
        </Property>
        <Property>
          <Key>__Tfs_BuildPlatform__</Key>
          <Value>Any CPU</Value>
        </Property>
        <Property>
          <Key>__Tfs_BuildNumber__</Key>
          <Value>QATestAutomation_20180509.2</Value>
        </Property>
        <Property>
          <Key>__Tfs_BuildFlavor__</Key>
          <Value>Debug</Value>
        </Property>
        <Property>
          <Key>__Tfs_BuildConfigurationId__</Key>
          <Value>26927</Value>
        </Property>
      </Properties>
      <TestMethod codeBase="file://CMP01-YKUMAR/QATestAutomationBuildsDrop/QATestAutomation/QATestAutomation_20180509.2/SearchTest.DLL" adapterTypeName="Microsoft.VisualStudio.TestTools.TestTypes.Unit.UnitTestAdapter, Microsoft.VisualStudio.QualityTools.Tips.UnitTest.Adapter, Version=12.0.0.0, Culture=neutral, PublicKeyToken=b03f5f7f11d50a3a" className="TestAuto.SearchTest, SearchTest, Version=1.0.0.0, Culture=neutral, PublicKeyToken=null" name="SearchESpots" />
      <Extension>Microsoft.VisualStudio.TestTools.UITesting.CodedUITestAttribute, Microsoft.VisualStudio.QualityTools.CodedUITestFramework, Version=12.0.0.0, Culture=neutral, PublicKeyToken=b03f5f7f11d50a3a</Extension>
    </UnitTest>
    <UnitTest name="SearchStockStatus" storage="\\cmp01-ykumar\qatestautomationbuildsdrop\qatestautomation\qatestautomation_20180509.2\searchtest.dll" id="731132da-259a-e0f7-e6f2-2b93ce8e2525">
      <DeploymentItems>
        <DeploymentItem filename="TestData\SearchTestData.xml" />
        <DeploymentItem filename="SharedCommonConfig\SharedCommonConfig.xml" />
      </DeploymentItems>
      <TcmInformation testCaseId="1359" testRunId="26924" testResultId="100006" />
      <Execution id="6496a855-7590-4f7e-92af-0adf969b7fdf" />
      <Properties>
        <Property>
          <Key>__Tfs_BuildUri__</Key>
          <Value>vstfs:///Build/Build/1899</Value>
        </Property>
        <Property>
          <Key>__Tfs_IsInLabEnvironment__</Key>
          <Value>true</Value>
        </Property>
        <Property>
          <Key>__Tfs_TestRunId__</Key>
          <Value>26924</Value>
        </Property>
        <Property>
          <Key>__Tfs_TestCaseId__</Key>
          <Value>1359</Value>
        </Property>
        <Property>
          <Key>__Tfs_TeamProject__</Key>
          <Value>WebSphere</Value>
        </Property>
        <Property>
          <Key>__Tfs_BuildDirectory__</Key>
          <Value>\\CMP01-YKUMAR\QATestAutomationBuildsDrop\QATestAutomation\QATestAutomation_20180509.2</Value>
        </Property>
        <Property>
          <Key>__Tfs_LabEnvironment__</Key>
          <Value>&lt;?xml version="1.0" encoding="utf-16"?&gt;&lt;LabEnvironment Id="afd904c8-4332-4335-bd1d-55612a5eed76" Name="CMP01-INDIASQA" Uri="vstfs:///LabManagement/LabEnvironment/316"&gt;&lt;LabSystems&gt;&lt;LabSystem Name="CMP01-INDIASQA" ComputerName="CMP01-INDIASQA.horizonhobby.com" Roles="BS2CUIT"&gt;&lt;CustomProperties /&gt;&lt;/LabSystem&gt;&lt;/LabSystems&gt;&lt;/LabEnvironment&gt;</Value>
        </Property>
        <Property>
          <Key>__Tfs_TestConfigurationId__</Key>
          <Value>17</Value>
        </Property>
        <Property>
          <Key>__Tfs_TestPlanId__</Key>
          <Value>13</Value>
        </Property>
        <Property>
          <Key>__Tfs_TestConfigurationName__</Key>
          <Value>Win 7 with IE 11</Value>
        </Property>
        <Property>
          <Key>__Tfs_TestPointId__</Key>
          <Value>110114</Value>
        </Property>
        <Property>
          <Key>__Tfs_TfsServerCollectionUrl__</Key>
          <Value>http://cmp02-app05:8080/tfs/defaultcollection</Value>
        </Property>
        <Property>
          <Key>__Tfs_BuildPlatform__</Key>
          <Value>Any CPU</Value>
        </Property>
        <Property>
          <Key>__Tfs_BuildNumber__</Key>
          <Value>QATestAutomation_20180509.2</Value>
        </Property>
        <Property>
          <Key>__Tfs_BuildFlavor__</Key>
          <Value>Debug</Value>
        </Property>
        <Property>
          <Key>__Tfs_BuildConfigurationId__</Key>
          <Value>26927</Value>
        </Property>
      </Properties>
      <TestMethod codeBase="file://CMP01-YKUMAR/QATestAutomationBuildsDrop/QATestAutomation/QATestAutomation_20180509.2/SearchTest.DLL" adapterTypeName="Microsoft.VisualStudio.TestTools.TestTypes.Unit.UnitTestAdapter, Microsoft.VisualStudio.QualityTools.Tips.UnitTest.Adapter, Version=12.0.0.0, Culture=neutral, PublicKeyToken=b03f5f7f11d50a3a" className="TestAuto.SearchTest, SearchTest, Version=1.0.0.0, Culture=neutral, PublicKeyToken=null" name="SearchStockStatus" />
      <Extension>Microsoft.VisualStudio.TestTools.UITesting.CodedUITestAttribute, Microsoft.VisualStudio.QualityTools.CodedUITestFramework, Version=12.0.0.0, Culture=neutral, PublicKeyToken=b03f5f7f11d50a3a</Extension>
    </UnitTest>
    <UnitTest name="CartPromoCodeRemovalExplanantion" storage="\\cmp01-ykumar\qatestautomationbuildsdrop\qatestautomation\qatestautomation_20180509.2\cartdisplaytest.dll" id="3bf51dfd-121e-12b0-088e-b3d94def1ce6">
      <DeploymentItems>
        <DeploymentItem filename="TestData\CartDisplayTestData.xml" />
        <DeploymentItem filename="SharedCommonConfig\SharedCommonConfig.xml" />
      </DeploymentItems>
      <TcmInformation testCaseId="1422" testRunId="26924" testResultId="100020" />
      <Execution id="09baea8b-8a65-4dcb-873c-aca55ddacc05" />
      <Properties>
        <Property>
          <Key>__Tfs_BuildUri__</Key>
          <Value>vstfs:///Build/Build/1899</Value>
        </Property>
        <Property>
          <Key>__Tfs_IsInLabEnvironment__</Key>
          <Value>true</Value>
        </Property>
        <Property>
          <Key>__Tfs_TestRunId__</Key>
          <Value>26924</Value>
        </Property>
        <Property>
          <Key>__Tfs_TestCaseId__</Key>
          <Value>1422</Value>
        </Property>
        <Property>
          <Key>__Tfs_TeamProject__</Key>
          <Value>WebSphere</Value>
        </Property>
        <Property>
          <Key>__Tfs_BuildDirectory__</Key>
          <Value>\\CMP01-YKUMAR\QATestAutomationBuildsDrop\QATestAutomation\QATestAutomation_20180509.2</Value>
        </Property>
        <Property>
          <Key>__Tfs_LabEnvironment__</Key>
          <Value>&lt;?xml version="1.0" encoding="utf-16"?&gt;&lt;LabEnvironment Id="afd904c8-4332-4335-bd1d-55612a5eed76" Name="CMP01-INDIASQA" Uri="vstfs:///LabManagement/LabEnvironment/316"&gt;&lt;LabSystems&gt;&lt;LabSystem Name="CMP01-INDIASQA" ComputerName="CMP01-INDIASQA.horizonhobby.com" Roles="BS2CUIT"&gt;&lt;CustomProperties /&gt;&lt;/LabSystem&gt;&lt;/LabSystems&gt;&lt;/LabEnvironment&gt;</Value>
        </Property>
        <Property>
          <Key>__Tfs_TestConfigurationId__</Key>
          <Value>17</Value>
        </Property>
        <Property>
          <Key>__Tfs_TestPlanId__</Key>
          <Value>13</Value>
        </Property>
        <Property>
          <Key>__Tfs_TestConfigurationName__</Key>
          <Value>Win 7 with IE 11</Value>
        </Property>
        <Property>
          <Key>__Tfs_TestPointId__</Key>
          <Value>110132</Value>
        </Property>
        <Property>
          <Key>__Tfs_TfsServerCollectionUrl__</Key>
          <Value>http://cmp02-app05:8080/tfs/defaultcollection</Value>
        </Property>
        <Property>
          <Key>__Tfs_BuildPlatform__</Key>
          <Value>Any CPU</Value>
        </Property>
        <Property>
          <Key>__Tfs_BuildNumber__</Key>
          <Value>QATestAutomation_20180509.2</Value>
        </Property>
        <Property>
          <Key>__Tfs_BuildFlavor__</Key>
          <Value>Debug</Value>
        </Property>
        <Property>
          <Key>__Tfs_BuildConfigurationId__</Key>
          <Value>26927</Value>
        </Property>
      </Properties>
      <TestMethod codeBase="file://CMP01-YKUMAR/QATestAutomationBuildsDrop/QATestAutomation/QATestAutomation_20180509.2/CartDisplayTest.DLL" adapterTypeName="Microsoft.VisualStudio.TestTools.TestTypes.Unit.UnitTestAdapter, Microsoft.VisualStudio.QualityTools.Tips.UnitTest.Adapter, Version=12.0.0.0, Culture=neutral, PublicKeyToken=b03f5f7f11d50a3a" className="TestAuto.CartDisplayTest, CartDisplayTest, Version=1.0.0.0, Culture=neutral, PublicKeyToken=null" name="CartPromoCodeRemovalExplanantion" />
      <Extension>Microsoft.VisualStudio.TestTools.UITesting.CodedUITestAttribute, Microsoft.VisualStudio.QualityTools.CodedUITestFramework, Version=12.0.0.0, Culture=neutral, PublicKeyToken=b03f5f7f11d50a3a</Extension>
    </UnitTest>
    <UnitTest name="ProductPageLandscapeImageViewOption" storage="\\cmp01-ykumar\qatestautomationbuildsdrop\qatestautomation\qatestautomation_20180509.2\productpagetest.dll" id="d1fb9b6e-f3f1-87e3-83a9-b463b3786527">
      <DeploymentItems>
        <DeploymentItem filename="TestData\ProductPageTestData.xml" />
        <DeploymentItem filename="SharedCommonConfig\SharedCommonConfig.xml" />
      </DeploymentItems>
      <TcmInformation testCaseId="1437" testRunId="26924" testResultId="100028" />
      <Execution id="a0ff525f-ddf3-4617-8fef-64efcbb87153" />
      <Properties>
        <Property>
          <Key>__Tfs_BuildUri__</Key>
          <Value>vstfs:///Build/Build/1899</Value>
        </Property>
        <Property>
          <Key>__Tfs_IsInLabEnvironment__</Key>
          <Value>true</Value>
        </Property>
        <Property>
          <Key>__Tfs_TestRunId__</Key>
          <Value>26924</Value>
        </Property>
        <Property>
          <Key>__Tfs_TestCaseId__</Key>
          <Value>1437</Value>
        </Property>
        <Property>
          <Key>__Tfs_TeamProject__</Key>
          <Value>WebSphere</Value>
        </Property>
        <Property>
          <Key>__Tfs_BuildDirectory__</Key>
          <Value>\\CMP01-YKUMAR\QATestAutomationBuildsDrop\QATestAutomation\QATestAutomation_20180509.2</Value>
        </Property>
        <Property>
          <Key>__Tfs_LabEnvironment__</Key>
          <Value>&lt;?xml version="1.0" encoding="utf-16"?&gt;&lt;LabEnvironment Id="afd904c8-4332-4335-bd1d-55612a5eed76" Name="CMP01-INDIASQA" Uri="vstfs:///LabManagement/LabEnvironment/316"&gt;&lt;LabSystems&gt;&lt;LabSystem Name="CMP01-INDIASQA" ComputerName="CMP01-INDIASQA.horizonhobby.com" Roles="BS2CUIT"&gt;&lt;CustomProperties /&gt;&lt;/LabSystem&gt;&lt;/LabSystems&gt;&lt;/LabEnvironment&gt;</Value>
        </Property>
        <Property>
          <Key>__Tfs_TestConfigurationId__</Key>
          <Value>17</Value>
        </Property>
        <Property>
          <Key>__Tfs_TestPlanId__</Key>
          <Value>13</Value>
        </Property>
        <Property>
          <Key>__Tfs_TestConfigurationName__</Key>
          <Value>Win 7 with IE 11</Value>
        </Property>
        <Property>
          <Key>__Tfs_TestPointId__</Key>
          <Value>110141</Value>
        </Property>
        <Property>
          <Key>__Tfs_TfsServerCollectionUrl__</Key>
          <Value>http://cmp02-app05:8080/tfs/defaultcollection</Value>
        </Property>
        <Property>
          <Key>__Tfs_BuildPlatform__</Key>
          <Value>Any CPU</Value>
        </Property>
        <Property>
          <Key>__Tfs_BuildNumber__</Key>
          <Value>QATestAutomation_20180509.2</Value>
        </Property>
        <Property>
          <Key>__Tfs_BuildFlavor__</Key>
          <Value>Debug</Value>
        </Property>
        <Property>
          <Key>__Tfs_BuildConfigurationId__</Key>
          <Value>26927</Value>
        </Property>
      </Properties>
      <TestMethod codeBase="file://CMP01-YKUMAR/QATestAutomationBuildsDrop/QATestAutomation/QATestAutomation_20180509.2/ProductPageTest.DLL" adapterTypeName="Microsoft.VisualStudio.TestTools.TestTypes.Unit.UnitTestAdapter, Microsoft.VisualStudio.QualityTools.Tips.UnitTest.Adapter, Version=12.0.0.0, Culture=neutral, PublicKeyToken=b03f5f7f11d50a3a" className="TestAuto.ProductPageTest, ProductPageTest, Version=1.0.0.0, Culture=neutral, PublicKeyToken=null" name="ProductPageLandscapeImageViewOption" />
      <Extension>Microsoft.VisualStudio.TestTools.UITesting.CodedUITestAttribute, Microsoft.VisualStudio.QualityTools.CodedUITestFramework, Version=12.0.0.0, Culture=neutral, PublicKeyToken=b03f5f7f11d50a3a</Extension>
    </UnitTest>
    <UnitTest name="PayPalCheckoutUSAddress" storage="\\cmp01-ykumar\qatestautomationbuildsdrop\qatestautomation\qatestautomation_20180509.2\checkout_test.dll" id="0c2154ac-05ea-474b-aeed-0bc95ed2c257">
      <DeploymentItems>
        <DeploymentItem filename="TestData\CheckoutPaypalTestData.xml" />
        <DeploymentItem filename="SharedCommonConfig\SharedCommonConfig.xml" />
      </DeploymentItems>
      <TcmInformation testCaseId="1565" testRunId="26924" testResultId="100056" />
      <Execution id="1df94fc3-4239-428f-be64-aae9dbd885be" />
      <Properties>
        <Property>
          <Key>__Tfs_BuildUri__</Key>
          <Value>vstfs:///Build/Build/1899</Value>
        </Property>
        <Property>
          <Key>__Tfs_IsInLabEnvironment__</Key>
          <Value>true</Value>
        </Property>
        <Property>
          <Key>__Tfs_TestRunId__</Key>
          <Value>26924</Value>
        </Property>
        <Property>
          <Key>__Tfs_TestCaseId__</Key>
          <Value>1565</Value>
        </Property>
        <Property>
          <Key>__Tfs_TeamProject__</Key>
          <Value>WebSphere</Value>
        </Property>
        <Property>
          <Key>__Tfs_BuildDirectory__</Key>
          <Value>\\CMP01-YKUMAR\QATestAutomationBuildsDrop\QATestAutomation\QATestAutomation_20180509.2</Value>
        </Property>
        <Property>
          <Key>__Tfs_LabEnvironment__</Key>
          <Value>&lt;?xml version="1.0" encoding="utf-16"?&gt;&lt;LabEnvironment Id="afd904c8-4332-4335-bd1d-55612a5eed76" Name="CMP01-INDIASQA" Uri="vstfs:///LabManagement/LabEnvironment/316"&gt;&lt;LabSystems&gt;&lt;LabSystem Name="CMP01-INDIASQA" ComputerName="CMP01-INDIASQA.horizonhobby.com" Roles="BS2CUIT"&gt;&lt;CustomProperties /&gt;&lt;/LabSystem&gt;&lt;/LabSystems&gt;&lt;/LabEnvironment&gt;</Value>
        </Property>
        <Property>
          <Key>__Tfs_TestConfigurationId__</Key>
          <Value>17</Value>
        </Property>
        <Property>
          <Key>__Tfs_TestPlanId__</Key>
          <Value>13</Value>
        </Property>
        <Property>
          <Key>__Tfs_TestConfigurationName__</Key>
          <Value>Win 7 with IE 11</Value>
        </Property>
        <Property>
          <Key>__Tfs_TestPointId__</Key>
          <Value>110421</Value>
        </Property>
        <Property>
          <Key>__Tfs_TfsServerCollectionUrl__</Key>
          <Value>http://cmp02-app05:8080/tfs/defaultcollection</Value>
        </Property>
        <Property>
          <Key>__Tfs_BuildPlatform__</Key>
          <Value>Any CPU</Value>
        </Property>
        <Property>
          <Key>__Tfs_BuildNumber__</Key>
          <Value>QATestAutomation_20180509.2</Value>
        </Property>
        <Property>
          <Key>__Tfs_BuildFlavor__</Key>
          <Value>Debug</Value>
        </Property>
        <Property>
          <Key>__Tfs_BuildConfigurationId__</Key>
          <Value>26927</Value>
        </Property>
      </Properties>
      <TestMethod codeBase="file://CMP01-YKUMAR/QATestAutomationBuildsDrop/QATestAutomation/QATestAutomation_20180509.2/Checkout_Test.DLL" adapterTypeName="Microsoft.VisualStudio.TestTools.TestTypes.Unit.UnitTestAdapter, Microsoft.VisualStudio.QualityTools.Tips.UnitTest.Adapter, Version=12.0.0.0, Culture=neutral, PublicKeyToken=b03f5f7f11d50a3a" className="TestAuto.CheckoutPayPal, Checkout_Test, Version=1.0.0.0, Culture=neutral, PublicKeyToken=null" name="PayPalCheckoutUSAddress" />
      <Extension>Microsoft.VisualStudio.TestTools.UITesting.CodedUITestAttribute, Microsoft.VisualStudio.QualityTools.CodedUITestFramework, Version=12.0.0.0, Culture=neutral, PublicKeyToken=b03f5f7f11d50a3a</Extension>
    </UnitTest>
    <UnitTest name="CategoryListStockStatus" storage="\\cmp01-ykumar\qatestautomationbuildsdrop\qatestautomation\qatestautomation_20180509.2\categorylistlevel3.dll" id="3030772f-f0da-5ef4-6ee2-458f78e6976e">
      <DeploymentItems>
        <DeploymentItem filename="TestData\CategoryListLevel3TestData.xml" />
        <DeploymentItem filename="SharedCommonConfig\SharedCommonConfig.xml" />
      </DeploymentItems>
      <TcmInformation testCaseId="1429" testRunId="26924" testResultId="100024" />
      <Execution id="01ae73f7-046d-4542-b1d2-306682a9d857" />
      <Properties>
        <Property>
          <Key>__Tfs_BuildUri__</Key>
          <Value>vstfs:///Build/Build/1899</Value>
        </Property>
        <Property>
          <Key>__Tfs_IsInLabEnvironment__</Key>
          <Value>true</Value>
        </Property>
        <Property>
          <Key>__Tfs_TestRunId__</Key>
          <Value>26924</Value>
        </Property>
        <Property>
          <Key>__Tfs_TestCaseId__</Key>
          <Value>1429</Value>
        </Property>
        <Property>
          <Key>__Tfs_TeamProject__</Key>
          <Value>WebSphere</Value>
        </Property>
        <Property>
          <Key>__Tfs_BuildDirectory__</Key>
          <Value>\\CMP01-YKUMAR\QATestAutomationBuildsDrop\QATestAutomation\QATestAutomation_20180509.2</Value>
        </Property>
        <Property>
          <Key>__Tfs_LabEnvironment__</Key>
          <Value>&lt;?xml version="1.0" encoding="utf-16"?&gt;&lt;LabEnvironment Id="afd904c8-4332-4335-bd1d-55612a5eed76" Name="CMP01-INDIASQA" Uri="vstfs:///LabManagement/LabEnvironment/316"&gt;&lt;LabSystems&gt;&lt;LabSystem Name="CMP01-INDIASQA" ComputerName="CMP01-INDIASQA.horizonhobby.com" Roles="BS2CUIT"&gt;&lt;CustomProperties /&gt;&lt;/LabSystem&gt;&lt;/LabSystems&gt;&lt;/LabEnvironment&gt;</Value>
        </Property>
        <Property>
          <Key>__Tfs_TestConfigurationId__</Key>
          <Value>17</Value>
        </Property>
        <Property>
          <Key>__Tfs_TestPlanId__</Key>
          <Value>13</Value>
        </Property>
        <Property>
          <Key>__Tfs_TestConfigurationName__</Key>
          <Value>Win 7 with IE 11</Value>
        </Property>
        <Property>
          <Key>__Tfs_TestPointId__</Key>
          <Value>110136</Value>
        </Property>
        <Property>
          <Key>__Tfs_TfsServerCollectionUrl__</Key>
          <Value>http://cmp02-app05:8080/tfs/defaultcollection</Value>
        </Property>
        <Property>
          <Key>__Tfs_BuildPlatform__</Key>
          <Value>Any CPU</Value>
        </Property>
        <Property>
          <Key>__Tfs_BuildNumber__</Key>
          <Value>QATestAutomation_20180509.2</Value>
        </Property>
        <Property>
          <Key>__Tfs_BuildFlavor__</Key>
          <Value>Debug</Value>
        </Property>
        <Property>
          <Key>__Tfs_BuildConfigurationId__</Key>
          <Value>26927</Value>
        </Property>
      </Properties>
      <TestMethod codeBase="file://CMP01-YKUMAR/QATestAutomationBuildsDrop/QATestAutomation/QATestAutomation_20180509.2/CategoryListLevel3.DLL" adapterTypeName="Microsoft.VisualStudio.TestTools.TestTypes.Unit.UnitTestAdapter, Microsoft.VisualStudio.QualityTools.Tips.UnitTest.Adapter, Version=12.0.0.0, Culture=neutral, PublicKeyToken=b03f5f7f11d50a3a" className="TestAuto.CategoryListLevel3, CategoryListLevel3, Version=1.0.0.0, Culture=neutral, PublicKeyToken=null" name="CategoryListStockStatus" />
      <Extension>Microsoft.VisualStudio.TestTools.UITesting.CodedUITestAttribute, Microsoft.VisualStudio.QualityTools.CodedUITestFramework, Version=12.0.0.0, Culture=neutral, PublicKeyToken=b03f5f7f11d50a3a</Extension>
    </UnitTest>
    <UnitTest name="PersonalInformationUpdatesBirthday" storage="\\cmp01-ykumar\qatestautomationbuildsdrop\qatestautomation\qatestautomation_20180509.2\myaccount.dll" id="b0412359-0261-eaf0-d970-7bd6858cf57f">
      <DeploymentItems>
        <DeploymentItem filename="TestData\MyAccountTestData.xml" />
        <DeploymentItem filename="SharedCommonConfig\SharedCommonConfig.xml" />
      </DeploymentItems>
      <TcmInformation testCaseId="1536" testRunId="26924" testResultId="100051" />
      <Execution id="3516fb85-c1f8-4c51-a523-1b7eeae4f1d9" />
      <Properties>
        <Property>
          <Key>__Tfs_BuildUri__</Key>
          <Value>vstfs:///Build/Build/1899</Value>
        </Property>
        <Property>
          <Key>__Tfs_IsInLabEnvironment__</Key>
          <Value>true</Value>
        </Property>
        <Property>
          <Key>__Tfs_TestRunId__</Key>
          <Value>26924</Value>
        </Property>
        <Property>
          <Key>__Tfs_TestCaseId__</Key>
          <Value>1536</Value>
        </Property>
        <Property>
          <Key>__Tfs_TeamProject__</Key>
          <Value>WebSphere</Value>
        </Property>
        <Property>
          <Key>__Tfs_BuildDirectory__</Key>
          <Value>\\CMP01-YKUMAR\QATestAutomationBuildsDrop\QATestAutomation\QATestAutomation_20180509.2</Value>
        </Property>
        <Property>
          <Key>__Tfs_LabEnvironment__</Key>
          <Value>&lt;?xml version="1.0" encoding="utf-16"?&gt;&lt;LabEnvironment Id="afd904c8-4332-4335-bd1d-55612a5eed76" Name="CMP01-INDIASQA" Uri="vstfs:///LabManagement/LabEnvironment/316"&gt;&lt;LabSystems&gt;&lt;LabSystem Name="CMP01-INDIASQA" ComputerName="CMP01-INDIASQA.horizonhobby.com" Roles="BS2CUIT"&gt;&lt;CustomProperties /&gt;&lt;/LabSystem&gt;&lt;/LabSystems&gt;&lt;/LabEnvironment&gt;</Value>
        </Property>
        <Property>
          <Key>__Tfs_TestConfigurationId__</Key>
          <Value>17</Value>
        </Property>
        <Property>
          <Key>__Tfs_TestPlanId__</Key>
          <Value>13</Value>
        </Property>
        <Property>
          <Key>__Tfs_TestConfigurationName__</Key>
          <Value>Win 7 with IE 11</Value>
        </Property>
        <Property>
          <Key>__Tfs_TestPointId__</Key>
          <Value>110370</Value>
        </Property>
        <Property>
          <Key>__Tfs_TfsServerCollectionUrl__</Key>
          <Value>http://cmp02-app05:8080/tfs/defaultcollection</Value>
        </Property>
        <Property>
          <Key>__Tfs_BuildPlatform__</Key>
          <Value>Any CPU</Value>
        </Property>
        <Property>
          <Key>__Tfs_BuildNumber__</Key>
          <Value>QATestAutomation_20180509.2</Value>
        </Property>
        <Property>
          <Key>__Tfs_BuildFlavor__</Key>
          <Value>Debug</Value>
        </Property>
        <Property>
          <Key>__Tfs_BuildConfigurationId__</Key>
          <Value>26927</Value>
        </Property>
      </Properties>
      <TestMethod codeBase="file://CMP01-YKUMAR/QATestAutomationBuildsDrop/QATestAutomation/QATestAutomation_20180509.2/MyAccount.DLL" adapterTypeName="Microsoft.VisualStudio.TestTools.TestTypes.Unit.UnitTestAdapter, Microsoft.VisualStudio.QualityTools.Tips.UnitTest.Adapter, Version=12.0.0.0, Culture=neutral, PublicKeyToken=b03f5f7f11d50a3a" className="TestAuto.MyAccount, MyAccount, Version=1.0.0.0, Culture=neutral, PublicKeyToken=null" name="PersonalInformationUpdatesBirthday" />
      <Extension>Microsoft.VisualStudio.TestTools.UITesting.CodedUITestAttribute, Microsoft.VisualStudio.QualityTools.CodedUITestFramework, Version=12.0.0.0, Culture=neutral, PublicKeyToken=b03f5f7f11d50a3a</Extension>
    </UnitTest>
    <UnitTest name="ProductPagePrintOptionSections" storage="\\cmp01-ykumar\qatestautomationbuildsdrop\qatestautomation\qatestautomation_20180509.2\productpagetest.dll" id="c38844d5-4c7a-4bdc-b63a-8cd9fcf63445">
      <DeploymentItems>
        <DeploymentItem filename="TestData\ProductPageTestData.xml" />
        <DeploymentItem filename="SharedCommonConfig\SharedCommonConfig.xml" />
      </DeploymentItems>
      <TcmInformation testCaseId="1374" testRunId="26924" testResultId="100008" />
      <Execution id="31e86502-28fb-4537-b9ea-50f4455263c9" />
      <Properties>
        <Property>
          <Key>__Tfs_BuildUri__</Key>
          <Value>vstfs:///Build/Build/1899</Value>
        </Property>
        <Property>
          <Key>__Tfs_IsInLabEnvironment__</Key>
          <Value>true</Value>
        </Property>
        <Property>
          <Key>__Tfs_TestRunId__</Key>
          <Value>26924</Value>
        </Property>
        <Property>
          <Key>__Tfs_TestCaseId__</Key>
          <Value>1374</Value>
        </Property>
        <Property>
          <Key>__Tfs_TeamProject__</Key>
          <Value>WebSphere</Value>
        </Property>
        <Property>
          <Key>__Tfs_BuildDirectory__</Key>
          <Value>\\CMP01-YKUMAR\QATestAutomationBuildsDrop\QATestAutomation\QATestAutomation_20180509.2</Value>
        </Property>
        <Property>
          <Key>__Tfs_LabEnvironment__</Key>
          <Value>&lt;?xml version="1.0" encoding="utf-16"?&gt;&lt;LabEnvironment Id="afd904c8-4332-4335-bd1d-55612a5eed76" Name="CMP01-INDIASQA" Uri="vstfs:///LabManagement/LabEnvironment/316"&gt;&lt;LabSystems&gt;&lt;LabSystem Name="CMP01-INDIASQA" ComputerName="CMP01-INDIASQA.horizonhobby.com" Roles="BS2CUIT"&gt;&lt;CustomProperties /&gt;&lt;/LabSystem&gt;&lt;/LabSystems&gt;&lt;/LabEnvironment&gt;</Value>
        </Property>
        <Property>
          <Key>__Tfs_TestConfigurationId__</Key>
          <Value>17</Value>
        </Property>
        <Property>
          <Key>__Tfs_TestPlanId__</Key>
          <Value>13</Value>
        </Property>
        <Property>
          <Key>__Tfs_TestConfigurationName__</Key>
          <Value>Win 7 with IE 11</Value>
        </Property>
        <Property>
          <Key>__Tfs_TestPointId__</Key>
          <Value>117056</Value>
        </Property>
        <Property>
          <Key>__Tfs_TfsServerCollectionUrl__</Key>
          <Value>http://cmp02-app05:8080/tfs/defaultcollection</Value>
        </Property>
        <Property>
          <Key>__Tfs_BuildPlatform__</Key>
          <Value>Any CPU</Value>
        </Property>
        <Property>
          <Key>__Tfs_BuildNumber__</Key>
          <Value>QATestAutomation_20180509.2</Value>
        </Property>
        <Property>
          <Key>__Tfs_BuildFlavor__</Key>
          <Value>Debug</Value>
        </Property>
        <Property>
          <Key>__Tfs_BuildConfigurationId__</Key>
          <Value>26927</Value>
        </Property>
      </Properties>
      <TestMethod codeBase="file://CMP01-YKUMAR/QATestAutomationBuildsDrop/QATestAutomation/QATestAutomation_20180509.2/ProductPageTest.DLL" adapterTypeName="Microsoft.VisualStudio.TestTools.TestTypes.Unit.UnitTestAdapter, Microsoft.VisualStudio.QualityTools.Tips.UnitTest.Adapter, Version=12.0.0.0, Culture=neutral, PublicKeyToken=b03f5f7f11d50a3a" className="TestAuto.ProductPageTest, ProductPageTest, Version=1.0.0.0, Culture=neutral, PublicKeyToken=null" name="ProductPagePrintOptionSections" />
      <Extension>Microsoft.VisualStudio.TestTools.UITesting.CodedUITestAttribute, Microsoft.VisualStudio.QualityTools.CodedUITestFramework, Version=12.0.0.0, Culture=neutral, PublicKeyToken=b03f5f7f11d50a3a</Extension>
    </UnitTest>
    <UnitTest name="ProductPageSpecsTabDescriptiveAttributes" storage="\\cmp01-ykumar\qatestautomationbuildsdrop\qatestautomation\qatestautomation_20180509.2\productpagetest.dll" id="a2a71dfa-792a-5d28-67e9-615807a966df">
      <DeploymentItems>
        <DeploymentItem filename="TestData\ProductPageTestData.xml" />
        <DeploymentItem filename="SharedCommonConfig\SharedCommonConfig.xml" />
      </DeploymentItems>
      <TcmInformation testCaseId="1440" testRunId="26924" testResultId="100029" />
      <Execution id="9f0ee26d-8b49-4ebb-af5b-f825da524cf7" />
      <Properties>
        <Property>
          <Key>__Tfs_BuildUri__</Key>
          <Value>vstfs:///Build/Build/1899</Value>
        </Property>
        <Property>
          <Key>__Tfs_IsInLabEnvironment__</Key>
          <Value>true</Value>
        </Property>
        <Property>
          <Key>__Tfs_TestRunId__</Key>
          <Value>26924</Value>
        </Property>
        <Property>
          <Key>__Tfs_TestCaseId__</Key>
          <Value>1440</Value>
        </Property>
        <Property>
          <Key>__Tfs_TeamProject__</Key>
          <Value>WebSphere</Value>
        </Property>
        <Property>
          <Key>__Tfs_BuildDirectory__</Key>
          <Value>\\CMP01-YKUMAR\QATestAutomationBuildsDrop\QATestAutomation\QATestAutomation_20180509.2</Value>
        </Property>
        <Property>
          <Key>__Tfs_LabEnvironment__</Key>
          <Value>&lt;?xml version="1.0" encoding="utf-16"?&gt;&lt;LabEnvironment Id="afd904c8-4332-4335-bd1d-55612a5eed76" Name="CMP01-INDIASQA" Uri="vstfs:///LabManagement/LabEnvironment/316"&gt;&lt;LabSystems&gt;&lt;LabSystem Name="CMP01-INDIASQA" ComputerName="CMP01-INDIASQA.horizonhobby.com" Roles="BS2CUIT"&gt;&lt;CustomProperties /&gt;&lt;/LabSystem&gt;&lt;/LabSystems&gt;&lt;/LabEnvironment&gt;</Value>
        </Property>
        <Property>
          <Key>__Tfs_TestConfigurationId__</Key>
          <Value>17</Value>
        </Property>
        <Property>
          <Key>__Tfs_TestPlanId__</Key>
          <Value>13</Value>
        </Property>
        <Property>
          <Key>__Tfs_TestConfigurationName__</Key>
          <Value>Win 7 with IE 11</Value>
        </Property>
        <Property>
          <Key>__Tfs_TestPointId__</Key>
          <Value>110142</Value>
        </Property>
        <Property>
          <Key>__Tfs_TfsServerCollectionUrl__</Key>
          <Value>http://cmp02-app05:8080/tfs/defaultcollection</Value>
        </Property>
        <Property>
          <Key>__Tfs_BuildPlatform__</Key>
          <Value>Any CPU</Value>
        </Property>
        <Property>
          <Key>__Tfs_BuildNumber__</Key>
          <Value>QATestAutomation_20180509.2</Value>
        </Property>
        <Property>
          <Key>__Tfs_BuildFlavor__</Key>
          <Value>Debug</Value>
        </Property>
        <Property>
          <Key>__Tfs_BuildConfigurationId__</Key>
          <Value>26927</Value>
        </Property>
      </Properties>
      <TestMethod codeBase="file://CMP01-YKUMAR/QATestAutomationBuildsDrop/QATestAutomation/QATestAutomation_20180509.2/ProductPageTest.DLL" adapterTypeName="Microsoft.VisualStudio.TestTools.TestTypes.Unit.UnitTestAdapter, Microsoft.VisualStudio.QualityTools.Tips.UnitTest.Adapter, Version=12.0.0.0, Culture=neutral, PublicKeyToken=b03f5f7f11d50a3a" className="TestAuto.ProductPageTest, ProductPageTest, Version=1.0.0.0, Culture=neutral, PublicKeyToken=null" name="ProductPageSpecsTabDescriptiveAttributes" />
      <Extension>Microsoft.VisualStudio.TestTools.UITesting.CodedUITestAttribute, Microsoft.VisualStudio.QualityTools.CodedUITestFramework, Version=12.0.0.0, Culture=neutral, PublicKeyToken=b03f5f7f11d50a3a</Extension>
    </UnitTest>
    <UnitTest name="ProductPagePartsAndAccessoriesSortWhenToDisplay" storage="\\cmp01-ykumar\qatestautomationbuildsdrop\qatestautomation\qatestautomation_20180509.2\productpagetest.dll" id="74c62c45-3f45-e15e-2561-664b51123c40">
      <DeploymentItems>
        <DeploymentItem filename="TestData\ProductPageTestData.xml" />
        <DeploymentItem filename="SharedCommonConfig\SharedCommonConfig.xml" />
      </DeploymentItems>
      <TcmInformation testCaseId="1441" testRunId="26924" testResultId="100030" />
      <Execution id="ebfd269e-da37-4177-a8b0-9c60bda363ba" />
      <Properties>
        <Property>
          <Key>__Tfs_BuildUri__</Key>
          <Value>vstfs:///Build/Build/1899</Value>
        </Property>
        <Property>
          <Key>__Tfs_IsInLabEnvironment__</Key>
          <Value>true</Value>
        </Property>
        <Property>
          <Key>__Tfs_TestRunId__</Key>
          <Value>26924</Value>
        </Property>
        <Property>
          <Key>__Tfs_TestCaseId__</Key>
          <Value>1441</Value>
        </Property>
        <Property>
          <Key>__Tfs_TeamProject__</Key>
          <Value>WebSphere</Value>
        </Property>
        <Property>
          <Key>__Tfs_BuildDirectory__</Key>
          <Value>\\CMP01-YKUMAR\QATestAutomationBuildsDrop\QATestAutomation\QATestAutomation_20180509.2</Value>
        </Property>
        <Property>
          <Key>__Tfs_LabEnvironment__</Key>
          <Value>&lt;?xml version="1.0" encoding="utf-16"?&gt;&lt;LabEnvironment Id="afd904c8-4332-4335-bd1d-55612a5eed76" Name="CMP01-INDIASQA" Uri="vstfs:///LabManagement/LabEnvironment/316"&gt;&lt;LabSystems&gt;&lt;LabSystem Name="CMP01-INDIASQA" ComputerName="CMP01-INDIASQA.horizonhobby.com" Roles="BS2CUIT"&gt;&lt;CustomProperties /&gt;&lt;/LabSystem&gt;&lt;/LabSystems&gt;&lt;/LabEnvironment&gt;</Value>
        </Property>
        <Property>
          <Key>__Tfs_TestConfigurationId__</Key>
          <Value>17</Value>
        </Property>
        <Property>
          <Key>__Tfs_TestPlanId__</Key>
          <Value>13</Value>
        </Property>
        <Property>
          <Key>__Tfs_TestConfigurationName__</Key>
          <Value>Win 7 with IE 11</Value>
        </Property>
        <Property>
          <Key>__Tfs_TestPointId__</Key>
          <Value>110143</Value>
        </Property>
        <Property>
          <Key>__Tfs_TfsServerCollectionUrl__</Key>
          <Value>http://cmp02-app05:8080/tfs/defaultcollection</Value>
        </Property>
        <Property>
          <Key>__Tfs_BuildPlatform__</Key>
          <Value>Any CPU</Value>
        </Property>
        <Property>
          <Key>__Tfs_BuildNumber__</Key>
          <Value>QATestAutomation_20180509.2</Value>
        </Property>
        <Property>
          <Key>__Tfs_BuildFlavor__</Key>
          <Value>Debug</Value>
        </Property>
        <Property>
          <Key>__Tfs_BuildConfigurationId__</Key>
          <Value>26927</Value>
        </Property>
      </Properties>
      <TestMethod codeBase="file://CMP01-YKUMAR/QATestAutomationBuildsDrop/QATestAutomation/QATestAutomation_20180509.2/ProductPageTest.DLL" adapterTypeName="Microsoft.VisualStudio.TestTools.TestTypes.Unit.UnitTestAdapter, Microsoft.VisualStudio.QualityTools.Tips.UnitTest.Adapter, Version=12.0.0.0, Culture=neutral, PublicKeyToken=b03f5f7f11d50a3a" className="TestAuto.ProductPageTest, ProductPageTest, Version=1.0.0.0, Culture=neutral, PublicKeyToken=null" name="ProductPagePartsAndAccessoriesSortWhenToDisplay" />
      <Extension>Microsoft.VisualStudio.TestTools.UITesting.CodedUITestAttribute, Microsoft.VisualStudio.QualityTools.CodedUITestFramework, Version=12.0.0.0, Culture=neutral, PublicKeyToken=b03f5f7f11d50a3a</Extension>
    </UnitTest>
    <UnitTest name="CategoryListFilterResultsPrice" storage="\\cmp01-ykumar\qatestautomationbuildsdrop\qatestautomation\qatestautomation_20180509.2\categorylistlevel3.dll" id="c50a982c-6788-beb1-7650-4e2453c235f2">
      <DeploymentItems>
        <DeploymentItem filename="TestData\CategoryListLevel3TestData.xml" />
        <DeploymentItem filename="SharedCommonConfig\SharedCommonConfig.xml" />
      </DeploymentItems>
      <TcmInformation testCaseId="1602" testRunId="26924" testResultId="100072" />
      <Execution id="08df587f-a3ab-4ab0-b5f8-7d3af9405b29" />
      <Properties>
        <Property>
          <Key>__Tfs_BuildUri__</Key>
          <Value>vstfs:///Build/Build/1899</Value>
        </Property>
        <Property>
          <Key>__Tfs_IsInLabEnvironment__</Key>
          <Value>true</Value>
        </Property>
        <Property>
          <Key>__Tfs_TestRunId__</Key>
          <Value>26924</Value>
        </Property>
        <Property>
          <Key>__Tfs_TestCaseId__</Key>
          <Value>1602</Value>
        </Property>
        <Property>
          <Key>__Tfs_TeamProject__</Key>
          <Value>WebSphere</Value>
        </Property>
        <Property>
          <Key>__Tfs_BuildDirectory__</Key>
          <Value>\\CMP01-YKUMAR\QATestAutomationBuildsDrop\QATestAutomation\QATestAutomation_20180509.2</Value>
        </Property>
        <Property>
          <Key>__Tfs_LabEnvironment__</Key>
          <Value>&lt;?xml version="1.0" encoding="utf-16"?&gt;&lt;LabEnvironment Id="afd904c8-4332-4335-bd1d-55612a5eed76" Name="CMP01-INDIASQA" Uri="vstfs:///LabManagement/LabEnvironment/316"&gt;&lt;LabSystems&gt;&lt;LabSystem Name="CMP01-INDIASQA" ComputerName="CMP01-INDIASQA.horizonhobby.com" Roles="BS2CUIT"&gt;&lt;CustomProperties /&gt;&lt;/LabSystem&gt;&lt;/LabSystems&gt;&lt;/LabEnvironment&gt;</Value>
        </Property>
        <Property>
          <Key>__Tfs_TestConfigurationId__</Key>
          <Value>17</Value>
        </Property>
        <Property>
          <Key>__Tfs_TestPlanId__</Key>
          <Value>13</Value>
        </Property>
        <Property>
          <Key>__Tfs_TestConfigurationName__</Key>
          <Value>Win 7 with IE 11</Value>
        </Property>
        <Property>
          <Key>__Tfs_TestPointId__</Key>
          <Value>110437</Value>
        </Property>
        <Property>
          <Key>__Tfs_TfsServerCollectionUrl__</Key>
          <Value>http://cmp02-app05:8080/tfs/defaultcollection</Value>
        </Property>
        <Property>
          <Key>__Tfs_BuildPlatform__</Key>
          <Value>Any CPU</Value>
        </Property>
        <Property>
          <Key>__Tfs_BuildNumber__</Key>
          <Value>QATestAutomation_20180509.2</Value>
        </Property>
        <Property>
          <Key>__Tfs_BuildFlavor__</Key>
          <Value>Debug</Value>
        </Property>
        <Property>
          <Key>__Tfs_BuildConfigurationId__</Key>
          <Value>26927</Value>
        </Property>
      </Properties>
      <TestMethod codeBase="file://CMP01-YKUMAR/QATestAutomationBuildsDrop/QATestAutomation/QATestAutomation_20180509.2/CategoryListLevel3.DLL" adapterTypeName="Microsoft.VisualStudio.TestTools.TestTypes.Unit.UnitTestAdapter, Microsoft.VisualStudio.QualityTools.Tips.UnitTest.Adapter, Version=12.0.0.0, Culture=neutral, PublicKeyToken=b03f5f7f11d50a3a" className="TestAuto.CategoryListLevel3, CategoryListLevel3, Version=1.0.0.0, Culture=neutral, PublicKeyToken=null" name="CategoryListFilterResultsPrice" />
      <Extension>Microsoft.VisualStudio.TestTools.UITesting.CodedUITestAttribute, Microsoft.VisualStudio.QualityTools.CodedUITestFramework, Version=12.0.0.0, Culture=neutral, PublicKeyToken=b03f5f7f11d50a3a</Extension>
    </UnitTest>
    <UnitTest name="CartGiftWrapOptionAppearsOnlyForEligible" storage="\\cmp01-ykumar\qatestautomationbuildsdrop\qatestautomation\qatestautomation_20180509.2\cartdisplaytest.dll" id="f66d4e76-e499-dafa-1fb1-431fd3c915f6">
      <DeploymentItems>
        <DeploymentItem filename="TestData\CartDisplayTestData.xml" />
        <DeploymentItem filename="SharedCommonConfig\SharedCommonConfig.xml" />
      </DeploymentItems>
      <TcmInformation testCaseId="1417" testRunId="26924" testResultId="100016" />
      <Execution id="890fda6a-5752-4730-8b6a-4a98bc772c51" />
      <Properties>
        <Property>
          <Key>__Tfs_BuildUri__</Key>
          <Value>vstfs:///Build/Build/1899</Value>
        </Property>
        <Property>
          <Key>__Tfs_IsInLabEnvironment__</Key>
          <Value>true</Value>
        </Property>
        <Property>
          <Key>__Tfs_TestRunId__</Key>
          <Value>26924</Value>
        </Property>
        <Property>
          <Key>__Tfs_TestCaseId__</Key>
          <Value>1417</Value>
        </Property>
        <Property>
          <Key>__Tfs_TeamProject__</Key>
          <Value>WebSphere</Value>
        </Property>
        <Property>
          <Key>__Tfs_BuildDirectory__</Key>
          <Value>\\CMP01-YKUMAR\QATestAutomationBuildsDrop\QATestAutomation\QATestAutomation_20180509.2</Value>
        </Property>
        <Property>
          <Key>__Tfs_LabEnvironment__</Key>
          <Value>&lt;?xml version="1.0" encoding="utf-16"?&gt;&lt;LabEnvironment Id="afd904c8-4332-4335-bd1d-55612a5eed76" Name="CMP01-INDIASQA" Uri="vstfs:///LabManagement/LabEnvironment/316"&gt;&lt;LabSystems&gt;&lt;LabSystem Name="CMP01-INDIASQA" ComputerName="CMP01-INDIASQA.horizonhobby.com" Roles="BS2CUIT"&gt;&lt;CustomProperties /&gt;&lt;/LabSystem&gt;&lt;/LabSystems&gt;&lt;/LabEnvironment&gt;</Value>
        </Property>
        <Property>
          <Key>__Tfs_TestConfigurationId__</Key>
          <Value>17</Value>
        </Property>
        <Property>
          <Key>__Tfs_TestPlanId__</Key>
          <Value>13</Value>
        </Property>
        <Property>
          <Key>__Tfs_TestConfigurationName__</Key>
          <Value>Win 7 with IE 11</Value>
        </Property>
        <Property>
          <Key>__Tfs_TestPointId__</Key>
          <Value>110128</Value>
        </Property>
        <Property>
          <Key>__Tfs_TfsServerCollectionUrl__</Key>
          <Value>http://cmp02-app05:8080/tfs/defaultcollection</Value>
        </Property>
        <Property>
          <Key>__Tfs_BuildPlatform__</Key>
          <Value>Any CPU</Value>
        </Property>
        <Property>
          <Key>__Tfs_BuildNumber__</Key>
          <Value>QATestAutomation_20180509.2</Value>
        </Property>
        <Property>
          <Key>__Tfs_BuildFlavor__</Key>
          <Value>Debug</Value>
        </Property>
        <Property>
          <Key>__Tfs_BuildConfigurationId__</Key>
          <Value>26927</Value>
        </Property>
      </Properties>
      <TestMethod codeBase="file://CMP01-YKUMAR/QATestAutomationBuildsDrop/QATestAutomation/QATestAutomation_20180509.2/CartDisplayTest.DLL" adapterTypeName="Microsoft.VisualStudio.TestTools.TestTypes.Unit.UnitTestAdapter, Microsoft.VisualStudio.QualityTools.Tips.UnitTest.Adapter, Version=12.0.0.0, Culture=neutral, PublicKeyToken=b03f5f7f11d50a3a" className="TestAuto.CartDisplayTest, CartDisplayTest, Version=1.0.0.0, Culture=neutral, PublicKeyToken=null" name="CartGiftWrapOptionAppearsOnlyForEligible" />
      <Extension>Microsoft.VisualStudio.TestTools.UITesting.CodedUITestAttribute, Microsoft.VisualStudio.QualityTools.CodedUITestFramework, Version=12.0.0.0, Culture=neutral, PublicKeyToken=b03f5f7f11d50a3a</Extension>
    </UnitTest>
    <UnitTest name="SearchItemDisplay" storage="\\cmp01-ykumar\qatestautomationbuildsdrop\qatestautomation\qatestautomation_20180509.2\searchtest.dll" id="3e18b799-23ba-a3ea-509c-0311e41dc3bc">
      <DeploymentItems>
        <DeploymentItem filename="TestData\SearchTestData.xml" />
        <DeploymentItem filename="SharedCommonConfig\SharedCommonConfig.xml" />
      </DeploymentItems>
      <TcmInformation testCaseId="1573" testRunId="26924" testResultId="100061" />
      <Execution id="1a5a2a95-d44e-4217-870b-80501e4703d1" />
      <Properties>
        <Property>
          <Key>__Tfs_BuildUri__</Key>
          <Value>vstfs:///Build/Build/1899</Value>
        </Property>
        <Property>
          <Key>__Tfs_IsInLabEnvironment__</Key>
          <Value>true</Value>
        </Property>
        <Property>
          <Key>__Tfs_TestRunId__</Key>
          <Value>26924</Value>
        </Property>
        <Property>
          <Key>__Tfs_TestCaseId__</Key>
          <Value>1573</Value>
        </Property>
        <Property>
          <Key>__Tfs_TeamProject__</Key>
          <Value>WebSphere</Value>
        </Property>
        <Property>
          <Key>__Tfs_BuildDirectory__</Key>
          <Value>\\CMP01-YKUMAR\QATestAutomationBuildsDrop\QATestAutomation\QATestAutomation_20180509.2</Value>
        </Property>
        <Property>
          <Key>__Tfs_LabEnvironment__</Key>
          <Value>&lt;?xml version="1.0" encoding="utf-16"?&gt;&lt;LabEnvironment Id="afd904c8-4332-4335-bd1d-55612a5eed76" Name="CMP01-INDIASQA" Uri="vstfs:///LabManagement/LabEnvironment/316"&gt;&lt;LabSystems&gt;&lt;LabSystem Name="CMP01-INDIASQA" ComputerName="CMP01-INDIASQA.horizonhobby.com" Roles="BS2CUIT"&gt;&lt;CustomProperties /&gt;&lt;/LabSystem&gt;&lt;/LabSystems&gt;&lt;/LabEnvironment&gt;</Value>
        </Property>
        <Property>
          <Key>__Tfs_TestConfigurationId__</Key>
          <Value>17</Value>
        </Property>
        <Property>
          <Key>__Tfs_TestPlanId__</Key>
          <Value>13</Value>
        </Property>
        <Property>
          <Key>__Tfs_TestConfigurationName__</Key>
          <Value>Win 7 with IE 11</Value>
        </Property>
        <Property>
          <Key>__Tfs_TestPointId__</Key>
          <Value>110341</Value>
        </Property>
        <Property>
          <Key>__Tfs_TfsServerCollectionUrl__</Key>
          <Value>http://cmp02-app05:8080/tfs/defaultcollection</Value>
        </Property>
        <Property>
          <Key>__Tfs_BuildPlatform__</Key>
          <Value>Any CPU</Value>
        </Property>
        <Property>
          <Key>__Tfs_BuildNumber__</Key>
          <Value>QATestAutomation_20180509.2</Value>
        </Property>
        <Property>
          <Key>__Tfs_BuildFlavor__</Key>
          <Value>Debug</Value>
        </Property>
        <Property>
          <Key>__Tfs_BuildConfigurationId__</Key>
          <Value>26927</Value>
        </Property>
      </Properties>
      <TestMethod codeBase="file://CMP01-YKUMAR/QATestAutomationBuildsDrop/QATestAutomation/QATestAutomation_20180509.2/SearchTest.DLL" adapterTypeName="Microsoft.VisualStudio.TestTools.TestTypes.Unit.UnitTestAdapter, Microsoft.VisualStudio.QualityTools.Tips.UnitTest.Adapter, Version=12.0.0.0, Culture=neutral, PublicKeyToken=b03f5f7f11d50a3a" className="TestAuto.SearchTest, SearchTest, Version=1.0.0.0, Culture=neutral, PublicKeyToken=null" name="SearchItemDisplay" />
      <Extension>Microsoft.VisualStudio.TestTools.UITesting.CodedUITestAttribute, Microsoft.VisualStudio.QualityTools.CodedUITestFramework, Version=12.0.0.0, Culture=neutral, PublicKeyToken=b03f5f7f11d50a3a</Extension>
    </UnitTest>
    <UnitTest name="CartOversizeItems" storage="\\cmp01-ykumar\qatestautomationbuildsdrop\qatestautomation\qatestautomation_20180509.2\cartdisplaytest.dll" id="31283429-aefb-cb05-99af-4ca2b444ab5e">
      <DeploymentItems>
        <DeploymentItem filename="TestData\CartDisplayTestData.xml" />
        <DeploymentItem filename="SharedCommonConfig\SharedCommonConfig.xml" />
      </DeploymentItems>
      <TcmInformation testCaseId="1431" testRunId="26924" testResultId="100026" />
      <Execution id="292e24bd-e80a-4b31-bc33-474973036b8f" />
      <Properties>
        <Property>
          <Key>__Tfs_BuildUri__</Key>
          <Value>vstfs:///Build/Build/1899</Value>
        </Property>
        <Property>
          <Key>__Tfs_IsInLabEnvironment__</Key>
          <Value>true</Value>
        </Property>
        <Property>
          <Key>__Tfs_TestRunId__</Key>
          <Value>26924</Value>
        </Property>
        <Property>
          <Key>__Tfs_TestCaseId__</Key>
          <Value>1431</Value>
        </Property>
        <Property>
          <Key>__Tfs_TeamProject__</Key>
          <Value>WebSphere</Value>
        </Property>
        <Property>
          <Key>__Tfs_BuildDirectory__</Key>
          <Value>\\CMP01-YKUMAR\QATestAutomationBuildsDrop\QATestAutomation\QATestAutomation_20180509.2</Value>
        </Property>
        <Property>
          <Key>__Tfs_LabEnvironment__</Key>
          <Value>&lt;?xml version="1.0" encoding="utf-16"?&gt;&lt;LabEnvironment Id="afd904c8-4332-4335-bd1d-55612a5eed76" Name="CMP01-INDIASQA" Uri="vstfs:///LabManagement/LabEnvironment/316"&gt;&lt;LabSystems&gt;&lt;LabSystem Name="CMP01-INDIASQA" ComputerName="CMP01-INDIASQA.horizonhobby.com" Roles="BS2CUIT"&gt;&lt;CustomProperties /&gt;&lt;/LabSystem&gt;&lt;/LabSystems&gt;&lt;/LabEnvironment&gt;</Value>
        </Property>
        <Property>
          <Key>__Tfs_TestConfigurationId__</Key>
          <Value>17</Value>
        </Property>
        <Property>
          <Key>__Tfs_TestPlanId__</Key>
          <Value>13</Value>
        </Property>
        <Property>
          <Key>__Tfs_TestConfigurationName__</Key>
          <Value>Win 7 with IE 11</Value>
        </Property>
        <Property>
          <Key>__Tfs_TestPointId__</Key>
          <Value>110138</Value>
        </Property>
        <Property>
          <Key>__Tfs_TfsServerCollectionUrl__</Key>
          <Value>http://cmp02-app05:8080/tfs/defaultcollection</Value>
        </Property>
        <Property>
          <Key>__Tfs_BuildPlatform__</Key>
          <Value>Any CPU</Value>
        </Property>
        <Property>
          <Key>__Tfs_BuildNumber__</Key>
          <Value>QATestAutomation_20180509.2</Value>
        </Property>
        <Property>
          <Key>__Tfs_BuildFlavor__</Key>
          <Value>Debug</Value>
        </Property>
        <Property>
          <Key>__Tfs_BuildConfigurationId__</Key>
          <Value>26927</Value>
        </Property>
      </Properties>
      <TestMethod codeBase="file://CMP01-YKUMAR/QATestAutomationBuildsDrop/QATestAutomation/QATestAutomation_20180509.2/CartDisplayTest.DLL" adapterTypeName="Microsoft.VisualStudio.TestTools.TestTypes.Unit.UnitTestAdapter, Microsoft.VisualStudio.QualityTools.Tips.UnitTest.Adapter, Version=12.0.0.0, Culture=neutral, PublicKeyToken=b03f5f7f11d50a3a" className="TestAuto.CartDisplayTest, CartDisplayTest, Version=1.0.0.0, Culture=neutral, PublicKeyToken=null" name="CartOversizeItems" />
      <Extension>Microsoft.VisualStudio.TestTools.UITesting.CodedUITestAttribute, Microsoft.VisualStudio.QualityTools.CodedUITestFramework, Version=12.0.0.0, Culture=neutral, PublicKeyToken=b03f5f7f11d50a3a</Extension>
    </UnitTest>
    <UnitTest name="ProductPagePartsandAccessoriesTabMerchAssocControls" storage="\\cmp01-ykumar\qatestautomationbuildsdrop\qatestautomation\qatestautomation_20180509.2\productpagetest.dll" id="3e20cfaf-eb1a-9222-f5d7-c2a847eb7bf9">
      <DeploymentItems>
        <DeploymentItem filename="TestData\ProductPageTestData.xml" />
        <DeploymentItem filename="SharedCommonConfig\SharedCommonConfig.xml" />
      </DeploymentItems>
      <TcmInformation testCaseId="1442" testRunId="26924" testResultId="100031" />
      <Execution id="8abc4a72-c5ef-407b-849b-963ae85e242c" />
      <Properties>
        <Property>
          <Key>__Tfs_BuildUri__</Key>
          <Value>vstfs:///Build/Build/1899</Value>
        </Property>
        <Property>
          <Key>__Tfs_IsInLabEnvironment__</Key>
          <Value>true</Value>
        </Property>
        <Property>
          <Key>__Tfs_TestRunId__</Key>
          <Value>26924</Value>
        </Property>
        <Property>
          <Key>__Tfs_TestCaseId__</Key>
          <Value>1442</Value>
        </Property>
        <Property>
          <Key>__Tfs_TeamProject__</Key>
          <Value>WebSphere</Value>
        </Property>
        <Property>
          <Key>__Tfs_BuildDirectory__</Key>
          <Value>\\CMP01-YKUMAR\QATestAutomationBuildsDrop\QATestAutomation\QATestAutomation_20180509.2</Value>
        </Property>
        <Property>
          <Key>__Tfs_LabEnvironment__</Key>
          <Value>&lt;?xml version="1.0" encoding="utf-16"?&gt;&lt;LabEnvironment Id="afd904c8-4332-4335-bd1d-55612a5eed76" Name="CMP01-INDIASQA" Uri="vstfs:///LabManagement/LabEnvironment/316"&gt;&lt;LabSystems&gt;&lt;LabSystem Name="CMP01-INDIASQA" ComputerName="CMP01-INDIASQA.horizonhobby.com" Roles="BS2CUIT"&gt;&lt;CustomProperties /&gt;&lt;/LabSystem&gt;&lt;/LabSystems&gt;&lt;/LabEnvironment&gt;</Value>
        </Property>
        <Property>
          <Key>__Tfs_TestConfigurationId__</Key>
          <Value>17</Value>
        </Property>
        <Property>
          <Key>__Tfs_TestPlanId__</Key>
          <Value>13</Value>
        </Property>
        <Property>
          <Key>__Tfs_TestConfigurationName__</Key>
          <Value>Win 7 with IE 11</Value>
        </Property>
        <Property>
          <Key>__Tfs_TestPointId__</Key>
          <Value>110144</Value>
        </Property>
        <Property>
          <Key>__Tfs_TfsServerCollectionUrl__</Key>
          <Value>http://cmp02-app05:8080/tfs/defaultcollection</Value>
        </Property>
        <Property>
          <Key>__Tfs_BuildPlatform__</Key>
          <Value>Any CPU</Value>
        </Property>
        <Property>
          <Key>__Tfs_BuildNumber__</Key>
          <Value>QATestAutomation_20180509.2</Value>
        </Property>
        <Property>
          <Key>__Tfs_BuildFlavor__</Key>
          <Value>Debug</Value>
        </Property>
        <Property>
          <Key>__Tfs_BuildConfigurationId__</Key>
          <Value>26927</Value>
        </Property>
      </Properties>
      <TestMethod codeBase="file://CMP01-YKUMAR/QATestAutomationBuildsDrop/QATestAutomation/QATestAutomation_20180509.2/ProductPageTest.DLL" adapterTypeName="Microsoft.VisualStudio.TestTools.TestTypes.Unit.UnitTestAdapter, Microsoft.VisualStudio.QualityTools.Tips.UnitTest.Adapter, Version=12.0.0.0, Culture=neutral, PublicKeyToken=b03f5f7f11d50a3a" className="TestAuto.ProductPageTest, ProductPageTest, Version=1.0.0.0, Culture=neutral, PublicKeyToken=null" name="ProductPagePartsandAccessoriesTabMerchAssocControls" />
      <Extension>Microsoft.VisualStudio.TestTools.UITesting.CodedUITestAttribute, Microsoft.VisualStudio.QualityTools.CodedUITestFramework, Version=12.0.0.0, Culture=neutral, PublicKeyToken=b03f5f7f11d50a3a</Extension>
    </UnitTest>
    <UnitTest name="CheckoutShippingAddressEntryRequiredFields" storage="\\cmp01-ykumar\qatestautomationbuildsdrop\qatestautomation\qatestautomation_20180509.2\checkout_test.dll" id="01db621f-c226-87c9-3986-a275c780ba42">
      <DeploymentItems>
        <DeploymentItem filename="TestData\CheckoutCommonTestData.xml" />
        <DeploymentItem filename="SharedCommonConfig\SharedCommonConfig.xml" />
      </DeploymentItems>
      <TcmInformation testCaseId="1481" testRunId="26924" testResultId="100042" />
      <Execution id="62f43225-abe5-40e6-b112-5705267afbd5" />
      <Properties>
        <Property>
          <Key>__Tfs_BuildUri__</Key>
          <Value>vstfs:///Build/Build/1899</Value>
        </Property>
        <Property>
          <Key>__Tfs_IsInLabEnvironment__</Key>
          <Value>true</Value>
        </Property>
        <Property>
          <Key>__Tfs_TestRunId__</Key>
          <Value>26924</Value>
        </Property>
        <Property>
          <Key>__Tfs_TestCaseId__</Key>
          <Value>1481</Value>
        </Property>
        <Property>
          <Key>__Tfs_TeamProject__</Key>
          <Value>WebSphere</Value>
        </Property>
        <Property>
          <Key>__Tfs_BuildDirectory__</Key>
          <Value>\\CMP01-YKUMAR\QATestAutomationBuildsDrop\QATestAutomation\QATestAutomation_20180509.2</Value>
        </Property>
        <Property>
          <Key>__Tfs_LabEnvironment__</Key>
          <Value>&lt;?xml version="1.0" encoding="utf-16"?&gt;&lt;LabEnvironment Id="afd904c8-4332-4335-bd1d-55612a5eed76" Name="CMP01-INDIASQA" Uri="vstfs:///LabManagement/LabEnvironment/316"&gt;&lt;LabSystems&gt;&lt;LabSystem Name="CMP01-INDIASQA" ComputerName="CMP01-INDIASQA.horizonhobby.com" Roles="BS2CUIT"&gt;&lt;CustomProperties /&gt;&lt;/LabSystem&gt;&lt;/LabSystems&gt;&lt;/LabEnvironment&gt;</Value>
        </Property>
        <Property>
          <Key>__Tfs_TestConfigurationId__</Key>
          <Value>17</Value>
        </Property>
        <Property>
          <Key>__Tfs_TestPlanId__</Key>
          <Value>13</Value>
        </Property>
        <Property>
          <Key>__Tfs_TestConfigurationName__</Key>
          <Value>Win 7 with IE 11</Value>
        </Property>
        <Property>
          <Key>__Tfs_TestPointId__</Key>
          <Value>110161</Value>
        </Property>
        <Property>
          <Key>__Tfs_TfsServerCollectionUrl__</Key>
          <Value>http://cmp02-app05:8080/tfs/defaultcollection</Value>
        </Property>
        <Property>
          <Key>__Tfs_BuildPlatform__</Key>
          <Value>Any CPU</Value>
        </Property>
        <Property>
          <Key>__Tfs_BuildNumber__</Key>
          <Value>QATestAutomation_20180509.2</Value>
        </Property>
        <Property>
          <Key>__Tfs_BuildFlavor__</Key>
          <Value>Debug</Value>
        </Property>
        <Property>
          <Key>__Tfs_BuildConfigurationId__</Key>
          <Value>26927</Value>
        </Property>
      </Properties>
      <TestMethod codeBase="file://CMP01-YKUMAR/QATestAutomationBuildsDrop/QATestAutomation/QATestAutomation_20180509.2/Checkout_Test.DLL" adapterTypeName="Microsoft.VisualStudio.TestTools.TestTypes.Unit.UnitTestAdapter, Microsoft.VisualStudio.QualityTools.Tips.UnitTest.Adapter, Version=12.0.0.0, Culture=neutral, PublicKeyToken=b03f5f7f11d50a3a" className="TestAuto.HHBvtSmokeTest, Checkout_Test, Version=1.0.0.0, Culture=neutral, PublicKeyToken=null" name="CheckoutShippingAddressEntryRequiredFields" />
      <Extension>Microsoft.VisualStudio.TestTools.UITesting.CodedUITestAttribute, Microsoft.VisualStudio.QualityTools.CodedUITestFramework, Version=12.0.0.0, Culture=neutral, PublicKeyToken=b03f5f7f11d50a3a</Extension>
    </UnitTest>
    <UnitTest name="ProductPageTabCategories" storage="\\cmp01-ykumar\qatestautomationbuildsdrop\qatestautomation\qatestautomation_20180509.2\productpagetest.dll" id="35146bf4-2588-4bae-7c60-d63e5aa4e3b5">
      <DeploymentItems>
        <DeploymentItem filename="TestData\ProductPageTestData.xml" />
        <DeploymentItem filename="SharedCommonConfig\SharedCommonConfig.xml" />
      </DeploymentItems>
      <TcmInformation testCaseId="1414" testRunId="26924" testResultId="100014" />
      <Execution id="1ef65c40-2963-432d-ba14-de7fe35324d4" />
      <Properties>
        <Property>
          <Key>__Tfs_BuildUri__</Key>
          <Value>vstfs:///Build/Build/1899</Value>
        </Property>
        <Property>
          <Key>__Tfs_IsInLabEnvironment__</Key>
          <Value>true</Value>
        </Property>
        <Property>
          <Key>__Tfs_TestRunId__</Key>
          <Value>26924</Value>
        </Property>
        <Property>
          <Key>__Tfs_TestCaseId__</Key>
          <Value>1414</Value>
        </Property>
        <Property>
          <Key>__Tfs_TeamProject__</Key>
          <Value>WebSphere</Value>
        </Property>
        <Property>
          <Key>__Tfs_BuildDirectory__</Key>
          <Value>\\CMP01-YKUMAR\QATestAutomationBuildsDrop\QATestAutomation\QATestAutomation_20180509.2</Value>
        </Property>
        <Property>
          <Key>__Tfs_LabEnvironment__</Key>
          <Value>&lt;?xml version="1.0" encoding="utf-16"?&gt;&lt;LabEnvironment Id="afd904c8-4332-4335-bd1d-55612a5eed76" Name="CMP01-INDIASQA" Uri="vstfs:///LabManagement/LabEnvironment/316"&gt;&lt;LabSystems&gt;&lt;LabSystem Name="CMP01-INDIASQA" ComputerName="CMP01-INDIASQA.horizonhobby.com" Roles="BS2CUIT"&gt;&lt;CustomProperties /&gt;&lt;/LabSystem&gt;&lt;/LabSystems&gt;&lt;/LabEnvironment&gt;</Value>
        </Property>
        <Property>
          <Key>__Tfs_TestConfigurationId__</Key>
          <Value>17</Value>
        </Property>
        <Property>
          <Key>__Tfs_TestPlanId__</Key>
          <Value>13</Value>
        </Property>
        <Property>
          <Key>__Tfs_TestConfigurationName__</Key>
          <Value>Win 7 with IE 11</Value>
        </Property>
        <Property>
          <Key>__Tfs_TestPointId__</Key>
          <Value>110125</Value>
        </Property>
        <Property>
          <Key>__Tfs_TfsServerCollectionUrl__</Key>
          <Value>http://cmp02-app05:8080/tfs/defaultcollection</Value>
        </Property>
        <Property>
          <Key>__Tfs_BuildPlatform__</Key>
          <Value>Any CPU</Value>
        </Property>
        <Property>
          <Key>__Tfs_BuildNumber__</Key>
          <Value>QATestAutomation_20180509.2</Value>
        </Property>
        <Property>
          <Key>__Tfs_BuildFlavor__</Key>
          <Value>Debug</Value>
        </Property>
        <Property>
          <Key>__Tfs_BuildConfigurationId__</Key>
          <Value>26927</Value>
        </Property>
      </Properties>
      <TestMethod codeBase="file://CMP01-YKUMAR/QATestAutomationBuildsDrop/QATestAutomation/QATestAutomation_20180509.2/ProductPageTest.DLL" adapterTypeName="Microsoft.VisualStudio.TestTools.TestTypes.Unit.UnitTestAdapter, Microsoft.VisualStudio.QualityTools.Tips.UnitTest.Adapter, Version=12.0.0.0, Culture=neutral, PublicKeyToken=b03f5f7f11d50a3a" className="TestAuto.ProductPageTest, ProductPageTest, Version=1.0.0.0, Culture=neutral, PublicKeyToken=null" name="ProductPageTabCategories" />
      <Extension>Microsoft.VisualStudio.TestTools.UITesting.CodedUITestAttribute, Microsoft.VisualStudio.QualityTools.CodedUITestFramework, Version=12.0.0.0, Culture=neutral, PublicKeyToken=b03f5f7f11d50a3a</Extension>
    </UnitTest>
    <UnitTest name="PayPalInternationalAddressChanged" storage="\\cmp01-ykumar\qatestautomationbuildsdrop\qatestautomation\qatestautomation_20180509.2\checkout_test.dll" id="92e8d70d-9aa5-7813-53a7-791ab41a783e">
      <DeploymentItems>
        <DeploymentItem filename="TestData\CheckoutPaypalTestData.xml" />
        <DeploymentItem filename="SharedCommonConfig\SharedCommonConfig.xml" />
      </DeploymentItems>
      <TcmInformation testCaseId="1583" testRunId="26924" testResultId="100064" />
      <Execution id="ff71891b-fd33-45d6-aac6-be56a7fa3c00" />
      <Properties>
        <Property>
          <Key>__Tfs_BuildUri__</Key>
          <Value>vstfs:///Build/Build/1899</Value>
        </Property>
        <Property>
          <Key>__Tfs_IsInLabEnvironment__</Key>
          <Value>true</Value>
        </Property>
        <Property>
          <Key>__Tfs_TestRunId__</Key>
          <Value>26924</Value>
        </Property>
        <Property>
          <Key>__Tfs_TestCaseId__</Key>
          <Value>1583</Value>
        </Property>
        <Property>
          <Key>__Tfs_TeamProject__</Key>
          <Value>WebSphere</Value>
        </Property>
        <Property>
          <Key>__Tfs_BuildDirectory__</Key>
          <Value>\\CMP01-YKUMAR\QATestAutomationBuildsDrop\QATestAutomation\QATestAutomation_20180509.2</Value>
        </Property>
        <Property>
          <Key>__Tfs_LabEnvironment__</Key>
          <Value>&lt;?xml version="1.0" encoding="utf-16"?&gt;&lt;LabEnvironment Id="afd904c8-4332-4335-bd1d-55612a5eed76" Name="CMP01-INDIASQA" Uri="vstfs:///LabManagement/LabEnvironment/316"&gt;&lt;LabSystems&gt;&lt;LabSystem Name="CMP01-INDIASQA" ComputerName="CMP01-INDIASQA.horizonhobby.com" Roles="BS2CUIT"&gt;&lt;CustomProperties /&gt;&lt;/LabSystem&gt;&lt;/LabSystems&gt;&lt;/LabEnvironment&gt;</Value>
        </Property>
        <Property>
          <Key>__Tfs_TestConfigurationId__</Key>
          <Value>17</Value>
        </Property>
        <Property>
          <Key>__Tfs_TestPlanId__</Key>
          <Value>13</Value>
        </Property>
        <Property>
          <Key>__Tfs_TestConfigurationName__</Key>
          <Value>Win 7 with IE 11</Value>
        </Property>
        <Property>
          <Key>__Tfs_TestPointId__</Key>
          <Value>110427</Value>
        </Property>
        <Property>
          <Key>__Tfs_TfsServerCollectionUrl__</Key>
          <Value>http://cmp02-app05:8080/tfs/defaultcollection</Value>
        </Property>
        <Property>
          <Key>__Tfs_BuildPlatform__</Key>
          <Value>Any CPU</Value>
        </Property>
        <Property>
          <Key>__Tfs_BuildNumber__</Key>
          <Value>QATestAutomation_20180509.2</Value>
        </Property>
        <Property>
          <Key>__Tfs_BuildFlavor__</Key>
          <Value>Debug</Value>
        </Property>
        <Property>
          <Key>__Tfs_BuildConfigurationId__</Key>
          <Value>26927</Value>
        </Property>
      </Properties>
      <TestMethod codeBase="file://CMP01-YKUMAR/QATestAutomationBuildsDrop/QATestAutomation/QATestAutomation_20180509.2/Checkout_Test.DLL" adapterTypeName="Microsoft.VisualStudio.TestTools.TestTypes.Unit.UnitTestAdapter, Microsoft.VisualStudio.QualityTools.Tips.UnitTest.Adapter, Version=12.0.0.0, Culture=neutral, PublicKeyToken=b03f5f7f11d50a3a" className="TestAuto.CheckoutPayPal, Checkout_Test, Version=1.0.0.0, Culture=neutral, PublicKeyToken=null" name="PayPalInternationalAddressChanged" />
      <Extension>Microsoft.VisualStudio.TestTools.UITesting.CodedUITestAttribute, Microsoft.VisualStudio.QualityTools.CodedUITestFramework, Version=12.0.0.0, Culture=neutral, PublicKeyToken=b03f5f7f11d50a3a</Extension>
    </UnitTest>
    <UnitTest name="CheckoutCommonBillingAddressEntryRequiredFileds" storage="\\cmp01-ykumar\qatestautomationbuildsdrop\qatestautomation\qatestautomation_20180509.2\checkout_test.dll" id="07deec64-ce5f-2c64-b98a-bff200f28788">
      <DeploymentItems>
        <DeploymentItem filename="TestData\CheckoutCreditCard.xml" />
        <DeploymentItem filename="SharedCommonConfig\SharedCommonConfig.xml" />
      </DeploymentItems>
      <TcmInformation testCaseId="1496" testRunId="26924" testResultId="100045" />
      <Execution id="baa69111-0b84-4c5d-b960-6115adc53399" />
      <Properties>
        <Property>
          <Key>__Tfs_BuildUri__</Key>
          <Value>vstfs:///Build/Build/1899</Value>
        </Property>
        <Property>
          <Key>__Tfs_IsInLabEnvironment__</Key>
          <Value>true</Value>
        </Property>
        <Property>
          <Key>__Tfs_TestRunId__</Key>
          <Value>26924</Value>
        </Property>
        <Property>
          <Key>__Tfs_TestCaseId__</Key>
          <Value>1496</Value>
        </Property>
        <Property>
          <Key>__Tfs_TeamProject__</Key>
          <Value>WebSphere</Value>
        </Property>
        <Property>
          <Key>__Tfs_BuildDirectory__</Key>
          <Value>\\CMP01-YKUMAR\QATestAutomationBuildsDrop\QATestAutomation\QATestAutomation_20180509.2</Value>
        </Property>
        <Property>
          <Key>__Tfs_LabEnvironment__</Key>
          <Value>&lt;?xml version="1.0" encoding="utf-16"?&gt;&lt;LabEnvironment Id="afd904c8-4332-4335-bd1d-55612a5eed76" Name="CMP01-INDIASQA" Uri="vstfs:///LabManagement/LabEnvironment/316"&gt;&lt;LabSystems&gt;&lt;LabSystem Name="CMP01-INDIASQA" ComputerName="CMP01-INDIASQA.horizonhobby.com" Roles="BS2CUIT"&gt;&lt;CustomProperties /&gt;&lt;/LabSystem&gt;&lt;/LabSystems&gt;&lt;/LabEnvironment&gt;</Value>
        </Property>
        <Property>
          <Key>__Tfs_TestConfigurationId__</Key>
          <Value>17</Value>
        </Property>
        <Property>
          <Key>__Tfs_TestPlanId__</Key>
          <Value>13</Value>
        </Property>
        <Property>
          <Key>__Tfs_TestConfigurationName__</Key>
          <Value>Win 7 with IE 11</Value>
        </Property>
        <Property>
          <Key>__Tfs_TestPointId__</Key>
          <Value>110166</Value>
        </Property>
        <Property>
          <Key>__Tfs_TfsServerCollectionUrl__</Key>
          <Value>http://cmp02-app05:8080/tfs/defaultcollection</Value>
        </Property>
        <Property>
          <Key>__Tfs_BuildPlatform__</Key>
          <Value>Any CPU</Value>
        </Property>
        <Property>
          <Key>__Tfs_BuildNumber__</Key>
          <Value>QATestAutomation_20180509.2</Value>
        </Property>
        <Property>
          <Key>__Tfs_BuildFlavor__</Key>
          <Value>Debug</Value>
        </Property>
        <Property>
          <Key>__Tfs_BuildConfigurationId__</Key>
          <Value>26927</Value>
        </Property>
      </Properties>
      <TestMethod codeBase="file://CMP01-YKUMAR/QATestAutomationBuildsDrop/QATestAutomation/QATestAutomation_20180509.2/Checkout_Test.DLL" adapterTypeName="Microsoft.VisualStudio.TestTools.TestTypes.Unit.UnitTestAdapter, Microsoft.VisualStudio.QualityTools.Tips.UnitTest.Adapter, Version=12.0.0.0, Culture=neutral, PublicKeyToken=b03f5f7f11d50a3a" className="TestAuto.CheckoutCreditCard, Checkout_Test, Version=1.0.0.0, Culture=neutral, PublicKeyToken=null" name="CheckoutCommonBillingAddressEntryRequiredFileds" />
      <Extension>Microsoft.VisualStudio.TestTools.UITesting.CodedUITestAttribute, Microsoft.VisualStudio.QualityTools.CodedUITestFramework, Version=12.0.0.0, Culture=neutral, PublicKeyToken=b03f5f7f11d50a3a</Extension>
    </UnitTest>
    <UnitTest name="CheckoutGiftCardRemoveOrderTotalAdjustBack" storage="\\cmp01-ykumar\qatestautomationbuildsdrop\qatestautomation\qatestautomation_20180509.2\checkout_test.dll" id="2c9be1ad-0cf0-411a-549f-8fa239e7a1b9">
      <DeploymentItems>
        <DeploymentItem filename="TestData\CheckoutCommonTestData.xml" />
        <DeploymentItem filename="SharedCommonConfig\SharedCommonConfig.xml" />
      </DeploymentItems>
      <TcmInformation testCaseId="1504" testRunId="26924" testResultId="100046" />
      <Execution id="f39e4caa-b51c-41c1-8357-1db604d8ba98" />
      <Properties>
        <Property>
          <Key>__Tfs_BuildUri__</Key>
          <Value>vstfs:///Build/Build/1899</Value>
        </Property>
        <Property>
          <Key>__Tfs_IsInLabEnvironment__</Key>
          <Value>true</Value>
        </Property>
        <Property>
          <Key>__Tfs_TestRunId__</Key>
          <Value>26924</Value>
        </Property>
        <Property>
          <Key>__Tfs_TestCaseId__</Key>
          <Value>1504</Value>
        </Property>
        <Property>
          <Key>__Tfs_TeamProject__</Key>
          <Value>WebSphere</Value>
        </Property>
        <Property>
          <Key>__Tfs_BuildDirectory__</Key>
          <Value>\\CMP01-YKUMAR\QATestAutomationBuildsDrop\QATestAutomation\QATestAutomation_20180509.2</Value>
        </Property>
        <Property>
          <Key>__Tfs_LabEnvironment__</Key>
          <Value>&lt;?xml version="1.0" encoding="utf-16"?&gt;&lt;LabEnvironment Id="afd904c8-4332-4335-bd1d-55612a5eed76" Name="CMP01-INDIASQA" Uri="vstfs:///LabManagement/LabEnvironment/316"&gt;&lt;LabSystems&gt;&lt;LabSystem Name="CMP01-INDIASQA" ComputerName="CMP01-INDIASQA.horizonhobby.com" Roles="BS2CUIT"&gt;&lt;CustomProperties /&gt;&lt;/LabSystem&gt;&lt;/LabSystems&gt;&lt;/LabEnvironment&gt;</Value>
        </Property>
        <Property>
          <Key>__Tfs_TestConfigurationId__</Key>
          <Value>17</Value>
        </Property>
        <Property>
          <Key>__Tfs_TestPlanId__</Key>
          <Value>13</Value>
        </Property>
        <Property>
          <Key>__Tfs_TestConfigurationName__</Key>
          <Value>Win 7 with IE 11</Value>
        </Property>
        <Property>
          <Key>__Tfs_TestPointId__</Key>
          <Value>110168</Value>
        </Property>
        <Property>
          <Key>__Tfs_TfsServerCollectionUrl__</Key>
          <Value>http://cmp02-app05:8080/tfs/defaultcollection</Value>
        </Property>
        <Property>
          <Key>__Tfs_BuildPlatform__</Key>
          <Value>Any CPU</Value>
        </Property>
        <Property>
          <Key>__Tfs_BuildNumber__</Key>
          <Value>QATestAutomation_20180509.2</Value>
        </Property>
        <Property>
          <Key>__Tfs_BuildFlavor__</Key>
          <Value>Debug</Value>
        </Property>
        <Property>
          <Key>__Tfs_BuildConfigurationId__</Key>
          <Value>26927</Value>
        </Property>
      </Properties>
      <TestMethod codeBase="file://CMP01-YKUMAR/QATestAutomationBuildsDrop/QATestAutomation/QATestAutomation_20180509.2/Checkout_Test.DLL" adapterTypeName="Microsoft.VisualStudio.TestTools.TestTypes.Unit.UnitTestAdapter, Microsoft.VisualStudio.QualityTools.Tips.UnitTest.Adapter, Version=12.0.0.0, Culture=neutral, PublicKeyToken=b03f5f7f11d50a3a" className="TestAuto.HHBvtSmokeTest, Checkout_Test, Version=1.0.0.0, Culture=neutral, PublicKeyToken=null" name="CheckoutGiftCardRemoveOrderTotalAdjustBack" />
      <Extension>Microsoft.VisualStudio.TestTools.UITesting.CodedUITestAttribute, Microsoft.VisualStudio.QualityTools.CodedUITestFramework, Version=12.0.0.0, Culture=neutral, PublicKeyToken=b03f5f7f11d50a3a</Extension>
    </UnitTest>
    <UnitTest name="CheckoutPreviewOrderPageGiftCard" storage="\\cmp01-ykumar\qatestautomationbuildsdrop\qatestautomation\qatestautomation_20180509.2\checkout_test.dll" id="2d4ab400-33e8-f08f-5049-3b3f43d9f80f">
      <DeploymentItems>
        <DeploymentItem filename="TestData\CheckoutCommonTestData.xml" />
        <DeploymentItem filename="SharedCommonConfig\SharedCommonConfig.xml" />
      </DeploymentItems>
      <TcmInformation testCaseId="1590" testRunId="26924" testResultId="100067" />
      <Execution id="39aa71e2-3c7c-414a-bd1b-752972c32d05" />
      <Properties>
        <Property>
          <Key>__Tfs_BuildUri__</Key>
          <Value>vstfs:///Build/Build/1899</Value>
        </Property>
        <Property>
          <Key>__Tfs_IsInLabEnvironment__</Key>
          <Value>true</Value>
        </Property>
        <Property>
          <Key>__Tfs_TestRunId__</Key>
          <Value>26924</Value>
        </Property>
        <Property>
          <Key>__Tfs_TestCaseId__</Key>
          <Value>1590</Value>
        </Property>
        <Property>
          <Key>__Tfs_TeamProject__</Key>
          <Value>WebSphere</Value>
        </Property>
        <Property>
          <Key>__Tfs_BuildDirectory__</Key>
          <Value>\\CMP01-YKUMAR\QATestAutomationBuildsDrop\QATestAutomation\QATestAutomation_20180509.2</Value>
        </Property>
        <Property>
          <Key>__Tfs_LabEnvironment__</Key>
          <Value>&lt;?xml version="1.0" encoding="utf-16"?&gt;&lt;LabEnvironment Id="afd904c8-4332-4335-bd1d-55612a5eed76" Name="CMP01-INDIASQA" Uri="vstfs:///LabManagement/LabEnvironment/316"&gt;&lt;LabSystems&gt;&lt;LabSystem Name="CMP01-INDIASQA" ComputerName="CMP01-INDIASQA.horizonhobby.com" Roles="BS2CUIT"&gt;&lt;CustomProperties /&gt;&lt;/LabSystem&gt;&lt;/LabSystems&gt;&lt;/LabEnvironment&gt;</Value>
        </Property>
        <Property>
          <Key>__Tfs_TestConfigurationId__</Key>
          <Value>17</Value>
        </Property>
        <Property>
          <Key>__Tfs_TestPlanId__</Key>
          <Value>13</Value>
        </Property>
        <Property>
          <Key>__Tfs_TestConfigurationName__</Key>
          <Value>Win 7 with IE 11</Value>
        </Property>
        <Property>
          <Key>__Tfs_TestPointId__</Key>
          <Value>110430</Value>
        </Property>
        <Property>
          <Key>__Tfs_TfsServerCollectionUrl__</Key>
          <Value>http://cmp02-app05:8080/tfs/defaultcollection</Value>
        </Property>
        <Property>
          <Key>__Tfs_BuildPlatform__</Key>
          <Value>Any CPU</Value>
        </Property>
        <Property>
          <Key>__Tfs_BuildNumber__</Key>
          <Value>QATestAutomation_20180509.2</Value>
        </Property>
        <Property>
          <Key>__Tfs_BuildFlavor__</Key>
          <Value>Debug</Value>
        </Property>
        <Property>
          <Key>__Tfs_BuildConfigurationId__</Key>
          <Value>26927</Value>
        </Property>
      </Properties>
      <TestMethod codeBase="file://CMP01-YKUMAR/QATestAutomationBuildsDrop/QATestAutomation/QATestAutomation_20180509.2/Checkout_Test.DLL" adapterTypeName="Microsoft.VisualStudio.TestTools.TestTypes.Unit.UnitTestAdapter, Microsoft.VisualStudio.QualityTools.Tips.UnitTest.Adapter, Version=12.0.0.0, Culture=neutral, PublicKeyToken=b03f5f7f11d50a3a" className="TestAuto.HHBvtSmokeTest, Checkout_Test, Version=1.0.0.0, Culture=neutral, PublicKeyToken=null" name="CheckoutPreviewOrderPageGiftCard" />
      <Extension>Microsoft.VisualStudio.TestTools.UITesting.CodedUITestAttribute, Microsoft.VisualStudio.QualityTools.CodedUITestFramework, Version=12.0.0.0, Culture=neutral, PublicKeyToken=b03f5f7f11d50a3a</Extension>
    </UnitTest>
    <UnitTest name="PersonalInformationUpdates" storage="\\cmp01-ykumar\qatestautomationbuildsdrop\qatestautomation\qatestautomation_20180509.2\myaccount.dll" id="352a9fe8-96ef-b8ef-e151-dc69f75a0fdf">
      <DeploymentItems>
        <DeploymentItem filename="TestData\MyAccountTestData.xml" />
        <DeploymentItem filename="SharedCommonConfig\SharedCommonConfig.xml" />
      </DeploymentItems>
      <TcmInformation testCaseId="1529" testRunId="26924" testResultId="100049" />
      <Execution id="410265af-63c7-4422-acc9-049d201bc946" />
      <Properties>
        <Property>
          <Key>__Tfs_BuildUri__</Key>
          <Value>vstfs:///Build/Build/1899</Value>
        </Property>
        <Property>
          <Key>__Tfs_IsInLabEnvironment__</Key>
          <Value>true</Value>
        </Property>
        <Property>
          <Key>__Tfs_TestRunId__</Key>
          <Value>26924</Value>
        </Property>
        <Property>
          <Key>__Tfs_TestCaseId__</Key>
          <Value>1529</Value>
        </Property>
        <Property>
          <Key>__Tfs_TeamProject__</Key>
          <Value>WebSphere</Value>
        </Property>
        <Property>
          <Key>__Tfs_BuildDirectory__</Key>
          <Value>\\CMP01-YKUMAR\QATestAutomationBuildsDrop\QATestAutomation\QATestAutomation_20180509.2</Value>
        </Property>
        <Property>
          <Key>__Tfs_LabEnvironment__</Key>
          <Value>&lt;?xml version="1.0" encoding="utf-16"?&gt;&lt;LabEnvironment Id="afd904c8-4332-4335-bd1d-55612a5eed76" Name="CMP01-INDIASQA" Uri="vstfs:///LabManagement/LabEnvironment/316"&gt;&lt;LabSystems&gt;&lt;LabSystem Name="CMP01-INDIASQA" ComputerName="CMP01-INDIASQA.horizonhobby.com" Roles="BS2CUIT"&gt;&lt;CustomProperties /&gt;&lt;/LabSystem&gt;&lt;/LabSystems&gt;&lt;/LabEnvironment&gt;</Value>
        </Property>
        <Property>
          <Key>__Tfs_TestConfigurationId__</Key>
          <Value>17</Value>
        </Property>
        <Property>
          <Key>__Tfs_TestPlanId__</Key>
          <Value>13</Value>
        </Property>
        <Property>
          <Key>__Tfs_TestConfigurationName__</Key>
          <Value>Win 7 with IE 11</Value>
        </Property>
        <Property>
          <Key>__Tfs_TestPointId__</Key>
          <Value>110369</Value>
        </Property>
        <Property>
          <Key>__Tfs_TfsServerCollectionUrl__</Key>
          <Value>http://cmp02-app05:8080/tfs/defaultcollection</Value>
        </Property>
        <Property>
          <Key>__Tfs_BuildPlatform__</Key>
          <Value>Any CPU</Value>
        </Property>
        <Property>
          <Key>__Tfs_BuildNumber__</Key>
          <Value>QATestAutomation_20180509.2</Value>
        </Property>
        <Property>
          <Key>__Tfs_BuildFlavor__</Key>
          <Value>Debug</Value>
        </Property>
        <Property>
          <Key>__Tfs_BuildConfigurationId__</Key>
          <Value>26927</Value>
        </Property>
      </Properties>
      <TestMethod codeBase="file://CMP01-YKUMAR/QATestAutomationBuildsDrop/QATestAutomation/QATestAutomation_20180509.2/MyAccount.DLL" adapterTypeName="Microsoft.VisualStudio.TestTools.TestTypes.Unit.UnitTestAdapter, Microsoft.VisualStudio.QualityTools.Tips.UnitTest.Adapter, Version=12.0.0.0, Culture=neutral, PublicKeyToken=b03f5f7f11d50a3a" className="TestAuto.MyAccount, MyAccount, Version=1.0.0.0, Culture=neutral, PublicKeyToken=null" name="PersonalInformationUpdates" />
      <Extension>Microsoft.VisualStudio.TestTools.UITesting.CodedUITestAttribute, Microsoft.VisualStudio.QualityTools.CodedUITestFramework, Version=12.0.0.0, Culture=neutral, PublicKeyToken=b03f5f7f11d50a3a</Extension>
    </UnitTest>
    <UnitTest name="ProductPageImageGalleryLocationsAndVideos" storage="\\cmp01-ykumar\qatestautomationbuildsdrop\qatestautomation\qatestautomation_20180509.2\productpagetest.dll" id="6402c52d-3fc1-3729-ac38-10d7b9b64440">
      <DeploymentItems>
        <DeploymentItem filename="TestData\ProductPageTestData.xml" />
        <DeploymentItem filename="SharedCommonConfig\SharedCommonConfig.xml" />
      </DeploymentItems>
      <TcmInformation testCaseId="1388" testRunId="26924" testResultId="100012" />
      <Execution id="57c89144-0618-4b2c-b479-c65964cff167" />
      <Properties>
        <Property>
          <Key>__Tfs_BuildUri__</Key>
          <Value>vstfs:///Build/Build/1899</Value>
        </Property>
        <Property>
          <Key>__Tfs_IsInLabEnvironment__</Key>
          <Value>true</Value>
        </Property>
        <Property>
          <Key>__Tfs_TestRunId__</Key>
          <Value>26924</Value>
        </Property>
        <Property>
          <Key>__Tfs_TestCaseId__</Key>
          <Value>1388</Value>
        </Property>
        <Property>
          <Key>__Tfs_TeamProject__</Key>
          <Value>WebSphere</Value>
        </Property>
        <Property>
          <Key>__Tfs_BuildDirectory__</Key>
          <Value>\\CMP01-YKUMAR\QATestAutomationBuildsDrop\QATestAutomation\QATestAutomation_20180509.2</Value>
        </Property>
        <Property>
          <Key>__Tfs_LabEnvironment__</Key>
          <Value>&lt;?xml version="1.0" encoding="utf-16"?&gt;&lt;LabEnvironment Id="afd904c8-4332-4335-bd1d-55612a5eed76" Name="CMP01-INDIASQA" Uri="vstfs:///LabManagement/LabEnvironment/316"&gt;&lt;LabSystems&gt;&lt;LabSystem Name="CMP01-INDIASQA" ComputerName="CMP01-INDIASQA.horizonhobby.com" Roles="BS2CUIT"&gt;&lt;CustomProperties /&gt;&lt;/LabSystem&gt;&lt;/LabSystems&gt;&lt;/LabEnvironment&gt;</Value>
        </Property>
        <Property>
          <Key>__Tfs_TestConfigurationId__</Key>
          <Value>17</Value>
        </Property>
        <Property>
          <Key>__Tfs_TestPlanId__</Key>
          <Value>13</Value>
        </Property>
        <Property>
          <Key>__Tfs_TestConfigurationName__</Key>
          <Value>Win 7 with IE 11</Value>
        </Property>
        <Property>
          <Key>__Tfs_TestPointId__</Key>
          <Value>110123</Value>
        </Property>
        <Property>
          <Key>__Tfs_TfsServerCollectionUrl__</Key>
          <Value>http://cmp02-app05:8080/tfs/defaultcollection</Value>
        </Property>
        <Property>
          <Key>__Tfs_BuildPlatform__</Key>
          <Value>Any CPU</Value>
        </Property>
        <Property>
          <Key>__Tfs_BuildNumber__</Key>
          <Value>QATestAutomation_20180509.2</Value>
        </Property>
        <Property>
          <Key>__Tfs_BuildFlavor__</Key>
          <Value>Debug</Value>
        </Property>
        <Property>
          <Key>__Tfs_BuildConfigurationId__</Key>
          <Value>26927</Value>
        </Property>
      </Properties>
      <TestMethod codeBase="file://CMP01-YKUMAR/QATestAutomationBuildsDrop/QATestAutomation/QATestAutomation_20180509.2/ProductPageTest.DLL" adapterTypeName="Microsoft.VisualStudio.TestTools.TestTypes.Unit.UnitTestAdapter, Microsoft.VisualStudio.QualityTools.Tips.UnitTest.Adapter, Version=12.0.0.0, Culture=neutral, PublicKeyToken=b03f5f7f11d50a3a" className="TestAuto.ProductPageTest, ProductPageTest, Version=1.0.0.0, Culture=neutral, PublicKeyToken=null" name="ProductPageImageGalleryLocationsAndVideos" />
      <Extension>Microsoft.VisualStudio.TestTools.UITesting.CodedUITestAttribute, Microsoft.VisualStudio.QualityTools.CodedUITestFramework, Version=12.0.0.0, Culture=neutral, PublicKeyToken=b03f5f7f11d50a3a</Extension>
    </UnitTest>
    <UnitTest name="PayPalCheckoutPuertoRicoVirginIslandsAddress" storage="\\cmp01-ykumar\qatestautomationbuildsdrop\qatestautomation\qatestautomation_20180509.2\checkout_test.dll" id="295df695-406c-6798-cb52-de8718ccd7a6">
      <DeploymentItems>
        <DeploymentItem filename="TestData\CheckoutPaypalTestData.xml" />
        <DeploymentItem filename="SharedCommonConfig\SharedCommonConfig.xml" />
      </DeploymentItems>
      <TcmInformation testCaseId="1567" testRunId="26924" testResultId="100057" />
      <Execution id="409fc78e-6a2e-481c-a9cc-c0862b0003c9" />
      <Properties>
        <Property>
          <Key>__Tfs_BuildUri__</Key>
          <Value>vstfs:///Build/Build/1899</Value>
        </Property>
        <Property>
          <Key>__Tfs_IsInLabEnvironment__</Key>
          <Value>true</Value>
        </Property>
        <Property>
          <Key>__Tfs_TestRunId__</Key>
          <Value>26924</Value>
        </Property>
        <Property>
          <Key>__Tfs_TestCaseId__</Key>
          <Value>1567</Value>
        </Property>
        <Property>
          <Key>__Tfs_TeamProject__</Key>
          <Value>WebSphere</Value>
        </Property>
        <Property>
          <Key>__Tfs_BuildDirectory__</Key>
          <Value>\\CMP01-YKUMAR\QATestAutomationBuildsDrop\QATestAutomation\QATestAutomation_20180509.2</Value>
        </Property>
        <Property>
          <Key>__Tfs_LabEnvironment__</Key>
          <Value>&lt;?xml version="1.0" encoding="utf-16"?&gt;&lt;LabEnvironment Id="afd904c8-4332-4335-bd1d-55612a5eed76" Name="CMP01-INDIASQA" Uri="vstfs:///LabManagement/LabEnvironment/316"&gt;&lt;LabSystems&gt;&lt;LabSystem Name="CMP01-INDIASQA" ComputerName="CMP01-INDIASQA.horizonhobby.com" Roles="BS2CUIT"&gt;&lt;CustomProperties /&gt;&lt;/LabSystem&gt;&lt;/LabSystems&gt;&lt;/LabEnvironment&gt;</Value>
        </Property>
        <Property>
          <Key>__Tfs_TestConfigurationId__</Key>
          <Value>17</Value>
        </Property>
        <Property>
          <Key>__Tfs_TestPlanId__</Key>
          <Value>13</Value>
        </Property>
        <Property>
          <Key>__Tfs_TestConfigurationName__</Key>
          <Value>Win 7 with IE 11</Value>
        </Property>
        <Property>
          <Key>__Tfs_TestPointId__</Key>
          <Value>110422</Value>
        </Property>
        <Property>
          <Key>__Tfs_TfsServerCollectionUrl__</Key>
          <Value>http://cmp02-app05:8080/tfs/defaultcollection</Value>
        </Property>
        <Property>
          <Key>__Tfs_BuildPlatform__</Key>
          <Value>Any CPU</Value>
        </Property>
        <Property>
          <Key>__Tfs_BuildNumber__</Key>
          <Value>QATestAutomation_20180509.2</Value>
        </Property>
        <Property>
          <Key>__Tfs_BuildFlavor__</Key>
          <Value>Debug</Value>
        </Property>
        <Property>
          <Key>__Tfs_BuildConfigurationId__</Key>
          <Value>26927</Value>
        </Property>
      </Properties>
      <TestMethod codeBase="file://CMP01-YKUMAR/QATestAutomationBuildsDrop/QATestAutomation/QATestAutomation_20180509.2/Checkout_Test.DLL" adapterTypeName="Microsoft.VisualStudio.TestTools.TestTypes.Unit.UnitTestAdapter, Microsoft.VisualStudio.QualityTools.Tips.UnitTest.Adapter, Version=12.0.0.0, Culture=neutral, PublicKeyToken=b03f5f7f11d50a3a" className="TestAuto.CheckoutPayPal, Checkout_Test, Version=1.0.0.0, Culture=neutral, PublicKeyToken=null" name="PayPalCheckoutPuertoRicoVirginIslandsAddress" />
      <Extension>Microsoft.VisualStudio.TestTools.UITesting.CodedUITestAttribute, Microsoft.VisualStudio.QualityTools.CodedUITestFramework, Version=12.0.0.0, Culture=neutral, PublicKeyToken=b03f5f7f11d50a3a</Extension>
    </UnitTest>
    <UnitTest name="CreditCardCheckoutGiftCardPartialPayment" storage="\\cmp01-ykumar\qatestautomationbuildsdrop\qatestautomation\qatestautomation_20180509.2\checkout_test.dll" id="18e12afd-c47c-19a7-ce16-5837378ce2f9">
      <DeploymentItems>
        <DeploymentItem filename="TestData\CheckoutCreditCard.xml" />
        <DeploymentItem filename="SharedCommonConfig\SharedCommonConfig.xml" />
      </DeploymentItems>
      <TcmInformation testCaseId="1492" testRunId="26924" testResultId="100044" />
      <Execution id="42297e09-d1e8-4d02-a352-d58c1ceeed62" />
      <Properties>
        <Property>
          <Key>__Tfs_BuildUri__</Key>
          <Value>vstfs:///Build/Build/1899</Value>
        </Property>
        <Property>
          <Key>__Tfs_IsInLabEnvironment__</Key>
          <Value>true</Value>
        </Property>
        <Property>
          <Key>__Tfs_TestRunId__</Key>
          <Value>26924</Value>
        </Property>
        <Property>
          <Key>__Tfs_TestCaseId__</Key>
          <Value>1492</Value>
        </Property>
        <Property>
          <Key>__Tfs_TeamProject__</Key>
          <Value>WebSphere</Value>
        </Property>
        <Property>
          <Key>__Tfs_BuildDirectory__</Key>
          <Value>\\CMP01-YKUMAR\QATestAutomationBuildsDrop\QATestAutomation\QATestAutomation_20180509.2</Value>
        </Property>
        <Property>
          <Key>__Tfs_LabEnvironment__</Key>
          <Value>&lt;?xml version="1.0" encoding="utf-16"?&gt;&lt;LabEnvironment Id="afd904c8-4332-4335-bd1d-55612a5eed76" Name="CMP01-INDIASQA" Uri="vstfs:///LabManagement/LabEnvironment/316"&gt;&lt;LabSystems&gt;&lt;LabSystem Name="CMP01-INDIASQA" ComputerName="CMP01-INDIASQA.horizonhobby.com" Roles="BS2CUIT"&gt;&lt;CustomProperties /&gt;&lt;/LabSystem&gt;&lt;/LabSystems&gt;&lt;/LabEnvironment&gt;</Value>
        </Property>
        <Property>
          <Key>__Tfs_TestConfigurationId__</Key>
          <Value>17</Value>
        </Property>
        <Property>
          <Key>__Tfs_TestPlanId__</Key>
          <Value>13</Value>
        </Property>
        <Property>
          <Key>__Tfs_TestConfigurationName__</Key>
          <Value>Win 7 with IE 11</Value>
        </Property>
        <Property>
          <Key>__Tfs_TestPointId__</Key>
          <Value>110165</Value>
        </Property>
        <Property>
          <Key>__Tfs_TfsServerCollectionUrl__</Key>
          <Value>http://cmp02-app05:8080/tfs/defaultcollection</Value>
        </Property>
        <Property>
          <Key>__Tfs_BuildPlatform__</Key>
          <Value>Any CPU</Value>
        </Property>
        <Property>
          <Key>__Tfs_BuildNumber__</Key>
          <Value>QATestAutomation_20180509.2</Value>
        </Property>
        <Property>
          <Key>__Tfs_BuildFlavor__</Key>
          <Value>Debug</Value>
        </Property>
        <Property>
          <Key>__Tfs_BuildConfigurationId__</Key>
          <Value>26927</Value>
        </Property>
      </Properties>
      <TestMethod codeBase="file://CMP01-YKUMAR/QATestAutomationBuildsDrop/QATestAutomation/QATestAutomation_20180509.2/Checkout_Test.DLL" adapterTypeName="Microsoft.VisualStudio.TestTools.TestTypes.Unit.UnitTestAdapter, Microsoft.VisualStudio.QualityTools.Tips.UnitTest.Adapter, Version=12.0.0.0, Culture=neutral, PublicKeyToken=b03f5f7f11d50a3a" className="TestAuto.CheckoutCreditCard, Checkout_Test, Version=1.0.0.0, Culture=neutral, PublicKeyToken=null" name="CreditCardCheckoutGiftCardPartialPayment" />
      <Extension>Microsoft.VisualStudio.TestTools.UITesting.CodedUITestAttribute, Microsoft.VisualStudio.QualityTools.CodedUITestFramework, Version=12.0.0.0, Culture=neutral, PublicKeyToken=b03f5f7f11d50a3a</Extension>
    </UnitTest>
    <UnitTest name="ProductPageCpsiaWarningMessage" storage="\\cmp01-ykumar\qatestautomationbuildsdrop\qatestautomation\qatestautomation_20180509.2\productpagetest.dll" id="fef4e51a-2e20-76e6-5fe5-19ec32216da9">
      <DeploymentItems>
        <DeploymentItem filename="TestData\ProductPageTestData.xml" />
        <DeploymentItem filename="SharedCommonConfig\SharedCommonConfig.xml" />
      </DeploymentItems>
      <TcmInformation testCaseId="1512" testRunId="26924" testResultId="100048" />
      <Execution id="e40d4d4f-d085-402e-b2bb-6089e977c973" />
      <Properties>
        <Property>
          <Key>__Tfs_BuildUri__</Key>
          <Value>vstfs:///Build/Build/1899</Value>
        </Property>
        <Property>
          <Key>__Tfs_IsInLabEnvironment__</Key>
          <Value>true</Value>
        </Property>
        <Property>
          <Key>__Tfs_TestRunId__</Key>
          <Value>26924</Value>
        </Property>
        <Property>
          <Key>__Tfs_TestCaseId__</Key>
          <Value>1512</Value>
        </Property>
        <Property>
          <Key>__Tfs_TeamProject__</Key>
          <Value>WebSphere</Value>
        </Property>
        <Property>
          <Key>__Tfs_BuildDirectory__</Key>
          <Value>\\CMP01-YKUMAR\QATestAutomationBuildsDrop\QATestAutomation\QATestAutomation_20180509.2</Value>
        </Property>
        <Property>
          <Key>__Tfs_LabEnvironment__</Key>
          <Value>&lt;?xml version="1.0" encoding="utf-16"?&gt;&lt;LabEnvironment Id="afd904c8-4332-4335-bd1d-55612a5eed76" Name="CMP01-INDIASQA" Uri="vstfs:///LabManagement/LabEnvironment/316"&gt;&lt;LabSystems&gt;&lt;LabSystem Name="CMP01-INDIASQA" ComputerName="CMP01-INDIASQA.horizonhobby.com" Roles="BS2CUIT"&gt;&lt;CustomProperties /&gt;&lt;/LabSystem&gt;&lt;/LabSystems&gt;&lt;/LabEnvironment&gt;</Value>
        </Property>
        <Property>
          <Key>__Tfs_TestConfigurationId__</Key>
          <Value>17</Value>
        </Property>
        <Property>
          <Key>__Tfs_TestPlanId__</Key>
          <Value>13</Value>
        </Property>
        <Property>
          <Key>__Tfs_TestConfigurationName__</Key>
          <Value>Win 7 with IE 11</Value>
        </Property>
        <Property>
          <Key>__Tfs_TestPointId__</Key>
          <Value>110171</Value>
        </Property>
        <Property>
          <Key>__Tfs_TfsServerCollectionUrl__</Key>
          <Value>http://cmp02-app05:8080/tfs/defaultcollection</Value>
        </Property>
        <Property>
          <Key>__Tfs_BuildPlatform__</Key>
          <Value>Any CPU</Value>
        </Property>
        <Property>
          <Key>__Tfs_BuildNumber__</Key>
          <Value>QATestAutomation_20180509.2</Value>
        </Property>
        <Property>
          <Key>__Tfs_BuildFlavor__</Key>
          <Value>Debug</Value>
        </Property>
        <Property>
          <Key>__Tfs_BuildConfigurationId__</Key>
          <Value>26927</Value>
        </Property>
      </Properties>
      <TestMethod codeBase="file://CMP01-YKUMAR/QATestAutomationBuildsDrop/QATestAutomation/QATestAutomation_20180509.2/ProductPageTest.DLL" adapterTypeName="Microsoft.VisualStudio.TestTools.TestTypes.Unit.UnitTestAdapter, Microsoft.VisualStudio.QualityTools.Tips.UnitTest.Adapter, Version=12.0.0.0, Culture=neutral, PublicKeyToken=b03f5f7f11d50a3a" className="TestAuto.ProductPageTest, ProductPageTest, Version=1.0.0.0, Culture=neutral, PublicKeyToken=null" name="ProductPageCpsiaWarningMessage" />
      <Extension>Microsoft.VisualStudio.TestTools.UITesting.CodedUITestAttribute, Microsoft.VisualStudio.QualityTools.CodedUITestFramework, Version=12.0.0.0, Culture=neutral, PublicKeyToken=b03f5f7f11d50a3a</Extension>
    </UnitTest>
    <UnitTest name="CategoryListFilterResultsCategory" storage="\\cmp01-ykumar\qatestautomationbuildsdrop\qatestautomation\qatestautomation_20180509.2\categorylistlevel3.dll" id="6f826d8c-0008-aad9-91f6-d6027a768de8">
      <DeploymentItems>
        <DeploymentItem filename="TestData\CategoryListLevel3TestData.xml" />
        <DeploymentItem filename="SharedCommonConfig\SharedCommonConfig.xml" />
      </DeploymentItems>
      <TcmInformation testCaseId="1600" testRunId="26924" testResultId="100070" />
      <Execution id="eb106d61-ff66-4562-b907-857bdbff8e60" />
      <Properties>
        <Property>
          <Key>__Tfs_BuildUri__</Key>
          <Value>vstfs:///Build/Build/1899</Value>
        </Property>
        <Property>
          <Key>__Tfs_IsInLabEnvironment__</Key>
          <Value>true</Value>
        </Property>
        <Property>
          <Key>__Tfs_TestRunId__</Key>
          <Value>26924</Value>
        </Property>
        <Property>
          <Key>__Tfs_TestCaseId__</Key>
          <Value>1600</Value>
        </Property>
        <Property>
          <Key>__Tfs_TeamProject__</Key>
          <Value>WebSphere</Value>
        </Property>
        <Property>
          <Key>__Tfs_BuildDirectory__</Key>
          <Value>\\CMP01-YKUMAR\QATestAutomationBuildsDrop\QATestAutomation\QATestAutomation_20180509.2</Value>
        </Property>
        <Property>
          <Key>__Tfs_LabEnvironment__</Key>
          <Value>&lt;?xml version="1.0" encoding="utf-16"?&gt;&lt;LabEnvironment Id="afd904c8-4332-4335-bd1d-55612a5eed76" Name="CMP01-INDIASQA" Uri="vstfs:///LabManagement/LabEnvironment/316"&gt;&lt;LabSystems&gt;&lt;LabSystem Name="CMP01-INDIASQA" ComputerName="CMP01-INDIASQA.horizonhobby.com" Roles="BS2CUIT"&gt;&lt;CustomProperties /&gt;&lt;/LabSystem&gt;&lt;/LabSystems&gt;&lt;/LabEnvironment&gt;</Value>
        </Property>
        <Property>
          <Key>__Tfs_TestConfigurationId__</Key>
          <Value>17</Value>
        </Property>
        <Property>
          <Key>__Tfs_TestPlanId__</Key>
          <Value>13</Value>
        </Property>
        <Property>
          <Key>__Tfs_TestConfigurationName__</Key>
          <Value>Win 7 with IE 11</Value>
        </Property>
        <Property>
          <Key>__Tfs_TestPointId__</Key>
          <Value>110435</Value>
        </Property>
        <Property>
          <Key>__Tfs_TfsServerCollectionUrl__</Key>
          <Value>http://cmp02-app05:8080/tfs/defaultcollection</Value>
        </Property>
        <Property>
          <Key>__Tfs_BuildPlatform__</Key>
          <Value>Any CPU</Value>
        </Property>
        <Property>
          <Key>__Tfs_BuildNumber__</Key>
          <Value>QATestAutomation_20180509.2</Value>
        </Property>
        <Property>
          <Key>__Tfs_BuildFlavor__</Key>
          <Value>Debug</Value>
        </Property>
        <Property>
          <Key>__Tfs_BuildConfigurationId__</Key>
          <Value>26927</Value>
        </Property>
      </Properties>
      <TestMethod codeBase="file://CMP01-YKUMAR/QATestAutomationBuildsDrop/QATestAutomation/QATestAutomation_20180509.2/CategoryListLevel3.DLL" adapterTypeName="Microsoft.VisualStudio.TestTools.TestTypes.Unit.UnitTestAdapter, Microsoft.VisualStudio.QualityTools.Tips.UnitTest.Adapter, Version=12.0.0.0, Culture=neutral, PublicKeyToken=b03f5f7f11d50a3a" className="TestAuto.CategoryListLevel3, CategoryListLevel3, Version=1.0.0.0, Culture=neutral, PublicKeyToken=null" name="CategoryListFilterResultsCategory" />
      <Extension>Microsoft.VisualStudio.TestTools.UITesting.CodedUITestAttribute, Microsoft.VisualStudio.QualityTools.CodedUITestFramework, Version=12.0.0.0, Culture=neutral, PublicKeyToken=b03f5f7f11d50a3a</Extension>
    </UnitTest>
    <UnitTest name="ProductPageFreeShipping" storage="\\cmp01-ykumar\qatestautomationbuildsdrop\qatestautomation\qatestautomation_20180509.2\productpagetest.dll" id="6b91af23-f7ec-67ca-3477-65d2d40fa758">
      <DeploymentItems>
        <DeploymentItem filename="TestData\ProductPageTestData.xml" />
        <DeploymentItem filename="SharedCommonConfig\SharedCommonConfig.xml" />
      </DeploymentItems>
      <TcmInformation testCaseId="1416" testRunId="26924" testResultId="100015" />
      <Execution id="7fc48c89-f9e0-4698-8447-998cbba91fb9" />
      <Properties>
        <Property>
          <Key>__Tfs_BuildUri__</Key>
          <Value>vstfs:///Build/Build/1899</Value>
        </Property>
        <Property>
          <Key>__Tfs_IsInLabEnvironment__</Key>
          <Value>true</Value>
        </Property>
        <Property>
          <Key>__Tfs_TestRunId__</Key>
          <Value>26924</Value>
        </Property>
        <Property>
          <Key>__Tfs_TestCaseId__</Key>
          <Value>1416</Value>
        </Property>
        <Property>
          <Key>__Tfs_TeamProject__</Key>
          <Value>WebSphere</Value>
        </Property>
        <Property>
          <Key>__Tfs_BuildDirectory__</Key>
          <Value>\\CMP01-YKUMAR\QATestAutomationBuildsDrop\QATestAutomation\QATestAutomation_20180509.2</Value>
        </Property>
        <Property>
          <Key>__Tfs_LabEnvironment__</Key>
          <Value>&lt;?xml version="1.0" encoding="utf-16"?&gt;&lt;LabEnvironment Id="afd904c8-4332-4335-bd1d-55612a5eed76" Name="CMP01-INDIASQA" Uri="vstfs:///LabManagement/LabEnvironment/316"&gt;&lt;LabSystems&gt;&lt;LabSystem Name="CMP01-INDIASQA" ComputerName="CMP01-INDIASQA.horizonhobby.com" Roles="BS2CUIT"&gt;&lt;CustomProperties /&gt;&lt;/LabSystem&gt;&lt;/LabSystems&gt;&lt;/LabEnvironment&gt;</Value>
        </Property>
        <Property>
          <Key>__Tfs_TestConfigurationId__</Key>
          <Value>17</Value>
        </Property>
        <Property>
          <Key>__Tfs_TestPlanId__</Key>
          <Value>13</Value>
        </Property>
        <Property>
          <Key>__Tfs_TestConfigurationName__</Key>
          <Value>Win 7 with IE 11</Value>
        </Property>
        <Property>
          <Key>__Tfs_TestPointId__</Key>
          <Value>110127</Value>
        </Property>
        <Property>
          <Key>__Tfs_TfsServerCollectionUrl__</Key>
          <Value>http://cmp02-app05:8080/tfs/defaultcollection</Value>
        </Property>
        <Property>
          <Key>__Tfs_BuildPlatform__</Key>
          <Value>Any CPU</Value>
        </Property>
        <Property>
          <Key>__Tfs_BuildNumber__</Key>
          <Value>QATestAutomation_20180509.2</Value>
        </Property>
        <Property>
          <Key>__Tfs_BuildFlavor__</Key>
          <Value>Debug</Value>
        </Property>
        <Property>
          <Key>__Tfs_BuildConfigurationId__</Key>
          <Value>26927</Value>
        </Property>
      </Properties>
      <TestMethod codeBase="file://CMP01-YKUMAR/QATestAutomationBuildsDrop/QATestAutomation/QATestAutomation_20180509.2/ProductPageTest.DLL" adapterTypeName="Microsoft.VisualStudio.TestTools.TestTypes.Unit.UnitTestAdapter, Microsoft.VisualStudio.QualityTools.Tips.UnitTest.Adapter, Version=12.0.0.0, Culture=neutral, PublicKeyToken=b03f5f7f11d50a3a" className="TestAuto.ProductPageTest, ProductPageTest, Version=1.0.0.0, Culture=neutral, PublicKeyToken=null" name="ProductPageFreeShipping" />
      <Extension>Microsoft.VisualStudio.TestTools.UITesting.CodedUITestAttribute, Microsoft.VisualStudio.QualityTools.CodedUITestFramework, Version=12.0.0.0, Culture=neutral, PublicKeyToken=b03f5f7f11d50a3a</Extension>
    </UnitTest>
    <UnitTest name="MyAccountPersonalInformationUpdateAddress" storage="\\cmp01-ykumar\qatestautomationbuildsdrop\qatestautomation\qatestautomation_20180509.2\myaccount.dll" id="155e9b75-7cd3-6212-5c8f-67ef85f3aac9">
      <DeploymentItems>
        <DeploymentItem filename="TestData\MyAccountTestData.xml" />
        <DeploymentItem filename="SharedCommonConfig\SharedCommonConfig.xml" />
      </DeploymentItems>
      <TcmInformation testCaseId="1537" testRunId="26924" testResultId="100052" />
      <Execution id="09bd5414-15d8-480c-989d-4d9090ad26aa" />
      <Properties>
        <Property>
          <Key>__Tfs_BuildUri__</Key>
          <Value>vstfs:///Build/Build/1899</Value>
        </Property>
        <Property>
          <Key>__Tfs_IsInLabEnvironment__</Key>
          <Value>true</Value>
        </Property>
        <Property>
          <Key>__Tfs_TestRunId__</Key>
          <Value>26924</Value>
        </Property>
        <Property>
          <Key>__Tfs_TestCaseId__</Key>
          <Value>1538</Value>
        </Property>
        <Property>
          <Key>__Tfs_TeamProject__</Key>
          <Value>WebSphere</Value>
        </Property>
        <Property>
          <Key>__Tfs_BuildDirectory__</Key>
          <Value>\\CMP01-YKUMAR\QATestAutomationBuildsDrop\QATestAutomation\QATestAutomation_20180509.2</Value>
        </Property>
        <Property>
          <Key>__Tfs_LabEnvironment__</Key>
          <Value>&lt;?xml version="1.0" encoding="utf-16"?&gt;&lt;LabEnvironment Id="afd904c8-4332-4335-bd1d-55612a5eed76" Name="CMP01-INDIASQA" Uri="vstfs:///LabManagement/LabEnvironment/316"&gt;&lt;LabSystems&gt;&lt;LabSystem Name="CMP01-INDIASQA" ComputerName="CMP01-INDIASQA.horizonhobby.com" Roles="BS2CUIT"&gt;&lt;CustomProperties /&gt;&lt;/LabSystem&gt;&lt;/LabSystems&gt;&lt;/LabEnvironment&gt;</Value>
        </Property>
        <Property>
          <Key>__Tfs_TestConfigurationId__</Key>
          <Value>17</Value>
        </Property>
        <Property>
          <Key>__Tfs_TestPlanId__</Key>
          <Value>13</Value>
        </Property>
        <Property>
          <Key>__Tfs_TestConfigurationName__</Key>
          <Value>Win 7 with IE 11</Value>
        </Property>
        <Property>
          <Key>__Tfs_TestPointId__</Key>
          <Value>110372</Value>
        </Property>
        <Property>
          <Key>__Tfs_TfsServerCollectionUrl__</Key>
          <Value>http://cmp02-app05:8080/tfs/defaultcollection</Value>
        </Property>
        <Property>
          <Key>__Tfs_BuildPlatform__</Key>
          <Value>Any CPU</Value>
        </Property>
        <Property>
          <Key>__Tfs_BuildNumber__</Key>
          <Value>QATestAutomation_20180509.2</Value>
        </Property>
        <Property>
          <Key>__Tfs_BuildFlavor__</Key>
          <Value>Debug</Value>
        </Property>
        <Property>
          <Key>__Tfs_BuildConfigurationId__</Key>
          <Value>26927</Value>
        </Property>
      </Properties>
      <TestMethod codeBase="file://CMP01-YKUMAR/QATestAutomationBuildsDrop/QATestAutomation/QATestAutomation_20180509.2/MyAccount.DLL" adapterTypeName="Microsoft.VisualStudio.TestTools.TestTypes.Unit.UnitTestAdapter, Microsoft.VisualStudio.QualityTools.Tips.UnitTest.Adapter, Version=12.0.0.0, Culture=neutral, PublicKeyToken=b03f5f7f11d50a3a" className="TestAuto.MyAccount, MyAccount, Version=1.0.0.0, Culture=neutral, PublicKeyToken=null" name="MyAccountPersonalInformationUpdateAddress" />
      <Extension>Microsoft.VisualStudio.TestTools.UITesting.CodedUITestAttribute, Microsoft.VisualStudio.QualityTools.CodedUITestFramework, Version=12.0.0.0, Culture=neutral, PublicKeyToken=b03f5f7f11d50a3a</Extension>
    </UnitTest>
    <UnitTest name="SearchDiscontinuedItems" storage="\\cmp01-ykumar\qatestautomationbuildsdrop\qatestautomation\qatestautomation_20180509.2\searchtest.dll" id="1d1b1ce5-a5ed-8ee7-0abf-56cbe4448227">
      <DeploymentItems>
        <DeploymentItem filename="TestData\SearchTestData.xml" />
        <DeploymentItem filename="SharedCommonConfig\SharedCommonConfig.xml" />
      </DeploymentItems>
      <TcmInformation testCaseId="1344" testRunId="26924" testResultId="100001" />
      <Execution id="81f4e8d4-245d-4fab-bdb5-93531c9b44f1" />
      <Properties>
        <Property>
          <Key>__Tfs_BuildUri__</Key>
          <Value>vstfs:///Build/Build/1899</Value>
        </Property>
        <Property>
          <Key>__Tfs_IsInLabEnvironment__</Key>
          <Value>true</Value>
        </Property>
        <Property>
          <Key>__Tfs_TestRunId__</Key>
          <Value>26924</Value>
        </Property>
        <Property>
          <Key>__Tfs_TestCaseId__</Key>
          <Value>1344</Value>
        </Property>
        <Property>
          <Key>__Tfs_TeamProject__</Key>
          <Value>WebSphere</Value>
        </Property>
        <Property>
          <Key>__Tfs_BuildDirectory__</Key>
          <Value>\\CMP01-YKUMAR\QATestAutomationBuildsDrop\QATestAutomation\QATestAutomation_20180509.2</Value>
        </Property>
        <Property>
          <Key>__Tfs_LabEnvironment__</Key>
          <Value>&lt;?xml version="1.0" encoding="utf-16"?&gt;&lt;LabEnvironment Id="afd904c8-4332-4335-bd1d-55612a5eed76" Name="CMP01-INDIASQA" Uri="vstfs:///LabManagement/LabEnvironment/316"&gt;&lt;LabSystems&gt;&lt;LabSystem Name="CMP01-INDIASQA" ComputerName="CMP01-INDIASQA.horizonhobby.com" Roles="BS2CUIT"&gt;&lt;CustomProperties /&gt;&lt;/LabSystem&gt;&lt;/LabSystems&gt;&lt;/LabEnvironment&gt;</Value>
        </Property>
        <Property>
          <Key>__Tfs_TestConfigurationId__</Key>
          <Value>17</Value>
        </Property>
        <Property>
          <Key>__Tfs_TestPlanId__</Key>
          <Value>13</Value>
        </Property>
        <Property>
          <Key>__Tfs_TestConfigurationName__</Key>
          <Value>Win 7 with IE 11</Value>
        </Property>
        <Property>
          <Key>__Tfs_TestPointId__</Key>
          <Value>110112</Value>
        </Property>
        <Property>
          <Key>__Tfs_TfsServerCollectionUrl__</Key>
          <Value>http://cmp02-app05:8080/tfs/defaultcollection</Value>
        </Property>
        <Property>
          <Key>__Tfs_BuildPlatform__</Key>
          <Value>Any CPU</Value>
        </Property>
        <Property>
          <Key>__Tfs_BuildNumber__</Key>
          <Value>QATestAutomation_20180509.2</Value>
        </Property>
        <Property>
          <Key>__Tfs_BuildFlavor__</Key>
          <Value>Debug</Value>
        </Property>
        <Property>
          <Key>__Tfs_BuildConfigurationId__</Key>
          <Value>26927</Value>
        </Property>
      </Properties>
      <TestMethod codeBase="file://CMP01-YKUMAR/QATestAutomationBuildsDrop/QATestAutomation/QATestAutomation_20180509.2/SearchTest.DLL" adapterTypeName="Microsoft.VisualStudio.TestTools.TestTypes.Unit.UnitTestAdapter, Microsoft.VisualStudio.QualityTools.Tips.UnitTest.Adapter, Version=12.0.0.0, Culture=neutral, PublicKeyToken=b03f5f7f11d50a3a" className="TestAuto.SearchTest, SearchTest, Version=1.0.0.0, Culture=neutral, PublicKeyToken=null" name="SearchDiscontinuedItems" />
      <Extension>Microsoft.VisualStudio.TestTools.UITesting.CodedUITestAttribute, Microsoft.VisualStudio.QualityTools.CodedUITestFramework, Version=12.0.0.0, Culture=neutral, PublicKeyToken=b03f5f7f11d50a3a</Extension>
    </UnitTest>
    <UnitTest name="LoginIdEmailAddressChange" storage="\\cmp01-ykumar\qatestautomationbuildsdrop\qatestautomation\qatestautomation_20180509.2\emailaddresslogin_test.dll" id="27289db3-84ee-e2ae-e753-50edcd964454">
      <DeploymentItems>
        <DeploymentItem filename="SharedCommonConfig\SharedCommonConfig.xml" />
        <DeploymentItem filename="TestData\EmailAddressLoginTestData.xml" />
      </DeploymentItems>
      <TcmInformation testCaseId="1423" testRunId="26924" testResultId="100021" />
      <Execution id="edd162b6-d638-42ff-95c9-0296cb6c09ab" />
      <Properties>
        <Property>
          <Key>__Tfs_BuildUri__</Key>
          <Value>vstfs:///Build/Build/1899</Value>
        </Property>
        <Property>
          <Key>__Tfs_IsInLabEnvironment__</Key>
          <Value>true</Value>
        </Property>
        <Property>
          <Key>__Tfs_TestRunId__</Key>
          <Value>26924</Value>
        </Property>
        <Property>
          <Key>__Tfs_TestCaseId__</Key>
          <Value>1423</Value>
        </Property>
        <Property>
          <Key>__Tfs_TeamProject__</Key>
          <Value>WebSphere</Value>
        </Property>
        <Property>
          <Key>__Tfs_BuildDirectory__</Key>
          <Value>\\CMP01-YKUMAR\QATestAutomationBuildsDrop\QATestAutomation\QATestAutomation_20180509.2</Value>
        </Property>
        <Property>
          <Key>__Tfs_LabEnvironment__</Key>
          <Value>&lt;?xml version="1.0" encoding="utf-16"?&gt;&lt;LabEnvironment Id="afd904c8-4332-4335-bd1d-55612a5eed76" Name="CMP01-INDIASQA" Uri="vstfs:///LabManagement/LabEnvironment/316"&gt;&lt;LabSystems&gt;&lt;LabSystem Name="CMP01-INDIASQA" ComputerName="CMP01-INDIASQA.horizonhobby.com" Roles="BS2CUIT"&gt;&lt;CustomProperties /&gt;&lt;/LabSystem&gt;&lt;/LabSystems&gt;&lt;/LabEnvironment&gt;</Value>
        </Property>
        <Property>
          <Key>__Tfs_TestConfigurationId__</Key>
          <Value>17</Value>
        </Property>
        <Property>
          <Key>__Tfs_TestPlanId__</Key>
          <Value>13</Value>
        </Property>
        <Property>
          <Key>__Tfs_TestConfigurationName__</Key>
          <Value>Win 7 with IE 11</Value>
        </Property>
        <Property>
          <Key>__Tfs_TestPointId__</Key>
          <Value>110133</Value>
        </Property>
        <Property>
          <Key>__Tfs_TfsServerCollectionUrl__</Key>
          <Value>http://cmp02-app05:8080/tfs/defaultcollection</Value>
        </Property>
        <Property>
          <Key>__Tfs_BuildPlatform__</Key>
          <Value>Any CPU</Value>
        </Property>
        <Property>
          <Key>__Tfs_BuildNumber__</Key>
          <Value>QATestAutomation_20180509.2</Value>
        </Property>
        <Property>
          <Key>__Tfs_BuildFlavor__</Key>
          <Value>Debug</Value>
        </Property>
        <Property>
          <Key>__Tfs_BuildConfigurationId__</Key>
          <Value>26927</Value>
        </Property>
      </Properties>
      <TestMethod codeBase="file://CMP01-YKUMAR/QATestAutomationBuildsDrop/QATestAutomation/QATestAutomation_20180509.2/EmailAddressLogin_Test.DLL" adapterTypeName="Microsoft.VisualStudio.TestTools.TestTypes.Unit.UnitTestAdapter, Microsoft.VisualStudio.QualityTools.Tips.UnitTest.Adapter, Version=12.0.0.0, Culture=neutral, PublicKeyToken=b03f5f7f11d50a3a" className="TestAuto.EmailAddressLogin_TEST, EmailAddressLogin_Test, Version=1.0.0.0, Culture=neutral, PublicKeyToken=null" name="LoginIdEmailAddressChange" />
      <Extension>Microsoft.VisualStudio.TestTools.UITesting.CodedUITestAttribute, Microsoft.VisualStudio.QualityTools.CodedUITestFramework, Version=12.0.0.0, Culture=neutral, PublicKeyToken=b03f5f7f11d50a3a</Extension>
    </UnitTest>
    <UnitTest name="CreditCardCheckoutGiftCardEntryLimit" storage="\\cmp01-ykumar\qatestautomationbuildsdrop\qatestautomation\qatestautomation_20180509.2\checkout_test.dll" id="3126911c-794a-ea79-5668-847b6b9bfee4">
      <DeploymentItems>
        <DeploymentItem filename="TestData\CheckoutCreditCard.xml" />
        <DeploymentItem filename="SharedCommonConfig\SharedCommonConfig.xml" />
      </DeploymentItems>
      <TcmInformation testCaseId="1430" testRunId="26924" testResultId="100025" />
      <Execution id="3d1f00d8-dd35-4a2d-a004-d45a40687c99" />
      <Properties>
        <Property>
          <Key>__Tfs_BuildUri__</Key>
          <Value>vstfs:///Build/Build/1899</Value>
        </Property>
        <Property>
          <Key>__Tfs_IsInLabEnvironment__</Key>
          <Value>true</Value>
        </Property>
        <Property>
          <Key>__Tfs_TestRunId__</Key>
          <Value>26924</Value>
        </Property>
        <Property>
          <Key>__Tfs_TestCaseId__</Key>
          <Value>1430</Value>
        </Property>
        <Property>
          <Key>__Tfs_TeamProject__</Key>
          <Value>WebSphere</Value>
        </Property>
        <Property>
          <Key>__Tfs_BuildDirectory__</Key>
          <Value>\\CMP01-YKUMAR\QATestAutomationBuildsDrop\QATestAutomation\QATestAutomation_20180509.2</Value>
        </Property>
        <Property>
          <Key>__Tfs_LabEnvironment__</Key>
          <Value>&lt;?xml version="1.0" encoding="utf-16"?&gt;&lt;LabEnvironment Id="afd904c8-4332-4335-bd1d-55612a5eed76" Name="CMP01-INDIASQA" Uri="vstfs:///LabManagement/LabEnvironment/316"&gt;&lt;LabSystems&gt;&lt;LabSystem Name="CMP01-INDIASQA" ComputerName="CMP01-INDIASQA.horizonhobby.com" Roles="BS2CUIT"&gt;&lt;CustomProperties /&gt;&lt;/LabSystem&gt;&lt;/LabSystems&gt;&lt;/LabEnvironment&gt;</Value>
        </Property>
        <Property>
          <Key>__Tfs_TestConfigurationId__</Key>
          <Value>17</Value>
        </Property>
        <Property>
          <Key>__Tfs_TestPlanId__</Key>
          <Value>13</Value>
        </Property>
        <Property>
          <Key>__Tfs_TestConfigurationName__</Key>
          <Value>Win 7 with IE 11</Value>
        </Property>
        <Property>
          <Key>__Tfs_TestPointId__</Key>
          <Value>110137</Value>
        </Property>
        <Property>
          <Key>__Tfs_TfsServerCollectionUrl__</Key>
          <Value>http://cmp02-app05:8080/tfs/defaultcollection</Value>
        </Property>
        <Property>
          <Key>__Tfs_BuildPlatform__</Key>
          <Value>Any CPU</Value>
        </Property>
        <Property>
          <Key>__Tfs_BuildNumber__</Key>
          <Value>QATestAutomation_20180509.2</Value>
        </Property>
        <Property>
          <Key>__Tfs_BuildFlavor__</Key>
          <Value>Debug</Value>
        </Property>
        <Property>
          <Key>__Tfs_BuildConfigurationId__</Key>
          <Value>26927</Value>
        </Property>
      </Properties>
      <TestMethod codeBase="file://CMP01-YKUMAR/QATestAutomationBuildsDrop/QATestAutomation/QATestAutomation_20180509.2/Checkout_Test.DLL" adapterTypeName="Microsoft.VisualStudio.TestTools.TestTypes.Unit.UnitTestAdapter, Microsoft.VisualStudio.QualityTools.Tips.UnitTest.Adapter, Version=12.0.0.0, Culture=neutral, PublicKeyToken=b03f5f7f11d50a3a" className="TestAuto.CheckoutCreditCard, Checkout_Test, Version=1.0.0.0, Culture=neutral, PublicKeyToken=null" name="CreditCardCheckoutGiftCardEntryLimit" />
      <Extension>Microsoft.VisualStudio.TestTools.UITesting.CodedUITestAttribute, Microsoft.VisualStudio.QualityTools.CodedUITestFramework, Version=12.0.0.0, Culture=neutral, PublicKeyToken=b03f5f7f11d50a3a</Extension>
    </UnitTest>
    <UnitTest name="GlobalSettingsHeaderSocialMediaIcons" storage="\\cmp01-ykumar\qatestautomationbuildsdrop\qatestautomation\qatestautomation_20180509.2\globalsettings.dll" id="5e920f42-d5c3-6f80-a5b5-93855a29ecaa">
      <DeploymentItems>
        <DeploymentItem filename="TestData\GlobalSettingsTestData.xml" />
        <DeploymentItem filename="SharedCommonConfig\SharedCommonConfig.xml" />
      </DeploymentItems>
      <TcmInformation testCaseId="1413" testRunId="26924" testResultId="100013" />
      <Execution id="8b83a9d9-25c7-48f1-b486-9f312220a5b3" />
      <Properties>
        <Property>
          <Key>__Tfs_BuildUri__</Key>
          <Value>vstfs:///Build/Build/1899</Value>
        </Property>
        <Property>
          <Key>__Tfs_IsInLabEnvironment__</Key>
          <Value>true</Value>
        </Property>
        <Property>
          <Key>__Tfs_TestRunId__</Key>
          <Value>26924</Value>
        </Property>
        <Property>
          <Key>__Tfs_TestCaseId__</Key>
          <Value>1413</Value>
        </Property>
        <Property>
          <Key>__Tfs_TeamProject__</Key>
          <Value>WebSphere</Value>
        </Property>
        <Property>
          <Key>__Tfs_BuildDirectory__</Key>
          <Value>\\CMP01-YKUMAR\QATestAutomationBuildsDrop\QATestAutomation\QATestAutomation_20180509.2</Value>
        </Property>
        <Property>
          <Key>__Tfs_LabEnvironment__</Key>
          <Value>&lt;?xml version="1.0" encoding="utf-16"?&gt;&lt;LabEnvironment Id="afd904c8-4332-4335-bd1d-55612a5eed76" Name="CMP01-INDIASQA" Uri="vstfs:///LabManagement/LabEnvironment/316"&gt;&lt;LabSystems&gt;&lt;LabSystem Name="CMP01-INDIASQA" ComputerName="CMP01-INDIASQA.horizonhobby.com" Roles="BS2CUIT"&gt;&lt;CustomProperties /&gt;&lt;/LabSystem&gt;&lt;/LabSystems&gt;&lt;/LabEnvironment&gt;</Value>
        </Property>
        <Property>
          <Key>__Tfs_TestConfigurationId__</Key>
          <Value>17</Value>
        </Property>
        <Property>
          <Key>__Tfs_TestPlanId__</Key>
          <Value>13</Value>
        </Property>
        <Property>
          <Key>__Tfs_TestConfigurationName__</Key>
          <Value>Win 7 with IE 11</Value>
        </Property>
        <Property>
          <Key>__Tfs_TestPointId__</Key>
          <Value>110124</Value>
        </Property>
        <Property>
          <Key>__Tfs_TfsServerCollectionUrl__</Key>
          <Value>http://cmp02-app05:8080/tfs/defaultcollection</Value>
        </Property>
        <Property>
          <Key>__Tfs_BuildPlatform__</Key>
          <Value>Any CPU</Value>
        </Property>
        <Property>
          <Key>__Tfs_BuildNumber__</Key>
          <Value>QATestAutomation_20180509.2</Value>
        </Property>
        <Property>
          <Key>__Tfs_BuildFlavor__</Key>
          <Value>Debug</Value>
        </Property>
        <Property>
          <Key>__Tfs_BuildConfigurationId__</Key>
          <Value>26927</Value>
        </Property>
      </Properties>
      <TestMethod codeBase="file://CMP01-YKUMAR/QATestAutomationBuildsDrop/QATestAutomation/QATestAutomation_20180509.2/GlobalSettings.DLL" adapterTypeName="Microsoft.VisualStudio.TestTools.TestTypes.Unit.UnitTestAdapter, Microsoft.VisualStudio.QualityTools.Tips.UnitTest.Adapter, Version=12.0.0.0, Culture=neutral, PublicKeyToken=b03f5f7f11d50a3a" className="TestAuto.GlobalSettings, GlobalSettings, Version=1.0.0.0, Culture=neutral, PublicKeyToken=null" name="GlobalSettingsHeaderSocialMediaIcons" />
      <Extension>Microsoft.VisualStudio.TestTools.UITesting.CodedUITestAttribute, Microsoft.VisualStudio.QualityTools.CodedUITestFramework, Version=12.0.0.0, Culture=neutral, PublicKeyToken=b03f5f7f11d50a3a</Extension>
    </UnitTest>
    <UnitTest name="SearchPagingBottomOfPage" storage="\\cmp01-ykumar\qatestautomationbuildsdrop\qatestautomation\qatestautomation_20180509.2\searchtest.dll" id="eeea2022-8b1c-5956-dd74-b544624a610e">
      <DeploymentItems>
        <DeploymentItem filename="TestData\SearchTestData.xml" />
        <DeploymentItem filename="SharedCommonConfig\SharedCommonConfig.xml" />
      </DeploymentItems>
      <TcmInformation testCaseId="1350" testRunId="26924" testResultId="100005" />
      <Execution id="3ab2e3ac-eca2-40bc-8deb-8d95f3dd0884" />
      <Properties>
        <Property>
          <Key>__Tfs_BuildUri__</Key>
          <Value>vstfs:///Build/Build/1899</Value>
        </Property>
        <Property>
          <Key>__Tfs_IsInLabEnvironment__</Key>
          <Value>true</Value>
        </Property>
        <Property>
          <Key>__Tfs_TestRunId__</Key>
          <Value>26924</Value>
        </Property>
        <Property>
          <Key>__Tfs_TestCaseId__</Key>
          <Value>1350</Value>
        </Property>
        <Property>
          <Key>__Tfs_TeamProject__</Key>
          <Value>WebSphere</Value>
        </Property>
        <Property>
          <Key>__Tfs_BuildDirectory__</Key>
          <Value>\\CMP01-YKUMAR\QATestAutomationBuildsDrop\QATestAutomation\QATestAutomation_20180509.2</Value>
        </Property>
        <Property>
          <Key>__Tfs_LabEnvironment__</Key>
          <Value>&lt;?xml version="1.0" encoding="utf-16"?&gt;&lt;LabEnvironment Id="afd904c8-4332-4335-bd1d-55612a5eed76" Name="CMP01-INDIASQA" Uri="vstfs:///LabManagement/LabEnvironment/316"&gt;&lt;LabSystems&gt;&lt;LabSystem Name="CMP01-INDIASQA" ComputerName="CMP01-INDIASQA.horizonhobby.com" Roles="BS2CUIT"&gt;&lt;CustomProperties /&gt;&lt;/LabSystem&gt;&lt;/LabSystems&gt;&lt;/LabEnvironment&gt;</Value>
        </Property>
        <Property>
          <Key>__Tfs_TestConfigurationId__</Key>
          <Value>17</Value>
        </Property>
        <Property>
          <Key>__Tfs_TestPlanId__</Key>
          <Value>13</Value>
        </Property>
        <Property>
          <Key>__Tfs_TestConfigurationName__</Key>
          <Value>Win 7 with IE 11</Value>
        </Property>
        <Property>
          <Key>__Tfs_TestPointId__</Key>
          <Value>110335</Value>
        </Property>
        <Property>
          <Key>__Tfs_TfsServerCollectionUrl__</Key>
          <Value>http://cmp02-app05:8080/tfs/defaultcollection</Value>
        </Property>
        <Property>
          <Key>__Tfs_BuildPlatform__</Key>
          <Value>Any CPU</Value>
        </Property>
        <Property>
          <Key>__Tfs_BuildNumber__</Key>
          <Value>QATestAutomation_20180509.2</Value>
        </Property>
        <Property>
          <Key>__Tfs_BuildFlavor__</Key>
          <Value>Debug</Value>
        </Property>
        <Property>
          <Key>__Tfs_BuildConfigurationId__</Key>
          <Value>26927</Value>
        </Property>
      </Properties>
      <TestMethod codeBase="file://CMP01-YKUMAR/QATestAutomationBuildsDrop/QATestAutomation/QATestAutomation_20180509.2/SearchTest.DLL" adapterTypeName="Microsoft.VisualStudio.TestTools.TestTypes.Unit.UnitTestAdapter, Microsoft.VisualStudio.QualityTools.Tips.UnitTest.Adapter, Version=12.0.0.0, Culture=neutral, PublicKeyToken=b03f5f7f11d50a3a" className="TestAuto.SearchTest, SearchTest, Version=1.0.0.0, Culture=neutral, PublicKeyToken=null" name="SearchPagingBottomOfPage" />
      <Extension>Microsoft.VisualStudio.TestTools.UITesting.CodedUITestAttribute, Microsoft.VisualStudio.QualityTools.CodedUITestFramework, Version=12.0.0.0, Culture=neutral, PublicKeyToken=b03f5f7f11d50a3a</Extension>
    </UnitTest>
    <UnitTest name="ProductPagePrintLayoutNeverMind" storage="\\cmp01-ykumar\qatestautomationbuildsdrop\qatestautomation\qatestautomation_20180509.2\productpagetest.dll" id="8cba95c4-bbe5-7e99-d766-991b784ac5c8">
      <DeploymentItems>
        <DeploymentItem filename="TestData\ProductPageTestData.xml" />
        <DeploymentItem filename="SharedCommonConfig\SharedCommonConfig.xml" />
      </DeploymentItems>
      <TcmInformation testCaseId="1375" testRunId="26924" testResultId="100009" />
      <Execution id="62c91483-7434-492a-be31-d900b6156b10" />
      <Properties>
        <Property>
          <Key>__Tfs_BuildUri__</Key>
          <Value>vstfs:///Build/Build/1899</Value>
        </Property>
        <Property>
          <Key>__Tfs_IsInLabEnvironment__</Key>
          <Value>true</Value>
        </Property>
        <Property>
          <Key>__Tfs_TestRunId__</Key>
          <Value>26924</Value>
        </Property>
        <Property>
          <Key>__Tfs_TestCaseId__</Key>
          <Value>1375</Value>
        </Property>
        <Property>
          <Key>__Tfs_TeamProject__</Key>
          <Value>WebSphere</Value>
        </Property>
        <Property>
          <Key>__Tfs_BuildDirectory__</Key>
          <Value>\\CMP01-YKUMAR\QATestAutomationBuildsDrop\QATestAutomation\QATestAutomation_20180509.2</Value>
        </Property>
        <Property>
          <Key>__Tfs_LabEnvironment__</Key>
          <Value>&lt;?xml version="1.0" encoding="utf-16"?&gt;&lt;LabEnvironment Id="afd904c8-4332-4335-bd1d-55612a5eed76" Name="CMP01-INDIASQA" Uri="vstfs:///LabManagement/LabEnvironment/316"&gt;&lt;LabSystems&gt;&lt;LabSystem Name="CMP01-INDIASQA" ComputerName="CMP01-INDIASQA.horizonhobby.com" Roles="BS2CUIT"&gt;&lt;CustomProperties /&gt;&lt;/LabSystem&gt;&lt;/LabSystems&gt;&lt;/LabEnvironment&gt;</Value>
        </Property>
        <Property>
          <Key>__Tfs_TestConfigurationId__</Key>
          <Value>17</Value>
        </Property>
        <Property>
          <Key>__Tfs_TestPlanId__</Key>
          <Value>13</Value>
        </Property>
        <Property>
          <Key>__Tfs_TestConfigurationName__</Key>
          <Value>Win 7 with IE 11</Value>
        </Property>
        <Property>
          <Key>__Tfs_TestPointId__</Key>
          <Value>110117</Value>
        </Property>
        <Property>
          <Key>__Tfs_TfsServerCollectionUrl__</Key>
          <Value>http://cmp02-app05:8080/tfs/defaultcollection</Value>
        </Property>
        <Property>
          <Key>__Tfs_BuildPlatform__</Key>
          <Value>Any CPU</Value>
        </Property>
        <Property>
          <Key>__Tfs_BuildNumber__</Key>
          <Value>QATestAutomation_20180509.2</Value>
        </Property>
        <Property>
          <Key>__Tfs_BuildFlavor__</Key>
          <Value>Debug</Value>
        </Property>
        <Property>
          <Key>__Tfs_BuildConfigurationId__</Key>
          <Value>26927</Value>
        </Property>
      </Properties>
      <TestMethod codeBase="file://CMP01-YKUMAR/QATestAutomationBuildsDrop/QATestAutomation/QATestAutomation_20180509.2/ProductPageTest.DLL" adapterTypeName="Microsoft.VisualStudio.TestTools.TestTypes.Unit.UnitTestAdapter, Microsoft.VisualStudio.QualityTools.Tips.UnitTest.Adapter, Version=12.0.0.0, Culture=neutral, PublicKeyToken=b03f5f7f11d50a3a" className="TestAuto.ProductPageTest, ProductPageTest, Version=1.0.0.0, Culture=neutral, PublicKeyToken=null" name="ProductPagePrintLayoutNeverMind" />
      <Extension>Microsoft.VisualStudio.TestTools.UITesting.CodedUITestAttribute, Microsoft.VisualStudio.QualityTools.CodedUITestFramework, Version=12.0.0.0, Culture=neutral, PublicKeyToken=b03f5f7f11d50a3a</Extension>
    </UnitTest>
    <UnitTest name="CategoryListSortOptionsDefault" storage="\\cmp01-ykumar\qatestautomationbuildsdrop\qatestautomation\qatestautomation_20180509.2\categorylistlevel3.dll" id="40e2ea83-847c-fa82-faa8-1bb181771603">
      <DeploymentItems>
        <DeploymentItem filename="TestData\CategoryListLevel3TestData.xml" />
        <DeploymentItem filename="SharedCommonConfig\SharedCommonConfig.xml" />
      </DeploymentItems>
      <TcmInformation testCaseId="1575" testRunId="26924" testResultId="100062" />
      <Execution id="820385a5-010e-4ea8-ab57-9a7499522ca5" />
      <Properties>
        <Property>
          <Key>__Tfs_BuildUri__</Key>
          <Value>vstfs:///Build/Build/1899</Value>
        </Property>
        <Property>
          <Key>__Tfs_IsInLabEnvironment__</Key>
          <Value>true</Value>
        </Property>
        <Property>
          <Key>__Tfs_TestRunId__</Key>
          <Value>26924</Value>
        </Property>
        <Property>
          <Key>__Tfs_TestCaseId__</Key>
          <Value>1575</Value>
        </Property>
        <Property>
          <Key>__Tfs_TeamProject__</Key>
          <Value>WebSphere</Value>
        </Property>
        <Property>
          <Key>__Tfs_BuildDirectory__</Key>
          <Value>\\CMP01-YKUMAR\QATestAutomationBuildsDrop\QATestAutomation\QATestAutomation_20180509.2</Value>
        </Property>
        <Property>
          <Key>__Tfs_LabEnvironment__</Key>
          <Value>&lt;?xml version="1.0" encoding="utf-16"?&gt;&lt;LabEnvironment Id="afd904c8-4332-4335-bd1d-55612a5eed76" Name="CMP01-INDIASQA" Uri="vstfs:///LabManagement/LabEnvironment/316"&gt;&lt;LabSystems&gt;&lt;LabSystem Name="CMP01-INDIASQA" ComputerName="CMP01-INDIASQA.horizonhobby.com" Roles="BS2CUIT"&gt;&lt;CustomProperties /&gt;&lt;/LabSystem&gt;&lt;/LabSystems&gt;&lt;/LabEnvironment&gt;</Value>
        </Property>
        <Property>
          <Key>__Tfs_TestConfigurationId__</Key>
          <Value>17</Value>
        </Property>
        <Property>
          <Key>__Tfs_TestPlanId__</Key>
          <Value>13</Value>
        </Property>
        <Property>
          <Key>__Tfs_TestConfigurationName__</Key>
          <Value>Win 7 with IE 11</Value>
        </Property>
        <Property>
          <Key>__Tfs_TestPointId__</Key>
          <Value>110424</Value>
        </Property>
        <Property>
          <Key>__Tfs_TfsServerCollectionUrl__</Key>
          <Value>http://cmp02-app05:8080/tfs/defaultcollection</Value>
        </Property>
        <Property>
          <Key>__Tfs_BuildPlatform__</Key>
          <Value>Any CPU</Value>
        </Property>
        <Property>
          <Key>__Tfs_BuildNumber__</Key>
          <Value>QATestAutomation_20180509.2</Value>
        </Property>
        <Property>
          <Key>__Tfs_BuildFlavor__</Key>
          <Value>Debug</Value>
        </Property>
        <Property>
          <Key>__Tfs_BuildConfigurationId__</Key>
          <Value>26927</Value>
        </Property>
      </Properties>
      <TestMethod codeBase="file://CMP01-YKUMAR/QATestAutomationBuildsDrop/QATestAutomation/QATestAutomation_20180509.2/CategoryListLevel3.DLL" adapterTypeName="Microsoft.VisualStudio.TestTools.TestTypes.Unit.UnitTestAdapter, Microsoft.VisualStudio.QualityTools.Tips.UnitTest.Adapter, Version=12.0.0.0, Culture=neutral, PublicKeyToken=b03f5f7f11d50a3a" className="TestAuto.CategoryListLevel3, CategoryListLevel3, Version=1.0.0.0, Culture=neutral, PublicKeyToken=null" name="CategoryListSortOptionsDefault" />
      <Extension>Microsoft.VisualStudio.TestTools.UITesting.CodedUITestAttribute, Microsoft.VisualStudio.QualityTools.CodedUITestFramework, Version=12.0.0.0, Culture=neutral, PublicKeyToken=b03f5f7f11d50a3a</Extension>
    </UnitTest>
    <UnitTest name="CheckoutPaymentoptionsCCandPayPalNotAvailable" storage="\\cmp01-ykumar\qatestautomationbuildsdrop\qatestautomation\qatestautomation_20180509.2\checkout_test.dll" id="a31c83e0-95a4-96e3-3638-a14dd52f6f59">
      <DeploymentItems>
        <DeploymentItem filename="TestData\CheckoutCommonTestData.xml" />
        <DeploymentItem filename="SharedCommonConfig\SharedCommonConfig.xml" />
      </DeploymentItems>
      <TcmInformation testCaseId="1457" testRunId="26924" testResultId="100036" />
      <Execution id="f6dfc8c2-f5bf-45fe-89fd-389dc6470071" />
      <Properties>
        <Property>
          <Key>__Tfs_BuildUri__</Key>
          <Value>vstfs:///Build/Build/1899</Value>
        </Property>
        <Property>
          <Key>__Tfs_IsInLabEnvironment__</Key>
          <Value>true</Value>
        </Property>
        <Property>
          <Key>__Tfs_TestRunId__</Key>
          <Value>26924</Value>
        </Property>
        <Property>
          <Key>__Tfs_TestCaseId__</Key>
          <Value>1457</Value>
        </Property>
        <Property>
          <Key>__Tfs_TeamProject__</Key>
          <Value>WebSphere</Value>
        </Property>
        <Property>
          <Key>__Tfs_BuildDirectory__</Key>
          <Value>\\CMP01-YKUMAR\QATestAutomationBuildsDrop\QATestAutomation\QATestAutomation_20180509.2</Value>
        </Property>
        <Property>
          <Key>__Tfs_LabEnvironment__</Key>
          <Value>&lt;?xml version="1.0" encoding="utf-16"?&gt;&lt;LabEnvironment Id="afd904c8-4332-4335-bd1d-55612a5eed76" Name="CMP01-INDIASQA" Uri="vstfs:///LabManagement/LabEnvironment/316"&gt;&lt;LabSystems&gt;&lt;LabSystem Name="CMP01-INDIASQA" ComputerName="CMP01-INDIASQA.horizonhobby.com" Roles="BS2CUIT"&gt;&lt;CustomProperties /&gt;&lt;/LabSystem&gt;&lt;/LabSystems&gt;&lt;/LabEnvironment&gt;</Value>
        </Property>
        <Property>
          <Key>__Tfs_TestConfigurationId__</Key>
          <Value>17</Value>
        </Property>
        <Property>
          <Key>__Tfs_TestPlanId__</Key>
          <Value>13</Value>
        </Property>
        <Property>
          <Key>__Tfs_TestConfigurationName__</Key>
          <Value>Win 7 with IE 11</Value>
        </Property>
        <Property>
          <Key>__Tfs_TestPointId__</Key>
          <Value>110151</Value>
        </Property>
        <Property>
          <Key>__Tfs_TfsServerCollectionUrl__</Key>
          <Value>http://cmp02-app05:8080/tfs/defaultcollection</Value>
        </Property>
        <Property>
          <Key>__Tfs_BuildPlatform__</Key>
          <Value>Any CPU</Value>
        </Property>
        <Property>
          <Key>__Tfs_BuildNumber__</Key>
          <Value>QATestAutomation_20180509.2</Value>
        </Property>
        <Property>
          <Key>__Tfs_BuildFlavor__</Key>
          <Value>Debug</Value>
        </Property>
        <Property>
          <Key>__Tfs_BuildConfigurationId__</Key>
          <Value>26927</Value>
        </Property>
      </Properties>
      <TestMethod codeBase="file://CMP01-YKUMAR/QATestAutomationBuildsDrop/QATestAutomation/QATestAutomation_20180509.2/Checkout_Test.DLL" adapterTypeName="Microsoft.VisualStudio.TestTools.TestTypes.Unit.UnitTestAdapter, Microsoft.VisualStudio.QualityTools.Tips.UnitTest.Adapter, Version=12.0.0.0, Culture=neutral, PublicKeyToken=b03f5f7f11d50a3a" className="TestAuto.HHBvtSmokeTest, Checkout_Test, Version=1.0.0.0, Culture=neutral, PublicKeyToken=null" name="CheckoutPaymentoptionsCCandPayPalNotAvailable" />
      <Extension>Microsoft.VisualStudio.TestTools.UITesting.CodedUITestAttribute, Microsoft.VisualStudio.QualityTools.CodedUITestFramework, Version=12.0.0.0, Culture=neutral, PublicKeyToken=b03f5f7f11d50a3a</Extension>
    </UnitTest>
    <UnitTest name="GlobalSettingsRecentlyAddedItems" storage="\\cmp01-ykumar\qatestautomationbuildsdrop\qatestautomation\qatestautomation_20180509.2\globalsettings.dll" id="4211675b-f685-7d0b-d2a5-af62e7bb2f68">
      <DeploymentItems>
        <DeploymentItem filename="TestData\GlobalSettingsTestData.xml" />
        <DeploymentItem filename="SharedCommonConfig\SharedCommonConfig.xml" />
      </DeploymentItems>
      <TcmInformation testCaseId="1449" testRunId="26924" testResultId="100032" />
      <Execution id="2cd3d9e4-d12c-46fb-aed9-80c6e41ad8f0" />
      <Properties>
        <Property>
          <Key>__Tfs_BuildUri__</Key>
          <Value>vstfs:///Build/Build/1899</Value>
        </Property>
        <Property>
          <Key>__Tfs_IsInLabEnvironment__</Key>
          <Value>true</Value>
        </Property>
        <Property>
          <Key>__Tfs_TestRunId__</Key>
          <Value>26924</Value>
        </Property>
        <Property>
          <Key>__Tfs_TestCaseId__</Key>
          <Value>1449</Value>
        </Property>
        <Property>
          <Key>__Tfs_TeamProject__</Key>
          <Value>WebSphere</Value>
        </Property>
        <Property>
          <Key>__Tfs_BuildDirectory__</Key>
          <Value>\\CMP01-YKUMAR\QATestAutomationBuildsDrop\QATestAutomation\QATestAutomation_20180509.2</Value>
        </Property>
        <Property>
          <Key>__Tfs_LabEnvironment__</Key>
          <Value>&lt;?xml version="1.0" encoding="utf-16"?&gt;&lt;LabEnvironment Id="afd904c8-4332-4335-bd1d-55612a5eed76" Name="CMP01-INDIASQA" Uri="vstfs:///LabManagement/LabEnvironment/316"&gt;&lt;LabSystems&gt;&lt;LabSystem Name="CMP01-INDIASQA" ComputerName="CMP01-INDIASQA.horizonhobby.com" Roles="BS2CUIT"&gt;&lt;CustomProperties /&gt;&lt;/LabSystem&gt;&lt;/LabSystems&gt;&lt;/LabEnvironment&gt;</Value>
        </Property>
        <Property>
          <Key>__Tfs_TestConfigurationId__</Key>
          <Value>17</Value>
        </Property>
        <Property>
          <Key>__Tfs_TestPlanId__</Key>
          <Value>13</Value>
        </Property>
        <Property>
          <Key>__Tfs_TestConfigurationName__</Key>
          <Value>Win 7 with IE 11</Value>
        </Property>
        <Property>
          <Key>__Tfs_TestPointId__</Key>
          <Value>110145</Value>
        </Property>
        <Property>
          <Key>__Tfs_TfsServerCollectionUrl__</Key>
          <Value>http://cmp02-app05:8080/tfs/defaultcollection</Value>
        </Property>
        <Property>
          <Key>__Tfs_BuildPlatform__</Key>
          <Value>Any CPU</Value>
        </Property>
        <Property>
          <Key>__Tfs_BuildNumber__</Key>
          <Value>QATestAutomation_20180509.2</Value>
        </Property>
        <Property>
          <Key>__Tfs_BuildFlavor__</Key>
          <Value>Debug</Value>
        </Property>
        <Property>
          <Key>__Tfs_BuildConfigurationId__</Key>
          <Value>26927</Value>
        </Property>
      </Properties>
      <TestMethod codeBase="file://CMP01-YKUMAR/QATestAutomationBuildsDrop/QATestAutomation/QATestAutomation_20180509.2/GlobalSettings.DLL" adapterTypeName="Microsoft.VisualStudio.TestTools.TestTypes.Unit.UnitTestAdapter, Microsoft.VisualStudio.QualityTools.Tips.UnitTest.Adapter, Version=12.0.0.0, Culture=neutral, PublicKeyToken=b03f5f7f11d50a3a" className="TestAuto.GlobalSettings, GlobalSettings, Version=1.0.0.0, Culture=neutral, PublicKeyToken=null" name="GlobalSettingsRecentlyAddedItems" />
      <Extension>Microsoft.VisualStudio.TestTools.UITesting.CodedUITestAttribute, Microsoft.VisualStudio.QualityTools.CodedUITestFramework, Version=12.0.0.0, Culture=neutral, PublicKeyToken=b03f5f7f11d50a3a</Extension>
    </UnitTest>
    <UnitTest name="CartCpsiaWarning" storage="\\cmp01-ykumar\qatestautomationbuildsdrop\qatestautomation\qatestautomation_20180509.2\cartdisplaytest.dll" id="49b5c783-bec5-8681-0d7e-1a5b0835ff83">
      <DeploymentItems>
        <DeploymentItem filename="TestData\CartDisplayTestData.xml" />
        <DeploymentItem filename="SharedCommonConfig\SharedCommonConfig.xml" />
      </DeploymentItems>
      <TcmInformation testCaseId="1464" testRunId="26924" testResultId="100037" />
      <Execution id="e1b043e0-7790-42fa-9a1b-f3ccdd5496a1" />
      <Properties>
        <Property>
          <Key>__Tfs_BuildUri__</Key>
          <Value>vstfs:///Build/Build/1899</Value>
        </Property>
        <Property>
          <Key>__Tfs_IsInLabEnvironment__</Key>
          <Value>true</Value>
        </Property>
        <Property>
          <Key>__Tfs_TestRunId__</Key>
          <Value>26924</Value>
        </Property>
        <Property>
          <Key>__Tfs_TestCaseId__</Key>
          <Value>1464</Value>
        </Property>
        <Property>
          <Key>__Tfs_TeamProject__</Key>
          <Value>WebSphere</Value>
        </Property>
        <Property>
          <Key>__Tfs_BuildDirectory__</Key>
          <Value>\\CMP01-YKUMAR\QATestAutomationBuildsDrop\QATestAutomation\QATestAutomation_20180509.2</Value>
        </Property>
        <Property>
          <Key>__Tfs_LabEnvironment__</Key>
          <Value>&lt;?xml version="1.0" encoding="utf-16"?&gt;&lt;LabEnvironment Id="afd904c8-4332-4335-bd1d-55612a5eed76" Name="CMP01-INDIASQA" Uri="vstfs:///LabManagement/LabEnvironment/316"&gt;&lt;LabSystems&gt;&lt;LabSystem Name="CMP01-INDIASQA" ComputerName="CMP01-INDIASQA.horizonhobby.com" Roles="BS2CUIT"&gt;&lt;CustomProperties /&gt;&lt;/LabSystem&gt;&lt;/LabSystems&gt;&lt;/LabEnvironment&gt;</Value>
        </Property>
        <Property>
          <Key>__Tfs_TestConfigurationId__</Key>
          <Value>17</Value>
        </Property>
        <Property>
          <Key>__Tfs_TestPlanId__</Key>
          <Value>13</Value>
        </Property>
        <Property>
          <Key>__Tfs_TestConfigurationName__</Key>
          <Value>Win 7 with IE 11</Value>
        </Property>
        <Property>
          <Key>__Tfs_TestPointId__</Key>
          <Value>110152</Value>
        </Property>
        <Property>
          <Key>__Tfs_TfsServerCollectionUrl__</Key>
          <Value>http://cmp02-app05:8080/tfs/defaultcollection</Value>
        </Property>
        <Property>
          <Key>__Tfs_BuildPlatform__</Key>
          <Value>Any CPU</Value>
        </Property>
        <Property>
          <Key>__Tfs_BuildNumber__</Key>
          <Value>QATestAutomation_20180509.2</Value>
        </Property>
        <Property>
          <Key>__Tfs_BuildFlavor__</Key>
          <Value>Debug</Value>
        </Property>
        <Property>
          <Key>__Tfs_BuildConfigurationId__</Key>
          <Value>26927</Value>
        </Property>
      </Properties>
      <TestMethod codeBase="file://CMP01-YKUMAR/QATestAutomationBuildsDrop/QATestAutomation/QATestAutomation_20180509.2/CartDisplayTest.DLL" adapterTypeName="Microsoft.VisualStudio.TestTools.TestTypes.Unit.UnitTestAdapter, Microsoft.VisualStudio.QualityTools.Tips.UnitTest.Adapter, Version=12.0.0.0, Culture=neutral, PublicKeyToken=b03f5f7f11d50a3a" className="TestAuto.CartDisplayTest, CartDisplayTest, Version=1.0.0.0, Culture=neutral, PublicKeyToken=null" name="CartCpsiaWarning" />
      <Extension>Microsoft.VisualStudio.TestTools.UITesting.CodedUITestAttribute, Microsoft.VisualStudio.QualityTools.CodedUITestFramework, Version=12.0.0.0, Culture=neutral, PublicKeyToken=b03f5f7f11d50a3a</Extension>
    </UnitTest>
    <UnitTest name="SearchGeneralLayout" storage="\\cmp01-ykumar\qatestautomationbuildsdrop\qatestautomation\qatestautomation_20180509.2\searchtest.dll" id="eb8baaf5-37df-b821-8777-1b9d8784bd58">
      <DeploymentItems>
        <DeploymentItem filename="TestData\SearchTestData.xml" />
        <DeploymentItem filename="SharedCommonConfig\SharedCommonConfig.xml" />
      </DeploymentItems>
      <TcmInformation testCaseId="1345" testRunId="26924" testResultId="100002" />
      <Execution id="9657b242-a41c-4f89-98cf-cf0a1cd0fcba" />
      <Properties>
        <Property>
          <Key>__Tfs_BuildUri__</Key>
          <Value>vstfs:///Build/Build/1899</Value>
        </Property>
        <Property>
          <Key>__Tfs_IsInLabEnvironment__</Key>
          <Value>true</Value>
        </Property>
        <Property>
          <Key>__Tfs_TestRunId__</Key>
          <Value>26924</Value>
        </Property>
        <Property>
          <Key>__Tfs_TestCaseId__</Key>
          <Value>1345</Value>
        </Property>
        <Property>
          <Key>__Tfs_TeamProject__</Key>
          <Value>WebSphere</Value>
        </Property>
        <Property>
          <Key>__Tfs_BuildDirectory__</Key>
          <Value>\\CMP01-YKUMAR\QATestAutomationBuildsDrop\QATestAutomation\QATestAutomation_20180509.2</Value>
        </Property>
        <Property>
          <Key>__Tfs_LabEnvironment__</Key>
          <Value>&lt;?xml version="1.0" encoding="utf-16"?&gt;&lt;LabEnvironment Id="afd904c8-4332-4335-bd1d-55612a5eed76" Name="CMP01-INDIASQA" Uri="vstfs:///LabManagement/LabEnvironment/316"&gt;&lt;LabSystems&gt;&lt;LabSystem Name="CMP01-INDIASQA" ComputerName="CMP01-INDIASQA.horizonhobby.com" Roles="BS2CUIT"&gt;&lt;CustomProperties /&gt;&lt;/LabSystem&gt;&lt;/LabSystems&gt;&lt;/LabEnvironment&gt;</Value>
        </Property>
        <Property>
          <Key>__Tfs_TestConfigurationId__</Key>
          <Value>17</Value>
        </Property>
        <Property>
          <Key>__Tfs_TestPlanId__</Key>
          <Value>13</Value>
        </Property>
        <Property>
          <Key>__Tfs_TestConfigurationName__</Key>
          <Value>Win 7 with IE 11</Value>
        </Property>
        <Property>
          <Key>__Tfs_TestPointId__</Key>
          <Value>110113</Value>
        </Property>
        <Property>
          <Key>__Tfs_TfsServerCollectionUrl__</Key>
          <Value>http://cmp02-app05:8080/tfs/defaultcollection</Value>
        </Property>
        <Property>
          <Key>__Tfs_BuildPlatform__</Key>
          <Value>Any CPU</Value>
        </Property>
        <Property>
          <Key>__Tfs_BuildNumber__</Key>
          <Value>QATestAutomation_20180509.2</Value>
        </Property>
        <Property>
          <Key>__Tfs_BuildFlavor__</Key>
          <Value>Debug</Value>
        </Property>
        <Property>
          <Key>__Tfs_BuildConfigurationId__</Key>
          <Value>26927</Value>
        </Property>
      </Properties>
      <TestMethod codeBase="file://CMP01-YKUMAR/QATestAutomationBuildsDrop/QATestAutomation/QATestAutomation_20180509.2/SearchTest.DLL" adapterTypeName="Microsoft.VisualStudio.TestTools.TestTypes.Unit.UnitTestAdapter, Microsoft.VisualStudio.QualityTools.Tips.UnitTest.Adapter, Version=12.0.0.0, Culture=neutral, PublicKeyToken=b03f5f7f11d50a3a" className="TestAuto.SearchTest, SearchTest, Version=1.0.0.0, Culture=neutral, PublicKeyToken=null" name="SearchGeneralLayout" />
      <Extension>Microsoft.VisualStudio.TestTools.UITesting.CodedUITestAttribute, Microsoft.VisualStudio.QualityTools.CodedUITestFramework, Version=12.0.0.0, Culture=neutral, PublicKeyToken=b03f5f7f11d50a3a</Extension>
    </UnitTest>
    <UnitTest name="SearchFilterResultsPrice" storage="\\cmp01-ykumar\qatestautomationbuildsdrop\qatestautomation\qatestautomation_20180509.2\searchtest.dll" id="9150dc72-3704-16fa-854e-535cf7c3de5c">
      <DeploymentItems>
        <DeploymentItem filename="TestData\SearchTestData.xml" />
        <DeploymentItem filename="SharedCommonConfig\SharedCommonConfig.xml" />
      </DeploymentItems>
      <TcmInformation testCaseId="1598" testRunId="26924" testResultId="100069" />
      <Execution id="a156221c-3e2e-45f1-8c6c-3359b73d58e7" />
      <Properties>
        <Property>
          <Key>__Tfs_BuildUri__</Key>
          <Value>vstfs:///Build/Build/1899</Value>
        </Property>
        <Property>
          <Key>__Tfs_IsInLabEnvironment__</Key>
          <Value>true</Value>
        </Property>
        <Property>
          <Key>__Tfs_TestRunId__</Key>
          <Value>26924</Value>
        </Property>
        <Property>
          <Key>__Tfs_TestCaseId__</Key>
          <Value>1598</Value>
        </Property>
        <Property>
          <Key>__Tfs_TeamProject__</Key>
          <Value>WebSphere</Value>
        </Property>
        <Property>
          <Key>__Tfs_BuildDirectory__</Key>
          <Value>\\CMP01-YKUMAR\QATestAutomationBuildsDrop\QATestAutomation\QATestAutomation_20180509.2</Value>
        </Property>
        <Property>
          <Key>__Tfs_LabEnvironment__</Key>
          <Value>&lt;?xml version="1.0" encoding="utf-16"?&gt;&lt;LabEnvironment Id="afd904c8-4332-4335-bd1d-55612a5eed76" Name="CMP01-INDIASQA" Uri="vstfs:///LabManagement/LabEnvironment/316"&gt;&lt;LabSystems&gt;&lt;LabSystem Name="CMP01-INDIASQA" ComputerName="CMP01-INDIASQA.horizonhobby.com" Roles="BS2CUIT"&gt;&lt;CustomProperties /&gt;&lt;/LabSystem&gt;&lt;/LabSystems&gt;&lt;/LabEnvironment&gt;</Value>
        </Property>
        <Property>
          <Key>__Tfs_TestConfigurationId__</Key>
          <Value>17</Value>
        </Property>
        <Property>
          <Key>__Tfs_TestPlanId__</Key>
          <Value>13</Value>
        </Property>
        <Property>
          <Key>__Tfs_TestConfigurationName__</Key>
          <Value>Win 7 with IE 11</Value>
        </Property>
        <Property>
          <Key>__Tfs_TestPointId__</Key>
          <Value>110185</Value>
        </Property>
        <Property>
          <Key>__Tfs_TfsServerCollectionUrl__</Key>
          <Value>http://cmp02-app05:8080/tfs/defaultcollection</Value>
        </Property>
        <Property>
          <Key>__Tfs_BuildPlatform__</Key>
          <Value>Any CPU</Value>
        </Property>
        <Property>
          <Key>__Tfs_BuildNumber__</Key>
          <Value>QATestAutomation_20180509.2</Value>
        </Property>
        <Property>
          <Key>__Tfs_BuildFlavor__</Key>
          <Value>Debug</Value>
        </Property>
        <Property>
          <Key>__Tfs_BuildConfigurationId__</Key>
          <Value>26927</Value>
        </Property>
      </Properties>
      <TestMethod codeBase="file://CMP01-YKUMAR/QATestAutomationBuildsDrop/QATestAutomation/QATestAutomation_20180509.2/SearchTest.DLL" adapterTypeName="Microsoft.VisualStudio.TestTools.TestTypes.Unit.UnitTestAdapter, Microsoft.VisualStudio.QualityTools.Tips.UnitTest.Adapter, Version=12.0.0.0, Culture=neutral, PublicKeyToken=b03f5f7f11d50a3a" className="TestAuto.SearchTest, SearchTest, Version=1.0.0.0, Culture=neutral, PublicKeyToken=null" name="SearchFilterResultsPrice" />
      <Extension>Microsoft.VisualStudio.TestTools.UITesting.CodedUITestAttribute, Microsoft.VisualStudio.QualityTools.CodedUITestFramework, Version=12.0.0.0, Culture=neutral, PublicKeyToken=b03f5f7f11d50a3a</Extension>
    </UnitTest>
    <UnitTest name="ProductPagePriceDisplay" storage="\\cmp01-ykumar\qatestautomationbuildsdrop\qatestautomation\qatestautomation_20180509.2\productpagetest.dll" id="9e3c1da4-d10d-459c-6128-b7277de524eb">
      <DeploymentItems>
        <DeploymentItem filename="TestData\ProductPageTestData.xml" />
        <DeploymentItem filename="SharedCommonConfig\SharedCommonConfig.xml" />
      </DeploymentItems>
      <TcmInformation testCaseId="1379" testRunId="26924" testResultId="100010" />
      <Execution id="e2c562f1-85d8-43fd-9207-d4c0c42a4a74" />
      <Properties>
        <Property>
          <Key>__Tfs_BuildUri__</Key>
          <Value>vstfs:///Build/Build/1899</Value>
        </Property>
        <Property>
          <Key>__Tfs_IsInLabEnvironment__</Key>
          <Value>true</Value>
        </Property>
        <Property>
          <Key>__Tfs_TestRunId__</Key>
          <Value>26924</Value>
        </Property>
        <Property>
          <Key>__Tfs_TestCaseId__</Key>
          <Value>1379</Value>
        </Property>
        <Property>
          <Key>__Tfs_TeamProject__</Key>
          <Value>WebSphere</Value>
        </Property>
        <Property>
          <Key>__Tfs_BuildDirectory__</Key>
          <Value>\\CMP01-YKUMAR\QATestAutomationBuildsDrop\QATestAutomation\QATestAutomation_20180509.2</Value>
        </Property>
        <Property>
          <Key>__Tfs_LabEnvironment__</Key>
          <Value>&lt;?xml version="1.0" encoding="utf-16"?&gt;&lt;LabEnvironment Id="afd904c8-4332-4335-bd1d-55612a5eed76" Name="CMP01-INDIASQA" Uri="vstfs:///LabManagement/LabEnvironment/316"&gt;&lt;LabSystems&gt;&lt;LabSystem Name="CMP01-INDIASQA" ComputerName="CMP01-INDIASQA.horizonhobby.com" Roles="BS2CUIT"&gt;&lt;CustomProperties /&gt;&lt;/LabSystem&gt;&lt;/LabSystems&gt;&lt;/LabEnvironment&gt;</Value>
        </Property>
        <Property>
          <Key>__Tfs_TestConfigurationId__</Key>
          <Value>17</Value>
        </Property>
        <Property>
          <Key>__Tfs_TestPlanId__</Key>
          <Value>13</Value>
        </Property>
        <Property>
          <Key>__Tfs_TestConfigurationName__</Key>
          <Value>Win 7 with IE 11</Value>
        </Property>
        <Property>
          <Key>__Tfs_TestPointId__</Key>
          <Value>110340</Value>
        </Property>
        <Property>
          <Key>__Tfs_TfsServerCollectionUrl__</Key>
          <Value>http://cmp02-app05:8080/tfs/defaultcollection</Value>
        </Property>
        <Property>
          <Key>__Tfs_BuildPlatform__</Key>
          <Value>Any CPU</Value>
        </Property>
        <Property>
          <Key>__Tfs_BuildNumber__</Key>
          <Value>QATestAutomation_20180509.2</Value>
        </Property>
        <Property>
          <Key>__Tfs_BuildFlavor__</Key>
          <Value>Debug</Value>
        </Property>
        <Property>
          <Key>__Tfs_BuildConfigurationId__</Key>
          <Value>26927</Value>
        </Property>
      </Properties>
      <TestMethod codeBase="file://CMP01-YKUMAR/QATestAutomationBuildsDrop/QATestAutomation/QATestAutomation_20180509.2/ProductPageTest.DLL" adapterTypeName="Microsoft.VisualStudio.TestTools.TestTypes.Unit.UnitTestAdapter, Microsoft.VisualStudio.QualityTools.Tips.UnitTest.Adapter, Version=12.0.0.0, Culture=neutral, PublicKeyToken=b03f5f7f11d50a3a" className="TestAuto.ProductPageTest, ProductPageTest, Version=1.0.0.0, Culture=neutral, PublicKeyToken=null" name="ProductPagePriceDisplay" />
      <Extension>Microsoft.VisualStudio.TestTools.UITesting.CodedUITestAttribute, Microsoft.VisualStudio.QualityTools.CodedUITestFramework, Version=12.0.0.0, Culture=neutral, PublicKeyToken=b03f5f7f11d50a3a</Extension>
    </UnitTest>
    <UnitTest name="PayPalWithGiftCardCheckoutPreviewOrderPage" storage="\\cmp01-ykumar\qatestautomationbuildsdrop\qatestautomation\qatestautomation_20180509.2\checkout_test.dll" id="3609da41-f637-af10-d0b7-4cdbe84330a0">
      <DeploymentItems>
        <DeploymentItem filename="TestData\CheckoutPaypalTestData.xml" />
        <DeploymentItem filename="SharedCommonConfig\SharedCommonConfig.xml" />
      </DeploymentItems>
      <TcmInformation testCaseId="1592" testRunId="26924" testResultId="100068" />
      <Execution id="2f7759dd-8927-4bb6-9536-baf77c8e20e9" />
      <Properties>
        <Property>
          <Key>__Tfs_BuildUri__</Key>
          <Value>vstfs:///Build/Build/1899</Value>
        </Property>
        <Property>
          <Key>__Tfs_IsInLabEnvironment__</Key>
          <Value>true</Value>
        </Property>
        <Property>
          <Key>__Tfs_TestRunId__</Key>
          <Value>26924</Value>
        </Property>
        <Property>
          <Key>__Tfs_TestCaseId__</Key>
          <Value>1592</Value>
        </Property>
        <Property>
          <Key>__Tfs_TeamProject__</Key>
          <Value>WebSphere</Value>
        </Property>
        <Property>
          <Key>__Tfs_BuildDirectory__</Key>
          <Value>\\CMP01-YKUMAR\QATestAutomationBuildsDrop\QATestAutomation\QATestAutomation_20180509.2</Value>
        </Property>
        <Property>
          <Key>__Tfs_LabEnvironment__</Key>
          <Value>&lt;?xml version="1.0" encoding="utf-16"?&gt;&lt;LabEnvironment Id="afd904c8-4332-4335-bd1d-55612a5eed76" Name="CMP01-INDIASQA" Uri="vstfs:///LabManagement/LabEnvironment/316"&gt;&lt;LabSystems&gt;&lt;LabSystem Name="CMP01-INDIASQA" ComputerName="CMP01-INDIASQA.horizonhobby.com" Roles="BS2CUIT"&gt;&lt;CustomProperties /&gt;&lt;/LabSystem&gt;&lt;/LabSystems&gt;&lt;/LabEnvironment&gt;</Value>
        </Property>
        <Property>
          <Key>__Tfs_TestConfigurationId__</Key>
          <Value>17</Value>
        </Property>
        <Property>
          <Key>__Tfs_TestPlanId__</Key>
          <Value>13</Value>
        </Property>
        <Property>
          <Key>__Tfs_TestConfigurationName__</Key>
          <Value>Win 7 with IE 11</Value>
        </Property>
        <Property>
          <Key>__Tfs_TestPointId__</Key>
          <Value>110432</Value>
        </Property>
        <Property>
          <Key>__Tfs_TfsServerCollectionUrl__</Key>
          <Value>http://cmp02-app05:8080/tfs/defaultcollection</Value>
        </Property>
        <Property>
          <Key>__Tfs_BuildPlatform__</Key>
          <Value>Any CPU</Value>
        </Property>
        <Property>
          <Key>__Tfs_BuildNumber__</Key>
          <Value>QATestAutomation_20180509.2</Value>
        </Property>
        <Property>
          <Key>__Tfs_BuildFlavor__</Key>
          <Value>Debug</Value>
        </Property>
        <Property>
          <Key>__Tfs_BuildConfigurationId__</Key>
          <Value>26927</Value>
        </Property>
      </Properties>
      <TestMethod codeBase="file://CMP01-YKUMAR/QATestAutomationBuildsDrop/QATestAutomation/QATestAutomation_20180509.2/Checkout_Test.DLL" adapterTypeName="Microsoft.VisualStudio.TestTools.TestTypes.Unit.UnitTestAdapter, Microsoft.VisualStudio.QualityTools.Tips.UnitTest.Adapter, Version=12.0.0.0, Culture=neutral, PublicKeyToken=b03f5f7f11d50a3a" className="TestAuto.CheckoutPayPal, Checkout_Test, Version=1.0.0.0, Culture=neutral, PublicKeyToken=null" name="PayPalWithGiftCardCheckoutPreviewOrderPage" />
      <Extension>Microsoft.VisualStudio.TestTools.UITesting.CodedUITestAttribute, Microsoft.VisualStudio.QualityTools.CodedUITestFramework, Version=12.0.0.0, Culture=neutral, PublicKeyToken=b03f5f7f11d50a3a</Extension>
    </UnitTest>
    <UnitTest name="CategoryListComparePageMinMax" storage="\\cmp01-ykumar\qatestautomationbuildsdrop\qatestautomation\qatestautomation_20180509.2\categorylistlevel3.dll" id="814e195f-ee31-910f-f162-767b7409e959">
      <DeploymentItems>
        <DeploymentItem filename="TestData\CategoryListLevel3TestData.xml" />
        <DeploymentItem filename="SharedCommonConfig\SharedCommonConfig.xml" />
      </DeploymentItems>
      <TcmInformation testCaseId="1580" testRunId="26924" testResultId="100063" />
      <Execution id="1c7a6a5e-faeb-4958-8f2b-c857205a2046" />
      <Properties>
        <Property>
          <Key>__Tfs_BuildUri__</Key>
          <Value>vstfs:///Build/Build/1899</Value>
        </Property>
        <Property>
          <Key>__Tfs_IsInLabEnvironment__</Key>
          <Value>true</Value>
        </Property>
        <Property>
          <Key>__Tfs_TestRunId__</Key>
          <Value>26924</Value>
        </Property>
        <Property>
          <Key>__Tfs_TestCaseId__</Key>
          <Value>1580</Value>
        </Property>
        <Property>
          <Key>__Tfs_TeamProject__</Key>
          <Value>WebSphere</Value>
        </Property>
        <Property>
          <Key>__Tfs_BuildDirectory__</Key>
          <Value>\\CMP01-YKUMAR\QATestAutomationBuildsDrop\QATestAutomation\QATestAutomation_20180509.2</Value>
        </Property>
        <Property>
          <Key>__Tfs_LabEnvironment__</Key>
          <Value>&lt;?xml version="1.0" encoding="utf-16"?&gt;&lt;LabEnvironment Id="afd904c8-4332-4335-bd1d-55612a5eed76" Name="CMP01-INDIASQA" Uri="vstfs:///LabManagement/LabEnvironment/316"&gt;&lt;LabSystems&gt;&lt;LabSystem Name="CMP01-INDIASQA" ComputerName="CMP01-INDIASQA.horizonhobby.com" Roles="BS2CUIT"&gt;&lt;CustomProperties /&gt;&lt;/LabSystem&gt;&lt;/LabSystems&gt;&lt;/LabEnvironment&gt;</Value>
        </Property>
        <Property>
          <Key>__Tfs_TestConfigurationId__</Key>
          <Value>17</Value>
        </Property>
        <Property>
          <Key>__Tfs_TestPlanId__</Key>
          <Value>13</Value>
        </Property>
        <Property>
          <Key>__Tfs_TestConfigurationName__</Key>
          <Value>Win 7 with IE 11</Value>
        </Property>
        <Property>
          <Key>__Tfs_TestPointId__</Key>
          <Value>110425</Value>
        </Property>
        <Property>
          <Key>__Tfs_TfsServerCollectionUrl__</Key>
          <Value>http://cmp02-app05:8080/tfs/defaultcollection</Value>
        </Property>
        <Property>
          <Key>__Tfs_BuildPlatform__</Key>
          <Value>Any CPU</Value>
        </Property>
        <Property>
          <Key>__Tfs_BuildNumber__</Key>
          <Value>QATestAutomation_20180509.2</Value>
        </Property>
        <Property>
          <Key>__Tfs_BuildFlavor__</Key>
          <Value>Debug</Value>
        </Property>
        <Property>
          <Key>__Tfs_BuildConfigurationId__</Key>
          <Value>26927</Value>
        </Property>
      </Properties>
      <TestMethod codeBase="file://CMP01-YKUMAR/QATestAutomationBuildsDrop/QATestAutomation/QATestAutomation_20180509.2/CategoryListLevel3.DLL" adapterTypeName="Microsoft.VisualStudio.TestTools.TestTypes.Unit.UnitTestAdapter, Microsoft.VisualStudio.QualityTools.Tips.UnitTest.Adapter, Version=12.0.0.0, Culture=neutral, PublicKeyToken=b03f5f7f11d50a3a" className="TestAuto.CategoryListLevel3, CategoryListLevel3, Version=1.0.0.0, Culture=neutral, PublicKeyToken=null" name="CategoryListComparePageMinMax" />
      <Extension>Microsoft.VisualStudio.TestTools.UITesting.CodedUITestAttribute, Microsoft.VisualStudio.QualityTools.CodedUITestFramework, Version=12.0.0.0, Culture=neutral, PublicKeyToken=b03f5f7f11d50a3a</Extension>
    </UnitTest>
    <UnitTest name="CheckoutInterruptPageGuestAndSignInUser" storage="\\cmp01-ykumar\qatestautomationbuildsdrop\qatestautomation\qatestautomation_20180509.2\checkout_test.dll" id="4a87cb51-6d49-5d9c-be19-fdf30e598d34">
      <DeploymentItems>
        <DeploymentItem filename="TestData\CheckoutCommonTestData.xml" />
        <DeploymentItem filename="SharedCommonConfig\SharedCommonConfig.xml" />
      </DeploymentItems>
      <TcmInformation testCaseId="1455" testRunId="26924" testResultId="100034" />
      <Execution id="3944dd0e-69d0-4813-853c-b3a1496c622b" />
      <Properties>
        <Property>
          <Key>__Tfs_BuildUri__</Key>
          <Value>vstfs:///Build/Build/1899</Value>
        </Property>
        <Property>
          <Key>__Tfs_IsInLabEnvironment__</Key>
          <Value>true</Value>
        </Property>
        <Property>
          <Key>__Tfs_TestRunId__</Key>
          <Value>26924</Value>
        </Property>
        <Property>
          <Key>__Tfs_TestCaseId__</Key>
          <Value>1455</Value>
        </Property>
        <Property>
          <Key>__Tfs_TeamProject__</Key>
          <Value>WebSphere</Value>
        </Property>
        <Property>
          <Key>__Tfs_BuildDirectory__</Key>
          <Value>\\CMP01-YKUMAR\QATestAutomationBuildsDrop\QATestAutomation\QATestAutomation_20180509.2</Value>
        </Property>
        <Property>
          <Key>__Tfs_LabEnvironment__</Key>
          <Value>&lt;?xml version="1.0" encoding="utf-16"?&gt;&lt;LabEnvironment Id="afd904c8-4332-4335-bd1d-55612a5eed76" Name="CMP01-INDIASQA" Uri="vstfs:///LabManagement/LabEnvironment/316"&gt;&lt;LabSystems&gt;&lt;LabSystem Name="CMP01-INDIASQA" ComputerName="CMP01-INDIASQA.horizonhobby.com" Roles="BS2CUIT"&gt;&lt;CustomProperties /&gt;&lt;/LabSystem&gt;&lt;/LabSystems&gt;&lt;/LabEnvironment&gt;</Value>
        </Property>
        <Property>
          <Key>__Tfs_TestConfigurationId__</Key>
          <Value>17</Value>
        </Property>
        <Property>
          <Key>__Tfs_TestPlanId__</Key>
          <Value>13</Value>
        </Property>
        <Property>
          <Key>__Tfs_TestConfigurationName__</Key>
          <Value>Win 7 with IE 11</Value>
        </Property>
        <Property>
          <Key>__Tfs_TestPointId__</Key>
          <Value>110149</Value>
        </Property>
        <Property>
          <Key>__Tfs_TfsServerCollectionUrl__</Key>
          <Value>http://cmp02-app05:8080/tfs/defaultcollection</Value>
        </Property>
        <Property>
          <Key>__Tfs_BuildPlatform__</Key>
          <Value>Any CPU</Value>
        </Property>
        <Property>
          <Key>__Tfs_BuildNumber__</Key>
          <Value>QATestAutomation_20180509.2</Value>
        </Property>
        <Property>
          <Key>__Tfs_BuildFlavor__</Key>
          <Value>Debug</Value>
        </Property>
        <Property>
          <Key>__Tfs_BuildConfigurationId__</Key>
          <Value>26927</Value>
        </Property>
      </Properties>
      <TestMethod codeBase="file://CMP01-YKUMAR/QATestAutomationBuildsDrop/QATestAutomation/QATestAutomation_20180509.2/Checkout_Test.DLL" adapterTypeName="Microsoft.VisualStudio.TestTools.TestTypes.Unit.UnitTestAdapter, Microsoft.VisualStudio.QualityTools.Tips.UnitTest.Adapter, Version=12.0.0.0, Culture=neutral, PublicKeyToken=b03f5f7f11d50a3a" className="TestAuto.HHBvtSmokeTest, Checkout_Test, Version=1.0.0.0, Culture=neutral, PublicKeyToken=null" name="CheckoutInterruptPageGuestAndSignInUser" />
      <Extension>Microsoft.VisualStudio.TestTools.UITesting.CodedUITestAttribute, Microsoft.VisualStudio.QualityTools.CodedUITestFramework, Version=12.0.0.0, Culture=neutral, PublicKeyToken=b03f5f7f11d50a3a</Extension>
    </UnitTest>
    <UnitTest name="ProductPageImageDisplayLargerImage" storage="\\cmp01-ykumar\qatestautomationbuildsdrop\qatestautomation\qatestautomation_20180509.2\productpagetest.dll" id="18181e16-d9f0-af70-ee30-249ecec8c9c9">
      <DeploymentItems>
        <DeploymentItem filename="TestData\ProductPageTestData.xml" />
        <DeploymentItem filename="SharedCommonConfig\SharedCommonConfig.xml" />
      </DeploymentItems>
      <TcmInformation testCaseId="1380" testRunId="26924" testResultId="100011" />
      <Execution id="192dfcf5-f8fb-4c56-91ee-c0ef1a91f005" />
      <Properties>
        <Property>
          <Key>__Tfs_BuildUri__</Key>
          <Value>vstfs:///Build/Build/1899</Value>
        </Property>
        <Property>
          <Key>__Tfs_IsInLabEnvironment__</Key>
          <Value>true</Value>
        </Property>
        <Property>
          <Key>__Tfs_TestRunId__</Key>
          <Value>26924</Value>
        </Property>
        <Property>
          <Key>__Tfs_TestCaseId__</Key>
          <Value>1380</Value>
        </Property>
        <Property>
          <Key>__Tfs_TeamProject__</Key>
          <Value>WebSphere</Value>
        </Property>
        <Property>
          <Key>__Tfs_BuildDirectory__</Key>
          <Value>\\CMP01-YKUMAR\QATestAutomationBuildsDrop\QATestAutomation\QATestAutomation_20180509.2</Value>
        </Property>
        <Property>
          <Key>__Tfs_LabEnvironment__</Key>
          <Value>&lt;?xml version="1.0" encoding="utf-16"?&gt;&lt;LabEnvironment Id="afd904c8-4332-4335-bd1d-55612a5eed76" Name="CMP01-INDIASQA" Uri="vstfs:///LabManagement/LabEnvironment/316"&gt;&lt;LabSystems&gt;&lt;LabSystem Name="CMP01-INDIASQA" ComputerName="CMP01-INDIASQA.horizonhobby.com" Roles="BS2CUIT"&gt;&lt;CustomProperties /&gt;&lt;/LabSystem&gt;&lt;/LabSystems&gt;&lt;/LabEnvironment&gt;</Value>
        </Property>
        <Property>
          <Key>__Tfs_TestConfigurationId__</Key>
          <Value>17</Value>
        </Property>
        <Property>
          <Key>__Tfs_TestPlanId__</Key>
          <Value>13</Value>
        </Property>
        <Property>
          <Key>__Tfs_TestConfigurationName__</Key>
          <Value>Win 7 with IE 11</Value>
        </Property>
        <Property>
          <Key>__Tfs_TestPointId__</Key>
          <Value>110118</Value>
        </Property>
        <Property>
          <Key>__Tfs_TfsServerCollectionUrl__</Key>
          <Value>http://cmp02-app05:8080/tfs/defaultcollection</Value>
        </Property>
        <Property>
          <Key>__Tfs_BuildPlatform__</Key>
          <Value>Any CPU</Value>
        </Property>
        <Property>
          <Key>__Tfs_BuildNumber__</Key>
          <Value>QATestAutomation_20180509.2</Value>
        </Property>
        <Property>
          <Key>__Tfs_BuildFlavor__</Key>
          <Value>Debug</Value>
        </Property>
        <Property>
          <Key>__Tfs_BuildConfigurationId__</Key>
          <Value>26927</Value>
        </Property>
      </Properties>
      <TestMethod codeBase="file://CMP01-YKUMAR/QATestAutomationBuildsDrop/QATestAutomation/QATestAutomation_20180509.2/ProductPageTest.DLL" adapterTypeName="Microsoft.VisualStudio.TestTools.TestTypes.Unit.UnitTestAdapter, Microsoft.VisualStudio.QualityTools.Tips.UnitTest.Adapter, Version=12.0.0.0, Culture=neutral, PublicKeyToken=b03f5f7f11d50a3a" className="TestAuto.ProductPageTest, ProductPageTest, Version=1.0.0.0, Culture=neutral, PublicKeyToken=null" name="ProductPageImageDisplayLargerImage" />
      <Extension>Microsoft.VisualStudio.TestTools.UITesting.CodedUITestAttribute, Microsoft.VisualStudio.QualityTools.CodedUITestFramework, Version=12.0.0.0, Culture=neutral, PublicKeyToken=b03f5f7f11d50a3a</Extension>
    </UnitTest>
    <UnitTest name="CheckoutNortonLogoDisplay" storage="\\cmp01-ykumar\qatestautomationbuildsdrop\qatestautomation\qatestautomation_20180509.2\checkout_test.dll" id="f3360ec1-3a5e-add5-a231-1bec37f6e851">
      <DeploymentItems>
        <DeploymentItem filename="TestData\CheckoutCommonTestData.xml" />
        <DeploymentItem filename="SharedCommonConfig\SharedCommonConfig.xml" />
      </DeploymentItems>
      <TcmInformation testCaseId="1456" testRunId="26924" testResultId="100035" />
      <Execution id="f74f80b0-8125-4da2-86fe-722361c5f058" />
      <Properties>
        <Property>
          <Key>__Tfs_BuildUri__</Key>
          <Value>vstfs:///Build/Build/1899</Value>
        </Property>
        <Property>
          <Key>__Tfs_IsInLabEnvironment__</Key>
          <Value>true</Value>
        </Property>
        <Property>
          <Key>__Tfs_TestRunId__</Key>
          <Value>26924</Value>
        </Property>
        <Property>
          <Key>__Tfs_TestCaseId__</Key>
          <Value>1456</Value>
        </Property>
        <Property>
          <Key>__Tfs_TeamProject__</Key>
          <Value>WebSphere</Value>
        </Property>
        <Property>
          <Key>__Tfs_BuildDirectory__</Key>
          <Value>\\CMP01-YKUMAR\QATestAutomationBuildsDrop\QATestAutomation\QATestAutomation_20180509.2</Value>
        </Property>
        <Property>
          <Key>__Tfs_LabEnvironment__</Key>
          <Value>&lt;?xml version="1.0" encoding="utf-16"?&gt;&lt;LabEnvironment Id="afd904c8-4332-4335-bd1d-55612a5eed76" Name="CMP01-INDIASQA" Uri="vstfs:///LabManagement/LabEnvironment/316"&gt;&lt;LabSystems&gt;&lt;LabSystem Name="CMP01-INDIASQA" ComputerName="CMP01-INDIASQA.horizonhobby.com" Roles="BS2CUIT"&gt;&lt;CustomProperties /&gt;&lt;/LabSystem&gt;&lt;/LabSystems&gt;&lt;/LabEnvironment&gt;</Value>
        </Property>
        <Property>
          <Key>__Tfs_TestConfigurationId__</Key>
          <Value>17</Value>
        </Property>
        <Property>
          <Key>__Tfs_TestPlanId__</Key>
          <Value>13</Value>
        </Property>
        <Property>
          <Key>__Tfs_TestConfigurationName__</Key>
          <Value>Win 7 with IE 11</Value>
        </Property>
        <Property>
          <Key>__Tfs_TestPointId__</Key>
          <Value>110150</Value>
        </Property>
        <Property>
          <Key>__Tfs_TfsServerCollectionUrl__</Key>
          <Value>http://cmp02-app05:8080/tfs/defaultcollection</Value>
        </Property>
        <Property>
          <Key>__Tfs_BuildPlatform__</Key>
          <Value>Any CPU</Value>
        </Property>
        <Property>
          <Key>__Tfs_BuildNumber__</Key>
          <Value>QATestAutomation_20180509.2</Value>
        </Property>
        <Property>
          <Key>__Tfs_BuildFlavor__</Key>
          <Value>Debug</Value>
        </Property>
        <Property>
          <Key>__Tfs_BuildConfigurationId__</Key>
          <Value>26927</Value>
        </Property>
      </Properties>
      <TestMethod codeBase="file://CMP01-YKUMAR/QATestAutomationBuildsDrop/QATestAutomation/QATestAutomation_20180509.2/Checkout_Test.DLL" adapterTypeName="Microsoft.VisualStudio.TestTools.TestTypes.Unit.UnitTestAdapter, Microsoft.VisualStudio.QualityTools.Tips.UnitTest.Adapter, Version=12.0.0.0, Culture=neutral, PublicKeyToken=b03f5f7f11d50a3a" className="TestAuto.HHBvtSmokeTest, Checkout_Test, Version=1.0.0.0, Culture=neutral, PublicKeyToken=null" name="CheckoutNortonLogoDisplay" />
      <Extension>Microsoft.VisualStudio.TestTools.UITesting.CodedUITestAttribute, Microsoft.VisualStudio.QualityTools.CodedUITestFramework, Version=12.0.0.0, Culture=neutral, PublicKeyToken=b03f5f7f11d50a3a</Extension>
    </UnitTest>
    <UnitTest name="ProductSearchSortByDropDownList" storage="\\cmp01-ykumar\qatestautomationbuildsdrop\qatestautomation\qatestautomation_20180509.2\searchtest.dll" id="2377ec64-316d-a992-356c-4fae5b6ff092">
      <DeploymentItems>
        <DeploymentItem filename="TestData\SearchTestData.xml" />
        <DeploymentItem filename="SharedCommonConfig\SharedCommonConfig.xml" />
      </DeploymentItems>
      <TcmInformation testCaseId="1342" testRunId="26924" testResultId="100000" />
      <Execution id="4badc8db-ba82-42db-9fcb-7c9085b8cddc" />
      <Properties>
        <Property>
          <Key>__Tfs_BuildUri__</Key>
          <Value>vstfs:///Build/Build/1899</Value>
        </Property>
        <Property>
          <Key>__Tfs_IsInLabEnvironment__</Key>
          <Value>true</Value>
        </Property>
        <Property>
          <Key>__Tfs_TestRunId__</Key>
          <Value>26924</Value>
        </Property>
        <Property>
          <Key>__Tfs_TestCaseId__</Key>
          <Value>1342</Value>
        </Property>
        <Property>
          <Key>__Tfs_TeamProject__</Key>
          <Value>WebSphere</Value>
        </Property>
        <Property>
          <Key>__Tfs_BuildDirectory__</Key>
          <Value>\\CMP01-YKUMAR\QATestAutomationBuildsDrop\QATestAutomation\QATestAutomation_20180509.2</Value>
        </Property>
        <Property>
          <Key>__Tfs_LabEnvironment__</Key>
          <Value>&lt;?xml version="1.0" encoding="utf-16"?&gt;&lt;LabEnvironment Id="afd904c8-4332-4335-bd1d-55612a5eed76" Name="CMP01-INDIASQA" Uri="vstfs:///LabManagement/LabEnvironment/316"&gt;&lt;LabSystems&gt;&lt;LabSystem Name="CMP01-INDIASQA" ComputerName="CMP01-INDIASQA.horizonhobby.com" Roles="BS2CUIT"&gt;&lt;CustomProperties /&gt;&lt;/LabSystem&gt;&lt;/LabSystems&gt;&lt;/LabEnvironment&gt;</Value>
        </Property>
        <Property>
          <Key>__Tfs_TestConfigurationId__</Key>
          <Value>17</Value>
        </Property>
        <Property>
          <Key>__Tfs_TestPlanId__</Key>
          <Value>13</Value>
        </Property>
        <Property>
          <Key>__Tfs_TestConfigurationName__</Key>
          <Value>Win 7 with IE 11</Value>
        </Property>
        <Property>
          <Key>__Tfs_TestPointId__</Key>
          <Value>110111</Value>
        </Property>
        <Property>
          <Key>__Tfs_TfsServerCollectionUrl__</Key>
          <Value>http://cmp02-app05:8080/tfs/defaultcollection</Value>
        </Property>
        <Property>
          <Key>__Tfs_BuildPlatform__</Key>
          <Value>Any CPU</Value>
        </Property>
        <Property>
          <Key>__Tfs_BuildNumber__</Key>
          <Value>QATestAutomation_20180509.2</Value>
        </Property>
        <Property>
          <Key>__Tfs_BuildFlavor__</Key>
          <Value>Debug</Value>
        </Property>
        <Property>
          <Key>__Tfs_BuildConfigurationId__</Key>
          <Value>26927</Value>
        </Property>
      </Properties>
      <TestMethod codeBase="file://CMP01-YKUMAR/QATestAutomationBuildsDrop/QATestAutomation/QATestAutomation_20180509.2/SearchTest.DLL" adapterTypeName="Microsoft.VisualStudio.TestTools.TestTypes.Unit.UnitTestAdapter, Microsoft.VisualStudio.QualityTools.Tips.UnitTest.Adapter, Version=12.0.0.0, Culture=neutral, PublicKeyToken=b03f5f7f11d50a3a" className="TestAuto.SearchTest, SearchTest, Version=1.0.0.0, Culture=neutral, PublicKeyToken=null" name="ProductSearchSortByDropDownList" />
      <Extension>Microsoft.VisualStudio.TestTools.UITesting.CodedUITestAttribute, Microsoft.VisualStudio.QualityTools.CodedUITestFramework, Version=12.0.0.0, Culture=neutral, PublicKeyToken=b03f5f7f11d50a3a</Extension>
    </UnitTest>
    <UnitTest name="CategoryListDiscontinuedItems" storage="\\cmp01-ykumar\qatestautomationbuildsdrop\qatestautomation\qatestautomation_20180509.2\categorylistlevel3.dll" id="c71afa19-3935-b2a0-b894-f357d0050a98">
      <DeploymentItems>
        <DeploymentItem filename="TestData\CategoryListLevel3TestData.xml" />
        <DeploymentItem filename="SharedCommonConfig\SharedCommonConfig.xml" />
      </DeploymentItems>
      <TcmInformation testCaseId="1434" testRunId="26924" testResultId="100027" />
      <Execution id="48310baa-9ae7-4600-98d7-e0ed2de705ca" />
      <Properties>
        <Property>
          <Key>__Tfs_BuildUri__</Key>
          <Value>vstfs:///Build/Build/1899</Value>
        </Property>
        <Property>
          <Key>__Tfs_IsInLabEnvironment__</Key>
          <Value>true</Value>
        </Property>
        <Property>
          <Key>__Tfs_TestRunId__</Key>
          <Value>26924</Value>
        </Property>
        <Property>
          <Key>__Tfs_TestCaseId__</Key>
          <Value>1434</Value>
        </Property>
        <Property>
          <Key>__Tfs_TeamProject__</Key>
          <Value>WebSphere</Value>
        </Property>
        <Property>
          <Key>__Tfs_BuildDirectory__</Key>
          <Value>\\CMP01-YKUMAR\QATestAutomationBuildsDrop\QATestAutomation\QATestAutomation_20180509.2</Value>
        </Property>
        <Property>
          <Key>__Tfs_LabEnvironment__</Key>
          <Value>&lt;?xml version="1.0" encoding="utf-16"?&gt;&lt;LabEnvironment Id="afd904c8-4332-4335-bd1d-55612a5eed76" Name="CMP01-INDIASQA" Uri="vstfs:///LabManagement/LabEnvironment/316"&gt;&lt;LabSystems&gt;&lt;LabSystem Name="CMP01-INDIASQA" ComputerName="CMP01-INDIASQA.horizonhobby.com" Roles="BS2CUIT"&gt;&lt;CustomProperties /&gt;&lt;/LabSystem&gt;&lt;/LabSystems&gt;&lt;/LabEnvironment&gt;</Value>
        </Property>
        <Property>
          <Key>__Tfs_TestConfigurationId__</Key>
          <Value>17</Value>
        </Property>
        <Property>
          <Key>__Tfs_TestPlanId__</Key>
          <Value>13</Value>
        </Property>
        <Property>
          <Key>__Tfs_TestConfigurationName__</Key>
          <Value>Win 7 with IE 11</Value>
        </Property>
        <Property>
          <Key>__Tfs_TestPointId__</Key>
          <Value>110139</Value>
        </Property>
        <Property>
          <Key>__Tfs_TfsServerCollectionUrl__</Key>
          <Value>http://cmp02-app05:8080/tfs/defaultcollection</Value>
        </Property>
        <Property>
          <Key>__Tfs_BuildPlatform__</Key>
          <Value>Any CPU</Value>
        </Property>
        <Property>
          <Key>__Tfs_BuildNumber__</Key>
          <Value>QATestAutomation_20180509.2</Value>
        </Property>
        <Property>
          <Key>__Tfs_BuildFlavor__</Key>
          <Value>Debug</Value>
        </Property>
        <Property>
          <Key>__Tfs_BuildConfigurationId__</Key>
          <Value>26927</Value>
        </Property>
      </Properties>
      <TestMethod codeBase="file://CMP01-YKUMAR/QATestAutomationBuildsDrop/QATestAutomation/QATestAutomation_20180509.2/CategoryListLevel3.DLL" adapterTypeName="Microsoft.VisualStudio.TestTools.TestTypes.Unit.UnitTestAdapter, Microsoft.VisualStudio.QualityTools.Tips.UnitTest.Adapter, Version=12.0.0.0, Culture=neutral, PublicKeyToken=b03f5f7f11d50a3a" className="TestAuto.CategoryListLevel3, CategoryListLevel3, Version=1.0.0.0, Culture=neutral, PublicKeyToken=null" name="CategoryListDiscontinuedItems" />
      <Extension>Microsoft.VisualStudio.TestTools.UITesting.CodedUITestAttribute, Microsoft.VisualStudio.QualityTools.CodedUITestFramework, Version=12.0.0.0, Culture=neutral, PublicKeyToken=b03f5f7f11d50a3a</Extension>
    </UnitTest>
    <UnitTest name="CheckoutPayPalOptionAvailableOnCartAndCheckoutPage" storage="\\cmp01-ykumar\qatestautomationbuildsdrop\qatestautomation\qatestautomation_20180509.2\checkout_test.dll" id="bfee5d3a-795e-555b-6bfc-85dc96eb2274">
      <DeploymentItems>
        <DeploymentItem filename="TestData\CheckoutCommonTestData.xml" />
        <DeploymentItem filename="SharedCommonConfig\SharedCommonConfig.xml" />
      </DeploymentItems>
      <TcmInformation testCaseId="1545" testRunId="26924" testResultId="100054" />
      <Execution id="c977bb62-cb15-4692-9f96-ea3fd923cabd" />
      <Properties>
        <Property>
          <Key>__Tfs_BuildUri__</Key>
          <Value>vstfs:///Build/Build/1899</Value>
        </Property>
        <Property>
          <Key>__Tfs_IsInLabEnvironment__</Key>
          <Value>true</Value>
        </Property>
        <Property>
          <Key>__Tfs_TestRunId__</Key>
          <Value>26924</Value>
        </Property>
        <Property>
          <Key>__Tfs_TestCaseId__</Key>
          <Value>1545</Value>
        </Property>
        <Property>
          <Key>__Tfs_TeamProject__</Key>
          <Value>WebSphere</Value>
        </Property>
        <Property>
          <Key>__Tfs_BuildDirectory__</Key>
          <Value>\\CMP01-YKUMAR\QATestAutomationBuildsDrop\QATestAutomation\QATestAutomation_20180509.2</Value>
        </Property>
        <Property>
          <Key>__Tfs_LabEnvironment__</Key>
          <Value>&lt;?xml version="1.0" encoding="utf-16"?&gt;&lt;LabEnvironment Id="afd904c8-4332-4335-bd1d-55612a5eed76" Name="CMP01-INDIASQA" Uri="vstfs:///LabManagement/LabEnvironment/316"&gt;&lt;LabSystems&gt;&lt;LabSystem Name="CMP01-INDIASQA" ComputerName="CMP01-INDIASQA.horizonhobby.com" Roles="BS2CUIT"&gt;&lt;CustomProperties /&gt;&lt;/LabSystem&gt;&lt;/LabSystems&gt;&lt;/LabEnvironment&gt;</Value>
        </Property>
        <Property>
          <Key>__Tfs_TestConfigurationId__</Key>
          <Value>17</Value>
        </Property>
        <Property>
          <Key>__Tfs_TestPlanId__</Key>
          <Value>13</Value>
        </Property>
        <Property>
          <Key>__Tfs_TestConfigurationName__</Key>
          <Value>Win 7 with IE 11</Value>
        </Property>
        <Property>
          <Key>__Tfs_TestPointId__</Key>
          <Value>110177</Value>
        </Property>
        <Property>
          <Key>__Tfs_TfsServerCollectionUrl__</Key>
          <Value>http://cmp02-app05:8080/tfs/defaultcollection</Value>
        </Property>
        <Property>
          <Key>__Tfs_BuildPlatform__</Key>
          <Value>Any CPU</Value>
        </Property>
        <Property>
          <Key>__Tfs_BuildNumber__</Key>
          <Value>QATestAutomation_20180509.2</Value>
        </Property>
        <Property>
          <Key>__Tfs_BuildFlavor__</Key>
          <Value>Debug</Value>
        </Property>
        <Property>
          <Key>__Tfs_BuildConfigurationId__</Key>
          <Value>26927</Value>
        </Property>
      </Properties>
      <TestMethod codeBase="file://CMP01-YKUMAR/QATestAutomationBuildsDrop/QATestAutomation/QATestAutomation_20180509.2/Checkout_Test.DLL" adapterTypeName="Microsoft.VisualStudio.TestTools.TestTypes.Unit.UnitTestAdapter, Microsoft.VisualStudio.QualityTools.Tips.UnitTest.Adapter, Version=12.0.0.0, Culture=neutral, PublicKeyToken=b03f5f7f11d50a3a" className="TestAuto.HHBvtSmokeTest, Checkout_Test, Version=1.0.0.0, Culture=neutral, PublicKeyToken=null" name="CheckoutPayPalOptionAvailableOnCartAndCheckoutPage" />
      <Extension>Microsoft.VisualStudio.TestTools.UITesting.CodedUITestAttribute, Microsoft.VisualStudio.QualityTools.CodedUITestFramework, Version=12.0.0.0, Culture=neutral, PublicKeyToken=b03f5f7f11d50a3a</Extension>
    </UnitTest>
    <UnitTest name="CategoryListFilterResultsBrand" storage="\\cmp01-ykumar\qatestautomationbuildsdrop\qatestautomation\qatestautomation_20180509.2\categorylistlevel3.dll" id="fbb81d93-262d-179e-2958-02d37471b072">
      <DeploymentItems>
        <DeploymentItem filename="TestData\CategoryListLevel3TestData.xml" />
        <DeploymentItem filename="SharedCommonConfig\SharedCommonConfig.xml" />
      </DeploymentItems>
      <TcmInformation testCaseId="1601" testRunId="26924" testResultId="100071" />
      <Execution id="61ba70cf-1596-456e-a934-30ea9a09a08d" />
      <Properties>
        <Property>
          <Key>__Tfs_BuildUri__</Key>
          <Value>vstfs:///Build/Build/1899</Value>
        </Property>
        <Property>
          <Key>__Tfs_IsInLabEnvironment__</Key>
          <Value>true</Value>
        </Property>
        <Property>
          <Key>__Tfs_TestRunId__</Key>
          <Value>26924</Value>
        </Property>
        <Property>
          <Key>__Tfs_TestCaseId__</Key>
          <Value>1601</Value>
        </Property>
        <Property>
          <Key>__Tfs_TeamProject__</Key>
          <Value>WebSphere</Value>
        </Property>
        <Property>
          <Key>__Tfs_BuildDirectory__</Key>
          <Value>\\CMP01-YKUMAR\QATestAutomationBuildsDrop\QATestAutomation\QATestAutomation_20180509.2</Value>
        </Property>
        <Property>
          <Key>__Tfs_LabEnvironment__</Key>
          <Value>&lt;?xml version="1.0" encoding="utf-16"?&gt;&lt;LabEnvironment Id="afd904c8-4332-4335-bd1d-55612a5eed76" Name="CMP01-INDIASQA" Uri="vstfs:///LabManagement/LabEnvironment/316"&gt;&lt;LabSystems&gt;&lt;LabSystem Name="CMP01-INDIASQA" ComputerName="CMP01-INDIASQA.horizonhobby.com" Roles="BS2CUIT"&gt;&lt;CustomProperties /&gt;&lt;/LabSystem&gt;&lt;/LabSystems&gt;&lt;/LabEnvironment&gt;</Value>
        </Property>
        <Property>
          <Key>__Tfs_TestConfigurationId__</Key>
          <Value>17</Value>
        </Property>
        <Property>
          <Key>__Tfs_TestPlanId__</Key>
          <Value>13</Value>
        </Property>
        <Property>
          <Key>__Tfs_TestConfigurationName__</Key>
          <Value>Win 7 with IE 11</Value>
        </Property>
        <Property>
          <Key>__Tfs_TestPointId__</Key>
          <Value>110436</Value>
        </Property>
        <Property>
          <Key>__Tfs_TfsServerCollectionUrl__</Key>
          <Value>http://cmp02-app05:8080/tfs/defaultcollection</Value>
        </Property>
        <Property>
          <Key>__Tfs_BuildPlatform__</Key>
          <Value>Any CPU</Value>
        </Property>
        <Property>
          <Key>__Tfs_BuildNumber__</Key>
          <Value>QATestAutomation_20180509.2</Value>
        </Property>
        <Property>
          <Key>__Tfs_BuildFlavor__</Key>
          <Value>Debug</Value>
        </Property>
        <Property>
          <Key>__Tfs_BuildConfigurationId__</Key>
          <Value>26927</Value>
        </Property>
      </Properties>
      <TestMethod codeBase="file://CMP01-YKUMAR/QATestAutomationBuildsDrop/QATestAutomation/QATestAutomation_20180509.2/CategoryListLevel3.DLL" adapterTypeName="Microsoft.VisualStudio.TestTools.TestTypes.Unit.UnitTestAdapter, Microsoft.VisualStudio.QualityTools.Tips.UnitTest.Adapter, Version=12.0.0.0, Culture=neutral, PublicKeyToken=b03f5f7f11d50a3a" className="TestAuto.CategoryListLevel3, CategoryListLevel3, Version=1.0.0.0, Culture=neutral, PublicKeyToken=null" name="CategoryListFilterResultsBrand" />
      <Extension>Microsoft.VisualStudio.TestTools.UITesting.CodedUITestAttribute, Microsoft.VisualStudio.QualityTools.CodedUITestFramework, Version=12.0.0.0, Culture=neutral, PublicKeyToken=b03f5f7f11d50a3a</Extension>
    </UnitTest>
    <UnitTest name="PayPalCheckoutPOBoxAddress" storage="\\cmp01-ykumar\qatestautomationbuildsdrop\qatestautomation\qatestautomation_20180509.2\checkout_test.dll" id="b3dff735-4c68-32d3-4545-69fdcb6b6072">
      <DeploymentItems>
        <DeploymentItem filename="TestData\CheckoutPaypalTestData.xml" />
        <DeploymentItem filename="SharedCommonConfig\SharedCommonConfig.xml" />
      </DeploymentItems>
      <TcmInformation testCaseId="1568" testRunId="26924" testResultId="100058" />
      <Execution id="3bfcf5e0-b77d-4c87-a57b-e6c53bac78e1" />
      <Properties>
        <Property>
          <Key>__Tfs_BuildUri__</Key>
          <Value>vstfs:///Build/Build/1899</Value>
        </Property>
        <Property>
          <Key>__Tfs_IsInLabEnvironment__</Key>
          <Value>true</Value>
        </Property>
        <Property>
          <Key>__Tfs_TestRunId__</Key>
          <Value>26924</Value>
        </Property>
        <Property>
          <Key>__Tfs_TestCaseId__</Key>
          <Value>1568</Value>
        </Property>
        <Property>
          <Key>__Tfs_TeamProject__</Key>
          <Value>WebSphere</Value>
        </Property>
        <Property>
          <Key>__Tfs_BuildDirectory__</Key>
          <Value>\\CMP01-YKUMAR\QATestAutomationBuildsDrop\QATestAutomation\QATestAutomation_20180509.2</Value>
        </Property>
        <Property>
          <Key>__Tfs_LabEnvironment__</Key>
          <Value>&lt;?xml version="1.0" encoding="utf-16"?&gt;&lt;LabEnvironment Id="afd904c8-4332-4335-bd1d-55612a5eed76" Name="CMP01-INDIASQA" Uri="vstfs:///LabManagement/LabEnvironment/316"&gt;&lt;LabSystems&gt;&lt;LabSystem Name="CMP01-INDIASQA" ComputerName="CMP01-INDIASQA.horizonhobby.com" Roles="BS2CUIT"&gt;&lt;CustomProperties /&gt;&lt;/LabSystem&gt;&lt;/LabSystems&gt;&lt;/LabEnvironment&gt;</Value>
        </Property>
        <Property>
          <Key>__Tfs_TestConfigurationId__</Key>
          <Value>17</Value>
        </Property>
        <Property>
          <Key>__Tfs_TestPlanId__</Key>
          <Value>13</Value>
        </Property>
        <Property>
          <Key>__Tfs_TestConfigurationName__</Key>
          <Value>Win 7 with IE 11</Value>
        </Property>
        <Property>
          <Key>__Tfs_TestPointId__</Key>
          <Value>110181</Value>
        </Property>
        <Property>
          <Key>__Tfs_TfsServerCollectionUrl__</Key>
          <Value>http://cmp02-app05:8080/tfs/defaultcollection</Value>
        </Property>
        <Property>
          <Key>__Tfs_BuildPlatform__</Key>
          <Value>Any CPU</Value>
        </Property>
        <Property>
          <Key>__Tfs_BuildNumber__</Key>
          <Value>QATestAutomation_20180509.2</Value>
        </Property>
        <Property>
          <Key>__Tfs_BuildFlavor__</Key>
          <Value>Debug</Value>
        </Property>
        <Property>
          <Key>__Tfs_BuildConfigurationId__</Key>
          <Value>26927</Value>
        </Property>
      </Properties>
      <TestMethod codeBase="file://CMP01-YKUMAR/QATestAutomationBuildsDrop/QATestAutomation/QATestAutomation_20180509.2/Checkout_Test.DLL" adapterTypeName="Microsoft.VisualStudio.TestTools.TestTypes.Unit.UnitTestAdapter, Microsoft.VisualStudio.QualityTools.Tips.UnitTest.Adapter, Version=12.0.0.0, Culture=neutral, PublicKeyToken=b03f5f7f11d50a3a" className="TestAuto.CheckoutPayPal, Checkout_Test, Version=1.0.0.0, Culture=neutral, PublicKeyToken=null" name="PayPalCheckoutPOBoxAddress" />
      <Extension>Microsoft.VisualStudio.TestTools.UITesting.CodedUITestAttribute, Microsoft.VisualStudio.QualityTools.CodedUITestFramework, Version=12.0.0.0, Culture=neutral, PublicKeyToken=b03f5f7f11d50a3a</Extension>
    </UnitTest>
    <UnitTest name="CartDisplayFormatGuestUser" storage="\\cmp01-ykumar\qatestautomationbuildsdrop\qatestautomation\qatestautomation_20180509.2\cartdisplaytest.dll" id="823266c3-da0f-7d4a-ed0e-4db5c26c6831">
      <DeploymentItems>
        <DeploymentItem filename="TestData\CartDisplayTestData.xml" />
        <DeploymentItem filename="SharedCommonConfig\SharedCommonConfig.xml" />
      </DeploymentItems>
      <TcmInformation testCaseId="1476" testRunId="26924" testResultId="100040" />
      <Execution id="4819b2cc-ce07-4df6-a080-c7c06386403c" />
      <Properties>
        <Property>
          <Key>__Tfs_BuildUri__</Key>
          <Value>vstfs:///Build/Build/1899</Value>
        </Property>
        <Property>
          <Key>__Tfs_IsInLabEnvironment__</Key>
          <Value>true</Value>
        </Property>
        <Property>
          <Key>__Tfs_TestRunId__</Key>
          <Value>26924</Value>
        </Property>
        <Property>
          <Key>__Tfs_TestCaseId__</Key>
          <Value>1476</Value>
        </Property>
        <Property>
          <Key>__Tfs_TeamProject__</Key>
          <Value>WebSphere</Value>
        </Property>
        <Property>
          <Key>__Tfs_BuildDirectory__</Key>
          <Value>\\CMP01-YKUMAR\QATestAutomationBuildsDrop\QATestAutomation\QATestAutomation_20180509.2</Value>
        </Property>
        <Property>
          <Key>__Tfs_LabEnvironment__</Key>
          <Value>&lt;?xml version="1.0" encoding="utf-16"?&gt;&lt;LabEnvironment Id="afd904c8-4332-4335-bd1d-55612a5eed76" Name="CMP01-INDIASQA" Uri="vstfs:///LabManagement/LabEnvironment/316"&gt;&lt;LabSystems&gt;&lt;LabSystem Name="CMP01-INDIASQA" ComputerName="CMP01-INDIASQA.horizonhobby.com" Roles="BS2CUIT"&gt;&lt;CustomProperties /&gt;&lt;/LabSystem&gt;&lt;/LabSystems&gt;&lt;/LabEnvironment&gt;</Value>
        </Property>
        <Property>
          <Key>__Tfs_TestConfigurationId__</Key>
          <Value>17</Value>
        </Property>
        <Property>
          <Key>__Tfs_TestPlanId__</Key>
          <Value>13</Value>
        </Property>
        <Property>
          <Key>__Tfs_TestConfigurationName__</Key>
          <Value>Win 7 with IE 11</Value>
        </Property>
        <Property>
          <Key>__Tfs_TestPointId__</Key>
          <Value>110157</Value>
        </Property>
        <Property>
          <Key>__Tfs_TfsServerCollectionUrl__</Key>
          <Value>http://cmp02-app05:8080/tfs/defaultcollection</Value>
        </Property>
        <Property>
          <Key>__Tfs_BuildPlatform__</Key>
          <Value>Any CPU</Value>
        </Property>
        <Property>
          <Key>__Tfs_BuildNumber__</Key>
          <Value>QATestAutomation_20180509.2</Value>
        </Property>
        <Property>
          <Key>__Tfs_BuildFlavor__</Key>
          <Value>Debug</Value>
        </Property>
        <Property>
          <Key>__Tfs_BuildConfigurationId__</Key>
          <Value>26927</Value>
        </Property>
      </Properties>
      <TestMethod codeBase="file://CMP01-YKUMAR/QATestAutomationBuildsDrop/QATestAutomation/QATestAutomation_20180509.2/CartDisplayTest.DLL" adapterTypeName="Microsoft.VisualStudio.TestTools.TestTypes.Unit.UnitTestAdapter, Microsoft.VisualStudio.QualityTools.Tips.UnitTest.Adapter, Version=12.0.0.0, Culture=neutral, PublicKeyToken=b03f5f7f11d50a3a" className="TestAuto.CartDisplayTest, CartDisplayTest, Version=1.0.0.0, Culture=neutral, PublicKeyToken=null" name="CartDisplayFormatGuestUser" />
      <Extension>Microsoft.VisualStudio.TestTools.UITesting.CodedUITestAttribute, Microsoft.VisualStudio.QualityTools.CodedUITestFramework, Version=12.0.0.0, Culture=neutral, PublicKeyToken=b03f5f7f11d50a3a</Extension>
    </UnitTest>
    <UnitTest name="PayPalSubmitOrderForGiftCardToDifferentAddressType" storage="\\cmp01-ykumar\qatestautomationbuildsdrop\qatestautomation\qatestautomation_20180509.2\checkout_test.dll" id="e47c41dd-85b4-0d99-77e4-dac6e4cd0312">
      <DeploymentItems>
        <DeploymentItem filename="TestData\CheckoutPaypalTestData.xml" />
        <DeploymentItem filename="SharedCommonConfig\SharedCommonConfig.xml" />
      </DeploymentItems>
      <TcmInformation testCaseId="1584" testRunId="26924" testResultId="100065" />
      <Execution id="ea37a71d-dd1d-414b-81ce-47524d1bc088" />
      <Properties>
        <Property>
          <Key>__Tfs_BuildUri__</Key>
          <Value>vstfs:///Build/Build/1899</Value>
        </Property>
        <Property>
          <Key>__Tfs_IsInLabEnvironment__</Key>
          <Value>true</Value>
        </Property>
        <Property>
          <Key>__Tfs_TestRunId__</Key>
          <Value>26924</Value>
        </Property>
        <Property>
          <Key>__Tfs_TestCaseId__</Key>
          <Value>1584</Value>
        </Property>
        <Property>
          <Key>__Tfs_TeamProject__</Key>
          <Value>WebSphere</Value>
        </Property>
        <Property>
          <Key>__Tfs_BuildDirectory__</Key>
          <Value>\\CMP01-YKUMAR\QATestAutomationBuildsDrop\QATestAutomation\QATestAutomation_20180509.2</Value>
        </Property>
        <Property>
          <Key>__Tfs_LabEnvironment__</Key>
          <Value>&lt;?xml version="1.0" encoding="utf-16"?&gt;&lt;LabEnvironment Id="afd904c8-4332-4335-bd1d-55612a5eed76" Name="CMP01-INDIASQA" Uri="vstfs:///LabManagement/LabEnvironment/316"&gt;&lt;LabSystems&gt;&lt;LabSystem Name="CMP01-INDIASQA" ComputerName="CMP01-INDIASQA.horizonhobby.com" Roles="BS2CUIT"&gt;&lt;CustomProperties /&gt;&lt;/LabSystem&gt;&lt;/LabSystems&gt;&lt;/LabEnvironment&gt;</Value>
        </Property>
        <Property>
          <Key>__Tfs_TestConfigurationId__</Key>
          <Value>17</Value>
        </Property>
        <Property>
          <Key>__Tfs_TestPlanId__</Key>
          <Value>13</Value>
        </Property>
        <Property>
          <Key>__Tfs_TestConfigurationName__</Key>
          <Value>Win 7 with IE 11</Value>
        </Property>
        <Property>
          <Key>__Tfs_TestPointId__</Key>
          <Value>110428</Value>
        </Property>
        <Property>
          <Key>__Tfs_TfsServerCollectionUrl__</Key>
          <Value>http://cmp02-app05:8080/tfs/defaultcollection</Value>
        </Property>
        <Property>
          <Key>__Tfs_BuildPlatform__</Key>
          <Value>Any CPU</Value>
        </Property>
        <Property>
          <Key>__Tfs_BuildNumber__</Key>
          <Value>QATestAutomation_20180509.2</Value>
        </Property>
        <Property>
          <Key>__Tfs_BuildFlavor__</Key>
          <Value>Debug</Value>
        </Property>
        <Property>
          <Key>__Tfs_BuildConfigurationId__</Key>
          <Value>26927</Value>
        </Property>
      </Properties>
      <TestMethod codeBase="file://CMP01-YKUMAR/QATestAutomationBuildsDrop/QATestAutomation/QATestAutomation_20180509.2/Checkout_Test.DLL" adapterTypeName="Microsoft.VisualStudio.TestTools.TestTypes.Unit.UnitTestAdapter, Microsoft.VisualStudio.QualityTools.Tips.UnitTest.Adapter, Version=12.0.0.0, Culture=neutral, PublicKeyToken=b03f5f7f11d50a3a" className="TestAuto.CheckoutPayPal, Checkout_Test, Version=1.0.0.0, Culture=neutral, PublicKeyToken=null" name="PayPalSubmitOrderForGiftCardToDifferentAddressType" />
      <Extension>Microsoft.VisualStudio.TestTools.UITesting.CodedUITestAttribute, Microsoft.VisualStudio.QualityTools.CodedUITestFramework, Version=12.0.0.0, Culture=neutral, PublicKeyToken=b03f5f7f11d50a3a</Extension>
    </UnitTest>
    <UnitTest name="ProductPageSocialMediaDisplay" storage="\\cmp01-ykumar\qatestautomationbuildsdrop\qatestautomation\qatestautomation_20180509.2\productpagetest.dll" id="93c246b1-88cd-0cdf-35a1-0b8cdea7e352">
      <DeploymentItems>
        <DeploymentItem filename="TestData\ProductPageTestData.xml" />
        <DeploymentItem filename="SharedCommonConfig\SharedCommonConfig.xml" />
      </DeploymentItems>
      <TcmInformation testCaseId="1420" testRunId="26924" testResultId="100018" />
      <Execution id="b392040c-2db2-4a80-bd13-42a20083ad96" />
      <Properties>
        <Property>
          <Key>__Tfs_BuildUri__</Key>
          <Value>vstfs:///Build/Build/1899</Value>
        </Property>
        <Property>
          <Key>__Tfs_IsInLabEnvironment__</Key>
          <Value>true</Value>
        </Property>
        <Property>
          <Key>__Tfs_TestRunId__</Key>
          <Value>26924</Value>
        </Property>
        <Property>
          <Key>__Tfs_TestCaseId__</Key>
          <Value>1420</Value>
        </Property>
        <Property>
          <Key>__Tfs_TeamProject__</Key>
          <Value>WebSphere</Value>
        </Property>
        <Property>
          <Key>__Tfs_BuildDirectory__</Key>
          <Value>\\CMP01-YKUMAR\QATestAutomationBuildsDrop\QATestAutomation\QATestAutomation_20180509.2</Value>
        </Property>
        <Property>
          <Key>__Tfs_LabEnvironment__</Key>
          <Value>&lt;?xml version="1.0" encoding="utf-16"?&gt;&lt;LabEnvironment Id="afd904c8-4332-4335-bd1d-55612a5eed76" Name="CMP01-INDIASQA" Uri="vstfs:///LabManagement/LabEnvironment/316"&gt;&lt;LabSystems&gt;&lt;LabSystem Name="CMP01-INDIASQA" ComputerName="CMP01-INDIASQA.horizonhobby.com" Roles="BS2CUIT"&gt;&lt;CustomProperties /&gt;&lt;/LabSystem&gt;&lt;/LabSystems&gt;&lt;/LabEnvironment&gt;</Value>
        </Property>
        <Property>
          <Key>__Tfs_TestConfigurationId__</Key>
          <Value>17</Value>
        </Property>
        <Property>
          <Key>__Tfs_TestPlanId__</Key>
          <Value>13</Value>
        </Property>
        <Property>
          <Key>__Tfs_TestConfigurationName__</Key>
          <Value>Win 7 with IE 11</Value>
        </Property>
        <Property>
          <Key>__Tfs_TestPointId__</Key>
          <Value>110130</Value>
        </Property>
        <Property>
          <Key>__Tfs_TfsServerCollectionUrl__</Key>
          <Value>http://cmp02-app05:8080/tfs/defaultcollection</Value>
        </Property>
        <Property>
          <Key>__Tfs_BuildPlatform__</Key>
          <Value>Any CPU</Value>
        </Property>
        <Property>
          <Key>__Tfs_BuildNumber__</Key>
          <Value>QATestAutomation_20180509.2</Value>
        </Property>
        <Property>
          <Key>__Tfs_BuildFlavor__</Key>
          <Value>Debug</Value>
        </Property>
        <Property>
          <Key>__Tfs_BuildConfigurationId__</Key>
          <Value>26927</Value>
        </Property>
      </Properties>
      <TestMethod codeBase="file://CMP01-YKUMAR/QATestAutomationBuildsDrop/QATestAutomation/QATestAutomation_20180509.2/ProductPageTest.DLL" adapterTypeName="Microsoft.VisualStudio.TestTools.TestTypes.Unit.UnitTestAdapter, Microsoft.VisualStudio.QualityTools.Tips.UnitTest.Adapter, Version=12.0.0.0, Culture=neutral, PublicKeyToken=b03f5f7f11d50a3a" className="TestAuto.ProductPageTest, ProductPageTest, Version=1.0.0.0, Culture=neutral, PublicKeyToken=null" name="ProductPageSocialMediaDisplay" />
      <Extension>Microsoft.VisualStudio.TestTools.UITesting.CodedUITestAttribute, Microsoft.VisualStudio.QualityTools.CodedUITestFramework, Version=12.0.0.0, Culture=neutral, PublicKeyToken=b03f5f7f11d50a3a</Extension>
    </UnitTest>
  </TestDefinitions>
  <TestLists>
    <TestList name="Results Not in a List" id="8c84fa94-04c1-424b-9868-57a2d4851a1d" />
    <TestList name="All Loaded Results" id="19431567-8539-422a-85d7-44ee4e166bda" />
  </TestLists>
  <TestEntries>
    <TestEntry testId="2377ec64-316d-a992-356c-4fae5b6ff092" executionId="4badc8db-ba82-42db-9fcb-7c9085b8cddc" testListId="8c84fa94-04c1-424b-9868-57a2d4851a1d">
      <TcmInformation testCaseId="1342" testRunId="26924" testResultId="100000" />
    </TestEntry>
    <TestEntry testId="1d1b1ce5-a5ed-8ee7-0abf-56cbe4448227" executionId="81f4e8d4-245d-4fab-bdb5-93531c9b44f1" testListId="8c84fa94-04c1-424b-9868-57a2d4851a1d">
      <TcmInformation testCaseId="1344" testRunId="26924" testResultId="100001" />
    </TestEntry>
    <TestEntry testId="eb8baaf5-37df-b821-8777-1b9d8784bd58" executionId="9657b242-a41c-4f89-98cf-cf0a1cd0fcba" testListId="8c84fa94-04c1-424b-9868-57a2d4851a1d">
      <TcmInformation testCaseId="1345" testRunId="26924" testResultId="100002" />
    </TestEntry>
    <TestEntry testId="64bb899a-bd56-2f16-8f64-01798bc898de" executionId="7b03fa33-1210-4653-8792-54d0d7e3ae6b" testListId="8c84fa94-04c1-424b-9868-57a2d4851a1d">
      <TcmInformation testCaseId="1347" testRunId="26924" testResultId="100003" />
    </TestEntry>
    <TestEntry testId="0854c120-5668-92c9-3136-160950b1b3fc" executionId="6aa1e71f-0834-4dbd-ac21-3ca64eb4be31" testListId="8c84fa94-04c1-424b-9868-57a2d4851a1d">
      <TcmInformation testCaseId="1349" testRunId="26924" testResultId="100004" />
    </TestEntry>
    <TestEntry testId="eeea2022-8b1c-5956-dd74-b544624a610e" executionId="3ab2e3ac-eca2-40bc-8deb-8d95f3dd0884" testListId="8c84fa94-04c1-424b-9868-57a2d4851a1d">
      <TcmInformation testCaseId="1350" testRunId="26924" testResultId="100005" />
    </TestEntry>
    <TestEntry testId="731132da-259a-e0f7-e6f2-2b93ce8e2525" executionId="6496a855-7590-4f7e-92af-0adf969b7fdf" testListId="8c84fa94-04c1-424b-9868-57a2d4851a1d">
      <TcmInformation testCaseId="1359" testRunId="26924" testResultId="100006" />
    </TestEntry>
    <TestEntry testId="f9626e12-dcc7-12ab-2753-5166d5220381" executionId="f69e7f1e-643d-438d-8629-9d00a7ab3a62" testListId="8c84fa94-04c1-424b-9868-57a2d4851a1d">
      <TcmInformation testCaseId="1364" testRunId="26924" testResultId="100007" />
    </TestEntry>
    <TestEntry testId="c38844d5-4c7a-4bdc-b63a-8cd9fcf63445" executionId="31e86502-28fb-4537-b9ea-50f4455263c9" testListId="8c84fa94-04c1-424b-9868-57a2d4851a1d">
      <TcmInformation testCaseId="1374" testRunId="26924" testResultId="100008" />
    </TestEntry>
    <TestEntry testId="8cba95c4-bbe5-7e99-d766-991b784ac5c8" executionId="62c91483-7434-492a-be31-d900b6156b10" testListId="8c84fa94-04c1-424b-9868-57a2d4851a1d">
      <TcmInformation testCaseId="1375" testRunId="26924" testResultId="100009" />
    </TestEntry>
    <TestEntry testId="9e3c1da4-d10d-459c-6128-b7277de524eb" executionId="e2c562f1-85d8-43fd-9207-d4c0c42a4a74" testListId="8c84fa94-04c1-424b-9868-57a2d4851a1d">
      <TcmInformation testCaseId="1379" testRunId="26924" testResultId="100010" />
    </TestEntry>
    <TestEntry testId="18181e16-d9f0-af70-ee30-249ecec8c9c9" executionId="192dfcf5-f8fb-4c56-91ee-c0ef1a91f005" testListId="8c84fa94-04c1-424b-9868-57a2d4851a1d">
      <TcmInformation testCaseId="1380" testRunId="26924" testResultId="100011" />
    </TestEntry>
    <TestEntry testId="6402c52d-3fc1-3729-ac38-10d7b9b64440" executionId="57c89144-0618-4b2c-b479-c65964cff167" testListId="8c84fa94-04c1-424b-9868-57a2d4851a1d">
      <TcmInformation testCaseId="1388" testRunId="26924" testResultId="100012" />
    </TestEntry>
    <TestEntry testId="5e920f42-d5c3-6f80-a5b5-93855a29ecaa" executionId="8b83a9d9-25c7-48f1-b486-9f312220a5b3" testListId="8c84fa94-04c1-424b-9868-57a2d4851a1d">
      <TcmInformation testCaseId="1413" testRunId="26924" testResultId="100013" />
    </TestEntry>
    <TestEntry testId="35146bf4-2588-4bae-7c60-d63e5aa4e3b5" executionId="1ef65c40-2963-432d-ba14-de7fe35324d4" testListId="8c84fa94-04c1-424b-9868-57a2d4851a1d">
      <TcmInformation testCaseId="1414" testRunId="26924" testResultId="100014" />
    </TestEntry>
    <TestEntry testId="6b91af23-f7ec-67ca-3477-65d2d40fa758" executionId="7fc48c89-f9e0-4698-8447-998cbba91fb9" testListId="8c84fa94-04c1-424b-9868-57a2d4851a1d">
      <TcmInformation testCaseId="1416" testRunId="26924" testResultId="100015" />
    </TestEntry>
    <TestEntry testId="f66d4e76-e499-dafa-1fb1-431fd3c915f6" executionId="890fda6a-5752-4730-8b6a-4a98bc772c51" testListId="8c84fa94-04c1-424b-9868-57a2d4851a1d">
      <TcmInformation testCaseId="1417" testRunId="26924" testResultId="100016" />
    </TestEntry>
    <TestEntry testId="0137d3ce-6b4e-8f85-5f42-62353abf0180" executionId="c959be36-35e5-430f-8819-2cd74830dfb0" testListId="8c84fa94-04c1-424b-9868-57a2d4851a1d">
      <TcmInformation testCaseId="1419" testRunId="26924" testResultId="100017" />
    </TestEntry>
    <TestEntry testId="93c246b1-88cd-0cdf-35a1-0b8cdea7e352" executionId="b392040c-2db2-4a80-bd13-42a20083ad96" testListId="8c84fa94-04c1-424b-9868-57a2d4851a1d">
      <TcmInformation testCaseId="1420" testRunId="26924" testResultId="100018" />
    </TestEntry>
    <TestEntry testId="09afe67e-11bc-f89b-e574-756c9a072bc5" executionId="9f0f9f39-b193-473f-93ac-21ac4fd85fc2" testListId="8c84fa94-04c1-424b-9868-57a2d4851a1d">
      <TcmInformation testCaseId="1421" testRunId="26924" testResultId="100019" />
    </TestEntry>
    <TestEntry testId="3bf51dfd-121e-12b0-088e-b3d94def1ce6" executionId="09baea8b-8a65-4dcb-873c-aca55ddacc05" testListId="8c84fa94-04c1-424b-9868-57a2d4851a1d">
      <TcmInformation testCaseId="1422" testRunId="26924" testResultId="100020" />
    </TestEntry>
    <TestEntry testId="27289db3-84ee-e2ae-e753-50edcd964454" executionId="edd162b6-d638-42ff-95c9-0296cb6c09ab" testListId="8c84fa94-04c1-424b-9868-57a2d4851a1d">
      <TcmInformation testCaseId="1423" testRunId="26924" testResultId="100021" />
    </TestEntry>
    <TestEntry testId="076e3948-b3b6-768f-48b9-94366a2bd839" executionId="78047f10-c46f-42c1-b685-40756e0e68b7" testListId="8c84fa94-04c1-424b-9868-57a2d4851a1d">
      <TcmInformation testCaseId="1424" testRunId="26924" testResultId="100022" />
    </TestEntry>
    <TestEntry testId="daa0770b-fd70-ed39-2458-e344e0fea912" executionId="f099f8a0-e19d-4a11-98b6-fa1c696d1d44" testListId="8c84fa94-04c1-424b-9868-57a2d4851a1d">
      <TcmInformation testCaseId="1428" testRunId="26924" testResultId="100023" />
    </TestEntry>
    <TestEntry testId="3030772f-f0da-5ef4-6ee2-458f78e6976e" executionId="01ae73f7-046d-4542-b1d2-306682a9d857" testListId="8c84fa94-04c1-424b-9868-57a2d4851a1d">
      <TcmInformation testCaseId="1429" testRunId="26924" testResultId="100024" />
    </TestEntry>
    <TestEntry testId="3126911c-794a-ea79-5668-847b6b9bfee4" executionId="3d1f00d8-dd35-4a2d-a004-d45a40687c99" testListId="8c84fa94-04c1-424b-9868-57a2d4851a1d">
      <TcmInformation testCaseId="1430" testRunId="26924" testResultId="100025" />
    </TestEntry>
    <TestEntry testId="31283429-aefb-cb05-99af-4ca2b444ab5e" executionId="292e24bd-e80a-4b31-bc33-474973036b8f" testListId="8c84fa94-04c1-424b-9868-57a2d4851a1d">
      <TcmInformation testCaseId="1431" testRunId="26924" testResultId="100026" />
    </TestEntry>
    <TestEntry testId="c71afa19-3935-b2a0-b894-f357d0050a98" executionId="48310baa-9ae7-4600-98d7-e0ed2de705ca" testListId="8c84fa94-04c1-424b-9868-57a2d4851a1d">
      <TcmInformation testCaseId="1434" testRunId="26924" testResultId="100027" />
    </TestEntry>
    <TestEntry testId="d1fb9b6e-f3f1-87e3-83a9-b463b3786527" executionId="a0ff525f-ddf3-4617-8fef-64efcbb87153" testListId="8c84fa94-04c1-424b-9868-57a2d4851a1d">
      <TcmInformation testCaseId="1437" testRunId="26924" testResultId="100028" />
    </TestEntry>
    <TestEntry testId="a2a71dfa-792a-5d28-67e9-615807a966df" executionId="9f0ee26d-8b49-4ebb-af5b-f825da524cf7" testListId="8c84fa94-04c1-424b-9868-57a2d4851a1d">
      <TcmInformation testCaseId="1440" testRunId="26924" testResultId="100029" />
    </TestEntry>
    <TestEntry testId="74c62c45-3f45-e15e-2561-664b51123c40" executionId="ebfd269e-da37-4177-a8b0-9c60bda363ba" testListId="8c84fa94-04c1-424b-9868-57a2d4851a1d">
      <TcmInformation testCaseId="1441" testRunId="26924" testResultId="100030" />
    </TestEntry>
    <TestEntry testId="3e20cfaf-eb1a-9222-f5d7-c2a847eb7bf9" executionId="8abc4a72-c5ef-407b-849b-963ae85e242c" testListId="8c84fa94-04c1-424b-9868-57a2d4851a1d">
      <TcmInformation testCaseId="1442" testRunId="26924" testResultId="100031" />
    </TestEntry>
    <TestEntry testId="4211675b-f685-7d0b-d2a5-af62e7bb2f68" executionId="2cd3d9e4-d12c-46fb-aed9-80c6e41ad8f0" testListId="8c84fa94-04c1-424b-9868-57a2d4851a1d">
      <TcmInformation testCaseId="1449" testRunId="26924" testResultId="100032" />
    </TestEntry>
    <TestEntry testId="34343980-84e0-a178-3a2b-f2ef3319a92a" executionId="d33f718a-0492-4296-8f46-7f798318c985" testListId="8c84fa94-04c1-424b-9868-57a2d4851a1d">
      <TcmInformation testCaseId="1450" testRunId="26924" testResultId="100033" />
    </TestEntry>
    <TestEntry testId="4a87cb51-6d49-5d9c-be19-fdf30e598d34" executionId="3944dd0e-69d0-4813-853c-b3a1496c622b" testListId="8c84fa94-04c1-424b-9868-57a2d4851a1d">
      <TcmInformation testCaseId="1455" testRunId="26924" testResultId="100034" />
    </TestEntry>
    <TestEntry testId="f3360ec1-3a5e-add5-a231-1bec37f6e851" executionId="f74f80b0-8125-4da2-86fe-722361c5f058" testListId="8c84fa94-04c1-424b-9868-57a2d4851a1d">
      <TcmInformation testCaseId="1456" testRunId="26924" testResultId="100035" />
    </TestEntry>
    <TestEntry testId="a31c83e0-95a4-96e3-3638-a14dd52f6f59" executionId="f6dfc8c2-f5bf-45fe-89fd-389dc6470071" testListId="8c84fa94-04c1-424b-9868-57a2d4851a1d">
      <TcmInformation testCaseId="1457" testRunId="26924" testResultId="100036" />
    </TestEntry>
    <TestEntry testId="49b5c783-bec5-8681-0d7e-1a5b0835ff83" executionId="e1b043e0-7790-42fa-9a1b-f3ccdd5496a1" testListId="8c84fa94-04c1-424b-9868-57a2d4851a1d">
      <TcmInformation testCaseId="1464" testRunId="26924" testResultId="100037" />
    </TestEntry>
    <TestEntry testId="6391c06d-b460-163e-d393-c1b76f476680" executionId="1db18fae-e26f-4bb8-92f4-6f6cfa0b5dcc" testListId="8c84fa94-04c1-424b-9868-57a2d4851a1d">
      <TcmInformation testCaseId="1466" testRunId="26924" testResultId="100038" />
    </TestEntry>
    <TestEntry testId="7746f33f-a399-83ac-5d3a-fd9432e3368d" executionId="4e8dde25-a873-4644-abf7-2eed9d99d051" testListId="8c84fa94-04c1-424b-9868-57a2d4851a1d">
      <TcmInformation testCaseId="1475" testRunId="26924" testResultId="100039" />
    </TestEntry>
    <TestEntry testId="823266c3-da0f-7d4a-ed0e-4db5c26c6831" executionId="4819b2cc-ce07-4df6-a080-c7c06386403c" testListId="8c84fa94-04c1-424b-9868-57a2d4851a1d">
      <TcmInformation testCaseId="1476" testRunId="26924" testResultId="100040" />
    </TestEntry>
    <TestEntry testId="f2742b89-f8e9-a028-0c1a-1e4153ecafeb" executionId="e24ee93b-8a54-4d27-9d0c-ed31067797d4" testListId="8c84fa94-04c1-424b-9868-57a2d4851a1d">
      <TcmInformation testCaseId="1478" testRunId="26924" testResultId="100041" />
    </TestEntry>
    <TestEntry testId="01db621f-c226-87c9-3986-a275c780ba42" executionId="62f43225-abe5-40e6-b112-5705267afbd5" testListId="8c84fa94-04c1-424b-9868-57a2d4851a1d">
      <TcmInformation testCaseId="1481" testRunId="26924" testResultId="100042" />
    </TestEntry>
    <TestEntry testId="b24ae5d7-0061-af74-0035-181050401bd6" executionId="79908a6a-b65e-4c9b-b482-6653d234e015" testListId="8c84fa94-04c1-424b-9868-57a2d4851a1d">
      <TcmInformation testCaseId="1483" testRunId="26924" testResultId="100043" />
    </TestEntry>
    <TestEntry testId="18e12afd-c47c-19a7-ce16-5837378ce2f9" executionId="42297e09-d1e8-4d02-a352-d58c1ceeed62" testListId="8c84fa94-04c1-424b-9868-57a2d4851a1d">
      <TcmInformation testCaseId="1492" testRunId="26924" testResultId="100044" />
    </TestEntry>
    <TestEntry testId="07deec64-ce5f-2c64-b98a-bff200f28788" executionId="baa69111-0b84-4c5d-b960-6115adc53399" testListId="8c84fa94-04c1-424b-9868-57a2d4851a1d">
      <TcmInformation testCaseId="1496" testRunId="26924" testResultId="100045" />
    </TestEntry>
    <TestEntry testId="2c9be1ad-0cf0-411a-549f-8fa239e7a1b9" executionId="f39e4caa-b51c-41c1-8357-1db604d8ba98" testListId="8c84fa94-04c1-424b-9868-57a2d4851a1d">
      <TcmInformation testCaseId="1504" testRunId="26924" testResultId="100046" />
    </TestEntry>
    <TestEntry testId="530aa678-6bd0-8140-04e8-766229268431" executionId="c28b7adb-53a9-47f5-a815-4f9176f212d9" testListId="8c84fa94-04c1-424b-9868-57a2d4851a1d">
      <TcmInformation testCaseId="1510" testRunId="26924" testResultId="100047" />
    </TestEntry>
    <TestEntry testId="fef4e51a-2e20-76e6-5fe5-19ec32216da9" executionId="e40d4d4f-d085-402e-b2bb-6089e977c973" testListId="8c84fa94-04c1-424b-9868-57a2d4851a1d">
      <TcmInformation testCaseId="1512" testRunId="26924" testResultId="100048" />
    </TestEntry>
    <TestEntry testId="352a9fe8-96ef-b8ef-e151-dc69f75a0fdf" executionId="410265af-63c7-4422-acc9-049d201bc946" testListId="8c84fa94-04c1-424b-9868-57a2d4851a1d">
      <TcmInformation testCaseId="1529" testRunId="26924" testResultId="100049" />
    </TestEntry>
    <TestEntry testId="8a43420a-b871-69d4-bc1d-7f8d58a2ef21" executionId="4ef5e805-7c18-49f3-874b-d608b215f133" testListId="8c84fa94-04c1-424b-9868-57a2d4851a1d">
      <TcmInformation testCaseId="1530" testRunId="26924" testResultId="100050" />
    </TestEntry>
    <TestEntry testId="b0412359-0261-eaf0-d970-7bd6858cf57f" executionId="3516fb85-c1f8-4c51-a523-1b7eeae4f1d9" testListId="8c84fa94-04c1-424b-9868-57a2d4851a1d">
      <TcmInformation testCaseId="1536" testRunId="26924" testResultId="100051" />
    </TestEntry>
    <TestEntry testId="155e9b75-7cd3-6212-5c8f-67ef85f3aac9" executionId="2954c046-e517-43b4-8467-7a2ec6a55f8c" testListId="8c84fa94-04c1-424b-9868-57a2d4851a1d">
      <TcmInformation testCaseId="1537" testRunId="26924" testResultId="100052" />
    </TestEntry>
    <TestEntry testId="155e9b75-7cd3-6212-5c8f-67ef85f3aac9" executionId="09bd5414-15d8-480c-989d-4d9090ad26aa" testListId="8c84fa94-04c1-424b-9868-57a2d4851a1d">
      <TcmInformation testCaseId="1538" testRunId="26924" testResultId="100053" />
    </TestEntry>
    <TestEntry testId="bfee5d3a-795e-555b-6bfc-85dc96eb2274" executionId="c977bb62-cb15-4692-9f96-ea3fd923cabd" testListId="8c84fa94-04c1-424b-9868-57a2d4851a1d">
      <TcmInformation testCaseId="1545" testRunId="26924" testResultId="100054" />
    </TestEntry>
    <TestEntry testId="aacaa16a-645d-772d-893f-e4dd2f2aa6ae" executionId="cdfa889f-5e4c-4f80-9040-d568810f8efd" testListId="8c84fa94-04c1-424b-9868-57a2d4851a1d">
      <TcmInformation testCaseId="1556" testRunId="26924" testResultId="100055" />
    </TestEntry>
    <TestEntry testId="0c2154ac-05ea-474b-aeed-0bc95ed2c257" executionId="1df94fc3-4239-428f-be64-aae9dbd885be" testListId="8c84fa94-04c1-424b-9868-57a2d4851a1d">
      <TcmInformation testCaseId="1565" testRunId="26924" testResultId="100056" />
    </TestEntry>
    <TestEntry testId="295df695-406c-6798-cb52-de8718ccd7a6" executionId="409fc78e-6a2e-481c-a9cc-c0862b0003c9" testListId="8c84fa94-04c1-424b-9868-57a2d4851a1d">
      <TcmInformation testCaseId="1567" testRunId="26924" testResultId="100057" />
    </TestEntry>
    <TestEntry testId="b3dff735-4c68-32d3-4545-69fdcb6b6072" executionId="3bfcf5e0-b77d-4c87-a57b-e6c53bac78e1" testListId="8c84fa94-04c1-424b-9868-57a2d4851a1d">
      <TcmInformation testCaseId="1568" testRunId="26924" testResultId="100058" />
    </TestEntry>
    <TestEntry testId="8b8bc6f6-6610-37ce-c0a4-7717e5798697" executionId="421eb9b6-f4d7-4dcf-b4a6-ce7c5bc8ad55" testListId="8c84fa94-04c1-424b-9868-57a2d4851a1d">
      <TcmInformation testCaseId="1569" testRunId="26924" testResultId="100059" />
    </TestEntry>
    <TestEntry testId="0cfe4076-97ec-ca1b-990f-0bb7d4668ba6" executionId="e83934fc-885f-4e18-9dea-9929f90b7d8f" testListId="8c84fa94-04c1-424b-9868-57a2d4851a1d">
      <TcmInformation testCaseId="1572" testRunId="26924" testResultId="100060" />
    </TestEntry>
    <TestEntry testId="3e18b799-23ba-a3ea-509c-0311e41dc3bc" executionId="1a5a2a95-d44e-4217-870b-80501e4703d1" testListId="8c84fa94-04c1-424b-9868-57a2d4851a1d">
      <TcmInformation testCaseId="1573" testRunId="26924" testResultId="100061" />
    </TestEntry>
    <TestEntry testId="40e2ea83-847c-fa82-faa8-1bb181771603" executionId="820385a5-010e-4ea8-ab57-9a7499522ca5" testListId="8c84fa94-04c1-424b-9868-57a2d4851a1d">
      <TcmInformation testCaseId="1575" testRunId="26924" testResultId="100062" />
    </TestEntry>
    <TestEntry testId="814e195f-ee31-910f-f162-767b7409e959" executionId="1c7a6a5e-faeb-4958-8f2b-c857205a2046" testListId="8c84fa94-04c1-424b-9868-57a2d4851a1d">
      <TcmInformation testCaseId="1580" testRunId="26924" testResultId="100063" />
    </TestEntry>
    <TestEntry testId="92e8d70d-9aa5-7813-53a7-791ab41a783e" executionId="ff71891b-fd33-45d6-aac6-be56a7fa3c00" testListId="8c84fa94-04c1-424b-9868-57a2d4851a1d">
      <TcmInformation testCaseId="1583" testRunId="26924" testResultId="100064" />
    </TestEntry>
    <TestEntry testId="e47c41dd-85b4-0d99-77e4-dac6e4cd0312" executionId="ea37a71d-dd1d-414b-81ce-47524d1bc088" testListId="8c84fa94-04c1-424b-9868-57a2d4851a1d">
      <TcmInformation testCaseId="1584" testRunId="26924" testResultId="100065" />
    </TestEntry>
    <TestEntry testId="97142ab2-1ddd-37f6-d47c-ff8c21855981" executionId="463c9e69-6875-4f45-b419-6bef0767fafe" testListId="8c84fa94-04c1-424b-9868-57a2d4851a1d">
      <TcmInformation testCaseId="1586" testRunId="26924" testResultId="100066" />
    </TestEntry>
    <TestEntry testId="2d4ab400-33e8-f08f-5049-3b3f43d9f80f" executionId="39aa71e2-3c7c-414a-bd1b-752972c32d05" testListId="8c84fa94-04c1-424b-9868-57a2d4851a1d">
      <TcmInformation testCaseId="1590" testRunId="26924" testResultId="100067" />
    </TestEntry>
    <TestEntry testId="3609da41-f637-af10-d0b7-4cdbe84330a0" executionId="2f7759dd-8927-4bb6-9536-baf77c8e20e9" testListId="8c84fa94-04c1-424b-9868-57a2d4851a1d">
      <TcmInformation testCaseId="1592" testRunId="26924" testResultId="100068" />
    </TestEntry>
    <TestEntry testId="9150dc72-3704-16fa-854e-535cf7c3de5c" executionId="a156221c-3e2e-45f1-8c6c-3359b73d58e7" testListId="8c84fa94-04c1-424b-9868-57a2d4851a1d">
      <TcmInformation testCaseId="1598" testRunId="26924" testResultId="100069" />
    </TestEntry>
    <TestEntry testId="6f826d8c-0008-aad9-91f6-d6027a768de8" executionId="eb106d61-ff66-4562-b907-857bdbff8e60" testListId="8c84fa94-04c1-424b-9868-57a2d4851a1d">
      <TcmInformation testCaseId="1600" testRunId="26924" testResultId="100070" />
    </TestEntry>
    <TestEntry testId="fbb81d93-262d-179e-2958-02d37471b072" executionId="61ba70cf-1596-456e-a934-30ea9a09a08d" testListId="8c84fa94-04c1-424b-9868-57a2d4851a1d">
      <TcmInformation testCaseId="1601" testRunId="26924" testResultId="100071" />
    </TestEntry>
    <TestEntry testId="c50a982c-6788-beb1-7650-4e2453c235f2" executionId="08df587f-a3ab-4ab0-b5f8-7d3af9405b29" testListId="8c84fa94-04c1-424b-9868-57a2d4851a1d">
      <TcmInformation testCaseId="1602" testRunId="26924" testResultId="100072" />
    </TestEntry>
  </TestEntries>
  <Results>
    <UnitTestResult executionId="4badc8db-ba82-42db-9fcb-7c9085b8cddc" testId="2377ec64-316d-a992-356c-4fae5b6ff092" testName="ProductSearchSortByDropDownList" computerName="CMP01-INDIASQA" duration="00:00:28.3627215" startTime="2018-05-09T19:07:28.5098797-05:00" endTime="2018-05-09T19:07:57.3998797-05:00" testType="13cdc9d9-ddb5-4fa4-a97d-d965ccfc6d4b" outcome="Passed" testListId="8c84fa94-04c1-424b-9868-57a2d4851a1d" relativeResultsDirectory="4badc8db-ba82-42db-9fcb-7c9085b8cddc">
      <Output>
        <StdOut>Logging to custom path:\\CMP01-YKumar\AutoLog</StdOut>
        <TextMessages>
          <Message>
            [5/9/2018 7:07:29 PM]&lt;STARTLOG&gt;&lt;ProductSearchSortByDropDownList&gt;Test Started: Expecting: #PASS=Undefined and #FAIL=0
            Running from MTM=True, running on machine name:CMP01-INDIASQA, user name=ykumar, OS=Microsoft Windows NT 6.1.7601 Service Pack 1, Is64BitOS=True
          </Message>
          <Message>[5/9/2018 7:07:31 PM]&lt;INFO&gt;LogCPUAndMemoryUsage: Available Memory = 23989(MB), CPU Usage = 2.10937%</Message>
          <Message>[5/9/2018 7:07:31 PM]&lt;INFO&gt;Private Working Set for QTAgent32_40, usage=320716 (K)</Message>
          <Message>[5/9/2018 7:07:32 PM]&lt;INFO&gt;Path To TestConfig xml=E:\LoadTestResult\VSEQT\QTAgent\26924\CMP01-INDIASQA.horizonhobby.com\Deployment\SharedCommonConfig.xml</Message>
          <Message>[5/9/2018 7:07:32 PM]&lt;INFO&gt;Path To TestData xml=E:\LoadTestResult\VSEQT\QTAgent\26924\CMP01-INDIASQA.horizonhobby.com\Deployment\SearchTestData_190729.xml</Message>
          <Message>[5/9/2018 7:07:32 PM]&lt;INFO&gt;Path To HorizonHobbyQA Application Url=https://www-tst.horizonhobby.com</Message>
          <Message>[5/9/2018 7:07:32 PM]&lt;INFO&gt;HorizonHobbyQA sql connection string=Server=cmp02-ws-tst-db01:50000;Database=TST01DB;UID=wcdbuser;PWD=h0r1z0n;Connect Timeout=30</Message>
          <Message>[5/9/2018 7:07:32 PM]&lt;INFO&gt;Country is := US and language id is := '-1'</Message>
          <Message>[5/9/2018 7:07:32 PM]&lt;INFO&gt;Current browser used for test execution is = 'IE'</Message>
          <Message>[5/9/2018 7:07:39 PM]&lt;INFO&gt;SearchProductexecuting ... Searching term:= 'Heli'</Message>
          <Message>[5/9/2018 7:07:46 PM]&lt;INFO&gt;SelectedSearchSortingexecuting ...</Message>
          <Message>[5/9/2018 7:07:53 PM]&lt;PASS&gt;&lt;ProductSearchSortByDropDownList&gt;&lt;Verify default sort by option&gt;</Message>
          <Message>[5/9/2018 7:07:53 PM]&lt;INFO&gt;VerifySortingOptionSearchResultexecuting ...</Message>
          <Message>[5/9/2018 7:07:54 PM]&lt;PASS&gt;&lt;ProductSearchSortByDropDownList&gt;&lt; Verify the actual item 'Best Selling' is as expected and in order with expected: 'Best Selling'&gt;</Message>
          <Message>[5/9/2018 7:07:54 PM]&lt;PASS&gt;&lt;ProductSearchSortByDropDownList&gt;&lt; Verify the actual item 'Relevance' is as expected and in order with expected: 'Relevance'&gt;</Message>
          <Message>[5/9/2018 7:07:54 PM]&lt;PASS&gt;&lt;ProductSearchSortByDropDownList&gt;&lt; Verify the actual item 'Low to High' is as expected and in order with expected: 'Low to High'&gt;</Message>
          <Message>[5/9/2018 7:07:54 PM]&lt;PASS&gt;&lt;ProductSearchSortByDropDownList&gt;&lt; Verify the actual item 'High to Low' is as expected and in order with expected: 'High to Low'&gt;</Message>
          <Message>[5/9/2018 7:07:54 PM]&lt;PASS&gt;&lt;ProductSearchSortByDropDownList&gt;&lt; Verify the actual item 'Top Rated' is as expected and in order with expected: 'Top Rated'&gt;</Message>
          <Message>[5/9/2018 7:07:54 PM]&lt;PASS&gt;&lt;ProductSearchSortByDropDownList&gt;&lt; Verify the actual item 'Coming Soon' is as expected and in order with expected: 'Coming Soon'&gt;</Message>
          <Message>[5/9/2018 7:07:54 PM]&lt;PASS&gt;&lt;ProductSearchSortByDropDownList&gt;&lt; Verify the actual item 'Brands' is as expected and in order with expected: 'Brands'&gt;</Message>
          <Message>[5/9/2018 7:07:54 PM]&lt;PASS&gt;&lt;ProductSearchSortByDropDownList&gt;&lt; Verify the actual item 'Name' is as expected and in order with expected: 'Name'&gt;</Message>
          <Message>[5/9/2018 7:07:54 PM]&lt;RESULT&gt;Test Ended:#PASS=9, #FAIL=0</Message>
          <Message>[5/9/2018 7:07:55 PM]&lt;INFO&gt;LogCPUAndMemoryUsage: Available Memory = 23828(MB), CPU Usage = 3.08437%</Message>
          <Message>[5/9/2018 7:07:55 PM]&lt;INFO&gt;Private Working Set for QTAgent32_40, usage=320156 (K)</Message>
          <Message>[5/9/2018 7:07:55 PM]&lt;RESULT&gt;&lt;ProductSearchSortByDropDownList&gt; Test PASSED</Message>
        </TextMessages>
      </Output>
      <ResultFiles>
        <ResultFile path="CMP01-INDIASQA.horizonhobby.com\ProductSearchSortByDropDownList_20180509190729.log" />
        <ResultFile path="CMP01-INDIASQA.horizonhobby.com\ProductSearchSortByDropDownList_ResultsONLY_20180509190729.log" />
        <ResultFile path="CMP01-INDIASQA.horizonhobby.com\SearchTestData_190729.xml" />
        <ResultFile path="CMP01-INDIASQA.horizonhobby.com\SharedCommonConfig.xml" />
      </ResultFiles>
    </UnitTestResult>
    <UnitTestResult executionId="81f4e8d4-245d-4fab-bdb5-93531c9b44f1" testId="1d1b1ce5-a5ed-8ee7-0abf-56cbe4448227" testName="SearchDiscontinuedItems" computerName="CMP01-INDIASQA" duration="00:00:28.3461515" startTime="2018-05-09T19:07:57.4018797-05:00" endTime="2018-05-09T19:08:25.7788797-05:00" testType="13cdc9d9-ddb5-4fa4-a97d-d965ccfc6d4b" outcome="Passed" testListId="8c84fa94-04c1-424b-9868-57a2d4851a1d" relativeResultsDirectory="81f4e8d4-245d-4fab-bdb5-93531c9b44f1">
      <Output>
        <StdOut>Logging to custom path:\\CMP01-YKumar\AutoLog</StdOut>
        <TextMessages>
          <Message>
            [5/9/2018 7:07:57 PM]&lt;STARTLOG&gt;&lt;SearchDiscontinuedItems&gt;Test Started: Expecting: #PASS=Undefined and #FAIL=0
            Running from MTM=True, running on machine name:CMP01-INDIASQA, user name=ykumar, OS=Microsoft Windows NT 6.1.7601 Service Pack 1, Is64BitOS=True
          </Message>
          <Message>[5/9/2018 7:07:58 PM]&lt;INFO&gt;LogCPUAndMemoryUsage: Available Memory = 23952(MB), CPU Usage = 3.376004%</Message>
          <Message>[5/9/2018 7:07:58 PM]&lt;INFO&gt;Private Working Set for QTAgent32_40, usage=328416 (K)</Message>
          <Message>[5/9/2018 7:07:58 PM]&lt;INFO&gt;Path To TestConfig xml=E:\LoadTestResult\VSEQT\QTAgent\26924\CMP01-INDIASQA.horizonhobby.com\Deployment\SharedCommonConfig.xml</Message>
          <Message>[5/9/2018 7:07:58 PM]&lt;INFO&gt;Path To TestData xml=E:\LoadTestResult\VSEQT\QTAgent\26924\CMP01-INDIASQA.horizonhobby.com\Deployment\SearchTestData_190757.xml</Message>
          <Message>[5/9/2018 7:07:58 PM]&lt;INFO&gt;Path To HorizonHobbyQA Application Url=https://www-tst.horizonhobby.com</Message>
          <Message>[5/9/2018 7:07:58 PM]&lt;INFO&gt;HorizonHobbyQA sql connection string=Server=cmp02-ws-tst-db01:50000;Database=TST01DB;UID=wcdbuser;PWD=h0r1z0n;Connect Timeout=30</Message>
          <Message>[5/9/2018 7:07:58 PM]&lt;INFO&gt;Country is := US and language id is := '-1'</Message>
          <Message>[5/9/2018 7:07:58 PM]&lt;INFO&gt;Current browser used for test execution is = 'IE'</Message>
          <Message>[5/9/2018 7:08:01 PM]&lt;INFO&gt;SearchProductexecuting ... Searching term:= 'flyer'</Message>
          <Message>[5/9/2018 7:08:08 PM]&lt;Info&gt;AllBrowserWindow : Locating browser window...</Message>
          <Message>[5/9/2018 7:08:17 PM]&lt;PASS&gt;&lt;SearchDiscontinuedItems&gt;&lt;Validate that Discontinued Items arn't displayed when Filter is Disclude Discontinued(By Default)&gt;</Message>
          <Message>[5/9/2018 7:08:22 PM]&lt;PASS&gt;&lt;SearchDiscontinuedItems&gt;&lt;Validate that Discontinued Items are displayed when Filter is Include Discontinued&gt;</Message>
          <Message>[5/9/2018 7:08:22 PM]&lt;RESULT&gt;Test Ended:#PASS=2, #FAIL=0</Message>
          <Message>[5/9/2018 7:08:23 PM]&lt;INFO&gt;LogCPUAndMemoryUsage: Available Memory = 23790(MB), CPU Usage = 15.454%</Message>
          <Message>[5/9/2018 7:08:23 PM]&lt;INFO&gt;Private Working Set for QTAgent32_40, usage=327008 (K)</Message>
          <Message>[5/9/2018 7:08:23 PM]&lt;RESULT&gt;&lt;SearchDiscontinuedItems&gt; Test PASSED</Message>
        </TextMessages>
      </Output>
      <ResultFiles>
        <ResultFile path="CMP01-INDIASQA.horizonhobby.com\SearchDiscontinuedItems_20180509190757.log" />
        <ResultFile path="CMP01-INDIASQA.horizonhobby.com\SearchDiscontinuedItems_ResultsONLY_20180509190757.log" />
        <ResultFile path="CMP01-INDIASQA.horizonhobby.com\SearchTestData_190757.xml" />
        <ResultFile path="CMP01-INDIASQA.horizonhobby.com\SharedCommonConfig.xml" />
      </ResultFiles>
    </UnitTestResult>
    <UnitTestResult executionId="9657b242-a41c-4f89-98cf-cf0a1cd0fcba" testId="eb8baaf5-37df-b821-8777-1b9d8784bd58" testName="SearchGeneralLayout" computerName="CMP01-INDIASQA" duration="00:01:01.9472126" startTime="2018-05-09T19:08:25.7808797-05:00" endTime="2018-05-09T19:09:27.7588797-05:00" testType="13cdc9d9-ddb5-4fa4-a97d-d965ccfc6d4b" outcome="Passed" testListId="8c84fa94-04c1-424b-9868-57a2d4851a1d" relativeResultsDirectory="9657b242-a41c-4f89-98cf-cf0a1cd0fcba">
      <Output>
        <StdOut>Logging to custom path:\\CMP01-YKumar\AutoLog</StdOut>
        <TextMessages>
          <Message>
            [5/9/2018 7:08:25 PM]&lt;STARTLOG&gt;&lt;SearchGeneralLayout&gt;Test Started: Expecting: #PASS=Undefined and #FAIL=0
            Running from MTM=True, running on machine name:CMP01-INDIASQA, user name=ykumar, OS=Microsoft Windows NT 6.1.7601 Service Pack 1, Is64BitOS=True
          </Message>
          <Message>[5/9/2018 7:08:26 PM]&lt;INFO&gt;LogCPUAndMemoryUsage: Available Memory = 23951(MB), CPU Usage = 19.75023%</Message>
          <Message>[5/9/2018 7:08:26 PM]&lt;INFO&gt;Private Working Set for QTAgent32_40, usage=327264 (K)</Message>
          <Message>[5/9/2018 7:08:26 PM]&lt;INFO&gt;Path To TestConfig xml=E:\LoadTestResult\VSEQT\QTAgent\26924\CMP01-INDIASQA.horizonhobby.com\Deployment\SharedCommonConfig.xml</Message>
          <Message>[5/9/2018 7:08:26 PM]&lt;INFO&gt;Path To TestData xml=E:\LoadTestResult\VSEQT\QTAgent\26924\CMP01-INDIASQA.horizonhobby.com\Deployment\SearchTestData_190825.xml</Message>
          <Message>[5/9/2018 7:08:26 PM]&lt;INFO&gt;Path To HorizonHobbyQA Application Url=https://www-tst.horizonhobby.com</Message>
          <Message>[5/9/2018 7:08:26 PM]&lt;INFO&gt;HorizonHobbyQA sql connection string=Server=cmp02-ws-tst-db01:50000;Database=TST01DB;UID=wcdbuser;PWD=h0r1z0n;Connect Timeout=30</Message>
          <Message>[5/9/2018 7:08:26 PM]&lt;INFO&gt;Country is := US and language id is := '-1'</Message>
          <Message>[5/9/2018 7:08:26 PM]&lt;INFO&gt;Current browser used for test execution is = 'IE'</Message>
          <Message>[5/9/2018 7:08:33 PM]&lt;INFO&gt;SearchProductexecuting ... Searching term:= 'E-flite'</Message>
          <Message>[5/9/2018 7:08:40 PM]&lt;Info&gt;AllBrowserWindow : Locating browser window...</Message>
          <Message>[5/9/2018 7:08:40 PM]&lt;PASS&gt;&lt;SearchGeneralLayout&gt;&lt; Validates that Page Show exist on the top of Page &gt;</Message>
          <Message>[5/9/2018 7:08:40 PM]&lt;PASS&gt;&lt;SearchGeneralLayout&gt;&lt; Validates that Page Show contains 20,40,60,80 &gt;</Message>
          <Message>[5/9/2018 7:08:44 PM]&lt;Info&gt;AllBrowserWindow : Locating browser window...</Message>
          <Message>[5/9/2018 7:08:44 PM]&lt;PASS&gt;&lt;ValidateCountofItemsOnSearchPage&gt;&lt; Validates that Total 20 items are displayed on Search result Page&gt;</Message>
          <Message>[5/9/2018 7:08:47 PM]&lt;Info&gt;AllBrowserWindow : Locating browser window...</Message>
          <Message>[5/9/2018 7:08:48 PM]&lt;PASS&gt;&lt;ValidateCountofItemsOnSearchPage&gt;&lt; Validates that Total 40 items are displayed on Search result Page&gt;</Message>
          <Message>[5/9/2018 7:08:52 PM]&lt;Info&gt;AllBrowserWindow : Locating browser window...</Message>
          <Message>[5/9/2018 7:08:52 PM]&lt;PASS&gt;&lt;ValidateCountofItemsOnSearchPage&gt;&lt; Validates that Total 60 items are displayed on Search result Page&gt;</Message>
          <Message>[5/9/2018 7:08:56 PM]&lt;Info&gt;AllBrowserWindow : Locating browser window...</Message>
          <Message>[5/9/2018 7:08:56 PM]&lt;PASS&gt;&lt;ValidateCountofItemsOnSearchPage&gt;&lt; Validates that Total 80 items are displayed on Search result Page&gt;</Message>
          <Message>[5/9/2018 7:08:56 PM]&lt;INFO&gt;SearchProductexecuting ... Searching term:= 'ZZZ9999'</Message>
          <Message>[5/9/2018 7:09:08 PM]&lt;Info&gt;AllBrowserWindow : Locating browser window...</Message>
          <Message>[5/9/2018 7:09:09 PM]&lt;PASS&gt;&lt;NoResultFoundOnSearch&gt;&lt; Validates that No Result is displayed&gt;</Message>
          <Message>[5/9/2018 7:09:09 PM]&lt;PASS&gt;&lt;NoResultFoundOnSearch&gt;&lt; Validates that message No Result Found is displayed for Item ZZZ9999&gt;</Message>
          <Message>[5/9/2018 7:09:16 PM]&lt;Info&gt;AllBrowserWindow : Locating browser window...</Message>
          <Message>[5/9/2018 7:09:21 PM]&lt;Info&gt;AllBrowserWindow : Locating browser window...</Message>
          <Message>[5/9/2018 7:09:24 PM]&lt;PASS&gt;&lt;NoResultFoundOnSearch&gt;&lt; Validates that No Result is displayed&gt;</Message>
          <Message>[5/9/2018 7:09:24 PM]&lt;PASS&gt;&lt;NoResultFoundOnSearch&gt;&lt; Validates that message No Result Found is displayed for Item Mini Mauler&gt;</Message>
          <Message>[5/9/2018 7:09:24 PM]&lt;RESULT&gt;Test Ended:#PASS=10, #FAIL=0</Message>
          <Message>[5/9/2018 7:09:25 PM]&lt;INFO&gt;LogCPUAndMemoryUsage: Available Memory = 23789(MB), CPU Usage = 22.5845%</Message>
          <Message>[5/9/2018 7:09:25 PM]&lt;INFO&gt;Private Working Set for QTAgent32_40, usage=320432 (K)</Message>
          <Message>[5/9/2018 7:09:25 PM]&lt;RESULT&gt;&lt;SearchGeneralLayout&gt; Test PASSED</Message>
        </TextMessages>
      </Output>
      <ResultFiles>
        <ResultFile path="CMP01-INDIASQA.horizonhobby.com\SearchGeneralLayout_20180509190825.log" />
        <ResultFile path="CMP01-INDIASQA.horizonhobby.com\SearchGeneralLayout_ResultsONLY_20180509190825.log" />
        <ResultFile path="CMP01-INDIASQA.horizonhobby.com\SearchTestData_190825.xml" />
        <ResultFile path="CMP01-INDIASQA.horizonhobby.com\SharedCommonConfig.xml" />
      </ResultFiles>
    </UnitTestResult>
    <UnitTestResult executionId="7b03fa33-1210-4653-8792-54d0d7e3ae6b" testId="64bb899a-bd56-2f16-8f64-01798bc898de" testName="GlobalSettingsSignIn" computerName="CMP01-INDIASQA" duration="00:01:33.8170753" startTime="2018-05-09T19:09:27.7608797-05:00" endTime="2018-05-09T19:11:01.9068797-05:00" testType="13cdc9d9-ddb5-4fa4-a97d-d965ccfc6d4b" outcome="Passed" testListId="8c84fa94-04c1-424b-9868-57a2d4851a1d" relativeResultsDirectory="7b03fa33-1210-4653-8792-54d0d7e3ae6b">
      <Output>
        <StdOut>Logging to custom path:\\CMP01-YKumar\AutoLog</StdOut>
        <TextMessages>
          <Message>
            [5/9/2018 7:09:28 PM]&lt;STARTLOG&gt;&lt;GlobalSettingsSignIn&gt;Test Started: Expecting: #PASS=Undefined and #FAIL=0
            Running from MTM=True, running on machine name:CMP01-INDIASQA, user name=ykumar, OS=Microsoft Windows NT 6.1.7601 Service Pack 1, Is64BitOS=True
          </Message>
          <Message>[5/9/2018 7:09:30 PM]&lt;INFO&gt;LogCPUAndMemoryUsage: Available Memory = 23948(MB), CPU Usage = 9.90943%</Message>
          <Message>[5/9/2018 7:09:30 PM]&lt;INFO&gt;Private Working Set for QTAgent32_40, usage=331984 (K)</Message>
          <Message>[5/9/2018 7:09:30 PM]&lt;INFO&gt;Path To TestConfig xml=E:\LoadTestResult\VSEQT\QTAgent\26924\CMP01-INDIASQA.horizonhobby.com\Deployment\SharedCommonConfig.xml</Message>
          <Message>[5/9/2018 7:09:30 PM]&lt;INFO&gt;Path To TestData xml=E:\LoadTestResult\VSEQT\QTAgent\26924\CMP01-INDIASQA.horizonhobby.com\Deployment\GlobalSettingsTestData_190928.xml</Message>
          <Message>[5/9/2018 7:09:30 PM]&lt;INFO&gt;Path To HorizonHobbyQA Application Url=https://www-tst.horizonhobby.com</Message>
          <Message>[5/9/2018 7:09:30 PM]&lt;INFO&gt;HorizonHobbyQA sql connection string=Server=cmp02-ws-tst-db01:50000;Database=TST01DB;UID=wcdbuser;PWD=h0r1z0n;Connect Timeout=30</Message>
          <Message>[5/9/2018 7:09:30 PM]&lt;INFO&gt;Country is := US and language id is := '-1'</Message>
          <Message>[5/9/2018 7:09:30 PM]&lt;INFO&gt;Current browser used for test execution is = 'IE'</Message>
          <Message>[5/9/2018 7:09:34 PM]&lt;PASS&gt;&lt;GlobalSettingsSignIn&gt;&lt; Validates that Sign In/Register link is dsplayed on the Homepage&gt;</Message>
          <Message>[5/9/2018 7:09:40 PM]&lt;PASS&gt;&lt;GlobalSettingsSignIn&gt;&lt; Validates that My Account link is doesn't exist on the Homepage untill User gets Signed In&gt;</Message>
          <Message>[5/9/2018 7:09:42 PM]&lt;INFO&gt;SurveyWindow : method executing ...</Message>
          <Message>[5/9/2018 7:09:49 PM]&lt;INFO&gt;ContinueOnCertificationErrorClickexecuting ...</Message>
          <Message>[5/9/2018 7:09:49 PM]&lt;Info&gt;DEAllBrowserWindow : Locating browser window...</Message>
          <Message>[5/9/2018 7:09:54 PM]&lt;INFO&gt;ClickAcceptCookiesAgreement : failed executing ...</Message>
          <Message>[5/9/2018 7:10:01 PM]&lt;INFO&gt;UserRegistration : method executing ...</Message>
          <Message>[5/9/2018 7:10:01 PM]&lt;Info&gt;AllBrowserWindow : Locating browser window...</Message>
          <Message>[5/9/2018 7:10:36 PM]&lt;Info&gt;AllBrowserWindow : Locating browser window...</Message>
          <Message>[5/9/2018 7:10:58 PM]&lt;PASS&gt;&lt;GlobalSettingsSignIn&gt;&lt; Validates that Sign Out link exist when User gets Signed In&gt;</Message>
          <Message>[5/9/2018 7:10:58 PM]&lt;PASS&gt;&lt;GlobalSettingsSignIn&gt;&lt; Validates that Welcome Message consist First Name of Signed in User&gt;</Message>
          <Message>[5/9/2018 7:10:58 PM]&lt;RESULT&gt;Test Ended:#PASS=4, #FAIL=0</Message>
          <Message>[5/9/2018 7:10:59 PM]&lt;INFO&gt;LogCPUAndMemoryUsage: Available Memory = 23810(MB), CPU Usage = 12.63944%</Message>
          <Message>[5/9/2018 7:10:59 PM]&lt;INFO&gt;Private Working Set for QTAgent32_40, usage=341188 (K)</Message>
          <Message>[5/9/2018 7:10:59 PM]&lt;RESULT&gt;&lt;GlobalSettingsSignIn&gt; Test PASSED</Message>
        </TextMessages>
      </Output>
      <ResultFiles>
        <ResultFile path="CMP01-INDIASQA.horizonhobby.com\GlobalSettingsSignIn_20180509190928.log" />
        <ResultFile path="CMP01-INDIASQA.horizonhobby.com\GlobalSettingsSignIn_ResultsONLY_20180509190928.log" />
        <ResultFile path="CMP01-INDIASQA.horizonhobby.com\GlobalSettingsTestData_190928.xml" />
        <ResultFile path="CMP01-INDIASQA.horizonhobby.com\SharedCommonConfig.xml" />
      </ResultFiles>
    </UnitTestResult>
    <UnitTestResult executionId="6aa1e71f-0834-4dbd-ac21-3ca64eb4be31" testId="0854c120-5668-92c9-3136-160950b1b3fc" testName="GlobalSettingsHeaderDisplay" computerName="CMP01-INDIASQA" duration="00:01:03.7455208" startTime="2018-05-09T19:11:01.9088797-05:00" endTime="2018-05-09T19:12:05.6798797-05:00" testType="13cdc9d9-ddb5-4fa4-a97d-d965ccfc6d4b" outcome="Passed" testListId="8c84fa94-04c1-424b-9868-57a2d4851a1d" relativeResultsDirectory="6aa1e71f-0834-4dbd-ac21-3ca64eb4be31">
      <Output>
        <StdOut>Logging to custom path:\\CMP01-YKumar\AutoLog</StdOut>
        <TextMessages>
          <Message>
            [5/9/2018 7:11:01 PM]&lt;STARTLOG&gt;&lt;GlobalSettingsHeaderDisplay&gt;Test Started: Expecting: #PASS=Undefined and #FAIL=0
            Running from MTM=True, running on machine name:CMP01-INDIASQA, user name=ykumar, OS=Microsoft Windows NT 6.1.7601 Service Pack 1, Is64BitOS=True
          </Message>
          <Message>[5/9/2018 7:11:02 PM]&lt;INFO&gt;LogCPUAndMemoryUsage: Available Memory = 23828(MB), CPU Usage = 16.40046%</Message>
          <Message>[5/9/2018 7:11:02 PM]&lt;INFO&gt;Private Working Set for QTAgent32_40, usage=341584 (K)</Message>
          <Message>[5/9/2018 7:11:02 PM]&lt;INFO&gt;Path To TestConfig xml=E:\LoadTestResult\VSEQT\QTAgent\26924\CMP01-INDIASQA.horizonhobby.com\Deployment\SharedCommonConfig.xml</Message>
          <Message>[5/9/2018 7:11:03 PM]&lt;INFO&gt;Path To TestData xml=E:\LoadTestResult\VSEQT\QTAgent\26924\CMP01-INDIASQA.horizonhobby.com\Deployment\GlobalSettingsTestData_191101.xml</Message>
          <Message>[5/9/2018 7:11:03 PM]&lt;INFO&gt;Path To HorizonHobbyQA Application Url=https://www-tst.horizonhobby.com</Message>
          <Message>[5/9/2018 7:11:03 PM]&lt;INFO&gt;HorizonHobbyQA sql connection string=Server=cmp02-ws-tst-db01:50000;Database=TST01DB;UID=wcdbuser;PWD=h0r1z0n;Connect Timeout=30</Message>
          <Message>[5/9/2018 7:11:03 PM]&lt;INFO&gt;Country is := US and language id is := '-1'</Message>
          <Message>[5/9/2018 7:11:03 PM]&lt;INFO&gt;Current browser used for test execution is = 'IE'</Message>
          <Message>[5/9/2018 7:11:07 PM]&lt;PASS&gt;&lt;GlobalSettingsHeaderDisplay&gt;&lt; Validates that Sign In/Register link is displayed on the Homepage&gt;</Message>
          <Message>[5/9/2018 7:11:07 PM]&lt;PASS&gt;&lt;GlobalSettingsHeaderDisplay&gt;&lt; Validates that Email Signup exist on the Homepage &gt;</Message>
          <Message>[5/9/2018 7:11:07 PM]&lt;PASS&gt;&lt;GlobalSettingsHeaderDisplay&gt;&lt; Validates that Find a Retailer exist on the Homepage &gt;</Message>
          <Message>[5/9/2018 7:11:07 PM]&lt;PASS&gt;&lt;GlobalSettingsHeaderDisplay&gt;&lt; Validates that Cart Icon exist on the Homepage &gt;</Message>
          <Message>[5/9/2018 7:11:07 PM]&lt;PASS&gt;&lt;GlobalSettingsHeaderDisplay&gt;&lt; Validates that Until Free Shipping text on the Homepage &gt;</Message>
          <Message>[5/9/2018 7:11:10 PM]&lt;PASS&gt;&lt;GlobalSettingsHeaderDisplay&gt;&lt; Validates Air 888-959-2305 under Help&gt;</Message>
          <Message>[5/9/2018 7:11:10 PM]&lt;PASS&gt;&lt;GlobalSettingsHeaderDisplay&gt;&lt; Validates Heli 888-959-2304 under Help&gt;</Message>
          <Message>[5/9/2018 7:11:11 PM]&lt;PASS&gt;&lt;GlobalSettingsHeaderDisplay&gt;&lt; Validates Surface 888-959-2306 under Help&gt;</Message>
          <Message>[5/9/2018 7:11:11 PM]&lt;PASS&gt;&lt;GlobalSettingsHeaderDisplay&gt;&lt; Validates Trains 888-959-2307 under Help&gt;</Message>
          <Message>[5/9/2018 7:11:13 PM]&lt;Info&gt;AllBrowserWindow : Locating browser window...</Message>
          <Message>[5/9/2018 7:11:15 PM]&lt;PASS&gt;&lt;GlobalSettingsHeaderDisplay&gt;&lt; Validates Tech Support Page Opens up&gt;</Message>
          <Message>[5/9/2018 7:11:16 PM]&lt;Info&gt;AllBrowserWindow : Locating browser window...</Message>
          <Message>[5/9/2018 7:11:20 PM]&lt;Info&gt;AllBrowserWindow : Locating browser window...</Message>
          <Message>[5/9/2018 7:11:23 PM]&lt;PASS&gt;&lt;GlobalSettingsHeaderDisplay&gt;&lt; Validates Submit a Request Page Opens up&gt;</Message>
          <Message>[5/9/2018 7:11:24 PM]&lt;Info&gt;AllBrowserWindow : Locating browser window...</Message>
          <Message>[5/9/2018 7:11:28 PM]&lt;PASS&gt;&lt;GlobalSettingsHeaderDisplay&gt;&lt; Validates Email sales link under Help&gt;</Message>
          <Message>[5/9/2018 7:11:29 PM]&lt;Info&gt;AllBrowserWindow : Locating browser window...</Message>
          <Message>[5/9/2018 7:11:30 PM]&lt;PASS&gt;&lt;GlobalSettingsHeaderDisplay&gt;&lt; Validates View Complete Contact Info page Opens up&gt;</Message>
          <Message>[5/9/2018 7:11:42 PM]&lt;PASS&gt;&lt;GlobalSettingsHeaderDisplay&gt;&lt; Validates Search box List contains all Category Level Menus - &gt;</Message>
          <Message>[5/9/2018 7:11:42 PM]&lt;PASS&gt;&lt;GlobalSettingsHeaderDisplay&gt;&lt; Validates Search Button Exists&gt;</Message>
          <Message>[5/9/2018 7:11:49 PM]&lt;Info&gt;AllBrowserWindow : Locating browser window...</Message>
          <Message>[5/9/2018 7:12:02 PM]&lt;INFO&gt;GetProductAssociatedCategoriesFromDB method executing...</Message>
          <Message>[5/9/2018 7:12:02 PM]&lt;PASS&gt;&lt;GlobalSettingsHeaderDisplay&gt;&lt; Validates Search Button Exists&gt;</Message>
          <Message>[5/9/2018 7:12:02 PM]&lt;RESULT&gt;Test Ended:#PASS=16, #FAIL=0</Message>
          <Message>[5/9/2018 7:12:03 PM]&lt;INFO&gt;LogCPUAndMemoryUsage: Available Memory = 24182(MB), CPU Usage = 2.986394%</Message>
          <Message>[5/9/2018 7:12:03 PM]&lt;INFO&gt;Private Working Set for QTAgent32_40, usage=339504 (K)</Message>
          <Message>[5/9/2018 7:12:03 PM]&lt;RESULT&gt;&lt;GlobalSettingsHeaderDisplay&gt; Test PASSED</Message>
        </TextMessages>
      </Output>
      <ResultFiles>
        <ResultFile path="CMP01-INDIASQA.horizonhobby.com\GlobalSettingsHeaderDisplay_20180509191101.log" />
        <ResultFile path="CMP01-INDIASQA.horizonhobby.com\GlobalSettingsHeaderDisplay_ResultsONLY_20180509191101.log" />
        <ResultFile path="CMP01-INDIASQA.horizonhobby.com\GlobalSettingsTestData_191101.xml" />
        <ResultFile path="CMP01-INDIASQA.horizonhobby.com\SharedCommonConfig.xml" />
      </ResultFiles>
    </UnitTestResult>
    <UnitTestResult executionId="3ab2e3ac-eca2-40bc-8deb-8d95f3dd0884" testId="eeea2022-8b1c-5956-dd74-b544624a610e" testName="SearchPagingBottomOfPage" computerName="CMP01-INDIASQA" duration="00:03:32.6434836" startTime="2018-05-09T19:12:05.6808797-05:00" endTime="2018-05-09T19:15:38.3538797-05:00" testType="13cdc9d9-ddb5-4fa4-a97d-d965ccfc6d4b" outcome="Passed" testListId="8c84fa94-04c1-424b-9868-57a2d4851a1d" relativeResultsDirectory="3ab2e3ac-eca2-40bc-8deb-8d95f3dd0884">
      <Output>
        <StdOut>Logging to custom path:\\CMP01-YKumar\AutoLog</StdOut>
        <TextMessages>
          <Message>
            [5/9/2018 7:12:05 PM]&lt;STARTLOG&gt;&lt;SearchPagingBottomOfPage&gt;Test Started: Expecting: #PASS=Undefined and #FAIL=0
            Running from MTM=True, running on machine name:CMP01-INDIASQA, user name=ykumar, OS=Microsoft Windows NT 6.1.7601 Service Pack 1, Is64BitOS=True
          </Message>
          <Message>[5/9/2018 7:12:06 PM]&lt;INFO&gt;LogCPUAndMemoryUsage: Available Memory = 24270(MB), CPU Usage = 16.97966%</Message>
          <Message>[5/9/2018 7:12:06 PM]&lt;INFO&gt;Private Working Set for QTAgent32_40, usage=339740 (K)</Message>
          <Message>[5/9/2018 7:12:06 PM]&lt;INFO&gt;Path To TestConfig xml=E:\LoadTestResult\VSEQT\QTAgent\26924\CMP01-INDIASQA.horizonhobby.com\Deployment\SharedCommonConfig.xml</Message>
          <Message>[5/9/2018 7:12:06 PM]&lt;INFO&gt;Path To TestData xml=E:\LoadTestResult\VSEQT\QTAgent\26924\CMP01-INDIASQA.horizonhobby.com\Deployment\SearchTestData_191205.xml</Message>
          <Message>[5/9/2018 7:12:06 PM]&lt;INFO&gt;Path To HorizonHobbyQA Application Url=https://www-tst.horizonhobby.com</Message>
          <Message>[5/9/2018 7:12:06 PM]&lt;INFO&gt;HorizonHobbyQA sql connection string=Server=cmp02-ws-tst-db01:50000;Database=TST01DB;UID=wcdbuser;PWD=h0r1z0n;Connect Timeout=30</Message>
          <Message>[5/9/2018 7:12:06 PM]&lt;INFO&gt;Country is := US and language id is := '-1'</Message>
          <Message>[5/9/2018 7:12:06 PM]&lt;INFO&gt;Current browser used for test execution is = 'IE'</Message>
          <Message>[5/9/2018 7:12:10 PM]&lt;INFO&gt;SearchProductexecuting ... Searching term:= 'Scale'</Message>
          <Message>[5/9/2018 7:12:16 PM]&lt;Info&gt;AllBrowserWindow : Locating browser window...</Message>
          <Message>[5/9/2018 7:12:21 PM]&lt;PASS&gt;&lt;SelectedPageNumber&gt;&lt; Validates that Page1 is selected and it's not a link &gt;</Message>
          <Message>[5/9/2018 7:12:21 PM]&lt;PASS&gt;&lt;SearchPagingBottomOfPage&gt;&lt; Validates that Page 1 is selected &gt;</Message>
          <Message>[5/9/2018 7:12:25 PM]&lt;Info&gt;AllBrowserWindow : Locating browser window...</Message>
          <Message>[5/9/2018 7:12:29 PM]&lt;PASS&gt;&lt;SelectedPageNumber&gt;&lt; Validates that Page2 is selected and it's not a link &gt;</Message>
          <Message>[5/9/2018 7:12:29 PM]&lt;PASS&gt;&lt;SearchPagingBottomOfPage&gt;&lt; Validates that Page 2 is selected &gt;</Message>
          <Message>[5/9/2018 7:12:30 PM]&lt;Info&gt;AllBrowserWindow : Locating browser window...</Message>
          <Message>[5/9/2018 7:12:34 PM]&lt;PASS&gt;&lt;SelectedPageNumber&gt;&lt; Validates that Page1 is selected and it's not a link &gt;</Message>
          <Message>[5/9/2018 7:12:34 PM]&lt;PASS&gt;&lt;SearchPagingBottomOfPage&gt;&lt; Validates that Page 1 is selected &gt;</Message>
          <Message>[5/9/2018 7:12:36 PM]&lt;Info&gt;AllBrowserWindow : Locating browser window...</Message>
          <Message>[5/9/2018 7:12:38 PM]&lt;Info&gt;AllBrowserWindow : Locating browser window...</Message>
          <Message>[5/9/2018 7:12:38 PM]&lt;PASS&gt;&lt;SearchPagingBottomOfPage&gt;&lt; Validates that Page2 is selected while moving Forward&gt;</Message>
          <Message>[5/9/2018 7:12:41 PM]&lt;Info&gt;AllBrowserWindow : Locating browser window...</Message>
          <Message>[5/9/2018 7:12:43 PM]&lt;Info&gt;AllBrowserWindow : Locating browser window...</Message>
          <Message>[5/9/2018 7:12:43 PM]&lt;PASS&gt;&lt;SearchPagingBottomOfPage&gt;&lt; Validates that Page3 is selected while moving Forward&gt;</Message>
          <Message>[5/9/2018 7:12:45 PM]&lt;Info&gt;AllBrowserWindow : Locating browser window...</Message>
          <Message>[5/9/2018 7:12:47 PM]&lt;Info&gt;AllBrowserWindow : Locating browser window...</Message>
          <Message>[5/9/2018 7:12:47 PM]&lt;PASS&gt;&lt;SearchPagingBottomOfPage&gt;&lt; Validates that Page4 is selected while moving Forward&gt;</Message>
          <Message>[5/9/2018 7:12:50 PM]&lt;Info&gt;AllBrowserWindow : Locating browser window...</Message>
          <Message>[5/9/2018 7:12:51 PM]&lt;Info&gt;AllBrowserWindow : Locating browser window...</Message>
          <Message>[5/9/2018 7:12:52 PM]&lt;PASS&gt;&lt;SearchPagingBottomOfPage&gt;&lt; Validates that Page5 is selected while moving Forward&gt;</Message>
          <Message>[5/9/2018 7:12:54 PM]&lt;Info&gt;AllBrowserWindow : Locating browser window...</Message>
          <Message>[5/9/2018 7:12:56 PM]&lt;Info&gt;AllBrowserWindow : Locating browser window...</Message>
          <Message>[5/9/2018 7:12:56 PM]&lt;PASS&gt;&lt;SearchPagingBottomOfPage&gt;&lt; Validates that Page6 is selected while moving Forward&gt;</Message>
          <Message>[5/9/2018 7:12:58 PM]&lt;Info&gt;AllBrowserWindow : Locating browser window...</Message>
          <Message>[5/9/2018 7:13:00 PM]&lt;Info&gt;AllBrowserWindow : Locating browser window...</Message>
          <Message>[5/9/2018 7:13:00 PM]&lt;PASS&gt;&lt;SearchPagingBottomOfPage&gt;&lt; Validates that Page7 is selected while moving Forward&gt;</Message>
          <Message>[5/9/2018 7:13:03 PM]&lt;Info&gt;AllBrowserWindow : Locating browser window...</Message>
          <Message>[5/9/2018 7:13:05 PM]&lt;Info&gt;AllBrowserWindow : Locating browser window...</Message>
          <Message>[5/9/2018 7:13:05 PM]&lt;PASS&gt;&lt;SearchPagingBottomOfPage&gt;&lt; Validates that Page8 is selected while moving Forward&gt;</Message>
          <Message>[5/9/2018 7:13:07 PM]&lt;Info&gt;AllBrowserWindow : Locating browser window...</Message>
          <Message>[5/9/2018 7:13:09 PM]&lt;Info&gt;AllBrowserWindow : Locating browser window...</Message>
          <Message>[5/9/2018 7:13:10 PM]&lt;PASS&gt;&lt;SearchPagingBottomOfPage&gt;&lt; Validates that Page9 is selected while moving Forward&gt;</Message>
          <Message>[5/9/2018 7:13:12 PM]&lt;Info&gt;AllBrowserWindow : Locating browser window...</Message>
          <Message>[5/9/2018 7:13:14 PM]&lt;Info&gt;AllBrowserWindow : Locating browser window...</Message>
          <Message>[5/9/2018 7:13:14 PM]&lt;PASS&gt;&lt;SearchPagingBottomOfPage&gt;&lt; Validates that Page10 is selected while moving Forward&gt;</Message>
          <Message>[5/9/2018 7:13:16 PM]&lt;Info&gt;AllBrowserWindow : Locating browser window...</Message>
          <Message>[5/9/2018 7:13:18 PM]&lt;Info&gt;AllBrowserWindow : Locating browser window...</Message>
          <Message>[5/9/2018 7:13:19 PM]&lt;PASS&gt;&lt;SearchPagingBottomOfPage&gt;&lt; Validates that Page11 is selected while moving Forward&gt;</Message>
          <Message>[5/9/2018 7:13:21 PM]&lt;Info&gt;AllBrowserWindow : Locating browser window...</Message>
          <Message>[5/9/2018 7:13:23 PM]&lt;Info&gt;AllBrowserWindow : Locating browser window...</Message>
          <Message>[5/9/2018 7:13:23 PM]&lt;PASS&gt;&lt;SearchPagingBottomOfPage&gt;&lt; Validates that Page12 is selected while moving Forward&gt;</Message>
          <Message>[5/9/2018 7:13:25 PM]&lt;Info&gt;AllBrowserWindow : Locating browser window...</Message>
          <Message>[5/9/2018 7:13:27 PM]&lt;Info&gt;AllBrowserWindow : Locating browser window...</Message>
          <Message>[5/9/2018 7:13:27 PM]&lt;PASS&gt;&lt;SearchPagingBottomOfPage&gt;&lt; Validates that Page13 is selected while moving Forward&gt;</Message>
          <Message>[5/9/2018 7:13:30 PM]&lt;Info&gt;AllBrowserWindow : Locating browser window...</Message>
          <Message>[5/9/2018 7:13:32 PM]&lt;Info&gt;AllBrowserWindow : Locating browser window...</Message>
          <Message>[5/9/2018 7:13:32 PM]&lt;PASS&gt;&lt;SearchPagingBottomOfPage&gt;&lt; Validates that Page14 is selected while moving Forward&gt;</Message>
          <Message>[5/9/2018 7:13:34 PM]&lt;Info&gt;AllBrowserWindow : Locating browser window...</Message>
          <Message>[5/9/2018 7:13:36 PM]&lt;Info&gt;AllBrowserWindow : Locating browser window...</Message>
          <Message>[5/9/2018 7:13:36 PM]&lt;PASS&gt;&lt;SearchPagingBottomOfPage&gt;&lt; Validates that Page15 is selected while moving Forward&gt;</Message>
          <Message>[5/9/2018 7:13:39 PM]&lt;Info&gt;AllBrowserWindow : Locating browser window...</Message>
          <Message>[5/9/2018 7:13:41 PM]&lt;Info&gt;AllBrowserWindow : Locating browser window...</Message>
          <Message>[5/9/2018 7:13:41 PM]&lt;PASS&gt;&lt;SearchPagingBottomOfPage&gt;&lt; Validates that Page16 is selected while moving Forward&gt;</Message>
          <Message>[5/9/2018 7:13:43 PM]&lt;Info&gt;AllBrowserWindow : Locating browser window...</Message>
          <Message>[5/9/2018 7:13:45 PM]&lt;Info&gt;AllBrowserWindow : Locating browser window...</Message>
          <Message>[5/9/2018 7:13:45 PM]&lt;PASS&gt;&lt;SearchPagingBottomOfPage&gt;&lt; Validates that Page17 is selected while moving Forward&gt;</Message>
          <Message>[5/9/2018 7:13:48 PM]&lt;Info&gt;AllBrowserWindow : Locating browser window...</Message>
          <Message>[5/9/2018 7:13:50 PM]&lt;Info&gt;AllBrowserWindow : Locating browser window...</Message>
          <Message>[5/9/2018 7:13:50 PM]&lt;PASS&gt;&lt;SearchPagingBottomOfPage&gt;&lt; Validates that Page18 is selected while moving Forward&gt;</Message>
          <Message>[5/9/2018 7:13:56 PM]&lt;Info&gt;AllBrowserWindow : Locating browser window...</Message>
          <Message>[5/9/2018 7:13:56 PM]&lt;Info&gt;AllBrowserWindow : Locating browser window...</Message>
          <Message>[5/9/2018 7:13:59 PM]&lt;PASS&gt;&lt;SelectedPageNumber&gt;&lt; Validates that Page18 is selected and it's not a link &gt;</Message>
          <Message>[5/9/2018 7:13:59 PM]&lt;Info&gt;AllBrowserWindow : Locating browser window...</Message>
          <Message>[5/9/2018 7:13:59 PM]&lt;PASS&gt;&lt;SearchPagingBottomOfPage&gt;&lt; Validates that last Page is selected, i.e. Page18&gt;</Message>
          <Message>[5/9/2018 7:14:01 PM]&lt;Info&gt;AllBrowserWindow : Locating browser window...</Message>
          <Message>[5/9/2018 7:14:02 PM]&lt;Info&gt;AllBrowserWindow : Locating browser window...</Message>
          <Message>[5/9/2018 7:14:03 PM]&lt;PASS&gt;&lt;SearchPagingBottomOfPage&gt;&lt; Validates that Page17 is selected while moving Backward&gt;</Message>
          <Message>[5/9/2018 7:14:05 PM]&lt;Info&gt;AllBrowserWindow : Locating browser window...</Message>
          <Message>[5/9/2018 7:14:07 PM]&lt;Info&gt;AllBrowserWindow : Locating browser window...</Message>
          <Message>[5/9/2018 7:14:07 PM]&lt;PASS&gt;&lt;SearchPagingBottomOfPage&gt;&lt; Validates that Page16 is selected while moving Backward&gt;</Message>
          <Message>[5/9/2018 7:14:09 PM]&lt;Info&gt;AllBrowserWindow : Locating browser window...</Message>
          <Message>[5/9/2018 7:14:11 PM]&lt;Info&gt;AllBrowserWindow : Locating browser window...</Message>
          <Message>[5/9/2018 7:14:11 PM]&lt;PASS&gt;&lt;SearchPagingBottomOfPage&gt;&lt; Validates that Page15 is selected while moving Backward&gt;</Message>
          <Message>[5/9/2018 7:14:14 PM]&lt;Info&gt;AllBrowserWindow : Locating browser window...</Message>
          <Message>[5/9/2018 7:14:15 PM]&lt;Info&gt;AllBrowserWindow : Locating browser window...</Message>
          <Message>[5/9/2018 7:14:16 PM]&lt;PASS&gt;&lt;SearchPagingBottomOfPage&gt;&lt; Validates that Page14 is selected while moving Backward&gt;</Message>
          <Message>[5/9/2018 7:14:18 PM]&lt;Info&gt;AllBrowserWindow : Locating browser window...</Message>
          <Message>[5/9/2018 7:14:20 PM]&lt;Info&gt;AllBrowserWindow : Locating browser window...</Message>
          <Message>[5/9/2018 7:14:20 PM]&lt;PASS&gt;&lt;SearchPagingBottomOfPage&gt;&lt; Validates that Page13 is selected while moving Backward&gt;</Message>
          <Message>[5/9/2018 7:14:22 PM]&lt;Info&gt;AllBrowserWindow : Locating browser window...</Message>
          <Message>[5/9/2018 7:14:24 PM]&lt;Info&gt;AllBrowserWindow : Locating browser window...</Message>
          <Message>[5/9/2018 7:14:24 PM]&lt;PASS&gt;&lt;SearchPagingBottomOfPage&gt;&lt; Validates that Page12 is selected while moving Backward&gt;</Message>
          <Message>[5/9/2018 7:14:27 PM]&lt;Info&gt;AllBrowserWindow : Locating browser window...</Message>
          <Message>[5/9/2018 7:14:28 PM]&lt;Info&gt;AllBrowserWindow : Locating browser window...</Message>
          <Message>[5/9/2018 7:14:29 PM]&lt;PASS&gt;&lt;SearchPagingBottomOfPage&gt;&lt; Validates that Page11 is selected while moving Backward&gt;</Message>
          <Message>[5/9/2018 7:14:31 PM]&lt;Info&gt;AllBrowserWindow : Locating browser window...</Message>
          <Message>[5/9/2018 7:14:33 PM]&lt;Info&gt;AllBrowserWindow : Locating browser window...</Message>
          <Message>[5/9/2018 7:14:33 PM]&lt;PASS&gt;&lt;SearchPagingBottomOfPage&gt;&lt; Validates that Page10 is selected while moving Backward&gt;</Message>
          <Message>[5/9/2018 7:14:36 PM]&lt;Info&gt;AllBrowserWindow : Locating browser window...</Message>
          <Message>[5/9/2018 7:14:37 PM]&lt;Info&gt;AllBrowserWindow : Locating browser window...</Message>
          <Message>[5/9/2018 7:14:38 PM]&lt;PASS&gt;&lt;SearchPagingBottomOfPage&gt;&lt; Validates that Page9 is selected while moving Backward&gt;</Message>
          <Message>[5/9/2018 7:14:40 PM]&lt;Info&gt;AllBrowserWindow : Locating browser window...</Message>
          <Message>[5/9/2018 7:14:42 PM]&lt;Info&gt;AllBrowserWindow : Locating browser window...</Message>
          <Message>[5/9/2018 7:14:42 PM]&lt;PASS&gt;&lt;SearchPagingBottomOfPage&gt;&lt; Validates that Page8 is selected while moving Backward&gt;</Message>
          <Message>[5/9/2018 7:14:45 PM]&lt;Info&gt;AllBrowserWindow : Locating browser window...</Message>
          <Message>[5/9/2018 7:14:46 PM]&lt;Info&gt;AllBrowserWindow : Locating browser window...</Message>
          <Message>[5/9/2018 7:14:46 PM]&lt;PASS&gt;&lt;SearchPagingBottomOfPage&gt;&lt; Validates that Page7 is selected while moving Backward&gt;</Message>
          <Message>[5/9/2018 7:14:49 PM]&lt;Info&gt;AllBrowserWindow : Locating browser window...</Message>
          <Message>[5/9/2018 7:14:51 PM]&lt;Info&gt;AllBrowserWindow : Locating browser window...</Message>
          <Message>[5/9/2018 7:14:51 PM]&lt;PASS&gt;&lt;SearchPagingBottomOfPage&gt;&lt; Validates that Page6 is selected while moving Backward&gt;</Message>
          <Message>[5/9/2018 7:14:53 PM]&lt;Info&gt;AllBrowserWindow : Locating browser window...</Message>
          <Message>[5/9/2018 7:14:55 PM]&lt;Info&gt;AllBrowserWindow : Locating browser window...</Message>
          <Message>[5/9/2018 7:14:56 PM]&lt;PASS&gt;&lt;SearchPagingBottomOfPage&gt;&lt; Validates that Page5 is selected while moving Backward&gt;</Message>
          <Message>[5/9/2018 7:14:58 PM]&lt;Info&gt;AllBrowserWindow : Locating browser window...</Message>
          <Message>[5/9/2018 7:15:00 PM]&lt;Info&gt;AllBrowserWindow : Locating browser window...</Message>
          <Message>[5/9/2018 7:15:00 PM]&lt;PASS&gt;&lt;SearchPagingBottomOfPage&gt;&lt; Validates that Page4 is selected while moving Backward&gt;</Message>
          <Message>[5/9/2018 7:15:03 PM]&lt;Info&gt;AllBrowserWindow : Locating browser window...</Message>
          <Message>[5/9/2018 7:15:05 PM]&lt;Info&gt;AllBrowserWindow : Locating browser window...</Message>
          <Message>[5/9/2018 7:15:05 PM]&lt;PASS&gt;&lt;SearchPagingBottomOfPage&gt;&lt; Validates that Page3 is selected while moving Backward&gt;</Message>
          <Message>[5/9/2018 7:15:08 PM]&lt;Info&gt;AllBrowserWindow : Locating browser window...</Message>
          <Message>[5/9/2018 7:15:09 PM]&lt;Info&gt;AllBrowserWindow : Locating browser window...</Message>
          <Message>[5/9/2018 7:15:09 PM]&lt;PASS&gt;&lt;SearchPagingBottomOfPage&gt;&lt; Validates that Page2 is selected while moving Backward&gt;</Message>
          <Message>[5/9/2018 7:15:12 PM]&lt;Info&gt;AllBrowserWindow : Locating browser window...</Message>
          <Message>[5/9/2018 7:15:14 PM]&lt;Info&gt;AllBrowserWindow : Locating browser window...</Message>
          <Message>[5/9/2018 7:15:14 PM]&lt;PASS&gt;&lt;SearchPagingBottomOfPage&gt;&lt; Validates that Page1 is selected while moving Backward&gt;</Message>
          <Message>[5/9/2018 7:15:21 PM]&lt;Info&gt;AllBrowserWindow : Locating browser window...</Message>
          <Message>[5/9/2018 7:15:22 PM]&lt;Info&gt;AllBrowserWindow : Locating browser window...</Message>
          <Message>[5/9/2018 7:15:24 PM]&lt;PASS&gt;&lt;SelectedPageNumber&gt;&lt; Validates that Page1 is selected and it's not a link &gt;</Message>
          <Message>[5/9/2018 7:15:24 PM]&lt;Info&gt;AllBrowserWindow : Locating browser window...</Message>
          <Message>[5/9/2018 7:15:25 PM]&lt;PASS&gt;&lt;SearchPagingBottomOfPage&gt;&lt; Validates that First Page is selected, i.e. Page1&gt;</Message>
          <Message>[5/9/2018 7:15:26 PM]&lt;Info&gt;AllBrowserWindow : Locating browser window...</Message>
          <Message>[5/9/2018 7:15:30 PM]&lt;PASS&gt;&lt;SelectedPageNumber&gt;&lt; Validates that Page18 is selected and it's not a link &gt;</Message>
          <Message>[5/9/2018 7:15:30 PM]&lt;PASS&gt;&lt;SearchPagingBottomOfPage&gt;&lt; Validates that Last is selected &gt;</Message>
          <Message>[5/9/2018 7:15:31 PM]&lt;Info&gt;AllBrowserWindow : Locating browser window...</Message>
          <Message>[5/9/2018 7:15:35 PM]&lt;PASS&gt;&lt;SelectedPageNumber&gt;&lt; Validates that Page1 is selected and it's not a link &gt;</Message>
          <Message>[5/9/2018 7:15:35 PM]&lt;PASS&gt;&lt;SearchPagingBottomOfPage&gt;&lt; Validates that First is selected &gt;</Message>
          <Message>[5/9/2018 7:15:35 PM]&lt;RESULT&gt;Test Ended:#PASS=48, #FAIL=0</Message>
          <Message>[5/9/2018 7:15:36 PM]&lt;INFO&gt;LogCPUAndMemoryUsage: Available Memory = 24155(MB), CPU Usage = 0.6487113%</Message>
          <Message>[5/9/2018 7:15:36 PM]&lt;INFO&gt;Private Working Set for QTAgent32_40, usage=357540 (K)</Message>
          <Message>[5/9/2018 7:15:36 PM]&lt;RESULT&gt;&lt;SearchPagingBottomOfPage&gt; Test PASSED</Message>
        </TextMessages>
      </Output>
      <ResultFiles>
        <ResultFile path="CMP01-INDIASQA.horizonhobby.com\SearchPagingBottomOfPage_20180509191205.log" />
        <ResultFile path="CMP01-INDIASQA.horizonhobby.com\SearchPagingBottomOfPage_ResultsONLY_20180509191205.log" />
        <ResultFile path="CMP01-INDIASQA.horizonhobby.com\SearchTestData_191205.xml" />
        <ResultFile path="CMP01-INDIASQA.horizonhobby.com\SharedCommonConfig.xml" />
      </ResultFiles>
    </UnitTestResult>
    <UnitTestResult executionId="6496a855-7590-4f7e-92af-0adf969b7fdf" testId="731132da-259a-e0f7-e6f2-2b93ce8e2525" testName="SearchStockStatus" computerName="CMP01-INDIASQA" duration="00:00:49.3117779" startTime="2018-05-09T19:15:38.3548797-05:00" endTime="2018-05-09T19:16:27.6998797-05:00" testType="13cdc9d9-ddb5-4fa4-a97d-d965ccfc6d4b" outcome="Passed" testListId="8c84fa94-04c1-424b-9868-57a2d4851a1d" relativeResultsDirectory="6496a855-7590-4f7e-92af-0adf969b7fdf">
      <Output>
        <StdOut>Logging to custom path:\\CMP01-YKumar\AutoLog</StdOut>
        <TextMessages>
          <Message>
            [5/9/2018 7:15:38 PM]&lt;STARTLOG&gt;&lt;SearchStockStatus&gt;Test Started: Expecting: #PASS=Undefined and #FAIL=0
            Running from MTM=True, running on machine name:CMP01-INDIASQA, user name=ykumar, OS=Microsoft Windows NT 6.1.7601 Service Pack 1, Is64BitOS=True
          </Message>
          <Message>[5/9/2018 7:15:39 PM]&lt;INFO&gt;LogCPUAndMemoryUsage: Available Memory = 24251(MB), CPU Usage = 26.32%</Message>
          <Message>[5/9/2018 7:15:39 PM]&lt;INFO&gt;Private Working Set for QTAgent32_40, usage=357800 (K)</Message>
          <Message>[5/9/2018 7:15:39 PM]&lt;INFO&gt;Path To TestConfig xml=E:\LoadTestResult\VSEQT\QTAgent\26924\CMP01-INDIASQA.horizonhobby.com\Deployment\SharedCommonConfig.xml</Message>
          <Message>[5/9/2018 7:15:39 PM]&lt;INFO&gt;Path To TestData xml=E:\LoadTestResult\VSEQT\QTAgent\26924\CMP01-INDIASQA.horizonhobby.com\Deployment\SearchTestData_191538.xml</Message>
          <Message>[5/9/2018 7:15:39 PM]&lt;INFO&gt;Path To HorizonHobbyQA Application Url=https://www-tst.horizonhobby.com</Message>
          <Message>[5/9/2018 7:15:39 PM]&lt;INFO&gt;HorizonHobbyQA sql connection string=Server=cmp02-ws-tst-db01:50000;Database=TST01DB;UID=wcdbuser;PWD=h0r1z0n;Connect Timeout=30</Message>
          <Message>[5/9/2018 7:15:39 PM]&lt;INFO&gt;Country is := US and language id is := '-1'</Message>
          <Message>[5/9/2018 7:15:39 PM]&lt;INFO&gt;Current browser used for test execution is = 'IE'</Message>
          <Message>[5/9/2018 7:15:42 PM]&lt;INFO&gt;SearchProductexecuting ... Searching term:= 'Kits'</Message>
          <Message>[5/9/2018 7:15:49 PM]&lt;Info&gt;AllBrowserWindow : Locating browser window...</Message>
          <Message>[5/9/2018 7:15:52 PM]&lt;PASS&gt;&lt;ItemStatusValidate&gt;&lt; Validates that In Stock Items are displayed in Search Result when Status Filter is ALL&gt;</Message>
          <Message>[5/9/2018 7:15:52 PM]&lt;PASS&gt;&lt;ItemStatusValidate&gt;&lt; Validates that Back Order Items are displayed in Search Result when Status Filter is ALL&gt;</Message>
          <Message>[5/9/2018 7:15:52 PM]&lt;Info&gt;AllBrowserWindow : Locating browser window...</Message>
          <Message>[5/9/2018 7:15:52 PM]&lt;PASS&gt;&lt;SearchStockStatus&gt;&lt; Validates that Status Filter contains - All &gt;</Message>
          <Message>[5/9/2018 7:15:52 PM]&lt;PASS&gt;&lt;SearchStockStatus&gt;&lt; Validates that Status Filter contains - In Stock Only &gt;</Message>
          <Message>[5/9/2018 7:15:54 PM]&lt;Info&gt;AllBrowserWindow : Locating browser window...</Message>
          <Message>[5/9/2018 7:15:57 PM]&lt;PASS&gt;&lt;ItemStatusValidate&gt;&lt; Validates that only In Stock Items are displayed in Search Result when Status Filter is In Stock Only&gt;</Message>
          <Message>[5/9/2018 7:16:05 PM]&lt;PASS&gt;&lt;ItemStatusValidate&gt;&lt; Validates that Back Order Items are not displayed in Search Result when Status Filter is In Stock Only&gt;</Message>
          <Message>[5/9/2018 7:16:09 PM]&lt;Info&gt;AllBrowserWindow : Locating browser window...</Message>
          <Message>[5/9/2018 7:16:12 PM]&lt;PASS&gt;&lt;ItemStatusValidate&gt;&lt; Validates that only In Stock Items are displayed in Search Result when Status Filter is In Stock Only&gt;</Message>
          <Message>[5/9/2018 7:16:19 PM]&lt;PASS&gt;&lt;ItemStatusValidate&gt;&lt; Validates that Back Order Items are not displayed in Search Result when Status Filter is In Stock Only&gt;</Message>
          <Message>[5/9/2018 7:16:20 PM]&lt;Info&gt;AllBrowserWindow : Locating browser window...</Message>
          <Message>[5/9/2018 7:16:23 PM]&lt;PASS&gt;&lt;ItemStatusValidate&gt;&lt; Validates that In Stock Items are displayed in Search Result when Status Filter is ALL&gt;</Message>
          <Message>[5/9/2018 7:16:24 PM]&lt;PASS&gt;&lt;ItemStatusValidate&gt;&lt; Validates that Back Order Items are displayed in Search Result when Status Filter is ALL&gt;</Message>
          <Message>[5/9/2018 7:16:24 PM]&lt;RESULT&gt;Test Ended:#PASS=10, #FAIL=0</Message>
          <Message>[5/9/2018 7:16:25 PM]&lt;INFO&gt;LogCPUAndMemoryUsage: Available Memory = 24250(MB), CPU Usage = 38.76961%</Message>
          <Message>[5/9/2018 7:16:25 PM]&lt;INFO&gt;Private Working Set for QTAgent32_40, usage=356496 (K)</Message>
          <Message>[5/9/2018 7:16:25 PM]&lt;RESULT&gt;&lt;SearchStockStatus&gt; Test PASSED</Message>
        </TextMessages>
      </Output>
      <ResultFiles>
        <ResultFile path="CMP01-INDIASQA.horizonhobby.com\SearchStockStatus_20180509191538.log" />
        <ResultFile path="CMP01-INDIASQA.horizonhobby.com\SearchStockStatus_ResultsONLY_20180509191538.log" />
        <ResultFile path="CMP01-INDIASQA.horizonhobby.com\SearchTestData_191538.xml" />
        <ResultFile path="CMP01-INDIASQA.horizonhobby.com\SharedCommonConfig.xml" />
      </ResultFiles>
    </UnitTestResult>
    <UnitTestResult executionId="f69e7f1e-643d-438d-8629-9d00a7ab3a62" testId="f9626e12-dcc7-12ab-2753-5166d5220381" testName="GlobalSettingsAmountRemainingUntilFreeShipping" computerName="CMP01-INDIASQA" duration="00:01:06.7476033" startTime="2018-05-09T19:16:27.7018797-05:00" endTime="2018-05-09T19:17:34.4818797-05:00" testType="13cdc9d9-ddb5-4fa4-a97d-d965ccfc6d4b" outcome="Passed" testListId="8c84fa94-04c1-424b-9868-57a2d4851a1d" relativeResultsDirectory="f69e7f1e-643d-438d-8629-9d00a7ab3a62">
      <Output>
        <StdOut>Logging to custom path:\\CMP01-YKumar\AutoLog</StdOut>
        <TextMessages>
          <Message>
            [5/9/2018 7:16:27 PM]&lt;STARTLOG&gt;&lt;GlobalSettingsAmountRemainingUntilFreeShipping&gt;Test Started: Expecting: #PASS=Undefined and #FAIL=0
            Running from MTM=True, running on machine name:CMP01-INDIASQA, user name=ykumar, OS=Microsoft Windows NT 6.1.7601 Service Pack 1, Is64BitOS=True
          </Message>
          <Message>[5/9/2018 7:16:28 PM]&lt;INFO&gt;LogCPUAndMemoryUsage: Available Memory = 24427(MB), CPU Usage = 16.67602%</Message>
          <Message>[5/9/2018 7:16:28 PM]&lt;INFO&gt;Private Working Set for QTAgent32_40, usage=356680 (K)</Message>
          <Message>[5/9/2018 7:16:28 PM]&lt;INFO&gt;Path To TestConfig xml=E:\LoadTestResult\VSEQT\QTAgent\26924\CMP01-INDIASQA.horizonhobby.com\Deployment\SharedCommonConfig.xml</Message>
          <Message>[5/9/2018 7:16:28 PM]&lt;INFO&gt;Path To TestData xml=E:\LoadTestResult\VSEQT\QTAgent\26924\CMP01-INDIASQA.horizonhobby.com\Deployment\GlobalSettingsTestData_191627.xml</Message>
          <Message>[5/9/2018 7:16:28 PM]&lt;INFO&gt;Path To HorizonHobbyQA Application Url=https://www-tst.horizonhobby.com</Message>
          <Message>[5/9/2018 7:16:28 PM]&lt;INFO&gt;HorizonHobbyQA sql connection string=Server=cmp02-ws-tst-db01:50000;Database=TST01DB;UID=wcdbuser;PWD=h0r1z0n;Connect Timeout=30</Message>
          <Message>[5/9/2018 7:16:28 PM]&lt;INFO&gt;Country is := US and language id is := '-1'</Message>
          <Message>[5/9/2018 7:16:28 PM]&lt;INFO&gt;Current browser used for test execution is = 'IE'</Message>
          <Message>[5/9/2018 7:16:32 PM]&lt;PASS&gt;&lt;GlobalSettingsAmountRemainingUntilFreeShipping&gt;&lt; Validates that Until Free Shipping text on the Homepage &gt;</Message>
          <Message>[5/9/2018 7:16:50 PM]&lt;INFO&gt;System.Data.DataTable GetProductConditional(ProductStockStatusType, PriceCondition, System.String, System.String, System.String, System.String, System.String, System.String, Boolean) : No record found for price condition - 'Equal-&gt; 10.45' ; and stock condition - 'InStock'</Message>
          <Message>[5/9/2018 7:16:50 PM]&lt;INFO&gt;SearchProductexecuting ... Searching term:= 'ALC101'</Message>
          <Message>[5/9/2018 7:16:56 PM]&lt;Info&gt;AllBrowserWindow : Locating browser window...</Message>
          <Message>[5/9/2018 7:16:57 PM]&lt;PASS&gt;&lt;GlobalSettingsAmountRemainingUntilFreeShipping&gt;&lt; Validates that Until Free Shipping text on the Homepage &gt;</Message>
          <Message>[5/9/2018 7:16:57 PM]&lt;INFO&gt;BackOrderClickexecuting ...</Message>
          <Message>[5/9/2018 7:16:57 PM]&lt;INFO&gt;GoToCartClickexecuting ...</Message>
          <Message>[5/9/2018 7:17:06 PM]&lt;PASS&gt;&lt;GlobalSettingsAmountRemainingUntilFreeShipping&gt;&lt; Validates that Until Free Shipping text on the Homepage &gt;</Message>
          <Message>[5/9/2018 7:17:12 PM]&lt;INFO&gt;SearchProductexecuting ... Searching term:= 'SAIG14B153'</Message>
          <Message>[5/9/2018 7:17:19 PM]&lt;Info&gt;AllBrowserWindow : Locating browser window...</Message>
          <Message>[5/9/2018 7:17:20 PM]&lt;INFO&gt;BackOrderClickexecuting ...</Message>
          <Message>[5/9/2018 7:17:20 PM]&lt;INFO&gt;GoToCartClickexecuting ...</Message>
          <Message>[5/9/2018 7:17:28 PM]&lt;PASS&gt;&lt;GlobalSettingsAmountRemainingUntilFreeShipping&gt;&lt; Validates that Qualified for Free Shipping text on the Homepage &gt;</Message>
          <Message>[5/9/2018 7:17:31 PM]&lt;PASS&gt;&lt;GlobalSettingsAmountRemainingUntilFreeShipping&gt;&lt; Validates that Until Free Shipping text on the Homepage &gt;</Message>
          <Message>[5/9/2018 7:17:31 PM]&lt;RESULT&gt;Test Ended:#PASS=5, #FAIL=0</Message>
          <Message>[5/9/2018 7:17:32 PM]&lt;INFO&gt;LogCPUAndMemoryUsage: Available Memory = 24193(MB), CPU Usage = 14.09036%</Message>
          <Message>[5/9/2018 7:17:32 PM]&lt;INFO&gt;Private Working Set for QTAgent32_40, usage=349956 (K)</Message>
          <Message>[5/9/2018 7:17:32 PM]&lt;RESULT&gt;&lt;GlobalSettingsAmountRemainingUntilFreeShipping&gt; Test PASSED</Message>
        </TextMessages>
      </Output>
      <ResultFiles>
        <ResultFile path="CMP01-INDIASQA.horizonhobby.com\GlobalSettingsAmountRemainingUntilFreeShipping_20180509191627.log" />
        <ResultFile path="CMP01-INDIASQA.horizonhobby.com\GlobalSettingsAmountRemainingUntilFreeShipping_ResultsONLY_20180509191627.log" />
        <ResultFile path="CMP01-INDIASQA.horizonhobby.com\GlobalSettingsTestData_191627.xml" />
        <ResultFile path="CMP01-INDIASQA.horizonhobby.com\SharedCommonConfig.xml" />
      </ResultFiles>
    </UnitTestResult>
    <UnitTestResult executionId="31e86502-28fb-4537-b9ea-50f4455263c9" testId="c38844d5-4c7a-4bdc-b63a-8cd9fcf63445" testName="ProductPagePrintOptionSections" computerName="CMP01-INDIASQA" duration="00:01:01.4183157" startTime="2018-05-09T19:17:34.4838797-05:00" endTime="2018-05-09T19:18:36.2638797-05:00" testType="13cdc9d9-ddb5-4fa4-a97d-d965ccfc6d4b" outcome="Passed" testListId="8c84fa94-04c1-424b-9868-57a2d4851a1d" relativeResultsDirectory="31e86502-28fb-4537-b9ea-50f4455263c9">
      <Output>
        <StdOut>Logging to custom path:\\CMP01-YKumar\AutoLog</StdOut>
        <TextMessages>
          <Message>
            [5/9/2018 7:17:34 PM]&lt;STARTLOG&gt;&lt;ProductPagePrintOptionSections&gt;Test Started: Expecting: #PASS=Undefined and #FAIL=0
            Running from MTM=True, running on machine name:CMP01-INDIASQA, user name=ykumar, OS=Microsoft Windows NT 6.1.7601 Service Pack 1, Is64BitOS=True
          </Message>
          <Message>[5/9/2018 7:17:37 PM]&lt;INFO&gt;LogCPUAndMemoryUsage: Available Memory = 24430(MB), CPU Usage = 9.70002%</Message>
          <Message>[5/9/2018 7:17:37 PM]&lt;INFO&gt;Private Working Set for QTAgent32_40, usage=360880 (K)</Message>
          <Message>[5/9/2018 7:17:37 PM]&lt;INFO&gt;Path To TestConfig xml=E:\LoadTestResult\VSEQT\QTAgent\26924\CMP01-INDIASQA.horizonhobby.com\Deployment\SharedCommonConfig.xml</Message>
          <Message>[5/9/2018 7:17:37 PM]&lt;INFO&gt;Path To TestData xml=E:\LoadTestResult\VSEQT\QTAgent\26924\CMP01-INDIASQA.horizonhobby.com\Deployment\ProductPageTestData_191734.xml</Message>
          <Message>[5/9/2018 7:17:37 PM]&lt;INFO&gt;Path To HorizonHobbyQA Application Url=https://www-tst.horizonhobby.com</Message>
          <Message>[5/9/2018 7:17:37 PM]&lt;INFO&gt;HorizonHobbyQA sql connection string=Server=cmp02-ws-tst-db01:50000;Database=TST01DB;UID=wcdbuser;PWD=h0r1z0n;Connect Timeout=30</Message>
          <Message>[5/9/2018 7:17:37 PM]&lt;INFO&gt;Country is := US and language id is := '-1'</Message>
          <Message>[5/9/2018 7:17:37 PM]&lt;INFO&gt;Current browser used for test execution is = 'IE'</Message>
          <Message>[5/9/2018 7:17:40 PM]&lt;Info&gt;AllBrowserWindow : Locating browser window...</Message>
          <Message>[5/9/2018 7:17:40 PM]&lt;INFO&gt;SearchProductexecuting ... Searching term:= 'EFL3000'</Message>
          <Message>[5/9/2018 7:17:47 PM]&lt;Info&gt;AllBrowserWindow : Locating browser window...</Message>
          <Message>[5/9/2018 7:17:52 PM]&lt;Info&gt;AllBrowserWindow : Locating browser window...</Message>
          <Message>[5/9/2018 7:17:52 PM]&lt;PASS&gt;&lt;ProductPagePrintOptionSections&gt;&lt;Validate Print button exist on Product page&gt;</Message>
          <Message>[5/9/2018 7:18:04 PM]&lt;PASS&gt;&lt;ProductPagePrintOptionSections&gt;&lt;Validate Overview Checkbox exists&gt;</Message>
          <Message>[5/9/2018 7:18:04 PM]&lt;PASS&gt;&lt;ProductPagePrintOptionSections&gt;&lt;Validate Spces Checkbox exists&gt;</Message>
          <Message>[5/9/2018 7:18:05 PM]&lt;PASS&gt;&lt;ProductPagePrintOptionSections&gt;&lt;Validate Reviews Checkbox exists&gt;</Message>
          <Message>[5/9/2018 7:18:05 PM]&lt;PASS&gt;&lt;ProductPagePrintOptionSections&gt;&lt;Validate Part &amp; Accessories Checkbox exists&gt;</Message>
          <Message>[5/9/2018 7:18:07 PM]&lt;PASS&gt;&lt;ProductPagePrintOptionSections&gt;&lt;Validate Completion Guide Checkbox exists&gt;</Message>
          <Message>[5/9/2018 7:18:07 PM]&lt;PASS&gt;&lt;ProductPagePrintOptionSections&gt;&lt;Validate Manual &amp; Supports Checkbox exists&gt;</Message>
          <Message>[5/9/2018 7:18:07 PM]&lt;PASS&gt;&lt;ProductPagePrintOptionSections&gt;&lt;Validate Q &amp; A Checkbox exists&gt;</Message>
          <Message>[5/9/2018 7:18:08 PM]&lt;PASS&gt;&lt;ProductPagePrintOptionSections&gt;&lt;Validate Overview Label exists&gt;</Message>
          <Message>[5/9/2018 7:18:08 PM]&lt;PASS&gt;&lt;ProductPagePrintOptionSections&gt;&lt;Validate Spec Label exists&gt;</Message>
          <Message>[5/9/2018 7:18:08 PM]&lt;PASS&gt;&lt;ProductPagePrintOptionSections&gt;&lt;Validate Reviews Label exists&gt;</Message>
          <Message>[5/9/2018 7:18:09 PM]&lt;PASS&gt;&lt;ProductPagePrintOptionSections&gt;&lt;Validate Part &amp; Accessories Label exists&gt;</Message>
          <Message>[5/9/2018 7:18:09 PM]&lt;PASS&gt;&lt;ProductPagePrintOptionSections&gt;&lt;Validate Completion Guide Label exists&gt;</Message>
          <Message>[5/9/2018 7:18:09 PM]&lt;PASS&gt;&lt;ProductPagePrintOptionSections&gt;&lt;Validate Overview manual &amp; Support exists&gt;</Message>
          <Message>[5/9/2018 7:18:09 PM]&lt;PASS&gt;&lt;ProductPagePrintOptionSections&gt;&lt;Validate Q &amp; A Label exists&gt;</Message>
          <Message>[5/9/2018 7:18:12 PM]&lt;PASS&gt;&lt;ProductPagePrintOptionSections&gt;&lt;Validate Print button exists&gt;</Message>
          <Message>[5/9/2018 7:18:22 PM]&lt;RESULT&gt;Test Ended:#PASS=16, #FAIL=0</Message>
          <Message>[5/9/2018 7:18:24 PM]&lt;INFO&gt;LogCPUAndMemoryUsage: Available Memory = 24217(MB), CPU Usage = 11.55787%</Message>
          <Message>[5/9/2018 7:18:24 PM]&lt;INFO&gt;Private Working Set for QTAgent32_40, usage=359968 (K)</Message>
          <Message>[5/9/2018 7:18:24 PM]&lt;RESULT&gt;&lt;ProductPagePrintOptionSections&gt; Test PASSED</Message>
        </TextMessages>
      </Output>
      <ResultFiles>
        <ResultFile path="CMP01-INDIASQA.horizonhobby.com\ProductPagePrintOptionSections_20180509191734.log" />
        <ResultFile path="CMP01-INDIASQA.horizonhobby.com\ProductPagePrintOptionSections_ResultsONLY_20180509191734.log" />
        <ResultFile path="CMP01-INDIASQA.horizonhobby.com\ProductPageTestData_191734.xml" />
        <ResultFile path="CMP01-INDIASQA.horizonhobby.com\SharedCommonConfig.xml" />
      </ResultFiles>
    </UnitTestResult>
    <UnitTestResult executionId="62c91483-7434-492a-be31-d900b6156b10" testId="8cba95c4-bbe5-7e99-d766-991b784ac5c8" testName="ProductPagePrintLayoutNeverMind" computerName="CMP01-INDIASQA" duration="00:00:50.9958295" startTime="2018-05-09T19:18:36.2678797-05:00" endTime="2018-05-09T19:19:27.2918797-05:00" testType="13cdc9d9-ddb5-4fa4-a97d-d965ccfc6d4b" outcome="Passed" testListId="8c84fa94-04c1-424b-9868-57a2d4851a1d" relativeResultsDirectory="62c91483-7434-492a-be31-d900b6156b10">
      <Output>
        <StdOut>Logging to custom path:\\CMP01-YKumar\AutoLog</StdOut>
        <TextMessages>
          <Message>
            [5/9/2018 7:18:36 PM]&lt;STARTLOG&gt;&lt;ProductPagePrintLayoutNeverMind&gt;Test Started: Expecting: #PASS=Undefined and #FAIL=0
            Running from MTM=True, running on machine name:CMP01-INDIASQA, user name=ykumar, OS=Microsoft Windows NT 6.1.7601 Service Pack 1, Is64BitOS=True
          </Message>
          <Message>[5/9/2018 7:18:37 PM]&lt;INFO&gt;LogCPUAndMemoryUsage: Available Memory = 24184(MB), CPU Usage = 1.749365%</Message>
          <Message>[5/9/2018 7:18:37 PM]&lt;INFO&gt;Private Working Set for QTAgent32_40, usage=368440 (K)</Message>
          <Message>[5/9/2018 7:18:37 PM]&lt;INFO&gt;Path To TestConfig xml=E:\LoadTestResult\VSEQT\QTAgent\26924\CMP01-INDIASQA.horizonhobby.com\Deployment\SharedCommonConfig.xml</Message>
          <Message>[5/9/2018 7:18:37 PM]&lt;INFO&gt;Path To TestData xml=E:\LoadTestResult\VSEQT\QTAgent\26924\CMP01-INDIASQA.horizonhobby.com\Deployment\ProductPageTestData_191836.xml</Message>
          <Message>[5/9/2018 7:18:37 PM]&lt;INFO&gt;Path To HorizonHobbyQA Application Url=https://www-tst.horizonhobby.com</Message>
          <Message>[5/9/2018 7:18:37 PM]&lt;INFO&gt;HorizonHobbyQA sql connection string=Server=cmp02-ws-tst-db01:50000;Database=TST01DB;UID=wcdbuser;PWD=h0r1z0n;Connect Timeout=30</Message>
          <Message>[5/9/2018 7:18:37 PM]&lt;INFO&gt;Country is := US and language id is := '-1'</Message>
          <Message>[5/9/2018 7:18:37 PM]&lt;INFO&gt;Current browser used for test execution is = 'IE'</Message>
          <Message>[5/9/2018 7:18:40 PM]&lt;Info&gt;AllBrowserWindow : Locating browser window...</Message>
          <Message>[5/9/2018 7:18:45 PM]&lt;INFO&gt;SearchProductexecuting ... Searching term:= 'TES273515'</Message>
          <Message>[5/9/2018 7:18:51 PM]&lt;Info&gt;AllBrowserWindow : Locating browser window...</Message>
          <Message>[5/9/2018 7:18:55 PM]&lt;PASS&gt;&lt;ProductPagePrintLayoutNeverMind&gt;&lt;Print modal window opens&gt;</Message>
          <Message>[5/9/2018 7:18:57 PM]&lt;PASS&gt;&lt;ProductPagePrintLayoutNeverMind&gt;&lt;NeverMind button exists&gt;</Message>
          <Message>[5/9/2018 7:19:01 PM]&lt;PASS&gt;&lt;ProductPagePrintLayoutNeverMind&gt;&lt;Print modal window closed&gt;</Message>
          <Message>[5/9/2018 7:19:05 PM]&lt;INFO&gt;SearchProductexecuting ... Searching term:= 'MHENCPX003OR'</Message>
          <Message>[5/9/2018 7:19:10 PM]&lt;Info&gt;AllBrowserWindow : Locating browser window...</Message>
          <Message>[5/9/2018 7:19:13 PM]&lt;Info&gt;AllBrowserWindow : Locating browser window...</Message>
          <Message>[5/9/2018 7:19:18 PM]&lt;PASS&gt;&lt;ProductPagePrintLayoutNeverMind&gt;&lt;Print modal window opens&gt;</Message>
          <Message>[5/9/2018 7:19:21 PM]&lt;PASS&gt;&lt;ProductPagePrintLayoutNeverMind&gt;&lt;NeverMind button exists&gt;</Message>
          <Message>[5/9/2018 7:19:24 PM]&lt;PASS&gt;&lt;ProductPagePrintLayoutNeverMind&gt;&lt;Print modal window closed&gt;</Message>
          <Message>[5/9/2018 7:19:24 PM]&lt;RESULT&gt;Test Ended:#PASS=6, #FAIL=0</Message>
          <Message>[5/9/2018 7:19:25 PM]&lt;INFO&gt;LogCPUAndMemoryUsage: Available Memory = 24242(MB), CPU Usage = 9.22019%</Message>
          <Message>[5/9/2018 7:19:25 PM]&lt;INFO&gt;Private Working Set for QTAgent32_40, usage=360148 (K)</Message>
          <Message>[5/9/2018 7:19:25 PM]&lt;RESULT&gt;&lt;ProductPagePrintLayoutNeverMind&gt; Test PASSED</Message>
        </TextMessages>
      </Output>
      <ResultFiles>
        <ResultFile path="CMP01-INDIASQA.horizonhobby.com\ProductPagePrintLayoutNeverMind_20180509191836.log" />
        <ResultFile path="CMP01-INDIASQA.horizonhobby.com\ProductPagePrintLayoutNeverMind_ResultsONLY_20180509191836.log" />
        <ResultFile path="CMP01-INDIASQA.horizonhobby.com\ProductPageTestData_191836.xml" />
        <ResultFile path="CMP01-INDIASQA.horizonhobby.com\SharedCommonConfig.xml" />
      </ResultFiles>
    </UnitTestResult>
    <UnitTestResult executionId="e2c562f1-85d8-43fd-9207-d4c0c42a4a74" testId="9e3c1da4-d10d-459c-6128-b7277de524eb" testName="ProductPagePriceDisplay" computerName="CMP01-INDIASQA" duration="00:01:53.8315404" startTime="2018-05-09T19:19:27.2948797-05:00" endTime="2018-05-09T19:21:21.1548797-05:00" testType="13cdc9d9-ddb5-4fa4-a97d-d965ccfc6d4b" outcome="Passed" testListId="8c84fa94-04c1-424b-9868-57a2d4851a1d" relativeResultsDirectory="e2c562f1-85d8-43fd-9207-d4c0c42a4a74">
      <Output>
        <StdOut>Logging to custom path:\\CMP01-YKumar\AutoLog</StdOut>
        <TextMessages>
          <Message>
            [5/9/2018 7:19:27 PM]&lt;STARTLOG&gt;&lt;ProductPagePriceDisplay&gt;Test Started: Expecting: #PASS=Undefined and #FAIL=0
            Running from MTM=True, running on machine name:CMP01-INDIASQA, user name=ykumar, OS=Microsoft Windows NT 6.1.7601 Service Pack 1, Is64BitOS=True
          </Message>
          <Message>[5/9/2018 7:19:28 PM]&lt;INFO&gt;LogCPUAndMemoryUsage: Available Memory = 24278(MB), CPU Usage = 17.12447%</Message>
          <Message>[5/9/2018 7:19:28 PM]&lt;INFO&gt;Private Working Set for QTAgent32_40, usage=368448 (K)</Message>
          <Message>[5/9/2018 7:19:28 PM]&lt;INFO&gt;Path To TestConfig xml=E:\LoadTestResult\VSEQT\QTAgent\26924\CMP01-INDIASQA.horizonhobby.com\Deployment\SharedCommonConfig.xml</Message>
          <Message>[5/9/2018 7:19:28 PM]&lt;INFO&gt;Path To TestData xml=E:\LoadTestResult\VSEQT\QTAgent\26924\CMP01-INDIASQA.horizonhobby.com\Deployment\ProductPageTestData_191927.xml</Message>
          <Message>[5/9/2018 7:19:28 PM]&lt;INFO&gt;Path To HorizonHobbyQA Application Url=https://www-tst.horizonhobby.com</Message>
          <Message>[5/9/2018 7:19:28 PM]&lt;INFO&gt;HorizonHobbyQA sql connection string=Server=cmp02-ws-tst-db01:50000;Database=TST01DB;UID=wcdbuser;PWD=h0r1z0n;Connect Timeout=30</Message>
          <Message>[5/9/2018 7:19:28 PM]&lt;INFO&gt;Country is := US and language id is := '-1'</Message>
          <Message>[5/9/2018 7:19:28 PM]&lt;INFO&gt;Current browser used for test execution is = 'IE'</Message>
          <Message>[5/9/2018 7:19:32 PM]&lt;Info&gt;AllBrowserWindow : Locating browser window...</Message>
          <Message>[5/9/2018 7:19:35 PM]&lt;INFO&gt;SearchProductexecuting ... Searching term:= 'HAN4101'</Message>
          <Message>[5/9/2018 7:19:42 PM]&lt;Info&gt;AllBrowserWindow : Locating browser window...</Message>
          <Message>[5/9/2018 7:19:43 PM]&lt;PASS&gt;&lt;ProductPagePriceDisplay&gt;&lt;Validates 'Fuselage: Pulse XT 40' product offer price is as expected&gt;</Message>
          <Message>[5/9/2018 7:19:43 PM]&lt;PASS&gt;&lt;ProductPagePriceDisplay&gt;&lt;Validates '' product regular price is as expected&gt;</Message>
          <Message>[5/9/2018 7:19:57 PM]&lt;PASS&gt;&lt;ProductPagePriceDisplay&gt;&lt;Validates '' product offer price strike out value&gt;</Message>
          <Message>[5/9/2018 7:20:01 PM]&lt;INFO&gt;SearchProductexecuting ... Searching term:= 'YUNQ4KBP'</Message>
          <Message>[5/9/2018 7:20:06 PM]&lt;Info&gt;AllBrowserWindow : Locating browser window...</Message>
          <Message>[5/9/2018 7:20:30 PM]&lt;Info&gt;AllBrowserWindow : Locating browser window...</Message>
          <Message>[5/9/2018 7:21:02 PM]&lt;Info&gt;AllBrowserWindow : Locating browser window...</Message>
          <Message>[5/9/2018 7:21:17 PM]&lt;PASS&gt;&lt;ProductPagePriceDisplay&gt;&lt;Validates '' product offer price is as expected&gt;</Message>
          <Message>[5/9/2018 7:21:18 PM]&lt;RESULT&gt;Test Ended:#PASS=4, #FAIL=0</Message>
          <Message>[5/9/2018 7:21:19 PM]&lt;INFO&gt;LogCPUAndMemoryUsage: Available Memory = 24216(MB), CPU Usage = 2.88938%</Message>
          <Message>[5/9/2018 7:21:19 PM]&lt;INFO&gt;Private Working Set for QTAgent32_40, usage=369888 (K)</Message>
          <Message>[5/9/2018 7:21:19 PM]&lt;RESULT&gt;&lt;ProductPagePriceDisplay&gt; Test PASSED</Message>
        </TextMessages>
      </Output>
      <ResultFiles>
        <ResultFile path="CMP01-INDIASQA.horizonhobby.com\ProductPagePriceDisplay_20180509191927.log" />
        <ResultFile path="CMP01-INDIASQA.horizonhobby.com\ProductPagePriceDisplay_ResultsONLY_20180509191927.log" />
        <ResultFile path="CMP01-INDIASQA.horizonhobby.com\ProductPageTestData_191927.xml" />
        <ResultFile path="CMP01-INDIASQA.horizonhobby.com\SharedCommonConfig.xml" />
      </ResultFiles>
    </UnitTestResult>
    <UnitTestResult executionId="192dfcf5-f8fb-4c56-91ee-c0ef1a91f005" testId="18181e16-d9f0-af70-ee30-249ecec8c9c9" testName="ProductPageImageDisplayLargerImage" computerName="CMP01-INDIASQA" duration="00:02:12.4280901" startTime="2018-05-09T19:21:21.1568797-05:00" endTime="2018-05-09T19:23:33.6078797-05:00" testType="13cdc9d9-ddb5-4fa4-a97d-d965ccfc6d4b" outcome="Passed" testListId="8c84fa94-04c1-424b-9868-57a2d4851a1d" relativeResultsDirectory="192dfcf5-f8fb-4c56-91ee-c0ef1a91f005">
      <Output>
        <StdOut>Logging to custom path:\\CMP01-YKumar\AutoLog</StdOut>
        <TextMessages>
          <Message>
            [5/9/2018 7:21:21 PM]&lt;STARTLOG&gt;&lt;ProductPageImageDisplayLargerImage&gt;Test Started: Expecting: #PASS=Undefined and #FAIL=0
            Running from MTM=True, running on machine name:CMP01-INDIASQA, user name=ykumar, OS=Microsoft Windows NT 6.1.7601 Service Pack 1, Is64BitOS=True
          </Message>
          <Message>[5/9/2018 7:21:22 PM]&lt;INFO&gt;LogCPUAndMemoryUsage: Available Memory = 24284(MB), CPU Usage = 18.76571%</Message>
          <Message>[5/9/2018 7:21:22 PM]&lt;INFO&gt;Private Working Set for QTAgent32_40, usage=369892 (K)</Message>
          <Message>[5/9/2018 7:21:22 PM]&lt;INFO&gt;Path To TestConfig xml=E:\LoadTestResult\VSEQT\QTAgent\26924\CMP01-INDIASQA.horizonhobby.com\Deployment\SharedCommonConfig.xml</Message>
          <Message>[5/9/2018 7:21:22 PM]&lt;INFO&gt;Path To TestData xml=E:\LoadTestResult\VSEQT\QTAgent\26924\CMP01-INDIASQA.horizonhobby.com\Deployment\ProductPageTestData_192121.xml</Message>
          <Message>[5/9/2018 7:21:22 PM]&lt;INFO&gt;Path To HorizonHobbyQA Application Url=https://www-tst.horizonhobby.com</Message>
          <Message>[5/9/2018 7:21:22 PM]&lt;INFO&gt;HorizonHobbyQA sql connection string=Server=cmp02-ws-tst-db01:50000;Database=TST01DB;UID=wcdbuser;PWD=h0r1z0n;Connect Timeout=30</Message>
          <Message>[5/9/2018 7:21:22 PM]&lt;INFO&gt;Country is := US and language id is := '-1'</Message>
          <Message>[5/9/2018 7:21:22 PM]&lt;INFO&gt;Current browser used for test execution is = 'IE'</Message>
          <Message>[5/9/2018 7:21:26 PM]&lt;Info&gt;AllBrowserWindow : Locating browser window...</Message>
          <Message>[5/9/2018 7:21:26 PM]&lt;INFO&gt;SearchProductexecuting ... Searching term:= 'HBZ8551'</Message>
          <Message>[5/9/2018 7:21:32 PM]&lt;Info&gt;AllBrowserWindow : Locating browser window...</Message>
          <Message>[5/9/2018 7:21:33 PM]&lt;PASS&gt;&lt;ProductPageImageDisplayLargerImage&gt;&lt;Product image URL appears as expected&gt;</Message>
          <Message>[5/9/2018 7:21:34 PM]&lt;INFO&gt;SearchProductexecuting ... Searching term:= 'HBZ8602'</Message>
          <Message>[5/9/2018 7:21:51 PM]&lt;Info&gt;AllBrowserWindow : Locating browser window...</Message>
          <Message>[5/9/2018 7:22:24 PM]&lt;PASS&gt;&lt;ProductPageImageDisplayLargerImage&gt;&lt;Product image URL appears as expected&gt;</Message>
          <Message>[5/9/2018 7:22:24 PM]&lt;INFO&gt;GetProductWithPartsAndListingAndCompletionGuide executing... </Message>
          <Message>[5/9/2018 7:22:27 PM]&lt;Info&gt;AllBrowserWindow : Locating browser window...</Message>
          <Message>[5/9/2018 7:22:27 PM]&lt;INFO&gt;SearchProductexecuting ... Searching term:= 'EFL4915'</Message>
          <Message>[5/9/2018 7:22:34 PM]&lt;Info&gt;AllBrowserWindow : Locating browser window...</Message>
          <Message>[5/9/2018 7:23:07 PM]&lt;PASS&gt;&lt;ProductPageImageDisplayLargerImage&gt;&lt;Validates Overview Section exists&gt;</Message>
          <Message>[5/9/2018 7:23:12 PM]&lt;PASS&gt;&lt;ProductPageImageDisplayLargerImage&gt;&lt;Validates Reviews Section exists&gt;</Message>
          <Message>[5/9/2018 7:23:15 PM]&lt;PASS&gt;&lt;ProductPageImageDisplayLargerImage&gt;&lt;Validates Question Section exists&gt;</Message>
          <Message>[5/9/2018 7:23:19 PM]&lt;PASS&gt;&lt;ProductPageImageDisplayLargerImage&gt;&lt;Validates Specs Section exists&gt;</Message>
          <Message>[5/9/2018 7:23:22 PM]&lt;PASS&gt;&lt;ProductPageImageDisplayLargerImage&gt;&lt;Validates Parts Section exists&gt;</Message>
          <Message>[5/9/2018 7:23:26 PM]&lt;PASS&gt;&lt;ProductPageImageDisplayLargerImage&gt;&lt;Validates Completion Kit Section exists&gt;</Message>
          <Message>[5/9/2018 7:23:30 PM]&lt;PASS&gt;&lt;ProductPageImageDisplayLargerImage&gt;&lt;Validates Support Section exists&gt;</Message>
          <Message>[5/9/2018 7:23:30 PM]&lt;RESULT&gt;Test Ended:#PASS=9, #FAIL=0</Message>
          <Message>[5/9/2018 7:23:31 PM]&lt;INFO&gt;LogCPUAndMemoryUsage: Available Memory = 24041(MB), CPU Usage = 18.76571%</Message>
          <Message>[5/9/2018 7:23:31 PM]&lt;INFO&gt;Private Working Set for QTAgent32_40, usage=358156 (K)</Message>
          <Message>[5/9/2018 7:23:31 PM]&lt;RESULT&gt;&lt;ProductPageImageDisplayLargerImage&gt; Test PASSED</Message>
        </TextMessages>
      </Output>
      <ResultFiles>
        <ResultFile path="CMP01-INDIASQA.horizonhobby.com\ProductPageImageDisplayLargerImage_20180509192121.log" />
        <ResultFile path="CMP01-INDIASQA.horizonhobby.com\ProductPageImageDisplayLargerImage_ResultsONLY_20180509192121.log" />
        <ResultFile path="CMP01-INDIASQA.horizonhobby.com\ProductPageTestData_192121.xml" />
        <ResultFile path="CMP01-INDIASQA.horizonhobby.com\SharedCommonConfig.xml" />
      </ResultFiles>
    </UnitTestResult>
    <UnitTestResult executionId="57c89144-0618-4b2c-b479-c65964cff167" testId="6402c52d-3fc1-3729-ac38-10d7b9b64440" testName="ProductPageImageGalleryLocationsAndVideos" computerName="CMP01-INDIASQA" duration="00:01:07.5517635" startTime="2018-05-09T19:23:33.6098797-05:00" endTime="2018-05-09T19:24:41.1878797-05:00" testType="13cdc9d9-ddb5-4fa4-a97d-d965ccfc6d4b" outcome="Passed" testListId="8c84fa94-04c1-424b-9868-57a2d4851a1d" relativeResultsDirectory="57c89144-0618-4b2c-b479-c65964cff167">
      <Output>
        <StdOut>Logging to custom path:\\CMP01-YKumar\AutoLog</StdOut>
        <TextMessages>
          <Message>
            [5/9/2018 7:23:33 PM]&lt;STARTLOG&gt;&lt;ProductPageImageGalleryLocationsAndVideos&gt;Test Started: Expecting: #PASS=Undefined and #FAIL=0
            Running from MTM=True, running on machine name:CMP01-INDIASQA, user name=ykumar, OS=Microsoft Windows NT 6.1.7601 Service Pack 1, Is64BitOS=True
          </Message>
          <Message>[5/9/2018 7:23:34 PM]&lt;INFO&gt;LogCPUAndMemoryUsage: Available Memory = 24053(MB), CPU Usage = 19.93456%</Message>
          <Message>[5/9/2018 7:23:34 PM]&lt;INFO&gt;Private Working Set for QTAgent32_40, usage=374784 (K)</Message>
          <Message>[5/9/2018 7:23:34 PM]&lt;INFO&gt;Path To TestConfig xml=E:\LoadTestResult\VSEQT\QTAgent\26924\CMP01-INDIASQA.horizonhobby.com\Deployment\SharedCommonConfig.xml</Message>
          <Message>[5/9/2018 7:23:34 PM]&lt;INFO&gt;Path To TestData xml=E:\LoadTestResult\VSEQT\QTAgent\26924\CMP01-INDIASQA.horizonhobby.com\Deployment\ProductPageTestData_192333.xml</Message>
          <Message>[5/9/2018 7:23:34 PM]&lt;INFO&gt;Path To HorizonHobbyQA Application Url=https://www-tst.horizonhobby.com</Message>
          <Message>[5/9/2018 7:23:34 PM]&lt;INFO&gt;HorizonHobbyQA sql connection string=Server=cmp02-ws-tst-db01:50000;Database=TST01DB;UID=wcdbuser;PWD=h0r1z0n;Connect Timeout=30</Message>
          <Message>[5/9/2018 7:23:34 PM]&lt;INFO&gt;Country is := US and language id is := '-1'</Message>
          <Message>[5/9/2018 7:23:34 PM]&lt;INFO&gt;Current browser used for test execution is = 'IE'</Message>
          <Message>[5/9/2018 7:23:38 PM]&lt;Info&gt;AllBrowserWindow : Locating browser window...</Message>
          <Message>[5/9/2018 7:23:50 PM]&lt;INFO&gt;SearchProductexecuting ... Searching term:= 'EVOE735'</Message>
          <Message>[5/9/2018 7:23:57 PM]&lt;Info&gt;AllBrowserWindow : Locating browser window...</Message>
          <Message>[5/9/2018 7:24:13 PM]&lt;PASS&gt;&lt;ProductPageImageGalleryLocationsAndVideos&gt;&lt;No more than 6 image exists.&gt;</Message>
          <Message>[5/9/2018 7:24:13 PM]&lt;PASS&gt;&lt;ProductPageImageGalleryLocationsAndVideos&gt;&lt;No more than 2 videos exists&gt;</Message>
          <Message>[5/9/2018 7:24:13 PM]&lt;PASS&gt;&lt;ProductPageImageGalleryLocationsAndVideos&gt;&lt;No more than 1 360 degree view link exists&gt;</Message>
          <Message>[5/9/2018 7:24:17 PM]&lt;INFO&gt;SearchProductexecuting ... Searching term:= 'MID7006'</Message>
          <Message>[5/9/2018 7:24:22 PM]&lt;Info&gt;AllBrowserWindow : Locating browser window...</Message>
          <Message>[5/9/2018 7:24:24 PM]&lt;PASS&gt;&lt;ProductPageImageGalleryLocationsAndVideos&gt;&lt;Single product image exists&gt;</Message>
          <Message>[5/9/2018 7:24:30 PM]&lt;PASS&gt;&lt;ProductPageImageGalleryLocationsAndVideos&gt;&lt;No videos exists for the product&gt;</Message>
          <Message>[5/9/2018 7:24:38 PM]&lt;PASS&gt;&lt;ProductPageImageGalleryLocationsAndVideos&gt;&lt;No 360 view link exists&gt;</Message>
          <Message>[5/9/2018 7:24:38 PM]&lt;RESULT&gt;Test Ended:#PASS=6, #FAIL=0</Message>
          <Message>[5/9/2018 7:24:39 PM]&lt;INFO&gt;LogCPUAndMemoryUsage: Available Memory = 24174(MB), CPU Usage = 14.39446%</Message>
          <Message>[5/9/2018 7:24:39 PM]&lt;INFO&gt;Private Working Set for QTAgent32_40, usage=365536 (K)</Message>
          <Message>[5/9/2018 7:24:39 PM]&lt;RESULT&gt;&lt;ProductPageImageGalleryLocationsAndVideos&gt; Test PASSED</Message>
        </TextMessages>
      </Output>
      <ResultFiles>
        <ResultFile path="CMP01-INDIASQA.horizonhobby.com\ProductPageImageGalleryLocationsAndVideos_20180509192333.log" />
        <ResultFile path="CMP01-INDIASQA.horizonhobby.com\ProductPageImageGalleryLocationsAndVideos_ResultsONLY_20180509192333.log" />
        <ResultFile path="CMP01-INDIASQA.horizonhobby.com\ProductPageTestData_192333.xml" />
        <ResultFile path="CMP01-INDIASQA.horizonhobby.com\SharedCommonConfig.xml" />
      </ResultFiles>
    </UnitTestResult>
    <UnitTestResult executionId="8b83a9d9-25c7-48f1-b486-9f312220a5b3" testId="5e920f42-d5c3-6f80-a5b5-93855a29ecaa" testName="GlobalSettingsHeaderSocialMediaIcons" computerName="CMP01-INDIASQA" duration="00:01:55.7919242" startTime="2018-05-09T19:24:41.1898797-05:00" endTime="2018-05-09T19:26:36.9998797-05:00" testType="13cdc9d9-ddb5-4fa4-a97d-d965ccfc6d4b" outcome="Passed" testListId="8c84fa94-04c1-424b-9868-57a2d4851a1d" relativeResultsDirectory="8b83a9d9-25c7-48f1-b486-9f312220a5b3">
      <Output>
        <StdOut>Logging to custom path:\\CMP01-YKumar\AutoLog</StdOut>
        <TextMessages>
          <Message>
            [5/9/2018 7:24:41 PM]&lt;STARTLOG&gt;&lt;GlobalSettingsHeaderSocialMediaIcons&gt;Test Started: Expecting: #PASS=Undefined and #FAIL=0
            Running from MTM=True, running on machine name:CMP01-INDIASQA, user name=ykumar, OS=Microsoft Windows NT 6.1.7601 Service Pack 1, Is64BitOS=True
          </Message>
          <Message>[5/9/2018 7:24:42 PM]&lt;INFO&gt;LogCPUAndMemoryUsage: Available Memory = 24268(MB), CPU Usage = 16.72015%</Message>
          <Message>[5/9/2018 7:24:42 PM]&lt;INFO&gt;Private Working Set for QTAgent32_40, usage=365832 (K)</Message>
          <Message>[5/9/2018 7:24:42 PM]&lt;INFO&gt;Path To TestConfig xml=E:\LoadTestResult\VSEQT\QTAgent\26924\CMP01-INDIASQA.horizonhobby.com\Deployment\SharedCommonConfig.xml</Message>
          <Message>[5/9/2018 7:24:42 PM]&lt;INFO&gt;Path To TestData xml=E:\LoadTestResult\VSEQT\QTAgent\26924\CMP01-INDIASQA.horizonhobby.com\Deployment\GlobalSettingsTestData_192441.xml</Message>
          <Message>[5/9/2018 7:24:42 PM]&lt;INFO&gt;Path To HorizonHobbyQA Application Url=https://www-tst.horizonhobby.com</Message>
          <Message>[5/9/2018 7:24:42 PM]&lt;INFO&gt;HorizonHobbyQA sql connection string=Server=cmp02-ws-tst-db01:50000;Database=TST01DB;UID=wcdbuser;PWD=h0r1z0n;Connect Timeout=30</Message>
          <Message>[5/9/2018 7:24:42 PM]&lt;INFO&gt;Country is := US and language id is := '-1'</Message>
          <Message>[5/9/2018 7:24:42 PM]&lt;INFO&gt;Current browser used for test execution is = 'IE'</Message>
          <Message>[5/9/2018 7:24:45 PM]&lt;Info&gt;AllBrowserWindow : Locating browser window...</Message>
          <Message>[5/9/2018 7:24:46 PM]&lt;PASS&gt;&lt;GlobalSettingsHeaderSocialMediaIcons&gt;&lt; Validates social icon section exists &gt;</Message>
          <Message>[5/9/2018 7:24:47 PM]&lt;PASS&gt;&lt;GlobalSettingsHeaderSocialMediaIcons&gt;&lt; Validates social icon link https://www.facebook.com/horizonhobby exists &gt;</Message>
          <Message>
            [5/9/2018 7:24:47 PM]&lt;INFO&gt;MouseClick: uiMenuItemTestControl.FindMatchingControls().Count() exception.No search information has been specified. To search for a control, you must specify one or more search properties or filter properties.
            Parameter name: SearchProperties
          </Message>
          <Message>[5/9/2018 7:25:12 PM]&lt;PASS&gt;&lt;GlobalSettingsHeaderSocialMediaIcons&gt;&lt; Validates on clicking on social icon Horizon Hobby's Horizon Hobby page appears &gt;</Message>
          <Message>[5/9/2018 7:25:15 PM]&lt;Info&gt;AllBrowserWindow : Locating browser window...</Message>
          <Message>[5/9/2018 7:25:15 PM]&lt;PASS&gt;&lt;GlobalSettingsHeaderSocialMediaIcons&gt;&lt; Validates social icon link https://www.youtube.com/user/horizonrcdotcom exists &gt;</Message>
          <Message>
            [5/9/2018 7:25:15 PM]&lt;INFO&gt;MouseClick: uiMenuItemTestControl.FindMatchingControls().Count() exception.No search information has been specified. To search for a control, you must specify one or more search properties or filter properties.
            Parameter name: SearchProperties
          </Message>
          <Message>[5/9/2018 7:25:40 PM]&lt;PASS&gt;&lt;GlobalSettingsHeaderSocialMediaIcons&gt;&lt; Validates on clicking on social icon Horizon Hobby's Horizon Hobby - YouTube page appears &gt;</Message>
          <Message>[5/9/2018 7:25:43 PM]&lt;Info&gt;AllBrowserWindow : Locating browser window...</Message>
          <Message>[5/9/2018 7:25:43 PM]&lt;PASS&gt;&lt;GlobalSettingsHeaderSocialMediaIcons&gt;&lt; Validates social icon link https://twitter.com/horizon_hobby exists &gt;</Message>
          <Message>
            [5/9/2018 7:25:43 PM]&lt;INFO&gt;MouseClick: uiMenuItemTestControl.FindMatchingControls().Count() exception.No search information has been specified. To search for a control, you must specify one or more search properties or filter properties.
            Parameter name: SearchProperties
          </Message>
          <Message>[5/9/2018 7:25:46 PM]&lt;PASS&gt;&lt;GlobalSettingsHeaderSocialMediaIcons&gt;&lt; Validates on clicking on social icon Horizon Hobby's Horizon Hobby (@Horizon_Hobby) | Twitter page appears &gt;</Message>
          <Message>[5/9/2018 7:25:49 PM]&lt;Info&gt;AllBrowserWindow : Locating browser window...</Message>
          <Message>[5/9/2018 7:25:50 PM]&lt;PASS&gt;&lt;GlobalSettingsHeaderSocialMediaIcons&gt;&lt; Validates social icon link https://www.snapchat.com/add/meethorizon exists &gt;</Message>
          <Message>
            [5/9/2018 7:25:50 PM]&lt;INFO&gt;MouseClick: uiMenuItemTestControl.FindMatchingControls().Count() exception.No search information has been specified. To search for a control, you must specify one or more search properties or filter properties.
            Parameter name: SearchProperties
          </Message>
          <Message>[5/9/2018 7:26:14 PM]&lt;PASS&gt;&lt;GlobalSettingsHeaderSocialMediaIcons&gt;&lt; Validates on clicking on social icon Horizon Hobby's Add me on Snapchat! page appears &gt;</Message>
          <Message>[5/9/2018 7:26:17 PM]&lt;Info&gt;AllBrowserWindow : Locating browser window...</Message>
          <Message>[5/9/2018 7:26:17 PM]&lt;PASS&gt;&lt;GlobalSettingsHeaderSocialMediaIcons&gt;&lt; Validates social icon link https://www.instagram.com/horizon_hobby/ exists &gt;</Message>
          <Message>
            [5/9/2018 7:26:17 PM]&lt;INFO&gt;MouseClick: uiMenuItemTestControl.FindMatchingControls().Count() exception.No search information has been specified. To search for a control, you must specify one or more search properties or filter properties.
            Parameter name: SearchProperties
          </Message>
          <Message>[5/9/2018 7:26:30 PM]&lt;PASS&gt;&lt;GlobalSettingsHeaderSocialMediaIcons&gt;&lt; Validates on clicking on social icon Horizon Hobby's Horizon Hobby, LLC (@horizon_hobby) • Instagram photos and videos page appears &gt;</Message>
          <Message>[5/9/2018 7:26:33 PM]&lt;Info&gt;AllBrowserWindow : Locating browser window...</Message>
          <Message>[5/9/2018 7:26:33 PM]&lt;RESULT&gt;Test Ended:#PASS=11, #FAIL=0</Message>
          <Message>[5/9/2018 7:26:34 PM]&lt;INFO&gt;LogCPUAndMemoryUsage: Available Memory = 24142(MB), CPU Usage = 0.35436%</Message>
          <Message>[5/9/2018 7:26:34 PM]&lt;INFO&gt;Private Working Set for QTAgent32_40, usage=369716 (K)</Message>
          <Message>[5/9/2018 7:26:34 PM]&lt;RESULT&gt;&lt;GlobalSettingsHeaderSocialMediaIcons&gt; Test PASSED</Message>
        </TextMessages>
      </Output>
      <ResultFiles>
        <ResultFile path="CMP01-INDIASQA.horizonhobby.com\GlobalSettingsHeaderSocialMediaIcons_20180509192441.log" />
        <ResultFile path="CMP01-INDIASQA.horizonhobby.com\GlobalSettingsHeaderSocialMediaIcons_ResultsONLY_20180509192441.log" />
        <ResultFile path="CMP01-INDIASQA.horizonhobby.com\GlobalSettingsTestData_192441.xml" />
        <ResultFile path="CMP01-INDIASQA.horizonhobby.com\SharedCommonConfig.xml" />
      </ResultFiles>
    </UnitTestResult>
    <UnitTestResult executionId="1ef65c40-2963-432d-ba14-de7fe35324d4" testId="35146bf4-2588-4bae-7c60-d63e5aa4e3b5" testName="ProductPageTabCategories" computerName="CMP01-INDIASQA" duration="00:01:13.1977837" startTime="2018-05-09T19:26:37.0018797-05:00" endTime="2018-05-09T19:27:50.2288797-05:00" testType="13cdc9d9-ddb5-4fa4-a97d-d965ccfc6d4b" outcome="Passed" testListId="8c84fa94-04c1-424b-9868-57a2d4851a1d" relativeResultsDirectory="1ef65c40-2963-432d-ba14-de7fe35324d4">
      <Output>
        <StdOut>Logging to custom path:\\CMP01-YKumar\AutoLog</StdOut>
        <TextMessages>
          <Message>
            [5/9/2018 7:26:37 PM]&lt;STARTLOG&gt;&lt;ProductPageTabCategories&gt;Test Started: Expecting: #PASS=Undefined and #FAIL=0
            Running from MTM=True, running on machine name:CMP01-INDIASQA, user name=ykumar, OS=Microsoft Windows NT 6.1.7601 Service Pack 1, Is64BitOS=True
          </Message>
          <Message>[5/9/2018 7:26:38 PM]&lt;INFO&gt;LogCPUAndMemoryUsage: Available Memory = 24405(MB), CPU Usage = 9.025394%</Message>
          <Message>[5/9/2018 7:26:38 PM]&lt;INFO&gt;Private Working Set for QTAgent32_40, usage=369672 (K)</Message>
          <Message>[5/9/2018 7:26:38 PM]&lt;INFO&gt;Path To TestConfig xml=E:\LoadTestResult\VSEQT\QTAgent\26924\CMP01-INDIASQA.horizonhobby.com\Deployment\SharedCommonConfig.xml</Message>
          <Message>[5/9/2018 7:26:38 PM]&lt;INFO&gt;Path To TestData xml=E:\LoadTestResult\VSEQT\QTAgent\26924\CMP01-INDIASQA.horizonhobby.com\Deployment\ProductPageTestData_192637.xml</Message>
          <Message>[5/9/2018 7:26:38 PM]&lt;INFO&gt;Path To HorizonHobbyQA Application Url=https://www-tst.horizonhobby.com</Message>
          <Message>[5/9/2018 7:26:38 PM]&lt;INFO&gt;HorizonHobbyQA sql connection string=Server=cmp02-ws-tst-db01:50000;Database=TST01DB;UID=wcdbuser;PWD=h0r1z0n;Connect Timeout=30</Message>
          <Message>[5/9/2018 7:26:38 PM]&lt;INFO&gt;Country is := US and language id is := '-1'</Message>
          <Message>[5/9/2018 7:26:38 PM]&lt;INFO&gt;Current browser used for test execution is = 'IE'</Message>
          <Message>[5/9/2018 7:26:41 PM]&lt;Info&gt;AllBrowserWindow : Locating browser window...</Message>
          <Message>[5/9/2018 7:26:41 PM]&lt;INFO&gt;GetProductWithPartsAndListingAndCompletionGuide executing... </Message>
          <Message>[5/9/2018 7:26:41 PM]&lt;INFO&gt;SearchProductexecuting ... Searching term:= 'EFL4625'</Message>
          <Message>[5/9/2018 7:26:48 PM]&lt;Info&gt;AllBrowserWindow : Locating browser window...</Message>
          <Message>[5/9/2018 7:26:54 PM]&lt;PASS&gt;&lt;ProductPageTabCategories&gt;&lt;Validates Overview tab exists&gt;</Message>
          <Message>[5/9/2018 7:26:54 PM]&lt;PASS&gt;&lt;ProductPageTabCategories&gt;&lt;Validates Specs tab exists&gt;</Message>
          <Message>[5/9/2018 7:26:54 PM]&lt;PASS&gt;&lt;ProductPageTabCategories&gt;&lt;Validates Review tab exists&gt;</Message>
          <Message>[5/9/2018 7:26:54 PM]&lt;PASS&gt;&lt;ProductPageTabCategories&gt;&lt;Validates Q &amp; A tab exists&gt;</Message>
          <Message>[5/9/2018 7:26:55 PM]&lt;PASS&gt;&lt;ProductPageTabCategories&gt;&lt;Validates Parts And Accessories tab exists&gt;</Message>
          <Message>[5/9/2018 7:26:57 PM]&lt;PASS&gt;&lt;ProductPageTabCategories&gt;&lt;Validates Manuals And Support tab exists&gt;</Message>
          <Message>[5/9/2018 7:26:57 PM]&lt;PASS&gt;&lt;ProductPageTabCategories&gt;&lt;Validates Completion Guide tab exists&gt;</Message>
          <Message>[5/9/2018 7:26:57 PM]&lt;INFO&gt;GetProductWithPartsAndListingAndCompletionGuide executing... </Message>
          <Message>[5/9/2018 7:26:59 PM]&lt;INFO&gt;SearchProductexecuting ... Searching term:= 'HAN4101'</Message>
          <Message>[5/9/2018 7:27:06 PM]&lt;Info&gt;AllBrowserWindow : Locating browser window...</Message>
          <Message>[5/9/2018 7:27:29 PM]&lt;PASS&gt;&lt;ProductPageTabCategories&gt;&lt;Validates Overview tab exists&gt;</Message>
          <Message>[5/9/2018 7:27:29 PM]&lt;PASS&gt;&lt;ProductPageTabCategories&gt;&lt;Validates Review tab exists&gt;</Message>
          <Message>[5/9/2018 7:27:29 PM]&lt;PASS&gt;&lt;ProductPageTabCategories&gt;&lt;Validates Manuals And Support tab exists&gt;</Message>
          <Message>[5/9/2018 7:27:29 PM]&lt;PASS&gt;&lt;ProductPageTabCategories&gt;&lt;Validates Q &amp; A tab exists&gt;</Message>
          <Message>[5/9/2018 7:27:32 PM]&lt;PASS&gt;&lt;ProductPageTabCategories&gt;&lt;Validates Parts And Accessories tab does not exist&gt;</Message>
          <Message>[5/9/2018 7:27:39 PM]&lt;PASS&gt;&lt;ProductPageTabCategories&gt;&lt;Validates Completion Guide tab does not exist&gt;</Message>
          <Message>[5/9/2018 7:27:47 PM]&lt;PASS&gt;&lt;ProductPageTabCategories&gt;&lt;Validates Specs tab does not exist&gt;</Message>
          <Message>[5/9/2018 7:27:47 PM]&lt;RESULT&gt;Test Ended:#PASS=14, #FAIL=0</Message>
          <Message>[5/9/2018 7:27:48 PM]&lt;INFO&gt;LogCPUAndMemoryUsage: Available Memory = 24185(MB), CPU Usage = 3.08438%</Message>
          <Message>[5/9/2018 7:27:48 PM]&lt;INFO&gt;Private Working Set for QTAgent32_40, usage=366252 (K)</Message>
          <Message>[5/9/2018 7:27:48 PM]&lt;RESULT&gt;&lt;ProductPageTabCategories&gt; Test PASSED</Message>
        </TextMessages>
      </Output>
      <ResultFiles>
        <ResultFile path="CMP01-INDIASQA.horizonhobby.com\ProductPageTabCategories_20180509192637.log" />
        <ResultFile path="CMP01-INDIASQA.horizonhobby.com\ProductPageTabCategories_ResultsONLY_20180509192637.log" />
        <ResultFile path="CMP01-INDIASQA.horizonhobby.com\ProductPageTestData_192637.xml" />
        <ResultFile path="CMP01-INDIASQA.horizonhobby.com\SharedCommonConfig.xml" />
      </ResultFiles>
    </UnitTestResult>
    <UnitTestResult executionId="7fc48c89-f9e0-4698-8447-998cbba91fb9" testId="6b91af23-f7ec-67ca-3477-65d2d40fa758" testName="ProductPageFreeShipping" computerName="CMP01-INDIASQA" duration="00:01:11.6114421" startTime="2018-05-09T19:27:50.2318797-05:00" endTime="2018-05-09T19:29:01.8708797-05:00" testType="13cdc9d9-ddb5-4fa4-a97d-d965ccfc6d4b" outcome="Passed" testListId="8c84fa94-04c1-424b-9868-57a2d4851a1d" relativeResultsDirectory="7fc48c89-f9e0-4698-8447-998cbba91fb9">
      <Output>
        <StdOut>Logging to custom path:\\CMP01-YKumar\AutoLog</StdOut>
        <TextMessages>
          <Message>
            [5/9/2018 7:27:50 PM]&lt;STARTLOG&gt;&lt;ProductPageFreeShipping&gt;Test Started: Expecting: #PASS=Undefined and #FAIL=0
            Running from MTM=True, running on machine name:CMP01-INDIASQA, user name=ykumar, OS=Microsoft Windows NT 6.1.7601 Service Pack 1, Is64BitOS=True
          </Message>
          <Message>[5/9/2018 7:27:51 PM]&lt;INFO&gt;LogCPUAndMemoryUsage: Available Memory = 24282(MB), CPU Usage = 17.67912%</Message>
          <Message>[5/9/2018 7:27:51 PM]&lt;INFO&gt;Private Working Set for QTAgent32_40, usage=366472 (K)</Message>
          <Message>[5/9/2018 7:27:51 PM]&lt;INFO&gt;Path To TestConfig xml=E:\LoadTestResult\VSEQT\QTAgent\26924\CMP01-INDIASQA.horizonhobby.com\Deployment\SharedCommonConfig.xml</Message>
          <Message>[5/9/2018 7:27:51 PM]&lt;INFO&gt;Path To TestData xml=E:\LoadTestResult\VSEQT\QTAgent\26924\CMP01-INDIASQA.horizonhobby.com\Deployment\ProductPageTestData_192750.xml</Message>
          <Message>[5/9/2018 7:27:51 PM]&lt;INFO&gt;Path To HorizonHobbyQA Application Url=https://www-tst.horizonhobby.com</Message>
          <Message>[5/9/2018 7:27:51 PM]&lt;INFO&gt;HorizonHobbyQA sql connection string=Server=cmp02-ws-tst-db01:50000;Database=TST01DB;UID=wcdbuser;PWD=h0r1z0n;Connect Timeout=30</Message>
          <Message>[5/9/2018 7:27:51 PM]&lt;INFO&gt;Country is := US and language id is := '-1'</Message>
          <Message>[5/9/2018 7:27:51 PM]&lt;INFO&gt;Current browser used for test execution is = 'IE'</Message>
          <Message>[5/9/2018 7:27:55 PM]&lt;Info&gt;AllBrowserWindow : Locating browser window...</Message>
          <Message>[5/9/2018 7:27:59 PM]&lt;INFO&gt;SearchProductexecuting ... Searching term:= 'TRA3159'</Message>
          <Message>[5/9/2018 7:28:06 PM]&lt;Info&gt;AllBrowserWindow : Locating browser window...</Message>
          <Message>[5/9/2018 7:28:08 PM]&lt;PASS&gt;&lt;ProductPageFreeShipping&gt;&lt;Validates free shipping message contains 'Free Shipping on orders over'&gt;</Message>
          <Message>[5/9/2018 7:28:08 PM]&lt;PASS&gt;&lt;ProductPageFreeShipping&gt;&lt;Validates Learn More link exists&gt;</Message>
          <Message>[5/9/2018 7:28:11 PM]&lt;INFO&gt;SearchProductexecuting ... Searching term:= 'FSV2412'</Message>
          <Message>[5/9/2018 7:28:26 PM]&lt;Info&gt;AllBrowserWindow : Locating browser window...</Message>
          <Message>[5/9/2018 7:28:27 PM]&lt;PASS&gt;&lt;ProductPageFreeShipping&gt;&lt;Validates free shipping message contains 'Free Shipping on orders over'&gt;</Message>
          <Message>[5/9/2018 7:28:27 PM]&lt;PASS&gt;&lt;ProductPageFreeShipping&gt;&lt;Validates Learn More link exists&gt;</Message>
          <Message>[5/9/2018 7:28:31 PM]&lt;INFO&gt;SearchProductexecuting ... Searching term:= 'Half Shafts, HD: Telluride'</Message>
          <Message>[5/9/2018 7:28:46 PM]&lt;Info&gt;AllBrowserWindow : Locating browser window...</Message>
          <Message>[5/9/2018 7:28:51 PM]&lt;Info&gt;AllBrowserWindow : Locating browser window...</Message>
          <Message>[5/9/2018 7:28:58 PM]&lt;PASS&gt;&lt;ProductPageFreeShipping&gt;&lt;Validates free shipping message does not appear&gt;</Message>
          <Message>[5/9/2018 7:28:58 PM]&lt;RESULT&gt;Test Ended:#PASS=5, #FAIL=0</Message>
          <Message>[5/9/2018 7:28:59 PM]&lt;INFO&gt;LogCPUAndMemoryUsage: Available Memory = 24182(MB), CPU Usage = 3.66939%</Message>
          <Message>[5/9/2018 7:28:59 PM]&lt;INFO&gt;Private Working Set for QTAgent32_40, usage=366140 (K)</Message>
          <Message>[5/9/2018 7:28:59 PM]&lt;RESULT&gt;&lt;ProductPageFreeShipping&gt; Test PASSED</Message>
        </TextMessages>
      </Output>
      <ResultFiles>
        <ResultFile path="CMP01-INDIASQA.horizonhobby.com\ProductPageFreeShipping_20180509192750.log" />
        <ResultFile path="CMP01-INDIASQA.horizonhobby.com\ProductPageFreeShipping_ResultsONLY_20180509192750.log" />
        <ResultFile path="CMP01-INDIASQA.horizonhobby.com\ProductPageTestData_192750.xml" />
        <ResultFile path="CMP01-INDIASQA.horizonhobby.com\SharedCommonConfig.xml" />
      </ResultFiles>
    </UnitTestResult>
    <UnitTestResult executionId="890fda6a-5752-4730-8b6a-4a98bc772c51" testId="f66d4e76-e499-dafa-1fb1-431fd3c915f6" testName="CartGiftWrapOptionAppearsOnlyForEligible" computerName="CMP01-INDIASQA" duration="00:02:31.8945850" startTime="2018-05-09T19:29:01.8728797-05:00" endTime="2018-05-09T19:31:34.0828797-05:00" testType="13cdc9d9-ddb5-4fa4-a97d-d965ccfc6d4b" outcome="Passed" testListId="8c84fa94-04c1-424b-9868-57a2d4851a1d" relativeResultsDirectory="890fda6a-5752-4730-8b6a-4a98bc772c51">
      <Output>
        <StdOut>Logging to custom path:\\CMP01-YKumar\AutoLog</StdOut>
        <TextMessages>
          <Message>
            [5/9/2018 7:29:02 PM]&lt;STARTLOG&gt;&lt;CartGiftWrapOptionAppearsOnlyForEligible&gt;Test Started: Expecting: #PASS=Undefined and #FAIL=0
            Running from MTM=True, running on machine name:CMP01-INDIASQA, user name=ykumar, OS=Microsoft Windows NT 6.1.7601 Service Pack 1, Is64BitOS=True
          </Message>
          <Message>[5/9/2018 7:29:04 PM]&lt;INFO&gt;LogCPUAndMemoryUsage: Available Memory = 24406(MB), CPU Usage = 16.03842%</Message>
          <Message>[5/9/2018 7:29:04 PM]&lt;INFO&gt;Private Working Set for QTAgent32_40, usage=369088 (K)</Message>
          <Message>[5/9/2018 7:29:04 PM]&lt;INFO&gt;Path To TestConfig xml=E:\LoadTestResult\VSEQT\QTAgent\26924\CMP01-INDIASQA.horizonhobby.com\Deployment\SharedCommonConfig.xml</Message>
          <Message>[5/9/2018 7:29:04 PM]&lt;INFO&gt;Path To TestData xml=E:\LoadTestResult\VSEQT\QTAgent\26924\CMP01-INDIASQA.horizonhobby.com\Deployment\CartDisplayTestData_192902.xml</Message>
          <Message>[5/9/2018 7:29:04 PM]&lt;INFO&gt;Path To HorizonHobbyQA Application Url=https://www-tst.horizonhobby.com</Message>
          <Message>[5/9/2018 7:29:04 PM]&lt;INFO&gt;HorizonHobbyQA sql connection string=Server=cmp02-ws-tst-db01:50000;Database=TST01DB;UID=wcdbuser;PWD=h0r1z0n;Connect Timeout=30</Message>
          <Message>[5/9/2018 7:29:04 PM]&lt;INFO&gt;Country is := US and language id is := '-1'</Message>
          <Message>[5/9/2018 7:29:04 PM]&lt;INFO&gt;Current browser used for test execution is = 'IE'</Message>
          <Message>[5/9/2018 7:29:07 PM]&lt;Info&gt;AllBrowserWindow : Locating browser window...</Message>
          <Message>[5/9/2018 7:29:08 PM]&lt;INFO&gt;GetSearchProductOnAttributeValue executing... </Message>
          <Message>[5/9/2018 7:29:08 PM]&lt;INFO&gt;GetSearchProductOnAttributeValue executing... </Message>
          <Message>[5/9/2018 7:29:08 PM]&lt;INFO&gt;GetSearchProductOnAttributeValue executing... </Message>
          <Message>[5/9/2018 7:29:08 PM]&lt;INFO&gt;GetSearchProductOnAttributeValue executing... </Message>
          <Message>[5/9/2018 7:29:08 PM]&lt;INFO&gt;GetSearchProductOnAttributeValue executing... </Message>
          <Message>[5/9/2018 7:29:12 PM]&lt;INFO&gt;SearchProductexecuting ... Searching term:= 'HBZ5458'</Message>
          <Message>[5/9/2018 7:29:18 PM]&lt;Info&gt;AllBrowserWindow : Locating browser window...</Message>
          <Message>[5/9/2018 7:29:41 PM]&lt;INFO&gt;BackOrderClickexecuting ...</Message>
          <Message>[5/9/2018 7:29:44 PM]&lt;INFO&gt;GoToCartClickexecuting ...</Message>
          <Message>[5/9/2018 7:29:50 PM]&lt;Info&gt;AllBrowserWindow : Locating browser window...</Message>
          <Message>[5/9/2018 7:30:01 PM]&lt;PASS&gt;&lt;CartGiftWrapOptionAppearsOnlyForEligible&gt;&lt;Cart gift wrap option should appear for product GPS Unit  Champ S+ HBZ5458&gt;</Message>
          <Message>[5/9/2018 7:30:07 PM]&lt;INFO&gt;SearchProductexecuting ... Searching term:= 'RC4ZQ0018'</Message>
          <Message>[5/9/2018 7:30:14 PM]&lt;Info&gt;AllBrowserWindow : Locating browser window...</Message>
          <Message>[5/9/2018 7:30:16 PM]&lt;INFO&gt;BackOrderClickexecuting ...</Message>
          <Message>[5/9/2018 7:30:18 PM]&lt;INFO&gt;GoToCartClickexecuting ...</Message>
          <Message>[5/9/2018 7:30:25 PM]&lt;Info&gt;AllBrowserWindow : Locating browser window...</Message>
          <Message>[5/9/2018 7:30:44 PM]&lt;PASS&gt;&lt;CartGiftWrapOptionAppearsOnlyForEligible&gt;&lt;Cart gift wrap option should not appear for product Humvee Single 1.9 Internal Beadlock Wheel (1) RC4ZQ0018&gt;</Message>
          <Message>[5/9/2018 7:30:50 PM]&lt;INFO&gt;SearchProductexecuting ... Searching term:= 'EVOG1250101'</Message>
          <Message>[5/9/2018 7:30:57 PM]&lt;Info&gt;AllBrowserWindow : Locating browser window...</Message>
          <Message>[5/9/2018 7:30:59 PM]&lt;INFO&gt;BackOrderClickexecuting ...</Message>
          <Message>[5/9/2018 7:31:01 PM]&lt;INFO&gt;GoToCartClickexecuting ...</Message>
          <Message>[5/9/2018 7:31:08 PM]&lt;Info&gt;AllBrowserWindow : Locating browser window...</Message>
          <Message>[5/9/2018 7:31:27 PM]&lt;PASS&gt;&lt;CartGiftWrapOptionAppearsOnlyForEligible&gt;&lt;Cart gift wrap option should not appear for product Crankshaft Assemblly with Connecting Rods 125GX EVOG1250101&gt;</Message>
          <Message>[5/9/2018 7:31:30 PM]&lt;RESULT&gt;Test Ended:#PASS=3, #FAIL=0</Message>
          <Message>[5/9/2018 7:31:31 PM]&lt;INFO&gt;LogCPUAndMemoryUsage: Available Memory = 24158(MB), CPU Usage = 11.36307%</Message>
          <Message>[5/9/2018 7:31:31 PM]&lt;INFO&gt;Private Working Set for QTAgent32_40, usage=380328 (K)</Message>
          <Message>[5/9/2018 7:31:31 PM]&lt;RESULT&gt;&lt;CartGiftWrapOptionAppearsOnlyForEligible&gt; Test PASSED</Message>
        </TextMessages>
      </Output>
      <ResultFiles>
        <ResultFile path="CMP01-INDIASQA.horizonhobby.com\CartDisplayTestData_192902.xml" />
        <ResultFile path="CMP01-INDIASQA.horizonhobby.com\CartGiftWrapOptionAppearsOnlyForEligible_20180509192902.log" />
        <ResultFile path="CMP01-INDIASQA.horizonhobby.com\CartGiftWrapOptionAppearsOnlyForEligible_ResultsONLY_20180509192902.log" />
        <ResultFile path="CMP01-INDIASQA.horizonhobby.com\SharedCommonConfig.xml" />
      </ResultFiles>
    </UnitTestResult>
    <UnitTestResult executionId="c959be36-35e5-430f-8819-2cd74830dfb0" testId="0137d3ce-6b4e-8f85-5f42-62353abf0180" testName="CartGiftWrapPopUpModalItemIdentification" computerName="CMP01-INDIASQA" duration="00:01:36.0839497" startTime="2018-05-09T19:31:34.0838797-05:00" endTime="2018-05-09T19:33:10.2048797-05:00" testType="13cdc9d9-ddb5-4fa4-a97d-d965ccfc6d4b" outcome="Failed" testListId="8c84fa94-04c1-424b-9868-57a2d4851a1d" relativeResultsDirectory="c959be36-35e5-430f-8819-2cd74830dfb0">
      <Output>
        <StdOut>Logging to custom path:\\CMP01-YKumar\AutoLog</StdOut>
        <ErrorInfo>
          <Message>
            Assert.Fail failed.
            Actual #FAIL=1, #Expected FAIL=0
            [Error details below]
            &lt;FAIL&gt;&lt;CartGiftWrapPopUpModalItemIdentification&gt;&lt;Remove gift wrap link does not appear&gt;.Assert.AreEqual failed. Expected:&lt;False&gt;. Actual:&lt;True&gt;.
            StackTrace:
            CartGiftWrapPopUpModalItemIdentification(),CartDisplay.cs,Line Number:2021
          </Message>
          <StackTrace>
            at TestAuto.LoggingAndSharedGenericMethods.EndTest() in c:\Builds\1\WebSphere\QATestAutomation\src\CodedUITest\SourceCode\Common\Logging\Logging.cs:line 1628
            at TestAuto.CartDisplayTest.TestCleanup() in c:\Builds\1\WebSphere\QATestAutomation\src\CodedUITest\SourceCode\HHobby\CartDisplay\CartDisplay.cs:line 5472
          </StackTrace>
        </ErrorInfo>
        <TextMessages>
          <Message>
            [5/9/2018 7:31:34 PM]&lt;STARTLOG&gt;&lt;CartGiftWrapPopUpModalItemIdentification&gt;Test Started: Expecting: #PASS=Undefined and #FAIL=0
            Running from MTM=True, running on machine name:CMP01-INDIASQA, user name=ykumar, OS=Microsoft Windows NT 6.1.7601 Service Pack 1, Is64BitOS=True
          </Message>
          <Message>[5/9/2018 7:31:35 PM]&lt;INFO&gt;LogCPUAndMemoryUsage: Available Memory = 24171(MB), CPU Usage = 17.98649%</Message>
          <Message>[5/9/2018 7:31:35 PM]&lt;INFO&gt;Private Working Set for QTAgent32_40, usage=380456 (K)</Message>
          <Message>[5/9/2018 7:31:35 PM]&lt;INFO&gt;Path To TestConfig xml=E:\LoadTestResult\VSEQT\QTAgent\26924\CMP01-INDIASQA.horizonhobby.com\Deployment\SharedCommonConfig.xml</Message>
          <Message>[5/9/2018 7:31:35 PM]&lt;INFO&gt;Path To TestData xml=E:\LoadTestResult\VSEQT\QTAgent\26924\CMP01-INDIASQA.horizonhobby.com\Deployment\CartDisplayTestData_193134.xml</Message>
          <Message>[5/9/2018 7:31:35 PM]&lt;INFO&gt;Path To HorizonHobbyQA Application Url=https://www-tst.horizonhobby.com</Message>
          <Message>[5/9/2018 7:31:35 PM]&lt;INFO&gt;HorizonHobbyQA sql connection string=Server=cmp02-ws-tst-db01:50000;Database=TST01DB;UID=wcdbuser;PWD=h0r1z0n;Connect Timeout=30</Message>
          <Message>[5/9/2018 7:31:35 PM]&lt;INFO&gt;Country is := US and language id is := '-1'</Message>
          <Message>[5/9/2018 7:31:35 PM]&lt;INFO&gt;Current browser used for test execution is = 'IE'</Message>
          <Message>[5/9/2018 7:31:39 PM]&lt;Info&gt;AllBrowserWindow : Locating browser window...</Message>
          <Message>[5/9/2018 7:31:42 PM]&lt;INFO&gt;SearchProductexecuting ... Searching term:= 'JCO0249'</Message>
          <Message>[5/9/2018 7:31:49 PM]&lt;Info&gt;AllBrowserWindow : Locating browser window...</Message>
          <Message>[5/9/2018 7:31:50 PM]&lt;INFO&gt;BackOrderClickexecuting ...</Message>
          <Message>[5/9/2018 7:31:51 PM]&lt;INFO&gt;GoToCartClickexecuting ...</Message>
          <Message>[5/9/2018 7:31:57 PM]&lt;Info&gt;AllBrowserWindow : Locating browser window...</Message>
          <Message>[5/9/2018 7:32:07 PM]&lt;INFO&gt;GetOrderTotalAmount : is executing ...</Message>
          <Message>[5/9/2018 7:32:12 PM]&lt;PASS&gt;&lt;CartGiftWrapPopUpModalItemIdentification&gt;&lt;Gift wrap modal window appears&gt;</Message>
          <Message>[5/9/2018 7:32:13 PM]&lt;PASS&gt;&lt;CartGiftWrapPopUpModalItemIdentification&gt;&lt;To: field appears&gt;</Message>
          <Message>[5/9/2018 7:32:13 PM]&lt;PASS&gt;&lt;CartGiftWrapPopUpModalItemIdentification&gt;&lt;giftWrapFrom field appears&gt;</Message>
          <Message>[5/9/2018 7:32:13 PM]&lt;PASS&gt;&lt;CartGiftWrapPopUpModalItemIdentification&gt;&lt;giftWrapComment field appears&gt;</Message>
          <Message>[5/9/2018 7:32:14 PM]&lt;PASS&gt;&lt;CartGiftWrapPopUpModalItemIdentification&gt;&lt;YES, GIFT WRAP THIS ITEM button appears&gt;</Message>
          <Message>[5/9/2018 7:32:14 PM]&lt;PASS&gt;&lt;CartGiftWrapPopUpModalItemIdentification&gt;&lt;Cancel Button exists&gt;</Message>
          <Message>[5/9/2018 7:32:16 PM]&lt;PASS&gt;&lt;CartGiftWrapPopUpModalItemIdentification&gt;&lt;Content is as expected&gt;</Message>
          <Message>[5/9/2018 7:32:22 PM]&lt;PASS&gt;&lt;CartGiftWrapPopUpModalItemIdentification&gt;&lt;Gift wrap modal window closed&gt;</Message>
          <Message>[5/9/2018 7:32:26 PM]&lt;PASS&gt;&lt;CartGiftWrapPopUpModalItemIdentification&gt;&lt;No gift wrap fee applied&gt;</Message>
          <Message>[5/9/2018 7:32:29 PM]&lt;PASS&gt;&lt;CartGiftWrapPopUpModalItemIdentification&gt;&lt;From field validation text appears&gt;</Message>
          <Message>[5/9/2018 7:32:33 PM]&lt;PASS&gt;&lt;CartGiftWrapPopUpModalItemIdentification&gt;&lt;To field validation text appears&gt;</Message>
          <Message>[5/9/2018 7:32:35 PM]&lt;PASS&gt;&lt;CartGiftWrapPopUpModalItemIdentification&gt;&lt;From field validation text appears&gt;</Message>
          <Message>[5/9/2018 7:32:35 PM]&lt;PASS&gt;&lt;CartGiftWrapPopUpModalItemIdentification&gt;&lt;To field validation text appears&gt;</Message>
          <Message>[5/9/2018 7:32:40 PM]&lt;Info&gt;AllBrowserWindow : Locating browser window...</Message>
          <Message>[5/9/2018 7:32:52 PM]&lt;PASS&gt;&lt;CartGiftWrapPopUpModalItemIdentification&gt;&lt;Remove gift wrap link appears&gt;</Message>
          <Message>[5/9/2018 7:32:52 PM]&lt;PASS&gt;&lt;CartGiftWrapPopUpModalItemIdentification&gt;&lt;View Message link appears&gt;</Message>
          <Message>[5/9/2018 7:32:53 PM]&lt;INFO&gt;GetOrderTotalAmount : is executing ...</Message>
          <Message>[5/9/2018 7:32:53 PM]&lt;PASS&gt;&lt;CartGiftWrapPopUpModalItemIdentification&gt;&lt;Order total amount has gift wrap fee added&gt;</Message>
          <Message>
            [5/9/2018 7:32:55 PM]&lt;FAIL&gt;&lt;CartGiftWrapPopUpModalItemIdentification&gt;&lt;Remove gift wrap link does not appear&gt;.Assert.AreEqual failed. Expected:&lt;False&gt;. Actual:&lt;True&gt;.
            StackTrace:
            CartGiftWrapPopUpModalItemIdentification(),CartDisplay.cs,Line Number:2021
          </Message>
          <Message>[5/9/2018 7:32:55 PM]&lt;CaptureImage&gt;\\CMP01-YKumar\AutoLog\CMP01-INDIASQA\CartGiftWrapPopUpModalItemIdentification_20180509193255.png</Message>
          <Message>[5/9/2018 7:33:06 PM]&lt;PASS&gt;&lt;CartGiftWrapPopUpModalItemIdentification&gt;&lt;View Message link does not appear&gt;</Message>
          <Message>[5/9/2018 7:33:06 PM]&lt;PASS&gt;&lt;CartGiftWrapPopUpModalItemIdentification&gt;&lt;Gift Wrap link appears again&gt;</Message>
          <Message>[5/9/2018 7:33:06 PM]&lt;INFO&gt;GetOrderTotalAmount : is executing ...</Message>
          <Message>[5/9/2018 7:33:07 PM]&lt;PASS&gt;&lt;CartGiftWrapPopUpModalItemIdentification&gt;&lt;Order total updated&gt;</Message>
          <Message>[5/9/2018 7:33:07 PM]&lt;RESULT&gt;Test Ended:#PASS=19, #FAIL=1</Message>
          <Message>[5/9/2018 7:33:08 PM]&lt;INFO&gt;LogCPUAndMemoryUsage: Available Memory = 24206(MB), CPU Usage = 17.90448%</Message>
          <Message>[5/9/2018 7:33:08 PM]&lt;INFO&gt;Private Working Set for QTAgent32_40, usage=378432 (K)</Message>
          <Message>[5/9/2018 7:33:08 PM]&lt;RESULT&gt;&lt;CartGiftWrapPopUpModalItemIdentification&gt; Test FAILED: Actual #FAIL=1, #Expected FAIL=0. See Error Message/logs for further details.</Message>
        </TextMessages>
      </Output>
      <ResultFiles>
        <ResultFile path="CMP01-INDIASQA.horizonhobby.com\CartDisplayTestData_193134.xml" />
        <ResultFile path="CMP01-INDIASQA.horizonhobby.com\CartGiftWrapPopUpModalItemIdentification_20180509193134.log" />
        <ResultFile path="CMP01-INDIASQA.horizonhobby.com\CartGiftWrapPopUpModalItemIdentification_20180509193255.png" />
        <ResultFile path="CMP01-INDIASQA.horizonhobby.com\CartGiftWrapPopUpModalItemIdentification_ResultsONLY_20180509193134.log" />
        <ResultFile path="CMP01-INDIASQA.horizonhobby.com\SharedCommonConfig.xml" />
      </ResultFiles>
    </UnitTestResult>
    <UnitTestResult executionId="b392040c-2db2-4a80-bd13-42a20083ad96" testId="93c246b1-88cd-0cdf-35a1-0b8cdea7e352" testName="ProductPageSocialMediaDisplay" computerName="CMP01-INDIASQA" duration="00:02:14.6870179" startTime="2018-05-09T19:33:10.2068797-05:00" endTime="2018-05-09T19:35:24.9218797-05:00" testType="13cdc9d9-ddb5-4fa4-a97d-d965ccfc6d4b" outcome="Passed" testListId="8c84fa94-04c1-424b-9868-57a2d4851a1d" relativeResultsDirectory="b392040c-2db2-4a80-bd13-42a20083ad96">
      <Output>
        <StdOut>Logging to custom path:\\CMP01-YKumar\AutoLog</StdOut>
        <TextMessages>
          <Message>
            [5/9/2018 7:33:10 PM]&lt;STARTLOG&gt;&lt;ProductPageSocialMediaDisplay&gt;Test Started: Expecting: #PASS=Undefined and #FAIL=0
            Running from MTM=True, running on machine name:CMP01-INDIASQA, user name=ykumar, OS=Microsoft Windows NT 6.1.7601 Service Pack 1, Is64BitOS=True
          </Message>
          <Message>[5/9/2018 7:33:11 PM]&lt;INFO&gt;LogCPUAndMemoryUsage: Available Memory = 24406(MB), CPU Usage = 13.50594%</Message>
          <Message>[5/9/2018 7:33:11 PM]&lt;INFO&gt;Private Working Set for QTAgent32_40, usage=378708 (K)</Message>
          <Message>[5/9/2018 7:33:11 PM]&lt;INFO&gt;Path To TestConfig xml=E:\LoadTestResult\VSEQT\QTAgent\26924\CMP01-INDIASQA.horizonhobby.com\Deployment\SharedCommonConfig.xml</Message>
          <Message>[5/9/2018 7:33:11 PM]&lt;INFO&gt;Path To TestData xml=E:\LoadTestResult\VSEQT\QTAgent\26924\CMP01-INDIASQA.horizonhobby.com\Deployment\ProductPageTestData_193310.xml</Message>
          <Message>[5/9/2018 7:33:11 PM]&lt;INFO&gt;Path To HorizonHobbyQA Application Url=https://www-tst.horizonhobby.com</Message>
          <Message>[5/9/2018 7:33:11 PM]&lt;INFO&gt;HorizonHobbyQA sql connection string=Server=cmp02-ws-tst-db01:50000;Database=TST01DB;UID=wcdbuser;PWD=h0r1z0n;Connect Timeout=30</Message>
          <Message>[5/9/2018 7:33:11 PM]&lt;INFO&gt;Country is := US and language id is := '-1'</Message>
          <Message>[5/9/2018 7:33:11 PM]&lt;INFO&gt;Current browser used for test execution is = 'IE'</Message>
          <Message>[5/9/2018 7:33:18 PM]&lt;Info&gt;AllBrowserWindow : Locating browser window...</Message>
          <Message>[5/9/2018 7:33:18 PM]&lt;INFO&gt;SearchProductexecuting ... Searching term:= 'SAI5628'</Message>
          <Message>[5/9/2018 7:33:25 PM]&lt;Info&gt;AllBrowserWindow : Locating browser window...</Message>
          <Message>[5/9/2018 7:33:40 PM]&lt;PASS&gt;&lt;ProductPageSocialMediaDisplay&gt;&lt;Facebook link exists&gt;</Message>
          <Message>[5/9/2018 7:33:40 PM]&lt;PASS&gt;&lt;ProductPageSocialMediaDisplay&gt;&lt;Twitter link exists&gt;</Message>
          <Message>[5/9/2018 7:33:40 PM]&lt;PASS&gt;&lt;ProductPageSocialMediaDisplay&gt;&lt;Google Bookmark link exists&gt;</Message>
          <Message>[5/9/2018 7:33:40 PM]&lt;PASS&gt;&lt;ProductPageSocialMediaDisplay&gt;&lt;Facebook like button exists&gt;</Message>
          <Message>[5/9/2018 7:33:41 PM]&lt;Info&gt;AllBrowserWindow : Locating browser window...</Message>
          <Message>[5/9/2018 7:34:44 PM]&lt;INFO&gt;ClickAcceptCookiesAgreement : failed executing ...</Message>
          <Message>[5/9/2018 7:34:47 PM]&lt;PASS&gt;&lt;ProductPageSocialMediaDisplay&gt;&lt;Facebook login screen appears for Like Button&gt;</Message>
          <Message>[5/9/2018 7:34:55 PM]&lt;Info&gt;AllBrowserWindow : Locating browser window...</Message>
          <Message>[5/9/2018 7:34:58 PM]&lt;PASS&gt;&lt;ProductPageSocialMediaDisplay&gt;&lt;Facebook login screen appears&gt;</Message>
          <Message>[5/9/2018 7:35:05 PM]&lt;Info&gt;AllBrowserWindow : Locating browser window...</Message>
          <Message>[5/9/2018 7:35:08 PM]&lt;PASS&gt;&lt;ProductPageSocialMediaDisplay&gt;&lt;Twitter login screen appears&gt;</Message>
          <Message>[5/9/2018 7:35:16 PM]&lt;Info&gt;AllBrowserWindow : Locating browser window...</Message>
          <Message>[5/9/2018 7:35:19 PM]&lt;PASS&gt;&lt;ProductPageSocialMediaDisplay&gt;&lt;Google Bookmarks login screen appears&gt;</Message>
          <Message>[5/9/2018 7:35:21 PM]&lt;RESULT&gt;Test Ended:#PASS=8, #FAIL=0</Message>
          <Message>[5/9/2018 7:35:22 PM]&lt;INFO&gt;LogCPUAndMemoryUsage: Available Memory = 24216(MB), CPU Usage = 6.492907%</Message>
          <Message>[5/9/2018 7:35:22 PM]&lt;INFO&gt;Private Working Set for QTAgent32_40, usage=380756 (K)</Message>
          <Message>[5/9/2018 7:35:22 PM]&lt;RESULT&gt;&lt;ProductPageSocialMediaDisplay&gt; Test PASSED</Message>
        </TextMessages>
      </Output>
      <ResultFiles>
        <ResultFile path="CMP01-INDIASQA.horizonhobby.com\ProductPageSocialMediaDisplay_20180509193310.log" />
        <ResultFile path="CMP01-INDIASQA.horizonhobby.com\ProductPageSocialMediaDisplay_ResultsONLY_20180509193310.log" />
        <ResultFile path="CMP01-INDIASQA.horizonhobby.com\ProductPageTestData_193310.xml" />
        <ResultFile path="CMP01-INDIASQA.horizonhobby.com\SharedCommonConfig.xml" />
      </ResultFiles>
    </UnitTestResult>
    <UnitTestResult executionId="9f0f9f39-b193-473f-93ac-21ac4fd85fc2" testId="09afe67e-11bc-f89b-e574-756c9a072bc5" testName="CartItemRemovalGiftWrappedItems" computerName="CMP01-INDIASQA" duration="00:01:28.4596724" startTime="2018-05-09T19:35:24.9238797-05:00" endTime="2018-05-09T19:36:53.4118797-05:00" testType="13cdc9d9-ddb5-4fa4-a97d-d965ccfc6d4b" outcome="Passed" testListId="8c84fa94-04c1-424b-9868-57a2d4851a1d" relativeResultsDirectory="9f0f9f39-b193-473f-93ac-21ac4fd85fc2">
      <Output>
        <StdOut>Logging to custom path:\\CMP01-YKumar\AutoLog</StdOut>
        <TextMessages>
          <Message>
            [5/9/2018 7:35:24 PM]&lt;STARTLOG&gt;&lt;CartItemRemovalGiftWrappedItems&gt;Test Started: Expecting: #PASS=Undefined and #FAIL=0
            Running from MTM=True, running on machine name:CMP01-INDIASQA, user name=ykumar, OS=Microsoft Windows NT 6.1.7601 Service Pack 1, Is64BitOS=True
          </Message>
          <Message>[5/9/2018 7:35:25 PM]&lt;INFO&gt;LogCPUAndMemoryUsage: Available Memory = 24399(MB), CPU Usage = 16.90067%</Message>
          <Message>[5/9/2018 7:35:25 PM]&lt;INFO&gt;Private Working Set for QTAgent32_40, usage=380972 (K)</Message>
          <Message>[5/9/2018 7:35:26 PM]&lt;INFO&gt;Path To TestConfig xml=E:\LoadTestResult\VSEQT\QTAgent\26924\CMP01-INDIASQA.horizonhobby.com\Deployment\SharedCommonConfig.xml</Message>
          <Message>[5/9/2018 7:35:26 PM]&lt;INFO&gt;Path To TestData xml=E:\LoadTestResult\VSEQT\QTAgent\26924\CMP01-INDIASQA.horizonhobby.com\Deployment\CartDisplayTestData_193524.xml</Message>
          <Message>[5/9/2018 7:35:26 PM]&lt;INFO&gt;Path To HorizonHobbyQA Application Url=https://www-tst.horizonhobby.com</Message>
          <Message>[5/9/2018 7:35:26 PM]&lt;INFO&gt;HorizonHobbyQA sql connection string=Server=cmp02-ws-tst-db01:50000;Database=TST01DB;UID=wcdbuser;PWD=h0r1z0n;Connect Timeout=30</Message>
          <Message>[5/9/2018 7:35:26 PM]&lt;INFO&gt;Country is := US and language id is := '-1'</Message>
          <Message>[5/9/2018 7:35:26 PM]&lt;INFO&gt;Current browser used for test execution is = 'IE'</Message>
          <Message>[5/9/2018 7:35:33 PM]&lt;Info&gt;AllBrowserWindow : Locating browser window...</Message>
          <Message>[5/9/2018 7:35:37 PM]&lt;INFO&gt;SearchProductexecuting ... Searching term:= 'EFL2962'</Message>
          <Message>[5/9/2018 7:35:44 PM]&lt;Info&gt;AllBrowserWindow : Locating browser window...</Message>
          <Message>[5/9/2018 7:35:45 PM]&lt;INFO&gt;BackOrderClickexecuting ...</Message>
          <Message>[5/9/2018 7:36:01 PM]&lt;INFO&gt;SearchProductexecuting ... Searching term:= 'TRA5374X'</Message>
          <Message>[5/9/2018 7:36:06 PM]&lt;Info&gt;AllBrowserWindow : Locating browser window...</Message>
          <Message>[5/9/2018 7:36:07 PM]&lt;INFO&gt;BackOrderClickexecuting ...</Message>
          <Message>[5/9/2018 7:36:18 PM]&lt;INFO&gt;ContinueOnCertificationErrorClickexecuting ...</Message>
          <Message>[5/9/2018 7:36:21 PM]&lt;Info&gt;AllBrowserWindow : Locating browser window...</Message>
          <Message>[5/9/2018 7:36:29 PM]&lt;INFO&gt;GetOrderTotalAmount : is executing ...</Message>
          <Message>[5/9/2018 7:36:41 PM]&lt;INFO&gt;GetOrderTotalAmount : is executing ...</Message>
          <Message>[5/9/2018 7:36:42 PM]&lt;PASS&gt;&lt;CartItemRemovalGiftWrappedItems&gt;&lt;Order total amount is equal to the sum of gift wrapping cost and cost of items&gt;</Message>
          <Message>[5/9/2018 7:36:43 PM]&lt;INFO&gt;GetOrderTotalAmount : is executing ...</Message>
          <Message>[5/9/2018 7:36:45 PM]&lt;PASS&gt;&lt;CartItemRemovalGiftWrappedItems&gt;&lt;Order total amount doesnot include gift wrapping and cost of item removed from cart&gt;</Message>
          <Message>[5/9/2018 7:36:50 PM]&lt;PASS&gt;&lt;CartItemRemovalGiftWrappedItems&gt;&lt;Cart is empty&gt;</Message>
          <Message>[5/9/2018 7:36:50 PM]&lt;RESULT&gt;Test Ended:#PASS=3, #FAIL=0</Message>
          <Message>[5/9/2018 7:36:51 PM]&lt;INFO&gt;LogCPUAndMemoryUsage: Available Memory = 24202(MB), CPU Usage = 10.29943%</Message>
          <Message>[5/9/2018 7:36:51 PM]&lt;INFO&gt;Private Working Set for QTAgent32_40, usage=369132 (K)</Message>
          <Message>[5/9/2018 7:36:51 PM]&lt;RESULT&gt;&lt;CartItemRemovalGiftWrappedItems&gt; Test PASSED</Message>
        </TextMessages>
      </Output>
      <ResultFiles>
        <ResultFile path="CMP01-INDIASQA.horizonhobby.com\CartDisplayTestData_193524.xml" />
        <ResultFile path="CMP01-INDIASQA.horizonhobby.com\CartItemRemovalGiftWrappedItems_20180509193524.log" />
        <ResultFile path="CMP01-INDIASQA.horizonhobby.com\CartItemRemovalGiftWrappedItems_ResultsONLY_20180509193524.log" />
        <ResultFile path="CMP01-INDIASQA.horizonhobby.com\SharedCommonConfig.xml" />
      </ResultFiles>
    </UnitTestResult>
    <UnitTestResult executionId="09baea8b-8a65-4dcb-873c-aca55ddacc05" testId="3bf51dfd-121e-12b0-088e-b3d94def1ce6" testName="CartPromoCodeRemovalExplanantion" computerName="CMP01-INDIASQA" duration="00:01:40.6040365" startTime="2018-05-09T19:36:53.4138797-05:00" endTime="2018-05-09T19:38:34.0548797-05:00" testType="13cdc9d9-ddb5-4fa4-a97d-d965ccfc6d4b" outcome="Passed" testListId="8c84fa94-04c1-424b-9868-57a2d4851a1d" relativeResultsDirectory="09baea8b-8a65-4dcb-873c-aca55ddacc05">
      <Output>
        <StdOut>Logging to custom path:\\CMP01-YKumar\AutoLog</StdOut>
        <TextMessages>
          <Message>
            [5/9/2018 7:36:53 PM]&lt;STARTLOG&gt;&lt;CartPromoCodeRemovalExplanantion&gt;Test Started: Expecting: #PASS=Undefined and #FAIL=0
            Running from MTM=True, running on machine name:CMP01-INDIASQA, user name=ykumar, OS=Microsoft Windows NT 6.1.7601 Service Pack 1, Is64BitOS=True
          </Message>
          <Message>[5/9/2018 7:36:54 PM]&lt;INFO&gt;LogCPUAndMemoryUsage: Available Memory = 24219(MB), CPU Usage = 15.56446%</Message>
          <Message>[5/9/2018 7:36:54 PM]&lt;INFO&gt;Private Working Set for QTAgent32_40, usage=377560 (K)</Message>
          <Message>[5/9/2018 7:36:54 PM]&lt;INFO&gt;Path To TestConfig xml=E:\LoadTestResult\VSEQT\QTAgent\26924\CMP01-INDIASQA.horizonhobby.com\Deployment\SharedCommonConfig.xml</Message>
          <Message>[5/9/2018 7:36:54 PM]&lt;INFO&gt;Path To TestData xml=E:\LoadTestResult\VSEQT\QTAgent\26924\CMP01-INDIASQA.horizonhobby.com\Deployment\CartDisplayTestData_193653.xml</Message>
          <Message>[5/9/2018 7:36:54 PM]&lt;INFO&gt;Path To HorizonHobbyQA Application Url=https://www-tst.horizonhobby.com</Message>
          <Message>[5/9/2018 7:36:54 PM]&lt;INFO&gt;HorizonHobbyQA sql connection string=Server=cmp02-ws-tst-db01:50000;Database=TST01DB;UID=wcdbuser;PWD=h0r1z0n;Connect Timeout=30</Message>
          <Message>[5/9/2018 7:36:54 PM]&lt;INFO&gt;Country is := US and language id is := '-1'</Message>
          <Message>[5/9/2018 7:36:54 PM]&lt;INFO&gt;Current browser used for test execution is = 'IE'</Message>
          <Message>[5/9/2018 7:37:16 PM]&lt;INFO&gt;SearchProductexecuting ... Searching term:= 'EVOM12'</Message>
          <Message>[5/9/2018 7:37:22 PM]&lt;Info&gt;AllBrowserWindow : Locating browser window...</Message>
          <Message>[5/9/2018 7:37:24 PM]&lt;INFO&gt;BackOrderClickexecuting ...</Message>
          <Message>[5/9/2018 7:37:25 PM]&lt;INFO&gt;GoToCartClickexecuting ...</Message>
          <Message>[5/9/2018 7:37:34 PM]&lt;PASS&gt;&lt;CartPromoCodeRemovalExplanantion&gt;&lt;No Promotion Code is appled Yet&gt;</Message>
          <Message>[5/9/2018 7:37:34 PM]&lt;INFO&gt;ApplyPromoCode : method executing ...  -TEST15DOLLARSOFF</Message>
          <Message>[5/9/2018 7:37:34 PM]&lt;INFO&gt;SurveyWindow : method executing ...</Message>
          <Message>[5/9/2018 7:37:50 PM]&lt;PASS&gt;&lt;CartPromoCodeRemovalExplanantion&gt;&lt;Validate 15 Dollars are deducted from Order Total&gt;</Message>
          <Message>[5/9/2018 7:37:50 PM]&lt;INFO&gt;ApplyPromoCode : method executing ...  -funfrenz14</Message>
          <Message>[5/9/2018 7:37:50 PM]&lt;INFO&gt;SurveyWindow : method executing ...</Message>
          <Message>[5/9/2018 7:38:06 PM]&lt;PASS&gt;&lt;CartPromoCodeRemovalExplanantion&gt;&lt;Validate (15 Dollars + 10% of Product Amount) are deducted from Order Total&gt;</Message>
          <Message>[5/9/2018 7:38:06 PM]&lt;INFO&gt;RemoveAppliedPromoCode : is executing ...</Message>
          <Message>[5/9/2018 7:38:06 PM]&lt;Info&gt;AllBrowserWindow : Locating browser window...</Message>
          <Message>[5/9/2018 7:38:20 PM]&lt;PASS&gt;&lt;CartPromoCodeRemovalExplanantion&gt;&lt;Validate 15 Dollars are deducted from Order Total&gt;</Message>
          <Message>[5/9/2018 7:38:20 PM]&lt;INFO&gt;RemoveAppliedPromoCode : is executing ...</Message>
          <Message>[5/9/2018 7:38:20 PM]&lt;Info&gt;AllBrowserWindow : Locating browser window...</Message>
          <Message>[5/9/2018 7:38:30 PM]&lt;PASS&gt;&lt;CartPromoCodeRemovalExplanantion&gt;&lt;All Prmotion Codes are removed&gt;</Message>
          <Message>[5/9/2018 7:38:30 PM]&lt;RESULT&gt;Test Ended:#PASS=5, #FAIL=0</Message>
          <Message>[5/9/2018 7:38:31 PM]&lt;INFO&gt;LogCPUAndMemoryUsage: Available Memory = 24235(MB), CPU Usage = 12.63944%</Message>
          <Message>[5/9/2018 7:38:31 PM]&lt;INFO&gt;Private Working Set for QTAgent32_40, usage=377364 (K)</Message>
          <Message>[5/9/2018 7:38:31 PM]&lt;RESULT&gt;&lt;CartPromoCodeRemovalExplanantion&gt; Test PASSED</Message>
        </TextMessages>
      </Output>
      <ResultFiles>
        <ResultFile path="CMP01-INDIASQA.horizonhobby.com\CartDisplayTestData_193653.xml" />
        <ResultFile path="CMP01-INDIASQA.horizonhobby.com\CartPromoCodeRemovalExplanantion_20180509193653.log" />
        <ResultFile path="CMP01-INDIASQA.horizonhobby.com\CartPromoCodeRemovalExplanantion_ResultsONLY_20180509193653.log" />
        <ResultFile path="CMP01-INDIASQA.horizonhobby.com\SharedCommonConfig.xml" />
      </ResultFiles>
    </UnitTestResult>
    <UnitTestResult executionId="edd162b6-d638-42ff-95c9-0296cb6c09ab" testId="27289db3-84ee-e2ae-e753-50edcd964454" testName="LoginIdEmailAddressChange" computerName="CMP01-INDIASQA" duration="00:03:06.8737480" startTime="2018-05-09T19:38:34.0588797-05:00" endTime="2018-05-09T19:41:41.2688797-05:00" testType="13cdc9d9-ddb5-4fa4-a97d-d965ccfc6d4b" outcome="Passed" testListId="8c84fa94-04c1-424b-9868-57a2d4851a1d" relativeResultsDirectory="edd162b6-d638-42ff-95c9-0296cb6c09ab">
      <Output>
        <StdOut>Logging to custom path:\\CMP01-YKumar\AutoLog</StdOut>
        <TextMessages>
          <Message>
            [5/9/2018 7:38:34 PM]&lt;STARTLOG&gt;&lt;LoginIdEmailAddressChange&gt;Test Started: Expecting: #PASS=Undefined and #FAIL=0
            Running from MTM=True, running on machine name:CMP01-INDIASQA, user name=ykumar, OS=Microsoft Windows NT 6.1.7601 Service Pack 1, Is64BitOS=True
          </Message>
          <Message>[5/9/2018 7:38:36 PM]&lt;INFO&gt;LogCPUAndMemoryUsage: Available Memory = 24405(MB), CPU Usage = 12.92152%</Message>
          <Message>[5/9/2018 7:38:36 PM]&lt;INFO&gt;Private Working Set for QTAgent32_40, usage=380336 (K)</Message>
          <Message>[5/9/2018 7:38:36 PM]&lt;INFO&gt;Path To TestConfig xml=E:\LoadTestResult\VSEQT\QTAgent\26924\CMP01-INDIASQA.horizonhobby.com\Deployment\SharedCommonConfig.xml</Message>
          <Message>[5/9/2018 7:38:36 PM]&lt;INFO&gt;Path To TestData xml=E:\LoadTestResult\VSEQT\QTAgent\26924\CMP01-INDIASQA.horizonhobby.com\Deployment\EmailAddressLoginTestData_193834.xml</Message>
          <Message>[5/9/2018 7:38:36 PM]&lt;INFO&gt;Path To HorizonHobbyQA Application Url=https://www-tst.horizonhobby.com</Message>
          <Message>[5/9/2018 7:38:36 PM]&lt;INFO&gt;HorizonHobbyQA sql connection string=Server=cmp02-ws-tst-db01:50000;Database=TST01DB;UID=wcdbuser;PWD=h0r1z0n;Connect Timeout=30</Message>
          <Message>[5/9/2018 7:38:36 PM]&lt;INFO&gt;Country is := US and language id is := '-1'</Message>
          <Message>[5/9/2018 7:38:36 PM]&lt;INFO&gt;Current browser used for test execution is = 'IE'</Message>
          <Message>[5/9/2018 7:38:42 PM]&lt;INFO&gt;SurveyWindow : method executing ...</Message>
          <Message>[5/9/2018 7:38:50 PM]&lt;INFO&gt;ContinueOnCertificationErrorClickexecuting ...</Message>
          <Message>[5/9/2018 7:38:50 PM]&lt;Info&gt;DEAllBrowserWindow : Locating browser window...</Message>
          <Message>[5/9/2018 7:38:56 PM]&lt;INFO&gt;ClickAcceptCookiesAgreement : failed executing ...</Message>
          <Message>[5/9/2018 7:39:02 PM]&lt;INFO&gt;UserRegistration : method executing ...</Message>
          <Message>[5/9/2018 7:39:02 PM]&lt;Info&gt;AllBrowserWindow : Locating browser window...</Message>
          <Message>[5/9/2018 7:39:29 PM]&lt;Info&gt;AllBrowserWindow : Locating browser window...</Message>
          <Message>[5/9/2018 7:39:54 PM]&lt;Info&gt;AllBrowserWindow : Locating browser window...</Message>
          <Message>[5/9/2018 7:40:12 PM]&lt;Info&gt;AllBrowserWindow : Locating browser window...</Message>
          <Message>[5/9/2018 7:40:31 PM]&lt;Info&gt;AllBrowserWindow : Locating browser window...</Message>
          <Message>[5/9/2018 7:40:43 PM]&lt;INFO&gt;SurveyWindow : method executing ...</Message>
          <Message>[5/9/2018 7:40:58 PM]&lt;PASS&gt;&lt;LoginIdEmailAddressChange&gt;&lt;Verify User logged In successfully&gt;</Message>
          <Message>[5/9/2018 7:41:03 PM]&lt;Info&gt;AllBrowserWindow : Locating browser window...</Message>
          <Message>[5/9/2018 7:41:06 PM]&lt;INFO&gt;DeleteWishlistFromDatabase : method executing</Message>
          <Message>[5/9/2018 7:41:38 PM]&lt;RESULT&gt;Test Ended:#PASS=1, #FAIL=0</Message>
          <Message>[5/9/2018 7:41:39 PM]&lt;INFO&gt;LogCPUAndMemoryUsage: Available Memory = 24231(MB), CPU Usage = 20.51897%</Message>
          <Message>[5/9/2018 7:41:39 PM]&lt;INFO&gt;Private Working Set for QTAgent32_40, usage=394508 (K)</Message>
          <Message>[5/9/2018 7:41:39 PM]&lt;RESULT&gt;&lt;LoginIdEmailAddressChange&gt; Test PASSED</Message>
        </TextMessages>
      </Output>
      <ResultFiles>
        <ResultFile path="CMP01-INDIASQA.horizonhobby.com\EmailAddressLoginTestData_193834.xml" />
        <ResultFile path="CMP01-INDIASQA.horizonhobby.com\LoginIdEmailAddressChange_20180509193834.log" />
        <ResultFile path="CMP01-INDIASQA.horizonhobby.com\LoginIdEmailAddressChange_ResultsONLY_20180509193834.log" />
        <ResultFile path="CMP01-INDIASQA.horizonhobby.com\SharedCommonConfig.xml" />
      </ResultFiles>
    </UnitTestResult>
    <UnitTestResult executionId="78047f10-c46f-42c1-b685-40756e0e68b7" testId="076e3948-b3b6-768f-48b9-94366a2bd839" testName="CategoryListPaginationTopOfPage" computerName="CMP01-INDIASQA" duration="00:00:46.4318252" startTime="2018-05-09T19:41:41.2708797-05:00" endTime="2018-05-09T19:42:28.0128797-05:00" testType="13cdc9d9-ddb5-4fa4-a97d-d965ccfc6d4b" outcome="Failed" testListId="8c84fa94-04c1-424b-9868-57a2d4851a1d" relativeResultsDirectory="78047f10-c46f-42c1-b685-40756e0e68b7">
      <Output>
        <StdOut>Logging to custom path:\\CMP01-YKumar\AutoLog</StdOut>
        <ErrorInfo>
          <Message>
            Assert.Fail failed.
            #Other errors=1
            [Error details below]
            &lt;ERROR&gt;[5/9/2018 7:42:24 PM]&lt;Error&gt;CategoryListPaginationTopOfPage : failed executing ...Unable to find Windows Internet Explorer window with 'Plug-N-Play | HorizonHobby  by - Hitec RCD Inc. - FMS - Internet Explorer' in the title.
          </Message>
          <StackTrace>
            at TestAuto.LoggingAndSharedGenericMethods.EndTest() in c:\Builds\1\WebSphere\QATestAutomation\src\CodedUITest\SourceCode\Common\Logging\Logging.cs:line 1628
            at TestAuto.CategoryListLevel3.TestCleanup() in c:\Builds\1\WebSphere\QATestAutomation\src\CodedUITest\SourceCode\HHobby\CategoryListLevel3\CategoryListLevel3.cs:line 1169
          </StackTrace>
        </ErrorInfo>
        <TextMessages>
          <Message>
            [5/9/2018 7:41:41 PM]&lt;STARTLOG&gt;&lt;CategoryListPaginationTopOfPage&gt;Test Started: Expecting: #PASS=Undefined and #FAIL=0
            Running from MTM=True, running on machine name:CMP01-INDIASQA, user name=ykumar, OS=Microsoft Windows NT 6.1.7601 Service Pack 1, Is64BitOS=True
          </Message>
          <Message>[5/9/2018 7:41:43 PM]&lt;INFO&gt;LogCPUAndMemoryUsage: Available Memory = 24390(MB), CPU Usage = 12.63944%</Message>
          <Message>[5/9/2018 7:41:43 PM]&lt;INFO&gt;Private Working Set for QTAgent32_40, usage=397604 (K)</Message>
          <Message>[5/9/2018 7:41:44 PM]&lt;INFO&gt;Path To TestConfig xml=E:\LoadTestResult\VSEQT\QTAgent\26924\CMP01-INDIASQA.horizonhobby.com\Deployment\SharedCommonConfig.xml</Message>
          <Message>[5/9/2018 7:41:44 PM]&lt;INFO&gt;Path To TestData xml=E:\LoadTestResult\VSEQT\QTAgent\26924\CMP01-INDIASQA.horizonhobby.com\Deployment\CategoryListLevel3TestData_194141.xml</Message>
          <Message>[5/9/2018 7:41:44 PM]&lt;INFO&gt;Path To HorizonHobbyQA Application Url=https://www-tst.horizonhobby.com</Message>
          <Message>[5/9/2018 7:41:44 PM]&lt;INFO&gt;HorizonHobbyQA sql connection string=Server=cmp02-ws-tst-db01:50000;Database=TST01DB;UID=wcdbuser;PWD=h0r1z0n;Connect Timeout=30</Message>
          <Message>[5/9/2018 7:41:44 PM]&lt;INFO&gt;Country is := US and language id is := '-1'</Message>
          <Message>[5/9/2018 7:41:44 PM]&lt;INFO&gt;Current browser used for test execution is = 'IE'</Message>
          <Message>[5/9/2018 7:41:58 PM]&lt;INFO&gt;GetMenuItems : method executing ... - Aircraft Servos</Message>
          <Message>
            Assert.Fail failed. [5/9/2018 7:42:24 PM]&lt;Error&gt;CategoryListPaginationTopOfPage : failed executing ...Unable to find Windows Internet Explorer window with 'Plug-N-Play | HorizonHobby  by - Hitec RCD Inc. - FMS - Internet Explorer' in the title.,
            StackTrace:
            CategoryListPaginationTopOfPage(),CategoryListLevel3.cs,Line Number:145
          </Message>
          <Message>[5/9/2018 7:42:24 PM]&lt;CaptureImage&gt;\\CMP01-YKumar\AutoLog\CMP01-INDIASQA\CategoryListPaginationTopOfPage_20180509194224.png</Message>
          <Message>[5/9/2018 7:42:24 PM]&lt;RESULT&gt;Test Ended:#PASS=0, #FAIL=0,#Other errors=1</Message>
          <Message>[5/9/2018 7:42:25 PM]&lt;INFO&gt;LogCPUAndMemoryUsage: Available Memory = 24217(MB), CPU Usage = 4.64439%</Message>
          <Message>[5/9/2018 7:42:25 PM]&lt;INFO&gt;Private Working Set for QTAgent32_40, usage=408884 (K)</Message>
          <Message>[5/9/2018 7:42:25 PM]&lt;RESULT&gt;&lt;CategoryListPaginationTopOfPage&gt; Test FAILED: #Other errors=1. See Error Message/logs for further details.</Message>
        </TextMessages>
      </Output>
      <ResultFiles>
        <ResultFile path="CMP01-INDIASQA.horizonhobby.com\CategoryListLevel3TestData_194141.xml" />
        <ResultFile path="CMP01-INDIASQA.horizonhobby.com\CategoryListPaginationTopOfPage_20180509194141.log" />
        <ResultFile path="CMP01-INDIASQA.horizonhobby.com\CategoryListPaginationTopOfPage_20180509194224.png" />
        <ResultFile path="CMP01-INDIASQA.horizonhobby.com\CategoryListPaginationTopOfPage_ResultsONLY_20180509194141.log" />
        <ResultFile path="CMP01-INDIASQA.horizonhobby.com\SharedCommonConfig.xml" />
      </ResultFiles>
    </UnitTestResult>
    <UnitTestResult executionId="f099f8a0-e19d-4a11-98b6-fa1c696d1d44" testId="daa0770b-fd70-ed39-2458-e344e0fea912" testName="CategoryListShowDropDownBoxOption" computerName="CMP01-INDIASQA" duration="00:00:25.9397816" startTime="2018-05-09T19:42:28.0148797-05:00" endTime="2018-05-09T19:42:53.9918797-05:00" testType="13cdc9d9-ddb5-4fa4-a97d-d965ccfc6d4b" outcome="Passed" testListId="8c84fa94-04c1-424b-9868-57a2d4851a1d" relativeResultsDirectory="f099f8a0-e19d-4a11-98b6-fa1c696d1d44">
      <Output>
        <StdOut>Logging to custom path:\\CMP01-YKumar\AutoLog</StdOut>
        <TextMessages>
          <Message>
            [5/9/2018 7:42:28 PM]&lt;STARTLOG&gt;&lt;CategoryListShowDropDownBoxOption&gt;Test Started: Expecting: #PASS=Undefined and #FAIL=0
            Running from MTM=True, running on machine name:CMP01-INDIASQA, user name=ykumar, OS=Microsoft Windows NT 6.1.7601 Service Pack 1, Is64BitOS=True
          </Message>
          <Message>[5/9/2018 7:42:29 PM]&lt;INFO&gt;LogCPUAndMemoryUsage: Available Memory = 24374(MB), CPU Usage = 14.67478%</Message>
          <Message>[5/9/2018 7:42:29 PM]&lt;INFO&gt;Private Working Set for QTAgent32_40, usage=408868 (K)</Message>
          <Message>[5/9/2018 7:42:29 PM]&lt;INFO&gt;Path To TestConfig xml=E:\LoadTestResult\VSEQT\QTAgent\26924\CMP01-INDIASQA.horizonhobby.com\Deployment\SharedCommonConfig.xml</Message>
          <Message>[5/9/2018 7:42:29 PM]&lt;INFO&gt;Path To TestData xml=E:\LoadTestResult\VSEQT\QTAgent\26924\CMP01-INDIASQA.horizonhobby.com\Deployment\CategoryListLevel3TestData_194228.xml</Message>
          <Message>[5/9/2018 7:42:29 PM]&lt;INFO&gt;Path To HorizonHobbyQA Application Url=https://www-tst.horizonhobby.com</Message>
          <Message>[5/9/2018 7:42:29 PM]&lt;INFO&gt;HorizonHobbyQA sql connection string=Server=cmp02-ws-tst-db01:50000;Database=TST01DB;UID=wcdbuser;PWD=h0r1z0n;Connect Timeout=30</Message>
          <Message>[5/9/2018 7:42:29 PM]&lt;INFO&gt;Country is := US and language id is := '-1'</Message>
          <Message>[5/9/2018 7:42:29 PM]&lt;INFO&gt;Current browser used for test execution is = 'IE'</Message>
          <Message>[5/9/2018 7:42:32 PM]&lt;INFO&gt;GetMenuItems : method executing ... - Aircraft Servos</Message>
          <Message>[5/9/2018 7:42:36 PM]&lt;PASS&gt;&lt;CategoryListShowDropDownBoxOption&gt;&lt; Validates that Total 20,40,60,80 items are displayed on Search result Page&gt;</Message>
          <Message>[5/9/2018 7:42:40 PM]&lt;PASS&gt;&lt;ValidateCountofItemsOnSearchPage&gt;&lt; Validates that Total 20 items are displayed on Search result Page&gt;</Message>
          <Message>[5/9/2018 7:42:43 PM]&lt;PASS&gt;&lt;ValidateCountofItemsOnSearchPage&gt;&lt; Validates that Total 40 items are displayed on Search result Page&gt;</Message>
          <Message>[5/9/2018 7:42:50 PM]&lt;PASS&gt;&lt;ValidateCountofItemsOnSearchPage&gt;&lt; Validates that Total 40 items are displayed on Search result Page&gt;</Message>
          <Message>[5/9/2018 7:42:50 PM]&lt;PASS&gt;&lt;ValidateCountofItemsOnSearchPage&gt;&lt; Validates that Total 80 items are displayed on Search result Page&gt;</Message>
          <Message>[5/9/2018 7:42:50 PM]&lt;RESULT&gt;Test Ended:#PASS=5, #FAIL=0</Message>
          <Message>[5/9/2018 7:42:51 PM]&lt;INFO&gt;LogCPUAndMemoryUsage: Available Memory = 24211(MB), CPU Usage = 5.22939%</Message>
          <Message>[5/9/2018 7:42:51 PM]&lt;INFO&gt;Private Working Set for QTAgent32_40, usage=392112 (K)</Message>
          <Message>[5/9/2018 7:42:51 PM]&lt;RESULT&gt;&lt;CategoryListShowDropDownBoxOption&gt; Test PASSED</Message>
        </TextMessages>
      </Output>
      <ResultFiles>
        <ResultFile path="CMP01-INDIASQA.horizonhobby.com\CategoryListLevel3TestData_194228.xml" />
        <ResultFile path="CMP01-INDIASQA.horizonhobby.com\CategoryListShowDropDownBoxOption_20180509194228.log" />
        <ResultFile path="CMP01-INDIASQA.horizonhobby.com\CategoryListShowDropDownBoxOption_ResultsONLY_20180509194228.log" />
        <ResultFile path="CMP01-INDIASQA.horizonhobby.com\SharedCommonConfig.xml" />
      </ResultFiles>
    </UnitTestResult>
    <UnitTestResult executionId="01ae73f7-046d-4542-b1d2-306682a9d857" testId="3030772f-f0da-5ef4-6ee2-458f78e6976e" testName="CategoryListStockStatus" computerName="CMP01-INDIASQA" duration="00:06:36.4060254" startTime="2018-05-09T19:42:53.9938797-05:00" endTime="2018-05-09T19:49:30.4218797-05:00" testType="13cdc9d9-ddb5-4fa4-a97d-d965ccfc6d4b" outcome="Passed" testListId="8c84fa94-04c1-424b-9868-57a2d4851a1d" relativeResultsDirectory="01ae73f7-046d-4542-b1d2-306682a9d857">
      <Output>
        <StdOut>Logging to custom path:\\CMP01-YKumar\AutoLog</StdOut>
        <TextMessages>
          <Message>
            [5/9/2018 7:42:54 PM]&lt;STARTLOG&gt;&lt;CategoryListStockStatus&gt;Test Started: Expecting: #PASS=Undefined and #FAIL=0
            Running from MTM=True, running on machine name:CMP01-INDIASQA, user name=ykumar, OS=Microsoft Windows NT 6.1.7601 Service Pack 1, Is64BitOS=True
          </Message>
          <Message>[5/9/2018 7:42:55 PM]&lt;INFO&gt;LogCPUAndMemoryUsage: Available Memory = 24374(MB), CPU Usage = 5.908482%</Message>
          <Message>[5/9/2018 7:42:55 PM]&lt;INFO&gt;Private Working Set for QTAgent32_40, usage=400404 (K)</Message>
          <Message>[5/9/2018 7:42:55 PM]&lt;INFO&gt;Path To TestConfig xml=E:\LoadTestResult\VSEQT\QTAgent\26924\CMP01-INDIASQA.horizonhobby.com\Deployment\SharedCommonConfig.xml</Message>
          <Message>[5/9/2018 7:42:55 PM]&lt;INFO&gt;Path To TestData xml=E:\LoadTestResult\VSEQT\QTAgent\26924\CMP01-INDIASQA.horizonhobby.com\Deployment\CategoryListLevel3TestData_194254.xml</Message>
          <Message>[5/9/2018 7:42:55 PM]&lt;INFO&gt;Path To HorizonHobbyQA Application Url=https://www-tst.horizonhobby.com</Message>
          <Message>[5/9/2018 7:42:55 PM]&lt;INFO&gt;HorizonHobbyQA sql connection string=Server=cmp02-ws-tst-db01:50000;Database=TST01DB;UID=wcdbuser;PWD=h0r1z0n;Connect Timeout=30</Message>
          <Message>[5/9/2018 7:42:55 PM]&lt;INFO&gt;Country is := US and language id is := '-1'</Message>
          <Message>[5/9/2018 7:42:55 PM]&lt;INFO&gt;Current browser used for test execution is = 'IE'</Message>
          <Message>[5/9/2018 7:42:58 PM]&lt;INFO&gt;GetMenuItems : method executing ... - Aircraft Servos</Message>
          <Message>[5/9/2018 7:43:01 PM]&lt;Info&gt;AllBrowserWindow : Locating browser window...</Message>
          <Message>[5/9/2018 7:43:12 PM]&lt;PASS&gt;&lt;ItemStatusValidate&gt;&lt; Validates that In Stock Items are displayed in Search Result when Status Filter is ALL&gt;</Message>
          <Message>[5/9/2018 7:43:12 PM]&lt;PASS&gt;&lt;ItemStatusValidate&gt;&lt; Validates that Back Order Items are displayed in Search Result when Status Filter is ALL&gt;</Message>
          <Message>[5/9/2018 7:43:12 PM]&lt;PASS&gt;&lt;CategoryListStockStatus&gt;&lt; Validates that Status Filter contains - All &gt;</Message>
          <Message>[5/9/2018 7:43:12 PM]&lt;PASS&gt;&lt;CategoryListStockStatus&gt;&lt; Validates that Status Filter contains - In Stock Only &gt;</Message>
          <Message>[5/9/2018 7:43:26 PM]&lt;PASS&gt;&lt;ItemStatusValidate&gt;&lt; Validates that only In Stock Items are displayed in Search Result when Status Filter is In Stock Only&gt;</Message>
          <Message>[5/9/2018 7:43:27 PM]&lt;PASS&gt;&lt;ItemStatusValidate&gt;&lt; Validates that Back Order Items are not displayed in Search Result when Status Filter is In Stock Only&gt;</Message>
          <Message>[5/9/2018 7:43:46 PM]&lt;PASS&gt;&lt;ItemStatusValidate&gt;&lt; Validates that only In Stock Items are displayed in Search Result when Status Filter is In Stock Only&gt;</Message>
          <Message>[5/9/2018 7:43:46 PM]&lt;PASS&gt;&lt;ItemStatusValidate&gt;&lt; Validates that Back Order Items are not displayed in Search Result when Status Filter is In Stock Only&gt;</Message>
          <Message>[5/9/2018 7:43:56 PM]&lt;PASS&gt;&lt;ItemStatusValidate&gt;&lt; Validates that In Stock Items are displayed in Search Result when Status Filter is ALL&gt;</Message>
          <Message>[5/9/2018 7:43:56 PM]&lt;PASS&gt;&lt;ItemStatusValidate&gt;&lt; Validates that Back Order Items are displayed in Search Result when Status Filter is ALL&gt;</Message>
          <Message>[5/9/2018 7:44:06 PM]&lt;Info&gt;AllBrowserWindow : Locating browser window...</Message>
          <Message>[5/9/2018 7:44:12 PM]&lt;PASS&gt;&lt;CategoryListStockStatus&gt;&lt; Validates product status of in stock item &gt;</Message>
          <Message>[5/9/2018 7:44:13 PM]&lt;Info&gt;AllBrowserWindow : Locating browser window...</Message>
          <Message>[5/9/2018 7:49:19 PM]&lt;Info&gt;AllBrowserWindow : Locating browser window...</Message>
          <Message>[5/9/2018 7:49:27 PM]&lt;PASS&gt;&lt;CategoryListStockStatus&gt;&lt; Validates product status of backroder item &gt;</Message>
          <Message>[5/9/2018 7:49:27 PM]&lt;RESULT&gt;Test Ended:#PASS=12, #FAIL=0</Message>
          <Message>[5/9/2018 7:49:28 PM]&lt;INFO&gt;LogCPUAndMemoryUsage: Available Memory = 24144(MB), CPU Usage = 3.27938%</Message>
          <Message>[5/9/2018 7:49:28 PM]&lt;INFO&gt;Private Working Set for QTAgent32_40, usage=405872 (K)</Message>
          <Message>[5/9/2018 7:49:28 PM]&lt;RESULT&gt;&lt;CategoryListStockStatus&gt; Test PASSED</Message>
        </TextMessages>
      </Output>
      <ResultFiles>
        <ResultFile path="CMP01-INDIASQA.horizonhobby.com\CategoryListLevel3TestData_194254.xml" />
        <ResultFile path="CMP01-INDIASQA.horizonhobby.com\CategoryListStockStatus_20180509194254.log" />
        <ResultFile path="CMP01-INDIASQA.horizonhobby.com\CategoryListStockStatus_ResultsONLY_20180509194254.log" />
        <ResultFile path="CMP01-INDIASQA.horizonhobby.com\SharedCommonConfig.xml" />
      </ResultFiles>
    </UnitTestResult>
    <UnitTestResult executionId="3d1f00d8-dd35-4a2d-a004-d45a40687c99" testId="3126911c-794a-ea79-5668-847b6b9bfee4" testName="CreditCardCheckoutGiftCardEntryLimit" computerName="CMP01-INDIASQA" duration="00:10:55.6873819" startTime="2018-05-09T19:49:30.4228797-05:00" endTime="2018-05-09T20:00:26.3798797-05:00" testType="13cdc9d9-ddb5-4fa4-a97d-d965ccfc6d4b" outcome="Failed" testListId="8c84fa94-04c1-424b-9868-57a2d4851a1d" relativeResultsDirectory="3d1f00d8-dd35-4a2d-a004-d45a40687c99">
      <Output>
        <StdOut>Logging to custom path:\\CMP01-YKumar\AutoLog</StdOut>
        <ErrorInfo>
          <Message>
            Assert.Fail failed.
            #Other errors=1
            [Error details below]
          </Message>
          <StackTrace>
            at TestAuto.LoggingAndSharedGenericMethods.EndTest() in c:\Builds\1\WebSphere\QATestAutomation\src\CodedUITest\SourceCode\Common\Logging\Logging.cs:line 1628
            at TestAuto.CheckoutCreditCard.TestCleanup() in c:\Builds\1\WebSphere\QATestAutomation\src\CodedUITest\SourceCode\HHobby\Checkout\CheckoutCreditCard.cs:line 4170
          </StackTrace>
        </ErrorInfo>
        <TextMessages>
          <Message>
            [5/9/2018 7:49:30 PM]&lt;STARTLOG&gt;&lt;CreditCardCheckoutGiftCardEntryLimit&gt;Test Started: Expecting: #PASS=Undefined and #FAIL=0
            Running from MTM=True, running on machine name:CMP01-INDIASQA, user name=ykumar, OS=Microsoft Windows NT 6.1.7601 Service Pack 1, Is64BitOS=True
          </Message>
          <Message>[5/9/2018 7:49:33 PM]&lt;INFO&gt;LogCPUAndMemoryUsage: Available Memory = 24381(MB), CPU Usage = 13.89555%</Message>
          <Message>[5/9/2018 7:49:33 PM]&lt;INFO&gt;Private Working Set for QTAgent32_40, usage=408772 (K)</Message>
          <Message>[5/9/2018 7:49:33 PM]&lt;INFO&gt;Path To TestConfig xml=E:\LoadTestResult\VSEQT\QTAgent\26924\CMP01-INDIASQA.horizonhobby.com\Deployment\SharedCommonConfig.xml</Message>
          <Message>[5/9/2018 7:49:33 PM]&lt;INFO&gt;Path To TestData xml=E:\LoadTestResult\VSEQT\QTAgent\26924\CMP01-INDIASQA.horizonhobby.com\Deployment\CheckoutCreditCard_194930.xml</Message>
          <Message>[5/9/2018 7:49:33 PM]&lt;INFO&gt;Path To HorizonHobbyQA Application Url=https://www-tst.horizonhobby.com</Message>
          <Message>[5/9/2018 7:49:33 PM]&lt;INFO&gt;HorizonHobbyQA sql connection string=Server=cmp02-ws-tst-db01:50000;Database=TST01DB;UID=wcdbuser;PWD=h0r1z0n;Connect Timeout=30</Message>
          <Message>[5/9/2018 7:49:33 PM]&lt;INFO&gt;Country is := US and language id is := '-1'</Message>
          <Message>[5/9/2018 7:49:33 PM]&lt;INFO&gt;Current browser used for test execution is = 'IE'</Message>
          <Message>[5/9/2018 7:49:37 PM]&lt;INFO&gt;GenerateGiftCard : method executing...</Message>
          <Message>[5/9/2018 7:49:37 PM]&lt;INFO&gt;LaunchCustomBrowserWindow : method executing ...</Message>
          <Message>[5/9/2018 7:49:40 PM]&lt;INFO&gt;SurveyWindow : method executing ...</Message>
          <Message>[5/9/2018 7:49:43 PM]&lt;PASS&gt;&lt;GenerateGiftCard&gt;&lt; Validates that a new Gift Card Number generated successfully&gt;</Message>
          <Message>[5/9/2018 7:49:45 PM]&lt;INFO&gt;GenerateGiftCard : method executing...</Message>
          <Message>[5/9/2018 7:49:45 PM]&lt;INFO&gt;LaunchCustomBrowserWindow : method executing ...</Message>
          <Message>[5/9/2018 7:49:48 PM]&lt;INFO&gt;SurveyWindow : method executing ...</Message>
          <Message>[5/9/2018 7:49:50 PM]&lt;PASS&gt;&lt;GenerateGiftCard&gt;&lt; Validates that a new Gift Card Number generated successfully&gt;</Message>
          <Message>[5/9/2018 7:49:52 PM]&lt;INFO&gt;GenerateGiftCard : method executing...</Message>
          <Message>[5/9/2018 7:49:52 PM]&lt;INFO&gt;LaunchCustomBrowserWindow : method executing ...</Message>
          <Message>[5/9/2018 7:49:55 PM]&lt;INFO&gt;SurveyWindow : method executing ...</Message>
          <Message>[5/9/2018 7:49:58 PM]&lt;PASS&gt;&lt;GenerateGiftCard&gt;&lt; Validates that a new Gift Card Number generated successfully&gt;</Message>
          <Message>[5/9/2018 7:50:00 PM]&lt;INFO&gt;GenerateGiftCard : method executing...</Message>
          <Message>[5/9/2018 7:50:00 PM]&lt;INFO&gt;LaunchCustomBrowserWindow : method executing ...</Message>
          <Message>[5/9/2018 7:50:03 PM]&lt;INFO&gt;SurveyWindow : method executing ...</Message>
          <Message>[5/9/2018 7:50:06 PM]&lt;PASS&gt;&lt;GenerateGiftCard&gt;&lt; Validates that a new Gift Card Number generated successfully&gt;</Message>
          <Message>[5/9/2018 7:50:08 PM]&lt;INFO&gt;GenerateGiftCard : method executing...</Message>
          <Message>[5/9/2018 7:50:08 PM]&lt;INFO&gt;LaunchCustomBrowserWindow : method executing ...</Message>
          <Message>[5/9/2018 7:50:11 PM]&lt;INFO&gt;SurveyWindow : method executing ...</Message>
          <Message>[5/9/2018 7:50:14 PM]&lt;PASS&gt;&lt;GenerateGiftCard&gt;&lt; Validates that a new Gift Card Number generated successfully&gt;</Message>
          <Message>[5/9/2018 7:50:16 PM]&lt;INFO&gt;GenerateGiftCard : method executing...</Message>
          <Message>[5/9/2018 7:50:16 PM]&lt;INFO&gt;LaunchCustomBrowserWindow : method executing ...</Message>
          <Message>[5/9/2018 7:50:19 PM]&lt;INFO&gt;SurveyWindow : method executing ...</Message>
          <Message>[5/9/2018 7:50:21 PM]&lt;PASS&gt;&lt;GenerateGiftCard&gt;&lt; Validates that a new Gift Card Number generated successfully&gt;</Message>
          <Message>[5/9/2018 7:50:23 PM]&lt;INFO&gt;GenerateGiftCard : method executing...</Message>
          <Message>[5/9/2018 7:50:23 PM]&lt;INFO&gt;LaunchCustomBrowserWindow : method executing ...</Message>
          <Message>[5/9/2018 7:50:26 PM]&lt;INFO&gt;SurveyWindow : method executing ...</Message>
          <Message>[5/9/2018 7:50:29 PM]&lt;PASS&gt;&lt;GenerateGiftCard&gt;&lt; Validates that a new Gift Card Number generated successfully&gt;</Message>
          <Message>[5/9/2018 7:50:31 PM]&lt;INFO&gt;GenerateGiftCard : method executing...</Message>
          <Message>[5/9/2018 7:50:31 PM]&lt;INFO&gt;LaunchCustomBrowserWindow : method executing ...</Message>
          <Message>[5/9/2018 7:50:34 PM]&lt;INFO&gt;SurveyWindow : method executing ...</Message>
          <Message>[5/9/2018 7:50:37 PM]&lt;PASS&gt;&lt;GenerateGiftCard&gt;&lt; Validates that a new Gift Card Number generated successfully&gt;</Message>
          <Message>[5/9/2018 7:50:39 PM]&lt;INFO&gt;GenerateGiftCard : method executing...</Message>
          <Message>[5/9/2018 7:50:39 PM]&lt;INFO&gt;LaunchCustomBrowserWindow : method executing ...</Message>
          <Message>[5/9/2018 7:50:41 PM]&lt;INFO&gt;SurveyWindow : method executing ...</Message>
          <Message>[5/9/2018 7:50:44 PM]&lt;PASS&gt;&lt;GenerateGiftCard&gt;&lt; Validates that a new Gift Card Number generated successfully&gt;</Message>
          <Message>[5/9/2018 7:50:46 PM]&lt;INFO&gt;GenerateGiftCard : method executing...</Message>
          <Message>[5/9/2018 7:50:46 PM]&lt;INFO&gt;LaunchCustomBrowserWindow : method executing ...</Message>
          <Message>[5/9/2018 7:50:49 PM]&lt;INFO&gt;SurveyWindow : method executing ...</Message>
          <Message>[5/9/2018 7:50:52 PM]&lt;PASS&gt;&lt;GenerateGiftCard&gt;&lt; Validates that a new Gift Card Number generated successfully&gt;</Message>
          <Message>[5/9/2018 7:50:54 PM]&lt;INFO&gt;GenerateGiftCard : method executing...</Message>
          <Message>[5/9/2018 7:50:54 PM]&lt;INFO&gt;LaunchCustomBrowserWindow : method executing ...</Message>
          <Message>[5/9/2018 7:50:57 PM]&lt;INFO&gt;SurveyWindow : method executing ...</Message>
          <Message>[5/9/2018 7:51:00 PM]&lt;PASS&gt;&lt;GenerateGiftCard&gt;&lt; Validates that a new Gift Card Number generated successfully&gt;</Message>
          <Message>[5/9/2018 7:51:06 PM]&lt;INFO&gt;SurveyWindow : method executing ...</Message>
          <Message>[5/9/2018 7:51:13 PM]&lt;INFO&gt;ContinueOnCertificationErrorClickexecuting ...</Message>
          <Message>[5/9/2018 7:51:13 PM]&lt;Info&gt;DEAllBrowserWindow : Locating browser window...</Message>
          <Message>[5/9/2018 7:51:21 PM]&lt;INFO&gt;ClickAcceptCookiesAgreement : failed executing ...</Message>
          <Message>[5/9/2018 7:51:28 PM]&lt;INFO&gt;UserRegistration : method executing ...</Message>
          <Message>[5/9/2018 7:51:28 PM]&lt;Info&gt;AllBrowserWindow : Locating browser window...</Message>
          <Message>[5/9/2018 7:51:57 PM]&lt;Info&gt;AllBrowserWindow : Locating browser window...</Message>
          <Message>[5/9/2018 7:52:19 PM]&lt;INFO&gt;SurveyWindow : method executing ...</Message>
          <Message>[5/9/2018 7:52:27 PM]&lt;INFO&gt;SearchProductexecuting ... Searching term:= 'IRLDUO58004RE'</Message>
          <Message>[5/9/2018 7:52:34 PM]&lt;Info&gt;AllBrowserWindow : Locating browser window...</Message>
          <Message>[5/9/2018 7:52:34 PM]&lt;INFO&gt;BackOrderClickexecuting ...</Message>
          <Message>[5/9/2018 7:52:35 PM]&lt;INFO&gt;GoToCartClickexecuting ...</Message>
          <Message>[5/9/2018 7:52:42 PM]&lt;INFO&gt;CheckoutProcessStartShoppingCart : method executing</Message>
          <Message>[5/9/2018 7:52:42 PM]&lt;Info&gt;AllBrowserWindow : Locating browser window...</Message>
          <Message>[5/9/2018 7:52:51 PM]&lt;INFO&gt;CheckoutShoppingCartControls : method executing</Message>
          <Message>[5/9/2018 7:52:51 PM]&lt;Info&gt;AllBrowserWindow : Locating browser window...</Message>
          <Message>[5/9/2018 7:52:59 PM]&lt;Info&gt;AllBrowserWindow : Locating browser window...</Message>
          <Message>[5/9/2018 7:53:03 PM]&lt;INFO&gt;CheckoutCreditCardShippingAndBillingControls : method executing</Message>
          <Message>[5/9/2018 7:53:03 PM]&lt;Info&gt;AllBrowserWindow : Locating browser window...</Message>
          <Message>[5/9/2018 7:53:12 PM]&lt;INFO&gt;TotalValue : method executing ...</Message>
          <Message>[5/9/2018 7:53:12 PM]&lt;INFO&gt;ApplyGiftCard : method executing... -&gt; '8018525846493468496'</Message>
          <Message>[5/9/2018 7:53:13 PM]&lt;Info&gt;AllBrowserWindow : Locating browser window...</Message>
          <Message>[5/9/2018 7:53:30 PM]&lt;INFO&gt;CheckoutCreditCardShippingAndBillingControls : method executing</Message>
          <Message>[5/9/2018 7:53:30 PM]&lt;Info&gt;AllBrowserWindow : Locating browser window...</Message>
          <Message>[5/9/2018 7:53:40 PM]&lt;INFO&gt;TotalValue : method executing ...</Message>
          <Message>[5/9/2018 7:53:40 PM]&lt;PASS&gt;&lt;CreditCardCheckoutGiftCardEntryLimit&gt;&lt;Validates Gift card is applied and reflected in summary order table.&gt;</Message>
          <Message>[5/9/2018 7:53:40 PM]&lt;INFO&gt;ApplyGiftCard : method executing... -&gt; '8018525465722469223'</Message>
          <Message>[5/9/2018 7:53:40 PM]&lt;Info&gt;AllBrowserWindow : Locating browser window...</Message>
          <Message>[5/9/2018 7:53:54 PM]&lt;INFO&gt;CheckoutCreditCardShippingAndBillingControls : method executing</Message>
          <Message>[5/9/2018 7:53:54 PM]&lt;Info&gt;AllBrowserWindow : Locating browser window...</Message>
          <Message>[5/9/2018 7:54:03 PM]&lt;INFO&gt;TotalValue : method executing ...</Message>
          <Message>[5/9/2018 7:54:03 PM]&lt;PASS&gt;&lt;CreditCardCheckoutGiftCardEntryLimit&gt;&lt;Validates Gift card is applied and reflected in summary order table.&gt;</Message>
          <Message>[5/9/2018 7:54:03 PM]&lt;INFO&gt;ApplyGiftCard : method executing... -&gt; '8018525712144881117'</Message>
          <Message>[5/9/2018 7:54:03 PM]&lt;Info&gt;AllBrowserWindow : Locating browser window...</Message>
          <Message>[5/9/2018 7:54:16 PM]&lt;INFO&gt;CheckoutCreditCardShippingAndBillingControls : method executing</Message>
          <Message>[5/9/2018 7:54:16 PM]&lt;Info&gt;AllBrowserWindow : Locating browser window...</Message>
          <Message>[5/9/2018 7:54:25 PM]&lt;INFO&gt;TotalValue : method executing ...</Message>
          <Message>[5/9/2018 7:54:25 PM]&lt;PASS&gt;&lt;CreditCardCheckoutGiftCardEntryLimit&gt;&lt;Validates Gift card is applied and reflected in summary order table.&gt;</Message>
          <Message>[5/9/2018 7:54:25 PM]&lt;INFO&gt;ApplyGiftCard : method executing... -&gt; '8018525540967921607'</Message>
          <Message>[5/9/2018 7:54:25 PM]&lt;Info&gt;AllBrowserWindow : Locating browser window...</Message>
          <Message>[5/9/2018 7:54:38 PM]&lt;INFO&gt;CheckoutCreditCardShippingAndBillingControls : method executing</Message>
          <Message>[5/9/2018 7:54:38 PM]&lt;Info&gt;AllBrowserWindow : Locating browser window...</Message>
          <Message>[5/9/2018 7:54:48 PM]&lt;INFO&gt;TotalValue : method executing ...</Message>
          <Message>[5/9/2018 7:54:48 PM]&lt;PASS&gt;&lt;CreditCardCheckoutGiftCardEntryLimit&gt;&lt;Validates Gift card is applied and reflected in summary order table.&gt;</Message>
          <Message>[5/9/2018 7:54:48 PM]&lt;INFO&gt;ApplyGiftCard : method executing... -&gt; '8018525916121871286'</Message>
          <Message>[5/9/2018 7:54:48 PM]&lt;Info&gt;AllBrowserWindow : Locating browser window...</Message>
          <Message>[5/9/2018 7:55:01 PM]&lt;INFO&gt;CheckoutCreditCardShippingAndBillingControls : method executing</Message>
          <Message>[5/9/2018 7:55:01 PM]&lt;Info&gt;AllBrowserWindow : Locating browser window...</Message>
          <Message>[5/9/2018 7:55:10 PM]&lt;INFO&gt;TotalValue : method executing ...</Message>
          <Message>[5/9/2018 7:55:10 PM]&lt;PASS&gt;&lt;CreditCardCheckoutGiftCardEntryLimit&gt;&lt;Validates Gift card is applied and reflected in summary order table.&gt;</Message>
          <Message>[5/9/2018 7:55:10 PM]&lt;INFO&gt;ApplyGiftCard : method executing... -&gt; '8018525819619882411'</Message>
          <Message>[5/9/2018 7:55:10 PM]&lt;Info&gt;AllBrowserWindow : Locating browser window...</Message>
          <Message>[5/9/2018 7:55:23 PM]&lt;INFO&gt;CheckoutCreditCardShippingAndBillingControls : method executing</Message>
          <Message>[5/9/2018 7:55:23 PM]&lt;Info&gt;AllBrowserWindow : Locating browser window...</Message>
          <Message>[5/9/2018 7:55:32 PM]&lt;INFO&gt;TotalValue : method executing ...</Message>
          <Message>[5/9/2018 7:55:32 PM]&lt;PASS&gt;&lt;CreditCardCheckoutGiftCardEntryLimit&gt;&lt;Validates Gift card is applied and reflected in summary order table.&gt;</Message>
          <Message>[5/9/2018 7:55:32 PM]&lt;INFO&gt;ApplyGiftCard : method executing... -&gt; '8018525790131716041'</Message>
          <Message>[5/9/2018 7:55:32 PM]&lt;Info&gt;AllBrowserWindow : Locating browser window...</Message>
          <Message>[5/9/2018 7:55:44 PM]&lt;INFO&gt;CheckoutCreditCardShippingAndBillingControls : method executing</Message>
          <Message>[5/9/2018 7:55:44 PM]&lt;Info&gt;AllBrowserWindow : Locating browser window...</Message>
          <Message>[5/9/2018 7:55:53 PM]&lt;INFO&gt;TotalValue : method executing ...</Message>
          <Message>[5/9/2018 7:55:53 PM]&lt;PASS&gt;&lt;CreditCardCheckoutGiftCardEntryLimit&gt;&lt;Validates Gift card is applied and reflected in summary order table.&gt;</Message>
          <Message>[5/9/2018 7:55:54 PM]&lt;INFO&gt;ApplyGiftCard : method executing... -&gt; '8018525762789793960'</Message>
          <Message>[5/9/2018 7:55:54 PM]&lt;Info&gt;AllBrowserWindow : Locating browser window...</Message>
          <Message>[5/9/2018 7:56:06 PM]&lt;INFO&gt;CheckoutCreditCardShippingAndBillingControls : method executing</Message>
          <Message>[5/9/2018 7:56:06 PM]&lt;Info&gt;AllBrowserWindow : Locating browser window...</Message>
          <Message>[5/9/2018 7:56:16 PM]&lt;INFO&gt;TotalValue : method executing ...</Message>
          <Message>[5/9/2018 7:56:16 PM]&lt;PASS&gt;&lt;CreditCardCheckoutGiftCardEntryLimit&gt;&lt;Validates Gift card is applied and reflected in summary order table.&gt;</Message>
          <Message>[5/9/2018 7:56:16 PM]&lt;INFO&gt;ApplyGiftCard : method executing... -&gt; '8018525878111787270'</Message>
          <Message>[5/9/2018 7:56:16 PM]&lt;Info&gt;AllBrowserWindow : Locating browser window...</Message>
          <Message>[5/9/2018 7:56:29 PM]&lt;INFO&gt;CheckoutCreditCardShippingAndBillingControls : method executing</Message>
          <Message>[5/9/2018 7:56:29 PM]&lt;Info&gt;AllBrowserWindow : Locating browser window...</Message>
          <Message>[5/9/2018 7:56:38 PM]&lt;INFO&gt;TotalValue : method executing ...</Message>
          <Message>[5/9/2018 7:56:38 PM]&lt;PASS&gt;&lt;CreditCardCheckoutGiftCardEntryLimit&gt;&lt;Validates Gift card is applied and reflected in summary order table.&gt;</Message>
          <Message>[5/9/2018 7:56:38 PM]&lt;INFO&gt;ApplyGiftCard : method executing... -&gt; '8018525892986738490'</Message>
          <Message>[5/9/2018 7:56:38 PM]&lt;Info&gt;AllBrowserWindow : Locating browser window...</Message>
          <Message>[5/9/2018 7:56:51 PM]&lt;INFO&gt;CheckoutCreditCardShippingAndBillingControls : method executing</Message>
          <Message>[5/9/2018 7:56:51 PM]&lt;Info&gt;AllBrowserWindow : Locating browser window...</Message>
          <Message>[5/9/2018 7:57:00 PM]&lt;INFO&gt;TotalValue : method executing ...</Message>
          <Message>[5/9/2018 7:57:00 PM]&lt;PASS&gt;&lt;CreditCardCheckoutGiftCardEntryLimit&gt;&lt;Validates Gift card is applied and reflected in summary order table.&gt;</Message>
          <Message>[5/9/2018 7:57:00 PM]&lt;INFO&gt;ApplyGiftCard : method executing... -&gt; '8018525632587515966'</Message>
          <Message>[5/9/2018 7:57:00 PM]&lt;Info&gt;AllBrowserWindow : Locating browser window...</Message>
          <Message>[5/9/2018 7:57:13 PM]&lt;INFO&gt;CheckoutCreditCardShippingAndBillingControls : method executing</Message>
          <Message>[5/9/2018 7:57:13 PM]&lt;Info&gt;AllBrowserWindow : Locating browser window...</Message>
          <Message>[5/9/2018 7:57:22 PM]&lt;INFO&gt;TotalValue : method executing ...</Message>
          <Message>[5/9/2018 7:57:22 PM]&lt;INFO&gt;SelectCheckoutPaymentRadiobutton : method executing</Message>
          <Message>[5/9/2018 7:57:22 PM]&lt;INFO&gt;CheckoutCreditCardShippingAndBillingControls : method executing</Message>
          <Message>[5/9/2018 7:57:22 PM]&lt;Info&gt;AllBrowserWindow : Locating browser window...</Message>
          <Message>[5/9/2018 7:57:31 PM]&lt;INFO&gt;FillCreditCardDetails : method executing</Message>
          <Message>[5/9/2018 7:57:31 PM]&lt;INFO&gt;CheckoutCreditCardShippingAndBillingControls : method executing</Message>
          <Message>[5/9/2018 7:57:31 PM]&lt;Info&gt;AllBrowserWindow : Locating browser window...</Message>
          <Message>[5/9/2018 7:57:38 PM]&lt;INFO&gt;ClickReviewOrder : method executing</Message>
          <Message>[5/9/2018 7:57:38 PM]&lt;INFO&gt;CheckoutCreditCardShippingAndBillingControls : method executing</Message>
          <Message>[5/9/2018 7:57:38 PM]&lt;Info&gt;AllBrowserWindow : Locating browser window...</Message>
          <Message>[5/9/2018 7:57:42 PM]&lt;Info&gt;AllBrowserWindow : Locating browser window...</Message>
          <Message>[5/9/2018 7:57:43 PM]&lt;INFO&gt;CheckoutCreditCardShippingAndBillingControls : method executing</Message>
          <Message>[5/9/2018 7:57:43 PM]&lt;Info&gt;AllBrowserWindow : Locating browser window...</Message>
          <Message>[5/9/2018 7:57:53 PM]&lt;INFO&gt;TotalValue : method executing ...</Message>
          <Message>[5/9/2018 7:57:53 PM]&lt;PASS&gt;&lt;CreditCardCheckoutGiftCardEntryLimit&gt;&lt;Validates Gift card is reflected in review page order table.&gt;</Message>
          <Message>[5/9/2018 7:57:53 PM]&lt;INFO&gt;PlaceOrderCreditCard : method executing</Message>
          <Message>[5/9/2018 7:57:53 PM]&lt;INFO&gt;CheckoutCreditCardShippingAndBillingControls : method executing</Message>
          <Message>[5/9/2018 7:57:53 PM]&lt;Info&gt;AllBrowserWindow : Locating browser window...</Message>
          <Message>[5/9/2018 7:58:02 PM]&lt;INFO&gt;KeyboardSendKeys method executing...</Message>
          <Message>
            Assert.Fail failed. [5/9/2018 7:58:04 PM]&lt;ERROR&gt;PlaceOrderCreditCard : failed executing ...Cannot perform 'Click' on the hidden control. Additional Details:
            TechnologyName:  'Web'
            ControlType:  'Button'
            TagName:  'INPUT'
            Id:  'submitCS'
            Name:  ''
            DisplayText:  ' Place Order'
            Type:  'submit'
            ,
            StackTrace:
            PlaceOrderCreditCard(),SharedCheckoutCreditCard.cs,Line Number:758
            PlaceOrder(),SharedCheckoutCreditCard.cs,Line Number:630
            CreditCardCheckoutGiftCardEntryLimit(),CheckoutCreditCard.cs,Line Number:1163
          </Message>
          <Message>[5/9/2018 7:58:04 PM]&lt;CaptureImage&gt;\\CMP01-YKumar\AutoLog\CMP01-INDIASQA\CreditCardCheckoutGiftCardEntryLimit_20180509195804.png</Message>
          <Message>[5/9/2018 7:58:04 PM]&lt;Info&gt;AllBrowserWindow : Locating browser window...</Message>
          <Message>[5/9/2018 7:58:42 PM]&lt;Info&gt;AllBrowserWindow : Locating browser window...</Message>
          <Message>[5/9/2018 7:59:13 PM]&lt;INFO&gt;CheckoutCreditCardShippingAndBillingControls : method executing</Message>
          <Message>[5/9/2018 7:59:13 PM]&lt;Info&gt;AllBrowserWindow : Locating browser window...</Message>
          <Message>[5/9/2018 7:59:53 PM]&lt;INFO&gt;TotalValue : method executing ...</Message>
          <Message>[5/9/2018 7:59:53 PM]&lt;PASS&gt;&lt;CreditCardCheckoutGiftCardEntryLimit&gt;&lt;Validates Gift card is reflected in Order Confirmation page order table.&gt;</Message>
          <Message>[5/9/2018 7:59:54 PM]&lt;INFO&gt;DeleteWishlistFromDatabase : method executing</Message>
          <Message>[5/9/2018 7:59:54 PM]&lt;INFO&gt;DeletOrderItem : method executing</Message>
          <Message>[5/9/2018 8:00:23 PM]&lt;RESULT&gt;Test Ended:#PASS=23, #FAIL=0,#Other errors=1</Message>
          <Message>[5/9/2018 8:00:24 PM]&lt;INFO&gt;LogCPUAndMemoryUsage: Available Memory = 23708(MB), CPU Usage = 21.21949%</Message>
          <Message>[5/9/2018 8:00:24 PM]&lt;INFO&gt;Private Working Set for QTAgent32_40, usage=414364 (K)</Message>
          <Message>[5/9/2018 8:00:24 PM]&lt;RESULT&gt;&lt;CreditCardCheckoutGiftCardEntryLimit&gt; Test FAILED: #Other errors=1. See Error Message/logs for further details.</Message>
        </TextMessages>
      </Output>
      <ResultFiles>
        <ResultFile path="CMP01-INDIASQA.horizonhobby.com\CheckoutCreditCard_194930.xml" />
        <ResultFile path="CMP01-INDIASQA.horizonhobby.com\CreditCardCheckoutGiftCardEntryLimit_20180509194930.log" />
        <ResultFile path="CMP01-INDIASQA.horizonhobby.com\CreditCardCheckoutGiftCardEntryLimit_20180509195804.png" />
        <ResultFile path="CMP01-INDIASQA.horizonhobby.com\CreditCardCheckoutGiftCardEntryLimit_ResultsONLY_20180509194930.log" />
        <ResultFile path="CMP01-INDIASQA.horizonhobby.com\SharedCommonConfig.xml" />
      </ResultFiles>
    </UnitTestResult>
    <UnitTestResult executionId="292e24bd-e80a-4b31-bc33-474973036b8f" testId="31283429-aefb-cb05-99af-4ca2b444ab5e" testName="CartOversizeItems" computerName="CMP01-INDIASQA" duration="00:06:42.1498918" startTime="2018-05-09T20:00:26.3808797-05:00" endTime="2018-05-09T20:07:08.5698797-05:00" testType="13cdc9d9-ddb5-4fa4-a97d-d965ccfc6d4b" outcome="Passed" testListId="8c84fa94-04c1-424b-9868-57a2d4851a1d" relativeResultsDirectory="292e24bd-e80a-4b31-bc33-474973036b8f">
      <Output>
        <StdOut>Logging to custom path:\\CMP01-YKumar\AutoLog</StdOut>
        <TextMessages>
          <Message>
            [5/9/2018 8:00:26 PM]&lt;STARTLOG&gt;&lt;CartOversizeItems&gt;Test Started: Expecting: #PASS=Undefined and #FAIL=0
            Running from MTM=True, running on machine name:CMP01-INDIASQA, user name=ykumar, OS=Microsoft Windows NT 6.1.7601 Service Pack 1, Is64BitOS=True
          </Message>
          <Message>[5/9/2018 8:00:27 PM]&lt;INFO&gt;LogCPUAndMemoryUsage: Available Memory = 23905(MB), CPU Usage = 19.29009%</Message>
          <Message>[5/9/2018 8:00:27 PM]&lt;INFO&gt;Private Working Set for QTAgent32_40, usage=414548 (K)</Message>
          <Message>[5/9/2018 8:00:27 PM]&lt;INFO&gt;Path To TestConfig xml=E:\LoadTestResult\VSEQT\QTAgent\26924\CMP01-INDIASQA.horizonhobby.com\Deployment\SharedCommonConfig.xml</Message>
          <Message>[5/9/2018 8:00:27 PM]&lt;INFO&gt;Path To TestData xml=E:\LoadTestResult\VSEQT\QTAgent\26924\CMP01-INDIASQA.horizonhobby.com\Deployment\CartDisplayTestData_200026.xml</Message>
          <Message>[5/9/2018 8:00:27 PM]&lt;INFO&gt;Path To HorizonHobbyQA Application Url=https://www-tst.horizonhobby.com</Message>
          <Message>[5/9/2018 8:00:27 PM]&lt;INFO&gt;HorizonHobbyQA sql connection string=Server=cmp02-ws-tst-db01:50000;Database=TST01DB;UID=wcdbuser;PWD=h0r1z0n;Connect Timeout=30</Message>
          <Message>[5/9/2018 8:00:27 PM]&lt;INFO&gt;Country is := US and language id is := '-1'</Message>
          <Message>[5/9/2018 8:00:27 PM]&lt;INFO&gt;Current browser used for test execution is = 'IE'</Message>
          <Message>[5/9/2018 8:00:53 PM]&lt;Info&gt;AllBrowserWindow : Locating browser window...</Message>
          <Message>[5/9/2018 8:00:56 PM]&lt;INFO&gt;SurveyWindow : method executing ...</Message>
          <Message>[5/9/2018 8:01:05 PM]&lt;INFO&gt;ContinueOnCertificationErrorClickexecuting ...</Message>
          <Message>[5/9/2018 8:01:05 PM]&lt;Info&gt;DEAllBrowserWindow : Locating browser window...</Message>
          <Message>[5/9/2018 8:01:11 PM]&lt;INFO&gt;ClickAcceptCookiesAgreement : failed executing ...</Message>
          <Message>[5/9/2018 8:01:17 PM]&lt;INFO&gt;UserRegistration : method executing ...</Message>
          <Message>[5/9/2018 8:01:17 PM]&lt;Info&gt;AllBrowserWindow : Locating browser window...</Message>
          <Message>[5/9/2018 8:01:52 PM]&lt;Info&gt;AllBrowserWindow : Locating browser window...</Message>
          <Message>[5/9/2018 8:02:16 PM]&lt;Info&gt;AllBrowserWindow : Locating browser window...</Message>
          <Message>[5/9/2018 8:02:29 PM]&lt;INFO&gt;GetSearchProductOnAttributeValue executing... </Message>
          <Message>[5/9/2018 8:02:30 PM]&lt;INFO&gt;SearchProductexecuting ... Searching term:= 'FMMSU101P2'</Message>
          <Message>[5/9/2018 8:03:02 PM]&lt;Info&gt;AllBrowserWindow : Locating browser window...</Message>
          <Message>[5/9/2018 8:03:35 PM]&lt;INFO&gt;BackOrderClickexecuting ...</Message>
          <Message>[5/9/2018 8:03:53 PM]&lt;INFO&gt;GetSearchProductOnAttributeValue executing... </Message>
          <Message>[5/9/2018 8:03:53 PM]&lt;INFO&gt;SearchProductexecuting ... Searching term:= 'HAN107003'</Message>
          <Message>[5/9/2018 8:03:59 PM]&lt;Info&gt;AllBrowserWindow : Locating browser window...</Message>
          <Message>[5/9/2018 8:04:00 PM]&lt;INFO&gt;BackOrderClickexecuting ...</Message>
          <Message>[5/9/2018 8:04:11 PM]&lt;INFO&gt;GetSearchProductOnAttributeValue executing... </Message>
          <Message>[5/9/2018 8:04:11 PM]&lt;INFO&gt;SearchProductexecuting ... Searching term:= 'HAN4770'</Message>
          <Message>[5/9/2018 8:04:17 PM]&lt;Info&gt;AllBrowserWindow : Locating browser window...</Message>
          <Message>[5/9/2018 8:04:42 PM]&lt;Info&gt;AllBrowserWindow : Locating browser window...</Message>
          <Message>[5/9/2018 8:05:16 PM]&lt;Info&gt;AllBrowserWindow : Locating browser window...</Message>
          <Message>[5/9/2018 8:05:27 PM]&lt;INFO&gt;BackOrderClickexecuting ...</Message>
          <Message>[5/9/2018 8:05:40 PM]&lt;INFO&gt;CartIconClickexecuting ...</Message>
          <Message>[5/9/2018 8:05:47 PM]&lt;INFO&gt;GoToCartClickexecuting ...</Message>
          <Message>[5/9/2018 8:06:00 PM]&lt;INFO&gt;ContinueOnCertificationErrorClickexecuting ...</Message>
          <Message>[5/9/2018 8:06:10 PM]&lt;Info&gt;AllBrowserWindow : Locating browser window...</Message>
          <Message>[5/9/2018 8:06:21 PM]&lt;INFO&gt;GetOrderTotalAmount : is executing ...</Message>
          <Message>[5/9/2018 8:06:27 PM]&lt;INFO&gt;GetOrderTotalAmount : is executing ...</Message>
          <Message>[5/9/2018 8:06:28 PM]&lt;PASS&gt;&lt;CartOversizeItems&gt;&lt;Item has been removed and order total updated&gt;</Message>
          <Message>[5/9/2018 8:06:34 PM]&lt;INFO&gt;GetOrderTotalAmount : is executing ...</Message>
          <Message>[5/9/2018 8:06:34 PM]&lt;PASS&gt;&lt;CartOversizeItems&gt;&lt;Item has been removed and order total updated&gt;</Message>
          <Message>[5/9/2018 8:06:34 PM]&lt;INFO&gt;DeleteWishlistFromDatabase : method executing</Message>
          <Message>[5/9/2018 8:06:34 PM]&lt;INFO&gt;DeletOrderItem : method executing</Message>
          <Message>[5/9/2018 8:07:05 PM]&lt;RESULT&gt;Test Ended:#PASS=2, #FAIL=0</Message>
          <Message>[5/9/2018 8:07:06 PM]&lt;INFO&gt;LogCPUAndMemoryUsage: Available Memory = 24131(MB), CPU Usage = 0.942485%</Message>
          <Message>[5/9/2018 8:07:06 PM]&lt;INFO&gt;Private Working Set for QTAgent32_40, usage=417072 (K)</Message>
          <Message>[5/9/2018 8:07:06 PM]&lt;RESULT&gt;&lt;CartOversizeItems&gt; Test PASSED</Message>
        </TextMessages>
      </Output>
      <ResultFiles>
        <ResultFile path="CMP01-INDIASQA.horizonhobby.com\CartDisplayTestData_200026.xml" />
        <ResultFile path="CMP01-INDIASQA.horizonhobby.com\CartOversizeItems_20180509200026.log" />
        <ResultFile path="CMP01-INDIASQA.horizonhobby.com\CartOversizeItems_ResultsONLY_20180509200026.log" />
        <ResultFile path="CMP01-INDIASQA.horizonhobby.com\SharedCommonConfig.xml" />
      </ResultFiles>
    </UnitTestResult>
    <UnitTestResult executionId="48310baa-9ae7-4600-98d7-e0ed2de705ca" testId="c71afa19-3935-b2a0-b894-f357d0050a98" testName="CategoryListDiscontinuedItems" computerName="CMP01-INDIASQA" duration="00:01:53.8886844" startTime="2018-05-09T20:07:08.5738797-05:00" endTime="2018-05-09T20:09:02.4858797-05:00" testType="13cdc9d9-ddb5-4fa4-a97d-d965ccfc6d4b" outcome="Passed" testListId="8c84fa94-04c1-424b-9868-57a2d4851a1d" relativeResultsDirectory="48310baa-9ae7-4600-98d7-e0ed2de705ca">
      <Output>
        <StdOut>Logging to custom path:\\CMP01-YKumar\AutoLog</StdOut>
        <TextMessages>
          <Message>
            [5/9/2018 8:07:08 PM]&lt;STARTLOG&gt;&lt;CategoryListDiscontinuedItems&gt;Test Started: Expecting: #PASS=Undefined and #FAIL=0
            Running from MTM=True, running on machine name:CMP01-INDIASQA, user name=ykumar, OS=Microsoft Windows NT 6.1.7601 Service Pack 1, Is64BitOS=True
          </Message>
          <Message>[5/9/2018 8:07:09 PM]&lt;INFO&gt;LogCPUAndMemoryUsage: Available Memory = 24154(MB), CPU Usage = 18.55602%</Message>
          <Message>[5/9/2018 8:07:09 PM]&lt;INFO&gt;Private Working Set for QTAgent32_40, usage=417356 (K)</Message>
          <Message>[5/9/2018 8:07:09 PM]&lt;INFO&gt;Path To TestConfig xml=E:\LoadTestResult\VSEQT\QTAgent\26924\CMP01-INDIASQA.horizonhobby.com\Deployment\SharedCommonConfig.xml</Message>
          <Message>[5/9/2018 8:07:09 PM]&lt;INFO&gt;Path To TestData xml=E:\LoadTestResult\VSEQT\QTAgent\26924\CMP01-INDIASQA.horizonhobby.com\Deployment\CategoryListLevel3TestData_200708.xml</Message>
          <Message>[5/9/2018 8:07:09 PM]&lt;INFO&gt;Path To HorizonHobbyQA Application Url=https://www-tst.horizonhobby.com</Message>
          <Message>[5/9/2018 8:07:09 PM]&lt;INFO&gt;HorizonHobbyQA sql connection string=Server=cmp02-ws-tst-db01:50000;Database=TST01DB;UID=wcdbuser;PWD=h0r1z0n;Connect Timeout=30</Message>
          <Message>[5/9/2018 8:07:09 PM]&lt;INFO&gt;Country is := US and language id is := '-1'</Message>
          <Message>[5/9/2018 8:07:09 PM]&lt;INFO&gt;Current browser used for test execution is = 'IE'</Message>
          <Message>[5/9/2018 8:07:14 PM]&lt;INFO&gt;GetMenuItems : method executing ... - Orion</Message>
          <Message>[5/9/2018 8:07:16 PM]&lt;Info&gt;AllBrowserWindow : Locating browser window...</Message>
          <Message>[5/9/2018 8:08:37 PM]&lt;PASS&gt;&lt;CategoryListDiscontinuedItems&gt;&lt;Validates that there are no discontinued items in the result.&gt;</Message>
          <Message>[5/9/2018 8:08:59 PM]&lt;PASS&gt;&lt;CategoryListDiscontinuedItems&gt;&lt;Validates that there are discontinued items in the result&gt;</Message>
          <Message>[5/9/2018 8:08:59 PM]&lt;RESULT&gt;Test Ended:#PASS=2, #FAIL=0</Message>
          <Message>[5/9/2018 8:09:00 PM]&lt;INFO&gt;LogCPUAndMemoryUsage: Available Memory = 24227(MB), CPU Usage = 11.66443%</Message>
          <Message>[5/9/2018 8:09:00 PM]&lt;INFO&gt;Private Working Set for QTAgent32_40, usage=415320 (K)</Message>
          <Message>[5/9/2018 8:09:00 PM]&lt;RESULT&gt;&lt;CategoryListDiscontinuedItems&gt; Test PASSED</Message>
        </TextMessages>
      </Output>
      <ResultFiles>
        <ResultFile path="CMP01-INDIASQA.horizonhobby.com\CategoryListDiscontinuedItems_20180509200708.log" />
        <ResultFile path="CMP01-INDIASQA.horizonhobby.com\CategoryListDiscontinuedItems_ResultsONLY_20180509200708.log" />
        <ResultFile path="CMP01-INDIASQA.horizonhobby.com\CategoryListLevel3TestData_200708.xml" />
        <ResultFile path="CMP01-INDIASQA.horizonhobby.com\SharedCommonConfig.xml" />
      </ResultFiles>
    </UnitTestResult>
    <UnitTestResult executionId="a0ff525f-ddf3-4617-8fef-64efcbb87153" testId="d1fb9b6e-f3f1-87e3-83a9-b463b3786527" testName="ProductPageLandscapeImageViewOption" computerName="CMP01-INDIASQA" duration="00:00:21.2986853" startTime="2018-05-09T20:09:02.4868797-05:00" endTime="2018-05-09T20:09:23.8108797-05:00" testType="13cdc9d9-ddb5-4fa4-a97d-d965ccfc6d4b" outcome="Passed" testListId="8c84fa94-04c1-424b-9868-57a2d4851a1d" relativeResultsDirectory="a0ff525f-ddf3-4617-8fef-64efcbb87153">
      <Output>
        <StdOut>Logging to custom path:\\CMP01-YKumar\AutoLog</StdOut>
        <TextMessages>
          <Message>
            [5/9/2018 8:09:02 PM]&lt;STARTLOG&gt;&lt;ProductPageLandscapeImageViewOption&gt;Test Started: Expecting: #PASS=Undefined and #FAIL=0
            Running from MTM=True, running on machine name:CMP01-INDIASQA, user name=ykumar, OS=Microsoft Windows NT 6.1.7601 Service Pack 1, Is64BitOS=True
          </Message>
          <Message>[5/9/2018 8:09:03 PM]&lt;INFO&gt;LogCPUAndMemoryUsage: Available Memory = 24386(MB), CPU Usage = 10.38904%</Message>
          <Message>[5/9/2018 8:09:03 PM]&lt;INFO&gt;Private Working Set for QTAgent32_40, usage=415468 (K)</Message>
          <Message>[5/9/2018 8:09:03 PM]&lt;INFO&gt;Path To TestConfig xml=E:\LoadTestResult\VSEQT\QTAgent\26924\CMP01-INDIASQA.horizonhobby.com\Deployment\SharedCommonConfig.xml</Message>
          <Message>[5/9/2018 8:09:03 PM]&lt;INFO&gt;Path To TestData xml=E:\LoadTestResult\VSEQT\QTAgent\26924\CMP01-INDIASQA.horizonhobby.com\Deployment\ProductPageTestData_200902.xml</Message>
          <Message>[5/9/2018 8:09:03 PM]&lt;INFO&gt;Path To HorizonHobbyQA Application Url=https://www-tst.horizonhobby.com</Message>
          <Message>[5/9/2018 8:09:03 PM]&lt;INFO&gt;HorizonHobbyQA sql connection string=Server=cmp02-ws-tst-db01:50000;Database=TST01DB;UID=wcdbuser;PWD=h0r1z0n;Connect Timeout=30</Message>
          <Message>[5/9/2018 8:09:03 PM]&lt;INFO&gt;Country is := US and language id is := '-1'</Message>
          <Message>[5/9/2018 8:09:03 PM]&lt;INFO&gt;Current browser used for test execution is = 'IE'</Message>
          <Message>[5/9/2018 8:09:10 PM]&lt;Info&gt;AllBrowserWindow : Locating browser window...</Message>
          <Message>[5/9/2018 8:09:10 PM]&lt;INFO&gt;GetProductWithPartsAndListingAndCompletionGuide executing... </Message>
          <Message>[5/9/2018 8:09:10 PM]&lt;INFO&gt;SearchProductexecuting ... Searching term:= 'EFL4100'</Message>
          <Message>[5/9/2018 8:09:17 PM]&lt;Info&gt;AllBrowserWindow : Locating browser window...</Message>
          <Message>[5/9/2018 8:09:20 PM]&lt;PASS&gt;&lt;ProductPageLandscapeImageViewOption&gt;&lt;Product image URL appears as expected&gt;</Message>
          <Message>[5/9/2018 8:09:20 PM]&lt;RESULT&gt;Test Ended:#PASS=1, #FAIL=0</Message>
          <Message>[5/9/2018 8:09:21 PM]&lt;INFO&gt;LogCPUAndMemoryUsage: Available Memory = 24158(MB), CPU Usage = 2.30437%</Message>
          <Message>[5/9/2018 8:09:21 PM]&lt;INFO&gt;Private Working Set for QTAgent32_40, usage=414960 (K)</Message>
          <Message>[5/9/2018 8:09:21 PM]&lt;RESULT&gt;&lt;ProductPageLandscapeImageViewOption&gt; Test PASSED</Message>
        </TextMessages>
      </Output>
      <ResultFiles>
        <ResultFile path="CMP01-INDIASQA.horizonhobby.com\ProductPageLandscapeImageViewOption_20180509200902.log" />
        <ResultFile path="CMP01-INDIASQA.horizonhobby.com\ProductPageLandscapeImageViewOption_ResultsONLY_20180509200902.log" />
        <ResultFile path="CMP01-INDIASQA.horizonhobby.com\ProductPageTestData_200902.xml" />
        <ResultFile path="CMP01-INDIASQA.horizonhobby.com\SharedCommonConfig.xml" />
      </ResultFiles>
    </UnitTestResult>
    <UnitTestResult executionId="9f0ee26d-8b49-4ebb-af5b-f825da524cf7" testId="a2a71dfa-792a-5d28-67e9-615807a966df" testName="ProductPageSpecsTabDescriptiveAttributes" computerName="CMP01-INDIASQA" duration="00:00:33.5649162" startTime="2018-05-09T20:09:23.8128797-05:00" endTime="2018-05-09T20:09:57.4048797-05:00" testType="13cdc9d9-ddb5-4fa4-a97d-d965ccfc6d4b" outcome="Passed" testListId="8c84fa94-04c1-424b-9868-57a2d4851a1d" relativeResultsDirectory="9f0ee26d-8b49-4ebb-af5b-f825da524cf7">
      <Output>
        <StdOut>Logging to custom path:\\CMP01-YKumar\AutoLog</StdOut>
        <TextMessages>
          <Message>
            [5/9/2018 8:09:23 PM]&lt;STARTLOG&gt;&lt;ProductPageSpecsTabDescriptiveAttributes&gt;Test Started: Expecting: #PASS=Undefined and #FAIL=0
            Running from MTM=True, running on machine name:CMP01-INDIASQA, user name=ykumar, OS=Microsoft Windows NT 6.1.7601 Service Pack 1, Is64BitOS=True
          </Message>
          <Message>[5/9/2018 8:09:24 PM]&lt;INFO&gt;LogCPUAndMemoryUsage: Available Memory = 24366(MB), CPU Usage = 24.33645%</Message>
          <Message>[5/9/2018 8:09:24 PM]&lt;INFO&gt;Private Working Set for QTAgent32_40, usage=415120 (K)</Message>
          <Message>[5/9/2018 8:09:24 PM]&lt;INFO&gt;Path To TestConfig xml=E:\LoadTestResult\VSEQT\QTAgent\26924\CMP01-INDIASQA.horizonhobby.com\Deployment\SharedCommonConfig.xml</Message>
          <Message>[5/9/2018 8:09:24 PM]&lt;INFO&gt;Path To TestData xml=E:\LoadTestResult\VSEQT\QTAgent\26924\CMP01-INDIASQA.horizonhobby.com\Deployment\ProductPageTestData_200923.xml</Message>
          <Message>[5/9/2018 8:09:24 PM]&lt;INFO&gt;Path To HorizonHobbyQA Application Url=https://www-tst.horizonhobby.com</Message>
          <Message>[5/9/2018 8:09:24 PM]&lt;INFO&gt;HorizonHobbyQA sql connection string=Server=cmp02-ws-tst-db01:50000;Database=TST01DB;UID=wcdbuser;PWD=h0r1z0n;Connect Timeout=30</Message>
          <Message>[5/9/2018 8:09:24 PM]&lt;INFO&gt;Country is := US and language id is := '-1'</Message>
          <Message>[5/9/2018 8:09:24 PM]&lt;INFO&gt;Current browser used for test execution is = 'IE'</Message>
          <Message>[5/9/2018 8:09:28 PM]&lt;Info&gt;AllBrowserWindow : Locating browser window...</Message>
          <Message>[5/9/2018 8:09:28 PM]&lt;INFO&gt;SearchProductexecuting ... Searching term:= 'HAN4495'</Message>
          <Message>[5/9/2018 8:09:35 PM]&lt;Info&gt;AllBrowserWindow : Locating browser window...</Message>
          <Message>[5/9/2018 8:09:54 PM]&lt;PASS&gt;&lt;ProductPageSpecsTabDescriptiveAttributes&gt;&lt; Verify the items are same as expected : &gt;</Message>
          <Message>[5/9/2018 8:09:54 PM]&lt;RESULT&gt;Test Ended:#PASS=1, #FAIL=0</Message>
          <Message>[5/9/2018 8:09:55 PM]&lt;INFO&gt;LogCPUAndMemoryUsage: Available Memory = 24211(MB), CPU Usage = 3.66938%</Message>
          <Message>[5/9/2018 8:09:55 PM]&lt;INFO&gt;Private Working Set for QTAgent32_40, usage=407828 (K)</Message>
          <Message>[5/9/2018 8:09:55 PM]&lt;RESULT&gt;&lt;ProductPageSpecsTabDescriptiveAttributes&gt; Test PASSED</Message>
        </TextMessages>
      </Output>
      <ResultFiles>
        <ResultFile path="CMP01-INDIASQA.horizonhobby.com\ProductPageSpecsTabDescriptiveAttributes_20180509200923.log" />
        <ResultFile path="CMP01-INDIASQA.horizonhobby.com\ProductPageSpecsTabDescriptiveAttributes_ResultsONLY_20180509200923.log" />
        <ResultFile path="CMP01-INDIASQA.horizonhobby.com\ProductPageTestData_200923.xml" />
        <ResultFile path="CMP01-INDIASQA.horizonhobby.com\SharedCommonConfig.xml" />
      </ResultFiles>
    </UnitTestResult>
    <UnitTestResult executionId="ebfd269e-da37-4177-a8b0-9c60bda363ba" testId="74c62c45-3f45-e15e-2561-664b51123c40" testName="ProductPagePartsAndAccessoriesSortWhenToDisplay" computerName="CMP01-INDIASQA" duration="00:08:30.3207665" startTime="2018-05-09T20:09:57.4058797-05:00" endTime="2018-05-09T20:18:27.7638797-05:00" testType="13cdc9d9-ddb5-4fa4-a97d-d965ccfc6d4b" outcome="Failed" testListId="8c84fa94-04c1-424b-9868-57a2d4851a1d" relativeResultsDirectory="ebfd269e-da37-4177-a8b0-9c60bda363ba">
      <Output>
        <StdOut>Logging to custom path:\\CMP01-YKumar\AutoLog</StdOut>
        <ErrorInfo>
          <Message>
            Assert.Fail failed.
            Actual #FAIL=2, #Expected FAIL=0
            [Error details below]
            &lt;FAIL&gt;&lt;ProductPagePartsAndAccessoriesSortWhenToDisplay&gt;&lt;Validates PartsAndAccesoriesTab is not displayed on product page when merchendising it is not associated.&gt;.Assert.AreEqual failed. Expected:&lt;False&gt;. Actual:&lt;True&gt;.
            StackTrace:
            ProductPagePartsAndAccessoriesSortWhenToDisplay(),ProductPage.cs,Line Number:5412
            &lt;FAIL&gt;&lt;ProductPagePartsAndAccessoriesSortWhenToDisplay&gt;&lt;Validates PartsAndAccesoriesTab is displayed on product page when merchandising 'OptionalAccessories' is associated.&gt;.Assert.AreEqual failed. Expected:&lt;True&gt;. Actual:&lt;False&gt;.
            StackTrace:
            ProductPagePartsAndAccessoriesSortWhenToDisplay(),ProductPage.cs,Line Number:5546
          </Message>
          <StackTrace>
            at TestAuto.LoggingAndSharedGenericMethods.EndTest() in c:\Builds\1\WebSphere\QATestAutomation\src\CodedUITest\SourceCode\Common\Logging\Logging.cs:line 1628
            at TestAuto.ProductPageTest.TestCleanup() in c:\Builds\1\WebSphere\QATestAutomation\src\CodedUITest\SourceCode\HHobby\ProductPage\ProductPage.cs:line 6905
          </StackTrace>
        </ErrorInfo>
        <TextMessages>
          <Message>
            [5/9/2018 8:09:57 PM]&lt;STARTLOG&gt;&lt;ProductPagePartsAndAccessoriesSortWhenToDisplay&gt;Test Started: Expecting: #PASS=Undefined and #FAIL=0
            Running from MTM=True, running on machine name:CMP01-INDIASQA, user name=ykumar, OS=Microsoft Windows NT 6.1.7601 Service Pack 1, Is64BitOS=True
          </Message>
          <Message>[5/9/2018 8:09:58 PM]&lt;INFO&gt;LogCPUAndMemoryUsage: Available Memory = 24363(MB), CPU Usage = 16.59468%</Message>
          <Message>[5/9/2018 8:09:58 PM]&lt;INFO&gt;Private Working Set for QTAgent32_40, usage=416256 (K)</Message>
          <Message>[5/9/2018 8:09:58 PM]&lt;INFO&gt;Path To TestConfig xml=E:\LoadTestResult\VSEQT\QTAgent\26924\CMP01-INDIASQA.horizonhobby.com\Deployment\SharedCommonConfig.xml</Message>
          <Message>[5/9/2018 8:09:58 PM]&lt;INFO&gt;Path To TestData xml=E:\LoadTestResult\VSEQT\QTAgent\26924\CMP01-INDIASQA.horizonhobby.com\Deployment\ProductPageTestData_200957.xml</Message>
          <Message>[5/9/2018 8:09:58 PM]&lt;INFO&gt;Path To HorizonHobbyQA Application Url=https://www-tst.horizonhobby.com</Message>
          <Message>[5/9/2018 8:09:58 PM]&lt;INFO&gt;HorizonHobbyQA sql connection string=Server=cmp02-ws-tst-db01:50000;Database=TST01DB;UID=wcdbuser;PWD=h0r1z0n;Connect Timeout=30</Message>
          <Message>[5/9/2018 8:09:58 PM]&lt;INFO&gt;Country is := US and language id is := '-1'</Message>
          <Message>[5/9/2018 8:09:58 PM]&lt;INFO&gt;Current browser used for test execution is = 'IE'</Message>
          <Message>[5/9/2018 8:09:58 PM]&lt;INFO&gt;GetProductWithPartsAndListingAndCompletionGuide executing... </Message>
          <Message>[5/9/2018 8:10:05 PM]&lt;INFO&gt;SearchProductexecuting ... Searching term:= 'TRA370541T2'</Message>
          <Message>[5/9/2018 8:10:12 PM]&lt;Info&gt;AllBrowserWindow : Locating browser window...</Message>
          <Message>
            [5/9/2018 8:10:27 PM]&lt;FAIL&gt;&lt;ProductPagePartsAndAccessoriesSortWhenToDisplay&gt;&lt;Validates PartsAndAccesoriesTab is not displayed on product page when merchendising it is not associated.&gt;.Assert.AreEqual failed. Expected:&lt;False&gt;. Actual:&lt;True&gt;.
            StackTrace:
            ProductPagePartsAndAccessoriesSortWhenToDisplay(),ProductPage.cs,Line Number:5412
          </Message>
          <Message>[5/9/2018 8:10:27 PM]&lt;CaptureImage&gt;\\CMP01-YKumar\AutoLog\CMP01-INDIASQA\ProductPagePartsAndAccessoriesSortWhenToDisplay_20180509201027.png</Message>
          <Message>[5/9/2018 8:10:27 PM]&lt;INFO&gt;Validating PART_LISTING items...</Message>
          <Message>[5/9/2018 8:10:27 PM]&lt;INFO&gt;GetProductWithPartsAndListingAndCompletionGuide executing... </Message>
          <Message>[5/9/2018 8:10:28 PM]&lt;INFO&gt;SearchProductexecuting ... Searching term:= 'EVOE0520'</Message>
          <Message>[5/9/2018 8:10:53 PM]&lt;Info&gt;AllBrowserWindow : Locating browser window...</Message>
          <Message>[5/9/2018 8:11:17 PM]&lt;Info&gt;AllBrowserWindow : Locating browser window...</Message>
          <Message>[5/9/2018 8:11:50 PM]&lt;Info&gt;AllBrowserWindow : Locating browser window...</Message>
          <Message>[5/9/2018 8:12:13 PM]&lt;INFO&gt;ProductsPartsListingProductsexecuting ...</Message>
          <Message>[5/9/2018 8:12:48 PM]&lt;PASS&gt;&lt;ProductPagePartsAndAccessoriesSortWhenToDisplay&gt;&lt;Validates PartsAndAccesoriesTab is displayed on product page when merchandising 'PartsListing' is associated.&gt;</Message>
          <Message>[5/9/2018 8:12:48 PM]&lt;INFO&gt;Validating HOP_UPS items...</Message>
          <Message>[5/9/2018 8:12:48 PM]&lt;INFO&gt;GetProductWithPartsAndListingAndCompletionGuide executing... </Message>
          <Message>[5/9/2018 8:12:49 PM]&lt;INFO&gt;SearchProductexecuting ... Searching term:= 'TAM56314'</Message>
          <Message>[5/9/2018 8:12:57 PM]&lt;Info&gt;AllBrowserWindow : Locating browser window...</Message>
          <Message>[5/9/2018 8:13:29 PM]&lt;INFO&gt;ProductsPartsListingProductsexecuting ...</Message>
          <Message>[5/9/2018 8:13:31 PM]&lt;PASS&gt;&lt;ProductPagePartsAndAccessoriesSortWhenToDisplay&gt;&lt;Validates PartsAndAccesoriesTab is displayed on product page when merchandising 'HopUps' is associated.&gt;</Message>
          <Message>[5/9/2018 8:13:31 PM]&lt;INFO&gt;Validating Optional Accessories items...</Message>
          <Message>[5/9/2018 8:13:31 PM]&lt;INFO&gt;GetProductWithPartsAndListingAndCompletionGuide executing... </Message>
          <Message>[5/9/2018 8:13:33 PM]&lt;INFO&gt;SearchProductexecuting ... Searching term:= 'TRA360541T4'</Message>
          <Message>[5/9/2018 8:13:40 PM]&lt;Info&gt;AllBrowserWindow : Locating browser window...</Message>
          <Message>[5/9/2018 8:14:20 PM]&lt;INFO&gt;ProductsPartsListingProductsexecuting ...</Message>
          <Message>
            [5/9/2018 8:16:13 PM]&lt;FAIL&gt;&lt;ProductPagePartsAndAccessoriesSortWhenToDisplay&gt;&lt;Validates PartsAndAccesoriesTab is displayed on product page when merchandising 'OptionalAccessories' is associated.&gt;.Assert.AreEqual failed. Expected:&lt;True&gt;. Actual:&lt;False&gt;.
            StackTrace:
            ProductPagePartsAndAccessoriesSortWhenToDisplay(),ProductPage.cs,Line Number:5546
          </Message>
          <Message>[5/9/2018 8:16:13 PM]&lt;CaptureImage&gt;\\CMP01-YKumar\AutoLog\CMP01-INDIASQA\ProductPagePartsAndAccessoriesSortWhenToDisplay_20180509201613.png</Message>
          <Message>[5/9/2018 8:16:13 PM]&lt;INFO&gt;Validating PIT_FIELD_EQUIPTMENT items...</Message>
          <Message>[5/9/2018 8:16:13 PM]&lt;INFO&gt;GetProductWithPartsAndListingAndCompletionGuide executing... </Message>
          <Message>[5/9/2018 8:16:13 PM]&lt;INFO&gt;SearchProductexecuting ... Searching term:= 'EVOE0520'</Message>
          <Message>[5/9/2018 8:16:27 PM]&lt;Info&gt;AllBrowserWindow : Locating browser window...</Message>
          <Message>[5/9/2018 8:16:51 PM]&lt;Info&gt;AllBrowserWindow : Locating browser window...</Message>
          <Message>[5/9/2018 8:17:26 PM]&lt;Info&gt;AllBrowserWindow : Locating browser window...</Message>
          <Message>[5/9/2018 8:17:49 PM]&lt;INFO&gt;ProductsPartsListingProductsexecuting ...</Message>
          <Message>[5/9/2018 8:17:51 PM]&lt;PASS&gt;&lt;ProductPagePartsAndAccessoriesSortWhenToDisplay&gt;&lt;Validates PartsAndAccesoriesTab is displayed on product page when merchandising 'PitsFieldParts' is associated.&gt;</Message>
          <Message>[5/9/2018 8:17:51 PM]&lt;INFO&gt;Validating BUILDING TOOLS items...</Message>
          <Message>[5/9/2018 8:17:51 PM]&lt;INFO&gt;GetProductWithPartsAndListingAndCompletionGuide executing... </Message>
          <Message>[5/9/2018 8:17:52 PM]&lt;INFO&gt;SearchProductexecuting ... Searching term:= 'EFLM1400'</Message>
          <Message>[5/9/2018 8:17:59 PM]&lt;Info&gt;AllBrowserWindow : Locating browser window...</Message>
          <Message>[5/9/2018 8:18:22 PM]&lt;INFO&gt;ProductsPartsListingProductsexecuting ...</Message>
          <Message>[5/9/2018 8:18:24 PM]&lt;PASS&gt;&lt;ProductPagePartsAndAccessoriesSortWhenToDisplay&gt;&lt;Validates PartsAndAccesoriesTab is displayed on product page when merchandising 'BuildingTools' is associated.&gt;</Message>
          <Message>[5/9/2018 8:18:24 PM]&lt;RESULT&gt;Test Ended:#PASS=4, #FAIL=2</Message>
          <Message>[5/9/2018 8:18:25 PM]&lt;INFO&gt;LogCPUAndMemoryUsage: Available Memory = 24029(MB), CPU Usage = 4.35004%</Message>
          <Message>[5/9/2018 8:18:25 PM]&lt;INFO&gt;Private Working Set for QTAgent32_40, usage=435116 (K)</Message>
          <Message>[5/9/2018 8:18:25 PM]&lt;RESULT&gt;&lt;ProductPagePartsAndAccessoriesSortWhenToDisplay&gt; Test FAILED: Actual #FAIL=2, #Expected FAIL=0. See Error Message/logs for further details.</Message>
        </TextMessages>
      </Output>
      <ResultFiles>
        <ResultFile path="CMP01-INDIASQA.horizonhobby.com\ProductPagePartsAndAccessoriesSortWhenToDisplay_20180509200957.log" />
        <ResultFile path="CMP01-INDIASQA.horizonhobby.com\ProductPagePartsAndAccessoriesSortWhenToDisplay_20180509201027.png" />
        <ResultFile path="CMP01-INDIASQA.horizonhobby.com\ProductPagePartsAndAccessoriesSortWhenToDisplay_20180509201613.png" />
        <ResultFile path="CMP01-INDIASQA.horizonhobby.com\ProductPagePartsAndAccessoriesSortWhenToDisplay_ResultsONLY_20180509200957.log" />
        <ResultFile path="CMP01-INDIASQA.horizonhobby.com\ProductPageTestData_200957.xml" />
        <ResultFile path="CMP01-INDIASQA.horizonhobby.com\SharedCommonConfig.xml" />
      </ResultFiles>
    </UnitTestResult>
    <UnitTestResult executionId="8abc4a72-c5ef-407b-849b-963ae85e242c" testId="3e20cfaf-eb1a-9222-f5d7-c2a847eb7bf9" testName="ProductPagePartsandAccessoriesTabMerchAssocControls" computerName="CMP01-INDIASQA" duration="00:05:22.4355857" startTime="2018-05-09T20:18:27.7658797-05:00" endTime="2018-05-09T20:23:50.2258797-05:00" testType="13cdc9d9-ddb5-4fa4-a97d-d965ccfc6d4b" outcome="Passed" testListId="8c84fa94-04c1-424b-9868-57a2d4851a1d" relativeResultsDirectory="8abc4a72-c5ef-407b-849b-963ae85e242c">
      <Output>
        <StdOut>Logging to custom path:\\CMP01-YKumar\AutoLog</StdOut>
        <TextMessages>
          <Message>
            [5/9/2018 8:18:27 PM]&lt;STARTLOG&gt;&lt;ProductPagePartsandAccessoriesTabMerchAssocControls&gt;Test Started: Expecting: #PASS=Undefined and #FAIL=0
            Running from MTM=True, running on machine name:CMP01-INDIASQA, user name=ykumar, OS=Microsoft Windows NT 6.1.7601 Service Pack 1, Is64BitOS=True
          </Message>
          <Message>[5/9/2018 8:18:28 PM]&lt;INFO&gt;LogCPUAndMemoryUsage: Available Memory = 24059(MB), CPU Usage = 20.82949%</Message>
          <Message>[5/9/2018 8:18:28 PM]&lt;INFO&gt;Private Working Set for QTAgent32_40, usage=435336 (K)</Message>
          <Message>[5/9/2018 8:18:28 PM]&lt;INFO&gt;Path To TestConfig xml=E:\LoadTestResult\VSEQT\QTAgent\26924\CMP01-INDIASQA.horizonhobby.com\Deployment\SharedCommonConfig.xml</Message>
          <Message>[5/9/2018 8:18:28 PM]&lt;INFO&gt;Path To TestData xml=E:\LoadTestResult\VSEQT\QTAgent\26924\CMP01-INDIASQA.horizonhobby.com\Deployment\ProductPageTestData_201827.xml</Message>
          <Message>[5/9/2018 8:18:28 PM]&lt;INFO&gt;Path To HorizonHobbyQA Application Url=https://www-tst.horizonhobby.com</Message>
          <Message>[5/9/2018 8:18:28 PM]&lt;INFO&gt;HorizonHobbyQA sql connection string=Server=cmp02-ws-tst-db01:50000;Database=TST01DB;UID=wcdbuser;PWD=h0r1z0n;Connect Timeout=30</Message>
          <Message>[5/9/2018 8:18:28 PM]&lt;INFO&gt;Country is := US and language id is := '-1'</Message>
          <Message>[5/9/2018 8:18:28 PM]&lt;INFO&gt;Current browser used for test execution is = 'IE'</Message>
          <Message>[5/9/2018 8:18:28 PM]&lt;INFO&gt;GetProductWithPartsAndListingAndCompletionGuide executing... </Message>
          <Message>[5/9/2018 8:18:34 PM]&lt;INFO&gt;SearchProductexecuting ... Searching term:= 'SAIE180B'</Message>
          <Message>[5/9/2018 8:18:40 PM]&lt;Info&gt;AllBrowserWindow : Locating browser window...</Message>
          <Message>[5/9/2018 8:18:45 PM]&lt;INFO&gt;Validating Parts and Listing items...</Message>
          <Message>[5/9/2018 8:18:45 PM]&lt;INFO&gt;ProductsPartsListingProductsControl     executing ...</Message>
          <Message>[5/9/2018 8:19:00 PM]&lt;PASS&gt;&lt;ProductPagePartsandAccessoriesTabMerchAssocControls&gt;&lt;Validates Thumbnail image for the parts listing on Page &gt;</Message>
          <Message>[5/9/2018 8:19:01 PM]&lt;PASS&gt;&lt;ProductPagePartsandAccessoriesTabMerchAssocControls&gt;&lt;Validates Title for the parts listing on Page &gt;</Message>
          <Message>[5/9/2018 8:19:01 PM]&lt;PASS&gt;&lt;ProductPagePartsandAccessoriesTabMerchAssocControls&gt;&lt;Validates SKU for the parts listing on Page &gt;</Message>
          <Message>[5/9/2018 8:19:01 PM]&lt;PASS&gt;&lt;ProductPagePartsandAccessoriesTabMerchAssocControls&gt;&lt;Validates Stock Status for the parts listing on Page &gt;</Message>
          <Message>[5/9/2018 8:19:01 PM]&lt;PASS&gt;&lt;ProductPagePartsandAccessoriesTabMerchAssocControls&gt;&lt;Validates Standard price for the parts listing on Page &gt;</Message>
          <Message>[5/9/2018 8:19:01 PM]&lt;PASS&gt;&lt;ProductPagePartsandAccessoriesTabMerchAssocControls&gt;&lt;Validates Order Quantity for the parts listing on Page &gt;</Message>
          <Message>[5/9/2018 8:19:01 PM]&lt;PASS&gt;&lt;ProductPagePartsandAccessoriesTabMerchAssocControls&gt;&lt;Validates Add to Cart button for the parts listing on Page &gt;</Message>
          <Message>[5/9/2018 8:19:02 PM]&lt;INFO&gt;CartPopupInfoexecuting ...</Message>
          <Message>[5/9/2018 8:19:13 PM]&lt;PASS&gt;&lt;ProductPagePartsandAccessoriesTabMerchAssocControls&gt;&lt;Validates Cart popup widgit contains added part &gt;</Message>
          <Message>[5/9/2018 8:19:15 PM]&lt;INFO&gt;Validating Optional Accessories items...</Message>
          <Message>[5/9/2018 8:19:15 PM]&lt;INFO&gt;GetProductWithPartsAndListingAndCompletionGuide executing... </Message>
          <Message>[5/9/2018 8:19:16 PM]&lt;INFO&gt;SearchProductexecuting ... Searching term:= 'HBZ4480'</Message>
          <Message>[5/9/2018 8:19:23 PM]&lt;Info&gt;AllBrowserWindow : Locating browser window...</Message>
          <Message>[5/9/2018 8:19:47 PM]&lt;Info&gt;AllBrowserWindow : Locating browser window...</Message>
          <Message>[5/9/2018 8:20:20 PM]&lt;Info&gt;AllBrowserWindow : Locating browser window...</Message>
          <Message>[5/9/2018 8:20:44 PM]&lt;INFO&gt;ProductsPartsListingProductsControl     executing ...</Message>
          <Message>[5/9/2018 8:20:45 PM]&lt;PASS&gt;&lt;ProductPagePartsandAccessoriesTabMerchAssocControls&gt;&lt;Validates Thumbnail image for the parts listing on Page &gt;</Message>
          <Message>[5/9/2018 8:20:45 PM]&lt;PASS&gt;&lt;ProductPagePartsandAccessoriesTabMerchAssocControls&gt;&lt;Validates Title for the parts listing on Page &gt;</Message>
          <Message>[5/9/2018 8:20:45 PM]&lt;PASS&gt;&lt;ProductPagePartsandAccessoriesTabMerchAssocControls&gt;&lt;Validates SKU for the parts listing on Page &gt;</Message>
          <Message>[5/9/2018 8:20:45 PM]&lt;PASS&gt;&lt;ProductPagePartsandAccessoriesTabMerchAssocControls&gt;&lt;Validates Stock Status for the parts listing on Page &gt;</Message>
          <Message>[5/9/2018 8:20:45 PM]&lt;PASS&gt;&lt;ProductPagePartsandAccessoriesTabMerchAssocControls&gt;&lt;Validates Standard price for the parts listing on Page &gt;</Message>
          <Message>[5/9/2018 8:20:45 PM]&lt;INFO&gt;Validating PartsListing items Quantity and AddtoCart not available due to 'This item is no longer available' ...</Message>
          <Message>[5/9/2018 8:20:45 PM]&lt;INFO&gt;Validating HOP_UPS items...</Message>
          <Message>[5/9/2018 8:20:45 PM]&lt;INFO&gt;GetProductWithPartsAndListingAndCompletionGuide executing... </Message>
          <Message>[5/9/2018 8:20:46 PM]&lt;INFO&gt;SearchProductexecuting ... Searching term:= 'TRA370541T2'</Message>
          <Message>[5/9/2018 8:20:52 PM]&lt;Info&gt;AllBrowserWindow : Locating browser window...</Message>
          <Message>[5/9/2018 8:21:30 PM]&lt;INFO&gt;ProductsPartsListingProductsControl     executing ...</Message>
          <Message>[5/9/2018 8:21:33 PM]&lt;PASS&gt;&lt;ProductPagePartsandAccessoriesTabMerchAssocControls&gt;&lt;Validates Thumbnail image for the parts listing on Page &gt;</Message>
          <Message>[5/9/2018 8:21:33 PM]&lt;PASS&gt;&lt;ProductPagePartsandAccessoriesTabMerchAssocControls&gt;&lt;Validates Title for the parts listing on Page &gt;</Message>
          <Message>[5/9/2018 8:21:33 PM]&lt;PASS&gt;&lt;ProductPagePartsandAccessoriesTabMerchAssocControls&gt;&lt;Validates SKU for the parts listing on Page &gt;</Message>
          <Message>[5/9/2018 8:21:33 PM]&lt;PASS&gt;&lt;ProductPagePartsandAccessoriesTabMerchAssocControls&gt;&lt;Validates Stock Status for the parts listing on Page &gt;</Message>
          <Message>[5/9/2018 8:21:33 PM]&lt;PASS&gt;&lt;ProductPagePartsandAccessoriesTabMerchAssocControls&gt;&lt;Validates Standard price for the parts listing on Page &gt;</Message>
          <Message>[5/9/2018 8:21:33 PM]&lt;PASS&gt;&lt;ProductPagePartsandAccessoriesTabMerchAssocControls&gt;&lt;Validates Order Quantity for the parts listing on Page &gt;</Message>
          <Message>[5/9/2018 8:21:34 PM]&lt;PASS&gt;&lt;ProductPagePartsandAccessoriesTabMerchAssocControls&gt;&lt;Validates Add to Cart button for the parts listing on Page &gt;</Message>
          <Message>[5/9/2018 8:21:34 PM]&lt;INFO&gt;Validating PIT_FIELD_EQUIPTMENT items...</Message>
          <Message>[5/9/2018 8:21:34 PM]&lt;INFO&gt;GetProductWithPartsAndListingAndCompletionGuide executing... </Message>
          <Message>[5/9/2018 8:21:34 PM]&lt;INFO&gt;SearchProductexecuting ... Searching term:= 'EVOE0520'</Message>
          <Message>[5/9/2018 8:21:49 PM]&lt;Info&gt;AllBrowserWindow : Locating browser window...</Message>
          <Message>[5/9/2018 8:22:14 PM]&lt;Info&gt;AllBrowserWindow : Locating browser window...</Message>
          <Message>[5/9/2018 8:22:48 PM]&lt;Info&gt;AllBrowserWindow : Locating browser window...</Message>
          <Message>[5/9/2018 8:23:13 PM]&lt;INFO&gt;ProductsPartsListingProductsControl     executing ...</Message>
          <Message>[5/9/2018 8:23:15 PM]&lt;PASS&gt;&lt;ProductPagePartsandAccessoriesTabMerchAssocControls&gt;&lt;Validates Thumbnail image for the parts listing on Page &gt;</Message>
          <Message>[5/9/2018 8:23:15 PM]&lt;PASS&gt;&lt;ProductPagePartsandAccessoriesTabMerchAssocControls&gt;&lt;Validates Title for the parts listing on Page &gt;</Message>
          <Message>[5/9/2018 8:23:15 PM]&lt;PASS&gt;&lt;ProductPagePartsandAccessoriesTabMerchAssocControls&gt;&lt;Validates SKU for the parts listing on Page &gt;</Message>
          <Message>[5/9/2018 8:23:15 PM]&lt;PASS&gt;&lt;ProductPagePartsandAccessoriesTabMerchAssocControls&gt;&lt;Validates Stock Status for the parts listing on Page &gt;</Message>
          <Message>[5/9/2018 8:23:15 PM]&lt;PASS&gt;&lt;ProductPagePartsandAccessoriesTabMerchAssocControls&gt;&lt;Validates Standard price for the parts listing on Page &gt;</Message>
          <Message>[5/9/2018 8:23:15 PM]&lt;PASS&gt;&lt;ProductPagePartsandAccessoriesTabMerchAssocControls&gt;&lt;Validates Order Quantity for the parts listing on Page &gt;</Message>
          <Message>[5/9/2018 8:23:15 PM]&lt;PASS&gt;&lt;ProductPagePartsandAccessoriesTabMerchAssocControls&gt;&lt;Validates Add to Cart button for the parts listing on Page &gt;</Message>
          <Message>[5/9/2018 8:23:15 PM]&lt;INFO&gt;Validating BUILDING_TOOLS items...</Message>
          <Message>[5/9/2018 8:23:15 PM]&lt;INFO&gt;GetProductWithPartsAndListingAndCompletionGuide executing... </Message>
          <Message>[5/9/2018 8:23:15 PM]&lt;INFO&gt;SearchProductexecuting ... Searching term:= 'EFLM1400'</Message>
          <Message>[5/9/2018 8:23:23 PM]&lt;Info&gt;AllBrowserWindow : Locating browser window...</Message>
          <Message>[5/9/2018 8:23:42 PM]&lt;INFO&gt;ProductsPartsListingProductsControl     executing ...</Message>
          <Message>[5/9/2018 8:23:43 PM]&lt;PASS&gt;&lt;ProductPagePartsandAccessoriesTabMerchAssocControls&gt;&lt;Validates Thumbnail image for the parts listing on Page &gt;</Message>
          <Message>[5/9/2018 8:23:43 PM]&lt;PASS&gt;&lt;ProductPagePartsandAccessoriesTabMerchAssocControls&gt;&lt;Validates Title for the parts listing on Page &gt;</Message>
          <Message>[5/9/2018 8:23:43 PM]&lt;PASS&gt;&lt;ProductPagePartsandAccessoriesTabMerchAssocControls&gt;&lt;Validates SKU for the parts listing on Page &gt;</Message>
          <Message>[5/9/2018 8:23:43 PM]&lt;PASS&gt;&lt;ProductPagePartsandAccessoriesTabMerchAssocControls&gt;&lt;Validates Stock Status for the parts listing on Page &gt;</Message>
          <Message>[5/9/2018 8:23:43 PM]&lt;PASS&gt;&lt;ProductPagePartsandAccessoriesTabMerchAssocControls&gt;&lt;Validates Standard price for the parts listing on Page &gt;</Message>
          <Message>[5/9/2018 8:23:44 PM]&lt;PASS&gt;&lt;ProductPagePartsandAccessoriesTabMerchAssocControls&gt;&lt;Validates Order Quantity for the parts listing on Page &gt;</Message>
          <Message>[5/9/2018 8:23:44 PM]&lt;PASS&gt;&lt;ProductPagePartsandAccessoriesTabMerchAssocControls&gt;&lt;Validates Add to Cart button for the parts listing on Page &gt;</Message>
          <Message>[5/9/2018 8:23:45 PM]&lt;INFO&gt;CartPopupInfoexecuting ...</Message>
          <Message>[5/9/2018 8:23:47 PM]&lt;PASS&gt;&lt;ProductPagePartsandAccessoriesTabMerchAssocControls&gt;&lt;Validates Cart popup widgit contains added part &gt;</Message>
          <Message>[5/9/2018 8:23:47 PM]&lt;RESULT&gt;Test Ended:#PASS=35, #FAIL=0</Message>
          <Message>[5/9/2018 8:23:48 PM]&lt;INFO&gt;LogCPUAndMemoryUsage: Available Memory = 24050(MB), CPU Usage = 21.68781%</Message>
          <Message>[5/9/2018 8:23:48 PM]&lt;INFO&gt;Private Working Set for QTAgent32_40, usage=432288 (K)</Message>
          <Message>[5/9/2018 8:23:48 PM]&lt;RESULT&gt;&lt;ProductPagePartsandAccessoriesTabMerchAssocControls&gt; Test PASSED</Message>
        </TextMessages>
      </Output>
      <ResultFiles>
        <ResultFile path="CMP01-INDIASQA.horizonhobby.com\ProductPagePartsandAccessoriesTabMerchAssocControls_20180509201827.log" />
        <ResultFile path="CMP01-INDIASQA.horizonhobby.com\ProductPagePartsandAccessoriesTabMerchAssocControls_ResultsONLY_20180509201827.log" />
        <ResultFile path="CMP01-INDIASQA.horizonhobby.com\ProductPageTestData_201827.xml" />
        <ResultFile path="CMP01-INDIASQA.horizonhobby.com\SharedCommonConfig.xml" />
      </ResultFiles>
    </UnitTestResult>
    <UnitTestResult executionId="2cd3d9e4-d12c-46fb-aed9-80c6e41ad8f0" testId="4211675b-f685-7d0b-d2a5-af62e7bb2f68" testName="GlobalSettingsRecentlyAddedItems" computerName="CMP01-INDIASQA" duration="00:02:47.5756356" startTime="2018-05-09T20:23:50.2278797-05:00" endTime="2018-05-09T20:26:37.8268797-05:00" testType="13cdc9d9-ddb5-4fa4-a97d-d965ccfc6d4b" outcome="Passed" testListId="8c84fa94-04c1-424b-9868-57a2d4851a1d" relativeResultsDirectory="2cd3d9e4-d12c-46fb-aed9-80c6e41ad8f0">
      <Output>
        <StdOut>Logging to custom path:\\CMP01-YKumar\AutoLog</StdOut>
        <TextMessages>
          <Message>
            [5/9/2018 8:23:50 PM]&lt;STARTLOG&gt;&lt;GlobalSettingsRecentlyAddedItems&gt;Test Started: Expecting: #PASS=Undefined and #FAIL=0
            Running from MTM=True, running on machine name:CMP01-INDIASQA, user name=ykumar, OS=Microsoft Windows NT 6.1.7601 Service Pack 1, Is64BitOS=True
          </Message>
          <Message>[5/9/2018 8:23:51 PM]&lt;INFO&gt;LogCPUAndMemoryUsage: Available Memory = 24076(MB), CPU Usage = 18.57091%</Message>
          <Message>[5/9/2018 8:23:51 PM]&lt;INFO&gt;Private Working Set for QTAgent32_40, usage=432544 (K)</Message>
          <Message>[5/9/2018 8:23:51 PM]&lt;INFO&gt;Path To TestConfig xml=E:\LoadTestResult\VSEQT\QTAgent\26924\CMP01-INDIASQA.horizonhobby.com\Deployment\SharedCommonConfig.xml</Message>
          <Message>[5/9/2018 8:23:51 PM]&lt;INFO&gt;Path To TestData xml=E:\LoadTestResult\VSEQT\QTAgent\26924\CMP01-INDIASQA.horizonhobby.com\Deployment\GlobalSettingsTestData_202350.xml</Message>
          <Message>[5/9/2018 8:23:51 PM]&lt;INFO&gt;Path To HorizonHobbyQA Application Url=https://www-tst.horizonhobby.com</Message>
          <Message>[5/9/2018 8:23:51 PM]&lt;INFO&gt;HorizonHobbyQA sql connection string=Server=cmp02-ws-tst-db01:50000;Database=TST01DB;UID=wcdbuser;PWD=h0r1z0n;Connect Timeout=30</Message>
          <Message>[5/9/2018 8:23:51 PM]&lt;INFO&gt;Country is := US and language id is := '-1'</Message>
          <Message>[5/9/2018 8:23:51 PM]&lt;INFO&gt;Current browser used for test execution is = 'IE'</Message>
          <Message>[5/9/2018 8:23:57 PM]&lt;PASS&gt;&lt;GlobalSettingsRecentlyAddedItems&gt;&lt; Validates Recently Added Items Appears&gt;</Message>
          <Message>[5/9/2018 8:23:57 PM]&lt;PASS&gt;&lt;GlobalSettingsRecentlyAddedItems&gt;&lt; Validates Cart is empty appears&gt;</Message>
          <Message>[5/9/2018 8:24:01 PM]&lt;INFO&gt;SearchProductexecuting ... Searching term:= 'SPMSA500'</Message>
          <Message>[5/9/2018 8:24:08 PM]&lt;INFO&gt;BackOrderClickexecuting ...</Message>
          <Message>[5/9/2018 8:24:19 PM]&lt;PASS&gt;&lt;GlobalSettingsRecentlyAddedItems&gt;&lt;Close is displayed on corner&gt;</Message>
          <Message>[5/9/2018 8:24:19 PM]&lt;INFO&gt;CartIconClickexecuting ...</Message>
          <Message>[5/9/2018 8:24:27 PM]&lt;PASS&gt;&lt;GlobalSettingsRecentlyAddedItems&gt;&lt; Validates one item is added in mini cart&gt;</Message>
          <Message>[5/9/2018 8:24:27 PM]&lt;PASS&gt;&lt;GlobalSettingsRecentlyAddedItems&gt;&lt; Validates cart is empty does not appear&gt;</Message>
          <Message>[5/9/2018 8:24:27 PM]&lt;INFO&gt;CartIconClickexecuting ...</Message>
          <Message>[5/9/2018 8:24:35 PM]&lt;PASS&gt;&lt;VerifyMiniCart&gt;&lt; Validates product name appears&gt;</Message>
          <Message>[5/9/2018 8:24:36 PM]&lt;PASS&gt;&lt;VerifyMiniCart&gt;&lt; Validates product image appears&gt;</Message>
          <Message>[5/9/2018 8:24:37 PM]&lt;PASS&gt;&lt;VerifyMiniCart&gt;&lt; Validates product quantity appears as expected&gt;</Message>
          <Message>[5/9/2018 8:24:37 PM]&lt;PASS&gt;&lt;VerifyMiniCart&gt;&lt; Validates product price appears as expected&gt;</Message>
          <Message>[5/9/2018 8:24:37 PM]&lt;INFO&gt;CartIconClickexecuting ...</Message>
          <Message>[5/9/2018 8:24:43 PM]&lt;PASS&gt;&lt;GlobalSettingsRecentlyAddedItems&gt;&lt; Validates product subtotal appears as expected&gt;</Message>
          <Message>[5/9/2018 8:24:52 PM]&lt;INFO&gt;SearchProductexecuting ... Searching term:= 'IRLVX4CK2'</Message>
          <Message>[5/9/2018 8:25:02 PM]&lt;Info&gt;AllBrowserWindow : Locating browser window...</Message>
          <Message>[5/9/2018 8:25:12 PM]&lt;INFO&gt;ItemOrderQuantityexecuting ...</Message>
          <Message>[5/9/2018 8:25:13 PM]&lt;INFO&gt;BackOrderClickexecuting ...</Message>
          <Message>[5/9/2018 8:25:15 PM]&lt;PASS&gt;&lt;GlobalSettingsRecentlyAddedItems&gt;&lt;Close is displayed on corner&gt;</Message>
          <Message>[5/9/2018 8:25:16 PM]&lt;INFO&gt;CartIconClickexecuting ...</Message>
          <Message>[5/9/2018 8:25:24 PM]&lt;PASS&gt;&lt;GlobalSettingsRecentlyAddedItems&gt;&lt; Validates one item is added in mini cart&gt;</Message>
          <Message>[5/9/2018 8:25:24 PM]&lt;PASS&gt;&lt;GlobalSettingsRecentlyAddedItems&gt;&lt; Validates cart is empty does not appear&gt;</Message>
          <Message>[5/9/2018 8:25:24 PM]&lt;INFO&gt;CartIconClickexecuting ...</Message>
          <Message>[5/9/2018 8:25:32 PM]&lt;PASS&gt;&lt;VerifyMiniCart&gt;&lt; Validates product name appears&gt;</Message>
          <Message>[5/9/2018 8:25:33 PM]&lt;PASS&gt;&lt;VerifyMiniCart&gt;&lt; Validates product image appears&gt;</Message>
          <Message>[5/9/2018 8:25:33 PM]&lt;PASS&gt;&lt;VerifyMiniCart&gt;&lt; Validates product quantity appears as expected&gt;</Message>
          <Message>[5/9/2018 8:25:34 PM]&lt;PASS&gt;&lt;VerifyMiniCart&gt;&lt; Validates product price appears as expected&gt;</Message>
          <Message>[5/9/2018 8:25:34 PM]&lt;INFO&gt;CartIconClickexecuting ...</Message>
          <Message>[5/9/2018 8:25:40 PM]&lt;PASS&gt;&lt;GlobalSettingsRecentlyAddedItems&gt;&lt; Validates product subtotal appears as expected&gt;</Message>
          <Message>[5/9/2018 8:25:40 PM]&lt;INFO&gt;CartIconClickexecuting ...</Message>
          <Message>[5/9/2018 8:25:45 PM]&lt;INFO&gt;GoToCartClickexecuting ...</Message>
          <Message>[5/9/2018 8:25:58 PM]&lt;INFO&gt;ContinueOnCertificationErrorClickexecuting ...</Message>
          <Message>[5/9/2018 8:26:01 PM]&lt;Info&gt;AllBrowserWindow : Locating browser window...</Message>
          <Message>[5/9/2018 8:26:08 PM]&lt;INFO&gt;UpdateCartQuantity : executing ... :- 1</Message>
          <Message>[5/9/2018 8:26:27 PM]&lt;INFO&gt;CartIconClickexecuting ...</Message>
          <Message>[5/9/2018 8:26:33 PM]&lt;PASS&gt;&lt;GlobalSettingsRecentlyAddedItems&gt;&lt; Validates product quantity appears as expected&gt;</Message>
          <Message>[5/9/2018 8:26:34 PM]&lt;PASS&gt;&lt;GlobalSettingsRecentlyAddedItems&gt;&lt; Validates product subtotal appears as expected&gt;</Message>
          <Message>[5/9/2018 8:26:34 PM]&lt;RESULT&gt;Test Ended:#PASS=20, #FAIL=0</Message>
          <Message>[5/9/2018 8:26:35 PM]&lt;INFO&gt;LogCPUAndMemoryUsage: Available Memory = 24171(MB), CPU Usage = 0.8435265%</Message>
          <Message>[5/9/2018 8:26:35 PM]&lt;INFO&gt;Private Working Set for QTAgent32_40, usage=431196 (K)</Message>
          <Message>[5/9/2018 8:26:35 PM]&lt;RESULT&gt;&lt;GlobalSettingsRecentlyAddedItems&gt; Test PASSED</Message>
        </TextMessages>
      </Output>
      <ResultFiles>
        <ResultFile path="CMP01-INDIASQA.horizonhobby.com\GlobalSettingsRecentlyAddedItems_20180509202350.log" />
        <ResultFile path="CMP01-INDIASQA.horizonhobby.com\GlobalSettingsRecentlyAddedItems_ResultsONLY_20180509202350.log" />
        <ResultFile path="CMP01-INDIASQA.horizonhobby.com\GlobalSettingsTestData_202350.xml" />
        <ResultFile path="CMP01-INDIASQA.horizonhobby.com\SharedCommonConfig.xml" />
      </ResultFiles>
    </UnitTestResult>
    <UnitTestResult executionId="d33f718a-0492-4296-8f46-7f798318c985" testId="34343980-84e0-a178-3a2b-f2ef3319a92a" testName="ProductPagePublishedAndBuyableFlags" computerName="CMP01-INDIASQA" duration="00:04:08.8022947" startTime="2018-05-09T20:26:37.8288797-05:00" endTime="2018-05-09T20:30:46.6728797-05:00" testType="13cdc9d9-ddb5-4fa4-a97d-d965ccfc6d4b" outcome="Passed" testListId="8c84fa94-04c1-424b-9868-57a2d4851a1d" relativeResultsDirectory="d33f718a-0492-4296-8f46-7f798318c985">
      <Output>
        <StdOut>Logging to custom path:\\CMP01-YKumar\AutoLog</StdOut>
        <TextMessages>
          <Message>
            [5/9/2018 8:26:37 PM]&lt;STARTLOG&gt;&lt;ProductPagePublishedAndBuyableFlags&gt;Test Started: Expecting: #PASS=Undefined and #FAIL=0
            Running from MTM=True, running on machine name:CMP01-INDIASQA, user name=ykumar, OS=Microsoft Windows NT 6.1.7601 Service Pack 1, Is64BitOS=True
          </Message>
          <Message>[5/9/2018 8:26:38 PM]&lt;INFO&gt;LogCPUAndMemoryUsage: Available Memory = 24184(MB), CPU Usage = 16.81764%</Message>
          <Message>[5/9/2018 8:26:38 PM]&lt;INFO&gt;Private Working Set for QTAgent32_40, usage=431300 (K)</Message>
          <Message>[5/9/2018 8:26:38 PM]&lt;INFO&gt;Path To TestConfig xml=E:\LoadTestResult\VSEQT\QTAgent\26924\CMP01-INDIASQA.horizonhobby.com\Deployment\SharedCommonConfig.xml</Message>
          <Message>[5/9/2018 8:26:38 PM]&lt;INFO&gt;Path To TestData xml=E:\LoadTestResult\VSEQT\QTAgent\26924\CMP01-INDIASQA.horizonhobby.com\Deployment\ProductPageTestData_202637.xml</Message>
          <Message>[5/9/2018 8:26:38 PM]&lt;INFO&gt;Path To HorizonHobbyQA Application Url=https://www-tst.horizonhobby.com</Message>
          <Message>[5/9/2018 8:26:38 PM]&lt;INFO&gt;HorizonHobbyQA sql connection string=Server=cmp02-ws-tst-db01:50000;Database=TST01DB;UID=wcdbuser;PWD=h0r1z0n;Connect Timeout=30</Message>
          <Message>[5/9/2018 8:26:39 PM]&lt;INFO&gt;Country is := US and language id is := '-1'</Message>
          <Message>[5/9/2018 8:26:39 PM]&lt;INFO&gt;Current browser used for test execution is = 'IE'</Message>
          <Message>[5/9/2018 8:27:01 PM]&lt;INFO&gt;SearchProductexecuting ... Searching term:= 'HAN107017'</Message>
          <Message>[5/9/2018 8:27:08 PM]&lt;Info&gt;AllBrowserWindow : Locating browser window...</Message>
          <Message>[5/9/2018 8:27:31 PM]&lt;PASS&gt;&lt;ProductPagePublishedAndBuyableFlags&gt;&lt;Validates 'Add to cart' button is not available where product is not buyable but it is published&gt;</Message>
          <Message>[5/9/2018 8:27:31 PM]&lt;INFO&gt;SearchProductexecuting ... Searching term:= 'SUL429'</Message>
          <Message>[5/9/2018 8:27:36 PM]&lt;Info&gt;AllBrowserWindow : Locating browser window...</Message>
          <Message>[5/9/2018 8:27:47 PM]&lt;PASS&gt;&lt;ProductPagePublishedAndBuyableFlags&gt;&lt;Validates 'Add to cart' button is available where product is buyable and published&gt;</Message>
          <Message>[5/9/2018 8:27:47 PM]&lt;INFO&gt;SearchProductexecuting ... Searching term:= 'AXI30449'</Message>
          <Message>[5/9/2018 8:27:52 PM]&lt;Info&gt;AllBrowserWindow : Locating browser window...</Message>
          <Message>[5/9/2018 8:28:16 PM]&lt;Info&gt;AllBrowserWindow : Locating browser window...</Message>
          <Message>[5/9/2018 8:28:44 PM]&lt;Info&gt;AllBrowserWindow : Locating browser window...</Message>
          <Message>[5/9/2018 8:28:44 PM]&lt;INFO&gt;ClickSearchResultCell : No product found on search page with title ... :- Threaded Aluminum Pipe 6x101mm 30 Deg, Orange (2)</Message>
          <Message>[5/9/2018 8:28:44 PM]&lt;CaptureImage&gt;\\CMP01-YKumar\AutoLog\CMP01-INDIASQA\ProductPagePublishedAndBuyableFlags_20180509202844.png</Message>
          <Message>[5/9/2018 8:29:14 PM]&lt;PASS&gt;&lt;ProductPagePublishedAndBuyableFlags&gt;&lt;Validates product page is not displayed when it is not buyable and not published&gt;</Message>
          <Message>[5/9/2018 8:29:14 PM]&lt;INFO&gt;SearchProductexecuting ... Searching term:= 'BLH2006'</Message>
          <Message>[5/9/2018 8:29:23 PM]&lt;Info&gt;AllBrowserWindow : Locating browser window...</Message>
          <Message>[5/9/2018 8:29:47 PM]&lt;Info&gt;AllBrowserWindow : Locating browser window...</Message>
          <Message>[5/9/2018 8:30:14 PM]&lt;Info&gt;AllBrowserWindow : Locating browser window...</Message>
          <Message>[5/9/2018 8:30:14 PM]&lt;INFO&gt;ClickSearchResultCell : No product found on search page with title ... :- Swashplate: 200 SR X</Message>
          <Message>[5/9/2018 8:30:14 PM]&lt;CaptureImage&gt;\\CMP01-YKumar\AutoLog\CMP01-INDIASQA\ProductPagePublishedAndBuyableFlags_20180509203014.png</Message>
          <Message>[5/9/2018 8:30:43 PM]&lt;PASS&gt;&lt;ProductPagePublishedAndBuyableFlags&gt;&lt;Validates product page is not displayed when it is buyable but not published&gt;</Message>
          <Message>[5/9/2018 8:30:43 PM]&lt;RESULT&gt;Test Ended:#PASS=4, #FAIL=0</Message>
          <Message>[5/9/2018 8:30:44 PM]&lt;INFO&gt;LogCPUAndMemoryUsage: Available Memory = 24166(MB), CPU Usage = 11.36307%</Message>
          <Message>[5/9/2018 8:30:44 PM]&lt;INFO&gt;Private Working Set for QTAgent32_40, usage=445212 (K)</Message>
          <Message>[5/9/2018 8:30:44 PM]&lt;RESULT&gt;&lt;ProductPagePublishedAndBuyableFlags&gt; Test PASSED</Message>
        </TextMessages>
      </Output>
      <ResultFiles>
        <ResultFile path="CMP01-INDIASQA.horizonhobby.com\ProductPagePublishedAndBuyableFlags_20180509202637.log" />
        <ResultFile path="CMP01-INDIASQA.horizonhobby.com\ProductPagePublishedAndBuyableFlags_20180509202844.png" />
        <ResultFile path="CMP01-INDIASQA.horizonhobby.com\ProductPagePublishedAndBuyableFlags_20180509203014.png" />
        <ResultFile path="CMP01-INDIASQA.horizonhobby.com\ProductPagePublishedAndBuyableFlags_ResultsONLY_20180509202637.log" />
        <ResultFile path="CMP01-INDIASQA.horizonhobby.com\ProductPageTestData_202637.xml" />
        <ResultFile path="CMP01-INDIASQA.horizonhobby.com\SharedCommonConfig.xml" />
      </ResultFiles>
    </UnitTestResult>
    <UnitTestResult executionId="3944dd0e-69d0-4813-853c-b3a1496c622b" testId="4a87cb51-6d49-5d9c-be19-fdf30e598d34" testName="CheckoutInterruptPageGuestAndSignInUser" computerName="CMP01-INDIASQA" duration="00:09:50.7714709" startTime="2018-05-09T20:30:46.6738797-05:00" endTime="2018-05-09T20:40:37.7458797-05:00" testType="13cdc9d9-ddb5-4fa4-a97d-d965ccfc6d4b" outcome="Failed" testListId="8c84fa94-04c1-424b-9868-57a2d4851a1d" relativeResultsDirectory="3944dd0e-69d0-4813-853c-b3a1496c622b">
      <Output>
        <StdOut>Logging to custom path:\\CMP01-YKumar\AutoLog</StdOut>
        <ErrorInfo>
          <Message>
            Assert.Fail failed.
            Actual #FAIL=9, #Expected FAIL=0
            #Other errors=21
            [Error details below]
            &lt;ERROR&gt;[5/9/2018 8:32:12 PM]&lt;ERROR&gt;MouseClick Exception:Microsoft.VisualStudio.TestTools.UITest.Extension.UITestControlNotFoundException: The playback failed to find the control with the given search properties. Additional Details:
            TechnologyName:  'Web'
            ControlType:  'Hyperlink'
            TagName:  'A'
            Id:  'SignOutLink'
            Failed to find any control that matched the search condition Id='SignOutLink' &amp;&amp; ControlType='Hyperlink' ---&gt; System.Runtime.InteropServices.COMException: Error HRESULT E_FAIL has been returned from a call to a COM component.
            at Microsoft.VisualStudio.TestTools.UITest.Playback.Engine.IScreenElement.FindAllDescendants(String bstrQueryId, Object&amp; pvarResKeys, Int32 cResKeys, Int32 nMaxDepth)
            at Microsoft.VisualStudio.TestTools.UITest.Playback.ScreenElement.FindAllScreenElement(String queryId, Int32 depth, Boolean singleQueryId, Boolean throwException, Boolean resetSkipStep)
            at Microsoft.VisualStudio.TestTools.UITest.Playback.ScreenElement.FindScreenElement(String queryId, Int32 depth, Boolean resetSkipStep)
            at Microsoft.VisualStudio.TestTools.UITesting.UITestControl.FindFirstDescendant(String queryId, Int32 maxDepth, Int32&amp; timeLeft)
            --- End of inner exception stack trace ---
            at Microsoft.VisualStudio.TestTools.UITesting.Playback.MapControlNotFoundException(COMException ex, IPlaybackContext context)
            at Microsoft.VisualStudio.TestTools.UITesting.Playback.MapAndThrowComException(COMException innerException, IPlaybackContext context)
            at Microsoft.VisualStudio.TestTools.UITesting.Playback.MapAndThrowException(SystemException exception, IPlaybackContext context)
            at Microsoft.VisualStudio.TestTools.UITesting.Playback.MapAndThrowException(SystemException exception, String queryId)
            at Microsoft.VisualStudio.TestTools.UITesting.UITestControl.FindFirstDescendant(String queryId, Int32 maxDepth, Int32&amp; timeLeft)
            at Microsoft.VisualStudio.TestTools.UITesting.SearchHelper.GetUITestControlRecursive(Boolean useCache, Boolean alwaysSearch, ISearchArgument searchArg, IList`1 windowTitles, Int32&amp; timeLeft)
            at Microsoft.VisualStudio.TestTools.UITesting.SearchHelper.GetElement(Boolean useCache, ISearchArgument searchArg)
            at Microsoft.VisualStudio.TestTools.UITesting.SearchHelper.Search(ISearchArgument searchArg)
            at Microsoft.VisualStudio.TestTools.UITesting.UITestControl.FindInternal()
            at Microsoft.VisualStudio.TestTools.UITesting.UITestControl.&lt;Find&gt;b__3a()
            at Microsoft.VisualStudio.TestTools.UITesting.CodedUITestMethodInvoker.InvokeMethod[T](Func`1 function, UITestControl control, Boolean firePlaybackErrorEvent, Boolean logAsAction)
            at Microsoft.VisualStudio.TestTools.UITesting.UITestControl.Find()
            at Microsoft.VisualStudio.TestTools.UITesting.UITestControl.GetPropertyPrivate(String propertyName)
            at Microsoft.VisualStudio.TestTools.UITesting.UITestControl.GetPropertyOfType[T](String propertyName)
            at Microsoft.VisualStudio.TestTools.UITesting.UITestControl.get_Name()
            at TestAuto.LoggingAndSharedGenericMethods.MouseClick(UITestControl uiMenuItemTestControl) in c:\Builds\1\WebSphere\QATestAutomation\src\CodedUITest\SourceCode\Common\Logging\SharedMethods_Generic.cs:line 790
          </Message>
          <StackTrace>
            at TestAuto.LoggingAndSharedGenericMethods.EndTest() in c:\Builds\1\WebSphere\QATestAutomation\src\CodedUITest\SourceCode\Common\Logging\Logging.cs:line 1628
            at TestAuto.HHBvtSmokeTest.TestCleanup() in c:\Builds\1\WebSphere\QATestAutomation\src\CodedUITest\SourceCode\HHobby\Checkout\CheckoutCommon.cs:line 4805
          </StackTrace>
        </ErrorInfo>
        <TextMessages>
          <Message>
            [5/9/2018 8:30:46 PM]&lt;STARTLOG&gt;&lt;CheckoutInterruptPageGuestAndSignInUser&gt;Test Started: Expecting: #PASS=Undefined and #FAIL=0
            Running from MTM=True, running on machine name:CMP01-INDIASQA, user name=ykumar, OS=Microsoft Windows NT 6.1.7601 Service Pack 1, Is64BitOS=True
          </Message>
          <Message>[5/9/2018 8:30:47 PM]&lt;INFO&gt;LogCPUAndMemoryUsage: Available Memory = 24170(MB), CPU Usage = 17.98649%</Message>
          <Message>[5/9/2018 8:30:47 PM]&lt;INFO&gt;Private Working Set for QTAgent32_40, usage=445240 (K)</Message>
          <Message>[5/9/2018 8:30:47 PM]&lt;INFO&gt;Path To TestConfig xml=E:\LoadTestResult\VSEQT\QTAgent\26924\CMP01-INDIASQA.horizonhobby.com\Deployment\SharedCommonConfig.xml</Message>
          <Message>[5/9/2018 8:30:47 PM]&lt;INFO&gt;Path To TestData xml=E:\LoadTestResult\VSEQT\QTAgent\26924\CMP01-INDIASQA.horizonhobby.com\Deployment\CheckoutCommonTestData_203046.xml</Message>
          <Message>[5/9/2018 8:30:47 PM]&lt;INFO&gt;Path To HorizonHobbyQA Application Url=https://www-tst.horizonhobby.com</Message>
          <Message>[5/9/2018 8:30:47 PM]&lt;INFO&gt;HorizonHobbyQA sql connection string=Server=cmp02-ws-tst-db01:50000;Database=TST01DB;UID=wcdbuser;PWD=h0r1z0n;Connect Timeout=30</Message>
          <Message>[5/9/2018 8:30:47 PM]&lt;INFO&gt;Country is := US and language id is := '-1'</Message>
          <Message>[5/9/2018 8:30:47 PM]&lt;INFO&gt;Current browser used for test execution is = 'IE'</Message>
          <Message>[5/9/2018 8:30:53 PM]&lt;INFO&gt;SurveyWindow : method executing ...</Message>
          <Message>[5/9/2018 8:31:00 PM]&lt;INFO&gt;ContinueOnCertificationErrorClickexecuting ...</Message>
          <Message>[5/9/2018 8:31:00 PM]&lt;Info&gt;DEAllBrowserWindow : Locating browser window...</Message>
          <Message>[5/9/2018 8:31:07 PM]&lt;INFO&gt;UserRegistration : method executing ...</Message>
          <Message>[5/9/2018 8:31:07 PM]&lt;Info&gt;AllBrowserWindow : Locating browser window...</Message>
          <Message>
            Assert.Fail failed. [5/9/2018 8:31:31 PM]&lt;Error&gt;AllBrowserWindow : failed executing ...Unable to find Windows Internet Explorer window with 'Register - Internet Explorer' in the title.,
            StackTrace:
            AllBrowserWindow(),SharedBorderFree.cs,Line Number:1033
            UserRegistration(),SharedUserRegistration.cs,Line Number:622
            RegisterNewUser(),SharedUserRegistration.cs,Line Number:1158
            RegisterNewUser(),SharedUserRegistration.cs,Line Number:1171
            CheckoutInterruptPageGuestAndSignInUser(),CheckoutCommon.cs,Line Number:85
          </Message>
          <Message>[5/9/2018 8:31:31 PM]&lt;CaptureImage&gt;\\CMP01-YKumar\AutoLog\CMP01-INDIASQA\CheckoutInterruptPageGuestAndSignInUser_20180509203131.png</Message>
          <Message>
            Assert.Fail failed. [5/9/2018 8:31:34 PM]&lt;ERROR&gt;UserRegistration : failed executing ...The playback failed to find the control with the given search properties. Additional Details:
            TechnologyName:  'Web'
            ControlType:  'ComboBox'
            TagName:  'SELECT'
            Id:  'WC_UserRegistrationAddForm_AddressEntryForm_FormInput_country_1'
            Failed to find any control that matched the search condition Id='WC_UserRegistrationAddForm_AddressEntryForm_FormInput_country_1' &amp;&amp; ControlType='ComboBox',
            StackTrace:
            UserRegistration(),SharedUserRegistration.cs,Line Number:836
            RegisterNewUser(),SharedUserRegistration.cs,Line Number:1158
            RegisterNewUser(),SharedUserRegistration.cs,Line Number:1171
            CheckoutInterruptPageGuestAndSignInUser(),CheckoutCommon.cs,Line Number:85
          </Message>
          <Message>[5/9/2018 8:31:34 PM]&lt;CaptureImage&gt;\\CMP01-YKumar\AutoLog\CMP01-INDIASQA\CheckoutInterruptPageGuestAndSignInUser_20180509203134.png</Message>
          <Message>[5/9/2018 8:31:34 PM]&lt;Info&gt;AllBrowserWindow : Locating browser window...</Message>
          <Message>
            Assert.Fail failed. [5/9/2018 8:31:59 PM]&lt;Error&gt;AllBrowserWindow : failed executing ...Unable to find Windows Internet Explorer window with 'My Account - Internet Explorer' in the title.,
            StackTrace:
            AllBrowserWindow(),SharedBorderFree.cs,Line Number:1033
            CheckoutInterruptPageGuestAndSignInUser(),CheckoutCommon.cs,Line Number:88
          </Message>
          <Message>[5/9/2018 8:31:59 PM]&lt;CaptureImage&gt;\\CMP01-YKumar\AutoLog\CMP01-INDIASQA\CheckoutInterruptPageGuestAndSignInUser_20180509203159.png</Message>
          <Message>
            Assert.Fail failed. [5/9/2018 8:32:12 PM]&lt;ERROR&gt;MouseClick Exception:Microsoft.VisualStudio.TestTools.UITest.Extension.UITestControlNotFoundException: The playback failed to find the control with the given search properties. Additional Details:
            TechnologyName:  'Web'
            ControlType:  'Hyperlink'
            TagName:  'A'
            Id:  'SignOutLink'
            Failed to find any control that matched the search condition Id='SignOutLink' &amp;&amp; ControlType='Hyperlink' ---&gt; System.Runtime.InteropServices.COMException: Error HRESULT E_FAIL has been returned from a call to a COM component.
            at Microsoft.VisualStudio.TestTools.UITest.Playback.Engine.IScreenElement.FindAllDescendants(String bstrQueryId, Object&amp; pvarResKeys, Int32 cResKeys, Int32 nMaxDepth)
            at Microsoft.VisualStudio.TestTools.UITest.Playback.ScreenElement.FindAllScreenElement(String queryId, Int32 depth, Boolean singleQueryId, Boolean throwException, Boolean resetSkipStep)
            at Microsoft.VisualStudio.TestTools.UITest.Playback.ScreenElement.FindScreenElement(String queryId, Int32 depth, Boolean resetSkipStep)
            at Microsoft.VisualStudio.TestTools.UITesting.UITestControl.FindFirstDescendant(String queryId, Int32 maxDepth, Int32&amp; timeLeft)
            --- End of inner exception stack trace ---
            at Microsoft.VisualStudio.TestTools.UITesting.Playback.MapControlNotFoundException(COMException ex, IPlaybackContext context)
            at Microsoft.VisualStudio.TestTools.UITesting.Playback.MapAndThrowComException(COMException innerException, IPlaybackContext context)
            at Microsoft.VisualStudio.TestTools.UITesting.Playback.MapAndThrowException(SystemException exception, IPlaybackContext context)
            at Microsoft.VisualStudio.TestTools.UITesting.Playback.MapAndThrowException(SystemException exception, String queryId)
            at Microsoft.VisualStudio.TestTools.UITesting.UITestControl.FindFirstDescendant(String queryId, Int32 maxDepth, Int32&amp; timeLeft)
            at Microsoft.VisualStudio.TestTools.UITesting.SearchHelper.GetUITestControlRecursive(Boolean useCache, Boolean alwaysSearch, ISearchArgument searchArg, IList`1 windowTitles, Int32&amp; timeLeft)
            at Microsoft.VisualStudio.TestTools.UITesting.SearchHelper.GetElement(Boolean useCache, ISearchArgument searchArg)
            at Microsoft.VisualStudio.TestTools.UITesting.SearchHelper.Search(ISearchArgument searchArg)
            at Microsoft.VisualStudio.TestTools.UITesting.UITestControl.FindInternal()
            at Microsoft.VisualStudio.TestTools.UITesting.UITestControl.&lt;Find&gt;b__3a()
            at Microsoft.VisualStudio.TestTools.UITesting.CodedUITestMethodInvoker.InvokeMethod[T](Func`1 function, UITestControl control, Boolean firePlaybackErrorEvent, Boolean logAsAction)
            at Microsoft.VisualStudio.TestTools.UITesting.UITestControl.Find()
            at Microsoft.VisualStudio.TestTools.UITesting.UITestControl.GetPropertyPrivate(String propertyName)
            at Microsoft.VisualStudio.TestTools.UITesting.UITestControl.GetPropertyOfType[T](String propertyName)
            at Microsoft.VisualStudio.TestTools.UITesting.UITestControl.get_Name()
            at TestAuto.LoggingAndSharedGenericMethods.MouseClick(UITestControl uiMenuItemTestControl) in c:\Builds\1\WebSphere\QATestAutomation\src\CodedUITest\SourceCode\Common\Logging\SharedMethods_Generic.cs:line 790,
            StackTrace:
            MouseClick(),SharedMethods_Generic.cs,Line Number:822
            CheckoutInterruptPageGuestAndSignInUser(),CheckoutCommon.cs,Line Number:91
          </Message>
          <Message>[5/9/2018 8:32:12 PM]&lt;CaptureImage&gt;\\CMP01-YKumar\AutoLog\CMP01-INDIASQA\CheckoutInterruptPageGuestAndSignInUser_20180509203212.png</Message>
          <Message>[5/9/2018 8:32:13 PM]&lt;Info&gt;AllBrowserWindow : Locating browser window...</Message>
          <Message>
            Assert.Fail failed. [5/9/2018 8:32:37 PM]&lt;Error&gt;AllBrowserWindow : failed executing ...Unable to find Windows Internet Explorer window with 'Sign In - Internet Explorer' in the title.,
            StackTrace:
            AllBrowserWindow(),SharedBorderFree.cs,Line Number:1033
            CheckoutInterruptPageGuestAndSignInUser(),CheckoutCommon.cs,Line Number:94
          </Message>
          <Message>[5/9/2018 8:32:37 PM]&lt;CaptureImage&gt;\\CMP01-YKumar\AutoLog\CMP01-INDIASQA\CheckoutInterruptPageGuestAndSignInUser_20180509203237.png</Message>
          <Message>[5/9/2018 8:32:41 PM]&lt;INFO&gt;SearchProductexecuting ... Searching term:= 'YUNQ4KBP'</Message>
          <Message>
            Assert.Fail failed. [5/9/2018 8:32:44 PM]&lt;ERROR&gt;SearchProduct := YUNQ4KBP : failed executing ...The playback failed to find the control with the given search properties. Additional Details:
            TechnologyName:  'Web'
            ControlType:  'Edit'
            TagName:  'INPUT'
            Id:  'SimpleSearchForm_SearchTerm'
            Failed to find any control that matched the search condition ControlType='Edit' &amp;&amp; Id=&gt;'SimpleSearchForm_SearchTerm',
            StackTrace:
            SearchProduct(),SharedApplicationCommon.cs,Line Number:697
            CommonWorkflow(),CheckoutCommon.cs,Line Number:4740
            CheckoutInterruptPageGuestAndSignInUser(),CheckoutCommon.cs,Line Number:95
          </Message>
          <Message>[5/9/2018 8:32:44 PM]&lt;CaptureImage&gt;\\CMP01-YKumar\AutoLog\CMP01-INDIASQA\CheckoutInterruptPageGuestAndSignInUser_20180509203244.png</Message>
          <Message>[5/9/2018 8:32:44 PM]&lt;Info&gt;AllBrowserWindow : Locating browser window...</Message>
          <Message>[5/9/2018 8:33:09 PM]&lt;Info&gt;AllBrowserWindow : Locating browser window...</Message>
          <Message>[5/9/2018 8:34:49 PM]&lt;INFO&gt;BackOrderClickexecuting ...</Message>
          <Message>
            Assert.Fail failed. [5/9/2018 8:34:55 PM]&lt;ERROR&gt;BackOrderClick : failed executing ...The playback failed to find the control with the given search properties. Additional Details:
            TechnologyName:  'Web'
            ControlType:  'Hyperlink'
            TagName:  'A'
            Id:  'add2CartBtn'
            Failed to find any control that matched the search condition Id='add2CartBtn' &amp;&amp; ControlType='Hyperlink',
            StackTrace:
            BackOrderClick(),SharedProductPage.cs,Line Number:498
            BackOrderClick(),SharedProductPage.cs,Line Number:505
            CommonWorkflow(),CheckoutCommon.cs,Line Number:4746
            CheckoutInterruptPageGuestAndSignInUser(),CheckoutCommon.cs,Line Number:95
          </Message>
          <Message>[5/9/2018 8:34:55 PM]&lt;CaptureImage&gt;\\CMP01-YKumar\AutoLog\CMP01-INDIASQA\CheckoutInterruptPageGuestAndSignInUser_20180509203455.png</Message>
          <Message>[5/9/2018 8:34:55 PM]&lt;INFO&gt;GoToCartClickexecuting ...</Message>
          <Message>
            Assert.Fail failed. [5/9/2018 8:35:08 PM]&lt;ERROR&gt;MouseClick Exception:Microsoft.VisualStudio.TestTools.UITest.Extension.UITestControlNotFoundException: The playback failed to find the control with the given search properties. Additional Details:
            TechnologyName:  'Web'
            ControlType:  'Hyperlink'
            TagName:  'A'
            Id:  'GotoCartButton1'
            Class:  'button'
            InnerText:  'Go to Cart'
            Failed to find any control that matched the search condition Id='GotoCartButton1' &amp;&amp; ControlType='Hyperlink' &amp;&amp; Class='button' &amp;&amp; InnerText='Go to Cart' ---&gt; System.Runtime.InteropServices.COMException: Error HRESULT E_FAIL has been returned from a call to a COM component.
            at Microsoft.VisualStudio.TestTools.UITest.Playback.Engine.IScreenElement.FindAllDescendants(String bstrQueryId, Object&amp; pvarResKeys, Int32 cResKeys, Int32 nMaxDepth)
            at Microsoft.VisualStudio.TestTools.UITest.Playback.ScreenElement.FindAllScreenElement(String queryId, Int32 depth, Boolean singleQueryId, Boolean throwException, Boolean resetSkipStep)
            at Microsoft.VisualStudio.TestTools.UITest.Playback.ScreenElement.FindScreenElement(String queryId, Int32 depth, Boolean resetSkipStep)
            at Microsoft.VisualStudio.TestTools.UITesting.UITestControl.FindFirstDescendant(String queryId, Int32 maxDepth, Int32&amp; timeLeft)
            --- End of inner exception stack trace ---
            at Microsoft.VisualStudio.TestTools.UITesting.Playback.MapControlNotFoundException(COMException ex, IPlaybackContext context)
            at Microsoft.VisualStudio.TestTools.UITesting.Playback.MapAndThrowComException(COMException innerException, IPlaybackContext context)
            at Microsoft.VisualStudio.TestTools.UITesting.Playback.MapAndThrowException(SystemException exception, IPlaybackContext context)
            at Microsoft.VisualStudio.TestTools.UITesting.Playback.MapAndThrowException(SystemException exception, String queryId)
            at Microsoft.VisualStudio.TestTools.UITesting.UITestControl.FindFirstDescendant(String queryId, Int32 maxDepth, Int32&amp; timeLeft)
            at Microsoft.VisualStudio.TestTools.UITesting.SearchHelper.GetUITestControlRecursive(Boolean useCache, Boolean alwaysSearch, ISearchArgument searchArg, IList`1 windowTitles, Int32&amp; timeLeft)
            at Microsoft.VisualStudio.TestTools.UITesting.SearchHelper.GetElement(Boolean useCache, ISearchArgument searchArg)
            at Microsoft.VisualStudio.TestTools.UITesting.SearchHelper.Search(ISearchArgument searchArg)
            at Microsoft.VisualStudio.TestTools.UITesting.UITestControl.FindInternal()
            at Microsoft.VisualStudio.TestTools.UITesting.UITestControl.&lt;Find&gt;b__3a()
            at Microsoft.VisualStudio.TestTools.UITesting.CodedUITestMethodInvoker.InvokeMethod[T](Func`1 function, UITestControl control, Boolean firePlaybackErrorEvent, Boolean logAsAction)
            at Microsoft.VisualStudio.TestTools.UITesting.UITestControl.Find()
            at Microsoft.VisualStudio.TestTools.UITesting.UITestControl.GetPropertyPrivate(String propertyName)
            at Microsoft.VisualStudio.TestTools.UITesting.UITestControl.GetPropertyOfType[T](String propertyName)
            at Microsoft.VisualStudio.TestTools.UITesting.UITestControl.get_Name()
            at TestAuto.LoggingAndSharedGenericMethods.MouseClick(UITestControl uiMenuItemTestControl) in c:\Builds\1\WebSphere\QATestAutomation\src\CodedUITest\SourceCode\Common\Logging\SharedMethods_Generic.cs:line 790,
            StackTrace:
            MouseClick(),SharedMethods_Generic.cs,Line Number:822
            GoToCartClick(),SharedCartPopUp.cs,Line Number:101
            CommonWorkflow(),CheckoutCommon.cs,Line Number:4749
            CheckoutInterruptPageGuestAndSignInUser(),CheckoutCommon.cs,Line Number:95
          </Message>
          <Message>[5/9/2018 8:35:08 PM]&lt;CaptureImage&gt;\\CMP01-YKumar\AutoLog\CMP01-INDIASQA\CheckoutInterruptPageGuestAndSignInUser_20180509203508.png</Message>
          <Message>[5/9/2018 8:35:08 PM]&lt;INFO&gt;CheckoutProcessStartShoppingCart : method executing</Message>
          <Message>[5/9/2018 8:35:08 PM]&lt;Info&gt;AllBrowserWindow : Locating browser window...</Message>
          <Message>
            Assert.Fail failed. [5/9/2018 8:35:33 PM]&lt;Error&gt;AllBrowserWindow : failed executing ...Unable to find Windows Internet Explorer window with 'Shopping Cart - Internet Explorer' in the title.,
            StackTrace:
            AllBrowserWindow(),SharedBorderFree.cs,Line Number:1033
            CheckoutProcessStartShoppingCart(),SharedCheckoutCreditCard.cs,Line Number:771
            CheckoutProcessStartShoppingCart(),SharedCheckoutCreditCard.cs,Line Number:808
            CommonWorkflow(),CheckoutCommon.cs,Line Number:4756
            CheckoutInterruptPageGuestAndSignInUser(),CheckoutCommon.cs,Line Number:95
          </Message>
          <Message>[5/9/2018 8:35:33 PM]&lt;CaptureImage&gt;\\CMP01-YKumar\AutoLog\CMP01-INDIASQA\CheckoutInterruptPageGuestAndSignInUser_20180509203533.png</Message>
          <Message>[5/9/2018 8:35:33 PM]&lt;INFO&gt;CheckoutShoppingCartControls : method executing</Message>
          <Message>[5/9/2018 8:35:33 PM]&lt;Info&gt;AllBrowserWindow : Locating browser window...</Message>
          <Message>
            Assert.Fail failed. [5/9/2018 8:35:57 PM]&lt;Error&gt;AllBrowserWindow : failed executing ...Unable to find Windows Internet Explorer window with 'Shopping Cart - Internet Explorer' in the title.,
            StackTrace:
            AllBrowserWindow(),SharedBorderFree.cs,Line Number:1033
            CheckoutShoppingCartControls(),SharedCheckoutCreditCard.cs,Line Number:191
            CheckoutProcessStartShoppingCart(),SharedCheckoutCreditCard.cs,Line Number:772
            CheckoutProcessStartShoppingCart(),SharedCheckoutCreditCard.cs,Line Number:808
            CommonWorkflow(),CheckoutCommon.cs,Line Number:4756
            CheckoutInterruptPageGuestAndSignInUser(),CheckoutCommon.cs,Line Number:95
          </Message>
          <Message>[5/9/2018 8:35:57 PM]&lt;CaptureImage&gt;\\CMP01-YKumar\AutoLog\CMP01-INDIASQA\CheckoutInterruptPageGuestAndSignInUser_20180509203557.png</Message>
          <Message>[5/9/2018 8:36:00 PM]&lt;INFO&gt;ValidateInterupptPage : method executing...</Message>
          <Message>[5/9/2018 8:36:00 PM]&lt;Info&gt;AllBrowserWindow : Locating browser window...</Message>
          <Message>
            Assert.Fail failed. [5/9/2018 8:36:25 PM]&lt;Error&gt;AllBrowserWindow : failed executing ...Unable to find Windows Internet Explorer window with 'Shopping Cart - Internet Explorer' in the title.,
            StackTrace:
            AllBrowserWindow(),SharedBorderFree.cs,Line Number:1033
            ValidateInterupptPage(),SharedCheckoutCommon.cs,Line Number:1133
            CheckoutInterruptPageGuestAndSignInUser(),CheckoutCommon.cs,Line Number:98
          </Message>
          <Message>[5/9/2018 8:36:25 PM]&lt;CaptureImage&gt;\\CMP01-YKumar\AutoLog\CMP01-INDIASQA\CheckoutInterruptPageGuestAndSignInUser_20180509203625.png</Message>
          <Message>[5/9/2018 8:36:25 PM]&lt;INFO&gt;ValueOfControlExistOnPage : method executing...</Message>
          <Message>[5/9/2018 8:36:25 PM]&lt;Info&gt;AllBrowserWindow : Locating browser window...</Message>
          <Message>
            Assert.Fail failed. [5/9/2018 8:36:49 PM]&lt;Error&gt;AllBrowserWindow : failed executing ...Unable to find Windows Internet Explorer window with 'Shopping Cart - Internet Explorer' in the title.,
            StackTrace:
            AllBrowserWindow(),SharedBorderFree.cs,Line Number:1033
            ValueOfControlExistOnPage(),SharedCheckoutCommon.cs,Line Number:1195
            ValidateInterupptPage(),SharedCheckoutCommon.cs,Line Number:1140
            CheckoutInterruptPageGuestAndSignInUser(),CheckoutCommon.cs,Line Number:98
          </Message>
          <Message>[5/9/2018 8:36:49 PM]&lt;CaptureImage&gt;\\CMP01-YKumar\AutoLog\CMP01-INDIASQA\CheckoutInterruptPageGuestAndSignInUser_20180509203649.png</Message>
          <Message>
            [5/9/2018 8:36:49 PM]&lt;FAIL&gt;&lt;ValueOfControlExistOnPage&gt;&lt; Validates that''New customer &amp; guests'' exist on the Page&gt;.Assert.AreEqual failed. Expected:&lt;True&gt;. Actual:&lt;False&gt;.
            StackTrace:
            ValueOfControlExistOnPage(),SharedCheckoutCommon.cs,Line Number:1208
            ValidateInterupptPage(),SharedCheckoutCommon.cs,Line Number:1140
          </Message>
          <Message>[5/9/2018 8:36:49 PM]&lt;CaptureImage&gt;\\CMP01-YKumar\AutoLog\CMP01-INDIASQA\CheckoutInterruptPageGuestAndSignInUser_20180509203649.png</Message>
          <Message>
            [5/9/2018 8:36:49 PM]&lt;FAIL&gt;&lt;ValueOfControlExistOnPage&gt;&lt; Validates that''Returning customers'' exist on the Page&gt;.Assert.AreEqual failed. Expected:&lt;True&gt;. Actual:&lt;False&gt;.
            StackTrace:
            ValueOfControlExistOnPage(),SharedCheckoutCommon.cs,Line Number:1208
            ValidateInterupptPage(),SharedCheckoutCommon.cs,Line Number:1140
          </Message>
          <Message>[5/9/2018 8:36:49 PM]&lt;CaptureImage&gt;\\CMP01-YKumar\AutoLog\CMP01-INDIASQA\CheckoutInterruptPageGuestAndSignInUser_20180509203649.png</Message>
          <Message>
            [5/9/2018 8:36:52 PM]&lt;FAIL&gt;&lt;ValidateInterupptPage&gt;&lt; Validates that Continue Checkout botton  exist on the Page&gt;.Assert.AreEqual failed. Expected:&lt;False&gt;. Actual:&lt;True&gt;.
            StackTrace:
            ValidateInterupptPage(),SharedCheckoutCommon.cs,Line Number:1152
            CheckoutInterruptPageGuestAndSignInUser(),CheckoutCommon.cs,Line Number:98
          </Message>
          <Message>[5/9/2018 8:36:52 PM]&lt;CaptureImage&gt;\\CMP01-YKumar\AutoLog\CMP01-INDIASQA\CheckoutInterruptPageGuestAndSignInUser_20180509203652.png</Message>
          <Message>
            [5/9/2018 8:36:55 PM]&lt;FAIL&gt;&lt;ValidateInterupptPage&gt;&lt; Validates that Sign In &amp; Checkout botton  exist on the Page&gt;.Assert.AreEqual failed. Expected:&lt;False&gt;. Actual:&lt;True&gt;.
            StackTrace:
            ValidateInterupptPage(),SharedCheckoutCommon.cs,Line Number:1157
            CheckoutInterruptPageGuestAndSignInUser(),CheckoutCommon.cs,Line Number:98
          </Message>
          <Message>[5/9/2018 8:36:55 PM]&lt;CaptureImage&gt;\\CMP01-YKumar\AutoLog\CMP01-INDIASQA\CheckoutInterruptPageGuestAndSignInUser_20180509203655.png</Message>
          <Message>
            [5/9/2018 8:36:57 PM]&lt;FAIL&gt;&lt;ValidateInterupptPage&gt;&lt; Validates that User Name Editbox exist on the Page&gt;.Assert.AreEqual failed. Expected:&lt;False&gt;. Actual:&lt;True&gt;.
            StackTrace:
            ValidateInterupptPage(),SharedCheckoutCommon.cs,Line Number:1161
            CheckoutInterruptPageGuestAndSignInUser(),CheckoutCommon.cs,Line Number:98
          </Message>
          <Message>[5/9/2018 8:36:58 PM]&lt;CaptureImage&gt;\\CMP01-YKumar\AutoLog\CMP01-INDIASQA\CheckoutInterruptPageGuestAndSignInUser_20180509203658.png</Message>
          <Message>
            [5/9/2018 8:37:00 PM]&lt;FAIL&gt;&lt;ValidateInterupptPage&gt;&lt; Validates that Password Editbox exist on the Page&gt;.Assert.AreEqual failed. Expected:&lt;False&gt;. Actual:&lt;True&gt;.
            StackTrace:
            ValidateInterupptPage(),SharedCheckoutCommon.cs,Line Number:1165
            CheckoutInterruptPageGuestAndSignInUser(),CheckoutCommon.cs,Line Number:98
          </Message>
          <Message>[5/9/2018 8:37:00 PM]&lt;CaptureImage&gt;\\CMP01-YKumar\AutoLog\CMP01-INDIASQA\CheckoutInterruptPageGuestAndSignInUser_20180509203700.png</Message>
          <Message>
            [5/9/2018 8:37:03 PM]&lt;FAIL&gt;&lt;ValidateInterupptPage&gt;&lt; Validates that Forget Password link exist on the Page&gt;.Assert.AreEqual failed. Expected:&lt;False&gt;. Actual:&lt;True&gt;.
            StackTrace:
            ValidateInterupptPage(),SharedCheckoutCommon.cs,Line Number:1169
            CheckoutInterruptPageGuestAndSignInUser(),CheckoutCommon.cs,Line Number:98
          </Message>
          <Message>[5/9/2018 8:37:03 PM]&lt;CaptureImage&gt;\\CMP01-YKumar\AutoLog\CMP01-INDIASQA\CheckoutInterruptPageGuestAndSignInUser_20180509203703.png</Message>
          <Message>
            [5/9/2018 8:37:06 PM]&lt;FAIL&gt;&lt;ValidateInterupptPage&gt;&lt; Validates that Close button exist on the Page&gt;.Assert.AreEqual failed. Expected:&lt;False&gt;. Actual:&lt;True&gt;.
            StackTrace:
            ValidateInterupptPage(),SharedCheckoutCommon.cs,Line Number:1173
            CheckoutInterruptPageGuestAndSignInUser(),CheckoutCommon.cs,Line Number:98
          </Message>
          <Message>[5/9/2018 8:37:06 PM]&lt;CaptureImage&gt;\\CMP01-YKumar\AutoLog\CMP01-INDIASQA\CheckoutInterruptPageGuestAndSignInUser_20180509203706.png</Message>
          <Message>
            Assert.Fail failed. [5/9/2018 8:37:11 PM]&lt;ERROR&gt;MouseClick Exception:Microsoft.VisualStudio.TestTools.UITest.Extension.UITestControlNotFoundException: The playback failed to find the control with the given search properties. Additional Details:
            TechnologyName:  'Web'
            ControlType:  'Hyperlink'
            TagName:  'A'
            Id:  'guestShopperContinue'
            Failed to find any control that matched the search condition Id='guestShopperContinue' &amp;&amp; ControlType='Hyperlink' ---&gt; System.Runtime.InteropServices.COMException: Error HRESULT E_FAIL has been returned from a call to a COM component.
            at Microsoft.VisualStudio.TestTools.UITest.Playback.Engine.IScreenElement.FindAllDescendants(String bstrQueryId, Object&amp; pvarResKeys, Int32 cResKeys, Int32 nMaxDepth)
            at Microsoft.VisualStudio.TestTools.UITest.Playback.ScreenElement.FindAllScreenElement(String queryId, Int32 depth, Boolean singleQueryId, Boolean throwException, Boolean resetSkipStep)
            at Microsoft.VisualStudio.TestTools.UITest.Playback.ScreenElement.FindScreenElement(String queryId, Int32 depth, Boolean resetSkipStep)
            at Microsoft.VisualStudio.TestTools.UITesting.UITestControl.FindFirstDescendant(String queryId, Int32 maxDepth, Int32&amp; timeLeft)
            --- End of inner exception stack trace ---
            at Microsoft.VisualStudio.TestTools.UITesting.Playback.MapControlNotFoundException(COMException ex, IPlaybackContext context)
            at Microsoft.VisualStudio.TestTools.UITesting.Playback.MapAndThrowComException(COMException innerException, IPlaybackContext context)
            at Microsoft.VisualStudio.TestTools.UITesting.Playback.MapAndThrowException(SystemException exception, IPlaybackContext context)
            at Microsoft.VisualStudio.TestTools.UITesting.Playback.MapAndThrowException(SystemException exception, String queryId)
            at Microsoft.VisualStudio.TestTools.UITesting.UITestControl.FindFirstDescendant(String queryId, Int32 maxDepth, Int32&amp; timeLeft)
            at Microsoft.VisualStudio.TestTools.UITesting.SearchHelper.GetUITestControlRecursive(Boolean useCache, Boolean alwaysSearch, ISearchArgument searchArg, IList`1 windowTitles, Int32&amp; timeLeft)
            at Microsoft.VisualStudio.TestTools.UITesting.SearchHelper.GetElement(Boolean useCache, ISearchArgument searchArg)
            at Microsoft.VisualStudio.TestTools.UITesting.SearchHelper.Search(ISearchArgument searchArg)
            at Microsoft.VisualStudio.TestTools.UITesting.UITestControl.FindInternal()
            at Microsoft.VisualStudio.TestTools.UITesting.UITestControl.&lt;Find&gt;b__3a()
            at Microsoft.VisualStudio.TestTools.UITesting.CodedUITestMethodInvoker.InvokeMethod[T](Func`1 function, UITestControl control, Boolean firePlaybackErrorEvent, Boolean logAsAction)
            at Microsoft.VisualStudio.TestTools.UITesting.UITestControl.Find()
            at Microsoft.VisualStudio.TestTools.UITesting.UITestControl.GetPropertyPrivate(String propertyName)
            at Microsoft.VisualStudio.TestTools.UITesting.UITestControl.GetPropertyOfType[T](String propertyName)
            at Microsoft.VisualStudio.TestTools.UITesting.UITestControl.get_Name()
            at TestAuto.LoggingAndSharedGenericMethods.MouseClick(UITestControl uiMenuItemTestControl) in c:\Builds\1\WebSphere\QATestAutomation\src\CodedUITest\SourceCode\Common\Logging\SharedMethods_Generic.cs:line 790,
            StackTrace:
            MouseClick(),SharedMethods_Generic.cs,Line Number:822
            CheckoutInterruptPageGuestAndSignInUser(),CheckoutCommon.cs,Line Number:102
          </Message>
          <Message>[5/9/2018 8:37:11 PM]&lt;CaptureImage&gt;\\CMP01-YKumar\AutoLog\CMP01-INDIASQA\CheckoutInterruptPageGuestAndSignInUser_20180509203711.png</Message>
          <Message>[5/9/2018 8:37:11 PM]&lt;Info&gt;AllBrowserWindow : Locating browser window...</Message>
          <Message>
            Assert.Fail failed. [5/9/2018 8:37:36 PM]&lt;Error&gt;AllBrowserWindow : failed executing ...Unable to find Windows Internet Explorer window with 'HorizonHobby - Shipping and Billing Display - Internet Explorer' in the title.,
            StackTrace:
            AllBrowserWindow(),SharedBorderFree.cs,Line Number:1033
            CheckoutInterruptPageGuestAndSignInUser(),CheckoutCommon.cs,Line Number:104
          </Message>
          <Message>[5/9/2018 8:37:36 PM]&lt;CaptureImage&gt;\\CMP01-YKumar\AutoLog\CMP01-INDIASQA\CheckoutInterruptPageGuestAndSignInUser_20180509203736.png</Message>
          <Message>
            [5/9/2018 8:38:39 PM]&lt;FAIL&gt;&lt;CheckoutInterruptPageGuestAndSignInUser&gt;&lt; Validates that Address Page appears&gt;.Assert.AreEqual failed. Expected:&lt;True&gt;. Actual:&lt;False&gt;.
            StackTrace:
            CheckoutInterruptPageGuestAndSignInUser(),CheckoutCommon.cs,Line Number:108
          </Message>
          <Message>[5/9/2018 8:38:39 PM]&lt;CaptureImage&gt;\\CMP01-YKumar\AutoLog\CMP01-INDIASQA\CheckoutInterruptPageGuestAndSignInUser_20180509203839.png</Message>
          <Message>[5/9/2018 8:38:39 PM]&lt;Info&gt;AllBrowserWindow : Locating browser window...</Message>
          <Message>
            Assert.Fail failed. [5/9/2018 8:39:03 PM]&lt;Error&gt;AllBrowserWindow : failed executing ...Unable to find Windows Internet Explorer window with 'HorizonHobby - Shipping and Billing Display - Internet Explorer' in the title.,
            StackTrace:
            AllBrowserWindow(),SharedBorderFree.cs,Line Number:1033
            CheckoutInterruptPageGuestAndSignInUser(),CheckoutCommon.cs,Line Number:112
          </Message>
          <Message>[5/9/2018 8:39:03 PM]&lt;CaptureImage&gt;\\CMP01-YKumar\AutoLog\CMP01-INDIASQA\CheckoutInterruptPageGuestAndSignInUser_20180509203903.png</Message>
          <Message>
            Assert.Fail failed. [5/9/2018 8:39:09 PM]&lt;ERROR&gt;MouseClick Exception:Microsoft.VisualStudio.TestTools.UITest.Extension.UITestControlNotFoundException: The playback failed to find the control with the given search properties. Additional Details:
            TechnologyName:  'Web'
            ControlType:  'Hyperlink'
            TagName:  'A'
            Id:  'WC_ShipmentDisplay_links_2'
            Failed to find any control that matched the search condition Id='WC_ShipmentDisplay_links_2' &amp;&amp; ControlType='Hyperlink' ---&gt; System.Runtime.InteropServices.COMException: Error HRESULT E_FAIL has been returned from a call to a COM component.
            at Microsoft.VisualStudio.TestTools.UITest.Playback.Engine.IScreenElement.FindAllDescendants(String bstrQueryId, Object&amp; pvarResKeys, Int32 cResKeys, Int32 nMaxDepth)
            at Microsoft.VisualStudio.TestTools.UITest.Playback.ScreenElement.FindAllScreenElement(String queryId, Int32 depth, Boolean singleQueryId, Boolean throwException, Boolean resetSkipStep)
            at Microsoft.VisualStudio.TestTools.UITest.Playback.ScreenElement.FindScreenElement(String queryId, Int32 depth, Boolean resetSkipStep)
            at Microsoft.VisualStudio.TestTools.UITesting.UITestControl.FindFirstDescendant(String queryId, Int32 maxDepth, Int32&amp; timeLeft)
            --- End of inner exception stack trace ---
            at Microsoft.VisualStudio.TestTools.UITesting.Playback.MapControlNotFoundException(COMException ex, IPlaybackContext context)
            at Microsoft.VisualStudio.TestTools.UITesting.Playback.MapAndThrowComException(COMException innerException, IPlaybackContext context)
            at Microsoft.VisualStudio.TestTools.UITesting.Playback.MapAndThrowException(SystemException exception, IPlaybackContext context)
            at Microsoft.VisualStudio.TestTools.UITesting.Playback.MapAndThrowException(SystemException exception, String queryId)
            at Microsoft.VisualStudio.TestTools.UITesting.UITestControl.FindFirstDescendant(String queryId, Int32 maxDepth, Int32&amp; timeLeft)
            at Microsoft.VisualStudio.TestTools.UITesting.SearchHelper.GetUITestControlRecursive(Boolean useCache, Boolean alwaysSearch, ISearchArgument searchArg, IList`1 windowTitles, Int32&amp; timeLeft)
            at Microsoft.VisualStudio.TestTools.UITesting.SearchHelper.GetElement(Boolean useCache, ISearchArgument searchArg)
            at Microsoft.VisualStudio.TestTools.UITesting.SearchHelper.Search(ISearchArgument searchArg)
            at Microsoft.VisualStudio.TestTools.UITesting.UITestControl.FindInternal()
            at Microsoft.VisualStudio.TestTools.UITesting.UITestControl.&lt;Find&gt;b__3a()
            at Microsoft.VisualStudio.TestTools.UITesting.CodedUITestMethodInvoker.InvokeMethod[T](Func`1 function, UITestControl control, Boolean firePlaybackErrorEvent, Boolean logAsAction)
            at Microsoft.VisualStudio.TestTools.UITesting.UITestControl.Find()
            at Microsoft.VisualStudio.TestTools.UITesting.UITestControl.GetPropertyPrivate(String propertyName)
            at Microsoft.VisualStudio.TestTools.UITesting.UITestControl.GetPropertyOfType[T](String propertyName)
            at Microsoft.VisualStudio.TestTools.UITesting.UITestControl.get_Name()
            at TestAuto.LoggingAndSharedGenericMethods.MouseClick(UITestControl uiMenuItemTestControl) in c:\Builds\1\WebSphere\QATestAutomation\src\CodedUITest\SourceCode\Common\Logging\SharedMethods_Generic.cs:line 790,
            StackTrace:
            MouseClick(),SharedMethods_Generic.cs,Line Number:822
            CheckoutInterruptPageGuestAndSignInUser(),CheckoutCommon.cs,Line Number:114
          </Message>
          <Message>[5/9/2018 8:39:09 PM]&lt;CaptureImage&gt;\\CMP01-YKumar\AutoLog\CMP01-INDIASQA\CheckoutInterruptPageGuestAndSignInUser_20180509203909.png</Message>
          <Message>[5/9/2018 8:39:09 PM]&lt;Info&gt;AllBrowserWindow : Locating browser window...</Message>
          <Message>
            Assert.Fail failed. [5/9/2018 8:39:34 PM]&lt;Error&gt;AllBrowserWindow : failed executing ...Unable to find Windows Internet Explorer window with 'Shopping Cart - Internet Explorer' in the title.,
            StackTrace:
            AllBrowserWindow(),SharedBorderFree.cs,Line Number:1033
            CheckoutInterruptPageGuestAndSignInUser(),CheckoutCommon.cs,Line Number:117
          </Message>
          <Message>[5/9/2018 8:39:34 PM]&lt;CaptureImage&gt;\\CMP01-YKumar\AutoLog\CMP01-INDIASQA\CheckoutInterruptPageGuestAndSignInUser_20180509203934.png</Message>
          <Message>[5/9/2018 8:39:34 PM]&lt;INFO&gt;CheckoutProcessStartShoppingCart : method executing</Message>
          <Message>[5/9/2018 8:39:34 PM]&lt;Info&gt;AllBrowserWindow : Locating browser window...</Message>
          <Message>
            Assert.Fail failed. [5/9/2018 8:39:58 PM]&lt;Error&gt;AllBrowserWindow : failed executing ...Unable to find Windows Internet Explorer window with 'Shopping Cart - Internet Explorer' in the title.,
            StackTrace:
            AllBrowserWindow(),SharedBorderFree.cs,Line Number:1033
            CheckoutProcessStartShoppingCart(),SharedCheckoutCreditCard.cs,Line Number:771
            CheckoutProcessStartShoppingCart(),SharedCheckoutCreditCard.cs,Line Number:808
            CheckoutInterruptPageGuestAndSignInUser(),CheckoutCommon.cs,Line Number:118
          </Message>
          <Message>[5/9/2018 8:39:58 PM]&lt;CaptureImage&gt;\\CMP01-YKumar\AutoLog\CMP01-INDIASQA\CheckoutInterruptPageGuestAndSignInUser_20180509203958.png</Message>
          <Message>[5/9/2018 8:39:58 PM]&lt;INFO&gt;CheckoutShoppingCartControls : method executing</Message>
          <Message>[5/9/2018 8:39:58 PM]&lt;Info&gt;AllBrowserWindow : Locating browser window...</Message>
          <Message>
            Assert.Fail failed. [5/9/2018 8:40:23 PM]&lt;Error&gt;AllBrowserWindow : failed executing ...Unable to find Windows Internet Explorer window with 'Shopping Cart - Internet Explorer' in the title.,
            StackTrace:
            AllBrowserWindow(),SharedBorderFree.cs,Line Number:1033
            CheckoutShoppingCartControls(),SharedCheckoutCreditCard.cs,Line Number:191
            CheckoutProcessStartShoppingCart(),SharedCheckoutCreditCard.cs,Line Number:772
            CheckoutProcessStartShoppingCart(),SharedCheckoutCreditCard.cs,Line Number:808
            CheckoutInterruptPageGuestAndSignInUser(),CheckoutCommon.cs,Line Number:118
          </Message>
          <Message>[5/9/2018 8:40:23 PM]&lt;CaptureImage&gt;\\CMP01-YKumar\AutoLog\CMP01-INDIASQA\CheckoutInterruptPageGuestAndSignInUser_20180509204023.png</Message>
          <Message>
            Assert.Fail failed. [5/9/2018 8:40:31 PM]&lt;ERROR&gt;MouseClick Exception:Microsoft.VisualStudio.TestTools.UITest.Extension.UITestControlNotFoundException: The playback failed to find the control with the given search properties. Additional Details:
            TechnologyName:  'Web'
            ControlType:  'Edit'
            TagName:  'INPUT'
            Id:  'WC_CheckoutLogon_FormInput_logonId'
            Failed to find any control that matched the search condition ControlType='Edit' &amp;&amp; Id=&gt;'WC_CheckoutLogon_FormInput_logonId' ---&gt; System.Runtime.InteropServices.COMException: Error HRESULT E_FAIL has been returned from a call to a COM component.
            at Microsoft.VisualStudio.TestTools.UITest.Playback.Engine.IScreenElement.FindAllDescendants(String bstrQueryId, Object&amp; pvarResKeys, Int32 cResKeys, Int32 nMaxDepth)
            at Microsoft.VisualStudio.TestTools.UITest.Playback.ScreenElement.FindAllScreenElement(String queryId, Int32 depth, Boolean singleQueryId, Boolean throwException, Boolean resetSkipStep)
            at Microsoft.VisualStudio.TestTools.UITest.Playback.ScreenElement.FindScreenElement(String queryId, Int32 depth, Boolean resetSkipStep)
            at Microsoft.VisualStudio.TestTools.UITesting.UITestControl.FindFirstDescendant(String queryId, Int32 maxDepth, Int32&amp; timeLeft)
            --- End of inner exception stack trace ---
            at Microsoft.VisualStudio.TestTools.UITesting.Playback.MapControlNotFoundException(COMException ex, IPlaybackContext context)
            at Microsoft.VisualStudio.TestTools.UITesting.Playback.MapAndThrowComException(COMException innerException, IPlaybackContext context)
            at Microsoft.VisualStudio.TestTools.UITesting.Playback.MapAndThrowException(SystemException exception, IPlaybackContext context)
            at Microsoft.VisualStudio.TestTools.UITesting.Playback.MapAndThrowException(SystemException exception, String queryId)
            at Microsoft.VisualStudio.TestTools.UITesting.UITestControl.FindFirstDescendant(String queryId, Int32 maxDepth, Int32&amp; timeLeft)
            at Microsoft.VisualStudio.TestTools.UITesting.SearchHelper.GetUITestControlRecursive(Boolean useCache, Boolean alwaysSearch, ISearchArgument searchArg, IList`1 windowTitles, Int32&amp; timeLeft)
            at Microsoft.VisualStudio.TestTools.UITesting.SearchHelper.GetElement(Boolean useCache, ISearchArgument searchArg)
            at Microsoft.VisualStudio.TestTools.UITesting.SearchHelper.Search(ISearchArgument searchArg)
            at Microsoft.VisualStudio.TestTools.UITesting.UITestControl.FindInternal()
            at Microsoft.VisualStudio.TestTools.UITesting.UITestControl.&lt;Find&gt;b__3a()
            at Microsoft.VisualStudio.TestTools.UITesting.CodedUITestMethodInvoker.InvokeMethod[T](Func`1 function, UITestControl control, Boolean firePlaybackErrorEvent, Boolean logAsAction)
            at Microsoft.VisualStudio.TestTools.UITesting.UITestControl.Find()
            at Microsoft.VisualStudio.TestTools.UITesting.UITestControl.GetPropertyPrivate(String propertyName)
            at Microsoft.VisualStudio.TestTools.UITesting.UITestControl.GetPropertyOfType[T](String propertyName)
            at Microsoft.VisualStudio.TestTools.UITesting.UITestControl.get_Name()
            at TestAuto.LoggingAndSharedGenericMethods.MouseClick(UITestControl uiMenuItemTestControl) in c:\Builds\1\WebSphere\QATestAutomation\src\CodedUITest\SourceCode\Common\Logging\SharedMethods_Generic.cs:line 790,
            StackTrace:
            MouseClick(),SharedMethods_Generic.cs,Line Number:822
            CheckoutInterruptPageGuestAndSignInUser(),CheckoutCommon.cs,Line Number:123
          </Message>
          <Message>[5/9/2018 8:40:31 PM]&lt;CaptureImage&gt;\\CMP01-YKumar\AutoLog\CMP01-INDIASQA\CheckoutInterruptPageGuestAndSignInUser_20180509204031.png</Message>
          <Message>
            Assert.Fail failed. [5/9/2018 8:40:34 PM]&lt;ERROR&gt;CheckoutInterruptPageGuestAndSignInUser : failed executing ...The playback failed to find the control with the given search properties. Additional Details:
            TechnologyName:  'Web'
            ControlType:  'Edit'
            TagName:  'INPUT'
            Id:  'WC_CheckoutLogon_FormInput_logonId'
            Failed to find any control that matched the search condition ControlType='Edit' &amp;&amp; Id=&gt;'WC_CheckoutLogon_FormInput_logonId',
            StackTrace:
            CheckoutInterruptPageGuestAndSignInUser(),CheckoutCommon.cs,Line Number:179
          </Message>
          <Message>[5/9/2018 8:40:34 PM]&lt;CaptureImage&gt;\\CMP01-YKumar\AutoLog\CMP01-INDIASQA\CheckoutInterruptPageGuestAndSignInUser_20180509204034.png</Message>
          <Message>[5/9/2018 8:40:34 PM]&lt;RESULT&gt;Test Ended:#PASS=0, #FAIL=9,#Other errors=21</Message>
          <Message>[5/9/2018 8:40:35 PM]&lt;INFO&gt;LogCPUAndMemoryUsage: Available Memory = 24261(MB), CPU Usage = 12.53191%</Message>
          <Message>[5/9/2018 8:40:35 PM]&lt;INFO&gt;Private Working Set for QTAgent32_40, usage=442880 (K)</Message>
          <Message>
            [5/9/2018 8:40:35 PM]&lt;RESULT&gt;&lt;CheckoutInterruptPageGuestAndSignInUser&gt; Test FAILED: Actual #FAIL=9, #Expected FAIL=0
            #Other errors=21. See Error Message/logs for further details.
          </Message>
        </TextMessages>
      </Output>
      <ResultFiles>
        <ResultFile path="CMP01-INDIASQA.horizonhobby.com\CheckoutCommonTestData_203046.xml" />
        <ResultFile path="CMP01-INDIASQA.horizonhobby.com\CheckoutInterruptPageGuestAndSignInUser_20180509203046.log" />
        <ResultFile path="CMP01-INDIASQA.horizonhobby.com\CheckoutInterruptPageGuestAndSignInUser_20180509203131.png" />
        <ResultFile path="CMP01-INDIASQA.horizonhobby.com\CheckoutInterruptPageGuestAndSignInUser_20180509203134.png" />
        <ResultFile path="CMP01-INDIASQA.horizonhobby.com\CheckoutInterruptPageGuestAndSignInUser_20180509203159.png" />
        <ResultFile path="CMP01-INDIASQA.horizonhobby.com\CheckoutInterruptPageGuestAndSignInUser_20180509203212.png" />
        <ResultFile path="CMP01-INDIASQA.horizonhobby.com\CheckoutInterruptPageGuestAndSignInUser_20180509203237.png" />
        <ResultFile path="CMP01-INDIASQA.horizonhobby.com\CheckoutInterruptPageGuestAndSignInUser_20180509203244.png" />
        <ResultFile path="CMP01-INDIASQA.horizonhobby.com\CheckoutInterruptPageGuestAndSignInUser_20180509203455.png" />
        <ResultFile path="CMP01-INDIASQA.horizonhobby.com\CheckoutInterruptPageGuestAndSignInUser_20180509203508.png" />
        <ResultFile path="CMP01-INDIASQA.horizonhobby.com\CheckoutInterruptPageGuestAndSignInUser_20180509203533.png" />
        <ResultFile path="CMP01-INDIASQA.horizonhobby.com\CheckoutInterruptPageGuestAndSignInUser_20180509203557.png" />
        <ResultFile path="CMP01-INDIASQA.horizonhobby.com\CheckoutInterruptPageGuestAndSignInUser_20180509203625.png" />
        <ResultFile path="CMP01-INDIASQA.horizonhobby.com\CheckoutInterruptPageGuestAndSignInUser_20180509203649.png" />
        <ResultFile path="CMP01-INDIASQA.horizonhobby.com\CheckoutInterruptPageGuestAndSignInUser_20180509203652.png" />
        <ResultFile path="CMP01-INDIASQA.horizonhobby.com\CheckoutInterruptPageGuestAndSignInUser_20180509203655.png" />
        <ResultFile path="CMP01-INDIASQA.horizonhobby.com\CheckoutInterruptPageGuestAndSignInUser_20180509203658.png" />
        <ResultFile path="CMP01-INDIASQA.horizonhobby.com\CheckoutInterruptPageGuestAndSignInUser_20180509203700.png" />
        <ResultFile path="CMP01-INDIASQA.horizonhobby.com\CheckoutInterruptPageGuestAndSignInUser_20180509203703.png" />
        <ResultFile path="CMP01-INDIASQA.horizonhobby.com\CheckoutInterruptPageGuestAndSignInUser_20180509203706.png" />
        <ResultFile path="CMP01-INDIASQA.horizonhobby.com\CheckoutInterruptPageGuestAndSignInUser_20180509203711.png" />
        <ResultFile path="CMP01-INDIASQA.horizonhobby.com\CheckoutInterruptPageGuestAndSignInUser_20180509203736.png" />
        <ResultFile path="CMP01-INDIASQA.horizonhobby.com\CheckoutInterruptPageGuestAndSignInUser_20180509203839.png" />
        <ResultFile path="CMP01-INDIASQA.horizonhobby.com\CheckoutInterruptPageGuestAndSignInUser_20180509203903.png" />
        <ResultFile path="CMP01-INDIASQA.horizonhobby.com\CheckoutInterruptPageGuestAndSignInUser_20180509203909.png" />
        <ResultFile path="CMP01-INDIASQA.horizonhobby.com\CheckoutInterruptPageGuestAndSignInUser_20180509203934.png" />
        <ResultFile path="CMP01-INDIASQA.horizonhobby.com\CheckoutInterruptPageGuestAndSignInUser_20180509203958.png" />
        <ResultFile path="CMP01-INDIASQA.horizonhobby.com\CheckoutInterruptPageGuestAndSignInUser_20180509204023.png" />
        <ResultFile path="CMP01-INDIASQA.horizonhobby.com\CheckoutInterruptPageGuestAndSignInUser_20180509204031.png" />
        <ResultFile path="CMP01-INDIASQA.horizonhobby.com\CheckoutInterruptPageGuestAndSignInUser_20180509204034.png" />
        <ResultFile path="CMP01-INDIASQA.horizonhobby.com\CheckoutInterruptPageGuestAndSignInUser_ResultsONLY_20180509203046.log" />
        <ResultFile path="CMP01-INDIASQA.horizonhobby.com\SharedCommonConfig.xml" />
      </ResultFiles>
    </UnitTestResult>
    <UnitTestResult executionId="f74f80b0-8125-4da2-86fe-722361c5f058" testId="f3360ec1-3a5e-add5-a231-1bec37f6e851" testName="CheckoutNortonLogoDisplay" computerName="CMP01-INDIASQA" duration="00:06:06.3892804" startTime="2018-05-09T20:40:37.7468797-05:00" endTime="2018-05-09T20:46:44.2118797-05:00" testType="13cdc9d9-ddb5-4fa4-a97d-d965ccfc6d4b" outcome="Failed" testListId="8c84fa94-04c1-424b-9868-57a2d4851a1d" relativeResultsDirectory="f74f80b0-8125-4da2-86fe-722361c5f058">
      <Output>
        <StdOut>Logging to custom path:\\CMP01-YKumar\AutoLog</StdOut>
        <ErrorInfo>
          <Message>
            Assert.Fail failed.
            #Other errors=6
            [Error details below]
          </Message>
          <StackTrace>
            at TestAuto.LoggingAndSharedGenericMethods.EndTest() in c:\Builds\1\WebSphere\QATestAutomation\src\CodedUITest\SourceCode\Common\Logging\Logging.cs:line 1628
            at TestAuto.HHBvtSmokeTest.TestCleanup() in c:\Builds\1\WebSphere\QATestAutomation\src\CodedUITest\SourceCode\HHobby\Checkout\CheckoutCommon.cs:line 4805
          </StackTrace>
        </ErrorInfo>
        <TextMessages>
          <Message>
            [5/9/2018 8:40:37 PM]&lt;STARTLOG&gt;&lt;CheckoutNortonLogoDisplay&gt;Test Started: Expecting: #PASS=Undefined and #FAIL=0
            Running from MTM=True, running on machine name:CMP01-INDIASQA, user name=ykumar, OS=Microsoft Windows NT 6.1.7601 Service Pack 1, Is64BitOS=True
          </Message>
          <Message>[5/9/2018 8:40:38 PM]&lt;INFO&gt;LogCPUAndMemoryUsage: Available Memory = 24346(MB), CPU Usage = 13.11632%</Message>
          <Message>[5/9/2018 8:40:38 PM]&lt;INFO&gt;Private Working Set for QTAgent32_40, usage=443148 (K)</Message>
          <Message>[5/9/2018 8:40:38 PM]&lt;INFO&gt;Path To TestConfig xml=E:\LoadTestResult\VSEQT\QTAgent\26924\CMP01-INDIASQA.horizonhobby.com\Deployment\SharedCommonConfig.xml</Message>
          <Message>[5/9/2018 8:40:38 PM]&lt;INFO&gt;Path To TestData xml=E:\LoadTestResult\VSEQT\QTAgent\26924\CMP01-INDIASQA.horizonhobby.com\Deployment\CheckoutCommonTestData_204037.xml</Message>
          <Message>[5/9/2018 8:40:38 PM]&lt;INFO&gt;Path To HorizonHobbyQA Application Url=https://www-tst.horizonhobby.com</Message>
          <Message>[5/9/2018 8:40:38 PM]&lt;INFO&gt;HorizonHobbyQA sql connection string=Server=cmp02-ws-tst-db01:50000;Database=TST01DB;UID=wcdbuser;PWD=h0r1z0n;Connect Timeout=30</Message>
          <Message>[5/9/2018 8:40:38 PM]&lt;INFO&gt;Country is := US and language id is := '-1'</Message>
          <Message>[5/9/2018 8:40:38 PM]&lt;INFO&gt;Current browser used for test execution is = 'IE'</Message>
          <Message>[5/9/2018 8:40:58 PM]&lt;INFO&gt;SurveyWindow : method executing ...</Message>
          <Message>[5/9/2018 8:41:05 PM]&lt;INFO&gt;ContinueOnCertificationErrorClickexecuting ...</Message>
          <Message>[5/9/2018 8:41:05 PM]&lt;Info&gt;DEAllBrowserWindow : Locating browser window...</Message>
          <Message>[5/9/2018 8:41:16 PM]&lt;INFO&gt;UserRegistration : method executing ...</Message>
          <Message>[5/9/2018 8:41:16 PM]&lt;INFO&gt;DeleteWishlistFromDatabase : method executing</Message>
          <Message>[5/9/2018 8:41:45 PM]&lt;Info&gt;AllBrowserWindow : Locating browser window...</Message>
          <Message>[5/9/2018 8:42:08 PM]&lt;Info&gt;AllBrowserWindow : Locating browser window...</Message>
          <Message>[5/9/2018 8:42:35 PM]&lt;Info&gt;AllBrowserWindow : Locating browser window...</Message>
          <Message>[5/9/2018 8:42:47 PM]&lt;Info&gt;AllBrowserWindow : Locating browser window...</Message>
          <Message>[5/9/2018 8:42:51 PM]&lt;INFO&gt;SearchProductexecuting ... Searching term:= 'TRA6509R'</Message>
          <Message>[5/9/2018 8:43:24 PM]&lt;Info&gt;AllBrowserWindow : Locating browser window...</Message>
          <Message>[5/9/2018 8:43:56 PM]&lt;INFO&gt;BackOrderClickexecuting ...</Message>
          <Message>[5/9/2018 8:43:57 PM]&lt;INFO&gt;GoToCartClickexecuting ...</Message>
          <Message>
            Assert.Fail failed. [5/9/2018 8:44:22 PM]&lt;ERROR&gt;MouseClick Exception:Microsoft.VisualStudio.TestTools.UITest.Extension.FailedToPerformActionOnHiddenControlException: Cannot perform 'Click' on the hidden control. Additional Details:
            TechnologyName:  'Web'
            ControlType:  'Hyperlink'
            TagName:  'A'
            Id:  'GotoCartButton1'
            Name:  ''
            Target:  ''
            InnerText:  'Go to Cart'
            ---&gt; System.Runtime.InteropServices.COMException: Exception from HRESULT: 0xF004F002
            at Microsoft.VisualStudio.TestTools.UITest.Playback.Engine.IScreenElement.MouseButtonClick(Int32 x, Int32 y, Int32 nButton, Int32 fEnsureVisible, String bstrKeyModifiers)
            at Microsoft.VisualStudio.TestTools.UITest.Playback.ScreenElement.MouseButtonClick(Int32 x, Int32 y, MouseButtons button, ModifierKeys modifierKeys, Int32 ensureVisible)
            at Microsoft.VisualStudio.TestTools.UITesting.UITestControl.Click(MouseButtons button, ModifierKeys modifierKeys, Point relativeCoordinates)
            --- End of inner exception stack trace ---
            at Microsoft.VisualStudio.TestTools.UITesting.Playback.MapAndThrowComException(COMException innerException, IPlaybackContext context)
            at Microsoft.VisualStudio.TestTools.UITesting.Playback.MapAndThrowException(SystemException exception, IPlaybackContext context)
            at Microsoft.VisualStudio.TestTools.UITesting.Playback.MapAndThrowException(SystemException exception, String actionName, UITestControl uiControl, Point point)
            at Microsoft.VisualStudio.TestTools.UITesting.UITestControl.Click(MouseButtons button, ModifierKeys modifierKeys, Point relativeCoordinates)
            at Microsoft.VisualStudio.TestTools.UITesting.UITestActionExecutorCore.Click(UITestControl control, MouseButtons button, ModifierKeys modifierKeys, Point relativeCoordinate)
            at Microsoft.VisualStudio.TestTools.UITesting.Mouse.ClickImplementation(UITestControl control, MouseButtons button, ModifierKeys modifierKeys, Point relativeCoordinate)
            at Microsoft.VisualStudio.TestTools.UITesting.Mouse.&lt;&gt;c__DisplayClass6.&lt;Click&gt;b__5()
            at Microsoft.VisualStudio.TestTools.UITesting.CodedUITestMethodInvoker.InvokeMethod[T](Func`1 function, UITestControl control, Boolean firePlaybackErrorEvent, Boolean logAsAction)
            at Microsoft.VisualStudio.TestTools.UITesting.Mouse.Click(UITestControl control, MouseButtons button, ModifierKeys modifierKeys, Point relativeCoordinate)
            at Microsoft.VisualStudio.TestTools.UITesting.Mouse.Click(UITestControl control)
            at TestAuto.LoggingAndSharedGenericMethods.MouseClick(UITestControl uiMenuItemTestControl) in c:\Builds\1\WebSphere\QATestAutomation\src\CodedUITest\SourceCode\Common\Logging\SharedMethods_Generic.cs:line 785,
            StackTrace:
            MouseClick(),SharedMethods_Generic.cs,Line Number:822
            GoToCartClick(),SharedCartPopUp.cs,Line Number:129
            CommonWorkflow(),CheckoutCommon.cs,Line Number:4749
            CheckoutNortonLogoDisplay(),CheckoutCommon.cs,Line Number:2345
          </Message>
          <Message>[5/9/2018 8:44:22 PM]&lt;CaptureImage&gt;\\CMP01-YKumar\AutoLog\CMP01-INDIASQA\CheckoutNortonLogoDisplay_20180509204422.png</Message>
          <Message>[5/9/2018 8:44:22 PM]&lt;INFO&gt;ContinueOnCertificationErrorClickexecuting ...</Message>
          <Message>[5/9/2018 8:44:22 PM]&lt;Info&gt;AllBrowserWindow : Locating browser window...</Message>
          <Message>
            Assert.Fail failed. [5/9/2018 8:44:47 PM]&lt;Error&gt;AllBrowserWindow : failed executing ...Unable to find Windows Internet Explorer window with 'Shopping Cart - Internet Explorer' in the title.,
            StackTrace:
            AllBrowserWindow(),SharedBorderFree.cs,Line Number:1033
            CheckoutNortonLogoDisplay(),CheckoutCommon.cs,Line Number:2347
          </Message>
          <Message>[5/9/2018 8:44:47 PM]&lt;CaptureImage&gt;\\CMP01-YKumar\AutoLog\CMP01-INDIASQA\CheckoutNortonLogoDisplay_20180509204447.png</Message>
          <Message>[5/9/2018 8:44:48 PM]&lt;PASS&gt;&lt;CheckoutNortonLogoDisplay&gt;&lt;Go Daddy SSL Certificate logo exists&gt;</Message>
          <Message>[5/9/2018 8:44:48 PM]&lt;PASS&gt;&lt;CheckoutNortonLogoDisplay&gt;&lt;GoDaddy Secured Seal Window opens&gt;</Message>
          <Message>[5/9/2018 8:44:54 PM]&lt;Info&gt;AllBrowserWindow : Locating browser window...</Message>
          <Message>[5/9/2018 8:44:58 PM]&lt;PASS&gt;&lt;CheckoutNortonLogoDisplay&gt;&lt;GoDaddy Secured Seal Window opens&gt;</Message>
          <Message>[5/9/2018 8:45:05 PM]&lt;INFO&gt;CheckoutProcessStartShoppingCart : method executing</Message>
          <Message>[5/9/2018 8:45:05 PM]&lt;Info&gt;AllBrowserWindow : Locating browser window...</Message>
          <Message>
            Assert.Fail failed. [5/9/2018 8:45:29 PM]&lt;Error&gt;AllBrowserWindow : failed executing ...Unable to find Windows Internet Explorer window with 'Shopping Cart - Internet Explorer' in the title.,
            StackTrace:
            AllBrowserWindow(),SharedBorderFree.cs,Line Number:1033
            CheckoutProcessStartShoppingCart(),SharedCheckoutCreditCard.cs,Line Number:771
            CheckoutProcessStartShoppingCart(),SharedCheckoutCreditCard.cs,Line Number:808
            CheckoutNortonLogoDisplay(),CheckoutCommon.cs,Line Number:2371
          </Message>
          <Message>[5/9/2018 8:45:29 PM]&lt;CaptureImage&gt;\\CMP01-YKumar\AutoLog\CMP01-INDIASQA\CheckoutNortonLogoDisplay_20180509204529.png</Message>
          <Message>[5/9/2018 8:45:29 PM]&lt;INFO&gt;CheckoutShoppingCartControls : method executing</Message>
          <Message>[5/9/2018 8:45:29 PM]&lt;Info&gt;AllBrowserWindow : Locating browser window...</Message>
          <Message>
            Assert.Fail failed. [5/9/2018 8:45:54 PM]&lt;Error&gt;AllBrowserWindow : failed executing ...Unable to find Windows Internet Explorer window with 'Shopping Cart - Internet Explorer' in the title.,
            StackTrace:
            AllBrowserWindow(),SharedBorderFree.cs,Line Number:1033
            CheckoutShoppingCartControls(),SharedCheckoutCreditCard.cs,Line Number:191
            CheckoutProcessStartShoppingCart(),SharedCheckoutCreditCard.cs,Line Number:772
            CheckoutProcessStartShoppingCart(),SharedCheckoutCreditCard.cs,Line Number:808
            CheckoutNortonLogoDisplay(),CheckoutCommon.cs,Line Number:2371
          </Message>
          <Message>[5/9/2018 8:45:54 PM]&lt;CaptureImage&gt;\\CMP01-YKumar\AutoLog\CMP01-INDIASQA\CheckoutNortonLogoDisplay_20180509204554.png</Message>
          <Message>
            Assert.Fail failed. [5/9/2018 8:46:06 PM]&lt;ERROR&gt;MouseClick Exception:Microsoft.VisualStudio.TestTools.UITest.Extension.UITestControlNotFoundException: The playback failed to find the control with the given search properties. Additional Details:
            TechnologyName:  'Web'
            ControlType:  'Edit'
            TagName:  'INPUT'
            Id:  'WC_CheckoutLogon_FormInput_logonId'
            Failed to find any control that matched the search condition ControlType='Edit' &amp;&amp; Id=&gt;'WC_CheckoutLogon_FormInput_logonId' ---&gt; System.Runtime.InteropServices.COMException: Error HRESULT E_FAIL has been returned from a call to a COM component.
            at Microsoft.VisualStudio.TestTools.UITest.Playback.Engine.IScreenElement.FindAllDescendants(String bstrQueryId, Object&amp; pvarResKeys, Int32 cResKeys, Int32 nMaxDepth)
            at Microsoft.VisualStudio.TestTools.UITest.Playback.ScreenElement.FindAllScreenElement(String queryId, Int32 depth, Boolean singleQueryId, Boolean throwException, Boolean resetSkipStep)
            at Microsoft.VisualStudio.TestTools.UITest.Playback.ScreenElement.FindScreenElement(String queryId, Int32 depth, Boolean resetSkipStep)
            at Microsoft.VisualStudio.TestTools.UITesting.UITestControl.FindFirstDescendant(String queryId, Int32 maxDepth, Int32&amp; timeLeft)
            --- End of inner exception stack trace ---
            at Microsoft.VisualStudio.TestTools.UITesting.Playback.MapControlNotFoundException(COMException ex, IPlaybackContext context)
            at Microsoft.VisualStudio.TestTools.UITesting.Playback.MapAndThrowComException(COMException innerException, IPlaybackContext context)
            at Microsoft.VisualStudio.TestTools.UITesting.Playback.MapAndThrowException(SystemException exception, IPlaybackContext context)
            at Microsoft.VisualStudio.TestTools.UITesting.Playback.MapAndThrowException(SystemException exception, String queryId)
            at Microsoft.VisualStudio.TestTools.UITesting.UITestControl.FindFirstDescendant(String queryId, Int32 maxDepth, Int32&amp; timeLeft)
            at Microsoft.VisualStudio.TestTools.UITesting.SearchHelper.GetUITestControlRecursive(Boolean useCache, Boolean alwaysSearch, ISearchArgument searchArg, IList`1 windowTitles, Int32&amp; timeLeft)
            at Microsoft.VisualStudio.TestTools.UITesting.SearchHelper.GetElement(Boolean useCache, ISearchArgument searchArg)
            at Microsoft.VisualStudio.TestTools.UITesting.SearchHelper.Search(ISearchArgument searchArg)
            at Microsoft.VisualStudio.TestTools.UITesting.UITestControl.FindInternal()
            at Microsoft.VisualStudio.TestTools.UITesting.UITestControl.&lt;Find&gt;b__3a()
            at Microsoft.VisualStudio.TestTools.UITesting.CodedUITestMethodInvoker.InvokeMethod[T](Func`1 function, UITestControl control, Boolean firePlaybackErrorEvent, Boolean logAsAction)
            at Microsoft.VisualStudio.TestTools.UITesting.UITestControl.Find()
            at Microsoft.VisualStudio.TestTools.UITesting.UITestControl.GetPropertyPrivate(String propertyName)
            at Microsoft.VisualStudio.TestTools.UITesting.UITestControl.GetPropertyOfType[T](String propertyName)
            at Microsoft.VisualStudio.TestTools.UITesting.UITestControl.get_Name()
            at TestAuto.LoggingAndSharedGenericMethods.MouseClick(UITestControl uiMenuItemTestControl) in c:\Builds\1\WebSphere\QATestAutomation\src\CodedUITest\SourceCode\Common\Logging\SharedMethods_Generic.cs:line 790,
            StackTrace:
            MouseClick(),SharedMethods_Generic.cs,Line Number:822
            CheckoutNortonLogoDisplay(),CheckoutCommon.cs,Line Number:2378
          </Message>
          <Message>[5/9/2018 8:46:06 PM]&lt;CaptureImage&gt;\\CMP01-YKumar\AutoLog\CMP01-INDIASQA\CheckoutNortonLogoDisplay_20180509204606.png</Message>
          <Message>
            Assert.Fail failed. [5/9/2018 8:46:11 PM]&lt;Error&gt;CheckoutNortonLogoDisplay : failed executing ...The playback failed to find the control with the given search properties. Additional Details:
            TechnologyName:  'Web'
            ControlType:  'Edit'
            TagName:  'INPUT'
            Id:  'WC_CheckoutLogon_FormInput_logonId'
            Failed to find any control that matched the search condition ControlType='Edit' &amp;&amp; Id=&gt;'WC_CheckoutLogon_FormInput_logonId',
            StackTrace:
            CheckoutNortonLogoDisplay(),CheckoutCommon.cs,Line Number:2447
          </Message>
          <Message>[5/9/2018 8:46:11 PM]&lt;CaptureImage&gt;\\CMP01-YKumar\AutoLog\CMP01-INDIASQA\CheckoutNortonLogoDisplay_20180509204611.png</Message>
          <Message>[5/9/2018 8:46:11 PM]&lt;INFO&gt;DeleteWishlistFromDatabase : method executing</Message>
          <Message>[5/9/2018 8:46:40 PM]&lt;RESULT&gt;Test Ended:#PASS=3, #FAIL=0,#Other errors=6</Message>
          <Message>[5/9/2018 8:46:42 PM]&lt;INFO&gt;LogCPUAndMemoryUsage: Available Memory = 24186(MB), CPU Usage = 12.1423%</Message>
          <Message>[5/9/2018 8:46:42 PM]&lt;INFO&gt;Private Working Set for QTAgent32_40, usage=440496 (K)</Message>
          <Message>[5/9/2018 8:46:42 PM]&lt;RESULT&gt;&lt;CheckoutNortonLogoDisplay&gt; Test FAILED: #Other errors=6. See Error Message/logs for further details.</Message>
        </TextMessages>
      </Output>
      <ResultFiles>
        <ResultFile path="CMP01-INDIASQA.horizonhobby.com\CheckoutCommonTestData_204037.xml" />
        <ResultFile path="CMP01-INDIASQA.horizonhobby.com\CheckoutNortonLogoDisplay_20180509204037.log" />
        <ResultFile path="CMP01-INDIASQA.horizonhobby.com\CheckoutNortonLogoDisplay_20180509204422.png" />
        <ResultFile path="CMP01-INDIASQA.horizonhobby.com\CheckoutNortonLogoDisplay_20180509204447.png" />
        <ResultFile path="CMP01-INDIASQA.horizonhobby.com\CheckoutNortonLogoDisplay_20180509204529.png" />
        <ResultFile path="CMP01-INDIASQA.horizonhobby.com\CheckoutNortonLogoDisplay_20180509204554.png" />
        <ResultFile path="CMP01-INDIASQA.horizonhobby.com\CheckoutNortonLogoDisplay_20180509204606.png" />
        <ResultFile path="CMP01-INDIASQA.horizonhobby.com\CheckoutNortonLogoDisplay_20180509204611.png" />
        <ResultFile path="CMP01-INDIASQA.horizonhobby.com\CheckoutNortonLogoDisplay_ResultsONLY_20180509204037.log" />
        <ResultFile path="CMP01-INDIASQA.horizonhobby.com\SharedCommonConfig.xml" />
      </ResultFiles>
    </UnitTestResult>
    <UnitTestResult executionId="f6dfc8c2-f5bf-45fe-89fd-389dc6470071" testId="a31c83e0-95a4-96e3-3638-a14dd52f6f59" testName="CheckoutPaymentoptionsCCandPayPalNotAvailable" computerName="CMP01-INDIASQA" duration="00:06:16.7821722" startTime="2018-05-09T20:46:44.2128797-05:00" endTime="2018-05-09T20:53:01.0488797-05:00" testType="13cdc9d9-ddb5-4fa4-a97d-d965ccfc6d4b" outcome="Failed" testListId="8c84fa94-04c1-424b-9868-57a2d4851a1d" relativeResultsDirectory="f6dfc8c2-f5bf-45fe-89fd-389dc6470071">
      <Output>
        <StdOut>Logging to custom path:\\CMP01-YKumar\AutoLog</StdOut>
        <ErrorInfo>
          <Message>
            Assert.Fail failed.
            #Other errors=1
            [Error details below]
          </Message>
          <StackTrace>
            at TestAuto.LoggingAndSharedGenericMethods.EndTest() in c:\Builds\1\WebSphere\QATestAutomation\src\CodedUITest\SourceCode\Common\Logging\Logging.cs:line 1628
            at TestAuto.HHBvtSmokeTest.TestCleanup() in c:\Builds\1\WebSphere\QATestAutomation\src\CodedUITest\SourceCode\HHobby\Checkout\CheckoutCommon.cs:line 4805
          </StackTrace>
        </ErrorInfo>
        <TextMessages>
          <Message>
            [5/9/2018 8:46:44 PM]&lt;STARTLOG&gt;&lt;CheckoutPaymentoptionsCCandPayPalNotAvailable&gt;Test Started: Expecting: #PASS=Undefined and #FAIL=0
            Running from MTM=True, running on machine name:CMP01-INDIASQA, user name=ykumar, OS=Microsoft Windows NT 6.1.7601 Service Pack 1, Is64BitOS=True
          </Message>
          <Message>[5/9/2018 8:46:45 PM]&lt;INFO&gt;LogCPUAndMemoryUsage: Available Memory = 24200(MB), CPU Usage = 16.42803%</Message>
          <Message>[5/9/2018 8:46:45 PM]&lt;INFO&gt;Private Working Set for QTAgent32_40, usage=440756 (K)</Message>
          <Message>[5/9/2018 8:46:45 PM]&lt;INFO&gt;Path To TestConfig xml=E:\LoadTestResult\VSEQT\QTAgent\26924\CMP01-INDIASQA.horizonhobby.com\Deployment\SharedCommonConfig.xml</Message>
          <Message>[5/9/2018 8:46:45 PM]&lt;INFO&gt;Path To TestData xml=E:\LoadTestResult\VSEQT\QTAgent\26924\CMP01-INDIASQA.horizonhobby.com\Deployment\CheckoutCommonTestData_204644.xml</Message>
          <Message>[5/9/2018 8:46:45 PM]&lt;INFO&gt;Path To HorizonHobbyQA Application Url=https://www-tst.horizonhobby.com</Message>
          <Message>[5/9/2018 8:46:45 PM]&lt;INFO&gt;HorizonHobbyQA sql connection string=Server=cmp02-ws-tst-db01:50000;Database=TST01DB;UID=wcdbuser;PWD=h0r1z0n;Connect Timeout=30</Message>
          <Message>[5/9/2018 8:46:45 PM]&lt;INFO&gt;Country is := US and language id is := '-1'</Message>
          <Message>[5/9/2018 8:46:45 PM]&lt;INFO&gt;Current browser used for test execution is = 'IE'</Message>
          <Message>[5/9/2018 8:46:45 PM]&lt;INFO&gt;GenerateGiftCard : method executing...</Message>
          <Message>[5/9/2018 8:46:45 PM]&lt;INFO&gt;LaunchCustomBrowserWindow : method executing ...</Message>
          <Message>[5/9/2018 8:46:48 PM]&lt;INFO&gt;SurveyWindow : method executing ...</Message>
          <Message>[5/9/2018 8:46:51 PM]&lt;PASS&gt;&lt;GenerateGiftCard&gt;&lt; Validates that a new Gift Card Number generated successfully&gt;</Message>
          <Message>[5/9/2018 8:46:59 PM]&lt;INFO&gt;SearchProductexecuting ... Searching term:= 'SAIG14B153'</Message>
          <Message>[5/9/2018 8:47:06 PM]&lt;Info&gt;AllBrowserWindow : Locating browser window...</Message>
          <Message>[5/9/2018 8:47:07 PM]&lt;INFO&gt;BackOrderClickexecuting ...</Message>
          <Message>[5/9/2018 8:47:07 PM]&lt;INFO&gt;GoToCartClickexecuting ...</Message>
          <Message>[5/9/2018 8:47:14 PM]&lt;INFO&gt;CheckoutProcessStartShoppingCart : method executing</Message>
          <Message>[5/9/2018 8:47:14 PM]&lt;Info&gt;AllBrowserWindow : Locating browser window...</Message>
          <Message>[5/9/2018 8:47:30 PM]&lt;INFO&gt;CheckoutShoppingCartControls : method executing</Message>
          <Message>[5/9/2018 8:47:30 PM]&lt;Info&gt;AllBrowserWindow : Locating browser window...</Message>
          <Message>[5/9/2018 8:47:47 PM]&lt;Info&gt;AllBrowserWindow : Locating browser window...</Message>
          <Message>[5/9/2018 8:48:00 PM]&lt;INFO&gt;FillBillingAndShippingAddressexecuting ...</Message>
          <Message>[5/9/2018 8:48:00 PM]&lt;Info&gt;AllBrowserWindow : Locating browser window...</Message>
          <Message>[5/9/2018 8:48:04 PM]&lt;INFO&gt;SelectBillingCountryexecuting ...</Message>
          <Message>[5/9/2018 8:48:10 PM]&lt;INFO&gt;SelectBillingStateexecuting ...</Message>
          <Message>[5/9/2018 8:48:26 PM]&lt;INFO&gt;SelectShippingCountryexecuting ...</Message>
          <Message>[5/9/2018 8:48:30 PM]&lt;INFO&gt;SelectShippingStateexecuting ...</Message>
          <Message>[5/9/2018 8:48:50 PM]&lt;PASS&gt;&lt;CheckoutPaymentoptionsCCandPayPalNotAvailable&gt;&lt; Validates that Checkout with Gift Card is available&gt;</Message>
          <Message>[5/9/2018 8:48:50 PM]&lt;PASS&gt;&lt;CheckoutPaymentoptionsCCandPayPalNotAvailable&gt;&lt; Validates that Apply Gift card is enabled by default&gt;</Message>
          <Message>[5/9/2018 8:48:50 PM]&lt;PASS&gt;&lt;CheckoutPaymentoptionsCCandPayPalNotAvailable&gt;&lt; Validates that Checkout with Credit Card is  available &gt;</Message>
          <Message>[5/9/2018 8:48:51 PM]&lt;PASS&gt;&lt;CheckoutPaymentoptionsCCandPayPalNotAvailable&gt;&lt; Validates that Checkout with Paypal section is  available &gt;</Message>
          <Message>[5/9/2018 8:48:51 PM]&lt;PASS&gt;&lt;CheckoutPaymentoptionsCCandPayPalNotAvailable&gt;&lt; Validates that Apply Gift card is enabled on entering Gift Card&gt;</Message>
          <Message>[5/9/2018 8:48:51 PM]&lt;Info&gt;AllBrowserWindow : Locating browser window...</Message>
          <Message>[5/9/2018 8:48:51 PM]&lt;INFO&gt;SelectCheckoutPaymentRadiobutton : method executing</Message>
          <Message>[5/9/2018 8:48:51 PM]&lt;INFO&gt;CheckoutCreditCardShippingAndBillingControls : method executing</Message>
          <Message>[5/9/2018 8:48:51 PM]&lt;Info&gt;AllBrowserWindow : Locating browser window...</Message>
          <Message>[5/9/2018 8:49:01 PM]&lt;PASS&gt;&lt;CheckoutPaymentoptionsCCandPayPalNotAvailable&gt;&lt; Validates that credit Card edit box exist&gt;</Message>
          <Message>[5/9/2018 8:49:01 PM]&lt;PASS&gt;&lt;CheckoutPaymentoptionsCCandPayPalNotAvailable&gt;&lt; Validates that CVV2 edit box exist&gt;</Message>
          <Message>[5/9/2018 8:49:01 PM]&lt;PASS&gt;&lt;CheckoutPaymentoptionsCCandPayPalNotAvailable&gt;&lt; Validates that Month Combo exist&gt;</Message>
          <Message>[5/9/2018 8:49:01 PM]&lt;PASS&gt;&lt;CheckoutPaymentoptionsCCandPayPalNotAvailable&gt;&lt; Validates that Year Combo exist&gt;</Message>
          <Message>[5/9/2018 8:49:01 PM]&lt;INFO&gt;ApplyGiftCard : method executing... -&gt; '4111111111111111'</Message>
          <Message>[5/9/2018 8:49:01 PM]&lt;Info&gt;AllBrowserWindow : Locating browser window...</Message>
          <Message>[5/9/2018 8:49:10 PM]&lt;PASS&gt;&lt;CheckoutPaymentoptionsCCandPayPalNotAvailable&gt;&lt;Validate that error message appears when we clickon Apply Gift Card button&gt;</Message>
          <Message>[5/9/2018 8:49:15 PM]&lt;INFO&gt;ApplyGiftCard : method executing... -&gt; '3218525790827880945'</Message>
          <Message>[5/9/2018 8:49:15 PM]&lt;Info&gt;AllBrowserWindow : Locating browser window...</Message>
          <Message>[5/9/2018 8:49:28 PM]&lt;PASS&gt;&lt;CheckoutPaymentoptionsCCandPayPalNotAvailable&gt;&lt;Validate that error message appears when we clickon Apply Gift Card button&gt;</Message>
          <Message>[5/9/2018 8:49:34 PM]&lt;INFO&gt;ApplyGiftCard : method executing... -&gt; '8018525790827880945'</Message>
          <Message>[5/9/2018 8:49:34 PM]&lt;Info&gt;AllBrowserWindow : Locating browser window...</Message>
          <Message>[5/9/2018 8:49:51 PM]&lt;INFO&gt;CheckoutCreditCardShippingAndBillingControls : method executing</Message>
          <Message>[5/9/2018 8:49:51 PM]&lt;Info&gt;AllBrowserWindow : Locating browser window...</Message>
          <Message>[5/9/2018 8:50:01 PM]&lt;PASS&gt;&lt;CheckoutPaymentoptionsCCandPayPalNotAvailable&gt;&lt;Validate that Gift Card applied and it's entry exist on the Page&gt;</Message>
          <Message>[5/9/2018 8:50:01 PM]&lt;Info&gt;AllBrowserWindow : Locating browser window...</Message>
          <Message>[5/9/2018 8:50:02 PM]&lt;PASS&gt;&lt;CheckoutPaymentoptionsCCandPayPalNotAvailable&gt;&lt; Validates that Checkout with Credit Card section is not available when whole Order amount is paid using Gift Card&gt;</Message>
          <Message>[5/9/2018 8:50:02 PM]&lt;PASS&gt;&lt;CheckoutPaymentoptionsCCandPayPalNotAvailable&gt;&lt; Validates that Checkout with Paypal section is not available when whole Order amount is paid using Gift Card&gt;</Message>
          <Message>[5/9/2018 8:50:03 PM]&lt;PASS&gt;&lt;CheckoutPaymentoptionsCCandPayPalNotAvailable&gt;&lt; Validates that Checkout with Affirm section is not available when whole Order amount is paid using Gift Card&gt;</Message>
          <Message>[5/9/2018 8:50:03 PM]&lt;Info&gt;AllBrowserWindow : Locating browser window...</Message>
          <Message>[5/9/2018 8:50:08 PM]&lt;INFO&gt;CheckoutCreditCardShippingAndBillingControls : method executing</Message>
          <Message>[5/9/2018 8:50:08 PM]&lt;Info&gt;AllBrowserWindow : Locating browser window...</Message>
          <Message>[5/9/2018 8:50:19 PM]&lt;PASS&gt;&lt;CheckoutPaymentoptionsCCandPayPalNotAvailable&gt;&lt; Validates that Checkout with Credit Card section is available when whole Order amount is not paid using Gift Card&gt;</Message>
          <Message>[5/9/2018 8:50:19 PM]&lt;PASS&gt;&lt;CheckoutPaymentoptionsCCandPayPalNotAvailable&gt;&lt; Validates that Checkout with Paypal section is available when whole Order amount is not paid using Gift Card&gt;</Message>
          <Message>[5/9/2018 8:50:19 PM]&lt;PASS&gt;&lt;CheckoutPaymentoptionsCCandPayPalNotAvailable&gt;&lt; Validates that Checkout with Affirm section is available when whole Order amount is not paid using Gift Card&gt;</Message>
          <Message>[5/9/2018 8:50:19 PM]&lt;INFO&gt;ApplyGiftCard : method executing... -&gt; ''</Message>
          <Message>[5/9/2018 8:50:19 PM]&lt;Info&gt;AllBrowserWindow : Locating browser window...</Message>
          <Message>[5/9/2018 8:50:28 PM]&lt;INFO&gt;CheckoutProcessStartShoppingCart : method executing</Message>
          <Message>[5/9/2018 8:50:28 PM]&lt;Info&gt;AllBrowserWindow : Locating browser window...</Message>
          <Message>[5/9/2018 8:50:38 PM]&lt;INFO&gt;CheckoutShoppingCartControls : method executing</Message>
          <Message>[5/9/2018 8:50:38 PM]&lt;Info&gt;AllBrowserWindow : Locating browser window...</Message>
          <Message>
            Assert.Fail failed. [5/9/2018 8:51:08 PM]&lt;ERROR&gt;MouseClick Exception:Microsoft.VisualStudio.TestTools.UITest.Extension.UITestControlNotFoundException: The playback failed to find the control with the given search properties. Additional Details:
            TechnologyName:  'Web'
            ControlType:  'Label'
            TagName:  'LABEL'
            Class:  'giftCard_remove'
            Failed to find any control that matched the search condition ControlType='Label' &amp;&amp; Class='giftCard_remove' ---&gt; System.Runtime.InteropServices.COMException: Error HRESULT E_FAIL has been returned from a call to a COM component.
            at Microsoft.VisualStudio.TestTools.UITest.Playback.Engine.IScreenElement.FindAllDescendants(String bstrQueryId, Object&amp; pvarResKeys, Int32 cResKeys, Int32 nMaxDepth)
            at Microsoft.VisualStudio.TestTools.UITest.Playback.ScreenElement.FindAllScreenElement(String queryId, Int32 depth, Boolean singleQueryId, Boolean throwException, Boolean resetSkipStep)
            at Microsoft.VisualStudio.TestTools.UITest.Playback.ScreenElement.FindScreenElement(String queryId, Int32 depth, Boolean resetSkipStep)
            at Microsoft.VisualStudio.TestTools.UITesting.UITestControl.FindFirstDescendant(String queryId, Int32 maxDepth, Int32&amp; timeLeft)
            --- End of inner exception stack trace ---
            at Microsoft.VisualStudio.TestTools.UITesting.Playback.MapControlNotFoundException(COMException ex, IPlaybackContext context)
            at Microsoft.VisualStudio.TestTools.UITesting.Playback.MapAndThrowComException(COMException innerException, IPlaybackContext context)
            at Microsoft.VisualStudio.TestTools.UITesting.Playback.MapAndThrowException(SystemException exception, IPlaybackContext context)
            at Microsoft.VisualStudio.TestTools.UITesting.Playback.MapAndThrowException(SystemException exception, String queryId)
            at Microsoft.VisualStudio.TestTools.UITesting.UITestControl.FindFirstDescendant(String queryId, Int32 maxDepth, Int32&amp; timeLeft)
            at Microsoft.VisualStudio.TestTools.UITesting.SearchHelper.GetUITestControlRecursive(Boolean useCache, Boolean alwaysSearch, ISearchArgument searchArg, IList`1 windowTitles, Int32&amp; timeLeft)
            at Microsoft.VisualStudio.TestTools.UITesting.SearchHelper.GetElement(Boolean useCache, ISearchArgument searchArg)
            at Microsoft.VisualStudio.TestTools.UITesting.SearchHelper.Search(ISearchArgument searchArg)
            at Microsoft.VisualStudio.TestTools.UITesting.UITestControl.FindInternal()
            at Microsoft.VisualStudio.TestTools.UITesting.UITestControl.&lt;Find&gt;b__3a()
            at Microsoft.VisualStudio.TestTools.UITesting.CodedUITestMethodInvoker.InvokeMethod[T](Func`1 function, UITestControl control, Boolean firePlaybackErrorEvent, Boolean logAsAction)
            at Microsoft.VisualStudio.TestTools.UITesting.UITestControl.Find()
            at Microsoft.VisualStudio.TestTools.UITesting.UITestControl.GetPropertyPrivate(String propertyName)
            at Microsoft.VisualStudio.TestTools.UITesting.UITestControl.GetPropertyOfType[T](String propertyName)
            at Microsoft.VisualStudio.TestTools.UITesting.UITestControl.get_Name()
            at TestAuto.LoggingAndSharedGenericMethods.MouseClick(UITestControl uiMenuItemTestControl) in c:\Builds\1\WebSphere\QATestAutomation\src\CodedUITest\SourceCode\Common\Logging\SharedMethods_Generic.cs:line 790,
            StackTrace:
            MouseClick(),SharedMethods_Generic.cs,Line Number:822
            CheckoutPaymentoptionsCCandPayPalNotAvailable(),CheckoutCommon.cs,Line Number:395
          </Message>
          <Message>[5/9/2018 8:51:09 PM]&lt;CaptureImage&gt;\\CMP01-YKumar\AutoLog\CMP01-INDIASQA\CheckoutPaymentoptionsCCandPayPalNotAvailable_20180509205108.png</Message>
          <Message>[5/9/2018 8:51:09 PM]&lt;Info&gt;AllBrowserWindow : Locating browser window...</Message>
          <Message>[5/9/2018 8:51:09 PM]&lt;INFO&gt;ApplyGiftCard : method executing... -&gt; ''</Message>
          <Message>[5/9/2018 8:51:09 PM]&lt;Info&gt;AllBrowserWindow : Locating browser window...</Message>
          <Message>[5/9/2018 8:51:28 PM]&lt;INFO&gt;CheckoutCreditCardShippingAndBillingControls : method executing</Message>
          <Message>[5/9/2018 8:51:28 PM]&lt;Info&gt;AllBrowserWindow : Locating browser window...</Message>
          <Message>[5/9/2018 8:51:39 PM]&lt;PASS&gt;&lt;CheckoutPaymentoptionsCCandPayPalNotAvailable&gt;&lt;Validate that Gift Card applied and it's entry exist on the Page after applying the same Card&gt;</Message>
          <Message>[5/9/2018 8:51:39 PM]&lt;Info&gt;AllBrowserWindow : Locating browser window...</Message>
          <Message>[5/9/2018 8:51:50 PM]&lt;INFO&gt;SelectCheckoutPaymentRadiobutton : method executing</Message>
          <Message>[5/9/2018 8:51:50 PM]&lt;INFO&gt;CheckoutCreditCardShippingAndBillingControls : method executing</Message>
          <Message>[5/9/2018 8:51:50 PM]&lt;Info&gt;AllBrowserWindow : Locating browser window...</Message>
          <Message>[5/9/2018 8:52:02 PM]&lt;INFO&gt;ClickPayPalLink : method executing...</Message>
          <Message>[5/9/2018 8:52:02 PM]&lt;Info&gt;AllBrowserWindow : Locating browser window...</Message>
          <Message>[5/9/2018 8:52:30 PM]&lt;Info&gt;AllBrowserWindow : Locating browser window...</Message>
          <Message>[5/9/2018 8:52:57 PM]&lt;PASS&gt;&lt;CheckoutPaymentoptionsCCandPayPalNotAvailable&gt;&lt; Validates that Paypal Page opens up&gt;</Message>
          <Message>[5/9/2018 8:52:57 PM]&lt;RESULT&gt;Test Ended:#PASS=21, #FAIL=0,#Other errors=1</Message>
          <Message>[5/9/2018 8:52:58 PM]&lt;INFO&gt;LogCPUAndMemoryUsage: Available Memory = 23453(MB), CPU Usage = 3.181199%</Message>
          <Message>[5/9/2018 8:52:58 PM]&lt;INFO&gt;Private Working Set for QTAgent32_40, usage=432144 (K)</Message>
          <Message>[5/9/2018 8:52:58 PM]&lt;RESULT&gt;&lt;CheckoutPaymentoptionsCCandPayPalNotAvailable&gt; Test FAILED: #Other errors=1. See Error Message/logs for further details.</Message>
        </TextMessages>
      </Output>
      <ResultFiles>
        <ResultFile path="CMP01-INDIASQA.horizonhobby.com\CheckoutCommonTestData_204644.xml" />
        <ResultFile path="CMP01-INDIASQA.horizonhobby.com\CheckoutPaymentoptionsCCandPayPalNotAvailable_20180509204644.log" />
        <ResultFile path="CMP01-INDIASQA.horizonhobby.com\CheckoutPaymentoptionsCCandPayPalNotAvailable_20180509205108.png" />
        <ResultFile path="CMP01-INDIASQA.horizonhobby.com\CheckoutPaymentoptionsCCandPayPalNotAvailable_ResultsONLY_20180509204644.log" />
        <ResultFile path="CMP01-INDIASQA.horizonhobby.com\SharedCommonConfig.xml" />
      </ResultFiles>
    </UnitTestResult>
    <UnitTestResult executionId="e1b043e0-7790-42fa-9a1b-f3ccdd5496a1" testId="49b5c783-bec5-8681-0d7e-1a5b0835ff83" testName="CartCpsiaWarning" computerName="CMP01-INDIASQA" duration="00:01:02.3991438" startTime="2018-05-09T20:53:01.0518797-05:00" endTime="2018-05-09T20:54:03.4838797-05:00" testType="13cdc9d9-ddb5-4fa4-a97d-d965ccfc6d4b" outcome="Passed" testListId="8c84fa94-04c1-424b-9868-57a2d4851a1d" relativeResultsDirectory="e1b043e0-7790-42fa-9a1b-f3ccdd5496a1">
      <Output>
        <StdOut>Logging to custom path:\\CMP01-YKumar\AutoLog</StdOut>
        <TextMessages>
          <Message>
            [5/9/2018 8:53:01 PM]&lt;STARTLOG&gt;&lt;CartCpsiaWarning&gt;Test Started: Expecting: #PASS=Undefined and #FAIL=0
            Running from MTM=True, running on machine name:CMP01-INDIASQA, user name=ykumar, OS=Microsoft Windows NT 6.1.7601 Service Pack 1, Is64BitOS=True
          </Message>
          <Message>[5/9/2018 8:53:02 PM]&lt;INFO&gt;LogCPUAndMemoryUsage: Available Memory = 23474(MB), CPU Usage = 16.51086%</Message>
          <Message>[5/9/2018 8:53:02 PM]&lt;INFO&gt;Private Working Set for QTAgent32_40, usage=432348 (K)</Message>
          <Message>[5/9/2018 8:53:02 PM]&lt;INFO&gt;Path To TestConfig xml=E:\LoadTestResult\VSEQT\QTAgent\26924\CMP01-INDIASQA.horizonhobby.com\Deployment\SharedCommonConfig.xml</Message>
          <Message>[5/9/2018 8:53:02 PM]&lt;INFO&gt;Path To TestData xml=E:\LoadTestResult\VSEQT\QTAgent\26924\CMP01-INDIASQA.horizonhobby.com\Deployment\CartDisplayTestData_205301.xml</Message>
          <Message>[5/9/2018 8:53:02 PM]&lt;INFO&gt;Path To HorizonHobbyQA Application Url=https://www-tst.horizonhobby.com</Message>
          <Message>[5/9/2018 8:53:02 PM]&lt;INFO&gt;HorizonHobbyQA sql connection string=Server=cmp02-ws-tst-db01:50000;Database=TST01DB;UID=wcdbuser;PWD=h0r1z0n;Connect Timeout=30</Message>
          <Message>[5/9/2018 8:53:02 PM]&lt;INFO&gt;Country is := US and language id is := '-1'</Message>
          <Message>[5/9/2018 8:53:02 PM]&lt;INFO&gt;Current browser used for test execution is = 'IE'</Message>
          <Message>[5/9/2018 8:53:06 PM]&lt;Info&gt;AllBrowserWindow : Locating browser window...</Message>
          <Message>[5/9/2018 8:53:06 PM]&lt;INFO&gt;GetSearchProductOnAttributeValue executing... </Message>
          <Message>[5/9/2018 8:53:09 PM]&lt;INFO&gt;SearchProductexecuting ... Searching term:= 'VNR15008'</Message>
          <Message>[5/9/2018 8:53:16 PM]&lt;Info&gt;AllBrowserWindow : Locating browser window...</Message>
          <Message>[5/9/2018 8:53:22 PM]&lt;INFO&gt;BackOrderClickexecuting ...</Message>
          <Message>[5/9/2018 8:53:33 PM]&lt;INFO&gt;SearchProductexecuting ... Searching term:= 'EXL16002'</Message>
          <Message>[5/9/2018 8:53:39 PM]&lt;Info&gt;AllBrowserWindow : Locating browser window...</Message>
          <Message>[5/9/2018 8:53:40 PM]&lt;INFO&gt;BackOrderClickexecuting ...</Message>
          <Message>[5/9/2018 8:53:41 PM]&lt;INFO&gt;GoToCartClickexecuting ...</Message>
          <Message>[5/9/2018 8:53:48 PM]&lt;INFO&gt;ContinueOnCertificationErrorClickexecuting ...</Message>
          <Message>[5/9/2018 8:53:51 PM]&lt;Info&gt;AllBrowserWindow : Locating browser window...</Message>
          <Message>[5/9/2018 8:54:00 PM]&lt;PASS&gt;&lt;CartCpsiaWarning&gt;&lt;CPSIA warning message appears as expected&gt;</Message>
          <Message>[5/9/2018 8:54:00 PM]&lt;PASS&gt;&lt;CartCpsiaWarning&gt;&lt;CPSIA warning message appears only for one product in the cart&gt;</Message>
          <Message>[5/9/2018 8:54:00 PM]&lt;RESULT&gt;Test Ended:#PASS=2, #FAIL=0</Message>
          <Message>[5/9/2018 8:54:01 PM]&lt;INFO&gt;LogCPUAndMemoryUsage: Available Memory = 23685(MB), CPU Usage = 14.97945%</Message>
          <Message>[5/9/2018 8:54:01 PM]&lt;INFO&gt;Private Working Set for QTAgent32_40, usage=424132 (K)</Message>
          <Message>[5/9/2018 8:54:01 PM]&lt;RESULT&gt;&lt;CartCpsiaWarning&gt; Test PASSED</Message>
        </TextMessages>
      </Output>
      <ResultFiles>
        <ResultFile path="CMP01-INDIASQA.horizonhobby.com\CartCpsiaWarning_20180509205301.log" />
        <ResultFile path="CMP01-INDIASQA.horizonhobby.com\CartCpsiaWarning_ResultsONLY_20180509205301.log" />
        <ResultFile path="CMP01-INDIASQA.horizonhobby.com\CartDisplayTestData_205301.xml" />
        <ResultFile path="CMP01-INDIASQA.horizonhobby.com\SharedCommonConfig.xml" />
      </ResultFiles>
    </UnitTestResult>
    <UnitTestResult executionId="1db18fae-e26f-4bb8-92f4-6f6cfa0b5dcc" testId="6391c06d-b460-163e-d393-c1b76f476680" testName="CartContinueShoppingButton" computerName="CMP01-INDIASQA" duration="00:02:31.5629970" startTime="2018-05-09T20:54:03.4848797-05:00" endTime="2018-05-09T20:56:35.0788797-05:00" testType="13cdc9d9-ddb5-4fa4-a97d-d965ccfc6d4b" outcome="Passed" testListId="8c84fa94-04c1-424b-9868-57a2d4851a1d" relativeResultsDirectory="1db18fae-e26f-4bb8-92f4-6f6cfa0b5dcc">
      <Output>
        <StdOut>Logging to custom path:\\CMP01-YKumar\AutoLog</StdOut>
        <TextMessages>
          <Message>
            [5/9/2018 8:54:03 PM]&lt;STARTLOG&gt;&lt;CartContinueShoppingButton&gt;Test Started: Expecting: #PASS=Undefined and #FAIL=0
            Running from MTM=True, running on machine name:CMP01-INDIASQA, user name=ykumar, OS=Microsoft Windows NT 6.1.7601 Service Pack 1, Is64BitOS=True
          </Message>
          <Message>[5/9/2018 8:54:04 PM]&lt;INFO&gt;LogCPUAndMemoryUsage: Available Memory = 23763(MB), CPU Usage = 16.51144%</Message>
          <Message>[5/9/2018 8:54:04 PM]&lt;INFO&gt;Private Working Set for QTAgent32_40, usage=424352 (K)</Message>
          <Message>[5/9/2018 8:54:04 PM]&lt;INFO&gt;Path To TestConfig xml=E:\LoadTestResult\VSEQT\QTAgent\26924\CMP01-INDIASQA.horizonhobby.com\Deployment\SharedCommonConfig.xml</Message>
          <Message>[5/9/2018 8:54:04 PM]&lt;INFO&gt;Path To TestData xml=E:\LoadTestResult\VSEQT\QTAgent\26924\CMP01-INDIASQA.horizonhobby.com\Deployment\CartDisplayTestData_205403.xml</Message>
          <Message>[5/9/2018 8:54:04 PM]&lt;INFO&gt;Path To HorizonHobbyQA Application Url=https://www-tst.horizonhobby.com</Message>
          <Message>[5/9/2018 8:54:04 PM]&lt;INFO&gt;HorizonHobbyQA sql connection string=Server=cmp02-ws-tst-db01:50000;Database=TST01DB;UID=wcdbuser;PWD=h0r1z0n;Connect Timeout=30</Message>
          <Message>[5/9/2018 8:54:04 PM]&lt;INFO&gt;Country is := US and language id is := '-1'</Message>
          <Message>[5/9/2018 8:54:04 PM]&lt;INFO&gt;Current browser used for test execution is = 'IE'</Message>
          <Message>[5/9/2018 8:54:08 PM]&lt;Info&gt;AllBrowserWindow : Locating browser window...</Message>
          <Message>[5/9/2018 8:54:08 PM]&lt;INFO&gt;CartIconClickexecuting ...</Message>
          <Message>[5/9/2018 8:54:13 PM]&lt;INFO&gt;GoToCartClickexecuting ...</Message>
          <Message>[5/9/2018 8:54:25 PM]&lt;INFO&gt;ContinueOnCertificationErrorClickexecuting ...</Message>
          <Message>[5/9/2018 8:54:26 PM]&lt;Info&gt;AllBrowserWindow : Locating browser window...</Message>
          <Message>[5/9/2018 8:54:34 PM]&lt;INFO&gt;ClickContinueShoppingButton : is executing ...</Message>
          <Message>[5/9/2018 8:54:34 PM]&lt;Info&gt;AllBrowserWindow : Locating browser window...</Message>
          <Message>[5/9/2018 8:54:42 PM]&lt;Info&gt;AllBrowserWindow : Locating browser window...</Message>
          <Message>[5/9/2018 8:54:43 PM]&lt;PASS&gt;&lt;CartContinueShoppingButton&gt;&lt;Validate user navigated to home page&gt;</Message>
          <Message>[5/9/2018 8:54:43 PM]&lt;INFO&gt;GetMenuItems : method executing ... - Almost Ready-to-Fly</Message>
          <Message>[5/9/2018 8:54:46 PM]&lt;INFO&gt;CartIconClickexecuting ...</Message>
          <Message>[5/9/2018 8:55:00 PM]&lt;INFO&gt;GoToCartClickexecuting ...</Message>
          <Message>[5/9/2018 8:55:13 PM]&lt;INFO&gt;ContinueOnCertificationErrorClickexecuting ...</Message>
          <Message>[5/9/2018 8:55:14 PM]&lt;Info&gt;AllBrowserWindow : Locating browser window...</Message>
          <Message>[5/9/2018 8:55:21 PM]&lt;INFO&gt;ClickContinueShoppingButton : is executing ...</Message>
          <Message>[5/9/2018 8:55:21 PM]&lt;Info&gt;AllBrowserWindow : Locating browser window...</Message>
          <Message>[5/9/2018 8:55:29 PM]&lt;Info&gt;AllBrowserWindow : Locating browser window...</Message>
          <Message>[5/9/2018 8:55:53 PM]&lt;PASS&gt;&lt;CartContinueShoppingButton&gt;&lt;Validate user navigated to Cat3&gt;</Message>
          <Message>[5/9/2018 8:55:56 PM]&lt;INFO&gt;SearchProductexecuting ... Searching term:= 'SAI325R554A'</Message>
          <Message>[5/9/2018 8:56:04 PM]&lt;Info&gt;AllBrowserWindow : Locating browser window...</Message>
          <Message>[5/9/2018 8:56:04 PM]&lt;INFO&gt;BackOrderClickexecuting ...</Message>
          <Message>[5/9/2018 8:56:05 PM]&lt;INFO&gt;GoToCartClickexecuting ...</Message>
          <Message>[5/9/2018 8:56:12 PM]&lt;Info&gt;AllBrowserWindow : Locating browser window...</Message>
          <Message>[5/9/2018 8:56:21 PM]&lt;INFO&gt;ClickContinueShoppingButton : is executing ...</Message>
          <Message>[5/9/2018 8:56:21 PM]&lt;Info&gt;AllBrowserWindow : Locating browser window...</Message>
          <Message>[5/9/2018 8:56:30 PM]&lt;Info&gt;AllBrowserWindow : Locating browser window...</Message>
          <Message>[5/9/2018 8:56:31 PM]&lt;PASS&gt;&lt;CartContinueShoppingButton&gt;&lt;Validate user navigated to product page&gt;</Message>
          <Message>[5/9/2018 8:56:31 PM]&lt;RESULT&gt;Test Ended:#PASS=3, #FAIL=0</Message>
          <Message>[5/9/2018 8:56:32 PM]&lt;INFO&gt;LogCPUAndMemoryUsage: Available Memory = 23649(MB), CPU Usage = 5.81439%</Message>
          <Message>[5/9/2018 8:56:32 PM]&lt;INFO&gt;Private Working Set for QTAgent32_40, usage=432780 (K)</Message>
          <Message>[5/9/2018 8:56:32 PM]&lt;RESULT&gt;&lt;CartContinueShoppingButton&gt; Test PASSED</Message>
        </TextMessages>
      </Output>
      <ResultFiles>
        <ResultFile path="CMP01-INDIASQA.horizonhobby.com\CartContinueShoppingButton_20180509205403.log" />
        <ResultFile path="CMP01-INDIASQA.horizonhobby.com\CartContinueShoppingButton_ResultsONLY_20180509205403.log" />
        <ResultFile path="CMP01-INDIASQA.horizonhobby.com\CartDisplayTestData_205403.xml" />
        <ResultFile path="CMP01-INDIASQA.horizonhobby.com\SharedCommonConfig.xml" />
      </ResultFiles>
    </UnitTestResult>
    <UnitTestResult executionId="4e8dde25-a873-4644-abf7-2eed9d99d051" testId="7746f33f-a399-83ac-5d3a-fd9432e3368d" testName="CartGiftWrapQuantityRestriction" computerName="CMP01-INDIASQA" duration="00:02:19.4146108" startTime="2018-05-09T20:56:35.0798797-05:00" endTime="2018-05-09T20:58:54.5228797-05:00" testType="13cdc9d9-ddb5-4fa4-a97d-d965ccfc6d4b" outcome="Passed" testListId="8c84fa94-04c1-424b-9868-57a2d4851a1d" relativeResultsDirectory="4e8dde25-a873-4644-abf7-2eed9d99d051">
      <Output>
        <StdOut>Logging to custom path:\\CMP01-YKumar\AutoLog</StdOut>
        <TextMessages>
          <Message>
            [5/9/2018 8:56:35 PM]&lt;STARTLOG&gt;&lt;CartGiftWrapQuantityRestriction&gt;Test Started: Expecting: #PASS=Undefined and #FAIL=0
            Running from MTM=True, running on machine name:CMP01-INDIASQA, user name=ykumar, OS=Microsoft Windows NT 6.1.7601 Service Pack 1, Is64BitOS=True
          </Message>
          <Message>[5/9/2018 8:56:36 PM]&lt;INFO&gt;LogCPUAndMemoryUsage: Available Memory = 23704(MB), CPU Usage = 18.57091%</Message>
          <Message>[5/9/2018 8:56:36 PM]&lt;INFO&gt;Private Working Set for QTAgent32_40, usage=432896 (K)</Message>
          <Message>[5/9/2018 8:56:36 PM]&lt;INFO&gt;Path To TestConfig xml=E:\LoadTestResult\VSEQT\QTAgent\26924\CMP01-INDIASQA.horizonhobby.com\Deployment\SharedCommonConfig.xml</Message>
          <Message>[5/9/2018 8:56:36 PM]&lt;INFO&gt;Path To TestData xml=E:\LoadTestResult\VSEQT\QTAgent\26924\CMP01-INDIASQA.horizonhobby.com\Deployment\CartDisplayTestData_205635.xml</Message>
          <Message>[5/9/2018 8:56:36 PM]&lt;INFO&gt;Path To HorizonHobbyQA Application Url=https://www-tst.horizonhobby.com</Message>
          <Message>[5/9/2018 8:56:36 PM]&lt;INFO&gt;HorizonHobbyQA sql connection string=Server=cmp02-ws-tst-db01:50000;Database=TST01DB;UID=wcdbuser;PWD=h0r1z0n;Connect Timeout=30</Message>
          <Message>[5/9/2018 8:56:36 PM]&lt;INFO&gt;Country is := US and language id is := '-1'</Message>
          <Message>[5/9/2018 8:56:36 PM]&lt;INFO&gt;Current browser used for test execution is = 'IE'</Message>
          <Message>[5/9/2018 8:56:39 PM]&lt;Info&gt;AllBrowserWindow : Locating browser window...</Message>
          <Message>[5/9/2018 8:56:42 PM]&lt;INFO&gt;SearchProductexecuting ... Searching term:= 'ZEN848EW021D0'</Message>
          <Message>[5/9/2018 8:56:49 PM]&lt;Info&gt;AllBrowserWindow : Locating browser window...</Message>
          <Message>[5/9/2018 8:56:51 PM]&lt;INFO&gt;BackOrderClickexecuting ...</Message>
          <Message>[5/9/2018 8:57:01 PM]&lt;INFO&gt;GoToCartClickexecuting ...</Message>
          <Message>[5/9/2018 8:57:07 PM]&lt;Info&gt;AllBrowserWindow : Locating browser window...</Message>
          <Message>[5/9/2018 8:57:18 PM]&lt;PASS&gt;&lt;CartGiftWrapQuantityRestriction&gt;&lt;Cart consists of single item before gift wrap&gt;</Message>
          <Message>[5/9/2018 8:57:30 PM]&lt;PASS&gt;&lt;CartGiftWrapQuantityRestriction&gt;&lt;Gift wrapped item has quantity edit box disabled&gt;</Message>
          <Message>[5/9/2018 8:57:30 PM]&lt;PASS&gt;&lt;CartGiftWrapQuantityRestriction&gt;&lt;Non Gift wrapped item has quantity edit box with quantity 1&gt;</Message>
          <Message>[5/9/2018 8:57:32 PM]&lt;PASS&gt;&lt;CartGiftWrapQuantityRestriction&gt;&lt;After applying Gift wrap, cart consists of two items&gt;</Message>
          <Message>[5/9/2018 8:57:37 PM]&lt;PASS&gt;&lt;CartGiftWrapQuantityRestriction&gt;&lt;Post removal of gift wrap, cart consists of single item&gt;</Message>
          <Message>[5/9/2018 8:57:38 PM]&lt;PASS&gt;&lt;CartGiftWrapQuantityRestriction&gt;&lt;Non Gift wrapped item has quantity edit box with 2 quantity&gt;</Message>
          <Message>[5/9/2018 8:57:39 PM]&lt;Info&gt;AllBrowserWindow : Locating browser window...</Message>
          <Message>[5/9/2018 8:57:51 PM]&lt;INFO&gt;SearchProductexecuting ... Searching term:= 'DUB114'</Message>
          <Message>[5/9/2018 8:57:58 PM]&lt;Info&gt;AllBrowserWindow : Locating browser window...</Message>
          <Message>[5/9/2018 8:57:59 PM]&lt;INFO&gt;BackOrderClickexecuting ...</Message>
          <Message>[5/9/2018 8:58:10 PM]&lt;INFO&gt;GoToCartClickexecuting ...</Message>
          <Message>[5/9/2018 8:58:16 PM]&lt;Info&gt;AllBrowserWindow : Locating browser window...</Message>
          <Message>[5/9/2018 8:58:28 PM]&lt;PASS&gt;&lt;CartGiftWrapQuantityRestriction&gt;&lt;Cart consists of single item before gift wrap&gt;</Message>
          <Message>[5/9/2018 8:58:41 PM]&lt;PASS&gt;&lt;CartGiftWrapQuantityRestriction&gt;&lt;Gift wrapped item has quantity edit box disabled&gt;</Message>
          <Message>[5/9/2018 8:58:41 PM]&lt;PASS&gt;&lt;CartGiftWrapQuantityRestriction&gt;&lt;Non Gift wrapped item has quantity edit box with quantity 1&gt;</Message>
          <Message>[5/9/2018 8:58:43 PM]&lt;PASS&gt;&lt;CartGiftWrapQuantityRestriction&gt;&lt;After applying Gift wrap, cart consists of two items&gt;</Message>
          <Message>[5/9/2018 8:58:49 PM]&lt;PASS&gt;&lt;CartGiftWrapQuantityRestriction&gt;&lt;Post removal of gift wrap, cart consists of single item&gt;</Message>
          <Message>[5/9/2018 8:58:50 PM]&lt;PASS&gt;&lt;CartGiftWrapQuantityRestriction&gt;&lt;Non Gift wrapped item has quantity edit box with 2 quantity&gt;</Message>
          <Message>[5/9/2018 8:58:51 PM]&lt;RESULT&gt;Test Ended:#PASS=12, #FAIL=0</Message>
          <Message>[5/9/2018 8:58:52 PM]&lt;INFO&gt;LogCPUAndMemoryUsage: Available Memory = 24065(MB), CPU Usage = 24.32229%</Message>
          <Message>[5/9/2018 8:58:52 PM]&lt;INFO&gt;Private Working Set for QTAgent32_40, usage=424368 (K)</Message>
          <Message>[5/9/2018 8:58:52 PM]&lt;RESULT&gt;&lt;CartGiftWrapQuantityRestriction&gt; Test PASSED</Message>
        </TextMessages>
      </Output>
      <ResultFiles>
        <ResultFile path="CMP01-INDIASQA.horizonhobby.com\CartDisplayTestData_205635.xml" />
        <ResultFile path="CMP01-INDIASQA.horizonhobby.com\CartGiftWrapQuantityRestriction_20180509205635.log" />
        <ResultFile path="CMP01-INDIASQA.horizonhobby.com\CartGiftWrapQuantityRestriction_ResultsONLY_20180509205635.log" />
        <ResultFile path="CMP01-INDIASQA.horizonhobby.com\SharedCommonConfig.xml" />
      </ResultFiles>
    </UnitTestResult>
    <UnitTestResult executionId="4819b2cc-ce07-4df6-a080-c7c06386403c" testId="823266c3-da0f-7d4a-ed0e-4db5c26c6831" testName="CartDisplayFormatGuestUser" computerName="CMP01-INDIASQA" duration="00:04:37.7706988" startTime="2018-05-09T20:58:54.5258797-05:00" endTime="2018-05-09T21:03:32.3268797-05:00" testType="13cdc9d9-ddb5-4fa4-a97d-d965ccfc6d4b" outcome="Passed" testListId="8c84fa94-04c1-424b-9868-57a2d4851a1d" relativeResultsDirectory="4819b2cc-ce07-4df6-a080-c7c06386403c">
      <Output>
        <StdOut>Logging to custom path:\\CMP01-YKumar\AutoLog</StdOut>
        <TextMessages>
          <Message>
            [5/9/2018 8:58:54 PM]&lt;STARTLOG&gt;&lt;CartDisplayFormatGuestUser&gt;Test Started: Expecting: #PASS=Undefined and #FAIL=0
            Running from MTM=True, running on machine name:CMP01-INDIASQA, user name=ykumar, OS=Microsoft Windows NT 6.1.7601 Service Pack 1, Is64BitOS=True
          </Message>
          <Message>[5/9/2018 8:58:55 PM]&lt;INFO&gt;LogCPUAndMemoryUsage: Available Memory = 24069(MB), CPU Usage = 18.1813%</Message>
          <Message>[5/9/2018 8:58:55 PM]&lt;INFO&gt;Private Working Set for QTAgent32_40, usage=432804 (K)</Message>
          <Message>[5/9/2018 8:58:55 PM]&lt;INFO&gt;Path To TestConfig xml=E:\LoadTestResult\VSEQT\QTAgent\26924\CMP01-INDIASQA.horizonhobby.com\Deployment\SharedCommonConfig.xml</Message>
          <Message>[5/9/2018 8:58:55 PM]&lt;INFO&gt;Path To TestData xml=E:\LoadTestResult\VSEQT\QTAgent\26924\CMP01-INDIASQA.horizonhobby.com\Deployment\CartDisplayTestData_205854.xml</Message>
          <Message>[5/9/2018 8:58:55 PM]&lt;INFO&gt;Path To HorizonHobbyQA Application Url=https://www-tst.horizonhobby.com</Message>
          <Message>[5/9/2018 8:58:55 PM]&lt;INFO&gt;HorizonHobbyQA sql connection string=Server=cmp02-ws-tst-db01:50000;Database=TST01DB;UID=wcdbuser;PWD=h0r1z0n;Connect Timeout=30</Message>
          <Message>[5/9/2018 8:58:55 PM]&lt;INFO&gt;Country is := US and language id is := '-1'</Message>
          <Message>[5/9/2018 8:58:55 PM]&lt;INFO&gt;Current browser used for test execution is = 'IE'</Message>
          <Message>[5/9/2018 8:58:58 PM]&lt;Info&gt;AllBrowserWindow : Locating browser window...</Message>
          <Message>[5/9/2018 8:59:04 PM]&lt;INFO&gt;GetSearchProductOnAttributeValue executing... </Message>
          <Message>[5/9/2018 8:59:04 PM]&lt;INFO&gt;SearchProductexecuting ... Searching term:= 'LOSB2080'</Message>
          <Message>[5/9/2018 8:59:11 PM]&lt;Info&gt;AllBrowserWindow : Locating browser window...</Message>
          <Message>[5/9/2018 8:59:12 PM]&lt;INFO&gt;BackOrderClickexecuting ...</Message>
          <Message>[5/9/2018 8:59:23 PM]&lt;INFO&gt;SearchProductexecuting ... Searching term:= 'SAIG84R3153'</Message>
          <Message>[5/9/2018 8:59:29 PM]&lt;Info&gt;AllBrowserWindow : Locating browser window...</Message>
          <Message>[5/9/2018 8:59:29 PM]&lt;INFO&gt;BackOrderClickexecuting ...</Message>
          <Message>[5/9/2018 8:59:41 PM]&lt;INFO&gt;SearchProductexecuting ... Searching term:= 'EFL491502'</Message>
          <Message>[5/9/2018 8:59:46 PM]&lt;Info&gt;AllBrowserWindow : Locating browser window...</Message>
          <Message>[5/9/2018 8:59:47 PM]&lt;INFO&gt;BackOrderClickexecuting ...</Message>
          <Message>[5/9/2018 9:00:02 PM]&lt;INFO&gt;CartIconClickexecuting ...</Message>
          <Message>[5/9/2018 9:00:09 PM]&lt;INFO&gt;ContinueOnCertificationErrorClickexecuting ...</Message>
          <Message>[5/9/2018 9:00:12 PM]&lt;Info&gt;AllBrowserWindow : Locating browser window...</Message>
          <Message>[5/9/2018 9:00:19 PM]&lt;INFO&gt;ValidateCartItems : is executing ...</Message>
          <Message>[5/9/2018 9:00:22 PM]&lt;PASS&gt;&lt;CartDisplayFormatGuestUser&gt;&lt;Product Name&gt;</Message>
          <Message>[5/9/2018 9:00:23 PM]&lt;PASS&gt;&lt;CartDisplayFormatGuestUser&gt;&lt;SKU Number&gt;</Message>
          <Message>[5/9/2018 9:00:23 PM]&lt;PASS&gt;&lt;CartDisplayFormatGuestUser&gt;&lt;Gift Wrap Link&gt;</Message>
          <Message>[5/9/2018 9:00:24 PM]&lt;PASS&gt;&lt;CartDisplayFormatGuestUser&gt;&lt;Cart item image appears as expected&gt;</Message>
          <Message>[5/9/2018 9:00:24 PM]&lt;INFO&gt;ValidateCartItems : is executing ...</Message>
          <Message>[5/9/2018 9:00:25 PM]&lt;PASS&gt;&lt;CartDisplayFormatGuestUser&gt;&lt;Product Name&gt;</Message>
          <Message>[5/9/2018 9:00:26 PM]&lt;PASS&gt;&lt;CartDisplayFormatGuestUser&gt;&lt;Cart item image appears as expected&gt;</Message>
          <Message>[5/9/2018 9:00:26 PM]&lt;INFO&gt;ValidateCartItems : is executing ...</Message>
          <Message>[5/9/2018 9:00:27 PM]&lt;PASS&gt;&lt;CartDisplayFormatGuestUser&gt;&lt;Product Name&gt;</Message>
          <Message>[5/9/2018 9:00:28 PM]&lt;PASS&gt;&lt;CartDisplayFormatGuestUser&gt;&lt;Oversize Link&gt;</Message>
          <Message>[5/9/2018 9:00:29 PM]&lt;PASS&gt;&lt;CartDisplayFormatGuestUser&gt;&lt;Cart item image appears as expected&gt;</Message>
          <Message>[5/9/2018 9:00:32 PM]&lt;INFO&gt;SurveyWindow : method executing ...</Message>
          <Message>[5/9/2018 9:00:43 PM]&lt;INFO&gt;ContinueOnCertificationErrorClickexecuting ...</Message>
          <Message>[5/9/2018 9:00:43 PM]&lt;Info&gt;DEAllBrowserWindow : Locating browser window...</Message>
          <Message>[5/9/2018 9:00:52 PM]&lt;INFO&gt;UserRegistration : method executing ...</Message>
          <Message>[5/9/2018 9:00:52 PM]&lt;INFO&gt;DeleteWishlistFromDatabase : method executing</Message>
          <Message>[5/9/2018 9:00:52 PM]&lt;INFO&gt;DeletOrderItem : method executing</Message>
          <Message>[5/9/2018 9:01:23 PM]&lt;Info&gt;AllBrowserWindow : Locating browser window...</Message>
          <Message>[5/9/2018 9:01:51 PM]&lt;Info&gt;AllBrowserWindow : Locating browser window...</Message>
          <Message>[5/9/2018 9:02:10 PM]&lt;Info&gt;AllBrowserWindow : Locating browser window...</Message>
          <Message>[5/9/2018 9:02:22 PM]&lt;INFO&gt;CartIconClickexecuting ...</Message>
          <Message>[5/9/2018 9:02:27 PM]&lt;INFO&gt;GoToCartClickexecuting ...</Message>
          <Message>[5/9/2018 9:02:40 PM]&lt;INFO&gt;ContinueOnCertificationErrorClickexecuting ...</Message>
          <Message>[5/9/2018 9:02:42 PM]&lt;Info&gt;AllBrowserWindow : Locating browser window...</Message>
          <Message>[5/9/2018 9:02:50 PM]&lt;INFO&gt;ValidateCartItems : is executing ...</Message>
          <Message>[5/9/2018 9:02:52 PM]&lt;PASS&gt;&lt;CartDisplayFormatGuestUser&gt;&lt;Product Name&gt;</Message>
          <Message>[5/9/2018 9:02:53 PM]&lt;PASS&gt;&lt;CartDisplayFormatGuestUser&gt;&lt;SKU Number&gt;</Message>
          <Message>[5/9/2018 9:02:54 PM]&lt;PASS&gt;&lt;CartDisplayFormatGuestUser&gt;&lt;Gift Wrap Link&gt;</Message>
          <Message>[5/9/2018 9:02:55 PM]&lt;PASS&gt;&lt;CartDisplayFormatGuestUser&gt;&lt;Cart item image appears as expected&gt;</Message>
          <Message>[5/9/2018 9:02:55 PM]&lt;INFO&gt;ValidateCartItems : is executing ...</Message>
          <Message>[5/9/2018 9:02:56 PM]&lt;PASS&gt;&lt;CartDisplayFormatGuestUser&gt;&lt;Product Name&gt;</Message>
          <Message>[5/9/2018 9:02:57 PM]&lt;PASS&gt;&lt;CartDisplayFormatGuestUser&gt;&lt;Cart item image appears as expected&gt;</Message>
          <Message>[5/9/2018 9:02:57 PM]&lt;INFO&gt;ValidateCartItems : is executing ...</Message>
          <Message>[5/9/2018 9:02:58 PM]&lt;PASS&gt;&lt;CartDisplayFormatGuestUser&gt;&lt;Product Name&gt;</Message>
          <Message>[5/9/2018 9:02:58 PM]&lt;PASS&gt;&lt;CartDisplayFormatGuestUser&gt;&lt;Oversize Link&gt;</Message>
          <Message>[5/9/2018 9:02:59 PM]&lt;PASS&gt;&lt;CartDisplayFormatGuestUser&gt;&lt;Cart item image appears as expected&gt;</Message>
          <Message>[5/9/2018 9:02:59 PM]&lt;INFO&gt;DeleteWishlistFromDatabase : method executing</Message>
          <Message>[5/9/2018 9:02:59 PM]&lt;INFO&gt;DeletOrderItem : method executing</Message>
          <Message>[5/9/2018 9:03:29 PM]&lt;RESULT&gt;Test Ended:#PASS=18, #FAIL=0</Message>
          <Message>[5/9/2018 9:03:30 PM]&lt;INFO&gt;LogCPUAndMemoryUsage: Available Memory = 24120(MB), CPU Usage = 26.82588%</Message>
          <Message>[5/9/2018 9:03:30 PM]&lt;INFO&gt;Private Working Set for QTAgent32_40, usage=433172 (K)</Message>
          <Message>[5/9/2018 9:03:30 PM]&lt;RESULT&gt;&lt;CartDisplayFormatGuestUser&gt; Test PASSED</Message>
        </TextMessages>
      </Output>
      <ResultFiles>
        <ResultFile path="CMP01-INDIASQA.horizonhobby.com\CartDisplayFormatGuestUser_20180509205854.log" />
        <ResultFile path="CMP01-INDIASQA.horizonhobby.com\CartDisplayFormatGuestUser_ResultsONLY_20180509205854.log" />
        <ResultFile path="CMP01-INDIASQA.horizonhobby.com\CartDisplayTestData_205854.xml" />
        <ResultFile path="CMP01-INDIASQA.horizonhobby.com\SharedCommonConfig.xml" />
      </ResultFiles>
    </UnitTestResult>
    <UnitTestResult executionId="e24ee93b-8a54-4d27-9d0c-ed31067797d4" testId="f2742b89-f8e9-a028-0c1a-1e4153ecafeb" testName="ProductAndCartDisplayFormatOversizeDescription" computerName="CMP01-INDIASQA" duration="00:01:07.4419424" startTime="2018-05-09T21:03:32.3288797-05:00" endTime="2018-05-09T21:04:39.7968797-05:00" testType="13cdc9d9-ddb5-4fa4-a97d-d965ccfc6d4b" outcome="Passed" testListId="8c84fa94-04c1-424b-9868-57a2d4851a1d" relativeResultsDirectory="e24ee93b-8a54-4d27-9d0c-ed31067797d4">
      <Output>
        <StdOut>Logging to custom path:\\CMP01-YKumar\AutoLog</StdOut>
        <TextMessages>
          <Message>
            [5/9/2018 9:03:32 PM]&lt;STARTLOG&gt;&lt;ProductAndCartDisplayFormatOversizeDescription&gt;Test Started: Expecting: #PASS=Undefined and #FAIL=0
            Running from MTM=True, running on machine name:CMP01-INDIASQA, user name=ykumar, OS=Microsoft Windows NT 6.1.7601 Service Pack 1, Is64BitOS=True
          </Message>
          <Message>[5/9/2018 9:03:33 PM]&lt;INFO&gt;LogCPUAndMemoryUsage: Available Memory = 24139(MB), CPU Usage = 20.71378%</Message>
          <Message>[5/9/2018 9:03:33 PM]&lt;INFO&gt;Private Working Set for QTAgent32_40, usage=433440 (K)</Message>
          <Message>[5/9/2018 9:03:33 PM]&lt;INFO&gt;Path To TestConfig xml=E:\LoadTestResult\VSEQT\QTAgent\26924\CMP01-INDIASQA.horizonhobby.com\Deployment\SharedCommonConfig.xml</Message>
          <Message>[5/9/2018 9:03:33 PM]&lt;INFO&gt;Path To TestData xml=E:\LoadTestResult\VSEQT\QTAgent\26924\CMP01-INDIASQA.horizonhobby.com\Deployment\CartDisplayTestData_210332.xml</Message>
          <Message>[5/9/2018 9:03:33 PM]&lt;INFO&gt;Path To HorizonHobbyQA Application Url=https://www-tst.horizonhobby.com</Message>
          <Message>[5/9/2018 9:03:33 PM]&lt;INFO&gt;HorizonHobbyQA sql connection string=Server=cmp02-ws-tst-db01:50000;Database=TST01DB;UID=wcdbuser;PWD=h0r1z0n;Connect Timeout=30</Message>
          <Message>[5/9/2018 9:03:33 PM]&lt;INFO&gt;Country is := US and language id is := '-1'</Message>
          <Message>[5/9/2018 9:03:33 PM]&lt;INFO&gt;Current browser used for test execution is = 'IE'</Message>
          <Message>[5/9/2018 9:03:37 PM]&lt;INFO&gt;GetSearchProductOnAttributeValue executing... </Message>
          <Message>[5/9/2018 9:03:43 PM]&lt;Info&gt;AllBrowserWindow : Locating browser window...</Message>
          <Message>[5/9/2018 9:03:43 PM]&lt;INFO&gt;SearchProductexecuting ... Searching term:= 'ALC4114'</Message>
          <Message>[5/9/2018 9:03:50 PM]&lt;Info&gt;AllBrowserWindow : Locating browser window...</Message>
          <Message>[5/9/2018 9:03:55 PM]&lt;PASS&gt;&lt;ProductAndCartDisplayFormatOversizeDescription&gt;&lt;Oversize link does not exist&gt;</Message>
          <Message>[5/9/2018 9:03:55 PM]&lt;INFO&gt;GetSearchProductOnAttributeValue executing... </Message>
          <Message>[5/9/2018 9:03:56 PM]&lt;INFO&gt;SearchProductexecuting ... Searching term:= 'HAN106001'</Message>
          <Message>[5/9/2018 9:04:01 PM]&lt;Info&gt;AllBrowserWindow : Locating browser window...</Message>
          <Message>[5/9/2018 9:04:04 PM]&lt;PASS&gt;&lt;ProductAndCartDisplayFormatOversizeDescription&gt;&lt;Oversize link exists&gt;</Message>
          <Message>[5/9/2018 9:04:07 PM]&lt;PASS&gt;&lt;ProductAndCartDisplayFormatOversizeDescription&gt;&lt;Oversize modal window exists&gt;</Message>
          <Message>[5/9/2018 9:04:09 PM]&lt;PASS&gt;&lt;ProductAndCartDisplayFormatOversizeDescription&gt;&lt;Oversize modal window line one&gt;</Message>
          <Message>[5/9/2018 9:04:09 PM]&lt;PASS&gt;&lt;ProductAndCartDisplayFormatOversizeDescription&gt;&lt;Oversize modal window line two&gt;</Message>
          <Message>[5/9/2018 9:04:09 PM]&lt;INFO&gt;BackOrderClickexecuting ...</Message>
          <Message>[5/9/2018 9:04:10 PM]&lt;INFO&gt;GoToCartClickexecuting ...</Message>
          <Message>[5/9/2018 9:04:15 PM]&lt;Info&gt;AllBrowserWindow : Locating browser window...</Message>
          <Message>[5/9/2018 9:04:27 PM]&lt;PASS&gt;&lt;ProductAndCartDisplayFormatOversizeDescription&gt;&lt;Oversize link exists&gt;</Message>
          <Message>[5/9/2018 9:04:34 PM]&lt;PASS&gt;&lt;ProductAndCartDisplayFormatOversizeDescription&gt;&lt;Oversize modal window exists&gt;</Message>
          <Message>[5/9/2018 9:04:34 PM]&lt;PASS&gt;&lt;ProductAndCartDisplayFormatOversizeDescription&gt;&lt;Oversize modal window line one&gt;</Message>
          <Message>[5/9/2018 9:04:34 PM]&lt;PASS&gt;&lt;ProductAndCartDisplayFormatOversizeDescription&gt;&lt;Oversize modal window line two&gt;</Message>
          <Message>[5/9/2018 9:04:34 PM]&lt;RESULT&gt;Test Ended:#PASS=9, #FAIL=0</Message>
          <Message>[5/9/2018 9:04:35 PM]&lt;INFO&gt;LogCPUAndMemoryUsage: Available Memory = 24031(MB), CPU Usage = 8.34941%</Message>
          <Message>[5/9/2018 9:04:35 PM]&lt;INFO&gt;Private Working Set for QTAgent32_40, usage=432944 (K)</Message>
          <Message>[5/9/2018 9:04:35 PM]&lt;RESULT&gt;&lt;ProductAndCartDisplayFormatOversizeDescription&gt; Test PASSED</Message>
        </TextMessages>
      </Output>
      <ResultFiles>
        <ResultFile path="CMP01-INDIASQA.horizonhobby.com\CartDisplayTestData_210332.xml" />
        <ResultFile path="CMP01-INDIASQA.horizonhobby.com\ProductAndCartDisplayFormatOversizeDescription_20180509210332.log" />
        <ResultFile path="CMP01-INDIASQA.horizonhobby.com\ProductAndCartDisplayFormatOversizeDescription_ResultsONLY_20180509210332.log" />
        <ResultFile path="CMP01-INDIASQA.horizonhobby.com\SharedCommonConfig.xml" />
      </ResultFiles>
    </UnitTestResult>
    <UnitTestResult executionId="62f43225-abe5-40e6-b112-5705267afbd5" testId="01db621f-c226-87c9-3986-a275c780ba42" testName="CheckoutShippingAddressEntryRequiredFields" computerName="CMP01-INDIASQA" duration="00:03:16.2780454" startTime="2018-05-09T21:04:39.8008797-05:00" endTime="2018-05-09T21:07:56.1158797-05:00" testType="13cdc9d9-ddb5-4fa4-a97d-d965ccfc6d4b" outcome="Failed" testListId="8c84fa94-04c1-424b-9868-57a2d4851a1d" relativeResultsDirectory="62f43225-abe5-40e6-b112-5705267afbd5">
      <Output>
        <StdOut>Logging to custom path:\\CMP01-YKumar\AutoLog</StdOut>
        <ErrorInfo>
          <Message>
            Assert.Fail failed.
            #Other errors=1
            [Error details below]
          </Message>
          <StackTrace>
            at TestAuto.LoggingAndSharedGenericMethods.EndTest() in c:\Builds\1\WebSphere\QATestAutomation\src\CodedUITest\SourceCode\Common\Logging\Logging.cs:line 1628
            at TestAuto.HHBvtSmokeTest.TestCleanup() in c:\Builds\1\WebSphere\QATestAutomation\src\CodedUITest\SourceCode\HHobby\Checkout\CheckoutCommon.cs:line 4805
          </StackTrace>
        </ErrorInfo>
        <TextMessages>
          <Message>
            [5/9/2018 9:04:39 PM]&lt;STARTLOG&gt;&lt;CheckoutShippingAddressEntryRequiredFields&gt;Test Started: Expecting: #PASS=Undefined and #FAIL=0
            Running from MTM=True, running on machine name:CMP01-INDIASQA, user name=ykumar, OS=Microsoft Windows NT 6.1.7601 Service Pack 1, Is64BitOS=True
          </Message>
          <Message>[5/9/2018 9:04:40 PM]&lt;INFO&gt;LogCPUAndMemoryUsage: Available Memory = 24158(MB), CPU Usage = 17.49947%</Message>
          <Message>[5/9/2018 9:04:40 PM]&lt;INFO&gt;Private Working Set for QTAgent32_40, usage=433032 (K)</Message>
          <Message>[5/9/2018 9:04:40 PM]&lt;INFO&gt;Path To TestConfig xml=E:\LoadTestResult\VSEQT\QTAgent\26924\CMP01-INDIASQA.horizonhobby.com\Deployment\SharedCommonConfig.xml</Message>
          <Message>[5/9/2018 9:04:40 PM]&lt;INFO&gt;Path To TestData xml=E:\LoadTestResult\VSEQT\QTAgent\26924\CMP01-INDIASQA.horizonhobby.com\Deployment\CheckoutCommonTestData_210439.xml</Message>
          <Message>[5/9/2018 9:04:40 PM]&lt;INFO&gt;Path To HorizonHobbyQA Application Url=https://www-tst.horizonhobby.com</Message>
          <Message>[5/9/2018 9:04:40 PM]&lt;INFO&gt;HorizonHobbyQA sql connection string=Server=cmp02-ws-tst-db01:50000;Database=TST01DB;UID=wcdbuser;PWD=h0r1z0n;Connect Timeout=30</Message>
          <Message>[5/9/2018 9:04:40 PM]&lt;INFO&gt;Country is := US and language id is := '-1'</Message>
          <Message>[5/9/2018 9:04:40 PM]&lt;INFO&gt;Current browser used for test execution is = 'IE'</Message>
          <Message>[5/9/2018 9:04:49 PM]&lt;INFO&gt;SearchProductexecuting ... Searching term:= 'EVO777114'</Message>
          <Message>[5/9/2018 9:04:55 PM]&lt;Info&gt;AllBrowserWindow : Locating browser window...</Message>
          <Message>[5/9/2018 9:04:56 PM]&lt;INFO&gt;BackOrderClickexecuting ...</Message>
          <Message>[5/9/2018 9:04:56 PM]&lt;INFO&gt;GoToCartClickexecuting ...</Message>
          <Message>[5/9/2018 9:05:03 PM]&lt;INFO&gt;CheckoutProcessStartShoppingCart : method executing</Message>
          <Message>[5/9/2018 9:05:03 PM]&lt;Info&gt;AllBrowserWindow : Locating browser window...</Message>
          <Message>[5/9/2018 9:05:12 PM]&lt;INFO&gt;CheckoutShoppingCartControls : method executing</Message>
          <Message>[5/9/2018 9:05:12 PM]&lt;Info&gt;AllBrowserWindow : Locating browser window...</Message>
          <Message>[5/9/2018 9:05:29 PM]&lt;Info&gt;AllBrowserWindow : Locating browser window...</Message>
          <Message>[5/9/2018 9:05:33 PM]&lt;PASS&gt;&lt;BillingShippingAddressDefault&gt;&lt;Validate that Billing Address -  First name is blank by default &gt;</Message>
          <Message>[5/9/2018 9:05:33 PM]&lt;PASS&gt;&lt;BillingShippingAddressDefault&gt;&lt;Validate that Billing Address -  Last name is blank by default &gt;</Message>
          <Message>[5/9/2018 9:05:33 PM]&lt;PASS&gt;&lt;BillingShippingAddressDefault&gt;&lt;Validate that Billing Address -  Country is United States default &gt;</Message>
          <Message>[5/9/2018 9:05:34 PM]&lt;PASS&gt;&lt;BillingShippingAddressDefault&gt;&lt;Validate that Billing Address -  Street Address 1 is blank by default &gt;</Message>
          <Message>[5/9/2018 9:05:34 PM]&lt;PASS&gt;&lt;BillingShippingAddressDefault&gt;&lt;Validate that Billing Address -  Street Address 2 is blank by default &gt;</Message>
          <Message>[5/9/2018 9:05:34 PM]&lt;PASS&gt;&lt;BillingShippingAddressDefault&gt;&lt;Validate that Billing Address -  City is blank by default &gt;</Message>
          <Message>[5/9/2018 9:05:34 PM]&lt;PASS&gt;&lt;BillingShippingAddressDefault&gt;&lt;Validate that Billing Address -  State is United States default &gt;</Message>
          <Message>[5/9/2018 9:05:35 PM]&lt;PASS&gt;&lt;BillingShippingAddressDefault&gt;&lt;Validate that Billing Address -  Zip Code is blank by default &gt;</Message>
          <Message>[5/9/2018 9:05:35 PM]&lt;PASS&gt;&lt;BillingShippingAddressDefault&gt;&lt;Validate that Billing Address -  Phone Number is blank by default &gt;</Message>
          <Message>[5/9/2018 9:05:35 PM]&lt;PASS&gt;&lt;BillingShippingAddressDefault&gt;&lt;Validate that Billing Address -  Email is blank by default &gt;</Message>
          <Message>[5/9/2018 9:05:35 PM]&lt;PASS&gt;&lt;BillingShippingAddressDefault&gt;&lt;Validate that Billing Address -  Send Me Email is unchecked default &gt;</Message>
          <Message>[5/9/2018 9:05:36 PM]&lt;PASS&gt;&lt;BillingShippingAddressDefault&gt;&lt;Validate that Shipping Address -  First name is blank by default &gt;</Message>
          <Message>[5/9/2018 9:05:36 PM]&lt;PASS&gt;&lt;BillingShippingAddressDefault&gt;&lt;Validate that Shipping Address -  Last name is blank by default &gt;</Message>
          <Message>[5/9/2018 9:05:36 PM]&lt;PASS&gt;&lt;BillingShippingAddressDefault&gt;&lt;Validate that Shipping Address -  Country is United States default &gt;</Message>
          <Message>[5/9/2018 9:05:36 PM]&lt;PASS&gt;&lt;BillingShippingAddressDefault&gt;&lt;Validate that Shipping Address -  Street Address 1 is blank by default &gt;</Message>
          <Message>[5/9/2018 9:05:37 PM]&lt;PASS&gt;&lt;BillingShippingAddressDefault&gt;&lt;Validate that Shipping Address -  Street Address 2 is blank by default &gt;</Message>
          <Message>[5/9/2018 9:05:37 PM]&lt;PASS&gt;&lt;BillingShippingAddressDefault&gt;&lt;Validate that Shipping Address -  City is blank by default &gt;</Message>
          <Message>[5/9/2018 9:05:37 PM]&lt;PASS&gt;&lt;BillingShippingAddressDefault&gt;&lt;Validate that Shipping Address -  State is United States default &gt;</Message>
          <Message>[5/9/2018 9:05:37 PM]&lt;PASS&gt;&lt;BillingShippingAddressDefault&gt;&lt;Validate that Shipping Address -  Zip Code is blank by default &gt;</Message>
          <Message>[5/9/2018 9:05:38 PM]&lt;PASS&gt;&lt;BillingShippingAddressDefault&gt;&lt;Validate that Shipping Address -  Phone Number is blank by default &gt;</Message>
          <Message>[5/9/2018 9:05:38 PM]&lt;PASS&gt;&lt;BillingShippingAddressDefault&gt;&lt;Validate that Shipping Address -  Email is blank by default &gt;</Message>
          <Message>[5/9/2018 9:05:38 PM]&lt;PASS&gt;&lt;CheckoutShippingAddressEntryRequiredFields&gt;&lt;Validate that (*) is displayed with First Name label  &gt;</Message>
          <Message>[5/9/2018 9:05:38 PM]&lt;PASS&gt;&lt;CheckoutShippingAddressEntryRequiredFields&gt;&lt;Validate that (*) is displayed with Last Name label  &gt;</Message>
          <Message>[5/9/2018 9:05:39 PM]&lt;PASS&gt;&lt;CheckoutShippingAddressEntryRequiredFields&gt;&lt;Validate that (*) is displayed with Country label  &gt;</Message>
          <Message>[5/9/2018 9:05:39 PM]&lt;PASS&gt;&lt;CheckoutShippingAddressEntryRequiredFields&gt;&lt;Validate that (*) is displayed with Address1 label  &gt;</Message>
          <Message>[5/9/2018 9:05:39 PM]&lt;PASS&gt;&lt;CheckoutShippingAddressEntryRequiredFields&gt;&lt;Validate that (*) is displayed with City label  &gt;</Message>
          <Message>[5/9/2018 9:05:39 PM]&lt;PASS&gt;&lt;CheckoutShippingAddressEntryRequiredFields&gt;&lt;Validate that (*) is displayed with Zip label  &gt;</Message>
          <Message>[5/9/2018 9:05:40 PM]&lt;PASS&gt;&lt;CheckoutShippingAddressEntryRequiredFields&gt;&lt;Validate that (*) is displayed with Email label  &gt;</Message>
          <Message>[5/9/2018 9:05:40 PM]&lt;PASS&gt;&lt;CheckoutShippingAddressEntryRequiredFields&gt;&lt;Validate that (*) is displayed with First Name label  &gt;</Message>
          <Message>[5/9/2018 9:05:40 PM]&lt;PASS&gt;&lt;CheckoutShippingAddressEntryRequiredFields&gt;&lt;Validate that (*) is displayed with Last Name label  &gt;</Message>
          <Message>[5/9/2018 9:05:40 PM]&lt;PASS&gt;&lt;CheckoutShippingAddressEntryRequiredFields&gt;&lt;Validate that (*) is displayed with Country label  &gt;</Message>
          <Message>[5/9/2018 9:05:40 PM]&lt;PASS&gt;&lt;CheckoutShippingAddressEntryRequiredFields&gt;&lt;Validate that (*) is displayed with Address1 label  &gt;</Message>
          <Message>[5/9/2018 9:05:41 PM]&lt;PASS&gt;&lt;CheckoutShippingAddressEntryRequiredFields&gt;&lt;Validate that (*) is displayed with City label  &gt;</Message>
          <Message>[5/9/2018 9:05:41 PM]&lt;PASS&gt;&lt;CheckoutShippingAddressEntryRequiredFields&gt;&lt;Validate that (*) is displayed with Zip label  &gt;</Message>
          <Message>[5/9/2018 9:05:41 PM]&lt;PASS&gt;&lt;CheckoutShippingAddressEntryRequiredFields&gt;&lt;Validate that (*) is displayed with Email label  &gt;</Message>
          <Message>[5/9/2018 9:05:45 PM]&lt;PASS&gt;&lt;BillingShippingAddressDefault&gt;&lt;unable to enter more then 35 Characters &gt;</Message>
          <Message>[5/9/2018 9:05:45 PM]&lt;PASS&gt;&lt;BillingShippingAddressDefault&gt;&lt;Validate that Billing Address -  Street Address only 35 Characters are entered &gt;</Message>
          <Message>[5/9/2018 9:05:48 PM]&lt;PASS&gt;&lt;BillingShippingAddressDefault&gt;&lt;unable to enter more then 35 Characters are entered &gt;</Message>
          <Message>[5/9/2018 9:05:49 PM]&lt;PASS&gt;&lt;BillingShippingAddressDefault&gt;&lt;Validate that Billing Address -  Street Address 2 only 35 Characters are entered &gt;</Message>
          <Message>[5/9/2018 9:05:52 PM]&lt;PASS&gt;&lt;BillingShippingAddressDefault&gt;&lt;Unable to enter more then 35 characters &gt;</Message>
          <Message>[5/9/2018 9:05:52 PM]&lt;PASS&gt;&lt;BillingShippingAddressDefault&gt;&lt;Validate that Shipping Address -  Street Address 1 only 35 charatcers are entered &gt;</Message>
          <Message>[5/9/2018 9:05:56 PM]&lt;PASS&gt;&lt;BillingShippingAddressDefault&gt;&lt;Unable to enter more then 35 characters &gt;</Message>
          <Message>[5/9/2018 9:05:56 PM]&lt;PASS&gt;&lt;BillingShippingAddressDefault&gt;&lt;Validate that Shipping Address -  Street Address 2 only 35 charatcers are entered  &gt;</Message>
          <Message>[5/9/2018 9:05:56 PM]&lt;Info&gt;AllBrowserWindow : Locating browser window...</Message>
          <Message>[5/9/2018 9:05:56 PM]&lt;INFO&gt;FillBillingAndShippingAddressexecuting ...</Message>
          <Message>[5/9/2018 9:05:56 PM]&lt;Info&gt;AllBrowserWindow : Locating browser window...</Message>
          <Message>[5/9/2018 9:05:59 PM]&lt;INFO&gt;SelectBillingCountryexecuting ...</Message>
          <Message>[5/9/2018 9:06:06 PM]&lt;INFO&gt;SelectBillingStateexecuting ...</Message>
          <Message>[5/9/2018 9:06:12 PM]&lt;INFO&gt;SelectShippingCountryexecuting ...</Message>
          <Message>[5/9/2018 9:06:16 PM]&lt;INFO&gt;SelectShippingStateexecuting ...</Message>
          <Message>[5/9/2018 9:06:30 PM]&lt;PASS&gt;&lt;CheckoutShippingAddressEntryRequiredFields&gt;&lt;Validate that Shipping details entered on Address Page, displayed on Shipping &amp; billing Method Page  &gt;</Message>
          <Message>[5/9/2018 9:06:30 PM]&lt;INFO&gt;SelectCheckoutPaymentRadiobutton : method executing</Message>
          <Message>[5/9/2018 9:06:30 PM]&lt;INFO&gt;CheckoutCreditCardShippingAndBillingControls : method executing</Message>
          <Message>[5/9/2018 9:06:30 PM]&lt;Info&gt;AllBrowserWindow : Locating browser window...</Message>
          <Message>[5/9/2018 9:06:39 PM]&lt;PASS&gt;&lt;CheckoutShippingAddressEntryRequiredFields&gt;&lt;Validate that Shipping details entered on Address Page, displayed on Shipping &amp; billing Method Page  &gt;</Message>
          <Message>[5/9/2018 9:06:40 PM]&lt;Info&gt;AllBrowserWindow : Locating browser window...</Message>
          <Message>[5/9/2018 9:06:50 PM]&lt;INFO&gt;UpdateCartQuantity : executing ... :- 2</Message>
          <Message>[5/9/2018 9:06:50 PM]&lt;Info&gt;AllBrowserWindow : Locating browser window...</Message>
          <Message>[5/9/2018 9:07:11 PM]&lt;INFO&gt;CheckoutProcessStartShoppingCart : method executing</Message>
          <Message>[5/9/2018 9:07:11 PM]&lt;Info&gt;AllBrowserWindow : Locating browser window...</Message>
          <Message>[5/9/2018 9:07:18 PM]&lt;INFO&gt;CheckoutShoppingCartControls : method executing</Message>
          <Message>[5/9/2018 9:07:18 PM]&lt;Info&gt;AllBrowserWindow : Locating browser window...</Message>
          <Message>[5/9/2018 9:07:33 PM]&lt;Info&gt;AllBrowserWindow : Locating browser window...</Message>
          <Message>[5/9/2018 9:07:37 PM]&lt;PASS&gt;&lt;CheckoutShippingAddressEntryRequiredFields&gt;&lt; Validates that no Interrupt Page appears and Shippnig &amp; Billing Method Page appears&gt;</Message>
          <Message>[5/9/2018 9:07:38 PM]&lt;PASS&gt;&lt;CheckoutShippingAddressEntryRequiredFields&gt;&lt; Validates that link for Update Billing Address present&gt;</Message>
          <Message>[5/9/2018 9:07:39 PM]&lt;INFO&gt;UpdateBillingShippingAddressexecuting ...</Message>
          <Message>[5/9/2018 9:07:39 PM]&lt;Info&gt;AllBrowserWindow : Locating browser window...</Message>
          <Message>
            Assert.Fail failed. [5/9/2018 9:07:52 PM]&lt;ERROR&gt;MouseClick Exception:Microsoft.VisualStudio.TestTools.UITest.Extension.UITestControlNotFoundException: The playback failed to find the control with the given search properties. Additional Details:
            TechnologyName:  'Web'
            ControlType:  'Hyperlink'
            TagName:  'A'
            Id:  'WC_ShopcartAddressFormDisplay_links_1'
            Failed to find any control that matched the value WC_ShopcartAddressFormDisplay_links_1 for the search property Id. ---&gt; System.Runtime.InteropServices.COMException: Error HRESULT E_FAIL has been returned from a call to a COM component.
            at Microsoft.VisualStudio.TestTools.UITest.Playback.Engine.IScreenElement.FindAllDescendants(String bstrQueryId, Object&amp; pvarResKeys, Int32 cResKeys, Int32 nMaxDepth)
            at Microsoft.VisualStudio.TestTools.UITest.Playback.ScreenElement.FindAllScreenElement(String queryId, Int32 depth, Boolean singleQueryId, Boolean throwException, Boolean resetSkipStep)
            at Microsoft.VisualStudio.TestTools.UITest.Playback.ScreenElement.FindScreenElement(String queryId, Int32 depth, Boolean resetSkipStep)
            at Microsoft.VisualStudio.TestTools.UITesting.UITestControl.FindFirstDescendant(String queryId, Int32 maxDepth, Int32&amp; timeLeft)
            --- End of inner exception stack trace ---
            at Microsoft.VisualStudio.TestTools.UITesting.Playback.MapControlNotFoundException(COMException ex, IPlaybackContext context)
            at Microsoft.VisualStudio.TestTools.UITesting.Playback.MapAndThrowComException(COMException innerException, IPlaybackContext context)
            at Microsoft.VisualStudio.TestTools.UITesting.Playback.MapAndThrowException(SystemException exception, IPlaybackContext context)
            at Microsoft.VisualStudio.TestTools.UITesting.Playback.MapAndThrowException(SystemException exception, String queryId)
            at Microsoft.VisualStudio.TestTools.UITesting.UITestControl.FindFirstDescendant(String queryId, Int32 maxDepth, Int32&amp; timeLeft)
            at Microsoft.VisualStudio.TestTools.UITesting.SearchHelper.GetUITestControlRecursive(Boolean useCache, Boolean alwaysSearch, ISearchArgument searchArg, IList`1 windowTitles, Int32&amp; timeLeft)
            at Microsoft.VisualStudio.TestTools.UITesting.SearchHelper.GetElement(Boolean useCache, ISearchArgument searchArg)
            at Microsoft.VisualStudio.TestTools.UITesting.SearchHelper.Search(ISearchArgument searchArg)
            at Microsoft.VisualStudio.TestTools.UITesting.UITestControl.FindInternal()
            at Microsoft.VisualStudio.TestTools.UITesting.UITestControl.&lt;Find&gt;b__3a()
            at Microsoft.VisualStudio.TestTools.UITesting.CodedUITestMethodInvoker.InvokeMethod[T](Func`1 function, UITestControl control, Boolean firePlaybackErrorEvent, Boolean logAsAction)
            at Microsoft.VisualStudio.TestTools.UITesting.UITestControl.Find()
            at Microsoft.VisualStudio.TestTools.UITesting.UITestControl.GetPropertyPrivate(String propertyName)
            at Microsoft.VisualStudio.TestTools.UITesting.UITestControl.GetPropertyOfType[T](String propertyName)
            at Microsoft.VisualStudio.TestTools.UITesting.UITestControl.get_Name()
            at TestAuto.LoggingAndSharedGenericMethods.MouseClick(UITestControl uiMenuItemTestControl) in c:\Builds\1\WebSphere\QATestAutomation\src\CodedUITest\SourceCode\Common\Logging\SharedMethods_Generic.cs:line 790,
            StackTrace:
            MouseClick(),SharedMethods_Generic.cs,Line Number:822
            UpdateBillingShippingAddress(),SharedCheckoutCommon.cs,Line Number:1521
            CheckoutShippingAddressEntryRequiredFields(),CheckoutCommon.cs,Line Number:2078
          </Message>
          <Message>[5/9/2018 9:07:52 PM]&lt;CaptureImage&gt;\\CMP01-YKumar\AutoLog\CMP01-INDIASQA\CheckoutShippingAddressEntryRequiredFields_20180509210752.png</Message>
          <Message>[5/9/2018 9:07:52 PM]&lt;RESULT&gt;Test Ended:#PASS=47, #FAIL=0,#Other errors=1</Message>
          <Message>[5/9/2018 9:07:53 PM]&lt;INFO&gt;LogCPUAndMemoryUsage: Available Memory = 24070(MB), CPU Usage = 12.3371%</Message>
          <Message>[5/9/2018 9:07:54 PM]&lt;INFO&gt;Private Working Set for QTAgent32_40, usage=440388 (K)</Message>
          <Message>[5/9/2018 9:07:54 PM]&lt;RESULT&gt;&lt;CheckoutShippingAddressEntryRequiredFields&gt; Test FAILED: #Other errors=1. See Error Message/logs for further details.</Message>
        </TextMessages>
      </Output>
      <ResultFiles>
        <ResultFile path="CMP01-INDIASQA.horizonhobby.com\CheckoutCommonTestData_210439.xml" />
        <ResultFile path="CMP01-INDIASQA.horizonhobby.com\CheckoutShippingAddressEntryRequiredFields_20180509210439.log" />
        <ResultFile path="CMP01-INDIASQA.horizonhobby.com\CheckoutShippingAddressEntryRequiredFields_20180509210752.png" />
        <ResultFile path="CMP01-INDIASQA.horizonhobby.com\CheckoutShippingAddressEntryRequiredFields_ResultsONLY_20180509210439.log" />
        <ResultFile path="CMP01-INDIASQA.horizonhobby.com\SharedCommonConfig.xml" />
      </ResultFiles>
    </UnitTestResult>
    <UnitTestResult executionId="79908a6a-b65e-4c9b-b482-6653d234e015" testId="b24ae5d7-0061-af74-0035-181050401bd6" testName="CheckoutBillingAndShippingAddressSameAsSignInUser" computerName="CMP01-INDIASQA" duration="00:02:49.4453929" startTime="2018-05-09T21:07:56.1178797-05:00" endTime="2018-05-09T21:10:45.6028797-05:00" testType="13cdc9d9-ddb5-4fa4-a97d-d965ccfc6d4b" outcome="Failed" testListId="8c84fa94-04c1-424b-9868-57a2d4851a1d" relativeResultsDirectory="79908a6a-b65e-4c9b-b482-6653d234e015">
      <Output>
        <StdOut>Logging to custom path:\\CMP01-YKumar\AutoLog</StdOut>
        <ErrorInfo>
          <Message>
            Assert.Fail failed.
            #Other errors=1
            [Error details below]
          </Message>
          <StackTrace>
            at TestAuto.LoggingAndSharedGenericMethods.EndTest() in c:\Builds\1\WebSphere\QATestAutomation\src\CodedUITest\SourceCode\Common\Logging\Logging.cs:line 1628
            at TestAuto.HHBvtSmokeTest.TestCleanup() in c:\Builds\1\WebSphere\QATestAutomation\src\CodedUITest\SourceCode\HHobby\Checkout\CheckoutCommon.cs:line 4805
          </StackTrace>
        </ErrorInfo>
        <TextMessages>
          <Message>
            [5/9/2018 9:07:56 PM]&lt;STARTLOG&gt;&lt;CheckoutBillingAndShippingAddressSameAsSignInUser&gt;Test Started: Expecting: #PASS=Undefined and #FAIL=0
            Running from MTM=True, running on machine name:CMP01-INDIASQA, user name=ykumar, OS=Microsoft Windows NT 6.1.7601 Service Pack 1, Is64BitOS=True
          </Message>
          <Message>[5/9/2018 9:07:57 PM]&lt;INFO&gt;LogCPUAndMemoryUsage: Available Memory = 24119(MB), CPU Usage = 17.98649%</Message>
          <Message>[5/9/2018 9:07:57 PM]&lt;INFO&gt;Private Working Set for QTAgent32_40, usage=440492 (K)</Message>
          <Message>[5/9/2018 9:07:57 PM]&lt;INFO&gt;Path To TestConfig xml=E:\LoadTestResult\VSEQT\QTAgent\26924\CMP01-INDIASQA.horizonhobby.com\Deployment\SharedCommonConfig.xml</Message>
          <Message>[5/9/2018 9:07:57 PM]&lt;INFO&gt;Path To TestData xml=E:\LoadTestResult\VSEQT\QTAgent\26924\CMP01-INDIASQA.horizonhobby.com\Deployment\CheckoutCommonTestData_210756.xml</Message>
          <Message>[5/9/2018 9:07:57 PM]&lt;INFO&gt;Path To HorizonHobbyQA Application Url=https://www-tst.horizonhobby.com</Message>
          <Message>[5/9/2018 9:07:57 PM]&lt;INFO&gt;HorizonHobbyQA sql connection string=Server=cmp02-ws-tst-db01:50000;Database=TST01DB;UID=wcdbuser;PWD=h0r1z0n;Connect Timeout=30</Message>
          <Message>[5/9/2018 9:07:57 PM]&lt;INFO&gt;Country is := US and language id is := '-1'</Message>
          <Message>[5/9/2018 9:07:57 PM]&lt;INFO&gt;Current browser used for test execution is = 'IE'</Message>
          <Message>[5/9/2018 9:08:02 PM]&lt;INFO&gt;SurveyWindow : method executing ...</Message>
          <Message>[5/9/2018 9:08:09 PM]&lt;INFO&gt;ContinueOnCertificationErrorClickexecuting ...</Message>
          <Message>[5/9/2018 9:08:09 PM]&lt;Info&gt;DEAllBrowserWindow : Locating browser window...</Message>
          <Message>[5/9/2018 9:08:16 PM]&lt;INFO&gt;UserRegistration : method executing ...</Message>
          <Message>[5/9/2018 9:08:16 PM]&lt;Info&gt;AllBrowserWindow : Locating browser window...</Message>
          <Message>[5/9/2018 9:08:46 PM]&lt;Info&gt;AllBrowserWindow : Locating browser window...</Message>
          <Message>[5/9/2018 9:09:03 PM]&lt;Info&gt;AllBrowserWindow : Locating browser window...</Message>
          <Message>[5/9/2018 9:09:19 PM]&lt;INFO&gt;SearchProductexecuting ... Searching term:= 'IRLDUO58004RE'</Message>
          <Message>[5/9/2018 9:09:26 PM]&lt;Info&gt;AllBrowserWindow : Locating browser window...</Message>
          <Message>[5/9/2018 9:09:26 PM]&lt;INFO&gt;BackOrderClickexecuting ...</Message>
          <Message>[5/9/2018 9:09:27 PM]&lt;INFO&gt;GoToCartClickexecuting ...</Message>
          <Message>[5/9/2018 9:09:33 PM]&lt;INFO&gt;CheckoutProcessStartShoppingCart : method executing</Message>
          <Message>[5/9/2018 9:09:34 PM]&lt;Info&gt;AllBrowserWindow : Locating browser window...</Message>
          <Message>[5/9/2018 9:09:43 PM]&lt;INFO&gt;CheckoutShoppingCartControls : method executing</Message>
          <Message>[5/9/2018 9:09:43 PM]&lt;Info&gt;AllBrowserWindow : Locating browser window...</Message>
          <Message>[5/9/2018 9:09:56 PM]&lt;PASS&gt;&lt;CheckoutBillingAndShippingAddressSameAsSignInUser&gt;&lt;Validate that Shipping details entered on User Registration, displayed on Shipping &amp; billing Method Page  &gt;</Message>
          <Message>[5/9/2018 9:09:56 PM]&lt;INFO&gt;SelectCheckoutPaymentRadiobutton : method executing</Message>
          <Message>[5/9/2018 9:09:56 PM]&lt;INFO&gt;CheckoutCreditCardShippingAndBillingControls : method executing</Message>
          <Message>[5/9/2018 9:09:56 PM]&lt;Info&gt;AllBrowserWindow : Locating browser window...</Message>
          <Message>[5/9/2018 9:10:05 PM]&lt;PASS&gt;&lt;CheckoutBillingAndShippingAddressSameAsSignInUser&gt;&lt;Validate that Billing details entered on User Registration, displayed on Shipping &amp; billing Method Page  &gt;</Message>
          <Message>[5/9/2018 9:10:05 PM]&lt;PASS&gt;&lt;CheckoutBillingAndShippingAddressSameAsSignInUser&gt;&lt; Validates that link for Update Billing Address present&gt;</Message>
          <Message>[5/9/2018 9:10:07 PM]&lt;Info&gt;AllBrowserWindow : Locating browser window...</Message>
          <Message>
            Assert.Fail failed. [5/9/2018 9:10:12 PM]&lt;Error&gt;CheckoutBillingAndShippingAddressSameAsSignInUser : failed executing ...The playback failed to find the control with the given search properties. Additional Details:
            TechnologyName:  'Web'
            ControlType:  'ComboBox'
            TagName:  'SELECT'
            Id:  'country'
            Failed to find any control that matched the value country for the search property Id.,
            StackTrace:
            CheckoutBillingAndShippingAddressSameAsSignInUser(),CheckoutCommon.cs,Line Number:2188
          </Message>
          <Message>[5/9/2018 9:10:12 PM]&lt;CaptureImage&gt;\\CMP01-YKumar\AutoLog\CMP01-INDIASQA\CheckoutBillingAndShippingAddressSameAsSignInUser_20180509211012.png</Message>
          <Message>[5/9/2018 9:10:12 PM]&lt;INFO&gt;DeleteWishlistFromDatabase : method executing</Message>
          <Message>[5/9/2018 9:10:12 PM]&lt;INFO&gt;DeletOrderItem : method executing</Message>
          <Message>[5/9/2018 9:10:42 PM]&lt;RESULT&gt;Test Ended:#PASS=3, #FAIL=0,#Other errors=1</Message>
          <Message>[5/9/2018 9:10:43 PM]&lt;INFO&gt;LogCPUAndMemoryUsage: Available Memory = 24147(MB), CPU Usage = 4.35003%</Message>
          <Message>[5/9/2018 9:10:43 PM]&lt;INFO&gt;Private Working Set for QTAgent32_40, usage=443300 (K)</Message>
          <Message>[5/9/2018 9:10:43 PM]&lt;RESULT&gt;&lt;CheckoutBillingAndShippingAddressSameAsSignInUser&gt; Test FAILED: #Other errors=1. See Error Message/logs for further details.</Message>
        </TextMessages>
      </Output>
      <ResultFiles>
        <ResultFile path="CMP01-INDIASQA.horizonhobby.com\CheckoutBillingAndShippingAddressSameAsSignInUser_20180509210756.log" />
        <ResultFile path="CMP01-INDIASQA.horizonhobby.com\CheckoutBillingAndShippingAddressSameAsSignInUser_20180509211012.png" />
        <ResultFile path="CMP01-INDIASQA.horizonhobby.com\CheckoutBillingAndShippingAddressSameAsSignInUser_ResultsONLY_20180509210756.log" />
        <ResultFile path="CMP01-INDIASQA.horizonhobby.com\CheckoutCommonTestData_210756.xml" />
        <ResultFile path="CMP01-INDIASQA.horizonhobby.com\SharedCommonConfig.xml" />
      </ResultFiles>
    </UnitTestResult>
    <UnitTestResult executionId="42297e09-d1e8-4d02-a352-d58c1ceeed62" testId="18e12afd-c47c-19a7-ce16-5837378ce2f9" testName="CreditCardCheckoutGiftCardPartialPayment" computerName="CMP01-INDIASQA" duration="00:02:55.7860184" startTime="2018-05-09T21:10:45.6048797-05:00" endTime="2018-05-09T21:13:41.4558797-05:00" testType="13cdc9d9-ddb5-4fa4-a97d-d965ccfc6d4b" outcome="Failed" testListId="8c84fa94-04c1-424b-9868-57a2d4851a1d" relativeResultsDirectory="42297e09-d1e8-4d02-a352-d58c1ceeed62">
      <Output>
        <StdOut>Logging to custom path:\\CMP01-YKumar\AutoLog</StdOut>
        <ErrorInfo>
          <Message>
            Assert.Fail failed.
            Actual #FAIL=1, #Expected FAIL=0
            #Other errors=5
            [Error details below]
            &lt;FAIL&gt;&lt;CreditCardCheckoutGiftCardPartialPayment&gt;&lt;Validates Gift card is applied and reflected in summary order table.&gt;.Assert.AreEqual failed. Expected:&lt;25.00&gt;. Actual:&lt;11.84&gt;.
            StackTrace:
            CreditCardCheckoutGiftCardPartialPayment(),CheckoutCreditCard.cs,Line Number:1914
          </Message>
          <StackTrace>
            at TestAuto.LoggingAndSharedGenericMethods.EndTest() in c:\Builds\1\WebSphere\QATestAutomation\src\CodedUITest\SourceCode\Common\Logging\Logging.cs:line 1628
            at TestAuto.CheckoutCreditCard.TestCleanup() in c:\Builds\1\WebSphere\QATestAutomation\src\CodedUITest\SourceCode\HHobby\Checkout\CheckoutCreditCard.cs:line 4170
          </StackTrace>
        </ErrorInfo>
        <TextMessages>
          <Message>
            [5/9/2018 9:10:45 PM]&lt;STARTLOG&gt;&lt;CreditCardCheckoutGiftCardPartialPayment&gt;Test Started: Expecting: #PASS=Undefined and #FAIL=0
            Running from MTM=True, running on machine name:CMP01-INDIASQA, user name=ykumar, OS=Microsoft Windows NT 6.1.7601 Service Pack 1, Is64BitOS=True
          </Message>
          <Message>[5/9/2018 9:10:46 PM]&lt;INFO&gt;LogCPUAndMemoryUsage: Available Memory = 24173(MB), CPU Usage = 16.56664%</Message>
          <Message>[5/9/2018 9:10:46 PM]&lt;INFO&gt;Private Working Set for QTAgent32_40, usage=443540 (K)</Message>
          <Message>[5/9/2018 9:10:46 PM]&lt;INFO&gt;Path To TestConfig xml=E:\LoadTestResult\VSEQT\QTAgent\26924\CMP01-INDIASQA.horizonhobby.com\Deployment\SharedCommonConfig.xml</Message>
          <Message>[5/9/2018 9:10:46 PM]&lt;INFO&gt;Path To TestData xml=E:\LoadTestResult\VSEQT\QTAgent\26924\CMP01-INDIASQA.horizonhobby.com\Deployment\CheckoutCreditCard_211045.xml</Message>
          <Message>[5/9/2018 9:10:46 PM]&lt;INFO&gt;Path To HorizonHobbyQA Application Url=https://www-tst.horizonhobby.com</Message>
          <Message>[5/9/2018 9:10:46 PM]&lt;INFO&gt;HorizonHobbyQA sql connection string=Server=cmp02-ws-tst-db01:50000;Database=TST01DB;UID=wcdbuser;PWD=h0r1z0n;Connect Timeout=30</Message>
          <Message>[5/9/2018 9:10:46 PM]&lt;INFO&gt;Country is := US and language id is := '-1'</Message>
          <Message>[5/9/2018 9:10:46 PM]&lt;INFO&gt;Current browser used for test execution is = 'IE'</Message>
          <Message>[5/9/2018 9:10:46 PM]&lt;INFO&gt;GenerateGiftCard : method executing...</Message>
          <Message>[5/9/2018 9:10:46 PM]&lt;INFO&gt;LaunchCustomBrowserWindow : method executing ...</Message>
          <Message>[5/9/2018 9:10:49 PM]&lt;INFO&gt;SurveyWindow : method executing ...</Message>
          <Message>[5/9/2018 9:10:52 PM]&lt;PASS&gt;&lt;GenerateGiftCard&gt;&lt; Validates that a new Gift Card Number generated successfully&gt;</Message>
          <Message>[5/9/2018 9:11:01 PM]&lt;INFO&gt;System.Data.DataTable GetProductConditional(ProductStockStatusType, PriceCondition, System.String, System.String, System.String, System.String, System.String, System.String, Boolean) : No record found for price condition - 'PriceRange-&gt; 90-500' ; and stock condition - 'InStock'</Message>
          <Message>[5/9/2018 9:11:01 PM]&lt;INFO&gt;SearchProductexecuting ... Searching term:= 'ALC101'</Message>
          <Message>[5/9/2018 9:11:07 PM]&lt;Info&gt;AllBrowserWindow : Locating browser window...</Message>
          <Message>[5/9/2018 9:11:08 PM]&lt;INFO&gt;BackOrderClickexecuting ...</Message>
          <Message>[5/9/2018 9:11:11 PM]&lt;INFO&gt;GoToCartClickexecuting ...</Message>
          <Message>[5/9/2018 9:11:23 PM]&lt;INFO&gt;ClickCheckoutButtonBottomexecuting ...</Message>
          <Message>[5/9/2018 9:11:23 PM]&lt;Info&gt;AllBrowserWindow : Locating browser window...</Message>
          <Message>[5/9/2018 9:11:31 PM]&lt;INFO&gt;ContinueAsGuestCheckoutButtonexecuting ...</Message>
          <Message>[5/9/2018 9:11:31 PM]&lt;Info&gt;AllBrowserWindow : Locating browser window...</Message>
          <Message>[5/9/2018 9:11:41 PM]&lt;INFO&gt;FillBillingAndShippingAddressexecuting ...</Message>
          <Message>[5/9/2018 9:11:41 PM]&lt;Info&gt;AllBrowserWindow : Locating browser window...</Message>
          <Message>[5/9/2018 9:11:46 PM]&lt;INFO&gt;SelectBillingCountryexecuting ...</Message>
          <Message>[5/9/2018 9:11:57 PM]&lt;INFO&gt;SelectBillingStateexecuting ...</Message>
          <Message>[5/9/2018 9:12:11 PM]&lt;INFO&gt;SelectShippingCountryexecuting ...</Message>
          <Message>[5/9/2018 9:12:15 PM]&lt;INFO&gt;SelectShippingStateexecuting ...</Message>
          <Message>[5/9/2018 9:12:28 PM]&lt;Info&gt;AllBrowserWindow : Locating browser window...</Message>
          <Message>[5/9/2018 9:12:28 PM]&lt;INFO&gt;CheckoutCreditCardShippingAndBillingControls : method executing</Message>
          <Message>[5/9/2018 9:12:28 PM]&lt;Info&gt;AllBrowserWindow : Locating browser window...</Message>
          <Message>[5/9/2018 9:12:39 PM]&lt;INFO&gt;TotalValue : method executing ...</Message>
          <Message>[5/9/2018 9:12:39 PM]&lt;INFO&gt;ApplyGiftCard : method executing... -&gt; ''</Message>
          <Message>[5/9/2018 9:12:39 PM]&lt;Info&gt;AllBrowserWindow : Locating browser window...</Message>
          <Message>[5/9/2018 9:12:56 PM]&lt;INFO&gt;CheckoutCreditCardShippingAndBillingControls : method executing</Message>
          <Message>[5/9/2018 9:12:56 PM]&lt;Info&gt;AllBrowserWindow : Locating browser window...</Message>
          <Message>[5/9/2018 9:13:06 PM]&lt;INFO&gt;TotalValue : method executing ...</Message>
          <Message>
            [5/9/2018 9:13:06 PM]&lt;FAIL&gt;&lt;CreditCardCheckoutGiftCardPartialPayment&gt;&lt;Validates Gift card is applied and reflected in summary order table.&gt;.Assert.AreEqual failed. Expected:&lt;25.00&gt;. Actual:&lt;11.84&gt;.
            StackTrace:
            CreditCardCheckoutGiftCardPartialPayment(),CheckoutCreditCard.cs,Line Number:1914
          </Message>
          <Message>[5/9/2018 9:13:06 PM]&lt;CaptureImage&gt;\\CMP01-YKumar\AutoLog\CMP01-INDIASQA\CreditCardCheckoutGiftCardPartialPayment_20180509211306.png</Message>
          <Message>[5/9/2018 9:13:07 PM]&lt;INFO&gt;SelectCheckoutPaymentRadiobutton : method executing</Message>
          <Message>[5/9/2018 9:13:07 PM]&lt;INFO&gt;CheckoutCreditCardShippingAndBillingControls : method executing</Message>
          <Message>[5/9/2018 9:13:07 PM]&lt;Info&gt;AllBrowserWindow : Locating browser window...</Message>
          <Message>
            Assert.Fail failed. [5/9/2018 9:13:16 PM]&lt;ERROR&gt;SelectCheckoutPaymentRadiobutton : failed executing ...Cannot perform 'Click' on the hidden control. Additional Details:
            TechnologyName:  'Web'
            ControlType:  'Pane'
            TagName:  'SPAN'
            Id:  ''
            Name:  ''
            ,
            StackTrace:
            SelectCheckoutPaymentRadiobutton(),SharedCheckoutCreditCard.cs,Line Number:539
            CommonWorkflowComplete(),SharedApplicationCommon.cs,Line Number:1990
            CommonWorkflowComplete(),SharedApplicationCommon.cs,Line Number:2059
            CreditCardCheckoutGiftCardPartialPayment(),CheckoutCreditCard.cs,Line Number:1918
          </Message>
          <Message>[5/9/2018 9:13:16 PM]&lt;CaptureImage&gt;\\CMP01-YKumar\AutoLog\CMP01-INDIASQA\CreditCardCheckoutGiftCardPartialPayment_20180509211316.png</Message>
          <Message>[5/9/2018 9:13:16 PM]&lt;INFO&gt;FillCreditCardDetails : method executing</Message>
          <Message>[5/9/2018 9:13:16 PM]&lt;INFO&gt;CheckoutCreditCardShippingAndBillingControls : method executing</Message>
          <Message>[5/9/2018 9:13:16 PM]&lt;Info&gt;AllBrowserWindow : Locating browser window...</Message>
          <Message>
            Assert.Fail failed. [5/9/2018 9:13:23 PM]&lt;ERROR&gt;MouseClick Exception:Microsoft.VisualStudio.TestTools.UITest.Extension.FailedToPerformActionOnHiddenControlException: Cannot perform 'Click' on the hidden control. Additional Details:
            TechnologyName:  'Web'
            ControlType:  'Edit'
            TagName:  'INPUT'
            Id:  'account1_1'
            Name:  'account1'
            ---&gt; System.Runtime.InteropServices.COMException: Exception from HRESULT: 0xF004F002
            at Microsoft.VisualStudio.TestTools.UITest.Playback.Engine.IScreenElement.MouseButtonClick(Int32 x, Int32 y, Int32 nButton, Int32 fEnsureVisible, String bstrKeyModifiers)
            at Microsoft.VisualStudio.TestTools.UITest.Playback.ScreenElement.MouseButtonClick(Int32 x, Int32 y, MouseButtons button, ModifierKeys modifierKeys, Int32 ensureVisible)
            at Microsoft.VisualStudio.TestTools.UITesting.UITestControl.Click(MouseButtons button, ModifierKeys modifierKeys, Point relativeCoordinates)
            --- End of inner exception stack trace ---
            at Microsoft.VisualStudio.TestTools.UITesting.Playback.MapAndThrowComException(COMException innerException, IPlaybackContext context)
            at Microsoft.VisualStudio.TestTools.UITesting.Playback.MapAndThrowException(SystemException exception, IPlaybackContext context)
            at Microsoft.VisualStudio.TestTools.UITesting.Playback.MapAndThrowException(SystemException exception, String actionName, UITestControl uiControl, Point point)
            at Microsoft.VisualStudio.TestTools.UITesting.UITestControl.Click(MouseButtons button, ModifierKeys modifierKeys, Point relativeCoordinates)
            at Microsoft.VisualStudio.TestTools.UITesting.UITestActionExecutorCore.Click(UITestControl control, MouseButtons button, ModifierKeys modifierKeys, Point relativeCoordinate)
            at Microsoft.VisualStudio.TestTools.UITesting.Mouse.ClickImplementation(UITestControl control, MouseButtons button, ModifierKeys modifierKeys, Point relativeCoordinate)
            at Microsoft.VisualStudio.TestTools.UITesting.Mouse.&lt;&gt;c__DisplayClass6.&lt;Click&gt;b__5()
            at Microsoft.VisualStudio.TestTools.UITesting.CodedUITestMethodInvoker.InvokeMethod[T](Func`1 function, UITestControl control, Boolean firePlaybackErrorEvent, Boolean logAsAction)
            at Microsoft.VisualStudio.TestTools.UITesting.Mouse.Click(UITestControl control, MouseButtons button, ModifierKeys modifierKeys, Point relativeCoordinate)
            at Microsoft.VisualStudio.TestTools.UITesting.Mouse.Click(UITestControl control)
            at TestAuto.LoggingAndSharedGenericMethods.MouseClick(UITestControl uiMenuItemTestControl) in c:\Builds\1\WebSphere\QATestAutomation\src\CodedUITest\SourceCode\Common\Logging\SharedMethods_Generic.cs:line 785,
            StackTrace:
            MouseClick(),SharedMethods_Generic.cs,Line Number:822
            FillCreditCardDetails(),SharedCheckoutCreditCard.cs,Line Number:560
            CommonWorkflowComplete(),SharedApplicationCommon.cs,Line Number:1978
            CommonWorkflowComplete(),SharedApplicationCommon.cs,Line Number:2059
            CreditCardCheckoutGiftCardPartialPayment(),CheckoutCreditCard.cs,Line Number:1918
          </Message>
          <Message>[5/9/2018 9:13:23 PM]&lt;CaptureImage&gt;\\CMP01-YKumar\AutoLog\CMP01-INDIASQA\CreditCardCheckoutGiftCardPartialPayment_20180509211323.png</Message>
          <Message>
            Assert.Fail failed. [5/9/2018 9:13:26 PM]&lt;ERROR&gt;FillCreditCardDetails : failed executing ...Cannot perform 'SetProperty of Text with value "4111111111111111"' on the control. Additional Details:
            TechnologyName:  'Web'
            ControlType:  'Edit'
            TagName:  'INPUT'
            Id:  'account1_1'
            Name:  'account1'
            ,
            StackTrace:
            FillCreditCardDetails(),SharedCheckoutCreditCard.cs,Line Number:570
            CommonWorkflowComplete(),SharedApplicationCommon.cs,Line Number:1978
            CommonWorkflowComplete(),SharedApplicationCommon.cs,Line Number:2059
            CreditCardCheckoutGiftCardPartialPayment(),CheckoutCreditCard.cs,Line Number:1918
          </Message>
          <Message>[5/9/2018 9:13:26 PM]&lt;CaptureImage&gt;\\CMP01-YKumar\AutoLog\CMP01-INDIASQA\CreditCardCheckoutGiftCardPartialPayment_20180509211326.png</Message>
          <Message>[5/9/2018 9:13:26 PM]&lt;INFO&gt;ClickReviewOrder : method executing</Message>
          <Message>[5/9/2018 9:13:26 PM]&lt;INFO&gt;CheckoutCreditCardShippingAndBillingControls : method executing</Message>
          <Message>[5/9/2018 9:13:26 PM]&lt;Info&gt;AllBrowserWindow : Locating browser window...</Message>
          <Message>
            Assert.Fail failed. [5/9/2018 9:13:31 PM]&lt;ERROR&gt;ClickReviewOrder : failed executing ...Cannot perform 'Click' on the hidden control. Additional Details:
            TechnologyName:  'Web'
            ControlType:  'Hyperlink'
            TagName:  'A'
            Id:  'shippingBillingPageNextPrepareCall'
            Name:  ''
            Target:  ''
            InnerText:  'Review Order'
            ,
            StackTrace:
            ClickReviewOrder(),SharedCheckoutCreditCard.cs,Line Number:605
            CommonWorkflowComplete(),SharedApplicationCommon.cs,Line Number:1996
            CommonWorkflowComplete(),SharedApplicationCommon.cs,Line Number:2059
            CreditCardCheckoutGiftCardPartialPayment(),CheckoutCreditCard.cs,Line Number:1918
          </Message>
          <Message>[5/9/2018 9:13:32 PM]&lt;CaptureImage&gt;\\CMP01-YKumar\AutoLog\CMP01-INDIASQA\CreditCardCheckoutGiftCardPartialPayment_20180509211331.png</Message>
          <Message>[5/9/2018 9:13:37 PM]&lt;Info&gt;AllBrowserWindow : Locating browser window...</Message>
          <Message>[5/9/2018 9:13:37 PM]&lt;PASS&gt;&lt;CreditCardCheckoutGiftCardPartialPayment&gt;&lt;Edit Address button exists&gt;</Message>
          <Message>
            Assert.Fail failed. [5/9/2018 9:13:38 PM]&lt;Error&gt;CreditCardCheckoutGiftCardPartialPayment : failed executing ...Index was out of range. Must be non-negative and less than the size of the collection.
            Parameter name: index,
            StackTrace:
            CreditCardCheckoutGiftCardPartialPayment(),CheckoutCreditCard.cs,Line Number:1971
          </Message>
          <Message>[5/9/2018 9:13:38 PM]&lt;CaptureImage&gt;\\CMP01-YKumar\AutoLog\CMP01-INDIASQA\CreditCardCheckoutGiftCardPartialPayment_20180509211338.png</Message>
          <Message>[5/9/2018 9:13:38 PM]&lt;RESULT&gt;Test Ended:#PASS=2, #FAIL=1,#Other errors=5</Message>
          <Message>[5/9/2018 9:13:39 PM]&lt;INFO&gt;LogCPUAndMemoryUsage: Available Memory = 24128(MB), CPU Usage = 5.223942%</Message>
          <Message>[5/9/2018 9:13:39 PM]&lt;INFO&gt;Private Working Set for QTAgent32_40, usage=442624 (K)</Message>
          <Message>
            [5/9/2018 9:13:39 PM]&lt;RESULT&gt;&lt;CreditCardCheckoutGiftCardPartialPayment&gt; Test FAILED: Actual #FAIL=1, #Expected FAIL=0
            #Other errors=5. See Error Message/logs for further details.
          </Message>
        </TextMessages>
      </Output>
      <ResultFiles>
        <ResultFile path="CMP01-INDIASQA.horizonhobby.com\CheckoutCreditCard_211045.xml" />
        <ResultFile path="CMP01-INDIASQA.horizonhobby.com\CreditCardCheckoutGiftCardPartialPayment_20180509211045.log" />
        <ResultFile path="CMP01-INDIASQA.horizonhobby.com\CreditCardCheckoutGiftCardPartialPayment_20180509211306.png" />
        <ResultFile path="CMP01-INDIASQA.horizonhobby.com\CreditCardCheckoutGiftCardPartialPayment_20180509211316.png" />
        <ResultFile path="CMP01-INDIASQA.horizonhobby.com\CreditCardCheckoutGiftCardPartialPayment_20180509211323.png" />
        <ResultFile path="CMP01-INDIASQA.horizonhobby.com\CreditCardCheckoutGiftCardPartialPayment_20180509211326.png" />
        <ResultFile path="CMP01-INDIASQA.horizonhobby.com\CreditCardCheckoutGiftCardPartialPayment_20180509211331.png" />
        <ResultFile path="CMP01-INDIASQA.horizonhobby.com\CreditCardCheckoutGiftCardPartialPayment_20180509211338.png" />
        <ResultFile path="CMP01-INDIASQA.horizonhobby.com\CreditCardCheckoutGiftCardPartialPayment_ResultsONLY_20180509211045.log" />
        <ResultFile path="CMP01-INDIASQA.horizonhobby.com\SharedCommonConfig.xml" />
      </ResultFiles>
    </UnitTestResult>
    <UnitTestResult executionId="baa69111-0b84-4c5d-b960-6115adc53399" testId="07deec64-ce5f-2c64-b98a-bff200f28788" testName="CheckoutCommonBillingAddressEntryRequiredFileds" computerName="CMP01-INDIASQA" duration="00:05:38.8810909" startTime="2018-05-09T21:13:41.4578797-05:00" endTime="2018-05-09T21:19:20.3998797-05:00" testType="13cdc9d9-ddb5-4fa4-a97d-d965ccfc6d4b" outcome="Failed" testListId="8c84fa94-04c1-424b-9868-57a2d4851a1d" relativeResultsDirectory="baa69111-0b84-4c5d-b960-6115adc53399">
      <Output>
        <StdOut>Logging to custom path:\\CMP01-YKumar\AutoLog</StdOut>
        <ErrorInfo>
          <Message>
            Assert.Fail failed.
            #Other errors=1
            [Error details below]
          </Message>
          <StackTrace>
            at TestAuto.LoggingAndSharedGenericMethods.EndTest() in c:\Builds\1\WebSphere\QATestAutomation\src\CodedUITest\SourceCode\Common\Logging\Logging.cs:line 1628
            at TestAuto.CheckoutCreditCard.TestCleanup() in c:\Builds\1\WebSphere\QATestAutomation\src\CodedUITest\SourceCode\HHobby\Checkout\CheckoutCreditCard.cs:line 4170
          </StackTrace>
        </ErrorInfo>
        <TextMessages>
          <Message>
            [5/9/2018 9:13:41 PM]&lt;STARTLOG&gt;&lt;CheckoutCommonBillingAddressEntryRequiredFileds&gt;Test Started: Expecting: #PASS=Undefined and #FAIL=0
            Running from MTM=True, running on machine name:CMP01-INDIASQA, user name=ykumar, OS=Microsoft Windows NT 6.1.7601 Service Pack 1, Is64BitOS=True
          </Message>
          <Message>[5/9/2018 9:13:42 PM]&lt;INFO&gt;LogCPUAndMemoryUsage: Available Memory = 24153(MB), CPU Usage = 16.23323%</Message>
          <Message>[5/9/2018 9:13:42 PM]&lt;INFO&gt;Private Working Set for QTAgent32_40, usage=434636 (K)</Message>
          <Message>[5/9/2018 9:13:42 PM]&lt;INFO&gt;Path To TestConfig xml=E:\LoadTestResult\VSEQT\QTAgent\26924\CMP01-INDIASQA.horizonhobby.com\Deployment\SharedCommonConfig.xml</Message>
          <Message>[5/9/2018 9:13:42 PM]&lt;INFO&gt;Path To TestData xml=E:\LoadTestResult\VSEQT\QTAgent\26924\CMP01-INDIASQA.horizonhobby.com\Deployment\CheckoutCreditCard_211341.xml</Message>
          <Message>[5/9/2018 9:13:42 PM]&lt;INFO&gt;Path To HorizonHobbyQA Application Url=https://www-tst.horizonhobby.com</Message>
          <Message>[5/9/2018 9:13:42 PM]&lt;INFO&gt;HorizonHobbyQA sql connection string=Server=cmp02-ws-tst-db01:50000;Database=TST01DB;UID=wcdbuser;PWD=h0r1z0n;Connect Timeout=30</Message>
          <Message>[5/9/2018 9:13:42 PM]&lt;INFO&gt;Country is := US and language id is := '-1'</Message>
          <Message>[5/9/2018 9:13:42 PM]&lt;INFO&gt;Current browser used for test execution is = 'IE'</Message>
          <Message>[5/9/2018 9:13:57 PM]&lt;INFO&gt;SearchProductexecuting ... Searching term:= 'heli'</Message>
          <Message>[5/9/2018 9:14:35 PM]&lt;Info&gt;AllBrowserWindow : Locating browser window...</Message>
          <Message>[5/9/2018 9:14:50 PM]&lt;INFO&gt;BackOrderClickexecuting ...</Message>
          <Message>[5/9/2018 9:15:19 PM]&lt;INFO&gt;GoToCartClickexecuting ...</Message>
          <Message>[5/9/2018 9:15:24 PM]&lt;INFO&gt;CheckoutProcessStartShoppingCart : method executing</Message>
          <Message>[5/9/2018 9:15:24 PM]&lt;Info&gt;AllBrowserWindow : Locating browser window...</Message>
          <Message>[5/9/2018 9:15:34 PM]&lt;INFO&gt;CheckoutShoppingCartControls : method executing</Message>
          <Message>[5/9/2018 9:15:34 PM]&lt;Info&gt;AllBrowserWindow : Locating browser window...</Message>
          <Message>[5/9/2018 9:15:50 PM]&lt;Info&gt;AllBrowserWindow : Locating browser window...</Message>
          <Message>[5/9/2018 9:16:02 PM]&lt;PASS&gt;&lt;CheckoutCommonBillingAddressEntryRequiredFileds&gt;&lt;Validate that in Billing Address contains US  &gt;</Message>
          <Message>[5/9/2018 9:16:03 PM]&lt;PASS&gt;&lt;CheckoutCommonBillingAddressEntryRequiredFileds&gt;&lt;Validate that in Billing Address contains US  &gt;</Message>
          <Message>[5/9/2018 9:16:03 PM]&lt;PASS&gt;&lt;CheckoutCommonBillingAddressEntryRequiredFileds&gt;&lt;Validate that in Billing Address contains Canada  &gt;</Message>
          <Message>[5/9/2018 9:16:03 PM]&lt;PASS&gt;&lt;CheckoutCommonBillingAddressEntryRequiredFileds&gt;&lt;Validate that in Shipping Address only One Country  &gt;</Message>
          <Message>[5/9/2018 9:16:03 PM]&lt;PASS&gt;&lt;CheckoutCommonBillingAddressEntryRequiredFileds&gt;&lt;Validate that in Shipping Address contains US  &gt;</Message>
          <Message>[5/9/2018 9:16:03 PM]&lt;PASS&gt;&lt;CheckoutCommonBillingAddressEntryRequiredFileds&gt;&lt;Validate that in Shipping Address Canada doesn't exists  &gt;</Message>
          <Message>[5/9/2018 9:16:03 PM]&lt;INFO&gt;SelectBillingCountryexecuting ...</Message>
          <Message>[5/9/2018 9:16:12 PM]&lt;PASS&gt;&lt;CheckoutCommonBillingAddressEntryRequiredFileds&gt;&lt;Validate that same as Shipping Address isn't enabled when Canada id Billing Country  &gt;</Message>
          <Message>[5/9/2018 9:16:12 PM]&lt;INFO&gt;BillingAndShippingAddressValidationexecuting ...</Message>
          <Message>[5/9/2018 9:16:12 PM]&lt;Info&gt;AllBrowserWindow : Locating browser window...</Message>
          <Message>[5/9/2018 9:16:25 PM]&lt;PASS&gt;&lt;CheckoutCommonBillingAddressEntryRequiredFileds&gt;&lt; Verify the items are same as expected : &gt;</Message>
          <Message>[5/9/2018 9:16:25 PM]&lt;PASS&gt;&lt;BillingAndShippingAddressValidation&gt;&lt;Validates billing address First Name field exists&gt;</Message>
          <Message>[5/9/2018 9:16:26 PM]&lt;PASS&gt;&lt;BillingAndShippingAddressValidation&gt;&lt;Validates billing address Last Name field exists&gt;</Message>
          <Message>[5/9/2018 9:16:26 PM]&lt;PASS&gt;&lt;BillingAndShippingAddressValidation&gt;&lt;Validates billing address Street1 field exists&gt;</Message>
          <Message>[5/9/2018 9:16:26 PM]&lt;PASS&gt;&lt;BillingAndShippingAddressValidation&gt;&lt;Validates billing address Street2 field exists&gt;</Message>
          <Message>[5/9/2018 9:16:26 PM]&lt;PASS&gt;&lt;BillingAndShippingAddressValidation&gt;&lt;Validates billing address City field exists&gt;</Message>
          <Message>[5/9/2018 9:16:27 PM]&lt;PASS&gt;&lt;BillingAndShippingAddressValidation&gt;&lt;Validates billing address State field exists&gt;</Message>
          <Message>[5/9/2018 9:16:27 PM]&lt;PASS&gt;&lt;BillingAndShippingAddressValidation&gt;&lt;Validates billing address Country/Region field exists&gt;</Message>
          <Message>[5/9/2018 9:16:27 PM]&lt;PASS&gt;&lt;BillingAndShippingAddressValidation&gt;&lt;Validates billing address Zip field exists&gt;</Message>
          <Message>[5/9/2018 9:16:28 PM]&lt;PASS&gt;&lt;BillingAndShippingAddressValidation&gt;&lt;Validates billing address Phone field exists&gt;</Message>
          <Message>[5/9/2018 9:16:28 PM]&lt;PASS&gt;&lt;BillingAndShippingAddressValidation&gt;&lt;Validates billing address Email field exists&gt;</Message>
          <Message>[5/9/2018 9:16:39 PM]&lt;PASS&gt;&lt;BillingAndShippingAddressValidation&gt;&lt;Validates billing address First Name field is mandatory&gt;</Message>
          <Message>[5/9/2018 9:16:42 PM]&lt;PASS&gt;&lt;BillingAndShippingAddressValidation&gt;&lt;Validates billing address Last Name field is mandatory&gt;</Message>
          <Message>[5/9/2018 9:16:46 PM]&lt;PASS&gt;&lt;BillingAndShippingAddressValidation&gt;&lt;Validates billing address Street1 field is mandatory&gt;</Message>
          <Message>[5/9/2018 9:16:51 PM]&lt;PASS&gt;&lt;BillingAndShippingAddressValidation&gt;&lt;Validates billing address City field is mandatory&gt;</Message>
          <Message>[5/9/2018 9:16:55 PM]&lt;PASS&gt;&lt;BillingAndShippingAddressValidation&gt;&lt;Validates billing address Zip field is mandatory&gt;</Message>
          <Message>[5/9/2018 9:16:59 PM]&lt;PASS&gt;&lt;BillingAndShippingAddressValidation&gt;&lt;Validates billing address Phone field is mandatory&gt;</Message>
          <Message>[5/9/2018 9:17:04 PM]&lt;PASS&gt;&lt;BillingAndShippingAddressValidation&gt;&lt;Validates billing address Email field is mandatory&gt;</Message>
          <Message>[5/9/2018 9:17:18 PM]&lt;PASS&gt;&lt;BillingAndShippingAddressValidation&gt;&lt;Validates billing address1 Max character length&gt;</Message>
          <Message>[5/9/2018 9:17:18 PM]&lt;PASS&gt;&lt;BillingAndShippingAddressValidation&gt;&lt;Validates billing address2 Max character length&gt;</Message>
          <Message>[5/9/2018 9:17:23 PM]&lt;Info&gt;AllBrowserWindow : Locating browser window...</Message>
          <Message>[5/9/2018 9:17:24 PM]&lt;INFO&gt;FillBillingAndShippingAddressexecuting ...</Message>
          <Message>[5/9/2018 9:17:24 PM]&lt;Info&gt;AllBrowserWindow : Locating browser window...</Message>
          <Message>[5/9/2018 9:17:26 PM]&lt;INFO&gt;SelectBillingCountryexecuting ...</Message>
          <Message>[5/9/2018 9:17:36 PM]&lt;INFO&gt;SelectBillingStateexecuting ...</Message>
          <Message>[5/9/2018 9:17:43 PM]&lt;INFO&gt;SelectShippingCountryexecuting ...</Message>
          <Message>[5/9/2018 9:17:47 PM]&lt;INFO&gt;SelectShippingStateexecuting ...</Message>
          <Message>[5/9/2018 9:18:00 PM]&lt;Info&gt;AllBrowserWindow : Locating browser window...</Message>
          <Message>[5/9/2018 9:18:10 PM]&lt;INFO&gt;UpdateCartQuantity : executing ... :- 3</Message>
          <Message>[5/9/2018 9:18:10 PM]&lt;Info&gt;AllBrowserWindow : Locating browser window...</Message>
          <Message>[5/9/2018 9:18:31 PM]&lt;INFO&gt;CheckoutProcessStartShoppingCart : method executing</Message>
          <Message>[5/9/2018 9:18:32 PM]&lt;Info&gt;AllBrowserWindow : Locating browser window...</Message>
          <Message>[5/9/2018 9:18:39 PM]&lt;INFO&gt;CheckoutShoppingCartControls : method executing</Message>
          <Message>[5/9/2018 9:18:39 PM]&lt;Info&gt;AllBrowserWindow : Locating browser window...</Message>
          <Message>[5/9/2018 9:18:53 PM]&lt;Info&gt;AllBrowserWindow : Locating browser window...</Message>
          <Message>[5/9/2018 9:18:57 PM]&lt;PASS&gt;&lt;CheckoutCommonBillingAddressEntryRequiredFileds&gt;&lt; Validates that no Interrupt Page appears and Shippnig &amp; Billing Method Page appears&gt;</Message>
          <Message>[5/9/2018 9:18:57 PM]&lt;INFO&gt;SelectCheckoutPaymentRadiobutton : method executing</Message>
          <Message>[5/9/2018 9:18:57 PM]&lt;INFO&gt;CheckoutCreditCardShippingAndBillingControls : method executing</Message>
          <Message>[5/9/2018 9:18:57 PM]&lt;Info&gt;AllBrowserWindow : Locating browser window...</Message>
          <Message>[5/9/2018 9:19:08 PM]&lt;PASS&gt;&lt;CheckoutCommonBillingAddressEntryRequiredFileds&gt;&lt; Validates that link for Update Billing Address present&gt;</Message>
          <Message>[5/9/2018 9:19:09 PM]&lt;Info&gt;AllBrowserWindow : Locating browser window...</Message>
          <Message>
            Assert.Fail failed. [5/9/2018 9:19:15 PM]&lt;Error&gt;CheckoutCommonBillingAddressEntryRequiredFileds : failed executing ...The playback failed to find the control with the given search properties. Additional Details:
            TechnologyName:  'Web'
            ControlType:  'ComboBox'
            TagName:  'SELECT'
            Id:  'country'
            Failed to find any control that matched the value country for the search property Id.,
            StackTrace:
            CheckoutCommonBillingAddressEntryRequiredFileds(),CheckoutCreditCard.cs,Line Number:2247
          </Message>
          <Message>[5/9/2018 9:19:15 PM]&lt;CaptureImage&gt;\\CMP01-YKumar\AutoLog\CMP01-INDIASQA\CheckoutCommonBillingAddressEntryRequiredFileds_20180509211915.png</Message>
          <Message>[5/9/2018 9:19:15 PM]&lt;RESULT&gt;Test Ended:#PASS=29, #FAIL=0,#Other errors=1</Message>
          <Message>[5/9/2018 9:19:16 PM]&lt;INFO&gt;LogCPUAndMemoryUsage: Available Memory = 23951(MB), CPU Usage = 1.622747%</Message>
          <Message>[5/9/2018 9:19:16 PM]&lt;INFO&gt;Private Working Set for QTAgent32_40, usage=443716 (K)</Message>
          <Message>[5/9/2018 9:19:16 PM]&lt;RESULT&gt;&lt;CheckoutCommonBillingAddressEntryRequiredFileds&gt; Test FAILED: #Other errors=1. See Error Message/logs for further details.</Message>
        </TextMessages>
      </Output>
      <ResultFiles>
        <ResultFile path="CMP01-INDIASQA.horizonhobby.com\CheckoutCommonBillingAddressEntryRequiredFileds_20180509211341.log" />
        <ResultFile path="CMP01-INDIASQA.horizonhobby.com\CheckoutCommonBillingAddressEntryRequiredFileds_20180509211915.png" />
        <ResultFile path="CMP01-INDIASQA.horizonhobby.com\CheckoutCommonBillingAddressEntryRequiredFileds_ResultsONLY_20180509211341.log" />
        <ResultFile path="CMP01-INDIASQA.horizonhobby.com\CheckoutCreditCard_211341.xml" />
        <ResultFile path="CMP01-INDIASQA.horizonhobby.com\SharedCommonConfig.xml" />
      </ResultFiles>
    </UnitTestResult>
    <UnitTestResult executionId="f39e4caa-b51c-41c1-8357-1db604d8ba98" testId="2c9be1ad-0cf0-411a-549f-8fa239e7a1b9" testName="CheckoutGiftCardRemoveOrderTotalAdjustBack" computerName="CMP01-INDIASQA" duration="00:04:02.3486820" startTime="2018-05-09T21:19:20.4028797-05:00" endTime="2018-05-09T21:23:22.8028797-05:00" testType="13cdc9d9-ddb5-4fa4-a97d-d965ccfc6d4b" outcome="Failed" testListId="8c84fa94-04c1-424b-9868-57a2d4851a1d" relativeResultsDirectory="f39e4caa-b51c-41c1-8357-1db604d8ba98">
      <Output>
        <StdOut>Logging to custom path:\\CMP01-YKumar\AutoLog</StdOut>
        <ErrorInfo>
          <Message>
            Assert.Fail failed.
            Actual #FAIL=1, #Expected FAIL=0
            [Error details below]
          </Message>
          <StackTrace>
            at TestAuto.LoggingAndSharedGenericMethods.EndTest() in c:\Builds\1\WebSphere\QATestAutomation\src\CodedUITest\SourceCode\Common\Logging\Logging.cs:line 1628
            at TestAuto.HHBvtSmokeTest.TestCleanup() in c:\Builds\1\WebSphere\QATestAutomation\src\CodedUITest\SourceCode\HHobby\Checkout\CheckoutCommon.cs:line 4805
          </StackTrace>
        </ErrorInfo>
        <TextMessages>
          <Message>
            [5/9/2018 9:19:20 PM]&lt;STARTLOG&gt;&lt;CheckoutGiftCardRemoveOrderTotalAdjustBack&gt;Test Started: Expecting: #PASS=Undefined and #FAIL=0
            Running from MTM=True, running on machine name:CMP01-INDIASQA, user name=ykumar, OS=Microsoft Windows NT 6.1.7601 Service Pack 1, Is64BitOS=True
          </Message>
          <Message>[5/9/2018 9:19:21 PM]&lt;INFO&gt;LogCPUAndMemoryUsage: Available Memory = 24068(MB), CPU Usage = 4.802539%</Message>
          <Message>[5/9/2018 9:19:21 PM]&lt;INFO&gt;Private Working Set for QTAgent32_40, usage=443960 (K)</Message>
          <Message>[5/9/2018 9:19:21 PM]&lt;INFO&gt;Path To TestConfig xml=E:\LoadTestResult\VSEQT\QTAgent\26924\CMP01-INDIASQA.horizonhobby.com\Deployment\SharedCommonConfig.xml</Message>
          <Message>[5/9/2018 9:19:21 PM]&lt;INFO&gt;Path To TestData xml=E:\LoadTestResult\VSEQT\QTAgent\26924\CMP01-INDIASQA.horizonhobby.com\Deployment\CheckoutCommonTestData_211920.xml</Message>
          <Message>[5/9/2018 9:19:21 PM]&lt;INFO&gt;Path To HorizonHobbyQA Application Url=https://www-tst.horizonhobby.com</Message>
          <Message>[5/9/2018 9:19:21 PM]&lt;INFO&gt;HorizonHobbyQA sql connection string=Server=cmp02-ws-tst-db01:50000;Database=TST01DB;UID=wcdbuser;PWD=h0r1z0n;Connect Timeout=30</Message>
          <Message>[5/9/2018 9:19:21 PM]&lt;INFO&gt;Country is := US and language id is := '-1'</Message>
          <Message>[5/9/2018 9:19:21 PM]&lt;INFO&gt;Current browser used for test execution is = 'IE'</Message>
          <Message>[5/9/2018 9:19:21 PM]&lt;INFO&gt;GenerateGiftCard : method executing...</Message>
          <Message>[5/9/2018 9:19:21 PM]&lt;INFO&gt;LaunchCustomBrowserWindow : method executing ...</Message>
          <Message>[5/9/2018 9:19:24 PM]&lt;INFO&gt;SurveyWindow : method executing ...</Message>
          <Message>[5/9/2018 9:19:27 PM]&lt;PASS&gt;&lt;GenerateGiftCard&gt;&lt; Validates that a new Gift Card Number generated successfully&gt;</Message>
          <Message>[5/9/2018 9:19:36 PM]&lt;INFO&gt;SearchProductexecuting ... Searching term:= 'EVO716037'</Message>
          <Message>[5/9/2018 9:19:43 PM]&lt;Info&gt;AllBrowserWindow : Locating browser window...</Message>
          <Message>[5/9/2018 9:19:43 PM]&lt;INFO&gt;BackOrderClickexecuting ...</Message>
          <Message>[5/9/2018 9:19:47 PM]&lt;INFO&gt;GoToCartClickexecuting ...</Message>
          <Message>[5/9/2018 9:19:58 PM]&lt;INFO&gt;ClickCheckoutButtonBottomexecuting ...</Message>
          <Message>[5/9/2018 9:19:58 PM]&lt;Info&gt;AllBrowserWindow : Locating browser window...</Message>
          <Message>[5/9/2018 9:20:07 PM]&lt;INFO&gt;ContinueAsGuestCheckoutButtonexecuting ...</Message>
          <Message>[5/9/2018 9:20:07 PM]&lt;Info&gt;AllBrowserWindow : Locating browser window...</Message>
          <Message>[5/9/2018 9:20:17 PM]&lt;INFO&gt;FillBillingAndShippingAddressexecuting ...</Message>
          <Message>[5/9/2018 9:20:17 PM]&lt;Info&gt;AllBrowserWindow : Locating browser window...</Message>
          <Message>[5/9/2018 9:20:23 PM]&lt;INFO&gt;SelectBillingCountryexecuting ...</Message>
          <Message>[5/9/2018 9:20:30 PM]&lt;INFO&gt;SelectBillingStateexecuting ...</Message>
          <Message>[5/9/2018 9:20:44 PM]&lt;INFO&gt;SelectShippingCountryexecuting ...</Message>
          <Message>[5/9/2018 9:20:49 PM]&lt;INFO&gt;SelectShippingStateexecuting ...</Message>
          <Message>[5/9/2018 9:20:56 PM]&lt;Info&gt;AllBrowserWindow : Locating browser window...</Message>
          <Message>[5/9/2018 9:21:07 PM]&lt;INFO&gt;ApplyGiftCard : method executing... -&gt; '8018525017391771932'</Message>
          <Message>[5/9/2018 9:21:07 PM]&lt;Info&gt;AllBrowserWindow : Locating browser window...</Message>
          <Message>[5/9/2018 9:21:22 PM]&lt;PASS&gt;&lt;CheckoutGiftCardRemoveOrderTotalAdjustBack&gt;&lt;Validate that Gift Card applied successfully&gt;</Message>
          <Message>[5/9/2018 9:21:22 PM]&lt;PASS&gt;&lt;CheckoutGiftCardRemoveOrderTotalAdjustBack&gt;&lt;Validate that Card amount should deduct from total order with GiftCard amount&gt;</Message>
          <Message>[5/9/2018 9:21:22 PM]&lt;INFO&gt;ApplyGiftCard : method executing... -&gt; '8018525017391771932'</Message>
          <Message>[5/9/2018 9:21:22 PM]&lt;Info&gt;AllBrowserWindow : Locating browser window...</Message>
          <Message>[5/9/2018 9:21:36 PM]&lt;PASS&gt;&lt;CheckoutGiftCardRemoveOrderTotalAdjustBack&gt;&lt;Validate that Gift Card already applied message is displayed&gt;</Message>
          <Message>[5/9/2018 9:21:36 PM]&lt;INFO&gt;ApplyGiftCard : method executing... -&gt; '8018525641237478905'</Message>
          <Message>[5/9/2018 9:21:36 PM]&lt;Info&gt;AllBrowserWindow : Locating browser window...</Message>
          <Message>[5/9/2018 9:21:45 PM]&lt;PASS&gt;&lt;CheckoutGiftCardRemoveOrderTotalAdjustBack&gt;&lt;Validate that second Gift Card applied successfully&gt;</Message>
          <Message>[5/9/2018 9:21:45 PM]&lt;Info&gt;AllBrowserWindow : Locating browser window...</Message>
          <Message>[5/9/2018 9:21:51 PM]&lt;PASS&gt;&lt;CheckoutGiftCardRemoveOrderTotalAdjustBack&gt;&lt;Validate that Gift Card removed successfully&gt;</Message>
          <Message>[5/9/2018 9:21:51 PM]&lt;PASS&gt;&lt;CheckoutGiftCardRemoveOrderTotalAdjustBack&gt;&lt;Validate Money used from remaining gift card should not be updated&gt;</Message>
          <Message>[5/9/2018 9:21:51 PM]&lt;Info&gt;AllBrowserWindow : Locating browser window...</Message>
          <Message>[5/9/2018 9:21:57 PM]&lt;PASS&gt;&lt;CheckoutGiftCardRemoveOrderTotalAdjustBack&gt;&lt;Validate that second Gift Card removed successfully&gt;</Message>
          <Message>[5/9/2018 9:21:57 PM]&lt;PASS&gt;&lt;CheckoutGiftCardRemoveOrderTotalAdjustBack&gt;&lt;Validate that order total should be updated without any gift cards applied&gt;</Message>
          <Message>[5/9/2018 9:21:57 PM]&lt;INFO&gt;ApplyGiftCard : method executing... -&gt; '8018525641237478905'</Message>
          <Message>[5/9/2018 9:21:57 PM]&lt;Info&gt;AllBrowserWindow : Locating browser window...</Message>
          <Message>[5/9/2018 9:22:05 PM]&lt;PASS&gt;&lt;CheckoutGiftCardRemoveOrderTotalAdjustBack&gt;&lt;Validate that Gift Card applied successfully&gt;</Message>
          <Message>[5/9/2018 9:22:06 PM]&lt;PASS&gt;&lt;CheckoutGiftCardRemoveOrderTotalAdjustBack&gt;&lt;Validate that Remaining becomes $ 0.00&gt;</Message>
          <Message>[5/9/2018 9:22:06 PM]&lt;PASS&gt;&lt;CheckoutGiftCardRemoveOrderTotalAdjustBack&gt;&lt;Validate that user is unable to add gift card number or apply any more gift card&gt;</Message>
          <Message>[5/9/2018 9:22:06 PM]&lt;Info&gt;AllBrowserWindow : Locating browser window...</Message>
          <Message>[5/9/2018 9:22:11 PM]&lt;INFO&gt;ApplyGiftCard : method executing... -&gt; '8018525641237478905'</Message>
          <Message>[5/9/2018 9:22:12 PM]&lt;Info&gt;AllBrowserWindow : Locating browser window...</Message>
          <Message>[5/9/2018 9:22:20 PM]&lt;PASS&gt;&lt;CheckoutGiftCardRemoveOrderTotalAdjustBack&gt;&lt;Validate that Remaining becomes $ 0.00&gt;</Message>
          <Message>[5/9/2018 9:22:20 PM]&lt;PASS&gt;&lt;CheckoutGiftCardRemoveOrderTotalAdjustBack&gt;&lt;Validates gift card is applied and reflected in summary order table.&gt;</Message>
          <Message>[5/9/2018 9:22:20 PM]&lt;Info&gt;AllBrowserWindow : Locating browser window...</Message>
          <Message>[5/9/2018 9:22:26 PM]&lt;INFO&gt;ApplyGiftCard : method executing... -&gt; '8018525017391771932'</Message>
          <Message>[5/9/2018 9:22:26 PM]&lt;Info&gt;AllBrowserWindow : Locating browser window...</Message>
          <Message>[5/9/2018 9:22:33 PM]&lt;INFO&gt;ApplyGiftCard : method executing... -&gt; '8018525641237478905'</Message>
          <Message>[5/9/2018 9:22:33 PM]&lt;Info&gt;AllBrowserWindow : Locating browser window...</Message>
          <Message>[5/9/2018 9:22:41 PM]&lt;PASS&gt;&lt;CheckoutGiftCardRemoveOrderTotalAdjustBack&gt;&lt;Validates gift card '8018525017391771932' is applied and reflected in summary order table.&gt;</Message>
          <Message>[5/9/2018 9:22:41 PM]&lt;PASS&gt;&lt;CheckoutGiftCardRemoveOrderTotalAdjustBack&gt;&lt;Validates gift card '8018525641237478905' is applied and reflected in summary order table.&gt;</Message>
          <Message>[5/9/2018 9:22:41 PM]&lt;Info&gt;AllBrowserWindow : Locating browser window...</Message>
          <Message>[5/9/2018 9:22:47 PM]&lt;INFO&gt;SelectCheckoutPaymentRadiobutton : method executing</Message>
          <Message>[5/9/2018 9:22:47 PM]&lt;INFO&gt;CheckoutCreditCardShippingAndBillingControls : method executing</Message>
          <Message>[5/9/2018 9:22:47 PM]&lt;Info&gt;AllBrowserWindow : Locating browser window...</Message>
          <Message>[5/9/2018 9:22:56 PM]&lt;INFO&gt;FillCreditCardDetails : method executing</Message>
          <Message>[5/9/2018 9:22:56 PM]&lt;INFO&gt;CheckoutCreditCardShippingAndBillingControls : method executing</Message>
          <Message>[5/9/2018 9:22:56 PM]&lt;Info&gt;AllBrowserWindow : Locating browser window...</Message>
          <Message>[5/9/2018 9:23:03 PM]&lt;INFO&gt;ClickReviewOrder : method executing</Message>
          <Message>[5/9/2018 9:23:03 PM]&lt;INFO&gt;CheckoutCreditCardShippingAndBillingControls : method executing</Message>
          <Message>[5/9/2018 9:23:03 PM]&lt;Info&gt;AllBrowserWindow : Locating browser window...</Message>
          <Message>[5/9/2018 9:23:08 PM]&lt;Info&gt;AllBrowserWindow : Locating browser window...</Message>
          <Message>
            [5/9/2018 9:23:19 PM]&lt;FAIL&gt;&lt;CheckoutGiftCardRemoveOrderTotalAdjustBack&gt;&lt;Validates gift card '8018525017391771932' is applied and reflected in summary order table.&gt;.Assert.AreEqual failed. Expected:&lt;True&gt;. Actual:&lt;False&gt;.
            StackTrace:
            CheckoutGiftCardRemoveOrderTotalAdjustBack(),CheckoutCommon.cs,Line Number:2610
          </Message>
          <Message>[5/9/2018 9:23:19 PM]&lt;CaptureImage&gt;\\CMP01-YKumar\AutoLog\CMP01-INDIASQA\CheckoutGiftCardRemoveOrderTotalAdjustBack_20180509212319.png</Message>
          <Message>[5/9/2018 9:23:19 PM]&lt;RESULT&gt;Test Ended:#PASS=16, #FAIL=1</Message>
          <Message>[5/9/2018 9:23:20 PM]&lt;INFO&gt;LogCPUAndMemoryUsage: Available Memory = 24090(MB), CPU Usage = 3.472435%</Message>
          <Message>[5/9/2018 9:23:20 PM]&lt;INFO&gt;Private Working Set for QTAgent32_40, usage=449792 (K)</Message>
          <Message>[5/9/2018 9:23:20 PM]&lt;RESULT&gt;&lt;CheckoutGiftCardRemoveOrderTotalAdjustBack&gt; Test FAILED: Actual #FAIL=1, #Expected FAIL=0. See Error Message/logs for further details.</Message>
        </TextMessages>
      </Output>
      <ResultFiles>
        <ResultFile path="CMP01-INDIASQA.horizonhobby.com\CheckoutCommonTestData_211920.xml" />
        <ResultFile path="CMP01-INDIASQA.horizonhobby.com\CheckoutGiftCardRemoveOrderTotalAdjustBack_20180509211920.log" />
        <ResultFile path="CMP01-INDIASQA.horizonhobby.com\CheckoutGiftCardRemoveOrderTotalAdjustBack_20180509212319.png" />
        <ResultFile path="CMP01-INDIASQA.horizonhobby.com\CheckoutGiftCardRemoveOrderTotalAdjustBack_ResultsONLY_20180509211920.log" />
        <ResultFile path="CMP01-INDIASQA.horizonhobby.com\SharedCommonConfig.xml" />
      </ResultFiles>
    </UnitTestResult>
    <UnitTestResult executionId="c28b7adb-53a9-47f5-a815-4f9176f212d9" testId="530aa678-6bd0-8140-04e8-766229268431" testName="SearchESpots" computerName="CMP01-INDIASQA" duration="00:00:23.0734799" startTime="2018-05-09T21:23:22.8058797-05:00" endTime="2018-05-09T21:23:45.9088797-05:00" testType="13cdc9d9-ddb5-4fa4-a97d-d965ccfc6d4b" outcome="Passed" testListId="8c84fa94-04c1-424b-9868-57a2d4851a1d" relativeResultsDirectory="c28b7adb-53a9-47f5-a815-4f9176f212d9">
      <Output>
        <StdOut>Logging to custom path:\\CMP01-YKumar\AutoLog</StdOut>
        <TextMessages>
          <Message>
            [5/9/2018 9:23:22 PM]&lt;STARTLOG&gt;&lt;SearchESpots&gt;Test Started: Expecting: #PASS=Undefined and #FAIL=0
            Running from MTM=True, running on machine name:CMP01-INDIASQA, user name=ykumar, OS=Microsoft Windows NT 6.1.7601 Service Pack 1, Is64BitOS=True
          </Message>
          <Message>[5/9/2018 9:23:23 PM]&lt;INFO&gt;LogCPUAndMemoryUsage: Available Memory = 24100(MB), CPU Usage = 23.05146%</Message>
          <Message>[5/9/2018 9:23:23 PM]&lt;INFO&gt;Private Working Set for QTAgent32_40, usage=450032 (K)</Message>
          <Message>[5/9/2018 9:23:23 PM]&lt;INFO&gt;Path To TestConfig xml=E:\LoadTestResult\VSEQT\QTAgent\26924\CMP01-INDIASQA.horizonhobby.com\Deployment\SharedCommonConfig.xml</Message>
          <Message>[5/9/2018 9:23:23 PM]&lt;INFO&gt;Path To TestData xml=E:\LoadTestResult\VSEQT\QTAgent\26924\CMP01-INDIASQA.horizonhobby.com\Deployment\SearchTestData_212322.xml</Message>
          <Message>[5/9/2018 9:23:23 PM]&lt;INFO&gt;Path To HorizonHobbyQA Application Url=https://www-tst.horizonhobby.com</Message>
          <Message>[5/9/2018 9:23:23 PM]&lt;INFO&gt;HorizonHobbyQA sql connection string=Server=cmp02-ws-tst-db01:50000;Database=TST01DB;UID=wcdbuser;PWD=h0r1z0n;Connect Timeout=30</Message>
          <Message>[5/9/2018 9:23:23 PM]&lt;INFO&gt;Country is := US and language id is := '-1'</Message>
          <Message>[5/9/2018 9:23:23 PM]&lt;INFO&gt;Current browser used for test execution is = 'IE'</Message>
          <Message>[5/9/2018 9:23:27 PM]&lt;INFO&gt;SearchProductexecuting ... Searching term:= 'Heli'</Message>
          <Message>[5/9/2018 9:23:34 PM]&lt;Info&gt;AllBrowserWindow : Locating browser window...</Message>
          <Message>[5/9/2018 9:23:37 PM]&lt;PASS&gt;&lt;SearchESpots&gt;&lt; Validate ESpot1 appears in the left side of Search Page &gt;</Message>
          <Message>[5/9/2018 9:23:37 PM]&lt;PASS&gt;&lt;SearchESpots&gt;&lt; Validate ESpot2 appears in the left side of Search Page &gt;</Message>
          <Message>[5/9/2018 9:23:37 PM]&lt;PASS&gt;&lt;SearchESpots&gt;&lt; Validate ESpot3 appears in the left side of Search Page &gt;</Message>
          <Message>[5/9/2018 9:23:37 PM]&lt;PASS&gt;&lt;SearchESpots&gt;&lt; Validate ESpot appears at the bottom of Search Result &gt;</Message>
          <Message>[5/9/2018 9:23:42 PM]&lt;RESULT&gt;Test Ended:#PASS=4, #FAIL=0</Message>
          <Message>[5/9/2018 9:23:43 PM]&lt;INFO&gt;LogCPUAndMemoryUsage: Available Memory = 24213(MB), CPU Usage = 21.6095%</Message>
          <Message>[5/9/2018 9:23:43 PM]&lt;INFO&gt;Private Working Set for QTAgent32_40, usage=433632 (K)</Message>
          <Message>[5/9/2018 9:23:43 PM]&lt;RESULT&gt;&lt;SearchESpots&gt; Test PASSED</Message>
        </TextMessages>
      </Output>
      <ResultFiles>
        <ResultFile path="CMP01-INDIASQA.horizonhobby.com\SearchESpots_20180509212322.log" />
        <ResultFile path="CMP01-INDIASQA.horizonhobby.com\SearchESpots_ResultsONLY_20180509212322.log" />
        <ResultFile path="CMP01-INDIASQA.horizonhobby.com\SearchTestData_212322.xml" />
        <ResultFile path="CMP01-INDIASQA.horizonhobby.com\SharedCommonConfig.xml" />
      </ResultFiles>
    </UnitTestResult>
    <UnitTestResult executionId="e40d4d4f-d085-402e-b2bb-6089e977c973" testId="fef4e51a-2e20-76e6-5fe5-19ec32216da9" testName="ProductPageCpsiaWarningMessage" computerName="CMP01-INDIASQA" duration="00:00:46.2690586" startTime="2018-05-09T21:23:45.9108797-05:00" endTime="2018-05-09T21:24:32.2048797-05:00" testType="13cdc9d9-ddb5-4fa4-a97d-d965ccfc6d4b" outcome="Passed" testListId="8c84fa94-04c1-424b-9868-57a2d4851a1d" relativeResultsDirectory="e40d4d4f-d085-402e-b2bb-6089e977c973">
      <Output>
        <StdOut>Logging to custom path:\\CMP01-YKumar\AutoLog</StdOut>
        <TextMessages>
          <Message>
            [5/9/2018 9:23:45 PM]&lt;STARTLOG&gt;&lt;ProductPageCpsiaWarningMessage&gt;Test Started: Expecting: #PASS=Undefined and #FAIL=0
            Running from MTM=True, running on machine name:CMP01-INDIASQA, user name=ykumar, OS=Microsoft Windows NT 6.1.7601 Service Pack 1, Is64BitOS=True
          </Message>
          <Message>[5/9/2018 9:23:46 PM]&lt;INFO&gt;LogCPUAndMemoryUsage: Available Memory = 24340(MB), CPU Usage = 1.080844%</Message>
          <Message>[5/9/2018 9:23:47 PM]&lt;INFO&gt;Private Working Set for QTAgent32_40, usage=433820 (K)</Message>
          <Message>[5/9/2018 9:23:47 PM]&lt;INFO&gt;Path To TestConfig xml=E:\LoadTestResult\VSEQT\QTAgent\26924\CMP01-INDIASQA.horizonhobby.com\Deployment\SharedCommonConfig.xml</Message>
          <Message>[5/9/2018 9:23:47 PM]&lt;INFO&gt;Path To TestData xml=E:\LoadTestResult\VSEQT\QTAgent\26924\CMP01-INDIASQA.horizonhobby.com\Deployment\ProductPageTestData_212345.xml</Message>
          <Message>[5/9/2018 9:23:47 PM]&lt;INFO&gt;Path To HorizonHobbyQA Application Url=https://www-tst.horizonhobby.com</Message>
          <Message>[5/9/2018 9:23:47 PM]&lt;INFO&gt;HorizonHobbyQA sql connection string=Server=cmp02-ws-tst-db01:50000;Database=TST01DB;UID=wcdbuser;PWD=h0r1z0n;Connect Timeout=30</Message>
          <Message>[5/9/2018 9:23:47 PM]&lt;INFO&gt;Country is := US and language id is := '-1'</Message>
          <Message>[5/9/2018 9:23:47 PM]&lt;INFO&gt;Current browser used for test execution is = 'IE'</Message>
          <Message>[5/9/2018 9:23:50 PM]&lt;INFO&gt;SurveyWindow : method executing ...</Message>
          <Message>[5/9/2018 9:23:58 PM]&lt;INFO&gt;GetSearchProductOnAttributeValue executing... </Message>
          <Message>[5/9/2018 9:23:58 PM]&lt;INFO&gt;SearchProductexecuting ... Searching term:= 'VNR15023'</Message>
          <Message>[5/9/2018 9:24:05 PM]&lt;Info&gt;AllBrowserWindow : Locating browser window...</Message>
          <Message>[5/9/2018 9:24:16 PM]&lt;PASS&gt;&lt;ProductPageCpsiaWarningMessage&gt;&lt;CPSIA warning message appears as expected&gt;</Message>
          <Message>[5/9/2018 9:24:20 PM]&lt;INFO&gt;SearchProductexecuting ... Searching term:= 'SAI18069'</Message>
          <Message>[5/9/2018 9:24:25 PM]&lt;Info&gt;AllBrowserWindow : Locating browser window...</Message>
          <Message>[5/9/2018 9:24:29 PM]&lt;PASS&gt;&lt;ProductPageCpsiaWarningMessage&gt;&lt;CPSIA warning message does not appear&gt;</Message>
          <Message>[5/9/2018 9:24:29 PM]&lt;RESULT&gt;Test Ended:#PASS=2, #FAIL=0</Message>
          <Message>[5/9/2018 9:24:30 PM]&lt;INFO&gt;LogCPUAndMemoryUsage: Available Memory = 24164(MB), CPU Usage = 2.986394%</Message>
          <Message>[5/9/2018 9:24:30 PM]&lt;INFO&gt;Private Working Set for QTAgent32_40, usage=435776 (K)</Message>
          <Message>[5/9/2018 9:24:30 PM]&lt;RESULT&gt;&lt;ProductPageCpsiaWarningMessage&gt; Test PASSED</Message>
        </TextMessages>
      </Output>
      <ResultFiles>
        <ResultFile path="CMP01-INDIASQA.horizonhobby.com\ProductPageCpsiaWarningMessage_20180509212345.log" />
        <ResultFile path="CMP01-INDIASQA.horizonhobby.com\ProductPageCpsiaWarningMessage_ResultsONLY_20180509212345.log" />
        <ResultFile path="CMP01-INDIASQA.horizonhobby.com\ProductPageTestData_212345.xml" />
        <ResultFile path="CMP01-INDIASQA.horizonhobby.com\SharedCommonConfig.xml" />
      </ResultFiles>
    </UnitTestResult>
    <UnitTestResult executionId="410265af-63c7-4422-acc9-049d201bc946" testId="352a9fe8-96ef-b8ef-e151-dc69f75a0fdf" testName="PersonalInformationUpdates" computerName="CMP01-INDIASQA" duration="00:08:58.0152264" startTime="2018-05-09T21:24:32.2068797-05:00" endTime="2018-05-09T21:33:30.5328797-05:00" testType="13cdc9d9-ddb5-4fa4-a97d-d965ccfc6d4b" outcome="Passed" testListId="8c84fa94-04c1-424b-9868-57a2d4851a1d" relativeResultsDirectory="410265af-63c7-4422-acc9-049d201bc946">
      <Output>
        <StdOut>Logging to custom path:\\CMP01-YKumar\AutoLog</StdOut>
        <TextMessages>
          <Message>
            [5/9/2018 9:24:32 PM]&lt;STARTLOG&gt;&lt;PersonalInformationUpdates&gt;Test Started: Expecting: #PASS=Undefined and #FAIL=0
            Running from MTM=True, running on machine name:CMP01-INDIASQA, user name=ykumar, OS=Microsoft Windows NT 6.1.7601 Service Pack 1, Is64BitOS=True
          </Message>
          <Message>[5/9/2018 9:24:34 PM]&lt;INFO&gt;LogCPUAndMemoryUsage: Available Memory = 24339(MB), CPU Usage = 10.10443%</Message>
          <Message>[5/9/2018 9:24:34 PM]&lt;INFO&gt;Private Working Set for QTAgent32_40, usage=438736 (K)</Message>
          <Message>[5/9/2018 9:24:35 PM]&lt;INFO&gt;Path To TestConfig xml=E:\LoadTestResult\VSEQT\QTAgent\26924\CMP01-INDIASQA.horizonhobby.com\Deployment\SharedCommonConfig.xml</Message>
          <Message>[5/9/2018 9:24:35 PM]&lt;INFO&gt;Path To TestData xml=E:\LoadTestResult\VSEQT\QTAgent\26924\CMP01-INDIASQA.horizonhobby.com\Deployment\MyAccountTestData_212432.xml</Message>
          <Message>[5/9/2018 9:24:35 PM]&lt;INFO&gt;Path To HorizonHobbyQA Application Url=https://www-tst.horizonhobby.com</Message>
          <Message>[5/9/2018 9:24:35 PM]&lt;INFO&gt;HorizonHobbyQA sql connection string=Server=cmp02-ws-tst-db01:50000;Database=TST01DB;UID=wcdbuser;PWD=h0r1z0n;Connect Timeout=30</Message>
          <Message>[5/9/2018 9:24:35 PM]&lt;INFO&gt;Country is := US and language id is := '-1'</Message>
          <Message>[5/9/2018 9:24:35 PM]&lt;INFO&gt;Current browser used for test execution is = 'IE'</Message>
          <Message>[5/9/2018 9:24:40 PM]&lt;INFO&gt;SurveyWindow : method executing ...</Message>
          <Message>[5/9/2018 9:24:48 PM]&lt;INFO&gt;ContinueOnCertificationErrorClickexecuting ...</Message>
          <Message>[5/9/2018 9:24:48 PM]&lt;Info&gt;DEAllBrowserWindow : Locating browser window...</Message>
          <Message>[5/9/2018 9:24:54 PM]&lt;INFO&gt;ClickAcceptCookiesAgreement : failed executing ...</Message>
          <Message>[5/9/2018 9:25:00 PM]&lt;INFO&gt;UserRegistration : method executing ...</Message>
          <Message>[5/9/2018 9:25:00 PM]&lt;Info&gt;AllBrowserWindow : Locating browser window...</Message>
          <Message>[5/9/2018 9:25:23 PM]&lt;Info&gt;AllBrowserWindow : Locating browser window...</Message>
          <Message>[5/9/2018 9:25:43 PM]&lt;Info&gt;AllBrowserWindow : Locating browser window...</Message>
          <Message>[5/9/2018 9:25:55 PM]&lt;Info&gt;AllBrowserWindow : Locating browser window...</Message>
          <Message>[5/9/2018 9:26:08 PM]&lt;Info&gt;AllBrowserWindow : Locating browser window...</Message>
          <Message>[5/9/2018 9:26:11 PM]&lt;INFO&gt;KeyboardSendKeys method executing...</Message>
          <Message>[5/9/2018 9:26:11 PM]&lt;Info&gt;AllBrowserWindow : Locating browser window...</Message>
          <Message>[5/9/2018 9:26:12 PM]&lt;PASS&gt;&lt;ValidateAccountInformation&gt;&lt; Validate cars/trucks checkbox is True&gt;</Message>
          <Message>[5/9/2018 9:26:12 PM]&lt;PASS&gt;&lt;ValidateAccountInformation&gt;&lt; Validate airplanes checkbox is True&gt;</Message>
          <Message>[5/9/2018 9:26:12 PM]&lt;PASS&gt;&lt;ValidateAccountInformation&gt;&lt;Validate helicopters checkbox is True&gt;</Message>
          <Message>[5/9/2018 9:26:12 PM]&lt;PASS&gt;&lt;ValidateAccountInformation&gt;&lt; Validate boats checkbox is True&gt;</Message>
          <Message>[5/9/2018 9:26:12 PM]&lt;PASS&gt;&lt;ValidateAccountInformation&gt;&lt; Validate years in hobby selected is 1 year or less&gt;</Message>
          <Message>[5/9/2018 9:26:18 PM]&lt;PASS&gt;&lt;ValidateAccountInformation&gt;&lt; Validate experience level selected is Beginner&gt;</Message>
          <Message>[5/9/2018 9:26:18 PM]&lt;Info&gt;AllBrowserWindow : Locating browser window...</Message>
          <Message>[5/9/2018 9:26:20 PM]&lt;Info&gt;AllBrowserWindow : Locating browser window...</Message>
          <Message>[5/9/2018 9:26:21 PM]&lt;Info&gt;AllBrowserWindow : Locating browser window...</Message>
          <Message>[5/9/2018 9:26:21 PM]&lt;Info&gt;AllBrowserWindow : Locating browser window...</Message>
          <Message>[5/9/2018 9:26:21 PM]&lt;Info&gt;AllBrowserWindow : Locating browser window...</Message>
          <Message>[5/9/2018 9:26:24 PM]&lt;Info&gt;AllBrowserWindow : Locating browser window...</Message>
          <Message>[5/9/2018 9:26:37 PM]&lt;Info&gt;AllBrowserWindow : Locating browser window...</Message>
          <Message>[5/9/2018 9:26:37 PM]&lt;INFO&gt;HHLogin method executing ...</Message>
          <Message>[5/9/2018 9:26:38 PM]&lt;Info&gt;AllBrowserWindow : Locating browser window...</Message>
          <Message>[5/9/2018 9:26:45 PM]&lt;Info&gt;AllBrowserWindow : Locating browser window...</Message>
          <Message>[5/9/2018 9:26:49 PM]&lt;Info&gt;AllBrowserWindow : Locating browser window...</Message>
          <Message>[5/9/2018 9:26:50 PM]&lt;INFO&gt;KeyboardSendKeys method executing...</Message>
          <Message>[5/9/2018 9:26:55 PM]&lt;Info&gt;AllBrowserWindow : Locating browser window...</Message>
          <Message>[5/9/2018 9:26:55 PM]&lt;PASS&gt;&lt;ValidateAccountInformation&gt;&lt; Validate cars/trucks checkbox is False&gt;</Message>
          <Message>[5/9/2018 9:26:56 PM]&lt;PASS&gt;&lt;ValidateAccountInformation&gt;&lt; Validate airplanes checkbox is True&gt;</Message>
          <Message>[5/9/2018 9:26:56 PM]&lt;PASS&gt;&lt;ValidateAccountInformation&gt;&lt;Validate helicopters checkbox is True&gt;</Message>
          <Message>[5/9/2018 9:26:56 PM]&lt;PASS&gt;&lt;ValidateAccountInformation&gt;&lt; Validate boats checkbox is False&gt;</Message>
          <Message>[5/9/2018 9:26:56 PM]&lt;PASS&gt;&lt;ValidateAccountInformation&gt;&lt; Validate years in hobby selected is 30 years or more&gt;</Message>
          <Message>[5/9/2018 9:27:01 PM]&lt;PASS&gt;&lt;ValidateAccountInformation&gt;&lt; Validate experience level selected is Professional&gt;</Message>
          <Message>[5/9/2018 9:27:01 PM]&lt;INFO&gt;DeleteWishlistFromDatabase : method executing</Message>
          <Message>[5/9/2018 9:27:39 PM]&lt;INFO&gt;SurveyWindow : method executing ...</Message>
          <Message>[5/9/2018 9:27:47 PM]&lt;INFO&gt;ContinueOnCertificationErrorClickexecuting ...</Message>
          <Message>[5/9/2018 9:27:47 PM]&lt;Info&gt;DEAllBrowserWindow : Locating browser window...</Message>
          <Message>[5/9/2018 9:27:54 PM]&lt;INFO&gt;UserRegistration : method executing ...</Message>
          <Message>[5/9/2018 9:27:54 PM]&lt;Info&gt;AllBrowserWindow : Locating browser window...</Message>
          <Message>[5/9/2018 9:28:22 PM]&lt;Info&gt;AllBrowserWindow : Locating browser window...</Message>
          <Message>[5/9/2018 9:28:41 PM]&lt;Info&gt;AllBrowserWindow : Locating browser window...</Message>
          <Message>[5/9/2018 9:28:53 PM]&lt;Info&gt;AllBrowserWindow : Locating browser window...</Message>
          <Message>[5/9/2018 9:29:05 PM]&lt;Info&gt;AllBrowserWindow : Locating browser window...</Message>
          <Message>[5/9/2018 9:29:08 PM]&lt;INFO&gt;KeyboardSendKeys method executing...</Message>
          <Message>[5/9/2018 9:29:08 PM]&lt;Info&gt;AllBrowserWindow : Locating browser window...</Message>
          <Message>[5/9/2018 9:29:09 PM]&lt;PASS&gt;&lt;ValidateAccountInformation&gt;&lt; Validate cars/trucks checkbox is False&gt;</Message>
          <Message>[5/9/2018 9:29:09 PM]&lt;PASS&gt;&lt;ValidateAccountInformation&gt;&lt; Validate airplanes checkbox is False&gt;</Message>
          <Message>[5/9/2018 9:29:09 PM]&lt;PASS&gt;&lt;ValidateAccountInformation&gt;&lt;Validate helicopters checkbox is False&gt;</Message>
          <Message>[5/9/2018 9:29:09 PM]&lt;PASS&gt;&lt;ValidateAccountInformation&gt;&lt; Validate boats checkbox is False&gt;</Message>
          <Message>[5/9/2018 9:29:09 PM]&lt;PASS&gt;&lt;ValidateAccountInformation&gt;&lt; Validate years in hobby selected is 1-3 years&gt;</Message>
          <Message>[5/9/2018 9:29:14 PM]&lt;PASS&gt;&lt;ValidateAccountInformation&gt;&lt; Validate experience level selected is Intermediate&gt;</Message>
          <Message>[5/9/2018 9:29:14 PM]&lt;Info&gt;AllBrowserWindow : Locating browser window...</Message>
          <Message>[5/9/2018 9:29:19 PM]&lt;Info&gt;AllBrowserWindow : Locating browser window...</Message>
          <Message>[5/9/2018 9:29:20 PM]&lt;Info&gt;AllBrowserWindow : Locating browser window...</Message>
          <Message>[5/9/2018 9:29:21 PM]&lt;Info&gt;AllBrowserWindow : Locating browser window...</Message>
          <Message>[5/9/2018 9:29:26 PM]&lt;Info&gt;AllBrowserWindow : Locating browser window...</Message>
          <Message>[5/9/2018 9:29:28 PM]&lt;Info&gt;AllBrowserWindow : Locating browser window...</Message>
          <Message>[5/9/2018 9:29:41 PM]&lt;Info&gt;AllBrowserWindow : Locating browser window...</Message>
          <Message>[5/9/2018 9:29:42 PM]&lt;INFO&gt;HHLogin method executing ...</Message>
          <Message>[5/9/2018 9:29:42 PM]&lt;Info&gt;AllBrowserWindow : Locating browser window...</Message>
          <Message>[5/9/2018 9:29:48 PM]&lt;Info&gt;AllBrowserWindow : Locating browser window...</Message>
          <Message>[5/9/2018 9:29:52 PM]&lt;Info&gt;AllBrowserWindow : Locating browser window...</Message>
          <Message>[5/9/2018 9:29:53 PM]&lt;INFO&gt;KeyboardSendKeys method executing...</Message>
          <Message>[5/9/2018 9:29:58 PM]&lt;Info&gt;AllBrowserWindow : Locating browser window...</Message>
          <Message>[5/9/2018 9:29:58 PM]&lt;PASS&gt;&lt;ValidateAccountInformation&gt;&lt; Validate cars/trucks checkbox is False&gt;</Message>
          <Message>[5/9/2018 9:29:59 PM]&lt;PASS&gt;&lt;ValidateAccountInformation&gt;&lt; Validate airplanes checkbox is True&gt;</Message>
          <Message>[5/9/2018 9:29:59 PM]&lt;PASS&gt;&lt;ValidateAccountInformation&gt;&lt;Validate helicopters checkbox is True&gt;</Message>
          <Message>[5/9/2018 9:29:59 PM]&lt;PASS&gt;&lt;ValidateAccountInformation&gt;&lt; Validate boats checkbox is False&gt;</Message>
          <Message>[5/9/2018 9:29:59 PM]&lt;PASS&gt;&lt;ValidateAccountInformation&gt;&lt; Validate years in hobby selected is 21-29 years&gt;</Message>
          <Message>[5/9/2018 9:30:04 PM]&lt;PASS&gt;&lt;ValidateAccountInformation&gt;&lt; Validate experience level selected is Advanced&gt;</Message>
          <Message>[5/9/2018 9:30:04 PM]&lt;INFO&gt;DeleteWishlistFromDatabase : method executing</Message>
          <Message>[5/9/2018 9:30:42 PM]&lt;INFO&gt;SurveyWindow : method executing ...</Message>
          <Message>[5/9/2018 9:30:50 PM]&lt;INFO&gt;ContinueOnCertificationErrorClickexecuting ...</Message>
          <Message>[5/9/2018 9:30:50 PM]&lt;Info&gt;DEAllBrowserWindow : Locating browser window...</Message>
          <Message>[5/9/2018 9:30:57 PM]&lt;INFO&gt;UserRegistration : method executing ...</Message>
          <Message>[5/9/2018 9:30:57 PM]&lt;Info&gt;AllBrowserWindow : Locating browser window...</Message>
          <Message>[5/9/2018 9:31:21 PM]&lt;Info&gt;AllBrowserWindow : Locating browser window...</Message>
          <Message>[5/9/2018 9:31:40 PM]&lt;Info&gt;AllBrowserWindow : Locating browser window...</Message>
          <Message>[5/9/2018 9:31:51 PM]&lt;Info&gt;AllBrowserWindow : Locating browser window...</Message>
          <Message>[5/9/2018 9:32:05 PM]&lt;Info&gt;AllBrowserWindow : Locating browser window...</Message>
          <Message>[5/9/2018 9:32:07 PM]&lt;INFO&gt;KeyboardSendKeys method executing...</Message>
          <Message>[5/9/2018 9:32:08 PM]&lt;Info&gt;AllBrowserWindow : Locating browser window...</Message>
          <Message>[5/9/2018 9:32:08 PM]&lt;PASS&gt;&lt;ValidateAccountInformation&gt;&lt; Validate cars/trucks checkbox is False&gt;</Message>
          <Message>[5/9/2018 9:32:08 PM]&lt;PASS&gt;&lt;ValidateAccountInformation&gt;&lt; Validate airplanes checkbox is True&gt;</Message>
          <Message>[5/9/2018 9:32:08 PM]&lt;PASS&gt;&lt;ValidateAccountInformation&gt;&lt;Validate helicopters checkbox is True&gt;</Message>
          <Message>[5/9/2018 9:32:08 PM]&lt;PASS&gt;&lt;ValidateAccountInformation&gt;&lt; Validate boats checkbox is False&gt;</Message>
          <Message>[5/9/2018 9:32:09 PM]&lt;PASS&gt;&lt;ValidateAccountInformation&gt;&lt; Validate years in hobby selected is 4-10 years&gt;</Message>
          <Message>[5/9/2018 9:32:14 PM]&lt;PASS&gt;&lt;ValidateAccountInformation&gt;&lt; Validate experience level selected is Recreational&gt;</Message>
          <Message>[5/9/2018 9:32:14 PM]&lt;Info&gt;AllBrowserWindow : Locating browser window...</Message>
          <Message>[5/9/2018 9:32:16 PM]&lt;Info&gt;AllBrowserWindow : Locating browser window...</Message>
          <Message>[5/9/2018 9:32:16 PM]&lt;Info&gt;AllBrowserWindow : Locating browser window...</Message>
          <Message>[5/9/2018 9:32:17 PM]&lt;Info&gt;AllBrowserWindow : Locating browser window...</Message>
          <Message>[5/9/2018 9:32:17 PM]&lt;Info&gt;AllBrowserWindow : Locating browser window...</Message>
          <Message>[5/9/2018 9:32:20 PM]&lt;Info&gt;AllBrowserWindow : Locating browser window...</Message>
          <Message>[5/9/2018 9:32:33 PM]&lt;Info&gt;AllBrowserWindow : Locating browser window...</Message>
          <Message>[5/9/2018 9:32:33 PM]&lt;INFO&gt;HHLogin method executing ...</Message>
          <Message>[5/9/2018 9:32:33 PM]&lt;Info&gt;AllBrowserWindow : Locating browser window...</Message>
          <Message>[5/9/2018 9:32:40 PM]&lt;Info&gt;AllBrowserWindow : Locating browser window...</Message>
          <Message>[5/9/2018 9:32:44 PM]&lt;Info&gt;AllBrowserWindow : Locating browser window...</Message>
          <Message>[5/9/2018 9:32:47 PM]&lt;INFO&gt;KeyboardSendKeys method executing...</Message>
          <Message>[5/9/2018 9:32:52 PM]&lt;Info&gt;AllBrowserWindow : Locating browser window...</Message>
          <Message>[5/9/2018 9:32:52 PM]&lt;PASS&gt;&lt;ValidateAccountInformation&gt;&lt; Validate cars/trucks checkbox is True&gt;</Message>
          <Message>[5/9/2018 9:32:52 PM]&lt;PASS&gt;&lt;ValidateAccountInformation&gt;&lt; Validate airplanes checkbox is True&gt;</Message>
          <Message>[5/9/2018 9:32:53 PM]&lt;PASS&gt;&lt;ValidateAccountInformation&gt;&lt;Validate helicopters checkbox is True&gt;</Message>
          <Message>[5/9/2018 9:32:53 PM]&lt;PASS&gt;&lt;ValidateAccountInformation&gt;&lt; Validate boats checkbox is True&gt;</Message>
          <Message>[5/9/2018 9:32:53 PM]&lt;PASS&gt;&lt;ValidateAccountInformation&gt;&lt; Validate years in hobby selected is 11-20 years&gt;</Message>
          <Message>[5/9/2018 9:32:58 PM]&lt;PASS&gt;&lt;ValidateAccountInformation&gt;&lt; Validate experience level selected is Competitive&gt;</Message>
          <Message>[5/9/2018 9:32:58 PM]&lt;INFO&gt;DeleteWishlistFromDatabase : method executing</Message>
          <Message>[5/9/2018 9:33:29 PM]&lt;INFO&gt;DeleteWishlistFromDatabase : method executing</Message>
          <Message>[5/9/2018 9:33:29 PM]&lt;RESULT&gt;Test Ended:#PASS=36, #FAIL=0</Message>
          <Message>[5/9/2018 9:33:30 PM]&lt;INFO&gt;LogCPUAndMemoryUsage: Available Memory = 24363(MB), CPU Usage = 2.791579%</Message>
          <Message>[5/9/2018 9:33:30 PM]&lt;INFO&gt;Private Working Set for QTAgent32_40, usage=445824 (K)</Message>
          <Message>[5/9/2018 9:33:30 PM]&lt;RESULT&gt;&lt;PersonalInformationUpdates&gt; Test PASSED</Message>
        </TextMessages>
      </Output>
      <ResultFiles>
        <ResultFile path="CMP01-INDIASQA.horizonhobby.com\MyAccountTestData_212432.xml" />
        <ResultFile path="CMP01-INDIASQA.horizonhobby.com\PersonalInformationUpdates_20180509212432.log" />
        <ResultFile path="CMP01-INDIASQA.horizonhobby.com\PersonalInformationUpdates_ResultsONLY_20180509212432.log" />
        <ResultFile path="CMP01-INDIASQA.horizonhobby.com\SharedCommonConfig.xml" />
      </ResultFiles>
    </UnitTestResult>
    <UnitTestResult executionId="4ef5e805-7c18-49f3-874b-d608b215f133" testId="8a43420a-b871-69d4-bc1d-7f8d58a2ef21" testName="CartPromoCodeExplanation" computerName="CMP01-INDIASQA" duration="00:00:44.5185689" startTime="2018-05-09T21:33:30.5338797-05:00" endTime="2018-05-09T21:34:15.0838797-05:00" testType="13cdc9d9-ddb5-4fa4-a97d-d965ccfc6d4b" outcome="Passed" testListId="8c84fa94-04c1-424b-9868-57a2d4851a1d" relativeResultsDirectory="4ef5e805-7c18-49f3-874b-d608b215f133">
      <Output>
        <StdOut>Logging to custom path:\\CMP01-YKumar\AutoLog</StdOut>
        <TextMessages>
          <Message>
            [5/9/2018 9:33:30 PM]&lt;STARTLOG&gt;&lt;CartPromoCodeExplanation&gt;Test Started: Expecting: #PASS=Undefined and #FAIL=0
            Running from MTM=True, running on machine name:CMP01-INDIASQA, user name=ykumar, OS=Microsoft Windows NT 6.1.7601 Service Pack 1, Is64BitOS=True
          </Message>
          <Message>[5/9/2018 9:33:31 PM]&lt;INFO&gt;LogCPUAndMemoryUsage: Available Memory = 24363(MB), CPU Usage = 3.27938%</Message>
          <Message>[5/9/2018 9:33:31 PM]&lt;INFO&gt;Private Working Set for QTAgent32_40, usage=446112 (K)</Message>
          <Message>[5/9/2018 9:33:31 PM]&lt;INFO&gt;Path To TestConfig xml=E:\LoadTestResult\VSEQT\QTAgent\26924\CMP01-INDIASQA.horizonhobby.com\Deployment\SharedCommonConfig.xml</Message>
          <Message>[5/9/2018 9:33:31 PM]&lt;INFO&gt;Path To TestData xml=E:\LoadTestResult\VSEQT\QTAgent\26924\CMP01-INDIASQA.horizonhobby.com\Deployment\CartDisplayTestData_213330.xml</Message>
          <Message>[5/9/2018 9:33:31 PM]&lt;INFO&gt;Path To HorizonHobbyQA Application Url=https://www-tst.horizonhobby.com</Message>
          <Message>[5/9/2018 9:33:31 PM]&lt;INFO&gt;HorizonHobbyQA sql connection string=Server=cmp02-ws-tst-db01:50000;Database=TST01DB;UID=wcdbuser;PWD=h0r1z0n;Connect Timeout=30</Message>
          <Message>[5/9/2018 9:33:31 PM]&lt;INFO&gt;Country is := US and language id is := '-1'</Message>
          <Message>[5/9/2018 9:33:31 PM]&lt;INFO&gt;Current browser used for test execution is = 'IE'</Message>
          <Message>[5/9/2018 9:33:34 PM]&lt;Info&gt;AllBrowserWindow : Locating browser window...</Message>
          <Message>[5/9/2018 9:33:39 PM]&lt;INFO&gt;SearchProductexecuting ... Searching term:= 'LOSB8102'</Message>
          <Message>[5/9/2018 9:33:46 PM]&lt;Info&gt;AllBrowserWindow : Locating browser window...</Message>
          <Message>[5/9/2018 9:33:47 PM]&lt;INFO&gt;BackOrderClickexecuting ...</Message>
          <Message>[5/9/2018 9:33:47 PM]&lt;INFO&gt;GoToCartClickexecuting ...</Message>
          <Message>[5/9/2018 9:33:54 PM]&lt;Info&gt;AllBrowserWindow : Locating browser window...</Message>
          <Message>[5/9/2018 9:34:07 PM]&lt;PASS&gt;&lt;CartPromoCodeExplanation&gt;&lt;Modal Window with Promo Code explanation exists&gt;</Message>
          <Message>[5/9/2018 9:34:07 PM]&lt;PASS&gt;&lt;CartPromoCodeExplanation&gt;&lt;First line explanation text matches&gt;</Message>
          <Message>[5/9/2018 9:34:07 PM]&lt;PASS&gt;&lt;CartPromoCodeExplanation&gt;&lt;Second line explanation text matches&gt;</Message>
          <Message>[5/9/2018 9:34:11 PM]&lt;PASS&gt;&lt;CartPromoCodeExplanation&gt;&lt;Modal Window with Promo Code explanation closed&gt;</Message>
          <Message>[5/9/2018 9:34:11 PM]&lt;RESULT&gt;Test Ended:#PASS=4, #FAIL=0</Message>
          <Message>[5/9/2018 9:34:12 PM]&lt;INFO&gt;LogCPUAndMemoryUsage: Available Memory = 24153(MB), CPU Usage = 3.570809%</Message>
          <Message>[5/9/2018 9:34:12 PM]&lt;INFO&gt;Private Working Set for QTAgent32_40, usage=438596 (K)</Message>
          <Message>[5/9/2018 9:34:12 PM]&lt;RESULT&gt;&lt;CartPromoCodeExplanation&gt; Test PASSED</Message>
        </TextMessages>
      </Output>
      <ResultFiles>
        <ResultFile path="CMP01-INDIASQA.horizonhobby.com\CartDisplayTestData_213330.xml" />
        <ResultFile path="CMP01-INDIASQA.horizonhobby.com\CartPromoCodeExplanation_20180509213330.log" />
        <ResultFile path="CMP01-INDIASQA.horizonhobby.com\CartPromoCodeExplanation_ResultsONLY_20180509213330.log" />
        <ResultFile path="CMP01-INDIASQA.horizonhobby.com\SharedCommonConfig.xml" />
      </ResultFiles>
    </UnitTestResult>
    <UnitTestResult executionId="3516fb85-c1f8-4c51-a523-1b7eeae4f1d9" testId="b0412359-0261-eaf0-d970-7bd6858cf57f" testName="PersonalInformationUpdatesBirthday" computerName="CMP01-INDIASQA" duration="00:02:51.7113594" startTime="2018-05-09T21:34:15.0858797-05:00" endTime="2018-05-09T21:37:06.8388797-05:00" testType="13cdc9d9-ddb5-4fa4-a97d-d965ccfc6d4b" outcome="Passed" testListId="8c84fa94-04c1-424b-9868-57a2d4851a1d" relativeResultsDirectory="3516fb85-c1f8-4c51-a523-1b7eeae4f1d9">
      <Output>
        <StdOut>Logging to custom path:\\CMP01-YKumar\AutoLog</StdOut>
        <TextMessages>
          <Message>
            [5/9/2018 9:34:15 PM]&lt;STARTLOG&gt;&lt;PersonalInformationUpdatesBirthday&gt;Test Started: Expecting: #PASS=Undefined and #FAIL=0
            Running from MTM=True, running on machine name:CMP01-INDIASQA, user name=ykumar, OS=Microsoft Windows NT 6.1.7601 Service Pack 1, Is64BitOS=True
          </Message>
          <Message>[5/9/2018 9:34:16 PM]&lt;INFO&gt;LogCPUAndMemoryUsage: Available Memory = 24221(MB), CPU Usage = 16.12222%</Message>
          <Message>[5/9/2018 9:34:16 PM]&lt;INFO&gt;Private Working Set for QTAgent32_40, usage=447000 (K)</Message>
          <Message>[5/9/2018 9:34:16 PM]&lt;INFO&gt;Path To TestConfig xml=E:\LoadTestResult\VSEQT\QTAgent\26924\CMP01-INDIASQA.horizonhobby.com\Deployment\SharedCommonConfig.xml</Message>
          <Message>[5/9/2018 9:34:16 PM]&lt;INFO&gt;Path To TestData xml=E:\LoadTestResult\VSEQT\QTAgent\26924\CMP01-INDIASQA.horizonhobby.com\Deployment\MyAccountTestData_213415.xml</Message>
          <Message>[5/9/2018 9:34:16 PM]&lt;INFO&gt;Path To HorizonHobbyQA Application Url=https://www-tst.horizonhobby.com</Message>
          <Message>[5/9/2018 9:34:16 PM]&lt;INFO&gt;HorizonHobbyQA sql connection string=Server=cmp02-ws-tst-db01:50000;Database=TST01DB;UID=wcdbuser;PWD=h0r1z0n;Connect Timeout=30</Message>
          <Message>[5/9/2018 9:34:16 PM]&lt;INFO&gt;Country is := US and language id is := '-1'</Message>
          <Message>[5/9/2018 9:34:16 PM]&lt;INFO&gt;Current browser used for test execution is = 'IE'</Message>
          <Message>[5/9/2018 9:34:21 PM]&lt;INFO&gt;SurveyWindow : method executing ...</Message>
          <Message>[5/9/2018 9:34:29 PM]&lt;INFO&gt;ContinueOnCertificationErrorClickexecuting ...</Message>
          <Message>[5/9/2018 9:34:29 PM]&lt;Info&gt;DEAllBrowserWindow : Locating browser window...</Message>
          <Message>[5/9/2018 9:34:36 PM]&lt;INFO&gt;UserRegistration : method executing ...</Message>
          <Message>[5/9/2018 9:34:36 PM]&lt;Info&gt;AllBrowserWindow : Locating browser window...</Message>
          <Message>[5/9/2018 9:35:00 PM]&lt;INFO&gt;UserRegistrationSubmit : method executing ...</Message>
          <Message>[5/9/2018 9:35:00 PM]&lt;Info&gt;AllBrowserWindow : Locating browser window...</Message>
          <Message>[5/9/2018 9:35:01 PM]&lt;Info&gt;AllBrowserWindow : Locating browser window...</Message>
          <Message>[5/9/2018 9:35:02 PM]&lt;PASS&gt;&lt;PersonalInformationUpdatesBirthday&gt;&lt; Validate user unable to proceed without entering valid birthdate &gt;</Message>
          <Message>[5/9/2018 9:35:02 PM]&lt;PASS&gt;&lt;PersonalInformationUpdatesBirthday&gt;&lt; Validate message appears as expected&gt;</Message>
          <Message>[5/9/2018 9:35:04 PM]&lt;INFO&gt;SurveyWindow : method executing ...</Message>
          <Message>[5/9/2018 9:35:13 PM]&lt;INFO&gt;ContinueOnCertificationErrorClickexecuting ...</Message>
          <Message>[5/9/2018 9:35:13 PM]&lt;Info&gt;DEAllBrowserWindow : Locating browser window...</Message>
          <Message>[5/9/2018 9:35:20 PM]&lt;INFO&gt;UserRegistration : method executing ...</Message>
          <Message>[5/9/2018 9:35:20 PM]&lt;Info&gt;AllBrowserWindow : Locating browser window...</Message>
          <Message>[5/9/2018 9:35:42 PM]&lt;Info&gt;AllBrowserWindow : Locating browser window...</Message>
          <Message>[5/9/2018 9:36:03 PM]&lt;Info&gt;AllBrowserWindow : Locating browser window...</Message>
          <Message>[5/9/2018 9:36:16 PM]&lt;Info&gt;AllBrowserWindow : Locating browser window...</Message>
          <Message>[5/9/2018 9:36:28 PM]&lt;Info&gt;AllBrowserWindow : Locating browser window...</Message>
          <Message>[5/9/2018 9:36:31 PM]&lt;PASS&gt;&lt;PersonalInformationUpdatesBirthday&gt;&lt; Validate year of birth appears as expected&gt;</Message>
          <Message>[5/9/2018 9:36:31 PM]&lt;PASS&gt;&lt;PersonalInformationUpdatesBirthday&gt;&lt; Validate month of birth appears as expected&gt;</Message>
          <Message>[5/9/2018 9:36:31 PM]&lt;PASS&gt;&lt;PersonalInformationUpdatesBirthday&gt;&lt; Validate day of birth appears as expected&gt;</Message>
          <Message>[5/9/2018 9:36:32 PM]&lt;Info&gt;AllBrowserWindow : Locating browser window...</Message>
          <Message>[5/9/2018 9:36:33 PM]&lt;PASS&gt;&lt;PersonalInformationUpdatesBirthday&gt;&lt; Account Information page stays as date of birth is not updated&gt;</Message>
          <Message>[5/9/2018 9:36:34 PM]&lt;PASS&gt;&lt;PersonalInformationUpdatesBirthday&gt;&lt; Validate message appears as expected&gt;</Message>
          <Message>[5/9/2018 9:36:34 PM]&lt;INFO&gt;DeleteWishlistFromDatabase : method executing</Message>
          <Message>[5/9/2018 9:37:03 PM]&lt;INFO&gt;DeleteWishlistFromDatabase : method executing</Message>
          <Message>[5/9/2018 9:37:03 PM]&lt;RESULT&gt;Test Ended:#PASS=7, #FAIL=0</Message>
          <Message>[5/9/2018 9:37:04 PM]&lt;INFO&gt;LogCPUAndMemoryUsage: Available Memory = 24201(MB), CPU Usage = 7.466933%</Message>
          <Message>[5/9/2018 9:37:04 PM]&lt;INFO&gt;Private Working Set for QTAgent32_40, usage=446628 (K)</Message>
          <Message>[5/9/2018 9:37:04 PM]&lt;RESULT&gt;&lt;PersonalInformationUpdatesBirthday&gt; Test PASSED</Message>
        </TextMessages>
      </Output>
      <ResultFiles>
        <ResultFile path="CMP01-INDIASQA.horizonhobby.com\MyAccountTestData_213415.xml" />
        <ResultFile path="CMP01-INDIASQA.horizonhobby.com\PersonalInformationUpdatesBirthday_20180509213415.log" />
        <ResultFile path="CMP01-INDIASQA.horizonhobby.com\PersonalInformationUpdatesBirthday_ResultsONLY_20180509213415.log" />
        <ResultFile path="CMP01-INDIASQA.horizonhobby.com\SharedCommonConfig.xml" />
      </ResultFiles>
    </UnitTestResult>
    <UnitTestResult executionId="2954c046-e517-43b4-8467-7a2ec6a55f8c" testId="155e9b75-7cd3-6212-5c8f-67ef85f3aac9" testName="MyAccountPersonalInformationUpdateAddress" computerName="CMP01-INDIASQA" duration="00:02:53.8093563" startTime="2018-05-09T21:37:06.8428797-05:00" endTime="2018-05-09T21:40:00.6808797-05:00" testType="13cdc9d9-ddb5-4fa4-a97d-d965ccfc6d4b" outcome="Passed" testListId="8c84fa94-04c1-424b-9868-57a2d4851a1d" relativeResultsDirectory="2954c046-e517-43b4-8467-7a2ec6a55f8c">
      <Output>
        <StdOut>Logging to custom path:\\CMP01-YKumar\AutoLog</StdOut>
        <TextMessages>
          <Message>
            [5/9/2018 9:37:06 PM]&lt;STARTLOG&gt;&lt;MyAccountPersonalInformationUpdateAddress&gt;Test Started: Expecting: #PASS=Undefined and #FAIL=0
            Running from MTM=True, running on machine name:CMP01-INDIASQA, user name=ykumar, OS=Microsoft Windows NT 6.1.7601 Service Pack 1, Is64BitOS=True
          </Message>
          <Message>[5/9/2018 9:37:07 PM]&lt;INFO&gt;LogCPUAndMemoryUsage: Available Memory = 24221(MB), CPU Usage = 16.42804%</Message>
          <Message>[5/9/2018 9:37:07 PM]&lt;INFO&gt;Private Working Set for QTAgent32_40, usage=446784 (K)</Message>
          <Message>[5/9/2018 9:37:07 PM]&lt;INFO&gt;Path To TestConfig xml=E:\LoadTestResult\VSEQT\QTAgent\26924\CMP01-INDIASQA.horizonhobby.com\Deployment\SharedCommonConfig.xml</Message>
          <Message>[5/9/2018 9:37:07 PM]&lt;INFO&gt;Path To TestData xml=E:\LoadTestResult\VSEQT\QTAgent\26924\CMP01-INDIASQA.horizonhobby.com\Deployment\MyAccountTestData_213706.xml</Message>
          <Message>[5/9/2018 9:37:07 PM]&lt;INFO&gt;Path To HorizonHobbyQA Application Url=https://www-tst.horizonhobby.com</Message>
          <Message>[5/9/2018 9:37:07 PM]&lt;INFO&gt;HorizonHobbyQA sql connection string=Server=cmp02-ws-tst-db01:50000;Database=TST01DB;UID=wcdbuser;PWD=h0r1z0n;Connect Timeout=30</Message>
          <Message>[5/9/2018 9:37:07 PM]&lt;INFO&gt;Country is := US and language id is := '-1'</Message>
          <Message>[5/9/2018 9:37:07 PM]&lt;INFO&gt;Current browser used for test execution is = 'IE'</Message>
          <Message>[5/9/2018 9:37:13 PM]&lt;INFO&gt;SurveyWindow : method executing ...</Message>
          <Message>[5/9/2018 9:37:20 PM]&lt;INFO&gt;ContinueOnCertificationErrorClickexecuting ...</Message>
          <Message>[5/9/2018 9:37:20 PM]&lt;Info&gt;DEAllBrowserWindow : Locating browser window...</Message>
          <Message>[5/9/2018 9:37:27 PM]&lt;INFO&gt;UserRegistration : method executing ...</Message>
          <Message>[5/9/2018 9:37:28 PM]&lt;Info&gt;AllBrowserWindow : Locating browser window...</Message>
          <Message>[5/9/2018 9:37:54 PM]&lt;Info&gt;AllBrowserWindow : Locating browser window...</Message>
          <Message>[5/9/2018 9:38:11 PM]&lt;Info&gt;AllBrowserWindow : Locating browser window...</Message>
          <Message>[5/9/2018 9:38:23 PM]&lt;Info&gt;AllBrowserWindow : Locating browser window...</Message>
          <Message>[5/9/2018 9:38:36 PM]&lt;Info&gt;AllBrowserWindow : Locating browser window...</Message>
          <Message>[5/9/2018 9:39:12 PM]&lt;PASS&gt;&lt;MyAccountPersonalInformationUpdateAddress&gt;&lt; Validates the error message for default address&gt;</Message>
          <Message>[5/9/2018 9:39:22 PM]&lt;Info&gt;AllBrowserWindow : Locating browser window...</Message>
          <Message>[5/9/2018 9:39:26 PM]&lt;INFO&gt;SearchProductexecuting ... Searching term:= 'SAI5019'</Message>
          <Message>[5/9/2018 9:39:33 PM]&lt;Info&gt;AllBrowserWindow : Locating browser window...</Message>
          <Message>[5/9/2018 9:39:33 PM]&lt;INFO&gt;BackOrderClickexecuting ...</Message>
          <Message>[5/9/2018 9:39:34 PM]&lt;INFO&gt;GoToCartClickexecuting ...</Message>
          <Message>[5/9/2018 9:39:40 PM]&lt;INFO&gt;CheckoutProcessStartShoppingCart : method executing</Message>
          <Message>[5/9/2018 9:39:40 PM]&lt;Info&gt;AllBrowserWindow : Locating browser window...</Message>
          <Message>[5/9/2018 9:39:49 PM]&lt;INFO&gt;CheckoutShoppingCartControls : method executing</Message>
          <Message>[5/9/2018 9:39:49 PM]&lt;Info&gt;AllBrowserWindow : Locating browser window...</Message>
          <Message>[5/9/2018 9:39:57 PM]&lt;RESULT&gt;Test Ended:#PASS=1, #FAIL=0</Message>
          <Message>[5/9/2018 9:39:58 PM]&lt;INFO&gt;LogCPUAndMemoryUsage: Available Memory = 24156(MB), CPU Usage = 7.56941%</Message>
          <Message>[5/9/2018 9:39:58 PM]&lt;INFO&gt;Private Working Set for QTAgent32_40, usage=444884 (K)</Message>
          <Message>[5/9/2018 9:39:58 PM]&lt;RESULT&gt;&lt;MyAccountPersonalInformationUpdateAddress&gt; Test PASSED</Message>
        </TextMessages>
      </Output>
      <ResultFiles>
        <ResultFile path="CMP01-INDIASQA.horizonhobby.com\MyAccountPersonalInformationUpdateAddress_20180509213706.log" />
        <ResultFile path="CMP01-INDIASQA.horizonhobby.com\MyAccountPersonalInformationUpdateAddress_ResultsONLY_20180509213706.log" />
        <ResultFile path="CMP01-INDIASQA.horizonhobby.com\MyAccountTestData_213706.xml" />
        <ResultFile path="CMP01-INDIASQA.horizonhobby.com\SharedCommonConfig.xml" />
      </ResultFiles>
    </UnitTestResult>    
    <UnitTestResult executionId="c977bb62-cb15-4692-9f96-ea3fd923cabd" testId="bfee5d3a-795e-555b-6bfc-85dc96eb2274" testName="CheckoutPayPalOptionAvailableOnCartAndCheckoutPage" computerName="CMP01-INDIASQA" duration="00:03:23.2158267" startTime="2018-05-09T21:43:30.3238797-05:00" endTime="2018-05-09T21:46:53.5768797-05:00" testType="13cdc9d9-ddb5-4fa4-a97d-d965ccfc6d4b" outcome="Passed" testListId="8c84fa94-04c1-424b-9868-57a2d4851a1d" relativeResultsDirectory="c977bb62-cb15-4692-9f96-ea3fd923cabd">
      <Output>
        <StdOut>Logging to custom path:\\CMP01-YKumar\AutoLog</StdOut>
        <TextMessages>
          <Message>
            [5/9/2018 9:43:30 PM]&lt;STARTLOG&gt;&lt;CheckoutPayPalOptionAvailableOnCartAndCheckoutPage&gt;Test Started: Expecting: #PASS=Undefined and #FAIL=0
            Running from MTM=True, running on machine name:CMP01-INDIASQA, user name=ykumar, OS=Microsoft Windows NT 6.1.7601 Service Pack 1, Is64BitOS=True
          </Message>
          <Message>[5/9/2018 9:43:31 PM]&lt;INFO&gt;LogCPUAndMemoryUsage: Available Memory = 23999(MB), CPU Usage = 28.11642%</Message>
          <Message>[5/9/2018 9:43:31 PM]&lt;INFO&gt;Private Working Set for QTAgent32_40, usage=459104 (K)</Message>
          <Message>[5/9/2018 9:43:31 PM]&lt;INFO&gt;Path To TestConfig xml=E:\LoadTestResult\VSEQT\QTAgent\26924\CMP01-INDIASQA.horizonhobby.com\Deployment\SharedCommonConfig.xml</Message>
          <Message>[5/9/2018 9:43:31 PM]&lt;INFO&gt;Path To TestData xml=E:\LoadTestResult\VSEQT\QTAgent\26924\CMP01-INDIASQA.horizonhobby.com\Deployment\CheckoutCommonTestData_214330.xml</Message>
          <Message>[5/9/2018 9:43:31 PM]&lt;INFO&gt;Path To HorizonHobbyQA Application Url=https://www-tst.horizonhobby.com</Message>
          <Message>[5/9/2018 9:43:31 PM]&lt;INFO&gt;HorizonHobbyQA sql connection string=Server=cmp02-ws-tst-db01:50000;Database=TST01DB;UID=wcdbuser;PWD=h0r1z0n;Connect Timeout=30</Message>
          <Message>[5/9/2018 9:43:31 PM]&lt;INFO&gt;Country is := US and language id is := '-1'</Message>
          <Message>[5/9/2018 9:43:31 PM]&lt;INFO&gt;Current browser used for test execution is = 'IE'</Message>
          <Message>[5/9/2018 9:43:38 PM]&lt;INFO&gt;SearchProductexecuting ... Searching term:= 'EFLU2916'</Message>
          <Message>[5/9/2018 9:43:44 PM]&lt;Info&gt;AllBrowserWindow : Locating browser window...</Message>
          <Message>[5/9/2018 9:43:45 PM]&lt;INFO&gt;BackOrderClickexecuting ...</Message>
          <Message>[5/9/2018 9:43:45 PM]&lt;INFO&gt;GoToCartClickexecuting ...</Message>
          <Message>[5/9/2018 9:43:56 PM]&lt;PASS&gt;&lt;CheckoutPayPalOptionAvailableOnCartAndCheckoutPage&gt;&lt;Validate that Paypal button is enabled for Backorder Item on Shopping Cart Page&gt;</Message>
          <Message>[5/9/2018 9:43:56 PM]&lt;INFO&gt;CheckoutProcessStartShoppingCart : method executing</Message>
          <Message>[5/9/2018 9:43:56 PM]&lt;Info&gt;AllBrowserWindow : Locating browser window...</Message>
          <Message>[5/9/2018 9:44:03 PM]&lt;INFO&gt;CheckoutShoppingCartControls : method executing</Message>
          <Message>[5/9/2018 9:44:03 PM]&lt;Info&gt;AllBrowserWindow : Locating browser window...</Message>
          <Message>[5/9/2018 9:44:16 PM]&lt;Info&gt;AllBrowserWindow : Locating browser window...</Message>
          <Message>[5/9/2018 9:44:19 PM]&lt;INFO&gt;FillBillingAndShippingAddressexecuting ...</Message>
          <Message>[5/9/2018 9:44:19 PM]&lt;Info&gt;AllBrowserWindow : Locating browser window...</Message>
          <Message>[5/9/2018 9:44:22 PM]&lt;INFO&gt;SelectBillingCountryexecuting ...</Message>
          <Message>[5/9/2018 9:44:29 PM]&lt;INFO&gt;SelectBillingStateexecuting ...</Message>
          <Message>[5/9/2018 9:44:44 PM]&lt;INFO&gt;SelectShippingCountryexecuting ...</Message>
          <Message>[5/9/2018 9:44:48 PM]&lt;INFO&gt;SelectShippingStateexecuting ...</Message>
          <Message>[5/9/2018 9:44:55 PM]&lt;INFO&gt;SelectCheckoutPaymentRadiobutton : method executing</Message>
          <Message>[5/9/2018 9:44:55 PM]&lt;INFO&gt;CheckoutCreditCardShippingAndBillingControls : method executing</Message>
          <Message>[5/9/2018 9:44:55 PM]&lt;Info&gt;AllBrowserWindow : Locating browser window...</Message>
          <Message>[5/9/2018 9:45:12 PM]&lt;PASS&gt;&lt;CheckoutPayPalOptionAvailableOnCartAndCheckoutPage&gt;&lt;Validate that Paypal button is enabled for Backorder Item on Shipping &amp; Billing Method Page&gt;</Message>
          <Message>[5/9/2018 9:45:12 PM]&lt;Info&gt;AllBrowserWindow : Locating browser window...</Message>
          <Message>[5/9/2018 9:45:17 PM]&lt;INFO&gt;SearchProductexecuting ... Searching term:= 'TLR253003'</Message>
          <Message>[5/9/2018 9:45:24 PM]&lt;Info&gt;AllBrowserWindow : Locating browser window...</Message>
          <Message>[5/9/2018 9:45:57 PM]&lt;INFO&gt;BackOrderClickexecuting ...</Message>
          <Message>[5/9/2018 9:45:57 PM]&lt;INFO&gt;GoToCartClickexecuting ...</Message>
          <Message>[5/9/2018 9:46:05 PM]&lt;PASS&gt;&lt;CheckoutPayPalOptionAvailableOnCartAndCheckoutPage&gt;&lt;Validate that Paypal button is disabled for Backorder Item on Shopping Cart Page&gt;</Message>
          <Message>[5/9/2018 9:46:06 PM]&lt;PASS&gt;&lt;CheckoutPayPalOptionAvailableOnCartAndCheckoutPage&gt;&lt;Validate that Paypal Backorder Item Warning on Shopping Cart Page&gt;</Message>
          <Message>[5/9/2018 9:46:06 PM]&lt;INFO&gt;CheckoutProcessStartShoppingCart : method executing</Message>
          <Message>[5/9/2018 9:46:06 PM]&lt;Info&gt;AllBrowserWindow : Locating browser window...</Message>
          <Message>[5/9/2018 9:46:14 PM]&lt;INFO&gt;CheckoutShoppingCartControls : method executing</Message>
          <Message>[5/9/2018 9:46:14 PM]&lt;Info&gt;AllBrowserWindow : Locating browser window...</Message>
          <Message>[5/9/2018 9:46:32 PM]&lt;Info&gt;AllBrowserWindow : Locating browser window...</Message>
          <Message>[5/9/2018 9:46:36 PM]&lt;INFO&gt;SelectCheckoutPaymentRadiobutton : method executing</Message>
          <Message>[5/9/2018 9:46:36 PM]&lt;INFO&gt;CheckoutCreditCardShippingAndBillingControls : method executing</Message>
          <Message>[5/9/2018 9:46:36 PM]&lt;Info&gt;AllBrowserWindow : Locating browser window...</Message>
          <Message>[5/9/2018 9:46:49 PM]&lt;PASS&gt;&lt;CheckoutPayPalOptionAvailableOnCartAndCheckoutPage&gt;&lt;Validate that Paypal button is enabled for Backorder Item on Shipping &amp; Billing Method Page&gt;</Message>
          <Message>[5/9/2018 9:46:50 PM]&lt;PASS&gt;&lt;CheckoutPayPalOptionAvailableOnCartAndCheckoutPage&gt;&lt;Validate that Paypal Backorder Item Warning on Shopping Cart Page&gt;</Message>
          <Message>[5/9/2018 9:46:50 PM]&lt;RESULT&gt;Test Ended:#PASS=6, #FAIL=0</Message>
          <Message>[5/9/2018 9:46:51 PM]&lt;INFO&gt;LogCPUAndMemoryUsage: Available Memory = 23552(MB), CPU Usage = 4.544845%</Message>
          <Message>[5/9/2018 9:46:51 PM]&lt;INFO&gt;Private Working Set for QTAgent32_40, usage=447816 (K)</Message>
          <Message>[5/9/2018 9:46:51 PM]&lt;RESULT&gt;&lt;CheckoutPayPalOptionAvailableOnCartAndCheckoutPage&gt; Test PASSED</Message>
        </TextMessages>
      </Output>
      <ResultFiles>
        <ResultFile path="CMP01-INDIASQA.horizonhobby.com\CheckoutCommonTestData_214330.xml" />
        <ResultFile path="CMP01-INDIASQA.horizonhobby.com\CheckoutPayPalOptionAvailableOnCartAndCheckoutPage_20180509214330.log" />
        <ResultFile path="CMP01-INDIASQA.horizonhobby.com\CheckoutPayPalOptionAvailableOnCartAndCheckoutPage_ResultsONLY_20180509214330.log" />
        <ResultFile path="CMP01-INDIASQA.horizonhobby.com\SharedCommonConfig.xml" />
      </ResultFiles>
    </UnitTestResult>
    <UnitTestResult executionId="cdfa889f-5e4c-4f80-9040-d568810f8efd" testId="aacaa16a-645d-772d-893f-e4dd2f2aa6ae" testName="CheckoutPaymentOptionsCCEntryFileds" computerName="CMP01-INDIASQA" duration="00:01:52.9315633" startTime="2018-05-09T21:46:53.5798797-05:00" endTime="2018-05-09T21:48:46.5438797-05:00" testType="13cdc9d9-ddb5-4fa4-a97d-d965ccfc6d4b" outcome="Passed" testListId="8c84fa94-04c1-424b-9868-57a2d4851a1d" relativeResultsDirectory="cdfa889f-5e4c-4f80-9040-d568810f8efd">
      <Output>
        <StdOut>Logging to custom path:\\CMP01-YKumar\AutoLog</StdOut>
        <TextMessages>
          <Message>
            [5/9/2018 9:46:53 PM]&lt;STARTLOG&gt;&lt;CheckoutPaymentOptionsCCEntryFileds&gt;Test Started: Expecting: #PASS=Undefined and #FAIL=0
            Running from MTM=True, running on machine name:CMP01-INDIASQA, user name=ykumar, OS=Microsoft Windows NT 6.1.7601 Service Pack 1, Is64BitOS=True
          </Message>
          <Message>[5/9/2018 9:46:54 PM]&lt;INFO&gt;LogCPUAndMemoryUsage: Available Memory = 23570(MB), CPU Usage = 20.12228%</Message>
          <Message>[5/9/2018 9:46:54 PM]&lt;INFO&gt;Private Working Set for QTAgent32_40, usage=447992 (K)</Message>
          <Message>[5/9/2018 9:46:54 PM]&lt;INFO&gt;Path To TestConfig xml=E:\LoadTestResult\VSEQT\QTAgent\26924\CMP01-INDIASQA.horizonhobby.com\Deployment\SharedCommonConfig.xml</Message>
          <Message>[5/9/2018 9:46:54 PM]&lt;INFO&gt;Path To TestData xml=E:\LoadTestResult\VSEQT\QTAgent\26924\CMP01-INDIASQA.horizonhobby.com\Deployment\CheckoutCommonTestData_214653.xml</Message>
          <Message>[5/9/2018 9:46:54 PM]&lt;INFO&gt;Path To HorizonHobbyQA Application Url=https://www-tst.horizonhobby.com</Message>
          <Message>[5/9/2018 9:46:54 PM]&lt;INFO&gt;HorizonHobbyQA sql connection string=Server=cmp02-ws-tst-db01:50000;Database=TST01DB;UID=wcdbuser;PWD=h0r1z0n;Connect Timeout=30</Message>
          <Message>[5/9/2018 9:46:54 PM]&lt;INFO&gt;Country is := US and language id is := '-1'</Message>
          <Message>[5/9/2018 9:46:54 PM]&lt;INFO&gt;Current browser used for test execution is = 'IE'</Message>
          <Message>[5/9/2018 9:47:01 PM]&lt;INFO&gt;SearchProductexecuting ... Searching term:= 'TUP804'</Message>
          <Message>[5/9/2018 9:47:07 PM]&lt;Info&gt;AllBrowserWindow : Locating browser window...</Message>
          <Message>[5/9/2018 9:47:08 PM]&lt;INFO&gt;BackOrderClickexecuting ...</Message>
          <Message>[5/9/2018 9:47:08 PM]&lt;INFO&gt;GoToCartClickexecuting ...</Message>
          <Message>[5/9/2018 9:47:15 PM]&lt;INFO&gt;CheckoutProcessStartShoppingCart : method executing</Message>
          <Message>[5/9/2018 9:47:15 PM]&lt;Info&gt;AllBrowserWindow : Locating browser window...</Message>
          <Message>[5/9/2018 9:47:25 PM]&lt;INFO&gt;CheckoutShoppingCartControls : method executing</Message>
          <Message>[5/9/2018 9:47:25 PM]&lt;Info&gt;AllBrowserWindow : Locating browser window...</Message>
          <Message>[5/9/2018 9:47:40 PM]&lt;Info&gt;AllBrowserWindow : Locating browser window...</Message>
          <Message>[5/9/2018 9:47:42 PM]&lt;INFO&gt;FillBillingAndShippingAddressexecuting ...</Message>
          <Message>[5/9/2018 9:47:42 PM]&lt;Info&gt;AllBrowserWindow : Locating browser window...</Message>
          <Message>[5/9/2018 9:47:46 PM]&lt;INFO&gt;SelectBillingCountryexecuting ...</Message>
          <Message>[5/9/2018 9:47:53 PM]&lt;INFO&gt;SelectBillingStateexecuting ...</Message>
          <Message>[5/9/2018 9:48:09 PM]&lt;INFO&gt;SelectShippingCountryexecuting ...</Message>
          <Message>[5/9/2018 9:48:13 PM]&lt;INFO&gt;SelectShippingStateexecuting ...</Message>
          <Message>[5/9/2018 9:48:21 PM]&lt;Info&gt;AllBrowserWindow : Locating browser window...</Message>
          <Message>[5/9/2018 9:48:26 PM]&lt;INFO&gt;SelectCheckoutPaymentRadiobutton : method executing</Message>
          <Message>[5/9/2018 9:48:26 PM]&lt;INFO&gt;CheckoutCreditCardShippingAndBillingControls : method executing</Message>
          <Message>[5/9/2018 9:48:27 PM]&lt;Info&gt;AllBrowserWindow : Locating browser window...</Message>
          <Message>[5/9/2018 9:48:38 PM]&lt;PASS&gt;&lt;CheckoutPaymentOptionsCCEntryFileds&gt;&lt;Validate that Credit Card Edit box exists under Billing on Shipping Billng Page&gt;</Message>
          <Message>[5/9/2018 9:48:38 PM]&lt;PASS&gt;&lt;CheckoutPaymentOptionsCCEntryFileds&gt;&lt;Validate that Cvv Edit box exists under Billing on Shipping Billng Page&gt;</Message>
          <Message>[5/9/2018 9:48:38 PM]&lt;PASS&gt;&lt;CheckoutPaymentOptionsCCEntryFileds&gt;&lt;Validate that Month List exists under Billing on Shipping Billng Page&gt;</Message>
          <Message>[5/9/2018 9:48:38 PM]&lt;PASS&gt;&lt;CheckoutPaymentOptionsCCEntryFileds&gt;&lt;Validate that Year list exists under Billing on Shipping Billng Page&gt;</Message>
          <Message>[5/9/2018 9:48:39 PM]&lt;PASS&gt;&lt;CheckoutPaymentOptionsCCEntryFileds&gt;&lt;Validate that What is Cvv2 link exist&gt;</Message>
          <Message>[5/9/2018 9:48:39 PM]&lt;PASS&gt;&lt;CheckoutPaymentOptionsCCEntryFileds&gt;&lt; Verify the actual item '' is as expected and in order with expected: ''&gt;</Message>
          <Message>[5/9/2018 9:48:39 PM]&lt;PASS&gt;&lt;CheckoutPaymentOptionsCCEntryFileds&gt;&lt; Verify the actual item '01' is as expected and in order with expected: '01'&gt;</Message>
          <Message>[5/9/2018 9:48:39 PM]&lt;PASS&gt;&lt;CheckoutPaymentOptionsCCEntryFileds&gt;&lt; Verify the actual item '02' is as expected and in order with expected: '02'&gt;</Message>
          <Message>[5/9/2018 9:48:39 PM]&lt;PASS&gt;&lt;CheckoutPaymentOptionsCCEntryFileds&gt;&lt; Verify the actual item '03' is as expected and in order with expected: '03'&gt;</Message>
          <Message>[5/9/2018 9:48:39 PM]&lt;PASS&gt;&lt;CheckoutPaymentOptionsCCEntryFileds&gt;&lt; Verify the actual item '04' is as expected and in order with expected: '04'&gt;</Message>
          <Message>[5/9/2018 9:48:39 PM]&lt;PASS&gt;&lt;CheckoutPaymentOptionsCCEntryFileds&gt;&lt; Verify the actual item '05' is as expected and in order with expected: '05'&gt;</Message>
          <Message>[5/9/2018 9:48:39 PM]&lt;PASS&gt;&lt;CheckoutPaymentOptionsCCEntryFileds&gt;&lt; Verify the actual item '06' is as expected and in order with expected: '06'&gt;</Message>
          <Message>[5/9/2018 9:48:39 PM]&lt;PASS&gt;&lt;CheckoutPaymentOptionsCCEntryFileds&gt;&lt; Verify the actual item '07' is as expected and in order with expected: '07'&gt;</Message>
          <Message>[5/9/2018 9:48:39 PM]&lt;PASS&gt;&lt;CheckoutPaymentOptionsCCEntryFileds&gt;&lt; Verify the actual item '08' is as expected and in order with expected: '08'&gt;</Message>
          <Message>[5/9/2018 9:48:39 PM]&lt;PASS&gt;&lt;CheckoutPaymentOptionsCCEntryFileds&gt;&lt; Verify the actual item '09' is as expected and in order with expected: '09'&gt;</Message>
          <Message>[5/9/2018 9:48:39 PM]&lt;PASS&gt;&lt;CheckoutPaymentOptionsCCEntryFileds&gt;&lt; Verify the actual item '10' is as expected and in order with expected: '10'&gt;</Message>
          <Message>[5/9/2018 9:48:39 PM]&lt;PASS&gt;&lt;CheckoutPaymentOptionsCCEntryFileds&gt;&lt; Verify the actual item '11' is as expected and in order with expected: '11'&gt;</Message>
          <Message>[5/9/2018 9:48:39 PM]&lt;PASS&gt;&lt;CheckoutPaymentOptionsCCEntryFileds&gt;&lt; Verify the actual item '12' is as expected and in order with expected: '12'&gt;</Message>
          <Message>[5/9/2018 9:48:40 PM]&lt;PASS&gt;&lt;CheckoutPaymentOptionsCCEntryFileds&gt;&lt; Verify the actual item '' is as expected and in order with expected: ''&gt;</Message>
          <Message>[5/9/2018 9:48:40 PM]&lt;PASS&gt;&lt;CheckoutPaymentOptionsCCEntryFileds&gt;&lt; Verify the actual item '2018' is as expected and in order with expected: '2018'&gt;</Message>
          <Message>[5/9/2018 9:48:40 PM]&lt;PASS&gt;&lt;CheckoutPaymentOptionsCCEntryFileds&gt;&lt; Verify the actual item '2019' is as expected and in order with expected: '2019'&gt;</Message>
          <Message>[5/9/2018 9:48:40 PM]&lt;PASS&gt;&lt;CheckoutPaymentOptionsCCEntryFileds&gt;&lt; Verify the actual item '2020' is as expected and in order with expected: '2020'&gt;</Message>
          <Message>[5/9/2018 9:48:40 PM]&lt;PASS&gt;&lt;CheckoutPaymentOptionsCCEntryFileds&gt;&lt; Verify the actual item '2021' is as expected and in order with expected: '2021'&gt;</Message>
          <Message>[5/9/2018 9:48:40 PM]&lt;PASS&gt;&lt;CheckoutPaymentOptionsCCEntryFileds&gt;&lt; Verify the actual item '2022' is as expected and in order with expected: '2022'&gt;</Message>
          <Message>[5/9/2018 9:48:40 PM]&lt;PASS&gt;&lt;CheckoutPaymentOptionsCCEntryFileds&gt;&lt; Verify the actual item '2023' is as expected and in order with expected: '2023'&gt;</Message>
          <Message>[5/9/2018 9:48:40 PM]&lt;PASS&gt;&lt;CheckoutPaymentOptionsCCEntryFileds&gt;&lt; Verify the actual item '2024' is as expected and in order with expected: '2024'&gt;</Message>
          <Message>[5/9/2018 9:48:40 PM]&lt;PASS&gt;&lt;CheckoutPaymentOptionsCCEntryFileds&gt;&lt; Verify the actual item '2025' is as expected and in order with expected: '2025'&gt;</Message>
          <Message>[5/9/2018 9:48:40 PM]&lt;PASS&gt;&lt;CheckoutPaymentOptionsCCEntryFileds&gt;&lt; Verify the actual item '2026' is as expected and in order with expected: '2026'&gt;</Message>
          <Message>[5/9/2018 9:48:40 PM]&lt;PASS&gt;&lt;CheckoutPaymentOptionsCCEntryFileds&gt;&lt; Verify the actual item '2027' is as expected and in order with expected: '2027'&gt;</Message>
          <Message>[5/9/2018 9:48:40 PM]&lt;PASS&gt;&lt;CheckoutPaymentOptionsCCEntryFileds&gt;&lt; Verify the actual item '2028' is as expected and in order with expected: '2028'&gt;</Message>
          <Message>[5/9/2018 9:48:43 PM]&lt;PASS&gt;&lt;CheckoutPaymentOptionsCCEntryFileds&gt;&lt;Validate that Popup Modal Window appears&gt;</Message>
          <Message>[5/9/2018 9:48:43 PM]&lt;RESULT&gt;Test Ended:#PASS=31, #FAIL=0</Message>
          <Message>[5/9/2018 9:48:44 PM]&lt;INFO&gt;LogCPUAndMemoryUsage: Available Memory = 23598(MB), CPU Usage = 7.466943%</Message>
          <Message>[5/9/2018 9:48:44 PM]&lt;INFO&gt;Private Working Set for QTAgent32_40, usage=445088 (K)</Message>
          <Message>[5/9/2018 9:48:44 PM]&lt;RESULT&gt;&lt;CheckoutPaymentOptionsCCEntryFileds&gt; Test PASSED</Message>
        </TextMessages>
      </Output>
      <ResultFiles>
        <ResultFile path="CMP01-INDIASQA.horizonhobby.com\CheckoutCommonTestData_214653.xml" />
        <ResultFile path="CMP01-INDIASQA.horizonhobby.com\CheckoutPaymentOptionsCCEntryFileds_20180509214653.log" />
        <ResultFile path="CMP01-INDIASQA.horizonhobby.com\CheckoutPaymentOptionsCCEntryFileds_ResultsONLY_20180509214653.log" />
        <ResultFile path="CMP01-INDIASQA.horizonhobby.com\SharedCommonConfig.xml" />
      </ResultFiles>
    </UnitTestResult>
    <UnitTestResult executionId="1df94fc3-4239-428f-be64-aae9dbd885be" testId="0c2154ac-05ea-474b-aeed-0bc95ed2c257" testName="PayPalCheckoutUSAddress" computerName="CMP01-INDIASQA" duration="00:07:26.9694484" startTime="2018-05-09T21:48:46.5468797-05:00" endTime="2018-05-09T21:56:13.7258797-05:00" testType="13cdc9d9-ddb5-4fa4-a97d-d965ccfc6d4b" outcome="Failed" testListId="8c84fa94-04c1-424b-9868-57a2d4851a1d" relativeResultsDirectory="1df94fc3-4239-428f-be64-aae9dbd885be">
      <Output>
        <StdOut>Logging to custom path:\\CMP01-YKumar\AutoLog</StdOut>
        <ErrorInfo>
          <Message>
            Assert.Fail failed.
            Actual #FAIL=2, #Expected FAIL=0
            #Other errors=16
            [Error details below]
          </Message>
          <StackTrace>
            at TestAuto.LoggingAndSharedGenericMethods.EndTest() in c:\Builds\1\WebSphere\QATestAutomation\src\CodedUITest\SourceCode\Common\Logging\Logging.cs:line 1628
            at TestAuto.CheckoutPayPal.TestCleanup() in c:\Builds\1\WebSphere\QATestAutomation\src\CodedUITest\SourceCode\HHobby\Checkout\CheckoutPayPal.cs:line 2307
          </StackTrace>
        </ErrorInfo>
        <TextMessages>
          <Message>
            [5/9/2018 9:48:46 PM]&lt;STARTLOG&gt;&lt;PayPalCheckoutUSAddress&gt;Test Started: Expecting: #PASS=Undefined and #FAIL=0
            Running from MTM=True, running on machine name:CMP01-INDIASQA, user name=ykumar, OS=Microsoft Windows NT 6.1.7601 Service Pack 1, Is64BitOS=True
          </Message>
          <Message>[5/9/2018 9:48:47 PM]&lt;INFO&gt;LogCPUAndMemoryUsage: Available Memory = 23660(MB), CPU Usage = 18.34923%</Message>
          <Message>[5/9/2018 9:48:47 PM]&lt;INFO&gt;Private Working Set for QTAgent32_40, usage=445340 (K)</Message>
          <Message>[5/9/2018 9:48:47 PM]&lt;INFO&gt;Path To TestConfig xml=E:\LoadTestResult\VSEQT\QTAgent\26924\CMP01-INDIASQA.horizonhobby.com\Deployment\SharedCommonConfig.xml</Message>
          <Message>[5/9/2018 9:48:47 PM]&lt;INFO&gt;Path To TestData xml=E:\LoadTestResult\VSEQT\QTAgent\26924\CMP01-INDIASQA.horizonhobby.com\Deployment\CheckoutPaypalTestData_214846.xml</Message>
          <Message>[5/9/2018 9:48:47 PM]&lt;INFO&gt;Path To HorizonHobbyQA Application Url=https://www-tst.horizonhobby.com</Message>
          <Message>[5/9/2018 9:48:47 PM]&lt;INFO&gt;HorizonHobbyQA sql connection string=Server=cmp02-ws-tst-db01:50000;Database=TST01DB;UID=wcdbuser;PWD=h0r1z0n;Connect Timeout=30</Message>
          <Message>[5/9/2018 9:48:47 PM]&lt;INFO&gt;Country is := US and language id is := '-1'</Message>
          <Message>[5/9/2018 9:48:47 PM]&lt;INFO&gt;Current browser used for test execution is = 'IE'</Message>
          <Message>[5/9/2018 9:48:51 PM]&lt;Info&gt;AllBrowserWindow : Locating browser window...</Message>
          <Message>[5/9/2018 9:48:52 PM]&lt;INFO&gt;SurveyWindow : method executing ...</Message>
          <Message>[5/9/2018 9:49:00 PM]&lt;INFO&gt;ContinueOnCertificationErrorClickexecuting ...</Message>
          <Message>[5/9/2018 9:49:00 PM]&lt;Info&gt;DEAllBrowserWindow : Locating browser window...</Message>
          <Message>[5/9/2018 9:49:07 PM]&lt;INFO&gt;UserRegistration : method executing ...</Message>
          <Message>[5/9/2018 9:49:07 PM]&lt;Info&gt;AllBrowserWindow : Locating browser window...</Message>
          <Message>[5/9/2018 9:49:32 PM]&lt;Info&gt;AllBrowserWindow : Locating browser window...</Message>
          <Message>
            Assert.Fail failed. [5/9/2018 9:49:56 PM]&lt;Error&gt;AllBrowserWindow : failed executing ...Unable to find Windows Internet Explorer window with 'My Account - Internet Explorer' in the title.,
            StackTrace:
            AllBrowserWindow(),SharedBorderFree.cs,Line Number:1033
            UserRegistration(),SharedUserRegistration.cs,Line Number:818
            RegisterNewUser(),SharedUserRegistration.cs,Line Number:1158
            RegisterNewUser(),SharedUserRegistration.cs,Line Number:1171
            CommonWorkflow(),CheckoutPayPal.cs,Line Number:1246
            PayPalCheckoutUSAddress(),CheckoutPayPal.cs,Line Number:84
          </Message>
          <Message>[5/9/2018 9:49:56 PM]&lt;CaptureImage&gt;\\CMP01-YKumar\AutoLog\CMP01-INDIASQA\PayPalCheckoutUSAddress_20180509214956.png</Message>
          <Message>[5/9/2018 9:50:09 PM]&lt;Info&gt;AllBrowserWindow : Locating browser window...</Message>
          <Message>
            Assert.Fail failed. [5/9/2018 9:50:33 PM]&lt;Error&gt;AllBrowserWindow : failed executing ...Unable to find Windows Internet Explorer window with 'My Account - Internet Explorer' in the title.,
            StackTrace:
            AllBrowserWindow(),SharedBorderFree.cs,Line Number:1033
            CommonWorkflow(),CheckoutPayPal.cs,Line Number:1248
            PayPalCheckoutUSAddress(),CheckoutPayPal.cs,Line Number:84
          </Message>
          <Message>[5/9/2018 9:50:34 PM]&lt;CaptureImage&gt;\\CMP01-YKumar\AutoLog\CMP01-INDIASQA\PayPalCheckoutUSAddress_20180509215033.png</Message>
          <Message>[5/9/2018 9:50:37 PM]&lt;INFO&gt;SearchProductexecuting ... Searching term:= 'LOS242008'</Message>
          <Message>[5/9/2018 9:50:43 PM]&lt;Info&gt;AllBrowserWindow : Locating browser window...</Message>
          <Message>[5/9/2018 9:50:43 PM]&lt;INFO&gt;BackOrderClickexecuting ...</Message>
          <Message>[5/9/2018 9:50:44 PM]&lt;INFO&gt;GoToCartClickexecuting ...</Message>
          <Message>[5/9/2018 9:50:50 PM]&lt;Info&gt;AllBrowserWindow : Locating browser window...</Message>
          <Message>[5/9/2018 9:51:00 PM]&lt;INFO&gt;CheckoutProcessStartShoppingCart : method executing</Message>
          <Message>[5/9/2018 9:51:00 PM]&lt;Info&gt;AllBrowserWindow : Locating browser window...</Message>
          <Message>[5/9/2018 9:51:07 PM]&lt;INFO&gt;CheckoutShoppingCartControls : method executing</Message>
          <Message>[5/9/2018 9:51:07 PM]&lt;Info&gt;AllBrowserWindow : Locating browser window...</Message>
          <Message>[5/9/2018 9:51:22 PM]&lt;Info&gt;AllBrowserWindow : Locating browser window...</Message>
          <Message>
            Assert.Fail failed. [5/9/2018 9:51:46 PM]&lt;Error&gt;AllBrowserWindow : failed executing ...Unable to find Windows Internet Explorer window with 'HorizonHobby - Shipping and Billing Display - Internet Explorer' in the title.,
            StackTrace:
            AllBrowserWindow(),SharedBorderFree.cs,Line Number:1033
            CommonWorkflow(),CheckoutPayPal.cs,Line Number:1270
            PayPalCheckoutUSAddress(),CheckoutPayPal.cs,Line Number:84
          </Message>
          <Message>[5/9/2018 9:51:46 PM]&lt;CaptureImage&gt;\\CMP01-YKumar\AutoLog\CMP01-INDIASQA\PayPalCheckoutUSAddress_20180509215146.png</Message>
          <Message>[5/9/2018 9:51:46 PM]&lt;INFO&gt;SelectCheckoutPaymentRadiobutton : method executing</Message>
          <Message>[5/9/2018 9:51:46 PM]&lt;INFO&gt;CheckoutCreditCardShippingAndBillingControls : method executing</Message>
          <Message>[5/9/2018 9:51:46 PM]&lt;Info&gt;AllBrowserWindow : Locating browser window...</Message>
          <Message>
            Assert.Fail failed. [5/9/2018 9:52:11 PM]&lt;Error&gt;AllBrowserWindow : failed executing ...Unable to find Windows Internet Explorer window with 'HorizonHobby - Shipping and Billing Display - Internet Explorer' in the title.,
            StackTrace:
            AllBrowserWindow(),SharedBorderFree.cs,Line Number:1033
            CheckoutCreditCardShippingAndBillingControls(),SharedCheckoutCreditCard.cs,Line Number:66
            SelectCheckoutPaymentRadiobutton(),SharedCheckoutCreditCard.cs,Line Number:514
            CommonWorkflow(),CheckoutPayPal.cs,Line Number:1273
            PayPalCheckoutUSAddress(),CheckoutPayPal.cs,Line Number:84
          </Message>
          <Message>[5/9/2018 9:52:11 PM]&lt;CaptureImage&gt;\\CMP01-YKumar\AutoLog\CMP01-INDIASQA\PayPalCheckoutUSAddress_20180509215211.png</Message>
          <Message>
            Assert.Fail failed. [5/9/2018 9:52:19 PM]&lt;ERROR&gt;SelectCheckoutPaymentRadiobutton : failed executing ...Index was out of range. Must be non-negative and less than the size of the collection.
            Parameter name: index,
            StackTrace:
            SelectCheckoutPaymentRadiobutton(),SharedCheckoutCreditCard.cs,Line Number:539
            CommonWorkflow(),CheckoutPayPal.cs,Line Number:1273
            PayPalCheckoutUSAddress(),CheckoutPayPal.cs,Line Number:84
          </Message>
          <Message>[5/9/2018 9:52:19 PM]&lt;CaptureImage&gt;\\CMP01-YKumar\AutoLog\CMP01-INDIASQA\PayPalCheckoutUSAddress_20180509215219.png</Message>
          <Message>[5/9/2018 9:52:19 PM]&lt;INFO&gt;ClickPayPalLink : method executing...</Message>
          <Message>[5/9/2018 9:52:24 PM]&lt;INFO&gt;LoginPayPal : method executing...</Message>
          <Message>[5/9/2018 9:52:24 PM]&lt;Info&gt;AllBrowserWindow : Locating browser window...</Message>
          <Message>[5/9/2018 9:53:04 PM]&lt;INFO&gt;PaypalLoginNewControls : method executing...</Message>
          <Message>[5/9/2018 9:53:04 PM]&lt;Info&gt;AllBrowserWindow : Locating browser window...</Message>
          <Message>
            Assert.Fail failed. [5/9/2018 9:53:28 PM]&lt;Error&gt;AllBrowserWindow : failed executing ...Unable to find Windows Internet Explorer window with 'HorizonHobby - Review Order - Internet Explorer' in the title.,
            StackTrace:
            AllBrowserWindow(),SharedBorderFree.cs,Line Number:1033
            PayPalCheckoutUSAddress(),CheckoutPayPal.cs,Line Number:90
          </Message>
          <Message>[5/9/2018 9:53:28 PM]&lt;CaptureImage&gt;\\CMP01-YKumar\AutoLog\CMP01-INDIASQA\PayPalCheckoutUSAddress_20180509215328.png</Message>
          <Message>
            [5/9/2018 9:53:36 PM]&lt;FAIL&gt;&lt;PayPalCheckoutUSAddress&gt;&lt;On top of Order Review page alert text message&gt;.Assert.AreEqual failed. Expected:&lt;Note: If you navigate away from this page without completing your checkout, you will need to re-enter all payment information.&gt;. Actual:&lt;&gt;.
            StackTrace:
            PayPalCheckoutUSAddress(),CheckoutPayPal.cs,Line Number:99
          </Message>
          <Message>[5/9/2018 9:53:36 PM]&lt;CaptureImage&gt;\\CMP01-YKumar\AutoLog\CMP01-INDIASQA\PayPalCheckoutUSAddress_20180509215336.png</Message>
          <Message>[5/9/2018 9:53:36 PM]&lt;INFO&gt;ClickPlaceOrderPayPal : method executing...</Message>
          <Message>[5/9/2018 9:53:36 PM]&lt;Info&gt;AllBrowserWindow : Locating browser window...</Message>
          <Message>
            Assert.Fail failed. [5/9/2018 9:54:00 PM]&lt;Error&gt;AllBrowserWindow : failed executing ...Unable to find Windows Internet Explorer window with 'HorizonHobby - Review Order - Internet Explorer' in the title.,
            StackTrace:
            AllBrowserWindow(),SharedBorderFree.cs,Line Number:1033
            OrderReviewControls(),SharedCheckoutPaypal.cs,Line Number:176
            ClickPlaceOrderPayPal(),SharedCheckoutPaypal.cs,Line Number:755
            PlaceOrder(),SharedCheckoutCreditCard.cs,Line Number:636
            PlaceOrder(),SharedCheckoutCreditCard.cs,Line Number:615
            PayPalCheckoutUSAddress(),CheckoutPayPal.cs,Line Number:104
          </Message>
          <Message>[5/9/2018 9:54:00 PM]&lt;CaptureImage&gt;\\CMP01-YKumar\AutoLog\CMP01-INDIASQA\PayPalCheckoutUSAddress_20180509215400.png</Message>
          <Message>[5/9/2018 9:54:00 PM]&lt;Info&gt;AllBrowserWindow : Locating browser window...</Message>
          <Message>
            Assert.Fail failed. [5/9/2018 9:54:24 PM]&lt;Error&gt;AllBrowserWindow : failed executing ...Unable to find Windows Internet Explorer window with 'HorizonHobby - Review Order - Internet Explorer' in the title.,
            StackTrace:
            AllBrowserWindow(),SharedBorderFree.cs,Line Number:1033
            ClickPlaceOrderPayPal(),SharedCheckoutPaypal.cs,Line Number:759
            PlaceOrder(),SharedCheckoutCreditCard.cs,Line Number:636
            PlaceOrder(),SharedCheckoutCreditCard.cs,Line Number:615
            PayPalCheckoutUSAddress(),CheckoutPayPal.cs,Line Number:104
          </Message>
          <Message>[5/9/2018 9:54:24 PM]&lt;CaptureImage&gt;\\CMP01-YKumar\AutoLog\CMP01-INDIASQA\PayPalCheckoutUSAddress_20180509215424.png</Message>
          <Message>
            Assert.Fail failed. [5/9/2018 9:54:37 PM]&lt;ERROR&gt;MouseClick Exception:Microsoft.VisualStudio.TestTools.UITest.Extension.UITestControlNotFoundException: The playback failed to find the control with the given search properties. Additional Details:
            TechnologyName:  'Web'
            ControlType:  'Hyperlink'
            TagName:  'A'
            Class:  'button cart_singleOrder_orderBtn large'
            Id:  'singleOrderSummary'
            Failed to find any control that matched the search condition ControlType='Hyperlink' &amp;&amp; Class=&gt;'button cart_singleOrder_orderBtn large' &amp;&amp; Id=&gt;'singleOrderSummary' ---&gt; System.Runtime.InteropServices.COMException: Error HRESULT E_FAIL has been returned from a call to a COM component.
            at Microsoft.VisualStudio.TestTools.UITest.Playback.Engine.IScreenElement.FindAllDescendants(String bstrQueryId, Object&amp; pvarResKeys, Int32 cResKeys, Int32 nMaxDepth)
            at Microsoft.VisualStudio.TestTools.UITest.Playback.ScreenElement.FindAllScreenElement(String queryId, Int32 depth, Boolean singleQueryId, Boolean throwException, Boolean resetSkipStep)
            at Microsoft.VisualStudio.TestTools.UITest.Playback.ScreenElement.FindScreenElement(String queryId, Int32 depth, Boolean resetSkipStep)
            at Microsoft.VisualStudio.TestTools.UITesting.UITestControl.FindFirstDescendant(String queryId, Int32 maxDepth, Int32&amp; timeLeft)
            --- End of inner exception stack trace ---
            at Microsoft.VisualStudio.TestTools.UITesting.Playback.MapControlNotFoundException(COMException ex, IPlaybackContext context)
            at Microsoft.VisualStudio.TestTools.UITesting.Playback.MapAndThrowComException(COMException innerException, IPlaybackContext context)
            at Microsoft.VisualStudio.TestTools.UITesting.Playback.MapAndThrowException(SystemException exception, IPlaybackContext context)
            at Microsoft.VisualStudio.TestTools.UITesting.Playback.MapAndThrowException(SystemException exception, String queryId)
            at Microsoft.VisualStudio.TestTools.UITesting.UITestControl.FindFirstDescendant(String queryId, Int32 maxDepth, Int32&amp; timeLeft)
            at Microsoft.VisualStudio.TestTools.UITesting.SearchHelper.GetUITestControlRecursive(Boolean useCache, Boolean alwaysSearch, ISearchArgument searchArg, IList`1 windowTitles, Int32&amp; timeLeft)
            at Microsoft.VisualStudio.TestTools.UITesting.SearchHelper.GetElement(Boolean useCache, ISearchArgument searchArg)
            at Microsoft.VisualStudio.TestTools.UITesting.SearchHelper.Search(ISearchArgument searchArg)
            at Microsoft.VisualStudio.TestTools.UITesting.UITestControl.FindInternal()
            at Microsoft.VisualStudio.TestTools.UITesting.UITestControl.&lt;Find&gt;b__3a()
            at Microsoft.VisualStudio.TestTools.UITesting.CodedUITestMethodInvoker.InvokeMethod[T](Func`1 function, UITestControl control, Boolean firePlaybackErrorEvent, Boolean logAsAction)
            at Microsoft.VisualStudio.TestTools.UITesting.UITestControl.Find()
            at Microsoft.VisualStudio.TestTools.UITesting.UITestControl.GetPropertyPrivate(String propertyName)
            at Microsoft.VisualStudio.TestTools.UITesting.UITestControl.GetPropertyOfType[T](String propertyName)
            at Microsoft.VisualStudio.TestTools.UITesting.UITestControl.get_Name()
            at TestAuto.LoggingAndSharedGenericMethods.MouseClick(UITestControl uiMenuItemTestControl) in c:\Builds\1\WebSphere\QATestAutomation\src\CodedUITest\SourceCode\Common\Logging\SharedMethods_Generic.cs:line 790,
            StackTrace:
            MouseClick(),SharedMethods_Generic.cs,Line Number:822
            ClickPlaceOrderPayPal(),SharedCheckoutPaypal.cs,Line Number:762
            PlaceOrder(),SharedCheckoutCreditCard.cs,Line Number:636
            PlaceOrder(),SharedCheckoutCreditCard.cs,Line Number:615
            PayPalCheckoutUSAddress(),CheckoutPayPal.cs,Line Number:104
          </Message>
          <Message>[5/9/2018 9:54:37 PM]&lt;CaptureImage&gt;\\CMP01-YKumar\AutoLog\CMP01-INDIASQA\PayPalCheckoutUSAddress_20180509215437.png</Message>
          <Message>[5/9/2018 9:54:37 PM]&lt;Info&gt;AllBrowserWindow : Locating browser window...</Message>
          <Message>
            Assert.Fail failed. [5/9/2018 9:55:01 PM]&lt;Error&gt;AllBrowserWindow : failed executing ...Unable to find Windows Internet Explorer window with 'HorizonHobby - Order Confirmation - Internet Explorer' in the title.,
            StackTrace:
            AllBrowserWindow(),SharedBorderFree.cs,Line Number:1033
            HandleGooglePrompt(),SharedCheckoutCreditCard.cs,Line Number:1365
            HandleGooglePrompt(),SharedCheckoutCreditCard.cs,Line Number:1390
            PlaceOrder(),SharedCheckoutCreditCard.cs,Line Number:637
            PlaceOrder(),SharedCheckoutCreditCard.cs,Line Number:615
            PayPalCheckoutUSAddress(),CheckoutPayPal.cs,Line Number:104
          </Message>
          <Message>[5/9/2018 9:55:01 PM]&lt;CaptureImage&gt;\\CMP01-YKumar\AutoLog\CMP01-INDIASQA\PayPalCheckoutUSAddress_20180509215501.png</Message>
          <Message>[5/9/2018 9:55:09 PM]&lt;Info&gt;AllBrowserWindow : Locating browser window...</Message>
          <Message>
            Assert.Fail failed. [5/9/2018 9:55:33 PM]&lt;Error&gt;AllBrowserWindow : failed executing ...Unable to find Windows Internet Explorer window with 'HorizonHobby - Order Confirmation - Internet Explorer' in the title.,
            StackTrace:
            AllBrowserWindow(),SharedBorderFree.cs,Line Number:1033
            PayPalCheckoutUSAddress(),CheckoutPayPal.cs,Line Number:106
          </Message>
          <Message>[5/9/2018 9:55:33 PM]&lt;CaptureImage&gt;\\CMP01-YKumar\AutoLog\CMP01-INDIASQA\PayPalCheckoutUSAddress_20180509215533.png</Message>
          <Message>
            [5/9/2018 9:55:38 PM]&lt;FAIL&gt;&lt;PayPalCheckoutUSAddress&gt;&lt;Order Confirmation Number Appears&gt;.Assert.AreEqual failed. Expected:&lt;True&gt;. Actual:&lt;False&gt;.
            StackTrace:
            PayPalCheckoutUSAddress(),CheckoutPayPal.cs,Line Number:110
          </Message>
          <Message>[5/9/2018 9:55:38 PM]&lt;CaptureImage&gt;\\CMP01-YKumar\AutoLog\CMP01-INDIASQA\PayPalCheckoutUSAddress_20180509215538.png</Message>
          <Message>[5/9/2018 9:55:38 PM]&lt;INFO&gt;SingleProductOrderAmountValidation : method executing</Message>
          <Message>[5/9/2018 9:55:38 PM]&lt;INFO&gt;OrderConfirmationUIControls : method executing</Message>
          <Message>[5/9/2018 9:55:38 PM]&lt;Info&gt;AllBrowserWindow : Locating browser window...</Message>
          <Message>
            Assert.Fail failed. [5/9/2018 9:56:02 PM]&lt;Error&gt;AllBrowserWindow : failed executing ...Unable to find Windows Internet Explorer window with 'HorizonHobby - Order Confirmation - Internet Explorer' in the title.,
            StackTrace:
            AllBrowserWindow(),SharedBorderFree.cs,Line Number:1033
            OrderConfirmationUIControls(),SharedOrderedItems.cs,Line Number:39
            SingleProductOrderAmountValidation(),SharedOrderedItems.cs,Line Number:84
            PayPalCheckoutUSAddress(),CheckoutPayPal.cs,Line Number:113
          </Message>
          <Message>[5/9/2018 9:56:02 PM]&lt;CaptureImage&gt;\\CMP01-YKumar\AutoLog\CMP01-INDIASQA\PayPalCheckoutUSAddress_20180509215602.png</Message>
          <Message>
            Assert.Fail failed. [5/9/2018 9:56:10 PM]&lt;ERROR&gt;SingleProductOrderAmountValidation : failed executing ...The playback failed to find the control with the given search properties. Additional Details:
            TechnologyName:  'Web'
            ControlType:  'Pane'
            TagName:  'SPAN'
            Class:  'cart_orderConfirm_ordNumValue'
            Failed to find any control that matched the search condition ControlType='Pane' &amp;&amp; Class='cart_orderConfirm_ordNumValue',
            StackTrace:
            SingleProductOrderAmountValidation(),SharedOrderedItems.cs,Line Number:91
            PayPalCheckoutUSAddress(),CheckoutPayPal.cs,Line Number:113
          </Message>
          <Message>[5/9/2018 9:56:10 PM]&lt;CaptureImage&gt;\\CMP01-YKumar\AutoLog\CMP01-INDIASQA\PayPalCheckoutUSAddress_20180509215610.png</Message>
          <Message>[5/9/2018 9:56:10 PM]&lt;INFO&gt;DeletOrderItem : method executing</Message>
          <Message>[5/9/2018 9:56:10 PM]&lt;INFO&gt;DeletOrderItem : method executing</Message>
          <Message>
            Assert.Fail failed. [5/9/2018 9:56:10 PM]&lt;ERROR&gt;ExecuteSQL:Exception SQL=Delete from X_ORD_GIFTCARD WHERE ORDER_ID ='':IBM.Data.DB2.DB2Exception (0x80004005): ERROR [22018] [IBM][DB2/LINUXX8664] SQL0420N  Invalid character found in a character string argument of the function "DECFLOAT".
            at IBM.Data.DB2.DB2Connection.HandleError(IntPtr hHandle, SQL_HANDLE hType, RETCODE retcode)
            at IBM.Data.DB2.DB2Command.a(Boolean A_0)
            at IBM.Data.DB2.DB2Command.b()
            at IBM.Data.DB2.DB2Command.ExecuteNonQuery()
            at TestAuto.LoggingAndSharedGenericMethods.ExecuteDB2(String sql, String connectionString, Int32 commandTimeout) in c:\Builds\1\WebSphere\QATestAutomation\src\CodedUITest\SourceCode\Common\Logging\SharedMethods_Generic.cs:line 4323,
            StackTrace:
            ExecuteDB2(),SharedMethods_Generic.cs,Line Number:4328
            DeletOrderItem(),SharedMethods_Database.cs,Line Number:1195
            DeletOrderItem(),SharedOrderedItems.cs,Line Number:176
            PayPalCheckoutUSAddress(),CheckoutPayPal.cs,Line Number:116
          </Message>
          <Message>
            Assert.Fail failed. [5/9/2018 9:56:10 PM]&lt;ERROR&gt;ExecuteSQL:Exception SQL=Delete from X_GIFTCARD_TXN WHERE ORDER_ID ='':IBM.Data.DB2.DB2Exception (0x80004005): ERROR [22018] [IBM][DB2/LINUXX8664] SQL0420N  Invalid character found in a character string argument of the function "DECFLOAT".
            at IBM.Data.DB2.DB2Connection.HandleError(IntPtr hHandle, SQL_HANDLE hType, RETCODE retcode)
            at IBM.Data.DB2.DB2Command.a(Boolean A_0)
            at IBM.Data.DB2.DB2Command.b()
            at IBM.Data.DB2.DB2Command.ExecuteNonQuery()
            at TestAuto.LoggingAndSharedGenericMethods.ExecuteDB2(String sql, String connectionString, Int32 commandTimeout) in c:\Builds\1\WebSphere\QATestAutomation\src\CodedUITest\SourceCode\Common\Logging\SharedMethods_Generic.cs:line 4323,
            StackTrace:
            ExecuteDB2(),SharedMethods_Generic.cs,Line Number:4328
            DeletOrderItem(),SharedMethods_Database.cs,Line Number:1198
            DeletOrderItem(),SharedOrderedItems.cs,Line Number:176
            PayPalCheckoutUSAddress(),CheckoutPayPal.cs,Line Number:116
          </Message>
          <Message>
            Assert.Fail failed. [5/9/2018 9:56:10 PM]&lt;ERROR&gt;ExecuteSQL:Exception SQL=Delete from ORDERS WHERE ORDERS_ID ='' AND STOREENT_ID = 10151:IBM.Data.DB2.DB2Exception (0x80004005): ERROR [22018] [IBM][DB2/LINUXX8664] SQL0420N  Invalid character found in a character string argument of the function "DECFLOAT".
            at IBM.Data.DB2.DB2Connection.HandleError(IntPtr hHandle, SQL_HANDLE hType, RETCODE retcode)
            at IBM.Data.DB2.DB2Command.a(Boolean A_0)
            at IBM.Data.DB2.DB2Command.b()
            at IBM.Data.DB2.DB2Command.ExecuteNonQuery()
            at TestAuto.LoggingAndSharedGenericMethods.ExecuteDB2(String sql, String connectionString, Int32 commandTimeout) in c:\Builds\1\WebSphere\QATestAutomation\src\CodedUITest\SourceCode\Common\Logging\SharedMethods_Generic.cs:line 4323,
            StackTrace:
            ExecuteDB2(),SharedMethods_Generic.cs,Line Number:4328
            DeletOrderItem(),SharedMethods_Database.cs,Line Number:1201
            DeletOrderItem(),SharedOrderedItems.cs,Line Number:176
            PayPalCheckoutUSAddress(),CheckoutPayPal.cs,Line Number:116
          </Message>
          <Message>[5/9/2018 9:56:10 PM]&lt;RESULT&gt;Test Ended:#PASS=0, #FAIL=2,#Other errors=16</Message>
          <Message>[5/9/2018 9:56:11 PM]&lt;INFO&gt;LogCPUAndMemoryUsage: Available Memory = 24103(MB), CPU Usage = 10.77865%</Message>
          <Message>[5/9/2018 9:56:11 PM]&lt;INFO&gt;Private Working Set for QTAgent32_40, usage=453640 (K)</Message>
          <Message>
            [5/9/2018 9:56:11 PM]&lt;RESULT&gt;&lt;PayPalCheckoutUSAddress&gt; Test FAILED: Actual #FAIL=2, #Expected FAIL=0
            #Other errors=16. See Error Message/logs for further details.
          </Message>
        </TextMessages>
      </Output>
      <ResultFiles>
        <ResultFile path="CMP01-INDIASQA.horizonhobby.com\CheckoutPaypalTestData_214846.xml" />
        <ResultFile path="CMP01-INDIASQA.horizonhobby.com\PayPalCheckoutUSAddress_20180509214846.log" />
        <ResultFile path="CMP01-INDIASQA.horizonhobby.com\PayPalCheckoutUSAddress_20180509214956.png" />
        <ResultFile path="CMP01-INDIASQA.horizonhobby.com\PayPalCheckoutUSAddress_20180509215033.png" />
        <ResultFile path="CMP01-INDIASQA.horizonhobby.com\PayPalCheckoutUSAddress_20180509215146.png" />
        <ResultFile path="CMP01-INDIASQA.horizonhobby.com\PayPalCheckoutUSAddress_20180509215211.png" />
        <ResultFile path="CMP01-INDIASQA.horizonhobby.com\PayPalCheckoutUSAddress_20180509215219.png" />
        <ResultFile path="CMP01-INDIASQA.horizonhobby.com\PayPalCheckoutUSAddress_20180509215328.png" />
        <ResultFile path="CMP01-INDIASQA.horizonhobby.com\PayPalCheckoutUSAddress_20180509215336.png" />
        <ResultFile path="CMP01-INDIASQA.horizonhobby.com\PayPalCheckoutUSAddress_20180509215400.png" />
        <ResultFile path="CMP01-INDIASQA.horizonhobby.com\PayPalCheckoutUSAddress_20180509215424.png" />
        <ResultFile path="CMP01-INDIASQA.horizonhobby.com\PayPalCheckoutUSAddress_20180509215437.png" />
        <ResultFile path="CMP01-INDIASQA.horizonhobby.com\PayPalCheckoutUSAddress_20180509215501.png" />
        <ResultFile path="CMP01-INDIASQA.horizonhobby.com\PayPalCheckoutUSAddress_20180509215533.png" />
        <ResultFile path="CMP01-INDIASQA.horizonhobby.com\PayPalCheckoutUSAddress_20180509215538.png" />
        <ResultFile path="CMP01-INDIASQA.horizonhobby.com\PayPalCheckoutUSAddress_20180509215602.png" />
        <ResultFile path="CMP01-INDIASQA.horizonhobby.com\PayPalCheckoutUSAddress_20180509215610.png" />
        <ResultFile path="CMP01-INDIASQA.horizonhobby.com\PayPalCheckoutUSAddress_ResultsONLY_20180509214846.log" />
        <ResultFile path="CMP01-INDIASQA.horizonhobby.com\SharedCommonConfig.xml" />
      </ResultFiles>
    </UnitTestResult>
    <UnitTestResult executionId="409fc78e-6a2e-481c-a9cc-c0862b0003c9" testId="295df695-406c-6798-cb52-de8718ccd7a6" testName="PayPalCheckoutPuertoRicoVirginIslandsAddress" computerName="CMP01-INDIASQA" duration="00:03:10.2258745" startTime="2018-05-09T21:56:13.7298797-05:00" endTime="2018-05-09T21:59:24.0098797-05:00" testType="13cdc9d9-ddb5-4fa4-a97d-d965ccfc6d4b" outcome="Failed" testListId="8c84fa94-04c1-424b-9868-57a2d4851a1d" relativeResultsDirectory="409fc78e-6a2e-481c-a9cc-c0862b0003c9">
      <Output>
        <StdOut>Logging to custom path:\\CMP01-YKumar\AutoLog</StdOut>
        <ErrorInfo>
          <Message>
            Assert.Fail failed.
            #Other errors=5
            [Error details below]
          </Message>
          <StackTrace>
            at TestAuto.LoggingAndSharedGenericMethods.EndTest() in c:\Builds\1\WebSphere\QATestAutomation\src\CodedUITest\SourceCode\Common\Logging\Logging.cs:line 1628
            at TestAuto.CheckoutPayPal.TestCleanup() in c:\Builds\1\WebSphere\QATestAutomation\src\CodedUITest\SourceCode\HHobby\Checkout\CheckoutPayPal.cs:line 2307
          </StackTrace>
        </ErrorInfo>
        <TextMessages>
          <Message>
            [5/9/2018 9:56:13 PM]&lt;STARTLOG&gt;&lt;PayPalCheckoutPuertoRicoVirginIslandsAddress&gt;Test Started: Expecting: #PASS=Undefined and #FAIL=0
            Running from MTM=True, running on machine name:CMP01-INDIASQA, user name=ykumar, OS=Microsoft Windows NT 6.1.7601 Service Pack 1, Is64BitOS=True
          </Message>
          <Message>[5/9/2018 9:56:14 PM]&lt;INFO&gt;LogCPUAndMemoryUsage: Available Memory = 24122(MB), CPU Usage = 15.06439%</Message>
          <Message>[5/9/2018 9:56:14 PM]&lt;INFO&gt;Private Working Set for QTAgent32_40, usage=453976 (K)</Message>
          <Message>[5/9/2018 9:56:14 PM]&lt;INFO&gt;Path To TestConfig xml=E:\LoadTestResult\VSEQT\QTAgent\26924\CMP01-INDIASQA.horizonhobby.com\Deployment\SharedCommonConfig.xml</Message>
          <Message>[5/9/2018 9:56:14 PM]&lt;INFO&gt;Path To TestData xml=E:\LoadTestResult\VSEQT\QTAgent\26924\CMP01-INDIASQA.horizonhobby.com\Deployment\CheckoutPaypalTestData_215613.xml</Message>
          <Message>[5/9/2018 9:56:14 PM]&lt;INFO&gt;Path To HorizonHobbyQA Application Url=https://www-tst.horizonhobby.com</Message>
          <Message>[5/9/2018 9:56:14 PM]&lt;INFO&gt;HorizonHobbyQA sql connection string=Server=cmp02-ws-tst-db01:50000;Database=TST01DB;UID=wcdbuser;PWD=h0r1z0n;Connect Timeout=30</Message>
          <Message>[5/9/2018 9:56:14 PM]&lt;INFO&gt;Country is := US and language id is := '-1'</Message>
          <Message>[5/9/2018 9:56:14 PM]&lt;INFO&gt;Current browser used for test execution is = 'IE'</Message>
          <Message>[5/9/2018 9:56:18 PM]&lt;Info&gt;AllBrowserWindow : Locating browser window...</Message>
          <Message>[5/9/2018 9:56:21 PM]&lt;INFO&gt;SearchProductexecuting ... Searching term:= 'PKZ1012'</Message>
          <Message>[5/9/2018 9:56:28 PM]&lt;Info&gt;AllBrowserWindow : Locating browser window...</Message>
          <Message>[5/9/2018 9:56:28 PM]&lt;INFO&gt;BackOrderClickexecuting ...</Message>
          <Message>[5/9/2018 9:56:29 PM]&lt;INFO&gt;GoToCartClickexecuting ...</Message>
          <Message>[5/9/2018 9:56:35 PM]&lt;Info&gt;AllBrowserWindow : Locating browser window...</Message>
          <Message>[5/9/2018 9:56:45 PM]&lt;INFO&gt;ClickPayPalLink : method executing...</Message>
          <Message>[5/9/2018 9:56:50 PM]&lt;INFO&gt;LoginPayPal : method executing...</Message>
          <Message>[5/9/2018 9:56:50 PM]&lt;Info&gt;AllBrowserWindow : Locating browser window...</Message>
          <Message>[5/9/2018 9:57:30 PM]&lt;INFO&gt;PaypalLoginNewControls : method executing...</Message>
          <Message>[5/9/2018 9:57:30 PM]&lt;Info&gt;AllBrowserWindow : Locating browser window...</Message>
          <Message>
            Assert.Fail failed. [5/9/2018 9:57:55 PM]&lt;Error&gt;AllBrowserWindow : failed executing ...Unable to find Windows Internet Explorer window with 'HorizonHobby - Review Order - Internet Explorer' in the title.,
            StackTrace:
            AllBrowserWindow(),SharedBorderFree.cs,Line Number:1033
            PayPalCheckoutPuertoRicoVirginIslandsAddress(),CheckoutPayPal.cs,Line Number:1317
          </Message>
          <Message>[5/9/2018 9:57:55 PM]&lt;CaptureImage&gt;\\CMP01-YKumar\AutoLog\CMP01-INDIASQA\PayPalCheckoutPuertoRicoVirginIslandsAddress_20180509215755.png</Message>
          <Message>[5/9/2018 9:57:55 PM]&lt;INFO&gt;KeyboardSendKeys method executing...</Message>
          <Message>[5/9/2018 9:57:55 PM]&lt;INFO&gt;GetShippingMethodRadioButtonControl : method executing</Message>
          <Message>[5/9/2018 9:57:55 PM]&lt;Info&gt;AllBrowserWindow : Locating browser window...</Message>
          <Message>
            Assert.Fail failed. [5/9/2018 9:58:20 PM]&lt;Error&gt;AllBrowserWindow : failed executing ...Unable to find Windows Internet Explorer window with 'HorizonHobby - Review Order - Internet Explorer' in the title.,
            StackTrace:
            AllBrowserWindow(),SharedBorderFree.cs,Line Number:1033
            GetShippingMethodRadioButtonControl(),SharedCheckoutCreditCard.cs,Line Number:434
            ShippingMethodSelection(),SharedCheckoutCreditCard.cs,Line Number:295
            PayPalCheckoutPuertoRicoVirginIslandsAddress(),CheckoutPayPal.cs,Line Number:1322
          </Message>
          <Message>[5/9/2018 9:58:20 PM]&lt;CaptureImage&gt;\\CMP01-YKumar\AutoLog\CMP01-INDIASQA\PayPalCheckoutPuertoRicoVirginIslandsAddress_20180509215820.png</Message>
          <Message>[5/9/2018 9:58:23 PM]&lt;INFO&gt;ShippingMethodSelection : method executing</Message>
          <Message>[5/9/2018 9:58:23 PM]&lt;Info&gt;AllBrowserWindow : Locating browser window...</Message>
          <Message>
            Assert.Fail failed. [5/9/2018 9:58:48 PM]&lt;Error&gt;AllBrowserWindow : failed executing ...Unable to find Windows Internet Explorer window with 'HorizonHobby - Review Order - Internet Explorer' in the title.,
            StackTrace:
            AllBrowserWindow(),SharedBorderFree.cs,Line Number:1033
            ShippingMethodSelection(),SharedCheckoutCreditCard.cs,Line Number:306
            PayPalCheckoutPuertoRicoVirginIslandsAddress(),CheckoutPayPal.cs,Line Number:1322
          </Message>
          <Message>[5/9/2018 9:58:48 PM]&lt;CaptureImage&gt;\\CMP01-YKumar\AutoLog\CMP01-INDIASQA\PayPalCheckoutPuertoRicoVirginIslandsAddress_20180509215848.png</Message>
          <Message>[5/9/2018 9:58:53 PM]&lt;INFO&gt;GetAllShippingOptions : is executing ...</Message>
          <Message>[5/9/2018 9:58:53 PM]&lt;Info&gt;AllBrowserWindow : Locating browser window...</Message>
          <Message>
            Assert.Fail failed. [5/9/2018 9:59:17 PM]&lt;Error&gt;AllBrowserWindow : failed executing ...Unable to find Windows Internet Explorer window with 'HorizonHobby - Shipping and Billing Display - Internet Explorer' in the title.,
            StackTrace:
            AllBrowserWindow(),SharedBorderFree.cs,Line Number:1033
            GetAllShippingOptions(),SharedShoppingCart.cs,Line Number:380
            ShippingMethodSelection(),SharedCheckoutCreditCard.cs,Line Number:317
            PayPalCheckoutPuertoRicoVirginIslandsAddress(),CheckoutPayPal.cs,Line Number:1322
          </Message>
          <Message>[5/9/2018 9:59:17 PM]&lt;CaptureImage&gt;\\CMP01-YKumar\AutoLog\CMP01-INDIASQA\PayPalCheckoutPuertoRicoVirginIslandsAddress_20180509215917.png</Message>
          <Message>
            Assert.Fail failed. [5/9/2018 9:59:20 PM]&lt;Error&gt;PayPalCheckoutPuertoRicoVirginIslandsAddress : failed executing ...The given key was not present in the dictionary.,
            StackTrace:
            PayPalCheckoutPuertoRicoVirginIslandsAddress(),CheckoutPayPal.cs,Line Number:1345
          </Message>
          <Message>[5/9/2018 9:59:20 PM]&lt;CaptureImage&gt;\\CMP01-YKumar\AutoLog\CMP01-INDIASQA\PayPalCheckoutPuertoRicoVirginIslandsAddress_20180509215920.png</Message>
          <Message>[5/9/2018 9:59:20 PM]&lt;RESULT&gt;Test Ended:#PASS=0, #FAIL=0,#Other errors=5</Message>
          <Message>[5/9/2018 9:59:21 PM]&lt;INFO&gt;LogCPUAndMemoryUsage: Available Memory = 24108(MB), CPU Usage = 6.492907%</Message>
          <Message>[5/9/2018 9:59:21 PM]&lt;INFO&gt;Private Working Set for QTAgent32_40, usage=454244 (K)</Message>
          <Message>[5/9/2018 9:59:21 PM]&lt;RESULT&gt;&lt;PayPalCheckoutPuertoRicoVirginIslandsAddress&gt; Test FAILED: #Other errors=5. See Error Message/logs for further details.</Message>
        </TextMessages>
      </Output>
      <ResultFiles>
        <ResultFile path="CMP01-INDIASQA.horizonhobby.com\CheckoutPaypalTestData_215613.xml" />
        <ResultFile path="CMP01-INDIASQA.horizonhobby.com\PayPalCheckoutPuertoRicoVirginIslandsAddress_20180509215613.log" />
        <ResultFile path="CMP01-INDIASQA.horizonhobby.com\PayPalCheckoutPuertoRicoVirginIslandsAddress_20180509215755.png" />
        <ResultFile path="CMP01-INDIASQA.horizonhobby.com\PayPalCheckoutPuertoRicoVirginIslandsAddress_20180509215820.png" />
        <ResultFile path="CMP01-INDIASQA.horizonhobby.com\PayPalCheckoutPuertoRicoVirginIslandsAddress_20180509215848.png" />
        <ResultFile path="CMP01-INDIASQA.horizonhobby.com\PayPalCheckoutPuertoRicoVirginIslandsAddress_20180509215917.png" />
        <ResultFile path="CMP01-INDIASQA.horizonhobby.com\PayPalCheckoutPuertoRicoVirginIslandsAddress_20180509215920.png" />
        <ResultFile path="CMP01-INDIASQA.horizonhobby.com\PayPalCheckoutPuertoRicoVirginIslandsAddress_ResultsONLY_20180509215613.log" />
        <ResultFile path="CMP01-INDIASQA.horizonhobby.com\SharedCommonConfig.xml" />
      </ResultFiles>
    </UnitTestResult>
    <UnitTestResult executionId="3bfcf5e0-b77d-4c87-a57b-e6c53bac78e1" testId="b3dff735-4c68-32d3-4545-69fdcb6b6072" testName="PayPalCheckoutPOBoxAddress" computerName="CMP01-INDIASQA" duration="00:04:56.6491793" startTime="2018-05-09T21:59:24.0108797-05:00" endTime="2018-05-09T22:04:20.7078797-05:00" testType="13cdc9d9-ddb5-4fa4-a97d-d965ccfc6d4b" outcome="Failed" testListId="8c84fa94-04c1-424b-9868-57a2d4851a1d" relativeResultsDirectory="3bfcf5e0-b77d-4c87-a57b-e6c53bac78e1">
      <Output>
        <StdOut>Logging to custom path:\\CMP01-YKumar\AutoLog</StdOut>
        <ErrorInfo>
          <Message>
            Assert.Fail failed.
            #Other errors=5
            [Error details below]
          </Message>
          <StackTrace>
            at TestAuto.LoggingAndSharedGenericMethods.EndTest() in c:\Builds\1\WebSphere\QATestAutomation\src\CodedUITest\SourceCode\Common\Logging\Logging.cs:line 1628
            at TestAuto.CheckoutPayPal.TestCleanup() in c:\Builds\1\WebSphere\QATestAutomation\src\CodedUITest\SourceCode\HHobby\Checkout\CheckoutPayPal.cs:line 2307
          </StackTrace>
        </ErrorInfo>
        <TextMessages>
          <Message>
            [5/9/2018 9:59:24 PM]&lt;STARTLOG&gt;&lt;PayPalCheckoutPOBoxAddress&gt;Test Started: Expecting: #PASS=Undefined and #FAIL=0
            Running from MTM=True, running on machine name:CMP01-INDIASQA, user name=ykumar, OS=Microsoft Windows NT 6.1.7601 Service Pack 1, Is64BitOS=True
          </Message>
          <Message>[5/9/2018 9:59:25 PM]&lt;INFO&gt;LogCPUAndMemoryUsage: Available Memory = 24156(MB), CPU Usage = 18.1813%</Message>
          <Message>[5/9/2018 9:59:25 PM]&lt;INFO&gt;Private Working Set for QTAgent32_40, usage=454488 (K)</Message>
          <Message>[5/9/2018 9:59:25 PM]&lt;INFO&gt;Path To TestConfig xml=E:\LoadTestResult\VSEQT\QTAgent\26924\CMP01-INDIASQA.horizonhobby.com\Deployment\SharedCommonConfig.xml</Message>
          <Message>[5/9/2018 9:59:25 PM]&lt;INFO&gt;Path To TestData xml=E:\LoadTestResult\VSEQT\QTAgent\26924\CMP01-INDIASQA.horizonhobby.com\Deployment\CheckoutPaypalTestData_215924.xml</Message>
          <Message>[5/9/2018 9:59:25 PM]&lt;INFO&gt;Path To HorizonHobbyQA Application Url=https://www-tst.horizonhobby.com</Message>
          <Message>[5/9/2018 9:59:25 PM]&lt;INFO&gt;HorizonHobbyQA sql connection string=Server=cmp02-ws-tst-db01:50000;Database=TST01DB;UID=wcdbuser;PWD=h0r1z0n;Connect Timeout=30</Message>
          <Message>[5/9/2018 9:59:25 PM]&lt;INFO&gt;Country is := US and language id is := '-1'</Message>
          <Message>[5/9/2018 9:59:25 PM]&lt;INFO&gt;Current browser used for test execution is = 'IE'</Message>
          <Message>[5/9/2018 9:59:29 PM]&lt;Info&gt;AllBrowserWindow : Locating browser window...</Message>
          <Message>[5/9/2018 9:59:36 PM]&lt;INFO&gt;SearchProductexecuting ... Searching term:= 'LOS250010'</Message>
          <Message>[5/9/2018 9:59:42 PM]&lt;Info&gt;AllBrowserWindow : Locating browser window...</Message>
          <Message>[5/9/2018 9:59:43 PM]&lt;INFO&gt;BackOrderClickexecuting ...</Message>
          <Message>[5/9/2018 9:59:43 PM]&lt;INFO&gt;GoToCartClickexecuting ...</Message>
          <Message>[5/9/2018 9:59:50 PM]&lt;Info&gt;AllBrowserWindow : Locating browser window...</Message>
          <Message>[5/9/2018 9:59:59 PM]&lt;INFO&gt;ClickPayPalLink : method executing...</Message>
          <Message>[5/9/2018 10:00:04 PM]&lt;INFO&gt;LoginPayPal : method executing...</Message>
          <Message>[5/9/2018 10:00:04 PM]&lt;Info&gt;AllBrowserWindow : Locating browser window...</Message>
          <Message>[5/9/2018 10:02:27 PM]&lt;INFO&gt;PaypalLoginNewControls : method executing...</Message>
          <Message>[5/9/2018 10:02:27 PM]&lt;Info&gt;AllBrowserWindow : Locating browser window...</Message>
          <Message>
            Assert.Fail failed. [5/9/2018 10:02:52 PM]&lt;Error&gt;AllBrowserWindow : failed executing ...Unable to find Windows Internet Explorer window with 'HorizonHobby - Review Order - Internet Explorer' in the title.,
            StackTrace:
            AllBrowserWindow(),SharedBorderFree.cs,Line Number:1033
            PayPalCheckoutPOBoxAddress(),CheckoutPayPal.cs,Line Number:1040
          </Message>
          <Message>[5/9/2018 10:02:52 PM]&lt;CaptureImage&gt;\\CMP01-YKumar\AutoLog\CMP01-INDIASQA\PayPalCheckoutPOBoxAddress_20180509220252.png</Message>
          <Message>[5/9/2018 10:02:52 PM]&lt;INFO&gt;KeyboardSendKeys method executing...</Message>
          <Message>[5/9/2018 10:02:52 PM]&lt;INFO&gt;GetShippingMethodRadioButtonControl : method executing</Message>
          <Message>[5/9/2018 10:02:52 PM]&lt;Info&gt;AllBrowserWindow : Locating browser window...</Message>
          <Message>
            Assert.Fail failed. [5/9/2018 10:03:17 PM]&lt;Error&gt;AllBrowserWindow : failed executing ...Unable to find Windows Internet Explorer window with 'HorizonHobby - Review Order - Internet Explorer' in the title.,
            StackTrace:
            AllBrowserWindow(),SharedBorderFree.cs,Line Number:1033
            GetShippingMethodRadioButtonControl(),SharedCheckoutCreditCard.cs,Line Number:434
            ShippingMethodSelection(),SharedCheckoutCreditCard.cs,Line Number:295
            PayPalCheckoutPOBoxAddress(),CheckoutPayPal.cs,Line Number:1043
          </Message>
          <Message>[5/9/2018 10:03:17 PM]&lt;CaptureImage&gt;\\CMP01-YKumar\AutoLog\CMP01-INDIASQA\PayPalCheckoutPOBoxAddress_20180509220317.png</Message>
          <Message>[5/9/2018 10:03:20 PM]&lt;INFO&gt;ShippingMethodSelection : method executing</Message>
          <Message>[5/9/2018 10:03:20 PM]&lt;Info&gt;AllBrowserWindow : Locating browser window...</Message>
          <Message>
            Assert.Fail failed. [5/9/2018 10:03:45 PM]&lt;Error&gt;AllBrowserWindow : failed executing ...Unable to find Windows Internet Explorer window with 'HorizonHobby - Review Order - Internet Explorer' in the title.,
            StackTrace:
            AllBrowserWindow(),SharedBorderFree.cs,Line Number:1033
            ShippingMethodSelection(),SharedCheckoutCreditCard.cs,Line Number:306
            PayPalCheckoutPOBoxAddress(),CheckoutPayPal.cs,Line Number:1043
          </Message>
          <Message>[5/9/2018 10:03:45 PM]&lt;CaptureImage&gt;\\CMP01-YKumar\AutoLog\CMP01-INDIASQA\PayPalCheckoutPOBoxAddress_20180509220345.png</Message>
          <Message>[5/9/2018 10:03:50 PM]&lt;INFO&gt;GetAllShippingOptions : is executing ...</Message>
          <Message>[5/9/2018 10:03:50 PM]&lt;Info&gt;AllBrowserWindow : Locating browser window...</Message>
          <Message>
            Assert.Fail failed. [5/9/2018 10:04:14 PM]&lt;Error&gt;AllBrowserWindow : failed executing ...Unable to find Windows Internet Explorer window with 'HorizonHobby - Shipping and Billing Display - Internet Explorer' in the title.,
            StackTrace:
            AllBrowserWindow(),SharedBorderFree.cs,Line Number:1033
            GetAllShippingOptions(),SharedShoppingCart.cs,Line Number:380
            ShippingMethodSelection(),SharedCheckoutCreditCard.cs,Line Number:317
            PayPalCheckoutPOBoxAddress(),CheckoutPayPal.cs,Line Number:1043
          </Message>
          <Message>[5/9/2018 10:04:14 PM]&lt;CaptureImage&gt;\\CMP01-YKumar\AutoLog\CMP01-INDIASQA\PayPalCheckoutPOBoxAddress_20180509220414.png</Message>
          <Message>
            Assert.Fail failed. [5/9/2018 10:04:17 PM]&lt;Error&gt;PayPalCheckoutPOBoxAddress : failed executing ...The given key was not present in the dictionary.,
            StackTrace:
            PayPalCheckoutPOBoxAddress(),CheckoutPayPal.cs,Line Number:1096
          </Message>
          <Message>[5/9/2018 10:04:17 PM]&lt;CaptureImage&gt;\\CMP01-YKumar\AutoLog\CMP01-INDIASQA\PayPalCheckoutPOBoxAddress_20180509220417.png</Message>
          <Message>[5/9/2018 10:04:17 PM]&lt;RESULT&gt;Test Ended:#PASS=0, #FAIL=0,#Other errors=5</Message>
          <Message>[5/9/2018 10:04:18 PM]&lt;INFO&gt;LogCPUAndMemoryUsage: Available Memory = 24104(MB), CPU Usage = 12.14229%</Message>
          <Message>[5/9/2018 10:04:18 PM]&lt;INFO&gt;Private Working Set for QTAgent32_40, usage=453756 (K)</Message>
          <Message>[5/9/2018 10:04:18 PM]&lt;RESULT&gt;&lt;PayPalCheckoutPOBoxAddress&gt; Test FAILED: #Other errors=5. See Error Message/logs for further details.</Message>
        </TextMessages>
      </Output>
      <ResultFiles>
        <ResultFile path="CMP01-INDIASQA.horizonhobby.com\CheckoutPaypalTestData_215924.xml" />
        <ResultFile path="CMP01-INDIASQA.horizonhobby.com\PayPalCheckoutPOBoxAddress_20180509215924.log" />
        <ResultFile path="CMP01-INDIASQA.horizonhobby.com\PayPalCheckoutPOBoxAddress_20180509220252.png" />
        <ResultFile path="CMP01-INDIASQA.horizonhobby.com\PayPalCheckoutPOBoxAddress_20180509220317.png" />
        <ResultFile path="CMP01-INDIASQA.horizonhobby.com\PayPalCheckoutPOBoxAddress_20180509220345.png" />
        <ResultFile path="CMP01-INDIASQA.horizonhobby.com\PayPalCheckoutPOBoxAddress_20180509220414.png" />
        <ResultFile path="CMP01-INDIASQA.horizonhobby.com\PayPalCheckoutPOBoxAddress_20180509220417.png" />
        <ResultFile path="CMP01-INDIASQA.horizonhobby.com\PayPalCheckoutPOBoxAddress_ResultsONLY_20180509215924.log" />
        <ResultFile path="CMP01-INDIASQA.horizonhobby.com\SharedCommonConfig.xml" />
      </ResultFiles>
    </UnitTestResult>
    <UnitTestResult executionId="421eb9b6-f4d7-4dcf-b4a6-ce7c5bc8ad55" testId="8b8bc6f6-6610-37ce-c0a4-7717e5798697" testName="PayPalCheckoutAPOFPOAddress" computerName="CMP01-INDIASQA" duration="00:06:21.0364817" startTime="2018-05-09T22:04:20.7088797-05:00" endTime="2018-05-09T22:10:41.7998797-05:00" testType="13cdc9d9-ddb5-4fa4-a97d-d965ccfc6d4b" outcome="Failed" testListId="8c84fa94-04c1-424b-9868-57a2d4851a1d" relativeResultsDirectory="421eb9b6-f4d7-4dcf-b4a6-ce7c5bc8ad55">
      <Output>
        <StdOut>Logging to custom path:\\CMP01-YKumar\AutoLog</StdOut>
        <ErrorInfo>
          <Message>
            Assert.Fail failed.
            #Other errors=5
            [Error details below]
          </Message>
          <StackTrace>
            at TestAuto.LoggingAndSharedGenericMethods.EndTest() in c:\Builds\1\WebSphere\QATestAutomation\src\CodedUITest\SourceCode\Common\Logging\Logging.cs:line 1628
            at TestAuto.CheckoutPayPal.TestCleanup() in c:\Builds\1\WebSphere\QATestAutomation\src\CodedUITest\SourceCode\HHobby\Checkout\CheckoutPayPal.cs:line 2307
          </StackTrace>
        </ErrorInfo>
        <TextMessages>
          <Message>
            [5/9/2018 10:04:20 PM]&lt;STARTLOG&gt;&lt;PayPalCheckoutAPOFPOAddress&gt;Test Started: Expecting: #PASS=Undefined and #FAIL=0
            Running from MTM=True, running on machine name:CMP01-INDIASQA, user name=ykumar, OS=Microsoft Windows NT 6.1.7601 Service Pack 1, Is64BitOS=True
          </Message>
          <Message>[5/9/2018 10:04:21 PM]&lt;INFO&gt;LogCPUAndMemoryUsage: Available Memory = 24187(MB), CPU Usage = 17.20726%</Message>
          <Message>[5/9/2018 10:04:21 PM]&lt;INFO&gt;Private Working Set for QTAgent32_40, usage=453928 (K)</Message>
          <Message>[5/9/2018 10:04:21 PM]&lt;INFO&gt;Path To TestConfig xml=E:\LoadTestResult\VSEQT\QTAgent\26924\CMP01-INDIASQA.horizonhobby.com\Deployment\SharedCommonConfig.xml</Message>
          <Message>[5/9/2018 10:04:21 PM]&lt;INFO&gt;Path To TestData xml=E:\LoadTestResult\VSEQT\QTAgent\26924\CMP01-INDIASQA.horizonhobby.com\Deployment\CheckoutPaypalTestData_220420.xml</Message>
          <Message>[5/9/2018 10:04:21 PM]&lt;INFO&gt;Path To HorizonHobbyQA Application Url=https://www-tst.horizonhobby.com</Message>
          <Message>[5/9/2018 10:04:21 PM]&lt;INFO&gt;HorizonHobbyQA sql connection string=Server=cmp02-ws-tst-db01:50000;Database=TST01DB;UID=wcdbuser;PWD=h0r1z0n;Connect Timeout=30</Message>
          <Message>[5/9/2018 10:04:21 PM]&lt;INFO&gt;Country is := US and language id is := '-1'</Message>
          <Message>[5/9/2018 10:04:21 PM]&lt;INFO&gt;Current browser used for test execution is = 'IE'</Message>
          <Message>[5/9/2018 10:04:25 PM]&lt;Info&gt;AllBrowserWindow : Locating browser window...</Message>
          <Message>[5/9/2018 10:04:29 PM]&lt;INFO&gt;SearchProductexecuting ... Searching term:= 'TAM81727'</Message>
          <Message>[5/9/2018 10:04:36 PM]&lt;Info&gt;AllBrowserWindow : Locating browser window...</Message>
          <Message>[5/9/2018 10:04:36 PM]&lt;INFO&gt;BackOrderClickexecuting ...</Message>
          <Message>[5/9/2018 10:04:37 PM]&lt;INFO&gt;GoToCartClickexecuting ...</Message>
          <Message>[5/9/2018 10:04:43 PM]&lt;Info&gt;AllBrowserWindow : Locating browser window...</Message>
          <Message>[5/9/2018 10:04:53 PM]&lt;INFO&gt;CheckoutProcessStartShoppingCart : method executing</Message>
          <Message>[5/9/2018 10:04:53 PM]&lt;Info&gt;AllBrowserWindow : Locating browser window...</Message>
          <Message>[5/9/2018 10:05:00 PM]&lt;INFO&gt;CheckoutShoppingCartControls : method executing</Message>
          <Message>[5/9/2018 10:05:00 PM]&lt;Info&gt;AllBrowserWindow : Locating browser window...</Message>
          <Message>[5/9/2018 10:05:15 PM]&lt;Info&gt;AllBrowserWindow : Locating browser window...</Message>
          <Message>[5/9/2018 10:05:24 PM]&lt;Info&gt;AllBrowserWindow : Locating browser window...</Message>
          <Message>[5/9/2018 10:05:27 PM]&lt;INFO&gt;FillBillingAndShippingAddressexecuting ...</Message>
          <Message>[5/9/2018 10:05:27 PM]&lt;Info&gt;AllBrowserWindow : Locating browser window...</Message>
          <Message>[5/9/2018 10:05:30 PM]&lt;INFO&gt;SelectBillingCountryexecuting ...</Message>
          <Message>[5/9/2018 10:05:36 PM]&lt;INFO&gt;SelectBillingStateexecuting ...</Message>
          <Message>[5/9/2018 10:05:53 PM]&lt;INFO&gt;SelectShippingCountryexecuting ...</Message>
          <Message>[5/9/2018 10:05:57 PM]&lt;INFO&gt;SelectShippingStateexecuting ...</Message>
          <Message>[5/9/2018 10:06:04 PM]&lt;INFO&gt;SelectCheckoutPaymentRadiobutton : method executing</Message>
          <Message>[5/9/2018 10:06:04 PM]&lt;INFO&gt;CheckoutCreditCardShippingAndBillingControls : method executing</Message>
          <Message>[5/9/2018 10:06:04 PM]&lt;Info&gt;AllBrowserWindow : Locating browser window...</Message>
          <Message>[5/9/2018 10:06:21 PM]&lt;INFO&gt;ClickPayPalLink : method executing...</Message>
          <Message>[5/9/2018 10:06:26 PM]&lt;INFO&gt;LoginPayPal : method executing...</Message>
          <Message>[5/9/2018 10:06:26 PM]&lt;Info&gt;AllBrowserWindow : Locating browser window...</Message>
          <Message>[5/9/2018 10:08:48 PM]&lt;INFO&gt;PaypalLoginNewControls : method executing...</Message>
          <Message>[5/9/2018 10:08:48 PM]&lt;Info&gt;AllBrowserWindow : Locating browser window...</Message>
          <Message>
            Assert.Fail failed. [5/9/2018 10:09:12 PM]&lt;Error&gt;AllBrowserWindow : failed executing ...Unable to find Windows Internet Explorer window with 'HorizonHobby - Review Order - Internet Explorer' in the title.,
            StackTrace:
            AllBrowserWindow(),SharedBorderFree.cs,Line Number:1033
            PayPalCheckoutAPOFPOAddress(),CheckoutPayPal.cs,Line Number:1155
          </Message>
          <Message>[5/9/2018 10:09:12 PM]&lt;CaptureImage&gt;\\CMP01-YKumar\AutoLog\CMP01-INDIASQA\PayPalCheckoutAPOFPOAddress_20180509220912.png</Message>
          <Message>[5/9/2018 10:09:12 PM]&lt;INFO&gt;KeyboardSendKeys method executing...</Message>
          <Message>[5/9/2018 10:09:12 PM]&lt;INFO&gt;GetShippingMethodRadioButtonControl : method executing</Message>
          <Message>[5/9/2018 10:09:12 PM]&lt;Info&gt;AllBrowserWindow : Locating browser window...</Message>
          <Message>
            Assert.Fail failed. [5/9/2018 10:09:37 PM]&lt;Error&gt;AllBrowserWindow : failed executing ...Unable to find Windows Internet Explorer window with 'HorizonHobby - Review Order - Internet Explorer' in the title.,
            StackTrace:
            AllBrowserWindow(),SharedBorderFree.cs,Line Number:1033
            GetShippingMethodRadioButtonControl(),SharedCheckoutCreditCard.cs,Line Number:434
            ShippingMethodSelection(),SharedCheckoutCreditCard.cs,Line Number:295
            PayPalCheckoutAPOFPOAddress(),CheckoutPayPal.cs,Line Number:1158
          </Message>
          <Message>[5/9/2018 10:09:37 PM]&lt;CaptureImage&gt;\\CMP01-YKumar\AutoLog\CMP01-INDIASQA\PayPalCheckoutAPOFPOAddress_20180509220937.png</Message>
          <Message>[5/9/2018 10:09:41 PM]&lt;INFO&gt;ShippingMethodSelection : method executing</Message>
          <Message>[5/9/2018 10:09:41 PM]&lt;Info&gt;AllBrowserWindow : Locating browser window...</Message>
          <Message>
            Assert.Fail failed. [5/9/2018 10:10:05 PM]&lt;Error&gt;AllBrowserWindow : failed executing ...Unable to find Windows Internet Explorer window with 'HorizonHobby - Review Order - Internet Explorer' in the title.,
            StackTrace:
            AllBrowserWindow(),SharedBorderFree.cs,Line Number:1033
            ShippingMethodSelection(),SharedCheckoutCreditCard.cs,Line Number:306
            PayPalCheckoutAPOFPOAddress(),CheckoutPayPal.cs,Line Number:1158
          </Message>
          <Message>[5/9/2018 10:10:05 PM]&lt;CaptureImage&gt;\\CMP01-YKumar\AutoLog\CMP01-INDIASQA\PayPalCheckoutAPOFPOAddress_20180509221005.png</Message>
          <Message>[5/9/2018 10:10:10 PM]&lt;INFO&gt;GetAllShippingOptions : is executing ...</Message>
          <Message>[5/9/2018 10:10:10 PM]&lt;Info&gt;AllBrowserWindow : Locating browser window...</Message>
          <Message>
            Assert.Fail failed. [5/9/2018 10:10:35 PM]&lt;Error&gt;AllBrowserWindow : failed executing ...Unable to find Windows Internet Explorer window with 'HorizonHobby - Shipping and Billing Display - Internet Explorer' in the title.,
            StackTrace:
            AllBrowserWindow(),SharedBorderFree.cs,Line Number:1033
            GetAllShippingOptions(),SharedShoppingCart.cs,Line Number:380
            ShippingMethodSelection(),SharedCheckoutCreditCard.cs,Line Number:317
            PayPalCheckoutAPOFPOAddress(),CheckoutPayPal.cs,Line Number:1158
          </Message>
          <Message>[5/9/2018 10:10:35 PM]&lt;CaptureImage&gt;\\CMP01-YKumar\AutoLog\CMP01-INDIASQA\PayPalCheckoutAPOFPOAddress_20180509221035.png</Message>
          <Message>
            Assert.Fail failed. [5/9/2018 10:10:38 PM]&lt;Error&gt;PayPalCheckoutAPOFPOAddress : failed executing ...The given key was not present in the dictionary.,
            StackTrace:
            PayPalCheckoutAPOFPOAddress(),CheckoutPayPal.cs,Line Number:1229
          </Message>
          <Message>[5/9/2018 10:10:38 PM]&lt;CaptureImage&gt;\\CMP01-YKumar\AutoLog\CMP01-INDIASQA\PayPalCheckoutAPOFPOAddress_20180509221038.png</Message>
          <Message>[5/9/2018 10:10:38 PM]&lt;RESULT&gt;Test Ended:#PASS=0, #FAIL=0,#Other errors=5</Message>
          <Message>[5/9/2018 10:10:39 PM]&lt;INFO&gt;LogCPUAndMemoryUsage: Available Memory = 24038(MB), CPU Usage = 16.62285%</Message>
          <Message>[5/9/2018 10:10:39 PM]&lt;INFO&gt;Private Working Set for QTAgent32_40, usage=453408 (K)</Message>
          <Message>[5/9/2018 10:10:39 PM]&lt;RESULT&gt;&lt;PayPalCheckoutAPOFPOAddress&gt; Test FAILED: #Other errors=5. See Error Message/logs for further details.</Message>
        </TextMessages>
      </Output>
      <ResultFiles>
        <ResultFile path="CMP01-INDIASQA.horizonhobby.com\CheckoutPaypalTestData_220420.xml" />
        <ResultFile path="CMP01-INDIASQA.horizonhobby.com\PayPalCheckoutAPOFPOAddress_20180509220420.log" />
        <ResultFile path="CMP01-INDIASQA.horizonhobby.com\PayPalCheckoutAPOFPOAddress_20180509220912.png" />
        <ResultFile path="CMP01-INDIASQA.horizonhobby.com\PayPalCheckoutAPOFPOAddress_20180509220937.png" />
        <ResultFile path="CMP01-INDIASQA.horizonhobby.com\PayPalCheckoutAPOFPOAddress_20180509221005.png" />
        <ResultFile path="CMP01-INDIASQA.horizonhobby.com\PayPalCheckoutAPOFPOAddress_20180509221035.png" />
        <ResultFile path="CMP01-INDIASQA.horizonhobby.com\PayPalCheckoutAPOFPOAddress_20180509221038.png" />
        <ResultFile path="CMP01-INDIASQA.horizonhobby.com\PayPalCheckoutAPOFPOAddress_ResultsONLY_20180509220420.log" />
        <ResultFile path="CMP01-INDIASQA.horizonhobby.com\SharedCommonConfig.xml" />
      </ResultFiles>
    </UnitTestResult>
    <UnitTestResult executionId="e83934fc-885f-4e18-9dea-9929f90b7d8f" testId="0cfe4076-97ec-ca1b-990f-0bb7d4668ba6" testName="CategoryListItemDisplay" computerName="CMP01-INDIASQA" duration="00:03:37.6031122" startTime="2018-05-09T22:10:41.8008797-05:00" endTime="2018-05-09T22:14:19.4208797-05:00" testType="13cdc9d9-ddb5-4fa4-a97d-d965ccfc6d4b" outcome="Passed" testListId="8c84fa94-04c1-424b-9868-57a2d4851a1d" relativeResultsDirectory="e83934fc-885f-4e18-9dea-9929f90b7d8f">
      <Output>
        <StdOut>Logging to custom path:\\CMP01-YKumar\AutoLog</StdOut>
        <TextMessages>
          <Message>
            [5/9/2018 10:10:41 PM]&lt;STARTLOG&gt;&lt;CategoryListItemDisplay&gt;Test Started: Expecting: #PASS=Undefined and #FAIL=0
            Running from MTM=True, running on machine name:CMP01-INDIASQA, user name=ykumar, OS=Microsoft Windows NT 6.1.7601 Service Pack 1, Is64BitOS=True
          </Message>
          <Message>[5/9/2018 10:10:42 PM]&lt;INFO&gt;LogCPUAndMemoryUsage: Available Memory = 24174(MB), CPU Usage = 17.79169%</Message>
          <Message>[5/9/2018 10:10:42 PM]&lt;INFO&gt;Private Working Set for QTAgent32_40, usage=453540 (K)</Message>
          <Message>[5/9/2018 10:10:42 PM]&lt;INFO&gt;Path To TestConfig xml=E:\LoadTestResult\VSEQT\QTAgent\26924\CMP01-INDIASQA.horizonhobby.com\Deployment\SharedCommonConfig.xml</Message>
          <Message>[5/9/2018 10:10:42 PM]&lt;INFO&gt;Path To TestData xml=E:\LoadTestResult\VSEQT\QTAgent\26924\CMP01-INDIASQA.horizonhobby.com\Deployment\CategoryListLevel3TestData_221041.xml</Message>
          <Message>[5/9/2018 10:10:42 PM]&lt;INFO&gt;Path To HorizonHobbyQA Application Url=https://www-tst.horizonhobby.com</Message>
          <Message>[5/9/2018 10:10:42 PM]&lt;INFO&gt;HorizonHobbyQA sql connection string=Server=cmp02-ws-tst-db01:50000;Database=TST01DB;UID=wcdbuser;PWD=h0r1z0n;Connect Timeout=30</Message>
          <Message>[5/9/2018 10:10:42 PM]&lt;INFO&gt;Country is := US and language id is := '-1'</Message>
          <Message>[5/9/2018 10:10:42 PM]&lt;INFO&gt;Current browser used for test execution is = 'IE'</Message>
          <Message>[5/9/2018 10:10:45 PM]&lt;Info&gt;AllBrowserWindow : Locating browser window...</Message>
          <Message>[5/9/2018 10:10:46 PM]&lt;INFO&gt;GetMenuItems : method executing ... - Electric Boats</Message>
          <Message>[5/9/2018 10:10:48 PM]&lt;Info&gt;AllBrowserWindow : Locating browser window...</Message>
          <Message>[5/9/2018 10:11:04 PM]&lt;PASS&gt;&lt;CategoryListItemDisplay&gt;&lt;Validates product image does appear on Category 3 level page &gt;</Message>
          <Message>[5/9/2018 10:11:04 PM]&lt;Info&gt;AllBrowserWindow : Locating browser window...</Message>
          <Message>[5/9/2018 10:11:37 PM]&lt;PASS&gt;&lt;CategoryListItemDisplay&gt;&lt; Validates user is redirected to Product page on clicking on image link from Category 3 page&gt;</Message>
          <Message>[5/9/2018 10:11:37 PM]&lt;INFO&gt;GetMenuItems : method executing ... - Helicopter Engine Parts</Message>
          <Message>[5/9/2018 10:11:40 PM]&lt;Info&gt;AllBrowserWindow : Locating browser window...</Message>
          <Message>[5/9/2018 10:12:43 PM]&lt;PASS&gt;&lt;CategoryListItemDisplay&gt;&lt; Validates product image does not appear on Category 3 level page &gt;</Message>
          <Message>[5/9/2018 10:12:43 PM]&lt;Info&gt;AllBrowserWindow : Locating browser window...</Message>
          <Message>[5/9/2018 10:13:15 PM]&lt;PASS&gt;&lt;CategoryListItemDisplay&gt;&lt; Validates user is redirected to Product page on clicking on image link from Category 3 page&gt;</Message>
          <Message>[5/9/2018 10:13:17 PM]&lt;PASS&gt;&lt;CategoryListItemDisplay&gt;&lt; Validates product status of in stock item &gt;</Message>
          <Message>[5/9/2018 10:13:18 PM]&lt;PASS&gt;&lt;CategoryListItemDisplay&gt;&lt; Validates brand image does appears on Product's page &gt;</Message>
          <Message>[5/9/2018 10:13:20 PM]&lt;PASS&gt;&lt;CategoryListItemDisplay&gt;&lt; Validates product's review link &gt;</Message>
          <Message>[5/9/2018 10:13:20 PM]&lt;INFO&gt;GetMenuItems : method executing ... - Bind-N-Fly</Message>
          <Message>[5/9/2018 10:13:22 PM]&lt;Info&gt;AllBrowserWindow : Locating browser window...</Message>
          <Message>[5/9/2018 10:13:54 PM]&lt;PASS&gt;&lt;CategoryListItemDisplay&gt;&lt; Validates product's price is more than OLP &gt;</Message>
          <Message>[5/9/2018 10:13:54 PM]&lt;PASS&gt;&lt;CategoryListItemDisplay&gt;&lt; Validates product's price is more than OLP &gt;</Message>
          <Message>[5/9/2018 10:14:16 PM]&lt;PASS&gt;&lt;CategoryListItemDisplay&gt;&lt; Validates product's price is less than OLP &gt;</Message>
          <Message>[5/9/2018 10:14:16 PM]&lt;PASS&gt;&lt;CategoryListItemDisplay&gt;&lt; Validates free shipping message does not exist for item with price below OLP  &gt;</Message>
          <Message>[5/9/2018 10:14:16 PM]&lt;RESULT&gt;Test Ended:#PASS=11, #FAIL=0</Message>
          <Message>[5/9/2018 10:14:17 PM]&lt;INFO&gt;LogCPUAndMemoryUsage: Available Memory = 24129(MB), CPU Usage = 9.71442%</Message>
          <Message>[5/9/2018 10:14:17 PM]&lt;INFO&gt;Private Working Set for QTAgent32_40, usage=448648 (K)</Message>
          <Message>[5/9/2018 10:14:17 PM]&lt;RESULT&gt;&lt;CategoryListItemDisplay&gt; Test PASSED</Message>
        </TextMessages>
      </Output>
      <ResultFiles>
        <ResultFile path="CMP01-INDIASQA.horizonhobby.com\CategoryListItemDisplay_20180509221041.log" />
        <ResultFile path="CMP01-INDIASQA.horizonhobby.com\CategoryListItemDisplay_ResultsONLY_20180509221041.log" />
        <ResultFile path="CMP01-INDIASQA.horizonhobby.com\CategoryListLevel3TestData_221041.xml" />
        <ResultFile path="CMP01-INDIASQA.horizonhobby.com\SharedCommonConfig.xml" />
      </ResultFiles>
    </UnitTestResult>
    <UnitTestResult executionId="1a5a2a95-d44e-4217-870b-80501e4703d1" testId="3e18b799-23ba-a3ea-509c-0311e41dc3bc" testName="SearchItemDisplay" computerName="CMP01-INDIASQA" duration="00:02:48.6846523" startTime="2018-05-09T22:14:19.4218797-05:00" endTime="2018-05-09T22:17:08.1338797-05:00" testType="13cdc9d9-ddb5-4fa4-a97d-d965ccfc6d4b" outcome="Passed" testListId="8c84fa94-04c1-424b-9868-57a2d4851a1d" relativeResultsDirectory="1a5a2a95-d44e-4217-870b-80501e4703d1">
      <Output>
        <StdOut>Logging to custom path:\\CMP01-YKumar\AutoLog</StdOut>
        <TextMessages>
          <Message>
            [5/9/2018 10:14:19 PM]&lt;STARTLOG&gt;&lt;SearchItemDisplay&gt;Test Started: Expecting: #PASS=Undefined and #FAIL=0
            Running from MTM=True, running on machine name:CMP01-INDIASQA, user name=ykumar, OS=Microsoft Windows NT 6.1.7601 Service Pack 1, Is64BitOS=True
          </Message>
          <Message>[5/9/2018 10:14:20 PM]&lt;INFO&gt;LogCPUAndMemoryUsage: Available Memory = 24340(MB), CPU Usage = 16.23324%</Message>
          <Message>[5/9/2018 10:14:20 PM]&lt;INFO&gt;Private Working Set for QTAgent32_40, usage=448732 (K)</Message>
          <Message>[5/9/2018 10:14:20 PM]&lt;INFO&gt;Path To TestConfig xml=E:\LoadTestResult\VSEQT\QTAgent\26924\CMP01-INDIASQA.horizonhobby.com\Deployment\SharedCommonConfig.xml</Message>
          <Message>[5/9/2018 10:14:20 PM]&lt;INFO&gt;Path To TestData xml=E:\LoadTestResult\VSEQT\QTAgent\26924\CMP01-INDIASQA.horizonhobby.com\Deployment\SearchTestData_221419.xml</Message>
          <Message>[5/9/2018 10:14:20 PM]&lt;INFO&gt;Path To HorizonHobbyQA Application Url=https://www-tst.horizonhobby.com</Message>
          <Message>[5/9/2018 10:14:20 PM]&lt;INFO&gt;HorizonHobbyQA sql connection string=Server=cmp02-ws-tst-db01:50000;Database=TST01DB;UID=wcdbuser;PWD=h0r1z0n;Connect Timeout=30</Message>
          <Message>[5/9/2018 10:14:20 PM]&lt;INFO&gt;Country is := US and language id is := '-1'</Message>
          <Message>[5/9/2018 10:14:20 PM]&lt;INFO&gt;Current browser used for test execution is = 'IE'</Message>
          <Message>[5/9/2018 10:14:23 PM]&lt;INFO&gt;SearchProductexecuting ... Searching term:= 'rtf'</Message>
          <Message>[5/9/2018 10:14:48 PM]&lt;Info&gt;AllBrowserWindow : Locating browser window...</Message>
          <Message>[5/9/2018 10:14:49 PM]&lt;INFO&gt;ProductPageValidation : method executing ...</Message>
          <Message>[5/9/2018 10:14:49 PM]&lt;INFO&gt;GetProductName : method executing ...</Message>
          <Message>[5/9/2018 10:14:55 PM]&lt;PASS&gt;&lt;ProductPageValidation&gt;&lt;Validates the product listed in search result lies in selected category&gt;</Message>
          <Message>[5/9/2018 10:14:59 PM]&lt;Info&gt;AllBrowserWindow : Locating browser window...</Message>
          <Message>[5/9/2018 10:15:16 PM]&lt;INFO&gt;ProductPageValidation : method executing ...</Message>
          <Message>[5/9/2018 10:15:16 PM]&lt;INFO&gt;GetProductName : method executing ...</Message>
          <Message>[5/9/2018 10:15:19 PM]&lt;PASS&gt;&lt;ProductPageValidation&gt;&lt;Validates the product listed in search result lies in selected category&gt;</Message>
          <Message>[5/9/2018 10:15:19 PM]&lt;PASS&gt;&lt;ProductPageValidation&gt;&lt;Validates the product listed in search result lies in selected category&gt;</Message>
          <Message>[5/9/2018 10:15:19 PM]&lt;INFO&gt;GetProductBrandName : method executing ...</Message>
          <Message>[5/9/2018 10:15:20 PM]&lt;PASS&gt;&lt;ProductPageValidation&gt;&lt;Validates the search result list contains product for the filtered brand item only.&gt;</Message>
          <Message>[5/9/2018 10:15:22 PM]&lt;Info&gt;AllBrowserWindow : Locating browser window...</Message>
          <Message>[5/9/2018 10:15:46 PM]&lt;Info&gt;AllBrowserWindow : Locating browser window...</Message>
          <Message>[5/9/2018 10:16:23 PM]&lt;Info&gt;AllBrowserWindow : Locating browser window...</Message>
          <Message>[5/9/2018 10:16:38 PM]&lt;INFO&gt;SearchProductexecuting ... Searching term:= 'bnf'</Message>
          <Message>[5/9/2018 10:17:04 PM]&lt;PASS&gt;&lt;SearchItemDisplay&gt;&lt;Validates the product stock status &gt;</Message>
          <Message>[5/9/2018 10:17:04 PM]&lt;PASS&gt;&lt;SearchItemDisplay&gt;&lt;Validates the product stock status &gt;</Message>
          <Message>[5/9/2018 10:17:04 PM]&lt;RESULT&gt;Test Ended:#PASS=6, #FAIL=0</Message>
          <Message>[5/9/2018 10:17:05 PM]&lt;INFO&gt;LogCPUAndMemoryUsage: Available Memory = 24082(MB), CPU Usage = 7.95941%</Message>
          <Message>[5/9/2018 10:17:06 PM]&lt;INFO&gt;Private Working Set for QTAgent32_40, usage=448056 (K)</Message>
          <Message>[5/9/2018 10:17:06 PM]&lt;RESULT&gt;&lt;SearchItemDisplay&gt; Test PASSED</Message>
        </TextMessages>
      </Output>
      <ResultFiles>
        <ResultFile path="CMP01-INDIASQA.horizonhobby.com\SearchItemDisplay_20180509221419.log" />
        <ResultFile path="CMP01-INDIASQA.horizonhobby.com\SearchItemDisplay_ResultsONLY_20180509221419.log" />
        <ResultFile path="CMP01-INDIASQA.horizonhobby.com\SearchTestData_221419.xml" />
        <ResultFile path="CMP01-INDIASQA.horizonhobby.com\SharedCommonConfig.xml" />
      </ResultFiles>
    </UnitTestResult>
    <UnitTestResult executionId="820385a5-010e-4ea8-ab57-9a7499522ca5" testId="40e2ea83-847c-fa82-faa8-1bb181771603" testName="CategoryListSortOptionsDefault" computerName="CMP01-INDIASQA" duration="00:00:34.1564717" startTime="2018-05-09T22:17:08.1378797-05:00" endTime="2018-05-09T22:17:42.3308797-05:00" testType="13cdc9d9-ddb5-4fa4-a97d-d965ccfc6d4b" outcome="Passed" testListId="8c84fa94-04c1-424b-9868-57a2d4851a1d" relativeResultsDirectory="820385a5-010e-4ea8-ab57-9a7499522ca5">
      <Output>
        <StdOut>Logging to custom path:\\CMP01-YKumar\AutoLog</StdOut>
        <TextMessages>
          <Message>
            [5/9/2018 10:17:08 PM]&lt;STARTLOG&gt;&lt;CategoryListSortOptionsDefault&gt;Test Started: Expecting: #PASS=Undefined and #FAIL=0
            Running from MTM=True, running on machine name:CMP01-INDIASQA, user name=ykumar, OS=Microsoft Windows NT 6.1.7601 Service Pack 1, Is64BitOS=True
          </Message>
          <Message>[5/9/2018 10:17:09 PM]&lt;INFO&gt;LogCPUAndMemoryUsage: Available Memory = 24113(MB), CPU Usage = 16.70412%</Message>
          <Message>[5/9/2018 10:17:09 PM]&lt;INFO&gt;Private Working Set for QTAgent32_40, usage=448292 (K)</Message>
          <Message>[5/9/2018 10:17:09 PM]&lt;INFO&gt;Path To TestConfig xml=E:\LoadTestResult\VSEQT\QTAgent\26924\CMP01-INDIASQA.horizonhobby.com\Deployment\SharedCommonConfig.xml</Message>
          <Message>[5/9/2018 10:17:09 PM]&lt;INFO&gt;Path To TestData xml=E:\LoadTestResult\VSEQT\QTAgent\26924\CMP01-INDIASQA.horizonhobby.com\Deployment\CategoryListLevel3TestData_221708.xml</Message>
          <Message>[5/9/2018 10:17:09 PM]&lt;INFO&gt;Path To HorizonHobbyQA Application Url=https://www-tst.horizonhobby.com</Message>
          <Message>[5/9/2018 10:17:09 PM]&lt;INFO&gt;HorizonHobbyQA sql connection string=Server=cmp02-ws-tst-db01:50000;Database=TST01DB;UID=wcdbuser;PWD=h0r1z0n;Connect Timeout=30</Message>
          <Message>[5/9/2018 10:17:09 PM]&lt;INFO&gt;Country is := US and language id is := '-1'</Message>
          <Message>[5/9/2018 10:17:09 PM]&lt;INFO&gt;Current browser used for test execution is = 'IE'</Message>
          <Message>[5/9/2018 10:17:13 PM]&lt;INFO&gt;GetMenuItems : method executing ... - Almost Ready-to-Fly</Message>
          <Message>[5/9/2018 10:17:15 PM]&lt;Info&gt;AllBrowserWindow : Locating browser window...</Message>
          <Message>[5/9/2018 10:17:38 PM]&lt;PASS&gt;&lt;CategoryListSortOptionsDefault&gt;&lt; Validates sort option is Best Selling&gt;</Message>
          <Message>[5/9/2018 10:17:39 PM]&lt;PASS&gt;&lt;CategoryListSortOptionsDefault&gt;&lt; Validates sort option is Low to High&gt;</Message>
          <Message>[5/9/2018 10:17:39 PM]&lt;PASS&gt;&lt;CategoryListSortOptionsDefault&gt;&lt; Validates sort option is High to Low&gt;</Message>
          <Message>[5/9/2018 10:17:39 PM]&lt;PASS&gt;&lt;CategoryListSortOptionsDefault&gt;&lt; Validates sort option is Top Rated&gt;</Message>
          <Message>[5/9/2018 10:17:39 PM]&lt;PASS&gt;&lt;CategoryListSortOptionsDefault&gt;&lt; Validates sort option is Coming Soon&gt;</Message>
          <Message>[5/9/2018 10:17:39 PM]&lt;PASS&gt;&lt;CategoryListSortOptionsDefault&gt;&lt; Validates sort option is Brands&gt;</Message>
          <Message>[5/9/2018 10:17:39 PM]&lt;PASS&gt;&lt;CategoryListSortOptionsDefault&gt;&lt; Validates sort option is Name&gt;</Message>
          <Message>[5/9/2018 10:17:39 PM]&lt;PASS&gt;&lt;CategoryListSortOptionsDefault&gt;&lt; Validates default sort option is Best Selling&gt;</Message>
          <Message>[5/9/2018 10:17:39 PM]&lt;RESULT&gt;Test Ended:#PASS=8, #FAIL=0</Message>
          <Message>[5/9/2018 10:17:40 PM]&lt;INFO&gt;LogCPUAndMemoryUsage: Available Memory = 24184(MB), CPU Usage = 2.69438%</Message>
          <Message>[5/9/2018 10:17:40 PM]&lt;INFO&gt;Private Working Set for QTAgent32_40, usage=439868 (K)</Message>
          <Message>[5/9/2018 10:17:40 PM]&lt;RESULT&gt;&lt;CategoryListSortOptionsDefault&gt; Test PASSED</Message>
        </TextMessages>
      </Output>
      <ResultFiles>
        <ResultFile path="CMP01-INDIASQA.horizonhobby.com\CategoryListLevel3TestData_221708.xml" />
        <ResultFile path="CMP01-INDIASQA.horizonhobby.com\CategoryListSortOptionsDefault_20180509221708.log" />
        <ResultFile path="CMP01-INDIASQA.horizonhobby.com\CategoryListSortOptionsDefault_ResultsONLY_20180509221708.log" />
        <ResultFile path="CMP01-INDIASQA.horizonhobby.com\SharedCommonConfig.xml" />
      </ResultFiles>
    </UnitTestResult>
    <UnitTestResult executionId="1c7a6a5e-faeb-4958-8f2b-c857205a2046" testId="814e195f-ee31-910f-f162-767b7409e959" testName="CategoryListComparePageMinMax" computerName="CMP01-INDIASQA" duration="00:00:45.3946033" startTime="2018-05-09T22:17:42.3358797-05:00" endTime="2018-05-09T22:18:27.7518797-05:00" testType="13cdc9d9-ddb5-4fa4-a97d-d965ccfc6d4b" outcome="Passed" testListId="8c84fa94-04c1-424b-9868-57a2d4851a1d" relativeResultsDirectory="1c7a6a5e-faeb-4958-8f2b-c857205a2046">
      <Output>
        <StdOut>Logging to custom path:\\CMP01-YKumar\AutoLog</StdOut>
        <TextMessages>
          <Message>
            [5/9/2018 10:17:42 PM]&lt;STARTLOG&gt;&lt;CategoryListComparePageMinMax&gt;Test Started: Expecting: #PASS=Undefined and #FAIL=0
            Running from MTM=True, running on machine name:CMP01-INDIASQA, user name=ykumar, OS=Microsoft Windows NT 6.1.7601 Service Pack 1, Is64BitOS=True
          </Message>
          <Message>[5/9/2018 10:17:43 PM]&lt;INFO&gt;LogCPUAndMemoryUsage: Available Memory = 24334(MB), CPU Usage = 15.454%</Message>
          <Message>[5/9/2018 10:17:43 PM]&lt;INFO&gt;Private Working Set for QTAgent32_40, usage=448240 (K)</Message>
          <Message>[5/9/2018 10:17:43 PM]&lt;INFO&gt;Path To TestConfig xml=E:\LoadTestResult\VSEQT\QTAgent\26924\CMP01-INDIASQA.horizonhobby.com\Deployment\SharedCommonConfig.xml</Message>
          <Message>[5/9/2018 10:17:43 PM]&lt;INFO&gt;Path To TestData xml=E:\LoadTestResult\VSEQT\QTAgent\26924\CMP01-INDIASQA.horizonhobby.com\Deployment\CategoryListLevel3TestData_221742.xml</Message>
          <Message>[5/9/2018 10:17:43 PM]&lt;INFO&gt;Path To HorizonHobbyQA Application Url=https://www-tst.horizonhobby.com</Message>
          <Message>[5/9/2018 10:17:43 PM]&lt;INFO&gt;HorizonHobbyQA sql connection string=Server=cmp02-ws-tst-db01:50000;Database=TST01DB;UID=wcdbuser;PWD=h0r1z0n;Connect Timeout=30</Message>
          <Message>[5/9/2018 10:17:43 PM]&lt;INFO&gt;Country is := US and language id is := '-1'</Message>
          <Message>[5/9/2018 10:17:43 PM]&lt;INFO&gt;Current browser used for test execution is = 'IE'</Message>
          <Message>[5/9/2018 10:17:46 PM]&lt;INFO&gt;GetMenuItems : method executing ... - Almost Ready-to-Fly</Message>
          <Message>[5/9/2018 10:17:48 PM]&lt;Info&gt;AllBrowserWindow : Locating browser window...</Message>
          <Message>[5/9/2018 10:18:14 PM]&lt;PASS&gt;&lt;CategoryListComparePageMinMax&gt;&lt; Validates that compare button is disabled &gt;</Message>
          <Message>[5/9/2018 10:18:16 PM]&lt;PASS&gt;&lt;CategoryListComparePageMinMax&gt;&lt; Validates that Compare Button is disabled &gt;</Message>
          <Message>[5/9/2018 10:18:18 PM]&lt;PASS&gt;&lt;CategoryListComparePageMinMax&gt;&lt; Validates that Compare Button is enabled now &gt;</Message>
          <Message>[5/9/2018 10:18:24 PM]&lt;PASS&gt;&lt;CategoryListComparePageMinMax&gt;&lt; Message box with text The maximum number of products that can be compared is 4. Please refine your selection. appears &gt;</Message>
          <Message>[5/9/2018 10:18:24 PM]&lt;RESULT&gt;Test Ended:#PASS=4, #FAIL=0</Message>
          <Message>[5/9/2018 10:18:25 PM]&lt;INFO&gt;LogCPUAndMemoryUsage: Available Memory = 24172(MB), CPU Usage = 4.83939%</Message>
          <Message>[5/9/2018 10:18:25 PM]&lt;INFO&gt;Private Working Set for QTAgent32_40, usage=441424 (K)</Message>
          <Message>[5/9/2018 10:18:25 PM]&lt;RESULT&gt;&lt;CategoryListComparePageMinMax&gt; Test PASSED</Message>
        </TextMessages>
      </Output>
      <ResultFiles>
        <ResultFile path="CMP01-INDIASQA.horizonhobby.com\CategoryListComparePageMinMax_20180509221742.log" />
        <ResultFile path="CMP01-INDIASQA.horizonhobby.com\CategoryListComparePageMinMax_ResultsONLY_20180509221742.log" />
        <ResultFile path="CMP01-INDIASQA.horizonhobby.com\CategoryListLevel3TestData_221742.xml" />
        <ResultFile path="CMP01-INDIASQA.horizonhobby.com\SharedCommonConfig.xml" />
      </ResultFiles>
    </UnitTestResult>
    <UnitTestResult executionId="ff71891b-fd33-45d6-aac6-be56a7fa3c00" testId="92e8d70d-9aa5-7813-53a7-791ab41a783e" testName="PayPalInternationalAddressChanged" computerName="CMP01-INDIASQA" duration="00:07:25.1042609" startTime="2018-05-09T22:18:27.7528797-05:00" endTime="2018-05-09T22:25:52.8978797-05:00" testType="13cdc9d9-ddb5-4fa4-a97d-d965ccfc6d4b" outcome="Failed" testListId="8c84fa94-04c1-424b-9868-57a2d4851a1d" relativeResultsDirectory="ff71891b-fd33-45d6-aac6-be56a7fa3c00">
      <Output>
        <StdOut>Logging to custom path:\\CMP01-YKumar\AutoLog</StdOut>
        <ErrorInfo>
          <Message>
            Assert.Fail failed.
            Actual #FAIL=2, #Expected FAIL=0
            #Other errors=1
            [Error details below]
          </Message>
          <StackTrace>
            at TestAuto.LoggingAndSharedGenericMethods.EndTest() in c:\Builds\1\WebSphere\QATestAutomation\src\CodedUITest\SourceCode\Common\Logging\Logging.cs:line 1628
            at TestAuto.CheckoutPayPal.TestCleanup() in c:\Builds\1\WebSphere\QATestAutomation\src\CodedUITest\SourceCode\HHobby\Checkout\CheckoutPayPal.cs:line 2307
          </StackTrace>
        </ErrorInfo>
        <TextMessages>
          <Message>
            [5/9/2018 10:18:27 PM]&lt;STARTLOG&gt;&lt;PayPalInternationalAddressChanged&gt;Test Started: Expecting: #PASS=Undefined and #FAIL=0
            Running from MTM=True, running on machine name:CMP01-INDIASQA, user name=ykumar, OS=Microsoft Windows NT 6.1.7601 Service Pack 1, Is64BitOS=True
          </Message>
          <Message>[5/9/2018 10:18:28 PM]&lt;INFO&gt;LogCPUAndMemoryUsage: Available Memory = 24333(MB), CPU Usage = 11.79418%</Message>
          <Message>[5/9/2018 10:18:28 PM]&lt;INFO&gt;Private Working Set for QTAgent32_40, usage=449876 (K)</Message>
          <Message>[5/9/2018 10:18:28 PM]&lt;INFO&gt;Path To TestConfig xml=E:\LoadTestResult\VSEQT\QTAgent\26924\CMP01-INDIASQA.horizonhobby.com\Deployment\SharedCommonConfig.xml</Message>
          <Message>[5/9/2018 10:18:28 PM]&lt;INFO&gt;Path To TestData xml=E:\LoadTestResult\VSEQT\QTAgent\26924\CMP01-INDIASQA.horizonhobby.com\Deployment\CheckoutPaypalTestData_221827.xml</Message>
          <Message>[5/9/2018 10:18:29 PM]&lt;INFO&gt;Path To HorizonHobbyQA Application Url=https://www-tst.horizonhobby.com</Message>
          <Message>[5/9/2018 10:18:29 PM]&lt;INFO&gt;HorizonHobbyQA sql connection string=Server=cmp02-ws-tst-db01:50000;Database=TST01DB;UID=wcdbuser;PWD=h0r1z0n;Connect Timeout=30</Message>
          <Message>[5/9/2018 10:18:29 PM]&lt;INFO&gt;Country is := US and language id is := '-1'</Message>
          <Message>[5/9/2018 10:18:29 PM]&lt;INFO&gt;Current browser used for test execution is = 'IE'</Message>
          <Message>[5/9/2018 10:18:32 PM]&lt;Info&gt;AllBrowserWindow : Locating browser window...</Message>
          <Message>[5/9/2018 10:18:34 PM]&lt;INFO&gt;SurveyWindow : method executing ...</Message>
          <Message>[5/9/2018 10:18:44 PM]&lt;INFO&gt;ContinueOnCertificationErrorClickexecuting ...</Message>
          <Message>[5/9/2018 10:18:44 PM]&lt;Info&gt;DEAllBrowserWindow : Locating browser window...</Message>
          <Message>[5/9/2018 10:18:51 PM]&lt;INFO&gt;UserRegistration : method executing ...</Message>
          <Message>[5/9/2018 10:18:51 PM]&lt;Info&gt;AllBrowserWindow : Locating browser window...</Message>
          <Message>[5/9/2018 10:19:18 PM]&lt;Info&gt;AllBrowserWindow : Locating browser window...</Message>
          <Message>[5/9/2018 10:19:45 PM]&lt;Info&gt;AllBrowserWindow : Locating browser window...</Message>
          <Message>[5/9/2018 10:20:00 PM]&lt;INFO&gt;SearchProductexecuting ... Searching term:= 'BAD502014'</Message>
          <Message>[5/9/2018 10:20:06 PM]&lt;Info&gt;AllBrowserWindow : Locating browser window...</Message>
          <Message>[5/9/2018 10:20:07 PM]&lt;INFO&gt;BackOrderClickexecuting ...</Message>
          <Message>[5/9/2018 10:20:08 PM]&lt;INFO&gt;GoToCartClickexecuting ...</Message>
          <Message>[5/9/2018 10:20:14 PM]&lt;Info&gt;AllBrowserWindow : Locating browser window...</Message>
          <Message>[5/9/2018 10:20:24 PM]&lt;INFO&gt;CheckoutProcessStartShoppingCart : method executing</Message>
          <Message>[5/9/2018 10:20:24 PM]&lt;Info&gt;AllBrowserWindow : Locating browser window...</Message>
          <Message>[5/9/2018 10:20:32 PM]&lt;INFO&gt;CheckoutShoppingCartControls : method executing</Message>
          <Message>[5/9/2018 10:20:32 PM]&lt;Info&gt;AllBrowserWindow : Locating browser window...</Message>
          <Message>[5/9/2018 10:20:39 PM]&lt;Info&gt;AllBrowserWindow : Locating browser window...</Message>
          <Message>[5/9/2018 10:20:43 PM]&lt;INFO&gt;SelectCheckoutPaymentRadiobutton : method executing</Message>
          <Message>[5/9/2018 10:20:43 PM]&lt;INFO&gt;CheckoutCreditCardShippingAndBillingControls : method executing</Message>
          <Message>[5/9/2018 10:20:43 PM]&lt;Info&gt;AllBrowserWindow : Locating browser window...</Message>
          <Message>[5/9/2018 10:20:54 PM]&lt;INFO&gt;ClickPayPalLink : method executing...</Message>
          <Message>[5/9/2018 10:20:59 PM]&lt;INFO&gt;LoginPayPal : method executing...</Message>
          <Message>[5/9/2018 10:20:59 PM]&lt;Info&gt;AllBrowserWindow : Locating browser window...</Message>
          <Message>[5/9/2018 10:21:39 PM]&lt;INFO&gt;PaypalLoginNewControls : method executing...</Message>
          <Message>[5/9/2018 10:21:49 PM]&lt;Info&gt;AllBrowserWindow : Locating browser window...</Message>
          <Message>[5/9/2018 10:22:14 PM]&lt;INFO&gt;ClickContinueOnPayPal : method executing ...</Message>
          <Message>[5/9/2018 10:22:25 PM]&lt;INFO&gt;LoginPayPal : method executing...</Message>
          <Message>[5/9/2018 10:22:25 PM]&lt;Info&gt;AllBrowserWindow : Locating browser window...</Message>
          <Message>[5/9/2018 10:22:56 PM]&lt;INFO&gt;PaypalLoginNewControls : method executing...</Message>
          <Message>[5/9/2018 10:24:34 PM]&lt;Info&gt;AllBrowserWindow : Locating browser window...</Message>
          <Message>
            Assert.Fail failed. [5/9/2018 10:24:59 PM]&lt;Error&gt;AllBrowserWindow : failed executing ...Unable to find Windows Internet Explorer window with 'HorizonHobby - Shipping and Billing Display - Internet Explorer' in the title.,
            StackTrace:
            AllBrowserWindow(),SharedBorderFree.cs,Line Number:1033
            PayPalInternationalAddressChanged(),CheckoutPayPal.cs,Line Number:974
          </Message>
          <Message>[5/9/2018 10:24:59 PM]&lt;CaptureImage&gt;\\CMP01-YKumar\AutoLog\CMP01-INDIASQA\PayPalInternationalAddressChanged_20180509222459.png</Message>
          <Message>
            [5/9/2018 10:25:04 PM]&lt;FAIL&gt;&lt;PayPalInternationalAddressChanged&gt;&lt;Validating user sent back to shipping and billing method page&gt;.Assert.AreEqual failed. Expected:&lt;True&gt;. Actual:&lt;False&gt;.
            StackTrace:
            PayPalInternationalAddressChanged(),CheckoutPayPal.cs,Line Number:977
          </Message>
          <Message>[5/9/2018 10:25:04 PM]&lt;CaptureImage&gt;\\CMP01-YKumar\AutoLog\CMP01-INDIASQA\PayPalInternationalAddressChanged_20180509222504.png</Message>
          <Message>
            [5/9/2018 10:25:07 PM]&lt;FAIL&gt;&lt;PayPalInternationalAddressChanged&gt;&lt;Validating user sent back to shipping and billing method page&gt;.Assert.AreEqual failed. Expected:&lt;To ship outside United States using Paypal or Credit Card use international Shipping Method&gt;. Actual:&lt;&gt;.
            StackTrace:
            PayPalInternationalAddressChanged(),CheckoutPayPal.cs,Line Number:982
          </Message>
          <Message>[5/9/2018 10:25:07 PM]&lt;CaptureImage&gt;\\CMP01-YKumar\AutoLog\CMP01-INDIASQA\PayPalInternationalAddressChanged_20180509222507.png</Message>
          <Message>[5/9/2018 10:25:07 PM]&lt;INFO&gt;DeleteWishlistFromDatabase : method executing</Message>
          <Message>[5/9/2018 10:25:07 PM]&lt;INFO&gt;DeletOrderItem : method executing</Message>
          <Message>[5/9/2018 10:25:39 PM]&lt;RESULT&gt;Test Ended:#PASS=0, #FAIL=2,#Other errors=1</Message>
          <Message>[5/9/2018 10:25:40 PM]&lt;INFO&gt;LogCPUAndMemoryUsage: Available Memory = 24078(MB), CPU Usage = 6.103287%</Message>
          <Message>[5/9/2018 10:25:40 PM]&lt;INFO&gt;Private Working Set for QTAgent32_40, usage=454488 (K)</Message>
          <Message>
            [5/9/2018 10:25:40 PM]&lt;RESULT&gt;&lt;PayPalInternationalAddressChanged&gt; Test FAILED: Actual #FAIL=2, #Expected FAIL=0
            #Other errors=1. See Error Message/logs for further details.
          </Message>
        </TextMessages>
      </Output>
      <ResultFiles>
        <ResultFile path="CMP01-INDIASQA.horizonhobby.com\CheckoutPaypalTestData_221827.xml" />
        <ResultFile path="CMP01-INDIASQA.horizonhobby.com\PayPalInternationalAddressChanged_20180509221827.log" />
        <ResultFile path="CMP01-INDIASQA.horizonhobby.com\PayPalInternationalAddressChanged_20180509222459.png" />
        <ResultFile path="CMP01-INDIASQA.horizonhobby.com\PayPalInternationalAddressChanged_20180509222504.png" />
        <ResultFile path="CMP01-INDIASQA.horizonhobby.com\PayPalInternationalAddressChanged_20180509222507.png" />
        <ResultFile path="CMP01-INDIASQA.horizonhobby.com\PayPalInternationalAddressChanged_ResultsONLY_20180509221827.log" />
        <ResultFile path="CMP01-INDIASQA.horizonhobby.com\SharedCommonConfig.xml" />
      </ResultFiles>
    </UnitTestResult>
    <UnitTestResult executionId="ea37a71d-dd1d-414b-81ce-47524d1bc088" testId="e47c41dd-85b4-0d99-77e4-dac6e4cd0312" testName="PayPalSubmitOrderForGiftCardToDifferentAddressType" computerName="CMP01-INDIASQA" duration="00:05:11.2087226" startTime="2018-05-09T22:25:52.8988797-05:00" endTime="2018-05-09T22:31:04.1548797-05:00" testType="13cdc9d9-ddb5-4fa4-a97d-d965ccfc6d4b" outcome="Failed" testListId="8c84fa94-04c1-424b-9868-57a2d4851a1d" relativeResultsDirectory="ea37a71d-dd1d-414b-81ce-47524d1bc088">
      <Output>
        <StdOut>Logging to custom path:\\CMP01-YKumar\AutoLog</StdOut>
        <ErrorInfo>
          <Message>
            Assert.Fail failed.
            #Other errors=1
            [Error details below]
          </Message>
          <StackTrace>
            at TestAuto.LoggingAndSharedGenericMethods.EndTest() in c:\Builds\1\WebSphere\QATestAutomation\src\CodedUITest\SourceCode\Common\Logging\Logging.cs:line 1628
            at TestAuto.CheckoutPayPal.TestCleanup() in c:\Builds\1\WebSphere\QATestAutomation\src\CodedUITest\SourceCode\HHobby\Checkout\CheckoutPayPal.cs:line 2307
          </StackTrace>
        </ErrorInfo>
        <TextMessages>
          <Message>
            [5/9/2018 10:25:52 PM]&lt;STARTLOG&gt;&lt;PayPalSubmitOrderForGiftCardToDifferentAddressType&gt;Test Started: Expecting: #PASS=Undefined and #FAIL=0
            Running from MTM=True, running on machine name:CMP01-INDIASQA, user name=ykumar, OS=Microsoft Windows NT 6.1.7601 Service Pack 1, Is64BitOS=True
          </Message>
          <Message>[5/9/2018 10:25:53 PM]&lt;INFO&gt;LogCPUAndMemoryUsage: Available Memory = 24132(MB), CPU Usage = 20.76263%</Message>
          <Message>[5/9/2018 10:25:53 PM]&lt;INFO&gt;Private Working Set for QTAgent32_40, usage=454608 (K)</Message>
          <Message>[5/9/2018 10:25:53 PM]&lt;INFO&gt;Path To TestConfig xml=E:\LoadTestResult\VSEQT\QTAgent\26924\CMP01-INDIASQA.horizonhobby.com\Deployment\SharedCommonConfig.xml</Message>
          <Message>[5/9/2018 10:25:54 PM]&lt;INFO&gt;Path To TestData xml=E:\LoadTestResult\VSEQT\QTAgent\26924\CMP01-INDIASQA.horizonhobby.com\Deployment\CheckoutPaypalTestData_222552.xml</Message>
          <Message>[5/9/2018 10:25:54 PM]&lt;INFO&gt;Path To HorizonHobbyQA Application Url=https://www-tst.horizonhobby.com</Message>
          <Message>[5/9/2018 10:25:54 PM]&lt;INFO&gt;HorizonHobbyQA sql connection string=Server=cmp02-ws-tst-db01:50000;Database=TST01DB;UID=wcdbuser;PWD=h0r1z0n;Connect Timeout=30</Message>
          <Message>[5/9/2018 10:25:54 PM]&lt;INFO&gt;Country is := US and language id is := '-1'</Message>
          <Message>[5/9/2018 10:25:54 PM]&lt;INFO&gt;Current browser used for test execution is = 'IE'</Message>
          <Message>[5/9/2018 10:25:57 PM]&lt;INFO&gt;There are no records found in the table for stock status InStockGiftCard25</Message>
          <Message>[5/9/2018 10:25:57 PM]&lt;INFO&gt;SearchProductexecuting ... Searching term:= 'GIFT25'</Message>
          <Message>[5/9/2018 10:26:03 PM]&lt;INFO&gt;BackOrderClickexecuting ...</Message>
          <Message>[5/9/2018 10:26:04 PM]&lt;INFO&gt;GoToCartClickexecuting ...</Message>
          <Message>[5/9/2018 10:26:11 PM]&lt;Info&gt;AllBrowserWindow : Locating browser window...</Message>
          <Message>[5/9/2018 10:26:20 PM]&lt;PASS&gt;&lt;PayPalSubmitOrderForGiftCardToDifferentAddressType&gt;&lt;Validate that Paypal button is diasbled for Backorder Item on Shopping Cart Page&gt;</Message>
          <Message>[5/9/2018 10:26:20 PM]&lt;INFO&gt;CheckoutProcessStartShoppingCart : method executing</Message>
          <Message>[5/9/2018 10:26:20 PM]&lt;Info&gt;AllBrowserWindow : Locating browser window...</Message>
          <Message>[5/9/2018 10:26:28 PM]&lt;INFO&gt;CheckoutShoppingCartControls : method executing</Message>
          <Message>[5/9/2018 10:26:28 PM]&lt;Info&gt;AllBrowserWindow : Locating browser window...</Message>
          <Message>[5/9/2018 10:26:44 PM]&lt;Info&gt;AllBrowserWindow : Locating browser window...</Message>
          <Message>[5/9/2018 10:26:46 PM]&lt;INFO&gt;FillBillingAndShippingAddressexecuting ...</Message>
          <Message>[5/9/2018 10:26:46 PM]&lt;Info&gt;AllBrowserWindow : Locating browser window...</Message>
          <Message>[5/9/2018 10:26:51 PM]&lt;INFO&gt;SelectBillingCountryexecuting ...</Message>
          <Message>[5/9/2018 10:26:57 PM]&lt;INFO&gt;SelectBillingStateexecuting ...</Message>
          <Message>[5/9/2018 10:27:13 PM]&lt;INFO&gt;SelectShippingCountryexecuting ...</Message>
          <Message>[5/9/2018 10:27:17 PM]&lt;INFO&gt;SelectShippingStateexecuting ...</Message>
          <Message>[5/9/2018 10:27:31 PM]&lt;PASS&gt;&lt;PayPalSubmitOrderForGiftCardToDifferentAddressType&gt;&lt;Only one shipping method appears&gt;</Message>
          <Message>[5/9/2018 10:27:31 PM]&lt;PASS&gt;&lt;PayPalSubmitOrderForGiftCardToDifferentAddressType&gt;&lt;E-mail 0.00 shipping method appears&gt;</Message>
          <Message>[5/9/2018 10:27:31 PM]&lt;INFO&gt;SelectCheckoutPaymentRadiobutton : method executing</Message>
          <Message>[5/9/2018 10:27:31 PM]&lt;INFO&gt;CheckoutCreditCardShippingAndBillingControls : method executing</Message>
          <Message>[5/9/2018 10:27:31 PM]&lt;Info&gt;AllBrowserWindow : Locating browser window...</Message>
          <Message>[5/9/2018 10:27:41 PM]&lt;PASS&gt;&lt;PayPalSubmitOrderForGiftCardToDifferentAddressType&gt;&lt;Validate that Paypal button is diasbled for Backorder Item on Shipping &amp; Billing Method Page&gt;</Message>
          <Message>[5/9/2018 10:27:45 PM]&lt;INFO&gt;SelectCheckoutPaymentRadiobutton : method executing</Message>
          <Message>[5/9/2018 10:27:45 PM]&lt;INFO&gt;CheckoutCreditCardShippingAndBillingControls : method executing</Message>
          <Message>[5/9/2018 10:27:45 PM]&lt;Info&gt;AllBrowserWindow : Locating browser window...</Message>
          <Message>[5/9/2018 10:27:55 PM]&lt;INFO&gt;FillCreditCardDetails : method executing</Message>
          <Message>[5/9/2018 10:27:55 PM]&lt;INFO&gt;CheckoutCreditCardShippingAndBillingControls : method executing</Message>
          <Message>[5/9/2018 10:27:55 PM]&lt;Info&gt;AllBrowserWindow : Locating browser window...</Message>
          <Message>[5/9/2018 10:28:03 PM]&lt;INFO&gt;ClickReviewOrder : method executing</Message>
          <Message>[5/9/2018 10:28:03 PM]&lt;INFO&gt;CheckoutCreditCardShippingAndBillingControls : method executing</Message>
          <Message>[5/9/2018 10:28:03 PM]&lt;Info&gt;AllBrowserWindow : Locating browser window...</Message>
          <Message>[5/9/2018 10:28:08 PM]&lt;Info&gt;AllBrowserWindow : Locating browser window...</Message>
          <Message>[5/9/2018 10:28:09 PM]&lt;Info&gt;AllBrowserWindow : Locating browser window...</Message>
          <Message>
            Assert.Fail failed. [5/9/2018 10:28:43 PM]&lt;ERROR&gt;MouseClick Exception:Microsoft.VisualStudio.TestTools.UITest.Extension.FailedToPerformActionOnHiddenControlException: Cannot perform 'Click' on the hidden control. Additional Details:
            TechnologyName:  'Web'
            ControlType:  'Button'
            TagName:  'INPUT'
            Id:  'submitCS'
            Name:  ''
            DisplayText:  ' Place Order'
            Type:  'submit'
            ---&gt; System.Runtime.InteropServices.COMException: Exception from HRESULT: 0xF004F002
            at Microsoft.VisualStudio.TestTools.UITest.Playback.Engine.IScreenElement.MouseButtonClick(Int32 x, Int32 y, Int32 nButton, Int32 fEnsureVisible, String bstrKeyModifiers)
            at Microsoft.VisualStudio.TestTools.UITest.Playback.ScreenElement.MouseButtonClick(Int32 x, Int32 y, MouseButtons button, ModifierKeys modifierKeys, Int32 ensureVisible)
            at Microsoft.VisualStudio.TestTools.UITesting.UITestControl.Click(MouseButtons button, ModifierKeys modifierKeys, Point relativeCoordinates)
            --- End of inner exception stack trace ---
            at Microsoft.VisualStudio.TestTools.UITesting.Playback.MapAndThrowComException(COMException innerException, IPlaybackContext context)
            at Microsoft.VisualStudio.TestTools.UITesting.Playback.MapAndThrowException(SystemException exception, IPlaybackContext context)
            at Microsoft.VisualStudio.TestTools.UITesting.Playback.MapAndThrowException(SystemException exception, String actionName, UITestControl uiControl, Point point)
            at Microsoft.VisualStudio.TestTools.UITesting.UITestControl.Click(MouseButtons button, ModifierKeys modifierKeys, Point relativeCoordinates)
            at Microsoft.VisualStudio.TestTools.UITesting.UITestActionExecutorCore.Click(UITestControl control, MouseButtons button, ModifierKeys modifierKeys, Point relativeCoordinate)
            at Microsoft.VisualStudio.TestTools.UITesting.Mouse.ClickImplementation(UITestControl control, MouseButtons button, ModifierKeys modifierKeys, Point relativeCoordinate)
            at Microsoft.VisualStudio.TestTools.UITesting.Mouse.&lt;&gt;c__DisplayClass6.&lt;Click&gt;b__5()
            at Microsoft.VisualStudio.TestTools.UITesting.CodedUITestMethodInvoker.InvokeMethod[T](Func`1 function, UITestControl control, Boolean firePlaybackErrorEvent, Boolean logAsAction)
            at Microsoft.VisualStudio.TestTools.UITesting.Mouse.Click(UITestControl control, MouseButtons button, ModifierKeys modifierKeys, Point relativeCoordinate)
            at Microsoft.VisualStudio.TestTools.UITesting.Mouse.Click(UITestControl control)
            at TestAuto.LoggingAndSharedGenericMethods.MouseClick(UITestControl uiMenuItemTestControl) in c:\Builds\1\WebSphere\QATestAutomation\src\CodedUITest\SourceCode\Common\Logging\SharedMethods_Generic.cs:line 785,
            StackTrace:
            MouseClick(),SharedMethods_Generic.cs,Line Number:822
            PayPalSubmitOrderForGiftCardToDifferentAddressType(),CheckoutPayPal.cs,Line Number:1567
          </Message>
          <Message>[5/9/2018 10:28:43 PM]&lt;CaptureImage&gt;\\CMP01-YKumar\AutoLog\CMP01-INDIASQA\PayPalSubmitOrderForGiftCardToDifferentAddressType_20180509222843.png</Message>
          <Message>[5/9/2018 10:30:22 PM]&lt;Info&gt;AllBrowserWindow : Locating browser window...</Message>
          <Message>[5/9/2018 10:31:00 PM]&lt;RESULT&gt;Test Ended:#PASS=4, #FAIL=0,#Other errors=1</Message>
          <Message>[5/9/2018 10:31:02 PM]&lt;INFO&gt;LogCPUAndMemoryUsage: Available Memory = 24102(MB), CPU Usage = 1.817552%</Message>
          <Message>[5/9/2018 10:31:02 PM]&lt;INFO&gt;Private Working Set for QTAgent32_40, usage=451072 (K)</Message>
          <Message>[5/9/2018 10:31:02 PM]&lt;RESULT&gt;&lt;PayPalSubmitOrderForGiftCardToDifferentAddressType&gt; Test FAILED: #Other errors=1. See Error Message/logs for further details.</Message>
        </TextMessages>
      </Output>
      <ResultFiles>
        <ResultFile path="CMP01-INDIASQA.horizonhobby.com\CheckoutPaypalTestData_222552.xml" />
        <ResultFile path="CMP01-INDIASQA.horizonhobby.com\PayPalSubmitOrderForGiftCardToDifferentAddressType_20180509222552.log" />
        <ResultFile path="CMP01-INDIASQA.horizonhobby.com\PayPalSubmitOrderForGiftCardToDifferentAddressType_20180509222843.png" />
        <ResultFile path="CMP01-INDIASQA.horizonhobby.com\PayPalSubmitOrderForGiftCardToDifferentAddressType_ResultsONLY_20180509222552.log" />
        <ResultFile path="CMP01-INDIASQA.horizonhobby.com\SharedCommonConfig.xml" />
      </ResultFiles>
    </UnitTestResult>
    <UnitTestResult executionId="463c9e69-6875-4f45-b419-6bef0767fafe" testId="97142ab2-1ddd-37f6-d47c-ff8c21855981" testName="ProductPageStockStatusDisplay" computerName="CMP01-INDIASQA" duration="00:02:44.4019607" startTime="2018-05-09T22:31:04.1638797-05:00" endTime="2018-05-09T22:33:48.6038797-05:00" testType="13cdc9d9-ddb5-4fa4-a97d-d965ccfc6d4b" outcome="Passed" testListId="8c84fa94-04c1-424b-9868-57a2d4851a1d" relativeResultsDirectory="463c9e69-6875-4f45-b419-6bef0767fafe">
      <Output>
        <StdOut>Logging to custom path:\\CMP01-YKumar\AutoLog</StdOut>
        <TextMessages>
          <Message>
            [5/9/2018 10:31:04 PM]&lt;STARTLOG&gt;&lt;ProductPageStockStatusDisplay&gt;Test Started: Expecting: #PASS=Undefined and #FAIL=0
            Running from MTM=True, running on machine name:CMP01-INDIASQA, user name=ykumar, OS=Microsoft Windows NT 6.1.7601 Service Pack 1, Is64BitOS=True
          </Message>
          <Message>[5/9/2018 10:31:05 PM]&lt;INFO&gt;LogCPUAndMemoryUsage: Available Memory = 24117(MB), CPU Usage = 18.94294%</Message>
          <Message>[5/9/2018 10:31:05 PM]&lt;INFO&gt;Private Working Set for QTAgent32_40, usage=451204 (K)</Message>
          <Message>[5/9/2018 10:31:05 PM]&lt;INFO&gt;Path To TestConfig xml=E:\LoadTestResult\VSEQT\QTAgent\26924\CMP01-INDIASQA.horizonhobby.com\Deployment\SharedCommonConfig.xml</Message>
          <Message>[5/9/2018 10:31:05 PM]&lt;INFO&gt;Path To TestData xml=E:\LoadTestResult\VSEQT\QTAgent\26924\CMP01-INDIASQA.horizonhobby.com\Deployment\ProductPageTestData_223104.xml</Message>
          <Message>[5/9/2018 10:31:05 PM]&lt;INFO&gt;Path To HorizonHobbyQA Application Url=https://www-tst.horizonhobby.com</Message>
          <Message>[5/9/2018 10:31:05 PM]&lt;INFO&gt;HorizonHobbyQA sql connection string=Server=cmp02-ws-tst-db01:50000;Database=TST01DB;UID=wcdbuser;PWD=h0r1z0n;Connect Timeout=30</Message>
          <Message>[5/9/2018 10:31:05 PM]&lt;INFO&gt;Country is := US and language id is := '-1'</Message>
          <Message>[5/9/2018 10:31:05 PM]&lt;INFO&gt;Current browser used for test execution is = 'IE'</Message>
          <Message>[5/9/2018 10:31:09 PM]&lt;Info&gt;AllBrowserWindow : Locating browser window...</Message>
          <Message>[5/9/2018 10:31:12 PM]&lt;INFO&gt;SearchProductexecuting ... Searching term:= 'ALC708'</Message>
          <Message>[5/9/2018 10:31:19 PM]&lt;Info&gt;AllBrowserWindow : Locating browser window...</Message>
          <Message>[5/9/2018 10:31:20 PM]&lt;PASS&gt;&lt;ProductPageStockStatusDisplay&gt;&lt;Validates In Stock item 'Candy Emerald Green Enamel, 1oz' product has Add To Cart button&gt;</Message>
          <Message>[5/9/2018 10:31:23 PM]&lt;INFO&gt;SearchProductexecuting ... Searching term:= 'TLR256011'</Message>
          <Message>[5/9/2018 10:31:38 PM]&lt;Info&gt;AllBrowserWindow : Locating browser window...</Message>
          <Message>[5/9/2018 10:31:39 PM]&lt;PASS&gt;&lt;ProductPageStockStatusDisplay&gt;&lt;Validates Out Of Stock item 'Nylock Nut M6 (10)' product has Backorder button&gt;</Message>
          <Message>[5/9/2018 10:31:42 PM]&lt;INFO&gt;SearchProductexecuting ... Searching term:= 'ZENT207081170'</Message>
          <Message>[5/9/2018 10:31:56 PM]&lt;Info&gt;AllBrowserWindow : Locating browser window...</Message>
          <Message>[5/9/2018 10:31:57 PM]&lt;PASS&gt;&lt;ProductPageStockStatusDisplay&gt;&lt;Validates new item 'Lo-Speed Needle' product has Pre-order button&gt;</Message>
          <Message>[5/9/2018 10:32:00 PM]&lt;INFO&gt;SearchProductexecuting ... Searching term:= 'TRA7749'</Message>
          <Message>[5/9/2018 10:32:14 PM]&lt;Info&gt;AllBrowserWindow : Locating browser window...</Message>
          <Message>[5/9/2018 10:32:39 PM]&lt;Info&gt;AllBrowserWindow : Locating browser window...</Message>
          <Message>[5/9/2018 10:33:45 PM]&lt;PASS&gt;&lt;ProductPageStockStatusDisplay&gt;&lt;Validates discontinued item 'Servo Adapter (standard servo to fit in X-Maxx)' product has 'This item is no longer available' text appearing&gt;</Message>
          <Message>[5/9/2018 10:33:45 PM]&lt;RESULT&gt;Test Ended:#PASS=4, #FAIL=0</Message>
          <Message>[5/9/2018 10:33:46 PM]&lt;INFO&gt;LogCPUAndMemoryUsage: Available Memory = 24140(MB), CPU Usage = 6.780838%</Message>
          <Message>[5/9/2018 10:33:46 PM]&lt;INFO&gt;Private Working Set for QTAgent32_40, usage=447444 (K)</Message>
          <Message>[5/9/2018 10:33:46 PM]&lt;RESULT&gt;&lt;ProductPageStockStatusDisplay&gt; Test PASSED</Message>
        </TextMessages>
      </Output>
      <ResultFiles>
        <ResultFile path="CMP01-INDIASQA.horizonhobby.com\ProductPageStockStatusDisplay_20180509223104.log" />
        <ResultFile path="CMP01-INDIASQA.horizonhobby.com\ProductPageStockStatusDisplay_ResultsONLY_20180509223104.log" />
        <ResultFile path="CMP01-INDIASQA.horizonhobby.com\ProductPageTestData_223104.xml" />
        <ResultFile path="CMP01-INDIASQA.horizonhobby.com\SharedCommonConfig.xml" />
      </ResultFiles>
    </UnitTestResult>
    <UnitTestResult executionId="39aa71e2-3c7c-414a-bd1b-752972c32d05" testId="2d4ab400-33e8-f08f-5049-3b3f43d9f80f" testName="CheckoutPreviewOrderPageGiftCard" computerName="CMP01-INDIASQA" duration="00:02:15.9421593" startTime="2018-05-09T22:33:48.6068797-05:00" endTime="2018-05-09T22:36:04.6008797-05:00" testType="13cdc9d9-ddb5-4fa4-a97d-d965ccfc6d4b" outcome="Failed" testListId="8c84fa94-04c1-424b-9868-57a2d4851a1d" relativeResultsDirectory="39aa71e2-3c7c-414a-bd1b-752972c32d05">
      <Output>
        <StdOut>Logging to custom path:\\CMP01-YKumar\AutoLog</StdOut>
        <ErrorInfo>
          <Message>
            Assert.Fail failed.
            #Other errors=1
            [Error details below]
          </Message>
          <StackTrace>
            at TestAuto.LoggingAndSharedGenericMethods.EndTest() in c:\Builds\1\WebSphere\QATestAutomation\src\CodedUITest\SourceCode\Common\Logging\Logging.cs:line 1628
            at TestAuto.HHBvtSmokeTest.TestCleanup() in c:\Builds\1\WebSphere\QATestAutomation\src\CodedUITest\SourceCode\HHobby\Checkout\CheckoutCommon.cs:line 4805
          </StackTrace>
        </ErrorInfo>
        <TextMessages>
          <Message>
            [5/9/2018 10:33:48 PM]&lt;STARTLOG&gt;&lt;CheckoutPreviewOrderPageGiftCard&gt;Test Started: Expecting: #PASS=Undefined and #FAIL=0
            Running from MTM=True, running on machine name:CMP01-INDIASQA, user name=ykumar, OS=Microsoft Windows NT 6.1.7601 Service Pack 1, Is64BitOS=True
          </Message>
          <Message>[5/9/2018 10:33:49 PM]&lt;INFO&gt;LogCPUAndMemoryUsage: Available Memory = 24162(MB), CPU Usage = 16.81764%</Message>
          <Message>[5/9/2018 10:33:49 PM]&lt;INFO&gt;Private Working Set for QTAgent32_40, usage=447528 (K)</Message>
          <Message>[5/9/2018 10:33:49 PM]&lt;INFO&gt;Path To TestConfig xml=E:\LoadTestResult\VSEQT\QTAgent\26924\CMP01-INDIASQA.horizonhobby.com\Deployment\SharedCommonConfig.xml</Message>
          <Message>[5/9/2018 10:33:49 PM]&lt;INFO&gt;Path To TestData xml=E:\LoadTestResult\VSEQT\QTAgent\26924\CMP01-INDIASQA.horizonhobby.com\Deployment\CheckoutCommonTestData_223348.xml</Message>
          <Message>[5/9/2018 10:33:49 PM]&lt;INFO&gt;Path To HorizonHobbyQA Application Url=https://www-tst.horizonhobby.com</Message>
          <Message>[5/9/2018 10:33:49 PM]&lt;INFO&gt;HorizonHobbyQA sql connection string=Server=cmp02-ws-tst-db01:50000;Database=TST01DB;UID=wcdbuser;PWD=h0r1z0n;Connect Timeout=30</Message>
          <Message>[5/9/2018 10:33:49 PM]&lt;INFO&gt;Country is := US and language id is := '-1'</Message>
          <Message>[5/9/2018 10:33:49 PM]&lt;INFO&gt;Current browser used for test execution is = 'IE'</Message>
          <Message>[5/9/2018 10:33:49 PM]&lt;INFO&gt;GenerateGiftCard : method executing...</Message>
          <Message>[5/9/2018 10:33:49 PM]&lt;INFO&gt;LaunchCustomBrowserWindow : method executing ...</Message>
          <Message>[5/9/2018 10:33:52 PM]&lt;INFO&gt;SurveyWindow : method executing ...</Message>
          <Message>[5/9/2018 10:33:55 PM]&lt;PASS&gt;&lt;GenerateGiftCard&gt;&lt; Validates that a new Gift Card Number generated successfully&gt;</Message>
          <Message>[5/9/2018 10:34:04 PM]&lt;INFO&gt;SearchProductexecuting ... Searching term:= 'EFLG611165R'</Message>
          <Message>[5/9/2018 10:34:10 PM]&lt;Info&gt;AllBrowserWindow : Locating browser window...</Message>
          <Message>[5/9/2018 10:34:11 PM]&lt;INFO&gt;BackOrderClickexecuting ...</Message>
          <Message>[5/9/2018 10:34:14 PM]&lt;INFO&gt;GoToCartClickexecuting ...</Message>
          <Message>[5/9/2018 10:34:26 PM]&lt;INFO&gt;CheckoutProcessStartShoppingCart : method executing</Message>
          <Message>[5/9/2018 10:34:26 PM]&lt;Info&gt;AllBrowserWindow : Locating browser window...</Message>
          <Message>[5/9/2018 10:34:34 PM]&lt;INFO&gt;CheckoutShoppingCartControls : method executing</Message>
          <Message>[5/9/2018 10:34:34 PM]&lt;Info&gt;AllBrowserWindow : Locating browser window...</Message>
          <Message>[5/9/2018 10:34:49 PM]&lt;INFO&gt;ContinueAsGuestCheckoutButtonexecuting ...</Message>
          <Message>[5/9/2018 10:34:49 PM]&lt;Info&gt;AllBrowserWindow : Locating browser window...</Message>
          <Message>[5/9/2018 10:34:58 PM]&lt;INFO&gt;FillBillingAndShippingAddressexecuting ...</Message>
          <Message>[5/9/2018 10:34:58 PM]&lt;Info&gt;AllBrowserWindow : Locating browser window...</Message>
          <Message>[5/9/2018 10:35:02 PM]&lt;INFO&gt;SelectBillingCountryexecuting ...</Message>
          <Message>[5/9/2018 10:35:09 PM]&lt;INFO&gt;SelectBillingStateexecuting ...</Message>
          <Message>[5/9/2018 10:35:25 PM]&lt;INFO&gt;SelectShippingCountryexecuting ...</Message>
          <Message>[5/9/2018 10:35:29 PM]&lt;INFO&gt;SelectShippingStateexecuting ...</Message>
          <Message>[5/9/2018 10:35:36 PM]&lt;INFO&gt;ApplyGiftCard : method executing... -&gt; '8018525726138637129'</Message>
          <Message>[5/9/2018 10:35:36 PM]&lt;Info&gt;AllBrowserWindow : Locating browser window...</Message>
          <Message>[5/9/2018 10:35:55 PM]&lt;PASS&gt;&lt;CheckoutPreviewOrderPageGiftCard&gt;&lt; Validates that Gift card displayed in Order Total on Order Review page&gt;</Message>
          <Message>
            Assert.Fail failed. [5/9/2018 10:36:01 PM]&lt;Error&gt;CheckoutPreviewOrderPageGiftCard : failed executing ...The playback failed to find the control with the given search properties. Additional Details:
            TechnologyName:  'Web'
            ControlType:  'ComboBox'
            TagName:  'SELECT'
            Id:  'state'
            Failed to find any control that matched the value state for the search property Id.,
            StackTrace:
            CheckoutPreviewOrderPageGiftCard(),CheckoutCommon.cs,Line Number:3064
          </Message>
          <Message>[5/9/2018 10:36:01 PM]&lt;CaptureImage&gt;\\CMP01-YKumar\AutoLog\CMP01-INDIASQA\CheckoutPreviewOrderPageGiftCard_20180509223601.png</Message>
          <Message>[5/9/2018 10:36:01 PM]&lt;RESULT&gt;Test Ended:#PASS=2, #FAIL=0,#Other errors=1</Message>
          <Message>[5/9/2018 10:36:02 PM]&lt;INFO&gt;LogCPUAndMemoryUsage: Available Memory = 24091(MB), CPU Usage = 4.35004%</Message>
          <Message>[5/9/2018 10:36:02 PM]&lt;INFO&gt;Private Working Set for QTAgent32_40, usage=455180 (K)</Message>
          <Message>[5/9/2018 10:36:02 PM]&lt;RESULT&gt;&lt;CheckoutPreviewOrderPageGiftCard&gt; Test FAILED: #Other errors=1. See Error Message/logs for further details.</Message>
        </TextMessages>
      </Output>
      <ResultFiles>
        <ResultFile path="CMP01-INDIASQA.horizonhobby.com\CheckoutCommonTestData_223348.xml" />
        <ResultFile path="CMP01-INDIASQA.horizonhobby.com\CheckoutPreviewOrderPageGiftCard_20180509223348.log" />
        <ResultFile path="CMP01-INDIASQA.horizonhobby.com\CheckoutPreviewOrderPageGiftCard_20180509223601.png" />
        <ResultFile path="CMP01-INDIASQA.horizonhobby.com\CheckoutPreviewOrderPageGiftCard_ResultsONLY_20180509223348.log" />
        <ResultFile path="CMP01-INDIASQA.horizonhobby.com\SharedCommonConfig.xml" />
      </ResultFiles>
    </UnitTestResult>
    <UnitTestResult executionId="2f7759dd-8927-4bb6-9536-baf77c8e20e9" testId="3609da41-f637-af10-d0b7-4cdbe84330a0" testName="PayPalWithGiftCardCheckoutPreviewOrderPage" computerName="CMP01-INDIASQA" duration="00:10:30.3981033" startTime="2018-05-09T22:36:04.6038797-05:00" endTime="2018-05-09T22:46:35.1368797-05:00" testType="13cdc9d9-ddb5-4fa4-a97d-d965ccfc6d4b" outcome="Failed" testListId="8c84fa94-04c1-424b-9868-57a2d4851a1d" relativeResultsDirectory="2f7759dd-8927-4bb6-9536-baf77c8e20e9">
      <Output>
        <StdOut>Logging to custom path:\\CMP01-YKumar\AutoLog</StdOut>
        <ErrorInfo>
          <Message>
            Assert.Fail failed.
            Actual #FAIL=1, #Expected FAIL=0
            #Other errors=17
            [Error details below]
          </Message>
          <StackTrace>
            at TestAuto.LoggingAndSharedGenericMethods.EndTest() in c:\Builds\1\WebSphere\QATestAutomation\src\CodedUITest\SourceCode\Common\Logging\Logging.cs:line 1628
            at TestAuto.CheckoutPayPal.TestCleanup() in c:\Builds\1\WebSphere\QATestAutomation\src\CodedUITest\SourceCode\HHobby\Checkout\CheckoutPayPal.cs:line 2307
          </StackTrace>
        </ErrorInfo>
        <TextMessages>
          <Message>
            [5/9/2018 10:36:04 PM]&lt;STARTLOG&gt;&lt;PayPalWithGiftCardCheckoutPreviewOrderPage&gt;Test Started: Expecting: #PASS=Undefined and #FAIL=0
            Running from MTM=True, running on machine name:CMP01-INDIASQA, user name=ykumar, OS=Microsoft Windows NT 6.1.7601 Service Pack 1, Is64BitOS=True
          </Message>
          <Message>[5/9/2018 10:36:05 PM]&lt;INFO&gt;LogCPUAndMemoryUsage: Available Memory = 24119(MB), CPU Usage = 17.51447%</Message>
          <Message>[5/9/2018 10:36:05 PM]&lt;INFO&gt;Private Working Set for QTAgent32_40, usage=447224 (K)</Message>
          <Message>[5/9/2018 10:36:05 PM]&lt;INFO&gt;Path To TestConfig xml=E:\LoadTestResult\VSEQT\QTAgent\26924\CMP01-INDIASQA.horizonhobby.com\Deployment\SharedCommonConfig.xml</Message>
          <Message>[5/9/2018 10:36:05 PM]&lt;INFO&gt;Path To TestData xml=E:\LoadTestResult\VSEQT\QTAgent\26924\CMP01-INDIASQA.horizonhobby.com\Deployment\CheckoutPaypalTestData_223604.xml</Message>
          <Message>[5/9/2018 10:36:05 PM]&lt;INFO&gt;Path To HorizonHobbyQA Application Url=https://www-tst.horizonhobby.com</Message>
          <Message>[5/9/2018 10:36:05 PM]&lt;INFO&gt;HorizonHobbyQA sql connection string=Server=cmp02-ws-tst-db01:50000;Database=TST01DB;UID=wcdbuser;PWD=h0r1z0n;Connect Timeout=30</Message>
          <Message>[5/9/2018 10:36:05 PM]&lt;INFO&gt;Country is := US and language id is := '-1'</Message>
          <Message>[5/9/2018 10:36:05 PM]&lt;INFO&gt;Current browser used for test execution is = 'IE'</Message>
          <Message>[5/9/2018 10:36:05 PM]&lt;INFO&gt;GenerateGiftCard : method executing...</Message>
          <Message>[5/9/2018 10:36:05 PM]&lt;INFO&gt;LaunchCustomBrowserWindow : method executing ...</Message>
          <Message>[5/9/2018 10:36:08 PM]&lt;INFO&gt;SurveyWindow : method executing ...</Message>
          <Message>[5/9/2018 10:36:11 PM]&lt;PASS&gt;&lt;GenerateGiftCard&gt;&lt; Validates that a new Gift Card Number generated successfully&gt;</Message>
          <Message>[5/9/2018 10:36:16 PM]&lt;Info&gt;AllBrowserWindow : Locating browser window...</Message>
          <Message>[5/9/2018 10:36:18 PM]&lt;INFO&gt;SurveyWindow : method executing ...</Message>
          <Message>[5/9/2018 10:36:26 PM]&lt;INFO&gt;ContinueOnCertificationErrorClickexecuting ...</Message>
          <Message>[5/9/2018 10:36:26 PM]&lt;Info&gt;DEAllBrowserWindow : Locating browser window...</Message>
          <Message>[5/9/2018 10:36:32 PM]&lt;INFO&gt;UserRegistration : method executing ...</Message>
          <Message>[5/9/2018 10:36:32 PM]&lt;Info&gt;AllBrowserWindow : Locating browser window...</Message>
          <Message>[5/9/2018 10:36:58 PM]&lt;Info&gt;AllBrowserWindow : Locating browser window...</Message>
          <Message>
            Assert.Fail failed. [5/9/2018 10:37:23 PM]&lt;Error&gt;AllBrowserWindow : failed executing ...Unable to find Windows Internet Explorer window with 'My Account - Internet Explorer' in the title.,
            StackTrace:
            AllBrowserWindow(),SharedBorderFree.cs,Line Number:1033
            UserRegistration(),SharedUserRegistration.cs,Line Number:818
            RegisterNewUser(),SharedUserRegistration.cs,Line Number:1158
            RegisterNewUser(),SharedUserRegistration.cs,Line Number:1171
            PayPalWithGiftCardCheckoutPreviewOrderPage(),CheckoutPayPal.cs,Line Number:622
          </Message>
          <Message>[5/9/2018 10:37:23 PM]&lt;CaptureImage&gt;\\CMP01-YKumar\AutoLog\CMP01-INDIASQA\PayPalWithGiftCardCheckoutPreviewOrderPage_20180509223723.png</Message>
          <Message>[5/9/2018 10:37:28 PM]&lt;Info&gt;AllBrowserWindow : Locating browser window...</Message>
          <Message>
            Assert.Fail failed. [5/9/2018 10:37:53 PM]&lt;Error&gt;AllBrowserWindow : failed executing ...Unable to find Windows Internet Explorer window with 'My Account - Internet Explorer' in the title.,
            StackTrace:
            AllBrowserWindow(),SharedBorderFree.cs,Line Number:1033
            PayPalWithGiftCardCheckoutPreviewOrderPage(),CheckoutPayPal.cs,Line Number:624
          </Message>
          <Message>[5/9/2018 10:37:53 PM]&lt;CaptureImage&gt;\\CMP01-YKumar\AutoLog\CMP01-INDIASQA\PayPalWithGiftCardCheckoutPreviewOrderPage_20180509223753.png</Message>
          <Message>[5/9/2018 10:37:57 PM]&lt;INFO&gt;SearchProductexecuting ... Searching term:= 'ZEN289812111'</Message>
          <Message>[5/9/2018 10:38:03 PM]&lt;Info&gt;AllBrowserWindow : Locating browser window...</Message>
          <Message>[5/9/2018 10:38:03 PM]&lt;INFO&gt;BackOrderClickexecuting ...</Message>
          <Message>[5/9/2018 10:38:04 PM]&lt;INFO&gt;GoToCartClickexecuting ...</Message>
          <Message>[5/9/2018 10:38:11 PM]&lt;Info&gt;AllBrowserWindow : Locating browser window...</Message>
          <Message>[5/9/2018 10:38:20 PM]&lt;INFO&gt;CheckoutProcessStartShoppingCart : method executing</Message>
          <Message>[5/9/2018 10:38:20 PM]&lt;Info&gt;AllBrowserWindow : Locating browser window...</Message>
          <Message>[5/9/2018 10:38:28 PM]&lt;INFO&gt;CheckoutShoppingCartControls : method executing</Message>
          <Message>[5/9/2018 10:38:28 PM]&lt;Info&gt;AllBrowserWindow : Locating browser window...</Message>
          <Message>[5/9/2018 10:38:43 PM]&lt;Info&gt;AllBrowserWindow : Locating browser window...</Message>
          <Message>
            Assert.Fail failed. [5/9/2018 10:39:08 PM]&lt;Error&gt;AllBrowserWindow : failed executing ...Unable to find Windows Internet Explorer window with 'HorizonHobby - Shipping and Billing Display - Internet Explorer' in the title.,
            StackTrace:
            AllBrowserWindow(),SharedBorderFree.cs,Line Number:1033
            PayPalWithGiftCardCheckoutPreviewOrderPage(),CheckoutPayPal.cs,Line Number:645
          </Message>
          <Message>[5/9/2018 10:39:08 PM]&lt;CaptureImage&gt;\\CMP01-YKumar\AutoLog\CMP01-INDIASQA\PayPalWithGiftCardCheckoutPreviewOrderPage_20180509223908.png</Message>
          <Message>[5/9/2018 10:39:08 PM]&lt;INFO&gt;CheckoutCreditCardShippingAndBillingControls : method executing</Message>
          <Message>[5/9/2018 10:39:08 PM]&lt;Info&gt;AllBrowserWindow : Locating browser window...</Message>
          <Message>
            Assert.Fail failed. [5/9/2018 10:39:32 PM]&lt;Error&gt;AllBrowserWindow : failed executing ...Unable to find Windows Internet Explorer window with 'HorizonHobby - Shipping and Billing Display - Internet Explorer' in the title.,
            StackTrace:
            AllBrowserWindow(),SharedBorderFree.cs,Line Number:1033
            CheckoutCreditCardShippingAndBillingControls(),SharedCheckoutCreditCard.cs,Line Number:66
            OrderTableRecords(),SharedCheckoutCreditCard.cs,Line Number:138
            PayPalWithGiftCardCheckoutPreviewOrderPage(),CheckoutPayPal.cs,Line Number:647
          </Message>
          <Message>[5/9/2018 10:39:32 PM]&lt;CaptureImage&gt;\\CMP01-YKumar\AutoLog\CMP01-INDIASQA\PayPalWithGiftCardCheckoutPreviewOrderPage_20180509223932.png</Message>
          <Message>[5/9/2018 10:39:42 PM]&lt;INFO&gt;TotalValue : method executing ...</Message>
          <Message>
            Assert.Fail failed. [5/9/2018 10:39:42 PM]&lt;Error&gt;TotalValue : failed executing ...Input string was not in a correct format.,
            StackTrace:
            TotalValue(),SharedCheckoutCreditCard.cs,Line Number:1071
            PayPalWithGiftCardCheckoutPreviewOrderPage(),CheckoutPayPal.cs,Line Number:648
          </Message>
          <Message>[5/9/2018 10:39:42 PM]&lt;CaptureImage&gt;\\CMP01-YKumar\AutoLog\CMP01-INDIASQA\PayPalWithGiftCardCheckoutPreviewOrderPage_20180509223942.png</Message>
          <Message>[5/9/2018 10:39:42 PM]&lt;INFO&gt;ApplyGiftCard : method executing... -&gt; ''</Message>
          <Message>[5/9/2018 10:39:42 PM]&lt;Info&gt;AllBrowserWindow : Locating browser window...</Message>
          <Message>
            Assert.Fail failed. [5/9/2018 10:40:06 PM]&lt;Error&gt;AllBrowserWindow : failed executing ...Unable to find Windows Internet Explorer window with 'HorizonHobby - Shipping and Billing Display - Internet Explorer' in the title.,
            StackTrace:
            AllBrowserWindow(),SharedBorderFree.cs,Line Number:1033
            ApplyGiftCard(),SharedCheckoutCommon.cs,Line Number:1230
            ApplyGiftCard(),SharedCheckoutCommon.cs,Line Number:1309
            PayPalWithGiftCardCheckoutPreviewOrderPage(),CheckoutPayPal.cs,Line Number:650
          </Message>
          <Message>[5/9/2018 10:40:06 PM]&lt;CaptureImage&gt;\\CMP01-YKumar\AutoLog\CMP01-INDIASQA\PayPalWithGiftCardCheckoutPreviewOrderPage_20180509224006.png</Message>
          <Message>
            Assert.Fail failed. [5/9/2018 10:40:13 PM]&lt;Error&gt;ApplyGiftCard : failed executing ...The playback failed to find the control with the given search properties. Additional Details:
            TechnologyName:  'Web'
            ControlType:  'Edit'
            TagName:  'INPUT'
            Id:  'giftCard'
            Failed to find any control that matched the search condition ControlType='Edit' &amp;&amp; Id=&gt;'giftCard',
            StackTrace:
            ApplyGiftCard(),SharedCheckoutCommon.cs,Line Number:1302
            ApplyGiftCard(),SharedCheckoutCommon.cs,Line Number:1309
            PayPalWithGiftCardCheckoutPreviewOrderPage(),CheckoutPayPal.cs,Line Number:650
          </Message>
          <Message>[5/9/2018 10:40:13 PM]&lt;CaptureImage&gt;\\CMP01-YKumar\AutoLog\CMP01-INDIASQA\PayPalWithGiftCardCheckoutPreviewOrderPage_20180509224013.png</Message>
          <Message>[5/9/2018 10:40:18 PM]&lt;INFO&gt;CheckoutCreditCardShippingAndBillingControls : method executing</Message>
          <Message>[5/9/2018 10:40:19 PM]&lt;Info&gt;AllBrowserWindow : Locating browser window...</Message>
          <Message>
            Assert.Fail failed. [5/9/2018 10:40:43 PM]&lt;Error&gt;AllBrowserWindow : failed executing ...Unable to find Windows Internet Explorer window with 'HorizonHobby - Shipping and Billing Display - Internet Explorer' in the title.,
            StackTrace:
            AllBrowserWindow(),SharedBorderFree.cs,Line Number:1033
            CheckoutCreditCardShippingAndBillingControls(),SharedCheckoutCreditCard.cs,Line Number:66
            OrderTableRecords(),SharedCheckoutCreditCard.cs,Line Number:138
            PayPalWithGiftCardCheckoutPreviewOrderPage(),CheckoutPayPal.cs,Line Number:652
          </Message>
          <Message>[5/9/2018 10:40:43 PM]&lt;CaptureImage&gt;\\CMP01-YKumar\AutoLog\CMP01-INDIASQA\PayPalWithGiftCardCheckoutPreviewOrderPage_20180509224043.png</Message>
          <Message>[5/9/2018 10:40:52 PM]&lt;INFO&gt;TotalValue : method executing ...</Message>
          <Message>
            Assert.Fail failed. [5/9/2018 10:40:52 PM]&lt;Error&gt;TotalValue : failed executing ...Input string was not in a correct format.,
            StackTrace:
            TotalValue(),SharedCheckoutCreditCard.cs,Line Number:1071
            PayPalWithGiftCardCheckoutPreviewOrderPage(),CheckoutPayPal.cs,Line Number:653
          </Message>
          <Message>[5/9/2018 10:40:52 PM]&lt;CaptureImage&gt;\\CMP01-YKumar\AutoLog\CMP01-INDIASQA\PayPalWithGiftCardCheckoutPreviewOrderPage_20180509224052.png</Message>
          <Message>
            [5/9/2018 10:40:52 PM]&lt;FAIL&gt;&lt;PayPalWithGiftCardCheckoutPreviewOrderPage&gt;&lt; Validates expected authorization amount: '50' is equals actual authorization amount: '0'&gt;.Assert.AreEqual failed. Expected:&lt;50&gt;. Actual:&lt;0&gt;.
            StackTrace:
            PayPalWithGiftCardCheckoutPreviewOrderPage(),CheckoutPayPal.cs,Line Number:656
          </Message>
          <Message>[5/9/2018 10:40:52 PM]&lt;CaptureImage&gt;\\CMP01-YKumar\AutoLog\CMP01-INDIASQA\PayPalWithGiftCardCheckoutPreviewOrderPage_20180509224052.png</Message>
          <Message>[5/9/2018 10:40:52 PM]&lt;INFO&gt;SelectCheckoutPaymentRadiobutton : method executing</Message>
          <Message>[5/9/2018 10:40:52 PM]&lt;INFO&gt;CheckoutCreditCardShippingAndBillingControls : method executing</Message>
          <Message>[5/9/2018 10:40:52 PM]&lt;Info&gt;AllBrowserWindow : Locating browser window...</Message>
          <Message>
            Assert.Fail failed. [5/9/2018 10:41:17 PM]&lt;Error&gt;AllBrowserWindow : failed executing ...Unable to find Windows Internet Explorer window with 'HorizonHobby - Shipping and Billing Display - Internet Explorer' in the title.,
            StackTrace:
            AllBrowserWindow(),SharedBorderFree.cs,Line Number:1033
            CheckoutCreditCardShippingAndBillingControls(),SharedCheckoutCreditCard.cs,Line Number:66
            SelectCheckoutPaymentRadiobutton(),SharedCheckoutCreditCard.cs,Line Number:514
            PayPalWithGiftCardCheckoutPreviewOrderPage(),CheckoutPayPal.cs,Line Number:660
          </Message>
          <Message>[5/9/2018 10:41:17 PM]&lt;CaptureImage&gt;\\CMP01-YKumar\AutoLog\CMP01-INDIASQA\PayPalWithGiftCardCheckoutPreviewOrderPage_20180509224117.png</Message>
          <Message>
            Assert.Fail failed. [5/9/2018 10:41:24 PM]&lt;ERROR&gt;SelectCheckoutPaymentRadiobutton : failed executing ...Index was out of range. Must be non-negative and less than the size of the collection.
            Parameter name: index,
            StackTrace:
            SelectCheckoutPaymentRadiobutton(),SharedCheckoutCreditCard.cs,Line Number:539
            PayPalWithGiftCardCheckoutPreviewOrderPage(),CheckoutPayPal.cs,Line Number:660
          </Message>
          <Message>[5/9/2018 10:41:24 PM]&lt;CaptureImage&gt;\\CMP01-YKumar\AutoLog\CMP01-INDIASQA\PayPalWithGiftCardCheckoutPreviewOrderPage_20180509224124.png</Message>
          <Message>[5/9/2018 10:41:24 PM]&lt;INFO&gt;ClickPayPalLink : method executing...</Message>
          <Message>[5/9/2018 10:41:29 PM]&lt;INFO&gt;LoginPayPal : method executing...</Message>
          <Message>[5/9/2018 10:41:29 PM]&lt;Info&gt;AllBrowserWindow : Locating browser window...</Message>
          <Message>[5/9/2018 10:42:10 PM]&lt;INFO&gt;PaypalLoginNewControls : method executing...</Message>
          <Message>[5/9/2018 10:42:10 PM]&lt;INFO&gt;ClickContinueOnPayPal : method executing ...</Message>
          <Message>[5/9/2018 10:42:22 PM]&lt;INFO&gt;LoginPayPal : method executing...</Message>
          <Message>[5/9/2018 10:42:22 PM]&lt;Info&gt;AllBrowserWindow : Locating browser window...</Message>
          <Message>[5/9/2018 10:42:52 PM]&lt;INFO&gt;PaypalLoginNewControls : method executing...</Message>
          <Message>[5/9/2018 10:44:30 PM]&lt;Info&gt;AllBrowserWindow : Locating browser window...</Message>
          <Message>
            Assert.Fail failed. [5/9/2018 10:44:55 PM]&lt;Error&gt;AllBrowserWindow : failed executing ...Unable to find Windows Internet Explorer window with 'HorizonHobby - Review Order - Internet Explorer' in the title.,
            StackTrace:
            AllBrowserWindow(),SharedBorderFree.cs,Line Number:1033
            PayPalWithGiftCardCheckoutPreviewOrderPage(),CheckoutPayPal.cs,Line Number:675
          </Message>
          <Message>[5/9/2018 10:44:55 PM]&lt;CaptureImage&gt;\\CMP01-YKumar\AutoLog\CMP01-INDIASQA\PayPalWithGiftCardCheckoutPreviewOrderPage_20180509224455.png</Message>
          <Message>[5/9/2018 10:44:55 PM]&lt;INFO&gt;ValidatePayPalOrderReviewPage : method executing ...</Message>
          <Message>[5/9/2018 10:44:55 PM]&lt;Info&gt;AllBrowserWindow : Locating browser window...</Message>
          <Message>
            Assert.Fail failed. [5/9/2018 10:45:19 PM]&lt;Error&gt;AllBrowserWindow : failed executing ...Unable to find Windows Internet Explorer window with 'HorizonHobby - Review Order - Internet Explorer' in the title.,
            StackTrace:
            AllBrowserWindow(),SharedBorderFree.cs,Line Number:1033
            OrderReviewControls(),SharedCheckoutPaypal.cs,Line Number:176
            ValidatePayPalOrderReviewPage(),SharedCheckoutPaypal.cs,Line Number:831
            PayPalWithGiftCardCheckoutPreviewOrderPage(),CheckoutPayPal.cs,Line Number:678
          </Message>
          <Message>[5/9/2018 10:45:19 PM]&lt;CaptureImage&gt;\\CMP01-YKumar\AutoLog\CMP01-INDIASQA\PayPalWithGiftCardCheckoutPreviewOrderPage_20180509224519.png</Message>
          <Message>[5/9/2018 10:45:26 PM]&lt;PASS&gt;&lt;PayPalWithGiftCardCheckoutPreviewOrderPage&gt;&lt;Edit Address pencil icon does not exist&gt;</Message>
          <Message>[5/9/2018 10:45:29 PM]&lt;PASS&gt;&lt;PayPalWithGiftCardCheckoutPreviewOrderPage&gt;&lt;Edit Billing Address link (on pencil icon) does not exist&gt;</Message>
          <Message>[5/9/2018 10:45:33 PM]&lt;PASS&gt;&lt;PayPalWithGiftCardCheckoutPreviewOrderPage&gt;&lt;Edit Shipping Address link (on pencil icon) does not exist&gt;</Message>
          <Message>[5/9/2018 10:45:36 PM]&lt;PASS&gt;&lt;PayPalWithGiftCardCheckoutPreviewOrderPage&gt;&lt;Edit Address button does not exist&gt;</Message>
          <Message>[5/9/2018 10:45:36 PM]&lt;Info&gt;AllBrowserWindow : Locating browser window...</Message>
          <Message>
            Assert.Fail failed. [5/9/2018 10:46:00 PM]&lt;Error&gt;AllBrowserWindow : failed executing ...Unable to find Windows Internet Explorer window with 'HorizonHobby - Review Order - Internet Explorer' in the title.,
            StackTrace:
            AllBrowserWindow(),SharedBorderFree.cs,Line Number:1033
            ValidatePayPalOrderReviewPage(),SharedCheckoutPaypal.cs,Line Number:846
            PayPalWithGiftCardCheckoutPreviewOrderPage(),CheckoutPayPal.cs,Line Number:678
          </Message>
          <Message>[5/9/2018 10:46:00 PM]&lt;CaptureImage&gt;\\CMP01-YKumar\AutoLog\CMP01-INDIASQA\PayPalWithGiftCardCheckoutPreviewOrderPage_20180509224600.png</Message>
          <Message>
            Assert.Fail failed. [5/9/2018 10:46:04 PM]&lt;ERROR&gt;ValidatePayPalOrderReviewPage : failed executing ...Index was out of range. Must be non-negative and less than the size of the collection.
            Parameter name: index,
            StackTrace:
            ValidatePayPalOrderReviewPage(),SharedCheckoutPaypal.cs,Line Number:869
            PayPalWithGiftCardCheckoutPreviewOrderPage(),CheckoutPayPal.cs,Line Number:678
          </Message>
          <Message>[5/9/2018 10:46:04 PM]&lt;CaptureImage&gt;\\CMP01-YKumar\AutoLog\CMP01-INDIASQA\PayPalWithGiftCardCheckoutPreviewOrderPage_20180509224604.png</Message>
          <Message>[5/9/2018 10:46:04 PM]&lt;Info&gt;AllBrowserWindow : Locating browser window...</Message>
          <Message>
            Assert.Fail failed. [5/9/2018 10:46:28 PM]&lt;Error&gt;AllBrowserWindow : failed executing ...Unable to find Windows Internet Explorer window with 'HorizonHobby - Review Order - Internet Explorer' in the title.,
            StackTrace:
            AllBrowserWindow(),SharedBorderFree.cs,Line Number:1033
            OrderReviewControls(),SharedCheckoutPaypal.cs,Line Number:176
            OrderReviewCartDetails(),SharedCheckoutCommon.cs,Line Number:1540
            PayPalWithGiftCardCheckoutPreviewOrderPage(),CheckoutPayPal.cs,Line Number:683
          </Message>
          <Message>[5/9/2018 10:46:28 PM]&lt;CaptureImage&gt;\\CMP01-YKumar\AutoLog\CMP01-INDIASQA\PayPalWithGiftCardCheckoutPreviewOrderPage_20180509224628.png</Message>
          <Message>
            Assert.Fail failed. [5/9/2018 10:46:31 PM]&lt;Error&gt;PayPalWithGiftCardCheckoutPreviewOrderPage : failed executing ...Index was out of range. Must be non-negative and less than the size of the collection.
            Parameter name: index,
            StackTrace:
            PayPalWithGiftCardCheckoutPreviewOrderPage(),CheckoutPayPal.cs,Line Number:709
          </Message>
          <Message>[5/9/2018 10:46:31 PM]&lt;CaptureImage&gt;\\CMP01-YKumar\AutoLog\CMP01-INDIASQA\PayPalWithGiftCardCheckoutPreviewOrderPage_20180509224631.png</Message>
          <Message>[5/9/2018 10:46:31 PM]&lt;RESULT&gt;Test Ended:#PASS=5, #FAIL=1,#Other errors=17</Message>
          <Message>[5/9/2018 10:46:32 PM]&lt;INFO&gt;LogCPUAndMemoryUsage: Available Memory = 24044(MB), CPU Usage = 8.040289%</Message>
          <Message>[5/9/2018 10:46:32 PM]&lt;INFO&gt;Private Working Set for QTAgent32_40, usage=454556 (K)</Message>
          <Message>
            [5/9/2018 10:46:32 PM]&lt;RESULT&gt;&lt;PayPalWithGiftCardCheckoutPreviewOrderPage&gt; Test FAILED: Actual #FAIL=1, #Expected FAIL=0
            #Other errors=17. See Error Message/logs for further details.
          </Message>
        </TextMessages>
      </Output>
      <ResultFiles>
        <ResultFile path="CMP01-INDIASQA.horizonhobby.com\CheckoutPaypalTestData_223604.xml" />
        <ResultFile path="CMP01-INDIASQA.horizonhobby.com\PayPalWithGiftCardCheckoutPreviewOrderPage_20180509223604.log" />
        <ResultFile path="CMP01-INDIASQA.horizonhobby.com\PayPalWithGiftCardCheckoutPreviewOrderPage_20180509223723.png" />
        <ResultFile path="CMP01-INDIASQA.horizonhobby.com\PayPalWithGiftCardCheckoutPreviewOrderPage_20180509223753.png" />
        <ResultFile path="CMP01-INDIASQA.horizonhobby.com\PayPalWithGiftCardCheckoutPreviewOrderPage_20180509223908.png" />
        <ResultFile path="CMP01-INDIASQA.horizonhobby.com\PayPalWithGiftCardCheckoutPreviewOrderPage_20180509223932.png" />
        <ResultFile path="CMP01-INDIASQA.horizonhobby.com\PayPalWithGiftCardCheckoutPreviewOrderPage_20180509223942.png" />
        <ResultFile path="CMP01-INDIASQA.horizonhobby.com\PayPalWithGiftCardCheckoutPreviewOrderPage_20180509224006.png" />
        <ResultFile path="CMP01-INDIASQA.horizonhobby.com\PayPalWithGiftCardCheckoutPreviewOrderPage_20180509224013.png" />
        <ResultFile path="CMP01-INDIASQA.horizonhobby.com\PayPalWithGiftCardCheckoutPreviewOrderPage_20180509224043.png" />
        <ResultFile path="CMP01-INDIASQA.horizonhobby.com\PayPalWithGiftCardCheckoutPreviewOrderPage_20180509224052.png" />
        <ResultFile path="CMP01-INDIASQA.horizonhobby.com\PayPalWithGiftCardCheckoutPreviewOrderPage_20180509224117.png" />
        <ResultFile path="CMP01-INDIASQA.horizonhobby.com\PayPalWithGiftCardCheckoutPreviewOrderPage_20180509224124.png" />
        <ResultFile path="CMP01-INDIASQA.horizonhobby.com\PayPalWithGiftCardCheckoutPreviewOrderPage_20180509224455.png" />
        <ResultFile path="CMP01-INDIASQA.horizonhobby.com\PayPalWithGiftCardCheckoutPreviewOrderPage_20180509224519.png" />
        <ResultFile path="CMP01-INDIASQA.horizonhobby.com\PayPalWithGiftCardCheckoutPreviewOrderPage_20180509224600.png" />
        <ResultFile path="CMP01-INDIASQA.horizonhobby.com\PayPalWithGiftCardCheckoutPreviewOrderPage_20180509224604.png" />
        <ResultFile path="CMP01-INDIASQA.horizonhobby.com\PayPalWithGiftCardCheckoutPreviewOrderPage_20180509224628.png" />
        <ResultFile path="CMP01-INDIASQA.horizonhobby.com\PayPalWithGiftCardCheckoutPreviewOrderPage_20180509224631.png" />
        <ResultFile path="CMP01-INDIASQA.horizonhobby.com\PayPalWithGiftCardCheckoutPreviewOrderPage_ResultsONLY_20180509223604.log" />
        <ResultFile path="CMP01-INDIASQA.horizonhobby.com\SharedCommonConfig.xml" />
      </ResultFiles>
    </UnitTestResult>
    <UnitTestResult executionId="a156221c-3e2e-45f1-8c6c-3359b73d58e7" testId="9150dc72-3704-16fa-854e-535cf7c3de5c" testName="SearchFilterResultsPrice" computerName="CMP01-INDIASQA" duration="00:01:52.2367678" startTime="2018-05-09T22:46:35.1388797-05:00" endTime="2018-05-09T22:48:27.4018797-05:00" testType="13cdc9d9-ddb5-4fa4-a97d-d965ccfc6d4b" outcome="Passed" testListId="8c84fa94-04c1-424b-9868-57a2d4851a1d" relativeResultsDirectory="a156221c-3e2e-45f1-8c6c-3359b73d58e7">
      <Output>
        <StdOut>Logging to custom path:\\CMP01-YKumar\AutoLog</StdOut>
        <TextMessages>
          <Message>
            [5/9/2018 10:46:35 PM]&lt;STARTLOG&gt;&lt;SearchFilterResultsPrice&gt;Test Started: Expecting: #PASS=Undefined and #FAIL=0
            Running from MTM=True, running on machine name:CMP01-INDIASQA, user name=ykumar, OS=Microsoft Windows NT 6.1.7601 Service Pack 1, Is64BitOS=True
          </Message>
          <Message>[5/9/2018 10:46:36 PM]&lt;INFO&gt;LogCPUAndMemoryUsage: Available Memory = 24292(MB), CPU Usage = 8.26808%</Message>
          <Message>[5/9/2018 10:46:36 PM]&lt;INFO&gt;Private Working Set for QTAgent32_40, usage=454796 (K)</Message>
          <Message>[5/9/2018 10:46:36 PM]&lt;INFO&gt;Path To TestConfig xml=E:\LoadTestResult\VSEQT\QTAgent\26924\CMP01-INDIASQA.horizonhobby.com\Deployment\SharedCommonConfig.xml</Message>
          <Message>[5/9/2018 10:46:36 PM]&lt;INFO&gt;Path To TestData xml=E:\LoadTestResult\VSEQT\QTAgent\26924\CMP01-INDIASQA.horizonhobby.com\Deployment\SearchTestData_224635.xml</Message>
          <Message>[5/9/2018 10:46:36 PM]&lt;INFO&gt;Path To HorizonHobbyQA Application Url=https://www-tst.horizonhobby.com</Message>
          <Message>[5/9/2018 10:46:36 PM]&lt;INFO&gt;HorizonHobbyQA sql connection string=Server=cmp02-ws-tst-db01:50000;Database=TST01DB;UID=wcdbuser;PWD=h0r1z0n;Connect Timeout=30</Message>
          <Message>[5/9/2018 10:46:36 PM]&lt;INFO&gt;Country is := US and language id is := '-1'</Message>
          <Message>[5/9/2018 10:46:36 PM]&lt;INFO&gt;Current browser used for test execution is = 'IE'</Message>
          <Message>[5/9/2018 10:46:52 PM]&lt;INFO&gt;SearchProductexecuting ... Searching term:= 'bnf'</Message>
          <Message>[5/9/2018 10:47:07 PM]&lt;INFO&gt;ClickPriceItem : method executing ...</Message>
          <Message>[5/9/2018 10:47:11 PM]&lt;PASS&gt;&lt;SearchFilterResultsPrice&gt;&lt;Validates the total result of selected Between $100 and $200 (16) item and result items count&gt;</Message>
          <Message>[5/9/2018 10:47:11 PM]&lt;INFO&gt;ProductPageSearchFilterResultsValidation : method executing ...</Message>
          <Message>[5/9/2018 10:47:11 PM]&lt;INFO&gt;GetSearchResultTableRowsexecuting ...</Message>
          <Message>[5/9/2018 10:47:15 PM]&lt;Info&gt;AllBrowserWindow : Locating browser window...</Message>
          <Message>[5/9/2018 10:47:30 PM]&lt;PASS&gt;&lt;SearchFilterResultsPrice&gt;&lt;Validates the product price $119.99 lies in the price range.Between $100 and $200 (16) .&gt;</Message>
          <Message>[5/9/2018 10:47:37 PM]&lt;Info&gt;AllBrowserWindow : Locating browser window...</Message>
          <Message>[5/9/2018 10:47:41 PM]&lt;INFO&gt;ClickPriceItem : method executing ...</Message>
          <Message>[5/9/2018 10:47:54 PM]&lt;INFO&gt;ClickBrandItem : method executing ... 'E-flite'</Message>
          <Message>[5/9/2018 10:47:58 PM]&lt;PASS&gt;&lt;SearchFilterResultsPrice&gt;&lt;Validates the total result of selected E-flite (9) item and result items count&gt;</Message>
          <Message>[5/9/2018 10:47:58 PM]&lt;INFO&gt;ProductPageSearchFilterResultsValidation : method executing ...</Message>
          <Message>[5/9/2018 10:47:58 PM]&lt;INFO&gt;GetSearchResultTableRowsexecuting ...</Message>
          <Message>[5/9/2018 10:48:02 PM]&lt;Info&gt;AllBrowserWindow : Locating browser window...</Message>
          <Message>[5/9/2018 10:48:05 PM]&lt;INFO&gt;GetProductBrandName : method executing ...</Message>
          <Message>[5/9/2018 10:48:05 PM]&lt;PASS&gt;&lt;SearchFilterResultsPrice&gt;&lt;Validates the search result list contains product for the filtered brand item only.&gt;</Message>
          <Message>[5/9/2018 10:48:17 PM]&lt;PASS&gt;&lt;SearchFilterResultsPrice&gt;&lt;Validates the product price $119.99 lies in the price range.Between $100 and $200 (16) .&gt;</Message>
          <Message>[5/9/2018 10:48:21 PM]&lt;Info&gt;AllBrowserWindow : Locating browser window...</Message>
          <Message>[5/9/2018 10:48:24 PM]&lt;PASS&gt;&lt;SearchFilterResultsPrice&gt;&lt;Validates the total result of selected 81 item and result items count&gt;</Message>
          <Message>[5/9/2018 10:48:24 PM]&lt;RESULT&gt;Test Ended:#PASS=6, #FAIL=0</Message>
          <Message>[5/9/2018 10:48:25 PM]&lt;INFO&gt;LogCPUAndMemoryUsage: Available Memory = 24052(MB), CPU Usage = 4.35004%</Message>
          <Message>[5/9/2018 10:48:25 PM]&lt;INFO&gt;Private Working Set for QTAgent32_40, usage=447876 (K)</Message>
          <Message>[5/9/2018 10:48:25 PM]&lt;RESULT&gt;&lt;SearchFilterResultsPrice&gt; Test PASSED</Message>
        </TextMessages>
      </Output>
      <ResultFiles>
        <ResultFile path="CMP01-INDIASQA.horizonhobby.com\SearchFilterResultsPrice_20180509224635.log" />
        <ResultFile path="CMP01-INDIASQA.horizonhobby.com\SearchFilterResultsPrice_ResultsONLY_20180509224635.log" />
        <ResultFile path="CMP01-INDIASQA.horizonhobby.com\SearchTestData_224635.xml" />
        <ResultFile path="CMP01-INDIASQA.horizonhobby.com\SharedCommonConfig.xml" />
      </ResultFiles>
    </UnitTestResult>
    <UnitTestResult executionId="eb106d61-ff66-4562-b907-857bdbff8e60" testId="6f826d8c-0008-aad9-91f6-d6027a768de8" testName="CategoryListFilterResultsCategory" computerName="CMP01-INDIASQA" duration="00:03:51.7904370" startTime="2018-05-09T22:48:27.4028797-05:00" endTime="2018-05-09T22:52:19.2128797-05:00" testType="13cdc9d9-ddb5-4fa4-a97d-d965ccfc6d4b" outcome="Passed" testListId="8c84fa94-04c1-424b-9868-57a2d4851a1d" relativeResultsDirectory="eb106d61-ff66-4562-b907-857bdbff8e60">
      <Output>
        <StdOut>Logging to custom path:\\CMP01-YKumar\AutoLog</StdOut>
        <TextMessages>
          <Message>
            [5/9/2018 10:48:27 PM]&lt;STARTLOG&gt;&lt;CategoryListFilterResultsCategory&gt;Test Started: Expecting: #PASS=Undefined and #FAIL=0
            Running from MTM=True, running on machine name:CMP01-INDIASQA, user name=ykumar, OS=Microsoft Windows NT 6.1.7601 Service Pack 1, Is64BitOS=True
          </Message>
          <Message>[5/9/2018 10:48:28 PM]&lt;INFO&gt;LogCPUAndMemoryUsage: Available Memory = 24076(MB), CPU Usage = 18.55602%</Message>
          <Message>[5/9/2018 10:48:28 PM]&lt;INFO&gt;Private Working Set for QTAgent32_40, usage=448120 (K)</Message>
          <Message>[5/9/2018 10:48:28 PM]&lt;INFO&gt;Path To TestConfig xml=E:\LoadTestResult\VSEQT\QTAgent\26924\CMP01-INDIASQA.horizonhobby.com\Deployment\SharedCommonConfig.xml</Message>
          <Message>[5/9/2018 10:48:28 PM]&lt;INFO&gt;Path To TestData xml=E:\LoadTestResult\VSEQT\QTAgent\26924\CMP01-INDIASQA.horizonhobby.com\Deployment\CategoryListLevel3TestData_224827.xml</Message>
          <Message>[5/9/2018 10:48:28 PM]&lt;INFO&gt;Path To HorizonHobbyQA Application Url=https://www-tst.horizonhobby.com</Message>
          <Message>[5/9/2018 10:48:28 PM]&lt;INFO&gt;HorizonHobbyQA sql connection string=Server=cmp02-ws-tst-db01:50000;Database=TST01DB;UID=wcdbuser;PWD=h0r1z0n;Connect Timeout=30</Message>
          <Message>[5/9/2018 10:48:28 PM]&lt;INFO&gt;Country is := US and language id is := '-1'</Message>
          <Message>[5/9/2018 10:48:28 PM]&lt;INFO&gt;Current browser used for test execution is = 'IE'</Message>
          <Message>[5/9/2018 10:48:36 PM]&lt;INFO&gt;GetMenuItems : method executing ... - Blade Helicopters</Message>
          <Message>[5/9/2018 10:48:39 PM]&lt;INFO&gt;GetMenuItems : method executing ... - Blade Helicopters</Message>
          <Message>[5/9/2018 10:48:43 PM]&lt;Info&gt;AllBrowserWindow : Locating browser window...</Message>
          <Message>[5/9/2018 10:49:07 PM]&lt;INFO&gt;GetBreadCrumbList : method executing ...</Message>
          <Message>[5/9/2018 10:49:09 PM]&lt;INFO&gt;ProductPageSearchFilterResultsValidation : method executing ...</Message>
          <Message>[5/9/2018 10:49:09 PM]&lt;INFO&gt;GetSearchResultTableRowsexecuting ...</Message>
          <Message>[5/9/2018 10:49:13 PM]&lt;Info&gt;AllBrowserWindow : Locating browser window...</Message>
          <Message>[5/9/2018 10:49:46 PM]&lt;INFO&gt;GetBreadCrumbList : method executing ...</Message>
          <Message>[5/9/2018 10:49:51 PM]&lt;PASS&gt;&lt;ProductPageSearchFilterResultsValidation&gt;&lt;Validates the product listed in search result lies in selected category&gt;</Message>
          <Message>[5/9/2018 10:49:51 PM]&lt;PASS&gt;&lt;ProductPageSearchFilterResultsValidation&gt;&lt;Validates the product listed in search result lies in selected category&gt;</Message>
          <Message>[5/9/2018 10:49:51 PM]&lt;PASS&gt;&lt;ProductPageSearchFilterResultsValidation&gt;&lt;Validates the product listed in search result lies in selected category&gt;</Message>
          <Message>[5/9/2018 10:49:51 PM]&lt;PASS&gt;&lt;ProductPageSearchFilterResultsValidation&gt;&lt;Validates the product listed in search result lies in selected category&gt;</Message>
          <Message>[5/9/2018 10:49:53 PM]&lt;Info&gt;AllBrowserWindow : Locating browser window...</Message>
          <Message>[5/9/2018 10:50:19 PM]&lt;INFO&gt;ClickBrandItem : method executing ... 'Blade'</Message>
          <Message>[5/9/2018 10:50:24 PM]&lt;PASS&gt;&lt;CategoryListFilterResultsCategory&gt;&lt;Validates the total result of selected Blade (19) item and result items count&gt;</Message>
          <Message>[5/9/2018 10:50:24 PM]&lt;INFO&gt;ProductPageSearchFilterResultsValidation : method executing ...</Message>
          <Message>[5/9/2018 10:50:24 PM]&lt;INFO&gt;GetSearchResultTableRowsexecuting ...</Message>
          <Message>[5/9/2018 10:50:29 PM]&lt;Info&gt;AllBrowserWindow : Locating browser window...</Message>
          <Message>[5/9/2018 10:50:32 PM]&lt;INFO&gt;GetBreadCrumbList : method executing ...</Message>
          <Message>[5/9/2018 10:50:43 PM]&lt;PASS&gt;&lt;ProductPageSearchFilterResultsValidation&gt;&lt;Validates the product listed in search result lies in selected category&gt;</Message>
          <Message>[5/9/2018 10:50:43 PM]&lt;PASS&gt;&lt;ProductPageSearchFilterResultsValidation&gt;&lt;Validates the product listed in search result lies in selected category&gt;</Message>
          <Message>[5/9/2018 10:50:43 PM]&lt;PASS&gt;&lt;ProductPageSearchFilterResultsValidation&gt;&lt;Validates the product listed in search result lies in selected category&gt;</Message>
          <Message>[5/9/2018 10:50:43 PM]&lt;PASS&gt;&lt;ProductPageSearchFilterResultsValidation&gt;&lt;Validates the product listed in search result lies in selected category&gt;</Message>
          <Message>[5/9/2018 10:50:43 PM]&lt;INFO&gt;GetProductBrandName : method executing ...</Message>
          <Message>[5/9/2018 10:50:44 PM]&lt;PASS&gt;&lt;ProductPageSearchFilterResultsValidation&gt;&lt;Validates the search result list contains product for the filtered brand item only.&gt;</Message>
          <Message>[5/9/2018 10:50:45 PM]&lt;Info&gt;AllBrowserWindow : Locating browser window...</Message>
          <Message>[5/9/2018 10:51:08 PM]&lt;INFO&gt;ClickBrandItem : method executing ... 'Blade'</Message>
          <Message>[5/9/2018 10:51:21 PM]&lt;INFO&gt;ClickPriceItem : method executing ...</Message>
          <Message>[5/9/2018 10:51:28 PM]&lt;PASS&gt;&lt;CategoryListFilterResultsCategory&gt;&lt;Validates the total result of selected Less than $100 (3) item and result items count&gt;</Message>
          <Message>[5/9/2018 10:51:28 PM]&lt;INFO&gt;ProductPageSearchFilterResultsValidation : method executing ...</Message>
          <Message>[5/9/2018 10:51:28 PM]&lt;INFO&gt;GetSearchResultTableRowsexecuting ...</Message>
          <Message>[5/9/2018 10:51:32 PM]&lt;Info&gt;AllBrowserWindow : Locating browser window...</Message>
          <Message>[5/9/2018 10:51:35 PM]&lt;INFO&gt;GetBreadCrumbList : method executing ...</Message>
          <Message>[5/9/2018 10:51:48 PM]&lt;PASS&gt;&lt;CategoryListFilterResultsCategory&gt;&lt;Validates the product listed in search result lies in selected category&gt;</Message>
          <Message>[5/9/2018 10:51:48 PM]&lt;PASS&gt;&lt;CategoryListFilterResultsCategory&gt;&lt;Validates the product listed in search result lies in selected category&gt;</Message>
          <Message>[5/9/2018 10:51:48 PM]&lt;PASS&gt;&lt;CategoryListFilterResultsCategory&gt;&lt;Validates the product listed in search result lies in selected category&gt;</Message>
          <Message>[5/9/2018 10:51:48 PM]&lt;PASS&gt;&lt;CategoryListFilterResultsCategory&gt;&lt;Validates the product listed in search result lies in selected category&gt;</Message>
          <Message>[5/9/2018 10:51:48 PM]&lt;INFO&gt;GetProductBrandName : method executing ...</Message>
          <Message>[5/9/2018 10:51:49 PM]&lt;PASS&gt;&lt;CategoryListFilterResultsCategory&gt;&lt;Validates the search result list contains product for the filtered brand item only.&gt;</Message>
          <Message>[5/9/2018 10:51:49 PM]&lt;PASS&gt;&lt;CategoryListFilterResultsCategory&gt;&lt;Validates the product price $99.99 lies in the price range.Less than $100 (3) .&gt;</Message>
          <Message>[5/9/2018 10:51:51 PM]&lt;Info&gt;AllBrowserWindow : Locating browser window...</Message>
          <Message>[5/9/2018 10:52:16 PM]&lt;PASS&gt;&lt;CategoryListFilterResultsCategory&gt;&lt;Validates the total result of selected 19 item and result items count&gt;</Message>
          <Message>[5/9/2018 10:52:16 PM]&lt;RESULT&gt;Test Ended:#PASS=18, #FAIL=0</Message>
          <Message>[5/9/2018 10:52:17 PM]&lt;INFO&gt;LogCPUAndMemoryUsage: Available Memory = 24057(MB), CPU Usage = 3.181199%</Message>
          <Message>[5/9/2018 10:52:17 PM]&lt;INFO&gt;Private Working Set for QTAgent32_40, usage=450424 (K)</Message>
          <Message>[5/9/2018 10:52:17 PM]&lt;RESULT&gt;&lt;CategoryListFilterResultsCategory&gt; Test PASSED</Message>
        </TextMessages>
      </Output>
      <ResultFiles>
        <ResultFile path="CMP01-INDIASQA.horizonhobby.com\CategoryListFilterResultsCategory_20180509224827.log" />
        <ResultFile path="CMP01-INDIASQA.horizonhobby.com\CategoryListFilterResultsCategory_ResultsONLY_20180509224827.log" />
        <ResultFile path="CMP01-INDIASQA.horizonhobby.com\CategoryListLevel3TestData_224827.xml" />
        <ResultFile path="CMP01-INDIASQA.horizonhobby.com\SharedCommonConfig.xml" />
      </ResultFiles>
    </UnitTestResult>
    <UnitTestResult executionId="61ba70cf-1596-456e-a934-30ea9a09a08d" testId="fbb81d93-262d-179e-2958-02d37471b072" testName="CategoryListFilterResultsBrand" computerName="CMP01-INDIASQA" duration="00:02:19.3105961" startTime="2018-05-09T22:52:19.2138797-05:00" endTime="2018-05-09T22:54:38.5408797-05:00" testType="13cdc9d9-ddb5-4fa4-a97d-d965ccfc6d4b" outcome="Passed" testListId="8c84fa94-04c1-424b-9868-57a2d4851a1d" relativeResultsDirectory="61ba70cf-1596-456e-a934-30ea9a09a08d">
      <Output>
        <StdOut>Logging to custom path:\\CMP01-YKumar\AutoLog</StdOut>
        <TextMessages>
          <Message>
            [5/9/2018 10:52:19 PM]&lt;STARTLOG&gt;&lt;CategoryListFilterResultsBrand&gt;Test Started: Expecting: #PASS=Undefined and #FAIL=0
            Running from MTM=True, running on machine name:CMP01-INDIASQA, user name=ykumar, OS=Microsoft Windows NT 6.1.7601 Service Pack 1, Is64BitOS=True
          </Message>
          <Message>[5/9/2018 10:52:20 PM]&lt;INFO&gt;LogCPUAndMemoryUsage: Available Memory = 24344(MB), CPU Usage = 13.2254%</Message>
          <Message>[5/9/2018 10:52:20 PM]&lt;INFO&gt;Private Working Set for QTAgent32_40, usage=450640 (K)</Message>
          <Message>[5/9/2018 10:52:20 PM]&lt;INFO&gt;Path To TestConfig xml=E:\LoadTestResult\VSEQT\QTAgent\26924\CMP01-INDIASQA.horizonhobby.com\Deployment\SharedCommonConfig.xml</Message>
          <Message>[5/9/2018 10:52:20 PM]&lt;INFO&gt;Path To TestData xml=E:\LoadTestResult\VSEQT\QTAgent\26924\CMP01-INDIASQA.horizonhobby.com\Deployment\CategoryListLevel3TestData_225219.xml</Message>
          <Message>[5/9/2018 10:52:20 PM]&lt;INFO&gt;Path To HorizonHobbyQA Application Url=https://www-tst.horizonhobby.com</Message>
          <Message>[5/9/2018 10:52:20 PM]&lt;INFO&gt;HorizonHobbyQA sql connection string=Server=cmp02-ws-tst-db01:50000;Database=TST01DB;UID=wcdbuser;PWD=h0r1z0n;Connect Timeout=30</Message>
          <Message>[5/9/2018 10:52:20 PM]&lt;INFO&gt;Country is := US and language id is := '-1'</Message>
          <Message>[5/9/2018 10:52:20 PM]&lt;INFO&gt;Current browser used for test execution is = 'IE'</Message>
          <Message>[5/9/2018 10:52:23 PM]&lt;INFO&gt;GetMenuItems : method executing ... - Plug-N-Play</Message>
          <Message>[5/9/2018 10:52:26 PM]&lt;Info&gt;AllBrowserWindow : Locating browser window...</Message>
          <Message>[5/9/2018 10:52:55 PM]&lt;INFO&gt;ClickBrandItem : method executing ... 'FMS'</Message>
          <Message>[5/9/2018 10:53:00 PM]&lt;PASS&gt;&lt;CategoryListFilterResultsBrand&gt;&lt;Validates the total result of selected FMS (24) item and result items count&gt;</Message>
          <Message>[5/9/2018 10:53:00 PM]&lt;INFO&gt;ProductPageSearchFilterResultsValidation : method executing ...</Message>
          <Message>[5/9/2018 10:53:00 PM]&lt;INFO&gt;GetSearchResultTableRowsexecuting ...</Message>
          <Message>[5/9/2018 10:53:06 PM]&lt;Info&gt;AllBrowserWindow : Locating browser window...</Message>
          <Message>[5/9/2018 10:53:09 PM]&lt;INFO&gt;GetProductBrandName : method executing ...</Message>
          <Message>[5/9/2018 10:53:09 PM]&lt;PASS&gt;&lt;ProductPageSearchFilterResultsValidation&gt;&lt;Validates the search result list contains product for the filtered brand item only.&gt;</Message>
          <Message>[5/9/2018 10:53:11 PM]&lt;Info&gt;AllBrowserWindow : Locating browser window...</Message>
          <Message>[5/9/2018 10:53:33 PM]&lt;INFO&gt;ClickBrandItem : method executing ... 'FMS'</Message>
          <Message>[5/9/2018 10:53:42 PM]&lt;INFO&gt;ClickPriceItem : method executing ...</Message>
          <Message>[5/9/2018 10:53:50 PM]&lt;PASS&gt;&lt;CategoryListFilterResultsBrand&gt;&lt;Validates the total result of selected Between $100 and $200 (8) item and result items count&gt;</Message>
          <Message>[5/9/2018 10:53:50 PM]&lt;INFO&gt;ProductPageSearchFilterResultsValidation : method executing ...</Message>
          <Message>[5/9/2018 10:53:50 PM]&lt;INFO&gt;GetSearchResultTableRowsexecuting ...</Message>
          <Message>[5/9/2018 10:53:54 PM]&lt;Info&gt;AllBrowserWindow : Locating browser window...</Message>
          <Message>[5/9/2018 10:53:56 PM]&lt;INFO&gt;GetProductBrandName : method executing ...</Message>
          <Message>[5/9/2018 10:53:57 PM]&lt;PASS&gt;&lt;CategoryListFilterResultsBrand&gt;&lt;Validates the search result list contains product for the filtered brand item only.&gt;</Message>
          <Message>[5/9/2018 10:54:09 PM]&lt;PASS&gt;&lt;CategoryListFilterResultsBrand&gt;&lt;Validates the product price $101.59 lies in the price range.Between $100 and $200 (8) .&gt;</Message>
          <Message>[5/9/2018 10:54:10 PM]&lt;Info&gt;AllBrowserWindow : Locating browser window...</Message>
          <Message>[5/9/2018 10:54:35 PM]&lt;PASS&gt;&lt;CategoryListFilterResultsBrand&gt;&lt;Validates the total result of selected 44 item and result items count&gt;</Message>
          <Message>[5/9/2018 10:54:35 PM]&lt;RESULT&gt;Test Ended:#PASS=6, #FAIL=0</Message>
          <Message>[5/9/2018 10:54:36 PM]&lt;INFO&gt;LogCPUAndMemoryUsage: Available Memory = 24130(MB), CPU Usage = 33.96062%</Message>
          <Message>[5/9/2018 10:54:36 PM]&lt;INFO&gt;Private Working Set for QTAgent32_40, usage=446544 (K)</Message>
          <Message>[5/9/2018 10:54:36 PM]&lt;RESULT&gt;&lt;CategoryListFilterResultsBrand&gt; Test PASSED</Message>
        </TextMessages>
      </Output>
      <ResultFiles>
        <ResultFile path="CMP01-INDIASQA.horizonhobby.com\CategoryListFilterResultsBrand_20180509225219.log" />
        <ResultFile path="CMP01-INDIASQA.horizonhobby.com\CategoryListFilterResultsBrand_ResultsONLY_20180509225219.log" />
        <ResultFile path="CMP01-INDIASQA.horizonhobby.com\CategoryListLevel3TestData_225219.xml" />
        <ResultFile path="CMP01-INDIASQA.horizonhobby.com\SharedCommonConfig.xml" />
      </ResultFiles>
    </UnitTestResult>
    <UnitTestResult executionId="08df587f-a3ab-4ab0-b5f8-7d3af9405b29" testId="c50a982c-6788-beb1-7650-4e2453c235f2" testName="CategoryListFilterResultsPrice" computerName="CMP01-INDIASQA" duration="00:02:25.5487951" startTime="2018-05-09T22:54:38.5418797-05:00" endTime="2018-05-09T22:57:04.1098797-05:00" testType="13cdc9d9-ddb5-4fa4-a97d-d965ccfc6d4b" outcome="Passed" testListId="8c84fa94-04c1-424b-9868-57a2d4851a1d" relativeResultsDirectory="08df587f-a3ab-4ab0-b5f8-7d3af9405b29">
      <Output>
        <StdOut>Logging to custom path:\\CMP01-YKumar\AutoLog</StdOut>
        <TextMessages>
          <Message>
            [5/9/2018 10:54:38 PM]&lt;STARTLOG&gt;&lt;CategoryListFilterResultsPrice&gt;Test Started: Expecting: #PASS=Undefined and #FAIL=0
            Running from MTM=True, running on machine name:CMP01-INDIASQA, user name=ykumar, OS=Microsoft Windows NT 6.1.7601 Service Pack 1, Is64BitOS=True
          </Message>
          <Message>[5/9/2018 10:54:39 PM]&lt;INFO&gt;LogCPUAndMemoryUsage: Available Memory = 24338(MB), CPU Usage = 7.069717%</Message>
          <Message>[5/9/2018 10:54:39 PM]&lt;INFO&gt;Private Working Set for QTAgent32_40, usage=446660 (K)</Message>
          <Message>[5/9/2018 10:54:39 PM]&lt;INFO&gt;Path To TestConfig xml=E:\LoadTestResult\VSEQT\QTAgent\26924\CMP01-INDIASQA.horizonhobby.com\Deployment\SharedCommonConfig.xml</Message>
          <Message>[5/9/2018 10:54:39 PM]&lt;INFO&gt;Path To TestData xml=E:\LoadTestResult\VSEQT\QTAgent\26924\CMP01-INDIASQA.horizonhobby.com\Deployment\CategoryListLevel3TestData_225438.xml</Message>
          <Message>[5/9/2018 10:54:39 PM]&lt;INFO&gt;Path To HorizonHobbyQA Application Url=https://www-tst.horizonhobby.com</Message>
          <Message>[5/9/2018 10:54:39 PM]&lt;INFO&gt;HorizonHobbyQA sql connection string=Server=cmp02-ws-tst-db01:50000;Database=TST01DB;UID=wcdbuser;PWD=h0r1z0n;Connect Timeout=30</Message>
          <Message>[5/9/2018 10:54:39 PM]&lt;INFO&gt;Country is := US and language id is := '-1'</Message>
          <Message>[5/9/2018 10:54:39 PM]&lt;INFO&gt;Current browser used for test execution is = 'IE'</Message>
          <Message>[5/9/2018 10:54:43 PM]&lt;INFO&gt;GetMenuItems : method executing ... - Nitro Cars and Trucks</Message>
          <Message>[5/9/2018 10:54:45 PM]&lt;Info&gt;AllBrowserWindow : Locating browser window...</Message>
          <Message>[5/9/2018 10:54:49 PM]&lt;INFO&gt;GetBreadCrumbList : method executing ...</Message>
          <Message>[5/9/2018 10:54:53 PM]&lt;INFO&gt;ClickPriceItem : method executing ...</Message>
          <Message>[5/9/2018 10:55:02 PM]&lt;PASS&gt;&lt;CategoryListFilterResultsPrice&gt;&lt;Validates the total result of selected Between $400 and $500 (8) item and result items count&gt;</Message>
          <Message>[5/9/2018 10:55:02 PM]&lt;INFO&gt;ProductPageSearchFilterResultsValidation : method executing ...</Message>
          <Message>[5/9/2018 10:55:02 PM]&lt;INFO&gt;GetSearchResultTableRowsexecuting ...</Message>
          <Message>[5/9/2018 10:55:07 PM]&lt;Info&gt;AllBrowserWindow : Locating browser window...</Message>
          <Message>[5/9/2018 10:55:39 PM]&lt;INFO&gt;GetBreadCrumbList : method executing ...</Message>
          <Message>[5/9/2018 10:55:40 PM]&lt;PASS&gt;&lt;CategoryListFilterResultsPrice&gt;&lt;Validates the product listed in search result lies in selected category&gt;</Message>
          <Message>[5/9/2018 10:55:40 PM]&lt;PASS&gt;&lt;CategoryListFilterResultsPrice&gt;&lt;Validates the product listed in search result lies in selected category&gt;</Message>
          <Message>[5/9/2018 10:55:40 PM]&lt;PASS&gt;&lt;CategoryListFilterResultsPrice&gt;&lt;Validates the product listed in search result lies in selected category&gt;</Message>
          <Message>[5/9/2018 10:55:40 PM]&lt;PASS&gt;&lt;CategoryListFilterResultsPrice&gt;&lt;Validates the product listed in search result lies in selected category&gt;</Message>
          <Message>[5/9/2018 10:55:40 PM]&lt;PASS&gt;&lt;CategoryListFilterResultsPrice&gt;&lt;Validates the product price $419.95 lies in the price range.Between $400 and $500 (8) .&gt;</Message>
          <Message>[5/9/2018 10:55:47 PM]&lt;Info&gt;AllBrowserWindow : Locating browser window...</Message>
          <Message>[5/9/2018 10:55:52 PM]&lt;INFO&gt;ClickPriceItem : method executing ...</Message>
          <Message>[5/9/2018 10:56:05 PM]&lt;INFO&gt;ClickBrandItem : method executing ... 'Traxxas'</Message>
          <Message>[5/9/2018 10:56:12 PM]&lt;PASS&gt;&lt;CategoryListFilterResultsPrice&gt;&lt;Validates the total result of selected Traxxas (8) item and result items count&gt;</Message>
          <Message>[5/9/2018 10:56:12 PM]&lt;INFO&gt;ProductPageSearchFilterResultsValidation : method executing ...</Message>
          <Message>[5/9/2018 10:56:12 PM]&lt;INFO&gt;GetSearchResultTableRowsexecuting ...</Message>
          <Message>[5/9/2018 10:56:16 PM]&lt;Info&gt;AllBrowserWindow : Locating browser window...</Message>
          <Message>[5/9/2018 10:56:49 PM]&lt;INFO&gt;GetBreadCrumbList : method executing ...</Message>
          <Message>[5/9/2018 10:56:51 PM]&lt;PASS&gt;&lt;CategoryListFilterResultsPrice&gt;&lt;Validates the product listed in search result lies in selected category&gt;</Message>
          <Message>[5/9/2018 10:56:51 PM]&lt;PASS&gt;&lt;CategoryListFilterResultsPrice&gt;&lt;Validates the product listed in search result lies in selected category&gt;</Message>
          <Message>[5/9/2018 10:56:51 PM]&lt;PASS&gt;&lt;CategoryListFilterResultsPrice&gt;&lt;Validates the product listed in search result lies in selected category&gt;</Message>
          <Message>[5/9/2018 10:56:51 PM]&lt;PASS&gt;&lt;CategoryListFilterResultsPrice&gt;&lt;Validates the product listed in search result lies in selected category&gt;</Message>
          <Message>[5/9/2018 10:56:51 PM]&lt;INFO&gt;GetProductBrandName : method executing ...</Message>
          <Message>[5/9/2018 10:56:52 PM]&lt;PASS&gt;&lt;CategoryListFilterResultsPrice&gt;&lt;Validates the search result list contains product for the filtered brand item only.&gt;</Message>
          <Message>[5/9/2018 10:56:52 PM]&lt;PASS&gt;&lt;CategoryListFilterResultsPrice&gt;&lt;Validates the product price $419.95 lies in the price range.Between $400 and $500 (8) .&gt;</Message>
          <Message>[5/9/2018 10:56:58 PM]&lt;Info&gt;AllBrowserWindow : Locating browser window...</Message>
          <Message>[5/9/2018 10:57:00 PM]&lt;PASS&gt;&lt;CategoryListFilterResultsPrice&gt;&lt;Validates the total result of selected 30 item and result items count&gt;</Message>
          <Message>[5/9/2018 10:57:00 PM]&lt;RESULT&gt;Test Ended:#PASS=14, #FAIL=0</Message>
          <Message>[5/9/2018 10:57:02 PM]&lt;INFO&gt;LogCPUAndMemoryUsage: Available Memory = 24130(MB), CPU Usage = 3.47439%</Message>
          <Message>[5/9/2018 10:57:02 PM]&lt;INFO&gt;Private Working Set for QTAgent32_40, usage=448420 (K)</Message>
          <Message>[5/9/2018 10:57:02 PM]&lt;RESULT&gt;&lt;CategoryListFilterResultsPrice&gt; Test PASSED</Message>
        </TextMessages>
      </Output>
      <ResultFiles>
        <ResultFile path="CMP01-INDIASQA.horizonhobby.com\CategoryListFilterResultsPrice_20180509225438.log" />
        <ResultFile path="CMP01-INDIASQA.horizonhobby.com\CategoryListFilterResultsPrice_ResultsONLY_20180509225438.log" />
        <ResultFile path="CMP01-INDIASQA.horizonhobby.com\CategoryListLevel3TestData_225438.xml" />
        <ResultFile path="CMP01-INDIASQA.horizonhobby.com\SharedCommonConfig.xml" />
      </ResultFiles>
    </UnitTestResult>
  </Results>
</TestRun>